Iteration	Posterior	Likelihood	Prior	tree_length
0	-0.4810262	-173.9549	173.4739	0.8437656
6	-7.823967	-181.2869	173.4629	0.8570927
12	-8.913268	-182.4104	173.4971	0.8145142
18	-6.908963	-180.3398	173.4309	0.894418
24	-8.768622	-182.1995	173.4309	0.894418
30	4.194942	-169.4282	173.6232	0.4184161
36	4.568074	-168.9666	173.5347	0.7631003
42	-13.34614	-186.5701	173.224	1.102402
48	1.400809	-172.1934	173.5942	0.6631778
54	-0.1447891	-173.739	173.5942	0.6631778
60	-1.955605	-175.5583	173.6027	0.6452473
66	-2.018444	-175.6365	173.618	0.4062998
72	-7.753333	-181.2012	173.4479	0.8748431
78	-5.809547	-179.2725	173.4629	0.8570656
84	-4.416085	-178.0539	173.6379	0.4883008
90	-1.846733	-175.4846	173.6379	0.4883008
96	-9.495436	-182.6014	173.106	1.206537
102	-17.61809	-190.9667	173.3487	0.9824702
108	-15.44983	-188.5072	173.0574	1.247538
114	-1.626547	-174.8978	173.2713	1.058343
120	-29.76762	-203.1491	173.3815	0.9484411
126	-18.1583	-190.9245	172.7662	1.47783
132	1.151307	-172.1221	173.2734	1.056312
138	-1.120048	-174.7339	173.6139	0.6183387
144	2.483522	-171.0371	173.5206	0.2950596
150	-4.308084	-177.5256	173.2175	1.108293
156	-2.384545	-175.7352	173.3506	0.980463
162	-20.05538	-193.2396	173.1843	1.138267
168	-17.93478	-191.3484	173.4137	0.9136692
174	-24.60116	-198.109	173.5078	0.8004097
180	-22.10895	-195.6168	173.5078	0.8004097
186	-17.73115	-191.2375	173.5064	0.802376
192	-9.438975	-182.9441	173.5052	0.8039549
198	-11.4266	-183.8626	172.436	1.718335
204	-11.01428	-184.5407	173.5264	0.7749244
210	-14.13897	-187.6202	173.4812	0.8347153
216	-1.904327	-175.4724	173.5681	0.7112284
222	-6.422285	-179.6902	173.2679	1.061561
228	-7.764293	-180.5798	172.8155	1.44033
234	-19.93088	-192.692	172.7611	1.481658
240	-21.37983	-194.8812	173.5013	0.8090027
246	-23.71143	-196.5984	172.887	1.384981
252	-20.34897	-193.6325	173.2835	1.046718
258	-21.93555	-195.2191	173.2835	1.046718
264	-14.22607	-187.7881	173.5621	0.7211363
270	-16.91144	-190.3796	173.4682	0.8507182
276	-10.09565	-183.1881	173.0925	1.217996
282	-11.54468	-184.711	173.1663	1.154214
288	-14.65219	-187.9971	173.3449	0.9862692
294	-10.10064	-183.1925	173.0919	1.218541
300	-6.441202	-180.0347	173.5935	0.6646914
306	-3.492357	-177.042	173.5496	0.7408294
312	-12.12922	-185.6508	173.5216	0.781756
318	-0.8943723	-174.3548	173.4604	0.8600736
324	-1.572038	-175.116	173.5439	0.7495227
330	2.673004	-170.8292	173.5022	0.807826
336	-4.888806	-178.3512	173.4624	0.8576356
342	6.605419	-166.8824	173.4878	0.8264133
348	-2.476445	-175.8745	173.3981	0.9306734
354	-3.967217	-177.4681	173.5009	0.8096142
360	3.358754	-170.02	173.3787	0.9513314
366	4.221869	-169.351	173.5728	0.703063
372	0.9376048	-172.077	173.0146	1.282921
378	0.1591226	-173.4635	173.6227	0.4171315
384	-3.519044	-176.3925	172.8735	1.395566
390	7.016449	-166.5901	173.6065	0.6364252
396	5.312814	-168.2262	173.539	0.7568047
402	4.760156	-168.4821	173.2423	1.085541
408	0.7649426	-172.8502	173.6152	0.6149241
414	2.615224	-171.0053	173.6205	0.599738
420	1.618972	-171.8243	173.4433	0.8802016
426	-4.876247	-178.383	173.5067	0.8018608
432	-9.328245	-182.7778	173.4495	0.8729196
438	-5.724148	-179.0312	173.307	1.023961
444	0.7817417	-172.8561	173.6378	0.4872671
450	-7.161406	-180.5435	173.3821	0.9477989
456	-7.466738	-180.914	173.4472	0.8755936
462	-6.530123	-179.9774	173.4472	0.8755936
468	-2.726804	-176.174	173.4472	0.8755936
474	-5.287031	-178.8065	173.5195	0.7845845
480	-0.6157529	-174.1353	173.5195	0.7845845
486	-5.146382	-178.5095	173.3631	0.9676181
492	-13.14644	-186.6565	173.5101	0.7973729
498	-10.15362	-183.5286	173.375	0.9552242
504	-13.03901	-186.3247	173.2857	1.044581
510	-7.468949	-180.9473	173.4783	0.8382826
516	-10.96752	-184.4458	173.4783	0.8382826
522	-9.926303	-183.5163	173.59	0.6716581
528	-9.385532	-182.9755	173.59	0.6716581
534	-2.421768	-175.8081	173.3864	0.9432474
540	-6.989887	-180.5074	173.5175	0.7872951
546	-7.347317	-180.4869	173.1396	1.177607
552	-0.5234684	-173.663	173.1396	1.177607
558	-5.689596	-179.0979	173.4084	0.9195045
564	-15.03069	-188.4602	173.4295	0.8959093
570	-5.467604	-178.7654	173.2978	1.032945
576	-5.307245	-178.5528	173.2455	1.082515
582	-8.631695	-182.149	173.5173	0.7876428
588	-21.04816	-194.1466	173.0984	1.212977
594	-13.14459	-186.3591	173.2145	1.110998
600	-15.57884	-188.6994	173.1205	1.194041
606	-13.03151	-186.6664	173.6349	0.5415536
612	-12.63708	-185.7536	173.1165	1.197527
618	-10.54187	-184.1645	173.6227	0.5931248
624	-24.01181	-197.5576	173.5458	0.7466688
630	-12.58848	-186.1343	173.5458	0.7466688
636	-14.15851	-187.6184	173.4599	0.8606476
642	-9.943437	-183.4034	173.4599	0.8606476
648	-15.71907	-189.1661	173.4471	0.8757949
654	-13.74975	-187.3847	173.635	0.5408901
660	-12.90623	-185.9347	173.0285	1.271477
666	-4.93958	-178.4539	173.5143	0.7917124
672	-6.082204	-179.6304	173.5482	0.7430884
678	-5.89847	-179.4585	173.5601	0.7244183
684	-7.436588	-180.9685	173.5319	0.7671719
690	-4.684269	-178.2162	173.5319	0.7671719
696	-10.6415	-184.2249	173.5834	0.6841508
702	-1.444762	-174.9741	173.5294	0.7707728
708	0.5316367	-172.9977	173.5294	0.7707728
714	1.999695	-171.5561	173.5558	0.7312072
720	-7.690251	-181.3282	173.6379	0.4903806
726	-8.033232	-181.6461	173.6128	0.621051
732	-6.933486	-180.1974	173.2639	1.065361
738	10.51502	-163	173.515	0.7907464
744	9.303556	-164.3131	173.6167	0.403486
750	5.340076	-168.2979	173.638	0.5086276
756	3.965058	-169.6595	173.6245	0.5871052
762	0.3576533	-173.2183	173.5759	0.697642
768	-4.095157	-177.4893	173.3941	0.9349602
774	-2.978959	-176.5541	173.5752	0.6990191
780	-4.71063	-178.0389	173.3283	1.003007
786	4.223414	-169.385	173.6084	0.6320361
792	9.278486	-164.3583	173.6368	0.4747812
798	1.887274	-171.7473	173.6346	0.5433483
804	2.53601	-170.8575	173.3935	0.9356296
810	-3.955502	-177.3236	173.3681	0.9624542
816	0.8838628	-172.6983	173.5821	0.686488
822	-3.86377	-177.4672	173.6034	0.643634
828	-5.825637	-179.429	173.6034	0.643634
834	-6.185732	-179.6355	173.4497	0.8726665
840	-0.2806244	-173.8984	173.6177	0.6079301
846	5.452515	-168.1742	173.6267	0.4281718
852	6.121989	-167.3563	173.4783	0.8383049
858	-0.653497	-174.1587	173.5052	0.8038456
864	-2.745002	-175.8186	173.0736	1.233939
870	-7.560217	-181.1469	173.5866	0.678079
876	-4.206697	-177.5298	173.3231	1.008156
882	1.760121	-171.8776	173.6377	0.4857451
888	7.158959	-166.4767	173.6356	0.4655385
894	-1.575429	-175.2116	173.6362	0.5320592
900	4.782596	-168.6724	173.455	0.8664954
906	0.7799069	-172.4573	173.2372	1.0902
912	3.946628	-169.3769	173.3235	1.007735
918	4.036446	-169.2871	173.3235	1.007735
924	-10.50995	-184.0608	173.5508	0.7389713
930	0.9492323	-172.6541	173.6033	0.6437706
936	-6.561078	-179.8773	173.3162	1.014976
942	-4.160743	-177.6103	173.4496	0.8728897
948	-13.81212	-187.2617	173.4496	0.8728897
954	-16.00401	-189.4132	173.4092	0.9185476
960	-16.54389	-190.0409	173.497	0.8146389
966	-6.419129	-179.8521	173.433	0.8920451
972	-12.94549	-185.9267	172.9812	1.310059
978	-18.45299	-191.4342	172.9812	1.310059
984	-19.89045	-192.4358	172.5453	1.640486
990	-19.21541	-192.815	173.5996	0.6519745
996	-11.99912	-185.3702	173.371	0.9593975
1002	-14.40388	-187.6289	173.2251	1.101412
1008	-16.16508	-189.4228	173.2577	1.071143
1014	-11.1496	-184.7766	173.627	0.5783649
1020	-29.10904	-202.3023	173.1932	1.130249
1026	-35.3455	-208.1487	172.8032	1.449723
1032	-15.6697	-188.9413	173.2717	1.05801
1038	-15.79439	-189.2378	173.4434	0.8800481
1044	-5.829417	-179.4673	173.6379	0.5106514
1050	-13.24108	-186.7757	173.5346	0.7633103
1056	-17.22037	-190.2338	173.0134	1.283848
1062	-9.938546	-183.0588	173.1202	1.194322
1068	-4.500249	-177.9629	173.4627	0.8573512
1074	-0.08938702	-173.6416	173.5522	0.7368521
1080	-2.667929	-176.1309	173.4629	0.8570383
1086	-10.72581	-184.1887	173.4629	0.8570383
1092	-4.556016	-178.1032	173.5471	0.7446514
1098	-5.96074	-179.4096	173.4488	0.8737619
1104	-5.57956	-178.6393	173.0597	1.245584
1110	-5.893936	-179.5026	173.6087	0.631287
1116	-5.607574	-178.9782	173.3706	0.9598287
1122	-2.458261	-176.0338	173.5755	0.6983819
1128	-3.372928	-176.9485	173.5755	0.6983819
1134	-0.01788564	-173.3348	173.3169	1.014254
1140	1.098052	-172.0225	173.1205	1.194072
1146	1.130687	-172.4293	173.56	0.7245442
1152	0.6580762	-172.9669	173.6249	0.5856768
1158	-1.979256	-175.5795	173.6002	0.6505899
1164	-8.018568	-181.5129	173.4943	0.8181265
1170	-9.179533	-182.6878	173.5082	0.7998924
1176	-9.679259	-182.9788	173.2995	1.031269
1182	-12.91259	-186.5407	173.6281	0.5740559
1188	-11.59914	-185.223	173.6239	0.5893193
1194	-5.328925	-178.4776	173.1486	1.169704
1200	-7.624859	-181.2593	173.6345	0.5439139
1206	-8.772931	-182.3844	173.6115	0.6245682
1212	-10.63438	-184.1127	173.4783	0.8383375
1218	-11.37203	-184.38	173.008	1.28829
1224	-15.6281	-189.2038	173.5757	0.6980688
1230	-11.84837	-184.965	173.1166	1.197388
1236	-15.03635	-188.4259	173.3896	0.9398262
1242	-0.7729135	-174.2286	173.4557	0.8656697
1248	-4.891931	-178.4815	173.5895	0.6724847
1254	-11.50204	-184.226	172.724	1.509545
1260	-7.66681	-180.38	172.7132	1.517618
1266	-8.639221	-182.0369	173.3977	0.9310989
1272	-7.407329	-180.95	173.5427	0.751317
1278	-1.293172	-174.6299	173.3367	0.9945652
1284	-12.24582	-185.2096	172.9638	1.324118
1290	-6.470476	-180.1077	173.6373	0.5212739
1296	-5.191625	-178.6671	173.4755	0.8417679
1302	-5.041318	-178.2657	173.2244	1.101989
1308	-0.9348478	-174.5692	173.6344	0.5447716
1314	-3.825401	-177.3487	173.5233	0.7793809
1320	0.1356042	-173.4348	173.5704	0.7072447
1326	-9.019414	-182.2827	173.2633	1.065914
1332	-21.31843	-194.3685	173.0501	1.253593
1338	-19.69112	-193.2239	173.5327	0.7659469
1344	-19.87275	-192.5767	172.7039	1.524504
1350	-11.81575	-184.9388	173.123	1.191909
1356	-4.207839	-177.5978	173.39	0.93939
1362	-16.93433	-190.5553	173.6209	0.5985371
1368	-7.611745	-181.0307	173.4189	0.9078458
1374	-10.53379	-183.5337	172.9999	1.294919
1380	-6.156736	-179.7323	173.5756	0.6982793
1386	-4.265951	-177.8667	173.6008	0.6494314
1392	-15.43661	-189.0583	173.6216	0.5963865
1398	-7.049734	-180.6783	173.6286	0.5722638
1404	-6.800019	-180.4286	173.6286	0.5722638
1410	-10.67031	-183.687	173.0167	1.28122
1416	-8.414281	-182.0271	173.6128	0.6211444
1422	-9.662375	-183.2396	173.5772	0.6953639
1428	-16.26019	-189.5052	173.245	1.083008
1434	-18.2941	-191.7699	173.4758	0.8413375
1440	-5.165915	-178.7889	173.623	0.5920749
1446	-9.489346	-183.1273	173.638	0.4911841
1452	-17.07598	-190.5784	173.5025	0.8074986
1458	-10.22298	-183.342	173.119	1.195332
1464	-10.72631	-184.1263	173.4	0.9286395
1470	-0.6987631	-173.7124	173.0137	1.283659
1476	0.2105721	-173.1112	173.3218	1.009451
1482	4.612991	-169.0236	173.6366	0.5285352
1488	0.2082159	-173.4257	173.6339	0.5473897
1494	-6.392096	-179.7541	173.362	0.9688073
1500	-10.97824	-183.973	172.9948	1.299054
1506	-12.30716	-185.7759	173.4687	0.8500521
1512	-7.541907	-180.8767	173.3348	0.996434
1518	-13.39965	-186.5361	173.1364	1.180314
1524	-11.73687	-185.1874	173.4505	0.8717309
1530	-12.88079	-186.4076	173.5268	0.7743681
1536	-13.13418	-186.2565	173.1223	1.192551
1542	-11.13909	-184.6967	173.5576	0.7282912
1548	-16.40023	-189.7121	173.3119	1.019231
1554	-14.65386	-187.096	172.4421	1.713994
1560	-15.93093	-189.4867	173.5558	0.7312381
1566	-11.71633	-185.2759	173.5595	0.725277
1572	-16.67263	-190.1181	173.4455	0.8776668
1578	-10.21112	-183.4634	173.2523	1.076214
1584	-13.72088	-186.9408	173.2199	1.106105
1590	-15.66845	-189.1308	173.4624	0.8577108
1596	-8.783837	-182.0998	173.3159	1.015231
1602	-19.21736	-192.3063	173.0889	1.221055
1608	-17.30237	-190.3513	173.0489	1.25461
1614	-18.38374	-191.7395	173.3558	0.9751644
1620	-10.46486	-184.022	173.5572	0.7290694
1626	-12.4732	-185.6762	173.203	1.121424
1632	-7.911149	-181.5258	173.6147	0.6162327
1638	2.415837	-171.2223	173.6381	0.4995391
1644	1.736566	-171.7607	173.4972	0.8143402
1650	-1.49902	-174.9381	173.4391	0.8849976
1656	-2.448707	-176.0847	173.636	0.5332036
1662	0.5894661	-172.9244	173.5138	0.2902885
1668	-2.948978	-176.5865	173.6375	0.4824558
1674	-1.234475	-174.8635	173.629	0.5705622
1680	-3.344471	-176.8031	173.4587	0.862144
1686	-9.658087	-183.2785	173.6204	0.6002458
1692	-7.689949	-181.3264	173.6364	0.471519
1698	-10.39095	-183.932	173.5411	0.7537451
1704	-1.832116	-175.2357	173.4036	0.924671
1710	-11.30321	-184.9398	173.6366	0.4728262
1716	-6.376235	-179.991	173.6147	0.6160782
1722	-6.503764	-179.9914	173.4876	0.8266134
1728	-3.557272	-177.1148	173.5575	0.728462
1734	-8.482361	-181.6455	173.1632	1.156942
1740	-3.343135	-176.8673	173.5242	0.778065
1746	3.276135	-170.1453	173.4214	0.9050273
1752	-1.581259	-175.1364	173.5552	0.7322269
1758	-19.97416	-193.3056	173.3314	0.9998427
1764	-14.4364	-187.9957	173.5592	0.725723
1770	-17.42685	-190.9109	173.4841	0.8311306
1776	-14.88712	-188.3983	173.5112	0.7959574
1782	-10.76288	-183.9128	173.1499	1.16857
1788	-5.05543	-178.322	173.2666	1.062814
1794	-3.819913	-176.8325	173.0126	1.284531
1800	-21.60579	-195.1187	173.5129	0.793626
1806	-25.23172	-198.4506	173.2189	1.10707
1812	-2.813127	-175.7268	172.9137	1.36403
1818	-1.8787	-175.358	173.4793	0.8370197
1824	-2.180682	-175.66	173.4793	0.8370197
1830	-5.35371	-178.8625	173.5088	0.799156
1836	-5.550541	-178.5938	173.0433	1.259277
1842	-0.6694529	-173.7127	173.0433	1.259277
1848	-6.052192	-179.6149	173.5627	0.7201022
1854	-15.65869	-188.9299	173.2712	1.058462
1860	-23.32969	-195.5735	172.2438	1.851818
1866	-27.51465	-199.9718	172.4571	1.703389
1872	-10.61035	-184.0992	173.4889	0.8250413
1878	-19.34718	-192.8361	173.4889	0.8250413
1884	-16.46994	-189.4678	172.9979	1.296572
1890	-15.10536	-188.6894	173.5841	0.6828923
1896	-13.25735	-186.756	173.4986	0.8124983
1902	-18.03704	-191.5196	173.4826	0.8329825
1908	-16.48726	-189.9559	173.4687	0.8500959
1914	-14.24107	-187.8583	173.6172	0.6092978
1920	-6.603182	-180.1237	173.5205	0.7832392
1926	-1.234547	-174.798	173.5635	0.7188338
1932	-4.273573	-177.8357	173.5622	0.7209839
1938	-1.744079	-175.2891	173.5451	0.7477921
1944	-4.21887	-177.6997	173.4809	0.8351121
1950	1.985714	-171.6017	173.5875	0.6765177
1956	-4.020366	-177.6078	173.5875	0.6765177
1962	-10.10073	-183.4845	173.3837	0.9460394
1968	-16.69178	-189.8066	173.1149	1.198926
1974	-5.061405	-178.6571	173.5957	0.6602042
1980	-5.143274	-178.2029	173.0596	1.245647
1986	-7.039108	-180.6306	173.5915	0.6687095
1992	-8.730053	-182.1337	173.4037	0.9245908
1998	8.846154	-164.7697	173.6159	0.4018074
2004	7.246205	-166.1771	173.4233	0.9029584
2010	0.8201364	-172.7496	173.5697	0.3371375
2016	7.539788	-165.8942	173.434	0.8908756
2022	4.971615	-168.3907	173.3623	0.9684534
2028	3.366974	-170.2651	173.6321	0.4471459
2034	2.320317	-171.3174	173.6377	0.5142791
2040	-10.19671	-183.7763	173.5796	0.3478573
2046	-7.155882	-180.3335	173.1777	1.144132
2052	-4.218717	-177.6008	173.3821	0.9477913
2058	-4.824197	-178.1951	173.3709	0.9595117
2064	-6.727703	-180.249	173.5213	0.2955871
2070	-5.925794	-179.5039	173.5782	0.6937304
2076	-3.762739	-177.3863	173.6235	0.5903368
2082	-5.531555	-178.9159	173.3844	0.9453764
2088	-1.307445	-174.9092	173.6018	0.6472653
2094	-7.159215	-180.7625	173.6033	0.6437835
2100	-8.957491	-182.1064	173.1489	1.169476
2106	-9.635545	-182.3098	172.6742	1.546528
2112	-2.181992	-175.6146	173.4326	0.8924908
2118	3.782091	-169.5446	173.3267	1.004604
2124	2.279253	-171.2769	173.5562	0.7306016
2130	3.20344	-170.3525	173.556	0.730962
2136	-0.2201317	-173.5813	173.3612	0.9696562
2142	-2.037783	-175.5531	173.5153	0.7903786
2148	-5.991849	-179.5604	173.5685	0.7104099
2154	-7.953671	-181.0419	173.0882	1.221603
2160	-9.380728	-182.7556	173.3749	0.9553865
2166	-0.646166	-174.0995	173.4533	0.8684588
2172	-6.951951	-180.5835	173.6315	0.5598249
2178	-6.031963	-179.6448	173.6128	0.621063
2184	-14.93978	-188.4601	173.5203	0.783499
2190	-17.1984	-190.4479	173.2495	1.078826
2196	-3.496642	-176.7461	173.2495	1.078826
2202	-11.21168	-184.4618	173.2501	1.078238
2208	-3.617822	-177.0939	173.4761	0.8410323
2214	-6.656062	-179.7068	173.0507	1.253095
2220	2.543519	-170.7283	173.2718	1.057832
2226	1.409192	-172.1389	173.5481	0.7432336
2232	-6.639682	-180.1797	173.54	0.7553912
2238	5.544775	-167.7174	173.2622	1.066927
2244	-8.223128	-181.6969	173.4738	0.8439008
2250	1.837131	-171.5947	173.4318	0.8933157
2256	-6.177481	-179.8153	173.6378	0.488084
2262	-3.540105	-177.1713	173.6312	0.5613036
2268	-4.227325	-177.8005	173.5732	0.7024895
2274	-1.260518	-174.4671	173.2065	1.118252
2280	-4.268433	-177.5713	173.3028	1.028056
2286	5.995575	-167.5793	173.5749	0.6994582
2292	-2.445541	-175.897	173.4515	0.8706409
2298	2.655459	-170.981	173.6364	0.4714609
2304	1.900654	-171.4432	173.3439	0.9873043
2310	0.9910786	-172.2793	173.2704	1.059217
2316	-0.142311	-173.553	173.4107	0.9169445
2322	-2.337042	-175.6461	173.309	1.022033
2328	2.040225	-171.4951	173.5353	0.7622376
2334	-2.561904	-175.6695	173.1076	1.205163
2340	2.490435	-170.5714	173.0618	1.243843
2346	-8.608495	-181.9574	173.3489	0.9821934
2352	-2.184304	-175.5177	173.3334	0.9978562
2358	-2.90313	-176.0816	173.1785	1.143426
2364	-6.782771	-179.9253	173.1425	1.175043
2370	-14.59724	-188.0932	173.4959	0.8160071
2376	-1.036425	-174.5235	173.4871	0.8272938
2382	-10.7396	-184.1597	173.4201	0.9065631
2388	-13.24297	-186.8738	173.6308	0.5629875
2394	-12.73194	-186.154	173.422	0.9043815
2400	-4.603092	-178.1142	173.5111	0.7960788
2406	-9.014544	-182.6392	173.6246	0.5867873
2412	-7.753036	-181.3888	173.6358	0.5350295
2418	-3.266877	-176.848	173.5811	0.688339
2424	-3.126729	-176.7621	173.6354	0.4636162
2430	-12.147	-185.7487	173.6017	0.6474704
2436	-17.79725	-190.866	173.0688	1.237989
2442	-9.698339	-183.3147	173.6163	0.6118221
2448	-7.458092	-180.9755	173.5174	0.787494
2454	-1.241108	-174.7946	173.5535	0.7348499
2460	-7.779457	-181.2618	173.4823	0.8333249
2466	-6.264874	-179.3342	173.0693	1.237541
2472	-13.14611	-186.641	173.4948	0.8174154
2478	-15.6843	-189.2434	173.5592	0.7258823
2484	-14.11265	-187.6077	173.4951	0.8171069
2490	0.01718333	-173.4817	173.4988	0.8122375
2496	0.7779512	-172.6252	173.4032	0.925182
2502	4.968604	-168.6345	173.6031	0.6442922
2508	-6.793844	-180.4033	173.6095	0.6294433
2514	-4.181955	-177.7914	173.6095	0.6294433
2520	-1.003644	-174.5817	173.578	0.693985
2526	-3.603826	-177.1496	173.5457	0.7467766
2532	-6.928024	-180.5318	173.6038	0.6427038
2538	-7.075006	-180.1474	173.0724	1.234989
2544	-1.249566	-174.7699	173.5203	0.7834482
2550	1.529577	-171.6869	173.2165	1.109261
2556	-4.18634	-177.2359	173.0496	1.254028
2562	-1.303757	-174.7656	173.4618	0.2587251
2568	-0.7953358	-174.3251	173.5297	0.7702728
2574	-5.020293	-178.3637	173.3434	0.9878235
2580	-2.863987	-176.4779	173.6139	0.3979393
2586	-2.159709	-175.639	173.4793	0.8371091
2592	-7.988578	-181.3165	173.3279	1.003331
2598	0.8117578	-172.791	173.6028	0.6449699
2604	-4.259737	-177.6189	173.3592	0.9716856
2610	1.475234	-172.1438	173.6191	0.6040788
2616	-8.415642	-182.0347	173.6191	0.6040788
2622	3.234708	-170.3828	173.6175	0.6085489
2628	-1.082964	-174.4371	173.3542	0.9768388
2634	-7.85968	-181.3359	173.4763	0.8408233
2640	-13.81889	-187.3879	173.569	0.7097103
2646	4.496353	-168.9852	173.4815	0.8343064
2652	5.142519	-168.339	173.4815	0.8343064
2658	8.063785	-165.5743	173.6381	0.504675
2664	7.961562	-165.6593	173.6209	0.5986284
2670	1.618729	-171.8588	173.4775	0.8392494
2676	-1.595403	-175.0729	173.4775	0.8392494
2682	-4.312014	-177.5466	173.2346	1.092684
2688	-12.71634	-186.2972	173.5808	0.6889105
2694	-10.73819	-184.2089	173.4707	0.8476084
2700	-5.457964	-178.5435	173.0855	1.223932
2706	-6.355401	-179.7376	173.3822	0.9476887
2712	-11.42365	-185.0257	173.602	0.6466139
2718	-12.69174	-186.2669	173.5752	0.6990465
2724	-17.30294	-190.9031	173.6002	0.6507148
2730	-10.43872	-183.8088	173.3701	0.9603573
2736	-16.21006	-189.5959	173.3858	0.9438206
2742	-5.175681	-178.6929	173.5172	0.7877493
2748	-1.599384	-175.0111	173.4118	0.9157595
2754	-1.649354	-175.2846	173.6352	0.4626906
2760	-1.273663	-174.8842	173.6106	0.6268038
2766	-4.22047	-177.8552	173.6347	0.5423286
2772	-2.685516	-176.3081	173.6226	0.5935278
2778	-13.32404	-186.8471	173.5231	0.7796017
2784	-7.587536	-180.9947	173.4072	0.9207909
2790	-7.567919	-181.0544	173.4865	0.8281004
2796	-10.41286	-183.8368	173.424	0.9022051
2802	-5.71153	-179.1987	173.4871	0.8272362
2808	-14.52718	-187.561	173.0339	1.267065
2814	-14.80846	-188.3856	173.5771	0.6955899
2820	-13.53207	-187.1092	173.5771	0.6955899
2826	-18.73072	-191.8026	173.0719	1.235368
2832	-8.271922	-181.3083	173.0364	1.264996
2838	-11.00613	-184.5413	173.5352	0.7624479
2844	-8.549129	-182.1355	173.5864	0.6784899
2850	-9.288451	-182.8449	173.5565	0.7301363
2856	-9.176954	-182.6998	173.5228	0.7800216
2862	-14.56546	-187.6583	173.0928	1.217734
2868	-2.430148	-175.939	173.5089	0.7990503
2874	1.428241	-172.2059	173.6341	0.5460435
2880	-8.450836	-181.8937	173.4429	0.880622
2886	-6.510099	-180.1014	173.5913	0.6689845
2892	-4.109483	-177.4762	173.3667	0.9639311
2898	-4.398996	-178.0139	173.6149	0.6156121
2904	-18.6714	-191.888	173.2166	1.109101
2910	0.5737976	-173.0444	173.6182	0.6065516
2916	-1.632056	-174.6974	173.0653	1.240917
2922	-4.083242	-177.5341	173.4509	0.8713566
2928	-0.5307986	-174.1579	173.6271	0.5778513
2934	-3.706192	-177.3292	173.623	0.5922353
2940	-3.333518	-176.9641	173.6306	0.5638016
2946	-3.121717	-176.6085	173.4868	0.8277048
2952	3.110139	-170.5272	173.6373	0.5207441
2958	-3.417924	-176.9895	173.5716	0.7052654
2964	-6.38678	-179.9922	173.6055	0.6389367
2970	-3.343096	-176.9341	173.591	0.6695807
2976	7.251206	-166.3302	173.5815	0.6877474
2982	-1.989331	-175.4419	173.4526	0.8693496
2988	-16.20167	-189.7908	173.5891	0.67325
2994	-15.17722	-188.576	173.3988	0.9299192
3000	-23.51997	-196.9188	173.3988	0.9299192
3006	-19.94052	-193.3114	173.3709	0.9595464
3012	-17.19743	-190.4621	173.2646	1.064656
3018	-13.37942	-186.644	173.2646	1.064656
3024	-14.47887	-187.7988	173.3199	1.011329
3030	-9.533838	-182.8537	173.3199	1.011329
3036	-12.3485	-185.9842	173.6357	0.4657942
3042	-8.812726	-181.7036	172.8908	1.381988
3048	-9.619732	-183.0938	173.4741	0.843521
3054	-13.30149	-186.7084	173.407	0.9210383
3060	-15.99677	-189.0383	173.0415	1.260715
3066	-7.530619	-180.5722	173.0415	1.260715
3072	-8.274799	-181.8799	173.6051	0.6398676
3078	-14.3432	-187.4906	173.1474	1.170757
3084	-14.36555	-187.6864	173.3209	1.010347
3090	-28.15772	-201.2929	173.1352	1.181417
3096	-20.68504	-193.5635	172.8785	1.391655
3102	-17.55614	-190.4986	172.9425	1.341187
3108	-1.935373	-175.3739	173.4386	0.8856408
3114	1.569195	-171.9674	173.5365	0.7604362
3120	3.239587	-170.297	173.5365	0.7604362
3126	-3.374336	-176.9109	173.5365	0.7604362
3132	2.516823	-171.1122	173.6291	0.5704427
3138	-1.160127	-174.7083	173.5481	0.7431496
3144	-4.672331	-178.2961	173.6238	0.5895939
3150	-6.077652	-179.58	173.5023	0.8076719
3156	-9.843838	-183.4036	173.5598	0.7248448
3162	-9.129047	-182.3992	173.2702	1.059396
3168	-6.409882	-179.9348	173.5249	0.7770987
3174	-11.22775	-184.7869	173.5591	0.3266629
3180	-14.15157	-187.6762	173.5246	0.2980098
3186	-15.73945	-189.3239	173.5844	0.6822073
3192	-16.8928	-190.2088	173.316	1.015146
3198	-12.21044	-185.5282	173.3178	1.01341
3204	-8.028243	-181.5396	173.5114	0.7956815
3210	-4.834897	-178.3154	173.4805	0.8356001
3216	1.426977	-172.0577	173.4847	0.8303071
3222	-3.602825	-177.1386	173.5358	0.7615093
3228	-8.123331	-181.4368	173.3135	1.017628
3234	-8.621744	-182.2597	173.638	0.4916702
3240	-6.625408	-180.2106	173.5852	0.6808819
3246	-1.824264	-175.3692	173.545	0.3140283
3252	-0.7382653	-174.3709	173.6326	0.5544487
3258	-1.947295	-175.4261	173.4788	0.8376759
3264	0.1562212	-173.3311	173.4873	0.8270109
3270	-8.665649	-181.9122	173.2466	1.081571
3276	-13.07004	-186.2424	173.1724	1.148794
3282	-7.581512	-181.2171	173.6355	0.5368638
3288	-7.480607	-180.8362	173.3556	0.9753479
3294	-22.68439	-196.3182	173.6338	0.5480434
3300	-7.969095	-181.2441	173.275	1.054821
3306	-14.92754	-188.5255	173.598	0.6554231
3312	-10.99274	-184.4254	173.4326	0.8923938
3318	-10.52678	-184.0383	173.5115	0.7954921
3324	-2.344051	-175.948	173.604	0.6423657
3330	-2.051087	-175.5061	173.455	0.8664753
3336	-5.50826	-178.5636	173.0553	1.249276
3342	4.8195	-168.7904	173.6099	0.6283629
3348	-4.048555	-177.6325	173.5839	0.6831716
3354	3.851192	-169.7785	173.6297	0.5677534
3360	2.310707	-171.3128	173.6235	0.5904771
3366	1.545892	-172.0776	173.6235	0.5904771
3372	-5.876627	-179.4951	173.6185	0.6058618
3378	-6.091514	-179.4892	173.3977	0.9311003
3384	-18.55474	-191.8613	173.3066	1.024381
3390	-7.683827	-181.1696	173.4857	0.8290305
3396	-0.9907392	-174.624	173.6332	0.4520759
3402	5.358479	-168.0926	173.4511	0.8711386
3408	0.8492933	-172.7847	173.6339	0.5471529
3414	4.298681	-169.3103	173.609	0.6306027
3420	-2.430503	-175.0601	172.6296	1.579338
3426	-2.095314	-174.9415	172.8462	1.4167
3432	3.083838	-170.4516	173.5354	0.7621197
3438	2.831126	-170.7451	173.5762	0.6971219
3444	-3.089068	-176.6097	173.5206	0.7830439
3450	4.687896	-168.8327	173.5206	0.7830439
3456	7.934332	-165.6612	173.5955	0.6605588
3462	9.467326	-164.149	173.6163	0.4027213
3468	-15.18702	-188.5791	173.3921	0.9371236
3474	-12.14359	-185.7809	173.6374	0.5200727
3480	-10.35578	-183.8535	173.4978	0.813634
3486	-13.20787	-186.4287	173.2208	1.105282
3492	-5.021922	-178.3692	173.3473	0.9838358
3498	-4.834153	-178.1815	173.3473	0.9838358
3504	-7.746887	-181.1855	173.4386	0.8856171
3510	-7.14993	-180.3521	173.2021	1.122238
3516	0.5500095	-172.9471	173.4971	0.8144758
3522	3.455943	-169.8211	173.277	1.052889
3528	1.981066	-171.3718	173.3529	0.9781765
3534	-3.229283	-176.7668	173.5375	0.7590735
3540	5.168932	-168.4618	173.6307	0.5633031
3546	6.562571	-166.9657	173.5283	0.7723634
3552	-1.239243	-174.6304	173.3912	0.9381129
3558	1.503211	-172.1036	173.6068	0.6358471
3564	-3.870698	-177.1402	173.2695	1.060078
3570	0.668401	-172.9679	173.6363	0.5311653
3576	-3.937628	-177.3778	173.4402	0.883741
3582	-5.604382	-179.0401	173.4357	0.8888821
3588	-2.044413	-175.5631	173.5187	0.7857433
3594	-2.270223	-175.672	173.4017	0.9267186
3600	-3.959919	-177.4235	173.4636	0.8562616
3606	-3.638117	-176.8054	173.1673	1.153339
3612	-2.685929	-176.1388	173.4529	0.8689608
3618	-3.17881	-176.7887	173.6099	0.6285268
3624	7.917687	-165.3191	173.2368	1.090615
3630	6.159482	-167.0773	173.2368	1.090615
3636	-0.4155215	-174.0475	173.632	0.5573204
3642	4.666101	-168.8803	173.5464	0.7457608
3648	0.5684544	-172.5065	173.0749	1.232848
3654	-4.927206	-178.2836	173.3564	0.9746024
3660	0.5083354	-173.1281	173.6365	0.5293846
3666	-6.244506	-179.5757	173.3312	1.000093
3672	1.461748	-172.077	173.5387	0.7572077
3678	-3.120276	-176.3641	173.2438	1.084129
3684	2.979101	-170.4116	173.3907	0.9386407
3690	-4.02417	-177.6019	173.5778	0.6944222
3696	-9.451233	-183.0788	173.6275	0.5763498
3702	-18.46844	-192.0883	173.6198	0.4103283
3708	-19.83775	-192.5005	172.6628	1.554986
3714	-30.23691	-203.1396	172.9027	1.372692
3720	-9.883716	-183.5195	173.6358	0.4664244
3726	-20.578	-193.9366	173.3586	0.97226
3732	-12.98423	-186.3678	173.3836	0.9462028
3738	-9.250697	-182.6594	173.4087	0.9191212
3744	-26.60997	-199.6813	173.0713	1.235853
3750	-16.50372	-190.0796	173.5759	0.6977856
3756	-11.04961	-184.6863	173.6366	0.5277522
3762	-3.328923	-176.645	173.3161	1.015074
3768	3.909699	-169.661	173.5707	0.7068155
3774	-3.637603	-177.2417	173.6041	0.641952
3780	-0.8665877	-174.209	173.3424	0.9887786
3786	-4.136363	-177.6824	173.546	0.7463895
3792	-7.977541	-181.5518	173.5743	0.7005796
3798	-1.594711	-175.169	173.5743	0.7005796
3804	-10.30971	-183.8774	173.5677	0.7118691
3810	-3.343208	-176.9518	173.6086	0.6316008
3816	5.722001	-167.8866	173.6086	0.6316008
3822	1.282426	-172.2921	173.5745	0.7001618
3828	5.609654	-168.0253	173.635	0.5406471
3834	4.476309	-168.9747	173.451	0.8711967
3840	4.177499	-169.0462	173.2237	1.102621
3846	7.120727	-166.4848	173.6055	0.6388616
3852	6.13322	-167.2452	173.3784	0.951703
3858	-3.078136	-176.4771	173.399	0.929716
3864	-3.728611	-177.2388	173.5102	0.7972325
3870	-4.18257	-177.8188	173.6363	0.5312195
3876	-6.416403	-180.0336	173.6172	0.6094897
3882	-7.39487	-180.8966	173.5018	0.8084211
3888	-0.09865365	-173.7312	173.6326	0.5546722
3894	-10.36935	-184.002	173.6327	0.5541462
3900	-9.382192	-182.8714	173.4892	0.8246374
3906	-14.98138	-187.9842	173.0028	1.292576
3912	-8.101156	-181.461	173.3598	0.971058
3918	-3.756701	-177.1093	173.3526	0.9783987
3924	-4.71692	-177.9828	173.2659	1.063475
3930	-2.789056	-176.4168	173.6278	0.5754731
3936	-1.05575	-174.6155	173.5598	0.7249176
3942	-6.654418	-180.1698	173.5154	0.7902496
3948	-5.958004	-179.329	173.371	0.9594597
3954	-10.94262	-184.4062	173.4636	0.8562633
3960	-4.827122	-178.3126	173.4855	0.8293577
3966	-0.4050302	-173.7865	173.3814	0.9484806
3972	-13.18247	-186.2877	173.1052	1.207168
3978	2.582602	-170.7298	173.3124	1.018682
3984	-9.321831	-182.7059	173.3841	0.9456712
3990	-9.713472	-183.0685	173.355	0.9759976
3996	-1.248238	-174.8426	173.5944	0.6628625
4002	-5.159348	-178.7166	173.5572	0.7289441
4008	0.7021152	-172.7494	173.4515	0.8706006
4014	0.5829685	-172.8532	173.4361	0.8884323
4020	2.900553	-170.4511	173.3516	0.9794568
4026	3.14682	-170.419	173.5658	0.7150602
4032	6.706931	-166.9259	173.6328	0.5532598
4038	6.598994	-167.0338	173.6328	0.5532598
4044	-4.006827	-177.5704	173.5636	0.7186461
4050	-5.114531	-178.3668	173.2523	1.076236
4056	-6.484792	-179.7844	173.2996	1.031204
4062	-9.546895	-183.0461	173.4992	0.8117302
4068	0.7662284	-172.733	173.4992	0.8117302
4074	-9.594112	-183.2242	173.6301	0.4391439
4080	-0.07900781	-173.6719	173.5929	0.3643127
4086	3.912481	-169.437	173.3495	0.9816472
4092	-1.196271	-174.8193	173.623	0.5919677
4098	-2.803894	-176.4348	173.6309	0.4423137
4104	-2.676583	-175.9249	173.2483	1.079973
4110	-10.91133	-184.1155	173.2042	1.12041
4116	-7.382392	-181.001	173.6186	0.4074958
4122	-12.66737	-185.818	173.1507	1.167916
4128	-9.097559	-182.508	173.4104	0.9172193
4134	-3.319974	-176.7022	173.3822	0.9476294
4140	1.142661	-172.4122	173.5548	0.7327534
4146	-6.947291	-180.3868	173.4395	0.8845551
4152	-5.585138	-178.3828	172.7977	1.45392
4158	-4.532363	-177.9041	173.3718	0.9586232
4164	-2.909482	-176.3975	173.488	0.8261363
4170	0.5116656	-173.0832	173.5949	0.6618443
4176	-1.335457	-174.8755	173.54	0.7553125
4182	-2.347401	-175.7664	173.419	0.9077826
4188	-5.154249	-178.5732	173.419	0.9077826
4194	-22.55423	-195.3742	172.8199	1.436926
4200	-14.63276	-188.0407	173.408	0.9199158
4206	-15.94141	-188.9688	173.0274	1.272404
4212	-18.38561	-191.413	173.0274	1.272404
4218	-2.525671	-176.1496	173.6239	0.5890408
4224	-4.030809	-177.665	173.6342	0.4568046
4230	-7.609117	-180.9746	173.3655	0.9651594
4236	2.055399	-171.2872	173.3426	0.9886022
4242	1.519696	-172.1083	173.628	0.4321381
4248	1.374171	-172.1555	173.5296	0.7704087
4254	-3.838191	-176.9989	173.1607	1.159146
4260	-6.718464	-179.9407	173.2223	1.103972
4266	-4.622506	-178.14	173.5175	0.7874085
4272	-19.63448	-192.8455	173.211	1.114173
4278	-12.07758	-185.2886	173.211	1.114173
4284	-9.103796	-182.7405	173.6368	0.4741535
4290	-0.1468917	-173.4292	173.2823	1.047835
4296	1.501558	-171.9896	173.4911	0.8221596
4302	-1.644402	-175.0445	173.4001	0.9284517
4308	-10.62935	-184.1749	173.5455	0.7471256
4314	-7.615049	-180.8635	173.2485	1.079776
4320	-12.86483	-186.3234	173.4586	0.8622234
4326	-12.70732	-186.2836	173.5762	0.6971362
4332	-9.222448	-182.5561	173.3337	0.9975845
4338	-7.295624	-180.6418	173.3462	0.9849651
4344	3.044326	-170.587	173.6313	0.4438063
4350	-4.812675	-178.2471	173.4344	0.8903825
4356	-6.665776	-180.1731	173.5074	0.8010508
4362	-11.65757	-185.2625	173.6049	0.6401564
4368	-6.282913	-179.9126	173.6297	0.5679019
4374	-3.58682	-177.0783	173.4915	0.8216853
4380	-0.1993489	-173.776	173.5766	0.6964365
4386	-2.183226	-175.7599	173.5766	0.6964365
4392	-1.178388	-174.7407	173.5623	0.7208313
4398	-3.011431	-176.3293	173.3179	1.013284
4404	-4.475482	-177.9093	173.4338	0.8910411
4410	-4.867914	-178.3266	173.4586	0.862162
4416	-6.429891	-179.7963	173.3664	0.9642695
4422	-10.94069	-184.4314	173.4907	0.8227023
4428	-7.877655	-181.469	173.5914	0.6688743
4434	-7.327059	-180.4215	173.0944	1.216374
4440	3.175655	-170.3925	173.5681	0.7111276
4446	6.141517	-167.2748	173.4163	0.9107415
4452	-5.577507	-179.1076	173.5301	0.7697734
4458	-5.762747	-179.373	173.6103	0.6275343
4464	-3.777493	-177.3969	173.6194	0.6030317
4470	-0.3243531	-173.8488	173.5244	0.7777438
4476	-1.306704	-174.8023	173.4956	0.8164278
4482	-9.393784	-182.938	173.5442	0.7490418
4488	-7.420618	-181.0535	173.6329	0.4503591
4494	0.8209194	-172.3224	173.1433	1.174356
4500	-1.348117	-174.9852	173.6371	0.5230024
4506	0.9400304	-172.4647	173.4047	0.9234756
4512	5.029456	-168.6001	173.6295	0.5685208
4518	-1.072504	-174.6828	173.6103	0.6275436
4524	-1.376232	-175.0123	173.636	0.5332259
4530	-5.804147	-178.9978	173.1936	1.129872
4536	0.8172808	-172.7155	173.5328	0.7658973
4542	-0.7299348	-174.1657	173.4358	0.8888561
4548	-8.326073	-181.5457	173.2196	1.10635
4554	0.1379956	-173.4908	173.6288	0.5713115
4560	1.647389	-171.7723	173.4197	0.9070156
4566	-2.781237	-176.4178	173.6365	0.5287119
4572	-3.050204	-176.6878	173.6376	0.484302
4578	-7.225434	-180.824	173.5986	0.6541583
4584	-0.2060349	-173.7422	173.5362	0.7609832
4590	-2.454388	-175.96	173.5056	0.8033476
4596	1.261845	-172.2906	173.5524	0.7365395
4602	-5.460495	-179.0853	173.6248	0.5862577
4608	-5.407	-179.0097	173.6027	0.3784684
4614	-3.684656	-177.2865	173.6019	0.6470428
4620	-3.537516	-177.0627	173.5252	0.7767159
4626	-6.48211	-180.0545	173.5724	0.7038302
4632	-9.711687	-183.2074	173.4957	0.8162984
4638	-20.8215	-193.8548	173.0333	1.267564
4644	-15.40427	-188.7093	173.305	1.025918
4650	-19.28665	-192.5917	173.305	1.025918
4656	-4.49935	-178.1303	173.6309	0.5623952
4662	-6.811897	-179.7293	172.9174	1.361079
4668	-8.100047	-181.5701	173.4701	0.8484149
4674	-12.99063	-186.4607	173.4701	0.8484149
4680	-6.352723	-179.8352	173.4825	0.833115
4686	-18.55677	-192.1068	173.55	0.7402979
4692	-8.401609	-181.4776	173.076	1.231962
4698	-7.949564	-181.5869	173.6374	0.4805161
4704	-7.402569	-181.0249	173.6223	0.4161755
4710	-3.339142	-176.846	173.5069	0.801711
4716	3.404275	-170.2028	173.6071	0.635176
4722	0.07516074	-173.5221	173.5972	0.657
4728	1.017353	-172.5799	173.5972	0.657
4734	2.340323	-171.2569	173.5972	0.657
4740	-12.93292	-186.0733	173.1404	1.176913
4746	-12.18875	-185.4645	173.2758	1.054093
4752	-3.526833	-176.4089	172.8821	1.388827
4758	-1.69922	-175.2057	173.5065	0.8021578
4764	-0.992843	-174.4994	173.5065	0.8021578
4770	0.8835265	-172.275	173.1585	1.161016
4776	2.882226	-170.6051	173.4873	0.8270677
4782	-6.919541	-180.3894	173.4698	0.8487102
4788	-3.562955	-177.0575	173.4945	0.8177957
4794	3.485327	-170.0977	173.583	0.6848781
4800	-0.3921251	-174.0215	173.6294	0.5691016
4806	-7.944607	-181.3459	173.4013	0.9272429
4812	-6.981061	-180.3823	173.4013	0.9272429
4818	0.9690177	-172.5979	173.5669	0.7132051
4824	-2.024631	-175.6305	173.6059	0.6379843
4830	4.378749	-169.2271	173.6059	0.6379843
4836	-0.6609055	-174.262	173.6011	0.3759743
4842	-0.6271593	-174.2424	173.6152	0.400411
4848	5.061932	-168.5538	173.6158	0.613303
4854	-1.185013	-174.4555	173.2705	1.059121
4860	1.191759	-172.2655	173.4572	0.8638476
4866	0.9560121	-172.3599	173.3159	1.01522
4872	-2.078507	-175.5893	173.5108	0.7964191
4878	-7.201458	-180.5792	173.3778	0.9523345
4884	6.492054	-167.1261	173.6182	0.6066254
4890	-0.1491999	-173.6099	173.4607	0.8597487
4896	-1.189634	-174.7138	173.5242	0.7781426
4902	0.2999071	-172.9723	173.2722	1.057502
4908	-6.27076	-179.6885	173.4178	0.909095
4914	-23.06863	-196.4922	173.4235	0.9026653
4920	-16.49946	-189.3516	172.8521	1.412122
4926	-21.38305	-194.2352	172.8521	1.412122
4932	-29.34513	-202.051	172.7059	1.523074
4938	-14.71318	-187.3667	172.6535	1.561812
4944	-1.958165	-175.4999	173.5418	0.7527278
4950	-6.60401	-180.1458	173.5418	0.7527278
4956	-12.30396	-185.7002	173.3962	0.9326959
4962	-10.41815	-183.8144	173.3962	0.9326959
4968	-8.420854	-181.8171	173.3962	0.9326959
4974	-3.19336	-176.4935	173.3002	1.030669
4980	-20.68528	-194.1823	173.497	0.8146042
4986	-9.57998	-183.2121	173.6321	0.4472615
4992	-5.658201	-179.2855	173.6273	0.4299324
4998	-8.898041	-182.4794	173.5814	0.6878311
5004	-9.745441	-183.0729	173.3275	1.003807
5010	-0.5037417	-174.0069	173.5031	0.8066429
5016	-9.169126	-182.7162	173.5471	0.7447063
5022	-15.02043	-188.406	173.3856	0.9440984
5028	-13.41124	-186.3614	172.9502	1.335025
5034	-3.810902	-177.2497	173.4388	0.8853346
5040	-0.6689352	-173.6922	173.0233	1.275797
5046	-2.037091	-175.6747	173.6376	0.5163569
5052	5.714203	-167.8385	173.5527	0.3207727
5058	7.310703	-166.3146	173.6253	0.5843714
5064	2.067059	-171.4669	173.5339	0.7642224
5070	0.7576785	-172.8235	173.5812	0.6882196
5076	1.458209	-172.0824	173.5406	0.7545276
5082	-2.860525	-176.1904	173.3298	1.001443
5088	-1.637416	-175.1315	173.4941	0.8184091
5094	-6.919026	-180.5066	173.5876	0.6762296
5100	-5.966355	-179.6016	173.6353	0.5386897
5106	-2.002602	-175.6401	173.6375	0.4818423
5112	-5.403213	-178.4783	173.0751	1.23272
5118	0.003163136	-173.6315	173.6346	0.5430327
5124	-7.877047	-181.5108	173.6337	0.5483182
5130	-4.935447	-178.2192	173.2838	1.046444
5136	-3.487271	-176.9237	173.4364	0.8880901
5142	-6.319379	-179.9247	173.6053	0.6393289
5148	-0.6703998	-173.9756	173.3052	1.025781
5154	-0.849761	-174.2078	173.3581	0.9728368
5160	-7.80794	-181.1658	173.3578	0.9730733
5166	-16.47839	-190.0331	173.5547	0.7329936
5172	-3.657161	-177.2118	173.5547	0.7329936
5178	-2.378478	-176.0161	173.6376	0.5157472
5184	1.493242	-172.0483	173.5415	0.7531328
5190	5.983705	-167.5071	173.4908	0.8225987
5196	-1.143804	-174.5956	173.4518	0.8703167
5202	-3.24926	-176.8449	173.5956	0.6602481
5208	-7.600615	-181.1963	173.5956	0.6602481
5214	-10.37082	-183.5657	173.1949	1.128781
5220	-6.712848	-180.3249	173.6121	0.6230221
5226	-7.929743	-181.5672	173.6375	0.5184303
5232	-8.783865	-182.2325	173.4487	0.873936
5238	1.376222	-172.0724	173.4487	0.873936
5244	-2.079323	-175.5121	173.4327	0.8922774
5250	-1.061591	-174.4004	173.3388	0.9924209
5256	1.294654	-172.3286	173.6233	0.5912706
5262	-7.936055	-181.355	173.419	0.9077929
5268	-1.940699	-175.3597	173.419	0.9077929
5274	-0.8106256	-173.9301	173.1195	1.194923
5280	5.210337	-168.4158	173.6261	0.4263899
5286	0.1857055	-173.4164	173.6021	0.6464242
5292	4.564676	-169.0375	173.6021	0.6464242
5298	1.456072	-172.1697	173.6258	0.4255436
5304	2.531784	-170.9385	173.4703	0.8481482
5310	3.670217	-169.7347	173.4049	0.9233135
5316	-8.601299	-182.2291	173.6278	0.4315159
5322	1.843918	-171.7941	173.638	0.4925577
5328	6.045895	-167.523	173.5689	0.7098072
5334	2.394448	-171.2418	173.6362	0.5314021
5340	-19.62262	-192.3472	172.7246	1.509105
5346	-20.61521	-193.5221	172.9069	1.369396
5352	-10.09681	-183.44	173.3432	0.9879792
5358	-18.82539	-192.1594	173.334	0.9972669
5364	-9.226073	-182.5565	173.3305	1.000816
5370	-14.92504	-187.9013	172.9763	1.31405
5376	-9.198303	-182.1746	172.9763	1.31405
5382	5.501278	-168.1208	173.6221	0.5949027
5388	-12.83404	-186.4538	173.6198	0.6019902
5394	-16.20838	-189.7252	173.5169	0.7882165
5400	-10.6158	-184.0027	173.3869	0.9426887
5406	-8.020305	-181.5724	173.5521	0.7370213
5412	-1.044641	-174.258	173.2134	1.112052
5418	4.290596	-169.1832	173.4738	0.8438266
5424	5.620619	-168.0046	173.6252	0.4238892
5430	8.498564	-165.1346	173.6331	0.4516331
5436	6.445122	-167.1571	173.6022	0.6462592
5442	-1.950861	-175.4759	173.5251	0.7768678
5448	-4.44166	-177.6933	173.2516	1.07685
5454	-6.311158	-179.7447	173.4335	0.8913816
5460	-6.941639	-180.5784	173.6368	0.5264589
5466	-4.049263	-177.6743	173.625	0.5854416
5472	-8.405973	-182.031	173.625	0.5854416
5478	-10.86743	-184.2378	173.3704	0.9600408
5484	-15.11946	-188.5525	173.433	0.8919624
5490	-18.48169	-191.2834	172.8017	1.450893
5496	-16.67171	-189.7603	173.0886	1.221287
5502	-14.99365	-188.4351	173.4414	0.882334
5508	-7.002775	-180.3313	173.3285	1.00275
5514	-9.085832	-182.6836	173.5977	0.655885
5520	-8.021653	-181.5961	173.5745	0.700223
5526	-3.278387	-176.6767	173.3983	0.9304103
5532	4.644877	-168.8905	173.5354	0.7621296
5538	0.6984081	-172.9304	173.6288	0.5713915
5544	-4.525306	-178.0733	173.548	0.7434149
5550	-15.43843	-188.535	173.0966	1.214525
5556	-7.575906	-181.0247	173.4488	0.873773
5562	-8.805252	-182.4028	173.5976	0.6562253
5568	-10.4713	-183.7507	173.2794	1.050598
5574	-8.626531	-181.8334	173.2069	1.117945
5580	-14.33281	-187.5397	173.2069	1.117945
5586	-14.14171	-187.7186	173.5769	0.6959617
5592	-17.17497	-190.4165	173.2415	1.086221
5598	-5.255611	-178.6401	173.3845	0.9452567
5604	-11.09762	-184.4737	173.376	0.9541526
5610	-12.00508	-185.2503	173.2453	1.082772
5616	-5.907894	-179.4498	173.5419	0.7525779
5622	-1.082677	-174.4871	173.4044	0.9238042
5628	-10.7269	-184.1875	173.4606	0.8598037
5634	-13.49678	-187.0196	173.5228	0.7800242
5640	-7.680141	-181.3153	173.6352	0.539286
5646	-2.88815	-176.4707	173.5826	0.685698
5652	-4.178753	-177.5719	173.3932	0.9359649
5658	4.719638	-168.9171	173.6367	0.52693
5664	7.284914	-166.3518	173.6367	0.52693
5670	3.754131	-169.836	173.5901	0.6713357
5676	8.78898	-164.8397	173.6286	0.5721273
5682	0.247853	-173.307	173.5548	0.7327798
5688	-2.334328	-175.7978	173.4635	0.8563396
5694	-5.597775	-179.0838	173.486	0.8287071
5700	-17.48204	-191.0382	173.5562	0.7306319
5706	-3.569018	-177.0392	173.4702	0.8482654
5712	-5.650816	-178.9658	173.315	1.016121
5718	0.2587417	-173.286	173.5447	0.7483066
5724	2.204517	-171.3711	173.5757	0.6981582
5730	2.808862	-170.8088	173.6177	0.6081172
5736	5.72634	-167.7193	173.4456	0.8774837
5742	-4.304329	-177.7499	173.4456	0.8774837
5748	-0.08776994	-173.5895	173.5017	0.8084659
5754	5.840889	-167.7015	173.5424	0.7517413
5760	5.98695	-167.5951	173.582	0.6867053
5766	11.64635	-161.9578	173.6042	0.6418997
5772	5.899349	-167.7349	173.6343	0.54514
5778	-0.9324688	-174.5705	173.638	0.4916771
5784	-6.647851	-180.1623	173.5145	0.7914617
5790	-1.64931	-175.2233	173.574	0.7010736
5796	-0.6979589	-174.3004	173.6024	0.6458085
5802	-0.2766604	-173.7156	173.4389	0.8852542
5808	3.027309	-170.2913	173.3186	1.012593
5814	-2.213836	-175.6877	173.4739	0.8437736
5820	-17.11214	-190.7261	173.6139	0.61824
5826	-10.48956	-184.0305	173.5409	0.7540365
5832	-15.22909	-188.674	173.445	0.8782596
5838	-15.03396	-188.631	173.597	0.3699584
5844	-1.471484	-175.0522	173.5807	0.6890643
5850	-13.94949	-187.5537	173.6042	0.3807877
5856	-15.36174	-188.9422	173.5805	0.6894817
5862	-3.417631	-176.8421	173.4244	0.9016705
5868	-7.429967	-180.5447	173.1147	1.19902
5874	-14.77263	-188.0461	173.2734	1.056307
5880	-13.15642	-185.9172	172.7607	1.481955
5886	-24.04174	-197.5205	173.4787	0.8377549
5892	-17.60031	-191.046	173.4457	0.8774052
5898	-19.59467	-192.5781	172.9834	1.308282
5904	-14.33423	-187.8341	173.4999	0.8108604
5910	-3.912114	-177.2256	173.3135	1.017666
5916	-11.96183	-185.4897	173.5279	0.7729346
5922	-11.19772	-184.773	173.5753	0.69874
5928	-4.872135	-178.1093	173.2372	1.090239
5934	-11.12112	-184.2483	173.1272	1.188315
5940	-16.23358	-189.6814	173.4478	0.8749237
5946	-10.99418	-184.5907	173.5966	0.3693376
5952	-18.26914	-191.2051	172.936	1.346358
5958	-17.65927	-191.1768	173.5175	0.7872824
5964	-12.71873	-185.7957	173.077	1.23109
5970	-11.84897	-185.3319	173.483	0.8325117
5976	-5.427541	-178.9482	173.5206	0.7830561
5982	-16.27981	-189.4392	173.1594	1.160289
5988	-7.515597	-181.1409	173.6253	0.5844285
5994	-20.38095	-193.6012	173.2203	1.105756
6000	-12.80114	-186.0521	173.2509	1.07749
6006	-2.609691	-175.8606	173.2509	1.07749
6012	-5.759374	-179.3757	173.6163	0.6117975
6018	-6.687335	-179.9702	173.2829	1.047293
6024	0.03527186	-173.5665	173.6017	0.647331
6030	-7.602842	-181.2144	173.6116	0.6242583
6036	-6.582348	-179.8729	173.2905	1.040001
6042	0.3097983	-173.0768	173.3866	0.9430013
6048	4.49705	-169.0198	173.5169	0.7882021
6054	-1.411518	-174.9276	173.5161	0.7892225
6060	-13.45466	-186.8866	173.432	0.8931579
6066	-14.24517	-187.6858	173.4406	0.8833014
6072	-7.95556	-181.5358	173.5802	0.6899928
6078	-12.71291	-186.1555	173.4426	0.8809592
6084	-11.24179	-184.5802	173.3384	0.9928832
6090	-8.870141	-182.3048	173.4347	0.8900478
6096	-7.74965	-181.1863	173.4367	0.8877762
6102	-9.156387	-182.7616	173.6052	0.6394779
6108	0.7068956	-172.9209	173.6278	0.5753598
6114	-3.574093	-177.1506	173.5765	0.6965883
6120	-0.9642233	-174.467	173.5028	0.8070604
6126	7.918457	-165.6964	173.6149	0.3998112
6132	3.195572	-170.3077	173.5032	0.806495
6138	4.045983	-169.4573	173.5032	0.806495
6144	5.520733	-168.115	173.6357	0.5356509
6150	-7.128546	-180.7659	173.6374	0.4806789
6156	-4.521541	-178.1501	173.6285	0.5725943
6162	-13.86261	-187.422	173.5594	0.7254612
6168	-13.86607	-187.0493	173.1833	1.139149
6174	-7.29348	-180.583	173.2896	1.040915
6180	-4.234508	-177.4854	173.2509	1.077504
6186	-4.026906	-177.4576	173.4307	0.8946345
6192	-2.670248	-175.9751	173.3048	1.026108
6198	-3.983836	-177.4998	173.516	0.7894492
6204	-6.133329	-179.3584	173.2251	1.101404
6210	-1.848249	-175.366	173.5178	0.7869819
6216	1.027295	-172.1584	173.1857	1.136964
6222	11.49836	-161.9448	173.4432	0.8802889
6228	6.281705	-167.3564	173.6381	0.4950375
6234	3.105724	-170.4023	173.508	0.8001293
6240	2.346031	-171.0854	173.4314	0.8938009
6246	0.3772113	-173.1249	173.5021	0.8080115
6252	3.236376	-170.2191	173.4554	0.865975
6258	-0.4071081	-174.0425	173.6354	0.463756
6264	-4.404479	-178.0296	173.6251	0.5850066
6270	-6.906927	-180.4987	173.5918	0.6680733
6276	0.8372358	-172.7545	173.5918	0.6680733
6282	2.145003	-171.493	173.638	0.4928993
6288	-5.099036	-178.7137	173.6147	0.616283
6294	-0.7967471	-174.2581	173.4613	0.8589731
6300	-4.831458	-178.4537	173.6222	0.5946192
6306	-2.723696	-176.3584	173.6347	0.5423538
6312	-7.456342	-181.0911	173.6347	0.5423538
6318	-8.548202	-181.8587	173.3105	1.020599
6324	-11.38558	-184.9284	173.5428	0.7511722
6330	-13.54418	-187.087	173.5428	0.7511722
6336	-11.55473	-184.8634	173.3087	1.022314
6342	-15.07299	-188.3817	173.3087	1.022314
6348	-5.558921	-179.1841	173.6252	0.5848575
6354	-4.468733	-177.7943	173.3256	1.005683
6360	-6.943603	-180.2692	173.3256	1.005683
6366	-4.169157	-177.7753	173.6061	0.6374628
6372	-10.47344	-184.1073	173.6338	0.5479303
6378	-1.095667	-174.7171	173.6214	0.5971189
6384	-0.8404157	-174.2479	173.4075	0.9204502
6390	2.678524	-170.8311	173.5096	0.7980265
6396	-0.2424795	-173.7774	173.5349	0.762806
6402	-0.1670279	-173.6827	173.5157	0.7898187
6408	-6.480625	-179.9963	173.5157	0.7898187
6414	-1.865601	-175.4663	173.6007	0.6495852
6420	-5.642873	-179.0855	173.4426	0.8809484
6426	-7.848075	-181.4861	173.638	0.5078872
6432	-13.03948	-186.4846	173.4451	0.8780616
6438	-8.776621	-181.3323	172.5557	1.633015
6444	-7.875903	-181.4925	173.6166	0.6109885
6450	-10.7177	-184.1101	173.3923	0.9368536
6456	-8.073348	-181.2591	173.1857	1.136942
6462	-5.192629	-178.8305	173.6378	0.5124197
6468	-11.76674	-185.375	173.6083	0.6323086
6474	-10.37416	-183.8243	173.4502	0.8721949
6480	-3.164969	-176.7847	173.6197	0.6021147
6486	0.5888898	-172.7853	173.3742	0.9560694
6492	-3.311227	-176.9425	173.6313	0.5606644
6498	-2.750367	-176.3028	173.5524	0.7365485
6504	-3.956747	-177.5019	173.5452	0.7476193
6510	-6.891581	-180.3471	173.4556	0.8658205
6516	1.55054	-171.905	173.4556	0.8658205
6522	-9.180828	-182.6248	173.4439	0.8794513
6528	-4.479115	-177.923	173.4439	0.8794513
6534	1.673161	-171.6284	173.3016	1.029266
6540	-3.370203	-176.6718	173.3016	1.029266
6546	-1.436132	-175.0494	173.6133	0.3966771
6552	-2.724108	-176.3487	173.6246	0.5868721
6558	-8.959619	-182.5252	173.5656	0.7154157
6564	-6.355334	-179.8546	173.4993	0.8116714
6570	-4.26387	-177.8619	173.598	0.6552443
6576	-3.566078	-177.1913	173.6253	0.5846133
6582	-3.708079	-177.2626	173.5546	0.7331862
6588	-1.083681	-174.5754	173.4918	0.8213697
6594	-2.741087	-176.222	173.481	0.8349964
6600	-14.08096	-187.5619	173.481	0.8349964
6606	-19.80601	-193.2486	173.4425	0.8810456
6612	-26.59318	-199.8087	173.2155	1.110096
6618	-19.8547	-193.335	173.4803	0.8358397
6624	-3.743818	-177.1987	173.4549	0.8666621
6630	-8.527374	-181.9822	173.4549	0.8666621
6636	-1.820902	-175.3059	173.485	0.8299836
6642	-3.704913	-177.2571	173.5522	0.7368404
6648	5.826699	-167.8113	173.638	0.5079928
6654	4.740992	-168.8943	173.6353	0.5386409
6660	-1.106148	-174.7295	173.6234	0.5909553
6666	-3.313654	-176.9223	173.6087	0.6314177
6672	-11.94788	-185.1985	173.2506	1.077789
6678	-8.655528	-182.245	173.5895	0.6725283
6684	-17.79678	-191.3912	173.5945	0.6626738
6690	-3.609188	-177.1049	173.4958	0.8162377
6696	-0.7987163	-174.3401	173.5414	0.7533087
6702	7.116793	-166.4246	173.5414	0.7533087
6708	2.081455	-171.4631	173.5445	0.7485762
6714	3.070244	-170.2034	173.2737	1.056099
6720	-0.08528686	-173.7002	173.6149	0.6156445
6726	1.865046	-171.4781	173.3432	0.9880571
6732	3.332056	-170.1238	173.4559	0.8654339
6738	1.357899	-172.1595	173.5174	0.7875289
6744	-2.927111	-176.5205	173.5934	0.664844
6750	0.9921237	-172.6112	173.6033	0.6437276
6756	0.8529653	-172.7843	173.6373	0.479794
6762	-4.756037	-178.3407	173.5846	0.6818891
6768	2.435446	-171.2026	173.6381	0.4939127
6774	-1.078181	-174.5684	173.4902	0.8233471
6780	-4.174369	-177.1969	173.0226	1.276362
6786	-5.675248	-179.1698	173.4945	0.8178261
6792	-6.155679	-179.6512	173.4955	0.8165516
6798	-11.47608	-184.7558	173.2798	1.050297
6804	-5.287354	-178.9225	173.6352	0.5393297
6810	-9.176205	-182.6553	173.4791	0.8373356
6816	-11.21635	-184.5473	173.3309	1.000348
6822	-0.07387217	-173.6757	173.6018	0.647062
6828	-5.752766	-178.9624	173.2096	1.115471
6834	-4.171458	-177.6572	173.4858	0.8289953
6840	5.394296	-168.0048	173.399	0.9296346
6846	-13.15927	-186.6504	173.4911	0.8222154
6852	-15.20754	-188.6183	173.4107	0.9169151
6858	-3.415013	-177.0182	173.6032	0.6439906
6864	2.524904	-171.0275	173.5524	0.7365385
6870	-2.13117	-175.7621	173.631	0.4424514
6876	3.80821	-169.7702	173.5784	0.6932136
6882	7.136511	-166.5015	173.638	0.5082868
6888	-6.224931	-179.6971	173.4722	0.8458023
6894	-1.154329	-174.3793	173.2249	1.101513
6900	-4.377485	-178.0093	173.6318	0.5582045
6906	-3.398308	-176.9679	173.5696	0.3369848
6912	-3.908847	-177.3425	173.4337	0.8912164
6918	1.025162	-172.6089	173.6341	0.546282
6924	-13.69725	-186.8095	173.1123	1.201159
6930	-5.192828	-178.6039	173.4111	0.9164676
6936	-2.407212	-175.6899	173.2826	1.047539
6942	-1.053537	-174.6443	173.5907	0.6701496
6948	-8.896753	-182.0015	173.1047	1.207613
6954	-3.714866	-177.2835	173.5687	0.7102168
6960	-2.689162	-176.1768	173.4876	0.8266315
6966	-7.085751	-180.6347	173.5489	0.7419008
6972	-6.045885	-179.6835	173.6376	0.4843904
6978	-4.578091	-178.1062	173.5281	0.7725693
6984	4.578461	-169.0098	173.5883	0.6749036
6990	7.763938	-165.8678	173.6318	0.558471
6996	10.04882	-163.583	173.6318	0.558471
7002	-0.8551232	-174.4701	173.615	0.4000412
7008	5.346737	-168.1955	173.5422	0.7520724
7014	3.228245	-170.3975	173.6258	0.5828051
7020	3.870784	-169.7667	173.6375	0.5182061
7026	1.507867	-172.0862	173.5941	0.6634433
7032	-6.948698	-180.5862	173.6375	0.4821906
7038	-5.815011	-179.4357	173.6207	0.4123118
7044	-4.554899	-178.1223	173.5674	0.7123252
7050	-11.55152	-184.7424	173.1909	1.132335
7056	-2.143233	-175.6458	173.5026	0.8073655
7062	-5.723997	-179.2113	173.4873	0.8270432
7068	-1.141938	-174.7322	173.5902	0.6711609
7074	-3.170719	-176.7609	173.5902	0.6711609
7080	-0.1129249	-173.664	173.5511	0.7385659
7086	-7.314994	-180.9233	173.6083	0.38755
7092	-4.281117	-177.7097	173.4285	0.8970402
7098	4.049824	-169.0417	173.0915	1.218819
7104	1.883774	-171.3955	173.2793	1.050752
7110	-1.046085	-174.6428	173.5967	0.6580621
7116	4.110317	-169.2229	173.3332	0.9980578
7122	-11.28117	-184.6144	173.3332	0.9980578
7128	-8.319715	-181.8846	173.5649	0.7165798
7134	-22.19876	-195.4301	173.2313	1.095684
7140	-17.33647	-190.5641	173.2277	1.099011
7146	-9.763551	-183.1655	173.402	0.926468
7152	-15.90654	-189.2508	173.3442	0.9869515
7158	-9.491922	-182.883	173.3911	0.9381659
7164	-11.89594	-185.4434	173.5475	0.7441688
7170	-3.069699	-176.311	173.2413	1.086464
7176	-4.242018	-177.7988	173.5568	0.7296237
7182	2.453968	-171.1604	173.6144	0.616968
7188	4.551846	-169.0827	173.6345	0.45857
7194	-3.61234	-177.1421	173.5298	0.7701753
7200	-11.26788	-184.7977	173.5298	0.7701753
7206	-8.041694	-181.6379	173.5962	0.6591909
7212	-4.28436	-177.9223	173.638	0.4905138
7218	-7.921146	-181.1135	173.1923	1.13107
7224	-12.47583	-185.8661	173.3903	0.9390611
7230	-11.90104	-185.2775	173.3765	0.9537144
7236	-7.668935	-181.1756	173.5067	0.801928
7242	-3.57899	-177.0857	173.5067	0.801928
7248	-14.72313	-188.0308	173.3076	1.023381
7254	-23.72643	-197.0172	173.2908	1.039701
7260	-14.28958	-187.7926	173.5031	0.8067236
7266	-12.45559	-185.7628	173.3073	1.023742
7272	-8.242046	-181.5493	173.3073	1.023742
7278	-13.31038	-186.6176	173.3073	1.023742
7284	-4.663405	-178.1587	173.4953	0.8168381
7290	-19.37461	-193.0118	173.6372	0.5214816
7296	-5.650521	-179.2126	173.562	0.7211913
7302	-7.316462	-180.8486	173.5322	0.7667565
7308	-4.930866	-178.3544	173.4236	0.9026443
7314	-8.890755	-182.0614	173.1707	1.150325
7320	-9.498482	-182.5587	173.0602	1.245149
7326	-9.419415	-182.6138	173.1944	1.129201
7332	-8.837238	-182.2765	173.4392	0.884882
7338	0.003434121	-173.4963	173.4997	0.8110715
7344	-2.427299	-175.927	173.4997	0.8110715
7350	-2.023128	-175.5229	173.4997	0.8110715
7356	-5.751329	-179.2281	173.4768	0.8401859
7362	-6.048355	-179.6857	173.6373	0.5202899
7368	1.102423	-172.5077	173.6101	0.390753
7374	-2.170057	-175.6752	173.5052	0.8039454
7380	-17.99016	-190.497	172.5068	1.668086
7386	2.031995	-171.3786	173.4106	0.9170545
7392	0.4115248	-173.1619	173.5734	0.7021087
7398	-4.091161	-177.4836	173.3925	0.9367181
7404	-4.445575	-177.4045	172.9589	1.328023
7410	-5.253623	-178.5362	173.2826	1.047574
7416	-9.292841	-182.4479	173.155	1.164094
7422	-9.943635	-183.4585	173.5149	0.7909121
7428	-4.017848	-177.5327	173.5149	0.7909121
7434	-10.40648	-183.9607	173.5542	0.7337718
7440	-5.924931	-178.8556	172.9307	1.350582
7446	-0.0498953	-173.5948	173.5449	0.7481047
7452	-1.731373	-175.2581	173.5267	0.7745422
7458	-1.554492	-175.139	173.5845	0.3536006
7464	-0.1568536	-173.7862	173.6294	0.436694
7470	6.507841	-167.0583	173.5662	0.7144237
7476	1.638825	-171.9601	173.5989	0.3726908
7482	1.675087	-171.8001	173.4752	0.266112
7488	-5.299821	-178.9343	173.6345	0.5439365
7494	-9.227229	-182.7318	173.5045	0.8047835
7500	-2.94857	-176.5549	173.6063	0.3842212
7506	-0.7593053	-174.1748	173.4155	0.9116695
7512	1.263995	-172.1515	173.4155	0.9116695
7518	-3.683547	-177.1977	173.5142	0.2905453
7524	-0.4840203	-174.1201	173.6361	0.4687559
7530	-7.289024	-180.8213	173.5323	0.7665796
7536	-4.494144	-178.0776	173.5834	0.6840931
7542	-6.477424	-179.8983	173.4209	0.9056603
7548	-2.490084	-175.5387	173.0486	1.254816
7554	3.461192	-170.1067	173.5679	0.7114917
7560	5.859048	-167.6333	173.4924	0.8206055
7566	-6.094742	-179.427	173.3322	0.9990632
7572	-3.847907	-177.3387	173.4908	0.8226385
7578	-8.396129	-181.8869	173.4908	0.8226385
7584	-13.03355	-186.4001	173.3665	0.964081
7590	-13.10139	-186.662	173.5607	0.7234489
7596	-10.9146	-184.1047	173.1901	1.133083
7602	-4.388458	-177.5785	173.1901	1.133083
7608	-9.231933	-182.7685	173.5365	0.760469
7614	-13.53956	-186.4795	172.9399	1.343231
7620	-8.973888	-182.2826	173.3087	1.022343
7626	-3.969425	-177.5029	173.5335	0.7648677
7632	-9.313117	-182.8025	173.4893	0.824443
7638	-10.22998	-183.8681	173.6381	0.5032112
7644	-2.838679	-176.3817	173.543	0.7509108
7650	-2.025805	-175.1615	173.1357	1.18095
7656	-1.11096	-174.4719	173.361	0.9698682
7662	-14.79858	-188.0061	173.2075	1.117363
7668	-5.907531	-179.4916	173.584	0.6829814
7674	-3.12	-176.649	173.529	0.3013071
7680	2.140878	-171.3882	173.529	0.3013071
7686	-6.360019	-179.8552	173.4951	0.2779925
7692	-6.606271	-180.021	173.4147	0.9125283
7698	-6.429255	-179.8502	173.4209	0.9056013
7704	-14.1586	-187.6926	173.534	0.7641155
7710	-11.47402	-184.9069	173.4329	0.892129
7716	-2.907721	-176.1988	173.2911	1.039449
7722	-15.85908	-189.3882	173.5291	0.7711704
7728	-11.08046	-184.3594	173.279	1.051046
7734	-14.74989	-188.0289	173.279	1.051046
7740	-5.93203	-179.5688	173.6368	0.4747571
7746	4.132389	-169.4724	173.6048	0.6405106
7752	-1.928993	-175.5476	173.6187	0.6052879
7758	-6.282497	-179.7454	173.4629	0.8571026
7764	-6.858447	-180.496	173.6376	0.5169954
7770	-0.03364093	-173.5214	173.4878	0.8264404
7776	-3.521787	-176.9571	173.4354	0.8893014
7782	-5.254249	-178.7403	173.486	0.8286471
7788	-1.427111	-174.8741	173.4469	0.8759395
7794	-0.5413015	-174.0351	173.4938	0.8187151
7800	9.105274	-164.4727	173.578	0.6940873
7806	1.116773	-172.3118	173.4286	0.896996
7812	-1.038523	-174.5765	173.538	0.7583187
7818	-1.164141	-174.7143	173.5502	0.7399613
7824	-10.81783	-184.2473	173.4295	0.8959947
7830	-14.60562	-187.4686	172.863	1.403674
7836	-0.3520662	-173.9884	173.6363	0.4706115
7842	-3.63901	-177.2743	173.6353	0.5385162
7848	-5.752143	-179.2274	173.4752	0.8421037
7854	-0.5236129	-173.9988	173.4752	0.8421037
7860	-5.168269	-178.6435	173.4752	0.8421037
7866	-7.224661	-180.6133	173.3886	0.940844
7872	-3.299945	-176.8241	173.5242	0.7781264
7878	-5.824287	-179.3485	173.5242	0.7781264
7884	-1.59333	-175.1175	173.5242	0.7781264
7890	-1.99452	-175.4112	173.4167	0.9103507
7896	-4.466648	-178.012	173.5453	0.7473874
7902	-7.983722	-181.6006	173.6169	0.6102729
7908	-12.8988	-186.5259	173.627	0.5781933
7914	-8.038824	-181.5594	173.5206	0.7830495
7920	-13.22127	-186.5251	173.3038	1.027078
7926	-15.07038	-188.4397	173.3694	0.9611392
7932	-17.46713	-190.8365	173.3694	0.9611392
7938	-17.54582	-190.956	173.4102	0.9175128
7944	4.611236	-168.8724	173.4836	0.8317047
7950	-1.893999	-175.2474	173.3534	0.9775995
7956	-14.67311	-188.1626	173.4895	0.8241993
7962	-16.99249	-190.482	173.4895	0.8241993
7968	-1.425079	-175.0098	173.5847	0.6817348
7974	-0.07049061	-173.669	173.5986	0.6541762
7980	1.766301	-171.7942	173.5605	0.7237639
7986	3.772685	-169.7989	173.5715	0.7053252
7992	-1.725795	-175.3516	173.6258	0.5825517
7998	-6.80844	-180.4185	173.61	0.6280658
8004	-6.711589	-180.2496	173.538	0.7583192
8010	4.924357	-168.4271	173.3514	0.9796616
8016	-2.198074	-175.7942	173.5961	0.6592252
8022	1.885275	-171.6756	173.5609	0.7231224
8028	4.628331	-168.7965	173.4249	0.9011859
8034	4.628475	-169.0095	173.638	0.4906829
8040	8.391427	-165.2303	173.6217	0.5962108
8046	4.524859	-168.9021	173.4269	0.8988516
8052	3.82618	-169.7922	173.6184	0.4071152
8058	-1.779649	-175.2707	173.4911	0.8222185
8064	-2.225234	-175.5715	173.3462	0.9849498
8070	0.8449023	-172.7557	173.6006	0.3751529
8076	2.363952	-171.1961	173.5601	0.3275652
8082	0.9942633	-172.5175	173.5118	0.7951043
8088	2.260946	-171.3605	173.6214	0.5969983
8094	5.87936	-167.7495	173.6289	0.5712261
8100	-0.7418502	-174.2831	173.5412	0.7535831
8106	0.4541844	-173.1692	173.6234	0.5909371
8112	0.133028	-173.4977	173.6308	0.5631841
8118	0.01257953	-173.6154	173.628	0.5745666
8124	1.604971	-171.7954	173.4004	0.9281508
8130	-6.114485	-179.6783	173.5638	0.718282
8136	-23.16276	-196.3938	173.2311	1.095877
8142	-16.29562	-189.8469	173.5513	0.7382578
8148	-10.63631	-183.8152	173.1789	1.143049
8154	-13.09355	-186.6046	173.511	0.7961589
8160	-11.52445	-184.9829	173.4585	0.862387
8166	-11.01503	-184.4377	173.4227	0.9036584
8172	-4.63148	-178.0541	173.4227	0.9036584
8178	-8.304041	-181.8376	173.5335	0.304748
8184	-0.8840178	-174.4964	173.6124	0.6221898
8190	-0.8965976	-174.4319	173.5353	0.7622372
8196	-7.667736	-181.2528	173.5851	0.6809811
8202	-9.548667	-182.8013	173.2527	1.07587
8208	-18.26402	-191.5649	173.3009	1.029991
8214	-10.76069	-183.9274	173.1667	1.153821
8220	-3.989633	-177.4577	173.468	0.85087
8226	-0.4587702	-173.7123	173.2536	1.07505
8232	-3.412663	-176.9599	173.5473	0.7444293
8238	0.4496268	-173.0977	173.5473	0.7444293
8244	4.652399	-168.9631	173.6155	0.6139346
8250	0.7674173	-172.8136	173.581	0.6884873
8256	3.944195	-169.6459	173.5901	0.6714511
8262	1.80181	-171.8018	173.6036	0.3798913
8268	3.480111	-169.983	173.4632	0.2594323
8274	11.96198	-161.6691	173.6311	0.5617084
8280	7.409795	-166.1108	173.5206	0.7830973
8286	-3.522859	-176.4725	172.9496	1.335497
8292	-2.964633	-176.4721	173.5075	0.8008679
8298	-3.313221	-176.8111	173.4979	0.813431
8304	-3.100806	-176.7313	173.6305	0.5644
8310	1.673077	-171.8017	173.4747	0.842699
8316	2.936736	-170.6406	173.5773	0.6952643
8322	-5.20113	-178.8192	173.6181	0.6069051
8328	-12.09268	-185.6181	173.5254	0.7763566
8334	-0.2547987	-173.8079	173.5531	0.7354089
8340	2.076686	-171.5452	173.6218	0.5957831
8346	3.192261	-170.3368	173.5291	0.77123
8352	5.610724	-168.0101	173.6208	0.4125807
8358	6.730996	-166.8949	173.6259	0.582232
8364	-3.76848	-177.402	173.6335	0.5496278
8370	-6.98055	-180.5293	173.5487	0.7421978
8376	-6.871068	-180.2904	173.4193	0.9074001
8382	-19.92881	-193.309	173.3802	0.9498301
8388	-16.81512	-190.3146	173.4994	0.8114507
8394	-7.102384	-180.6077	173.5053	0.8037088
8400	-6.898029	-180.4256	173.5276	0.7732995
8406	-21.6179	-194.9721	173.3542	0.9767603
8412	-7.077662	-180.5877	173.51	0.7975244
8418	-8.922156	-182.5122	173.59	0.6715616
8424	-11.56143	-184.7745	173.213	1.112357
8430	-6.812805	-180.4175	173.6047	0.6406059
8436	-1.908677	-175.0063	173.0976	1.213656
8442	-3.191025	-176.7605	173.5694	0.7088967
8448	1.208506	-171.8737	173.0822	1.226713
8454	-0.7115529	-174.1735	173.462	0.8582006
8460	-3.258962	-176.6595	173.4005	0.9280267
8466	-7.840238	-181.4531	173.6128	0.6210694
8472	-7.75666	-181.3364	173.5797	0.6909451
8478	-4.086478	-177.6662	173.5797	0.6909451
8484	-9.087314	-182.6986	173.6112	0.6250812
8490	-10.25756	-183.5549	173.2974	1.033386
8496	-24.10203	-197.7357	173.6337	0.4542558
8502	-3.802696	-177.4255	173.6228	0.5926402
8508	-3.297997	-176.6117	173.3137	1.017397
8514	-5.178632	-178.6798	173.5012	0.8091496
8520	-3.309236	-176.8458	173.5366	0.760384
8526	-0.7576289	-174.34	173.5824	0.6859804
8532	-10.44836	-183.086	172.6376	1.573499
8538	-6.318164	-179.648	173.3298	1.001445
8544	-4.12335	-177.4532	173.3298	1.001445
8550	-6.047676	-179.4409	173.3932	0.935886
8556	-5.409015	-178.5866	173.1775	1.144234
8562	-3.94344	-177.4726	173.5292	0.7710721
8568	-5.932923	-179.5525	173.6195	0.6027046
8574	-5.801941	-179.3696	173.5677	0.7118933
8580	-6.955919	-180.5236	173.5677	0.7118933
8586	-4.738603	-178.1625	173.4239	0.9022864
8592	-8.280593	-181.2243	172.9437	1.340215
8598	-5.147573	-178.2919	173.1443	1.173448
8604	2.268849	-171.3042	173.573	0.7027827
8610	-11.08809	-184.5397	173.4516	0.8705166
8616	-15.65821	-188.9403	173.2821	1.048035
8622	-12.84014	-186.3198	173.4796	0.8366383
8628	-13.38742	-186.9416	173.5542	0.7337
8634	-6.500064	-180.0341	173.5341	0.7640326
8640	-2.630312	-176.2284	173.5981	0.6551578
8646	-5.523312	-178.9461	173.4228	0.903516
8652	-0.7469511	-174.3845	173.6376	0.5171366
8658	2.136437	-171.0549	173.1914	1.131895
8664	2.022867	-171.6048	173.6277	0.4312213
8670	1.159568	-172.3841	173.5437	0.7498874
8676	6.052788	-167.5768	173.6296	0.5681465
8682	2.957423	-170.6731	173.6305	0.5641809
8688	-0.09216405	-173.727	173.6348	0.460239
8694	4.643905	-168.9803	173.6242	0.5881772
8700	-4.291767	-177.8741	173.5824	0.3510475
8706	-6.377907	-179.9787	173.6008	0.3755575
8712	-4.813961	-178.3879	173.5739	0.7012345
8718	-14.44855	-187.5895	173.141	1.176385
8724	-17.02826	-190.6662	173.6379	0.5104006
8730	-2.697398	-176.1044	173.407	0.921015
8736	-3.008759	-176.6433	173.6345	0.5439084
8742	-7.446387	-181.0198	173.5734	0.702034
8748	-10.37971	-183.5186	173.1388	1.178223
8754	-16.77534	-190.3191	173.5438	0.7497461
8760	-13.23733	-186.7254	173.4881	0.8260365
8766	-1.54578	-174.7599	173.2141	1.11139
8772	6.633676	-166.9835	173.6171	0.6095573
8778	3.03403	-170.5813	173.6154	0.6144099
8784	0.5918302	-172.8738	173.4656	0.8537969
8790	0.3791772	-173.1374	173.5166	0.7886484
8796	0.1242997	-173.5086	173.6329	0.5531228
8802	-0.3752634	-173.9474	173.5721	0.7043375
8808	-6.55976	-180.1397	173.5799	0.3481845
8814	-13.44075	-187.024	173.5832	0.6844906
8820	-18.84716	-192.3242	173.477	0.8398625
8826	-23.14335	-196.4251	173.2818	1.04838
8832	-16.68509	-190.0669	173.3818	0.9480775
8838	-16.16754	-189.6091	173.4416	0.8821323
8844	-17.81674	-191.0303	173.2136	1.111902
8850	-16.63151	-190.0764	173.4449	0.878371
8856	-6.851673	-180.4896	173.638	0.509326
8862	-10.68113	-184.0749	173.3937	0.9353789
8868	-9.605921	-183.244	173.6381	0.4936705
8874	-3.992214	-177.4915	173.4993	0.811635
8880	-16.53164	-190.0309	173.4993	0.811635
8886	-13.21795	-186.8489	173.6309	0.5623698
8892	-1.914394	-175.5503	173.6359	0.4673867
8898	-6.467526	-179.7444	173.2769	1.053067
8904	-9.372435	-182.8161	173.4437	0.8797484
8910	-25.08776	-198.5215	173.4338	0.8911013
8916	-16.42515	-189.2573	172.8322	1.427532
8922	-8.771412	-182.3121	173.5407	0.7543822
8928	-3.610172	-177.0541	173.444	0.879407
8934	-6.400951	-180.0391	173.6381	0.4977842
8940	2.762422	-170.7588	173.5212	0.7822016
8946	-3.247763	-176.8219	173.5742	0.700788
8952	-8.79183	-181.8507	173.0589	1.246252
8958	-0.5584033	-174.1959	173.6375	0.4828822
8964	0.6880045	-172.9449	173.6329	0.5529771
8970	2.365829	-171.2217	173.5876	0.6763162
8976	1.385305	-172.241	173.6263	0.5807461
8982	-4.936981	-178.4641	173.5271	0.774003
8988	-6.24832	-179.8864	173.638	0.5068934
8994	-0.4984654	-174.136	173.6376	0.5169518
9000	4.14624	-169.4732	173.6194	0.602988
9006	-1.671556	-175.3001	173.6285	0.5725707
9012	-9.535589	-183.1308	173.5952	0.6611455
9018	-3.355788	-176.8819	173.5261	0.7753695
9024	-2.500557	-176.0844	173.5838	0.6833213
9030	-1.76972	-175.3401	173.5704	0.7072436
9036	-2.550779	-176.0955	173.5447	0.7483393
9042	-7.889996	-181.1755	173.2855	1.044848
9048	-9.595458	-182.8809	173.2855	1.044848
9054	-17.85089	-191.2825	173.4316	0.893573
9060	-17.41192	-189.8942	172.4822	1.685579
9066	-20.58703	-194.0495	173.4625	0.8576178
9072	-21.32438	-194.6866	173.3622	0.9685616
9078	-15.00155	-188.3973	173.3957	0.9332
9084	-16.93144	-190.3589	173.4275	0.8982742
9090	-15.19791	-188.485	173.2871	1.043295
9096	-10.70643	-183.9935	173.2871	1.043295
9102	-9.305625	-182.3635	173.0579	1.247128
9108	-13.36902	-186.9482	173.5792	0.6918751
9114	-21.82771	-195.2811	173.4534	0.8683823
9120	-18.02772	-191.3945	173.3668	0.9638502
9126	-26.90087	-200.2616	173.3608	0.9700678
9132	-14.54513	-188.0996	173.5545	0.7332672
9138	-15.73606	-189.3599	173.6239	0.5893306
9144	-19.31475	-192.6399	173.3252	1.006095
9150	-10.70709	-184.3319	173.6248	0.5860853
9156	-1.825727	-175.2501	173.4244	0.9017012
9162	2.619378	-170.8438	173.4632	0.8567303
9168	1.621555	-172.0121	173.6337	0.5487075
9174	-0.2027566	-173.8058	173.6031	0.6443277
9180	-10.02301	-183.4495	173.4265	0.8993448
9186	-8.868305	-182.199	173.3307	1.000606
9192	-7.874817	-181.332	173.4572	0.863864
9198	-8.970641	-182.4797	173.509	0.7988076
9204	-7.459476	-180.5845	173.125	1.190175
9210	-11.51845	-185.099	173.5806	0.6893121
9216	-17.55808	-190.8771	173.319	1.01217
9222	-17.56926	-190.9648	173.3956	0.9334066
9228	-6.542905	-179.9769	173.434	0.8908214
9234	-2.834223	-176.1548	173.3206	1.010622
9240	-10.81862	-184.14	173.3214	1.009844
9246	-11.88055	-185.4391	173.5586	0.726837
9252	-13.98252	-187.5698	173.5873	0.6767763
9258	-9.480375	-183.073	173.5927	0.6663246
9264	-4.044906	-177.5975	173.5526	0.7363134
9270	1.739197	-171.8134	173.5526	0.7363134
9276	7.808992	-165.7719	173.5809	0.6888466
9282	8.949252	-164.6263	173.5756	0.343358
9288	5.97102	-167.6458	173.6168	0.6105343
9294	-1.430232	-174.9583	173.5281	0.7725651
9300	4.800147	-168.827	173.6272	0.4295964
9306	5.425292	-168.0175	173.4427	0.8808144
9312	2.052042	-171.4607	173.5128	0.7937925
9318	-1.631741	-175.2393	173.6075	0.6341467
9324	-4.318784	-177.8749	173.5561	0.7307963
9330	-9.138935	-182.6268	173.4879	0.8263078
9336	3.9302	-169.5986	173.5288	0.7716492
9342	5.075209	-168.5058	173.581	0.688606
9348	2.078744	-171.5218	173.6005	0.6499593
9354	8.074851	-165.3891	173.4639	0.8558662
9360	7.053977	-166.3151	173.3691	0.9614459
9366	3.551042	-169.8961	173.4471	0.8757677
9372	3.618254	-169.7216	173.3399	0.9913805
9378	1.241307	-172.1836	173.4249	0.9011876
9384	-0.721786	-174.2986	173.5768	0.34472
9390	-0.3802504	-174.0175	173.6373	0.5209414
9396	-2.808945	-176.4311	173.6222	0.5947182
9402	-2.484512	-176.0289	173.5444	0.7488672
9408	-4.003531	-177.5782	173.5746	0.6999264
9414	-1.060159	-174.6838	173.6236	0.5900913
9420	2.818779	-170.6743	173.4931	0.8196834
9426	-0.1826206	-173.8111	173.6285	0.5728345
9432	-10.37209	-183.9649	173.5928	0.6660692
9438	-5.032072	-178.1762	173.1442	1.173601
9444	-10.27809	-183.8395	173.5614	0.7222167
9450	-19.47212	-192.7291	173.257	1.071839
9456	-6.43368	-179.9069	173.4732	0.8446099
9462	-12.70553	-186.1787	173.4732	0.8446099
9468	-12.09821	-185.5714	173.4732	0.8446099
9474	-17.78306	-191.3093	173.5262	0.7752862
9480	-7.921353	-181.2026	173.2812	1.048878
9486	-6.629688	-180.2127	173.583	0.6848649
9492	-9.741635	-183.2034	173.4617	0.8584704
9498	-7.661118	-181.0811	173.42	0.9066321
9504	-1.670152	-175.0593	173.3891	0.9402852
9510	0.9347239	-172.6319	173.5666	0.7137101
9516	-4.042794	-177.6064	173.5636	0.7187085
9522	-11.01935	-184.3352	173.3159	1.015279
9528	-0.8832405	-174.5019	173.6187	0.6051443
9534	3.340593	-170.2683	173.6089	0.6308063
9540	3.287671	-170.3212	173.6089	0.6308063
9546	-0.3317607	-173.9693	173.6375	0.5181705
9552	-3.992769	-177.6245	173.6318	0.5585187
9558	1.332404	-172.0621	173.3945	0.9345471
9564	-9.465608	-182.8601	173.3945	0.9345471
9570	-27.31841	-200.6594	173.341	0.9902075
9576	-28.60432	-201.4537	172.8494	1.414234
9582	-19.8103	-193.4306	173.6203	0.6005106
9588	-15.13087	-188.3516	173.2208	1.10533
9594	-8.922199	-182.4477	173.5255	0.7762427
9600	-7.299711	-180.7937	173.4939	0.8185786
9606	-7.551173	-181.0669	173.5158	0.7897216
9612	-32.228	-205.2927	173.0647	1.241409
9618	-16.94794	-190.175	173.2271	1.099571
9624	-14.48583	-188.0214	173.5355	0.7618939
9630	-4.202153	-177.5971	173.395	0.9340214
9636	-9.447411	-182.7872	173.3398	0.9914792
9642	-5.832388	-178.9636	173.1312	1.184816
9648	-0.3943981	-173.6852	173.2908	1.03968
9654	-4.165595	-177.6494	173.4838	0.8314869
9660	-8.584489	-182.17	173.5856	0.6801239
9666	1.727309	-171.865	173.5923	0.6669724
9672	-2.711814	-176.0576	173.3458	0.9853737
9678	-9.505939	-183.1218	173.6158	0.6131443
9684	0.9260033	-172.3828	173.3088	1.022227
9690	-8.612025	-182.1413	173.5293	0.770901
9696	-8.996827	-182.0004	173.0036	1.291912
9702	-10.53971	-184.049	173.5093	0.7984203
9708	-5.624971	-179.2436	173.6186	0.6054741
9714	-6.046189	-179.4161	173.3699	0.9605598
9720	-2.900478	-176.3287	173.4282	0.8974387
9726	-13.72185	-187.1539	173.4321	0.893033
9732	0.9129074	-172.6543	173.5672	0.712733
9738	-4.845024	-178.4306	173.5855	0.680159
9744	0.5360276	-173.0299	173.5659	0.7148141
9750	-4.288708	-177.8194	173.5307	0.7688709
9756	-8.257089	-181.8036	173.5465	0.745663
9762	-18.23851	-191.5469	173.3084	1.022671
9768	-24.63093	-197.9234	173.2925	1.038111
9774	-28.75521	-202.2909	173.5357	0.76162
9780	-25.1517	-197.8044	172.6527	1.562386
9786	-20.3564	-193.9522	173.5958	0.6598753
9792	-15.33643	-188.814	173.4775	0.8392448
9798	-21.36011	-194.6686	173.3085	1.022518
9804	-20.32452	-193.6811	173.3566	0.9743672
9810	-29.01475	-202.6288	173.6141	0.61781
9816	-21.95274	-195.1935	173.2407	1.086988
9822	-17.04181	-190.2034	173.1616	1.158322
9828	-5.991306	-179.427	173.4356	0.8889752
9834	-2.734769	-176.1208	173.386	0.9436491
9840	-21.78734	-195.4174	173.6301	0.5662745
9846	-9.174477	-182.562	173.3875	0.9420596
9852	1.798439	-171.5834	173.3818	0.9480968
9858	-3.111556	-176.4506	173.339	0.992235
9864	-10.39194	-183.9135	173.5216	0.7817662
9870	-3.802401	-177.324	173.5216	0.7817662
9876	-9.832444	-183.4603	173.6279	0.5751283
9882	-0.2861574	-173.7612	173.475	0.8423847
9888	-5.007409	-178.631	173.6236	0.5902903
9894	-8.757761	-182.3231	173.5653	0.7158419
9900	-3.8872	-177.2968	173.4096	0.9181206
9906	-13.7215	-187.117	173.3955	0.9334328
9912	-7.988127	-181.341	173.3529	0.9781803
9918	0.5958598	-173.0336	173.6294	0.5688593
9924	-0.7643557	-174.3574	173.593	0.6655823
9930	-1.190608	-174.6537	173.4631	0.8568447
9936	-2.440162	-176.0526	173.6124	0.6220697
9942	-8.327571	-181.9424	173.6149	0.6157682
9948	-5.790108	-179.1989	173.4087	0.9190709
9954	-7.166003	-180.7506	173.5846	0.6819272
9960	-2.469004	-176.107	173.638	0.5083982
9966	3.624572	-169.7843	173.4088	0.9189759
9972	-2.929401	-176.4252	173.4958	0.816136
9978	-2.442879	-176.0106	173.5677	0.7117702
9984	-14.04054	-187.64	173.5995	0.6522258
9990	-6.647703	-180.2852	173.6375	0.5180746
9996	-5.319551	-178.7622	173.4426	0.8809693
10002	-8.418724	-182.0566	173.6379	0.5104667
10008	-4.412294	-177.9647	173.5524	0.7365259
10014	-7.922878	-181.4753	173.5524	0.7365259
10020	-13.89326	-187.3267	173.4334	0.8915119
10026	-11.15731	-184.3461	173.1888	1.134238
10032	-5.104493	-178.6222	173.5177	0.7870186
10038	-1.243359	-174.8349	173.5916	0.6684482
10044	-10.44951	-184.0411	173.5916	0.6684482
10050	-14.54573	-187.9817	173.4359	0.8886424
10056	-21.75121	-195.1871	173.4359	0.8886424
10062	-10.84186	-184.297	173.4551	0.866333
10068	-4.368	-177.6586	173.2906	1.039951
10074	-0.7686414	-174.3636	173.5949	0.6617592
10080	4.4049	-169.2193	173.6242	0.5880368
10086	3.036135	-170.5921	173.6283	0.5735472
10092	1.164747	-172.4635	173.6283	0.5735472
10098	-2.877589	-176.5138	173.6362	0.4698389
10104	1.432676	-172.1914	173.6241	0.5885257
10110	5.778386	-167.819	173.5974	0.656581
10116	-2.242649	-175.8253	173.5826	0.6855988
10122	-7.743588	-181.3262	173.5826	0.6855988
10128	0.6751748	-172.4723	173.1475	1.1707
10134	-0.6385778	-174.195	173.5564	0.7302593
10140	3.94736	-169.6833	173.6307	0.5635041
10146	4.325864	-169.2293	173.5552	0.322999
10152	2.107633	-171.5255	173.6331	0.45147
10158	5.359544	-168.2784	173.6379	0.490039
10164	1.673592	-171.839	173.5126	0.7940538
10170	-3.179685	-176.7927	173.613	0.6207168
10176	-1.149562	-174.426	173.2764	1.053472
10182	1.448804	-171.9609	173.4097	0.9180657
10188	2.046858	-171.0676	173.1144	1.19931
10194	-2.383681	-175.4981	173.1144	1.19931
10200	4.556445	-168.7566	173.313	1.018087
10206	-1.386378	-175.0215	173.6351	0.462337
10212	-0.361982	-173.481	173.119	1.195367
10218	-5.714144	-179.0542	173.34	0.9911976
10224	-2.839268	-176.3967	173.5575	0.7285765
10230	1.475719	-172.0817	173.5575	0.7285765
10236	7.114476	-166.4078	173.5223	0.7807628
10242	2.836978	-170.8009	173.6378	0.4877229
10248	2.067551	-171.5703	173.6378	0.4877229
10254	-0.9629195	-174.5831	173.6202	0.6008616
10260	-10.04715	-183.4056	173.3584	0.9724647
10266	-7.43784	-180.9242	173.4863	0.8282806
10272	-14.42391	-187.4872	173.0633	1.242565
10278	-16.9498	-190.0131	173.0633	1.242565
10284	-9.872293	-183.3954	173.5231	0.2968542
10290	-1.001321	-174.5445	173.5431	0.7506785
10296	-3.527879	-177.0772	173.5493	0.741333
10302	-1.710246	-175.2736	173.5634	0.3307571
10308	-1.069184	-174.6496	173.5805	0.6895786
10314	-7.413847	-180.7392	173.3254	1.005899
10320	-13.98486	-187.0917	173.1069	1.205748
10326	-16.95055	-189.9376	172.987	1.305363
10332	-10.90771	-184.3474	173.4397	0.8843197
10338	-11.1439	-184.7322	173.5883	0.6748047
10344	-8.477184	-181.8731	173.3959	0.9329997
10350	-9.876095	-183.3621	173.486	0.8287321
10356	-11.89019	-184.9957	173.1055	1.206927
10362	-18.89866	-192.5031	173.6045	0.641228
10368	-14.51214	-187.9053	173.3932	0.9359725
10374	-8.370494	-181.9782	173.6077	0.6336717
10380	-16.45352	-189.9567	173.5032	0.8065817
10386	-8.8569	-182.2338	173.3769	0.9532401
10392	-2.226924	-175.7933	173.5664	0.7140658
10398	-4.307896	-177.5159	173.208	1.116926
10404	-2.513702	-175.6126	173.0989	1.212579
10410	1.738279	-171.8681	173.6063	0.6369032
10416	2.209961	-171.3151	173.5251	0.7768127
10422	2.965761	-170.6582	173.624	0.4204675
10428	6.757156	-166.8809	173.6381	0.5053219
10434	6.569685	-167.0679	173.6376	0.5160554
10440	7.643612	-165.9834	173.6271	0.5781634
10446	4.901886	-168.5505	173.4523	0.8696259
10452	-12.00218	-184.6999	172.6978	1.529105
10458	-5.793709	-179.401	173.6073	0.6347031
10464	1.253333	-172.2347	173.488	0.8261506
10470	-0.4223586	-174.0013	173.579	0.6922509
10476	-6.416792	-179.6523	173.2355	1.091796
10482	-13.28853	-186.8035	173.515	0.7908049
10488	-18.25504	-191.3543	173.0992	1.212265
10494	-14.15691	-187.5048	173.3479	0.9832791
10500	-13.81946	-186.9811	173.1616	1.15832
10506	-14.56113	-187.8719	173.3108	1.020275
10512	-12.98845	-186.5966	173.6081	0.6326537
10518	-9.29621	-182.7556	173.4594	0.8612183
10524	-13.71855	-187.1948	173.4762	0.8408563
10530	-4.715655	-178.2778	173.5622	0.7209861
10536	-3.178144	-176.7704	173.5923	0.6670635
10542	-5.477008	-179.029	173.552	0.7372126
10548	-12.65263	-186.0729	173.4203	0.9063338
10554	-15.29734	-188.5152	173.2178	1.10801
10560	-8.501156	-181.9689	173.4678	0.8512078
10566	-11.25425	-184.7249	173.4706	0.8477074
10572	-15.75771	-189.2158	173.4581	0.8628654
10578	-11.93576	-184.7335	172.7977	1.453893
10584	-2.53489	-175.9829	173.4481	0.8746454
10590	-7.688321	-181.2017	173.5133	0.7930077
10596	-8.488057	-181.5765	173.0885	1.221423
10602	-1.896914	-175.5084	173.6115	0.6244854
10608	-1.10416	-174.3956	173.2914	1.039113
10614	-12.73669	-186.0281	173.2914	1.039113
10620	-3.066954	-176.3483	173.2813	1.048793
10626	-3.647112	-176.8077	173.1606	1.159195
10632	-1.880676	-175.2695	173.3888	0.9406342
10638	1.619484	-171.7693	173.3888	0.9406342
10644	-12.76353	-186.2994	173.5359	0.7613779
10650	-12.68409	-186.1792	173.4951	0.8170749
10656	-19.633	-192.5148	172.8818	1.389074
10662	-10.20505	-183.2277	173.0227	1.276275
10668	-14.68583	-188.2349	173.549	0.7417359
10674	-10.80001	-184.2405	173.4404	0.8834759
10680	-13.44705	-186.935	173.488	0.8261817
10686	-10.29431	-183.7676	173.4733	0.8444423
10692	-5.094892	-178.5715	173.4767	0.8403364
10698	-1.957158	-175.4453	173.4881	0.8259872
10704	0.6352625	-172.7814	173.4167	0.9103465
10710	-3.498159	-177.0698	173.5716	0.7052118
10716	-6.561411	-179.6576	173.0962	1.214849
10722	-2.937888	-176.5744	173.6365	0.5292696
10728	-0.6454313	-174.216	173.5706	0.3380306
10734	-2.758857	-176.3353	173.5764	0.6968224
10740	-25.41803	-198.7109	173.2929	1.03771
10746	-23.89354	-197.0264	173.1328	1.183444
10752	-14.4226	-187.9585	173.5359	0.7613908
10758	-18.38776	-191.9237	173.5359	0.7613908
10764	-24.39889	-197.0296	172.6307	1.578523
10770	-16.49502	-189.9276	173.4326	0.8924989
10776	-11.6529	-184.9197	173.2668	1.062564
10782	-12.96476	-185.6722	172.7074	1.521912
10788	-20.64936	-193.9473	173.298	1.032805
10794	-7.219772	-180.6913	173.4716	0.8465818
10800	-5.845505	-179.2881	173.4426	0.8810373
10806	-11.69138	-184.968	173.2766	1.053297
10812	-24.74804	-197.8253	173.0773	1.230854
10818	-36.0686	-208.962	172.8934	1.379999
10824	-13.20758	-186.8381	173.6305	0.5641541
10830	-7.45215	-181.0602	173.608	0.6329782
10836	-10.64144	-183.7311	173.0897	1.220356
10842	-17.14668	-190.2066	173.0599	1.245428
10848	-26.66359	-199.8088	173.1452	1.172687
10854	-21.01503	-194.3802	173.3651	0.9655509
10860	-13.31066	-186.6084	173.2978	1.032974
10866	-11.21291	-184.6317	173.4188	0.9079699
10872	-8.174483	-181.7023	173.5278	0.7730022
10878	-8.778584	-182.0979	173.3193	1.01193
10884	-12.94857	-186.1818	173.2332	1.093944
10890	-11.07168	-184.1201	173.0484	1.25502
10896	-0.6404125	-174.2272	173.5868	0.3564506
10902	5.269799	-168.3107	173.5805	0.6895
10908	-0.9358285	-174.1136	173.1777	1.144062
10914	-3.501095	-176.9924	173.4913	0.8220071
10920	5.658689	-167.9345	173.5932	0.6651616
10926	-1.385777	-174.7356	173.3498	0.981312
10932	-0.8931992	-174.4546	173.5614	0.7221699
10938	5.700773	-167.937	173.6378	0.5139538
10944	5.217851	-168.29	173.5078	0.8004452
10950	-2.783746	-176.3886	173.6048	0.6404056
10956	-3.271905	-176.6011	173.3292	1.002059
10962	-5.140922	-178.6767	173.5358	0.7615087
10968	-4.257666	-177.8663	173.6086	0.3881798
10974	0.7292475	-172.9088	173.6381	0.5057454
10980	-1.734172	-175.223	173.4888	0.8250997
10986	1.160707	-172.463	173.6237	0.5898808
10992	-0.8605766	-174.2875	173.4269	0.8988739
10998	2.555542	-171.0587	173.6142	0.6174066
11004	-1.455956	-175.0702	173.6142	0.6174066
11010	-6.169985	-179.6784	173.5084	0.7996028
11016	0.8495255	-172.7736	173.6232	0.5915749
11022	-4.745091	-178.216	173.4709	0.8473629
11028	-3.046734	-176.5177	173.4709	0.8473629
11034	0.05848049	-173.3836	173.4421	0.881613
11040	9.037913	-164.5387	173.5767	0.6963823
11046	2.701367	-170.9188	173.6202	0.6007501
11052	-1.203696	-174.7635	173.5599	0.7247516
11058	7.366213	-166.1549	173.5211	0.2954379
11064	9.906002	-163.6947	173.6007	0.3753659
11070	2.26968	-170.8468	173.1165	1.197535
11076	8.968934	-164.5097	173.4786	0.8378877
11082	12.7239	-160.8153	173.5392	0.7566118
11088	-4.582333	-177.9421	173.3598	0.9710487
11094	-9.043733	-182.0653	173.0216	1.277177
11100	4.922586	-168.694	173.6166	0.6109857
11106	5.410421	-168.2273	173.6377	0.4854249
11112	5.486453	-167.9634	173.4499	0.8724926
11118	1.218267	-172.2244	173.4427	0.8809135
11124	-5.658617	-179.0231	173.3645	0.9662116
11130	-3.958312	-177.0443	173.086	1.223486
11136	-6.547316	-180.0727	173.5254	0.776425
11142	-10.36239	-183.8906	173.5282	0.772447
11148	-7.758885	-180.7236	172.9647	1.323374
11154	-3.209342	-176.8452	173.6359	0.4670839
11160	-2.113133	-175.4412	173.3281	1.003185
11166	-8.835935	-181.8057	172.9697	1.319353
11172	-10.73076	-183.9339	173.2032	1.121295
11178	-8.515969	-181.897	173.3811	0.948875
11184	-7.178644	-180.5882	173.4096	0.9181529
11190	-13.26959	-186.6223	173.3527	0.9783406
11196	-16.47681	-189.8959	173.4191	0.9076582
11202	-15.90017	-189.2892	173.3891	0.9403596
11208	-10.7449	-184.3301	173.5852	0.6807444
11214	-12.08692	-185.6036	173.5167	0.7884287
11220	-16.63387	-190.1973	173.5634	0.7189214
11226	-18.30491	-191.7585	173.4536	0.8681943
11232	-10.55018	-183.7393	173.1891	1.1339
11238	-4.093492	-177.5315	173.438	0.8862506
11244	-2.657462	-176.0922	173.4348	0.8899968
11250	-6.073756	-179.323	173.2492	1.079114
11256	-9.826947	-183.2438	173.4168	0.9101404
11262	5.101476	-168.4489	173.5504	0.7396764
11268	-0.9737644	-174.5604	173.5866	0.6781045
11274	-10.09979	-182.8891	172.7893	1.46034
11280	1.021775	-172.374	173.3958	0.9331585
11286	0.0711146	-173.5281	173.5992	0.6527504
11292	-5.040699	-178.506	173.4653	0.8542046
11298	-13.36724	-186.8325	173.4653	0.8542046
11304	-9.995086	-183.6114	173.6163	0.6118086
11310	-4.627988	-178.2581	173.6301	0.4392486
11316	-10.57966	-183.8528	173.2732	1.056567
11322	-6.037687	-179.3245	173.2869	1.043504
11328	-6.15046	-179.6349	173.4844	0.8306477
11334	-8.824604	-182.309	173.4844	0.8306477
11340	1.577556	-171.4639	173.0414	1.260803
11346	-2.976708	-176.4384	173.4617	0.8584805
11352	-6.140332	-179.7244	173.5841	0.6829395
11358	-10.50463	-183.8211	173.3164	1.014726
11364	0.4738236	-173.0915	173.5653	0.7158819
11370	-1.630555	-175.2019	173.5713	0.3387807
11376	0.693022	-172.5083	173.2013	1.122978
11382	4.727361	-168.6541	173.3814	0.9484674
11388	-1.048906	-174.6455	173.5966	0.3694435
11394	-5.832025	-179.47	173.638	0.4909969
11400	-2.651319	-176.1162	173.4649	0.854643
11406	-5.03241	-178.5915	173.5591	0.7259914
11412	-0.04020085	-173.5993	173.5591	0.7259914
11418	7.196787	-166.4343	173.6311	0.4431451
11424	2.130335	-171.3993	173.5296	0.7704039
11430	3.062868	-170.5222	173.5851	0.6810715
11436	-9.206618	-182.7075	173.5009	0.8095867
11442	-1.696181	-174.9632	173.267	1.062407
11448	-25.33661	-198.6433	173.3066	1.02435
11454	-33.78507	-207.2137	173.4286	0.8969612
11460	-28.08777	-201.6086	173.5209	0.7827372
11466	-23.20127	-196.6544	173.4532	0.8686583
11472	-15.62541	-189.1267	173.5013	0.8090448
11478	-17.67395	-190.5643	172.8903	1.382372
11484	-14.11324	-187.5361	173.4229	0.9034339
11490	-4.788573	-178.328	173.5394	0.7562466
11496	-6.32372	-179.9297	173.606	0.6378044
11502	-12.48753	-186.1255	173.638	0.4909955
11508	-12.40282	-185.929	173.5261	0.7753453
11514	3.636252	-170.0019	173.6381	0.5018676
11520	-0.4872103	-174.1237	173.6365	0.5291126
11526	-6.156385	-179.6402	173.4838	0.8313859
11532	0.4102315	-173.1691	173.5793	0.6916782
11538	0.09329939	-173.3615	173.4548	0.8667524
11544	-9.511777	-183.1262	173.6144	0.6169872
11550	-11.85916	-184.7027	172.8435	1.418774
11556	-11.06133	-183.986	172.9247	1.355308
11562	-20.03017	-193.1698	173.1396	1.177528
11568	-18.06951	-191.2092	173.1396	1.177528
11574	-16.91901	-190.4764	173.5574	0.728738
11580	-7.227796	-180.53	173.3022	1.028665
11586	-20.54655	-193.9537	173.4072	0.9208176
11592	-10.11605	-183.5696	173.4535	0.8682472
11598	-8.599818	-182.0872	173.4874	0.8268776
11604	-8.169776	-181.0714	172.9016	1.37352
11610	-1.445746	-174.7775	173.3317	0.9995708
11616	0.2875908	-172.7457	173.0333	1.267546
11622	3.494819	-170.1354	173.6302	0.4396871
11628	12.77498	-160.8521	173.6271	0.5779412
11634	8.215122	-165.4225	173.6376	0.5163652
11640	0.4892273	-173.1052	173.5944	0.6628093
11646	-0.330085	-173.9533	173.6233	0.5912968
11652	5.181791	-168.4452	173.627	0.428902
11658	8.592247	-165.0358	173.6281	0.5743083
11664	7.946205	-165.6819	173.6281	0.5743083
11670	4.215317	-169.3588	173.5741	0.7009379
11676	5.347195	-168.2307	173.5779	0.6942352
11682	-0.1872091	-173.7651	173.5779	0.6942352
11688	-3.929353	-177.4513	173.522	0.7811884
11694	-2.392017	-175.9984	173.6064	0.6368596
11700	-4.537864	-178.0335	173.4956	0.8164079
11706	-1.306022	-174.8016	173.4956	0.8164079
11712	-1.523642	-174.9954	173.4718	0.8463396
11718	-16.72444	-190.188	173.4636	0.8562941
11724	-0.1200248	-173.758	173.6379	0.5102938
11730	3.094935	-170.4775	173.5724	0.7038057
11736	-6.638845	-180.2113	173.5724	0.7038057
11742	-9.247495	-182.8807	173.6332	0.4521833
11748	-6.745426	-180.3836	173.6381	0.500757
11754	-7.02597	-180.4895	173.4635	0.8563238
11760	-9.52451	-183.1026	173.5781	0.693837
11766	-9.195424	-182.737	173.5416	0.753038
11772	0.6272305	-172.9589	173.5861	0.6790028
11778	-4.304878	-177.4716	173.1667	1.153858
11784	2.034611	-171.2289	173.2635	1.065723
11790	0.5565651	-173.0805	173.6371	0.4771718
11796	1.145527	-172.4556	173.6011	0.3759888
11802	3.512223	-170.0718	173.584	0.6830358
11808	10.08879	-163.5258	173.6146	0.616488
11814	5.045044	-168.3162	173.3613	0.9695425
11820	-0.7025178	-174.0569	173.3544	0.9766259
11826	4.406544	-168.722	173.1285	1.187149
11832	-3.031781	-176.4563	173.4245	0.9015911
11838	-1.993618	-175.6117	173.6181	0.6070066
11844	0.9045272	-172.682	173.5865	0.6782392
11850	0.6621565	-172.674	173.3361	0.9951296
11856	0.9371738	-172.6987	173.6358	0.5347208
11862	-2.148974	-175.5221	173.3732	0.9571769
11868	-5.398957	-178.6752	173.2762	1.053687
11874	-10.53152	-183.6753	173.1438	1.173907
11880	-4.376104	-177.9091	173.533	0.7656402
11886	8.121543	-165.4479	173.5694	0.7089624
11892	5.390829	-168.2337	173.6246	0.4220961
11898	6.389551	-167.012	173.4015	0.9269703
11904	8.883938	-164.6007	173.4847	0.8303603
11910	0.7814769	-172.7185	173.4999	0.8108261
11916	4.402352	-169.1167	173.5191	0.7851667
11922	0.8409252	-172.7933	173.6343	0.5453644
11928	-1.339738	-174.938	173.5982	0.6548454
11934	-3.228264	-176.8512	173.6229	0.5923041
11940	-2.36527	-175.9801	173.6149	0.6157574
11946	-4.118452	-177.3826	173.2642	1.065061
11952	-0.1519208	-173.4161	173.2642	1.065061
11958	6.120436	-167.336	173.4565	0.8647564
11964	-2.180022	-175.8101	173.63	0.5663222
11970	-0.9348523	-174.2105	173.2757	1.05421
11976	-5.440573	-178.7162	173.2757	1.05421
11982	-5.629785	-179.267	173.6372	0.4786747
11988	-9.676752	-183.2507	173.574	0.7011471
11994	-4.7348	-178.3228	173.588	0.6754618
12000	3.820864	-169.726	173.5469	0.7450208
12006	0.06220377	-173.4367	173.4989	0.812116
12012	4.321392	-169.2261	173.5475	0.7441024
12018	2.724782	-170.9051	173.6299	0.566932
12024	0.5561428	-173.014	173.5701	0.3375534
12030	3.803518	-169.7065	173.51	0.797497
12036	-9.614752	-183.1248	173.51	0.797497
12042	-4.028742	-177.664	173.6353	0.5387774
12048	-1.909252	-175.4636	173.5544	0.7334847
12054	3.870916	-169.7633	173.6343	0.545372
12060	0.3968632	-173.0803	173.4771	0.8397558
12066	-10.16649	-183.5595	173.393	0.936189
12072	-11.23833	-184.5864	173.3481	0.9830382
12078	-5.144468	-178.4926	173.3481	0.9830382
12084	-2.563645	-176.1324	173.5688	0.7100093
12090	-8.751711	-182.085	173.3333	0.9979646
12096	0.1336158	-173.2968	173.4304	0.8949317
12102	-2.752363	-176.1828	173.4304	0.8949317
12108	-6.992463	-180.6172	173.6247	0.5865405
12114	-0.8853135	-174.3553	173.4699	0.8485704
12120	-5.99772	-179.2481	173.2504	1.077968
12126	-9.744569	-182.995	173.2504	1.077968
12132	-10.60053	-183.7806	173.1801	1.142012
12138	-7.472974	-180.9871	173.5141	0.7919268
12144	-1.926943	-174.8829	172.9559	1.33044
12150	-7.884128	-181.366	173.4818	0.8339107
12156	-3.992216	-177.5997	173.6075	0.6342082
12162	-9.892071	-183.143	173.2509	1.07748
12168	-1.551931	-174.8029	173.2509	1.07748
12174	-10.5484	-184.1842	173.6358	0.5353176
12180	9.020093	-164.6151	173.6352	0.5392032
12186	3.929646	-169.549	173.4786	0.8378873
12192	2.182358	-171.4175	173.5999	0.6513944
12198	0.6819396	-172.8639	173.5458	0.7466475
12204	1.109344	-172.519	173.6283	0.4332507
12210	-1.047985	-174.4717	173.4237	0.9024676
12216	2.111612	-171.5042	173.6158	0.6131915
12222	3.98087	-169.4883	173.4691	0.8495338
12228	-1.802866	-175.4165	173.6136	0.6190736
12234	-4.796011	-178.4217	173.6257	0.5831453
12240	1.239163	-171.9944	173.2336	1.093587
12246	0.1298282	-173.0767	173.2065	1.118299
12252	3.150333	-170.4091	173.5595	0.7253901
12258	3.058817	-170.5006	173.5595	0.7253901
12264	-1.502123	-175.095	173.5929	0.6659319
12270	-5.851863	-179.4675	173.6156	0.6137478
12276	-9.960901	-183.5988	173.6379	0.5101205
12282	-0.5325063	-173.9494	173.4169	0.9100802
12288	-5.447042	-178.8639	173.4169	0.9100802
12294	-0.6537577	-174.1204	173.4667	0.8525258
12300	0.8080681	-172.7468	173.5549	0.7327024
12306	-4.968961	-178.5744	173.6055	0.6389009
12312	-5.728551	-179.2804	173.5518	0.73749
12318	-8.093249	-181.5509	173.4577	0.8632879
12324	-17.49706	-190.8986	173.4015	0.9269417
12330	-8.700734	-182.0632	173.3625	0.9682938
12336	-2.796851	-176.3678	173.5709	0.7064146
12342	-12.09731	-185.6761	173.5787	0.3468761
12348	-4.316831	-177.9534	173.6366	0.4723826
12354	-2.983922	-176.5937	173.6098	0.6287706
12360	-3.573966	-176.9448	173.3708	0.2175288
12366	-2.003273	-175.6064	173.6032	0.6441599
12372	-0.6218536	-174.225	173.6032	0.6441599
12378	-3.154015	-176.7572	173.6032	0.6441599
12384	-1.197412	-174.8006	173.6032	0.6441599
12390	1.187567	-172.2773	173.4649	0.8547159
12396	3.59077	-169.9855	173.5763	0.3441498
12402	0.2977764	-173.3354	173.6331	0.551611
12408	6.295858	-167.2808	173.5767	0.6963017
12414	-0.2625553	-173.6859	173.4233	0.9029366
12420	-9.445384	-182.9327	173.4873	0.8270759
12426	-15.16213	-188.7562	173.5941	0.6634256
12432	-0.3909921	-174.0152	173.6242	0.5880212
12438	-2.25119	-175.8191	173.5679	0.7114381
12444	7.465145	-166.1723	173.6375	0.482058
12450	7.047588	-166.4643	173.5119	0.794996
12456	-0.03432607	-173.4397	173.4053	0.922798
12462	2.218511	-171.1707	173.3892	0.9401924
12468	0.976077	-172.5721	173.5482	0.7430821
12474	2.24427	-171.3135	173.5577	0.7281678
12480	-1.178847	-174.5275	173.3487	0.9824273
12486	-6.692793	-180.2608	173.568	0.7113388
12492	-5.110971	-178.7112	173.6002	0.6505921
12498	-2.885603	-176.4293	173.5437	0.7498127
12504	5.546111	-167.7763	173.3224	1.008859
12510	1.081376	-172.2977	173.3791	0.950939
12516	1.993481	-171.446	173.4395	0.8845407
12522	-0.3306977	-173.9638	173.6331	0.4513017
12528	-3.113184	-176.7419	173.6287	0.4344896
12534	4.395131	-169.2166	173.6117	0.6239732
12540	-3.785099	-177.423	173.6379	0.5120209
12546	-4.993873	-178.4959	173.502	0.8080867
12552	-10.42027	-184.0574	173.6371	0.477419
12558	-8.243664	-181.6086	173.365	0.9657244
12564	-15.04349	-188.4084	173.365	0.9657244
12570	-22.74088	-196.3371	173.5962	0.6591227
12576	-19.44852	-192.7798	173.3313	0.9999618
12582	-19.474	-193.1019	173.6279	0.5750086
12588	-13.83977	-187.4091	173.5694	0.7090222
12594	-9.635275	-183.1126	173.4773	0.8395156
12600	-12.09684	-185.5638	173.467	0.8521865
12606	-14.74904	-188.2306	173.4816	0.8342364
12612	-8.774485	-182.1264	173.3519	0.9791269
12618	-20.23289	-193.6873	173.4544	0.8671933
12624	-21.77875	-195.308	173.5293	0.7708984
12630	-14.40071	-187.9664	173.5657	0.715183
12636	-22.3425	-195.4613	173.1188	1.195528
12642	-24.16424	-197.7252	173.561	0.7228931
12648	-14.59818	-188.022	173.4238	0.9023422
12654	-10.08022	-183.3792	173.299	1.031823
12660	-0.6715486	-174.2981	173.6266	0.5798894
12666	5.158183	-168.4694	173.6276	0.430754
12672	3.853832	-169.7537	173.6076	0.6339974
12678	4.556563	-169.0632	173.6198	0.6020658
12684	7.085	-166.5267	173.6117	0.6240618
12690	8.709733	-164.9267	173.6364	0.5301302
12696	9.342987	-164.2712	173.6142	0.6175575
12702	6.290092	-167.3241	173.6142	0.6175575
12708	-4.132674	-177.7699	173.6372	0.52135
12714	-5.14014	-178.7525	173.6124	0.6222194
12720	-13.4587	-186.4802	173.0215	1.277259
12726	-11.12046	-184.4337	173.3132	1.017908
12732	9.865993	-163.7231	173.5891	0.6733782
12738	-5.180433	-178.7962	173.6157	0.6134556
12744	-1.700122	-174.6936	172.9935	1.300111
12750	-7.154441	-180.3477	173.1933	1.130222
12756	-4.788713	-178.4241	173.6354	0.4640226
12762	1.714049	-171.864	173.578	0.6939341
12768	-9.662407	-183.1804	173.518	0.7867209
12774	-13.36926	-186.853	173.4837	0.8315701
12780	-12.78069	-186.0857	173.3051	1.025891
12786	-6.555948	-180.008	173.452	0.8699697
12792	-5.698164	-179.1502	173.452	0.8699697
12798	-6.463037	-180.092	173.6289	0.435238
12804	-3.340419	-176.8128	173.4724	0.8455653
12810	-3.964498	-177.597	173.6325	0.5547538
12816	-8.744299	-181.9105	173.1662	1.15426
12822	-6.836289	-180.1902	173.3539	0.9770807
12828	-8.912456	-182.5485	173.636	0.5332359
12834	0.7465035	-172.8686	173.6151	0.6152509
12840	0.2637202	-173.3165	173.5803	0.3485974
12846	-3.746186	-177.3229	173.5767	0.6962529
12852	-15.37953	-188.4304	173.0509	1.252928
12858	-5.787099	-179.3921	173.605	0.6400731
12864	-4.035397	-177.4937	173.4583	0.8625349
12870	-2.801364	-176.2597	173.4583	0.8625349
12876	-4.514936	-177.8134	173.2984	1.032332
12882	-6.51323	-180.093	173.5798	0.6908355
12888	-0.1349434	-173.7611	173.6262	0.5814147
12894	-6.575674	-180.1243	173.5486	0.7424582
12900	-4.14736	-177.6004	173.453	0.8688518
