Iteration	Posterior	Likelihood	Prior	tree_length
0	-710.6895	-883.6499	172.9604	1.326831
6	-706.0195	-878.8042	172.7847	1.463822
12	-704.8446	-877.5799	172.7353	1.501053
18	-695.0508	-867.7862	172.7353	1.501053
24	-691.8263	-864.4978	172.6715	1.548561
30	-685.7642	-858.6254	172.8612	1.405095
36	-693.9297	-866.8668	172.9371	1.345463
42	-698.0859	-870.957	172.8712	1.397344
48	-700.1485	-872.9947	172.8462	1.416711
54	-698.3075	-871.1537	172.8462	1.416711
60	-696.9664	-869.7791	172.8127	1.44247
66	-698.7212	-871.5381	172.8169	1.439289
72	-698.9375	-871.449	172.5114	1.664768
78	-696.8213	-869.6869	172.8655	1.401743
84	-690.6858	-863.6438	172.958	1.328788
90	-695.5302	-868.5211	172.9909	1.302254
96	-684.6326	-857.7816	173.1489	1.169431
102	-687.3191	-859.9909	172.6719	1.548281
108	-692.6087	-865.6297	173.021	1.277629
114	-693.3964	-866.1417	172.7453	1.493613
120	-691.7326	-864.4453	172.7127	1.518019
126	-703.9675	-876.4608	172.4933	1.677723
132	-691.8508	-864.5757	172.7249	1.508865
138	-687.7171	-860.4746	172.7575	1.484396
144	-700.5382	-872.9125	172.3743	1.761617
150	-701.7938	-874.4932	172.6994	1.527915
156	-696.5622	-869.0828	172.5205	1.658271
162	-695.5588	-868.1938	172.6349	1.575446
168	-704.8859	-877.6198	172.7339	1.502136
174	-703.222	-875.8542	172.6323	1.577388
180	-699.0118	-871.7543	172.7425	1.495679
186	-703.7502	-876.5651	172.815	1.44074
192	-699.0702	-871.9515	172.8813	1.389467
198	-684.2395	-856.9517	172.7123	1.518316
204	-697.4645	-870.203	172.7385	1.498708
210	-701.0603	-873.5376	172.4773	1.689059
216	-707.6558	-880.9388	173.283	1.047211
222	-696.0329	-869.0828	173.0499	1.253734
228	-684.4041	-857.4358	173.0316	1.26889
234	-704.9574	-878.0825	173.1251	1.190113
240	-687.6045	-860.3605	172.756	1.485534
246	-706.5861	-879.4097	172.8236	1.434102
252	-710.793	-883.6167	172.8236	1.434102
258	-702.4202	-874.9774	172.5572	1.631927
264	-696.99	-869.8565	172.8666	1.40091
270	-686.6712	-859.5355	172.8643	1.402675
276	-697.8014	-870.2645	172.4632	1.699115
282	-698.2509	-871.3415	173.0906	1.219623
288	-697.3176	-869.9945	172.6769	1.544554
294	-693.4904	-866.4923	173.0019	1.293296
300	-696.0896	-869.0225	172.9329	1.348767
306	-698.3436	-870.9613	172.6176	1.58808
312	-695.2038	-868.1686	172.9649	1.323257
318	-697.5919	-870.7931	173.2012	1.123076
324	-693.4076	-866.29	172.8824	1.388603
330	-697.5419	-870.1959	172.654	1.561474
336	-717.238	-889.8919	172.654	1.561474
342	-701.1494	-873.9549	172.8055	1.447951
348	-697.6427	-870.5957	172.953	1.332738
354	-695.2522	-868.2053	172.953	1.332738
360	-696.8789	-869.8377	172.9588	1.328149
366	-695.3127	-868.4338	173.1211	1.193562
372	-699.8435	-872.7503	172.9068	1.369456
378	-700.4786	-873.0029	172.5242	1.655606
384	-709.5727	-882.0208	172.4481	1.709782
390	-705.7677	-878.8136	173.0459	1.257086
396	-702.3117	-874.8999	172.5882	1.609481
402	-695.2281	-868.2494	173.0213	1.277423
408	-703.0124	-876.0337	173.0213	1.277423
414	-711.0207	-883.787	172.7663	1.477745
420	-710.4459	-883.2426	172.7967	1.454677
426	-696.0301	-869.0899	173.0598	1.245549
432	-694.7785	-867.7095	172.931	1.350341
438	-702.3764	-875.1193	172.7429	1.495407
444	-693.5128	-866.362	172.8492	1.414357
450	-701.8471	-874.7405	172.8935	1.379923
456	-699.4861	-872.2248	172.7387	1.498548
462	-697.4001	-870.45	173.0499	1.253776
468	-690.7694	-863.6908	172.9214	1.357896
474	-702.5975	-875.5482	172.9506	1.33467
480	-699.9766	-872.9024	172.9258	1.354461
486	-689.2633	-862.3236	173.0603	1.245063
492	-694.8182	-867.479	172.6608	1.556432
498	-697.3791	-870.2636	172.8845	1.386931
504	-707.5827	-880.5032	172.9206	1.358582
510	-701.0948	-873.9516	172.8568	1.408479
516	-711.6594	-883.9931	172.3337	1.789843
522	-708.117	-881.1909	173.0739	1.233679
528	-704.5778	-877.0179	172.4401	1.715398
534	-692.753	-865.8259	173.0729	1.234573
540	-697.2908	-870.1168	172.8261	1.432222
546	-692.1692	-864.6931	172.5239	1.655814
552	-687.848	-860.7557	172.9077	1.368733
558	-694.7972	-867.8428	173.0456	1.257363
564	-695.1709	-868.1838	173.0129	1.284306
570	-702.3195	-875.3568	173.0373	1.264194
576	-697.0473	-869.7633	172.716	1.515521
582	-694.5886	-867.6918	173.1032	1.208909
588	-700.5903	-873.1184	172.5281	1.652832
594	-692.5959	-865.6379	173.042	1.260323
600	-693.0179	-865.6803	172.6624	1.555256
606	-695.8855	-868.6789	172.7934	1.457182
612	-698.9698	-871.7632	172.7934	1.457182
618	-688.3853	-861.3412	172.9559	1.330483
624	-694.6267	-867.4162	172.7895	1.460177
630	-695.4065	-868.291	172.8845	1.386906
636	-697.9445	-870.829	172.8845	1.386906
642	-705.0173	-877.9277	172.9104	1.366571
648	-697.5746	-870.485	172.9104	1.366571
654	-701.7319	-874.9272	173.1953	1.128418
660	-700.5814	-873.0831	172.5017	1.671717
666	-697.6787	-870.6352	172.9565	1.329967
672	-713.1807	-886.2864	173.1057	1.206784
678	-704.9687	-877.5184	172.5496	1.637371
684	-696.8053	-869.4463	172.641	1.570992
690	-696.94	-869.015	172.075	1.966213
696	-695.7324	-868.0987	172.3664	1.767142
702	-699.992	-872.9471	172.955	1.331146
708	-717.6948	-890.6313	172.9365	1.345904
714	-705.4222	-878.4014	172.9791	1.311773
720	-703.0597	-875.697	172.6373	1.57368
726	-697.6776	-870.3149	172.6373	1.57368
732	-694.8588	-867.4753	172.6166	1.58888
738	-695.5418	-868.1741	172.6323	1.57734
744	-708.8018	-881.3263	172.5245	1.655452
750	-696.3462	-868.78	172.4338	1.719871
756	-691.6974	-864.3207	172.6233	1.583954
762	-691.1112	-863.7345	172.6233	1.583954
768	-700.3997	-873.023	172.6233	1.583954
774	-699.657	-872.3149	172.6579	1.558552
780	-696.7936	-869.2234	172.4298	1.722672
786	-703.4227	-876.022	172.5993	1.601434
792	-703.9047	-876.6946	172.7899	1.459845
798	-704.6305	-877.5549	172.9245	1.355484
804	-692.2191	-865.0128	172.7937	1.456994
810	-701.6237	-874.4173	172.7937	1.456994
816	-704.9098	-877.7146	172.8048	1.44848
822	-705.214	-877.6364	172.4225	1.727855
828	-710.0329	-882.6472	172.6143	1.590501
834	-699.0357	-871.9901	172.9544	1.331642
840	-697.2653	-870.34	173.0747	1.232992
846	-704.0225	-876.3082	172.2857	1.823049
852	-698.7472	-871.5609	172.8137	1.441739
858	-699.5764	-872.5044	172.9281	1.352641
864	-710.6336	-883.4145	172.7809	1.466668
870	-701.108	-874.033	172.925	1.35504
876	-696.8687	-869.9229	173.0542	1.250193
882	-696.7098	-869.4171	172.7073	1.52202
888	-701.9677	-874.675	172.7073	1.52202
894	-697.8881	-870.5599	172.6717	1.54837
900	-698.5226	-871.3588	172.8362	1.424415
906	-696.4121	-869.4259	173.0137	1.283619
912	-690.4886	-863.1167	172.6282	1.580399
918	-689.435	-862.274	172.839	1.422285
924	-702.1573	-875.1777	173.0205	1.278087
930	-706.2511	-879.3138	173.0627	1.243092
936	-699.5368	-872.1144	172.5776	1.61718
942	-701.4171	-873.8808	172.4636	1.698769
948	-697.8797	-870.3434	172.4636	1.698769
954	-699.4162	-872.3432	172.927	1.353488
960	-699.9561	-872.398	172.4419	1.714153
966	-704.5035	-877.1007	172.5972	1.602973
972	-709.4145	-882.5828	173.1684	1.152373
978	-713.0943	-885.3404	172.2461	1.850252
984	-706.4912	-879.2	172.7088	1.520895
990	-704.5615	-877.3522	172.7907	1.459268
996	-697.7152	-870.5913	172.876	1.393557
1002	-690.3112	-862.9999	172.6887	1.5358
1008	-707.2541	-879.9428	172.6887	1.5358
1014	-707.2678	-879.8467	172.579	1.616204
1020	-699.2814	-871.8374	172.556	1.632772
1026	-697.7028	-870.3392	172.6365	1.574309
1032	-696.8833	-869.3503	172.467	1.696381
1038	-693.1859	-866.0274	172.8415	1.420367
1044	-685.3023	-858.1438	172.8415	1.420367
1050	-692.1262	-864.8632	172.737	1.499815
1056	-689.7424	-862.6061	172.8636	1.403215
1062	-689.4731	-862.6993	173.2262	1.100333
1068	-688.013	-861.1223	173.1093	1.203673
1074	-713.7777	-886.3997	172.622	1.584937
1080	-705.8635	-878.4692	172.6057	1.596798
1086	-693.9799	-866.8298	172.8498	1.413899
1092	-696.2204	-868.9798	172.7594	1.482937
1098	-692.1056	-865.152	173.0465	1.256623
1104	-693.4756	-866.5164	173.0408	1.26129
1110	-686.4194	-859.4642	173.0448	1.258003
1116	-686.7978	-859.9723	173.1744	1.147006
1122	-685.1482	-858.0455	172.8973	1.376937
1128	-685.5501	-858.2846	172.7345	1.501659
1134	-690.3181	-863.0568	172.7386	1.498589
1140	-694.7719	-867.4398	172.6679	1.551219
1146	-699.4156	-872.1486	172.733	1.502831
1152	-704.8895	-878.0146	173.1251	1.190126
1158	-706.6448	-879.9538	173.309	1.022048
1164	-703.4568	-876.6249	173.1681	1.152618
1170	-694.0772	-867.2453	173.1681	1.152618
1176	-699.6487	-872.5627	172.914	1.363801
1182	-704.8739	-877.7879	172.914	1.363801
1188	-704.268	-877.5042	173.2362	1.091142
1194	-701.994	-874.7156	172.7215	1.5114
1200	-708.9031	-881.69	172.7869	1.462123
1206	-703.6451	-876.4235	172.7783	1.468633
1212	-708.7625	-881.5408	172.7783	1.468633
1218	-719.3914	-892.1697	172.7783	1.468633
1224	-715.8087	-888.4268	172.6181	1.587765
1230	-710.6963	-883.5137	172.8174	1.438883
1236	-713.3577	-886.1751	172.8174	1.438883
1242	-697.721	-870.7215	173.0006	1.294382
1248	-702.2282	-874.8594	172.6312	1.578206
1254	-690.6679	-863.647	172.9791	1.311805
1260	-696.6253	-869.6443	173.019	1.279279
1266	-689.0778	-861.943	172.8652	1.402008
1272	-691.6746	-864.3922	172.7175	1.514373
1278	-692.9533	-865.6708	172.7175	1.514373
1284	-691.1879	-863.9054	172.7175	1.514373
1290	-698.8216	-871.6915	172.87	1.398278
1296	-698.6492	-871.4488	172.7996	1.452512
1302	-704.7749	-877.7436	172.9688	1.320112
1308	-698.2988	-871.2472	172.9484	1.336454
1314	-694.7611	-867.1508	172.3897	1.750858
1320	-692.2501	-865.2313	172.9812	1.310094
1326	-685.4842	-858.6255	173.1413	1.176075
1332	-699.7465	-872.8226	173.0761	1.231874
1338	-701.0439	-873.8545	172.8106	1.444098
1344	-697.0692	-869.85	172.7808	1.466773
1350	-707.5441	-880.4786	172.9345	1.347487
1356	-708.6308	-881.6052	172.9744	1.315541
1362	-712.1625	-885.1304	172.9679	1.320824
1368	-703.9732	-877.0045	173.0312	1.269236
1374	-708.1189	-881.0402	172.9214	1.357953
1380	-703.4979	-875.9981	172.5003	1.67273
1386	-704.2003	-876.9831	172.7828	1.465277
1392	-698.7831	-871.5573	172.7742	1.471767
1398	-695.4129	-868.053	172.6402	1.571612
1404	-695.3361	-868.2218	172.8857	1.385985
1410	-702.0597	-874.6831	172.6234	1.583883
1416	-704.6467	-877.6889	173.0421	1.260212
1422	-691.8714	-864.8766	173.0052	1.290573
1428	-688.2259	-861.0471	172.8212	1.435933
1434	-691.5949	-864.7345	173.1396	1.177583
1440	-686.925	-859.8725	172.9475	1.337182
1446	-684.5898	-857.3755	172.7857	1.463028
1452	-686.8615	-859.742	172.8805	1.390087
1458	-694.3684	-866.8425	172.4742	1.691293
1464	-704.0796	-876.5304	172.4508	1.707849
1470	-701.9162	-874.4932	172.577	1.617618
1476	-700.1792	-873.1329	172.9537	1.332228
1482	-699.7539	-872.5719	172.818	1.438374
1488	-687.2843	-860.0255	172.7412	1.496652
1494	-683.5733	-856.5853	173.012	1.285052
1500	-685.679	-858.5221	172.843	1.419175
1506	-685.0286	-857.8295	172.8008	1.451528
1512	-694.8445	-867.6454	172.8008	1.451528
1518	-696.0798	-868.7949	172.7151	1.516162
1524	-709.3729	-882.1757	172.8028	1.450043
1530	-700.9472	-873.9008	172.9535	1.332353
1536	-700.3166	-873.0231	172.7066	1.522542
1542	-694.8433	-867.7574	172.9141	1.36367
1548	-697.8646	-870.7787	172.9141	1.36367
1554	-692.4281	-865.3328	172.9047	1.371079
1560	-696.2458	-868.5623	172.3166	1.801739
1566	-702.4485	-874.765	172.3166	1.801739
1572	-702.1312	-874.5574	172.4261	1.725256
1578	-700.9037	-873.9727	173.069	1.237848
1584	-695.7713	-868.1596	172.3883	1.751816
1590	-697.3373	-870.1093	172.772	1.473442
1596	-699.2614	-872.0683	172.8069	1.446867
1602	-711.8168	-884.6701	172.8533	1.411209
1608	-710.9391	-883.8564	172.9174	1.36112
1614	-710.3938	-883.0673	172.6735	1.547063
1620	-698.5373	-871.631	173.0937	1.216972
1626	-703.0876	-875.845	172.7574	1.484456
1632	-696.5589	-869.5383	172.9794	1.311533
1638	-703.7558	-876.4887	172.7329	1.502889
1644	-694.646	-867.4876	172.8416	1.420225
1650	-706.1506	-878.9923	172.8416	1.420225
1656	-703.5727	-876.4448	172.8721	1.396605
1662	-699.548	-872.4559	172.9079	1.368578
1668	-706.2088	-879.2491	173.0404	1.261679
1674	-700.1781	-872.9932	172.8151	1.440662
1680	-705.1577	-877.9727	172.8151	1.440662
1686	-698.1618	-871.0487	172.8868	1.385117
1692	-701.4124	-874.0908	172.6784	1.543435
1698	-696.8198	-869.9641	173.1443	1.173472
1704	-703.6085	-876.1636	172.5551	1.633442
1710	-703.2769	-876.2936	173.0167	1.281196
1716	-699.291	-872.1433	172.8523	1.411992
1722	-720.2666	-893.2862	173.0195	1.278857
1728	-704.4805	-877.5	173.0195	1.278857
1734	-703.7333	-876.6042	172.8709	1.397544
1740	-700.937	-873.7171	172.7801	1.46731
1746	-705.5997	-878.4759	172.8762	1.393423
1752	-697.0738	-869.8373	172.7636	1.479823
1758	-705.0353	-877.7988	172.7636	1.479823
1764	-712.8256	-885.3548	172.5292	1.652042
1770	-710.6591	-883.6842	173.0251	1.274284
1776	-693.7353	-866.7826	173.0473	1.255904
1782	-697.6941	-870.1897	172.4956	1.67609
1788	-699.7476	-872.76	173.0125	1.284655
1794	-696.0434	-869.0433	172.9999	1.294918
1800	-710.1545	-882.8307	172.6762	1.545089
1806	-707.2575	-880.2221	172.9646	1.32348
1812	-705.163	-877.9495	172.7864	1.462495
1818	-707.8301	-880.5408	172.7107	1.519469
1824	-706.3697	-879.0241	172.6544	1.561171
1830	-710.3963	-883.5878	173.1915	1.131814
1836	-719.8015	-892.7318	172.9303	1.350875
1842	-713.8452	-886.7832	172.938	1.344729
1848	-699.7603	-872.5409	172.7806	1.466929
1854	-705.6314	-878.7615	173.1301	1.18582
1860	-706.3063	-878.9	172.5937	1.60551
1866	-707.5958	-879.9286	172.3328	1.790493
1872	-693.6721	-866.4218	172.7496	1.490332
1878	-707.4313	-880.1777	172.7464	1.492736
1884	-701.8798	-874.4744	172.5946	1.604868
1890	-693.1595	-866.2628	173.1033	1.208797
1896	-692.9141	-865.6264	172.7123	1.518278
1902	-701.2658	-873.8076	172.5417	1.643072
1908	-691.8439	-864.9811	173.1371	1.179705
1914	-693.8455	-866.1976	172.3521	1.777065
1920	-704.6271	-877.3749	172.7478	1.491735
1926	-696.2643	-869.0858	172.8215	1.435732
1932	-705.1198	-877.9413	172.8215	1.435732
1938	-691.0748	-864.0407	172.9658	1.322469
1944	-698.2292	-870.5052	172.2759	1.829766
1950	-698.6628	-871.319	172.6562	1.559803
1956	-699.6105	-872.4992	172.8887	1.383661
1962	-696.437	-869.3257	172.8887	1.383661
1968	-698.2423	-871.3709	173.1286	1.187133
1974	-695.604	-868.5087	172.9046	1.371157
1980	-702.6755	-875.6548	172.9794	1.311576
1986	-701.1318	-873.736	172.6042	1.597895
1992	-702.0013	-874.9213	172.9201	1.358964
1998	-688.7183	-861.4701	172.7518	1.488699
2004	-697.347	-870.0567	172.7097	1.520215
2010	-699.4667	-872.1975	172.7308	1.504455
2016	-706.1094	-878.9504	172.8409	1.420786
2022	-697.6838	-870.6381	172.9543	1.331724
2028	-699.8097	-872.8391	173.0294	1.270756
2034	-694.8454	-867.9041	173.0587	1.246415
2040	-699.0395	-871.8717	172.8322	1.427518
2046	-705.6172	-878.3739	172.7567	1.485007
2052	-714.4908	-887.5067	173.0159	1.281849
2058	-704.2692	-877.3534	173.0842	1.22501
2064	-703.553	-876.3262	172.7732	1.472559
2070	-697.0814	-870.0818	173.0004	1.294474
2076	-696.1643	-868.9925	172.8282	1.430586
2082	-706.9146	-879.6153	172.7007	1.526929
2088	-707.9818	-880.6825	172.7007	1.526929
2094	-703.6613	-876.0801	172.4188	1.730442
2100	-697.9439	-870.7621	172.8182	1.438282
2106	-709.6551	-882.4264	172.7713	1.474001
2112	-694.2567	-867.028	172.7713	1.474001
2118	-697.0426	-869.7496	172.707	1.522207
2124	-688.4484	-861.3703	172.9219	1.357561
2130	-703.2297	-876.1519	172.9222	1.357293
2136	-692.9128	-865.8344	172.9215	1.357807
2142	-692.6463	-865.2456	172.5993	1.601434
2148	-694.1046	-866.9542	172.8496	1.414051
2154	-702.911	-875.776	172.865	1.402124
2160	-689.3759	-862.2251	172.8492	1.414419
2166	-691.003	-863.8521	172.8492	1.414419
2172	-692.5504	-865.4779	172.9275	1.35307
2178	-703.1658	-876.0413	172.8755	1.393937
2184	-695.6587	-868.5918	172.9331	1.348627
2190	-695.1329	-867.8358	172.7028	1.525327
2196	-701.7867	-874.6051	172.8184	1.438106
2202	-693.0862	-865.8857	172.7995	1.452549
2208	-697.9098	-870.6561	172.7463	1.492809
2214	-703.0617	-875.8534	172.7917	1.458484
2220	-694.2674	-867.498	173.2306	1.096316
2226	-696.9203	-869.8803	172.9601	1.327111
2232	-688.9764	-861.7379	172.7615	1.481387
2238	-687.8174	-860.6214	172.804	1.44912
2244	-693.4073	-866.6955	173.2882	1.04218
2250	-703.8546	-876.9285	173.0739	1.233679
2256	-705.8715	-878.9546	173.0831	1.225986
2262	-701.9415	-875.057	173.1155	1.198363
2268	-704.8362	-877.7506	172.9144	1.363424
2274	-706.211	-879.3076	173.0966	1.214539
2280	-701.1955	-874.2887	173.0932	1.217396
2286	-702.3732	-874.9591	172.5859	1.611173
2292	-703.7829	-876.1822	172.3992	1.744159
2298	-702.1526	-875.0415	172.8889	1.383493
2304	-693.0212	-865.6325	172.6113	1.592721
2310	-707.7993	-880.6877	172.8884	1.383886
2316	-700.7442	-873.3347	172.5905	1.60784
2322	-716.3755	-888.8519	172.4764	1.689738
2328	-706.7055	-879.692	172.9865	1.305808
2334	-707.5419	-880.4227	172.8808	1.389833
2340	-703.3673	-875.8247	172.4574	1.703177
2346	-692.5684	-865.4294	172.861	1.405237
2352	-701.5606	-874.2281	172.6675	1.551494
2358	-702.4222	-875.2648	172.8426	1.419522
2364	-702.4603	-875.0536	172.5933	1.605802
2370	-705.179	-877.7004	172.5214	1.657622
2376	-708.1258	-880.6472	172.5214	1.657622
2382	-706.4281	-878.9362	172.5081	1.667126
2388	-698.4285	-871.1332	172.7046	1.52398
2394	-706.9308	-879.7171	172.7863	1.462632
2400	-712.8032	-885.4141	172.6108	1.593044
2406	-700.8654	-873.5443	172.6788	1.54312
2412	-708.1609	-881.0977	172.9368	1.345666
2418	-721.4222	-894.0905	172.6683	1.550888
2424	-698.7173	-871.3344	172.6171	1.588481
2430	-698.464	-871.5697	173.1057	1.206774
2436	-694.3519	-867.3412	172.9894	1.303474
2442	-700.2796	-873.203	172.9234	1.356333
2448	-704.6897	-877.5917	172.902	1.37323
2454	-701.9985	-874.6865	172.6879	1.536394
2460	-702.5697	-875.3343	172.7646	1.479026
2466	-695.5009	-868.3824	172.8815	1.389322
2472	-693.4988	-866.3803	172.8815	1.389322
2478	-704.398	-877.3874	172.9894	1.303453
2484	-705.9183	-878.8006	172.8823	1.388645
2490	-715.2684	-887.7606	172.4922	1.678485
2496	-709.5244	-882.3239	172.7995	1.452554
2502	-695.2784	-868.2635	172.9851	1.306963
2508	-690.9014	-863.6685	172.7672	1.477104
2514	-709.0927	-882.0503	172.9577	1.329033
2520	-700.0915	-872.952	172.8605	1.405669
2526	-714.6839	-887.2712	172.5873	1.610128
2532	-710.2747	-883.084	172.8094	1.445022
2538	-714.0358	-887.1189	173.0831	1.225946
2544	-707.8889	-880.878	172.9891	1.30373
2550	-707.8885	-880.541	172.6524	1.562613
2556	-705.0273	-877.8466	172.8192	1.437473
2562	-705.7603	-878.4779	172.7176	1.51436
2568	-707.1423	-880.0007	172.8584	1.407235
2574	-708.0176	-880.6024	172.5848	1.611954
2580	-698.7625	-871.7631	173.0006	1.294348
2586	-700.5683	-873.4241	172.8558	1.40931
2592	-699.9118	-872.4676	172.5558	1.632923
2598	-703.4019	-875.8628	172.4609	1.700731
2604	-700.7384	-873.5764	172.838	1.423028
2610	-705.0209	-878.0432	173.0222	1.27664
2616	-695.5314	-868.543	173.0116	1.28538
2622	-694.9209	-867.962	173.0411	1.261042
2628	-695.3568	-868.398	173.0411	1.261042
2634	-686.199	-859.2032	173.0041	1.291468
2640	-687.1413	-860.1454	173.0041	1.291468
2646	-693.0254	-865.8747	172.8493	1.414288
2652	-698.4598	-871.3275	172.8678	1.39999
2658	-697.2511	-869.8925	172.6414	1.570696
2664	-692.2681	-865.4312	173.1632	1.156945
2670	-697.1144	-869.6469	172.5325	1.649709
2676	-694.5589	-867.701	173.1421	1.175415
2682	-689.1421	-862.1333	172.9913	1.30192
2688	-693.6141	-866.3943	172.7801	1.467272
2694	-693.8183	-866.718	172.8998	1.374983
2700	-699.3659	-872.2553	172.8894	1.383144
2706	-693.341	-866.3289	172.9878	1.304715
2712	-693.0366	-866.0244	172.9878	1.304715
2718	-702.0729	-875.0293	172.9564	1.330057
2724	-694.0668	-866.8786	172.8118	1.443192
2730	-698.3819	-871.1936	172.8118	1.443192
2736	-693.3774	-866.1892	172.8118	1.443192
2742	-705.5918	-878.7279	173.136	1.180662
2748	-707.0009	-879.4511	172.4502	1.708276
2754	-699.5899	-872.0402	172.4502	1.708276
2760	-695.8912	-868.6116	172.7204	1.512243
2766	-697.1849	-869.9659	172.781	1.466593
2772	-693.4876	-866.5496	173.0621	1.243612
2778	-701.2532	-873.7907	172.5375	1.646066
2784	-695.8519	-868.7138	172.8619	1.404537
2790	-693.2349	-865.8185	172.5836	1.612842
2796	-691.709	-864.2926	172.5836	1.612842
2802	-701.9044	-874.9948	173.0903	1.219821
2808	-697.2852	-870.061	172.7758	1.470537
2814	-701.3033	-874.4791	173.1758	1.145756
2820	-699.7844	-872.9668	173.1823	1.139979
2826	-692.9719	-865.9574	172.9856	1.306556
2832	-696.5472	-869.311	172.7638	1.479645
2838	-710.1196	-883.1321	173.0125	1.28466
2844	-694.2019	-867.2143	173.0125	1.28466
2850	-704.7032	-877.8815	173.1783	1.14361
2856	-722.7179	-895.8961	173.1783	1.14361
2862	-698.7343	-871.7626	173.0283	1.27165
2868	-705.8758	-878.691	172.8152	1.440522
2874	-708.5811	-881.3478	172.7668	1.477397
2880	-703.1127	-875.8794	172.7668	1.477397
2886	-702.4996	-875.3661	172.8665	1.400972
2892	-698.3875	-871.254	172.8665	1.400972
2898	-690.1156	-862.9104	172.7948	1.456108
2904	-703.4579	-876.2527	172.7948	1.456108
2910	-700.6665	-873.3577	172.6912	1.533947
2916	-693.6388	-866.5655	172.9266	1.353777
2922	-701.168	-873.9552	172.7872	1.461933
2928	-703.7851	-876.5723	172.7872	1.461933
2934	-700.4907	-873.4274	172.9367	1.345807
2940	-696.4668	-869.2741	172.8073	1.446572
2946	-706.1204	-878.8174	172.697	1.529664
2952	-700.4965	-873.5182	173.0218	1.277024
2958	-705.7275	-878.7218	172.9943	1.299441
2964	-700.2708	-873.1503	172.8795	1.390829
2970	-705.7167	-878.6308	172.9142	1.36363
2976	-708.8234	-881.7014	172.878	1.392002
2982	-707.1546	-880.0326	172.878	1.392002
2988	-703.9555	-877.007	173.0514	1.252512
2994	-688.7816	-861.4089	172.6274	1.580983
3000	-697.3666	-869.6397	172.273	1.831763
3006	-692.9868	-866.0444	173.0575	1.2474
3012	-703.8774	-876.7889	172.9114	1.365803
3018	-703.7992	-876.5422	172.743	1.495315
3024	-705.1194	-878.248	173.1286	1.187083
3030	-697.9134	-870.9005	172.9871	1.305291
3036	-689.6024	-862.5971	172.9947	1.299119
3042	-688.8349	-861.5484	172.7135	1.517405
3048	-702.3946	-875.1657	172.771	1.474173
3054	-691.2268	-863.9043	172.6775	1.544104
3060	-693.9447	-866.5703	172.6257	1.582229
3066	-701.1549	-873.9187	172.7638	1.479622
3072	-694.5506	-867.3634	172.8128	1.442402
3078	-700.7841	-873.4095	172.6253	1.582471
3084	-697.4092	-870.412	173.0028	1.292536
3090	-712.4127	-885.0568	172.6442	1.568676
3096	-707.1751	-879.9312	172.756	1.485518
3102	-708.0474	-880.8358	172.7884	1.461025
3108	-698.5103	-871.4485	172.9381	1.344627
3114	-690.3415	-863.1698	172.8283	1.430481
3120	-700.9976	-873.6209	172.6233	1.583977
3126	-702.9851	-876.1136	173.1285	1.187143
3132	-704.1644	-877.245	173.0806	1.22808
3138	-705.0783	-878.1589	173.0806	1.22808
3144	-704.5391	-876.8598	172.3207	1.798904
3150	-698.8826	-871.7729	172.8903	1.382394
3156	-690.6648	-863.3675	172.7027	1.525463
3162	-693.2665	-865.9692	172.7027	1.525463
3168	-702.3898	-875.0775	172.6877	1.53657
3174	-702.5823	-875.0085	172.4263	1.725168
3180	-701.5496	-874.1311	172.5815	1.614351
3186	-699.764	-872.6621	172.8981	1.376279
3192	-700.4266	-873.1836	172.7569	1.484813
3198	-704.654	-877.5025	172.8485	1.414905
3204	-701.7473	-874.549	172.8017	1.450912
3210	-712.1608	-884.8916	172.7308	1.504445
3216	-718.5556	-891.3887	172.833	1.426861
3222	-723.9588	-896.7977	172.8389	1.422333
3228	-711.1345	-883.9734	172.8389	1.422333
3234	-700.3682	-873.3402	172.972	1.317513
3240	-701.7602	-874.6349	172.8748	1.394547
3246	-696.3867	-869.3279	172.9413	1.342153
3252	-685.4113	-858.3526	172.9413	1.342153
3258	-698.2	-871.1412	172.9413	1.342153
3264	-691.1023	-864.1395	173.0372	1.264302
3270	-694.9948	-867.9089	172.9141	1.363665
3276	-690.3878	-863.2995	172.9116	1.365623
3282	-694.5343	-867.3846	172.8502	1.413612
3288	-695.473	-868.2183	172.7453	1.493574
3294	-703.1174	-875.7941	172.6767	1.544719
3300	-700.5464	-873.1772	172.6309	1.578413
3306	-686.6063	-859.5115	172.9053	1.370641
3312	-691.6557	-864.2927	172.6371	1.573884
3318	-694.965	-867.9123	172.9473	1.3373
3324	-690.7095	-863.4725	172.7631	1.480196
3330	-696.5471	-869.5321	172.985	1.30701
3336	-699.8283	-873.0854	173.2571	1.07172
3342	-688.9395	-861.617	172.6775	1.544105
3348	-692.4043	-865.1913	172.7869	1.462122
3354	-703.9728	-876.7598	172.7869	1.462122
3360	-695.3912	-868.4749	173.0836	1.225504
3366	-697.3776	-870.3116	172.934	1.347918
3372	-695.0545	-867.7169	172.6624	1.555258
3378	-706.6943	-879.6785	172.9842	1.307695
3384	-694.8057	-867.7105	172.9048	1.370994
3390	-691.3775	-864.3377	172.9603	1.326948
3396	-686.1936	-859.1724	172.9788	1.311988
3402	-689.9837	-862.9514	172.9676	1.321027
3408	-682.62	-855.2583	172.6383	1.572958
3414	-696.5822	-869.524	172.9417	1.341777
3420	-694.1148	-866.5177	172.4028	1.741643
3426	-699.1288	-871.7798	172.651	1.563666
3432	-696.1326	-868.8625	172.7299	1.505168
3438	-687.1752	-859.7125	172.5373	1.646263
3444	-701.4154	-874.1161	172.7007	1.526922
3450	-710.5493	-883.2923	172.743	1.495288
3456	-711.3941	-883.8543	172.4602	1.701201
3462	-707.9551	-880.7041	172.749	1.490784
3468	-708.5732	-881.4381	172.8649	1.402227
3474	-710.2088	-883.1608	172.952	1.333544
3480	-699.7771	-872.5173	172.7402	1.497426
3486	-700.4561	-873.2447	172.7886	1.460884
3492	-709.2608	-881.809	172.5483	1.638345
3498	-704.8842	-877.6068	172.7226	1.510581
3504	-706.4615	-879.5464	173.085	1.224369
3510	-702.8836	-875.2463	172.3627	1.769662
3516	-702.3067	-874.9525	172.6458	1.56745
3522	-703.9902	-876.8588	172.8685	1.399394
3528	-699.1082	-871.7847	172.6765	1.544839
3534	-704.4361	-877.163	172.727	1.50733
3540	-698.6267	-871.3537	172.727	1.50733
3546	-707.7449	-880.2721	172.5273	1.653445
3552	-697.9857	-871.0428	173.0571	1.247775
3558	-695.1252	-868.1231	172.9979	1.296534
3564	-697.6534	-870.6513	172.9979	1.296534
3570	-694.2081	-867.2537	173.0456	1.257307
3576	-682.7888	-855.7615	172.9727	1.316941
3582	-685.0958	-858.0879	172.9921	1.301252
3588	-686.1766	-859.1039	172.9273	1.353237
3594	-703.0226	-875.7068	172.6842	1.539137
3600	-695.6346	-868.3189	172.6842	1.539137
3606	-698.5854	-871.6311	173.0457	1.257246
3612	-702.8765	-875.6631	172.7867	1.462327
3618	-713.369	-886.0002	172.6311	1.578214
3624	-711.9766	-884.634	172.6574	1.558917
3630	-712.7982	-885.9194	173.1212	1.193483
3636	-703.2157	-875.874	172.6583	1.558278
3642	-703.1949	-875.8212	172.6263	1.581735
3648	-698.728	-871.6759	172.9478	1.336907
3654	-705.2783	-878.071	172.7927	1.457762
3660	-712.2952	-885.4855	173.1902	1.13294
3666	-699.7635	-872.687	172.9235	1.35626
3672	-695.6491	-868.5107	172.8616	1.40476
3678	-695.238	-867.8433	172.6053	1.597115
3684	-700.5964	-873.3828	172.7865	1.462485
3690	-702.9174	-875.3407	172.4233	1.727261
3696	-713.4222	-886.396	172.9738	1.31608
3702	-698.09	-870.9535	172.8635	1.403293
3708	-704.3844	-877.2731	172.8887	1.383683
3714	-701.1201	-874.0377	172.9176	1.360899
3720	-702.5085	-874.8774	172.369	1.765334
3726	-706.0918	-878.4608	172.369	1.765334
3732	-702.5597	-875.5547	172.9949	1.298942
3738	-708.8463	-881.474	172.6278	1.580687
3744	-703.1076	-876.0419	172.9343	1.347703
3750	-698.873	-871.8616	172.9886	1.30408
3756	-700.4978	-873.34	172.8422	1.419766
3762	-707.2073	-880.2722	173.0648	1.241309
3768	-697.073	-869.7695	172.6965	1.530012
3774	-699.0597	-872.0689	173.0092	1.287357
3780	-705.2331	-878.1885	172.9554	1.330836
3786	-706.6282	-879.5837	172.9554	1.330836
3792	-708.0918	-881.4515	173.3596	0.971226
3798	-706.3242	-879.5187	173.1945	1.12913
3804	-700.6234	-873.5954	172.9719	1.317558
3810	-700.4395	-873.1526	172.7131	1.517661
3816	-704.9474	-878.1206	173.1732	1.14809
3822	-708.6742	-881.1429	172.4688	1.695151
3828	-720.0296	-892.7541	172.7246	1.509133
3834	-711.2023	-883.7639	172.5616	1.628781
3840	-704.7084	-877.4168	172.7085	1.521142
3846	-704.227	-876.9354	172.7085	1.521142
3852	-708.7926	-881.5011	172.7085	1.521142
3858	-701.2331	-873.617	172.3839	1.754881
3864	-705.7782	-878.2819	172.5037	1.670276
3870	-702.847	-875.5074	172.6604	1.55671
3876	-707.5204	-880.0326	172.5122	1.66423
3882	-703.7303	-876.7024	172.9721	1.317435
3888	-702.1068	-874.7995	172.6927	1.532839
3894	-697.559	-870.4308	172.8718	1.396823
3900	-694.0076	-867.0673	173.0597	1.245585
3906	-689.7342	-862.6587	172.9245	1.355436
3912	-692.6427	-865.3296	172.687	1.537103
3918	-690.1116	-863.3661	173.2545	1.074188
3924	-694.3656	-867.3255	172.9599	1.327268
3930	-696.0089	-868.9192	172.9103	1.366688
3936	-703.406	-876.2892	172.8832	1.387964
3942	-698.1057	-870.9889	172.8832	1.387964
3948	-697.0265	-869.9017	172.8753	1.394141
3954	-708.1446	-881.1543	173.0098	1.286855
3960	-699.4748	-872.4466	172.9718	1.317705
3966	-700.3545	-873.0624	172.7079	1.521584
3972	-706.4263	-878.8365	172.4102	1.736456
3978	-696.6301	-869.6478	173.0177	1.280362
3984	-699.2335	-872.2512	173.0177	1.280362
3990	-702.5747	-875.2072	172.6326	1.577153
3996	-704.8497	-877.8062	172.9565	1.329962
4002	-703.3887	-876.5454	173.1567	1.162606
4008	-696.4788	-869.5739	173.0951	1.215803
4014	-700.1556	-872.621	172.4654	1.697522
4020	-710.6548	-883.4201	172.7653	1.478545
4026	-705.276	-878.2802	173.0042	1.291374
4032	-710.94	-883.7778	172.8378	1.423167
4038	-699.0609	-871.9501	172.8892	1.383248
4044	-694.49	-867.4304	172.9404	1.342854
4050	-690.3908	-863.1302	172.7394	1.49804
4056	-713.1538	-885.8761	172.7223	1.510839
4062	-699.652	-872.6732	173.0211	1.277566
4068	-705.5994	-878.2599	172.6605	1.556667
4074	-709.9754	-882.7048	172.7294	1.505469
4080	-698.6878	-871.7999	173.1121	1.20129
4086	-699.282	-871.9157	172.6337	1.576318
4092	-709.9886	-882.4869	172.4983	1.674173
4098	-704.7682	-877.3923	172.6241	1.583374
4104	-698.1275	-870.7226	172.5951	1.604464
4110	-717.4579	-890.332	172.8742	1.394994
4116	-708.9435	-881.9097	172.9662	1.322213
4122	-706.4089	-879.4117	173.0028	1.292521
4128	-698.0439	-870.7242	172.6803	1.54207
4134	-703.6376	-876.713	173.0754	1.232453
4140	-703.3935	-876.327	172.9336	1.348258
4146	-694.0251	-866.7588	172.7337	1.502277
4152	-699.8933	-872.7896	172.8964	1.377626
4158	-698.3352	-871.1169	172.7817	1.466085
4164	-708.5138	-881.3181	172.8043	1.448909
4170	-703.5762	-876.3804	172.8043	1.448909
4176	-701.3039	-874.1073	172.8034	1.449607
4182	-702.476	-875.6375	173.1615	1.158404
4188	-700.8592	-873.7647	172.9055	1.370499
4194	-695.1444	-867.9951	172.8507	1.413211
4200	-705.7218	-878.3974	172.6756	1.545492
4206	-695.9194	-868.4662	172.5467	1.639459
4212	-695.0534	-867.6486	172.5952	1.604422
4218	-694.1044	-866.5282	172.4238	1.726885
4224	-706.4393	-879.2824	172.8431	1.419069
4230	-699.9619	-872.8308	172.8688	1.399156
4236	-697.7856	-870.456	172.6705	1.549303
4242	-707.3081	-879.9401	172.632	1.577597
4248	-696.6418	-869.5747	172.9329	1.348828
4254	-696.5659	-869.4178	172.852	1.412244
4260	-712.5851	-885.382	172.7969	1.454557
4266	-692.9441	-865.5953	172.6511	1.56355
4272	-698.1791	-870.9592	172.7801	1.467336
4278	-696.1604	-868.8364	172.676	1.545219
4284	-696.2513	-868.8118	172.5605	1.629543
4290	-706.9632	-879.7906	172.8275	1.431151
4296	-700.8661	-873.6962	172.8301	1.429133
4302	-698.778	-871.608	172.8301	1.429133
4308	-704.7838	-877.7617	172.978	1.312699
4314	-705.8559	-878.6828	172.8268	1.431623
4320	-706.66	-879.4868	172.8268	1.431623
4326	-694.214	-867.0689	172.8549	1.409963
4332	-691.0755	-863.9305	172.8549	1.409963
4338	-688.5749	-861.4298	172.8549	1.409963
4344	-691.7232	-864.6193	172.8961	1.377869
4350	-689.6762	-862.2438	172.5676	1.624407
4356	-692.8636	-865.5097	172.6462	1.5672
4362	-696.7687	-869.6336	172.865	1.402165
4368	-696.6792	-869.254	172.5748	1.619202
4374	-690.0156	-862.8406	172.825	1.433012
4380	-688.1836	-861.0798	172.8962	1.377795
4386	-695.5215	-868.3437	172.8222	1.435155
4392	-701.7549	-874.8415	173.0866	1.22302
4398	-702.2037	-875.0147	172.811	1.443768
4404	-706.9664	-879.9101	172.9437	1.340183
4410	-699.3067	-872.2468	172.9401	1.343102
4416	-709.2326	-882.3226	173.09	1.220079
4422	-698.9292	-871.7658	172.8366	1.424129
4428	-704.7114	-877.3557	172.6444	1.56853
4434	-701.828	-874.5167	172.6886	1.535887
4440	-705.3669	-878.3296	172.9626	1.325065
4446	-704.8205	-877.5379	172.7174	1.514508
4452	-699.6998	-872.2723	172.5725	1.620861
4458	-696.9353	-869.9385	173.0033	1.292157
4464	-700.4039	-873.1941	172.7902	1.459602
4470	-699.8835	-872.7236	172.8402	1.421349
4476	-702.1856	-875.2249	173.0393	1.262549
4482	-705.4695	-877.8426	172.3731	1.762445
4488	-702.2125	-874.9214	172.7089	1.520814
4494	-701.2241	-874.101	172.8769	1.39286
4500	-692.787	-865.8055	173.0185	1.279718
4506	-703.5453	-876.4057	172.8604	1.405743
4512	-703.2705	-875.7788	172.5083	1.666982
4518	-703.0109	-875.6447	172.6338	1.576296
4524	-705.5448	-877.945	172.4002	1.743451
4530	-716.8482	-889.4287	172.5805	1.615119
4536	-710.9008	-883.7798	172.8791	1.391181
4542	-709.3618	-882.1301	172.7683	1.476257
4548	-715.619	-888.3874	172.7684	1.476161
4554	-708.8551	-881.8694	173.0143	1.283133
4560	-701.6171	-874.624	173.0069	1.289175
4566	-695.3432	-868.0551	172.712	1.518526
4572	-709.0322	-881.9613	172.9292	1.351768
4578	-690.1429	-862.9561	172.8133	1.442033
4584	-687.5551	-860.2703	172.7152	1.516151
4590	-687.5195	-860.5131	172.9936	1.300035
4596	-696.483	-869.4117	172.9287	1.352142
4602	-686.2429	-859.1319	172.889	1.38342
4608	-691.9892	-864.8782	172.889	1.38342
4614	-687.6561	-860.5545	172.8984	1.376054
4620	-684.541	-857.419	172.878	1.392022
4626	-687.3758	-860.1257	172.75	1.490077
4632	-693.7997	-866.4017	172.602	1.599509
4638	-689.7075	-862.6085	172.901	1.373984
4644	-697.6615	-870.4674	172.8059	1.447682
4650	-701.6492	-874.7011	173.0519	1.252088
4656	-698.235	-870.6709	172.4358	1.718422
4662	-694.5217	-867.0319	172.5101	1.665692
4668	-704.0793	-876.8493	172.77	1.474935
4674	-712.5057	-885.224	172.7183	1.513818
4680	-700.5095	-873.1582	172.6488	1.565294
4686	-700.1366	-873.11	172.9734	1.316393
4692	-712.0004	-884.9415	172.9411	1.342285
4698	-688.2512	-861.0491	172.7979	1.453779
4704	-690.7495	-863.694	172.9445	1.339553
4710	-695.7724	-868.8306	173.0582	1.24688
4716	-699.5474	-872.281	172.7335	1.502403
4722	-699.9382	-872.6717	172.7335	1.502403
4728	-705.6364	-878.3699	172.7335	1.502403
4734	-699.5069	-872.3934	172.8865	1.385381
4740	-701.0648	-874.1639	173.0991	1.212371
4746	-705.5418	-878.2095	172.6677	1.551387
4752	-693.4907	-866.2651	172.7744	1.4716
4758	-701.1644	-873.8952	172.7308	1.504437
4764	-697.5721	-870.0093	172.4373	1.717421
4770	-693.4309	-866.4143	172.9834	1.308291
4776	-701.7511	-874.4588	172.7077	1.521741
4782	-689.8652	-862.5211	172.6559	1.560056
4788	-688.4693	-861.1836	172.7143	1.516754
4794	-688.6435	-861.3975	172.754	1.487045
4800	-689.923	-862.677	172.754	1.487045
4806	-700.2882	-872.9324	172.6442	1.568623
4812	-701.7077	-874.5778	172.8701	1.398149
4818	-711.9018	-884.7719	172.8701	1.398149
4824	-708.5738	-881.4556	172.8818	1.389084
4830	-710.7909	-883.4905	172.6996	1.527727
4836	-712.2774	-885.0673	172.7899	1.459894
4842	-708.2536	-880.7411	172.4875	1.681827
4848	-712.4897	-885.473	172.9832	1.308433
4854	-712.3702	-885.3492	172.9789	1.311911
4860	-706.9469	-879.7488	172.8019	1.45073
4866	-695.2575	-867.9206	172.6631	1.554777
4872	-697.9763	-870.6645	172.6882	1.536223
4878	-705.446	-878.6117	173.1657	1.154731
4884	-704.6667	-877.7251	173.0584	1.246687
4890	-700.4227	-873.3142	172.8915	1.381477
4896	-699.4376	-872.3291	172.8915	1.381477
4902	-704.7003	-877.6843	172.984	1.307786
4908	-693.3119	-866.0291	172.7172	1.514648
4914	-706.1655	-879.2544	173.0888	1.221101
4920	-705.9628	-879.06	173.0973	1.213952
4926	-700.3192	-873.4483	173.1291	1.186706
4932	-690.2005	-863.3225	173.122	1.192756
4938	-696.0882	-869.1324	173.0443	1.258433
4944	-697.9276	-871.0769	173.1493	1.169097
4950	-695.7633	-868.5544	172.7911	1.458957
4956	-700.4805	-873.2065	172.7259	1.508104
4962	-704.5385	-877.3089	172.7704	1.474667
4968	-716.3195	-888.6891	172.3696	1.764895
4974	-701.0198	-874.1018	173.082	1.226861
4980	-696.7501	-869.4591	172.709	1.520754
4986	-695.185	-867.894	172.709	1.520754
4992	-696.2931	-869.2308	172.9377	1.344985
4998	-690.1598	-863.0123	172.8525	1.411834
5004	-695.8546	-868.7992	172.9446	1.339445
5010	-702.4637	-875.2532	172.7895	1.460169
5016	-697.8261	-870.7923	172.9662	1.322161
5022	-694.4908	-867.531	173.0402	1.261827
5028	-693.1079	-866.148	173.0402	1.261827
5034	-697.8847	-870.3159	172.4313	1.721651
5040	-692.3978	-865.2625	172.8646	1.402444
5046	-699.4991	-872.0092	172.5102	1.665662
5052	-694.586	-867.4432	172.8572	1.408189
5058	-705.5233	-878.3805	172.8572	1.408189
5064	-700.7616	-873.6188	172.8572	1.408189
5070	-696.2274	-868.8683	172.6409	1.571106
5076	-699.7291	-872.37	172.6409	1.571106
5082	-708.7613	-881.6946	172.9333	1.34851
5088	-702.2178	-874.9355	172.7177	1.514262
5094	-708.7363	-881.5731	172.8368	1.423933
5100	-706.0487	-878.9156	172.8668	1.400723
5106	-698.4876	-871.336	172.8484	1.415043
5112	-694.4352	-867.2836	172.8484	1.415043
5118	-691.0183	-863.7752	172.757	1.484794
5124	-690.9148	-863.5698	172.6551	1.560674
5130	-695.153	-867.9548	172.8018	1.4508
5136	-702.8225	-875.7627	172.9402	1.342971
5142	-704.6004	-877.7038	173.1035	1.208674
5148	-703.9596	-876.741	172.7814	1.466315
5154	-700.4608	-873.1582	172.6974	1.529404
5160	-693.3595	-866.277	172.9175	1.361021
5166	-700.8538	-873.5685	172.7147	1.516505
5172	-711.9338	-884.8119	172.8781	1.391941
5178	-700.5149	-873.223	172.7081	1.521442
5184	-714.0779	-887.0127	172.9348	1.347269
5190	-693.4983	-866.3357	172.8374	1.423509
5196	-694.0012	-866.8386	172.8374	1.423509
5202	-694.4241	-867.105	172.681	1.541558
5208	-697.8668	-870.7204	172.8537	1.410935
5214	-694.549	-867.4305	172.8815	1.389261
5220	-699.4635	-872.3179	172.8544	1.410387
5226	-704.7781	-877.1067	172.3286	1.793364
5232	-708.9767	-881.8267	172.85	1.413789
5238	-694.4362	-867.441	173.0047	1.290985
5244	-704.2574	-877.1611	172.9037	1.371902
5250	-693.3801	-866.102	172.7219	1.511083
5256	-696.8328	-869.742	172.9091	1.367608
5262	-697.1167	-870.2545	173.1378	1.17916
5268	-700.6103	-873.7481	173.1378	1.17916
5274	-699.1314	-871.8981	172.7667	1.477481
5280	-698.8978	-871.9914	173.0936	1.217024
5286	-688.6744	-861.9677	173.2932	1.037387
5292	-698.3156	-871.1811	172.8655	1.401721
5298	-702.7445	-875.4232	172.6787	1.543248
5304	-704.7004	-877.6393	172.939	1.343961
5310	-699.8912	-872.9556	173.0643	1.241726
5316	-689.3968	-862.21	172.8132	1.442091
5322	-704.8105	-877.6255	172.815	1.440717
5328	-704.012	-876.958	172.946	1.338344
5334	-698.7217	-871.4725	172.7508	1.489445
5340	-708.959	-881.7098	172.7508	1.489445
5346	-696.2434	-868.8259	172.5825	1.613667
5352	-702.2787	-875.2207	172.942	1.341539
5358	-687.1655	-860.1197	172.9541	1.331861
5364	-688.3339	-861.2839	172.95	1.335137
5370	-691.0828	-863.9617	172.8788	1.391357
5376	-695.9958	-868.5173	172.5215	1.657536
5382	-701.6933	-874.46	172.7667	1.477461
5388	-699.8837	-872.6275	172.7438	1.494733
5394	-706.8487	-879.651	172.8023	1.450408
5400	-706.5749	-879.1774	172.6025	1.599131
5406	-700.1354	-872.7575	172.6221	1.58485
5412	-706.6121	-879.711	173.0989	1.212586
5418	-705.8734	-878.7187	172.8453	1.417423
5424	-716.7674	-889.9267	173.1593	1.160369
5430	-702.5156	-875.3676	172.8521	1.412175
5436	-709.7047	-882.0886	172.3839	1.754895
5442	-708.5965	-881.6933	173.0968	1.214341
5448	-710.176	-882.8868	172.7108	1.519403
5454	-726.4039	-899.4062	173.0023	1.292955
5460	-716.8948	-889.6329	172.7382	1.49894
5466	-708.0293	-881.0054	172.9762	1.314166
5472	-702.7544	-875.2119	172.4575	1.703138
5478	-701.0766	-873.3658	172.2892	1.820654
5484	-707.0975	-879.9577	172.8602	1.405876
5490	-697.3717	-870.1204	172.7487	1.491038
5496	-698.9952	-871.9126	172.9174	1.361061
5502	-699.8404	-872.5509	172.7105	1.519618
5508	-692.3802	-865.0907	172.7105	1.519618
5514	-699.7251	-872.5919	172.8668	1.400774
5520	-698.1133	-870.9801	172.8668	1.400774
5526	-702.1143	-874.9799	172.8656	1.401674
5532	-695.3585	-868.1249	172.7665	1.477614
5538	-708.9184	-881.5691	172.6508	1.563838
5544	-710.777	-883.2233	172.4463	1.71101
5550	-709.8018	-882.8505	173.0487	1.254803
5556	-703.772	-876.8328	173.0609	1.24463
5562	-701.6282	-874.6891	173.0609	1.24463
5568	-698.0462	-871.2499	173.2037	1.120843
5574	-697.7197	-870.6267	172.907	1.369268
5580	-695.6057	-868.6823	173.0766	1.231452
5586	-694.994	-867.5293	172.5353	1.647656
5592	-698.1025	-871.1499	173.0474	1.255843
5598	-698.7757	-871.4805	172.7049	1.523827
5604	-699.018	-871.8051	172.7871	1.461978
5610	-713.8306	-886.3592	172.5286	1.652456
5616	-698.3601	-871.1859	172.8257	1.432466
5622	-701.648	-874.3604	172.7123	1.518256
5628	-696.9173	-869.6899	172.7726	1.472967
5634	-706.8455	-879.7931	172.9476	1.337106
5640	-701.5545	-874.3381	172.7837	1.464586
5646	-695.6034	-868.4802	172.8768	1.392937
5652	-696.7366	-869.3978	172.6612	1.556141
5658	-696.8003	-869.407	172.6067	1.59608
5664	-697.7444	-870.36	172.6156	1.5896
5670	-696.3581	-869.2234	172.8653	1.401922
5676	-697.3879	-870.2353	172.8474	1.415769
5682	-705.085	-877.778	172.6931	1.532596
5688	-703.5272	-875.9705	172.4433	1.713145
5694	-712.8978	-885.3546	172.4567	1.703667
5700	-698.1877	-870.6865	172.4988	1.673785
5706	-700.6644	-873.5486	172.8842	1.387165
5712	-707.9674	-880.6997	172.7323	1.503303
5718	-714.578	-887.4449	172.8669	1.400682
5724	-705.5248	-878.1399	172.6151	1.589939
5730	-697.7876	-870.4381	172.6505	1.564028
5736	-704.6281	-877.1468	172.5188	1.659518
5742	-706.3335	-879.2047	172.8712	1.39732
5748	-703.072	-875.9412	172.8692	1.398843
5754	-699.5368	-872.1463	172.6095	1.594047
5760	-702.3862	-874.9413	172.5551	1.633418
5766	-707.4621	-880.4772	173.0151	1.282461
5772	-706.986	-879.842	172.856	1.409155
5778	-701.7653	-874.6213	172.856	1.409155
5784	-702.2207	-874.827	172.6063	1.596339
5790	-700.1025	-873.3021	173.1996	1.124548
5796	-701.5055	-874.3321	172.8266	1.431839
5802	-700.0334	-872.918	172.8846	1.386873
5808	-687.6086	-860.3479	172.7393	1.498099
5814	-696.4809	-869.6382	173.1572	1.162154
5820	-716.4665	-889.6779	173.2114	1.11385
5826	-713.0717	-885.7415	172.6698	1.549805
5832	-714.0927	-886.6804	172.5876	1.609913
5838	-699.943	-872.8417	172.8987	1.375828
5844	-697.059	-870.0249	172.9659	1.322396
5850	-707.3229	-880.2139	172.8909	1.381903
5856	-699.4116	-872.0065	172.5949	1.604662
5862	-701.9315	-874.6923	172.7608	1.481906
5868	-701.3021	-874.459	173.1568	1.162517
5874	-695.5144	-868.3057	172.7913	1.458806
5880	-701.958	-874.4885	172.5305	1.651085
5886	-695.6457	-868.1673	172.5217	1.657452
5892	-706.3152	-878.9478	172.6327	1.577105
5898	-713.0593	-885.6168	172.5575	1.631705
5904	-712.136	-884.9933	172.8573	1.408148
5910	-700.3666	-873.0842	172.7176	1.514298
5916	-713.76	-886.4273	172.6673	1.551625
5922	-697.0829	-869.8223	172.7395	1.497959
5928	-692.9239	-865.6634	172.7395	1.497959
5934	-695.9251	-868.6646	172.7395	1.497959
5940	-705.2994	-878.211	172.9116	1.365662
5946	-705.9894	-879.05	173.0607	1.244776
5952	-707.038	-879.6685	172.6305	1.578674
5958	-709.5197	-882.3137	172.7941	1.456694
5964	-704.8013	-877.457	172.6557	1.560189
5970	-699.9127	-872.8785	172.9658	1.322504
5976	-697.1245	-869.6064	172.4819	1.685808
5982	-695.8166	-868.9383	173.1218	1.192998
5988	-697.7502	-870.5253	172.7751	1.471076
5994	-692.9683	-865.7434	172.7751	1.471076
6000	-693.8524	-867.0176	173.1652	1.155166
6006	-703.6468	-876.6582	173.0113	1.285573
6012	-711.1802	-883.804	172.6238	1.58357
6018	-706.4297	-879.5232	173.0935	1.217129
6024	-709.7262	-882.4272	172.701	1.526695
6030	-707.3935	-880.1455	172.7521	1.488495
6036	-701.1895	-873.9416	172.7521	1.488495
6042	-705.5647	-878.402	172.8373	1.423555
6048	-699.982	-872.9219	172.9398	1.34328
6054	-705.0514	-877.5317	172.4803	1.686959
6060	-700.8115	-873.7069	172.8954	1.378401
6066	-704.4315	-877.1425	172.711	1.519252
6072	-703.9344	-876.7446	172.8101	1.444443
6078	-708.5301	-881.4033	172.8732	1.39577
6084	-698.4609	-871.5167	173.0558	1.248829
6090	-704.4331	-877.2211	172.788	1.461344
6096	-706.2696	-879.4412	173.1716	1.14947
6102	-706.9713	-879.7671	172.7958	1.455385
6108	-702.7916	-875.638	172.8464	1.41653
6114	-705.5566	-878.0714	172.5148	1.662362
6120	-708.5121	-881.5626	173.0505	1.253266
6126	-695.7733	-868.2535	172.4802	1.686992
6132	-700.6598	-873.7535	173.0938	1.216906
6138	-702.2802	-874.8261	172.5459	1.64004
6144	-707.4423	-880.5136	173.0714	1.235824
6150	-698.2746	-871.3996	173.125	1.190217
6156	-706.1241	-879.2261	173.102	1.20989
6162	-707.7813	-880.6394	172.8581	1.407509
6168	-705.5855	-878.05	172.4645	1.698184
6174	-708.8263	-881.423	172.5967	1.603334
6180	-706.3182	-878.9149	172.5967	1.603334
6186	-700.5172	-873.09	172.5727	1.620716
6192	-697.7978	-870.5494	172.7516	1.488837
6198	-698.7157	-871.728	173.0124	1.284743
6204	-704.7158	-877.3125	172.5967	1.603358
6210	-705.765	-878.2006	172.4356	1.718624
6216	-706.4682	-879.2073	172.7391	1.498253
6222	-707.7917	-880.4118	172.6201	1.586288
6228	-695.6569	-868.277	172.6201	1.586288
6234	-702.9585	-875.9464	172.9879	1.304661
6240	-700.9073	-873.822	172.9147	1.363198
6246	-690.2075	-862.8832	172.6756	1.54549
6252	-688.9628	-861.6384	172.6756	1.54549
6258	-707.2821	-880.0235	172.7415	1.496452
6264	-696.4436	-869.3356	172.892	1.38108
6270	-705.1235	-877.8385	172.715	1.516281
6276	-714.9698	-887.5505	172.5807	1.614946
6282	-713.2358	-885.9498	172.714	1.517044
6288	-707.2159	-879.7826	172.5667	1.6251
6294	-707.1263	-879.9473	172.821	1.436132
6300	-701.2388	-874.0875	172.8488	1.414713
6306	-696.4767	-869.4283	172.9516	1.333864
6312	-696.5517	-869.4194	172.8677	1.400036
6318	-691.3703	-864.399	173.0287	1.271313
6324	-702.4651	-875.4295	172.9644	1.323641
6330	-708.2973	-881.1664	172.8691	1.398919
6336	-716.9071	-889.8224	172.9153	1.36276
6342	-708.2475	-880.8781	172.6305	1.578686
6348	-702.8474	-875.8683	173.0209	1.277711
6354	-699.5071	-872.1731	172.666	1.552627
6360	-702.1719	-875.0385	172.8666	1.400914
6366	-694.5197	-867.3765	172.8567	1.408562
6372	-691.1442	-864.005	172.8608	1.40544
6378	-689.3201	-862.1808	172.8608	1.40544
6384	-688.4474	-861.4874	173.04	1.261984
6390	-693.7779	-866.232	172.4541	1.705509
6396	-694.2029	-867.2464	173.0435	1.259102
6402	-696.9425	-869.4992	172.5567	1.632287
6408	-695.169	-867.8505	172.6815	1.541124
6414	-694.4526	-866.9778	172.5253	1.654872
6420	-688.7765	-861.82	173.0435	1.259065
6426	-689.8497	-862.8933	173.0435	1.259065
6432	-694.9451	-867.5938	172.6487	1.565313
6438	-692.9094	-865.1381	172.2287	1.862175
6444	-697.046	-869.8343	172.7883	1.461048
6450	-693.0237	-865.8619	172.8382	1.42289
6456	-686.1524	-858.8071	172.6547	1.560931
6462	-686.5644	-859.6469	173.0825	1.226479
6468	-694.5804	-867.1487	172.5682	1.623948
6474	-697.1186	-869.678	172.5594	1.630347
6480	-704.7156	-877.412	172.6963	1.530161
6486	-712.313	-885.1345	172.8215	1.435729
6492	-716.0102	-888.8317	172.8215	1.435729
6498	-705.6047	-878.5253	172.9207	1.358486
6504	-695.9377	-868.8281	172.8904	1.382307
6510	-693.3134	-866.0379	172.7245	1.509204
6516	-693.4688	-866.4904	173.0215	1.27723
6522	-704.4727	-877.3881	172.9153	1.362702
6528	-700.7261	-873.6492	172.9232	1.356526
6534	-701.0998	-873.6865	172.5867	1.610627
6540	-704.9715	-877.8411	172.8696	1.398557
6546	-696.1163	-869.1948	173.0785	1.229854
6552	-693.8243	-866.7387	172.9144	1.363477
6558	-713.5164	-886.1669	172.6504	1.564084
6564	-695.566	-868.5617	172.9956	1.298376
6570	-697.1674	-869.7282	172.5608	1.629296
6576	-700.1618	-872.9217	172.7599	1.482591
6582	-700.7915	-873.2158	172.4243	1.726553
6588	-694.7791	-867.501	172.7219	1.511078
6594	-694.3318	-867.1763	172.8445	1.41806
6600	-702.6461	-875.3601	172.714	1.516989
6606	-704.1441	-877.0619	172.9178	1.360757
6612	-717.7373	-890.4371	172.6998	1.527573
6618	-711.5335	-884.1563	172.6228	1.584324
6624	-709.8893	-882.4511	172.5618	1.628572
6630	-714.8804	-887.545	172.6646	1.553669
6636	-717.2266	-890.2196	172.9931	1.300473
6642	-704.7541	-877.1749	172.4207	1.729065
6648	-704.7394	-877.6332	172.8938	1.379653
6654	-698.0391	-870.933	172.8938	1.379653
6660	-705.8837	-878.6188	172.7351	1.50126
6666	-698.0705	-870.6278	172.5573	1.631834
6672	-707.5332	-880.4194	172.8862	1.385581
6678	-703.2708	-876.2583	172.9875	1.304986
6684	-701.6252	-874.1807	172.5556	1.633085
6690	-706.1056	-878.9964	172.8908	1.381988
6696	-696.1145	-868.76	172.6455	1.56768
6702	-699.4118	-872.1911	172.7793	1.467936
6708	-701.432	-874.287	172.855	1.409882
6714	-688.2098	-860.979	172.7691	1.475608
6720	-688.0572	-860.914	172.8568	1.408495
6726	-698.1427	-870.9995	172.8568	1.408495
6732	-712.6208	-885.1606	172.5398	1.644436
6738	-705.6974	-878.4305	172.7332	1.502695
6744	-697.7403	-870.4215	172.6812	1.541364
6750	-705.9767	-878.7393	172.7627	1.480481
6756	-709.3158	-882.1624	172.8466	1.416381
6762	-715.2464	-888.138	172.8916	1.381391
6768	-700.6327	-873.542	172.9094	1.367409
6774	-715.5739	-888.0264	172.4525	1.706663
6780	-701.2773	-874.2848	173.0075	1.288682
6786	-697.6198	-870.602	172.9821	1.309351
6792	-705.102	-878.4521	173.3501	0.9810153
6798	-706.0142	-878.5785	172.5644	1.626758
6804	-704.8512	-877.2668	172.4156	1.732686
6810	-694.8917	-867.7589	172.8672	1.400437
6816	-701.1777	-874.1975	173.0198	1.278664
6822	-707.6344	-880.1791	172.5447	1.640897
6828	-704.0417	-876.9752	172.9335	1.348358
6834	-708.4834	-881.4169	172.9335	1.348358
6840	-695.2233	-867.9646	172.7413	1.49658
6846	-708.6682	-881.496	172.8278	1.430901
6852	-700.7483	-873.4266	172.6783	1.543503
6858	-706.6009	-879.511	172.91	1.366887
6864	-708.7963	-881.687	172.8907	1.38207
6870	-697.8729	-870.7636	172.8907	1.38207
6876	-697.3126	-870.1608	172.8482	1.415128
6882	-696.4235	-869.4323	173.0088	1.287668
6888	-699.5472	-872.3756	172.8285	1.430372
6894	-704.0695	-876.6417	172.5721	1.621134
6900	-697.3888	-870.0082	172.6195	1.58674
6906	-696.2166	-869.1105	172.894	1.379508
6912	-701.105	-874.0496	172.9446	1.339507
6918	-691.6188	-864.4296	172.8108	1.443898
6924	-692.1485	-864.7115	172.563	1.627703
6930	-693.5144	-866.4453	172.9309	1.350399
6936	-710.5533	-883.6138	173.0605	1.244924
6942	-698.0862	-870.7209	172.6347	1.575618
6948	-698.9869	-871.9107	172.9238	1.356041
6954	-693.7544	-866.6215	172.8671	1.400503
6960	-713.3916	-886.2587	172.8671	1.400503
6966	-707.4993	-880.4647	172.9655	1.322777
6972	-706.8783	-879.7315	172.8532	1.411272
6978	-708.5538	-880.8847	172.3309	1.791816
6984	-714.797	-887.1604	172.3634	1.76923
6990	-701.3422	-873.715	172.3728	1.762667
6996	-705.5243	-878.4874	172.9632	1.324628
7002	-695.5441	-868.0993	172.5552	1.633338
7008	-695.8769	-868.7998	172.9228	1.356778
7014	-702.7497	-875.6448	172.8951	1.378646
7020	-693.6156	-866.3382	172.7226	1.51059
7026	-696.5017	-869.2392	172.7375	1.499449
7032	-696.0813	-868.9824	172.9011	1.373956
7038	-690.7457	-863.3111	172.5654	1.625984
7044	-697.4797	-870.3053	172.8256	1.432562
7050	-702.4711	-875.2968	172.8256	1.432562
7056	-704.7423	-877.5679	172.8256	1.432562
7062	-716.5973	-889.4056	172.8083	1.445868
7068	-704.1342	-876.8153	172.6811	1.541458
7074	-707.2474	-880.3394	173.0921	1.218375
7080	-707.1426	-879.6436	172.5011	1.67218
7086	-700.1746	-872.8888	172.7142	1.516847
7092	-704.9857	-878.1172	173.1315	1.184632
7098	-700.0455	-872.6337	172.5882	1.609531
7104	-697.004	-869.9212	172.9173	1.361194
7110	-696.1043	-868.979	172.8747	1.394596
7116	-698.8746	-871.5909	172.7163	1.515276
7122	-697.7208	-870.4406	172.7198	1.512718
7128	-708.4581	-881.0594	172.6013	1.599995
7134	-701.5585	-874.2007	172.6423	1.570061
7140	-699.0808	-871.8246	172.7438	1.494715
7146	-707.5476	-880.4022	172.8545	1.410256
7152	-696.7728	-869.6175	172.8447	1.417894
7158	-694.2843	-866.6729	172.3886	1.751613
7164	-690.7333	-863.7023	172.969	1.319941
7170	-690.3569	-863.2816	172.9247	1.355294
7176	-705.3995	-878.2181	172.8187	1.437902
7182	-700.1529	-872.7822	172.6293	1.579562
7188	-711.7716	-884.4026	172.631	1.578321
7194	-705.9569	-878.7718	172.8149	1.440787
7200	-706.038	-878.7451	172.7071	1.522183
