Iteration	Posterior	Likelihood	Prior	acrv_sd	tree_length
0	-431.953	-601.6407	169.6876	0.4159735	3.194553
6	-433.7453	-605.1945	171.4492	0.1023925	2.30806
12	-438.0747	-608.4747	170.4001	0.4182077	2.76502
18	-442.1719	-612.1771	170.0052	0.3729062	3.031064
24	-430.3417	-601.6115	171.2699	0.1067483	2.418995
30	-443.0609	-613.1566	170.0957	0.5430432	2.874133
36	-429.2876	-599.4143	170.1267	0.2306832	3.043423
42	-431.3161	-602.459	171.1429	0.205773	2.43661
48	-430.8543	-601.9979	171.1436	0.0194404	2.552703
54	-445.2994	-615.3755	170.0761	0.4765948	2.92611
60	-434.1392	-604.4681	170.3289	0.2237909	2.92611
66	-447.3615	-618.3527	170.9912	0.5827743	2.293753
72	-444.0069	-614.2045	170.1976	0.2446469	2.992594
78	-437.182	-607.9924	170.8104	0.07683556	2.72288
84	-436.8963	-608.0255	171.1292	0.1858014	2.457791
90	-435.38	-605.9437	170.5638	0.3568258	2.702425
96	-439.5563	-609.9824	170.4261	0.08193266	2.953046
102	-439.8265	-610.1657	170.3393	0.345776	2.846092
108	-446.5918	-616.94	170.3482	0.1109021	2.982437
114	-445.971	-616.0081	170.037	0.3041557	3.05314
120	-423.6811	-594.3265	170.6454	0.1090843	2.803914
126	-432.832	-604.3985	171.5665	0.05733567	2.261801
132	-433.8579	-605.3352	171.4773	0.1465731	2.261801
138	-427.1586	-597.9075	170.749	0.2337122	2.664257
144	-433.1348	-604.6964	171.5616	0.7741992	1.788385
150	-431.6443	-603.0473	171.4029	0.6104051	2.007381
156	-427.9582	-599.142	171.1838	0.3655405	2.309495
162	-434.8946	-605.3652	170.4706	0.4024999	2.73153
168	-419.9509	-590.8974	170.9464	0.4674858	2.395464
174	-434.2367	-605.6591	171.4224	0.513182	2.058926
180	-434.6518	-605.8244	171.1726	0.4822942	2.241872
186	-429.4184	-600.4784	171.06	0.1120615	2.547095
192	-441.9481	-611.9004	169.9523	0.7398468	2.841803
198	-443.9318	-613.9677	170.0359	0.568892	2.894694
204	-441.5682	-611.5666	169.9984	0.568892	2.91734
210	-434.6147	-604.9264	170.3118	0.07795713	3.024082
216	-446.7131	-617.9073	171.1942	0.165757	2.429521
222	-446.094	-616.6152	170.5212	0.4697797	2.659158
228	-440.671	-611.5587	170.8877	0.4155718	2.465121
234	-436.8567	-607.3825	170.5258	0.3184212	2.749189
240	-447.5497	-618.4547	170.905	0.3184212	2.515095
246	-450.0871	-620.9621	170.875	0.3483861	2.515095
252	-447.867	-617.7711	169.9042	0.5602998	2.979245
258	-439.3016	-609.6569	170.3553	0.2049931	2.921536
264	-445.6555	-615.5029	169.8475	0.2919706	3.173316
270	-433.4081	-603.702	170.2938	0.4514089	2.809526
276	-440.6668	-611.0723	170.4055	0.4514089	2.741439
282	-442.139	-611.8783	169.7393	0.1969975	3.293435
288	-443.4348	-614.0155	170.5808	0.3914271	2.670728
294	-436.6255	-607.6282	171.0027	0.4288844	2.384273
300	-435.0726	-606.2329	171.1603	0.4288844	2.28402
306	-438.1537	-608.4207	170.267	0.3606163	2.880892
312	-434.9926	-605.0007	170.008	0.7663547	2.791795
318	-437.1637	-607.7881	170.6244	0.1786714	2.774335
324	-431.8185	-602.2122	170.3937	0.4093176	2.774335
330	-434.389	-604.7827	170.3937	0.4093176	2.774335
336	-436.94	-607.2197	170.2797	0.4093176	2.843669
342	-450.7121	-619.8129	169.1008	0.2303913	3.646975
348	-439.0215	-609.7486	170.7271	0.2303913	2.679736
354	-436.9797	-607.2816	170.3019	0.3333703	2.876247
360	-463.6636	-633.55	169.8864	0.3127753	3.137812
366	-464.1786	-634.406	170.2274	0.2616313	2.964487
372	-437.938	-608.755	170.817	0.1161341	2.69471
378	-433.0413	-603.8244	170.7831	0.2467162	2.635245
384	-442.8959	-613.0914	170.1955	0.2264727	3.004725
390	-432.0255	-602.0463	170.0208	0.4012205	3.004725
396	-429.0382	-599.3617	170.3236	0.4012205	2.821959
402	-443.7723	-614.3772	170.6049	0.143341	2.8077
408	-434.1375	-605.2469	171.1093	0.2202385	2.448611
414	-439.2918	-609.5543	170.2626	0.5787766	2.75094
420	-442.6083	-614.0525	171.4442	0.2243189	2.233082
426	-425.0311	-595.8529	170.8218	0.05687739	2.728132
432	-434.1259	-605.1343	171.0084	0.3004188	2.461668
438	-440.6732	-611.9663	171.2932	0.2501372	2.313342
444	-432.9626	-603.2185	170.256	0.1542968	3.011779
450	-428.8552	-599.4567	170.6015	0.1682598	2.79463
456	-429.1993	-599.4841	170.2848	0.4272322	2.829743
462	-419.4693	-590.683	171.2137	0.2814324	2.343986
468	-437.4599	-607.7473	170.2874	0.2944694	2.908514
474	-446.8365	-617.2767	170.4402	0.03342823	2.97376
480	-432.709	-603.2112	170.5022	0.164782	2.857042
486	-431.9491	-602.5427	170.5935	0.07346851	2.857042
492	-446.6575	-617.3029	170.6454	0.2385526	2.724878
498	-433.153	-603.9005	170.7475	0.2385526	2.662208
504	-429.1443	-600.6454	171.5011	0.3584247	2.109
510	-449.9744	-620.5053	170.5309	0.9664573	2.342579
516	-442.0257	-611.8264	169.8007	0.1941499	3.258902
522	-446.7652	-617.0533	170.2881	0.5489851	2.753531
528	-450.5959	-621.4817	170.8858	0.2845212	2.548166
534	-454.6323	-624.9063	170.274	0.2845212	2.922633
540	-434.5082	-605.7184	171.2102	0.3670091	2.291696
546	-455.5238	-625.0852	169.5613	0.9551737	2.947953
552	-439.4587	-609.7109	170.2523	0.3539816	2.893808
558	-440.8829	-610.9683	170.0854	0.5208893	2.893808
564	-440.5838	-612.0021	171.4183	0.09607237	2.331799
570	-435.3871	-605.9133	170.5263	0.06190585	2.904722
576	-440.6521	-611.2094	170.5573	0.05878681	2.887833
582	-432.1396	-602.2448	170.1052	0.195995	3.077049
588	-438.2701	-610.0801	171.81	0.3030333	1.940642
594	-443.2792	-613.9106	170.6314	0.2727832	2.712505
600	-432.1373	-602.8861	170.7488	0.2727832	2.640301
606	-439.7692	-609.9803	170.2111	0.2618158	2.974182
612	-448.2793	-617.5611	169.2818	1.040203	3.064607
618	-442.5303	-612.8372	170.3069	0.2937354	2.89719
624	-447.5568	-617.0646	169.5078	0.338037	3.346701
630	-457.0317	-628.5889	171.5572	0.03948201	2.279239
636	-452.7576	-623.3915	170.6339	0.1868909	2.763477
642	-447.3481	-618.1176	170.7695	0.4707783	2.504579
648	-425.8685	-595.6785	169.81	0.3940619	3.134919
654	-458.8056	-629.5226	170.7171	0.4893163	2.525717
660	-455.7325	-626.4496	170.7171	0.4893163	2.525717
666	-443.2801	-613.18	169.8999	0.6588221	2.922488
672	-428.1787	-599.1827	171.0041	0.1129267	2.581297
678	-428.6745	-599.3278	170.6533	0.4463899	2.592026
684	-432.6275	-603.5754	170.9479	0.18727	2.570014
690	-438.3265	-607.755	169.4285	0.5056954	3.294685
696	-436.6137	-607.8533	171.2396	0.242508	2.35227
702	-434.2358	-604.5053	170.2695	0.481336	2.806107
708	-424.6213	-595.3203	170.699	0.4667876	2.550993
714	-442.1364	-610.86	168.7236	2.139099	2.737864
720	-432.9148	-602.9986	170.0839	0.3454504	3.000356
726	-442.2179	-613.9744	171.7565	0.02753827	2.15826
732	-442.6574	-613.5529	170.8955	0.08379451	2.666356
738	-445.0499	-616.1798	171.1299	0.4022438	2.320446
744	-443.6027	-612.9949	169.3922	0.9140377	3.074035
750	-441.9126	-611.8326	169.92	0.5306218	2.987563
756	-438.5625	-609.3316	170.7691	0.3017984	2.609838
762	-438.14	-608.2846	170.1447	0.3637364	2.952826
768	-441.1856	-611.3501	170.1645	0.2638538	3.000927
774	-436.958	-608.0331	171.0751	0.03096329	2.588081
780	-439.4103	-610.4993	171.089	0.01706695	2.588081
786	-437.2953	-607.5171	170.2217	0.2985236	2.945681
792	-440.6863	-612.0153	171.329	0.159278	2.348357
798	-443.6281	-612.6114	168.9834	0.3125975	3.667409
804	-446.1501	-616.9261	170.776	0.6376339	2.395659
810	-437.1617	-607.5144	170.3528	0.2009052	2.925549
816	-435.3506	-606.0032	170.6526	0.3351666	2.661142
822	-448.259	-617.8216	169.5626	0.6008221	3.159047
828	-422.6791	-593.389	170.7099	0.2292847	2.691032
834	-438.0386	-608.943	170.9044	0.08456414	2.660395
840	-442.7999	-612.8997	170.0998	0.4184577	2.946887
846	-441.2743	-611.7522	170.4779	0.1815859	2.861587
852	-448.6574	-619.5819	170.9244	0.09727443	2.640223
858	-437.8003	-608.2443	170.444	0.0872281	2.93909
864	-428.1967	-599.3494	171.1527	0.2375054	2.41047
870	-439.9606	-611.5748	171.6142	0.3053343	2.069509
876	-444.5112	-615.3817	170.8705	0.844883	2.202791
882	-440.4329	-610.3289	169.896	0.4842776	3.029727
888	-444.7168	-615.0227	170.306	0.3260607	2.878219
894	-434.8657	-606.0035	171.1377	0.1907781	2.449291
900	-439.0122	-608.691	169.6788	0.1470429	3.358476
906	-445.419	-616.1553	170.7364	0.009978014	2.808863
912	-430.9479	-602.1979	171.2501	0.01158196	2.491187
918	-429.1445	-600.1119	170.9674	0.13827	2.588336
924	-429.1591	-599.9754	170.8163	0.2796886	2.594322
930	-430.7361	-600.9505	170.2144	0.3450813	2.922062
936	-435.6345	-606.468	170.8335	0.3067908	2.566838
942	-440.8039	-611.3999	170.596	0.1936862	2.782454
948	-438.8769	-609.2648	170.3879	0.4254713	2.768022
954	-436.0332	-606.5762	170.5429	0.2728596	2.766555
960	-427.5614	-598.2166	170.6552	0.6760081	2.447583
966	-432.5742	-603.5364	170.9622	0.1481221	2.585433
972	-432.9118	-603.8677	170.9559	0.1544105	2.585433
978	-447.8561	-618.8192	170.9632	0.3555499	2.455444
984	-443.9147	-613.9216	170.007	0.4432759	2.987787
990	-435.1167	-605.9482	170.8315	0.2968029	2.574276
996	-435.5026	-606.2438	170.7412	0.288009	2.635588
1002	-441.505	-611.7836	170.2787	0.3269437	2.894191
1008	-437.4943	-607.7136	170.2193	0.3065066	2.942356
1014	-435.6951	-606.7545	171.0594	0.3199133	2.417289
1020	-447.3349	-617.8383	170.5034	0.110558	2.889136
1026	-433.3201	-603.2939	169.9738	0.4598218	2.997776
1032	-436.3012	-607.4783	171.1771	0.06618384	2.502677
1038	-423.6707	-595.2114	171.5406	0.1587686	2.213147
1044	-422.4276	-593.8444	171.4167	0.1587686	2.292777
1050	-438.7938	-610.317	171.5231	0.1587686	2.224435
1056	-437.2925	-607.0165	169.724	0.6010219	3.062784
1062	-434.5778	-605.6041	171.0264	0.2861888	2.4593
1068	-439.6579	-610.2333	170.5754	0.2566381	2.756619
1074	-442.3114	-612.1595	169.8481	0.09031212	3.292238
1080	-441.6353	-612.1645	170.5292	0.4652363	2.657022
1086	-448.8129	-618.4139	169.601	0.3841962	3.264604
1092	-442.2957	-612.7522	170.4565	0.54925	2.650071
1098	-441.9076	-612.7569	170.8493	0.5390817	2.411602
1104	-447.2488	-617.1884	169.9396	0.7021597	2.872331
1110	-446.4691	-617.2502	170.7811	0.130888	2.707693
1116	-439.5172	-610.1509	170.6337	0.2783111	2.707693
1122	-440.3151	-611.207	170.8919	0.9298536	2.133702
1128	-431.9499	-602.2898	170.3399	0.5724422	2.70747
1134	-442.5933	-613.8585	171.2652	0.6664591	2.06152
1140	-441.6892	-611.8923	170.2031	0.7599055	2.676354
1146	-433.4881	-604.5749	171.0868	0.04882397	2.569752
1152	-448.2913	-618.9724	170.6811	0.4544547	2.569752
1158	-443.7733	-613.63	169.8567	0.4544547	3.071064
1164	-444.6728	-613.9828	169.31	0.7649561	3.21154
1170	-446.4986	-616.2362	169.7376	0.640046	3.031292
1176	-443.4347	-612.7975	169.3628	0.640046	3.254205
1182	-440.3634	-611.8353	171.4719	0.3253649	2.149682
1188	-431.1186	-601.8129	170.6943	0.4941745	2.536878
1194	-446.1621	-616.4085	170.2464	0.4853622	2.817729
1200	-432.6509	-603.3751	170.7242	0.1254464	2.745864
1206	-429.0457	-599.5059	170.4602	0.3234291	2.786184
1212	-435.2938	-605.5639	170.27	0.5135412	2.786184
1218	-439.4621	-610.2923	170.8302	0.05088763	2.726649
1224	-436.3723	-607.1732	170.8009	0.4186204	2.517519
1230	-434.6695	-605.2411	170.5716	0.3822183	2.68202
1236	-436.1604	-606.7621	170.6016	0.01425421	2.887986
1242	-429.4212	-599.4956	170.0744	0.4001018	2.973239
1248	-432.9209	-603.609	170.6881	0.186029	2.730892
1254	-424.9701	-595.6605	170.6904	0.1837269	2.730892
1260	-434.573	-604.9892	170.4162	0.4442841	2.739253
1266	-452.542	-623.017	170.475	0.4781818	2.682414
1272	-445.936	-616.3584	170.4224	0.4439019	2.735653
1278	-435.3572	-606.0941	170.7369	0.228507	2.674906
1284	-427.1251	-597.3621	170.237	0.2155699	2.986396
1290	-428.0654	-599.3029	171.2375	0.1831592	2.391234
1296	-428.7246	-598.839	170.1144	0.2056596	3.065778
1302	-427.0221	-597.3496	170.3275	0.2445812	2.914418
1308	-426.2829	-596.6708	170.3879	0.4071093	2.779239
1314	-431.7793	-603.271	171.4917	0.1302188	2.263014
1320	-436.0763	-607.3423	171.266	0.4891594	2.177051
1326	-439.901	-611.177	171.2761	0.2011826	2.355374
1332	-435.0746	-605.757	170.6824	0.2956166	2.667143
1338	-428.4689	-597.8602	169.3913	0.2878514	3.444473
1344	-428.9206	-599.0434	170.1228	0.02528852	3.168173
1350	-432.2939	-603.1925	170.8986	0.09299287	2.658787
1356	-434.6325	-605.1685	170.5359	0.1757776	2.829921
1362	-443.9427	-614.94	170.9973	0.1410565	2.568061
1368	-438.1686	-609.4415	171.2729	0.2280601	2.340313
1374	-433.4249	-604.3637	170.9388	0.1241545	2.614758
1380	-434.4698	-604.7497	170.2799	0.154144	2.997484
1386	-434.7362	-606.3499	171.6138	0.1912665	2.144604
1392	-439.2551	-610.6496	171.3945	0.1424807	2.317357
1398	-426.7645	-597.7839	171.0194	0.09908912	2.580385
1404	-433.5403	-603.9807	170.4404	0.1772869	2.886894
1410	-439.9322	-611.2596	171.3274	0.1772869	2.337912
1416	-436.4579	-607.6883	171.2304	0.2384692	2.360713
1422	-431.3523	-601.8264	170.4741	0.1249321	2.898139
1428	-441.3816	-610.8849	169.5033	0.5227522	3.240456
1434	-443.3632	-614.3891	171.0258	0.3678645	2.408239
1440	-439.6452	-609.1411	169.4958	1.881334	2.418671
1446	-427.0927	-597.6914	170.5986	0.2588621	2.741078
1452	-445.4263	-616.0772	170.6509	0.4972052	2.561969
1458	-447.8932	-618.3994	170.5062	0.1387943	2.870383
1464	-434.2128	-604.4308	170.218	0.1727445	3.023457
1470	-437.0949	-607.529	170.4341	0.08978596	2.943511
1476	-441.0781	-611.5645	170.4864	0.03750327	2.943511
1482	-442.313	-612.6663	170.3533	0.1154547	2.976678
1488	-447.8626	-619.6891	171.8265	0.2141151	1.989202
1494	-438.1115	-608.6978	170.5863	0.06244678	2.868085
1500	-441.0704	-611.4499	170.3795	0.2835898	2.859403
1506	-447.2733	-618.4257	171.1524	0.009387481	2.553493
1512	-440.6938	-610.6283	169.9345	0.00829231	3.289629
1518	-437.1817	-608.3346	171.1529	0.01186903	2.55163
1524	-447.8246	-618.1863	170.3617	0.354078	2.827438
1530	-436.7691	-607.5124	170.7433	0.001674695	2.809697
1536	-441.4763	-612.607	171.1308	0.008562598	2.567436
1542	-443.1297	-614.2587	171.129	0.07378411	2.527927
1548	-455.1029	-625.0322	169.9292	0.5996779	2.940465
1554	-433.1908	-604.2296	171.0387	0.172878	2.522461
1560	-439.8217	-609.4954	169.6737	0.879474	2.925824
1566	-432.3379	-603.3354	170.9974	0.1408922	2.568054
1572	-434.781	-605.9077	171.1267	0.2319584	2.430306
1578	-429.5085	-600.5474	171.0389	0.181608	2.51691
1584	-429.8685	-601.3522	171.4837	0.09227026	2.292497
1590	-436.5335	-606.9178	170.3843	0.2371209	2.884659
1596	-432.6919	-603.517	170.8251	0.6790367	2.338291
1602	-429.4473	-600.0113	170.564	0.9804465	2.312615
1608	-434.2707	-605.2952	171.0246	0.2569742	2.478755
1614	-429.6761	-600.1962	170.5201	0.2326551	2.804943
1620	-427.9323	-598.7837	170.8514	0.1346239	2.662207
1626	-441.0295	-611.5869	170.5574	0.06706146	2.882771
1632	-435.6728	-607.3681	171.6953	0.02970357	2.196594
1638	-435.1977	-606.5979	171.4002	0.3248059	2.196594
1644	-427.3905	-598.4709	171.0804	0.3248059	2.40099
1650	-440.3306	-611.1561	170.8254	0.2263301	2.621659
1656	-444.8911	-615.7823	170.8913	0.3333611	2.514332
1662	-450.8984	-621.3326	170.4342	0.8215303	2.494896
1668	-459.1055	-630.16	171.0546	0.4947455	2.309511
1674	-444.2471	-615.5449	171.2978	0.2515321	2.309511
1680	-438.9736	-608.8898	169.9162	0.3670136	3.087739
1686	-437.8287	-607.2746	169.4459	0.7176141	3.158992
1692	-429.1677	-599.263	170.0954	0.233378	3.060571
1698	-429.4186	-598.952	169.5334	0.3611005	3.318061
1704	-431.2131	-602.2841	171.0709	0.5960595	2.234043
1710	-442.6657	-613.0706	170.4049	0.5944388	2.653995
1716	-446.1536	-615.826	169.6724	0.7668658	2.994382
1722	-445.6218	-615.3729	169.7512	0.394929	3.16936
1728	-434.3799	-604.0259	169.646	0.176439	3.36049
1734	-438.1151	-608.195	170.0799	0.15655	3.115631
1740	-435.8472	-605.6026	169.7554	0.4708014	3.121764
1746	-441.0611	-610.6984	169.6374	0.7561973	3.021782
1752	-437.3098	-608.0268	170.717	0.2632589	2.665759
1758	-436.406	-606.2365	169.8305	0.8315272	2.860045
1764	-442.291	-612.3308	170.0398	0.6952752	2.815714
1770	-443.2147	-613.7127	170.4981	0.2305961	2.819607
1776	-443.8954	-614.7136	170.8182	0.1308808	2.68494
1782	-443.896	-614.4276	170.5316	0.1484189	2.849143
1788	-436.324	-607.7146	171.3906	0.004222734	2.407534
1794	-442.1178	-612.7029	170.5851	0.04995326	2.876386
1800	-434.9239	-605.7845	170.8606	0.327392	2.537154
1806	-435.1454	-605.941	170.7956	0.3843491	2.542207
1812	-438.6174	-608.574	169.9567	0.1181457	3.211629
1818	-429.5562	-600.1802	170.624	0.1687002	2.780627
1824	-444.1316	-614.9759	170.8443	0.08639169	2.696235
1830	-439.3585	-610.2104	170.8519	0.0787532	2.696235
1836	-434.823	-605.7919	170.9688	0.112559	2.603347
1842	-436.4392	-606.4023	169.9631	0.6050911	2.916802
1848	-439.3044	-609.2995	169.9951	0.5057399	2.957354
1854	-446.258	-617.4181	171.1601	0.4359172	2.27962
1860	-443.6739	-614.7109	171.037	0.1957846	2.509263
1866	-438.0588	-608.1658	170.107	0.2366879	3.051647
1872	-432.8237	-603.6903	170.8667	0.1426403	2.647865
1878	-436.8207	-607.6952	170.8745	0.2106973	2.600992
1884	-435.2856	-606.1404	170.8548	0.0698771	2.699897
1890	-434.7123	-605.4612	170.7489	0.3188144	2.611793
1896	-458.0805	-628.0916	170.011	0.4106897	3.004894
1902	-440.1199	-611.0778	170.9579	0.07126111	2.635632
1908	-445.561	-616.3266	170.7655	0.262226	2.63648
1914	-432.969	-603.7172	170.7482	0.2795365	2.63648
1920	-433.1853	-604.3292	171.1439	0.2386257	2.415306
1926	-444.0438	-615.2656	171.2218	0.2849609	2.336586
1932	-424.1549	-594.6995	170.5446	0.263988	2.770931
1938	-429.9546	-601.1396	171.185	0.5369205	2.198608
1944	-439.8417	-610.255	170.4134	0.3161997	2.819066
1950	-439.7265	-609.5666	169.8401	0.6709855	2.951212
1956	-439.2224	-609.9655	170.7431	0.4410877	2.539518
1962	-439.6986	-609.2524	169.5539	0.4857118	3.232486
1968	-453.0636	-623.5767	170.5131	0.2132584	2.821025
1974	-438.809	-608.6688	169.8598	0.0460551	3.311406
1980	-436.9313	-607.3587	170.4273	0.1748969	2.89623
1986	-432.71	-604.3029	171.5928	0.3209517	2.073318
1992	-446.6634	-616.4445	169.7812	0.06422808	3.346975
1998	-440.7075	-611.872	171.1645	0.07256986	2.506557
2004	-455.8189	-626.0002	170.1813	0.270073	2.987115
2010	-442.1617	-612.9872	170.8255	0.08388138	2.709281
2016	-447.0688	-617.5693	170.5005	0.4280925	2.697515
2022	-444.1281	-614.5334	170.4054	0.07544013	2.96943
2028	-429.5605	-600.4351	170.8747	0.4503022	2.451505
2034	-436.0223	-606.6362	170.614	0.2932666	2.710605
2040	-429.5445	-600.21	170.6655	0.2417329	2.710605
2046	-418.8269	-589.6759	170.849	0.1068265	2.680754
2052	-431.5729	-602.1744	170.6015	0.33043	2.695477
2058	-428.1539	-598.829	170.6752	0.33043	2.650155
2064	-425.9175	-596.3772	170.4597	0.1208053	2.909349
2070	-430.7872	-601.3554	170.5681	0.03299143	2.896899
2076	-433.1229	-604.3599	171.237	0.1479136	2.413769
2082	-421.3727	-592.4962	171.1235	0.009123792	2.571575
2088	-441.1082	-610.9723	169.8642	0.002557333	3.334437
2094	-432.4143	-603.132	170.7177	0.01572691	2.816704
2100	-433.8926	-604.7582	170.8656	0.02414829	2.721298
2106	-441.4843	-611.5557	170.0713	0.2189694	3.083528
2112	-446.8135	-615.9642	169.1507	0.1347024	3.673517
2118	-445.4686	-614.4793	169.0107	0.2746489	3.673517
2124	-446.5257	-617.8931	171.3674	0.01526231	2.415208
2130	-446.5211	-617.9231	171.402	0.03692964	2.37965
2136	-442.9067	-613.4174	170.5107	0.1069169	2.886957
2142	-436.3559	-606.3921	170.0362	0.1589736	3.14019
2148	-441.0834	-611.8222	170.7388	0.5569301	2.469833
2154	-432.1273	-603.5076	171.3803	0.3154269	2.215526
2160	-438.4254	-608.5579	170.1324	0.7461886	2.728132
2166	-441.7378	-612.2541	170.5163	0.5103667	2.63714
2172	-431.8112	-602.3166	170.5054	0.08873986	2.901096
2178	-437.1349	-607.8772	170.7423	0.1822261	2.700017
2184	-437.2125	-607.8942	170.6818	0.06355656	2.809487
2190	-437.7191	-608.0127	170.2937	0.06409866	3.043215
2196	-441.2463	-611.5589	170.3126	1.053469	2.425669
2202	-442.1969	-612.5704	170.3735	0.808089	2.541181
2208	-446.7057	-617.1108	170.4051	0.3142869	2.825229
2214	-445.9069	-616.3566	170.4497	0.2697147	2.825229
2220	-446.6686	-617.1757	170.5071	0.9537864	2.365727
2226	-429.9237	-600.2055	170.2818	0.1478117	3.000165
2232	-431.5149	-602.0976	170.5828	0.2203626	2.774255
2238	-432.8088	-602.9578	170.149	0.005424898	3.164403
2244	-418.6325	-589.0909	170.4584	0.005546982	2.979527
2250	-429.2435	-599.3681	170.1246	0.005546982	3.178795
2256	-433.6819	-605.091	171.4091	0.001425389	2.397639
2262	-443.8244	-613.7838	169.9594	0.004792707	3.277005
2268	-435.2957	-606.5484	171.2527	0.005710151	2.493246
2274	-436.899	-607.4298	170.5308	0.03419017	2.918734
2280	-422.9742	-593.3848	170.4106	0.1543306	2.918734
2286	-433.8849	-605.0264	171.1415	1.278905	1.729287
2292	-442.0681	-612.4912	170.4231	0.9807442	2.401836
2298	-439.531	-610.7584	171.2275	0.1757007	2.402245
2304	-431.2464	-601.7703	170.5239	0.008586505	2.938299
2310	-437.5957	-608.186	170.5903	0.0008957219	2.902916
2316	-441.8016	-612.0857	170.284	0.4500504	2.816305
2322	-431.9256	-601.5602	169.6347	0.03351912	3.450867
2328	-437.6315	-608.2858	170.6542	0.2887506	2.688684
2334	-429.929	-601.3982	171.4692	0.0193452	2.348187
2340	-432.9286	-603.4284	170.4998	0.2507096	2.806302
2346	-446.81	-618.0666	171.2566	0.2507096	2.336274
2352	-428.8119	-599.916	171.1041	0.2908915	2.407394
2358	-436.8144	-607.6677	170.8533	0.1959	2.623247
2364	-445.7797	-616.79	171.0103	0.1525641	2.552788
2370	-444.3431	-614.8859	170.5427	0.3882278	2.696046
2376	-431.8918	-602.6819	170.7901	0.2570828	2.624504
2382	-431.7266	-602.8965	171.1699	0.2568754	2.387349
2388	-438.5785	-609.2574	170.679	0.1237661	2.774506
2394	-436.5537	-607.5829	171.0292	0.1595764	2.53666
2400	-424.1755	-595.2382	171.0627	0.2937861	2.431671
2406	-430.782	-602.1219	171.3399	0.2557048	2.279911
2412	-444.3374	-615.2718	170.9344	0.7529836	2.220922
2418	-445.7118	-616.466	170.7542	0.2450278	2.654078
2424	-435.1188	-606.1908	171.0721	0.09798567	2.54832
2430	-429.6836	-600.6427	170.9591	0.251755	2.522908
2436	-425.7693	-595.5368	169.7676	0.3980385	3.157781
2442	-432.9641	-604.4576	171.4935	0.2647012	2.175074
2448	-424.8468	-595.0495	170.2027	0.2644201	2.977646
2454	-426.3261	-595.9366	169.6105	0.4596457	3.214371
2460	-428.116	-598.4411	170.3251	0.147898	2.974115
2466	-431.6942	-602.5045	170.8103	0.1149333	2.699573
2472	-424.9312	-595.4881	170.5569	0.6457882	2.528005
2478	-439.3975	-609.5162	170.1186	0.05245379	3.15452
2484	-425.1732	-595.4973	170.3242	0.3318777	2.863675
2490	-428.094	-598.6442	170.5502	0.5446995	2.594988
2496	-421.488	-592.0193	170.5313	0.6474812	2.542875
2502	-439.899	-610.7659	170.8669	0.4431181	2.460893
2508	-438.0771	-608.571	170.4939	0.4431181	2.692321
2514	-451.699	-622.5288	170.8298	0.6376268	2.361627
2520	-438.3526	-608.6356	170.2831	0.1430371	3.002283
2526	-430.4104	-601.0957	170.6853	0.3389983	2.638627
2532	-430.9559	-601.7909	170.835	0.1792483	2.64483
2538	-422.5358	-593.5849	171.0492	0.02388862	2.608512
2544	-420.0854	-590.9619	170.8765	0.02866281	2.711863
2550	-420.2718	-590.9443	170.6725	0.5361044	2.524326
2556	-427.8996	-598.0132	170.1137	0.3884587	2.956597
2562	-439.6326	-610.7408	171.1082	0.4329594	2.314672
2568	-435.3683	-606.4844	171.1161	0.4250726	2.314672
2574	-435.9171	-606.9278	171.0107	0.1529118	2.552327
2580	-432.0965	-603.0567	170.9602	0.3639451	2.452047
2586	-426.964	-597.9099	170.9459	0.1200237	2.612901
2592	-426.4116	-597.5695	171.1578	0.1200237	2.481069
2598	-437.224	-608.4836	171.2596	0.4715189	2.192609
2604	-426.9873	-597.9571	170.9698	0.7699661	2.187011
2610	-428.8274	-599.7213	170.8939	0.7019448	2.279776
2616	-437.4983	-607.6574	170.1591	0.1316024	3.083261
2622	-444.6211	-614.4611	169.84	0.7379605	2.910906
2628	-438.1243	-608.4814	170.3571	0.5763741	2.694497
2634	-429.0344	-599.8656	170.8313	0.5362672	2.424728
2640	-433.3653	-603.8129	170.4476	0.3735267	2.763318
2646	-444.4836	-614.6526	170.169	0.8739542	2.627108
2652	-423.9259	-594.5155	170.5897	0.4532721	2.627108
2658	-431.1117	-602.3443	171.2327	0.06530876	2.468458
2664	-422.5195	-593.7616	171.2421	0.05585379	2.468458
2670	-424.3708	-595.6318	171.261	0.07585086	2.444016
2676	-435.9165	-607.2488	171.3323	0.2250821	2.304348
2682	-432.6317	-603.8808	171.2491	0.3376112	2.285618
2688	-437.0856	-607.3703	170.2846	0.1920363	2.971913
2694	-444.6321	-611.9269	167.2948	2.368442	3.453745
2700	-437.9928	-608.3993	170.4065	0.1886096	2.900533
2706	-432.3673	-603.3684	171.0011	0.2642399	2.488885
2712	-426.811	-597.4743	170.6633	0.1626533	2.76035
2718	-437.8317	-608.3545	170.5228	0.3862021	2.709516
2724	-438.3424	-608.7839	170.4415	0.3862021	2.759257
2730	-430.6932	-601.4036	170.7104	0.03602137	2.80883
2736	-442.3258	-612.9663	170.6405	0.1058445	2.80883
2742	-450.8725	-620.9648	170.0923	0.5414083	2.877176
2748	-440.2138	-611.7709	171.5571	0.2369278	2.151771
2754	-432.0144	-602.4591	170.4447	0.1476038	2.902246
2760	-437.4898	-607.2301	169.7404	0.8962568	2.875417
2766	-444.4319	-614.4054	169.9735	1.322066	2.469984
2772	-436.4051	-606.7716	170.3665	0.3401604	2.832997
2778	-427.4947	-598.0267	170.532	0.3401604	2.73211
2784	-431.5181	-602.4372	170.9192	0.2524342	2.547354
2790	-441.6401	-612.3736	170.7335	0.2140567	2.685853
2796	-453.6706	-623.7539	170.0833	0.4785334	2.920639
2802	-448.7262	-619.3102	170.584	0.5441192	2.574409
2808	-429.0682	-599.4218	170.3535	0.3027884	2.863495
2814	-426.8999	-597.8882	170.9883	0.004883277	2.657826
2820	-429.9494	-600.0833	170.1339	0.305107	2.994538
2826	-433.9934	-603.9669	169.9735	0.08689204	3.220186
2832	-438.8733	-609.8994	171.0261	0.364904	2.409965
2838	-440.6314	-611.1541	170.5228	0.6605613	2.540062
2844	-444.955	-616.5678	171.6129	0.07327371	2.221707
2850	-438.2287	-608.1317	169.9029	0.1004877	3.253846
2856	-421.7511	-592.8511	171.1001	0.1117274	2.522345
2862	-443.7558	-615.2976	171.5417	0.0411296	2.288057
2868	-431.2179	-600.8768	169.6588	0.623626	3.088199
2874	-438.0615	-608.8614	170.7999	0.1935695	2.657646
2880	-435.1887	-605.9458	170.7571	0.3305802	2.599445
2886	-429.7652	-600.0439	170.2786	0.06411349	3.052209
2892	-436.5594	-607.7979	171.2385	0.3607495	2.277557
2898	-424.3644	-595.6196	171.2552	0.02942639	2.476811
2904	-425.8923	-596.7253	170.833	0.4515887	2.476811
2910	-434.3499	-606	171.6501	0.09903276	2.18095
2916	-444.9033	-614.6715	169.7682	0.791116	2.922121
2922	-427.283	-597.8603	170.5772	0.3111275	2.722169
2928	-430.6586	-600.4201	169.7616	0.1994779	3.278878
2934	-432.6036	-603.6356	171.032	0.3620061	2.40803
2940	-429.7905	-600.4355	170.645	0.103283	2.807677
2946	-431.1861	-602.5091	171.323	0.02849033	2.434805
2952	-443.3331	-613.2839	169.9508	0.1339999	3.205694
2958	-440.3	-610.7145	170.4146	0.1793378	2.901251
2964	-446.3395	-616.673	170.3334	0.3603108	2.840812
2970	-441.4382	-612.0153	170.5771	0.05429213	2.87858
2976	-449.5692	-621.0546	171.4854	0.1859932	2.23121
2982	-436.3757	-607.362	170.9863	0.07875109	2.613475
2988	-435.3671	-606.7927	171.4256	0.4923717	2.070551
2994	-430.9262	-602.4228	171.4966	0.0667173	2.300566
3000	-422.8682	-593.4121	170.5439	0.1211936	2.858209
3006	-423.621	-595.5078	171.8868	0.09380628	2.029146
3012	-426.4902	-596.7942	170.304	0.4215854	2.821485
3018	-426.4284	-597.1234	170.695	0.4120117	2.587456
3024	-434.65	-605.8689	171.2189	0.2716715	2.346898
3030	-432.4353	-602.5026	170.0673	0.3260488	3.02194
3036	-447.0657	-617.3694	170.3037	0.0895824	3.02194
3042	-439.8509	-610.1261	170.2752	0.1181276	3.02194
3048	-434.8625	-605.684	170.8216	0.3598356	2.541256
3054	-424.3463	-594.2167	169.8704	0.7318921	2.896216
3060	-434.1767	-604.3167	170.1399	0.3347561	2.973109
3066	-428.2165	-599.3965	171.18	0.3684263	2.310054
3072	-424.4099	-595.1825	170.7726	1.453277	1.864073
3078	-435.3564	-606.8449	171.4885	0.4395262	2.063922
3084	-430.22	-600.821	170.6011	0.5794052	2.541857
3090	-434.3975	-605.1668	170.7693	0.4587921	2.512194
3096	-434.8269	-605.2486	170.4216	0.283928	2.833641
3102	-439.1228	-609.7732	170.6504	0.2316565	2.726042
3108	-435.1597	-605.8031	170.6433	0.4896215	2.571388
3114	-441.9777	-611.3825	169.4048	0.5983124	3.254014
3120	-439.2756	-609.6268	170.3511	0.207363	2.922643
3126	-435.7361	-606.1887	170.4526	0.1296744	2.908297
3132	-446.7231	-617.1584	170.4352	1.408919	2.11905
3138	-446.9235	-617.763	170.8395	0.1370454	2.668028
3144	-429.353	-600.2048	170.8518	0.08965751	2.689589
3150	-427.8659	-598.9689	171.103	0.0001078587	2.589903
3156	-435.8825	-606.9214	171.0389	0.003368719	2.627544
3162	-437.7531	-608.4981	170.745	0.02075504	2.797057
3168	-432.364	-603.0656	170.7016	0.01569601	2.82649
3174	-434.6765	-605.8189	171.1424	0.1242016	2.488118
3180	-432.9336	-603.344	170.4104	0.4004618	2.769528
3186	-433.1625	-603.8838	170.7213	0.4004618	2.578353
3192	-432.1992	-602.4271	170.2279	0.3264793	2.925093
3198	-438.3008	-608.4462	170.1454	0.01764004	3.159311
3204	-437.4599	-608.497	171.0371	0.02160307	2.617369
3210	-429.7113	-600.6171	170.9058	0.1529014	2.617369
3216	-429.3577	-600.1565	170.7988	0.3517023	2.560486
3222	-428.6745	-599.1245	170.45	0.7005176	2.560486
3228	-435.4523	-606.4839	171.0316	0.1534054	2.53901
3234	-429.7314	-600.6717	170.9402	0.08814048	2.636101
3240	-442.0205	-612.17	170.1496	0.6220618	2.793476
3246	-438.9525	-609.585	170.6325	0.4703581	2.590071
3252	-433.8128	-604.9713	171.1585	0.2157325	2.420519
3258	-441.5638	-612.7772	171.2134	0.1609328	2.420461
3264	-453.2541	-624.5813	171.3272	0.04712035	2.420461
3270	-449.716	-620.9116	171.1956	0.2122509	2.399288
3276	-449.6905	-619.7997	170.1092	0.8670588	2.668215
3282	-456.7316	-626.5074	169.7758	1.464607	2.504479
3288	-446.0277	-615.7554	169.7277	0.3289383	3.22236
3294	-436.8113	-608.3029	171.4916	0.0904945	2.288537
3300	-442.493	-613.5795	171.0865	0.3361535	2.389953
3306	-436.3149	-607.1342	170.8193	0.2692568	2.598896
3312	-444.9079	-615.8658	170.9579	1.153916	1.941468
3318	-449.1318	-618.8018	169.67	1.119159	2.782776
3324	-446.6531	-616.1369	169.4839	0.04437888	3.532526
3330	-438.1402	-607.6452	169.5051	0.02317825	3.532526
3336	-430.0114	-601.0057	170.9943	0.007601417	2.652427
3342	-441.727	-612.714	170.9869	0.00634527	2.657746
3348	-434.2818	-605.3215	171.0396	0.2532777	2.471623
3354	-426.6207	-597.5363	170.9156	0.05944489	2.668969
3360	-431.4945	-601.6009	170.1064	0.4230731	2.940109
3366	-435.7812	-606.2322	170.451	0.1622747	2.88953
3372	-446.0383	-615.9774	169.9391	0.3002695	3.113891
3378	-437.0376	-608.0606	171.023	0.0696138	2.59639
3384	-440.1031	-611.1157	171.0126	0.08003904	2.59639
3390	-433.8679	-605.7482	171.8803	0.1393616	2.003154
3396	-446.0719	-617.5251	171.4532	0.1393616	2.281852
3402	-445.8016	-616.6082	170.8066	0.1152996	2.701642
3408	-435.8354	-606.2945	170.459	0.4628197	2.701642
3414	-446.7796	-617.9176	171.1381	0.2073119	2.438669
3420	-435.5332	-606.5994	171.0662	0.1294567	2.532402
3426	-454.1972	-624.8497	170.6526	0.6223753	2.482864
3432	-439.1787	-609.8616	170.6829	0.6223753	2.463896
3438	-441.7185	-612.2732	170.5547	0.09935553	2.864898
3444	-452.712	-622.8243	170.1123	0.5864039	2.8378
3450	-448.0772	-618.8224	170.7452	0.7262847	2.359022
3456	-440.32	-610.6723	170.3523	0.3157072	2.856435
3462	-435.9982	-606.483	170.4849	0.3005563	2.785075
3468	-442.8245	-613.3991	170.5746	0.2107987	2.785075
3474	-431.595	-602.3655	170.7706	0.06658595	2.753498
3480	-433.3728	-603.5561	170.1833	0.5667465	2.80662
3486	-433.1145	-603.8674	170.7528	0.1295434	2.725859
3492	-434.445	-605.209	170.764	0.1183419	2.725859
3498	-432.9382	-603.666	170.7278	0.1013765	2.758377
3504	-440.6323	-610.9276	170.2952	0.003513271	3.078478
3510	-449.7656	-620.0264	170.2608	0.01573545	3.091753
3516	-445.4379	-615.5997	170.1618	0.1147079	3.091753
3522	-434.0951	-604.9444	170.8493	0.3693306	2.518054
3528	-436.745	-607.1316	170.3865	0.3360655	2.823287
3534	-451.7683	-622.6771	170.9088	0.3360655	2.501709
3540	-445.4951	-616.002	170.5069	0.2762371	2.786484
3546	-440.9388	-611.2416	170.3029	0.4333264	2.815027
3552	-450.2192	-619.6619	169.4427	0.3177027	3.39687
3558	-453.5379	-622.7206	169.1828	0.5702117	3.401226
3564	-446.4309	-616.5777	170.1469	0.3707399	2.947282
3570	-449.5734	-619.4226	169.8492	0.3707399	3.125483
3576	-441.2286	-612.263	171.0343	0.184469	2.517959
3582	-441.6431	-611.93	170.2869	0.3665191	2.865238
3588	-443.7068	-614.6745	170.9677	0.1296991	2.593428
3594	-435.6284	-605.7382	170.1098	0.2607401	3.035571
3600	-429.8047	-600.5458	170.7411	0.195375	2.692678
3606	-429.9431	-601.3546	171.4115	0.6128555	2.000047
3612	-441.6751	-612.3678	170.6928	0.622882	2.457359
3618	-438.7584	-609.5772	170.8188	0.2246211	2.626846
3624	-445.801	-615.3737	169.5727	0.2651463	3.351406
3630	-442.1181	-612.6989	170.5807	0.4475614	2.636156
3636	-435.9659	-606.9449	170.9789	0.149258	2.574339
3642	-448.7667	-619.2393	170.4726	0.2146419	2.844758
3648	-463.2926	-633.2166	169.924	0.6145606	2.934657
3654	-429.6795	-600.7063	171.0267	0.2294838	2.494591
3660	-430.4921	-600.2912	169.7991	0.2294838	3.238981
3666	-430.8046	-601.509	170.7044	0.2586518	2.676327
3672	-429.0912	-599.1085	170.0173	0.1199546	3.174598
3678	-430.9343	-602.0093	171.075	0.1199546	2.532839
3684	-427.789	-598.7377	170.9488	0.1651175	2.583215
3690	-430.4808	-600.7796	170.2988	0.1757796	2.973161
3696	-425.4333	-596.5312	171.0979	0.08860231	2.538112
3702	-436.2413	-607.0092	170.7679	0.4555767	2.515052
3708	-436.2671	-606.9499	170.6828	0.5204363	2.527704
3714	-440.0084	-611.0736	171.0652	0.04168674	2.587558
3720	-441.2477	-611.2979	170.0501	0.4251276	2.972752
3726	-434.73	-606.2945	171.5645	0.1406037	2.209439
3732	-443.2914	-613.8635	170.5721	0.9575892	2.322043
3738	-444.2285	-615.525	171.2964	0.07779752	2.42051
3744	-437.4092	-607.7735	170.3643	0.04507971	3.012295
3750	-449.0107	-618.9108	169.9001	0.903996	2.773678
3756	-432.9409	-604.4281	171.4872	0.1419972	2.258372
3762	-431.8211	-601.9617	170.1406	0.179688	3.065611
3768	-434.1402	-604.5724	170.4323	0.4066194	2.752443
3774	-432.0703	-602.5866	170.5164	0.3225043	2.752443
3780	-432.1595	-603.5646	171.405	0.61817	2.000819
3786	-424.7013	-595.3213	170.62	0.2229897	2.749957
3792	-439.3401	-610.0561	170.7161	0.1268993	2.749957
3798	-438.9575	-609.5383	170.5807	1.046421	2.259665
3804	-436.9933	-607.1076	170.1144	0.3201277	2.997243
3810	-426.6536	-597.5367	170.8831	0.2371179	2.579298
3816	-435.63	-606.3312	170.7013	0.4417164	2.565166
3822	-445.8499	-615.523	169.6731	0.4417164	3.18791
3828	-452.2908	-622.6576	170.3667	0.2683104	2.87638
3834	-441.7991	-611.3637	169.5646	0.2266487	3.378782
3840	-446.1915	-616.2679	170.0764	0.6171009	2.840943
3846	-459.8986	-629.7776	169.879	0.6171009	2.960208
3852	-449.9766	-619.8353	169.8587	0.4323815	3.083049
3858	-444.6155	-614.0987	169.4832	0.5692789	3.224863
3864	-438.8736	-608.7943	169.9206	0.3066891	3.121078
3870	-434.1109	-604.2547	170.1438	0.2163819	3.041761
3876	-446.1276	-616.7177	170.59	0.135148	2.821717
3882	-437.8355	-608.6855	170.85	0.4668569	2.4566
3888	-437.1345	-607.4724	170.3379	0.4674767	2.772928
3894	-433.3792	-603.203	169.8238	0.1248483	3.286159
3900	-432.7985	-603.2084	170.4099	0.6040672	2.644997
3906	-436.1735	-607.4947	171.3212	0.6040672	2.065739
3912	-433.2652	-603.4357	170.1704	0.2732978	2.99169
3918	-452.3386	-621.6147	169.2761	0.2343976	3.542885
3924	-442.8828	-613.5092	170.6264	0.9521396	2.290846
3930	-447.4323	-617.9311	170.4988	0.4406814	2.690831
3936	-446.5975	-617.0366	170.4391	0.3416615	2.787909
3942	-439.4131	-610.2247	170.8117	0.4992873	2.460305
3948	-441.1208	-612.0404	170.9197	0.1617499	2.603323
3954	-423.2621	-594.2481	170.986	0.2530461	2.505352
3960	-429.2958	-599.5463	170.2505	0.2083575	2.982594
3966	-424.57	-595.3476	170.7776	0.211295	2.660451
3972	-422.3582	-593.9381	171.5799	0.1194719	2.21316
3978	-419.5171	-589.8366	170.3195	0.2279822	2.929288
3984	-435.3671	-606.0694	170.7023	0.3260193	2.636156
3990	-435.5989	-606.0819	170.483	0.3917717	2.730494
3996	-442.7417	-612.5832	169.8415	0.4723579	3.069492
4002	-428.374	-599.1139	170.7399	0.08034271	2.763826
4008	-439.8023	-610.4254	170.6231	0.1971573	2.763826
4014	-438.1152	-608.9767	170.8615	0.3742233	2.507413
4020	-445.5017	-616.5096	171.0079	0.1382277	2.563218
4026	-444.2871	-614.5589	170.2719	0.9191142	2.535315
4032	-445.342	-616.2387	170.8967	0.2942874	2.535315
4038	-441.3837	-611.6793	170.2956	0.2444876	2.933744
4044	-451.0501	-622.2306	171.1804	0.2221428	2.402648
4050	-455.6878	-624.7016	169.0138	0.2770892	3.670356
4056	-445.3061	-615.288	169.9819	0.1587367	3.172578
4062	-441.4522	-611.8597	170.4075	0.3861637	2.780019
4068	-443.683	-613.5483	169.8654	0.3096572	3.152173
4074	-431.4227	-602.4767	171.054	0.03401565	2.599234
4080	-433.7738	-604.5424	170.7686	0.1674465	2.692909
4086	-432.2928	-602.7197	170.4269	0.5215929	2.685292
4092	-447.4345	-617.4934	170.0589	0.4986612	2.923219
4098	-442.7258	-614.037	171.3111	0.8737464	1.892018
4104	-443.3178	-614.035	170.7172	0.6241655	2.441182
4110	-450.446	-621.1734	170.7274	0.4055254	2.571423
4116	-445.8957	-615.7317	169.836	0.6084705	2.991249
4122	-433.8806	-604.6336	170.753	0.3070241	2.616573
4128	-427.4995	-598.0392	170.5397	0.1931908	2.817054
4134	-437.5088	-607.6294	170.1206	0.190698	3.070967
4140	-443.6204	-613.4563	169.836	0.4056065	3.112588
4146	-439.9829	-610.1868	170.2038	0.3436971	2.929267
4152	-445.7961	-614.9766	169.1805	0.1921237	3.62295
4158	-430.606	-601.3678	170.7618	0.04461942	2.772247
4164	-434.3299	-604.619	170.2892	0.1661336	2.984759
4170	-432.3723	-603.4174	171.0451	0.4048496	2.372646
4176	-444.6771	-615.0811	170.404	1.045159	2.373208
4182	-426.5774	-597.3106	170.7331	0.1140425	2.747393
4188	-427.8997	-599.1242	171.2245	0.07298731	2.468776
4194	-428.9436	-600.0437	171.1001	0.06471565	2.551582
4200	-424.5356	-595.2969	170.7613	0.2185287	2.666029
4206	-421.3459	-592.2083	170.8624	0.2345174	2.593746
4212	-423.0706	-592.983	169.9124	0.2918161	3.134811
4218	-428.615	-599.2739	170.659	0.08247533	2.811847
4224	-446.0376	-616.0564	170.0188	0.3754341	3.02138
4230	-441.3649	-612.1065	170.7416	0.06349041	2.773076
4236	-430.1149	-600.6613	170.5464	0.1776479	2.822439
4242	-429.5867	-599.4201	169.8334	0.3048805	3.173969
4248	-427.325	-597.9387	170.6137	0.3034414	2.704534
4254	-429.6058	-599.4904	169.8846	0.240541	3.181787
4260	-434.225	-605.0772	170.8522	0.05971058	2.707739
4266	-441.1564	-612.2202	171.0637	0.05724308	2.578822
4272	-441.6377	-612.7229	171.0851	0.1368726	2.51597
4278	-436.3047	-607.8691	171.5644	0.3286787	2.086962
4284	-429.3612	-600.6078	171.2466	0.03435877	2.479112
4290	-418.9173	-590.4165	171.4993	0.02253606	2.327045
4296	-447.4523	-619.4352	171.9829	0.0005162144	2.027285
4302	-440.6632	-610.5421	169.8789	0.01269894	3.319767
4308	-436.4138	-606.2386	169.8247	0.06690367	3.319767
4314	-435.1414	-605.2024	170.061	0.612224	2.853279
4320	-445.8948	-616.0182	170.1235	0.612224	2.815339
4326	-440.2655	-610.9571	170.6916	0.132966	2.761163
4332	-435.1924	-606.1123	170.92	0.1027591	2.6396
4338	-432.2549	-602.4352	170.1803	0.2064094	3.02587
4344	-437.4801	-608.3537	170.8736	0.1895442	2.614634
4350	-433.7982	-604.5154	170.7172	0.3459444	2.614634
4356	-433.4314	-604.168	170.7366	0.3137045	2.622574
4362	-430.8047	-601.5341	170.7295	0.3208365	2.622574
4368	-432.0425	-603.7221	171.6796	0.2735935	2.047305
4374	-435.6535	-605.9988	170.3453	0.1624669	2.953192
4380	-429.8888	-600.0954	170.2066	0.2203274	3.001794
4386	-426.3234	-596.3526	170.0292	0.5082417	2.935334
4392	-437.5924	-608.461	170.8686	0.408663	2.481407
4398	-425.7336	-596.3318	170.5982	0.009772692	2.89274
4404	-433.5807	-604.592	171.0114	0.05109058	2.61505
4410	-427.2344	-598.0271	170.7927	0.2697501	2.61505
4416	-449.3092	-619.3288	170.0196	0.3763443	3.020375
4422	-444.7813	-615.839	171.0577	0.2419639	2.467405
4428	-436.6337	-607.5488	170.9152	0.1865894	2.590741
4434	-444.0477	-614.6182	170.5705	0.3709082	2.689653
4440	-453.5883	-623.5238	169.9355	0.317547	3.105719
4446	-449.0573	-619.2638	170.2066	0.2868754	2.961828
4452	-435.1799	-606.0473	170.8674	0.2355006	2.590018
4458	-434.892	-606.1089	171.2169	0.2355006	2.37112
4464	-432.4393	-602.4508	170.0116	0.4446828	2.984187
4470	-430.814	-601.9264	171.1124	0.1645017	2.481676
4476	-427.3734	-597.3778	170.0044	0.1320267	3.175095
4482	-432.1477	-602.4166	170.2689	0.4455678	2.828219
4488	-422.7963	-593.955	171.1587	0.5154351	2.229466
4494	-426.0247	-597.2315	171.2069	0.2739275	2.353101
4500	-433.9743	-604.5074	170.5331	0.07330426	2.893682
4506	-433.6513	-603.7462	170.0949	0.1445491	3.113845
4512	-441.8732	-612.4662	170.593	0.4607044	2.620436
4518	-429.5994	-600.0963	170.497	0.4722705	2.672546
4524	-429.2444	-599.9474	170.7029	0.2662778	2.672546
4530	-437.8517	-608.5206	170.6689	0.08331769	2.805262
4536	-440.9315	-612.3888	171.4573	0.004253633	2.36534
4542	-449.1003	-620.0524	170.952	0.01525493	2.673726
4548	-427.9837	-598.929	170.9453	0.08485918	2.635001
4554	-433.7153	-604.3757	170.6604	0.0330401	2.840989
4560	-428.951	-599.1764	170.2254	0.2310371	2.984063
4566	-427.6433	-598.4249	170.7817	0.2310371	2.645765
4572	-429.8479	-599.994	170.1461	0.5754644	2.823893
4578	-431.6764	-602.6086	170.9321	0.2686221	2.529223
4584	-429.3129	-600.2451	170.9321	0.2686221	2.529223
4590	-439.2689	-609.4945	170.2257	0.569447	2.779167
4596	-429.7787	-600.8799	171.1012	0.2092657	2.460636
4602	-430.5756	-600.8582	170.2826	0.5507993	2.755791
4608	-427.6378	-598.9203	171.2826	0.158385	2.378359
4614	-438.0931	-608.6033	170.5102	0.0147576	2.942871
4620	-442.605	-613.6633	171.0583	0.1627819	2.516566
4626	-435.2731	-606.2854	171.0123	0.2255779	2.506084
4632	-431.053	-600.8864	169.8334	0.4189283	3.106188
4638	-439.9098	-611.6221	171.7123	0.04706657	2.17432
4644	-442.0474	-612.4476	170.4002	0.3924355	2.780683
4650	-438.6954	-609.7719	171.0765	0.1999787	2.481918
4656	-439.3498	-609.2552	169.9054	0.117671	3.242221
4662	-437.5733	-608.3708	170.7976	0.1022383	2.71516
4668	-450.5623	-619.6684	169.1061	0.5508109	3.457471
4674	-443.1232	-613.8932	170.77	0.2200284	2.659753
4680	-437.2031	-607.8179	170.6148	0.1428596	2.801945
4686	-428.2024	-599.8965	171.6941	0.2154534	2.076098
4692	-428.5695	-599.3665	170.797	0.07184637	2.734132
4698	-436.5123	-607.309	170.7967	0.6861207	2.351798
4704	-436.7331	-606.8064	170.0733	0.8127691	2.723557
4710	-440.2215	-610.5689	170.3474	0.3802743	2.820214
4716	-453.7988	-623.7514	169.9525	0.08388066	3.23435
4722	-446.323	-616.7017	170.3788	0.5361955	2.705875
4728	-437.5959	-608.6307	171.0348	0.3149089	2.435971
4734	-443.7504	-613.5581	169.8076	0.2422935	3.226348
4740	-443.9407	-614.4301	170.4895	0.49643	2.662293
4746	-437.7916	-607.4446	169.653	0.3490057	3.254689
4752	-440.0191	-609.3852	169.3661	0.6359056	3.254689
4758	-435.9124	-606.8794	170.967	0.2007446	2.549758
4764	-431.9236	-602.7743	170.8507	0.09852115	2.684817
4770	-432.86	-603.4875	170.6274	0.3102201	2.691953
4776	-438.9668	-608.7306	169.7638	0.4317745	3.139974
4782	-444.3706	-613.5953	169.2247	0.2147485	3.584185
4788	-436.9273	-607.787	170.8597	0.3639881	2.514935
4794	-441.032	-612.5503	171.5183	0.3254932	2.119284
4800	-431.8467	-603.6133	171.7666	0.04839574	2.138085
4806	-431.4245	-602.0514	170.6269	1.188105	2.138085
4812	-437.4377	-607.9252	170.4875	1.51916	2.011825
4818	-443.1413	-613.828	170.6867	0.3875083	2.607761
4824	-427.6471	-598.2898	170.6427	0.4315642	2.607761
4830	-437.3799	-607.7507	170.3708	0.07655015	2.989531
4836	-444.1777	-615.4699	171.2921	0.4574975	2.180624
4842	-426.9431	-598.1867	171.2436	0.02914744	2.484257
4848	-430.5547	-601.5536	170.9989	0.02154062	2.641028
4854	-441.1103	-612.4539	171.3436	0.05816121	2.40312
4860	-436.1992	-606.8307	170.6315	0.2544442	2.723644
4866	-436.6994	-607.0248	170.3254	0.1319804	2.98349
4872	-437.7807	-608.0246	170.2439	0.5439305	2.783581
4878	-434.0278	-604.756	170.7281	0.3039616	2.633801
4884	-435.455	-606.8246	171.3696	0.3560093	2.196224
4890	-434.295	-605.5036	171.2086	0.303677	2.333095
4896	-439.3854	-609.3397	169.9543	0.2576509	3.130239
4902	-433.8859	-603.8266	169.9407	0.2712238	3.130239
4908	-429.6332	-599.544	169.9108	0.2712238	3.147994
4914	-435.9354	-607.2802	171.3448	0.4285239	2.165275
4920	-436.3855	-606.9444	170.559	0.4285239	2.661295
4926	-431.4071	-601.247	169.8399	0.2676836	3.192183
4932	-435.0121	-605.3772	170.3651	0.2973543	2.85981
4938	-440.7829	-611.7017	170.9188	0.4958319	2.395043
4944	-433.1698	-604.1865	171.0168	0.02615001	2.627114
4950	-428.8824	-599.6844	170.802	0.01358671	2.766671
4956	-428.4667	-599.2801	170.8134	0.002211631	2.766671
4962	-429.5003	-599.7619	170.2616	0.4296021	2.84234
4968	-428.3828	-598.9007	170.5179	0.4063171	2.700201
4974	-432.4887	-604.2658	171.7771	0.6321529	1.737118
4980	-421.2563	-591.8153	170.559	0.2408227	2.776279
4986	-433.132	-603.9839	170.8518	0.3190786	2.547804
4992	-437.6064	-608.2835	170.6771	0.3253108	2.652134
4998	-440.2977	-610.3582	170.0605	0.3950835	2.984571
5004	-428.608	-599.8062	171.1982	0.2968278	2.344069
5010	-432.2616	-603.2871	171.0255	0.4505646	2.356128
5016	-427.7533	-598.7639	171.0106	0.1786007	2.5364
5022	-439.3328	-609.3438	170.011	0.3837549	3.021096
5028	-436.6258	-606.5587	169.9329	0.3837549	3.067809
5034	-437.2474	-607.6278	170.3804	0.142676	2.943976
5040	-438.0005	-608.8102	170.8096	0.1740098	2.663674
5046	-443.8562	-615.2607	171.4045	0.2760413	2.225291
5052	-446.2643	-616.5174	170.2531	0.5847984	2.753052
5058	-435.7208	-606.0085	170.2876	0.2156537	2.955901
5064	-441.0901	-611.5847	170.4946	0.2781199	2.792796
5070	-435.8627	-606.5734	170.7107	0.09335399	2.773714
5076	-428.6335	-598.9903	170.3567	0.09984371	2.983978
5082	-425.8653	-596.3036	170.4384	0.2685446	2.83283
5088	-432.951	-603.7146	170.7637	0.4030381	2.550427
5094	-437.4523	-606.7946	169.3424	1.839234	2.54115
5100	-436.3129	-607.6262	171.3133	0.1091137	2.390086
5106	-426.4477	-596.6887	170.241	0.3638469	2.894654
5112	-440.8955	-611.231	170.3356	0.2692774	2.894654
5118	-446.0437	-616.3452	170.3015	0.2493652	2.927229
5124	-438.6566	-609.0615	170.4049	0.1459617	2.927229
5130	-435.0591	-606.1884	171.1293	0.1540234	2.477631
5136	-432.1024	-603.3692	171.2668	0.378049	2.248333
5142	-430.672	-601.3594	170.6874	0.2688304	2.680536
5148	-430.465	-600.3763	169.9113	0.3438944	3.104451
5154	-440.1747	-610.5012	170.3265	0.1761264	2.956291
5160	-446.6426	-617.8204	171.1778	0.06459835	2.503229
5166	-453.7887	-624.7521	170.9634	0.1582721	2.578379
5172	-437.9667	-608.6984	170.7317	0.0154333	2.808373
5178	-432.3121	-602.6171	170.305	0.1501549	2.984828
5184	-433.5954	-604.2107	170.6154	0.04023793	2.86393
5190	-428.4751	-600.1231	171.648	0.0138437	2.237401
5196	-438.316	-609.7295	171.4135	0.09622517	2.334741
5202	-448.813	-619.5182	170.7053	0.2091536	2.706202
5208	-455.7461	-625.0458	169.2997	0.1030479	3.605478
5214	-439.4439	-609.68	170.2361	0.4854843	2.823882
5220	-443.7339	-613.9458	170.2119	0.6210704	2.756052
5226	-433.58	-603.8152	170.2351	0.567017	2.774859
5232	-444.0524	-615.1687	171.1162	0.4089031	2.324911
5238	-440.2867	-611.3951	171.1084	0.4278928	2.317779
5244	-443.0054	-613.7507	170.7453	0.259461	2.650673
5250	-440.565	-611.787	171.222	0.259461	2.352695
5256	-445.6028	-616.9672	171.3644	0.1170512	2.352695
5262	-433.3152	-604.4259	171.1107	0.5488127	2.238856
5268	-432.0042	-603.6102	171.6061	0.05347701	2.238856
5274	-440.0582	-610.6694	170.6112	0.3552258	2.674272
5280	-444.49	-615.2413	170.7513	0.1867306	2.691686
5286	-436.0873	-607.131	171.0437	0.2736549	2.456297
5292	-441.902	-612.6688	170.7668	0.07987035	2.74768
5298	-427.154	-597.7336	170.5796	0.2622402	2.750656
5304	-440.9725	-611.4166	170.4441	0.0563091	2.957606
5310	-423.4602	-594.1433	170.6831	0.08227555	2.797276
5316	-433.0983	-604.0483	170.95	0.07843963	2.636081
5322	-432.981	-603.78	170.7991	0.2293561	2.636081
5328	-442.9318	-613.6391	170.7073	0.2945238	2.652454
5334	-440.0217	-610.982	170.9603	0.2110388	2.547559
5340	-444.8728	-615.9674	171.0947	0.5986541	2.217071
5346	-448.9889	-619.2482	170.2593	0.4868588	2.809
5352	-439.5627	-610.6215	171.0588	0.1136695	2.546805
5358	-434.6478	-605.7495	171.1017	0.3273062	2.385924
5364	-434.9716	-605.6875	170.7159	0.1906321	2.711021
5370	-430.1739	-601.0129	170.8391	0.1854566	2.63849
5376	-429.1914	-600.5888	171.3974	0.06482084	2.364904
5382	-436.2959	-606.8995	170.6036	0.653934	2.493752
5388	-438.8565	-609.6223	170.7658	0.2232421	2.660357
5394	-440.5458	-610.9997	170.4538	0.5352017	2.660357
5400	-432.256	-602.8573	170.6013	0.6811921	2.478125
5406	-429.1164	-599.8976	170.7812	0.7921889	2.294118
5412	-429.505	-600.1102	170.6052	0.3132334	2.70375
5418	-431.9927	-603.3322	171.3395	0.2033832	2.313629
5424	-423.1344	-593.4637	170.3293	0.2260382	2.924537
5430	-428.9477	-599.811	170.8633	0.1552466	2.642191
5436	-446.984	-617.701	170.717	0.3015365	2.642191
5442	-451.2057	-621.8669	170.6613	0.09434117	2.803209
5448	-441.5294	-612.3906	170.8612	0.4708768	2.447033
5454	-437.497	-608.7326	171.2357	0.1526278	2.411647
5460	-429.0777	-600.376	171.2983	0.7283573	1.9985
5466	-432.9246	-602.6319	169.7073	0.5036685	3.130827
5472	-440.9534	-612.091	171.1376	0.2073775	2.438958
5478	-444.5791	-614.3635	169.7844	0.4599443	3.110901
5484	-438.0093	-607.9737	169.9644	0.4343785	3.018683
5490	-430.0503	-600.6954	170.6451	0.08793949	2.816951
5496	-437.3843	-607.4743	170.09	0.004886928	3.199756
5502	-439.924	-611.2188	171.2948	0.1553279	2.37258
5508	-439.9765	-610.8328	170.8563	0.6369311	2.345197
5514	-423.6857	-594.681	170.9953	0.03029074	2.63781
5520	-431.9398	-602.6445	170.7047	0.2706009	2.66879
5526	-430.9585	-602.3005	171.342	0.137524	2.353891
5532	-448.963	-619.1793	170.2164	0.2874846	2.955552
5538	-447.3053	-618.6596	171.3543	0.4673475	2.133731
5544	-443.6873	-613.8233	170.136	0.1932762	3.060273
5550	-455.1026	-624.4887	169.386	0.1506716	3.5276
5556	-448.3431	-618.1028	169.7597	0.3093624	3.215018
5562	-440.2173	-610.5341	170.3168	0.0790666	3.020402
5568	-441.8968	-612.493	170.5963	0.1489977	2.809513
5574	-445.5779	-616.1648	170.5869	0.3817277	2.672882
5580	-439.6686	-610.3273	170.6588	0.2786292	2.692098
5586	-433.3518	-604.5883	171.2366	0.2293172	2.362577
5592	-431.3402	-602.2533	170.9131	0.3603596	2.483796
5598	-428.5004	-599.443	170.9426	0.2372108	2.542253
5604	-438.8612	-609.3662	170.505	0.02606392	2.939177
5610	-445.5169	-615.3606	169.8437	0.7397367	2.907606
5616	-431.5698	-602.0067	170.4369	0.1464655	2.907606
5622	-425.4732	-596.0809	170.6077	0.2639921	2.732407
5628	-450.9108	-621.2961	170.3852	0.2398899	2.88238
5634	-440.6488	-611.306	170.6573	0.5446074	2.528531
5640	-433.1232	-603.508	170.3848	0.6692177	2.620285
5646	-436.2722	-606.2405	169.9683	0.4332423	3.017003
5652	-436.3032	-605.9597	169.6565	0.5333287	3.143369
5658	-443.8257	-614.7239	170.8982	0.08550305	2.663636
5664	-444.2017	-614.0508	169.849	0.5418717	3.023377
5670	-435.421	-605.8684	170.4474	0.1731612	2.885167
5676	-428.956	-599.2508	170.2948	0.3862945	2.84849
5682	-441.7127	-612.7536	171.0409	0.4187884	2.366478
5688	-433.8706	-605.0399	171.1693	0.266932	2.381357
5694	-437.4406	-608.5032	171.0626	0.2660392	2.449213
5700	-431.1201	-601.307	170.1869	0.2660392	2.986144
