Iteration	Posterior	Likelihood	Prior	acrv_sd	tree_length
0	-259.2411	-424.2887	165.0476	0.1834717	5.941045
6	-250.1565	-415.2083	165.0518	0.04211598	6.015879
12	-246.6471	-413.583	166.9359	0.1041472	4.944771
18	-253.2212	-419.6822	166.4609	0.1050809	5.207708
24	-262.7841	-429.6061	166.8221	0.0227039	5.05328
30	-249.9144	-417.43	167.5156	0.03704508	4.658678
36	-252.2466	-419.1102	166.8636	0.3601411	4.842486
42	-251.5086	-418.7971	167.2885	0.02608736	4.791823
48	-260.3949	-426.8339	166.439	0.2973343	5.113397
54	-274.6021	-440.2647	165.6625	0.1594125	5.617624
60	-261.6449	-428.2536	166.6088	0.06235572	5.149534
66	-261.52	-427.0844	165.5644	0.142252	5.680856
72	-254.2019	-419.8435	165.6416	0.0651054	5.680856
78	-247.4005	-414.7979	167.3974	0.05063839	4.717222
84	-259.1303	-425.2043	166.074	0.0626013	5.444667
90	-250.7225	-417.1934	166.471	0.1234683	5.191987
96	-256.2329	-422.9064	166.6735	0.1234683	5.079769
102	-246.5321	-413.1924	166.6603	0.1367127	5.079769
108	-252.6533	-418.7924	166.139	0.1269609	5.373381
114	-255.7723	-420.5554	164.7831	0.280746	6.032282
120	-249.0398	-417.1734	168.1336	0.2273864	4.203043
126	-250.3269	-416.2302	165.9033	0.0190218	5.562483
132	-264.948	-431.5986	166.6506	0.04367225	5.136734
138	-267.1417	-433.1579	166.0162	0.03502644	5.491645
144	-255.4502	-421.3795	165.9292	0.120825	5.492292
150	-272.7169	-439.8776	167.1606	0.3867092	4.661657
156	-274.2539	-439.4846	165.2307	0.3867092	5.729753
162	-263.4859	-429.9587	166.4728	0.232527	5.130609
168	-270.0963	-438.0397	167.9434	0.329846	4.2528
174	-248.7586	-416.3794	167.6208	0.1905532	4.513499
180	-255.9944	-420.6404	164.646	0.2273744	6.136045
186	-244.2668	-409.5439	165.277	0.1203016	5.850215
192	-233.5243	-400.6188	167.0945	0.04939874	4.886977
198	-239.3629	-405.2547	165.8918	0.02897559	5.563376
204	-251.9667	-418.737	166.7703	0.1830215	4.992998
210	-242.0729	-408.9295	166.8566	0.09670758	4.992998
216	-243.8998	-411.9644	168.0645	0.01669873	4.361432
222	-250.0515	-416.9186	166.8671	0.1369702	4.964781
228	-248.6627	-415.6763	167.0136	0.1987148	4.84883
234	-250.7527	-418.0349	167.2822	0.1967831	4.699935
240	-272.8022	-438.1669	165.3647	0.06549755	5.832265
246	-274.7025	-440.5695	165.8669	0.2797485	5.4391
252	-263.6059	-428.9942	165.3884	0.139792	5.778648
258	-260.839	-427.7448	166.9058	0.05775892	4.987329
264	-255.4426	-422.9101	167.4675	0.1687237	4.611817
270	-247.5542	-414.7181	167.1639	0.009737026	4.870428
276	-264.0207	-432.1327	168.112	0.2042859	4.228402
282	-245.4895	-412.3513	166.8619	0.06769368	5.006203
288	-245.7851	-412.9338	167.1487	0.04692927	4.858167
294	-267.548	-434.1405	166.5925	0.08196105	5.147667
300	-267.2952	-432.2101	164.9149	0.1156665	6.050438
306	-263.997	-431.2721	167.2751	0.2258579	4.687622
312	-240.393	-408.4136	168.0206	0.04704457	4.369089
318	-234.7289	-401.6285	166.8996	0.2527995	4.882234
324	-252.8826	-418.3692	165.4865	0.1097607	5.741332
330	-244.6974	-411.9795	167.2821	0.2309597	4.68086
336	-238.0725	-405.5605	167.4881	0.02499079	4.68086
342	-231.136	-399.2226	168.0866	0.05168744	4.329183
348	-235.5472	-401.2749	165.7277	0.01947009	5.658633
354	-242.1052	-408.3857	166.2805	0.03260229	5.347412
360	-234.1899	-401.129	166.9391	0.004402483	4.998442
366	-229.7514	-396.3714	166.62	0.05572866	5.146967
372	-224.897	-391.4746	166.5776	0.1131	5.13871
378	-219.555	-386.1943	166.6393	0.03190683	5.149498
384	-240.9459	-408.6948	167.7488	0.09197892	4.496925
390	-249.4236	-416.3261	166.9025	0.3384804	4.832858
396	-252.1972	-419.715	167.5179	0.2023787	4.564688
402	-249.9852	-416.2168	166.2317	0.008942717	5.387364
408	-247.7426	-414.4809	166.7383	0.03978295	5.090253
414	-251.2634	-418.4628	167.1995	0.1123585	4.793348
420	-265.1122	-430.6958	165.5836	0.06681004	5.711669
426	-275.399	-440.8332	165.4342	0.2162494	5.711669
432	-253.6896	-420.6965	167.0069	0.4128956	4.733048
438	-245.3473	-411.1022	165.7549	0.1761966	5.55768
444	-248.7913	-417.3833	168.592	0.2444126	3.932021
450	-257.8839	-424.7642	166.8803	0.3879003	4.817696
456	-251.7601	-418.0067	166.2466	0.04527619	5.359081
462	-263.5819	-429.609	166.0271	0.1509372	5.421834
468	-248.293	-414.984	166.6911	0.1662588	5.046293
474	-253.7186	-418.6451	164.9265	0.1458969	6.027621
480	-251.777	-418.2576	166.4806	0.1362884	5.179567
486	-257.1579	-423.6827	166.5248	0.01825299	5.220427
492	-234.2614	-401.3756	167.1142	0.0728656	4.862903
498	-239.0006	-405.1306	166.13	0.00951394	5.443065
504	-250.7216	-417.2289	166.5073	0.01444806	5.2322
510	-245.3387	-411.2957	165.9571	0.02993336	5.526954
516	-265.8119	-433.5602	167.7482	0.006141413	4.545527
522	-250.0689	-416.3554	166.2865	0.00117846	5.36139
528	-244.6367	-410.8517	166.215	0.07271173	5.36139
534	-238.2896	-404.3623	166.0727	0.00729793	5.475802
540	-255.9574	-422.5428	166.5853	0.00135673	5.196261
546	-250.54	-416.6261	166.0861	0.0006763489	5.472069
552	-243.7475	-410.4786	166.7311	0.0446406	5.091578
558	-237.5175	-403.9221	166.4045	0.1372573	5.221094
564	-230.6254	-398.8202	168.1948	0.1765703	4.197145
570	-252.6159	-420.1048	167.4888	0.1172885	4.628722
576	-270.0583	-437.0283	166.9701	0.5089125	4.699913
582	-256.767	-422.3499	165.5829	0.418096	5.519284
588	-255.2118	-420.3836	165.1718	0.0797259	5.929874
594	-265.2208	-432.0473	166.8265	0.1558386	4.976868
600	-263.1921	-427.2989	164.1068	0.1143288	6.4902
606	-255.0676	-420.4301	165.3625	0.1515745	5.78633
612	-257.6666	-423.0107	165.3441	0.491562	5.610105
618	-258.6147	-425.9998	167.3851	0.4645297	4.491969
624	-243.0199	-408.6292	165.6094	0.101254	5.678697
630	-241.7802	-408.4812	166.701	0.06471389	5.097105
636	-249.5483	-417.9237	168.3754	0.02528484	4.180524
642	-258.3239	-425.3385	167.0146	0.2486343	4.820454
648	-270.7104	-438.0071	167.2966	0.2754084	4.647827
654	-257.3827	-424.331	166.9484	0.3267381	4.813824
660	-263.0459	-430.3615	167.3155	0.2431452	4.655303
666	-263.7652	-431.7112	167.946	0.1411418	4.358061
672	-247.7333	-414.1741	166.4408	0.3092901	5.10579
678	-246.4934	-411.4664	164.973	0.1580021	5.995637
684	-264.7809	-430.8426	166.0617	0.04136193	5.463104
690	-261.8954	-428.7055	166.8101	0.1538279	4.987099
696	-258.2311	-423.169	164.9379	0.1151896	6.038166
702	-248.0961	-416.8002	168.7041	0.01103717	4.001396
708	-253.9826	-422.251	168.2684	0.4467104	4.001396
714	-247.7931	-415.8134	168.0203	0.1180076	4.329157
720	-246.0056	-412.686	166.6804	0.08518364	5.097187
726	-260.4544	-427.158	166.7036	0.06195499	5.097187
732	-250.3448	-415.684	165.3392	0.05125001	5.853995
738	-243.15	-409.7241	166.5741	0.07630327	5.161026
744	-243.0714	-407.6251	164.5537	0.2115092	6.194896
750	-235.0754	-402.3247	167.2493	0.08489726	4.780861
756	-244.3958	-411.8919	167.4961	0.0785865	4.646338
762	-233.5944	-400.4728	166.8784	0.1625398	4.944316
768	-244.7136	-413.3038	168.5903	0.2321716	3.940002
774	-237.0075	-405.4818	168.4743	0.09331763	4.085572
780	-265.7659	-430.79	165.0242	0.06939931	6.016083
786	-248.0333	-413.7354	165.702	0.193664	5.577124
792	-255.5062	-421.4292	165.923	0.004266961	5.559775
798	-257.2847	-423.2112	165.9265	0.04892716	5.533327
804	-257.4892	-424.2542	166.765	0.2250059	4.97262
810	-248.9737	-414.7155	165.7418	0.1911359	5.556653
816	-253.1765	-420.5578	167.3813	0.09095688	4.703706
822	-256.5819	-424.6826	168.1007	0.1142798	4.285793
828	-258.6151	-424.2062	165.5911	0.02297766	5.731619
834	-271.1246	-438.0409	166.9163	0.2844358	4.855312
840	-254.9481	-421.5065	166.5584	0.01251235	5.204993
846	-248.1131	-415.1597	167.0467	0.03939598	4.919178
852	-241.7452	-407.7603	166.015	0.1305539	5.439708
858	-250.1727	-419.1967	169.024	0.004240938	3.821914
864	-251.0199	-416.4619	165.442	0.01490791	5.817638
870	-259.1687	-424.8793	165.7107	0.08932815	5.629675
876	-257.0539	-424.6134	167.5595	0.06015221	4.621134
882	-271.322	-439.1983	167.8763	0.3117915	4.301032
888	-255.1421	-422.4654	167.3233	0.1255216	4.716772
894	-241.199	-408.4404	167.2413	0.1627961	4.741795
900	-245.48	-413.0697	167.5897	0.2715261	4.485462
906	-238.2718	-404.1991	165.9273	0.06156451	5.525949
912	-248.8461	-414.0341	165.188	0.01555753	5.956057
918	-249.0593	-415.9339	166.8746	0.02716428	5.021632
924	-251.23	-417.9582	166.7282	0.3185985	4.941026
930	-272.2222	-435.9263	163.7041	0.44281	6.530397
936	-249.7505	-415.4213	165.6708	0.3082813	5.53133
942	-259.6344	-425.7859	166.1515	0.4411258	5.193007
948	-265.8784	-428.8861	163.0077	0.2624739	7.003763
954	-246.2885	-412.6195	166.331	0.0911135	5.287212
960	-268.4689	-436.0951	167.6262	0.2874748	4.4559
966	-256.9462	-424.1396	167.1934	0.1893487	4.753739
972	-261.4774	-427.2558	165.7784	0.07000855	5.603076
978	-256.3146	-423.1564	166.8418	0.00191327	5.053848
984	-243.3953	-410.7507	167.3554	0.07180105	4.728872
990	-243.1364	-410.1047	166.9683	0.5771624	4.662698
996	-244.3303	-411.6643	167.334	0.2114776	4.662698
1002	-248.4989	-414.59	166.0911	0.1310347	5.397548
1008	-248.2382	-414.2424	166.0042	0.2179686	5.397548
1014	-250.2099	-416.8653	166.6553	0.2179686	5.037448
1020	-263.4605	-428.3178	164.8573	0.1278138	6.075178
1026	-250.9971	-416.2925	165.2954	0.2977197	5.743069
1032	-257.5652	-425.134	167.5687	0.1237491	4.580296
1038	-261.5598	-428.7469	167.187	0.3692401	4.656661
1044	-250.9573	-415.9929	165.0356	0.03726506	6.027358
1050	-256.9477	-423.3019	166.3542	0.1335366	5.250992
1056	-252.9969	-419.7011	166.7042	0.1572494	5.043998
1062	-259.0486	-426.6275	167.5789	0.4087464	4.414252
1068	-249.6603	-417.3428	167.6825	0.02266741	4.573163
1074	-249.0933	-416.4313	167.338	0.3398475	4.588479
1080	-253.4355	-420.3393	166.9038	0.03205592	5.002715
1086	-251.2606	-417.6822	166.4216	0.1474396	5.206023
1092	-247.0389	-413.556	166.5172	0.1692176	5.141082
1098	-249.9549	-417.2522	167.2973	0.24184	4.666277
1104	-250.1727	-416.4109	166.2383	0.1557295	5.302756
1110	-253.3491	-419.5085	166.1594	0.234603	5.302756
1116	-262.9781	-430.7082	167.7301	0.234603	4.427189
1122	-252.7763	-418.6993	165.923	0.1809515	5.462639
1128	-260.0066	-426.0866	166.0801	0.09345693	5.424335
1134	-245.5449	-411.442	165.8971	0.06948015	5.538169
1140	-258.3972	-423.981	165.5838	0.125019	5.679693
1146	-253.9322	-422.3258	168.3936	0.07772675	4.140391
1152	-263.306	-428.6633	165.3573	0.1157485	5.808802
1158	-260.1548	-425.3458	165.191	0.09578422	5.910615
1164	-249.954	-417.662	167.708	0.05925339	4.538286
1170	-261.9705	-428.0272	166.0568	0.01371252	5.481042
1176	-258.5595	-425.2592	166.6997	0.3474036	4.940871
1182	-270.3871	-434.5499	164.1628	0.09202955	6.471986
1188	-247.4428	-414.0948	166.6521	0.1935148	5.052825
1194	-274.572	-440.5532	165.9812	0.08409145	5.4839
1200	-267.1126	-432.6084	165.4958	0.1920495	5.691192
1206	-256.7358	-424.7762	168.0404	0.1039565	4.325742
1212	-255.9921	-422.9905	166.9984	0.04888144	4.940745
1218	-248.5693	-414.9417	166.3724	0.009445494	5.309466
1224	-250.5066	-416.8092	166.3026	0.07926885	5.309466
1230	-253.0939	-419.8636	166.7697	0.03817973	5.073719
1236	-235.2288	-401.7209	166.4921	0.3157959	5.073719
1242	-238.3234	-405.6159	167.2925	0.0244706	4.790477
1248	-247.8745	-415.4384	167.5639	0.07756913	4.608892
1254	-244.2145	-412.2046	167.9901	0.08284077	4.36611
1260	-249.7064	-416.9375	167.2311	0.06996774	4.799329
1266	-253.0976	-420.3266	167.229	0.2059691	4.724565
1272	-245.7265	-410.7484	165.0219	0.3226924	5.879043
1278	-251.1794	-418.2992	167.1199	0.1887395	4.795142
1284	-239.0156	-405.969	166.9535	0.5123583	4.707288
1290	-238.7043	-406.0536	167.3494	0.1164596	4.707288
1296	-249.8477	-416.6705	166.8228	0.1164596	5.000811
1302	-256.348	-423.2973	166.9493	0.1878809	4.890731
1308	-243.2563	-409.5862	166.3299	0.05180164	5.309528
1314	-244.502	-409.8432	165.3412	0.01126823	5.874741
1320	-259.6728	-423.7065	164.0337	0.1911391	6.488218
1326	-252.3272	-420.211	167.8838	0.3144681	4.295254
1332	-242.5242	-409.8765	167.3522	0.2003387	4.658717
1338	-257.6281	-424.8645	167.2364	0.02249293	4.822874
1344	-251.3838	-419.1753	167.7914	0.0113576	4.518325
1350	-249.0528	-415.7633	166.7105	0.007688019	5.123473
1356	-254.4017	-419.543	165.1413	0.03583873	5.970478
1362	-267.312	-430.807	163.495	0.2706647	6.73657
1368	-265.4619	-428.8936	163.4317	0.2188711	6.798714
1374	-270.9781	-435.9918	165.0137	0.1194477	5.994489
1380	-266.3225	-432.0695	165.747	0.01133293	5.652518
1386	-257.602	-423.1987	165.5967	0.1616122	5.652518
1392	-257.9842	-424.9593	166.9751	0.07630362	4.938451
1398	-264.1876	-431.3643	167.1766	0.1795918	4.768541
1404	-253.2037	-418.8322	165.6286	0.1730049	5.628806
1410	-262.2884	-429.0634	166.7751	0.1730049	4.995923
1416	-254.3597	-420.2838	165.924	0.1010846	5.505993
1422	-251.7196	-418.9241	167.2046	0.1019709	4.796301
1428	-250.4044	-417.3817	166.9773	0.2393935	4.846396
1434	-252.7643	-419.7608	166.9965	0.2301327	4.840885
1440	-271.7811	-437.3661	165.5849	0.05397676	5.71799
1446	-262.3306	-428.5901	166.2595	0.1784402	5.278475
1452	-241.4531	-408.163	166.7098	0.4422173	4.882449
1458	-238.145	-405.1724	167.0274	0.1246228	4.882449
1464	-239.6947	-407.7668	168.0721	0.1769546	4.266523
1470	-247.0828	-415.6194	168.5366	0.1755571	4.003078
1476	-243.1935	-410.322	167.1285	0.07003983	4.856541
1482	-248.197	-415.3826	167.1856	0.01291669	4.856541
1488	-249.7481	-417.2009	167.4528	0.01798044	4.704526
1494	-247.1147	-414.0676	166.953	0.1510986	4.90916
1500	-247.2005	-414.2704	167.0699	0.08069797	4.883245
1506	-247.2296	-413.5398	166.3102	0.009630746	5.343664
1512	-245.0643	-411.3409	166.2766	0.1793062	5.268552
1518	-259.5764	-425.82	166.2436	0.3190045	5.209569
1524	-244.2119	-409.8596	165.6477	0.0517128	5.684831
1530	-257.5393	-425.8239	168.2846	0.1148363	4.181237
1536	-252.0548	-419.2112	167.1564	0.07190474	4.839936
1542	-249.5676	-415.4394	165.8718	0.4547851	5.339975
1548	-252.0476	-417.7319	165.6843	0.3278244	5.513162
1554	-257.782	-426.5715	168.7895	0.3260489	3.771593
1560	-265.0974	-432.0187	166.9214	0.02888458	4.994714
1566	-276.0217	-441.6975	165.6758	0.06624197	5.661439
1572	-253.3921	-420.8313	167.4393	0.2251899	4.596011
1578	-257.5751	-424.6453	167.0702	0.2251899	4.802525
1584	-276.2767	-443.312	167.0353	0.2025505	4.834622
1590	-262.1625	-429.0943	166.9318	0.1976685	4.894998
1596	-245.5439	-412.3174	166.7736	0.1947517	4.984666
1602	-241.419	-408.6588	167.2398	0.007788608	4.82919
1608	-253.3484	-420.5229	167.1746	0.07302914	4.82919
1614	-250.4644	-417.8254	167.361	0.1891279	4.660118
1620	-262.5427	-429.6073	167.0645	0.1647486	4.839395
1626	-260.9836	-426.299	165.3153	0.1658837	5.804346
1632	-247.6353	-413.2386	165.6033	0.03629757	5.717621
1638	-257.4974	-425.1672	167.6697	0.06262388	4.557892
1644	-253.5912	-420.367	166.7758	0.09765384	5.037362
1650	-257.6999	-423.4656	165.7656	0.1160164	5.58484
1656	-254.6536	-421.0487	166.3951	0.07016405	5.263419
1662	-260.8234	-427.1757	166.3523	0.1249208	5.256803
1668	-266.6853	-432.0886	165.4032	0.06326126	5.812392
1674	-261.9971	-428.5496	166.5525	0.2281696	5.088842
1680	-255.4177	-421.5706	166.1529	0.02821817	5.420132
1686	-259.4655	-426.1983	166.7328	0.1850404	5.01271
1692	-250.2924	-418.0914	167.799	0.07275303	4.47954
1698	-247.9013	-412.666	164.7647	0.2488259	6.059692
1704	-242.8138	-410.0382	167.2244	0.03549068	4.822327
1710	-248.3269	-415.6818	167.3549	0.02384862	4.755988
1716	-241.2489	-408.4135	167.1646	0.00940817	4.870206
1722	-243.1817	-411.8463	168.6647	0.02527386	4.015781
1728	-238.0336	-405.8391	167.8055	0.1217258	4.448293
1734	-238.4518	-405.4455	166.9937	0.1217258	4.902831
1740	-244.0471	-410.3024	166.2553	0.02624355	5.364803
1746	-250.2483	-416.8075	166.5592	0.03427733	5.192497
1752	-257.5551	-423.9311	166.376	0.2174988	5.192497
1758	-257.8262	-425.1068	167.2806	0.1772126	4.711764
1764	-244.7264	-411.6836	166.9572	0.01446438	4.98283
1770	-253.1497	-418.5086	165.3589	0.02116097	5.85966
1776	-246.0882	-412.6404	166.5522	0.003691208	5.2133
1782	-254.1497	-419.1839	165.0342	0.0009859709	6.047931
1788	-250.7566	-417.6767	166.9201	0.05386027	4.981524
1794	-235.0287	-401.1191	166.0904	0.124389	5.401581
1800	-251.4648	-417.526	166.0612	0.2123147	5.369233
1806	-250.5257	-418.1617	167.636	0.4300478	4.369994
1812	-254.403	-419.1881	164.785	0.1836284	6.08415
1818	-267.4124	-432.564	165.1515	0.08471691	5.938216
1824	-248.2126	-414.351	166.1385	0.1004543	5.388298
1830	-242.9764	-411.5659	168.5896	0.4126764	3.836853
1836	-237.809	-405.8701	168.0611	0.02539484	4.358433
1842	-234.764	-400.9418	166.1779	0.276628	5.269354
1848	-244.2229	-412.1035	167.8806	0.3028434	4.303646
1854	-229.5393	-396.7617	167.2224	0.263306	4.696182
1860	-269.0964	-436.1431	167.0467	0.2001991	4.829557
1866	-251.0241	-417.0056	165.9815	0.284015	5.373647
1872	-244.4907	-411.4175	166.9268	0.1382013	4.930878
1878	-256.9544	-423.7702	166.8158	0.1382013	4.992613
1884	-257.6254	-423.0058	165.3804	0.0433802	5.835729
1890	-258.3665	-424.2049	165.8384	0.1391383	5.532164
1896	-257.8487	-423.4187	165.57	0.2584323	5.614068
1902	-255.2537	-422.6176	167.3638	0.1974121	4.65386
1908	-251.497	-419.0569	167.56	0.1691208	4.559728
1914	-247.7704	-414.2083	166.4379	0.1770326	5.180661
1920	-243.431	-409.1689	165.7379	0.0916619	5.61347
1926	-243.8548	-410.9784	167.1236	0.2260296	4.772228
1932	-252.5708	-419.4927	166.9219	0.04342185	4.986342
1938	-254.6367	-421.8298	167.193	0.03280769	4.841308
1944	-245.6582	-413.2392	167.581	0.01494464	4.634435
1950	-262.9793	-429.2549	166.2756	0.263301	5.222713
1956	-263.3399	-429.9901	166.6502	0.07657229	5.11872
1962	-262.058	-427.223	165.165	0.334104	5.794531
1968	-267.1718	-431.2808	164.109	0.09459966	6.499715
1974	-261.0563	-426.0196	164.9633	0.2589577	5.945858
1980	-265.6108	-430.7609	165.1501	0.0721356	5.945858
1986	-251.8499	-418.6759	166.826	0.1838623	4.961575
1992	-249.6379	-416.6748	167.0368	0.04703339	4.92041
1998	-253.1993	-421.5017	168.3024	0.1826156	4.132594
2004	-244.0414	-410.6983	166.6568	0.1799294	5.057715
2010	-249.5796	-413.1898	163.6102	0.1390153	6.74547
2016	-241.0112	-408.8049	167.7937	0.1242891	4.453465
2022	-254.4226	-421.6503	167.2278	0.04003148	4.817901
2028	-242.023	-408.1012	166.0782	0.07462473	5.435711
2034	-246.7756	-413.4987	166.7231	0.0139084	5.113012
2040	-252.8762	-419.3954	166.5192	0.1558738	5.147349
2046	-240.3841	-407.719	167.3349	0.1160026	4.715652
2052	-251.4518	-417.4911	166.0393	0.4296648	5.261367
2058	-252.4864	-418.9432	166.4568	0.01214528	5.261367
2064	-254.4633	-420.2397	165.7764	0.6246342	5.298897
2070	-255.1373	-421.2698	166.1325	0.5552451	5.140353
2076	-253.5349	-420.3182	166.7833	0.3668286	4.883514
2082	-263.6148	-431.1917	167.577	0.3668286	4.438958
2088	-254.149	-418.9554	164.8063	0.2983191	6.010041
2094	-251.2241	-417.4307	166.2066	0.1863334	5.303353
2100	-251.2623	-419.1567	167.8944	0.1863334	4.36172
2106	-259.3912	-424.7281	165.3368	0.5103726	5.603756
2112	-252.2419	-417.8163	165.5743	0.09567519	5.700951
2118	-247.4479	-415.6416	168.1937	0.07265615	4.256699
2124	-244.6555	-411.4329	166.7774	0.1446313	5.010365
2130	-274.9665	-439.7903	164.8238	0.3462813	5.974322
2136	-264.9666	-431.3229	166.3563	0.1060933	5.264968
2142	-259.1088	-427.7168	168.608	0.4488978	3.805391
2148	-236.4833	-403.9203	167.437	0.1807465	4.622183
2154	-245.1548	-412.413	167.2582	0.3907616	4.604721
2160	-235.1726	-404.0792	168.9066	0.06580253	3.854006
2166	-243.6122	-409.1599	165.5477	0.1578015	5.681511
2172	-252.663	-419.4411	166.7781	0.1233596	5.021813
2178	-235.121	-402.5228	167.4018	0.1703627	4.647775
2184	-257.8261	-425.5101	167.684	0.03129068	4.567482
2190	-251.3369	-417.3476	166.0107	0.08144271	5.469156
2196	-247.0151	-412.8161	165.8009	0.2911467	5.469156
2202	-256.5549	-422.613	166.0582	0.02446241	5.474372
2208	-249.0863	-413.3202	164.2339	0.1108639	6.423215
2214	-246.4395	-412.0404	165.6008	0.1108639	5.678093
2220	-247.6103	-412.7693	165.159	0.1702859	5.88743
2226	-247.9526	-412.9856	165.033	0.2962854	5.88743
2232	-259.5646	-424.0924	164.5278	0.2013007	6.214513
2238	-242.5628	-408.1961	165.6333	0.07097486	5.682187
2244	-243.1475	-410.3389	167.1914	0.08427071	4.8135
2250	-255.4094	-421.8363	166.4269	0.2349972	5.15466
2256	-240.4188	-405.7894	165.3706	0.2012027	5.754739
2262	-233.6542	-401.715	168.0608	0.2852787	4.211533
2268	-244.4529	-410.7469	166.2941	0.1389499	5.28122
2274	-250.9101	-418.3031	167.393	0.1539509	4.661863
2280	-249.7529	-416.9726	167.2198	0.0875083	4.795875
2286	-265.5876	-432.1739	166.5863	0.1750196	5.099577
2292	-244.658	-411.971	167.313	0.1085977	4.732015
2298	-241.595	-407.449	165.854	0.2479682	5.463731
2304	-259.8316	-424.4704	164.6388	0.276704	6.11311
2310	-262.4707	-429.8116	167.341	0.1241946	4.707656
2316	-262.7446	-429.3743	166.6297	0.2130392	5.054387
2322	-246.93	-413.9684	167.0384	0.1216526	4.87797
2328	-256.6653	-422.8806	166.2153	0.1758957	5.30432
2334	-250.5262	-416.3386	165.8124	0.1810074	5.52345
2340	-241.0541	-408.8413	167.7872	0.07240785	4.486365
2346	-236.6972	-403.259	166.5618	0.144993	5.129763
2352	-250.0368	-418.6253	168.5886	0.06361288	4.037342
2358	-250.279	-415.816	165.537	0.2241447	5.651003
2364	-269.5028	-433.9664	164.4635	0.07988434	6.315427
2370	-258.3156	-424.5252	166.2096	0.03862046	5.383166
2376	-259.5385	-426.8882	167.3497	0.02346255	4.759085
2382	-265.775	-433.0313	167.2563	0.1168397	4.759085
2388	-253.254	-418.5438	165.2898	0.07932586	5.865645
2394	-257.603	-422.9826	165.3796	0.2749316	5.70944
2400	-267.0248	-432.0804	165.0556	0.1712192	5.943356
2406	-254.0843	-420.1685	166.0841	0.06555655	5.437445
2412	-252.7472	-419.0918	166.3446	0.2642682	5.184011
2418	-244.7052	-411.0338	166.3286	0.06898063	5.300797
2424	-248.9594	-415.4961	166.5367	0.1406786	5.146085
2430	-259.0489	-425.9932	166.9443	0.2564176	4.855295
2436	-261.253	-430.155	168.902	0.1031456	3.835176
2442	-251.4196	-419.1893	167.7697	0.3459437	4.341987
2448	-242.355	-409.4189	167.0639	0.3459437	4.73857
2454	-246.2309	-413.3072	167.0763	0.1408915	4.84616
2460	-253.6495	-421.2285	167.579	0.1167956	4.578431
2466	-257.3767	-425.7287	168.3521	0.3612083	4.002454
2472	-251.6997	-418.394	166.6943	0.04126209	5.113846
2478	-255.1583	-421.4076	166.2492	0.2377896	5.251373
2484	-263.6219	-428.8593	165.2373	0.3994778	5.71914
2490	-249.1107	-416.3366	167.2259	0.1513114	4.756846
2496	-259.1436	-426.4413	167.2978	0.3509871	4.604815
2502	-271.6508	-434.6665	163.0157	0.1710456	7.048682
2508	-272.04	-438.9719	166.9319	0.1710456	4.909778
2514	-246.0844	-413.0857	167.0013	0.07644064	4.92383
2520	-247.1356	-413.2149	166.0793	0.04384363	5.452042
2526	-245.6103	-410.7516	165.1413	0.1309022	5.918589
2532	-239.8088	-406.9458	167.137	0.2816071	4.733678
2538	-250.4545	-417.709	167.2545	0.1640865	4.733678
2544	-250.7374	-417.814	167.0767	0.3419656	4.733678
2550	-242.1498	-409.6269	167.4772	0.3419656	4.509125
2556	-251.4444	-417.6414	166.197	0.2578598	5.269151
2562	-246.477	-413.4634	166.9863	0.3479338	4.780819
2568	-253.6431	-419.0722	165.4291	0.3286427	5.65285
2574	-253.6479	-421.3562	167.7083	0.03045511	4.554306
2580	-258.1149	-422.5312	164.4163	0.1269184	6.315523
2586	-256.2296	-423.9875	167.7579	0.01284538	4.536333
2592	-253.2367	-418.7578	165.5211	0.1161535	5.718918
2598	-256.1959	-423.195	166.9992	0.07492892	4.925849
2604	-261.225	-426.0172	164.7922	0.05934701	6.147901
2610	-248.4139	-415.6743	167.2604	0.09094709	4.771273
2616	-248.7997	-415.3998	166.6002	0.2447628	5.053191
2622	-249.7401	-418.3813	168.6412	0.1506872	3.957508
2628	-251.2398	-418.532	167.2922	0.1506872	4.720111
2634	-255.4369	-422.7926	167.3557	0.08718257	4.720111
2640	-253.0935	-420.129	167.0355	0.1872025	4.843092
2646	-252.6208	-418.1505	165.5297	0.2414549	5.645512
2652	-255.3754	-423.0714	167.696	0.01562879	4.569528
2658	-253.3939	-420.7903	167.3964	0.1375314	4.669159
2664	-248.5211	-414.8813	166.3602	0.1131751	5.258914
2670	-245.6298	-413.1648	167.5351	0.1131751	4.605107
2676	-261.7709	-428.2496	166.4787	0.3571349	5.058209
2682	-254.6946	-419.7914	165.0968	0.2921467	5.854795
2688	-252.6412	-416.7681	164.1269	0.2775692	6.390848
2694	-249.0694	-414.755	165.6856	0.09012023	5.642997
2700	-257.2966	-422.2012	164.9046	0.1941955	6.013223
2706	-245.4186	-411.6255	166.2069	0.4735378	5.144394
2712	-239.3693	-407.2133	167.844	0.0977026	4.440145
2718	-247.866	-414.0015	166.1355	0.1035466	5.388207
2724	-254.0947	-421.2164	167.1217	0.2771513	4.744715
2730	-277.3899	-444.438	167.0482	0.1296489	4.868077
2736	-258.6396	-423.6599	165.0203	0.02048109	6.044843
2742	-252.5292	-418.6187	166.0895	0.06818976	5.433056
2748	-251.229	-417.3835	166.1545	0.1269882	5.364822
2754	-248.9473	-414.9971	166.0498	0.03428546	5.473572
2760	-252.9842	-417.6429	164.6587	0.01304291	6.245713
2766	-257.2819	-422.531	165.2491	0.1205433	5.865336
2772	-258.554	-424.6725	166.1185	0.3449627	5.264403
2778	-264.9934	-429.4064	164.413	0.06338385	6.351823
2784	-258.8457	-424.981	166.1354	0.1335939	5.371725
2790	-259.6137	-424.969	165.3553	0.3431342	5.685356
2796	-252.9705	-419.0665	166.096	0.1637571	5.376793
2802	-256.0751	-421.8363	165.7612	0.02277585	5.638432
2808	-268.9649	-434.6748	165.7099	0.07413294	5.638432
2814	-270.5978	-436.4026	165.8048	0.2878466	5.468874
2820	-256.8496	-424.7821	167.9325	0.07512491	4.402971
2826	-248.9685	-416.7241	167.7556	0.1283377	4.472663
2832	-259.2284	-424.7854	165.557	0.01332338	5.755589
2838	-250.8335	-416.8598	166.0263	0.01586339	5.49662
2844	-241.6725	-409.2311	167.5586	0.3923424	4.434932
2850	-257.7811	-425.3824	167.6013	0.09236621	4.579609
2856	-253.1938	-420.897	167.7032	0.1154109	4.50943
2862	-245.5168	-413.3902	167.8733	0.06144537	4.444026
2868	-259.174	-428.435	169.261	0.1071033	3.625576
2874	-244.9006	-413.2412	168.3406	0.1919506	4.105545
2880	-244.5566	-410.4139	165.8572	0.1171735	5.533878
2886	-248.7881	-415.4057	166.6176	0.1150689	5.115465
2892	-246.732	-414.8781	168.1461	0.1021905	4.266942
2898	-249.6514	-417.9204	168.269	0.1684976	4.159612
2904	-261.7478	-427.8972	166.1494	0.15998	5.349447
2910	-246.496	-413.5299	167.034	0.04870517	4.921073
2916	-257.5638	-423.758	166.1942	0.1120662	5.351188
2922	-264.7671	-432.0093	167.2422	0.2099467	4.714911
2928	-253.8634	-421.665	167.8016	0.1495445	4.434813
2934	-259.7999	-425.4791	165.6792	0.1863929	5.59366
2940	-254.0442	-419.6719	165.6277	0.2378876	5.59366
2946	-247.0003	-413.4279	166.4276	0.07307217	5.24382
2952	-249.3557	-414.7188	165.3631	0.2382713	5.738541
2958	-244.4948	-411.2855	166.7907	0.2285559	4.956356
2964	-269.5708	-436.0446	166.4738	0.08357913	5.212456
2970	-254.027	-420.4508	166.4238	0.2575768	5.14386
2976	-265.989	-432.3516	166.3626	0.01400397	5.312347
2982	-262.6235	-428.8709	166.2474	0.1964525	5.275222
2988	-265.9605	-430.2277	164.2672	0.3337198	6.2842
2994	-249.4028	-415.4402	166.0374	0.06143069	5.465445
3000	-247.6379	-413.6945	166.0566	0.04227047	5.465445
3006	-262.7857	-428.9746	166.1889	0.08828887	5.36722
3012	-262.3854	-429.2961	166.9106	0.2878733	4.85655
3018	-253.469	-420.8159	167.3469	0.10319	4.716105
3024	-257.4839	-422.7052	165.2213	0.2218195	5.825181
3030	-268.5189	-433.7243	165.2055	0.101011	5.899861
3036	-264.7605	-431.0076	166.2471	0.18729	5.280455
3042	-251.0546	-416.7743	165.7197	0.4690018	5.415959
3048	-253.1271	-420.4409	167.3139	0.2917876	4.628978
3054	-256.5832	-424.0518	167.4687	0.1370047	4.628978
3060	-256.3028	-422.2342	165.9314	0.242518	5.424101
3066	-271.9731	-438.05	166.0769	0.242518	5.343929
3072	-243.2931	-409.5581	166.265	0.05442089	5.343929
3078	-242.9973	-411.376	168.3787	0.1073582	4.131997
3084	-241.0464	-408.6336	167.5872	0.1723825	4.542596
3090	-252.8978	-420.3661	167.4683	0.2092213	4.588674
3096	-244.8285	-410.6103	165.7818	0.1316859	5.56738
3102	-246.0066	-413.9374	167.9308	0.4894186	4.169419
3108	-255.4643	-422.76	167.2957	0.09300619	4.750388
3114	-263.125	-430.2559	167.1309	0.183529	4.791877
3120	-251.9759	-419.7031	167.7272	0.2309211	4.430865
3126	-257.087	-422.5353	165.4482	0.1829707	5.722226
3132	-256.9742	-423.2901	166.3159	0.07789574	5.30288
3138	-266.1929	-432.7374	166.5445	0.033566	5.201012
3144	-265.3601	-431.0721	165.7119	0.03610668	5.658175
3150	-256.7292	-423.7597	167.0306	0.1647803	4.858317
3156	-258.7994	-427.5071	168.7077	0.05167092	3.976115
3162	-259.7725	-424.4607	164.6881	0.1434156	6.158809
3168	-250.4612	-417.8385	167.3774	0.02529221	4.74261
3174	-250.9171	-419.1962	168.2791	0.1780304	4.14844
3180	-248.8062	-415.3907	166.5845	0.04001929	5.175319
3186	-252.3721	-418.6306	166.2585	0.07302914	5.337241
3192	-248.4478	-415.3673	166.9194	0.1604001	4.922648
3198	-248.5247	-414.9803	166.4556	0.3726044	5.06246
3204	-242.8938	-409.9612	167.0674	0.08077387	4.8846
3210	-244.6409	-410.8894	166.2484	0.01600451	5.374229
3216	-263.3847	-431.6019	168.2172	0.1876506	4.178149
3222	-257.4745	-425.5573	168.0828	0.2730221	4.205998
3228	-243.5278	-412.4458	168.9179	0.05916849	3.851308
3234	-240.2195	-407.4572	167.2377	0.396508	4.612967
3240	-243.8987	-412.2639	168.3652	0.1557953	4.112104
3246	-247.2554	-413.185	165.9296	0.1292684	5.487462
3252	-239.8269	-409.5071	169.6802	0.0135666	3.435918
3258	-253.0883	-419.3929	166.3046	0.0135666	5.344607
3264	-238.611	-407.1399	168.5289	0.007614933	4.103264
3270	-240.6864	-407.457	166.7707	0.01618277	5.085395
3276	-246.4411	-413.1605	166.7194	0.1164422	5.05825
3282	-250.8529	-415.7225	164.8695	0.04095765	6.115832
3288	-253.1433	-418.0231	164.8798	0.03069049	6.115832
3294	-258.6108	-422.7781	164.1673	0.2884915	6.363019
3300	-249.222	-415.9092	166.6872	0.02537833	5.126553
3306	-251.4558	-417.8153	166.3595	0.03818214	5.300738
3312	-255.0543	-422.3585	167.3042	0.1611996	4.707526
3318	-246.526	-413.8623	167.3363	0.1291047	4.707526
3324	-250.0788	-417.4534	167.3746	0.009018304	4.753261
3330	-238.8492	-405.8774	167.0282	0.06690188	4.91416
3336	-230.7543	-397.8451	167.0909	0.07682485	4.873729
3342	-245.0261	-411.2303	166.2042	0.2646968	5.261371
3348	-235.6527	-403.4507	167.798	0.1227806	4.45192
3354	-238.2311	-406.4058	168.1747	0.4038979	4.0793
3360	-255.8346	-421.704	165.8694	0.1061269	5.533248
3366	-249.8425	-416.5231	166.6806	0.1539478	5.058962
3372	-258.4726	-426.1894	167.7168	0.1821091	4.464215
3378	-249.7406	-414.2887	164.5481	0.06082398	6.279841
3384	-251.5957	-416.2605	164.6648	0.05690249	6.218578
3390	-248.7296	-416.5893	167.8598	0.001266486	4.485561
3396	-260.238	-424.9388	164.7008	0.009789571	6.224586
3402	-248.2825	-415.5493	167.2668	0.008645978	4.813661
3408	-246.8847	-414.3213	167.4366	0.08122018	4.678203
3414	-265.6718	-432.2529	166.581	0.07562145	5.157541
3420	-260.162	-426.2139	166.0519	0.1657768	5.400023
3426	-261.9498	-427.8272	165.8773	0.3589375	5.389754
3432	-258.3125	-423.8469	165.5345	0.1386063	5.699279
3438	-248.735	-416.6219	167.8869	0.2738531	4.316463
3444	-260.1708	-426.6692	166.4984	0.4769279	4.980764
3450	-249.3311	-416.9768	167.6457	0.2255062	4.479842
3456	-246.0732	-411.9106	165.8374	0.05545104	5.578692
3462	-262.4299	-427.556	165.1261	0.2559056	5.858596
3468	-262.5859	-428.3889	165.803	0.2836484	5.47214
3474	-259.6319	-426.8113	167.1795	0.1213154	4.799497
3480	-262.5316	-426.6487	164.1171	0.2890747	6.389889
3486	-258.4056	-424.5243	166.1187	0.2055855	5.341226
3492	-267.2328	-432.8583	165.6255	0.03198429	5.707807
3498	-260.33	-425.9701	165.6401	0.01735654	5.707807
3504	-242.8964	-410.0685	167.1721	0.03255766	4.85313
3510	-236.5982	-405.7575	169.1592	0.02845651	3.730002
3516	-237.3725	-406.5167	169.1442	0.04348117	3.730002
3522	-251.8552	-417.9715	166.1163	0.1328541	5.382648
3528	-241.1318	-407.3117	166.1799	0.0866354	5.373071
3534	-238.9615	-405.1919	166.2304	0.03612028	5.373071
3540	-246.2308	-413.2695	167.0387	0.06973584	4.906733
3546	-243.6881	-410.4398	166.7517	0.3567693	4.906733
3552	-244.2374	-410.0079	165.7706	0.05348622	5.616471
3558	-231.4272	-398.8371	167.41	0.1578237	4.650209
3564	-233.5995	-400.4838	166.8843	0.1536108	4.945975
3570	-241.1334	-407.8097	166.6762	0.00255465	5.145292
3576	-243.809	-411.0211	167.2121	0.1302737	4.776277
3582	-245.8848	-412.7083	166.8235	0.5189046	4.776277
3588	-234.4986	-401.9263	167.4277	0.08406534	4.681573
3594	-249.7872	-416.6858	166.8986	0.01005499	5.017807
3600	-249.1632	-415.6599	166.4967	0.05198324	5.217262
3606	-252.5518	-417.5766	165.0249	0.2384588	5.923433
3612	-241.93	-409.1968	167.2668	0.2091322	4.701657
3618	-245.5849	-410.3039	164.7189	0.05533313	6.189989
3624	-250.1077	-417.3066	167.1989	0.1384861	4.779072
3630	-250.0328	-417.6215	167.5887	0.05218436	4.609255
3636	-251.2903	-418.7819	167.4916	0.1492274	4.609255
3642	-268.7279	-435.1416	166.4136	0.3543045	5.095893
3648	-264.6915	-432.0388	167.3472	0.1090201	4.712643
3654	-245.4751	-412.1073	166.6321	0.08221024	5.125586
3660	-243.1255	-410.2226	167.0972	0.1188365	4.846801
3666	-245.9259	-414.799	168.8731	0.2344723	3.776222
3672	-253.1186	-419.8901	166.7715	0.1353441	5.018814
3678	-250.6293	-417.8993	167.27	0.03520755	4.797041
3684	-258.54	-425.5572	167.0172	0.1563629	4.870445
3690	-261.6702	-427.9001	166.2299	0.0471923	5.367257
3696	-249.275	-415.7303	166.4553	0.09030291	5.21901
3702	-253.9884	-420.8069	166.8184	0.04228489	5.044429
3708	-249.938	-415.2914	165.3534	0.01365352	5.866775
3714	-255.6473	-421.6911	166.0438	0.1474148	5.414607
3720	-254.5243	-420.7141	166.1898	0.1246891	5.346634
3726	-263.1893	-429.8395	166.6501	0.1620414	5.07136
3732	-248.7625	-415.4833	166.7208	0.006721961	5.118298
3738	-251.8345	-416.7444	164.9099	0.02199275	6.104173
3744	-261.9933	-428.5283	166.535	0.02141463	5.213037
3750	-260.0921	-426.2105	166.1184	0.008752373	5.449848
3756	-259.1102	-425.2842	166.174	0.1010451	5.368377
3762	-252.1311	-417.964	165.8329	0.01426397	5.603793
3768	-260.9714	-427.9472	166.9758	0.1457083	4.899435
3774	-264.665	-431.3024	166.6374	0.1711227	5.073398
3780	-264.4497	-430.4767	166.027	0.4147573	5.276373
3786	-270.0914	-435.7492	165.6579	0.5442949	5.408543
3792	-266.5402	-432.2431	165.7028	0.1497197	5.600822
3798	-271.4524	-437.0292	165.5768	0.2050034	5.639636
3804	-267.6468	-434.7576	167.1108	0.2263696	4.77922
3810	-249.0862	-416.9011	167.8149	0.3382834	4.320739
3816	-260.0872	-426.1975	166.1103	0.1179892	5.394154
3822	-271.9768	-437.4468	165.47	0.3739618	5.605546
3828	-256.2239	-423.2815	167.0575	0.3861369	4.719678
3834	-262.0942	-429.4205	167.3263	0.06616583	4.748294
3840	-261.4738	-427.7905	166.3167	0.3141387	5.171836
3846	-273.3837	-438.4575	165.0738	0.08339443	5.981394
3852	-259.0034	-426.1159	167.1125	0.2579738	4.760592
3858	-246.3392	-412.4858	166.1466	0.2078981	5.324538
3864	-248.2964	-414.4739	166.1774	0.1770836	5.324538
3870	-250.2393	-416.4168	166.1774	0.1770836	5.324538
3876	-249.5319	-416.6981	167.1663	0.1250348	4.8048
3882	-249.2919	-416.5818	167.2899	0.00137868	4.8048
3888	-255.2277	-422.7674	167.5397	0.00207488	4.664755
3894	-240.0582	-406.5685	166.5103	0.0615954	5.204438
3900	-246.5909	-412.9443	166.3534	0.2185585	5.204438
3906	-247.2247	-413.3814	166.1567	0.4152283	5.204438
3912	-256.0992	-423.805	167.7059	0.127015	4.5014
3918	-260.8397	-424.7882	163.9485	0.4015337	6.420345
3924	-256.9867	-422.5633	165.5766	0.02664994	5.737533
3930	-263.76	-428.3974	164.6374	0.1453386	6.185377
3936	-264.529	-431.4025	166.8735	0.0457542	5.011931
3942	-265.458	-430.1047	164.6467	0.09336964	6.208598
3948	-261.0533	-428.1994	167.1461	0.1925662	4.778371
3954	-258.8055	-424.5982	165.7927	0.1925662	5.527922
3960	-270.5332	-435.4983	164.965	0.1577227	6.00015
3966	-262.9835	-429.6029	166.6193	0.1142206	5.114957
3972	-245.5743	-411.4336	165.8593	0.1259467	5.527922
3978	-248.8753	-415.3438	166.4685	0.03045931	5.244755
3984	-245.7644	-411.8534	166.0889	0.07249063	5.430984
3990	-257.6583	-423.6883	166.03	0.1314152	5.430984
3996	-268.2172	-434.0038	165.7865	0.4097673	5.411789
4002	-256.734	-422.7584	166.0244	0.3207446	5.329725
4008	-243.8038	-408.6357	164.8318	0.1664368	6.068019
4014	-263.4554	-430.3567	166.9013	0.2878615	4.861758
4020	-257.4902	-424.6773	167.1871	0.002083026	4.861758
4026	-256.616	-422.1157	165.4996	0.001205374	5.793595
4032	-266.9774	-432.256	165.2786	0.2035113	5.803846
4038	-269.8028	-436.633	166.8302	0.04074844	5.038749
4044	-254.6287	-419.1765	164.5478	0.0287844	6.297415
4050	-265.6789	-433.8101	168.1311	0.3310932	4.145545
4056	-270.2895	-436.8891	166.5996	0.1269904	5.118813
4062	-258.2455	-426.0568	167.8113	0.06549039	4.476673
4068	-255.8074	-423.4358	167.6284	0.2483996	4.476673
4074	-258.0469	-424.6141	166.5672	0.08845237	5.158103
4080	-254.2468	-421.5966	167.3498	0.1485159	4.689109
4086	-246.9748	-413.3993	166.4244	0.1026371	5.229236
4092	-260.0759	-426.1825	166.1066	0.5260843	5.170803
4098	-258.885	-425.8395	166.9546	0.5260843	4.698982
4104	-259.3826	-426.0123	166.6297	0.1794015	5.073042
4110	-268.6019	-434.5286	165.9267	0.05364408	5.530639
4116	-259.8595	-427.3081	167.4487	0.1511577	4.63224
4122	-254.9239	-420.5501	165.6262	0.1286774	5.654402
4128	-251.1141	-418.7358	167.6218	0.04413096	4.5952
4134	-253.5019	-421.0205	167.5186	0.1524919	4.592271
4140	-254.9062	-421.525	166.6187	0.6922996	4.793779
4146	-253.8852	-413.8145	159.9292	0.6922996	8.420185
4152	-248.8103	-414.3396	165.5293	0.7979489	5.339609
4158	-249.4654	-415.7195	166.2541	0.6082437	5.043549
4164	-241.2351	-409.7014	168.4664	0.07983978	4.097755
4170	-240.1848	-406.0338	165.849	0.0101183	5.597218
4176	-244.0402	-413.1761	169.136	0.0101183	3.753995
4182	-240.903	-407.9092	167.0062	0.01204437	4.956898
4188	-236.1621	-403.2697	167.1075	0.09133838	4.856351
4194	-243.8865	-410.6799	166.7934	0.06679098	5.044714
4200	-242.8277	-409.0737	166.246	0.08950676	5.335017
4206	-252.6945	-415.2841	162.5896	0.2694556	7.224887
4212	-248.9995	-415.9317	166.9322	0.004711583	5.002137
4218	-264.0711	-429.1936	165.1225	0.08607999	5.953336
4224	-256.5586	-424.1764	167.6178	0.09345741	4.569748
4230	-252.6129	-418.5833	165.9704	0.05576932	5.505417
4236	-247.349	-413.1962	165.8472	0.06083828	5.57033
4242	-245.4309	-412.2611	166.8302	0.1684234	4.967807
4248	-245.244	-411.1357	165.8917	0.3166908	5.405117
4254	-258.5195	-425.9911	167.4715	0.1743947	4.606406
4260	-256.9562	-424.0845	167.1283	0.1485803	4.81285
4266	-255.0258	-421.1246	166.0988	0.05000994	5.437945
4272	-253.2221	-419.3244	166.1023	0.1382013	5.387434
4278	-258.0457	-425.3107	167.2651	0.1746264	4.721906
4284	-255.8292	-423.3046	167.4755	0.1557254	4.61467
4290	-259.7534	-427.2598	167.5065	0.07637797	4.641763
4296	-256.2724	-422.377	166.1046	0.01059344	5.456435
4302	-238.7359	-405.6295	166.8936	0.005027624	5.023368
4308	-256.3619	-421.4792	165.1173	0.3485173	5.81276
4314	-262.8497	-427.7894	164.9397	0.08687645	6.052607
4320	-254.7963	-420.8895	166.0932	0.1383274	5.392367
4326	-259.414	-424.8058	165.3917	0.1813203	5.754065
4332	-250.55	-415.7965	165.2465	0.1286905	5.86231
4338	-273.5049	-437.5461	164.0412	0.03939231	6.566296
4344	-266.9053	-433.4923	166.587	0.05744367	5.164307
4350	-248.7867	-415.0138	166.2271	0.04771512	5.368528
4356	-243.0134	-410.4032	167.3898	0.2963105	4.583831
4362	-255.2653	-420.808	165.5427	0.2629115	5.626604
4368	-243.3128	-409.6677	166.3548	0.3645694	5.122793
4374	-242.0389	-410.5045	168.4656	0.07095285	4.103243
4380	-248.2307	-413.4425	165.2117	0.2715555	5.803195
4386	-254.7384	-422.1449	167.4065	0.135985	4.664375
4392	-248.9136	-417.5974	168.6839	0.1753121	3.918966
4398	-237.7305	-405.117	167.3865	0.05675604	4.719889
4404	-238.9962	-405.6435	166.6472	0.03466646	5.143574
4410	-232.0201	-399.7058	167.6857	0.3019368	4.414261
4416	-240.4903	-408.3687	167.8784	0.09168623	4.424114
4422	-231.2304	-399.127	167.8966	0.07351413	4.424114
4428	-251.8887	-419.2498	167.3611	0.1565547	4.678286
4434	-248.6648	-416.279	167.6142	0.140061	4.545582
4440	-242.7351	-408.3445	165.6093	0.07845714	5.691204
4446	-242.6034	-408.8607	166.2573	0.1060468	5.319668
4452	-248.8021	-417.5136	168.7115	0.4435121	3.748867
4458	-254.2045	-421.8281	167.6236	0.007873815	4.614503
4464	-252.4558	-418.0222	165.5663	0.1182614	5.69295
4470	-256.6571	-422.3216	165.6644	0.02020385	5.69295
4476	-263.208	-428.8313	165.6233	0.0613584	5.69295
4482	-249.9921	-416.6552	166.6631	0.0682769	5.116145
4488	-250.6068	-417.6341	167.0273	0.2478005	4.813864
4494	-262.4822	-429.059	166.5768	0.2241752	5.077594
4500	-249.9858	-415.6572	165.6714	0.1201803	5.634302
4506	-249.0842	-414.0838	164.9997	0.1318738	5.995354
4512	-253.5544	-420.6165	167.0621	0.4005523	4.70905
4518	-260.5288	-426.8979	166.3691	0.2288591	5.190005
4524	-251.5132	-417.5158	166.0026	0.1459173	5.43811
4530	-261.0301	-428.9539	167.9238	0.1628166	4.358372
4536	-254.5539	-421.9191	167.3652	0.256219	4.620138
4542	-249.0193	-416.2864	167.2671	0.324459	4.636864
4548	-245.3817	-410.9474	165.5658	0.1655548	5.667335
4554	-261.1369	-426.855	165.7182	0.05187912	5.646096
4560	-242.8914	-411.1001	168.2087	0.1649656	4.195834
4566	-242.7538	-410.2558	167.502	0.1022276	4.629789
4572	-255.8314	-422.136	166.3046	0.009665456	5.346739
4578	-241.9817	-408.6839	166.7023	0.01186281	5.125705
4584	-254.3842	-420.934	166.5498	0.1981333	5.106963
4590	-256.782	-422.2112	165.4292	0.06071263	5.799568
4596	-265.3041	-430.9218	165.6177	0.04023556	5.707586
4602	-260.8614	-426.1321	165.2707	0.3872227	5.707586
4608	-257.9855	-424.5627	166.5771	0.3386169	5.013863
4614	-263.5527	-430.5308	166.9781	0.03859361	4.957779
4620	-244.5362	-411.7096	167.1734	0.06252045	4.83568
4626	-252.6286	-420.2828	167.6542	0.2373853	4.468371
4632	-249.3249	-417.1528	167.8279	0.1312945	4.430268
4638	-249.8736	-415.0606	165.187	0.09073041	5.915558
4644	-239.4219	-407.1978	167.7759	0.06208044	4.498526
4650	-236.6142	-404.2785	167.6643	0.007073066	4.592122
4656	-242.2103	-408.5574	166.3471	0.004586888	5.326087
4662	-239.2485	-406.0177	166.7691	0.1124136	5.032858
4668	-232.6354	-399.6337	166.9983	0.1096813	4.906962
4674	-234.4519	-400.9611	166.5092	0.09275266	5.187846
4680	-230.1589	-397.2026	167.0437	0.02598233	4.928293
4686	-238.9126	-405.5724	166.6598	0.08634274	5.107972
4692	-235.2505	-403.3259	168.0754	0.1017954	4.307206
4698	-248.0269	-415.4053	167.3785	0.09543141	4.702754
4704	-242.9376	-410.7238	167.7862	0.2094868	4.409698
4710	-253.5376	-422.0067	168.4691	0.02669215	4.126478
4716	-258.1869	-422.9013	164.7144	0.250207	6.086362
4722	-244.8977	-411.7443	166.8467	0.04274258	5.028487
4728	-242.2812	-410.2997	168.0184	0.08222507	4.350448
4734	-241.1093	-409.5313	168.422	0.1764532	4.067974
4740	-250.7822	-418.3524	167.5702	0.5459401	4.341728
4746	-256.679	-422.3508	165.6719	0.2419679	5.567172
4752	-256.111	-424.1192	168.0082	0.07515541	4.360219
4758	-254.8246	-421.9213	167.0966	0.02907654	4.89711
4764	-250.0737	-418.6088	168.5352	0.2446995	3.964383
4770	-258.0631	-423.1065	165.0434	0.07026709	6.005094
4776	-263.8463	-428.5457	164.6994	0.2636029	6.087238
4782	-268.6249	-434.3666	165.7417	0.3378702	5.476055
4788	-256.9333	-421.2432	164.31	0.08610692	6.395392
4794	-268.1602	-435.5042	167.344	0.09636718	4.721537
4800	-249.2447	-416.5998	167.3551	0.0512447	4.740534
4806	-254.4573	-420.6763	166.2189	0.02394068	5.386127
4812	-246.4875	-414.2376	167.7501	0.03625112	4.527534
4818	-253.1625	-420.7888	167.6263	0.1514751	4.532402
4824	-241.6055	-408.8747	167.2692	0.2030196	4.703694
4830	-243.0896	-409.8476	166.758	0.08689808	5.053192
4836	-247.8873	-414.324	166.4367	0.1578243	5.191934
4842	-250.9132	-417.606	166.6928	0.185251	5.034793
4848	-253.2349	-419.096	165.8611	0.1177148	5.531482
4854	-258.2165	-425.7128	167.4964	0.08747735	4.641211
4860	-263.5407	-429.9897	166.449	0.04663326	5.246641
4866	-246.3869	-412.6837	166.2968	0.1987689	5.246641
4872	-244.7199	-409.6239	164.904	0.1768752	6.023022
4878	-244.7998	-412.1033	167.3035	0.2013885	4.685424
4884	-250.2886	-417.5949	167.3063	0.01296315	4.789174
4890	-244.7447	-412.1556	167.4109	0.009199436	4.732852
4896	-252.4785	-420.8029	168.3243	0.004574261	4.221266
4902	-261.7697	-429.3219	167.5522	0.1006399	4.602515
4908	-262.1257	-429.0452	166.9195	0.03968598	4.989721
4914	-248.7686	-415.9702	167.2016	0.002921632	4.853192
4920	-245.0764	-411.9279	166.8515	0.05467608	5.019194
4926	-239.1887	-406.2725	167.0837	0.04289829	4.896591
4932	-250.9786	-417.4198	166.4412	0.09116111	5.226315
4938	-248.8363	-415.0579	166.2216	0.007830861	5.39353
4944	-251.5717	-418.7732	167.2015	0.07616138	4.812412
4950	-251.2681	-417.0066	165.7385	0.3240502	5.485404
4956	-255.9372	-422.6958	166.7586	0.0906406	5.0508
4962	-256.4924	-424.6789	168.1865	0.2271371	4.173166
4968	-246.7659	-413.9304	167.1645	0.1606677	4.785906
4974	-247.2632	-413.3279	166.0647	0.02220102	5.472037
4980	-242.7653	-409.2662	166.501	0.01129425	5.237432
4986	-248.4956	-415.2317	166.7361	0.003324442	5.111707
4992	-244.5887	-410.652	166.0633	0.02284992	5.472452
4998	-257.1417	-422.6377	165.496	0.02162191	5.784388
5004	-258.74	-425.3649	166.6249	0.08761004	5.126616
5010	-252.5327	-419.0589	166.5261	0.03591803	5.209889
5016	-253.634	-420.289	166.655	0.09113765	5.108001
5022	-259.746	-427.6503	167.9044	0.1474117	4.37806
5028	-251.5002	-419.444	167.9438	0.1776626	4.338703
5034	-261.9199	-429.3597	167.4398	0.2021404	4.608643
5040	-260.9889	-426.1973	165.2084	0.2021404	5.842994
5046	-273.0717	-438.2178	165.1461	0.1734072	5.892755
5052	-264.4987	-431.6774	167.1788	0.3396244	4.677859
5058	-262.3186	-430.7188	168.4002	0.1375431	4.102564
5064	-250.2493	-417.5413	167.292	0.03810709	4.783134
5070	-250.0161	-416.3129	166.2968	0.0216088	5.34447
5076	-251.4611	-416.9055	165.4444	0.1108885	5.763775
5082	-250.1708	-416.439	166.2682	0.1108885	5.310997
5088	-249.4551	-416.6478	167.1927	0.1805441	4.759055
5094	-236.8613	-403.4789	166.6175	0.03757128	5.158399
5100	-232.3887	-399.1171	166.7284	0.1128856	5.055208
5106	-245.0557	-411.8333	166.7776	0.0637127	5.055208
5112	-245.1004	-411.0187	165.9183	0.01323318	5.557437
5118	-244.7886	-410.8663	166.0777	0.213785	5.359323
5124	-247.3488	-414.0503	166.7015	0.02333019	5.119777
5130	-259.9471	-425.9746	166.0275	0.1304348	5.432911
5136	-263.0318	-428.1285	165.0967	0.2071257	5.901315
5142	-256.0764	-421.6384	165.5621	0.4547252	5.510573
5148	-254.9906	-421.3123	166.3217	0.3053342	5.173929
5154	-256.3204	-422.1191	165.7986	0.1179878	5.565632
5160	-247.7423	-413.9231	166.1808	0.1732724	5.32481
5166	-259.6366	-426.9185	167.282	0.1643158	4.718204
5172	-247.7106	-413.5789	165.8683	0.1271017	5.522361
5178	-248.259	-416.225	167.966	0.1441365	4.345103
5184	-253.3485	-420.3287	166.9802	0.1880223	4.873411
5190	-249.2795	-416.6562	167.3767	0.02426883	4.743522
5196	-242.6172	-408.3752	165.758	0.0002997098	5.652534
5202	-245.3359	-413.5748	168.2389	0.00108106	4.271678
5208	-243.5258	-411.1093	167.5834	0.06495799	4.605023
5214	-234.9068	-401.0699	166.1631	0.0182885	5.420014
5220	-243.2762	-409.4217	166.1455	0.0358468	5.420014
5226	-234.4092	-399.8326	165.4234	0.07736791	5.793654
5232	-240.7432	-407.9779	167.2347	0.1478918	4.753819
5238	-256.7753	-423.4965	166.7212	0.2976598	4.956547
5244	-248.5244	-414.5233	165.9989	0.07778313	5.477619
5250	-244.4452	-410.1529	165.7077	0.2222306	5.558341
5256	-258.1897	-423.7839	165.5943	0.193825	5.636202
5262	-249.1537	-416.7667	167.613	0.2808402	4.467088
5268	-250.1305	-416.6222	166.4917	0.03886843	5.227305
5274	-258.3567	-426.431	168.0743	0.02406073	4.351772
5280	-256.9603	-424.858	167.8977	0.012036	4.458128
5286	-247.2756	-414.221	166.9454	0.2498862	4.858339
5292	-252.3354	-417.7524	165.417	0.2512178	5.701936
5298	-243.4679	-408.0278	164.56	0.1007415	6.251708
5304	-233.8921	-400.3409	166.4488	0.1256759	5.203001
5310	-242.3077	-409.1415	166.8338	0.06087485	5.025596
5316	-241.5796	-409.0975	167.5178	0.1387679	4.600407
5322	-242.8658	-409.4176	166.5519	0.07386196	5.174663
5328	-242.7624	-409.1133	166.3509	0.1916724	5.220686
5334	-251.2628	-416.7151	165.4523	0.1870645	5.717747
5340	-243.9784	-410.4774	166.499	0.04930087	5.217488
5346	-229.9032	-397.9496	168.0464	0.2741315	4.226023
5352	-233.6561	-400.6984	167.0423	0.2741315	4.790782
5358	-225.9133	-391.8891	165.9758	0.04149143	5.510282
5364	-250.5241	-416.6306	166.1065	0.01531412	5.452815
5370	-263.1351	-431.7385	168.6034	0.0007245637	4.064766
5376	-258.353	-422.6068	164.2537	0.004093529	6.470353
5382	-239.6844	-407.7363	168.0519	0.01776499	4.367976
5388	-244.664	-412.547	167.8831	0.1865549	4.367976
5394	-245.44	-412.5234	167.0834	0.1200599	4.853795
5400	-256.2101	-423.8524	167.6423	0.1560109	4.520807
5406	-263.5616	-430.181	166.6194	0.3193697	5.00107
5412	-261.9554	-429.2869	167.3315	0.1830326	4.680015
5418	-243.7838	-411.5485	167.7647	0.01569531	4.530895
5424	-250.9399	-418.332	167.392	0.02813668	4.732821
5430	-258.5821	-423.8768	165.2948	0.1068219	5.847886
5436	-252.9556	-419.3152	166.3596	0.09750882	5.26791
5442	-257.4966	-425.6279	168.1313	0.05593054	4.301492
5448	-253.1837	-418.0698	164.8861	0.2862514	5.973109
5454	-249.5477	-416.3748	166.8271	0.07150486	5.023394
5460	-272.549	-438.6248	166.0758	0.04817716	5.451631
5466	-269.7007	-435.1593	165.4586	0.1248467	5.748355
5472	-257.0886	-423.5732	166.4845	0.03792314	5.231781
5478	-257.879	-424.2936	166.4146	0.1078515	5.231781
5484	-256.6561	-424.5516	167.8955	0.109206	4.404593
5490	-258.0778	-425.7506	167.6728	0.2359803	4.458656
5496	-270.5328	-435.3902	164.8574	0.2543838	6.006165
5502	-256.3913	-421.6753	165.284	0.2989972	5.748621
5508	-256.4298	-421.7512	165.3214	0.2616169	5.748621
5514	-272.3308	-438.3096	165.9788	0.2616169	5.387478
5520	-266.3516	-433.7009	167.3494	0.09996294	4.716505
5526	-266.0099	-433.4366	167.4267	0.1648096	4.636935
5532	-258.5909	-425.5986	167.0077	0.06197914	4.928324
5538	-251.7027	-418.2348	166.5321	0.008577627	5.221699
5544	-258.5977	-423.6882	165.0905	0.1369823	5.943023
5550	-237.2093	-404.9776	167.7684	0.1598943	4.447708
5556	-243.8922	-409.1637	165.2715	0.09673734	5.866108
5562	-233.7432	-401.4785	167.7353	0.1425767	4.476099
5568	-235.7268	-401.8647	166.1379	0.2878002	5.285278
5574	-246.1389	-413.739	167.6001	0.03311838	4.613533
5580	-245.6473	-412.0443	166.397	0.1992989	5.190961
5586	-258.3021	-425.1949	166.8928	0.008842703	5.021714
5592	-235.7568	-403.6319	167.8751	0.1185271	4.410889
5598	-255.6303	-421.7444	166.1141	0.06214453	5.422803
5604	-260.6449	-428.0654	167.4205	0.04501109	4.707477
5610	-258.3897	-423.9319	165.5422	0.08297238	5.725546
5616	-260.4146	-427.0779	166.6633	0.02465891	5.140214
5622	-262.1622	-428.2331	166.0709	0.009728757	5.475455
5628	-265.8494	-431.6645	165.8151	0.2700722	5.47294
5634	-260.5992	-427.4787	166.8795	0.1368441	4.957968
5640	-259.4271	-425.0661	165.639	0.3216206	5.541436
5646	-264.9337	-431.4405	166.5068	0.1289362	5.169116
5652	-248.2442	-414.3021	166.058	0.173699	5.392279
5658	-257.0889	-423.1998	166.1108	0.173699	5.363154
5664	-262.071	-430.4495	168.3785	0.0162281	4.183887
5670	-241.5486	-408.6958	167.1472	0.005541898	4.882064
5676	-246.2546	-413.4211	167.1665	0.2540133	4.732618
5682	-241.4582	-408.0879	166.6297	0.2540133	5.031676
5688	-253.8469	-420.1767	166.3297	0.123183	5.270219
5694	-259.9702	-425.3825	165.4123	0.1103757	5.78167
5700	-252.9734	-418.8464	165.873	0.1934534	5.483249
5706	-241.4508	-411.0639	169.6131	0.08291825	3.434608
5712	-235.9861	-404.5298	168.5438	0.1627624	4.006317
5718	-238.59	-404.7421	166.1521	0.1084082	5.376375
5724	-242.6296	-408.7746	166.145	0.162265	5.35064
5730	-247.7098	-414.1115	166.4016	0.09397854	5.246628
5736	-247.1795	-414.2862	167.1067	0.2464909	4.770272
5742	-251.0237	-417.7196	166.6959	0.04715977	5.109678
5748	-252.1212	-417.6702	165.5489	0.151652	5.684205
5754	-260.4224	-424.9195	164.4971	0.2114448	6.225716
5760	-267.1854	-431.3184	164.133	0.5755037	6.225716
5766	-247.2216	-414.74	167.5185	0.1785157	4.577762
5772	-251.3625	-418.2498	166.8874	0.04453305	5.004908
5778	-253.9952	-422.5864	168.5911	0.03981871	4.049463
5784	-267.362	-433.1134	165.7514	0.01429077	5.648475
5790	-270.595	-438.1063	167.5112	0.464696	4.420839
5796	-267.7296	-432.87	165.1403	0.05645071	5.959775
5802	-261.8254	-430.191	168.3656	0.5385795	3.893174
5808	-250.5091	-416.506	165.9969	0.007726045	5.517282
5814	-238.1353	-405.8076	167.6723	0.02114055	4.579758
5820	-246.4734	-413.1391	166.6657	0.1170356	5.08768
5826	-250.8842	-417.667	166.7828	0.1234449	5.019143
5832	-243.467	-410.4891	167.0221	0.3196119	4.776665
5838	-254.0174	-420.3313	166.3139	0.3196119	5.170334
5844	-245.2781	-411.9815	166.7034	0.05217953	5.10275
5850	-253.2231	-420.2588	167.0357	0.319972	4.768847
5856	-242.6434	-407.8638	165.2204	0.4122546	5.721411
5862	-247.7893	-413.6012	165.8119	0.2349211	5.494064
5868	-257.082	-425.0702	167.9882	0.3465686	4.217902
5874	-251.4704	-416.3662	164.8958	0.2859353	5.967988
5880	-252.6128	-419.5726	166.9598	0.3472056	4.796049
5886	-252.6079	-419.782	167.1741	0.2402444	4.736083
5892	-256.3206	-420.9477	164.6271	0.5794961	5.954417
5898	-254.7594	-420.4416	165.6822	0.219691	5.573725
5904	-261.4913	-428.1243	166.633	0.04137068	5.14775
5910	-256.5148	-424.1005	167.5857	0.05413145	4.609825
5916	-249.451	-417.1172	167.6662	0.05990647	4.561405
5922	-258.3577	-423.1152	164.7575	0.1010174	6.144126
5928	-260.2745	-424.8837	164.6092	0.2492914	6.144126
5934	-250.3514	-416.8575	166.5062	0.1932221	5.133883
5940	-244.4288	-411.0455	166.6167	0.1445698	5.099573
5946	-248.381	-413.0775	164.6965	0.1973166	6.124915
5952	-237.4261	-404.5341	167.1081	0.1104991	4.845379
5958	-245.9584	-415.1549	169.1965	0.0604179	3.689982
5964	-247.9204	-416.8511	168.9306	0.189358	3.769053
5970	-227.1454	-394.7985	167.6531	0.2163257	4.480812
5976	-234.6879	-400.7164	166.0285	0.1164124	5.440085
5982	-235.6094	-401.4508	165.8414	0.03847719	5.585793
5988	-244.245	-412.5123	168.2673	0.1815615	4.153156
5994	-231.3459	-399.5843	168.2385	0.17355	4.174083
6000	-241.1654	-408.4436	167.2782	0.174947	4.714351
6006	-248.9346	-414.7659	165.8314	0.08509714	5.565731
6012	-252.6672	-420.526	167.8588	0.3229594	4.304597
6018	-250.1414	-417.5493	167.4079	0.09623011	4.68583
6024	-253.6278	-419.6016	165.9738	0.07993862	5.490264
6030	-247.8402	-415.6249	167.7847	0.08325151	4.481682
6036	-257.0812	-424.3882	167.307	0.1292033	4.723845
6042	-260.6754	-427.1002	166.4248	0.1292033	5.21436
6048	-264.9896	-431.4295	166.4399	0.1393481	5.200363
6054	-275.3535	-441.8521	166.4986	0.08067475	5.200363
6060	-248.272	-414.5248	166.2528	0.0205272	5.369337
6066	-247.0981	-413.4625	166.3644	0.2783991	5.165236
6072	-247.9188	-414.6529	166.7341	0.217817	4.993772
6078	-255.5385	-423.7236	168.1852	0.1374475	4.224832
6084	-251.7404	-417.5934	165.853	0.1970122	5.492294
6090	-253.4342	-417.3423	163.908	0.1970122	6.553087
6096	-256.1933	-423.9591	167.7658	0.09241892	4.487162
6102	-262.0853	-429.6713	167.586	0.03001156	4.623183
6108	-255.5308	-421.0004	165.4695	0.244569	5.676794
6114	-257.6486	-424.2224	166.5737	0.1231963	5.135234
6120	-264.7154	-432.0694	167.354	0.3248536	4.587913
6126	-260.2449	-426.7416	166.4967	0.1580875	5.158568
6132	-253.3954	-419.4437	166.0483	0.1818522	5.39315
6138	-257.531	-422.2239	164.693	0.1192258	6.169342
6144	-260.58	-426.8852	166.3052	0.15203	5.267844
6150	-268.469	-434.4781	166.0092	0.2189275	5.394261
6156	-272.9346	-437.4346	164.5	0.05474863	6.309302
6162	-273.9533	-439.7357	165.7824	0.1611365	5.550844
6168	-259.7274	-425.7044	165.977	0.04798969	5.50606
6174	-263.5907	-430.2855	166.6948	0.1461192	5.055429
6180	-260.8529	-426.1987	165.3458	0.02264494	5.866002
6186	-258.7364	-425.3434	166.607	0.376701	4.976092
6192	-261.7471	-427.8669	166.1198	0.1445095	5.374296
6198	-249.1219	-414.7494	165.6275	0.1386655	5.648204
6204	-245.5387	-412.4077	166.8689	0.03687266	5.019395
6210	-251.0234	-419.0754	168.052	0.1058076	4.318165
6216	-259.5955	-425.1844	165.5889	0.1974125	5.637183
6222	-259.46	-424.4469	164.9868	0.1372496	5.999424
6228	-247.0595	-413.0913	166.0318	0.05056657	5.474484
6234	-256.4772	-423.6584	167.1812	0.02053451	4.854778
6240	-250.9804	-418.7999	167.8196	0.006948935	4.504977
6246	-266.7918	-431.5696	164.7778	0.1779983	6.091171
6252	-260.5731	-427.3515	166.7784	0.02459631	5.076442
6258	-266.4637	-431.7807	165.317	0.1544548	5.809667
6264	-264.94	-431.9072	166.9671	0.00911923	4.980255
6270	-263.4088	-431.3924	167.9836	0.2369764	4.282617
6276	-262.892	-431.0792	168.1872	0.03341645	4.282617
6282	-262.1326	-428.4419	166.3093	0.1962971	5.241108
6288	-249.345	-416.5625	167.2175	0.1452681	4.764905
6294	-239.3041	-407.5243	168.2203	0.2313997	4.151556
6300	-242.6454	-411.1395	168.4941	0.04518262	4.101683
6306	-239.0319	-405.6977	166.6658	0.05374186	5.122719
6312	-239.9052	-406.2476	166.3425	0.09455725	5.278992
6318	-242.6901	-407.8292	165.1391	0.07804884	5.948631
6324	-229.929	-397.7189	167.79	0.06219257	4.49055
6330	-248.5901	-415.2065	166.6164	0.2644037	5.03325
6336	-244.2145	-411.6804	167.4659	0.06658726	4.669981
6342	-246.3067	-414.1421	167.8354	0.1046921	4.441043
6348	-245.4468	-412.6701	167.2233	0.2400474	4.708672
6354	-238.3921	-404.9294	166.5373	0.04716957	5.19751
6360	-248.3736	-414.1789	165.8052	0.07286388	5.586799
6366	-244.8889	-412.0001	167.1112	0.2022946	4.792409
6372	-244.85	-411.6782	166.8283	0.2620818	4.916805
6378	-252.4171	-419.9062	167.4892	0.3006596	4.525609
6384	-266.4684	-433.1526	166.6842	0.1175316	5.077137
6390	-268.548	-435.2322	166.6842	0.1175316	5.077137
6396	-262.9652	-428.9352	165.97	0.1416897	5.458393
6402	-261.5041	-428.9219	167.4178	0.07920774	4.689852
6408	-261.2913	-427.6223	166.331	0.2047995	5.224399
6414	-244.9828	-411.037	166.0542	0.103975	5.432785
6420	-249.43	-415.1597	165.7297	0.1394531	5.591703
6426	-246.9385	-415.238	168.2996	0.05182649	4.208507
6432	-273.9793	-439.864	165.8847	0.0648603	5.547561
6438	-261.4244	-429.1505	167.7261	0.1124647	4.498171
6444	-251.6726	-420.3536	168.681	0.1227087	3.950742
6450	-245.2108	-412.766	167.5552	0.3051115	4.485984
6456	-240.2173	-407.8457	167.6284	0.2318745	4.485984
6462	-249.1661	-414.9994	165.8333	0.2318745	5.483969
6468	-240.0699	-406.978	166.908	0.03493645	4.998751
6474	-245.502	-413.1341	167.6321	0.04013516	4.591667
6480	-241.5302	-407.9408	166.4107	0.16498	5.202382
6486	-229.82	-396.4682	166.6482	0.0248427	5.148472
6492	-242.8609	-410.1054	167.2445	0.0003162761	4.830745
6498	-251.4235	-418.6636	167.2401	0.004667038	4.830745
6504	-252.7139	-419.1319	166.418	0.07694641	5.247017
6510	-246.5269	-412.7623	166.2354	0.2058393	5.276659
6516	-258.8831	-426.3014	167.4183	0.290115	4.571328
6522	-252.6965	-417.7921	165.0956	0.1347405	5.941441
6528	-246.7643	-413.1468	166.3825	0.1347405	5.234674
6534	-248.7085	-415.4667	166.7582	0.1598487	5.012579
6540	-244.8677	-412.1984	167.3307	0.07932926	4.738486
6546	-258.1062	-423.8959	165.7897	0.09521529	5.583024
6552	-254.7097	-420.7657	166.056	0.01465986	5.480943
6558	-258.3418	-424.4061	166.0643	0.006406959	5.480943
6564	-268.0147	-433.7122	165.6975	0.008777479	5.681097
6570	-249.2689	-414.4173	165.1484	0.2109763	5.870975
6576	-255.9312	-424.5047	168.5735	0.2109763	3.961731
6582	-261.2709	-427.1575	165.8867	0.1743218	5.486278
6588	-272.728	-439.8189	167.0909	0.453428	4.663335
6594	-273.2096	-438.4121	165.2025	0.1058302	5.898838
6600	-292.8664	-459.1192	166.2528	0.02693953	5.365814
6606	-281.1763	-446.5736	165.3973	0.246529	5.715301
6612	-256.7413	-422.64	165.8988	0.1479993	5.494102
6618	-255.2247	-422.2897	167.0649	0.05782337	4.898752
6624	-258.6676	-425.2465	166.579	0.03197522	5.18285
6630	-260.6593	-425.7094	165.0501	0.02540726	6.025921
6636	-250.8176	-417.7885	166.9709	0.1900572	4.877481
6642	-247.7184	-415.1273	167.4089	0.03234677	4.721049
6648	-252.8929	-418.3376	165.4447	0.1319193	5.752095
6654	-253.6751	-421.0466	167.3715	0.102499	4.702684
6660	-237.5136	-403.2919	165.7783	0.2218434	5.519754
6666	-250.2668	-417.5548	167.288	0.1250626	4.736798
6672	-244.7371	-412.3065	167.5694	0.03867836	4.627623
6678	-245.7904	-413.4469	167.6564	0.1901974	4.493658
6684	-237.6923	-406.0631	168.3708	0.2168835	4.074144
6690	-239.2887	-406.9134	167.6247	0.008330686	4.613615
6696	-249.3958	-416.9057	167.5099	0.01679135	4.673219
6702	-254.3475	-420.688	166.3405	0.1695111	5.238669
6708	-246.586	-412.7651	166.179	0.3309946	5.238669
6714	-250.8676	-416.9242	166.0565	0.4534952	5.238669
6720	-241.5283	-409.0364	167.5081	0.04497366	4.658459
6726	-247.8512	-415.5618	167.7106	0.189361	4.463637
6732	-243.3747	-408.9598	165.5852	0.1070705	5.688774
6738	-246.0074	-414.5546	168.5472	0.2853836	3.934197
6744	-246.0043	-415.0723	169.0681	0.06137785	3.763609
6750	-242.9728	-409.993	167.0202	0.1045759	4.897648
6756	-234.1779	-402.0761	167.8981	0.1598649	4.374535
6762	-286.1512	-449.2777	163.1265	0.03238527	7.063686
6768	-266.4063	-430.8593	164.453	0.06339056	6.330124
6774	-238.2347	-403.8179	165.5832	0.2636003	5.604007
6780	-236.7569	-404.1663	167.4094	0.4192341	4.503768
6786	-232.2574	-401.8744	169.617	0.4248925	3.231105
6792	-240.3747	-409.9917	169.617	0.4248925	3.231105
6798	-242.2611	-407.7621	165.501	0.3129183	5.62203
6804	-253.692	-420.4226	166.7305	0.06659544	5.079697
6810	-252.4792	-419.5305	167.0514	0.3097252	4.76584
6816	-245.7775	-412.9883	167.2109	0.1501993	4.76584
6822	-248.6208	-415.605	166.9842	0.1810784	4.875083
6828	-257.1219	-425.3489	168.227	0.2759665	4.122365
6834	-243.0813	-409.7411	166.6598	0.1506266	5.07234
6840	-255.9973	-422.7519	166.7545	0.1391892	5.026105
6846	-255.8977	-422.9724	167.0748	0.1204353	4.858403
6852	-256.5697	-422.1575	165.5878	0.04627904	5.720621
6858	-256.1206	-422.8586	166.7381	0.3745588	4.904387
6864	-254.8919	-421.9016	167.0097	0.1029702	4.904387
6870	-246.1492	-412.6833	166.5341	0.01286089	5.218245
6876	-247.081	-414.2744	167.1935	0.06474668	4.823265
6882	-241.7242	-408.9442	167.22	0.04112559	4.821663
6888	-246.4928	-413.5408	167.048	0.2520416	4.799898
6894	-253.0211	-420.1226	167.1015	0.1767143	4.812109
6900	-253.0316	-420.294	167.2624	0.04879032	4.793681
6906	-251.9367	-418.604	166.6674	0.1101893	5.090558
6912	-261.9476	-428.4615	166.514	0.1950418	5.128556
6918	-271.7331	-437.3957	165.6626	0.1042963	5.647815
6924	-265.4711	-429.7374	164.2663	0.0331972	6.447736
6930	-266.8099	-433.5128	166.7029	0.1714226	5.036865
6936	-278.9511	-444.0426	165.0915	0.01080389	6.011324
6942	-254.3922	-422.0181	167.6259	0.01963415	4.606642
6948	-264.2955	-430.8033	166.5077	0.2144253	5.121275
6954	-256.1489	-421.1061	164.9573	0.035116	6.071232
6960	-243.2312	-411.2133	167.9821	0.433398	4.172109
6966	-236.0444	-404.3323	168.2879	0.06836546	4.205733
6972	-243.4384	-410.3702	166.9319	0.2742749	4.852305
6978	-260.967	-429.2038	168.2368	0.2992692	4.103505
6984	-251.9359	-419.4226	167.4866	0.1311042	4.6222
6990	-260.3428	-426.1216	165.7788	0.1442011	5.562136
6996	-273.599	-438.1801	164.5811	0.4439889	6.053384
7002	-248.0311	-415.5559	167.5248	0.07844198	4.630361
7008	-265.1834	-430.7369	165.5535	0.2568729	5.623954
7014	-255.2982	-421.7456	166.4474	0.4655715	5.015438
7020	-249.0695	-413.9929	164.9234	0.01214418	6.102186
7026	-254.048	-418.9323	164.8843	0.2654792	5.985391
7032	-255.9919	-422.9754	166.9835	0.06394728	4.940672
7038	-247.273	-414.5093	167.2363	0.02607569	4.820932
7044	-258.9272	-424.4912	165.5641	0.07131736	5.719936
7050	-246.7991	-412.3905	165.5914	0.04398134	5.719936
7056	-242.1342	-408.2127	166.0785	0.04398134	5.452446
7062	-249.1814	-416.0634	166.8819	0.1921909	4.925817
7068	-252.4988	-419.4231	166.9243	0.1385258	4.932106
7074	-258.9232	-424.8181	165.8949	0.09088517	5.527632
7080	-260.3416	-423.76	163.4184	0.4910747	6.658893
7086	-250.7045	-418.2994	167.5949	0.04921634	4.607404
7092	-257.6394	-424.3024	166.6631	0.07685357	5.111415
7098	-244.0087	-410.4012	166.3924	0.3474917	5.111415
7104	-247.912	-416.5639	168.6518	0.07228376	3.996256
7110	-244.3794	-411.5007	167.1213	0.08027233	4.85487
7116	-252.6665	-420.2749	167.6085	0.1878633	4.521952
7122	-248.0273	-412.3715	164.3442	0.09446009	6.372315
7128	-249.136	-416.7449	167.6089	0.1310471	4.553637
7134	-259.6925	-425.0813	165.3888	0.1793293	5.756767
7140	-246.1427	-412.0195	165.8768	0.0950422	5.535265
7146	-259.3453	-425.1379	165.7926	0.2630717	5.489192
7152	-259.278	-427.6183	168.3402	0.2450933	4.075477
7158	-251.7381	-421.1877	169.4496	0.06157777	3.542469
7164	-235.406	-402.9458	167.5397	0.2955228	4.500055
7170	-236.8736	-404.4339	167.5602	0.1031305	4.596629
7176	-240.6081	-407.9232	167.3152	0.3481888	4.596629
7182	-267.0573	-433.3107	166.2534	0.3158118	5.205926
7188	-276.1253	-439.6966	163.5712	0.1331881	6.769655
7194	-256.1582	-420.254	164.0957	0.189389	6.455555
7200	-262.9287	-429.3328	166.4041	0.2005814	5.186289
7206	-264.9072	-429.9027	164.9954	0.3686447	5.868401
7212	-258.5648	-425.3327	166.768	0.02180574	5.083775
7218	-261.7014	-428.5682	166.8668	0.03985223	5.018946
7224	-254.3547	-419.6175	165.2628	0.1360934	5.849359
7230	-253.1371	-420.8513	167.7142	0.05641539	4.536406
7236	-242.4281	-408.9588	166.5307	0.158494	5.139515
7242	-258.4047	-424.691	166.2863	0.158494	5.2747
7248	-270.2439	-434.3148	164.0709	0.1964361	6.465213
7254	-254.4398	-420.0972	165.6574	0.5844719	5.38668
7260	-237.6716	-406.1487	168.477	0.2037633	4.021007
7266	-239.7717	-407.2346	167.4629	0.1712562	4.612998
7272	-248.3452	-415.8722	167.527	0.1712562	4.577048
7278	-248.7288	-414.577	165.8482	0.0372747	5.582755
7284	-241.2136	-408.3263	167.1128	0.06100048	4.870349
7290	-236.8247	-404.0524	167.2276	0.06324026	4.805028
7296	-239.7948	-406.8261	167.0313	0.06647071	4.912658
7302	-256.5236	-424.3002	167.7766	0.1598475	4.443067
7308	-237.6307	-405.3118	167.6811	0.1645257	4.494217
7314	-243.2158	-410.9851	167.7693	0.009243989	4.531963
7320	-242.5077	-410.1793	167.6716	0.1069043	4.531963
7326	-244.6905	-412.4387	167.7482	0.1129358	4.485497
7332	-258.4578	-425.308	166.8502	0.010079	5.044671
7338	-249.2171	-413.9304	164.7133	0.2039039	6.112183
7344	-237.7932	-404.1128	166.3196	0.2039039	5.231202
7350	-252.6518	-422.0161	169.3643	0.2039039	3.50921
7356	-247.664	-414.8104	167.1464	0.036985	4.86496
7362	-252.078	-418.1592	166.0812	0.02111897	5.463512
7368	-243.966	-410.9011	166.9351	0.06882909	4.964884
7374	-249.2252	-416.3644	167.1393	0.007911063	4.885158
7380	-255.9795	-421.9026	165.923	0.05452837	5.532157
7386	-261.9531	-428.392	166.4388	0.1967342	5.169212
7392	-271.7216	-438.4428	166.7212	0.09381851	5.069777
7398	-268.2216	-434.043	165.8215	0.2029056	5.506414
7404	-270.5667	-436.387	165.8203	0.05234466	5.589796
7410	-262.4909	-429.225	166.7341	0.1862565	5.011318
7416	-258.4694	-424.6189	166.1494	0.134277	5.3636
7422	-245.1861	-412.7328	167.5467	0.06974396	4.622918
7428	-246.8306	-413.5942	166.7636	0.05238065	5.069239
7434	-254.833	-420.7682	165.9352	0.08212774	5.510291
7440	-271.136	-436.595	165.4591	0.1770295	5.719532
7446	-260.1349	-425.6266	165.4917	0.02746419	5.783561
7452	-252.1789	-418.581	166.4021	0.03599528	5.278385
7458	-242.6141	-409.0637	166.4496	0.07947288	5.22814
7464	-251.7003	-418.5766	166.8763	0.01853118	5.025509
7470	-257.6843	-424.692	167.0077	0.04097377	4.939966
7476	-254.0155	-421.3854	167.3699	0.1835367	4.658259
7482	-265.571	-429.7893	164.2183	0.208072	6.378949
7488	-254.8008	-421.8148	167.014	0.208072	4.843422
7494	-249.1715	-414.6107	165.4393	0.04435204	5.803023
7500	-261.1673	-426.2914	165.1242	0.3564589	5.804653
7506	-255.2482	-421.7994	166.5512	0.1112711	5.154333
7512	-264.4456	-431.1271	166.6815	0.1637856	5.053013
7518	-251.2193	-418.1356	166.9164	0.01835788	5.003331
7524	-261.3834	-429.2147	167.8314	0.06973669	4.463
7530	-266.1319	-431.5714	165.4396	0.1229291	5.759839
7536	-288.9731	-454.5639	165.5909	0.3162319	5.570871
7542	-263.1615	-427.4144	164.2529	0.2242209	6.351424
7548	-255.9915	-421.4751	165.4835	0.07570343	5.761648
7554	-257.3315	-422.7688	165.4373	0.007015082	5.824523
7560	-257.7802	-424.9488	167.1686	0.005801247	4.869988
7566	-257.4975	-424.5872	167.0897	0.08467953	4.869988
7572	-274.9267	-442.111	167.1843	0.3564944	4.665324
7578	-261.77	-427.0404	165.2705	0.3481722	5.729106
7584	-255.0163	-419.8749	164.8586	0.1406867	6.067489
7590	-256.1317	-421.1293	164.9976	0.28211	5.914471
7596	-268.553	-433.7151	165.1621	0.117673	5.914471
7602	-263.994	-429.0901	165.0961	0.1835987	5.914471
7608	-257.2821	-422.4069	165.1248	0.4270154	5.765691
7614	-255.1375	-422.6513	167.5138	0.2341411	4.549167
7620	-267.96	-434.8855	166.9255	0.08680241	4.960238
7626	-259.0828	-425.2686	166.1858	0.1102276	5.356801
7632	-255.2002	-421.5231	166.3228	0.04087747	5.319486
7638	-257.7939	-426.1336	168.3396	0.02186956	4.202773
7644	-249.2369	-417.0677	167.8307	0.03504836	4.482879
7650	-256.6668	-422.3802	165.7134	0.08681232	5.629553
7656	-267.3925	-432.2132	164.8207	0.08681232	6.117458
7662	-279.9115	-447.1356	167.2241	0.1071541	4.782521
7668	-276.8148	-441.762	164.9473	0.05667384	6.064935
7674	-270.7715	-435.6994	164.9278	0.07612823	6.064935
7680	-252.8277	-419.0627	166.235	0.1083909	5.330662
7686	-253.1201	-419.618	166.4979	0.2235445	5.121632
7692	-244.109	-412.0032	167.8943	0.07530734	4.42442
7698	-252.9105	-420.5026	167.5921	0.04286893	4.612572
7704	-235.4719	-401.9066	166.4347	0.02327511	5.267412
7710	-251.5121	-419.1665	167.6544	0.04064032	4.578863
7716	-252.9143	-419.6962	166.7819	0.0292594	5.0719
7722	-248.492	-415.6746	167.1826	0.02313967	4.852494
7728	-258.9526	-426.108	167.1554	0.1345969	4.805526
7734	-269.1233	-435.9876	166.8643	0.208807	4.926385
7740	-256.2406	-422.2534	166.0127	0.1879365	5.40938
7746	-257.3326	-425.0797	167.7471	0.2968834	4.382454
7752	-274.1127	-439.2283	165.1156	0.1637981	5.914659
7758	-260.6804	-427.3532	166.6728	0.19195	5.042173
7764	-257.8807	-425.3912	167.5104	0.09952267	4.626562
7770	-263.0902	-428.4818	165.3917	0.04287392	5.829872
7776	-255.0513	-421.9529	166.9017	0.07366055	4.980767
7782	-249.9608	-417.2294	167.2686	0.1698471	4.72261
7788	-263.4259	-430.0512	166.6253	0.05763636	5.142982
7794	-254.1987	-420.6327	166.4339	0.2976167	5.116057
7800	-254.4891	-420.5883	166.0992	0.2190899	5.344543
7806	-251.4809	-417.6549	166.174	0.1442478	5.344543
7812	-257.9686	-425.4434	167.4748	0.2262744	4.575435
7818	-246.7042	-413.7292	167.025	0.05892073	4.920398
7824	-240.4435	-407.397	166.9535	0.13036	4.920398
7830	-247.5662	-413.6236	166.0574	0.2112599	5.371897
7836	-261.8354	-428.0214	166.186	0.2470545	5.281189
7842	-257.4662	-424.8098	167.3435	0.2862038	4.615492
7848	-240.3722	-407.3994	167.0272	0.3696082	4.745849
7854	-255.7648	-423.0739	167.3092	0.401606	4.570009
7860	-260.1877	-426.1344	165.9467	0.1902362	5.444466
7866	-260.9221	-426.8886	165.9665	0.1704882	5.444466
7872	-246.9645	-412.6393	165.6748	0.1181822	5.633498
7878	-237.2785	-404.6134	167.3349	0.1550735	4.693746
7884	-231.1645	-398.8443	167.6798	0.05970431	4.553879
7890	-244.5915	-412.2866	167.6951	0.04441454	4.553879
7896	-249.0248	-416.7936	167.7688	0.1727797	4.440211
7902	-248.1402	-413.6688	165.5286	0.01869609	5.768163
7908	-246.8233	-412.3826	165.5593	0.3014895	5.596283
7914	-256.7186	-423.3635	166.645	0.2440205	5.028714
7920	-260.99	-427.8175	166.8275	0.04008425	5.04063
7926	-266.2024	-432.1225	165.9202	0.05336292	5.534366
7932	-256.8076	-424.1408	167.3332	0.05935206	4.748231
7938	-252.7994	-420.1152	167.3159	0.07672077	4.748231
7944	-247.8933	-415.3993	167.506	0.08195599	4.638889
7950	-257.1448	-423.9443	166.7995	0.01987189	5.067364
7956	-255.7002	-422.384	166.6837	0.2071695	5.027669
7962	-248.5727	-414.291	165.7182	0.1530439	5.590536
7968	-238.3318	-405.6394	167.3077	0.03774922	4.774585
7974	-241.4063	-408.6107	167.2044	0.008539215	4.848485
7980	-252.3642	-420.9071	168.5429	0.008475253	4.094797
7986	-259.876	-425.4387	165.5627	0.01569826	5.751125
7992	-260.329	-428.5189	168.1899	0.04874475	4.272419
7998	-250.3458	-416.9427	166.597	0.1124503	5.128316
8004	-254.8731	-420.6357	165.7626	0.2905879	5.490556
8010	-259.508	-425.4654	165.9574	0.09580198	5.490556
8016	-252.9615	-418.6003	165.6388	0.1681687	5.625847
8022	-269.5367	-437.1268	167.59	0.06837341	4.599405
8028	-266.1517	-432.827	166.6752	0.1180009	5.081855
8034	-252.0336	-418.1792	166.1456	0.3569493	5.242775
8040	-247.6994	-415.2564	167.5571	0.2307775	4.526717
8046	-242.66	-409.7479	167.0879	0.1637464	4.826898
8052	-259.9932	-427.0979	167.1047	0.01576636	4.900014
8058	-266.7192	-433.6451	166.9259	0.1946028	4.900014
8064	-248.174	-415.6482	167.4742	0.2450368	4.565268
8070	-256.8739	-424.6604	167.7865	0.02081781	4.515753
8076	-247.6227	-412.4582	164.8355	0.2458246	6.022734
8082	-246.1664	-412.8686	166.7022	0.1479604	5.050264
8088	-252.9128	-420.0101	167.0973	0.1283477	4.841413
8094	-256.7981	-424.784	167.9859	0.1602259	4.324782
8100	-233.0819	-401.2277	168.1458	0.3935445	4.101661
8106	-237.9822	-404.2371	166.2549	0.2016162	5.26822
8112	-251.332	-418.4464	167.1145	0.3760687	4.693463
8118	-245.3796	-411.8556	166.476	0.07037782	5.218575
8124	-260.4102	-424.1346	163.7245	0.1130738	6.697746
8130	-246.9464	-411.2639	164.3175	0.272123	6.290317
8136	-243.1575	-411.2274	168.07	0.1022385	4.310012
8142	-242.568	-409.8391	167.2711	0.1838608	4.713334
8148	-244.2954	-410.0273	165.7319	0.2821252	5.512106
8154	-255.9986	-422.5163	166.5178	0.1622807	5.144588
8160	-260.7618	-426.7159	165.9541	0.3322689	5.362131
8166	-262.9739	-428.6768	165.7029	0.1316577	5.610683
8172	-243.9416	-410.4891	166.5475	0.01075373	5.211997
8178	-249.5662	-415.9668	166.4006	0.05842772	5.266843
8184	-247.5523	-413.496	165.9437	0.003702274	5.548715
8190	-237.8664	-405.2513	167.3849	0.033635	4.733713
8196	-245.0624	-412.3363	167.2739	0.04662981	4.788491
8202	-245.3373	-411.5064	166.1691	0.08323402	5.380905
8208	-259.6015	-427.1943	167.5928	0.09709902	4.581714
8214	-250.4494	-417.9266	167.4772	0.2126981	4.581714
8220	-249.8063	-417.1021	167.2957	0.2967102	4.636399
8226	-248.6119	-413.557	164.9451	0.3796826	5.889878
8232	-251.2773	-417.9391	166.6618	0.1358421	5.079391
8238	-244.222	-410.3921	166.1701	0.12819	5.355548
8244	-249.8749	-415.8293	165.9544	0.1737646	5.449319
8250	-257.2582	-424.7893	167.531	0.6300547	4.316289
8256	-256.5278	-421.5526	165.0248	0.5343771	5.761649
8262	-256.6753	-423.1823	166.507	0.1030683	5.183338
8268	-243.875	-409.4334	165.5585	0.1920435	5.656806
8274	-246.4924	-414.3008	167.8083	0.02043412	4.503702
8280	-242.6394	-409.0459	166.4065	0.022359	5.283507
8286	-253.3127	-418.2987	164.986	0.1272797	6.005334
8292	-247.4801	-412.3663	164.8862	0.2270704	6.005334
8298	-251.8448	-419.184	167.3392	0.02735572	4.762782
8304	-272.3908	-436.9435	164.5526	0.2559996	6.171269
8310	-251.3082	-419.2525	167.9443	0.1715417	4.341865
8316	-244.9961	-410.769	165.7729	0.1851554	5.542879
8322	-243.2733	-410.5674	167.2942	0.4038872	4.577145
8328	-241.5828	-409.9633	168.3806	0.1125927	4.127941
8334	-247.8641	-416.3215	168.4574	0.0357817	4.127941
8340	-250.5207	-415.9612	165.4405	0.05626995	5.795808
8346	-254.6217	-422.2932	167.6715	0.4043569	4.364483
8352	-258.1096	-423.6621	165.5525	0.3241828	5.587593
8358	-244.5309	-411.3373	166.8064	0.1717394	4.979208
8364	-240.0964	-406.6906	166.5942	0.03866472	5.170718
8370	-255.337	-423.2434	167.9064	0.1409006	4.380604
8376	-256.8364	-422.9804	166.144	0.1409006	5.362962
8382	-247.8248	-413.9271	166.1023	0.1911409	5.358241
8388	-241.9999	-409.6672	167.6673	0.009304923	4.589164
8394	-228.3701	-396.0745	167.7045	0.009635573	4.568149
8400	-234.4335	-400.7716	166.338	0.05203628	5.304936
8406	-228.9826	-395.3018	166.3192	0.07089397	5.304936
8412	-255.8392	-422.0861	166.2469	0.02133021	5.37214
8418	-251.6999	-418.2058	166.5059	0.1927715	5.134281
8424	-244.0316	-411.4116	167.38	0.188562	4.649747
8430	-246.3726	-412.2494	165.8768	0.188562	5.483893
8436	-250.672	-417.3737	166.7017	0.07275149	5.092268
8442	-245.5254	-412.6483	167.123	0.01346436	4.891134
8448	-258.1751	-424.4462	166.2711	0.0964328	5.317359
8454	-245.0782	-412.7758	167.6977	0.07594171	4.534722
8460	-243.8038	-411.5725	167.7686	0.004967848	4.534722
8466	-249.5546	-415.4693	165.9148	0.01967592	5.555842
8472	-260.2829	-427.2242	166.9414	0.008615382	4.994861
8478	-260.3157	-427.8014	167.4857	0.09581836	4.642527
8484	-271.0709	-436.311	165.2401	0.336271	5.752263
8490	-273.1723	-440.3529	167.1806	0.06198598	4.831981
8496	-266.9612	-433.95	166.9888	0.12553	4.903452
8502	-254.0188	-420.0099	165.9911	0.1717328	5.430209
8508	-262.0415	-428.3846	166.343	0.1185977	5.265401
8514	-256.3594	-423.2282	166.8688	0.02950353	5.023586
8520	-266.0472	-430.4121	164.3649	0.0240346	6.399292
8526	-270.7909	-436.1612	165.3702	0.2486887	5.728945
8532	-258.7564	-425.4191	166.6628	0.3221537	4.975436
8538	-260.1023	-426.9209	166.8186	0.166327	4.975436
8544	-258.442	-425.8174	167.3753	0.2412194	4.622875
8550	-261.7035	-427.8035	166.1	0.2412194	5.331905
8556	-244.2438	-410.4495	166.2056	0.1355613	5.331905
8562	-254.3588	-421.1794	166.8206	0.02937287	5.050399
8568	-260.016	-426.4878	166.4718	0.07560941	5.217991
8574	-249.8747	-417.0142	167.1396	0.1386726	4.812079
8580	-258.25	-425.7683	167.5183	0.0584678	4.645174
8586	-259.686	-427.2827	167.5967	0.1496479	4.550043
8592	-253.8624	-419.9573	166.0949	0.1669971	5.375625
8598	-249.89	-418.1324	168.2424	0.1151526	4.205025
8604	-255.1051	-420.8072	165.7021	0.1285173	5.61286
8610	-251.8791	-419.4376	167.5585	0.0513724	4.626593
8616	-251.6996	-416.6025	164.9029	0.2002677	6.010838
8622	-264.2853	-430.7497	166.4645	0.3710986	5.058391
8628	-264.7945	-432.4494	167.6549	0.1347821	4.525712
8634	-264.617	-430.2749	165.6579	0.06207041	5.673559
8640	-249.1084	-415.8283	166.7199	0.1295933	5.050664
8646	-255.917	-424.2182	168.3013	0.1610084	4.145515
8652	-255.2673	-422.3073	167.0401	0.09306202	4.892973
8658	-259.6277	-424.9203	165.2926	0.1553791	5.822541
8664	-245.3259	-412.866	167.54	0.2164307	4.544354
8670	-254.1245	-421.7275	167.603	0.151929	4.545234
8676	-256.6083	-424.214	167.6057	0.1492125	4.545234
8682	-244.3524	-410.2722	165.9198	0.1683713	5.471299
8688	-247.3987	-413.1767	165.7779	0.3916428	5.426508
8694	-263.276	-428.4854	165.2094	0.06949423	5.914914
8700	-256.8671	-423.1905	166.3233	0.0680613	5.304188
8706	-270.4927	-436.7884	166.2957	0.09570329	5.304188
8712	-258.9958	-425.2489	166.2531	0.06821685	5.342858
8718	-264.7894	-431.9327	167.1433	0.0123556	4.880431
8724	-252.2162	-419.1087	166.8926	0.2631046	4.880431
8730	-253.4813	-419.6882	166.2069	0.08876978	5.357029
8736	-254.8057	-421.4236	166.6179	0.01873109	5.168614
8742	-243.2723	-409.1525	165.8803	0.02601906	5.571311
8748	-258.7321	-423.5084	164.7763	0.06308151	6.154562
8754	-260.1468	-426.0282	165.8814	0.05010402	5.557468
8760	-263.7582	-428.2058	164.4476	0.1049224	6.310488
8766	-263.3446	-429.9167	166.5721	0.05190378	5.175625
8772	-258.461	-423.6275	165.1666	0.1585897	5.889665
8778	-258.162	-423.9063	165.7443	0.1581662	5.573437
8784	-265.1363	-431.5374	166.4012	0.0696513	5.260333
8790	-267.1747	-432.8744	165.6997	0.05051005	5.65698
8796	-259.9682	-425.8059	165.8377	0.2601606	5.465963
8802	-259.0716	-425.5287	166.4571	0.4866824	4.998314
8808	-255.1559	-421.0746	165.9187	0.2869863	5.40661
8814	-252.8934	-419.2138	166.3204	0.1552332	5.257666
8820	-257.1928	-423.8554	166.6627	0.006379914	5.150692
8826	-267.652	-431.9021	164.2501	0.01529945	6.466238
8832	-259.4797	-424.9168	165.4372	0.1645463	5.738377
8838	-255.8395	-422.8471	167.0077	0.07934392	4.918654
8844	-266.4004	-430.6004	164.2	0.2557223	6.363039
8850	-254.68	-421.3405	166.6605	0.1446113	5.075303
8856	-264.3589	-430.5714	166.2125	0.2256499	5.278379
8862	-267.7069	-433.9044	166.1975	0.09423246	5.359203
8868	-275.6623	-442.6255	166.9632	0.06044481	4.953898
8874	-260.2738	-426.197	165.9231	0.1555493	5.476529
8880	-265.3706	-431.4173	166.0467	0.03196291	5.476529
8886	-256.4841	-423.6476	167.1635	0.03251801	4.857936
8892	-256.3273	-421.9437	165.6164	0.06785806	5.693118
8898	-263.1648	-426.9881	163.8233	0.1515786	6.623528
