Iteration	Posterior	Likelihood	Prior	acrv_sd	part_rate_trans	tree_length
0	-1650.197	-1821.856	171.6587	0.02091337	1.278188	1.328952
6	-1657.389	-1828.302	170.9138	0.4474959	1.136429	1.674541
12	-1658.483	-1829.649	171.1658	0.223445	0.9657341	1.775106
18	-1655.355	-1827.177	171.8217	0.223445	1.070258	1.198484
24	-1652.667	-1824.106	171.4391	0.1232615	1.531959	1.216409
30	-1655.158	-1826.469	171.3104	0.4871253	1.050295	1.415464
36	-1654.476	-1826.083	171.6073	0.2802184	1.050295	1.344919
42	-1651.765	-1823.143	171.3788	0.2802184	1.152867	1.443131
48	-1654.023	-1825.44	171.4168	0.124536	1.449431	1.302351
54	-1649.237	-1820.742	171.5049	0.1109686	1.388305	1.291431
60	-1638.628	-1810.239	171.6106	0.03790592	1.149357	1.453772
66	-1642.071	-1813.818	171.7461	0.03362939	1.084619	1.402663
72	-1640.482	-1812.136	171.6547	0.09514298	1.194658	1.339563
78	-1648.49	-1820.112	171.6222	0.01680137	1.270763	1.367143
84	-1646.973	-1818.652	171.6794	0.05445574	1.172001	1.370211
90	-1645.829	-1817.471	171.6419	0.2283144	1.117061	1.305164
96	-1646.79	-1818.101	171.3115	0.3331549	1.140418	1.463527
102	-1643.44	-1814.959	171.5185	0.1433793	1.15319	1.440685
108	-1649.604	-1821.418	171.8136	0.001145964	1.15319	1.320763
114	-1646.44	-1818.438	171.9981	0.006494059	1.082889	1.222217
120	-1651.769	-1823.43	171.6606	0.01194962	1.152688	1.432832
126	-1653.611	-1825.01	171.3991	0.4429788	1.152688	1.299067
132	-1644.921	-1816.263	171.3412	0.5331637	1.128193	1.292721
138	-1654.287	-1825.626	171.339	0.4780171	1.213246	1.270058
144	-1647.886	-1819.278	171.3917	0.2894832	1.260702	1.341611
150	-1643.296	-1814.463	171.1669	0.3501214	1.00957	1.653909
156	-1652.735	-1824.426	171.6903	0.09386252	1.00957	1.456974
162	-1672.971	-1843.83	170.8582	0.5846947	1.011073	1.705602
168	-1662.718	-1833.811	171.0935	0.6250332	0.9100696	1.580067
174	-1659.943	-1831.437	171.4938	0.05920222	1.209756	1.480407
180	-1657.881	-1829.32	171.4396	0.3513801	1.227374	1.279845
186	-1649.957	-1821.471	171.5137	0.09443339	1.276283	1.387026
192	-1644.03	-1815.561	171.5316	0.1412213	1.191017	1.403034
198	-1643.607	-1815.021	171.4139	0.06877257	1.327209	1.444641
204	-1652.719	-1824.294	171.5752	0.06230863	0.9968026	1.575901
210	-1651.338	-1822.318	170.9801	0.5417471	1.139176	1.556263
216	-1649.998	-1821.491	171.4925	0.1109875	0.8978827	1.671919
222	-1639.868	-1811.394	171.5261	0.2231068	1.101143	1.413504
228	-1647.788	-1819.052	171.2638	0.1966908	0.9895139	1.708419
234	-1643.23	-1814.31	171.0804	0.3345076	1.131441	1.639704
240	-1642.361	-1813.782	171.4208	0.1185574	1.414954	1.331759
246	-1650.458	-1821.544	171.086	0.328036	1.414954	1.429963
252	-1649.765	-1821.338	171.573	0.0505919	1.07322	1.529799
258	-1652.304	-1823.607	171.3023	0.01828982	1.040118	1.771092
264	-1663.214	-1834.87	171.6562	0.1034153	1.223091	1.308846
270	-1646.71	-1817.989	171.2788	0.2021109	0.9039037	1.754263
276	-1652.73	-1824.202	171.4718	0.1230428	0.8607496	1.704506
282	-1648.668	-1819.952	171.2834	0.01608982	0.9801786	1.827175
288	-1657.491	-1828.557	171.0666	0.5238066	0.9801786	1.622269
294	-1653.31	-1824.622	171.3125	0.3212325	1.126808	1.482122
300	-1644.766	-1816.093	171.3271	0.2507747	0.9961262	1.619772
306	-1647.465	-1818.744	171.2793	0.3646777	0.9601507	1.597932
312	-1648.383	-1819.777	171.3937	0.1140295	0.8734022	1.756836
318	-1657.575	-1828.903	171.3279	0.2632434	1.22994	1.436085
324	-1661.557	-1833.17	171.6136	0.08151236	1.246113	1.342185
330	-1643.357	-1814.678	171.3209	0.2946092	1.015549	1.578278
336	-1644.971	-1816.52	171.5492	0.01147373	1.070413	1.578278
342	-1643.982	-1815.486	171.5033	0.08988643	1.306274	1.375232
348	-1648.032	-1819.687	171.6553	0.05348757	1.218379	1.353359
354	-1647.124	-1818.2	171.0754	0.4366218	1.187856	1.527542
360	-1662.291	-1833.734	171.443	0.3192938	1.26176	1.275127
366	-1660.317	-1831.831	171.5143	0.04938038	1.159699	1.509979
372	-1656.731	-1827.959	171.228	0.3130746	1.263471	1.448715
378	-1639.928	-1811.242	171.3147	0.269717	1.220087	1.448715
384	-1656.225	-1827.869	171.6441	0.1183678	0.9794642	1.496144
390	-1648.062	-1819.484	171.4219	0.1270105	1.115491	1.55378
396	-1645.984	-1817.694	171.7104	0.1583416	1.032657	1.373672
402	-1633.668	-1805.126	171.4574	0.2180372	0.925386	1.600306
408	-1636.019	-1807.33	171.3112	0.2180372	0.925386	1.705184
414	-1636.932	-1808.339	171.4072	0.2057929	0.9627382	1.618552
420	-1641.458	-1813.125	171.6671	0.0229788	1.208627	1.3758
426	-1635.851	-1807.495	171.6443	0.06361691	0.9931501	1.526665
432	-1647.871	-1819.165	171.2939	0.4020246	1.26255	1.328392
438	-1634.214	-1805.664	171.4503	0.1203638	1.152815	1.509954
444	-1648.787	-1820.052	171.2652	0.09536517	0.9931444	1.775954
450	-1648.658	-1820.118	171.4605	0.4155697	0.9931444	1.398882
456	-1641.971	-1813.429	171.4581	0.1149051	1.096659	1.549926
462	-1656.763	-1828.387	171.6242	0.1687635	1.060273	1.411281
468	-1641.932	-1813.335	171.4024	0.2124674	0.9547848	1.622912
474	-1645.064	-1816.459	171.3952	0.1479479	0.9525609	1.675997
480	-1643.092	-1814.644	171.5522	0.2382708	1.152913	1.340419
486	-1651.166	-1822.664	171.4981	0.1160804	1.152913	1.477122
492	-1655.876	-1827.004	171.1283	0.479748	0.96532	1.620239
498	-1639.128	-1810.933	171.8044	0.1490177	0.9906289	1.339952
504	-1643.769	-1815.235	171.4661	0.4297015	1.082216	1.312677
510	-1652.305	-1823.681	171.3761	0.428654	1.306828	1.201759
516	-1659.019	-1830.093	171.0746	0.4254571	1.34427	1.418127
522	-1647.892	-1819.488	171.596	0.09400547	1.160512	1.413358
528	-1660.897	-1831.939	171.0415	0.394615	1.345644	1.466025
534	-1650.375	-1821.753	171.3776	0.4780801	0.9773504	1.426853
540	-1648.265	-1819.557	171.2922	0.3138934	1.467835	1.233646
546	-1640.574	-1811.962	171.3878	0.353062	1.163173	1.371611
552	-1645	-1816.247	171.2479	0.4308275	1.225357	1.371611
558	-1643.498	-1815.015	171.5171	0.1194417	1.126054	1.480524
564	-1637.844	-1809.403	171.5587	0.1460901	0.9294541	1.575922
570	-1643.127	-1814.317	171.1907	0.3364339	1.393456	1.358595
576	-1644.392	-1815.568	171.176	0.4034279	1.144731	1.509465
582	-1641.321	-1812.586	171.2656	0.4034279	1.005003	1.546677
588	-1644.985	-1816.749	171.7643	0.1153092	0.919196	1.453068
594	-1646.306	-1817.769	171.4638	0.2792572	1.050172	1.457318
600	-1650.394	-1821.591	171.1976	0.2876989	0.9352472	1.729191
606	-1652.453	-1823.296	170.843	0.7127438	1.020101	1.618458
612	-1648.289	-1819.853	171.5635	0.04673075	1.318694	1.351983
618	-1658.283	-1829.624	171.3416	0.1924274	1.255344	1.460237
624	-1650.783	-1822.276	171.4933	0.07830299	1.010357	1.614012
630	-1662.762	-1834.171	171.4086	0.0170467	1.253623	1.542784
636	-1652.655	-1824.192	171.5361	0.01416288	1.129004	1.542784
642	-1641.514	-1812.872	171.3578	0.0845113	1.137323	1.615746
648	-1642.325	-1813.716	171.3914	0.03045283	1.259215	1.541443
654	-1645.502	-1816.9	171.3981	0.4085862	1.112344	1.359828
660	-1662.919	-1834.206	171.2871	0.2828017	1.152402	1.510842
666	-1663.417	-1834.668	171.2508	0.03490578	0.993281	1.827674
672	-1650.259	-1821.683	171.4242	0.05345525	1.022603	1.67275
678	-1655.93	-1827.373	171.4431	0.06430057	1.003271	1.665326
684	-1658.841	-1830.231	171.39	0.2849903	0.8356601	1.665326
690	-1648.748	-1820.053	171.3045	0.3297829	0.8763243	1.665326
696	-1647.816	-1819.351	171.5347	0.09127749	1.107495	1.502474
702	-1644.99	-1816.363	171.3734	0.3577057	1.17285	1.371695
708	-1661.015	-1832.398	171.3827	0.1615794	1.321446	1.401584
714	-1644.803	-1816.446	171.6423	0.05404969	1.29005	1.305863
720	-1641.814	-1813.459	171.6446	0.2986541	1.065369	1.287773
726	-1634.667	-1806.302	171.6356	0.04913135	1.087538	1.47322
732	-1644.923	-1816.379	171.4564	0.08055096	0.9931603	1.65142
738	-1658.262	-1829.777	171.5149	0.0505636	1.06223	1.580769
744	-1659.863	-1831.541	171.6784	0.01704665	1.09918	1.456245
750	-1648.715	-1820.162	171.4464	0.02106451	1.02224	1.6803
756	-1646.069	-1817.134	171.0658	0.3241539	1.12506	1.662233
762	-1643.584	-1815.131	171.5472	0.1122284	1.055055	1.516676
768	-1637.478	-1808.932	171.4546	0.1154344	1.073802	1.568951
774	-1654.86	-1826.16	171.2998	0.7557209	1.073802	1.186481
780	-1656.782	-1828.116	171.334	0.2471523	1.149909	1.504236
786	-1645.579	-1816.815	171.2361	0.2129747	1.287544	1.500103
792	-1643.333	-1815.036	171.7035	0.1265147	0.9840293	1.44145
798	-1637.306	-1808.845	171.5389	0.01557144	1.087277	1.570456
804	-1638.54	-1810.139	171.5987	0.076887	1.052727	1.506324
810	-1654.223	-1825.519	171.2966	0.2846871	1.461556	1.259659
816	-1655.387	-1826.621	171.2336	0.08098497	1.335447	1.564374
822	-1649.382	-1820.984	171.6018	0.0183199	1.167152	1.461837
828	-1643.051	-1814.403	171.3522	0.2473531	1.39904	1.295972
834	-1651.767	-1823.028	171.2602	0.1282689	1.268388	1.55936
840	-1649.286	-1820.361	171.0745	0.5526276	0.9107249	1.645813
846	-1654.98	-1826.239	171.2587	0.4278635	0.9762871	1.554948
852	-1651.027	-1822.386	171.3597	0.4311328	1.257958	1.254695
858	-1635.617	-1807.014	171.3968	0.3615729	1.283	1.260844
864	-1642.274	-1813.803	171.5286	0.1691345	1.309197	1.289212
870	-1649.226	-1820.973	171.7475	0.1461502	1.387119	1.049327
876	-1649.47	-1820.968	171.4982	0.08997105	1.452943	1.261093
882	-1656.333	-1827.653	171.3199	0.4589509	1.452943	1.095224
888	-1647.554	-1818.983	171.4292	0.4084202	1.180415	1.280072
894	-1654.685	-1825.595	170.9095	0.6572833	1.014342	1.614619
900	-1655.38	-1826.67	171.2895	0.3231293	0.8029206	1.732696
906	-1649.687	-1821.031	171.3438	0.2367558	0.8349707	1.732696
912	-1650.09	-1821.355	171.2643	0.244056	0.9829064	1.679183
918	-1653.436	-1824.77	171.3344	0.4311167	0.9675676	1.502711
924	-1649.099	-1820.63	171.5312	0.07908048	1.125577	1.500697
930	-1649.081	-1820.74	171.6592	0.2596498	0.8319047	1.489456
936	-1644.184	-1815.573	171.3889	0.1432337	0.8983716	1.722154
942	-1648.833	-1820.255	171.4214	0.06920454	0.9750275	1.697365
948	-1647.728	-1819.174	171.4457	0.1170236	1.077332	1.571692
954	-1643.906	-1815.493	171.5872	0.1991974	1.124072	1.366583
960	-1666.982	-1838.012	171.03	0.2675691	0.8667124	1.90601
966	-1654.494	-1825.947	171.4532	0.05153827	1.00145	1.668544
972	-1649.265	-1820.864	171.5992	0.06990998	1.00145	1.549218
978	-1658.581	-1830.057	171.4769	0.07947302	0.995787	1.635578
984	-1653.395	-1825.026	171.6316	0.1817539	1.048571	1.404567
990	-1648.772	-1819.762	170.9901	0.6975644	1.026318	1.517055
996	-1644.127	-1815.477	171.3504	0.6064544	0.8968658	1.410877
1002	-1645.026	-1816.822	171.7958	0.05844094	1.082254	1.345925
1008	-1637.11	-1808.585	171.4754	0.08529703	1.009209	1.622756
1014	-1637.818	-1809.282	171.4643	0.2221606	1.068132	1.486588
1020	-1635.037	-1806.378	171.3411	0.2934629	1.278942	1.364155
1026	-1646.188	-1817.47	171.2815	0.2540165	1.488826	1.274886
1032	-1648.638	-1820.218	171.5796	0.06899246	1.117004	1.478269
1038	-1643.395	-1815.063	171.6682	0.2094784	0.9553591	1.426856
1044	-1653.866	-1824.862	170.9963	0.204424	0.981156	1.894066
1050	-1656.97	-1827.993	171.0226	0.3683863	0.9797179	1.764101
1056	-1653.289	-1824.46	171.1705	0.3963115	1.08975	1.559542
1062	-1655.897	-1827.055	171.158	0.6027987	1.243002	1.291726
1068	-1659.587	-1830.589	171.0013	0.4448883	1.824761	1.058661
1074	-1654.185	-1825.612	171.4267	0.2641294	1.406894	1.213563
1080	-1649.817	-1821.487	171.6705	0.04972973	1.377493	1.213563
1086	-1639.477	-1811.176	171.6998	0.08332618	1.055914	1.422224
1092	-1637.392	-1808.541	171.1492	0.4320157	1.055914	1.573823
1098	-1646.92	-1818.062	171.1419	0.4320157	1.171695	1.49338
1104	-1637.816	-1809.403	171.5875	0.04792812	1.077425	1.517843
1110	-1640.56	-1812.225	171.665	0.06572016	1.108887	1.421778
1116	-1638.618	-1809.601	170.9828	0.4262317	1.075693	1.683788
1122	-1642.113	-1813.809	171.6955	0.07782413	0.9265133	1.527543
1128	-1656.471	-1828.108	171.6365	0.06756622	1.188047	1.381016
1134	-1652.666	-1823.973	171.3075	0.2692456	0.9718339	1.63814
1140	-1648.559	-1820.13	171.5711	0.01167701	1.099675	1.540437
1146	-1646.844	-1818.221	171.3769	0.2254811	1.080131	1.540437
1152	-1653.119	-1824.321	171.2018	0.3520555	1.136125	1.534848
1158	-1638.645	-1810.073	171.4282	0.1238717	1.298965	1.412954
1164	-1650.267	-1821.548	171.2805	0.0981433	0.8887384	1.83563
1170	-1646.016	-1817.418	171.4019	0.1715445	0.8482981	1.728368
1176	-1643.304	-1814.827	171.5231	0.05472382	1.073127	1.563665
1182	-1640.107	-1811.342	171.235	0.3402128	1.0758	1.563665
1188	-1640.313	-1811.635	171.3216	0.3576222	1.063512	1.495478
1194	-1647.912	-1819.106	171.194	0.1157068	1.063512	1.76236
1200	-1651.538	-1822.778	171.2408	0.3256095	0.8747037	1.714717
1206	-1655.473	-1826.691	171.2174	0.2927471	0.9548576	1.69782
1212	-1645.46	-1817.077	171.6172	0.01936124	1.02349	1.556996
1218	-1657.279	-1828.618	171.3394	0.1211251	0.8563198	1.80152
1224	-1660.88	-1832.286	171.4058	0.03254294	1.083315	1.657436
1230	-1649.794	-1821.161	171.3676	0.08332427	1.00908	1.701351
1236	-1643.448	-1815.12	171.6723	0.2271554	1.068923	1.320451
1242	-1649.643	-1820.924	171.2809	0.2878831	1.106025	1.546132
1248	-1649.981	-1821.285	171.3035	0.2398974	1.131365	1.546132
1254	-1652.314	-1823.65	171.3354	0.3743015	1.107886	1.438738
1260	-1654.917	-1826.17	171.2531	0.3262536	1.328088	1.368973
1266	-1649.892	-1821.481	171.5883	0.1540206	1.198777	1.342289
1272	-1654.641	-1825.777	171.1352	0.5525706	1.071653	1.482924
1278	-1661.824	-1833.173	171.3497	0.2490874	0.8812876	1.687111
1284	-1660.751	-1832.3	171.5494	0.06174136	1.089135	1.527267
1290	-1654.96	-1826.207	171.2476	0.3666084	0.9739209	1.60952
1296	-1667.379	-1839.032	171.6532	0.2188028	0.8872954	1.483044
1302	-1651.752	-1823.035	171.2838	0.1663777	0.9955051	1.711496
1308	-1641.825	-1813.352	171.5275	0.006057196	1.029886	1.627386
1314	-1649.17	-1820.74	171.5698	0.009332476	1.009804	1.608981
1320	-1654.928	-1826.098	171.1706	0.2422815	0.9652189	1.758975
1326	-1642.919	-1814.353	171.4342	0.2523335	1.065559	1.488473
1332	-1639.896	-1811.495	171.5991	0.003176846	1.060144	1.55524
1338	-1659.921	-1831.516	171.5951	0.2044759	1.103852	1.372109
1344	-1649.898	-1821.317	171.4193	0.1351437	1.309199	1.403215
1350	-1656.352	-1827.842	171.4896	0.1243362	0.8130082	1.724724
1356	-1652.877	-1824.304	171.4268	0.1041332	0.8758135	1.738918
1362	-1658.077	-1829.336	171.2588	0.1259886	1.088577	1.691879
1368	-1646.381	-1817.648	171.2669	0.2284475	1.027516	1.656583
1374	-1647.967	-1819.356	171.3885	0.07019232	1.206784	1.552966
1380	-1646.819	-1818.261	171.4418	0.1673706	1.056333	1.552966
1386	-1644.306	-1815.852	171.5459	0.1142209	1.005436	1.552966
1392	-1654.973	-1825.988	171.0155	0.4712892	0.7393535	1.86391
1398	-1637.318	-1808.857	171.5382	0.1131011	0.8358542	1.682096
1404	-1642.844	-1814.236	171.3921	0.1913392	1.150261	1.502297
1410	-1640.502	-1811.732	171.2301	0.1995252	0.9887826	1.73069
1416	-1648.25	-1819.554	171.3035	0.1995252	0.9551173	1.702651
1422	-1647.549	-1819.145	171.596	0.1141332	0.9959492	1.522893
1428	-1656.715	-1827.9	171.1844	0.2871243	1.234616	1.522893
1434	-1652.079	-1823.502	171.4234	0.3387284	0.9536368	1.515694
1440	-1649.955	-1821.753	171.7982	0.08143505	0.891918	1.473796
1446	-1651.806	-1823.182	171.3753	0.349538	0.8534245	1.616697
1452	-1640.216	-1811.903	171.6866	0.03404998	0.8871456	1.595239
1458	-1643	-1814.415	171.4154	0.2132531	0.9776872	1.596336
1464	-1644.087	-1815.307	171.2204	0.2249834	1.160902	1.596336
1470	-1648.967	-1820.166	171.1989	0.2100537	0.9260035	1.788978
1476	-1652.932	-1824.669	171.7375	0.07186312	0.8204591	1.579207
1482	-1656.072	-1827.556	171.4835	0.1845442	0.963621	1.577823
1488	-1655.06	-1826.196	171.1366	0.4771831	0.9550202	1.623535
1494	-1660.159	-1832.041	171.8821	0.0503869	1.041332	1.316022
1500	-1672.038	-1843.352	171.3139	0.1111012	0.7627988	1.890061
1506	-1661.124	-1832.288	171.1647	0.7184113	1.08668	1.319312
1512	-1647.945	-1819.534	171.5895	0.1504972	1.22982	1.319312
1518	-1650.229	-1821.63	171.4009	0.2514952	0.9664639	1.587195
1524	-1640.805	-1812.56	171.7545	0.05155515	0.9664639	1.473058
1530	-1653.086	-1824.217	171.1318	0.5070362	0.9664639	1.597069
1536	-1652.08	-1823.513	171.4324	0.08704294	1.133387	1.562286
1542	-1662.495	-1833.62	171.1248	0.5896039	1.016771	1.504159
1548	-1652.892	-1824.37	171.4786	0.1385484	1.056197	1.547166
1554	-1648.562	-1820.017	171.4547	0.1821463	1.025907	1.555031
1560	-1643.98	-1815.495	171.5149	0.1275511	1.386997	1.270711
1566	-1646.862	-1818.512	171.6495	0.06315817	0.9983848	1.519205
1572	-1652.019	-1823.494	171.4751	0.2307739	1.213286	1.35968
1578	-1640.591	-1812.01	171.4195	0.1949428	1.489265	1.208433
1584	-1636.789	-1808.239	171.4502	0.248232	1.254861	1.332556
1590	-1638.504	-1810.1	171.5966	0.01016384	1.254861	1.404782
1596	-1639.486	-1811.326	171.8401	0.005782219	1.159244	1.290625
1602	-1638.945	-1810.159	171.2141	0.4081408	1.301843	1.355782
1608	-1650.296	-1821.822	171.5261	0.1279217	1.121059	1.471086
1614	-1644.02	-1815.575	171.555	0.05981211	1.280838	1.378244
1620	-1635.162	-1806.776	171.6146	0.2498328	1.231001	1.21548
1626	-1639.204	-1810.845	171.6409	0.05375494	1.516236	1.114358
1632	-1645.763	-1817.258	171.4953	0.09144034	1.560525	1.170915
1638	-1643.315	-1814.799	171.4836	0.006190301	1.44443	1.347787
1644	-1639.442	-1811.095	171.6532	0.02384637	0.928564	1.596825
1650	-1638.14	-1809.5	171.3602	0.1597251	1.392216	1.365265
1656	-1643.97	-1815.188	171.2174	0.1820313	1.007949	1.738423
1662	-1638.449	-1809.898	171.4492	0.2553225	1.044666	1.490671
1668	-1641.116	-1812.637	171.5216	0.01613297	0.981466	1.659223
1674	-1643.25	-1814.506	171.2559	0.3740654	1.011835	1.570413
1680	-1635.953	-1807.257	171.3041	0.2557159	0.9731267	1.649359
1686	-1632.015	-1803.368	171.3533	0.4174356	1.062677	1.426546
1692	-1641.343	-1812.975	171.6317	0.02013581	1.040002	1.533513
1698	-1644.356	-1815.794	171.4377	0.06416699	1.212164	1.516971
1704	-1641.665	-1813.184	171.519	0.2018717	1.346907	1.238831
1710	-1644.369	-1815.895	171.5256	0.3703293	1.171889	1.238831
1716	-1643.997	-1815.582	171.5853	0.07374628	1.075626	1.501563
1722	-1648.834	-1820.268	171.4336	0.1122572	0.9241083	1.694272
1728	-1636.481	-1807.786	171.3044	0.2120871	1.037067	1.634556
1734	-1651.441	-1823.118	171.677	0.2450194	1.037067	1.327861
1740	-1647.209	-1818.631	171.4222	0.05693704	1.027354	1.668308
1746	-1645.077	-1816.692	171.6141	0.04822475	0.8441111	1.668308
1752	-1651.579	-1823.092	171.5132	0.04305643	1.060307	1.588844
1758	-1652.79	-1824.218	171.4285	0.2043413	0.9594048	1.606576
1764	-1649.196	-1820.062	170.8659	0.6659331	1.497561	1.270714
1770	-1648.833	-1820.054	171.2211	0.5626349	1.222282	1.289906
1776	-1649.058	-1820.487	171.4291	0.3492554	1.274789	1.251108
1782	-1645.137	-1816.508	171.371	0.1456813	1.205188	1.511151
1788	-1647.35	-1818.886	171.5367	0.1150501	1.274258	1.354272
1794	-1640.603	-1812.209	171.6057	0.12778	1.11933	1.4116
1800	-1658.992	-1829.757	170.7656	0.5735127	0.6725922	2.008456
1806	-1655.558	-1827.119	171.5613	0.0136114	0.8098039	1.754353
1812	-1644.023	-1815.345	171.3223	0.1171545	0.8603936	1.81331
1818	-1632.633	-1803.977	171.3434	0.2557783	0.9866151	1.611264
1824	-1639.799	-1811.348	171.549	0.03469098	1.196341	1.467368
1830	-1640.846	-1812.318	171.4722	0.01436826	1.104713	1.607297
1836	-1657.975	-1829.137	171.1627	0.5329728	1.190798	1.385434
1842	-1640.848	-1812.409	171.5611	0.1981709	0.9488009	1.521433
1848	-1638.67	-1810.203	171.5323	0.01676653	0.9488009	1.674475
1854	-1641.031	-1812.439	171.4079	0.2386942	0.9709514	1.588181
1860	-1663.633	-1835.212	171.5788	0.01225186	0.9408804	1.650054
1866	-1649.852	-1821.288	171.4361	0.2070371	1.00386	1.566578
1872	-1643.94	-1815.134	171.1948	0.2400938	1.023558	1.702474
1878	-1655.7	-1826.468	170.768	0.6840101	0.9493248	1.74266
1884	-1658.546	-1829.923	171.3771	0.04032995	0.8816902	1.813789
1890	-1660.083	-1831.259	171.1759	0.04845717	0.8396938	1.973497
1896	-1651.963	-1823.583	171.6192	0.07575363	0.8411788	1.647108
1902	-1642.301	-1813.783	171.4818	0.1527126	0.9105524	1.640634
1908	-1638.406	-1809.744	171.3379	0.3158672	0.9105524	1.626796
1914	-1641.438	-1813.078	171.6402	0.07679725	1.018981	1.500545
1920	-1639.994	-1811.309	171.3149	0.2289856	1.018981	1.627803
1926	-1650.919	-1822.395	171.476	0.09186451	1.191934	1.482688
1932	-1644.502	-1816.084	171.5828	0.0826532	1.120442	1.462888
1938	-1658.487	-1829.489	171.0022	0.4286062	0.8350797	1.836667
1944	-1650.713	-1822.367	171.654	0.1462224	0.795573	1.604006
1950	-1644.143	-1815.407	171.2639	0.3336578	1.005484	1.598692
1956	-1641.085	-1812.083	170.9982	0.425855	0.858214	1.825437
1962	-1646.204	-1817.2	170.9957	0.5558124	1.216443	1.47653
1968	-1638.599	-1810.333	171.7341	0.06219496	0.8450774	1.570693
1974	-1639.921	-1811.632	171.7111	0.06881711	1.021317	1.451261
1980	-1642.894	-1814.043	171.1485	0.5559901	1.142959	1.415754
1986	-1650.588	-1821.799	171.2113	0.05925955	0.9178907	1.889603
1992	-1650.823	-1821.918	171.0942	0.2530086	0.8412219	1.889603
1998	-1645.205	-1816.582	171.3769	0.3667416	1.138905	1.388476
2004	-1645.98	-1817.255	171.275	0.1502878	1.02598	1.707501
2010	-1643.782	-1815.426	171.6437	0.2046444	0.894377	1.495514
2016	-1649.598	-1821.176	171.5777	0.06948345	0.9644359	1.592504
2022	-1647.053	-1818.682	171.6296	0.06643056	1.012365	1.521214
2028	-1643.479	-1814.957	171.4779	0.2096322	1.006987	1.531525
2034	-1640.438	-1812.116	171.678	0.1642163	0.9112915	1.487435
2040	-1655.564	-1826.832	171.2688	0.1476103	1.121274	1.645938
2046	-1653.255	-1824.656	171.4006	0.1355179	0.9188277	1.704927
2052	-1649.912	-1821.464	171.552	0.07447565	0.8756621	1.671414
2058	-1652.732	-1824.39	171.6584	0.2186882	0.8756621	1.488006
2064	-1659.484	-1830.951	171.4669	0.0241334	1.053181	1.641261
2070	-1652.189	-1823.824	171.6352	0.1048039	0.9556375	1.530657
2076	-1659.251	-1830.827	171.5766	0.2326855	1.050091	1.406513
2082	-1658.423	-1829.439	171.0162	0.5857954	1.392436	1.299358
2088	-1652.349	-1823.613	171.2641	0.5857954	1.128301	1.31252
2094	-1643.179	-1814.285	171.1062	0.5857954	1.111073	1.449793
2100	-1646.792	-1818.003	171.2113	0.1862356	1.364565	1.480939
2106	-1645.861	-1817.504	171.6432	0.1212606	1.230618	1.29881
2112	-1654.94	-1826.415	171.4747	0.1348489	1.239434	1.414577
2118	-1649.913	-1821.543	171.6302	0.2943681	0.9556632	1.390273
2124	-1636.936	-1808.256	171.32	0.03386415	1.033527	1.75246
2130	-1639.564	-1811.115	171.5514	0.038349	1.033527	1.583948
2136	-1651.894	-1823.272	171.3783	0.2851065	0.9598695	1.583948
2142	-1651.241	-1822.653	171.4119	0.2634398	1.152808	1.430639
2148	-1651.09	-1822.513	171.4234	0.332158	1.092075	1.415641
2154	-1643.466	-1815.14	171.674	0.2290165	1.110006	1.284226
2160	-1654.746	-1826.021	171.2749	0.5049635	1.342288	1.192692
2166	-1651.193	-1822.936	171.7435	0.01341247	1.030767	1.461569
2172	-1657.665	-1829.387	171.7219	0.1067222	1.126522	1.331046
2178	-1650.646	-1822.199	171.5528	0.02888483	1.37349	1.331046
2184	-1649.362	-1821.255	171.8935	0.04365863	0.9905807	1.352901
2190	-1637.704	-1809.229	171.5249	0.1443962	0.9209796	1.607969
2196	-1651.477	-1822.802	171.3249	0.208047	1.063501	1.603495
2202	-1652.222	-1823.571	171.3491	0.4056877	0.9402352	1.531102
2208	-1651.26	-1822.718	171.4575	0.06386711	0.9363092	1.703014
2214	-1650.762	-1821.702	170.9408	0.645755	1.003427	1.608245
2220	-1654.717	-1826.258	171.5407	0.04946555	0.9813363	1.621604
2226	-1647.018	-1818.463	171.4448	0.02767915	1.506462	1.311897
2232	-1649.276	-1821.037	171.7617	0.05321636	1.37038	1.137338
2238	-1646.184	-1817.963	171.7783	0.07021196	0.8271611	1.54546
2244	-1655.645	-1827	171.3548	0.2323451	0.7386825	1.795292
2250	-1649.137	-1820.279	171.141	0.2655841	0.9799845	1.753016
2256	-1653.524	-1824.941	171.4172	0.2655841	1.049985	1.502999
2262	-1654.318	-1825.564	171.2458	0.04901288	1.06642	1.770719
2268	-1657.324	-1828.689	171.365	0.03572476	0.9604909	1.770719
2274	-1648.947	-1820.215	171.2682	0.2116673	0.9604909	1.715217
2280	-1642.622	-1814.165	171.543	0.105116	0.939883	1.609624
2286	-1639.318	-1810.711	171.3932	0.1916711	0.9260212	1.665119
2292	-1643.592	-1815.176	171.5843	0.1916711	0.7840789	1.629833
2298	-1634.652	-1806.176	171.5236	0.06638108	1.246969	1.423885
2304	-1653.035	-1824.17	171.1354	0.4705794	1.273697	1.39071
2310	-1642.009	-1813.22	171.2106	0.2542604	1.273697	1.498637
2316	-1643.95	-1815.508	171.5579	0.1615968	1.073623	1.457378
2322	-1642.755	-1814.281	171.5267	0.2683256	0.9981641	1.457378
2328	-1639.287	-1810.621	171.3338	0.257835	1.070542	1.555414
2334	-1657.801	-1828.922	171.1215	0.5207574	1.234389	1.393061
2340	-1645.65	-1817.031	171.3814	0.3702415	1.142945	1.379069
2346	-1634.328	-1805.532	171.2038	0.5870414	1.136078	1.353551
2352	-1634.047	-1805.486	171.4385	0.01807134	1.007569	1.698388
2358	-1632.927	-1804.513	171.5859	0.0139993	0.8729377	1.692245
2364	-1642.749	-1814.243	171.4949	0.01782065	0.9716576	1.684082
2370	-1637.828	-1809.096	171.2688	0.08947854	1.126095	1.684082
2376	-1647.69	-1819.032	171.3414	0.2237328	1.277279	1.419623
2382	-1647.75	-1819.333	171.5827	0.03953975	1.195169	1.43885
2388	-1651.717	-1823.164	171.4469	0.02532635	1.195169	1.551599
2394	-1658.548	-1829.834	171.2862	0.545726	1.195169	1.272682
2400	-1647.922	-1819.208	171.2863	0.2263925	1.393364	1.370023
2406	-1635.601	-1807.189	171.5881	0.1528817	1.137718	1.391473
2412	-1647.034	-1818.734	171.6994	0.1722758	0.8728368	1.494146
2418	-1645.789	-1817.261	171.472	0.2729237	1.044748	1.460066
2424	-1649.05	-1820.676	171.6268	0.215081	0.9739218	1.440119
2430	-1642.936	-1814.337	171.4008	0.1178921	0.9658515	1.683957
2436	-1642.188	-1813.332	171.1437	0.2979551	0.9736159	1.732921
2442	-1649.799	-1820.987	171.1879	0.1570711	1.044552	1.750994
2448	-1653.074	-1824.576	171.5023	0.2627408	1.056538	1.43566
2454	-1653.634	-1824.947	171.3136	0.2139558	1.032588	1.629794
2460	-1666.447	-1837.969	171.5225	0.04340461	1.045819	1.5924
2466	-1656.081	-1827.335	171.2538	0.09164411	1.108074	1.705911
2472	-1649.52	-1820.688	171.1678	0.1875381	1.253136	1.594734
2478	-1657.992	-1829.133	171.1408	0.640401	1.023493	1.448591
2484	-1645.348	-1816.862	171.5138	0.03001077	1.287648	1.428048
2490	-1648.284	-1819.776	171.4924	0.08356895	1.542344	1.195955
2496	-1641.318	-1812.948	171.6296	0.2512871	1.238036	1.195454
2502	-1644.865	-1815.903	171.0374	0.3749115	1.193955	1.596348
2508	-1646.703	-1818.016	171.3124	0.3020281	1.049417	1.554169
2514	-1642.899	-1814.338	171.4387	0.2482264	1.137437	1.433503
2520	-1657.04	-1828.237	171.1973	0.4888558	1.032582	1.51348
2526	-1644.739	-1816.184	171.4444	0.2076012	1.229955	1.388926
2532	-1650.723	-1822.011	171.2881	0.1554093	1.158159	1.599717
2538	-1641.59	-1813.166	171.5762	0.0144806	1.237746	1.430433
2544	-1637.163	-1808.641	171.4788	0.4700718	0.9980813	1.337621
2550	-1641.328	-1812.572	171.2438	0.2846419	0.9760435	1.669732
2556	-1650.648	-1822.437	171.7894	0.0319972	1.233141	1.249891
2562	-1641.163	-1812.684	171.521	0.06831457	1.233141	1.435025
2568	-1644.041	-1815.774	171.7334	0.01931012	1.19213	1.339303
2574	-1645.241	-1816.495	171.2544	0.224504	1.19213	1.548879
2580	-1634.257	-1805.696	171.4391	0.2068725	1.203531	1.414164
2586	-1640.977	-1811.962	170.9851	0.4299148	1.147728	1.627905
2592	-1643.914	-1815.423	171.5089	0.3592804	1.034171	1.372933
2598	-1649.616	-1820.983	171.3669	0.1271937	1.034171	1.65274
2604	-1651.285	-1822.568	171.2833	0.1614756	1.075726	1.658309
2610	-1656.112	-1827.605	171.4932	0.02130024	1.070874	1.611588
2616	-1655.338	-1826.786	171.4477	0.02036877	0.977629	1.711502
2622	-1643.748	-1815.183	171.4351	0.2068886	0.8982363	1.644134
2628	-1645.649	-1816.771	171.1223	0.5190727	0.8861125	1.653245
2634	-1644.176	-1815.079	170.9027	0.6451404	0.8915928	1.71587
2640	-1637.442	-1808.796	171.3534	0.07678063	0.8269745	1.842655
2646	-1646.766	-1818.019	171.253	0.4598244	0.8527784	1.62587
2652	-1651.407	-1822.331	170.9233	0.5440948	0.9973205	1.697995
2658	-1659.341	-1830.642	171.3005	0.3621951	1.036967	1.527688
2664	-1641.745	-1813.136	171.391	0.03968836	0.9732258	1.740872
2670	-1630.944	-1802.462	171.518	0.0664942	0.9369794	1.657558
2676	-1630.233	-1801.753	171.52	0.1900669	0.8237634	1.648744
2682	-1636.789	-1808.31	171.5206	0.08424082	0.9990438	1.598076
2688	-1649.876	-1820.988	171.1123	0.38875	1.398213	1.375342
2694	-1642.978	-1814.264	171.2858	0.1627855	0.9664751	1.733055
2700	-1650.558	-1821.927	171.369	0.4455427	0.9664751	1.466601
2706	-1639.54	-1810.936	171.396	0.3805353	1.143152	1.3593
2712	-1631.963	-1803.454	171.4912	0.07981738	0.9399119	1.665114
2718	-1641.193	-1812.684	171.4909	0.1547354	1.079784	1.508516
2724	-1651.714	-1823.038	171.324	0.07690205	1.079784	1.686704
2730	-1652.73	-1824.298	171.5682	0.1649714	1.265644	1.295771
2736	-1650.269	-1821.759	171.49	0.316123	1.380276	1.136369
2742	-1646.51	-1817.837	171.3266	0.1420905	1.191828	1.556625
2748	-1653.639	-1825.148	171.5098	0.3443759	1.074161	1.352412
2754	-1640.219	-1811.565	171.3466	0.1920004	1.113611	1.562794
2760	-1650.397	-1821.897	171.5	0.1843166	1.118797	1.449828
2766	-1647.634	-1819.171	171.5371	0.2610027	0.987402	1.463198
2772	-1667.659	-1839.23	171.5712	0.1122405	1.248025	1.349909
2778	-1662.78	-1834.116	171.3366	0.2370929	1.243263	1.439216
2784	-1656.486	-1827.602	171.1159	0.5571809	0.9720385	1.567968
2790	-1657.262	-1828.894	171.6316	0.163181	1.042283	1.423747
2796	-1648.799	-1820.108	171.3095	0.170616	0.9317744	1.735258
2802	-1643.574	-1814.998	171.4245	0.07121248	1.192651	1.536081
2808	-1642.9	-1814.379	171.4788	0.2082186	1.442133	1.186623
2814	-1649.31	-1820.87	171.5599	0.1592307	1.138787	1.407673
2820	-1649.62	-1820.999	171.3786	0.2138768	1.042813	1.575159
2826	-1648.365	-1819.889	171.5236	0.0147219	1.042813	1.614636
2832	-1654.871	-1826.038	171.1672	0.245808	0.9570043	1.764595
2838	-1648.548	-1820.047	171.4989	0.2301066	0.7755017	1.669689
2844	-1653.798	-1824.783	170.9845	0.7477212	0.8694495	1.599736
2850	-1650.965	-1822.403	171.4382	0.2081119	1.284882	1.350122
2856	-1655.601	-1827.054	171.4527	0.340287	1.165108	1.328665
2862	-1656.717	-1828.129	171.4116	0.461289	1.044242	1.361326
2868	-1639.638	-1811.241	171.6032	0.08262145	1.044242	1.504977
2874	-1641.749	-1813.319	171.5699	0.107607	1.029563	1.522156
2880	-1647.466	-1819.053	171.587	0.2173489	1.029563	1.426205
2886	-1649.653	-1820.974	171.3208	0.4316634	1.077176	1.429445
2892	-1638.94	-1810.347	171.4072	0.07958784	1.077176	1.627036
2898	-1634.887	-1806.33	171.4434	0.2286014	1.28341	1.330877
2904	-1638.367	-1809.388	171.0217	0.4925016	1.44119	1.330877
2910	-1638.095	-1809.51	171.415	0.2185809	1.141889	1.470786
2916	-1635.188	-1806.638	171.4501	0.2393915	1.238132	1.353004
2922	-1639.763	-1811.283	171.5195	0.1853321	1.031293	1.500497
2928	-1636.061	-1807.373	171.312	0.207351	1.236318	1.485782
2934	-1644.598	-1816.03	171.4317	0.06994766	1.236318	1.499069
2940	-1638.531	-1810.019	171.4879	0.1697311	1.236076	1.37972
2946	-1632.732	-1804.247	171.5153	0.2183159	1.086618	1.436665
2952	-1644.083	-1815.229	171.1454	0.2758645	1.305155	1.507727
2958	-1645.101	-1816.609	171.5074	0.0914328	1.491523	1.219806
2964	-1645.55	-1816.713	171.1623	0.417313	1.091035	1.549144
2970	-1660.315	-1831.707	171.3912	0.1164873	1.134029	1.570436
2976	-1652.092	-1823.475	171.3831	0.2359337	0.8496027	1.695267
2982	-1662.038	-1833.591	171.5529	0.155887	1.091556	1.451887
2988	-1656.375	-1827.866	171.4911	0.05472381	1.260337	1.4475
2994	-1653.736	-1825.18	171.4436	0.2359182	1.059896	1.497976
3000	-1646.896	-1818.398	171.5027	0.1426062	1.145478	1.459193
3006	-1641.384	-1813.033	171.6497	0.1030341	1.038071	1.459193
3012	-1644.147	-1815.56	171.4129	0.3856238	0.9922228	1.459193
3018	-1633.482	-1805.061	171.5785	0.2064956	1.165601	1.334713
3024	-1638.012	-1809.066	171.0534	0.3756961	1.224446	1.561791
3030	-1644.916	-1816.349	171.4327	0.3507458	1.164464	1.33687
3036	-1658.55	-1829.827	171.2769	0.2914781	1.275045	1.418852
3042	-1655.207	-1826.876	171.6691	0.1851557	1.056416	1.366429
3048	-1644.15	-1815.47	171.3205	0.4866184	1.007295	1.44113
3054	-1645.646	-1817.204	171.5573	0.0952317	0.9283202	1.614824
3060	-1661.667	-1832.782	171.1147	0.6184729	1.195056	1.352531
3066	-1655.274	-1826.877	171.603	0.154774	1.195056	1.332908
3072	-1656.776	-1828.47	171.694	0.09458913	1.195056	1.308124
3078	-1638.493	-1809.978	171.4846	0.03982276	1.085085	1.594018
3084	-1635.414	-1806.764	171.3506	0.2245437	1.076252	1.563337
3090	-1661.21	-1832.805	171.5959	0.1480122	1.343589	1.222222
3096	-1648.575	-1820.134	171.5591	0.08668391	1.086561	1.503304
3102	-1643.714	-1815.285	171.5702	0.2998728	1.124035	1.299604
3108	-1650.017	-1821.495	171.4789	0.08734172	0.8363993	1.741804
3114	-1644.981	-1816.505	171.5236	0.1090431	0.9539911	1.610618
3120	-1642.167	-1813.537	171.3704	0.3285637	1.014323	1.517556
3126	-1653.035	-1824.245	171.21	0.3285637	1.174675	1.517556
3132	-1657.363	-1828.556	171.1928	0.1736612	0.9198986	1.822625
3138	-1649.945	-1821.422	171.477	0.02587431	1.048881	1.635861
3144	-1649.912	-1821.199	171.2863	0.4807895	1.150974	1.360581
3150	-1654.801	-1826.229	171.4277	0.2599405	1.451156	1.17829
3156	-1653.02	-1824.224	171.2041	0.6108199	1.133601	1.33639
3162	-1638.933	-1810.414	171.4807	0.1430785	1.082409	1.522803
3168	-1651.017	-1822.706	171.6893	0.1019238	0.8758143	1.551838
3174	-1652.368	-1823.821	171.453	0.1828269	0.8382169	1.691404
3180	-1658.863	-1830.328	171.4655	0.1633896	0.9631226	1.606753
3186	-1654.767	-1826.436	171.6694	0.08151342	0.8770702	1.580561
3192	-1657.434	-1828.627	171.193	0.3393745	0.784033	1.801845
3198	-1643.357	-1814.716	171.3582	0.02784163	1.029574	1.732647
3204	-1649.365	-1820.469	171.1045	0.2392902	1.073201	1.731703
3210	-1643.192	-1814.539	171.3467	0.2051767	0.9476205	1.673271
3216	-1639.927	-1811.234	171.3068	0.2090805	1.09538	1.592707
3222	-1651.464	-1822.92	171.4557	0.3358267	1.123484	1.362955
3228	-1645.845	-1817.362	171.5168	0.04025548	1.35802	1.362955
3234	-1650.06	-1821.429	171.3692	0.3490564	1.261215	1.311515
3240	-1651.538	-1822.776	171.2383	0.5667781	1.156572	1.325831
3246	-1648.518	-1819.424	170.9062	0.6083816	1.29252	1.446718
3252	-1645.552	-1817.011	171.4599	0.1437119	1.366871	1.318711
3258	-1638.793	-1810.351	171.5579	0.1408438	1.288188	1.305447
3264	-1646.703	-1818.203	171.4997	0.181116	1.292429	1.316506
3270	-1638.7	-1809.995	171.295	0.3090741	1.210888	1.440774
3276	-1639.577	-1810.837	171.2601	0.4065165	1.298127	1.32336
3282	-1641.32	-1812.381	171.0609	0.7487211	1.298127	1.205028
3288	-1658.671	-1829.904	171.2322	0.6991811	1.188347	1.194752
3294	-1640.533	-1811.961	171.4284	0.2298646	1.211698	1.398272
3300	-1643.769	-1815.276	171.5074	0.0814939	1.28106	1.398272
3306	-1644.085	-1815.6	171.5147	0.1700369	1.118061	1.450009
3312	-1640.727	-1811.877	171.1496	0.4758542	1.038862	1.553854
3318	-1642.965	-1814.177	171.2116	0.1954431	1.257247	1.553854
3324	-1643.371	-1814.943	171.5721	0.06833795	1.004448	1.568142
3330	-1643.138	-1814.609	171.4711	0.09284228	1.134024	1.528959
3336	-1644.449	-1815.68	171.2307	0.3485726	1.095327	1.546249
3342	-1654.604	-1826.307	171.7029	0.03219833	1.029637	1.478899
3348	-1646.518	-1817.992	171.474	0.1352195	0.8854616	1.676745
3354	-1643.762	-1815.344	171.5822	0.1322136	1.070748	1.463466
3360	-1635.806	-1807.071	171.2652	0.2159741	1.01011	1.679119
3366	-1637.453	-1808.616	171.1624	0.5935556	1.085437	1.420395
3372	-1648.988	-1820.7	171.7117	0.1200307	1.115871	1.337093
3378	-1644.754	-1816.139	171.3852	0.371708	0.8844887	1.570712
3384	-1642.746	-1814.297	171.5508	0.09659829	1.004666	1.56285
3390	-1652.339	-1823.849	171.5099	0.1691942	0.9730272	1.56285
3396	-1649.452	-1821.076	171.6246	0.1167079	0.888526	1.579155
3402	-1642.63	-1814.323	171.6931	0.06760165	0.9876551	1.491265
3408	-1644.073	-1815.464	171.3911	0.05843808	1.082815	1.64978
3414	-1650.212	-1821.432	171.2201	0.51944	1.082815	1.435062
3420	-1646.095	-1817.419	171.3239	0.2826382	1.121585	1.506457
3426	-1658.975	-1830.243	171.2681	0.3367306	1.020646	1.582347
3432	-1649.756	-1821.057	171.3004	0.2780072	1.501334	1.228816
3438	-1637.311	-1808.537	171.2259	0.2091677	0.9821696	1.731506
3444	-1637.843	-1809.372	171.5291	0.0395864	0.9508781	1.658945
3450	-1645.728	-1817.256	171.5279	0.06356471	1.146177	1.499362
3456	-1649.946	-1821.721	171.7753	0.03001703	1.353493	1.160781
3462	-1642.168	-1813.747	171.5789	0.341659	0.8853978	1.447652
3468	-1650.183	-1821.755	171.5723	0.04437696	1.122193	1.498434
3474	-1645.279	-1816.493	171.2139	0.4877663	0.9669575	1.550687
3480	-1643.004	-1814.449	171.4444	0.1801426	1.085937	1.519608
3486	-1635.484	-1806.884	171.4003	0.1801426	1.019355	1.601072
3492	-1635.48	-1806.694	171.2141	0.306347	1.079412	1.601072
3498	-1643.978	-1815.336	171.3587	0.129771	1.452515	1.342368
3504	-1641.916	-1813.323	171.4074	0.2218854	0.9887795	1.5878
3510	-1637.965	-1809.332	171.3669	0.118402	1.054086	1.644717
3516	-1645.242	-1816.52	171.2785	0.2589974	0.9479428	1.683314
3522	-1646.135	-1817.48	171.3454	0.12258	1.017424	1.683314
3528	-1644.643	-1816.11	171.4676	0.09908553	1.04819	1.590075
3534	-1641.741	-1812.966	171.2248	0.4214191	0.9641214	1.593424
3540	-1643.663	-1815.039	171.3761	0.2997031	1.115799	1.458575
3546	-1655.731	-1826.788	171.0572	0.4809241	1.27615	1.441234
3552	-1652.994	-1824.181	171.1868	0.4750744	1.102264	1.479377
3558	-1650.759	-1822.136	171.3778	0.3020572	1.23085	1.366379
3564	-1646.502	-1817.877	171.3752	0.07578152	1.332023	1.465086
3570	-1650.115	-1821.1	170.9851	0.4835237	0.8649505	1.789922
3576	-1650.116	-1821.28	171.1637	0.4102532	0.794667	1.765572
3582	-1654.801	-1826.237	171.4356	0.1379155	0.9791975	1.635153
3588	-1647.746	-1819.007	171.2605	0.2365532	1.266798	1.479587
3594	-1645.838	-1817.351	171.5131	0.1638027	1.113762	1.459273
3600	-1649.305	-1820.953	171.6483	0.1588768	1.263487	1.236426
3606	-1650.19	-1821.909	171.7192	0.04594604	1.223514	1.304078
3612	-1636.173	-1807.485	171.3121	0.4241728	1.138111	1.39483
3618	-1638.92	-1810.428	171.5082	0.36679	1.0644	1.343653
3624	-1640.748	-1812.068	171.3196	0.1295003	1.049832	1.673725
3630	-1643.466	-1814.913	171.4476	0.309584	1.101741	1.406832
3636	-1652.551	-1823.98	171.4291	0.545552	1.194792	1.151443
3642	-1655.7	-1826.999	171.2993	0.545552	1.284236	1.186671
3648	-1651.227	-1822.707	171.4805	0.3640433	1.199316	1.258781
3654	-1643.192	-1814.468	171.2767	0.3449499	1.375403	1.297248
3660	-1649.226	-1821.018	171.7926	0.05372852	1.150741	1.297248
3666	-1658.03	-1829.348	171.3186	0.3061345	1.090335	1.516238
3672	-1651.216	-1822.66	171.4444	0.2569053	0.7692161	1.693875
3678	-1648.077	-1819.631	171.5536	0.03486337	0.882086	1.693875
3684	-1648.163	-1819.719	171.556	0.1103502	0.9682952	1.575679
3690	-1648.591	-1819.875	171.2841	0.3282047	1.274853	1.384863
3696	-1644.591	-1816.131	171.5401	0.1361289	1.230212	1.36975
3702	-1637.158	-1808.678	171.5201	0.150708	1.154881	1.432538
3708	-1658.164	-1829.888	171.7242	0.05073371	1.234206	1.287381
3714	-1645.085	-1816.673	171.5877	0.04559725	1.203137	1.424219
3720	-1639.701	-1811.334	171.6328	0.09087367	0.8536388	1.617399
3726	-1645.847	-1816.793	170.9463	0.4495529	0.8536388	1.847906
3732	-1640.192	-1811.383	171.1919	0.2224106	0.9657283	1.757588
3738	-1641.18	-1812.519	171.339	0.3519476	1.021788	1.517951
3744	-1642.777	-1814.137	171.3596	0.365137	1.224664	1.335634
3750	-1631.975	-1803.506	171.5313	0.209386	1.294322	1.266145
3756	-1636.863	-1808.317	171.4545	0.1281671	1.348625	1.350049
3762	-1644.835	-1816.165	171.3293	0.2467815	1.390132	1.32218
3768	-1642.59	-1813.927	171.3377	0.3574508	1.23986	1.347103
3774	-1646.873	-1817.892	171.0193	0.4659136	1.032307	1.66043
3780	-1660.301	-1831.305	171.0041	0.6642924	0.9988653	1.551686
3786	-1646.337	-1817.896	171.5583	0.1896652	1.031072	1.468073
3792	-1652.573	-1824.194	171.6208	0.02184931	1.223255	1.401417
3798	-1657.35	-1828.851	171.5005	0.05568554	1.377704	1.348003
3804	-1646.393	-1817.956	171.5637	0.231042	1.283657	1.22992
3810	-1652.301	-1823.462	171.161	0.2370975	0.9910969	1.75118
3816	-1647.729	-1818.708	170.9789	0.6257119	0.9833938	1.60965
3822	-1651.27	-1822.704	171.4338	0.5077495	0.9268149	1.399501
3828	-1658.985	-1830.137	171.1521	0.152309	1.030328	1.789137
3834	-1639.381	-1810.85	171.4687	0.3022818	1.227816	1.295805
3840	-1637.091	-1808.328	171.2372	0.1586732	0.8758859	1.832665
3846	-1645.345	-1816.467	171.1218	0.2375843	0.8775717	1.856483
3852	-1638.476	-1809.841	171.3657	0.1597912	1.189923	1.515941
3858	-1643.333	-1814.796	171.4631	0.06325583	1.097645	1.583464
3864	-1644.815	-1816.314	171.4994	0.09746267	1.194436	1.45879
3870	-1651.479	-1823.02	171.5408	0.09351314	1.209824	1.418271
3876	-1649.096	-1820.684	171.5881	0.006874772	1.36725	1.325417
3882	-1669.908	-1841.698	171.7896	0.002834124	1.199149	1.301667
3888	-1674.105	-1845.641	171.5364	0.02026653	1.199149	1.48569
3894	-1662.019	-1833.661	171.6419	0.03055917	1.053528	1.508067
3900	-1651.019	-1822.191	171.1718	0.3576567	0.9321244	1.70023
3906	-1657.077	-1828.594	171.5161	0.09725399	1.376038	1.303428
3912	-1662.821	-1834.304	171.4835	0.1939508	0.7912619	1.695152
3918	-1649.447	-1820.953	171.5057	0.134712	1.039735	1.542168
3924	-1658.969	-1830.247	171.2787	0.5310121	0.8899146	1.527697
3930	-1644.716	-1816.122	171.4062	0.5310121	1.029973	1.321378
3936	-1646.167	-1817.598	171.4309	0.1488368	1.377648	1.329272
3942	-1643.11	-1814.383	171.2729	0.433021	1.201765	1.368735
3948	-1647.961	-1819.338	171.377	0.342746	1.102569	1.435084
3954	-1643.194	-1814.632	171.4378	0.2773364	1.573256	1.042066
3960	-1636.884	-1808.466	171.5819	0.04263394	1.573256	1.126187
3966	-1634.208	-1805.631	171.4239	0.32205	1.214858	1.326551
3972	-1640.666	-1812.355	171.6886	0.08682096	1.185364	1.326551
3978	-1645.271	-1816.755	171.4838	0.05948343	1.276261	1.437244
3984	-1650.038	-1821.383	171.3444	0.3728589	1.300123	1.280622
3990	-1651.185	-1822.761	171.5767	0.3728589	1.199346	1.169491
3996	-1642.551	-1813.929	171.3782	0.3163305	1.403987	1.212864
4002	-1652.492	-1824.038	171.546	0.08810359	1.24753	1.389163
4008	-1657.126	-1828.506	171.3798	0.5405567	1.051019	1.318
4014	-1646.386	-1817.791	171.4058	0.3294887	1.236075	1.318
4020	-1647.139	-1818.216	171.0768	0.1907606	0.8442077	1.941465
4026	-1646.56	-1817.659	171.099	0.3579562	0.8442077	1.812359
4032	-1649.112	-1820.553	171.4408	0.3670442	0.9284787	1.500346
4038	-1642.037	-1813.692	171.6554	0.05534854	0.9284787	1.572322
4044	-1648.787	-1820.36	171.5738	0.0174473	1.074679	1.552693
4050	-1641.759	-1813.536	171.7766	0.005649635	1.044601	1.431586
4056	-1649.894	-1821.471	171.5766	0.0148763	1.245437	1.423861
4062	-1645.24	-1816.257	171.0177	0.4692369	1.543839	1.269607
4068	-1642.161	-1813.545	171.3839	0.4692369	1.177619	1.269607
4074	-1649.596	-1821.148	171.5518	0.03995375	1.434461	1.273388
4080	-1655.522	-1826.701	171.1782	0.2432743	1.427023	1.414905
4086	-1654.381	-1825.629	171.2487	0.2432743	1.752024	1.083926
4092	-1643.581	-1814.942	171.3611	0.196951	1.39219	1.335008
4098	-1652.18	-1823.341	171.1613	0.5400883	1.206011	1.368998
4104	-1647.184	-1818.803	171.6198	0.1729132	1.29726	1.220095
4110	-1650.762	-1822.338	171.5761	0.05393366	1.251688	1.389122
4116	-1657.285	-1828.854	171.5696	0.152379	1.350268	1.23509
4122	-1655.598	-1827.228	171.6304	0.02863864	1.350268	1.287196
4128	-1651.877	-1823.267	171.3897	0.1707901	1.260208	1.436372
4134	-1637.366	-1808.809	171.4431	0.1831584	0.9781569	1.597696
4140	-1642.966	-1814.372	171.4057	0.2564817	1.068815	1.504305
4146	-1643.673	-1815.251	171.5782	0.09767757	1.068815	1.494063
4152	-1645.395	-1816.953	171.5581	0.114415	1.072149	1.494063
4158	-1640.337	-1811.865	171.5284	0.267065	1.006752	1.450513
4164	-1641.801	-1813.284	171.483	0.2183694	1.194511	1.378047
4170	-1650.889	-1822.356	171.4663	0.255674	0.9839693	1.523011
4176	-1652.865	-1824.354	171.4893	0.1582878	0.8808669	1.652575
4182	-1642.013	-1813.119	171.1066	0.3003783	1.085816	1.678069
4188	-1641.569	-1812.841	171.2724	0.3003783	1.497686	1.236605
4194	-1644.339	-1815.389	171.0503	0.4858732	1.187106	1.510058
4200	-1651.195	-1822.571	171.3754	0.2221463	1.464437	1.243676
4206	-1638.058	-1809.492	171.4339	0.01453923	1.145923	1.605029
4212	-1641.068	-1812.484	171.4152	0.1600003	0.9209126	1.675696
4218	-1644.566	-1815.663	171.0978	0.2366899	0.9103404	1.851141
4224	-1650.146	-1821.45	171.3038	0.4462552	0.9373054	1.536846
4230	-1647.154	-1818.558	171.4033	0.1756122	0.8975516	1.689673
4236	-1642.821	-1814.24	171.4195	0.2098657	0.9347241	1.626968
4242	-1645.607	-1816.9	171.293	0.3302095	1.297284	1.358646
4248	-1635.199	-1806.669	171.47	0.1659757	1.00058	1.574219
4254	-1642.358	-1813.739	171.3807	0.325351	0.9664627	1.547827
4260	-1649.113	-1820.272	171.1595	0.2938115	1.009649	1.699289
4266	-1643.23	-1814.523	171.2923	0.05828297	0.8579068	1.875931
4272	-1641.995	-1813.328	171.3331	0.02822941	0.8707503	1.859823
4278	-1632.438	-1804.019	171.5808	0.03171514	0.9752115	1.609829
4284	-1641.453	-1812.951	171.4978	0.03113117	1.058859	1.609829
4290	-1653.405	-1824.824	171.4183	0.2147175	0.9156334	1.638095
4296	-1639.241	-1810.711	171.4705	0.2430368	1.03786	1.488971
4302	-1648.847	-1820.053	171.2063	0.3374815	1.03786	1.614282
4308	-1647.311	-1818.471	171.1603	0.4362771	0.9488524	1.640372
4314	-1646.704	-1817.863	171.1591	0.5062796	0.8685637	1.648634
4320	-1643.819	-1815.025	171.2061	0.4439631	1.181229	1.428188
4326	-1641.878	-1813.537	171.6595	0.08620725	1.008169	1.487122
4332	-1642.392	-1813.754	171.3614	0.181285	1.008169	1.636522
4338	-1644.124	-1815.426	171.3019	0.1996055	1.203391	1.523773
4344	-1645.374	-1816.499	171.1255	0.5883671	1.376531	1.219785
4350	-1633.575	-1804.887	171.3116	0.4063533	1.438684	1.162693
4356	-1651.208	-1822.31	171.1019	0.8906706	1.340662	0.9980938
4362	-1658.051	-1829.341	171.29	0.2951956	0.9871176	1.621015
4368	-1646.212	-1817.615	171.4036	0.3106918	1.069486	1.464483
4374	-1635.97	-1807.771	171.8007	0.04162109	1.072517	1.363113
4380	-1641.295	-1812.632	171.3366	0.3425425	1.336437	1.282102
4386	-1640.235	-1811.724	171.4889	0.1901404	1.148621	1.430975
4392	-1644.544	-1815.927	171.3832	0.3748713	0.9959691	1.487005
4398	-1649.188	-1820.695	171.5065	0.1923477	1.07671	1.470742
4404	-1644.632	-1815.908	171.2756	0.5376888	0.9623021	1.470742
4410	-1648.296	-1819.783	171.487	0.245155	1.043391	1.470742
4416	-1646.009	-1817.428	171.4189	0.0820543	0.9817599	1.685237
4422	-1654.834	-1826.096	171.2616	0.3268234	1.239621	1.430711
4428	-1647.502	-1818.729	171.2272	0.5151787	1.148945	1.381567
4434	-1649.625	-1820.745	171.1193	0.5151787	1.173161	1.446338
4440	-1652.394	-1823.59	171.1957	0.6107429	1.377751	1.138335
4446	-1635.786	-1807.247	171.4606	0.1678482	1.190724	1.437494
4452	-1655.039	-1826.508	171.4693	0.1152017	1.266718	1.412796
4458	-1642.885	-1814.24	171.3543	0.3241912	1.337932	1.281446
4464	-1638.034	-1809.54	171.5059	0.2711957	1.222504	1.295193
4470	-1643.18	-1814.712	171.5317	0.0783404	1.141498	1.488901
4476	-1642.451	-1813.902	171.4506	0.02301472	1.158918	1.577221
4482	-1647.92	-1819.441	171.5208	0.02196597	1.163675	1.52263
4488	-1641.86	-1813.404	171.5436	0.03171387	0.9461922	1.657545
4494	-1639.947	-1811.509	171.5617	0.03936185	1.110176	1.5191
4500	-1644.359	-1815.799	171.44	0.4214706	1.147073	1.287828
4506	-1654.608	-1826.161	171.5528	0.2577728	1.147073	1.329015
4512	-1648.823	-1820.284	171.4609	0.3262223	1.263622	1.253032
4518	-1648.631	-1820.099	171.4674	0.2555553	1.304766	1.272165
4524	-1664.176	-1835.414	171.2385	0.3336555	1.39581	1.320803
4530	-1659.453	-1830.033	170.58	1.095114	1.602865	1.052019
4536	-1657.107	-1827.852	170.7453	1.095114	1.615094	0.865829
4542	-1647.492	-1818.726	171.2345	0.3416169	1.538829	1.198857
4548	-1643.383	-1814.822	171.44	0.0899487	1.413839	1.34016
4554	-1644.692	-1816.304	171.6114	0.2418307	1.301541	1.164292
4560	-1649.174	-1820.558	171.3838	0.273462	1.205513	1.403906
4566	-1665.854	-1837.006	171.1517	0.3290643	1.034733	1.661828
4572	-1654.08	-1825.606	171.5267	0.1768814	1.281747	1.306763
4578	-1655.635	-1827.188	171.5531	0.260894	0.9229838	1.499813
4584	-1652.606	-1823.923	171.317	0.1084716	0.8447069	1.833749
4590	-1640.803	-1812.052	171.2498	0.1364625	1.033665	1.72962
4596	-1646.608	-1818.151	171.5423	0.1474715	1.013298	1.525164
4602	-1655.749	-1827.292	171.5431	0.1034968	1.043585	1.534738
4608	-1652.714	-1823.981	171.2674	0.2765066	1.204208	1.491434
4614	-1656.066	-1827.432	171.366	0.2627564	1.142053	1.474363
4620	-1643.016	-1814.434	171.4184	0.1304708	1.292963	1.42011
4626	-1644.44	-1815.979	171.5391	0.1852481	1.116362	1.42093
4632	-1646.188	-1817.778	171.5904	0.04121632	1.023922	1.560284
4638	-1643.65	-1815.268	171.6178	0.01656233	0.9797629	1.590618
4644	-1645.712	-1817.117	171.4041	0.3720828	0.6789461	1.704783
4650	-1661.886	-1833.283	171.3973	0.03704907	0.993166	1.72431
4656	-1645.337	-1816.815	171.4781	0.2022828	0.993166	1.547009
4662	-1648.895	-1820.45	171.5552	0.2803019	0.8835266	1.513279
4668	-1653.713	-1824.744	171.0312	0.03867705	0.8869963	2.044867
4674	-1650.77	-1822.338	171.5677	0.05688136	0.8838476	1.666921
4680	-1650.854	-1822.435	171.5814	0.1571212	1.316329	1.249645
4686	-1652.219	-1823.791	171.572	0.04328721	1.439522	1.249645
4692	-1655.243	-1826.692	171.449	0.1241818	1.143	1.515404
4698	-1650.383	-1821.963	171.5799	0.07006637	1.124092	1.471905
4704	-1650.173	-1821.815	171.6415	0.07006637	1.140164	1.412409
4710	-1647.283	-1819.191	171.9074	0.003023879	0.9880855	1.375936
4716	-1648.988	-1820.311	171.3224	0.1602968	1.194349	1.54443
4722	-1646.345	-1818.086	171.7408	0.1384805	0.8975487	1.469751
4728	-1656.264	-1827.918	171.6548	0.01810601	1.142903	1.440091
4734	-1652.495	-1823.945	171.4503	0.2063955	1.091425	1.491479
4740	-1644.092	-1815.566	171.4735	0.2525291	1.091425	1.438853
4746	-1645.202	-1816.481	171.2786	0.3614046	1.130429	1.474654
4752	-1643.725	-1815.192	171.4668	0.0942159	1.036832	1.60252
4758	-1640.891	-1812.157	171.2657	0.218371	0.8438663	1.79384
4764	-1651.528	-1822.933	171.4044	0.22582	1.207648	1.423166
4770	-1654.783	-1826.465	171.6822	0.1158397	1.301628	1.211878
4776	-1655.508	-1826.854	171.3462	0.4326433	0.9989402	1.469077
4782	-1651.861	-1823.609	171.7482	0.06399322	0.9774618	1.460073
4788	-1639.112	-1810.703	171.5911	0.2337401	1.085634	1.366587
4794	-1642.564	-1813.978	171.4143	0.08036409	1.085634	1.615212
4800	-1655.33	-1826.722	171.3924	0.2179451	0.9700066	1.615212
4806	-1648.1	-1819.598	171.4984	0.0578902	1.074765	1.578297
4812	-1644.281	-1813.738	169.4572	2.088995	1.074765	1.585671
4818	-1649.354	-1820.128	170.7742	0.6742199	1.044568	1.677897
4824	-1640.774	-1812.153	171.3789	0.0246334	1.044568	1.709802
4830	-1633.641	-1805.208	171.567	0.1325932	1.00879	1.52119
4836	-1638.913	-1810.246	171.3328	0.288915	0.7711549	1.748612
4842	-1636.891	-1808.379	171.4878	0.2424811	1.034942	1.478558
4848	-1633.434	-1804.688	171.2541	0.360751	1.034942	1.564541
4854	-1647.795	-1818.952	171.1565	0.2541252	1.072025	1.685284
4860	-1646.222	-1817.831	171.609	0.01230148	1.114207	1.500959
4866	-1639.116	-1810.413	171.2968	0.1441052	1.10234	1.641978
4872	-1652.723	-1824.238	171.515	0.2743909	1.073435	1.403839
4878	-1651.949	-1823.062	171.1125	0.2999135	1.23789	1.564154
4884	-1644.938	-1816.305	171.3675	0.1877311	1.216732	1.473497
4890	-1648.171	-1819.584	171.4134	0.1267439	1.058638	1.601831
4896	-1649.215	-1820.675	171.4599	0.02455405	1.329072	1.441835
4902	-1658.068	-1829.063	170.9941	0.5192463	1.391537	1.370923
4908	-1637.88	-1809.424	171.5435	0.02852028	1.41348	1.306577
4914	-1635.473	-1806.701	171.2281	0.2268062	1.209183	1.553989
4920	-1641.092	-1812.345	171.2531	0.2804195	1.182204	1.515737
4926	-1634.199	-1805.729	171.5301	0.2029113	1.138886	1.396773
4932	-1639.739	-1811.122	171.3822	0.07123964	1.158628	1.592127
4938	-1643.115	-1814.598	171.4831	0.06858174	0.8991326	1.707862
4944	-1638.296	-1809.576	171.2796	0.3434286	0.9648926	1.609692
4950	-1635.206	-1806.801	171.5946	0.06726506	1.174911	1.423985
4956	-1636.311	-1807.684	171.3727	0.3196875	1.027309	1.51278
4962	-1650.906	-1822.414	171.5076	0.09458268	1.319267	1.357857
4968	-1646.292	-1817.528	171.236	0.1516264	1.319267	1.52229
4974	-1638.304	-1809.661	171.3569	0.1141466	1.014776	1.683037
4980	-1634.885	-1806.396	171.5113	0.1640952	1.053853	1.505599
4986	-1644.038	-1815.117	171.0786	0.4196132	1.105191	1.598438
4992	-1639.813	-1810.92	171.1069	0.6186668	1.015504	1.496772
4998	-1650.661	-1822.099	171.4376	0.5215694	0.9493116	1.368139
5004	-1644.624	-1816.063	171.4388	0.02420764	1.060273	1.656288
5010	-1643.001	-1814.664	171.6634	0.006296611	1.112429	1.465801
5016	-1653.351	-1825.232	171.8816	0.01337554	0.9406733	1.424847
5022	-1652.403	-1823.652	171.2487	0.2232905	1.157603	1.579387
5028	-1642.546	-1814.213	171.6676	0.1789336	1.24224	1.221141
5034	-1658.163	-1829.58	171.4171	0.07800034	1.05122	1.639745
5040	-1655.109	-1826.455	171.3463	0.2283528	0.8859734	1.700878
5046	-1651.209	-1822.484	171.275	0.1984961	0.9871968	1.700878
5052	-1650.23	-1822.055	171.8244	0.02593066	0.8783399	1.506034
5058	-1658.976	-1830.378	171.4016	0.2597532	1.061582	1.510336
5064	-1652.484	-1823.916	171.4315	0.2572074	1.076834	1.478296
5070	-1663.466	-1835.102	171.6359	0.2616847	0.8027287	1.527214
5076	-1663.969	-1835.357	171.3884	0.2828284	0.7431137	1.733548
5082	-1651.113	-1822.513	171.3999	0.203889	1.192801	1.454806
5088	-1651.327	-1822.817	171.4905	0.2863275	1.391745	1.152227
5094	-1659.694	-1830.945	171.2504	0.2694157	0.9080431	1.724036
5100	-1666.414	-1837.514	171.1003	0.3139397	0.9608055	1.761058
5106	-1656.05	-1827.47	171.4199	0.1534289	1.103261	1.544827
5112	-1651.777	-1823.377	171.5998	0.1680429	1.092571	1.40571
5118	-1642.606	-1813.898	171.2913	0.5563321	0.8820796	1.50525
5124	-1646.43	-1817.572	171.1421	0.1667166	0.9399917	1.848392
5130	-1652.019	-1823.334	171.3143	0.1154559	0.9399917	1.764772
5136	-1646.358	-1817.84	171.4825	0.0215531	1.197255	1.526449
5142	-1642.123	-1813.598	171.4753	0.01453888	1.186008	1.545372
5148	-1649.048	-1820.615	171.5673	0.08376555	0.9641971	1.589797
5154	-1647.738	-1819.036	171.2976	0.4021592	0.8937627	1.605658
5160	-1653.554	-1825.011	171.4572	0.2944272	1.039212	1.459183
5166	-1661.286	-1832.561	171.2747	0.09066074	1.104452	1.694387
5172	-1655.526	-1826.843	171.3169	0.1757629	1.0333	1.654344
5178	-1651.027	-1822.611	171.5841	0.04451701	1.055369	1.539325
5184	-1646.665	-1818.097	171.432	0.4203966	1.043301	1.378177
5190	-1650.74	-1822.105	171.3646	0.4373437	1.361397	1.156758
5196	-1646.815	-1818.614	171.7985	0.01843743	1.215331	1.26841
5202	-1648.217	-1819.747	171.5304	0.2531006	1.090607	1.395031
5208	-1642.863	-1814.316	171.4536	0.06760417	1.009695	1.650843
5214	-1645.39	-1816.813	171.4223	0.2984049	1.018886	1.497864
5220	-1649.396	-1820.758	171.3627	0.3821201	1.1868	1.349824
5226	-1653.656	-1825.272	171.6156	0.1342946	1.1868	1.3458
5232	-1649.981	-1821.504	171.5233	0.09141354	1.195491	1.444365
5238	-1643.238	-1814.715	171.4774	0.2939023	1.076817	1.41522
5244	-1645.808	-1817.298	171.4901	0.2031188	1.16012	1.411198
5250	-1644.044	-1815.49	171.4455	0.2710045	0.9423183	1.557876
5256	-1646.402	-1817.658	171.2562	0.2939989	0.914084	1.698326
5262	-1641.642	-1813.196	171.5539	0.0506228	1.099216	1.524656
5268	-1646.884	-1818.221	171.3368	0.4551889	0.8220199	1.590765
5274	-1640.208	-1811.784	171.5759	0.1359615	1.008109	1.512583
5280	-1652.068	-1823.395	171.3275	0.169206	1.223251	1.512583
5286	-1638.252	-1809.52	171.2676	0.3401142	1.204994	1.442456
5292	-1647.209	-1818.577	171.3683	0.270211	1.339061	1.312995
5298	-1634.079	-1805.618	171.5388	0.222206	1.112976	1.395168
5304	-1643.877	-1815.791	171.9143	0.01083598	0.9487973	1.395168
5310	-1640.546	-1812.274	171.7276	0.01980107	0.9518976	1.527956
5316	-1649.343	-1820.848	171.5054	0.1014269	1.024487	1.578085
5322	-1647.032	-1818.264	171.2323	0.2039257	1.197243	1.576534
5328	-1657.855	-1829.07	171.2154	0.5719384	1.070018	1.408054
5334	-1657.292	-1829.101	171.8098	0.03711074	0.9938176	1.42097
5340	-1654.105	-1825.628	171.5227	0.1462089	1.026347	1.530951
5346	-1645.246	-1816.969	171.7225	0.03872641	1.162073	1.35641
5352	-1642.852	-1814.413	171.5613	0.008333664	0.9057242	1.690456
5358	-1640.159	-1811.653	171.4946	0.05136812	1.088437	1.575855
5364	-1644.082	-1815.676	171.5946	0.09228263	1.214272	1.373868
5370	-1658.651	-1830.017	171.3663	0.05060377	1.073657	1.679669
5376	-1656.496	-1827.739	171.2435	0.2693149	1.116104	1.579842
5382	-1656.661	-1827.824	171.1628	0.5305192	1.112694	1.44758
5388	-1663.409	-1834.867	171.4574	0.3492484	1.082632	1.383209
5394	-1672.234	-1843.311	171.0762	0.3492484	1.043989	1.694698
5400	-1655.947	-1827.436	171.4895	0.2497822	1.10182	1.420642
5406	-1654.318	-1825.723	171.4046	0.4211896	1.209725	1.26568
5412	-1671.149	-1840.766	169.6172	2.133092	1.214836	1.323059
5418	-1658.821	-1830.506	171.6852	0.151727	0.9777369	1.441004
5424	-1646.653	-1818.338	171.6856	0.1436961	1.201418	1.269657
5430	-1651.935	-1823.663	171.7279	0.2018314	0.8848385	1.441004
5436	-1647.438	-1818.803	171.3659	0.3792656	1.000568	1.493249
5442	-1649.692	-1821.145	171.4528	0.03964442	1.495345	1.304734
5448	-1650.75	-1822.138	171.3872	0.2725784	1.320284	1.310987
5454	-1654.358	-1825.519	171.1609	0.365825	1.426561	1.332516
5460	-1650.345	-1821.742	171.3966	0.1672093	1.159041	1.510413
5466	-1644.481	-1816.245	171.7643	0.1071624	1.105218	1.313735
5472	-1656.269	-1827.49	171.2218	0.3621977	1.623974	1.116993
5478	-1657.552	-1829.119	171.5672	0.2052379	1.222056	1.299318
5484	-1660.925	-1832.379	171.4535	0.05117576	1.299455	1.448991
5490	-1647.735	-1819.227	171.4916	0.3199801	1.220854	1.268264
5496	-1640.507	-1812.016	171.5086	0.1740702	1.0955	1.468752
5502	-1651.694	-1823.089	171.3948	0.1063246	0.7082623	1.875322
5508	-1644.24	-1815.362	171.1217	0.1052929	0.9824468	1.875322
5514	-1654.902	-1826.289	171.387	0.1423596	0.8392155	1.765621
5520	-1661.952	-1833.183	171.2315	0.09283448	1.110251	1.719302
5526	-1671.232	-1842.634	171.4021	0.105073	1.176306	1.539657
5532	-1660.346	-1831.69	171.3441	0.4720399	1.241558	1.247282
5538	-1661.247	-1832.684	171.4375	0.2487588	0.9959215	1.540685
5544	-1661.552	-1832.915	171.3632	0.248493	0.9959215	1.595369
5550	-1645.501	-1816.881	171.38	0.154206	1.025639	1.630031
5556	-1650.093	-1821.248	171.155	0.1011748	1.035752	1.818772
5562	-1644.956	-1816.434	171.4784	0.1190474	1.007677	1.597188
5568	-1650.465	-1821.998	171.5325	0.1250249	1.333288	1.302279
5574	-1657.978	-1829.042	171.0647	0.4200696	1.333288	1.43835
5580	-1648.847	-1819.974	171.1272	0.6290922	0.932773	1.535577
5586	-1641.33	-1812.717	171.3876	0.2645677	1.036897	1.535577
5592	-1644.306	-1815.507	171.2015	0.4218836	1.042816	1.552492
5598	-1643.857	-1815.292	171.436	0.1951496	0.9232057	1.634005
5604	-1651.282	-1822.745	171.4623	0.1539083	0.7349383	1.777729
5610	-1651.86	-1823.184	171.3241	0.3327449	0.854857	1.664559
5616	-1653.951	-1825.574	171.6224	0.09669092	1.047152	1.477801
5622	-1649.677	-1821.099	171.4221	0.1620911	1.132839	1.514767
5628	-1643.876	-1815.54	171.6638	0.06435703	1.193271	1.357904
5634	-1640.165	-1811.694	171.5289	0.02615707	1.041562	1.603382
5640	-1653.824	-1825.21	171.3863	0.122933	1.067423	1.617833
5646	-1665.883	-1837.199	171.3153	0.2827259	1.179772	1.469022
5652	-1649.517	-1820.45	170.9323	0.3344778	1.120929	1.752212
5658	-1646.021	-1817.275	171.2534	0.3482941	1.02039	1.584811
5664	-1646.954	-1818.313	171.359	0.2006518	1.370648	1.35086
5670	-1648.304	-1819.609	171.3049	0.04185326	1.435402	1.465755
5676	-1645.575	-1816.908	171.333	0.3510035	0.8509705	1.647904
5682	-1647.027	-1818.295	171.2678	0.3133785	1.425101	1.289733
5688	-1649.441	-1821.096	171.6545	0.3077339	1.107885	1.236898
5694	-1642.269	-1813.899	171.63	0.08184928	1.127529	1.422005
5700	-1646.767	-1818.178	171.4112	0.2450072	1.16642	1.434826
5706	-1636.139	-1807.699	171.5601	0.1110461	1.16196	1.426839
5712	-1646.287	-1817.227	170.94	0.4758907	0.9799458	1.74655
5718	-1650.234	-1821.605	171.3716	0.07500437	1.01178	1.70248
5724	-1655.776	-1827.141	171.3654	0.106728	1.116554	1.609172
5730	-1661.402	-1833.009	171.607	0.1329762	0.957384	1.529417
5736	-1649.294	-1820.778	171.4842	0.1279613	0.957384	1.62304
5742	-1646.629	-1818.115	171.486	0.1793734	0.9505049	1.589403
5748	-1647.055	-1818.481	171.4257	0.2791012	1.049971	1.486425
5754	-1643.611	-1814.978	171.3666	0.2995419	1.112734	1.468231
5760	-1643.474	-1814.776	171.3017	0.1598559	1.112734	1.619557
5766	-1647.716	-1819.331	171.6151	0.05517688	1.070031	1.497355
5772	-1654.73	-1826.406	171.6762	0.02698501	1.068031	1.474035
5778	-1655.504	-1826.976	171.4722	0.1213648	1.032811	1.581677
5784	-1647.391	-1818.88	171.4894	0.03340544	1.060703	1.612889
5790	-1639.208	-1810.702	171.4933	0.02716365	1.151288	1.548332
5796	-1642.871	-1814.498	171.6272	0.01650391	1.028112	1.548332
5802	-1638.836	-1810.197	171.3613	0.1401251	1.35535	1.408508
5808	-1636.061	-1807.817	171.7561	0.03200669	1.272315	1.244986
5814	-1648.755	-1820.247	171.4917	0.05264043	1.003121	1.638931
5820	-1642.38	-1813.908	171.5278	0.08041451	1.003121	1.592687
5826	-1641.15	-1812.829	171.6788	0.03161673	1.018371	1.505932
5832	-1648.926	-1820.29	171.3641	0.1228454	1.160509	1.566227
5838	-1660.384	-1831.354	170.9693	0.4813091	1.196869	1.566227
5844	-1651.999	-1823.346	171.3471	0.4813091	1.324588	1.16592
5850	-1656.332	-1827.858	171.5258	0.2481902	0.8470012	1.585674
5856	-1651.4	-1822.965	171.5648	0.329529	1.018654	1.364572
5862	-1641.071	-1812.682	171.6107	0.08199625	1.018654	1.518999
5868	-1646.338	-1818.077	171.7382	0.01237478	1.055856	1.447241
5874	-1645.892	-1817.57	171.6774	0.03547812	1.218518	1.349956
5880	-1655.463	-1827.125	171.6624	0.06433716	1.112049	1.422449
5886	-1650.471	-1822.142	171.6716	0.1450603	1.127617	1.339766
5892	-1639.122	-1810.725	171.6032	0.04043229	1.380764	1.274836
5898	-1642.498	-1814.047	171.549	0.0430137	1.291787	1.387505
5904	-1646.506	-1817.744	171.2377	0.3796296	1.459406	1.231326
5910	-1649.397	-1820.458	171.0605	0.316493	1.582957	1.327224
5916	-1653.38	-1824.953	171.5729	0.2570856	1.008928	1.422351
5922	-1640.74	-1812.331	171.5905	0.09268773	1.303572	1.305606
5928	-1646.734	-1818.351	171.6168	0.2424375	1.264621	1.191151
5934	-1647.488	-1819.129	171.6409	0.1734997	1.203494	1.280184
5940	-1646.308	-1817.583	171.2757	0.4450055	1.297252	1.280184
5946	-1648.163	-1819.849	171.686	0.09703249	1.112243	1.378482
5952	-1644.381	-1815.836	171.4551	0.03904072	1.287862	1.465846
5958	-1639.703	-1810.74	171.0376	0.4264493	1.337691	1.450872
5964	-1660.936	-1831.899	170.963	0.6018171	1.360413	1.354886
5970	-1645.71	-1817.15	171.4397	0.1433681	1.507932	1.219297
5976	-1653.047	-1824.668	171.6208	0.08866377	1.113081	1.434897
5982	-1645.052	-1816.547	171.495	0.2507587	1.056044	1.450765
5988	-1634.938	-1806.396	171.458	0.1103394	1.07659	1.568109
5994	-1643.15	-1814.548	171.3979	0.2095469	1.284693	1.380955
6000	-1640.651	-1812.007	171.3564	0.3405347	1.09047	1.461751
6006	-1641.207	-1812.628	171.4216	0.1811505	1.166396	1.475614
6012	-1643.659	-1814.866	171.2073	0.345409	1.127017	1.542452
6018	-1645.585	-1817.041	171.4557	0.08103206	0.9959827	1.649533
6024	-1643.239	-1814.345	171.1058	0.04744375	1.243861	1.745641
6030	-1648.492	-1819.8	171.3081	0.2257769	0.7556109	1.820448
6036	-1650.572	-1821.566	170.994	0.3698717	0.9255486	1.820448
6042	-1647.049	-1818.623	171.5738	0.1836714	0.9383668	1.530504
6048	-1645.986	-1817.267	171.2812	0.2414739	0.9512428	1.691495
6054	-1640.635	-1811.906	171.2713	0.1650422	1.712847	1.169248
6060	-1643.55	-1814.955	171.404	0.4423899	1.272002	1.195854
6066	-1642.389	-1813.661	171.2715	0.4423899	1.146638	1.405647
6072	-1651.302	-1823.081	171.7791	0.02744437	1.117806	1.355607
6078	-1641.44	-1813.06	171.6199	0.1453804	1.232776	1.296435
6084	-1646.356	-1817.599	171.2426	0.5535256	1.032261	1.430419
6090	-1649.432	-1821.233	171.801	0.008165739	1.019202	1.430419
6096	-1645.121	-1816.615	171.4939	0.2355728	1.274647	1.291472
6102	-1648.385	-1819.85	171.4651	0.2355728	1.081858	1.465428
6108	-1649.358	-1820.563	171.2052	0.1974257	1.181922	1.612156
6114	-1649.718	-1820.995	171.2773	0.2029419	1.181922	1.555416
6120	-1647.112	-1818.668	171.556	0.06277502	1.177252	1.455168
6126	-1645.383	-1816.664	171.2804	0.09106235	1.288745	1.556862
6132	-1635.596	-1807.24	171.6438	0.04459388	1.211658	1.374719
6138	-1638.522	-1810.145	171.6229	0.1440592	1.211658	1.312156
6144	-1641.682	-1813.258	171.5759	0.0553142	1.249465	1.389933
6150	-1644.301	-1815.712	171.4108	0.1394643	1.478418	1.271318
6156	-1646.485	-1817.791	171.3065	0.0265649	1.462353	1.455639
6162	-1648.399	-1820.006	171.6075	0.09211714	1.188086	1.384429
6168	-1639.208	-1810.789	171.5803	0.05480594	1.13746	1.472989
6174	-1651.633	-1823.414	171.781	0.004277594	0.9872779	1.472989
6180	-1656.864	-1828.352	171.488	0.0009230632	1.324841	1.441654
6186	-1652.867	-1824.398	171.5316	0.03694055	1.192904	1.481449
6192	-1654.966	-1826.468	171.5024	0.01750094	0.9544104	1.691233
6198	-1659.742	-1831.221	171.4786	0.01740108	0.9511514	1.710476
6204	-1664.246	-1835.631	171.3849	0.1290903	1.320871	1.425453
6210	-1665.7	-1836.919	171.2192	0.4488033	1.185353	1.411167
6216	-1656.197	-1827.712	171.5151	0.1363662	1.252139	1.37197
6222	-1657.25	-1828.632	171.3823	0.1966212	0.9215572	1.672609
6228	-1651.423	-1822.809	171.3854	0.2830118	0.9943755	1.554959
6234	-1655.288	-1826.551	171.2626	0.418603	1.390972	1.235115
6240	-1655.106	-1826.361	171.2552	0.1428635	1.540009	1.344702
6246	-1645.195	-1816.483	171.2886	0.2252128	1.556427	1.236761
6252	-1644.596	-1816.292	171.6963	0.07880835	0.9653666	1.497173
6258	-1645.257	-1816.81	171.5521	0.1002334	1.200768	1.411373
6264	-1640.652	-1812.352	171.6998	0.2178815	1.071689	1.303465
6270	-1639.631	-1811.362	171.731	0.04066071	0.8726501	1.568536
6276	-1647.734	-1819.231	171.4964	0.05641212	1.372545	1.354749
6282	-1645.346	-1816.475	171.1285	0.513173	1.252853	1.379096
6288	-1640.301	-1811.896	171.5949	0.2509976	1.052301	1.376187
6294	-1651.082	-1822.354	171.2714	0.6096343	1.191008	1.235245
6300	-1642.979	-1814.358	171.3789	0.3738968	1.304274	1.247773
6306	-1640.907	-1812.398	171.4912	0.3076359	1.051563	1.413469
6312	-1641.567	-1812.964	171.3978	0.1504425	1.163994	1.51831
6318	-1653.98	-1825.28	171.2995	0.09609907	1.101481	1.674986
6324	-1656.023	-1827.495	171.4722	0.08072068	1.220629	1.472253
6330	-1642.516	-1813.995	171.4793	0.1928104	1.101439	1.472253
6336	-1642.768	-1814.435	171.6675	0.05153121	1.054586	1.472253
6342	-1645.384	-1816.799	171.4157	0.06262131	1.048711	1.653596
6348	-1649.843	-1821.588	171.7449	0.0420181	0.9525835	1.497959
6354	-1639.564	-1811.191	171.6265	0.06968114	1.043312	1.497959
6360	-1643.534	-1815.093	171.5596	0.06376275	1.147875	1.474038
6366	-1648.796	-1820.102	171.3054	0.2131998	1.355642	1.394972
6372	-1645.178	-1816.738	171.5597	0.2694862	1.077473	1.369564
6378	-1643.582	-1815.077	171.4943	0.2887943	1.058193	1.420513
6384	-1631.518	-1803.045	171.5267	0.12256	1.362349	1.285359
6390	-1635.396	-1807.117	171.7213	0.02616261	1.362349	1.203278
6396	-1641.067	-1812.767	171.7002	0.007597099	1.304215	1.284997
6402	-1657.607	-1829.108	171.5013	0.1529611	1.306263	1.326766
6408	-1642.435	-1813.861	171.4261	0.2595675	1.298039	1.30807
6414	-1642.184	-1813.73	171.5462	0.2555654	1.11992	1.357655
6420	-1633.319	-1804.684	171.3656	0.2703938	1.164304	1.451951
6426	-1639.08	-1810.474	171.3938	0.1157494	1.164304	1.546841
6432	-1651.124	-1822.811	171.6875	0.1662584	1.124002	1.312891
6438	-1648.236	-1819.741	171.5056	0.02692387	1.04545	1.616906
6444	-1640.96	-1812.708	171.7478	0.01190446	1.094889	1.410181
6450	-1651.973	-1823.761	171.7873	0.07410147	0.9334648	1.456068
6456	-1658.592	-1830.043	171.4513	0.07410147	0.9962064	1.657472
6462	-1649.093	-1820.316	171.2237	0.354108	1.085477	1.554628
6468	-1645.47	-1816.829	171.359	0.3962702	0.961374	1.515061
6474	-1643.568	-1815.292	171.7241	0.07820231	1.013599	1.440019
6480	-1643.379	-1814.902	171.5236	0.2358717	0.7796522	1.64493
6486	-1644.154	-1815.225	171.0709	0.5531848	0.8508724	1.69072
6492	-1648.005	-1819.588	171.5829	0.06136828	0.8667828	1.665038
6498	-1660.708	-1831.297	170.5882	0.1792053	0.8667828	2.255134
6504	-1660.717	-1832.19	171.4725	0.01071323	0.8779409	1.770802
6510	-1664.298	-1835.85	171.5521	0.0300636	0.7652666	1.780335
6516	-1675.037	-1846.093	171.0557	0.3024865	1.087742	1.711326
6522	-1660.74	-1832.303	171.5627	0.2684869	1.030727	1.404575
6528	-1657.802	-1829.145	171.3432	0.1303578	1.038528	1.664321
6534	-1647.217	-1818.53	171.3134	0.7153571	1.024466	1.25103
6540	-1657.975	-1829.603	171.6277	0.1020684	1.238856	1.320241
6546	-1659.701	-1830.977	171.2758	0.1477168	1.276564	1.527362
6552	-1656.9	-1828.374	171.4738	0.06631333	1.191765	1.503626
6558	-1659.449	-1830.724	171.2751	0.2886383	1.295927	1.40632
6564	-1653.828	-1825.305	171.4773	0.06642172	1.02255	1.625342
6570	-1652.706	-1824.025	171.319	0.2971152	1.02255	1.572732
6576	-1653.538	-1825.232	171.694	0.291789	0.914576	1.374533
6582	-1650.337	-1821.887	171.5497	0.1368652	1.00347	1.534817
6588	-1642.607	-1814.434	171.8268	0.09394797	1.123825	1.258192
6594	-1650.027	-1821.618	171.5917	0.2084366	1.292198	1.218168
6600	-1646.914	-1818.244	171.3292	0.427476	1.244314	1.294004
6606	-1650.703	-1822.272	171.569	0.0876277	1.344371	1.294004
6612	-1634.367	-1805.855	171.4878	0.2383585	1.203473	1.351392
6618	-1643.113	-1814.145	171.0317	0.6412922	1.203473	1.393229
6624	-1638.851	-1810.329	171.4776	0.1354424	1.27123	1.3871
6630	-1646.858	-1818.255	171.3965	0.4212928	1.230574	1.255071
6636	-1642.298	-1813.631	171.3332	0.2576965	1.083418	1.546453
6642	-1653.587	-1825.044	171.4571	0.3843757	1.025463	1.40061
6648	-1662.944	-1834.14	171.196	0.3203576	1.106236	1.584466
6654	-1648.094	-1819.399	171.3051	0.3270545	0.9705358	1.599012
6660	-1651.992	-1823.572	171.5806	0.265659	0.9846458	1.428481
6666	-1643.663	-1814.691	171.0279	0.3671683	0.9332443	1.793574
6672	-1637.181	-1808.631	171.4494	0.1271113	0.9854952	1.628427
6678	-1635.327	-1806.775	171.4479	0.08776279	1.170888	1.52253
6684	-1641.547	-1812.899	171.3514	0.1889799	0.9154738	1.704303
6690	-1658.564	-1829.977	171.4124	0.1706329	1.115009	1.528911
6696	-1672.038	-1843.004	170.9656	0.3890585	1.151845	1.668289
6702	-1653.132	-1824.633	171.5009	0.2626558	1.161726	1.354846
6708	-1644.565	-1815.795	171.2296	0.3652178	1.116626	1.518889
6714	-1641.449	-1812.613	171.1638	0.2618378	1.285809	1.518889
6720	-1644.043	-1815.541	171.4985	0.2221309	1.295018	1.282069
6726	-1642.971	-1814.504	171.5333	0.04169051	1.071366	1.567096
6732	-1634.409	-1806.092	171.683	0.09249129	0.9420385	1.514393
6738	-1648.737	-1820.036	171.2991	0.09448425	0.9857281	1.758099
6744	-1641.375	-1813.073	171.6978	0.3135812	0.9749611	1.305892
6750	-1651.953	-1823.161	171.2082	0.1691672	1.03836	1.732568
6756	-1654.921	-1826.294	171.3725	0.1715785	0.7907727	1.789068
6762	-1655.152	-1826.645	171.4932	0.03797472	1.209358	1.497143
6768	-1638.548	-1809.947	171.3994	0.08664121	1.213803	1.527585
6774	-1639.822	-1811.221	171.3991	0.08471379	0.8649042	1.779434
6780	-1639.866	-1811.128	171.2623	0.2748719	1.017329	1.633873
6786	-1643.466	-1814.682	171.2159	0.3403787	1.165996	1.510872
6792	-1649.588	-1821.195	171.6071	0.2138768	0.974903	1.455316
6798	-1631.03	-1802.394	171.3638	0.4412965	0.9672578	1.473208
6804	-1647.779	-1819.095	171.3158	0.2516032	1.07571	1.569447
6810	-1651.268	-1822.298	171.0292	0.6254398	1.159544	1.441356
6816	-1637.968	-1809.251	171.2827	0.3426401	0.924776	1.637021
6822	-1644.192	-1815.721	171.5291	0.4606238	0.996455	1.306036
6828	-1640.865	-1812.532	171.6678	0.03206437	0.9012336	1.600135
6834	-1645.565	-1817.222	171.657	0.04091386	1.039497	1.499511
6840	-1644.26	-1815.964	171.7038	0.195314	1.039497	1.344226
6846	-1634.568	-1805.979	171.4111	0.2455072	1.277824	1.347589
6852	-1640.196	-1811.646	171.4503	0.1149057	1.159345	1.509117
6858	-1647.321	-1818.526	171.2044	0.3374025	1.135676	1.544134
6864	-1653.341	-1824.732	171.3917	0.02162405	1.12253	1.647257
6870	-1651.659	-1823.057	171.3983	0.03606301	1.059148	1.677523
6876	-1664.724	-1836.034	171.3101	0.01983505	1.308622	1.572796
6882	-1651.852	-1823.605	171.7528	0.08677371	1.065919	1.370481
6888	-1642.189	-1813.766	171.5764	0.2837989	0.9948492	1.409844
6894	-1639.935	-1811.045	171.11	0.1549379	0.9396849	1.878612
6900	-1642.548	-1814.1	171.5527	0.04780721	0.9396849	1.644127
6906	-1633.186	-1804.637	171.451	0.05666357	1.025008	1.649573
6912	-1632.193	-1803.628	171.4346	0.1724997	1.054901	1.555549
6918	-1640.219	-1811.922	171.7031	0.0397859	1.237942	1.310394
6924	-1638.585	-1810.082	171.4967	0.165798	1.260211	1.356904
6930	-1637.368	-1808.807	171.4389	0.165706	1.318106	1.356904
6936	-1643.663	-1815.342	171.6793	0.07161315	1.144993	1.378015
6942	-1634.529	-1806.057	171.5284	0.1217792	1.144993	1.455822
6948	-1642.817	-1814.403	171.5861	0.3487217	1.090679	1.273933
6954	-1648.572	-1820.025	171.4531	0.2902625	1.046356	1.459989
6960	-1642.924	-1814.432	171.5084	0.2941838	1.199526	1.29309
6966	-1648.164	-1819.615	171.4513	0.06619311	1.045565	1.6277
6972	-1651.663	-1823.089	171.4263	0.1713084	0.9739224	1.621572
6978	-1657.349	-1828.652	171.3028	0.02887148	0.9580335	1.820296
6984	-1645.177	-1817.042	171.8654	0.01665805	1.241916	1.191081
6990	-1641.861	-1813.45	171.5885	0.01915798	1.3319	1.343467
6996	-1637.357	-1809.088	171.7316	0.03411169	1.173904	1.343467
7002	-1642.497	-1814.296	171.7987	0.08030144	1.041382	1.358749
7008	-1649.943	-1821.516	171.5729	0.04819036	0.938822	1.629935
7014	-1645.895	-1817.328	171.4334	0.3028772	1.01173	1.491518
7020	-1645.269	-1816.814	171.5442	0.1961238	1.171417	1.365554
7026	-1646.033	-1817.478	171.4451	0.103025	1.272932	1.436076
7032	-1653.29	-1824.913	171.623	0.02424295	1.363556	1.285985
7038	-1655.783	-1827.109	171.3258	0.2666998	1.546476	1.178097
7044	-1658.152	-1829.665	171.512	0.3042691	1.006877	1.434439
7050	-1650.201	-1821.829	171.6275	0.05953893	1.305644	1.300807
7056	-1652.529	-1823.983	171.454	0.2264887	1.023383	1.524589
7062	-1656.796	-1828.389	171.5933	0.1843634	0.9949052	1.473043
7068	-1664.133	-1835.613	171.4801	0.05574935	1.318316	1.410574
7074	-1654.105	-1825.475	171.3701	0.1485435	1.061746	1.615195
7080	-1651.599	-1822.998	171.3989	0.1335148	0.9516701	1.684263
7086	-1649.544	-1821.14	171.5964	0.183018	1.095424	1.394447
7092	-1652.724	-1824.15	171.4263	0.3531154	1.095424	1.394447
7098	-1655.873	-1827.457	171.5834	0.1728067	1.261146	1.280664
7104	-1649.584	-1821.262	171.6774	0.06625824	1.384302	1.187676
7110	-1649.9	-1821.344	171.4435	0.2812455	1.33136	1.248641
7116	-1648.904	-1820.342	171.4378	0.2862027	1.165935	1.382721
7122	-1648.788	-1820.295	171.5076	0.1628233	0.8834874	1.634303
7128	-1646.833	-1818.31	171.477	0.01968085	1.142709	1.572157
7134	-1648.213	-1819.846	171.6324	0.04295149	1.135156	1.444167
7140	-1651.727	-1823.112	171.3857	0.1555174	0.9350736	1.689774
7146	-1633.331	-1804.874	171.5426	0.1663355	1.048215	1.484674
7152	-1634.054	-1805.776	171.7226	0.08608245	1.056983	1.401663
7158	-1641.7	-1813.079	171.3789	0.105714	0.9544654	1.716114
7164	-1641.012	-1812.219	171.2072	0.4039053	1.385729	1.297438
7170	-1644.817	-1816.241	171.4241	0.2514997	1.160827	1.424231
7176	-1639.911	-1811.52	171.6098	0.10407	1.060261	1.471821
7182	-1640.297	-1811.957	171.6602	0.2753147	1.066779	1.292968
7188	-1655.35	-1826.712	171.3621	0.3417385	1.107264	1.443689
7194	-1650.467	-1822.016	171.549	0.01425587	1.107264	1.54927
7200	-1645.062	-1816.505	171.4427	0.2053459	1.102109	1.48996
7206	-1644.958	-1816.313	171.3551	0.2053459	0.976933	1.646151
7212	-1637.627	-1808.864	171.2368	0.2231993	1.001746	1.700095
7218	-1650.862	-1822.605	171.7437	0.02102087	1.006491	1.474027
7224	-1651.306	-1822.774	171.4679	0.039463	1.174567	1.540837
7230	-1661.495	-1833.168	171.6732	0.153383	1.175885	1.292795
7236	-1649.152	-1820.601	171.449	0.3043022	1.345672	1.212472
7242	-1644.181	-1815.716	171.5349	0.1372123	1.236641	1.367928
7248	-1634.909	-1806.661	171.752	0.02590103	1.193977	1.317613
7254	-1642.414	-1813.953	171.5392	0.2480359	1.184626	1.317613
7260	-1651.65	-1823.382	171.7317	0.161368	1.162364	1.249126
7266	-1657.963	-1829.415	171.4525	0.2765966	0.954612	1.539555
7272	-1640.543	-1811.796	171.2532	0.216109	1.107907	1.617489
7278	-1653.832	-1825.239	171.4075	0.3035703	0.9304978	1.570595
7284	-1635.536	-1807.01	171.4736	0.1651418	1.258716	1.376772
7290	-1660.916	-1832.012	171.0963	0.5329923	1.232834	1.404366
7296	-1647.908	-1819.314	171.4055	0.3304091	1.296605	1.268175
7302	-1651.203	-1822.718	171.515	0.05720482	1.308787	1.389668
7308	-1648.584	-1819.909	171.3251	0.3863648	1.28674	1.296289
7314	-1668.021	-1839.466	171.4444	0.1736093	1.099127	1.514665
7320	-1646.06	-1817.402	171.3421	0.1036693	1.029719	1.690343
7326	-1644.001	-1815.11	171.1089	0.7187262	1.25362	1.227497
7332	-1655.71	-1827.275	171.5648	0.2637047	0.8500728	1.543312
7338	-1660.553	-1831.949	171.3957	0.3059555	1.113046	1.440927
7344	-1653.051	-1824.862	171.8102	0.0625285	1.054929	1.352956
7350	-1659.722	-1830.768	171.0454	0.3335091	1.408154	1.462017
7356	-1645.418	-1816.798	171.3799	0.1657243	1.263089	1.445484
7362	-1646.637	-1817.557	170.9208	0.5393437	1.046561	1.668161
7368	-1637.575	-1809.081	171.5066	0.2531448	0.9054068	1.553203
7374	-1633.255	-1804.705	171.4504	0.1242677	0.9766959	1.636153
7380	-1637.15	-1808.302	171.1528	0.2010756	0.8628424	1.870312
7386	-1642.84	-1814.02	171.1797	0.1587989	1.012384	1.777931
7392	-1651.632	-1823.253	171.6214	0.1417719	0.9163986	1.5426
7398	-1640.785	-1812.209	171.4238	0.0976605	0.9501533	1.693146
