Iteration	Posterior	Likelihood	Prior	tree_length
0	-391.9788	-565.5586	173.5797	0.6909065
6	-392.3453	-565.975	173.6296	0.5679986
12	-393.4065	-566.871	173.4645	0.8552021
18	-390.1357	-563.6982	173.5625	0.7205006
24	-393.8992	-567.4617	173.5625	0.7205006
30	-393.8868	-567.4439	173.5571	0.7291876
36	-392.3777	-566.0146	173.6369	0.5252731
42	-396.8219	-570.4563	173.6344	0.5446042
48	-387.9397	-561.4523	173.5126	0.7940782
54	-387.6387	-561.1684	173.5297	0.7703465
60	-387.3819	-561.0122	173.6303	0.5650879
66	-389.7174	-563.2765	173.5591	0.7259357
72	-386.5822	-560.1413	173.5591	0.7259357
78	-383.4525	-557.0655	173.613	0.6206641
84	-380.3457	-553.9738	173.6281	0.4324947
90	-385.0826	-558.7108	173.6281	0.4324947
96	-384.4861	-557.9717	173.4857	0.8291089
102	-394.1976	-567.6574	173.4598	0.8608218
108	-385.9343	-559.5724	173.6381	0.4950692
114	-386.4676	-559.999	173.5313	0.7679635
120	-397.5981	-571.1946	173.5965	0.6585462
126	-392.6071	-566.0277	173.4205	0.9060638
132	-391.3271	-564.8196	173.4925	0.8204734
138	-393.1617	-566.779	173.6172	0.6093163
144	-397.9935	-571.6317	173.6381	0.5004181
150	-386.4503	-560.0213	173.5711	0.7061382
156	-386.9575	-560.5383	173.5809	0.6888279
162	-380.2266	-553.743	173.5164	0.7888645
168	-393.501	-566.9734	173.4724	0.8455561
174	-390.4682	-563.9596	173.4914	0.8218846
180	-383.9201	-557.5232	173.6031	0.644279
186	-379.4384	-553.041	173.6026	0.6454173
192	-390.3127	-563.9343	173.6216	0.5965567
198	-391.6481	-564.9554	173.3073	1.02375
204	-400.2461	-573.7133	173.4672	0.8518834
210	-393.9818	-567.3334	173.3516	0.9794958
216	-402.7443	-576.2975	173.5532	0.7353829
222	-398.1385	-571.626	173.4875	0.826813
228	-398.6297	-572.0577	173.4279	0.8977625
234	-403.6594	-576.9692	173.3098	1.021266
240	-400.5926	-574.2301	173.6375	0.518538
246	-395.4761	-569.0488	173.5727	0.7032998
252	-386.9196	-560.5118	173.5922	0.6671782
258	-384.7604	-558.1317	173.3712	0.959177
264	-384.4677	-558.0608	173.5931	0.6654365
270	-386.618	-560.2547	173.6367	0.5268868
276	-390.4611	-564.0122	173.551	0.7386598
282	-397.7349	-571.2501	173.5152	0.7905466
288	-392.6435	-566.2146	173.5711	0.7059875
294	-395.196	-568.7672	173.5711	0.7059875
300	-384.4013	-557.9963	173.5949	0.661721
306	-385.0765	-558.6421	173.5656	0.7154162
312	-374.2618	-547.8626	173.6009	0.6491739
318	-382.7729	-556.3227	173.5498	0.7405411
324	-386.6671	-560.2575	173.5904	0.6707529
330	-385.16	-558.73	173.57	0.7078933
336	-396.3154	-569.8975	173.5821	0.6865702
342	-400.4663	-573.9973	173.531	0.7685066
348	-392.4471	-565.8059	173.3588	0.9720507
354	-397.2981	-570.6622	173.3641	0.9666387
360	-398.1729	-571.7653	173.5924	0.6667499
366	-402.3539	-575.9501	173.5962	0.6591329
372	-404.6391	-578.246	173.6069	0.6355653
378	-391.1615	-564.7902	173.6287	0.5719047
384	-387.6271	-561.0281	173.401	0.9275486
390	-384.014	-557.627	173.613	0.6206526
396	-384.1355	-557.7322	173.5967	0.6580271
402	-385.8851	-559.3035	173.4183	0.9085015
408	-389.712	-563.2324	173.5204	0.7833653
414	-388.8234	-562.4354	173.612	0.6232322
420	-389.2093	-562.8258	173.6165	0.6113903
426	-385.8824	-559.5196	173.6371	0.5225834
432	-379.6759	-553.1165	173.4405	0.8833637
438	-379.4762	-552.8909	173.4147	0.9125059
444	-381.1133	-554.7399	173.6266	0.4278548
450	-380.1642	-553.5298	173.3656	0.9650714
456	-378.9934	-552.387	173.3936	0.9354565
462	-386.1118	-559.7303	173.6186	0.6055696
468	-383.2335	-556.6182	173.3847	0.94498
474	-388.3948	-561.9349	173.5401	0.7551657
480	-388.1091	-561.5744	173.4653	0.8541554
486	-388.5543	-562.0341	173.4798	0.8364233
492	-394.9438	-568.4315	173.4876	0.8266246
498	-387.0954	-560.7045	173.6091	0.6303749
504	-384.6325	-557.9826	173.3501	0.980961
510	-390.2103	-563.8475	173.6372	0.5219008
516	-382.2355	-555.8561	173.6206	0.5995706
522	-388.8446	-562.3526	173.508	0.8001696
528	-393.3139	-566.9476	173.6336	0.5489089
534	-383.2423	-556.7488	173.5066	0.8021068
540	-389.8984	-563.4186	173.5202	0.7836263
546	-383.3636	-556.8838	173.5202	0.7836263
552	-382.7038	-556.162	173.4582	0.8626755
558	-383.0278	-556.4825	173.4547	0.8668656
564	-382.6077	-556.1997	173.592	0.6676433
570	-380.479	-553.753	173.274	1.055781
576	-379.1426	-552.7108	173.5682	0.7110088
582	-376.4767	-550.0449	173.5682	0.7110088
588	-382.8302	-556.435	173.6047	0.6406035
594	-381.7729	-555.3793	173.6064	0.6367879
600	-390.9652	-564.4781	173.5129	0.7936058
606	-391.8031	-565.4358	173.6326	0.4493329
612	-384.5485	-558.1224	173.5739	0.701252
618	-386.8217	-560.4381	173.6164	0.6116599
624	-391.82	-565.4421	173.6221	0.5950448
630	-392.2823	-565.8461	173.5639	0.71819
636	-385.74	-559.353	173.613	0.6206076
642	-391.3564	-564.9162	173.5598	0.7248296
648	-378.1565	-551.7831	173.6266	0.5798573
654	-383.0635	-556.419	173.3555	0.9754822
660	-393.5279	-567.0261	173.4982	0.8130884
666	-391.5805	-565.2075	173.627	0.5782576
672	-380.8716	-554.26	173.3884	0.9410615
678	-375.1961	-548.7337	173.5375	0.7589998
684	-378.2191	-551.7206	173.5015	0.8087751
690	-376.6314	-550.1756	173.5443	0.7490117
696	-381.3946	-555.0318	173.6373	0.5212955
702	-377.5128	-550.9712	173.4584	0.8625035
708	-380.5698	-554.0818	173.512	0.7948747
714	-377.4893	-550.9958	173.5065	0.8022211
720	-378.5315	-552.0987	173.5673	0.7125395
726	-384.7854	-558.4227	173.6373	0.5211328
732	-386.4302	-559.9613	173.5311	0.7683536
738	-387.4824	-561.0135	173.5311	0.7683536
744	-382.1285	-555.5824	173.4539	0.8677809
750	-382.1613	-555.7932	173.632	0.5575369
756	-385.1253	-558.7108	173.5855	0.6802798
762	-389.2622	-562.8489	173.5867	0.6779022
768	-390.5066	-563.9552	173.4486	0.8740094
774	-383.5749	-557.1836	173.6087	0.6313688
780	-382.6237	-556.1182	173.4945	0.8179061
786	-377.0587	-550.6701	173.6114	0.6245743
792	-385.5374	-559.159	173.6217	0.5962247
798	-381.5116	-555.0866	173.575	0.6992263
804	-386.8485	-560.4516	173.6032	0.644111
810	-390.5921	-564.1017	173.5096	0.7980009
816	-391.3552	-564.8715	173.5163	0.788974
822	-383.9418	-557.4832	173.5414	0.753222
828	-382.4074	-556.0455	173.6381	0.4961968
834	-380.1887	-553.7957	173.607	0.6353704
840	-383.8437	-557.2307	173.3871	0.9425084
846	-391.243	-564.8548	173.6118	0.6236586
852	-399.1216	-572.4383	173.3167	1.014479
858	-400.5804	-574.1363	173.5559	0.7311349
864	-393.8415	-567.4755	173.634	0.5471037
870	-390.5659	-564.1883	173.6224	0.5939106
876	-392.6154	-566.1526	173.5372	0.7594606
882	-387.2238	-560.8601	173.6363	0.5309296
888	-386.9067	-560.4707	173.564	0.7180228
894	-383.5539	-557.0663	173.5124	0.7942626
900	-383.5222	-557.015	173.4929	0.8199541
906	-380.9956	-554.3591	173.3635	0.9672654
912	-382.8828	-556.3751	173.4923	0.8206831
918	-382.73	-556.2223	173.4923	0.8206831
924	-384.6568	-558.1491	173.4923	0.8206831
930	-384.4933	-558.0415	173.5481	0.7431631
936	-380.0662	-553.4637	173.3976	0.9312244
942	-379.7978	-553.3317	173.534	0.7641558
948	-377.7139	-551.2479	173.534	0.7641558
954	-382.4443	-555.8854	173.4411	0.8826606
960	-379.4625	-552.9608	173.4983	0.8129363
966	-382.3593	-555.8829	173.5236	0.7789368
972	-386.4597	-559.855	173.3952	0.9337686
978	-389.7922	-563.4075	173.6153	0.6144949
984	-391.9211	-565.4573	173.5362	0.7610034
990	-388.4575	-562.0886	173.6311	0.5615104
996	-392.1399	-565.7661	173.6262	0.4266447
1002	-388.0256	-561.5987	173.5731	0.7025441
1008	-386.9602	-560.3936	173.4334	0.8915629
1014	-390.4336	-564.0587	173.6251	0.5852044
1020	-393.3529	-566.7673	173.4144	0.9128007
1026	-397.4831	-570.9109	173.4278	0.8978333
1032	-392.195	-565.8325	173.6375	0.4827321
1038	-388.9729	-562.5608	173.5879	0.6755983
1044	-391.7138	-565.1913	173.4775	0.8392638
1050	-386.4053	-560.0156	173.6102	0.6276151
1056	-398.3715	-571.938	173.5665	0.7139119
1062	-397.8216	-571.277	173.4553	0.8660948
1068	-392.3162	-565.9383	173.6221	0.5948185
1074	-396.2792	-569.8663	173.587	0.6773634
1080	-386.8528	-560.4572	173.6043	0.6415455
1086	-383.8118	-557.3757	173.5639	0.7181141
1092	-382.7372	-556.373	173.6358	0.5350251
1098	-380.6874	-554.2571	173.5697	0.7084809
1104	-388.4606	-561.7797	173.3191	1.012102
1110	-423.2173	-596.8162	173.5989	0.6535222
1116	-405.4552	-578.8956	173.4405	0.8834318
1122	-408.1313	-581.5814	173.4501	0.8722529
1128	-391.8672	-565.4966	173.6294	0.5688701
1134	-383.7593	-557.2834	173.5242	0.7781277
1140	-391.6509	-565.2319	173.581	0.6886217
1146	-391.6832	-565.2867	173.6035	0.6433855
1152	-385.5335	-559.1295	173.596	0.6595651
1158	-388.356	-561.9048	173.5487	0.7422005
1164	-393.0234	-566.2621	173.2388	1.088802
1170	-380.2792	-553.8348	173.5556	0.7315038
1176	-386.0268	-559.4752	173.4485	0.874183
1182	-387.1916	-560.8125	173.6209	0.4127968
1188	-384.0354	-557.6735	173.6381	0.5057799
1194	-379.276	-552.7623	173.4864	0.8282367
1200	-379.3357	-552.8398	173.5041	0.8053514
1206	-380.4202	-553.8553	173.4351	0.8895842
1212	-382.5997	-556.1204	173.5207	0.7829563
1218	-377.2605	-550.7554	173.4949	0.8173114
1224	-385.7286	-559.3408	173.6122	0.6226066
1230	-392.143	-565.6026	173.4595	0.8611149
1236	-384.68	-558.2407	173.5607	0.7234126
1242	-380.3347	-553.8798	173.5451	0.7477104
1248	-379.6474	-553.2405	173.5931	0.6654067
1254	-381.493	-554.6177	173.1247	1.190489
1260	-375.3299	-548.6568	173.3269	1.004341
1266	-375.1114	-548.7153	173.6039	0.6425239
1272	-381.7456	-555.3548	173.6092	0.6301395
1278	-384.8945	-558.4822	173.5877	0.6759762
1284	-388.7315	-562.2337	173.5023	0.807745
1290	-378.7668	-552.4002	173.6334	0.5500379
1296	-376.627	-550.2121	173.5852	0.6808807
1302	-379.9936	-553.4814	173.4877	0.8264822
1308	-381.6908	-555.329	173.6381	0.4978683
1314	-383.2334	-556.8172	173.5838	0.6834751
1320	-380.0239	-553.5798	173.5559	0.7311323
1326	-372.4676	-545.9684	173.5008	0.8096235
1332	-378.4803	-552.0795	173.5992	0.6529016
1338	-384.2216	-557.8111	173.5896	0.6724284
1344	-384.862	-558.4719	173.61	0.6282027
1350	-385.5191	-559.1572	173.6381	0.5056838
1356	-379.466	-553.0625	173.5965	0.6585348
1362	-382.7724	-556.2862	173.5139	0.792291
1368	-386.8163	-560.4394	173.6231	0.5918866
1374	-383.9154	-557.5394	173.624	0.5888535
1380	-388.5021	-562.1392	173.6371	0.4772503
1386	-385.079	-558.6596	173.5806	0.6893287
1392	-386.7067	-560.3022	173.5955	0.6604769
1398	-390.5852	-564.1896	173.6045	0.6411463
1404	-390.0688	-563.6733	173.6045	0.6411463
1410	-393.9259	-567.304	173.3781	0.9520089
1416	-383.8935	-557.4776	173.5842	0.6827413
1422	-380.4614	-554.0831	173.6218	0.5959564
1428	-381.1843	-554.6399	173.4555	0.8658727
1434	-386.6365	-560.1823	173.5458	0.7466782
1440	-387.1568	-560.7189	173.5621	0.7210601
1446	-391.452	-565.0564	173.6044	0.6412853
1452	-394.0777	-567.4211	173.3434	0.9878076
1458	-389.7729	-562.8634	173.0905	1.219659
1464	-387.4707	-560.7038	173.2332	1.093952
1470	-383.3818	-556.7968	173.4149	0.9122607
1476	-379.995	-553.41	173.4149	0.9122607
1482	-381.3413	-554.8274	173.4862	0.8284511
1488	-384.4022	-557.8884	173.4862	0.8284511
1494	-380.6046	-554.1759	173.5713	0.7057167
1500	-377.0538	-550.6902	173.6364	0.530392
1506	-380.6658	-554.2306	173.5649	0.7165705
1512	-385.2103	-558.7329	173.5226	0.78025
1518	-386.0998	-559.5582	173.4584	0.8624542
1524	-382.2394	-555.7816	173.5421	0.7521857
1530	-381.3977	-554.9702	173.5725	0.7036297
1536	-381.9389	-555.5114	173.5725	0.7036297
1542	-382.8287	-556.4608	173.6321	0.5569363
1548	-381.4084	-555.0286	173.6202	0.6008089
1554	-392.8418	-566.2202	173.3784	0.951657
1560	-390.9493	-564.5373	173.588	0.6755293
1566	-400.1284	-573.7366	173.6082	0.6325211
1572	-386.8418	-560.4522	173.6104	0.6271254
1578	-391.309	-564.6589	173.3499	0.9812396
1584	-393.6302	-566.977	173.3469	0.9842824
1590	-391.9524	-565.3945	173.4421	0.8815419
1596	-393.7994	-567.2392	173.4397	0.884298
1602	-387.7198	-561.2644	173.5447	0.7483918
1608	-388.2079	-561.6805	173.4726	0.8453477
1614	-392.909	-566.4365	173.5275	0.7734799
1620	-393.227	-566.819	173.5921	0.6675194
1626	-378.4244	-551.9085	173.4841	0.8310544
1632	-385.9776	-559.6077	173.6301	0.566115
1638	-386.8384	-560.3127	173.4744	0.843144
1644	-377.4403	-551.0198	173.5795	0.6913586
1650	-399.3333	-572.4443	173.111	1.202219
1656	-386.9301	-560.5289	173.5988	0.6536963
1662	-387.8885	-561.5236	173.635	0.4616522
1668	-391.3197	-564.9135	173.5939	0.6639108
1674	-392.0484	-565.3948	173.3464	0.984778
1680	-389.8844	-563.5225	173.6381	0.5034414
1686	-387.3291	-560.8972	173.5681	0.7111133
1692	-391.5656	-565.1337	173.5681	0.7111133
1698	-389.1605	-562.7069	173.5464	0.7457879
1704	-399.0259	-572.4781	173.4522	0.8698425
1710	-393.0817	-566.6844	173.6027	0.6450926
1716	-391.3552	-564.9637	173.6085	0.6319183
1722	-394.6933	-568.2435	173.5502	0.7400028
1728	-384.8865	-558.5197	173.6331	0.4517122
1734	-388.5648	-562.1623	173.5975	0.6564647
1740	-394.7603	-568.3489	173.5886	0.6743962
1746	-395.9419	-569.5304	173.5886	0.6743962
1752	-387.2867	-560.7411	173.4544	0.8671924
1758	-389.2176	-562.8001	173.5825	0.6857655
1764	-388.0481	-561.6825	173.6343	0.5448765
1770	-394.4057	-567.8764	173.4706	0.8477365
1776	-391.6663	-565.2857	173.6193	0.603321
1782	-387.8195	-561.4022	173.5828	0.6853405
1788	-395.6371	-569.1135	173.4765	0.8405591
1794	-387.7182	-561.1999	173.4817	0.834077
1800	-381.1173	-554.6736	173.5562	0.7305548
1806	-382.8981	-556.3562	173.458	0.8628802
1812	-385.7919	-559.4274	173.6355	0.537248
1818	-382.0445	-555.5483	173.5038	0.8057959
1824	-382.207	-555.7304	173.5233	0.7792851
1830	-378.2187	-551.742	173.5233	0.7792851
1836	-383.1414	-556.7681	173.6267	0.5795133
1842	-383.9915	-557.5274	173.536	0.7612567
1848	-384.3523	-557.9183	173.5661	0.7145619
1854	-389.9462	-563.4442	173.498	0.8133434
1860	-382.6065	-556.1045	173.498	0.8133434
1866	-386.3321	-559.5084	173.1763	1.145345
1872	-384.0904	-557.5382	173.4478	0.8749513
1878	-392.2884	-565.9011	173.6127	0.6212982
1884	-395.041	-568.4343	173.3933	0.9358631
1890	-392.4764	-566.1009	173.6245	0.5871227
1896	-396.5213	-569.831	173.3097	1.021322
1902	-386.2143	-559.718	173.5037	0.8058556
1908	-395.0076	-568.4426	173.435	0.8897179
1914	-385.0842	-558.6899	173.6057	0.6384771
1920	-382.6944	-556.2383	173.5439	0.7495457
1926	-377.3498	-550.9549	173.605	0.6398933
1932	-381.6282	-555.2327	173.6044	0.6412697
1938	-386.3861	-559.7902	173.4041	0.9241751
1944	-379.1744	-552.8107	173.6363	0.4704636
1950	-376.8108	-550.4227	173.6119	0.6234213
1956	-379.4787	-552.8829	173.4042	0.9240364
1962	-377.6139	-551.2467	173.6329	0.4504364
1968	-380.3693	-553.8597	173.4905	0.8230032
1974	-381.9679	-555.5723	173.6044	0.6413766
1980	-377.2665	-550.585	173.3185	1.01268
1986	-379.4937	-553.0983	173.6047	0.6407298
1992	-380.105	-553.6063	173.5014	0.8089237
1998	-385.2788	-558.7619	173.483	0.8323959
2004	-379.3693	-552.9877	173.6184	0.6059003
2010	-379.2341	-552.7915	173.5574	0.7287096
2016	-389.2741	-562.8509	173.5768	0.6961895
2022	-385.814	-559.395	173.581	0.6885663
2028	-386.4711	-560.0521	173.581	0.6885663
2034	-381.1369	-554.6472	173.5102	0.7972058
2040	-370.2152	-543.8089	173.5937	0.6642321
2046	-373.4372	-547.0684	173.6311	0.5615955
2052	-381.1339	-554.5246	173.3907	0.938584
2058	-380.5041	-553.8773	173.3732	0.95716
2064	-380.8821	-554.4049	173.5228	0.7800167
2070	-389.1458	-562.552	173.4062	0.9218684
2076	-380.4312	-553.8545	173.4233	0.9029501
2082	-379.3852	-553.0154	173.6302	0.5655916
2088	-383.1988	-556.8252	173.6265	0.5803018
2094	-384.4337	-558.0012	173.5674	0.7122612
2100	-382.8726	-556.5077	173.6351	0.5402146
2106	-389.5594	-563.0052	173.4458	0.8772727
2112	-398.3666	-571.6549	173.2883	1.042159
2118	-383.9832	-557.5989	173.6156	0.6136826
2124	-390.1012	-563.6896	173.5884	0.6746076
2130	-386.7719	-560.3295	173.5576	0.7283314
2136	-394.8491	-568.4664	173.6172	0.6093341
2142	-395.634	-569.1865	173.5525	0.7363716
2148	-390.1082	-563.7154	173.6073	0.6347229
2154	-388.5096	-562.1205	173.6109	0.6259886
2160	-386.1869	-559.781	173.5941	0.6633583
2166	-387.7892	-561.262	173.4728	0.8450929
2172	-409.5884	-583.1134	173.525	0.7769448
2178	-400.6428	-573.8779	173.2352	1.092111
2184	-394.3655	-567.9385	173.573	0.7028033
2190	-399.1292	-572.5464	173.4171	0.9098167
2196	-395.3849	-568.9035	173.5186	0.7858397
2202	-390.1556	-563.6255	173.4699	0.8486135
2208	-390.294	-563.9322	173.6381	0.4969382
2214	-386.0176	-559.5396	173.5221	0.781068
2220	-389.2846	-562.842	173.5573	0.7287892
2226	-390.9796	-564.3801	173.4005	0.928019
2232	-389.8399	-563.4544	173.6146	0.6165935
2238	-383.8502	-557.426	173.5758	0.6979376
2244	-382.782	-556.418	173.636	0.5336698
2250	-383.7314	-557.3038	173.5724	0.7038589
2256	-385.9761	-559.5485	173.5724	0.7038589
2262	-380.8054	-554.399	173.5937	0.6642908
2268	-378.1095	-551.7032	173.5937	0.6642908
2274	-382.4015	-555.9561	173.5546	0.7331514
2280	-394.5406	-568.1573	173.6167	0.6108698
2286	-389.5833	-563.1646	173.5814	0.6879122
2292	-388.9844	-562.3928	173.4084	0.9194868
2298	-393.7258	-567.3335	173.6077	0.6335911
2304	-398.7905	-572.3544	173.564	0.7180635
2310	-397.2766	-570.7113	173.4346	0.890129
2316	-378.1452	-551.6593	173.5142	0.7918819
2322	-381.0695	-554.7001	173.6307	0.5635471
2328	-378.7561	-552.3557	173.5996	0.6519838
2334	-377.5486	-550.9036	173.355	0.9759703
2340	-399.3328	-572.6581	173.3253	1.005981
2346	-403.2994	-576.594	173.2945	1.036132
2352	-389.468	-563.0061	173.5381	0.7581411
2358	-392.3142	-565.8524	173.5381	0.7581411
2364	-392.8936	-566.2698	173.3762	0.9539894
2370	-389.386	-562.9071	173.521	0.7824675
2376	-384.0651	-557.6925	173.6274	0.5768371
2382	-385.5484	-559.0982	173.5499	0.7404711
2388	-386.5817	-560.1738	173.5921	0.6673375
2394	-389.3478	-562.9151	173.5673	0.7125214
2400	-388.1509	-561.7079	173.557	0.7293263
2406	-395.9267	-569.487	173.5603	0.7240338
2412	-390.6197	-564.169	173.5493	0.741311
2418	-391.9089	-565.4802	173.5713	0.7057546
2424	-389.8355	-563.4453	173.6098	0.6286832
2430	-389.9948	-563.4754	173.4807	0.8353453
2436	-387.1721	-560.6819	173.5097	0.7978686
2442	-390.6152	-564.1668	173.5516	0.7377862
2448	-387.9978	-561.503	173.5052	0.8039319
2454	-383.4336	-556.9356	173.502	0.8081445
2460	-379.5666	-553.1508	173.5842	0.6826935
2466	-377.2092	-550.6285	173.4193	0.9073706
2472	-376.7637	-550.3633	173.5995	0.6521047
2478	-381.3268	-554.8542	173.5274	0.7736049
2484	-388.7159	-562.2071	173.4911	0.8221797
2490	-385.5408	-559.0347	173.4939	0.8186518
2496	-388.4523	-562.0904	173.6381	0.4936961
2502	-389.1622	-562.6772	173.515	0.7907029
2508	-383.1131	-556.5394	173.4263	0.8995266
2514	-382.3703	-556.0036	173.6333	0.5506821
2520	-378.2308	-551.8074	173.5766	0.6964841
2526	-384.4855	-558.0394	173.5539	0.7342067
2532	-380.9185	-554.4724	173.5539	0.7342067
2538	-375.8066	-549.415	173.6085	0.6318238
2544	-377.0804	-550.6889	173.6085	0.6318238
2550	-379.6643	-553.1638	173.4995	0.8114224
2556	-381.4244	-554.9144	173.49	0.823609
2562	-383.3285	-556.9639	173.6353	0.4635495
2568	-385.8315	-559.4546	173.6231	0.5917627
2574	-388.9766	-562.4165	173.4399	0.8840925
2580	-388.3912	-562.0259	173.6347	0.4596437
2586	-389.5587	-563.115	173.5563	0.7304097
2592	-380.5435	-554.1736	173.6301	0.5660539
2598	-377.5044	-550.8137	173.3093	1.021733
2604	-379.3319	-552.8246	173.4927	0.8201924
2610	-376.6658	-550.2207	173.5549	0.7326281
2616	-382.1644	-555.6872	173.5228	0.7800305
2622	-382.6457	-556.2524	173.6067	0.6360421
2628	-392.0005	-565.6072	173.6067	0.6360421
2634	-392.8868	-566.1245	173.2377	1.089777
2640	-386.2342	-559.7544	173.5202	0.7836246
2646	-384.608	-558.2141	173.6061	0.6374185
2652	-378.4203	-552.0576	173.6373	0.5204581
2658	-377.4778	-551.069	173.5912	0.6691424
2664	-389.0087	-562.5366	173.5279	0.7728531
2670	-382.6123	-556.0034	173.391	0.9382542
2676	-387.2775	-560.6685	173.391	0.9382542
2682	-390.3577	-563.8835	173.5258	0.7758899
2688	-391.9444	-565.518	173.5737	0.7016304
2694	-380.8127	-554.3172	173.5046	0.8047548
2700	-391.9286	-565.4865	173.5579	0.7278133
2706	-394.3563	-567.9533	173.597	0.6575261
2712	-384.3004	-557.629	173.3286	1.002711
2718	-388.6348	-562.2201	173.5853	0.6806811
2724	-378.4796	-551.9618	173.4822	0.8334782
2730	-378.3474	-551.9805	173.6331	0.4517
2736	-376.5182	-550.1012	173.583	0.6848263
2742	-386.0075	-559.432	173.4245	0.9016473
2748	-385.441	-559.0558	173.6147	0.6160945
2754	-382.5721	-556.1887	173.6167	0.6108222
2760	-384.039	-557.576	173.5369	0.7599156
2766	-384.7303	-558.0414	173.3111	1.019967
2772	-381.5171	-554.8351	173.318	1.01317
2778	-391.4491	-565.0781	173.629	0.5705827
2784	-381.8191	-555.4267	173.6075	0.6341073
2790	-380.9004	-554.3502	173.4498	0.8725537
2796	-386.5026	-560.0737	173.5712	0.7059686
2802	-390.1861	-563.7802	173.5942	0.6632547
2808	-384.0897	-557.5144	173.4247	0.9013571
2814	-389.2387	-562.6334	173.3947	0.934352
2820	-388.4243	-562.0326	173.6082	0.6324841
2826	-384.5526	-558.17	173.6174	0.6088804
2832	-383.674	-557.2914	173.6174	0.6088804
2838	-378.1002	-551.6067	173.5065	0.8022182
2844	-373.2347	-546.7865	173.5517	0.7376346
2850	-377.754	-551.3268	173.5728	0.7031323
2856	-378.21	-551.8006	173.5906	0.6703066
2862	-380.1728	-553.6752	173.5025	0.8074713
2868	-381.7523	-555.1963	173.444	0.87942
2874	-388.3208	-561.7647	173.444	0.87942
2880	-387.9538	-561.4654	173.5116	0.7953702
2886	-383.6623	-557.2443	173.5821	0.6866315
2892	-382.0887	-555.5208	173.4321	0.892991
2898	-385.4998	-559.0774	173.5776	0.6946723
2904	-392.7488	-566.0521	173.3033	1.027647
2910	-387.0624	-560.6909	173.6286	0.5724171
2916	-384.4616	-557.822	173.3603	0.9704977
2922	-386.5691	-559.9252	173.3561	0.9748667
2928	-382.1644	-555.7238	173.5594	0.7254596
2934	-374.0578	-547.6909	173.6331	0.5520864
2940	-376.9518	-550.4684	173.5166	0.7885775
2946	-382.0314	-555.548	173.5166	0.7885775
2952	-387.0047	-560.4786	173.4739	0.8437511
2958	-387.4416	-560.99	173.5483	0.7428163
2964	-381.7519	-555.3608	173.6089	0.6309179
2970	-387.0846	-560.684	173.5993	0.6525439
2976	-387.383	-560.9539	173.5709	0.706495
2982	-386.151	-559.5829	173.4319	0.8932295
2988	-389.4591	-563.0058	173.5467	0.7452793
2994	-391.1912	-564.7849	173.5937	0.66422
3000	-386.7159	-560.3096	173.5937	0.66422
3006	-386.9183	-560.5043	173.5859	0.6793775
3012	-384.448	-558.0071	173.5591	0.7259187
3018	-388.7383	-562.2975	173.5591	0.7259187
3024	-390.0587	-563.6336	173.5749	0.6995724
3030	-392.7405	-566.2651	173.5246	0.7775321
3036	-393.041	-566.6726	173.6316	0.4451301
3042	-385.0424	-558.2534	173.211	1.114211
3048	-380.6638	-554.2417	173.5779	0.6942637
3054	-388.4445	-561.9958	173.5513	0.7382877
3060	-379.8244	-553.4464	173.622	0.5953341
3066	-377.375	-550.8128	173.4378	0.886463
3072	-384.2349	-557.8693	173.6344	0.544213
3078	-385.9339	-559.4104	173.4765	0.840487
3084	-385.2135	-558.7531	173.5396	0.7559448
3090	-393.9523	-567.5896	173.6373	0.4802452
3096	-392.4538	-565.8537	173.3999	0.9287144
3102	-395.5869	-569.2248	173.638	0.5094853
3108	-379.2571	-552.8391	173.582	0.6867658
3114	-380.5449	-553.9954	173.4505	0.8717304
3120	-382.0517	-555.5725	173.5208	0.7827736
3126	-393.0962	-566.617	173.5208	0.7827736
3132	-391.4609	-565.0674	173.6065	0.6365237
3138	-393.7869	-567.3197	173.5328	0.765831
3144	-393.4889	-566.7307	173.2418	1.085986
3150	-391.7663	-565.3916	173.6253	0.584501
3156	-389.8645	-563.3894	173.5249	0.7770822
3162	-386.9784	-560.61	173.6316	0.559453
3168	-388.0157	-561.4578	173.442	0.8816236
3174	-381.1538	-554.7914	173.6375	0.4829842
3180	-385.2882	-558.9009	173.6127	0.395482
3186	-385.4149	-558.9791	173.5642	0.7176223
3192	-386.0873	-559.7232	173.6359	0.5344772
3198	-379.4948	-553.1073	173.6125	0.621889
3204	-381.7762	-555.3601	173.5838	0.683366
3210	-379.9847	-553.5547	173.5701	0.7078609
3216	-382.665	-556.2351	173.5701	0.7078609
3222	-386.577	-560.1329	173.5559	0.7310308
3228	-393.4559	-566.9176	173.4618	0.8584568
3234	-387.1465	-560.7845	173.638	0.5086738
3240	-384.1753	-557.6989	173.5236	0.7789169
3246	-401.8694	-575.4723	173.6028	0.3786435
3252	-381.9681	-555.5418	173.5737	0.7016377
3258	-389.5645	-563.1332	173.5688	0.7100564
3264	-392.336	-565.8729	173.5369	0.7599445
3270	-393.5951	-567.0014	173.4063	0.9217798
3276	-392.5894	-566.0658	173.4764	0.8406481
3282	-385.4872	-559.0974	173.6102	0.6276995
3288	-385.0784	-558.5563	173.4779	0.8387587
3294	-385.0712	-558.3724	173.3012	1.029699
3300	-381.7538	-555.1909	173.437	0.8873838
3306	-394.9039	-568.4095	173.5056	0.803343
3312	-389.4374	-563.0272	173.5898	0.6720208
3318	-385.7185	-559.3309	173.6124	0.6222544
3324	-387.9562	-561.5729	173.6167	0.6108284
3330	-383.4898	-557.1065	173.6167	0.6108284
3336	-383.5759	-557.088	173.512	0.7947644
3342	-381.9064	-555.4185	173.512	0.7947644
3348	-380.4922	-554.0425	173.5503	0.7397356
3354	-385.8857	-559.4193	173.5336	0.7647734
3360	-378.9071	-552.52	173.6129	0.6209093
3366	-377.6732	-551.2861	173.6129	0.6209093
3372	-378.9153	-552.371	173.4557	0.8656038
3378	-380.8131	-554.0784	173.2653	1.064057
3384	-384.547	-558.1278	173.5809	0.6888232
3390	-384.6473	-558.2281	173.5809	0.6888232
3396	-392.4281	-566.0131	173.585	0.6811029
3402	-388.3862	-561.9634	173.5772	0.6954388
3408	-383.2503	-556.719	173.4686	0.8501536
3414	-391.5382	-564.9872	173.4489	0.8736436
3420	-391.373	-564.7249	173.3519	0.9791597
3426	-389.1108	-562.5318	173.421	0.9055207
3432	-382.3539	-555.76	173.4061	0.9219731
3438	-383.642	-557.0923	173.4504	0.8719415
3444	-384.0728	-557.6634	173.5905	0.6705052
3450	-382.7796	-556.3844	173.6048	0.3818233
3456	-391.1712	-564.6271	173.4558	0.8655255
3462	-385.9992	-559.5791	173.5799	0.6905612
3468	-381.0604	-554.6601	173.5998	0.6515959
3474	-382.311	-555.8192	173.5082	0.7999526
3480	-389.4234	-563.0606	173.6373	0.4795467
3486	-384.5006	-557.9673	173.4667	0.8524757
3492	-385.687	-559.2621	173.5751	0.6991084
3498	-388.7616	-562.1909	173.4292	0.896268
3504	-397.6448	-571.0609	173.4162	0.9108811
3510	-383.6398	-557.2632	173.6234	0.5909008
3516	-386.8141	-560.4198	173.6057	0.6383355
3522	-387.3667	-560.8163	173.4497	0.8727388
3528	-382.6408	-556.2621	173.6213	0.5974501
3534	-384.2751	-557.842	173.5669	0.7131067
3540	-385.7057	-559.2726	173.5669	0.7131067
3546	-381.4471	-555.0844	173.6373	0.5211406
3552	-385.5676	-558.9866	173.4189	0.9078171
3558	-390.436	-564.0183	173.5823	0.6862537
3564	-400.183	-573.523	173.34	0.9912607
3570	-389.4469	-563.085	173.6381	0.5060584
3576	-378.1255	-551.6972	173.5717	0.7050837
3582	-386.1235	-559.5004	173.3769	0.9532909
3588	-391.7493	-565.2761	173.5268	0.7744488
3594	-393.6511	-567.1013	173.4503	0.8720719
3600	-393.1144	-566.719	173.6046	0.6410091
3606	-389.1372	-562.6496	173.5125	0.7941875
3612	-396.0906	-569.6921	173.6015	0.6478344
3618	-384.8091	-558.425	173.6159	0.6130463
3624	-383.2259	-556.8407	173.6148	0.6158674
3630	-387.972	-561.5745	173.6026	0.6454873
3636	-385.8861	-559.3969	173.5107	0.796514
3642	-385.5004	-558.9451	173.4447	0.8786001
3648	-388.1793	-561.7723	173.593	0.6656212
3654	-400.3184	-573.9507	173.6323	0.4478022
3660	-390.9166	-564.4051	173.4884	0.8256007
3666	-381.2535	-554.7839	173.5304	0.7693703
3672	-385.1887	-558.7206	173.5319	0.7672306
3678	-384.5664	-557.9667	173.4003	0.9282431
3684	-377.4418	-550.9467	173.5049	0.8042889
3690	-378.183	-551.7846	173.6016	0.6475242
3696	-384.7571	-558.3937	173.6366	0.4728372
3702	-390.1229	-563.7479	173.625	0.4232182
3708	-389.7243	-563.3539	173.6296	0.5681543
3714	-383.7016	-557.171	173.4694	0.8492165
3720	-376.7048	-550.3045	173.5997	0.6516778
3726	-379.609	-553.236	173.6269	0.5785714
3732	-375.8963	-549.4892	173.5929	0.6657679
3738	-379.7709	-553.3692	173.5982	0.65485
3744	-384.889	-558.4657	173.5767	0.6963424
3750	-386.6171	-560.2496	173.6325	0.5551916
3756	-382.2705	-555.8998	173.6292	0.5696536
3762	-396.0782	-569.5729	173.4946	0.8176665
3768	-393.6586	-567.2678	173.6092	0.6302132
3774	-390.1671	-563.7324	173.5653	0.7158516
3780	-392.6425	-566.1732	173.5306	0.7690048
3786	-396.4215	-570.0565	173.635	0.4613152
3792	-387.9478	-561.5602	173.6124	0.6220668
3798	-395.8239	-569.2391	173.4152	0.9119667
3804	-388.3799	-561.9769	173.597	0.6575365
3810	-384.5083	-558.1276	173.6193	0.6033093
3816	-381.2474	-554.7038	173.4564	0.8647962
3822	-389.6326	-562.948	173.3155	1.015703
3828	-382.4305	-556.013	173.5826	0.6856674
3834	-378.4123	-551.7766	173.3643	0.9664544
3840	-377.0899	-550.7187	173.6288	0.5715892
3846	-382.4872	-556.0289	173.5417	0.7529132
3852	-385.2169	-558.8077	173.5909	0.6699042
3858	-387.7887	-561.4159	173.6272	0.5777761
3864	-390.3225	-563.7055	173.3829	0.9468706
3870	-383.3318	-556.9315	173.5997	0.6516704
3876	-387.3803	-560.9529	173.5726	0.7034604
3882	-387.9385	-561.4146	173.4761	0.8410204
3888	-383.2844	-556.8389	173.5545	0.7332072
3894	-392.4979	-566.1336	173.6358	0.5353118
3900	-385.636	-559.199	173.5629	0.7197318
3906	-391.2261	-564.4748	173.2487	1.079586
3912	-381.5379	-554.9824	173.4445	0.8788126
3918	-375.808	-549.2484	173.4403	0.8835869
3924	-386.2845	-559.635	173.3505	0.9805988
3930	-391.8881	-565.4799	173.5918	0.668015
3936	-388.8876	-562.5167	173.6292	0.5698813
3942	-385.1333	-558.7638	173.6306	0.5639549
3948	-387.414	-561.0152	173.6012	0.6484334
3954	-398.8739	-572.4663	173.5924	0.6668325
3960	-389.7779	-563.1847	173.4068	0.9212569
3966	-385.2467	-558.7393	173.4926	0.8203238
3972	-384.0663	-557.4512	173.3849	0.944792
3978	-382.4527	-555.9328	173.48	0.8361675
3984	-388.9337	-562.5395	173.6058	0.6382078
3990	-385.766	-559.1894	173.4234	0.902827
3996	-389.7732	-563.4098	173.6366	0.4723967
4002	-384.7641	-558.3464	173.5824	0.6860989
4008	-390.5664	-564.0803	173.5139	0.7922556
4014	-388.0763	-561.5815	173.5052	0.8038966
4020	-390.9596	-564.513	173.5534	0.7349711
4026	-390.8023	-564.1285	173.3263	1.005002
4032	-382.4722	-556.098	173.6258	0.5825797
4038	-379.8615	-553.4873	173.6258	0.5825797
4044	-387.1387	-560.7363	173.5976	0.6561692
4050	-388.9022	-562.3479	173.4457	0.8774019
4056	-382.6166	-556.2432	173.6265	0.5800483
4062	-379.2985	-552.8851	173.5866	0.6782199
4068	-386.8669	-560.4875	173.6206	0.5996105
4074	-389.0663	-562.633	173.5667	0.7135015
4080	-383.8542	-557.4017	173.5476	0.7440223
4086	-385.1188	-558.723	173.6043	0.6416345
4092	-387.191	-560.7453	173.5543	0.7335364
4098	-385.592	-559.2301	173.6381	0.504913
4104	-375.332	-548.7679	173.4359	0.8887104
4110	-380.2516	-553.8471	173.5955	0.6606438
4116	-379.8539	-553.4902	173.6363	0.4701815
4122	-387.5941	-561.2213	173.6272	0.5774627
4128	-380.9546	-554.5909	173.6364	0.5303877
4134	-389.9542	-563.5832	173.629	0.5708325
4140	-377.1172	-550.6854	173.5682	0.7110508
4146	-387.1813	-560.7804	173.5992	0.6528963
4152	-381.5594	-555.0879	173.5285	0.7719497
4158	-387.6181	-561.1572	173.5391	0.756735
4164	-379.9172	-553.4633	173.5461	0.7462366
4170	-389.6012	-563.2078	173.6066	0.6362068
4176	-388.9211	-562.4959	173.5748	0.6996369
4182	-394.7257	-568.238	173.5123	0.7944686
4188	-394.7615	-568.2738	173.5123	0.7944686
4194	-388.3996	-561.9302	173.5306	0.7690427
4200	-387.2873	-560.8625	173.5752	0.6989083
4206	-380.7161	-554.184	173.4678	0.8511236
4212	-395.904	-569.3719	173.4678	0.8511236
4218	-387.6076	-561.1195	173.5119	0.7949796
4224	-385.072	-558.5839	173.5119	0.7949796
4230	-386.1818	-559.8199	173.6381	0.5035664
4236	-387.5846	-561.2226	173.638	0.4919213
4242	-386.5561	-560.1729	173.6168	0.6104315
4248	-386.0796	-559.5338	173.4542	0.8674815
4254	-382.1002	-555.5427	173.4425	0.8811012
4260	-379.0214	-552.5462	173.5248	0.7773037
4266	-379.0694	-552.7054	173.6359	0.5338223
4272	-374.5265	-548.1421	173.6156	0.6138451
4278	-372.8591	-546.363	173.5038	0.8056949
4284	-378.5257	-552.0102	173.4844	0.8306721
4290	-375.0178	-548.5425	173.5247	0.7773652
4296	-383.4492	-557.0358	173.5865	0.356091
4302	-382.1701	-555.7713	173.6011	0.6486096
4308	-391.5342	-564.8448	173.3106	1.020447
4314	-382.8699	-556.4508	173.5809	0.688788
4320	-380.9897	-554.6146	173.6249	0.5858511
4326	-385.7286	-559.2865	173.5579	0.7278088
4332	-390.8277	-564.4203	173.5927	0.6662614
4338	-386.1626	-559.7289	173.5663	0.714176
4344	-384.5163	-558.0089	173.4926	0.820265
4350	-389.4467	-562.9399	173.4932	0.8194791
4356	-383.5152	-557.0524	173.5372	0.7594586
4362	-378.6017	-552.2205	173.6188	0.6048551
4368	-380.5592	-554.1729	173.6137	0.6188563
4374	-384.3897	-558.0069	173.6172	0.6093979
4380	-384.1948	-557.7544	173.5596	0.7251757
4386	-396.7001	-570.2596	173.5596	0.7251757
4392	-394.2469	-567.819	173.5721	0.7043798
4398	-385.7972	-559.3693	173.5721	0.7043798
4404	-382.9626	-556.5347	173.5721	0.7043798
4410	-385.4843	-559.0657	173.5814	0.6878799
4416	-400.5922	-574.2224	173.6301	0.5659127
4422	-395.6292	-569.222	173.5927	0.6661398
4428	-388.9535	-562.5816	173.6282	0.5739708
4434	-386.2216	-559.7296	173.508	0.8001897
4440	-379.38	-552.8468	173.4667	0.8524755
4446	-374.8805	-548.2794	173.3989	0.9297725
4452	-388.294	-561.8921	173.5981	0.6551241
4458	-386.8493	-560.4853	173.636	0.5330784
4464	-392.1521	-565.6065	173.4544	0.8671992
4470	-381.1318	-554.4209	173.2891	1.04139
4476	-377.2077	-550.8267	173.619	0.6042158
4482	-385.1712	-558.797	173.6257	0.5829613
4488	-379.4832	-553.1211	173.6379	0.4890345
4494	-387.3896	-560.8159	173.4263	0.8996148
4500	-386.8986	-560.5133	173.6147	0.6163121
4506	-384.7638	-558.3335	173.5697	0.7084265
4512	-387.0749	-560.7072	173.6323	0.5558947
4518	-392.7741	-566.3869	173.6128	0.6211394
4524	-382.2458	-555.8024	173.5567	0.7298469
4530	-383.5416	-556.9629	173.4213	0.9051644
4536	-387.8254	-561.4609	173.6355	0.5373456
4542	-385.1326	-558.5604	173.4278	0.8978941
4548	-386.7966	-560.4304	173.6338	0.4549712
4554	-391.0121	-564.5425	173.5304	0.7692659
4560	-383.1134	-556.7444	173.631	0.4425473
4566	-384.3209	-557.8812	173.5602	0.7241786
4572	-392.2523	-565.8289	173.5766	0.6965706
4578	-388.8283	-562.3501	173.5219	0.7813487
4584	-392.4927	-566.073	173.5802	0.689971
4590	-389.0115	-562.4587	173.4473	0.875551
4596	-378.3134	-551.8489	173.5355	0.7619603
4602	-383.4305	-556.966	173.5355	0.7619603
4608	-380.9608	-554.5575	173.5967	0.6580957
4614	-386.0875	-559.6842	173.5967	0.6580957
4620	-395.9849	-569.6196	173.6347	0.5426115
4626	-394.7264	-568.3641	173.6377	0.5153047
4632	-389.2373	-562.7938	173.5565	0.7301632
4638	-388.4204	-561.7495	173.3292	1.002117
4644	-390.032	-563.6478	173.6158	0.6132832
4650	-386.8099	-560.1878	173.3779	0.9522098
4656	-390.3003	-563.9275	173.6272	0.5775547
4662	-386.7931	-560.4203	173.6272	0.5775547
4668	-384.436	-557.9255	173.4895	0.8242108
4674	-385.5816	-559.0456	173.464	0.855761
4680	-384.3109	-557.7666	173.4557	0.8656046
4686	-388.3889	-562.0237	173.6349	0.4606629
4692	-387.6436	-561.0253	173.3817	0.9482417
4698	-379.059	-552.6951	173.636	0.4682722
4704	-375.374	-549.0116	173.6376	0.5170528
4710	-380.6142	-554.2518	173.6376	0.5170528
4716	-382.4701	-555.6852	173.2151	1.110536
4722	-380.3778	-554.0159	173.6381	0.5039439
4728	-386.9825	-560.3981	173.4156	0.911469
4734	-390.2117	-563.6273	173.4156	0.911469
4740	-392.552	-565.8782	173.3262	1.005066
4746	-380.1141	-553.6411	173.527	0.7741091
4752	-381.0524	-554.5155	173.4631	0.8568241
4758	-392.1051	-565.7242	173.619	0.6042379
4764	-394.0033	-567.6196	173.6163	0.6120114
4770	-385.8709	-559.3636	173.4926	0.8202468
4776	-385.7355	-559.3393	173.6038	0.6426499
4782	-388.857	-562.494	173.6371	0.4771138
4788	-399.8103	-573.379	173.5687	0.7101896
4794	-386.9173	-560.4124	173.4952	0.8170013
4800	-394.8891	-568.2128	173.3237	1.007597
4806	-385.2564	-558.831	173.5746	0.7000532
4812	-388.6332	-562.1615	173.5283	0.7723016
4818	-385.269	-558.853	173.584	0.6830299
4824	-385.9146	-559.5237	173.6091	0.6303997
4830	-387.5711	-561.1802	173.6091	0.6303997
4836	-383.3385	-556.8969	173.5585	0.726962
4842	-386.0972	-559.5981	173.501	0.8094849
4848	-385.9847	-559.4966	173.5118	0.7950654
4854	-390.7307	-564.0388	173.308	1.02298
4860	-381.9716	-555.3505	173.3789	0.9511736
4866	-388.9957	-562.5061	173.5103	0.7970521
4872	-385.8188	-559.2812	173.4624	0.8576364
4878	-384.3376	-557.8	173.4624	0.8576364
4884	-382.2963	-555.8266	173.5303	0.7694793
4890	-383.8036	-557.3512	173.5476	0.7439259
4896	-378.417	-551.9981	173.581	0.6885147
4902	-392.538	-566.0828	173.5448	0.7482334
4908	-394.778	-568.3683	173.5902	0.6711051
4914	-397.2843	-570.8061	173.5218	0.7813596
4920	-396.4757	-569.9394	173.4637	0.8560966
4926	-382.3351	-555.7988	173.4637	0.8560966
4932	-389.3671	-562.9589	173.5918	0.6679859
4938	-394.1539	-567.4262	173.2723	1.057379
4944	-386.4022	-560.0133	173.6111	0.6254281
4950	-385.4852	-559.0574	173.5722	0.7041562
4956	-389.759	-563.2292	173.4702	0.8482266
4962	-392.1311	-565.5914	173.4603	0.8601917
4968	-390.0162	-563.4397	173.4235	0.9026849
4974	-380.9745	-554.4866	173.5121	0.7946276
4980	-381.9846	-555.5607	173.5761	0.6974333
4986	-391.4607	-565.0942	173.6334	0.4530786
4992	-385.4753	-558.9798	173.5044	0.804937
4998	-389.3141	-562.8186	173.5044	0.804937
5004	-390.9462	-564.3514	173.4052	0.9229586
5010	-392.1574	-565.7709	173.6135	0.6193724
5016	-381.5987	-555.2009	173.6022	0.6462363
5022	-386.168	-559.3652	173.1972	1.126693
5028	-381.4919	-554.9543	173.4624	0.8576849
5034	-383.1009	-556.6259	173.525	0.7769075
5040	-384.3096	-557.428	173.1184	1.19585
5046	-387.1844	-560.7961	173.6117	0.6238231
5052	-385.8545	-559.4844	173.6299	0.5669348
5058	-387.0588	-560.5084	173.4496	0.8728485
5064	-392.4517	-566.0757	173.624	0.5887172
5070	-386.3473	-559.8399	173.4926	0.8202547
5076	-382.1799	-555.7727	173.5928	0.665951
5082	-387.3769	-560.5421	173.1652	1.155161
5088	-389.0504	-562.5014	173.451	0.871256
5094	-395.7624	-569.3914	173.6289	0.4351981
5100	-389.3393	-562.7917	173.4525	0.8694867
5106	-394.8583	-568.1688	173.3106	1.020498
5112	-384.4879	-558.035	173.5471	0.7447003
5118	-387.6518	-561.1631	173.5114	0.795656
5124	-390.8282	-564.4328	173.6045	0.3813213
5130	-385.1988	-558.7575	173.5587	0.7266575
5136	-393.5545	-566.9923	173.4377	0.8865685
5142	-398.8014	-572.2392	173.4377	0.8865685
5148	-393.0045	-566.551	173.5466	0.7455386
5154	-387.4679	-561.0321	173.5642	0.7176499
5160	-386.148	-559.7121	173.5641	0.7177754
5166	-387.237	-560.8181	173.5811	0.6883842
5172	-379.3609	-552.9089	173.548	0.7433436
5178	-378.9472	-552.316	173.3689	0.961677
5184	-376.5731	-550.1112	173.5381	0.7581679
5190	-376.6997	-550.2019	173.5022	0.8078513
5196	-385.7088	-559.2377	173.5288	0.7715472
5202	-388.8141	-562.395	173.5809	0.6886964
5208	-390.9203	-564.3738	173.4535	0.8682556
5214	-386.3409	-559.8302	173.4894	0.8244229
5220	-396.9246	-570.5627	173.6381	0.5007031
5226	-390.3317	-563.9141	173.5824	0.6859321
5232	-390.5529	-564.1777	173.6248	0.5861823
5238	-393.1045	-566.4602	173.3557	0.9752878
5244	-397.5171	-570.8336	173.3165	1.014703
5250	-382.6345	-556.0307	173.3962	0.9326984
5256	-393.3965	-566.9519	173.5554	0.7318781
5262	-391.7463	-565.3017	173.5554	0.7318781
5268	-384.0603	-557.6157	173.5554	0.7318781
5274	-383.7616	-557.3958	173.6342	0.5457513
5280	-392.6172	-566.0534	173.4362	0.8883245
5286	-395.8826	-569.5106	173.628	0.5746261
5292	-395.8151	-569.4431	173.628	0.5746261
5298	-393.0025	-566.4278	173.4253	0.9007138
5304	-394.8237	-568.1012	173.2775	1.052459
5310	-393.6904	-567.1218	173.4315	0.8937522
5316	-400.1991	-573.8082	173.609	0.630536
5322	-393.3703	-566.9966	173.6264	0.5807145
5328	-400.3138	-573.8538	173.54	0.7553086
5334	-386.1566	-559.7012	173.5447	0.7484056
5340	-377.7912	-551.0964	173.3051	1.025826
5346	-381.4025	-554.9094	173.5069	0.8016039
5352	-383.528	-556.9671	173.439	0.8851046
5358	-383.2689	-556.7541	173.4852	0.8296681
5364	-385.7485	-559.2337	173.4852	0.8296681
5370	-384.9433	-558.3177	173.3744	0.9558318
5376	-387.8211	-561.0474	173.2263	1.1003
5382	-375.8545	-549.4669	173.6124	0.6221676
5388	-376.9802	-550.5905	173.6103	0.6274913
5394	-382.1833	-555.7718	173.5885	0.6745668
5400	-373.847	-547.4606	173.6136	0.6191153
5406	-381.1183	-554.6827	173.5644	0.7173921
5412	-379.9034	-553.5166	173.6132	0.6201896
5418	-384.2147	-557.8528	173.6381	0.4950411
5424	-384.1643	-557.8022	173.6379	0.5116546
5430	-385.8312	-559.443	173.6118	0.6237064
5436	-386.7311	-560.2133	173.4822	0.8334952
5442	-388.5717	-562.113	173.5413	0.7533821
5448	-381.7556	-555.2969	173.5413	0.7533821
5454	-380.021	-553.4877	173.4667	0.8525434
5460	-375.6522	-549.2777	173.6255	0.5836912
5466	-383.2311	-556.8404	173.6092	0.6300321
5472	-384.3688	-557.9781	173.6092	0.6300321
5478	-392.1797	-565.5663	173.3866	0.9430056
5484	-381.6717	-555.0504	173.3787	0.951357
5490	-384.7201	-558.2639	173.5437	0.7498313
5496	-387.3316	-560.9262	173.5946	0.6624261
5502	-391.3733	-564.9679	173.5946	0.6624261
5508	-395.9425	-569.4029	173.4604	0.860065
5514	-402.0598	-575.6483	173.5884	0.3584824
5520	-383.5527	-557.1669	173.6142	0.6174687
5526	-387.8823	-561.4782	173.5959	0.6597488
5532	-394.1041	-567.6282	173.5242	0.7781342
5538	-387.6787	-561.079	173.4003	0.9282769
5544	-381.5124	-555.1027	173.5902	0.6710924
5550	-378.8976	-552.5179	173.6203	0.600474
5556	-376.9545	-550.4986	173.5441	0.7492357
5562	-397.0102	-570.648	173.6378	0.5120665
5568	-386.2265	-559.7735	173.547	0.7448472
5574	-390.8102	-564.3199	173.5097	0.7979085
5580	-384.8181	-558.1204	173.3023	1.02862
5586	-380.1844	-553.6818	173.4973	0.8141971
5592	-379.0207	-552.4819	173.4611	0.8592049
5598	-380.1334	-553.6581	173.5247	0.7774379
5604	-387.4926	-561.0135	173.5209	0.7826947
5610	-383.2415	-556.8088	173.5673	0.7125812
5616	-388.7288	-562.3666	173.6378	0.486869
5622	-388.0983	-561.7309	173.6326	0.4492414
5628	-385.1073	-558.6005	173.4932	0.8194941
5634	-390.294	-563.8915	173.5974	0.6565424
5640	-385.913	-559.4576	173.5446	0.7485447
5646	-383.9217	-557.4745	173.5528	0.7359393
5652	-386.1802	-559.6875	173.5073	0.8011183
5658	-391.5827	-565.1685	173.5858	0.6796463
5664	-387.4949	-560.8214	173.3264	1.004849
5670	-391.9108	-565.4596	173.5488	0.7421363
5676	-394.9704	-568.45	173.4796	0.8367176
5682	-398.3541	-571.7902	173.4362	0.8883523
5688	-404.378	-577.9649	173.5869	0.6775828
5694	-404.2178	-577.6277	173.4099	0.9178152
5700	-403.4395	-576.6426	173.2031	1.121359
5706	-398.6459	-572.1558	173.5099	0.7976698
5712	-393.5891	-567.014	173.4249	0.9011027
5718	-394.5752	-568.1361	173.5609	0.7230803
5724	-384.969	-558.4367	173.4678	0.8512187
5730	-386.1832	-559.7912	173.608	0.6328807
5736	-392.7249	-566.3615	173.6365	0.5288881
5742	-384.2546	-557.8257	173.5711	0.7060482
5748	-394.4922	-567.9154	173.4232	0.9030468
5754	-381.5186	-555.0921	173.5735	0.7018481
5760	-390.2393	-563.7339	173.4946	0.8177456
5766	-387.1388	-560.6245	173.4858	0.8289841
5772	-385.059	-558.5303	173.4713	0.8469286
5778	-384.6183	-558.2286	173.6103	0.6273631
5784	-389.463	-563.0899	173.6269	0.5788346
5790	-381.7507	-555.1257	173.375	0.9552704
5796	-379.2473	-552.8532	173.6059	0.6380182
5802	-392.9031	-566.4686	173.5655	0.7155597
5808	-384.0459	-557.5628	173.5169	0.7882005
5814	-382.3086	-555.8881	173.5795	0.6912759
5820	-394.7677	-568.3974	173.6297	0.5677518
5826	-392.4302	-565.9898	173.5596	0.7251521
5832	-388.8541	-562.475	173.6208	0.598849
5838	-392.33	-565.8835	173.5535	0.3215085
5844	-387.5742	-561.1771	173.6029	0.6447028
5850	-390.634	-564.258	173.6241	0.4207758
5856	-389.2068	-562.8447	173.6378	0.4879984
5862	-389.7322	-563.2759	173.5437	0.7498658
5868	-394.9075	-568.315	173.4074	0.920521
5874	-407.537	-581.1305	173.5935	0.6645461
5880	-397.2967	-570.8652	173.5685	0.7104654
5886	-388.8554	-562.1886	173.3331	0.9981516
5892	-387.0982	-560.6303	173.532	0.7669529
5898	-376.8753	-550.4074	173.532	0.7669529
5904	-381.3188	-554.7979	173.479	0.8373965
5910	-383.0224	-556.6581	173.6357	0.5355807
5916	-384.924	-558.5168	173.5928	0.6661257
5922	-383.6509	-557.2491	173.5982	0.6549708
5928	-386.6666	-560.2981	173.6315	0.5600533
5934	-389.1904	-562.6227	173.4323	0.8927915
5940	-389.5409	-563.1584	173.6175	0.4051177
5946	-389.4764	-563.0939	173.6175	0.4051177
5952	-397.225	-570.8452	173.6202	0.411146
5958	-387.82	-561.4535	173.6335	0.5499227
5964	-384.5465	-558.0913	173.5447	0.7482729
5970	-397.0096	-570.4899	173.4804	0.8357441
5976	-382.5546	-556.035	173.4804	0.8357441
5982	-379.5241	-553.085	173.5609	0.723054
5988	-381.4817	-555.0366	173.5549	0.7326287
5994	-389.2429	-562.7978	173.5549	0.7326287
6000	-385.2089	-558.6929	173.484	0.8311638
6006	-385.052	-558.5433	173.4912	0.8220635
6012	-390.0783	-563.7123	173.634	0.5470979
6018	-383.3781	-556.8822	173.504	0.8054228
6024	-380.5829	-554.1622	173.5793	0.691709
6030	-386.7295	-560.3183	173.5888	0.6738818
6036	-389.6309	-563.0764	173.4455	0.8775984
6042	-386.7311	-560.2353	173.5042	0.8051936
6048	-383.1383	-556.7084	173.5701	0.7077418
6054	-376.571	-550.139	173.568	0.7113523
6060	-379.6693	-553.2151	173.5458	0.7467177
6066	-385.6912	-559.2409	173.5497	0.7407801
6072	-388.1349	-561.7272	173.5923	0.6669518
6078	-385.1448	-558.7372	173.5923	0.6669518
6084	-385.6157	-559.1094	173.4937	0.8189396
6090	-379.3029	-552.9209	173.618	0.6071493
6096	-379.0495	-552.6679	173.6184	0.606034
6102	-388.3059	-561.8809	173.575	0.6992902
6108	-387.9356	-561.5618	173.6262	0.5813418
6114	-396.1483	-569.7786	173.6304	0.5649718
6120	-393.9089	-567.5245	173.6157	0.6136152
6126	-395.2824	-568.7993	173.5169	0.7881339
6132	-388.9732	-562.5536	173.5804	0.6897127
6138	-388.2473	-561.7562	173.5088	0.7990992
6144	-388.8935	-562.4486	173.5552	0.7322021
6150	-387.8875	-561.4653	173.5778	0.6944029
6156	-392.968	-566.5212	173.5531	0.3211478
6162	-393.038	-566.6102	173.5722	0.7041308
6168	-392.2808	-565.853	173.5722	0.7041308
6174	-390.7465	-564.3684	173.6219	0.5956218
6180	-393.0841	-566.1978	173.1137	1.199915
6186	-403.0045	-576.3542	173.3497	0.9814514
6192	-397.7588	-571.1001	173.3413	0.989959
6198	-394.4316	-567.9551	173.5235	0.7790733
6204	-395.7533	-569.0945	173.3413	0.9899753
6210	-397.7745	-571.275	173.5005	0.8100717
6216	-400.6517	-574.1844	173.5326	0.7660869
6222	-397.5921	-571.23	173.6379	0.5102567
6228	-394.8916	-568.3982	173.5066	0.8020486
6234	-394.324	-567.8574	173.5334	0.7650232
6240	-387.7258	-561.3635	173.6377	0.5149085
6246	-388.051	-561.6312	173.5802	0.6899838
6252	-388.8362	-562.4487	173.6124	0.6220926
6258	-386.7254	-560.1483	173.4229	0.9034261
6264	-398.8216	-572.4266	173.605	0.6399839
6270	-385.8169	-559.3892	173.5722	0.7041317
6276	-379.5827	-553.1549	173.5722	0.7041317
6282	-381.7525	-555.3155	173.563	0.7196222
6288	-385.3719	-558.8819	173.51	0.7975049
6294	-380.6894	-554.175	173.4855	0.8292524
6300	-387.6576	-561.2835	173.6259	0.5823486
6306	-380.641	-554.2669	173.6259	0.5823486
6312	-386.6037	-560.2296	173.6259	0.5823486
6318	-380.2365	-553.6465	173.41	0.917739
6324	-377.7182	-551.1281	173.41	0.917739
6330	-390.2464	-563.73	173.4836	0.8317312
6336	-385.9046	-559.4271	173.5225	0.7804573
6342	-381.8696	-555.5078	173.6381	0.498003
6348	-382.1008	-555.6876	173.5869	0.6776356
6354	-378.3462	-551.9674	173.6212	0.5976551
6360	-386.0927	-559.7139	173.6212	0.5976551
6366	-394.1093	-567.706	173.5967	0.6580134
6372	-388.9071	-562.4683	173.5612	0.7225498
6378	-392.3291	-565.883	173.5539	0.7341663
6384	-401.4535	-574.8923	173.4387	0.8854258
6390	-396.1943	-569.6994	173.5051	0.8040134
6396	-396.201	-569.725	173.524	0.7783235
6402	-393.8081	-567.3177	173.5096	0.7980555
6408	-388.172	-561.6816	173.5096	0.7980555
6414	-393.4673	-567.0456	173.5784	0.6933615
6420	-395.1429	-568.6006	173.4577	0.8632782
6426	-387.9726	-561.609	173.6364	0.4707688
6432	-384.9777	-558.6157	173.638	0.4917184
6438	-397.037	-570.244	173.207	1.117808
6444	-390.9311	-564.5341	173.603	0.644484
6450	-383.3545	-556.801	173.4464	0.8765292
6456	-379.644	-552.9482	173.3042	1.026718
6462	-386.0716	-559.7069	173.6353	0.5388707
6468	-383.2466	-556.8571	173.6105	0.6268607
6474	-381.4618	-555.0091	173.5473	0.7444514
6480	-391.0779	-564.6251	173.5473	0.7444514
6486	-382.8743	-556.2975	173.4232	0.9030018
6492	-386.6671	-560.2811	173.614	0.6180766
6498	-379.095	-552.6372	173.5422	0.7521314
6504	-387.7269	-561.2636	173.5367	0.7602475
6510	-392.0425	-565.5154	173.4729	0.8449224
6516	-389.3588	-562.9392	173.5804	0.6896287
6522	-398.0714	-571.2693	173.1979	1.12609
6528	-396.9752	-570.5998	173.6245	0.5871134
6534	-390.8658	-564.3777	173.5119	0.7949757
6540	-382.2126	-555.7245	173.5119	0.7949757
6546	-386.7348	-560.147	173.4122	0.9153021
6552	-396.9939	-570.2379	173.244	1.083937
6558	-388.3733	-561.9119	173.5386	0.7573809
6564	-391.1079	-564.5715	173.4636	0.8562684
6570	-385.6582	-559.1626	173.5044	0.8049135
6576	-385.1558	-558.7859	173.6301	0.5662127
6582	-387.3507	-560.8432	173.4926	0.8203341
6588	-383.6519	-557.2773	173.6253	0.5843381
6594	-383.9684	-557.3819	173.4135	0.9138574
6600	-387.5664	-560.9799	173.4135	0.9138574
6606	-387.0198	-560.4613	173.4415	0.8822135
6612	-381.078	-554.6329	173.5549	0.7326516
6618	-387.244	-560.8377	173.5936	0.6643925
6624	-389.7827	-563.4185	173.6358	0.5348914
6630	-385.4981	-558.9091	173.411	0.9165735
6636	-377.5653	-551.0014	173.4361	0.8884974
6642	-380.3746	-553.788	173.4133	0.9140263
6648	-379.9316	-553.5244	173.5928	0.6660574
6654	-389.176	-562.7736	173.5977	0.370921
6660	-385.4001	-558.8616	173.4615	0.8587366
6666	-390.1981	-563.6235	173.4254	0.9006423
6672	-386.2599	-559.8193	173.5594	0.7255246
6678	-376.939	-550.5434	173.6043	0.6414991
6684	-375.549	-549.187	173.6381	0.5059172
6690	-382.9943	-556.5178	173.5234	0.7791363
6696	-390.1678	-563.7934	173.6257	0.5832265
6702	-386.1199	-559.5351	173.4153	0.911893
6708	-381.9913	-555.6005	173.6091	0.6303189
6714	-382.5909	-556.0935	173.5025	0.8074072
6720	-390.6695	-564.3072	173.6377	0.5144043
6726	-397.5264	-571.0332	173.5068	0.8017168
6732	-394.8494	-568.3718	173.5224	0.7805314
6738	-384.1354	-557.7663	173.6309	0.5624265
6744	-387.3127	-560.7482	173.4355	0.889118
6750	-390.2107	-563.7685	173.5578	0.7280482
6756	-385.362	-558.9645	173.6024	0.6457791
6762	-390.6323	-564.2339	173.6016	0.6476125
6768	-381.2486	-554.7192	173.4705	0.8478309
6774	-386.9817	-560.6016	173.6199	0.601614
6780	-387.6034	-561.0943	173.4908	0.8225568
6786	-388.9892	-562.6106	173.6214	0.5971599
6792	-382.5533	-556.1889	173.6356	0.536269
6798	-387.2747	-560.9109	173.6362	0.5319783
6804	-383.7735	-557.4026	173.629	0.5705997
6810	-390.8574	-564.4521	173.5947	0.6620909
6816	-380.955	-554.5552	173.6002	0.6506434
6822	-380.1821	-553.6953	173.5132	0.7932569
6828	-380.9222	-554.2499	173.3277	1.003554
6834	-383.7493	-557.3664	173.6171	0.6096839
6840	-378.0613	-551.6383	173.577	0.6957302
6846	-381.1987	-554.8333	173.6345	0.5435537
6852	-386.6152	-560.2258	173.6107	0.6265074
6858	-386.5527	-560.1396	173.5869	0.6776206
6864	-391.9012	-565.5253	173.624	0.5887678
6870	-389.3861	-562.7662	173.3801	0.9499011
6876	-383.3679	-556.9783	173.6104	0.6271434
6882	-383.0921	-556.7302	173.6381	0.5016693
6888	-393.4966	-567.1039	173.6073	0.6347071
6894	-389.8323	-563.2374	173.4051	0.9230935
6900	-391.9864	-565.5897	173.6033	0.6437369
6906	-386.3114	-559.6932	173.3818	0.9481362
6912	-392.3809	-565.9655	173.5846	0.6819844
6918	-392.3993	-565.82	173.4207	0.9058076
6924	-393.8984	-567.4907	173.5923	0.6670264
6930	-403.8972	-577.3078	173.4106	0.9170065
6936	-391.2962	-564.8795	173.5833	0.6843383
6942	-400.1224	-573.7057	173.5833	0.6843383
6948	-389.9958	-563.5791	173.5833	0.6843383
6954	-391.7118	-565.315	173.6032	0.6439913
6960	-388.8777	-562.4415	173.5638	0.7182996
6966	-387.44	-561.0335	173.5935	0.6645333
6972	-392.2814	-565.7093	173.4279	0.8978248
6978	-382.6962	-556.1212	173.425	0.9009821
6984	-383.0815	-556.6812	173.5996	0.6518757
6990	-386.3144	-559.9061	173.5917	0.6681868
6996	-379.9483	-553.4085	173.4602	0.8603426
7002	-385.2928	-558.9234	173.6306	0.4409209
7008	-389.0127	-562.639	173.6264	0.4272345
7014	-391.5037	-565.1301	173.6264	0.4272345
7020	-382.8332	-556.4637	173.6305	0.5643388
7026	-392.4813	-566.07	173.5887	0.6741177
7032	-380.852	-554.4407	173.5887	0.6741177
7038	-391.416	-565.036	173.62	0.4107093
7044	-390.0193	-563.6535	173.6342	0.5457151
7050	-388.6414	-562.1771	173.5357	0.7617017
7056	-400.6981	-573.9883	173.2902	1.040332
7062	-390.3738	-563.9131	173.5392	0.7564851
7068	-388.5314	-562.1315	173.6001	0.6509489
7074	-385.6091	-559.2348	173.6257	0.4251116
7080	-391.1252	-564.6311	173.5059	0.8029498
7086	-386.6311	-560.2692	173.6381	0.5048977
7092	-390.493	-563.9869	173.494	0.8185624
7098	-388.838	-562.1485	173.3105	1.020535
7104	-389.48	-562.9729	173.4929	0.8199653
7110	-394.7566	-568.3891	173.6325	0.4487791
7116	-387.912	-561.487	173.575	0.6993073
7122	-386.1347	-559.6237	173.4891	0.8248025
7128	-393.3282	-566.9657	173.6375	0.5177254
7134	-398.1165	-571.7278	173.6114	0.6247044
7140	-387.3149	-560.7813	173.4664	0.8529227
7146	-385.6387	-559.1301	173.4914	0.8218375
7152	-391.2159	-564.7389	173.5231	0.7796728
7158	-397.5545	-571.0413	173.4868	0.8277054
7164	-393.8536	-567.3861	173.5325	0.7662323
7170	-383.1218	-556.7175	173.5957	0.6601276
7176	-391.0099	-564.0767	173.0668	1.239653
7182	-385.2335	-558.871	173.6375	0.5177087
7188	-390.0234	-563.652	173.6285	0.5724773
7194	-396.1535	-569.6688	173.5152	0.7904435
7200	-380.5503	-554.0656	173.5152	0.7904435
7206	-385.604	-559.1042	173.5002	0.8104442
7212	-382.6994	-556.3375	173.6381	0.4963362
7218	-387.7957	-561.3904	173.5947	0.6621343
7224	-393.7538	-567.3447	173.5909	0.6697648
7230	-386.697	-560.2697	173.5727	0.7032603
7236	-379.3261	-552.9391	173.6129	0.6208049
7242	-381.792	-555.4287	173.6367	0.4735173
7248	-381.7938	-555.3161	173.5224	0.7806342
7254	-377.6211	-551.1369	173.5159	0.7895701
7260	-381.0636	-554.6527	173.5891	0.6733615
7266	-382.1929	-555.7016	173.5087	0.7992541
7272	-376.3416	-549.939	173.5974	0.656651
7278	-385.1092	-558.7066	173.5974	0.656651
7284	-382.2896	-555.8864	173.5967	0.6580197
7290	-379.0891	-552.7263	173.6372	0.4786957
7296	-379.6231	-553.242	173.6189	0.6044546
7302	-379.4016	-553.0102	173.6085	0.6316922
7308	-382.0946	-555.6632	173.5686	0.7103687
7314	-385.6539	-559.1136	173.4597	0.8608879
7320	-381.1759	-554.7926	173.6167	0.6108303
7326	-382.5359	-555.882	173.346	0.9851258
7332	-393.1764	-566.442	173.2656	1.063773
7338	-384.292	-557.8005	173.5085	0.7994941
7344	-378.309	-551.8175	173.5085	0.7994941
7350	-376.244	-549.7525	173.5085	0.7994941
7356	-378.0992	-551.6673	173.5682	0.7110823
7362	-380.1814	-553.8081	173.6268	0.4283376
7368	-384.0332	-557.6471	173.6138	0.3977049
7374	-386.953	-560.4875	173.5346	0.7633117
7380	-385.365	-558.8993	173.5343	0.7637588
7386	-386.9779	-560.6155	173.6376	0.5169298
7392	-389.6531	-563.2517	173.5985	0.6542603
7398	-395.2175	-568.8557	173.6381	0.5022559
7404	-386.9511	-560.5088	173.5577	0.7281326
7410	-386.1214	-559.7153	173.5939	0.6638474
7416	-389.03	-562.6539	173.624	0.5889894
7422	-386.6367	-560.2297	173.593	0.6656476
7428	-388.5728	-562.1688	173.596	0.6594229
7434	-392.6536	-566.2866	173.633	0.5525098
7440	-389.6486	-563.1207	173.4721	0.8458883
7446	-398.0349	-571.6284	173.5936	0.6644602
7452	-383.545	-557.0355	173.4905	0.8230089
7458	-383.6206	-557.248	173.6274	0.5768182
7464	-384.7478	-558.3378	173.5901	0.6714057
7470	-390.0169	-563.578	173.561	0.7228459
7476	-382.9081	-556.5293	173.6212	0.5975997
7482	-388.9974	-562.471	173.4736	0.844048
7488	-382.7589	-556.2625	173.5036	0.805972
7494	-382.2314	-555.8666	173.6353	0.538713
7500	-380.2375	-553.8663	173.6288	0.5715446
7506	-381.31	-554.8254	173.5154	0.790165
7512	-395.437	-568.6801	173.2431	1.084813
7518	-395.2929	-568.9299	173.637	0.4765062
7524	-390.8241	-564.3283	173.5042	0.8052718
7530	-382.8027	-556.3581	173.5554	0.7318377
7536	-388.1133	-561.5204	173.4071	0.9209283
7542	-384.8016	-558.3939	173.5923	0.6670488
7548	-383.909	-557.3893	173.4803	0.8358576
7554	-378.896	-552.388	173.492	0.821016
7560	-381.2935	-554.808	173.5145	0.7914345
7566	-383.4459	-556.8612	173.4154	0.9117936
7572	-377.825	-551.4201	173.5952	0.661248
7578	-379.4541	-552.9583	173.5041	0.805291
7584	-379.2762	-552.6998	173.4236	0.9026614
7590	-384.1978	-557.675	173.4772	0.8397108
7596	-385.3495	-558.6896	173.3401	0.9911888
7602	-382.0265	-555.6575	173.631	0.561995
7608	-377.7347	-551.3467	173.612	0.6230849
7614	-377.5051	-550.8962	173.3911	0.9382021
7620	-379.4998	-553.0733	173.5736	0.7017754
7626	-377.2539	-550.8529	173.599	0.6531733
7632	-390.4597	-563.9523	173.4926	0.8203154
7638	-384.7647	-558.398	173.6333	0.4522898
7644	-390.4725	-564.0919	173.6194	0.6032278
7650	-395.2991	-568.8377	173.5386	0.757437
7656	-396.2566	-569.8324	173.5758	0.6978782
7662	-388.4396	-562.0264	173.5869	0.6776384
7668	-385.816	-559.4541	173.6381	0.5039264
7674	-384.5676	-558.2057	173.6381	0.5039264
7680	-387.6625	-561.2988	173.6363	0.4705789
7686	-386.6863	-560.3177	173.6314	0.4440883
7692	-389.8315	-563.4421	173.6106	0.6267701
7698	-394.2658	-567.8364	173.5705	0.7070501
7704	-388.3765	-561.9793	173.6028	0.6448839
7710	-388.801	-562.4038	173.6028	0.6448839
7716	-379.9934	-553.6006	173.6072	0.6349706
7722	-387.3055	-560.6974	173.3919	0.9373257
7728	-388.7975	-562.3577	173.5602	0.724214
7734	-383.8949	-557.4319	173.537	0.7597715
7740	-383.4305	-557.0686	173.638	0.5078846
7746	-392.3724	-565.8499	173.4775	0.8392644
7752	-387.6418	-561.2799	173.6381	0.499735
7758	-383.2304	-556.8683	173.6379	0.5103961
7764	-384.9399	-558.2751	173.3352	0.9960665
7770	-380.7824	-554.3621	173.5797	0.6908995
7776	-376.2187	-549.7221	173.5034	0.8062413
7782	-372.9522	-546.5903	173.6381	0.4970749
7788	-377.2146	-550.836	173.6213	0.5973248
7794	-385.4756	-558.9923	173.5167	0.7883964
7800	-376.9884	-550.611	173.6226	0.5934042
7806	-377.7226	-551.351	173.6284	0.5730844
7812	-381.5158	-555.0665	173.5507	0.739155
7818	-384.2845	-557.8434	173.5589	0.7262377
7824	-384.8447	-558.32	173.4753	0.8420159
7830	-384.493	-558.0735	173.5804	0.6896283
7836	-382.6331	-556.096	173.463	0.8569895
7842	-376.1747	-549.8128	173.6381	0.5063077
7848	-387.5562	-561.1317	173.5755	0.6983999
7854	-380.6118	-554.243	173.6312	0.5612037
7860	-378.9636	-552.5366	173.573	0.7028745
7866	-381.9033	-555.4763	173.573	0.7028745
7872	-385.4842	-559.0871	173.6029	0.6447347
7878	-390.2162	-563.7094	173.4932	0.8195697
7884	-377.4395	-550.9327	173.4932	0.8195697
7890	-380.9012	-554.2506	173.3494	0.9817317
7896	-381.1731	-554.7405	173.5673	0.7124333
7902	-383.8416	-557.4118	173.5702	0.7075791
7908	-381.7821	-555.3831	173.6009	0.6490608
7914	-372.8231	-546.3844	173.5613	0.7223922
7920	-383.454	-556.9965	173.5425	0.7516715
7926	-391.9405	-565.483	173.5425	0.7516715
7932	-386.3982	-559.9407	173.5425	0.7516715
7938	-387.9134	-561.3709	173.4575	0.8635333
7944	-385.7755	-559.2802	173.5046	0.8046377
7950	-388.8595	-562.4841	173.6246	0.5869262
7956	-386.1089	-559.7417	173.6328	0.5533267
7962	-386.246	-559.7389	173.4928	0.8200065
7968	-385.167	-558.7646	173.5976	0.6562403
7974	-391.7944	-565.0896	173.2953	1.035404
7980	-390.3106	-563.9317	173.6211	0.5979526
7986	-386.0117	-559.5673	173.5555	0.7316475
7992	-385.5334	-559.1436	173.6102	0.6276675
7998	-383.2464	-556.8409	173.5945	0.6625733
8004	-381.8316	-555.3692	173.5377	0.7587823
8010	-375.5694	-549.1147	173.5453	0.7474801
8016	-379.8425	-553.4684	173.6259	0.5823688
8022	-384.0274	-557.2551	173.2276	1.099062
8028	-386.098	-559.5781	173.48	0.8361468
8034	-389.1881	-562.8181	173.63	0.5666744
8040	-396.4684	-570.0681	173.5996	0.6519235
8046	-394.5289	-568.1667	173.6378	0.4872029
8052	-387.6595	-561.1481	173.4886	0.8253674
8058	-396.796	-570.3233	173.5273	0.7737215
8064	-397.1818	-570.4967	173.3148	1.016308
8070	-388.1019	-561.7397	173.6378	0.5137215
8076	-398.2367	-571.8724	173.6357	0.4659568
8082	-384.0054	-557.6148	173.6094	0.6296834
8088	-388.3603	-561.8646	173.5042	0.8051858
8094	-382.9267	-556.5121	173.5853	0.6805391
8100	-389.8807	-563.3223	173.4417	0.8820674
8106	-381.9043	-555.3414	173.4371	0.8872779
8112	-392.3823	-565.7861	173.4038	0.9244831
8118	-387.8681	-561.4467	173.5786	0.692969
8124	-385.7375	-558.9567	173.2192	1.106766
8130	-382.6142	-556.0218	173.4076	0.9203782
8136	-392.641	-566.1878	173.5468	0.7451451
8142	-377.9404	-551.4872	173.5468	0.7451451
8148	-379.5126	-552.8319	173.3192	1.011987
8154	-383.6696	-557.2403	173.5707	0.7066815
8160	-374.8062	-548.2114	173.4052	0.9229434
8166	-386.2717	-559.7672	173.4955	0.8165256
8172	-382.2913	-555.7868	173.4955	0.8165256
8178	-385.8	-559.4312	173.6312	0.443541
8184	-381.0036	-554.6061	173.6025	0.6455579
8190	-384.4808	-558.1023	173.6215	0.5968466
8196	-377.6764	-551.3062	173.6298	0.5672736
8202	-379.1793	-552.6323	173.453	0.8688674
8208	-384.3438	-557.9547	173.611	0.6258157
8214	-383.0212	-556.3452	173.324	1.007234
8220	-377.4421	-550.946	173.5038	0.8056992
8226	-386.4308	-559.7929	173.3622	0.96859
8232	-383.3226	-556.6648	173.3421	0.9890903
8238	-385.4162	-558.9704	173.5543	0.7336496
8244	-388.5871	-562.2044	173.6173	0.6090814
8250	-384.8412	-558.4585	173.6173	0.6090814
8256	-385.6498	-559.2715	173.6217	0.5962519
8262	-397.5943	-571.2304	173.6361	0.4687809
8268	-389.1934	-562.804	173.6105	0.6268539
8274	-393.278	-566.815	173.537	0.7597569
8280	-393.7522	-567.3649	173.6127	0.6214359
8286	-393.2884	-566.9011	173.6127	0.6214359
8292	-391.9552	-565.5837	173.6286	0.5723985
8298	-384.4305	-557.9873	173.5568	0.7296558
8304	-381.0151	-554.5065	173.4914	0.8218675
8310	-386.0031	-559.6335	173.6304	0.5650022
8316	-384.4587	-557.9456	173.487	0.827475
8322	-390.5396	-563.9929	173.4533	0.8684909
8328	-391.7953	-565.4142	173.6189	0.6046835
8334	-388.5944	-562.0471	173.4527	0.8691893
8340	-386.2122	-559.8442	173.6319	0.5577186
8346	-385.9768	-559.576	173.5992	0.6528103
8352	-376.9512	-550.5338	173.5826	0.6855516
8358	-375.6431	-549.2374	173.5943	0.6629764
8364	-375.9128	-549.5451	173.6324	0.5555724
8370	-379.7102	-553.3287	173.6185	0.6057609
8376	-386.925	-560.4996	173.5746	0.6999912
8382	-387.4062	-560.9444	173.5382	0.7579798
8388	-388.231	-561.8233	173.5924	0.6669137
8394	-383.2467	-556.7438	173.497	0.8145749
8400	-382.7293	-556.3324	173.603	0.644472
8406	-386.8714	-560.3577	173.4863	0.8283562
8412	-390.9588	-564.2509	173.2921	1.038469
8418	-383.6561	-557.265	173.6089	0.6308684
8424	-387.8729	-561.3981	173.5252	0.7766894
8430	-377.7866	-551.3118	173.5252	0.7766894
8436	-378.0461	-551.5984	173.5522	0.7368494
8442	-374.1523	-547.6022	173.4499	0.8725217
8448	-375.4909	-548.9142	173.4232	0.9030472
8454	-378.0334	-551.6666	173.6333	0.550929
8460	-379.9936	-553.5418	173.5483	0.742947
8466	-381.8695	-555.4177	173.5483	0.742947
8472	-383.9956	-557.616	173.6203	0.6003256
8478	-385.6226	-559.2481	173.6256	0.5835557
8484	-391.8162	-565.4396	173.6234	0.4189872
8490	-390.0758	-563.5949	173.5191	0.7850953
8496	-400.4249	-574.0621	173.6373	0.4793248
8502	-390.095	-563.6588	173.5638	0.7183407
8508	-391.6049	-565.0932	173.4883	0.8257924
8514	-392.6675	-566.3049	173.6374	0.5198974
8520	-388.8458	-562.3473	173.5015	0.8087953
8526	-387.7605	-561.262	173.5015	0.8087953
8532	-395.4887	-568.8314	173.3427	0.9884979
8538	-398.8572	-572.3211	173.4639	0.8558683
8544	-394.7172	-568.2476	173.5303	0.7694357
8550	-395.6831	-569.2806	173.5975	0.6564557
8556	-392.4631	-566.001	173.5378	0.758588
8562	-390.8783	-564.4541	173.5759	0.6977609
8568	-392.8512	-566.3169	173.4658	0.8536204
8574	-386.3609	-559.8754	173.5145	0.7914789
8580	-384.5854	-558.1512	173.5659	0.7148884
8586	-387.7971	-561.4034	173.6063	0.6369999
8592	-393.0258	-566.5388	173.5131	0.7933851
8598	-390.4342	-564.0113	173.5771	0.6956766
8604	-401.5143	-575.0871	173.5728	0.7032194
8610	-389.3204	-562.7407	173.4204	0.9062209
8616	-380.3406	-553.9368	173.5962	0.6590918
8622	-380.6394	-554.2773	173.6379	0.5105918
8628	-372.8691	-546.4945	173.6254	0.584215
8634	-372.3227	-545.9308	173.6081	0.6328348
8640	-383.153	-556.7072	173.5543	0.7336212
8646	-386.1898	-559.8046	173.6148	0.6159205
8652	-388.7467	-562.3653	173.6187	0.605287
8658	-391.9513	-565.553	173.6018	0.647212
8664	-391.5967	-565.12	173.5233	0.7793567
8670	-389.3265	-562.9346	173.6081	0.6328669
8676	-384.2104	-557.795	173.5846	0.6819806
8682	-386.654	-560.2912	173.6372	0.5215035
8688	-384.7005	-558.1026	173.4021	0.9262886
8694	-384.874	-558.4053	173.5313	0.7680621
8700	-384.619	-558.2571	173.6381	0.5037388
8706	-383.132	-556.7685	173.6365	0.5288011
8712	-383.0539	-556.5606	173.5067	0.8019154
8718	-387.2014	-560.7293	173.5279	0.7728482
8724	-389.0363	-562.673	173.6366	0.5278436
8730	-387.5146	-561.0355	173.521	0.7825928
8736	-389.116	-562.7313	173.6153	0.6146593
8742	-379.8987	-553.4521	173.5534	0.7349515
8748	-382.7419	-556.3305	173.5886	0.6743529
8754	-379.6466	-553.2352	173.5886	0.6743529
8760	-380.5884	-554.2194	173.631	0.5619365
8766	-381.2887	-554.7631	173.4745	0.8430443
8772	-377.987	-551.5648	173.5779	0.6942611
8778	-376.8865	-550.4621	173.5756	0.6982329
8784	-382.6808	-556.1505	173.4698	0.8487932
8790	-384.4578	-558.0065	173.5487	0.7423289
8796	-383.0609	-556.6737	173.6128	0.6211055
8802	-377.8146	-551.3654	173.5508	0.7390542
8808	-382.6855	-556.3049	173.6193	0.4092079
8814	-393.5362	-567.1702	173.634	0.5466238
8820	-387.2715	-560.8536	173.5821	0.6865411
8826	-387.0335	-560.6692	173.6358	0.5351892
8832	-387.8558	-561.403	173.5471	0.7446406
8838	-394.1546	-567.6381	173.4835	0.8318354
8844	-392.1104	-565.6261	173.5157	0.7897905
8850	-381.6621	-555.1898	173.5277	0.7731711
8856	-390.7218	-564.3561	173.6344	0.5446907
8862	-385.2403	-558.8187	173.5783	0.6933996
8868	-393.4272	-567.0055	173.5783	0.6933996
8874	-387.9143	-561.5313	173.617	0.6100484
8880	-383.4791	-557.0961	173.617	0.6100484
8886	-381.4875	-555.1024	173.6149	0.615654
8892	-386.2545	-559.7874	173.5329	0.7656858
8898	-391.07	-564.6004	173.5303	0.7694398
8904	-392.3714	-565.9023	173.5308	0.7687126
8910	-387.6151	-561.2333	173.6182	0.6065352
8916	-380.4459	-553.9119	173.466	0.8533988
8922	-384.4981	-558.0942	173.5961	0.6593141
8928	-385.2156	-558.7683	173.5526	0.7362162
8934	-390.8697	-564.5076	173.6379	0.4888761
8940	-389.7565	-563.3439	173.5873	0.6767169
8946	-393.2978	-566.9359	173.6381	0.5033783
8952	-394.8973	-568.5195	173.6222	0.5946706
8958	-389.8986	-563.3588	173.4602	0.860315
8964	-392.4371	-565.932	173.4948	0.8174286
8970	-395.2798	-568.7879	173.5081	0.800041
8976	-389.7487	-563.2067	173.458	0.8629701
8982	-403.5967	-577.2253	173.6285	0.4339046
8988	-392.0877	-565.6143	173.5266	0.7747311
8994	-401.4294	-574.9714	173.542	0.7524233
9000	-398.7393	-572.3668	173.6275	0.5766364
9006	-399.659	-573.2392	173.5802	0.6900984
9012	-382.6352	-556.1684	173.5332	0.7653365
9018	-387.9901	-561.5893	173.5992	0.6528544
9024	-388.6657	-562.136	173.4703	0.8481917
9030	-393.1112	-566.708	173.5969	0.6577085
9036	-403.9316	-576.9853	173.0537	1.250581
9042	-399.2974	-572.6802	173.3828	0.9469753
9048	-391.6233	-565.0999	173.4767	0.8403416
9054	-387.3288	-560.6615	173.3327	0.998572
9060	-394.1768	-567.7975	173.6207	0.4124679
9066	-388.3918	-561.8702	173.4784	0.8381285
9072	-390.5541	-564.0155	173.4614	0.8588696
9078	-384.1869	-557.7834	173.5965	0.6584501
9084	-384.8128	-558.4235	173.6108	0.6262738
9090	-390.5268	-563.9576	173.4309	0.8944218
9096	-383.4722	-556.9963	173.5241	0.7782813
9102	-382.3733	-555.8125	173.4392	0.8849025
9108	-386.8402	-560.3505	173.5103	0.7971321
9114	-388.7812	-562.4192	173.6379	0.4900014
9120	-384.9657	-558.5643	173.5986	0.6540044
9126	-382.8341	-556.4313	173.5972	0.6570368
9132	-392.3653	-565.9761	173.6108	0.6262667
9138	-382.2956	-555.9068	173.6112	0.6251785
9144	-380.758	-554.3503	173.5923	0.666973
9150	-380.4905	-554.059	173.5685	0.7105014
9156	-387.3602	-560.7224	173.3621	0.9686609
9162	-387.3135	-560.5695	173.2561	1.072698
9168	-380.4015	-554.0249	173.6234	0.5908491
9174	-382.5171	-556.1256	173.6085	0.6318115
9180	-377.6566	-551.2651	173.6085	0.6318115
9186	-385.5326	-559.1706	173.638	0.4933187
9192	-378.6649	-552.2236	173.5586	0.7267379
9198	-376.3972	-549.9959	173.5987	0.6538305
9204	-375.5536	-549.0924	173.5388	0.7571681
9210	-381.8203	-555.3525	173.5323	0.7666595
9216	-385.0447	-558.4755	173.4308	0.8944994
9222	-391.0985	-564.7319	173.6334	0.5502443
9228	-383.4431	-557.0572	173.6141	0.6178957
9234	-376.5635	-550.1685	173.6051	0.6397968
9240	-390.3045	-563.9005	173.596	0.6595346
9246	-382.8942	-556.4902	173.596	0.6595346
9252	-387.5427	-561.1261	173.5834	0.6841596
9258	-388.779	-562.3664	173.5874	0.6765417
9264	-390.7003	-564.3264	173.6262	0.5813445
9270	-389.2962	-562.8855	173.5893	0.6729142
9276	-374.7581	-548.3645	173.6064	0.6368146
9282	-390.2505	-563.8824	173.6319	0.4461188
9288	-390.3248	-563.9475	173.6228	0.5928093
9294	-396.425	-570.0542	173.6292	0.5699606
9300	-384.4604	-558.0736	173.6132	0.620185
9306	-389.9732	-563.5519	173.5786	0.6928618
9312	-394.949	-568.533	173.584	0.6831153
9318	-383.4701	-556.9763	173.5063	0.8024874
9324	-397.0169	-570.5668	173.5498	0.7405376
9330	-397.1977	-570.6892	173.4915	0.8217063
9336	-397.6947	-571.2159	173.5212	0.7822286
9342	-395.0437	-568.6061	173.5623	0.7207065
9348	-396.5227	-570.1399	173.6172	0.609284
9354	-391.2129	-564.8302	173.6173	0.6092157
9360	-390.0953	-563.7304	173.6351	0.4623467
9366	-384.1254	-557.6127	173.4873	0.8270171
9372	-379.3765	-553.0121	173.6356	0.5363887
9378	-379.0053	-552.637	173.6318	0.5586496
9384	-380.6374	-554.2608	173.6234	0.5907146
9390	-379.9093	-553.4211	173.5118	0.7950379
9396	-387.2756	-560.7652	173.4896	0.8241471
9402	-387.2433	-560.8038	173.5605	0.7236676
9408	-383.5598	-557.0474	173.4876	0.826721
9414	-381.5354	-555.1654	173.63	0.566651
9420	-391.0025	-564.55	173.5474	0.7442122
9426	-396.5878	-570.1508	173.5631	0.7195031
9432	-392.0208	-565.5653	173.5445	0.7486163
9438	-388.8106	-562.1218	173.3112	1.019913
9444	-384.2061	-557.8145	173.6084	0.6319907
9450	-385.7698	-559.2573	173.4875	0.8268396
9456	-380.5911	-554.1677	173.5765	0.6965933
9462	-383.8838	-557.4604	173.5765	0.6965933
9468	-381.5079	-555.0845	173.5765	0.6965933
9474	-380.1692	-553.7798	173.6106	0.6267246
9480	-379.2435	-552.8498	173.6062	0.6371369
9486	-382.7061	-556.251	173.5449	0.748004
9492	-384.8823	-558.2157	173.3334	0.997899
9498	-388.8271	-562.3967	173.5696	0.7086709
9504	-388.8799	-562.4448	173.5649	0.7164364
9510	-387.6661	-561.2283	173.5622	0.7209063
9516	-383.4172	-557.0188	173.6016	0.6475199
9522	-394.9618	-568.4465	173.4848	0.8302163
9528	-388.9801	-562.4649	173.4848	0.8302163
9534	-386.3566	-559.9852	173.6286	0.5721581
9540	-375.8084	-549.4082	173.5998	0.6516157
9546	-378.3467	-551.9663	173.6196	0.6025747
9552	-378.9374	-552.4845	173.5471	0.7446626
9558	-383.4177	-556.9824	173.5647	0.7167763
9564	-377.6195	-551.0778	173.4583	0.8625388
9570	-392.7899	-566.3325	173.5425	0.7516037
9576	-384.9317	-558.4742	173.5425	0.7516037
9582	-388.0864	-561.5584	173.472	0.8461152
9588	-381.0534	-554.4734	173.42	0.9066438
9594	-380.4182	-553.9049	173.4867	0.827742
9600	-378.2179	-551.8215	173.6037	0.643044
