Iteration	Posterior	Likelihood	Prior	tree_length
0	-966.7045	-1137.58	170.8757	2.729937
6	-961.4879	-1133.046	171.5576	2.304194
12	-968.3669	-1139.291	170.9242	2.700205
18	-956.5182	-1128.35	171.8315	2.127337
24	-953.7449	-1125.226	171.4816	2.352584
30	-954.3153	-1125.274	170.9584	2.679178
36	-960.9723	-1132.227	171.2543	2.495794
42	-978.9427	-1150.165	171.2219	2.516049
48	-970.8663	-1142.191	171.325	2.451465
54	-963.5005	-1135.304	171.8035	2.145591
60	-957.59	-1128.463	170.8735	2.731271
66	-961.2515	-1132.486	171.2348	2.508007
72	-960.1009	-1131.336	171.2348	2.508007
78	-963.0139	-1134.299	171.2855	2.476278
84	-951.5199	-1123.125	171.6047	2.274096
90	-955.9051	-1127.058	171.153	2.558963
96	-955.969	-1127.122	171.153	2.558963
102	-952.9947	-1124.891	171.8967	2.0846
108	-959.785	-1131.32	171.5348	2.318744
114	-971.3723	-1142.611	171.2391	2.505264
120	-969.0637	-1140.234	171.1701	2.548325
126	-963.0852	-1134.643	171.5576	2.30424
132	-975.9655	-1147.536	171.57	2.296303
138	-962.1305	-1133.417	171.287	2.475334
144	-971.6624	-1142.626	170.9634	2.676139
150	-977.4912	-1148.377	170.8854	2.723975
156	-978.5899	-1149.536	170.9463	2.686648
162	-972.3178	-1143.264	170.9463	2.686648
168	-968.5565	-1139.302	170.7459	2.809105
174	-973.1048	-1144.504	171.3995	2.404593
180	-966.8713	-1138.513	171.6418	2.250283
186	-964.8877	-1135.977	171.0897	2.598182
192	-966.6802	-1137.717	171.0366	2.631006
198	-976.0604	-1147.325	171.2644	2.489507
204	-978.9807	-1149.457	170.4763	2.972107
210	-975.7674	-1146.425	170.6578	2.862626
216	-961.7362	-1133.108	171.372	2.421916
222	-960.3853	-1131.46	171.0743	2.607757
228	-968.1703	-1139.3	171.1296	2.573471
234	-965.2596	-1136.649	171.3897	2.410741
240	-966.8914	-1138.382	171.4909	2.346716
246	-971.7796	-1142.886	171.1066	2.587717
252	-985.6859	-1157.129	171.443	2.377081
258	-990.0532	-1161.113	171.0593	2.616976
264	-985.2334	-1156.605	171.3712	2.422396
270	-979.4519	-1150.908	171.4561	2.368808
276	-972.725	-1144.122	171.3969	2.406188
282	-973.8253	-1144.828	171.0023	2.652164
288	-972.0271	-1143.798	171.7705	2.167067
294	-983.6965	-1155.207	171.5106	2.334141
300	-966.1701	-1137.565	171.3946	2.407677
306	-972.1466	-1143.479	171.332	2.447113
312	-963.4592	-1134.951	171.4917	2.346184
318	-975.3423	-1146.828	171.4856	2.350091
324	-967.8673	-1138.753	170.8855	2.723927
330	-960.0509	-1131.067	171.0164	2.643479
336	-956.9657	-1128.373	171.4069	2.399928
342	-950.4522	-1121.504	171.0517	2.621723
348	-957.1078	-1128.356	171.2487	2.499287
354	-964.1009	-1135.101	171.0002	2.653474
360	-971.5778	-1142.772	171.1938	2.533575
366	-973.1457	-1144.542	171.3958	2.406924
372	-964.9486	-1136.372	171.4234	2.389462
378	-957.5032	-1129.089	171.5854	2.286409
384	-964.6261	-1136.286	171.66	2.23856
390	-962.6545	-1134.348	171.6935	2.21697
396	-960.6495	-1131.849	171.1996	2.529909
402	-969.5632	-1140.683	171.1199	2.579508
408	-966.0235	-1137.777	171.7532	2.178307
414	-969.4525	-1141.014	171.5619	2.301461
420	-965.7826	-1137.345	171.5619	2.301461
426	-959.4346	-1130.997	171.5619	2.301461
432	-960.4539	-1131.86	171.4059	2.400524
438	-958.075	-1129.31	171.2352	2.50772
444	-974.2137	-1145.449	171.2352	2.50772
450	-967.2629	-1138.533	171.2704	2.485726
456	-970.7152	-1141.302	170.5869	2.90551
462	-965.0114	-1136.166	171.1551	2.557653
468	-963.6466	-1134.802	171.1551	2.557653
474	-962.5667	-1133.675	171.1079	2.586925
480	-968.7275	-1139.835	171.1079	2.586925
486	-964.8676	-1136.142	171.2747	2.483019
492	-971.6415	-1142.534	170.8923	2.719751
498	-966.8588	-1138.045	171.1862	2.538277
504	-977.492	-1148.921	171.4289	2.386032
510	-969.5573	-1141.212	171.6548	2.241933
516	-972.3837	-1143.753	171.3698	2.423306
522	-985.216	-1156.48	171.2644	2.489467
528	-976.3836	-1147.106	170.7229	2.823127
534	-970.2128	-1140.914	170.7008	2.836519
540	-966.5837	-1137.471	170.887	2.723006
546	-963.1979	-1134.885	171.6867	2.221333
552	-966.4227	-1138.109	171.6867	2.221333
558	-961.449	-1132.77	171.3215	2.453702
564	-965.7376	-1137.059	171.3215	2.453702
570	-970.816	-1141.93	171.1138	2.583246
576	-958.4584	-1129.524	171.066	2.612886
582	-972.8254	-1144.011	171.1852	2.538918
588	-983.8595	-1155.045	171.1852	2.538918
594	-975.3813	-1146.102	170.7209	2.824305
600	-971.7216	-1143.088	171.3662	2.425576
606	-974.6534	-1145.725	171.0711	2.609706
612	-967.9969	-1139.153	171.1564	2.556846
618	-970.0008	-1141.038	171.0376	2.630426
624	-970.2552	-1141.953	171.6976	2.214329
630	-963.8487	-1134.9	171.0516	2.621751
636	-962.5775	-1133.463	170.8856	2.723857
642	-973.3187	-1145.069	171.7501	2.180355
648	-964.6884	-1136.363	171.6744	2.229307
654	-967.0106	-1138.31	171.2991	2.467747
660	-970.9703	-1142.131	171.1606	2.554223
666	-976.1526	-1147.313	171.1606	2.554223
672	-961.2909	-1132.792	171.5012	2.340167
678	-971.5729	-1142.444	170.8713	2.732637
684	-964.5724	-1135.597	171.0245	2.638484
690	-968.177	-1138.678	170.5013	2.957109
696	-975.0093	-1146.613	171.6033	2.274945
702	-969.4609	-1140.595	171.1344	2.570505
708	-966.4322	-1137.763	171.3303	2.448153
714	-976.0767	-1147.052	170.9755	2.668666
720	-978.1024	-1149.378	171.2754	2.482563
726	-981.8851	-1153.299	171.414	2.395445
732	-985.409	-1156.301	170.8918	2.720059
738	-981.1576	-1152.906	171.7479	2.18174
744	-966.6264	-1138.148	171.522	2.326917
750	-976.2275	-1147.364	171.1367	2.569074
756	-958.7016	-1129.776	171.0746	2.607532
762	-969.5222	-1140.928	171.4054	2.40088
768	-956.2949	-1127.7	171.4054	2.40088
774	-963.7012	-1135.263	171.5616	2.301658
780	-969.4632	-1140.209	170.7454	2.809414
786	-963.055	-1134.011	170.9563	2.680519
792	-974.4922	-1146.363	171.8711	2.101398
798	-971.7678	-1143.082	171.3144	2.458134
804	-963.3252	-1134.813	171.4881	2.348471
810	-964.7809	-1136.224	171.4431	2.37701
816	-963.0479	-1134.425	171.3767	2.418937
822	-969.532	-1140.915	171.3825	2.415281
828	-965.2752	-1136.198	170.9228	2.701048
834	-970.6217	-1141.761	171.1396	2.567279
840	-968.5345	-1139.573	171.0383	2.629984
846	-964.3483	-1135.98	171.6316	2.256809
852	-976.5487	-1147.861	171.3119	2.459704
858	-992.5466	-1163.727	171.1804	2.541897
864	-973.2569	-1144.437	171.1804	2.541897
870	-964.6821	-1135.983	171.3011	2.466458
876	-967.4711	-1138.96	171.4889	2.347958
882	-963.8456	-1134.94	171.0943	2.595351
888	-971.7657	-1142.902	171.136	2.569474
894	-962.1599	-1133.136	170.9764	2.668135
900	-966.9993	-1138.203	171.2037	2.527395
906	-974.3709	-1145.443	171.0716	2.609374
912	-969.81	-1141.468	171.6576	2.240121
918	-976.6876	-1147.471	170.7832	2.786424
924	-978.1563	-1149.952	171.7955	2.150799
930	-972.6788	-1144.029	171.3506	2.435392
936	-981.4795	-1152.484	171.005	2.650535
942	-976.945	-1148.348	171.4026	2.402626
948	-969.0077	-1140.427	171.4197	2.391843
954	-970.8155	-1141.472	170.6562	2.863549
960	-964.2068	-1135.725	171.5182	2.32933
966	-967.7693	-1138.688	170.919	2.703379
972	-975.015	-1146.537	171.522	2.326905
978	-973.6804	-1145.674	171.9938	2.020377
984	-969.2741	-1140.691	171.4171	2.393458
990	-964.6123	-1136.198	171.5859	2.286146
996	-977.5025	-1148.411	170.9084	2.709893
1002	-970.8276	-1142.375	171.5476	2.31061
1008	-966.4091	-1137.957	171.5476	2.31061
1014	-972.8793	-1143.97	171.0904	2.597768
1020	-979.8333	-1150.879	171.0454	2.625611
1026	-974.6372	-1146.272	171.6345	2.25496
1032	-970.4129	-1141.394	170.9808	2.665451
1038	-974.4748	-1144.971	170.4961	2.960212
1044	-977.3183	-1148.418	171.0995	2.592139
1050	-983.0267	-1154.059	171.0326	2.633496
1056	-979.0724	-1150.452	171.3798	2.417029
1062	-972.4083	-1143.876	171.4682	2.361131
1068	-978.2952	-1149.822	171.5268	2.323828
1074	-976.4012	-1147.558	171.1564	2.556807
1080	-974.4006	-1145.32	170.9195	2.703111
1086	-967.3986	-1138.931	171.5328	2.320029
1092	-970.6094	-1141.961	171.352	2.434501
1098	-968.2954	-1139.678	171.3827	2.415154
1104	-982.0045	-1153.387	171.3827	2.415154
1110	-979.0624	-1150.556	171.4936	2.344995
1116	-970.4123	-1141.541	171.1286	2.574083
1122	-972.3151	-1143.976	171.6608	2.238026
1128	-977.569	-1149.083	171.5138	2.332108
1134	-980.1778	-1151.406	171.2287	2.511795
1140	-970.9145	-1142.143	171.2287	2.511795
1146	-969.8911	-1140.889	170.9976	2.655062
1152	-968.9494	-1140.292	171.3426	2.440429
1158	-969.4619	-1140.863	171.401	2.403648
1164	-966.1725	-1137.665	171.492	2.345975
1170	-973.8059	-1145.05	171.2446	2.50185
1176	-969.8499	-1141.295	171.4452	2.375675
1182	-975.6824	-1147.128	171.4452	2.375675
1188	-972.6808	-1144.396	171.7151	2.20299
1194	-973.4489	-1145.273	171.8241	2.132159
1200	-962.5065	-1133.791	171.285	2.476611
1206	-969.19	-1140.475	171.285	2.476611
1212	-976.7522	-1148.202	171.4494	2.373005
1218	-968.8628	-1139.619	170.7565	2.802661
1224	-970.1979	-1140.958	170.7605	2.800234
1230	-975.9704	-1147.791	171.8208	2.134302
1236	-965.4524	-1137.262	171.8094	2.141777
1242	-965.3726	-1136.881	171.5084	2.335561
1248	-968.1047	-1139.467	171.3624	2.427971
1254	-970.264	-1141.709	171.4448	2.375933
1260	-976.2739	-1147.528	171.2543	2.495791
1266	-971.1078	-1142.402	171.2942	2.470847
1272	-978.1992	-1148.774	170.5747	2.91288
1278	-976.6101	-1147.818	171.2082	2.52456
1284	-964.7506	-1135.959	171.2082	2.52456
1290	-978.3163	-1149.72	171.4038	2.401837
1296	-973.3697	-1144.846	171.4759	2.356199
1302	-969.2071	-1140.467	171.2602	2.492079
1308	-967.2504	-1138.781	171.5309	2.321266
1314	-964.3444	-1135.456	171.1118	2.584488
1320	-961.5807	-1133.098	171.5177	2.329677
1326	-960.7522	-1132.119	171.3665	2.425397
1332	-955.1157	-1126.272	171.1561	2.557011
1338	-964.3727	-1135.65	171.2769	2.481671
1344	-963.6647	-1135.131	171.4662	2.362402
1350	-975.8844	-1146.98	171.0954	2.594647
1356	-969.8535	-1141.09	171.2366	2.506868
1362	-980.0359	-1151.423	171.3875	2.412134
1368	-967.5713	-1139.002	171.4308	2.384797
1374	-978.2262	-1149.855	171.6288	2.258648
1380	-976.2614	-1147.54	171.2785	2.480661
1386	-970.114	-1141.264	171.1505	2.560515
1392	-982.4673	-1153.748	171.281	2.479065
1398	-974.6851	-1145.652	170.9667	2.674098
1404	-966.3249	-1137.36	171.0354	2.631786
1410	-958.1285	-1129.732	171.6032	2.275065
1416	-961.9371	-1133.218	171.2811	2.478995
1422	-964.9601	-1135.859	170.8987	2.715865
1428	-968.3893	-1139.456	171.0666	2.612508
1434	-966.0017	-1137.612	171.6105	2.270349
1440	-962.9831	-1134.138	171.1552	2.557589
1446	-965.3793	-1137.106	171.7269	2.195385
1452	-969.5139	-1140.993	171.4792	2.354101
1458	-977.7574	-1149.237	171.4792	2.354101
1464	-963.2473	-1134.513	171.2658	2.488594
1470	-987.3367	-1158.759	171.4225	2.390058
1476	-979.297	-1150.561	171.2637	2.489913
1482	-977.7102	-1148.904	171.1941	2.533374
1488	-966.7581	-1138.08	171.3221	2.453306
1494	-970.9135	-1142.284	171.3705	2.422866
1500	-966.6849	-1138.359	171.6739	2.229628
1506	-964.9805	-1135.817	170.8361	2.754143
1512	-974.6282	-1146.501	171.8724	2.100516
1518	-971.4786	-1142.606	171.1279	2.574526
1524	-973.9892	-1145.432	171.4424	2.377453
1530	-970.563	-1142.104	171.5406	2.315073
1536	-978.9722	-1150.202	171.2294	2.511376
1542	-979.4762	-1150.952	171.476	2.356162
1548	-966.1937	-1137.584	171.3902	2.410472
1554	-968.3004	-1139.594	171.2933	2.471354
1560	-963.7166	-1135.098	171.3811	2.416202
1566	-965.3172	-1136.683	171.366	2.425713
1572	-969.8909	-1141.126	171.2347	2.508042
1578	-974.519	-1145.21	170.6908	2.842597
1584	-973.5578	-1144.759	171.2009	2.529138
1590	-968.702	-1139.903	171.2009	2.529138
1596	-963.7027	-1134.473	170.7707	2.794045
1602	-965.6903	-1136.581	170.8909	2.72064
1608	-971.9298	-1143.712	171.7826	2.159236
1614	-968.3194	-1139.089	170.7699	2.79451
1620	-968.1249	-1139.371	171.2466	2.500621
1626	-964.233	-1135.26	171.0274	2.636703
1632	-966.1953	-1137.872	171.6771	2.227531
1638	-971.2948	-1142.928	171.6332	2.255814
1644	-972.1801	-1143.277	171.0965	2.594002
1650	-966.6481	-1137.783	171.135	2.570136
1656	-961.2966	-1133.061	171.7646	2.170923
1662	-964.5293	-1135.939	171.4092	2.398428
1668	-963.5718	-1135.208	171.6363	2.253826
1674	-968.4566	-1139.241	170.7848	2.785475
1680	-960.4482	-1131.503	171.0546	2.619897
1686	-960.9383	-1132.233	171.2943	2.470722
1692	-966.3358	-1137.63	171.2943	2.470722
1698	-967.7959	-1139.399	171.6036	2.274793
1704	-968.5397	-1140.197	171.6574	2.240214
1710	-971.4646	-1142.316	170.8518	2.744553
1716	-984.6611	-1156.135	171.4743	2.35724
1722	-988.2215	-1159.363	171.1417	2.565959
1728	-968.8234	-1139.965	171.1417	2.565959
1734	-968.7146	-1139.841	171.1268	2.575214
1740	-976.9601	-1147.937	170.9767	2.667928
1746	-970.9954	-1142.166	171.1711	2.547713
1752	-964.1938	-1135.189	170.9957	2.656255
1758	-968.1165	-1139.825	171.7085	2.207299
1764	-964.281	-1135.53	171.2489	2.499178
1770	-962.4164	-1133.634	171.2178	2.518618
1776	-978.0334	-1149.434	171.4001	2.404169
1782	-964.025	-1135.756	171.7308	2.192842
1788	-984.7645	-1155.671	170.9064	2.711097
1794	-969.9449	-1141.872	171.9269	2.064677
1800	-976.5325	-1147.948	171.415	2.394806
1806	-980.9303	-1151.539	170.6084	2.892509
1812	-978.6568	-1150.093	171.4361	2.381456
1818	-973.5057	-1144.822	171.3165	2.456824
1824	-964.5265	-1135.604	171.0778	2.605594
1830	-969.1132	-1140.416	171.3028	2.465406
1836	-972.8963	-1144.345	171.4486	2.373542
1842	-969.9857	-1141.149	171.1638	2.552248
1848	-975.4616	-1146.591	171.1289	2.573872
1854	-974.8832	-1145.785	170.9013	2.71422
1860	-966.8702	-1138.081	171.211	2.522824
1866	-965.2587	-1136.445	171.1863	2.538252
1872	-960.1013	-1131.58	171.4786	2.354511
1878	-970.0177	-1141.496	171.4786	2.354511
1884	-969.8463	-1141.349	171.503	2.339006
1890	-964.5172	-1136.195	171.6783	2.226798
1896	-953.0135	-1124.301	171.2872	2.475202
1902	-959.9884	-1131.385	171.3971	2.40611
1908	-958.6167	-1129.476	170.859	2.740121
1914	-968.7914	-1140.121	171.3292	2.448879
1920	-972.7839	-1143.955	171.1708	2.547844
1926	-976.0376	-1147.208	171.1708	2.547844
1932	-980.998	-1152.02	171.0224	2.639814
1938	-974.8528	-1146.245	171.392	2.409336
1944	-983.6878	-1154.665	170.9772	2.667654
1950	-970.1105	-1141.331	171.2205	2.516888
1956	-956.6962	-1128.341	171.6446	2.248452
1962	-966.8858	-1137.662	170.7764	2.790545
1968	-962.2547	-1133.821	171.5666	2.298455
1974	-995.5754	-1166.317	170.7416	2.811769
1980	-980.9327	-1151.674	170.7416	2.811769
1986	-972.8656	-1144.238	171.3724	2.421648
1992	-965.1403	-1136.795	171.6549	2.241859
1998	-968.5766	-1140.024	171.4476	2.374163
2004	-963.835	-1134.685	170.8501	2.745597
2010	-963.9115	-1135.151	171.2392	2.505205
2016	-975.1702	-1146.087	170.9169	2.704672
2022	-970.9967	-1142.125	171.1288	2.573988
2028	-969.1966	-1140.784	171.587	2.285439
2034	-976.5524	-1147.707	171.155	2.557717
2040	-974.9296	-1145.711	170.7818	2.787255
2046	-980.0747	-1150.67	170.5956	2.900246
2052	-977.6368	-1148.645	171.0084	2.648403
2058	-966.9488	-1138.309	171.3605	2.429143
2064	-970.5887	-1141.671	171.082	2.602983
2070	-981.4776	-1152.265	170.7874	2.783878
2076	-958.2856	-1129.199	170.9137	2.706676
2082	-957.599	-1128.709	171.1102	2.585491
2088	-960.6107	-1131.764	171.1529	2.558995
2094	-970.5687	-1142.5	171.9313	2.061804
2100	-968.862	-1139.931	171.0694	2.610783
2106	-963.208	-1134.431	171.2225	2.515644
2112	-956.5514	-1127.748	171.1963	2.532005
2118	-967.6031	-1138.4	170.797	2.777997
2124	-959.7376	-1130.912	171.1741	2.545806
2130	-971.7086	-1143.219	171.5102	2.334405
2136	-957.3331	-1128.949	171.6163	2.266623
2142	-968.4035	-1140.214	171.8102	2.141261
2148	-960.4713	-1131.531	171.0594	2.616963
2154	-981.2318	-1151.989	170.7569	2.802411
2160	-967.7972	-1138.734	170.937	2.692336
2166	-962.4592	-1133.534	171.0746	2.607577
2172	-963.7065	-1134.8	171.0933	2.595994
2178	-956.7011	-1127.978	171.2765	2.481917
2184	-953.268	-1124.607	171.3392	2.442588
2190	-958.4914	-1129.595	171.1036	2.589567
2196	-965.2298	-1136.67	171.4406	2.378624
2202	-988.3968	-1159.706	171.3089	2.461625
2208	-971.4764	-1142.344	170.8677	2.734816
2214	-970.8985	-1142.422	171.5234	2.326015
2220	-984.539	-1155.991	171.4517	2.37158
2226	-980.6433	-1151.874	171.2305	2.510669
2232	-966.1336	-1137.364	171.2305	2.510669
2238	-973.5743	-1145.006	171.4315	2.384357
2244	-969.8136	-1141.074	171.2605	2.491915
2250	-966.1358	-1137.769	171.6332	2.255771
2256	-962.677	-1134.052	171.3754	2.419749
2262	-973.0456	-1144.592	171.5468	2.311086
2268	-970.5805	-1141.362	170.7812	2.787613
2274	-970.0561	-1141.677	171.6211	2.263541
2280	-977.997	-1149.538	171.5406	2.315038
2286	-971.749	-1143.29	171.5406	2.315038
2292	-977.1763	-1148.416	171.2396	2.50497
2298	-971.7191	-1142.945	171.2254	2.513842
2304	-963.8809	-1135.055	171.1737	2.546041
2310	-968.4529	-1139.326	170.8732	2.731434
2316	-956.331	-1128.169	171.8375	2.123376
2322	-966.3174	-1137.685	171.3679	2.424487
2328	-953.1759	-1124.81	171.6343	2.255115
2334	-969.7366	-1141.232	171.4956	2.343688
2340	-962.2223	-1133.718	171.4956	2.343688
2346	-967.0434	-1138.252	171.2088	2.52422
2352	-962.9893	-1134.274	171.2849	2.476647
2358	-963.9555	-1134.988	171.0321	2.633813
2364	-964.4605	-1135.915	171.4546	2.36974
2370	-962.5354	-1134.397	171.8615	2.107675
2376	-971.6478	-1143.545	171.8973	2.084147
2382	-971.1005	-1142.541	171.44	2.378949
2388	-958.862	-1129.803	170.9414	2.689674
2394	-964.5812	-1135.5	170.9186	2.703648
2400	-960.7226	-1132.002	171.2796	2.479973
2406	-985.3964	-1156.48	171.0835	2.602038
2412	-978.3173	-1149.548	171.2303	2.510814
2418	-969.8267	-1141.057	171.2303	2.510814
2424	-982.931	-1154.208	171.2773	2.481402
2430	-962.7487	-1134.11	171.3609	2.428887
2436	-967.5088	-1138.838	171.3293	2.448784
2442	-974.3985	-1145.51	171.1119	2.584468
2448	-971.6549	-1142.729	171.0738	2.608051
2454	-977.1225	-1147.904	170.7817	2.787347
2460	-975.6114	-1146.969	171.3572	2.43122
2466	-963.7776	-1135.329	171.5514	2.308143
2472	-961.5639	-1132.374	170.8102	2.769975
2478	-964.445	-1135.605	171.1603	2.554426
2484	-976.2278	-1147.373	171.1455	2.563615
2490	-975.7564	-1146.299	170.5426	2.932194
2496	-970.4509	-1141.778	171.3268	2.450348
2502	-981.4188	-1152.632	171.2131	2.521505
2508	-984.6438	-1155.651	171.007	2.649277
2514	-966.6155	-1138.084	171.4681	2.361174
2520	-976.7989	-1147.615	170.8159	2.766452
2526	-971.3593	-1142.778	171.4186	2.392532
2532	-971.3376	-1142.705	171.367	2.425076
2538	-977.6886	-1148.61	170.9218	2.701658
2544	-969.1203	-1140.377	171.2565	2.494394
2550	-966.2363	-1137.237	171.0004	2.653375
2556	-987.5363	-1158.579	171.043	2.627061
2562	-985.8584	-1156.986	171.1275	2.574799
2568	-981.0117	-1152.155	171.1435	2.564841
2574	-974.0539	-1145.118	171.0646	2.613754
2580	-971.8919	-1143.162	171.27	2.485982
2586	-966.4076	-1137.613	171.2049	2.526613
2592	-964.6434	-1135.565	170.9218	2.701699
2598	-971.1171	-1142.039	170.9218	2.701699
2604	-963.8536	-1134.621	170.7672	2.796187
2610	-966.8229	-1138.459	171.6366	2.25359
2616	-973.825	-1145.016	171.1909	2.535361
2622	-987.857	-1158.835	170.9781	2.667105
2628	-983.5941	-1155.362	171.7682	2.168588
2634	-980.4956	-1151.929	171.4334	2.383127
2640	-969.1781	-1140.246	171.0678	2.611776
2646	-964.8741	-1136.01	171.136	2.569481
2652	-968.4648	-1139.881	171.416	2.394153
2658	-978.6141	-1149.849	171.2345	2.508191
2664	-985.0588	-1156.692	171.6335	2.255626
2670	-966.1471	-1137.443	171.2957	2.469848
2676	-965.7064	-1136.963	171.2568	2.49423
2682	-971.8974	-1143.154	171.2568	2.49423
2688	-969.3472	-1140.591	171.2441	2.502154
2694	-983.5109	-1154.899	171.3883	2.411652
2700	-971.0075	-1142.254	171.2464	2.500703
2706	-969.1922	-1140.162	170.9697	2.672245
2712	-969.8147	-1140.608	170.7931	2.780413
2718	-969.7711	-1140.564	170.7931	2.780413
2724	-975.8117	-1147.505	171.6933	2.217072
2730	-975.2801	-1146.698	171.4177	2.393059
2736	-971.0813	-1141.9	170.8188	2.764727
2742	-966.0986	-1137.65	171.5517	2.307959
2748	-961.7103	-1132.891	171.1809	2.541579
2754	-983.5624	-1154.194	170.6313	2.878662
2760	-977.9651	-1149.134	171.1686	2.549222
2766	-972.1392	-1143.87	171.7309	2.192792
2772	-980.9541	-1152.38	171.4258	2.38797
2778	-966.8894	-1138.049	171.1598	2.554709
2784	-965.3179	-1136.503	171.1852	2.538914
2790	-968.3607	-1139.874	171.5132	2.332512
2796	-968.6284	-1139.372	170.7439	2.810352
2802	-975.199	-1146.598	171.3986	2.40513
2808	-971.0843	-1142.378	171.2934	2.471331
2814	-969.1367	-1140.645	171.5079	2.335901
2820	-975.4845	-1146.416	170.9315	2.695735
2826	-967.4313	-1138.525	171.0936	2.595784
2832	-961.2639	-1132.461	171.1972	2.531465
2838	-968.7308	-1140.297	171.5665	2.298505
2844	-977.918	-1148.876	170.9578	2.679558
2850	-971.7965	-1142.838	171.0411	2.628231
2856	-974.4768	-1145.727	171.2506	2.498083
2862	-985.7189	-1157.048	171.3292	2.448825
2868	-982.1868	-1153.409	171.2222	2.515817
2874	-981.0518	-1152.311	171.2592	2.492734
2880	-981.3201	-1152.7	171.3795	2.417174
2886	-976.9498	-1147.831	170.8807	2.726873
2892	-972.619	-1144.241	171.6215	2.26328
2898	-972.3785	-1143.536	171.1576	2.556062
2904	-980.3929	-1151.911	171.5177	2.329677
2910	-980.6693	-1151.729	171.06	2.616544
2916	-969.2529	-1140.524	171.2716	2.484976
2922	-979.9482	-1151.638	171.6902	2.21912
2928	-989.7886	-1160.656	170.8676	2.734884
2934	-972.0523	-1143.444	171.3914	2.40968
2940	-972.7539	-1143.991	171.2369	2.506647
2946	-961.1983	-1132.275	171.0771	2.605986
2952	-963.9943	-1135.444	171.4499	2.37272
2958	-962.3308	-1133.781	171.4499	2.37272
2964	-979.8464	-1151.023	171.1763	2.544431
2970	-966.5078	-1137.682	171.1739	2.545926
2976	-964.6099	-1136.197	171.5873	2.285196
2982	-963.0975	-1134.544	171.4462	2.375023
2988	-959.7126	-1131.036	171.3231	2.452713
2994	-965.8604	-1136.822	170.9611	2.677537
3000	-958.8312	-1129.956	171.1252	2.576175
3006	-962.9376	-1133.99	171.0526	2.621141
3012	-957.521	-1129.097	171.5757	2.292676
3018	-956.6205	-1127.758	171.1374	2.568635
3024	-958.5466	-1130.541	171.9946	2.019839
3030	-952.8474	-1124.299	171.4511	2.371928
3036	-962.7835	-1133.644	170.8606	2.739171
3042	-958.1039	-1129.152	171.0481	2.623908
3048	-965.563	-1136.64	171.0771	2.605997
3054	-975.0841	-1146.245	171.1606	2.55423
3060	-981.7419	-1152.983	171.2408	2.504219
3066	-977.3257	-1148.257	170.9315	2.695744
3072	-981.9589	-1153.824	171.8652	2.105286
3078	-978.6785	-1150.112	171.4332	2.383284
3084	-981.1666	-1152.026	170.8596	2.739782
3090	-982.5644	-1153.448	170.8831	2.725378
3096	-975.9083	-1147.75	171.8415	2.120774
3102	-967.3714	-1138.775	171.4038	2.401879
3108	-971.0438	-1142.435	171.391	2.409957
3114	-970.7841	-1141.812	171.0283	2.636126
3120	-967.6842	-1139.002	171.3179	2.455973
3126	-963.7772	-1135.201	171.4236	2.389328
3132	-956.877	-1128.184	171.3069	2.462863
3138	-954.7928	-1126.454	171.6613	2.23775
3144	-958.0936	-1129.193	171.0993	2.592227
3150	-963.6203	-1134.429	170.8089	2.770761
3156	-971.075	-1142.528	171.4528	2.370865
3162	-970.0743	-1141.633	171.5589	2.30339
3168	-963.9224	-1135.279	171.3564	2.431738
3174	-972.4796	-1143.096	170.616	2.887937
3180	-981.2047	-1152.347	171.1428	2.565273
3186	-984.041	-1155.184	171.1428	2.565273
3192	-974.5015	-1145.683	171.1819	2.540938
3198	-975.7546	-1147.562	171.807	2.143309
3204	-971.7408	-1142.934	171.1932	2.533942
3210	-972.7616	-1143.985	171.2235	2.515048
3216	-978.008	-1149.451	171.4428	2.377197
3222	-972.6497	-1144.108	171.4581	2.367539
3228	-962.2848	-1132.918	170.6333	2.877431
3234	-964.765	-1135.956	171.1908	2.535432
3240	-967.42	-1139.026	171.6058	2.27339
3246	-973.6078	-1144.593	170.9852	2.662698
3252	-969.4342	-1140.954	171.5199	2.328253
3258	-978.9909	-1150.481	171.4903	2.347071
3264	-980.059	-1151.724	171.6652	2.235203
3270	-976.2603	-1147.925	171.6652	2.235203
3276	-967.2561	-1138.599	171.3424	2.440523
3282	-962.082	-1132.859	170.7767	2.790406
3288	-965.3052	-1136.788	171.4824	2.352114
3294	-966.2378	-1137.101	170.8628	2.7378
3300	-974.8047	-1146.25	171.4454	2.375549
3306	-961.312	-1132.616	171.3036	2.464942
3312	-962.6481	-1133.578	170.9296	2.696895
3318	-955.5481	-1126.478	170.9296	2.696895
3324	-949.548	-1121.132	171.5842	2.287183
3330	-968.1451	-1139.412	171.2668	2.487949
3336	-970.805	-1141.462	170.6572	2.862971
3342	-980.0905	-1151.033	170.9421	2.689189
3348	-977.807	-1149.292	171.4848	2.35058
3354	-970.8569	-1141.868	171.0109	2.646892
3360	-961.2433	-1132.096	170.8531	2.743768
3366	-965.5643	-1137.68	172.116	1.938645
3372	-994.3178	-1164.712	170.3944	3.021263
3378	-980.5485	-1151.474	170.9251	2.699658
3384	-967.638	-1138.563	170.9251	2.699658
3390	-966.0296	-1137.12	171.09	2.59803
3396	-962.1809	-1133.669	171.4881	2.348496
3402	-978.3798	-1149.092	170.7127	2.829325
3408	-969.7719	-1141.495	171.7227	2.19807
3414	-970.9062	-1143.096	172.1893	1.888991
3420	-958.0732	-1129.628	171.5548	2.305969
3426	-955.0742	-1126.512	171.4374	2.380601
3432	-970.9878	-1142.722	171.7345	2.190471
3438	-972.2685	-1143.549	171.2808	2.47919
3444	-969.4231	-1140.693	171.2702	2.485843
3450	-959.629	-1130.951	171.3217	2.453561
3456	-961.6319	-1133.011	171.3791	2.41742
3462	-957.4726	-1129.114	171.6409	2.250839
3468	-959.6679	-1130.562	170.8946	2.718341
3474	-964.9029	-1136.563	171.6603	2.238386
3480	-970.865	-1141.407	170.5424	2.932331
3486	-973.293	-1144.78	171.4866	2.349442
3492	-975.985	-1147.659	171.6743	2.229353
3498	-974.7029	-1146.04	171.3374	2.443721
3504	-964.9614	-1136.345	171.3838	2.414471
3510	-973.8555	-1145.239	171.3838	2.414471
3516	-967.048	-1138.191	171.1431	2.565069
3522	-965.7888	-1137.229	171.4399	2.37901
3528	-964.1682	-1135.409	171.2412	2.503995
3534	-965.4204	-1136.44	171.0192	2.641787
3540	-970.946	-1141.965	171.0192	2.641787
3546	-963.4286	-1134.539	171.1105	2.585304
3552	-979.6703	-1151.075	171.4046	2.401369
3558	-986.9727	-1158.265	171.2926	2.471818
3564	-983.2086	-1154.501	171.2926	2.471818
3570	-976.2146	-1147.786	171.5718	2.295119
3576	-979.2067	-1150.842	171.6351	2.254595
3582	-974.2903	-1145.94	171.6494	2.2454
3588	-977.2396	-1148.074	170.8342	2.755307
3594	-968.4814	-1140.055	171.5739	2.293807
3600	-973.2845	-1144.244	170.959	2.678847
3606	-970.392	-1141.985	171.5934	2.281318
3612	-999.7611	-1171.061	171.3003	2.466975
3618	-981.1565	-1152.195	171.0387	2.629746
3624	-981.0105	-1152.093	171.0821	2.602919
3630	-984.1749	-1155.303	171.1283	2.574286
3636	-973.5871	-1145.239	171.6516	2.243992
3642	-972.4876	-1143.369	170.8813	2.726484
3648	-976.1054	-1147.737	171.6315	2.256869
3654	-972.7341	-1144.087	171.3529	2.433961
3660	-971.5434	-1143.161	171.6174	2.265952
3666	-966.4834	-1137.352	170.8688	2.734139
3672	-959.773	-1131.639	171.8658	2.104855
3678	-971.1018	-1142.459	171.3574	2.43112
3684	-968.6012	-1140.034	171.4326	2.383672
3690	-982.0781	-1153.761	171.6834	2.223506
3696	-961.299	-1132.316	171.0175	2.642841
3702	-976.7174	-1148.063	171.346	2.438314
3708	-989.4899	-1160.867	171.3767	2.418963
3714	-971.0231	-1142.607	171.5835	2.28767
3720	-960.7223	-1132.103	171.3805	2.416565
3726	-970.9183	-1141.78	170.8615	2.738618
3732	-973.6039	-1144.465	170.8615	2.738618
3738	-981.4553	-1153.433	171.9776	2.03115
3744	-983.2045	-1154.601	171.3968	2.406293
3750	-968.0259	-1139.777	171.7509	2.179825
3756	-982.0757	-1153.188	171.1124	2.58411
3762	-963.5102	-1134.48	170.97	2.672092
3768	-978.8292	-1150.465	171.6357	2.254167
3774	-979.0988	-1150.865	171.7666	2.169614
3780	-973.1047	-1144.02	170.9157	2.70544
3786	-967.0728	-1138.602	171.5293	2.322273
3792	-980.8067	-1152.013	171.2066	2.525593
3798	-985.3286	-1156.535	171.2066	2.525593
3804	-980.8298	-1151.798	170.9685	2.673021
3810	-977.4411	-1148.694	171.2525	2.496939
3816	-975.4522	-1146.482	171.03	2.635133
3822	-975.5841	-1145.886	170.3021	3.076496
3828	-972.1095	-1143.423	171.3134	2.4588
3834	-976.154	-1146.958	170.8043	2.773568
3840	-974.2003	-1145.005	170.8043	2.773568
3846	-978.464	-1149.268	170.8043	2.773568
3852	-971.8688	-1142.957	171.0879	2.599342
3858	-965.3618	-1136.45	171.0879	2.599342
3864	-970.5326	-1142.166	171.6332	2.255777
3870	-971.9121	-1142.595	170.6832	2.847241
3876	-964.7271	-1135.916	171.1886	2.536804
3882	-966.1573	-1137.722	171.5648	2.299626
3888	-965.0968	-1136.328	171.2316	2.509982
3894	-969.9779	-1141.25	171.2725	2.484386
3900	-975.2842	-1146.51	171.2257	2.51365
3906	-982.527	-1153.584	171.0567	2.618643
3912	-991.7774	-1162.797	171.0199	2.641361
3918	-974.0445	-1145.168	171.1235	2.577275
3924	-964.6454	-1135.808	171.1625	2.553035
3930	-964.3242	-1135.53	171.2062	2.525818
3936	-964.9396	-1136.754	171.8144	2.138469
3942	-959.878	-1131.099	171.2213	2.516377
3948	-952.4879	-1123.709	171.2213	2.516377
3954	-956.4785	-1127.7	171.2213	2.516377
3960	-957.2577	-1128.621	171.3634	2.427345
3966	-966.9112	-1138.102	171.1904	2.535688
3972	-961.3564	-1132.643	171.287	2.475311
3978	-967.6369	-1139.222	171.585	2.286681
3984	-971.2284	-1142.813	171.585	2.286681
3990	-969.3887	-1140.668	171.2789	2.480374
3996	-959.8851	-1131.172	171.2872	2.475192
4002	-977.0925	-1148.19	171.0977	2.59326
4008	-970.1096	-1141.199	171.089	2.598611
4014	-975.1269	-1146.401	171.2745	2.483182
4020	-969.1895	-1140.225	171.0351	2.631926
4026	-966.2939	-1137.661	171.3673	2.424879
4032	-957.4381	-1128.814	171.376	2.419419
4038	-960.0191	-1131.292	171.2729	2.484157
4044	-964.951	-1136.317	171.366	2.425709
4050	-972.7592	-1143.3	170.541	2.933161
4056	-966.4899	-1137.913	171.4235	2.389406
4062	-971.9218	-1143.275	171.3531	2.433835
4068	-971.2205	-1142.716	171.4955	2.343775
4074	-960.4797	-1131.96	171.4807	2.353159
4080	-957.4258	-1128.987	171.5615	2.301751
4086	-967.9302	-1139.573	171.6432	2.249377
4092	-969.1436	-1140.475	171.3317	2.447275
4098	-970.3419	-1141.704	171.3621	2.428151
4104	-969.1063	-1140.468	171.3621	2.428151
4110	-977.914	-1148.85	170.936	2.692943
4116	-969.082	-1140.189	171.107	2.587483
4122	-962.933	-1134.372	171.4395	2.379317
4128	-968.9932	-1140.745	171.7514	2.179475
4134	-978.4931	-1149.692	171.1992	2.530202
4140	-965.3687	-1136.536	171.167	2.550248
4146	-974.3239	-1145.491	171.167	2.550248
4152	-970.629	-1141.529	170.8997	2.715251
4158	-974.523	-1145.423	170.8996	2.715289
4164	-960.756	-1131.983	171.2266	2.513117
4170	-968.7711	-1140.16	171.3893	2.411009
4176	-972.6059	-1143.548	170.942	2.689255
4182	-963.3141	-1134.573	171.2592	2.49275
4188	-965.2236	-1136.612	171.3881	2.411747
4194	-967.4406	-1138.81	171.3692	2.42368
4200	-965.6199	-1136.989	171.3692	2.42368
4206	-965.0684	-1136.438	171.3692	2.42368
4212	-958.952	-1130.042	171.0902	2.597912
4218	-965.9842	-1137.477	171.4933	2.345185
4224	-978.0493	-1149.044	170.9948	2.656809
4230	-970.8301	-1142.048	171.2182	2.518368
4236	-961.0872	-1132.786	171.6988	2.213557
4242	-949.1743	-1120.541	171.3669	2.42511
4248	-960.9623	-1132.233	171.2707	2.485565
4254	-974.3791	-1145.412	171.0326	2.633508
4260	-968.8268	-1139.792	170.9654	2.674886
4266	-970.7598	-1142.475	171.7155	2.202762
4272	-969.6222	-1141.215	171.5929	2.281621
4278	-970.4198	-1141.861	171.4411	2.378264
4284	-967.2337	-1138.614	171.3808	2.416402
4290	-960.159	-1131.341	171.1824	2.540629
4296	-967.1723	-1138.065	170.8928	2.719444
4302	-965.4665	-1136.521	171.0541	2.620235
4308	-968.1227	-1140.023	171.9004	2.082136
4314	-971.6468	-1142.52	170.8729	2.731667
4320	-971.451	-1143.093	171.6417	2.250345
4326	-974.5108	-1145.86	171.3491	2.436362
4332	-971.3083	-1142.866	171.5577	2.304125
4338	-971.8045	-1143.156	171.3514	2.434922
4344	-971.2548	-1142.79	171.5357	2.318183
4350	-971.5768	-1143.264	171.6871	2.221113
4356	-970.6743	-1141.941	171.267	2.487855
4362	-978.0372	-1149.404	171.3669	2.425157
4368	-977.4005	-1148.743	171.3423	2.440647
4374	-967.8079	-1139.104	171.2963	2.469486
4380	-956.6495	-1127.854	171.204	2.527197
4386	-961.0446	-1131.93	170.8857	2.72382
4392	-969.0741	-1140.56	171.4856	2.350081
4398	-959.6232	-1130.774	171.1508	2.560323
4404	-957.5983	-1128.977	171.379	2.417489
4410	-975.5348	-1146.747	171.212	2.522211
4416	-972.5687	-1143.685	171.1166	2.581504
4422	-963.2243	-1134.664	171.4398	2.379122
4428	-966.6214	-1137.065	170.444	2.991521
4434	-956.3854	-1127.731	171.3456	2.438571
4440	-965.4856	-1136.831	171.3456	2.438571
4446	-973.4855	-1144.946	171.4607	2.365834
4452	-967.7497	-1139.119	171.3689	2.423886
4458	-969.9278	-1141.229	171.3013	2.466376
4464	-972.1746	-1143.424	171.2489	2.49915
4470	-969.6542	-1140.755	171.1008	2.591305
4476	-976.2674	-1147.368	171.1008	2.591305
4482	-958.5759	-1129.741	171.1653	2.551273
4488	-956.9875	-1128.114	171.1267	2.575295
4494	-954.599	-1125.91	171.3105	2.460582
4500	-965.8132	-1136.761	170.9478	2.685707
4506	-970.5339	-1141.404	170.8697	2.733585
4512	-974.8951	-1145.885	170.9903	2.659589
4518	-982.7927	-1153.804	171.011	2.646851
4524	-975.2001	-1146.536	171.3356	2.444803
4530	-972.647	-1143.583	170.9363	2.6928
4536	-967.3603	-1138.297	170.9363	2.6928
4542	-965.4476	-1137.009	171.5617	2.301577
4548	-969.6433	-1140.897	171.2535	2.496294
4554	-968.2909	-1139.683	171.392	2.4093
4560	-976.1862	-1148.108	171.9217	2.068081
4566	-974.6453	-1146.48	171.8348	2.125175
4572	-968.6597	-1140.01	171.3502	2.435617
4578	-972.9775	-1144.432	171.4544	2.369859
4584	-961.0004	-1132.568	171.5677	2.297758
4590	-968.0487	-1139.048	170.9995	2.653908
4596	-967.7525	-1139.477	171.7249	2.196642
4602	-960.3521	-1131.729	171.3771	2.418721
4608	-957.6188	-1128.996	171.3771	2.418721
4614	-964.5581	-1136.299	171.7405	2.186526
4620	-973.7518	-1145.303	171.5511	2.308383
4626	-971.0877	-1142.253	171.1652	2.551377
4632	-976.5076	-1147.465	170.957	2.68007
4638	-971.7518	-1143.05	171.2979	2.468477
4644	-977.4726	-1148.894	171.4209	2.391043
4650	-974.1429	-1145.564	171.4209	2.391043
4656	-967.6393	-1138.756	171.1168	2.581403
4662	-992.1618	-1163.764	171.6021	2.275758
4668	-984.3928	-1155.728	171.3353	2.444991
4674	-961.812	-1132.758	170.9455	2.687129
4680	-963.0019	-1133.972	170.9698	2.67219
4686	-955.9814	-1127.241	171.2595	2.492539
4692	-965.265	-1136.776	171.5109	2.333975
4698	-965.4527	-1136.621	171.1687	2.549166
4704	-967.2901	-1138.611	171.3205	2.454318
4710	-962.2953	-1133.177	170.8816	2.726336
4716	-966.6196	-1138.117	171.4977	2.342392
4722	-970.8211	-1141.898	171.0768	2.606165
4728	-976.8537	-1147.792	170.9386	2.69138
4734	-974.0584	-1145.585	171.5269	2.323823
4740	-980.4626	-1151.42	170.9573	2.679867
4746	-976.2707	-1147.469	171.1979	2.530981
4752	-971.4244	-1142.706	171.282	2.478464
4758	-972.0292	-1142.749	170.7202	2.824735
4764	-966.1585	-1137.963	171.8049	2.144699
4770	-965.4195	-1137.028	171.608	2.271956
4776	-959.909	-1131.649	171.7398	2.187012
4782	-972.8217	-1144.325	171.5032	2.338859
4788	-964.5109	-1135.51	170.9988	2.654344
4794	-962.2926	-1133.673	171.3805	2.416561
4800	-972.5875	-1144.568	171.981	2.028912
4806	-959.0098	-1129.909	170.8995	2.715328
4812	-964.5935	-1136.251	171.6577	2.240029
4818	-962.2158	-1133.053	170.8371	2.753533
4824	-978.5593	-1149.601	171.042	2.627686
4830	-983.9396	-1155.276	171.336	2.444569
4836	-971.3959	-1143.014	171.6183	2.265367
4842	-978.5832	-1149.177	170.5936	2.901452
4848	-966.001	-1137.282	171.281	2.47908
4854	-986.1005	-1157.012	170.911	2.70829
4860	-987.6926	-1159.309	171.6165	2.266502
4866	-973.7013	-1145.078	171.377	2.418792
4872	-971.8689	-1143.617	171.748	2.181682
4878	-969.7701	-1140.524	170.7536	2.804442
4884	-973.2744	-1144.369	171.0949	2.594991
4890	-974.9995	-1146.094	171.0949	2.594991
4896	-971.951	-1142.519	170.5679	2.916987
4902	-966.4295	-1137.413	170.9838	2.663568
4908	-971.5953	-1143.005	171.4097	2.398117
4914	-974.217	-1145.463	171.2459	2.501061
4920	-970.5144	-1141.612	171.0972	2.593536
4926	-974.233	-1145.369	171.1363	2.569287
4932	-976.9815	-1148.118	171.1363	2.569287
4938	-964.5151	-1135.337	170.8215	2.763091
4944	-961.1397	-1132.926	171.7866	2.156585
4950	-967.7061	-1138.728	171.0218	2.640159
4956	-964.5853	-1135.729	171.1436	2.56478
4962	-985.7293	-1157.14	171.4103	2.397731
4968	-968.968	-1140.276	171.3081	2.462103
4974	-969.8268	-1141.494	171.6668	2.234202
4980	-969.6154	-1141.143	171.5277	2.323298
4986	-968.8397	-1139.756	170.9158	2.705334
4992	-974.6861	-1146.04	171.3544	2.433022
4998	-966.2894	-1137.644	171.3544	2.433022
5004	-967.2668	-1138.807	171.5398	2.315547
5010	-973.1272	-1144.153	171.0257	2.637751
5016	-970.5036	-1141.611	171.1071	2.587418
5022	-968.0612	-1139.47	171.4092	2.398455
5028	-975.7175	-1146.953	171.2356	2.507498
5034	-974.9751	-1146.211	171.2356	2.507498
5040	-970.3838	-1140.91	170.5263	2.942037
5046	-973.7167	-1145.197	171.4798	2.353733
5052	-968.8576	-1140.58	171.722	2.198546
5058	-970.1963	-1141.46	171.2634	2.490109
5064	-966.8343	-1138.098	171.2634	2.490109
5070	-973.2903	-1144.303	171.0132	2.645489
5076	-977.866	-1149.022	171.1563	2.556899
5082	-973.8721	-1145.115	171.243	2.502847
5088	-971.9279	-1143.428	171.4997	2.34112
5094	-978.8852	-1150.08	171.1949	2.532851
5100	-975.4899	-1147.224	171.7344	2.190477
5106	-963.7056	-1135.106	171.4008	2.403743
5112	-970.8317	-1141.561	170.729	2.8194
5118	-969.2271	-1139.815	170.5877	2.904986
5124	-970.7662	-1142.052	171.2862	2.475848
5130	-977.1771	-1149	171.8229	2.13294
5136	-974.6097	-1146.134	171.524	2.325643
5142	-982.011	-1153.599	171.588	2.284775
5148	-963.3699	-1134.432	171.0619	2.615408
5154	-973.5148	-1145.36	171.8454	2.118245
5160	-973.5851	-1145.391	171.806	2.143943
5166	-962.6656	-1133.527	170.861	2.738893
5172	-982.7032	-1153.564	170.861	2.738893
5178	-982.4968	-1153.634	171.1371	2.568844
5184	-969.4712	-1140.852	171.3808	2.416363
5190	-968.2369	-1139.483	171.246	2.500965
5196	-968.6602	-1140.045	171.385	2.413735
5202	-972.51	-1143.796	171.2858	2.476092
5208	-970.5992	-1142.266	171.6666	2.234303
5214	-974.8247	-1146.102	171.2777	2.481163
5220	-970.7755	-1142.347	171.5715	2.295299
5226	-967.8994	-1139.17	171.2703	2.485793
5232	-964.557	-1135.961	171.404	2.401738
5238	-972.4001	-1143.804	171.404	2.401738
5244	-978.2516	-1149.167	170.915	2.705859
5250	-964.8566	-1136.146	171.2894	2.473851
5256	-966.0108	-1137.358	171.3469	2.437727
5262	-968.5624	-1140.119	171.557	2.304572
5268	-972.3932	-1143.534	171.1411	2.566299
5274	-978.2804	-1149.352	171.0713	2.609591
5280	-976.8178	-1147.909	171.0907	2.597569
5286	-971.6142	-1142.829	171.2153	2.520176
5292	-954.467	-1125.682	171.2153	2.520176
5298	-960.26	-1131.36	171.0999	2.59186
5304	-965.5801	-1137.151	171.5713	2.295434
5310	-977.8815	-1148.732	170.851	2.745034
5316	-979.0473	-1150.26	171.2129	2.52162
5322	-975.1351	-1146.295	171.1599	2.554663
5328	-985.48	-1156.418	170.9376	2.691979
5334	-966.2351	-1137.673	171.4383	2.38003
5340	-957.3908	-1129.062	171.6712	2.231357
5346	-977.5756	-1149.247	171.6712	2.231357
5352	-966.5159	-1137.542	171.0261	2.637504
5358	-969.1925	-1140.322	171.1291	2.57377
5364	-974.0214	-1145.448	171.4264	2.38756
5370	-958.6795	-1130.43	171.7503	2.180193
5376	-962.7059	-1134.313	171.6066	2.272841
5382	-969.0464	-1140.488	171.4416	2.377989
5388	-975.3672	-1147.096	171.7286	2.194294
5394	-960.9472	-1131.74	170.7927	2.780635
5400	-974.2535	-1145.545	171.2915	2.472508
5406	-971.9931	-1143.435	171.4417	2.377869
5412	-963.9225	-1135.363	171.4404	2.378727
5418	-971.0494	-1142.5	171.4508	2.372158
5424	-963.1236	-1135.017	171.8937	2.086525
5430	-982.1333	-1153.655	171.5215	2.327236
5436	-976.6836	-1148.017	171.3333	2.44629
5442	-978.8616	-1150.328	171.466	2.362533
5448	-976.1898	-1147.656	171.466	2.362533
5454	-969.4015	-1140.475	171.0736	2.608147
5460	-962.9239	-1134.248	171.3242	2.452009
5466	-962.328	-1133.627	171.2987	2.468013
5472	-966.1293	-1137.428	171.2987	2.468013
5478	-967.9415	-1139.081	171.1394	2.567414
5484	-968.2324	-1139.357	171.1243	2.576781
5490	-964.1852	-1135.689	171.5037	2.338562
5496	-962.3526	-1133.856	171.5037	2.338562
5502	-967.7608	-1139.027	171.2666	2.48809
5508	-975.6119	-1146.974	171.3621	2.428186
5514	-955.8268	-1126.964	171.1369	2.568961
5520	-953.9301	-1125.123	171.193	2.534066
5526	-971.9955	-1143.328	171.3328	2.446609
5532	-961.1532	-1132.592	171.4387	2.37977
5538	-964.696	-1135.99	171.2935	2.47123
5544	-960.3328	-1131.418	171.0853	2.600931
5550	-958.4745	-1129.606	171.1316	2.572256
5556	-959.1503	-1130.313	171.1632	2.552607
5562	-971.0599	-1141.795	170.7346	2.81599
5568	-969.1943	-1140.419	171.2245	2.514417
5574	-967.9867	-1138.958	170.9713	2.671254
5580	-981.7342	-1153.263	171.5285	2.322786
5586	-986.5198	-1157.256	170.736	2.815162
5592	-980.7616	-1151.855	171.0931	2.596073
5598	-961.8498	-1133.148	171.2985	2.468128
