Iteration	Posterior	Likelihood	Prior	tree_length
0	-1345.415	-1518.785	173.3697	0.9607702
6	-1351.919	-1525.253	173.3337	0.9975461
12	-1342.32	-1515.749	173.4283	0.8973495
18	-1342.691	-1516.093	173.4019	0.9264971
24	-1346.539	-1519.931	173.392	0.937272
30	-1343.416	-1516.809	173.3928	0.936413
36	-1343.581	-1516.953	173.3713	0.9590974
42	-1356.322	-1529.711	173.3885	0.9409663
48	-1352.742	-1526.115	173.3733	0.9570609
54	-1353.269	-1526.682	173.4128	0.9145691
60	-1359.741	-1532.936	173.1953	1.12843
66	-1356.541	-1529.938	173.3966	0.9322337
72	-1351.98	-1525.395	173.4151	0.9121121
78	-1360.328	-1533.632	173.3037	1.027247
84	-1357.083	-1530.361	173.278	1.051932
90	-1355.275	-1528.676	173.4006	0.9279211
96	-1365.289	-1538.672	173.3828	0.9470636
102	-1367.599	-1540.858	173.2583	1.070645
108	-1348.279	-1521.746	173.467	0.8521621
114	-1344.817	-1518.249	173.4315	0.8936883
120	-1339.897	-1513.22	173.3224	1.008841
126	-1344.364	-1517.798	173.4336	0.8913019
132	-1353.739	-1527.165	173.4258	0.9001906
138	-1358.214	-1531.603	173.3887	0.9407623
144	-1356.275	-1529.474	173.1993	1.12483
150	-1352.388	-1525.828	173.4396	0.8843894
156	-1350.964	-1524.316	173.3525	0.9785443
162	-1344.835	-1518.187	173.3525	0.9785443
168	-1347.036	-1520.27	173.2344	1.092836
174	-1340.541	-1513.84	173.299	1.031822
180	-1339.637	-1513.125	173.4886	0.825358
186	-1350.819	-1524.269	173.4498	0.8726176
192	-1338.1	-1511.47	173.3702	0.9603236
198	-1350.058	-1523.295	173.2369	1.090493
204	-1355.588	-1528.86	173.2721	1.057593
210	-1355.572	-1528.911	173.3387	0.9925159
216	-1351.075	-1524.419	173.3444	0.9868285
222	-1344.322	-1517.666	173.3444	0.9868285
228	-1350.866	-1524.293	173.4273	0.8984057
234	-1339.124	-1512.459	173.335	0.9962665
240	-1337.993	-1511.361	173.3675	0.9630524
246	-1343.628	-1516.893	173.2655	1.063836
252	-1340.453	-1513.9	173.4471	0.8757667
258	-1350.12	-1523.603	173.483	0.8324508
264	-1352.691	-1526.122	173.4305	0.8948582
270	-1347.455	-1520.957	173.5018	0.8084236
276	-1355.246	-1528.699	173.4533	0.8684931
282	-1350.283	-1523.633	173.3501	0.9810097
288	-1348.197	-1521.547	173.3501	0.9810097
294	-1363.183	-1536.505	173.3223	1.00897
300	-1348.754	-1522.148	173.3933	0.9358639
306	-1344.526	-1517.92	173.3933	0.9358639
312	-1353.559	-1527.108	173.5486	0.7423839
318	-1357.156	-1530.372	173.2164	1.109356
324	-1352.703	-1525.919	173.2164	1.109356
330	-1344.953	-1518.299	173.3461	0.9851128
336	-1342.16	-1515.417	173.2569	1.071873
342	-1350.967	-1524.325	173.3583	0.9725942
348	-1348.087	-1521.499	173.4119	0.9155953
354	-1353.193	-1526.625	173.4321	0.8930516
360	-1349.971	-1523.344	173.3729	0.9574409
366	-1348.926	-1522.31	173.3841	0.9456149
372	-1341.887	-1515.283	173.3958	0.9331114
378	-1337.966	-1511.488	173.5228	0.7800422
384	-1344.476	-1517.908	173.432	0.8931696
390	-1346.739	-1520.23	173.4911	0.8222538
396	-1349.43	-1522.864	173.4348	0.8899172
402	-1347.459	-1520.784	173.3253	1.00592
408	-1350.758	-1524.151	173.3924	0.9368362
414	-1351.416	-1524.856	173.44	0.8839783
420	-1351.739	-1525.209	173.4697	0.8489102
426	-1339.713	-1513.208	173.4946	0.8177438
432	-1344.2	-1517.57	173.3707	0.9597351
438	-1353.679	-1526.972	173.2925	1.038109
444	-1343.836	-1517.178	173.3418	0.9894664
450	-1345.322	-1518.606	173.2837	1.046511
456	-1333.411	-1506.695	173.2837	1.046511
462	-1344.443	-1517.938	173.4951	0.8171172
468	-1357.166	-1530.472	173.3063	1.024649
474	-1355.591	-1528.961	173.3693	0.9612298
480	-1355.751	-1529.121	173.3693	0.9612298
486	-1349.128	-1522.489	173.3613	0.9695468
492	-1357.018	-1530.379	173.3613	0.9695468
498	-1363.54	-1537.006	173.4658	0.8535613
504	-1344.714	-1518.124	173.4099	0.917784
510	-1346.1	-1519.407	173.3072	1.023785
516	-1345.217	-1518.664	173.4465	0.8764197
522	-1350.27	-1523.739	173.4692	0.8494541
528	-1348.456	-1521.903	173.4469	0.876041
534	-1355.841	-1529.354	173.5133	0.7930733
540	-1357.196	-1530.68	173.4838	0.8313894
546	-1354.997	-1528.42	173.4227	0.9035801
552	-1368.561	-1541.982	173.4217	0.9046937
558	-1366.474	-1539.83	173.356	0.9749458
564	-1351.475	-1524.876	173.4014	0.9270683
570	-1355.665	-1529.043	173.3787	0.9513849
576	-1357.134	-1530.443	173.3099	1.021149
582	-1352.169	-1525.633	173.4639	0.8559185
588	-1345.435	-1518.738	173.303	1.027908
594	-1345.779	-1519.068	173.2892	1.041222
600	-1350.775	-1523.974	173.1993	1.124806
606	-1341.631	-1514.884	173.2525	1.075992
612	-1347.833	-1521.328	173.4946	0.8177676
618	-1342.427	-1515.712	173.2856	1.044716
624	-1356.794	-1530.124	173.3302	1.001131
630	-1352.33	-1525.731	173.4003	0.9283139
636	-1349.557	-1522.999	173.4421	0.8815312
642	-1356.315	-1529.616	173.3018	1.029078
648	-1351.12	-1524.557	173.4368	0.8876547
654	-1341.342	-1514.778	173.4368	0.8876547
660	-1346.476	-1519.889	173.4129	0.9145181
666	-1351.451	-1524.651	173.2	1.124187
672	-1351.934	-1525.308	173.3748	0.9554535
678	-1343.916	-1517.254	173.3379	0.9933467
684	-1349.77	-1522.99	173.2197	1.106311
690	-1349.99	-1523.426	173.4361	0.8884709
696	-1356.115	-1529.188	173.0729	1.234578
702	-1360.961	-1534.421	173.4604	0.860028
708	-1348.191	-1521.616	173.4241	0.9020254
714	-1341.819	-1515.217	173.3975	0.9312815
720	-1345.443	-1518.78	173.337	0.9942177
726	-1348.659	-1521.996	173.337	0.9942177
732	-1348.119	-1521.655	173.5358	0.7615511
738	-1345.307	-1518.72	173.4127	0.9147381
744	-1345.678	-1519.004	173.3258	1.005499
750	-1351.007	-1524.401	173.3945	0.9345601
756	-1347.32	-1520.584	173.2643	1.064946
762	-1356.633	-1529.997	173.364	0.9667601
768	-1355.423	-1528.718	173.2949	1.035773
774	-1340.716	-1514.184	173.4681	0.8508548
780	-1353.267	-1526.513	173.2468	1.081334
786	-1358.462	-1531.766	173.3037	1.027245
792	-1360.095	-1533.541	173.4463	0.8767008
798	-1348.449	-1521.817	173.3681	0.9624519
804	-1363.231	-1536.521	173.2892	1.041253
810	-1358.242	-1531.558	173.3162	1.015006
816	-1349.494	-1522.702	173.2076	1.117323
822	-1354.09	-1527.408	173.318	1.013155
828	-1353.708	-1526.979	173.2711	1.05858
834	-1353.234	-1526.622	173.3882	0.9412618
840	-1346.412	-1519.715	173.303	1.027898
846	-1338.081	-1511.502	173.4213	0.9051484
852	-1346.24	-1519.615	173.3747	0.9555277
858	-1346.045	-1519.325	173.2795	1.050523
864	-1352.366	-1525.493	173.1262	1.189203
870	-1344.74	-1518.222	173.482	0.8337001
876	-1340.394	-1513.674	173.2803	1.049746
882	-1339.646	-1512.982	173.3358	0.9954968
888	-1343.018	-1516.405	173.3864	0.943164
894	-1340.524	-1513.91	173.3864	0.943164
900	-1340.876	-1514.362	173.4856	0.8291232
906	-1359.418	-1532.865	173.4474	0.8753925
912	-1360.107	-1533.46	173.3533	0.9776944
918	-1362.668	-1535.994	173.3255	1.005753
924	-1351.847	-1525.172	173.3255	1.005753
930	-1356.891	-1530.189	173.2983	1.03246
936	-1359.324	-1532.808	173.4843	0.8307985
942	-1349.921	-1523.405	173.4843	0.8307985
948	-1349.775	-1523.084	173.3085	1.022486
954	-1346.225	-1519.441	173.2155	1.110112
960	-1351.512	-1524.882	173.3703	0.9601242
966	-1356.6	-1529.885	173.2844	1.045898
972	-1354.176	-1527.483	173.3065	1.024503
978	-1352.449	-1525.825	173.3757	0.9545107
984	-1353.251	-1526.78	173.5293	0.7708388
990	-1359.542	-1533.002	173.4598	0.860807
996	-1347.894	-1521.229	173.3352	0.9960506
1002	-1343.241	-1516.56	173.3185	1.012705
1008	-1344.384	-1517.68	173.2963	1.034393
1014	-1348.527	-1521.821	173.2945	1.036151
1020	-1342.163	-1515.45	173.2871	1.043238
1026	-1337.831	-1511.162	173.3315	0.9997489
1032	-1349.34	-1522.501	173.1608	1.159064
1038	-1348.274	-1521.572	173.2978	1.032917
1044	-1346.783	-1520.252	173.469	0.8497
1050	-1342.796	-1516.209	173.413	0.9144035
1056	-1349.084	-1522.495	173.411	0.9166202
1062	-1352.634	-1526.032	173.3985	0.9302576
1068	-1347.708	-1521.237	173.5293	0.7708849
1074	-1346.204	-1519.638	173.4334	0.8915252
1080	-1347.88	-1521.262	173.3817	0.9481696
1086	-1341.843	-1515.274	173.4309	0.8943806
1092	-1351.517	-1524.851	173.3341	0.9972003
1098	-1346.414	-1519.865	173.4502	0.8720983
1104	-1348.348	-1521.798	173.4502	0.8720983
1110	-1351.909	-1525.158	173.2489	1.079434
1116	-1345.538	-1519.067	173.5283	0.7722743
1122	-1342.993	-1516.312	173.3197	1.011533
1128	-1348.901	-1522.253	173.3522	0.978892
1134	-1350.873	-1524.125	173.2521	1.076387
1140	-1341.627	-1514.987	173.3601	0.9707046
1146	-1357.276	-1530.808	173.5315	0.7677124
1152	-1348.105	-1521.636	173.5315	0.7677124
1158	-1363.235	-1536.388	173.1523	1.16649
1164	-1352.027	-1525.471	173.4436	0.879828
1170	-1345.347	-1518.575	173.2279	1.098808
1176	-1341.276	-1514.656	173.3801	0.9499343
1182	-1342.905	-1516.294	173.3894	0.9400521
1188	-1351.141	-1524.643	173.5021	0.8079824
1194	-1351.619	-1524.944	173.3257	1.005537
1200	-1361.994	-1535.488	173.4941	0.8183541
1206	-1367.554	-1541.036	173.4821	0.8335365
1212	-1365.761	-1539.146	173.3852	0.9444577
1218	-1361.642	-1535.029	173.3861	0.9435078
1224	-1352.607	-1526.024	173.4174	0.9095615
1230	-1346.826	-1520.138	173.3116	1.019533
1236	-1348.243	-1521.677	173.4342	0.8906016
1242	-1343.916	-1517.35	173.4342	0.8906016
1248	-1356.35	-1529.787	173.4379	0.8863848
1254	-1360.301	-1533.552	173.2512	1.077232
1260	-1351.297	-1524.581	173.2843	1.045989
1266	-1366.919	-1540.304	173.3853	0.9443806
1272	-1346.969	-1520.354	173.3853	0.9443806
1278	-1339.93	-1513.324	173.3945	0.9345084
1284	-1349.918	-1523.445	173.5271	0.7739559
1290	-1347.571	-1520.906	173.3357	0.9955264
1296	-1349.74	-1523.101	173.3607	0.9701267
1302	-1342.107	-1515.44	173.3333	0.9980024
1308	-1341.161	-1514.626	173.4648	0.854844
1314	-1343.092	-1516.51	173.4181	0.9087577
1320	-1357.155	-1530.573	173.4181	0.9087577
1326	-1354.461	-1527.848	173.3868	0.9427312
1332	-1355.366	-1528.808	173.4419	0.8818457
1338	-1348.289	-1521.51	173.221	1.105138
1344	-1346.075	-1519.415	173.3399	0.9913947
1350	-1362.127	-1535.546	173.4184	0.9083713
1356	-1350.205	-1523.619	173.4136	0.9136806
1362	-1353.471	-1526.879	173.408	0.919916
1368	-1350.978	-1524.365	173.3867	0.9429361
1374	-1348.372	-1521.689	173.3163	1.01489
1380	-1350.776	-1524.217	173.4408	0.8830828
1386	-1357.558	-1531.052	173.4947	0.8175565
1392	-1349.698	-1523.127	173.4288	0.8967061
1398	-1345.036	-1518.38	173.344	0.9871904
1404	-1352.363	-1525.791	173.4274	0.8983383
1410	-1356.699	-1530.089	173.3899	0.9394356
1416	-1352.487	-1525.639	173.1521	1.166655
1422	-1340.424	-1513.839	173.4148	0.9124301
1428	-1346.966	-1520.381	173.4148	0.9124301
1434	-1352.505	-1525.797	173.2928	1.037821
1440	-1354.835	-1528.363	173.5283	0.7723378
1446	-1349.588	-1523.096	173.5081	0.8000203
1452	-1338.717	-1512.098	173.3812	0.9487707
1458	-1344.459	-1517.908	173.4495	0.8729142
1464	-1346.274	-1519.531	173.2576	1.071287
1470	-1349.482	-1522.926	173.4438	0.8795942
1476	-1343.065	-1516.385	173.3201	1.011161
1482	-1349.17	-1522.521	173.3512	0.9799157
1488	-1354.917	-1528.341	173.4236	0.9026419
1494	-1353.184	-1526.553	173.3684	0.9620966
1500	-1346.884	-1520.311	173.4276	0.8981494
1506	-1351.465	-1524.79	173.3248	1.006483
1512	-1342.319	-1515.646	173.3262	1.005109
1518	-1341.269	-1514.628	173.3592	0.9717238
1524	-1341.662	-1515.023	173.3613	0.9695471
1530	-1343.622	-1516.941	173.3192	1.012034
1536	-1350.381	-1523.713	173.3313	1.000021
1542	-1353.577	-1526.855	173.278	1.051978
1548	-1347.544	-1520.93	173.3861	0.9435222
1554	-1357.121	-1530.507	173.3861	0.9435222
1560	-1346.4	-1519.687	173.2866	1.043764
1566	-1353.419	-1526.931	173.5127	0.7938632
1572	-1346.716	-1520.044	173.3279	1.003401
1578	-1345.114	-1518.379	173.2651	1.064225
1584	-1349.448	-1522.839	173.3911	0.9381841
1590	-1352.362	-1525.795	173.4326	0.8924575
1596	-1353.348	-1526.612	173.2639	1.06532
1602	-1347.696	-1520.916	173.2201	1.105909
1608	-1347.484	-1520.672	173.1874	1.135465
1614	-1340.983	-1514.318	173.3351	0.9961374
1620	-1351.012	-1524.224	173.2118	1.113536
1626	-1343.592	-1516.863	173.2705	1.059142
1632	-1342.566	-1516.013	173.4471	0.8757886
1638	-1350.138	-1523.428	173.2909	1.039605
1644	-1355.882	-1529.192	173.3092	1.021811
1650	-1345.562	-1518.887	173.3249	1.00632
1656	-1348.262	-1521.595	173.3331	0.9982019
1662	-1344.728	-1518.097	173.369	0.9615729
1668	-1344.073	-1517.54	173.4666	0.8525733
1674	-1355.784	-1529.216	173.4321	0.8930201
1680	-1352.131	-1525.613	173.4818	0.8339763
1686	-1365.34	-1538.648	173.3082	1.02284
1692	-1347.505	-1520.894	173.3891	0.9403558
1698	-1342.412	-1515.799	173.3875	0.9419994
1704	-1349.618	-1522.914	173.2964	1.034295
1710	-1345.001	-1518.331	173.3301	1.001184
1716	-1340.4	-1513.761	173.3609	0.9699322
1722	-1344.245	-1517.593	173.3473	0.9838995
1728	-1349.548	-1522.867	173.3191	1.012159
1734	-1351.234	-1524.551	173.3171	1.014121
1740	-1348.761	-1522.078	173.3171	1.014121
1746	-1355.111	-1528.494	173.3835	0.94629
1752	-1351.153	-1524.557	173.4036	0.924702
1758	-1340.172	-1513.447	173.2749	1.054943
1764	-1341.679	-1515.07	173.3911	0.9381844
1770	-1347.744	-1521.122	173.3784	0.9516698
1776	-1349.384	-1522.635	173.251	1.077438
1782	-1348.941	-1522.276	173.3348	0.9964755
1788	-1356.559	-1530.013	173.4543	0.8673065
1794	-1352.753	-1525.981	173.2282	1.098498
1800	-1350.589	-1523.949	173.3599	0.9709616
1806	-1348.605	-1521.961	173.3565	0.9744944
1812	-1354.297	-1527.582	173.2849	1.045398
1818	-1353.906	-1527.158	173.2516	1.076859
1824	-1348.721	-1522.047	173.3259	1.00535
1830	-1353.982	-1527.34	173.358	0.972878
1836	-1361.263	-1534.67	173.4073	0.9206471
1842	-1348.061	-1521.437	173.3761	0.9540996
1848	-1347.308	-1520.716	173.4084	0.91945
1854	-1346.747	-1520.105	173.3578	0.9730715
1860	-1359.371	-1532.76	173.3891	0.9403472
1866	-1358.67	-1532.027	173.3564	0.9745753
1872	-1354.145	-1527.227	173.0817	1.227169
1878	-1355.601	-1529.001	173.4004	0.928173
1884	-1363.045	-1536.289	173.2437	1.084207
1890	-1354.397	-1527.74	173.3433	0.9879458
1896	-1351.881	-1525.189	173.3082	1.022804
1902	-1351.056	-1524.364	173.3082	1.022804
1908	-1351.288	-1524.799	173.5107	0.7965598
1914	-1350.84	-1524.12	173.2799	1.050173
1920	-1350.598	-1523.982	173.384	0.9457114
1926	-1349.305	-1522.689	173.3843	0.9454618
1932	-1352.496	-1525.801	173.3056	1.025357
1938	-1346.651	-1520.08	173.4291	0.896437
1944	-1346.847	-1520.276	173.4291	0.896437
1950	-1338.969	-1512.486	173.5169	0.7881896
1956	-1338.334	-1511.725	173.3908	0.9385223
1962	-1343.23	-1516.487	173.2568	1.072006
1968	-1343.899	-1517.14	173.2417	1.086087
1974	-1344.242	-1517.664	173.4222	0.9041472
1980	-1343.996	-1517.454	173.4586	0.8622604
1986	-1349.683	-1522.999	173.3154	1.015782
1992	-1342.63	-1515.972	173.342	0.9892383
1998	-1350.496	-1523.82	173.3233	1.007957
2004	-1344.686	-1518.033	173.3468	0.9843236
2010	-1345.816	-1519.26	173.4438	0.8795912
2016	-1340.911	-1514.237	173.3253	1.005975
2022	-1335.633	-1508.955	173.3215	1.009738
2028	-1339.91	-1513.231	173.3215	1.009738
2034	-1338.175	-1511.62	173.445	0.8782058
2040	-1338.014	-1511.379	173.365	0.9656493
2046	-1342.315	-1515.704	173.3881	0.9413963
2052	-1347.109	-1520.417	173.3078	1.023246
2058	-1340.853	-1514.159	173.3059	1.025053
2064	-1339.573	-1512.935	173.3622	0.9686286
2070	-1335.756	-1509.213	173.4574	0.8636086
2076	-1335.161	-1508.503	173.3423	0.9889109
2082	-1347.995	-1521.241	173.2463	1.081772
2088	-1345.962	-1519.274	173.3118	1.019308
2094	-1343.877	-1517.313	173.4362	0.888309
2100	-1348.952	-1522.043	173.0912	1.21913
2106	-1355.264	-1528.482	173.2171	1.108629
2112	-1340.969	-1514.393	173.4242	0.9019239
2118	-1342.35	-1515.624	173.2745	1.055329
2124	-1345.839	-1519.139	173.3003	1.030573
2130	-1358.584	-1531.934	173.35	0.9811069
2136	-1355.531	-1528.768	173.2367	1.090745
2142	-1351.41	-1524.874	173.4639	0.8558333
2148	-1351.391	-1524.854	173.4639	0.8558333
2154	-1352.437	-1525.786	173.3488	0.9823589
2160	-1345.078	-1518.44	173.3625	0.9682762
2166	-1353.335	-1526.747	173.4119	0.9155933
2172	-1352.372	-1525.648	173.2756	1.054302
2178	-1349.3	-1522.64	173.3402	0.9910921
2184	-1342.08	-1515.522	173.4414	0.8824169
2190	-1343.075	-1516.348	173.273	1.056735
2196	-1347.442	-1520.842	173.3993	0.9293325
2202	-1353.166	-1526.554	173.3881	0.9414274
2208	-1359.551	-1532.801	173.2502	1.078134
2214	-1343.823	-1517.111	173.2875	1.042855
2220	-1346.822	-1520.108	173.2859	1.044382
2226	-1355.029	-1528.548	173.5187	0.7856982
2232	-1344.511	-1517.911	173.4	0.9286533
2238	-1342.447	-1515.751	173.3045	1.026395
2244	-1343.604	-1517.028	173.4238	0.90233
2250	-1349.515	-1522.958	173.4426	0.8809755
2256	-1342.302	-1515.648	173.346	0.9851952
2262	-1346.729	-1520.017	173.2885	1.041884
2268	-1350.06	-1523.333	173.273	1.056725
2274	-1352.785	-1526.087	173.3017	1.029189
2280	-1347.403	-1520.746	173.3425	0.9886942
2286	-1343.652	-1516.977	173.3247	1.006587
2292	-1347.694	-1521.129	173.4344	0.8903628
2298	-1358.699	-1532.048	173.3483	0.982846
2304	-1349.047	-1522.396	173.3495	0.9816363
2310	-1348.957	-1522.307	173.3495	0.9816363
2316	-1343.646	-1517.005	173.3589	0.972013
2322	-1349.26	-1522.661	173.4012	0.9272547
2328	-1345.683	-1519.019	173.3364	0.9948193
2334	-1342.138	-1515.372	173.2336	1.093546
2340	-1345.628	-1519.029	173.4018	0.9266984
2346	-1354.489	-1527.561	173.0713	1.235888
2352	-1346.847	-1520.145	173.298	1.032736
2358	-1347.078	-1520.559	173.4809	0.8351101
2364	-1343.634	-1516.826	173.1919	1.131446
2370	-1349.289	-1522.681	173.392	0.9372612
2376	-1351.551	-1525.038	173.4871	0.8273502
2382	-1360.674	-1534.041	173.3671	0.9635031
2388	-1344.337	-1517.682	173.3452	0.9859557
2394	-1348.18	-1521.48	173.2999	1.030916
2400	-1353.015	-1526.427	173.4123	0.9151883
2406	-1351.785	-1525.196	173.4106	0.9170901
2412	-1357.585	-1530.85	173.2651	1.064176
2418	-1353.009	-1526.433	173.4237	0.9025266
2424	-1344.158	-1517.53	173.3725	0.9579061
2430	-1354.895	-1528.228	173.3326	0.9987087
2436	-1359.443	-1532.614	173.1707	1.150272
2442	-1347.976	-1521.148	173.1726	1.148635
2448	-1342.148	-1515.331	173.1836	1.138842
2454	-1352.752	-1526.085	173.333	0.9982935
2460	-1357.749	-1531.14	173.3911	0.9381623
2466	-1356.374	-1529.798	173.4246	0.90143
2472	-1358.295	-1531.519	173.2237	1.102666
2478	-1350.005	-1523.264	173.2595	1.069438
2484	-1342.612	-1515.998	173.3859	0.9437507
2490	-1347.357	-1520.819	173.4622	0.857963
2496	-1348.129	-1521.296	173.1667	1.153827
2502	-1341.433	-1514.865	173.432	0.8931411
2508	-1352.768	-1526.06	173.2917	1.038807
2514	-1345.123	-1518.572	173.4492	0.8733452
2520	-1349.329	-1522.668	173.3387	0.9925137
2526	-1343.657	-1517.056	173.3993	0.9293491
2532	-1340.721	-1514.104	173.3825	0.9473367
2538	-1351.763	-1525.095	173.3318	0.9994955
2544	-1346.684	-1519.989	173.3051	1.025895
2550	-1340.845	-1514.15	173.3051	1.025895
2556	-1338.621	-1512.044	173.423	0.9032749
2562	-1347.061	-1520.445	173.3834	0.9463839
2568	-1355.762	-1529.136	173.3738	0.9565235
2574	-1348.785	-1522.166	173.3812	0.9487304
2580	-1348.292	-1521.518	173.226	1.10055
2586	-1347.9	-1521.331	173.4314	0.8938573
2592	-1354.438	-1527.864	173.4259	0.900071
2598	-1355.704	-1528.911	173.2068	1.118002
2604	-1354.945	-1528.268	173.3232	1.008004
2610	-1342.904	-1516.305	173.4012	0.9272816
2616	-1348.912	-1522.313	173.4012	0.9272816
2622	-1353.691	-1527.12	173.4297	0.89574
2628	-1348.317	-1521.737	173.4199	0.9067889
2634	-1344.716	-1518.01	173.2932	1.037404
2640	-1347.415	-1520.847	173.4322	0.8929568
2646	-1346.725	-1520.163	173.4383	0.8859922
2652	-1343.116	-1516.555	173.4383	0.8859922
2658	-1346.448	-1519.887	173.4393	0.8848291
2664	-1344.43	-1517.781	173.3506	0.9805295
2670	-1341.753	-1515.17	173.4176	0.90931
2676	-1341.641	-1515.103	173.4617	0.8584867
2682	-1338.986	-1512.514	173.5283	0.7722953
2688	-1335.728	-1509.083	173.3551	0.9759033
2694	-1340.233	-1513.492	173.2587	1.07023
2700	-1346.38	-1519.787	173.4072	0.9207749
2706	-1343.831	-1517.144	173.3134	1.01768
2712	-1343.304	-1516.69	173.3856	0.9440819
2718	-1348.349	-1521.64	173.2916	1.038963
2724	-1345.247	-1518.526	173.2789	1.051092
2730	-1353.87	-1527.21	173.3404	0.9908905
2736	-1351.035	-1524.279	173.244	1.083932
2742	-1346.587	-1519.831	173.244	1.083932
2748	-1340.632	-1514.079	173.4472	0.8756476
2754	-1346.933	-1520.38	173.4472	0.8756476
2760	-1345.398	-1518.859	173.4609	0.8595273
2766	-1347.815	-1521.187	173.3725	0.9578267
2772	-1352.128	-1525.57	173.4422	0.881426
2778	-1357.163	-1530.511	173.3477	0.9834638
2784	-1344.894	-1518.3	173.4063	0.9218017
2790	-1339.552	-1513.036	173.4844	0.8307119
2796	-1339.887	-1513.275	173.3887	0.9407968
2802	-1345.011	-1518.52	173.5094	0.7983741
2808	-1347.94	-1521.404	173.4637	0.8561026
2814	-1347.181	-1520.593	173.412	0.9155355
2820	-1342.985	-1516.397	173.412	0.9155355
2826	-1356.19	-1529.364	173.1746	1.146844
2832	-1341.072	-1514.487	173.4142	0.9130572
2838	-1336.304	-1509.609	173.3058	1.025212
2844	-1340.344	-1513.886	173.5418	0.7526881
2850	-1345.85	-1519.299	173.4491	0.8733919
2856	-1331.695	-1505.02	173.325	1.006294
2862	-1331.803	-1505.128	173.325	1.006294
2868	-1330.497	-1503.981	173.4846	0.8304967
2874	-1341.767	-1515.081	173.3143	1.016812
2880	-1349.509	-1523.018	173.5089	0.7989982
2886	-1348.163	-1521.566	173.4031	0.9251895
2892	-1349.967	-1523.397	173.4303	0.8950329
2898	-1348.826	-1522.211	173.3856	0.9440805
2904	-1351.253	-1524.693	173.4394	0.8846995
2910	-1355.99	-1529.222	173.2315	1.095469
2916	-1346.534	-1519.918	173.384	0.9457892
2922	-1340.487	-1513.873	173.386	0.943594
2928	-1344.232	-1517.612	173.3799	0.9501416
2934	-1343.486	-1516.825	173.3384	0.9928491
2940	-1358.929	-1532.377	173.448	0.8747132
2946	-1362.659	-1536.052	173.3931	0.935994
2952	-1356.248	-1529.608	173.3601	0.970699
2958	-1358.171	-1531.531	173.3601	0.970699
2964	-1363.959	-1537.44	173.4812	0.8346569
2970	-1357.914	-1531.25	173.3365	0.9948043
2976	-1365.596	-1538.969	173.3727	0.9576267
2982	-1357.638	-1531.147	173.5092	0.7985287
2988	-1347.422	-1520.737	173.3147	1.016452
2994	-1356.983	-1530.302	173.3194	1.011815
3000	-1357.128	-1530.377	173.2487	1.079592
3006	-1351.474	-1524.789	173.3146	1.016532
3012	-1346.48	-1519.987	173.5064	0.8023791
3018	-1343.826	-1517.283	173.4568	0.8643333
3024	-1335.912	-1509.262	173.3501	0.9809679
3030	-1339.524	-1512.85	173.3259	1.005418
3036	-1342.954	-1516.353	173.3992	0.9295199
3042	-1348.362	-1521.762	173.3992	0.9295199
3048	-1348.329	-1521.71	173.3807	0.9492661
3054	-1349.823	-1523.087	173.2634	1.06585
3060	-1360.79	-1534.115	173.3259	1.005412
3066	-1361.508	-1534.97	173.4619	0.8582718
3072	-1364.29	-1537.702	173.4121	0.9153986
3078	-1365.785	-1539.191	173.4058	0.9222515
3084	-1367.988	-1541.343	173.355	0.9759612
3090	-1358.561	-1531.916	173.355	0.9759612
3096	-1361.688	-1535.134	173.4464	0.8765529
3102	-1356.632	-1529.92	173.2889	1.041503
3108	-1351.925	-1525.317	173.3916	0.9376092
3114	-1347.788	-1521.179	173.3916	0.9376092
3120	-1346.053	-1519.331	173.2778	1.052145
3126	-1357.805	-1531.28	173.4748	0.8426447
3132	-1359.962	-1533.49	173.5281	0.7725155
3138	-1352.394	-1525.703	173.3095	1.021595
3144	-1348.511	-1521.891	173.3801	0.9499042
3150	-1360.94	-1534.258	173.318	1.013225
3156	-1352.942	-1526.284	173.342	0.9892687
3162	-1342.938	-1516.203	173.2647	1.064556
3168	-1337.194	-1510.536	173.3426	0.9886442
3174	-1335.22	-1508.594	173.3741	0.9562457
3180	-1346.877	-1520.269	173.3924	0.9368331
3186	-1344.319	-1517.646	173.328	1.003293
3192	-1343.977	-1517.305	173.328	1.003293
3198	-1350.495	-1523.914	173.4196	0.9071015
3204	-1343.763	-1517.1	173.3377	0.9935773
3210	-1344.492	-1517.886	173.394	0.9350349
3216	-1341.743	-1515.137	173.394	0.9350349
3222	-1340.687	-1514.109	173.4227	0.9035917
3228	-1332.317	-1505.717	173.3997	0.9288875
3234	-1343.744	-1517.184	173.4408	0.8830734
3240	-1354.454	-1527.815	173.3611	0.9697646
3246	-1347.095	-1520.548	173.453	0.8687923
3252	-1356.384	-1529.815	173.4307	0.8945806
3258	-1347.292	-1520.77	173.4776	0.8391429
3264	-1362.236	-1535.575	173.3387	0.9925985
3270	-1357.376	-1530.654	173.2774	1.052544
3276	-1354.002	-1527.329	173.3276	1.003684
3282	-1355.399	-1528.851	173.4527	0.8692391
3288	-1346.119	-1519.517	173.3989	0.9298355
3294	-1349.42	-1522.883	173.4626	0.857419
3300	-1347.718	-1521.114	173.3959	0.9330782
3306	-1345.242	-1518.563	173.3206	1.010601
3312	-1341.702	-1515.161	173.4585	0.8623349
3318	-1348.06	-1521.4	173.3404	0.9908881
3324	-1345.808	-1519.037	173.2287	1.098092
3330	-1358.868	-1532.089	173.2212	1.104958
3336	-1352.015	-1525.363	173.3475	0.983631
3342	-1346.74	-1520.087	173.3475	0.983631
3348	-1342.793	-1516.164	173.3716	0.9587627
3354	-1351.075	-1524.483	173.4081	0.919728
3360	-1358.533	-1531.762	173.2286	1.098139
3366	-1360.477	-1533.643	173.1659	1.15455
3372	-1354.374	-1527.815	173.441	0.8828641
3378	-1360.782	-1534.217	173.4351	0.8896355
3384	-1353.216	-1526.674	173.4575	0.8634929
3390	-1350.398	-1523.791	173.393	0.9361019
3396	-1351.968	-1525.35	173.382	0.9478232
3402	-1362.759	-1536.05	173.2917	1.038803
3408	-1361.808	-1534.997	173.1883	1.13468
3414	-1357.821	-1531.156	173.335	0.9963145
3420	-1344.876	-1518.211	173.335	0.9963145
3426	-1342.064	-1515.452	173.3876	0.9418881
3432	-1348.384	-1521.655	173.2705	1.059059
3438	-1342.491	-1515.931	173.4404	0.8834787
3444	-1340.585	-1513.999	173.4142	0.9130237
3450	-1340.139	-1513.503	173.3631	0.9676128
3456	-1336.056	-1509.45	173.3946	0.934454
3462	-1346.95	-1520.375	173.4252	0.900767
3468	-1349.207	-1522.47	173.2635	1.065716
3474	-1350.498	-1523.731	173.2324	1.094689
3480	-1357.346	-1530.595	173.2491	1.079207
3486	-1364.371	-1537.74	173.3688	0.9617359
3492	-1362.525	-1535.928	173.4028	0.9256169
3498	-1355.665	-1529.004	173.3392	0.9920273
3504	-1358.193	-1531.578	173.3844	0.9453846
3510	-1351.006	-1524.24	173.2342	1.093007
3516	-1349.621	-1522.855	173.2342	1.093007
3522	-1345.179	-1518.552	173.3737	0.9566509
3528	-1349.954	-1523.269	173.3145	1.016657
3534	-1354.279	-1527.674	173.3948	0.9341916
3540	-1354.32	-1527.719	173.3985	0.930272
3546	-1351.594	-1525.068	173.474	0.8436564
3552	-1357.256	-1530.478	173.222	1.104195
3558	-1345.527	-1518.974	173.4469	0.8760137
3564	-1349.881	-1523.24	173.3589	0.9720124
3570	-1351.338	-1524.763	173.425	0.9010198
3576	-1354.358	-1527.783	173.425	0.9010198
3582	-1352.067	-1525.508	173.4416	0.8821407
3588	-1344.135	-1517.477	173.3423	0.9888748
3594	-1339.898	-1513.218	173.3202	1.011034
3600	-1345.784	-1519.104	173.3202	1.011034
3606	-1348.075	-1521.408	173.3328	0.9984559
3612	-1344.884	-1518.28	173.3954	0.933552
3618	-1348.081	-1521.35	173.2691	1.060451
3624	-1347	-1520.511	173.5109	0.7963424
3630	-1346.029	-1519.54	173.5109	0.7963424
3636	-1337.458	-1510.672	173.2135	1.111985
3642	-1342.165	-1515.271	173.1062	1.20637
3648	-1353.548	-1526.654	173.1062	1.20637
3654	-1342.845	-1516.117	173.272	1.057662
3660	-1345.315	-1518.715	173.4002	0.9283542
3666	-1341.309	-1514.743	173.4343	0.890497
3672	-1347.506	-1520.918	173.4119	0.9155906
3678	-1349.473	-1522.935	173.4623	0.8578118
3684	-1356.079	-1529.47	173.3911	0.9381413
3690	-1354.403	-1527.676	173.2732	1.056536
3696	-1343.727	-1517.007	173.2803	1.049781
3702	-1354.753	-1528.033	173.2803	1.049781
3708	-1357.474	-1530.857	173.3823	0.9475452
3714	-1342.665	-1516.082	173.4163	0.9107295
3720	-1341.127	-1514.492	173.3652	0.9654597
3726	-1340.2	-1513.565	173.3652	0.9654597
3732	-1349.463	-1522.823	173.3598	0.9710184
3738	-1344.062	-1517.386	173.3237	1.007597
3744	-1346.087	-1519.296	173.2089	1.11614
3750	-1356.865	-1530.24	173.3757	0.9545238
3756	-1348.808	-1522.236	173.4282	0.8974456
3762	-1353.081	-1526.453	173.3721	0.9583012
3768	-1349.574	-1522.947	173.3725	0.9578801
3774	-1352.246	-1525.715	173.4683	0.8505079
3780	-1350.623	-1524.047	173.4243	0.9018666
3786	-1345.817	-1519.037	173.2201	1.105955
3792	-1353.913	-1527.296	173.3824	0.9474419
3798	-1360.145	-1533.456	173.3111	1.02
3804	-1354.006	-1527.317	173.3111	1.02
3810	-1351.102	-1524.608	173.5063	0.8024135
3816	-1354.654	-1528.062	173.4079	0.9200556
3822	-1352.978	-1526.459	173.4806	0.8354079
3828	-1359.056	-1532.318	173.2627	1.066469
3834	-1352.993	-1526.36	173.3669	0.9637473
3840	-1354.166	-1527.475	173.3089	1.02219
3846	-1348.087	-1521.36	173.2729	1.056799
3852	-1348.183	-1521.459	173.2754	1.054423
3858	-1345.04	-1518.327	173.2871	1.043255
3864	-1342.509	-1515.766	173.2568	1.072045
3870	-1351.658	-1525.037	173.3793	0.9507626
3876	-1346.69	-1520.105	173.4156	0.9115446
3882	-1344.248	-1517.624	173.3756	0.954655
3888	-1348.902	-1522.21	173.3085	1.02254
3894	-1341.19	-1514.429	173.2381	1.089406
3900	-1349.471	-1522.861	173.3902	0.9391004
3906	-1353.025	-1526.42	173.3954	0.9336139
3912	-1354.9	-1528.296	173.3954	0.9336139
3918	-1357.451	-1530.733	173.2822	1.04798
3924	-1350.131	-1523.64	173.5088	0.7990677
3930	-1341.889	-1515.103	173.2145	1.111002
3936	-1341.742	-1514.943	173.2008	1.123429
3942	-1341.629	-1514.962	173.3328	0.9985201
3948	-1341.357	-1514.821	173.4641	0.8556916
3954	-1345.605	-1518.838	173.2331	1.094058
3960	-1353.026	-1526.273	173.2471	1.081019
3966	-1354.99	-1528.272	173.2819	1.048288
3972	-1353.641	-1527.021	173.3799	0.9501401
3978	-1361.998	-1535.377	173.3799	0.9501401
3984	-1379.761	-1553.011	173.2503	1.078083
3990	-1363.472	-1536.751	173.2792	1.050863
3996	-1357.269	-1530.719	173.4499	0.8725407
4002	-1353.353	-1526.751	173.3979	0.9308661
4008	-1358.519	-1531.639	173.1194	1.194995
4014	-1355.158	-1528.555	173.397	0.9318141
4020	-1349.706	-1523.103	173.397	0.9318141
4026	-1356.1	-1529.468	173.3685	0.9619945
4032	-1355.266	-1528.619	173.3532	0.9778779
4038	-1351.432	-1524.894	173.4619	0.8582251
4044	-1350.934	-1524.214	173.2802	1.049905
4050	-1356.997	-1530.355	173.3585	0.9723651
4056	-1347.339	-1520.704	173.3651	0.9656038
4062	-1355.885	-1529.251	173.3655	0.9651419
4068	-1358.699	-1532.072	173.3737	0.9565886
4074	-1358.079	-1531.505	173.4266	0.8991814
4080	-1352.466	-1525.903	173.4365	0.888043
4086	-1352.521	-1525.821	173.2999	1.030886
4092	-1351.872	-1525.316	173.4437	0.8797374
4098	-1346.937	-1520.363	173.4254	0.9006331
4104	-1355.581	-1528.914	173.3324	0.9988758
4110	-1352.724	-1526.057	173.3324	0.9988758
4116	-1356.231	-1529.517	173.2861	1.044204
4122	-1361.552	-1534.945	173.3929	0.9362313
4128	-1345.716	-1519.109	173.3929	0.9362313
4134	-1345.235	-1518.628	173.3929	0.9362313
4140	-1349.659	-1523.102	173.443	0.8805664
4146	-1346.435	-1519.884	173.4496	0.8728777
4152	-1345.367	-1518.847	173.4801	0.8360977
4158	-1348.583	-1521.967	173.3833	0.9464666
4164	-1350.211	-1523.597	173.3864	0.9431869
4170	-1358.189	-1531.477	173.2878	1.042624
4176	-1352.298	-1525.598	173.3	1.030807
4182	-1349.191	-1522.605	173.4141	0.9131896
4188	-1349.417	-1522.831	173.4141	0.9131896
4194	-1350.079	-1523.363	173.2839	1.046314
4200	-1351.689	-1525.075	173.3857	0.9439996
4206	-1351.677	-1525.047	173.3697	0.9607449
4212	-1346.877	-1520.242	173.3657	0.964953
4218	-1348.898	-1522.336	173.4377	0.8866105
4224	-1357.601	-1531.05	173.4489	0.8736228
4230	-1357.871	-1531.155	173.2842	1.046034
4236	-1359.84	-1533.245	173.4055	0.92261
4242	-1358.216	-1531.702	173.4859	0.8288442
4248	-1340.757	-1514.152	173.3948	0.934271
4254	-1349.24	-1522.707	173.4667	0.8524501
4260	-1340.877	-1514.16	173.2833	1.046958
4266	-1354.378	-1527.661	173.2833	1.046958
4272	-1341.872	-1515.235	173.3627	0.9680315
4278	-1345.067	-1518.504	173.4365	0.8879657
4284	-1354.139	-1527.521	173.3819	0.9479552
4290	-1351.1	-1524.443	173.3436	0.9876006
4296	-1355.582	-1528.845	173.2636	1.065602
4302	-1360.468	-1533.877	173.4094	0.9183458
4308	-1363.689	-1537.054	173.3647	0.9660215
4314	-1350.954	-1524.312	173.3579	0.9730036
4320	-1355.868	-1529.106	173.2374	1.090088
4326	-1352.82	-1526.171	173.3508	0.9802485
4332	-1360.75	-1534.088	173.338	0.9932693
4338	-1350.109	-1523.462	173.353	0.9780393
4344	-1339.396	-1512.678	173.2816	1.048506
4350	-1343.58	-1516.861	173.2816	1.048506
4356	-1344.14	-1517.522	173.3815	0.9484014
4362	-1344.67	-1518.049	173.3795	0.9505639
4368	-1346.558	-1519.938	173.3795	0.9505639
4374	-1357.585	-1530.876	173.2913	1.039203
4380	-1353.9	-1527.207	173.307	1.023953
4386	-1349.352	-1522.805	173.4538	0.8679466
4392	-1360.047	-1533.26	173.2133	1.112165
4398	-1355.734	-1529.03	173.2952	1.035446
4404	-1345.248	-1518.609	173.3612	0.969608
4410	-1347.424	-1520.898	173.4748	0.842636
4416	-1342.311	-1515.755	173.4441	0.879263
4422	-1348.66	-1522.032	173.3723	0.9580517
4428	-1345.531	-1518.982	173.4507	0.8715745
4434	-1349.438	-1522.747	173.3087	1.022308
4440	-1350.132	-1523.498	173.3654	0.9652624
4446	-1346.444	-1519.746	173.3027	1.02822
4452	-1342.161	-1515.506	173.3448	0.9864077
4458	-1337.669	-1511.132	173.4623	0.8577754
4464	-1342.47	-1515.767	173.2972	1.033575
4470	-1339.459	-1512.759	173.2999	1.030937
4476	-1337.511	-1510.907	173.3966	0.9322595
4482	-1354.605	-1528.065	173.4601	0.8604037
4488	-1350.888	-1524.196	173.3078	1.02322
4494	-1350.061	-1523.404	173.3432	0.9880099
4500	-1343.324	-1516.566	173.2428	1.085091
4506	-1353.095	-1526.338	173.2428	1.085091
4512	-1348.933	-1522.322	173.3883	0.9411835
4518	-1351.407	-1524.827	173.4198	0.9068115
4524	-1351.552	-1524.971	173.4198	0.9068115
4530	-1345.313	-1518.743	173.4301	0.895249
4536	-1345.055	-1518.379	173.3241	1.007201
4542	-1345.938	-1519.307	173.3683	0.9622292
4548	-1336.187	-1509.627	173.44	0.8840126
4554	-1343.22	-1516.711	173.4902	0.8232997
4560	-1349.405	-1522.681	173.2765	1.053445
4566	-1355.333	-1528.788	173.4558	0.8655887
4572	-1358.018	-1531.448	173.4303	0.8950679
4578	-1349.695	-1523.119	173.4238	0.902413
4584	-1337.159	-1510.597	173.4387	0.8854815
4590	-1345.43	-1518.815	173.385	0.9447152
4596	-1352.741	-1526.241	173.5008	0.8097426
4602	-1351.421	-1524.922	173.5008	0.8097426
4608	-1351.692	-1525.079	173.3868	0.942826
4614	-1351.894	-1525.19	173.2955	1.035143
4620	-1356.13	-1529.576	173.4464	0.8765763
4626	-1356.205	-1529.661	173.4561	0.8651373
4632	-1347.735	-1521.169	173.4346	0.8901682
4638	-1358.658	-1532.104	173.4459	0.8771735
4644	-1343.587	-1516.965	173.3785	0.9516096
4650	-1344.947	-1518.36	173.4138	0.9135379
4656	-1348.145	-1521.602	173.4567	0.8644477
4662	-1349.725	-1523.137	173.4113	0.9163173
4668	-1354.481	-1527.894	173.4124	0.9150751
4674	-1353.771	-1527.069	173.2982	1.032578
4680	-1354.788	-1528.083	173.295	1.035617
4686	-1352.044	-1525.561	173.5165	0.7886971
4692	-1352.111	-1525.483	173.3713	0.9590743
4698	-1356.842	-1530.188	173.3458	0.9854108
4704	-1357.51	-1530.799	173.2891	1.041303
4710	-1343.946	-1517.262	173.3163	1.014856
4716	-1343.654	-1517.032	173.3781	0.9520172
4722	-1354.089	-1527.337	173.2484	1.079853
4728	-1348.614	-1522.062	173.4484	0.8742724
4734	-1358.917	-1532.293	173.3757	0.9544907
4740	-1353.24	-1526.645	173.4052	0.9229697
4746	-1348.781	-1522.222	173.4415	0.8822128
4752	-1342.297	-1515.425	173.1277	1.187916
4758	-1344.605	-1517.901	173.2953	1.035326
4764	-1346.726	-1520.021	173.2953	1.035326
4770	-1359.817	-1533.166	173.3491	0.9820487
4776	-1360.171	-1533.673	173.5015	0.8087858
4782	-1351.491	-1524.899	173.4079	0.9199505
4788	-1348.387	-1521.672	173.285	1.045333
4794	-1343.43	-1516.783	173.3533	0.9777671
4800	-1338.421	-1511.778	173.3562	0.9747943
4806	-1340.472	-1513.76	173.2878	1.042642
4812	-1337.535	-1510.907	173.3716	0.9587818
4818	-1350.534	-1523.798	173.2637	1.065547
4824	-1348.735	-1522.178	173.443	0.8805352
4830	-1346.505	-1519.985	173.4805	0.8355396
4836	-1343.115	-1516.639	173.5238	0.7786105
4842	-1364.531	-1537.958	173.4278	0.8979071
4848	-1347.301	-1520.613	173.3118	1.019314
4854	-1362.827	-1536.08	173.2527	1.075859
4860	-1356.588	-1530.043	173.4553	0.8661727
4866	-1345.528	-1518.905	173.3777	0.9524014
4872	-1347.477	-1520.923	173.4461	0.8769496
4878	-1351.942	-1525.328	173.3855	0.9441539
4884	-1341.999	-1515.256	173.2574	1.071491
4890	-1354.69	-1528.02	173.3301	1.001154
4896	-1361.757	-1534.968	173.2115	1.113727
4902	-1356.329	-1529.726	173.3971	0.9317481
4908	-1351.119	-1524.572	173.4524	0.869587
4914	-1356.205	-1529.508	173.3033	1.027604
4920	-1355.659	-1528.855	173.1966	1.12726
4926	-1357.521	-1530.872	173.3512	0.9798827
4932	-1353.848	-1527.282	173.4346	0.8901526
4938	-1358.023	-1531.355	173.332	0.9993231
4944	-1358.717	-1532.139	173.4227	0.9036664
4950	-1369.3	-1542.847	173.5474	0.7441816
4956	-1358.811	-1532.358	173.5474	0.7441816
4962	-1350.276	-1523.787	173.5105	0.796809
4968	-1348.423	-1521.784	173.3608	0.9700079
4974	-1347.945	-1521.306	173.3608	0.9700079
4980	-1350.437	-1523.684	173.247	1.081136
4986	-1351.507	-1524.871	173.3646	0.966103
4992	-1349.846	-1523.196	173.3504	0.9806727
4998	-1341.172	-1514.546	173.374	0.9562614
5004	-1342.751	-1516.142	173.3907	0.938624
5010	-1357.557	-1531.014	173.4575	0.8635613
5016	-1363.101	-1536.31	173.2084	1.116593
5022	-1361.854	-1535.33	173.4757	0.8415025
5028	-1357.551	-1530.819	173.2675	1.061943
5034	-1358.607	-1532.064	173.4574	0.8636273
5040	-1347.156	-1520.482	173.3252	1.006098
5046	-1339.684	-1513.101	173.4166	0.9103735
5052	-1333.487	-1506.887	173.4001	0.9285488
5058	-1350.06	-1523.37	173.3097	1.021342
5064	-1356.708	-1530.168	173.4598	0.8608278
5070	-1354.555	-1527.973	173.4182	0.9086896
5076	-1352.515	-1525.784	173.2682	1.06125
5082	-1346.285	-1519.753	173.4676	0.8514701
5088	-1346.605	-1520.002	173.3965	0.9324301
5094	-1349.762	-1523.011	173.249	1.079256
5100	-1348.054	-1521.343	173.2887	1.041763
5106	-1348.333	-1521.592	173.259	1.069973
5112	-1360.581	-1533.841	173.2594	1.069581
5118	-1357.356	-1530.509	173.153	1.165864
5124	-1348.104	-1521.464	173.3597	0.9711721
5130	-1351.524	-1524.905	173.3808	0.949133
5136	-1353.191	-1526.432	173.2405	1.08722
5142	-1340.982	-1514.34	173.3582	0.9727082
5148	-1351.89	-1525.248	173.3582	0.9727082
5154	-1357.943	-1531.23	173.2867	1.043665
5160	-1346.796	-1520.135	173.3389	0.9923303
5166	-1350.564	-1524.009	173.4447	0.8785218
5172	-1350.69	-1523.985	173.2941	1.036553
5178	-1340.283	-1513.781	173.4981	0.8131478
5184	-1345.5	-1518.824	173.3238	1.007459
5190	-1350.512	-1523.876	173.3637	0.9670014
5196	-1345.514	-1518.873	173.3591	0.971799
5202	-1349.917	-1523.309	173.3924	0.9367753
5208	-1348.073	-1521.465	173.3924	0.9367753
5214	-1351.427	-1524.84	173.4122	0.9152631
5220	-1354.65	-1527.964	173.3138	1.017317
5226	-1357.475	-1530.965	173.4904	0.8231616
5232	-1362.886	-1536.258	173.3714	0.9590376
5238	-1347.54	-1520.912	173.3714	0.9590376
5244	-1356.992	-1530.322	173.3302	1.001111
5250	-1349.152	-1522.652	173.5002	0.8104562
5256	-1348.095	-1521.589	173.4937	0.8188725
5262	-1343.123	-1516.438	173.3146	1.01658
5268	-1341.499	-1514.881	173.3818	0.9480381
5274	-1339.414	-1512.868	173.4545	0.8670871
5280	-1344.529	-1517.946	173.4172	0.9097741
5286	-1338.308	-1511.813	173.5047	0.8045188
5292	-1353.757	-1527.14	173.3827	0.9471683
5298	-1362.98	-1536.438	173.4587	0.8621325
5304	-1355.951	-1529.41	173.4587	0.8621325
5310	-1350.122	-1523.377	173.2551	1.073594
5316	-1362.161	-1535.586	173.4247	0.9013788
5322	-1353.113	-1526.251	173.1379	1.179073
5328	-1354.387	-1527.792	173.4044	0.9237925
5334	-1350.407	-1523.666	173.2588	1.070089
5340	-1349.749	-1523.067	173.3177	1.013476
5346	-1353.818	-1527.154	173.3356	0.9956785
5352	-1372.03	-1545.344	173.3144	1.01679
5358	-1360.517	-1533.912	173.3949	0.9341224
5364	-1355.379	-1528.734	173.3554	0.9755353
5370	-1347.495	-1520.935	173.4401	0.8838536
5376	-1348.801	-1522.25	173.4484	0.8742889
5382	-1356.391	-1529.628	173.2367	1.090669
5388	-1345.518	-1518.905	173.3871	0.9424694
5394	-1353.949	-1527.252	173.3026	1.02832
5400	-1342.829	-1516.166	173.3373	0.9939185
5406	-1344.073	-1517.269	173.1957	1.128054
5412	-1347.934	-1521.354	173.42	0.9066571
5418	-1354.353	-1527.641	173.288	1.042397
5424	-1339.182	-1512.423	173.2415	1.086268
5430	-1348.698	-1522.044	173.346	0.9852199
5436	-1344.309	-1517.557	173.2478	1.080437
5442	-1350.007	-1523.329	173.3221	1.009179
5448	-1351.643	-1524.969	173.3263	1.004978
5454	-1345.423	-1518.832	173.4089	0.9189379
5460	-1346.596	-1519.867	173.2703	1.059272
5466	-1348.882	-1522.38	173.4979	0.813509
5472	-1348.17	-1521.617	173.4464	0.8765679
5478	-1346.878	-1520.351	173.473	0.8447748
5484	-1347.79	-1521.223	173.4334	0.891503
5490	-1356.045	-1529.394	173.349	0.9821163
5496	-1357.006	-1530.362	173.3555	0.9754809
5502	-1359.055	-1532.197	173.1424	1.17512
5508	-1357.976	-1531.303	173.3267	1.004556
5514	-1348.372	-1521.698	173.3267	1.004556
5520	-1358.082	-1531.483	173.4008	0.927785
5526	-1371.788	-1545.023	173.2345	1.092768
5532	-1363.347	-1536.776	173.4292	0.8962477
5538	-1350.346	-1523.864	173.5186	0.785792
5544	-1356.539	-1529.784	173.2445	1.083462
5550	-1356.655	-1530.049	173.3948	0.9342215
5556	-1358.391	-1531.761	173.3699	0.9606162
5562	-1358.437	-1531.807	173.3699	0.9606162
5568	-1356.907	-1530.279	173.3713	0.9590838
5574	-1347.138	-1520.592	173.4541	0.8675345
5580	-1347.78	-1521.225	173.4452	0.8779444
5586	-1345.021	-1518.439	173.4177	0.9092119
5592	-1334.561	-1507.979	173.4177	0.9092119
5598	-1338.121	-1511.506	173.3847	0.9450551
5604	-1345.815	-1519.07	173.2552	1.073467
5610	-1340.157	-1513.52	173.3626	0.9681984
5616	-1343.852	-1517.274	173.4221	0.9042362
5622	-1346.553	-1519.937	173.384	0.9457241
5628	-1341.486	-1514.945	173.4588	0.8619777
5634	-1336.252	-1509.574	173.3216	1.009588
5640	-1342.449	-1515.782	173.3328	0.9984841
5646	-1347.148	-1520.536	173.3888	0.9406512
5652	-1343.988	-1517.449	173.4615	0.8587971
5658	-1336.287	-1509.596	173.3088	1.022201
5664	-1338.049	-1511.146	173.0972	1.21397
5670	-1341.852	-1515.254	173.4016	0.9268841
5676	-1348.598	-1522.064	173.4657	0.8537566
5682	-1346.562	-1519.788	173.2263	1.100272
5688	-1350.871	-1524.358	173.4876	0.8267065
5694	-1344.006	-1517.334	173.3279	1.003377
5700	-1349.75	-1523.199	173.4488	0.8738327
5706	-1346.344	-1519.725	173.3811	0.9488098
5712	-1342.829	-1516.193	173.3643	0.9663938
5718	-1346.58	-1519.765	173.1852	1.137434
5724	-1352.051	-1525.381	173.3299	1.001425
5730	-1349.253	-1522.612	173.3597	0.9711667
5736	-1354.186	-1527.49	173.3042	1.026751
5742	-1344.516	-1517.885	173.3685	0.9620716
5748	-1351.405	-1524.84	173.4349	0.8898303
5754	-1363.07	-1536.553	173.4836	0.83173
5760	-1360.163	-1533.57	173.4078	0.9201485
5766	-1339.834	-1513.264	173.4307	0.8946456
5772	-1343.246	-1516.588	173.3418	0.9894705
5778	-1354.944	-1528.096	173.1521	1.16667
5784	-1344.656	-1518.056	173.4	0.928585
5790	-1348.108	-1521.314	173.2058	1.118905
5796	-1341.879	-1515.321	173.4414	0.8824025
5802	-1345.289	-1518.63	173.3411	0.9901589
5808	-1341.886	-1515.272	173.3869	0.9427178
5814	-1339.039	-1512.32	173.2808	1.049276
5820	-1340.497	-1513.522	173.0256	1.273879
5826	-1342.881	-1516.292	173.411	0.916621
5832	-1356.704	-1530.167	173.4632	0.8567155
5838	-1350.486	-1523.787	173.3016	1.029286
5844	-1344.239	-1517.773	173.5345	0.763466
5850	-1350.675	-1524.079	173.4037	0.9245511
5856	-1361.403	-1534.869	173.4664	0.8528721
5862	-1353.952	-1527.34	173.3887	0.9407398
5868	-1350.499	-1523.864	173.3649	0.9657953
5874	-1350.389	-1523.904	173.5149	0.790912
5880	-1345.963	-1519.378	173.4144	0.9128313
5886	-1353.23	-1526.542	173.3127	1.018443
5892	-1358.398	-1531.793	173.3948	0.9342362
5898	-1348.751	-1522.105	173.3542	0.9768205
5904	-1347.265	-1520.712	173.4467	0.8762297
5910	-1349.901	-1523.366	173.4649	0.85468
5916	-1358.906	-1532.154	173.2479	1.080284
5922	-1353.267	-1526.637	173.3699	0.9606133
5928	-1354.078	-1527.388	173.31	1.021032
5934	-1353.822	-1527.295	173.4734	0.8443081
5940	-1352.423	-1525.743	173.3207	1.010553
5946	-1350.594	-1523.983	173.3882	0.9413047
5952	-1346.011	-1519.349	173.3376	0.9936401
5958	-1341.179	-1514.526	173.3472	0.9839292
5964	-1350.652	-1523.788	173.136	1.1807
5970	-1353.157	-1526.513	173.3555	0.9754546
5976	-1348.548	-1521.798	173.2503	1.078052
5982	-1333.785	-1507.144	173.3589	0.9720057
5988	-1333.653	-1506.845	173.1918	1.131548
5994	-1333.425	-1506.815	173.3896	0.9398129
6000	-1343.053	-1516.411	173.3583	0.9726123
6006	-1348.679	-1521.91	173.2304	1.096537
6012	-1353.337	-1526.839	173.5012	0.809121
6018	-1344.615	-1517.991	173.3753	0.9549284
6024	-1346.071	-1519.446	173.3751	0.9551753
6030	-1348.551	-1521.905	173.3538	0.9771739
6036	-1340.895	-1514.212	173.317	1.014212
6042	-1347.221	-1520.568	173.347	0.9841192
6048	-1350.98	-1524.403	173.4232	0.9031086
6054	-1341.785	-1515.122	173.3375	0.9937472
6060	-1345.575	-1519.024	173.449	0.8734982
6066	-1343.229	-1516.649	173.4204	0.9061667
6072	-1347.986	-1521.303	173.3174	1.013763
6078	-1357.395	-1530.805	173.4097	0.918012
6084	-1354.374	-1527.784	173.4097	0.918012
6090	-1352.825	-1526.164	173.339	0.9922163
6096	-1340.356	-1513.707	173.3508	0.9802756
6102	-1339.303	-1512.654	173.3508	0.9802756
6108	-1338.989	-1512.358	173.369	0.9614845
6114	-1355.411	-1528.908	173.4973	0.8142896
6120	-1353.176	-1526.242	173.0662	1.240144
6126	-1357.7	-1531.019	173.3191	1.012149
6132	-1353.923	-1527.316	173.3933	0.935784
6138	-1347.508	-1520.935	173.4262	0.8996355
6144	-1336.822	-1510.251	173.4287	0.8969154
6150	-1342.822	-1516.205	173.3835	0.9462733
6156	-1343.698	-1516.997	173.299	1.031833
6162	-1338.491	-1511.902	173.4113	0.9162171
6168	-1344.06	-1517.443	173.3837	0.9460863
6174	-1356.464	-1529.815	173.3504	0.9807299
6180	-1354.558	-1528.086	173.5281	0.772549
6186	-1344.837	-1518.254	173.4166	0.9103826
6192	-1343.161	-1516.552	173.3911	0.9382326
6198	-1345.34	-1518.707	173.3677	0.9628314
6204	-1335.644	-1508.997	173.3529	0.9781624
6210	-1345.531	-1518.78	173.2497	1.078624
6216	-1345.535	-1518.862	173.3271	1.00416
6222	-1350.199	-1523.407	173.2079	1.116999
6228	-1354.297	-1527.771	173.4742	0.8434173
6234	-1344.567	-1517.85	173.2828	1.047399
6240	-1345.156	-1518.621	173.465	0.8544944
6246	-1344.884	-1518.266	173.3816	0.9483085
6252	-1356.838	-1530.319	173.4816	0.8342007
6258	-1354.095	-1527.46	173.3653	0.9653539
6264	-1352.713	-1526.144	173.4304	0.8949418
6270	-1338.103	-1511.472	173.3689	0.961581
6276	-1334.273	-1507.589	173.3162	1.014953
6282	-1348.6	-1521.953	173.3529	0.9781236
6288	-1353.603	-1526.999	173.3961	0.9327846
6294	-1340.849	-1514.223	173.374	0.9562837
6300	-1345.852	-1519.226	173.374	0.9562837
6306	-1342.878	-1516.209	173.3306	1.000655
6312	-1362.825	-1536.219	173.3943	0.9347804
6318	-1348.251	-1521.694	173.4432	0.880342
6324	-1346.1	-1519.584	173.4843	0.8308362
6330	-1341.289	-1514.787	173.4989	0.8121728
6336	-1345.897	-1519.253	173.3561	0.974831
6342	-1354.446	-1527.699	173.2531	1.075457
6348	-1361.734	-1534.985	173.2513	1.077182
6354	-1356.679	-1530.086	173.4076	0.9203523
6360	-1354.896	-1528.252	173.3558	0.9751241
6366	-1354.101	-1527.457	173.3558	0.9751241
6372	-1354.127	-1527.361	173.2338	1.093359
6378	-1353.17	-1526.341	173.1708	1.150186
6384	-1340.531	-1513.997	173.4655	0.8538903
6390	-1351.214	-1524.669	173.4559	0.8653718
6396	-1344.013	-1517.349	173.336	0.9952767
6402	-1348.965	-1522.29	173.3243	1.006929
6408	-1355.072	-1528.396	173.3243	1.006929
6414	-1357.253	-1530.564	173.3105	1.020552
6420	-1347.445	-1520.834	173.389	0.9404075
6426	-1344.995	-1518.281	173.2853	1.045011
6432	-1347.162	-1520.537	173.3748	0.9554745
6438	-1350.201	-1523.603	173.4021	0.9263552
6444	-1344.541	-1518.031	173.4903	0.8231727
6450	-1342.9	-1516.37	173.4702	0.8482467
6456	-1352.417	-1525.751	173.3337	0.9976057
6462	-1364.385	-1537.693	173.3088	1.022263
6468	-1351.691	-1524.939	173.2488	1.079499
6474	-1352.206	-1525.544	173.3377	0.9935353
6480	-1354.059	-1527.386	173.3267	1.004611
6486	-1348.821	-1522.141	173.3196	1.011639
6492	-1345.9	-1519.205	173.3053	1.025689
6498	-1355.271	-1528.686	173.4151	0.9120754
6504	-1350.056	-1523.463	173.4064	0.9216807
6510	-1355.691	-1528.995	173.3035	1.027395
6516	-1340.169	-1513.429	173.26	1.069042
6522	-1345.57	-1518.702	173.1324	1.183817
6528	-1352.157	-1525.373	173.2163	1.109412
6534	-1350.415	-1523.709	173.2947	1.035968
6540	-1347.166	-1520.601	173.4346	0.8901525
6546	-1342.12	-1515.513	173.3932	0.9359895
6552	-1339.161	-1512.402	173.2407	1.086979
6558	-1343.86	-1517.125	173.2651	1.064171
6564	-1341.167	-1514.577	173.4101	0.9175818
6570	-1339.388	-1512.705	173.317	1.014164
6576	-1347.563	-1520.969	173.4053	0.9228296
6582	-1348.588	-1521.988	173.4003	0.9283159
6588	-1348.862	-1522.262	173.4003	0.9283159
6594	-1347.894	-1521.012	173.1175	1.196694
6600	-1334.682	-1508.094	173.4123	0.9151872
6606	-1341.623	-1515.081	173.4582	0.8626586
6612	-1350.476	-1523.719	173.243	1.084827
6618	-1344.615	-1518.041	173.4253	0.9007304
6624	-1348.725	-1521.842	173.1165	1.197553
6630	-1348.076	-1521.42	173.3446	0.9865604
6636	-1349.115	-1522.453	173.3379	0.9933265
6642	-1345.144	-1518.503	173.3593	0.9715248
6648	-1346.249	-1519.695	173.446	0.8770129
6654	-1347.802	-1521.205	173.4038	0.9244653
6660	-1350.49	-1523.834	173.3439	0.9872813
6666	-1346.949	-1520.308	173.3598	0.9711004
6672	-1352.533	-1525.933	173.3997	0.9289494
6678	-1355.294	-1528.751	173.457	0.8640728
6684	-1360.608	-1534.003	173.3958	0.9331658
6690	-1350.983	-1524.367	173.3849	0.9448476
6696	-1349.273	-1522.641	173.3688	0.9617696
6702	-1349.158	-1522.616	173.458	0.86294
6708	-1350.411	-1523.768	173.3567	0.9742706
6714	-1367.846	-1541.116	173.2707	1.058949
6720	-1363.23	-1536.644	173.4146	0.912664
6726	-1348.025	-1521.438	173.4137	0.9136321
6732	-1362.832	-1536.351	173.519	0.7852422
6738	-1371.935	-1545.14	173.2046	1.11999
6744	-1366.324	-1539.593	173.2694	1.060143
6750	-1353.719	-1527.206	173.4878	0.8264588
6756	-1354.171	-1527.659	173.4878	0.8264588
6762	-1342.352	-1515.743	173.3917	0.9375484
6768	-1350.827	-1524.212	173.3852	0.9444831
6774	-1344.372	-1517.794	173.4222	0.9041347
6780	-1345.021	-1518.423	173.4019	0.9265992
6786	-1342.392	-1515.643	173.2506	1.077779
6792	-1341.436	-1514.914	173.4787	0.837769
6798	-1346.144	-1519.619	173.4758	0.841398
6804	-1339.637	-1513.028	173.3906	0.9387001
6810	-1340.568	-1513.911	173.3425	0.988712
6816	-1346.011	-1519.407	173.3961	0.9328689
6822	-1342.304	-1515.641	173.3371	0.9941191
6828	-1346.232	-1519.567	173.3348	0.9964831
6834	-1342.9	-1516.316	173.4163	0.910772
6840	-1340.467	-1513.975	173.508	0.8001637
6846	-1341.14	-1514.41	173.2705	1.059063
6852	-1333.135	-1506.38	173.2445	1.08345
6858	-1343.533	-1517.042	173.5091	0.7987236
6864	-1339.16	-1512.512	173.352	0.979083
6870	-1336.427	-1509.907	173.4805	0.8355779
6876	-1334.171	-1507.646	173.475	0.8423918
6882	-1342.007	-1515.39	173.3831	0.946758
6888	-1350.31	-1523.648	173.3379	0.9933386
6894	-1340.401	-1513.861	173.4593	0.8613314
6900	-1346.803	-1520.203	173.3997	0.9289061
6906	-1354.117	-1527.418	173.3015	1.029403
6912	-1348.029	-1521.453	173.424	0.9021693
6918	-1336.827	-1510.104	173.2768	1.053116
6924	-1348.587	-1521.98	173.3934	0.9357461
6930	-1359.333	-1532.727	173.3934	0.9357461
6936	-1352.877	-1526.277	173.4001	0.9285301
6942	-1348.102	-1521.513	173.4111	0.9164465
6948	-1346.239	-1519.65	173.4111	0.9164465
6954	-1341.661	-1515.007	173.3455	0.9856659
6960	-1349.729	-1523.122	173.3927	0.9364537
6966	-1350.748	-1524.096	173.3488	0.9823708
6972	-1344.198	-1517.551	173.3531	0.9779838
6978	-1356.096	-1529.412	173.3161	1.01509
6984	-1352.325	-1525.599	173.2737	1.056062
6990	-1357.946	-1531.412	173.4656	0.8538126
6996	-1348.499	-1521.885	173.3858	0.9438883
7002	-1352.949	-1526.338	173.3889	0.9405009
7008	-1358.756	-1532.101	173.345	0.986204
7014	-1357.131	-1530.484	173.3533	0.9777707
7020	-1351.212	-1524.641	173.4282	0.8974586
7026	-1347.52	-1520.842	173.3222	1.009058
7032	-1352.792	-1526.114	173.3222	1.009058
7038	-1347.307	-1520.588	173.2808	1.049327
7044	-1357.619	-1530.817	173.1989	1.125147
7050	-1356.748	-1530.19	173.4416	0.8821306
7056	-1352.357	-1525.834	173.4772	0.8396251
7062	-1342.779	-1516.185	173.4053	0.9228638
7068	-1345.564	-1518.936	173.3722	0.9582194
7074	-1360.528	-1533.906	173.3779	0.9522426
7080	-1353.199	-1526.584	173.3852	0.9444828
7086	-1349.293	-1522.608	173.3155	1.015648
7092	-1356.348	-1529.532	173.1849	1.137651
7098	-1346.58	-1519.644	173.0647	1.241409
7104	-1349.736	-1523.084	173.348	0.9831756
7110	-1346.779	-1520.191	173.411	0.9165532
7116	-1344.938	-1518.399	173.4604	0.8600392
7122	-1349.389	-1522.816	173.4263	0.8995711
7128	-1350.356	-1523.901	173.5452	0.7475827
7134	-1344.417	-1517.794	173.3772	0.9528893
7140	-1345.212	-1518.479	173.2675	1.061905
7146	-1340.168	-1513.54	173.3724	0.9580037
7152	-1341.759	-1514.999	173.2392	1.088427
7158	-1342.741	-1516.073	173.3318	0.9994464
7164	-1347.023	-1520.085	173.0616	1.244032
7170	-1347.286	-1520.651	173.3647	0.9660094
7176	-1348.342	-1521.73	173.388	0.941499
7182	-1343.46	-1516.819	173.3585	0.9724193
7188	-1333.072	-1506.323	173.2505	1.077888
7194	-1333.114	-1506.408	173.2938	1.036853
7200	-1340.234	-1513.536	173.3015	1.029381
7206	-1342.522	-1515.937	173.4146	0.9126192
7212	-1343.003	-1516.417	173.4146	0.9126192
7218	-1343.588	-1516.935	173.347	0.9841989
7224	-1343.13	-1516.469	173.3389	0.9923255
7230	-1360.021	-1533.352	173.3311	1.000174
7236	-1350.833	-1524.164	173.3311	1.000174
7242	-1350.803	-1524.181	173.3785	0.9515218
7248	-1344.348	-1517.652	173.3048	1.026115
7254	-1350.809	-1524.202	173.3929	0.9362139
7260	-1349.584	-1522.952	173.3683	0.9622556
7266	-1352.268	-1525.358	173.0903	1.219864
7272	-1359.449	-1532.929	173.4793	0.8370802
7278	-1369.358	-1542.44	173.0819	1.226987
7284	-1362.048	-1535.474	173.4257	0.900227
7290	-1357.48	-1530.829	173.3484	0.9827686
7296	-1348.033	-1521.457	173.4241	0.9020174
7302	-1348.576	-1521.893	173.3167	1.014459
7308	-1358.968	-1532.342	173.3733	0.9570014
7314	-1355.573	-1528.908	173.335	0.9962644
7320	-1354.868	-1528.252	173.3843	0.9454684
7326	-1365.253	-1538.423	173.1695	1.151381
7332	-1356.027	-1529.455	173.4286	0.896986
7338	-1351.844	-1525.273	173.4286	0.896986
7344	-1343.665	-1517.008	173.3424	0.9887727
7350	-1352.177	-1525.559	173.3827	0.9471249
7356	-1355.457	-1528.828	173.3707	0.9597467
7362	-1355.605	-1528.89	173.2848	1.045444
7368	-1349.536	-1522.903	173.3671	0.9635008
7374	-1353.39	-1526.613	173.2225	1.103755
7380	-1348.933	-1522.173	173.2396	1.087994
7386	-1344.344	-1517.756	173.4124	0.9150924
7392	-1357.84	-1531.253	173.4124	0.9150924
7398	-1366.156	-1539.38	173.2241	1.102282
7404	-1356.303	-1529.753	173.4499	0.8724618
7410	-1356.115	-1529.565	173.4499	0.8724618
7416	-1352.412	-1525.741	173.3292	1.002053
7422	-1356.069	-1529.398	173.3292	1.002053
7428	-1351.258	-1524.776	173.5181	0.7865631
7434	-1340.645	-1513.958	173.313	1.018077
7440	-1335.688	-1509.049	173.3613	0.9695038
7446	-1342.841	-1516.222	173.3811	0.9488571
7452	-1365.257	-1538.571	173.3139	1.017259
7458	-1360.029	-1533.29	173.2612	1.067886
7464	-1336.368	-1509.839	173.4709	0.8474582
7470	-1344.777	-1518.146	173.3687	0.9618067
7476	-1350.069	-1523.334	173.265	1.064276
7482	-1354.863	-1528.088	173.2248	1.101664
7488	-1342.994	-1516.21	173.2154	1.110195
7494	-1358.499	-1531.724	173.2254	1.101071
7500	-1352.249	-1525.683	173.434	0.8909014
7506	-1335.211	-1508.543	173.3323	0.9989791
7512	-1336.083	-1509.49	173.4072	0.9207944
7518	-1349.962	-1523.373	173.4112	0.9164206
7524	-1356.054	-1529.265	173.2115	1.113783
7530	-1356.489	-1529.934	173.4452	0.8780172
7536	-1351.26	-1524.634	173.3742	0.9560666
7542	-1348.034	-1521.413	173.3793	0.9507242
7548	-1347.291	-1520.729	173.4373	0.8870479
7554	-1345.354	-1518.664	173.3096	1.02143
7560	-1358.199	-1531.681	173.4817	0.8340468
7566	-1354.354	-1527.641	173.2865	1.043825
7572	-1352.63	-1525.96	173.3305	1.000791
7578	-1348.915	-1522.313	173.3977	0.9310757
7584	-1345.172	-1518.543	173.3707	0.9597976
7590	-1353.825	-1527.1	173.275	1.054825
7596	-1352.724	-1526.144	173.421	0.9055669
7602	-1356.002	-1529.365	173.3628	0.9679332
7608	-1348.232	-1521.622	173.3892	0.9402377
7614	-1352.668	-1525.924	173.2559	1.072842
7620	-1350.163	-1523.491	173.3279	1.003406
7626	-1343.875	-1517.26	173.3852	0.9444574
7632	-1357.523	-1530.891	173.3686	0.9619759
7638	-1356.314	-1529.808	173.4939	0.8186663
7644	-1357.053	-1530.37	173.3176	1.013607
7650	-1351.624	-1525.052	173.4284	0.897216
7656	-1348.721	-1522.142	173.4208	0.9057338
7662	-1350.941	-1524.293	173.3514	0.9796302
7668	-1363.627	-1536.945	173.3183	1.012878
7674	-1345.697	-1519.156	173.4595	0.861102
7680	-1364.036	-1537.244	173.2083	1.116684
7686	-1352.29	-1525.699	173.4083	0.9196003
7692	-1345.186	-1518.564	173.3776	0.9525321
7698	-1349.691	-1523.05	173.3595	0.9713832
7704	-1353.127	-1526.552	173.4247	0.9013251
7710	-1349.994	-1523.443	173.4494	0.8730576
7716	-1341.855	-1515.317	173.462	0.8581639
7722	-1346.231	-1519.641	173.4098	0.9178688
7728	-1353.3	-1526.475	173.1753	1.146259
7734	-1341.487	-1514.837	173.3496	0.9814592
7740	-1351.091	-1524.53	173.4388	0.885305
7746	-1352.284	-1525.719	173.4347	0.8901019
7752	-1346.515	-1519.949	173.4347	0.8901019
7758	-1359.104	-1532.458	173.3537	0.977342
7764	-1354.749	-1528.065	173.316	1.015135
7770	-1343.982	-1517.336	173.3543	0.9767309
7776	-1353.423	-1526.964	173.541	0.7539189
7782	-1351.899	-1525.275	173.3759	0.9542766
7788	-1350.285	-1523.765	173.4804	0.8357127
7794	-1353.171	-1526.646	173.4751	0.8422473
7800	-1365.848	-1539.232	173.3842	0.9455486
7806	-1366.331	-1539.89	173.5585	0.7269236
7812	-1350.135	-1523.52	173.3849	0.9448457
7818	-1355.312	-1528.704	173.3924	0.9367458
7824	-1361.035	-1534.515	173.4797	0.8365955
7830	-1355.509	-1528.91	173.4007	0.9278162
7836	-1350.399	-1523.743	173.3446	0.9865756
7842	-1354.724	-1528.069	173.3446	0.9865756
7848	-1351.113	-1524.496	173.383	0.946847
7854	-1349.244	-1522.734	173.4898	0.8238228
7860	-1348.843	-1522.235	173.3917	0.9375809
7866	-1350.57	-1524.049	173.4791	0.8373453
7872	-1347.978	-1521.363	173.3844	0.9453779
7878	-1348.235	-1521.591	173.3563	0.9746655
7884	-1346.949	-1520.284	173.3351	0.9961513
7890	-1351.542	-1525.024	173.4825	0.8330935
7896	-1342.403	-1515.745	173.3421	0.9891416
7902	-1352.278	-1525.499	173.2214	1.104787
7908	-1344.344	-1517.71	173.3652	0.9655099
7914	-1351.046	-1524.459	173.4133	0.9140976
7920	-1355.568	-1528.911	173.3431	0.988068
7926	-1349.166	-1522.509	173.3431	0.988068
7932	-1357.527	-1530.87	173.3431	0.988068
7938	-1346.436	-1519.722	173.2861	1.044266
7944	-1354.013	-1527.286	173.273	1.056759
7950	-1352.657	-1526.079	173.4213	0.9051311
7956	-1346.149	-1519.459	173.3094	1.021676
7962	-1357.212	-1530.48	173.268	1.06149
7968	-1346.325	-1519.673	173.3479	0.9832729
7974	-1345.501	-1518.754	173.2535	1.075113
7980	-1344.012	-1517.324	173.3126	1.018473
7986	-1346.241	-1519.64	173.3996	0.9289858
7992	-1358.693	-1532.143	173.4507	0.8715459
7998	-1360.397	-1533.785	173.3877	0.9418556
8004	-1347.661	-1521.043	173.3819	0.9479465
8010	-1347.321	-1520.684	173.3631	0.9676766
8016	-1347.823	-1521.186	173.3631	0.9676766
8022	-1350.088	-1523.511	173.4237	0.9025233
8028	-1347.843	-1521.118	173.2749	1.05496
8034	-1351.787	-1525.242	173.4551	0.8663568
8040	-1352.044	-1525.5	173.4561	0.8651398
8046	-1355.504	-1528.862	173.3575	0.9734636
8052	-1337.288	-1510.635	173.3472	0.9839861
8058	-1342.272	-1515.571	173.2982	1.032547
8064	-1338.51	-1511.922	173.4119	0.9155671
8070	-1333.694	-1507.114	173.4208	0.9057945
8076	-1354.164	-1527.539	173.3746	0.9556962
8082	-1346.314	-1519.707	173.3927	0.9364752
8088	-1351.073	-1524.487	173.4139	0.9134191
8094	-1354.73	-1528.144	173.4139	0.9134191
8100	-1351.608	-1525.022	173.4139	0.9134191
8106	-1349.906	-1523.234	173.3281	1.003165
8112	-1346.937	-1520.266	173.3281	1.003165
8118	-1356.332	-1529.66	173.3281	1.003165
8124	-1347.614	-1520.942	173.3281	1.003165
8130	-1352.765	-1526.295	173.5296	0.7704942
8136	-1350.444	-1523.865	173.4209	0.9055998
8142	-1351.994	-1525.44	173.4457	0.8774228
8148	-1351.722	-1525.011	173.2886	1.041858
8154	-1348.845	-1522.158	173.3134	1.017736
8160	-1357.595	-1530.932	173.3367	0.9945978
8166	-1344.783	-1518.249	173.4661	0.8532353
8172	-1350.813	-1524.139	173.3265	1.004798
8178	-1336.509	-1509.912	173.403	0.925341
8184	-1348.817	-1522.151	173.3333	0.997989
8190	-1343.861	-1517.138	173.2772	1.052713
8196	-1352.307	-1525.635	173.3279	1.003334
8202	-1356.72	-1530.05	173.3304	1.000886
8208	-1358.589	-1532.081	173.4924	0.820515
8214	-1363.229	-1536.53	173.3008	1.030004
8220	-1363.387	-1536.88	173.493	0.8197863
8226	-1357.472	-1530.874	173.4018	0.9266698
8232	-1358.705	-1532.149	173.4433	0.8801321
8238	-1348.543	-1521.752	173.2088	1.116169
8244	-1340.978	-1514.204	173.2264	1.100198
8250	-1338.549	-1511.946	173.3969	0.9320045
8256	-1335.832	-1509.176	173.3445	0.9867255
8262	-1342.275	-1515.664	173.3891	0.9403099
8268	-1345.409	-1518.924	173.5152	0.7905484
8274	-1351.444	-1524.744	173.2999	1.030869
8280	-1350.268	-1523.568	173.2999	1.030869
8286	-1340.847	-1514.233	173.3863	0.9433017
8292	-1344.196	-1517.626	173.4299	0.895498
8298	-1344.32	-1517.665	173.3445	0.9867007
8304	-1347.487	-1520.822	173.3357	0.9955479
8310	-1352.86	-1526.232	173.3721	0.958293
8316	-1358.529	-1531.837	173.3082	1.022843
8322	-1353.354	-1526.836	173.4819	0.833792
8328	-1356.121	-1529.386	173.2647	1.064568
8334	-1349.021	-1522.336	173.3157	1.015468
8340	-1362.752	-1536.037	173.2856	1.044677
8346	-1355.246	-1528.467	173.2216	1.10456
8352	-1360.224	-1533.445	173.2216	1.10456
8358	-1358.37	-1531.643	173.2727	1.057031
8364	-1368.921	-1542.101	173.1802	1.141847
8370	-1352.644	-1525.932	173.2877	1.042716
8376	-1340.596	-1513.973	173.3769	0.9532993
8382	-1355.553	-1528.802	173.249	1.079254
8388	-1347.851	-1521.34	173.4888	0.8251174
8394	-1345.616	-1519.017	173.4011	0.9274149
8400	-1350.314	-1523.769	173.455	0.866456
8406	-1352.999	-1526.547	173.548	0.7433827
8412	-1344.705	-1518.253	173.548	0.7433827
8418	-1340.568	-1513.959	173.3914	0.9378834
8424	-1348.043	-1521.345	173.3019	1.028926
8430	-1342.705	-1516.046	173.3414	0.9898699
8436	-1354.271	-1527.747	173.4767	0.8403332
8442	-1348.213	-1521.596	173.3832	0.9466452
8448	-1349.482	-1522.877	173.395	0.9339806
8454	-1355.044	-1528.392	173.3481	0.9830606
8460	-1359.358	-1532.854	173.4964	0.815432
8466	-1355.788	-1529.219	173.4311	0.8941377
8472	-1347.846	-1521.175	173.3297	1.001576
8478	-1356.31	-1529.748	173.4375	0.8868133
8484	-1362.297	-1535.734	173.4375	0.8868133
8490	-1355.456	-1528.894	173.4375	0.8868133
8496	-1351.579	-1524.878	173.2982	1.032567
8502	-1347.694	-1521.045	173.3504	0.9806473
8508	-1342.749	-1516.175	173.4253	0.9007128
8514	-1351.327	-1524.628	173.3003	1.030518
8520	-1358.808	-1532.108	173.3003	1.030518
8526	-1346.756	-1520.176	173.4201	0.9065258
8532	-1346.613	-1519.856	173.2425	1.085378
8538	-1353.044	-1526.298	173.2538	1.074796
8544	-1358.365	-1531.928	173.5632	0.719338
8550	-1353.85	-1527.297	173.4467	0.8762787
8556	-1353.911	-1527.407	173.4959	0.8160571
8562	-1366.669	-1540.13	173.4611	0.8592172
8568	-1354.462	-1527.865	173.4034	0.924915
8574	-1357.119	-1530.35	173.2317	1.095336
8580	-1371.168	-1544.309	173.141	1.176348
8586	-1362.529	-1535.934	173.405	0.9231664
8592	-1350.589	-1523.97	173.3813	0.9486197
8598	-1363.242	-1536.606	173.3647	0.9660153
8604	-1353.268	-1526.597	173.3288	1.002511
8610	-1351.809	-1525.094	173.2847	1.045535
8616	-1351.326	-1524.772	173.4464	0.8765369
8622	-1350.027	-1523.336	173.3088	1.022251
8628	-1348.176	-1521.473	173.2967	1.034028
8634	-1339.539	-1512.84	173.3004	1.030469
8640	-1343.964	-1517.414	173.4499	0.8725462
8646	-1344.477	-1517.638	173.1614	1.158506
8652	-1347.588	-1520.925	173.3374	0.9938163
8658	-1348.545	-1521.974	173.4297	0.8956939
8664	-1362.876	-1536.27	173.3946	0.9344468
8670	-1354.44	-1527.787	173.3463	0.9848453
8676	-1350.638	-1523.875	173.237	1.090433
8682	-1358.065	-1531.519	173.4535	0.868262
8688	-1344.516	-1517.888	173.3719	0.9585284
8694	-1359.363	-1532.672	173.3095	1.021583
8700	-1365.596	-1538.776	173.1801	1.141989
8706	-1353.029	-1526.209	173.1801	1.141989
8712	-1355.361	-1528.531	173.1696	1.151254
8718	-1354.833	-1528.209	173.3768	0.9533538
8724	-1361.918	-1535.317	173.3984	0.9302896
8730	-1357.465	-1531.033	173.5683	0.7107953
8736	-1343.195	-1516.539	173.3441	0.9871075
8742	-1353.138	-1526.28	173.1416	1.175836
8748	-1346.372	-1519.712	173.3399	0.9913365
8754	-1336.282	-1509.731	173.449	0.8735191
8760	-1346.946	-1520.122	173.1763	1.145381
8766	-1354.612	-1527.939	173.3276	1.003683
8772	-1340.593	-1514.059	173.4658	0.8536224
8778	-1337.234	-1510.679	173.4452	0.877986
8784	-1332.27	-1505.677	173.4067	0.9212677
8790	-1331.183	-1504.472	173.2885	1.041884
8796	-1339.091	-1512.52	173.4292	0.8962888
8802	-1338.09	-1511.406	173.3154	1.015759
8808	-1346.301	-1519.599	173.2975	1.033244
8814	-1348.622	-1521.918	173.2952	1.035509
8820	-1346.765	-1520.015	173.2499	1.078487
8826	-1353.468	-1526.869	173.4009	0.9276789
8832	-1347.706	-1521.051	173.3447	0.9864658
8838	-1351.017	-1524.465	173.4479	0.874859
8844	-1367.654	-1541.029	173.3744	0.9558383
8850	-1354.821	-1528.066	173.245	1.083044
8856	-1352.976	-1526.433	173.4573	0.8637615
8862	-1352.077	-1525.626	173.5498	0.7406009
8868	-1356.899	-1530.438	173.5399	0.7555711
8874	-1352.351	-1525.772	173.421	0.9055315
8880	-1353.047	-1526.412	173.3652	0.9654882
8886	-1353.934	-1527.395	173.461	0.8593547
8892	-1364.362	-1537.83	173.468	0.8509063
8898	-1365.759	-1539.227	173.468	0.8509063
8904	-1350.664	-1523.967	173.303	1.027886
8910	-1363.26	-1536.637	173.3772	0.9529566
8916	-1359.702	-1533.096	173.3944	0.9346839
8922	-1357.549	-1530.911	173.3622	0.9685972
8928	-1351.645	-1525.003	173.358	0.9729423
8934	-1353.87	-1527.217	173.3468	0.9843094
8940	-1353.049	-1526.396	173.3468	0.9843094
8946	-1350.822	-1524.31	173.4882	0.8258884
8952	-1355.524	-1528.817	173.2928	1.037751
8958	-1354.64	-1528.088	173.448	0.8746582
8964	-1352.572	-1525.794	173.2217	1.104484
8970	-1345.093	-1518.422	173.3296	1.001702
8976	-1357.142	-1530.322	173.1798	1.142234
8982	-1363.661	-1537.034	173.3729	0.9574221
8988	-1357.279	-1530.622	173.3428	0.9883685
8994	-1345.195	-1518.65	173.4542	0.867456
9000	-1347.734	-1521.018	173.2842	1.046096
9006	-1345.664	-1519.083	173.4192	0.9074908
9012	-1352.921	-1526.349	173.4283	0.897295
9018	-1355.329	-1528.723	173.3939	0.9351406
9024	-1362.342	-1535.675	173.3334	0.9979097
9030	-1354.974	-1528.328	173.354	0.9770287
9036	-1347.144	-1520.531	173.387	0.9425695
9042	-1349.392	-1522.669	173.2767	1.053217
9048	-1356.379	-1529.61	173.2312	1.095777
9054	-1351.316	-1524.598	173.2823	1.047912
9060	-1351.756	-1525.08	173.3241	1.007191
9066	-1351.178	-1524.608	173.4294	0.8960732
9072	-1349.307	-1522.612	173.3051	1.02587
9078	-1347.686	-1520.961	173.2757	1.054201
9084	-1339.384	-1512.669	173.2855	1.044831
9090	-1349.063	-1522.575	173.5121	0.7946855
9096	-1339.562	-1513.037	173.4755	0.8417927
9102	-1348.261	-1521.664	173.4024	0.9260491
9108	-1360.481	-1533.887	173.4066	0.9214467
9114	-1357.309	-1530.684	173.3749	0.9553079
9120	-1345.641	-1519.031	173.3907	0.9385758
9126	-1342.903	-1516.205	173.3029	1.028003
9132	-1348.402	-1521.717	173.3145	1.016672
9138	-1345.096	-1518.544	173.4483	0.874318
9144	-1341.401	-1514.671	173.2704	1.059161
9150	-1346.553	-1520.037	173.4834	0.8319421
9156	-1347.441	-1520.939	173.4986	0.8125166
9162	-1350.045	-1523.513	173.4684	0.8504776
9168	-1349.611	-1523.02	173.4091	0.918718
9174	-1350.439	-1523.906	173.4669	0.852287
9180	-1344.771	-1518.12	173.3489	0.982184
9186	-1351.921	-1525.409	173.488	0.8261447
9192	-1350.692	-1523.908	173.2166	1.109144
9198	-1350.563	-1523.939	173.3763	0.9539012
