Iteration	Posterior	Likelihood	Prior	acrv_sd	tree_length
0	-1361.518	-1534.582	173.0635	0.322913	0.9431494
6	-1372.568	-1545.74	173.1711	0.1483821	1.011714
12	-1365.325	-1538.407	173.082	0.2064825	1.04192
18	-1358.101	-1531.256	173.1544	0.1341219	1.04192
24	-1366.409	-1539.298	172.8895	0.5355807	0.9009397
30	-1367.021	-1539.743	172.7221	0.6164454	0.9927377
36	-1377.757	-1551.091	173.3338	0.0402684	0.956257
42	-1371.824	-1545.187	173.3636	0.01047154	0.956257
48	-1380.644	-1553.661	173.0177	0.1020126	1.194775
54	-1371.37	-1544.261	172.8914	0.3384229	1.097052
60	-1370.926	-1543.908	172.9823	0.3142199	1.034153
66	-1367.011	-1539.936	172.9251	0.3714686	1.034153
72	-1367.201	-1540.127	172.9264	0.2260365	1.166386
78	-1366.99	-1540.045	173.0548	0.1466675	1.122851
84	-1370.361	-1543.344	172.983	0.2184991	1.122851
90	-1368.742	-1541.366	172.6237	0.7411457	0.9658754
96	-1361.983	-1535.014	173.031	0.314158	0.9860479
102	-1372.182	-1545.195	173.0137	0.314158	1.003382
108	-1361.76	-1534.564	172.8044	0.4890482	1.037116
114	-1365.499	-1537.535	172.0362	1.49993	0.7610663
120	-1362.747	-1535.919	173.1729	0.1981843	0.9593757
126	-1362.684	-1535.379	172.6946	0.6597349	0.976656
132	-1380.223	-1553.082	172.859	0.3589262	1.107958
138	-1363.293	-1536.436	173.1437	0.209703	0.9776572
144	-1361.881	-1535.112	173.2315	0.05284	1.045887
150	-1361.884	-1535.108	173.2242	0.1915324	0.911366
156	-1370.983	-1543.662	172.6782	0.5813015	1.069516
162	-1372.104	-1544.944	172.8396	0.3938389	1.093684
168	-1361.684	-1534.756	173.0721	0.3827513	0.8666485
174	-1366.692	-1539.46	172.7676	0.6745862	0.8814089
180	-1377.165	-1548.512	171.3467	2.049788	0.9324316
186	-1375.234	-1548.517	173.2835	0.05498605	0.9927737
192	-1373.822	-1546.867	173.0444	0.2787646	1.008051
198	-1367.424	-1540.142	172.718	0.6505817	0.9620009
204	-1366.316	-1539.356	173.0399	0.4017849	0.8820062
210	-1372.637	-1544.096	171.4593	1.968521	0.8978961
216	-1368.449	-1541.297	172.8482	0.5792231	0.8983281
222	-1373.83	-1546.861	173.0303	0.3409846	0.9591322
228	-1370.117	-1543.041	172.9237	0.5701986	0.8185978
234	-1379.787	-1553.015	173.2277	0.1340555	0.9690837
240	-1359.616	-1532.442	172.826	0.2943527	1.194244
246	-1370.528	-1543.292	172.7641	0.6205443	0.9450282
252	-1362.661	-1535.642	172.9813	0.2659023	1.081013
258	-1357.951	-1531.172	173.2212	0.1989543	0.9065143
264	-1361.902	-1535.078	173.1752	0.05376123	1.097853
270	-1361.543	-1534.778	173.2346	0.06192565	1.034204
276	-1359.349	-1532.601	173.2526	0.01009822	1.066457
282	-1366.036	-1539.009	172.9729	0.2005917	1.147797
288	-1364.159	-1536.889	172.7297	0.6313548	0.969736
294	-1355.414	-1528.346	172.9319	0.4291888	0.969736
300	-1360.426	-1533.007	172.5812	0.7484452	1.001675
306	-1364.295	-1536.066	171.7709	1.785377	0.7304384
312	-1362.8	-1535.748	172.9478	0.4956678	0.8799828
318	-1361.519	-1533.918	172.3987	0.9954644	0.9348582
324	-1362.967	-1535.696	172.7291	0.4656483	1.128887
330	-1356.536	-1529.256	172.7197	0.6482197	0.9626504
336	-1371.595	-1544.151	172.5559	0.9575378	0.7928567
342	-1374.222	-1546.733	172.5108	0.9575378	0.8505443
348	-1385.259	-1557.526	172.2673	1.289637	0.7294
354	-1377.375	-1549.979	172.6041	0.9471145	0.738362
360	-1373.351	-1546.435	173.0845	0.2887233	0.9570846
366	-1360.32	-1533.198	172.8773	0.4573763	0.9966454
372	-1370.973	-1543.776	172.8026	0.532006	0.9966454
378	-1370.372	-1543.284	172.9115	0.6087426	0.7835187
384	-1374.755	-1547.479	172.7242	0.5780863	1.028576
390	-1376.195	-1549.276	173.0802	0.2721444	0.9787586
396	-1372.812	-1545.882	173.0696	0.1135724	1.139221
402	-1381.42	-1554.187	172.7668	0.5327394	1.031231
408	-1382.867	-1555.989	173.1212	0.2787309	0.9287113
414	-1375.223	-1547.579	172.3562	1.108994	0.8543023
420	-1371.976	-1543.976	171.9996	1.48632	0.8287834
426	-1375.84	-1547.859	172.0192	1.48632	0.803513
432	-1366.268	-1539.465	173.1978	0.1827876	0.9493237
438	-1361.319	-1534.675	173.3552	0.04903389	0.924002
444	-1368.787	-1541.868	173.0818	0.2213606	1.027761
450	-1367.213	-1540.134	172.921	0.2408545	1.158151
456	-1369.145	-1541.251	172.1068	1.359234	0.8533346
462	-1380.04	-1551.598	171.5584	1.738219	1.034096
468	-1386.887	-1559.744	172.8569	0.2874456	1.173461
474	-1373.746	-1546.847	173.1011	0.254548	0.9753452
480	-1372.077	-1545.314	173.2371	0.02881101	1.063417
486	-1369.571	-1542.781	173.2098	0.1282726	0.9931618
492	-1366.173	-1539.325	173.1515	0.06900926	1.10553
498	-1363.986	-1535.344	171.3579	1.959721	1.013566
504	-1360.068	-1532.896	172.8276	0.4037234	1.095674
510	-1365.939	-1537.484	171.5449	1.827734	0.9576816
516	-1359.89	-1533.037	173.1469	0.2257413	0.9576816
522	-1360.357	-1533.575	173.2172	0.003598986	1.105268
528	-1365.855	-1539.166	173.3114	0.05122052	0.9681223
534	-1362.846	-1535.661	172.8148	0.470326	1.045157
540	-1374.425	-1545.863	171.4379	1.9273	0.9654681
546	-1358.753	-1530.519	171.7657	1.653459	0.9075429
552	-1360.786	-1532.386	171.6006	1.829688	0.8951261
558	-1366.159	-1539.117	172.9581	0.305643	1.065481
564	-1355.974	-1528.893	172.9194	0.305643	1.101436
570	-1353.484	-1526.627	173.1422	0.2403935	0.9472684
576	-1363.536	-1536.461	172.9255	0.2451971	1.150323
582	-1369.045	-1541.991	172.9465	0.177468	1.191068
588	-1356.981	-1530.022	173.0411	0.177468	1.107296
594	-1358.302	-1531.318	173.0155	0.2192696	1.092471
600	-1373.138	-1545.867	172.7291	0.586266	1.015747
606	-1359.531	-1532.564	173.0331	0.4310335	0.8555605
612	-1362.352	-1535.569	173.2171	0.2007387	0.9090432
618	-1358.135	-1531.192	173.057	0.2917796	0.982371
624	-1366.589	-1539.423	172.8341	0.4504213	1.04577
630	-1372.996	-1545.988	172.9919	0.3488914	0.9904786
636	-1376.057	-1548.851	172.7942	0.5734672	0.9629002
642	-1361.061	-1533.911	172.8503	0.5139518	0.9664523
648	-1363.539	-1534.78	171.2409	2.024445	1.063953
654	-1373.598	-1546.489	172.8907	0.3673742	1.070839
660	-1370.674	-1543.817	173.143	0.1332262	1.053657
666	-1366.531	-1539.28	172.7495	0.2247823	1.315655
672	-1354.633	-1527.386	172.7532	0.4187383	1.149249
678	-1350.47	-1523.409	172.9388	0.3280001	1.062589
684	-1363.702	-1536.885	173.1827	0.1294882	1.018894
690	-1351.956	-1525.105	173.1497	0.1322953	1.048154
696	-1359.753	-1533.046	173.2927	0.03084461	1.007664
702	-1358.222	-1531.356	173.1336	0.3411533	0.8426577
708	-1366.707	-1539.539	172.8319	0.6041542	0.8885263
714	-1384.063	-1557.185	173.1216	0.07412638	1.128022
720	-1365.584	-1538.817	173.2327	0.1014475	0.9970952
726	-1361.311	-1534.4	173.089	0.07113699	1.159615
732	-1363.479	-1536.854	173.3755	0.0269022	0.9259783
738	-1365.159	-1538.349	173.1897	0.1940875	0.9460146
744	-1366.863	-1539.83	172.9671	0.2831959	1.078091
750	-1372.335	-1545.589	173.2543	0.2559814	0.797086
756	-1370.646	-1543.636	172.9894	0.286484	1.054006
762	-1365.712	-1536.575	170.8633	2.204324	1.239003
768	-1375.463	-1548.067	172.6041	0.3693258	1.316395
774	-1364.201	-1537.057	172.8554	0.3499542	1.119371
780	-1380.012	-1552.917	172.905	0.3165538	1.104649
786	-1370.651	-1543.765	173.1134	0.1254798	1.088705
792	-1372.796	-1545.955	173.1582	0.02101381	1.142759
798	-1372.836	-1543.896	171.0608	2.118434	1.142759
804	-1382.639	-1552.913	170.274	2.31974	1.605509
810	-1364.104	-1534.9	170.7964	2.31974	1.197798
816	-1362.777	-1533.069	170.2919	2.31974	1.592461
822	-1362.667	-1533.423	170.7554	2.31974	1.232646
828	-1367.165	-1537.648	170.4827	2.31974	1.450348
834	-1357.752	-1528.214	170.4617	2.31974	1.466295
840	-1361.934	-1532.389	170.455	2.346577	1.451001
846	-1365.532	-1535.815	170.283	2.346577	1.579332
852	-1357.605	-1528.181	170.5763	2.346577	1.356763
858	-1357.236	-1527.77	170.5345	2.346577	1.389606
864	-1355.725	-1526.363	170.6378	2.444582	1.226581
870	-1358.039	-1528.229	170.1904	2.444582	1.575405
876	-1362.743	-1532.916	170.1724	2.444582	1.588535
882	-1367.196	-1537.365	170.1696	2.444582	1.590602
888	-1362.509	-1532.739	170.2301	2.444582	1.546199
894	-1370.913	-1540.915	170.0025	2.444582	1.710457
900	-1370.686	-1540.96	170.274	2.444582	1.513623
906	-1357.294	-1527.581	170.2875	2.444582	1.503513
912	-1375.077	-1548.431	173.3534	0.04531162	0.9300142
918	-1369.71	-1543.007	173.2973	0.013996	1.019802
924	-1375.256	-1545.285	170.0281	2.444582	1.692373
930	-1377.513	-1550.502	172.9889	0.1672153	1.163123
936	-1370.294	-1543.389	173.0949	0.1328163	1.098946
942	-1371.738	-1545.005	173.2671	0.1647195	0.8933666
948	-1372.227	-1545.364	173.1368	0.3188112	0.8657266
954	-1373.323	-1543.765	170.4414	2.444582	1.385814
960	-1365.558	-1537.548	171.9896	1.605643	0.661064
966	-1365.739	-1536.821	171.0825	2.043365	1.189443
972	-1368.295	-1539.446	171.151	2.043365	1.129258
978	-1366.232	-1537.304	171.0723	2.043365	1.198227
984	-1359.079	-1529.864	170.7852	2.229003	1.283232
990	-1363.675	-1534.955	171.2799	1.993217	1.056616
996	-1360.69	-1533.128	172.4372	1.060194	0.8140998
1002	-1386.144	-1558.755	172.6111	0.8303943	0.8822598
1008	-1373.357	-1546.061	172.7044	0.7851221	0.82418
1014	-1377.118	-1549.006	171.8874	1.465439	0.9782322
1020	-1374.458	-1546.987	172.529	0.7739303	1.027975
1026	-1365.184	-1537.936	172.7524	0.5746129	1.004217
1032	-1366.957	-1539.875	172.9175	0.401238	1.012469
1038	-1374.534	-1547.838	173.3033	0.1272573	0.8947902
1044	-1373.045	-1546.211	173.1662	0.05806636	1.102102
1050	-1365.44	-1538.381	172.9417	0.3370593	1.051212
1056	-1361.24	-1534.546	173.306	0.006705809	1.018412
1062	-1365.008	-1538.289	173.2809	0.009746209	1.039823
1068	-1364.439	-1537.844	173.4056	0.014633	0.9063785
1074	-1363.56	-1536.465	172.9052	0.2883363	1.129988
1080	-1368.403	-1541.319	172.9158	0.2032111	1.195328
1086	-1366.427	-1538.969	172.542	0.8307452	0.9576187
1092	-1360.145	-1532.85	172.7046	0.8307452	0.7621209
1098	-1367.875	-1540.147	172.2713	1.115263	0.943053
1104	-1362.442	-1535.573	173.1306	0.1605414	1.039431
1110	-1359.792	-1532.912	173.1193	0.05863653	1.143882
1116	-1364.302	-1537.387	173.0847	0.02569801	1.202784
1122	-1374.503	-1547.662	173.1595	0.04028454	1.124358
1128	-1371.672	-1544.46	172.7871	0.4127133	1.124358
1134	-1361.162	-1534.323	173.1619	0.271039	0.8921123
1140	-1363.335	-1536.703	173.3674	0.03385425	0.9272773
1146	-1368.048	-1541.23	173.182	0.1142357	1.034442
1152	-1377.985	-1550.886	172.9008	0.3086231	1.115655
1158	-1361.567	-1534.867	173.2995	0.03722956	0.9945545
1164	-1352.417	-1525.345	172.928	0.2989554	1.099675
1170	-1362.558	-1533.299	170.7402	2.41093	1.167547
1176	-1362.627	-1533.265	170.6384	2.41093	1.254279
1182	-1362.506	-1532.937	170.431	2.41093	1.420019
1188	-1375.104	-1545.299	170.1949	2.423213	1.587718
1194	-1357.882	-1531.028	173.1456	0.1121285	1.071156
1200	-1366.212	-1539.334	173.1216	0.2019029	1.007766
1206	-1368.892	-1541.259	172.3662	1.011784	0.9521505
1212	-1375.263	-1546.149	170.8858	2.277941	1.156418
1218	-1375.91	-1546.287	170.3771	2.277941	1.56068
1224	-1375.086	-1545.386	170.3002	2.423213	1.510004
1230	-1383.753	-1553.899	170.1458	2.456974	1.598902
1236	-1372.472	-1542.577	170.1049	2.456974	1.628539
1242	-1366.22	-1536.108	169.8874	2.456974	1.782423
1248	-1374.492	-1544.566	170.0746	2.456974	1.650371
1254	-1367.825	-1538.11	170.2854	2.456974	1.495811
1260	-1366.444	-1536.729	170.2854	2.456974	1.495811
1266	-1367.591	-1538.02	170.4286	2.456974	1.386121
1272	-1376.64	-1546.961	170.3212	2.423213	1.49428
1278	-1368.384	-1538.705	170.3212	2.423213	1.49428
1284	-1368.121	-1538.396	170.2753	2.423213	1.528529
1290	-1381.755	-1553.208	171.4533	1.802986	1.072521
1296	-1379.009	-1552.105	173.0966	0.2819593	0.9514977
1302	-1374.521	-1547.298	172.7762	0.6307027	0.9210812
1308	-1381.478	-1554.295	172.8173	0.505815	1.008156
1314	-1373.43	-1543.551	170.1214	2.456974	1.616612
1320	-1378.318	-1551.028	172.7096	0.6247642	0.9969596
1326	-1375.181	-1548.243	173.0622	0.2531974	1.01581
1332	-1368.84	-1541.568	172.7279	0.4639286	1.131491
1338	-1372.708	-1545.753	173.0454	0.1102341	1.163607
1344	-1375.409	-1548.544	173.1353	0.192521	1.003452
1350	-1371.066	-1544.052	172.9859	0.1983132	1.13833
1356	-1371.662	-1544.899	173.2376	0.1635395	0.9273185
1362	-1373.171	-1543.515	170.3438	2.450118	1.456791
1368	-1375.845	-1546.164	170.3192	2.450118	1.475507
1374	-1382.174	-1555.017	172.8436	0.5059144	0.981621
1380	-1362.717	-1535.95	173.2332	0.02992302	1.066062
1386	-1371.343	-1544.537	173.194	0.0796194	1.056184
1392	-1370.454	-1543.086	172.6327	0.6175292	1.078188
1398	-1361.851	-1532.463	170.6115	2.348784	1.326921
1404	-1362.318	-1535.61	173.2923	0.04778086	0.9911959
1410	-1380.025	-1550.6	170.575	2.348784	1.356011
1416	-1372.436	-1543.011	170.575	2.348784	1.356011
1422	-1373.433	-1544.13	170.6969	2.348784	1.257231
1428	-1375.862	-1546.532	170.6697	2.348784	1.279694
1434	-1368.551	-1539.228	170.677	2.348784	1.273696
1440	-1370.59	-1541.303	170.7131	2.348784	1.243758
1446	-1370.748	-1541.461	170.7131	2.348784	1.243758
1452	-1367.834	-1538.375	170.5402	2.337628	1.392125
1458	-1368.109	-1538.7	170.591	2.337628	1.352172
1464	-1355.192	-1528.36	173.1677	0.2249173	0.936533
1470	-1360.539	-1533.713	173.174	0.05641294	1.096481
1476	-1375.319	-1548.489	173.1698	0.05685468	1.09996
1482	-1361.124	-1534.204	173.0797	0.1178544	1.126325
1488	-1366.535	-1539.729	173.194	0.1090327	1.027842
1494	-1359.661	-1532.942	173.2805	0.02460291	1.025881
1500	-1358.994	-1531.845	172.8512	0.454725	1.025096
1506	-1358.903	-1531.864	172.9612	0.300957	1.06702
1512	-1359.955	-1531.944	171.9888	1.437023	0.9000906
1518	-1361.475	-1534.032	172.5569	0.9495147	0.8023085
1524	-1360.22	-1532.654	172.434	1.090534	0.7776628
1530	-1372.993	-1544.747	171.7542	1.775771	0.7699554
1536	-1366.686	-1539.675	172.9887	0.4973867	0.8285408
1542	-1354.257	-1527.057	172.8001	0.4973867	1.033283
1548	-1357.394	-1530.068	172.6741	0.5558303	1.096903
1554	-1366.077	-1536.959	170.8817	2.319378	1.12315
1560	-1373.235	-1546.153	172.918	0.2628783	1.141259
1566	-1365.727	-1538.762	173.0352	0.3095825	0.9864244
1572	-1375.945	-1548.944	172.9997	0.2159995	1.109931
1578	-1365.639	-1538.941	173.3018	0.1427318	0.8787579
1584	-1368.543	-1541.318	172.775	0.4974242	1.057322
1590	-1382.577	-1555.613	173.0367	0.07742219	1.199527
1596	-1371.662	-1544.769	173.1069	0.127622	1.092752
1602	-1371.672	-1545.043	173.3719	0.02076825	0.9365627
1608	-1364.269	-1537.281	173.0118	0.04014166	1.252069
1614	-1356.905	-1530.061	173.156	0.1851953	0.989988
1620	-1378.189	-1551.18	172.9916	0.2090112	1.12359
1626	-1374.644	-1547.639	172.9944	0.1303307	1.190419
1632	-1367.232	-1540.445	173.213	0.03003541	1.084832
1638	-1365.1	-1537.956	172.856	0.5834694	0.8845829
1644	-1372.213	-1545.503	173.2898	0.07825426	0.9624687
1650	-1362.629	-1534.499	171.87	1.670528	0.7545843
1656	-1360.332	-1532.639	172.3078	1.192679	0.8100682
1662	-1365.724	-1537.779	172.0543	1.51547	0.7082812
1668	-1367.819	-1539.868	172.0498	1.51547	0.7158952
1674	-1373.062	-1545.361	172.2991	1.259984	0.7260077
1680	-1362.686	-1535.443	172.7575	0.6230771	0.9493856
1686	-1363.271	-1536.481	173.2102	0.1703959	0.9493856
1692	-1359.725	-1532.996	173.2709	0.02915032	1.03081
1698	-1365.482	-1538.64	173.1582	0.1433408	1.029359
1704	-1357.66	-1530.927	173.2676	0.07495923	0.9886714
1710	-1373.965	-1547.004	173.0391	0.2046013	1.084176
1716	-1353.604	-1526.815	173.2102	0.06720753	1.052587
1722	-1360.382	-1533.692	173.3101	0.05198842	0.9686647
1728	-1372.231	-1545.312	173.0808	0.1978047	1.051376
1734	-1369.822	-1543.027	173.2052	0.08917823	1.036277
1740	-1363.785	-1536.176	172.3911	1.151055	0.7521703
1746	-1362.555	-1535.378	172.8228	0.7539514	0.6962641
1752	-1366.734	-1538.724	171.9908	1.517986	0.7991989
1758	-1368.203	-1541.312	173.1089	0.2856973	0.9343928
1764	-1365.327	-1538.316	172.9892	0.2190474	1.116705
1770	-1360.28	-1533.19	172.9102	0.5255801	0.8888478
1776	-1361.206	-1533.545	172.3385	1.268079	0.6362307
1782	-1362.655	-1535.892	173.2371	0.2406906	0.8388778
1788	-1374.583	-1547.114	172.5315	0.6240962	1.163633
1794	-1366.474	-1538.9	172.4263	0.8233931	1.078691
1800	-1379.237	-1552.362	173.1248	0.3004882	0.9006975
1806	-1359.565	-1532.675	173.1094	0.1894331	1.031934
1812	-1368.724	-1541.876	173.1521	0.1282715	1.049757
1818	-1357.09	-1530.038	172.9482	0.4802905	0.8970966
1824	-1358.954	-1531.35	172.3962	1.020316	0.9105358
1830	-1376.153	-1549.24	173.0871	0.2331934	1.010948
1836	-1360.723	-1533.93	173.2069	0.1134053	1.010948
1842	-1360.226	-1533.404	173.1787	0.05466687	1.093798
1848	-1370.569	-1543.619	173.0493	0.2183882	1.061791
1854	-1374.11	-1546.684	172.5742	0.7042401	1.051583
1860	-1366.855	-1540.071	173.2159	0.1430356	0.971936
1866	-1375.875	-1548.643	172.7675	0.5781027	0.9855959
1872	-1365.241	-1538.415	173.174	0.1920258	0.9645812
1878	-1364.833	-1538.129	173.2962	0.1546165	0.8713592
1884	-1365.135	-1537.843	172.7086	0.7890819	0.8137077
1890	-1364.46	-1537.181	172.7212	0.7244535	0.8774633
1896	-1366.515	-1539.711	173.1962	0.1504286	0.9845287
1902	-1378.939	-1551.959	173.0207	0.2259738	1.081502
1908	-1385.896	-1559.1	173.2035	0.04311754	1.081502
1914	-1381.285	-1554.273	172.9885	0.3569989	0.9856771
1920	-1380.079	-1552.799	172.7209	0.6359425	0.974125
1926	-1378.772	-1552.02	173.2478	0.1594472	0.9207138
1932	-1368.146	-1541.257	173.1109	0.004267036	1.198629
1938	-1362.502	-1535.691	173.1885	0.1186978	1.023833
1944	-1364.438	-1537.32	172.8814	0.4293189	1.02032
1950	-1365.804	-1539.058	173.2537	0.05709556	1.02032
1956	-1362.469	-1535.344	172.8744	0.4207187	1.035507
1962	-1372.36	-1544.659	172.2981	1.035187	0.9979982
1968	-1358.436	-1529.623	171.1869	2.178507	0.9653055
1974	-1354.774	-1527.617	172.8429	0.3679028	1.114356
1980	-1355.966	-1528.81	172.8437	0.3671896	1.114356
1986	-1367.516	-1540.627	173.1115	0.1864672	1.032755
1992	-1370.729	-1543.396	172.6672	0.6843721	0.9794835
1998	-1364.274	-1537.112	172.8378	0.5463688	0.945596
2004	-1363.158	-1534.911	171.753	1.806781	0.7248757
2010	-1365.324	-1538.517	173.1934	0.05066615	1.083842
2016	-1368.899	-1542.007	173.1077	0.2650664	0.9575433
2022	-1378.941	-1552.146	173.2047	0.09875119	1.027467
2028	-1371.283	-1544.005	172.7222	0.6486076	0.9596792
2034	-1362.713	-1535.604	172.8907	0.5617439	0.8694658
2040	-1377.116	-1550.117	173.001	0.2656933	1.062662
2046	-1370.134	-1543.291	173.1564	0.248375	0.9234327
2052	-1366.052	-1539.149	173.0963	0.2531134	0.9817191
2058	-1365.949	-1538.783	172.8339	0.3556558	1.133517
2064	-1363.732	-1536.602	172.8693	0.3865019	1.072897
2070	-1363.131	-1536.242	173.1117	0.1804684	1.038412
2076	-1362.413	-1535.08	172.6676	0.6285374	1.034514
2082	-1356.953	-1529.745	172.7927	0.6285374	0.9052604
2088	-1357.844	-1531.043	173.1995	0.2058115	0.9228096
2094	-1367.996	-1540.952	172.9563	0.3841367	0.9908028
2100	-1368.083	-1539.248	171.1646	1.996564	1.158741
2106	-1359.891	-1532.683	172.7919	0.6082043	0.9285285
2112	-1358.026	-1530.938	172.912	0.4266267	0.9926506
2118	-1359.208	-1532.496	173.288	0.1010023	0.9404425
2124	-1361.459	-1534.359	172.8992	0.2843902	1.138832
2130	-1358.922	-1532.008	173.0867	0.277496	0.9664943
2136	-1360.248	-1533.434	173.1852	0.2683401	0.8681678
2142	-1366.134	-1539.343	173.2094	0.0284774	1.089639
2148	-1371.856	-1545.131	173.2744	0.01396372	1.042055
2154	-1362.553	-1535.905	173.3521	0.03123616	0.946484
2160	-1365.835	-1538.601	172.7668	0.7331414	0.8108719
2166	-1370.015	-1542.908	172.8937	0.2301727	1.191133
2172	-1366.169	-1539.354	173.1849	0.2386893	0.9025706
2178	-1366.42	-1539.059	172.6388	0.7239953	0.96798
2184	-1363.387	-1536.492	173.1051	0.1285027	1.093578
2190	-1363.791	-1536.508	172.7169	0.6738749	0.9385382
2196	-1374.588	-1547.297	172.7099	0.4429307	1.166069
2202	-1381.181	-1554.233	173.0523	0.05065427	1.209108
2208	-1364.679	-1537.29	172.6106	0.3350127	1.338653
2214	-1357.317	-1530.058	172.7414	0.5705735	1.019169
2220	-1361.341	-1534.155	172.8137	0.6175063	0.8939753
2226	-1355.558	-1528.38	172.8218	0.3073585	1.186599
2232	-1378.731	-1551.496	172.7642	0.6125597	0.9534178
2238	-1363.63	-1536.191	172.5609	0.7153943	1.053597
2244	-1369.049	-1542.321	173.2723	0.07734597	0.9814669
2250	-1367.792	-1540.913	173.1204	0.2292697	0.9814669
2256	-1361.354	-1534.636	173.2823	0.06675337	0.9820413
2262	-1360.619	-1533.613	172.9947	0.2837381	1.051566
2268	-1369.093	-1542.167	173.0744	0.2656373	0.9911981
2274	-1358.073	-1531.138	173.0647	0.3136629	0.9517554
2280	-1370.531	-1543.773	173.2418	0.1365159	0.9517554
2286	-1361.776	-1534.957	173.181	0.2200236	0.927502
2292	-1376.223	-1549.374	173.1513	0.258639	0.9178186
2298	-1378.32	-1551.584	173.2643	0.07858565	0.988325
2304	-1366.607	-1539.829	173.2215	0.1214144	0.988325
2310	-1366.104	-1539.424	173.3201	0.07953373	0.928983
2316	-1373.176	-1546.295	173.1193	0.1282093	1.080666
2322	-1374.497	-1546.973	172.4763	1.067075	0.7502773
2328	-1363.693	-1536.582	172.8889	0.7171959	0.6373569
2334	-1352.548	-1525.77	173.2229	0.239068	0.8582211
2340	-1361.175	-1534.295	173.1196	0.2002819	1.011288
2346	-1363.29	-1535.934	172.6437	0.8611407	0.8043688
2352	-1361.321	-1534.369	173.0481	0.1729129	1.105112
2358	-1365.045	-1538.315	173.2703	0.1038268	0.9561186
2364	-1362.338	-1535.493	173.1556	0.05182137	1.117418
2370	-1361.121	-1534.289	173.1686	0.2002627	0.9616902
2376	-1363.83	-1535.119	171.2889	2.079947	0.9616902
2382	-1362.768	-1535.394	172.6262	0.6029635	1.097633
2388	-1360.378	-1533.21	172.8313	0.5883154	0.907103
2394	-1365.491	-1538.365	172.8739	0.6445412	0.7860467
2400	-1367.85	-1541.089	173.2398	0.1288463	0.9618979
2406	-1371.877	-1545.141	173.2642	0.1207315	0.9447823
2412	-1371.815	-1544.572	172.7574	0.5791913	0.9947121
2418	-1373.413	-1546.483	173.0698	0.07130514	1.176219
2424	-1375.894	-1547.633	171.7395	1.733018	0.8454828
2430	-1360.596	-1532.269	171.673	1.733018	0.9220419
2436	-1365.578	-1538.239	172.6606	0.8048023	0.8540447
2442	-1363.169	-1535.86	172.6916	0.8048023	0.8154147
2448	-1366.738	-1539.76	173.0219	0.2233605	1.082732
2454	-1365.792	-1538.881	173.0895	0.1486608	1.089309
2460	-1368.867	-1541.945	173.0779	0.2631327	0.9902161
2466	-1366.419	-1539.442	173.0227	0.1940202	1.109002
2472	-1370.59	-1541.589	170.9991	2.163437	1.157492
2478	-1365.101	-1537.689	172.5883	0.7781765	0.9641018
2484	-1358.37	-1531.566	173.1958	0.2786888	0.8430403
2490	-1360.24	-1533.295	173.0555	0.3435747	0.929571
2496	-1368.473	-1541.381	172.9083	0.4908472	0.929571
2502	-1358.286	-1531.316	173.0295	0.2968175	1.00495
2508	-1365.096	-1537.828	172.7317	0.5999514	0.9996436
2514	-1363.173	-1536.28	173.1072	0.1764376	1.04661
2520	-1374.199	-1547.249	173.0498	0.02294673	1.2347
2526	-1365.335	-1537.908	172.5725	0.7725253	0.9861645
2532	-1365.471	-1538.501	173.0298	0.3152093	0.9861645
2538	-1375.542	-1548.378	172.8357	0.546489	0.947687
2544	-1371.141	-1543.886	172.7448	0.6365887	0.9485732
2550	-1367.4	-1540.09	172.6903	0.6365887	1.004423
2556	-1355.284	-1528.479	173.1947	0.1885892	0.9464813
2562	-1367.139	-1540.033	172.8942	0.3370522	1.09568
2568	-1361.651	-1534.66	173.0087	0.1981078	1.117997
2574	-1365.494	-1538.598	173.1039	0.1834322	1.043089
2580	-1359.014	-1532.138	173.1233	0.1640249	1.043089
2586	-1353.154	-1526.392	173.2381	0.01779963	1.072842
2592	-1353.466	-1526.614	173.1479	0.1225726	1.059097
2598	-1350.744	-1523.554	172.8097	0.4600778	1.05974
2604	-1365.278	-1538.242	172.9637	0.2052059	1.151873
2610	-1356.24	-1529.378	173.1384	0.2500879	0.9409892
2616	-1366.642	-1539.648	173.0061	0.3986439	0.9234365
2622	-1361.66	-1532.73	171.0702	2.18821	1.070496
2628	-1365.7	-1538.73	173.0301	0.3575781	0.941824
2634	-1365.825	-1538.556	172.7316	0.6673856	0.9297114
2640	-1387.975	-1560.747	172.7719	0.1692116	1.342266
2646	-1376.557	-1549.548	172.9908	0.2598039	1.077758
2652	-1363.558	-1536.418	172.8598	0.4701109	1.001372
2658	-1369.293	-1540.266	170.9732	2.069717	1.259553
2664	-1361.558	-1532.003	170.4456	2.332293	1.468988
2670	-1361.785	-1532.577	170.7921	2.332293	1.190709
2676	-1362.138	-1532.057	169.9188	2.497161	1.732455
2682	-1361.613	-1531.619	170.0053	2.497161	1.671145
2688	-1366.458	-1536.521	170.063	2.497161	1.629763
2694	-1368.819	-1539.009	170.1898	2.497161	1.53711
2700	-1369.255	-1539.091	169.8361	2.497161	1.790142
2706	-1375.344	-1545.707	170.3623	2.497161	1.406441
2712	-1372.44	-1542.476	170.036	2.497161	1.649205
2718	-1373.621	-1543.516	169.8951	2.497161	1.749029
2724	-1355.272	-1525.449	170.1767	2.497161	1.546818
2730	-1351.359	-1521.63	170.2711	2.497161	1.476294
2736	-1367.917	-1538.188	170.2711	2.497161	1.476294
2742	-1370.461	-1543.613	173.1515	0.01942638	1.150126
2748	-1373.586	-1546.8	173.2136	0.06267106	1.053632
2754	-1373.079	-1546.21	173.1311	0.179562	1.020454
2760	-1363.096	-1536.063	172.9678	0.3742865	0.9891148
2766	-1363.325	-1536.246	172.9212	0.4277371	0.9821614
2772	-1357.434	-1530.355	172.9212	0.4277371	0.9821614
2778	-1359.618	-1532.472	172.854	0.4949248	0.9821614
2784	-1367.665	-1540.691	173.0261	0.09411766	1.194313
2790	-1368.48	-1541.303	172.8231	0.4082704	1.095579
2796	-1376.022	-1548.777	172.7546	0.4893135	1.08398
2802	-1365.499	-1538.129	172.6301	0.8206409	0.8714665
2808	-1364.243	-1537.3	173.0568	0.3097205	0.9641487
2814	-1362.559	-1533.704	171.1446	2.09643	1.086715
2820	-1373.571	-1546.215	172.6436	0.762457	0.9219647
2826	-1362.416	-1535.549	173.1327	0.2207662	0.9776047
2832	-1360.162	-1533.192	173.03	0.2207662	1.077612
2838	-1367.737	-1540.702	172.9646	0.4493815	0.9132991
2844	-1362.159	-1535.14	172.9815	0.3863253	0.9627256
2850	-1357.755	-1530.629	172.8743	0.5545242	0.8966951
2856	-1362.567	-1535.53	172.9625	0.1839849	1.171533
2862	-1377.247	-1550.167	172.9206	0.3120967	1.094352
2868	-1376.52	-1549.742	173.2222	0.1267504	0.9821735
2874	-1360.229	-1533.315	173.0861	0.2577602	0.9873009
2880	-1373.312	-1546.257	172.945	0.4326223	0.9525027
2886	-1368.344	-1541.408	173.0643	0.2105567	1.054937
2892	-1361.776	-1534.941	173.1653	0.1095442	1.054937
2898	-1372.629	-1545.733	173.1041	0.1643478	1.061056
2904	-1365.102	-1538.075	172.9729	0.427772	0.9278996
2910	-1363.778	-1536.752	172.9742	0.3872549	0.969326
2916	-1372.382	-1545.415	173.0328	0.3286674	0.969326
2922	-1360.46	-1533.495	173.0353	0.3324283	0.9628751
2928	-1367.509	-1540.552	173.0428	0.3249446	0.9628751
2934	-1355.391	-1528.566	173.1742	0.05234523	1.100013
2940	-1355.356	-1528.45	173.0935	0.08664809	1.141929
2946	-1366.018	-1539.101	173.0831	0.1980921	1.048909
2952	-1361.977	-1535.127	173.1499	0.1163736	1.063132
2958	-1365.904	-1539.138	173.234	0.09313649	1.004134
2964	-1368.312	-1541.22	172.9077	0.3575597	1.064057
2970	-1371.026	-1544.486	173.4602	0.04429866	0.8048045
2976	-1369.038	-1542.099	173.0605	0.2120796	1.057104
2982	-1375.528	-1548.716	173.1886	0.08398978	1.057104
2988	-1367.078	-1540.391	173.313	0.04356152	0.9743513
2994	-1378.285	-1551.282	172.9973	0.5237062	0.7825741
3000	-1370.013	-1541.498	171.4856	1.975297	0.8595251
3006	-1370.629	-1541.877	171.2482	1.975297	1.102879
3012	-1365.497	-1536.528	171.0309	2.064913	1.215207
3018	-1376.776	-1547.946	171.169	2.064913	1.093235
3024	-1372.316	-1544.613	172.2964	1.200962	0.814136
3030	-1368.9	-1541.237	172.3362	1.200962	0.7596063
3036	-1381.364	-1554.227	172.8627	0.6417177	0.8048913
3042	-1362.115	-1535.127	173.0114	0.3847509	0.9327427
3048	-1358.263	-1531.143	172.8798	0.4659351	0.9853908
3054	-1358.307	-1530.859	172.5519	0.9868468	0.7571958
3060	-1367.628	-1540.475	172.8471	0.5771271	0.9018685
3066	-1375.485	-1548.719	173.2341	0.1901351	0.9018685
3072	-1374.381	-1546.191	171.8101	1.729214	0.7564295
3078	-1376.964	-1548.739	171.7745	1.729214	0.8059202
3084	-1377.383	-1550.515	173.1319	0.3188561	0.871523
3090	-1368.894	-1541.505	172.6106	0.7178444	1.002802
3096	-1370.789	-1543.185	172.3953	0.933223	1.002802
3102	-1362.934	-1536.066	173.1321	0.1963904	1.002802
3108	-1358.539	-1531.11	172.5712	0.6404191	1.113698
3114	-1372.561	-1545.115	172.5542	0.7349481	1.041271
3120	-1377.106	-1550.119	173.0131	0.3316034	0.9864743
3126	-1386.086	-1558.995	172.9087	0.4360428	0.9864743
3132	-1378.797	-1552.088	173.2914	0.05949919	0.9801691
3138	-1379.445	-1552.72	173.2751	0.1087144	0.9459127
3144	-1373.31	-1546.384	173.0746	0.1212001	1.12798
3150	-1357.504	-1530.709	173.2053	0.07868177	1.046308
3156	-1364.744	-1537.835	173.0908	0.03675692	1.188038
3162	-1367.986	-1540.88	172.8938	0.4913188	0.9445573
3168	-1367.292	-1540.4	173.1083	0.1726011	1.049172
3174	-1365.952	-1539.099	173.147	0.0500156	1.126851
3180	-1381.66	-1554.732	173.0723	0.0500156	1.192552
3186	-1368.546	-1541.657	173.1109	0.1092183	1.105895
3192	-1365.936	-1539.283	173.3462	0.004360804	0.980569
3198	-1360.445	-1533.646	173.2006	0.003103574	1.120858
3204	-1357.519	-1530.791	173.2717	0.0109999	1.047449
3210	-1354.93	-1527.457	172.527	0.7678687	1.035809
3216	-1351.372	-1524.506	173.1347	0.2276284	0.9684612
3222	-1374.734	-1547.839	173.1049	0.316616	0.9049847
3228	-1372.404	-1545.236	172.8318	0.5896784	0.9049847
3234	-1367.688	-1540.711	173.0234	0.4080985	0.893724
3240	-1374.189	-1547.229	173.0402	0.1345274	1.146713
3246	-1358.158	-1531.544	173.3866	0.007851271	0.9346456
3252	-1369.98	-1543.254	173.2743	0.01895417	1.037384
3258	-1377.137	-1550.078	172.9415	0.2321964	1.147696
3264	-1374.824	-1547.729	172.9049	0.3605947	1.063799
3270	-1377.294	-1550.408	173.1137	0.1213755	1.092175
3276	-1367.669	-1540.699	173.0294	0.1646048	1.129556
3282	-1365.663	-1538.562	172.8982	0.2644919	1.157386
3288	-1356.823	-1529.913	173.0899	0.3632911	0.8686263
3294	-1359.153	-1532.227	173.0744	0.1453221	1.106272
3300	-1354.455	-1527.621	173.1658	0.3320566	0.8135775
3306	-1359.543	-1532.781	173.2382	0.1396071	0.9522549
3312	-1369.089	-1541.677	172.5885	0.7180561	1.024418
3318	-1369.347	-1542.218	172.871	0.5105911	0.9483259
3324	-1373.362	-1545.178	171.816	1.611834	0.8978433
3330	-1386.43	-1559.708	173.2773	0.02620813	1.027358
3336	-1371.857	-1544.756	172.8989	0.2167912	1.198249
3342	-1366.89	-1540.126	173.236	0.02334319	1.069659
3348	-1365.48	-1538.746	173.2665	0.06433833	1.000453
3354	-1370.259	-1543.515	173.2557	0.1572003	0.9144703
3360	-1364.814	-1538.079	173.2646	0.08413109	0.9823592
3366	-1368.132	-1541.256	173.1243	0.3195209	0.879512
3372	-1365.85	-1539.027	173.1772	0.2482575	0.900485
3378	-1369.179	-1542.409	173.2308	0.06594491	1.033986
3384	-1369.767	-1541.653	171.8856	1.498211	0.9459873
3390	-1377.995	-1550.61	172.6148	0.8604339	0.8420459
3396	-1377.343	-1549.79	172.4461	0.9656556	0.9157301
3402	-1373.493	-1546.243	172.7502	0.5619945	1.018864
3408	-1368.016	-1540.812	172.7962	0.5982079	0.9346188
3414	-1373.344	-1546.245	172.9007	0.4687099	0.9611281
3420	-1353.86	-1526.883	173.0233	0.2878968	1.019863
3426	-1360.722	-1533.462	172.7401	0.5737267	1.017266
3432	-1377.619	-1550.411	172.7917	0.3297472	1.193291
3438	-1367.136	-1540.142	173.006	0.4135387	0.9071702
3444	-1362.316	-1535.317	173.001	0.31049	1.019579
3450	-1361.941	-1535.1	173.1596	0.1273461	1.043462
3456	-1357.745	-1530.759	173.0139	0.304373	1.012939
3462	-1349.994	-1523.072	173.0779	0.2657022	0.9876269
3468	-1352.281	-1525.366	173.0848	0.1566305	1.086291
3474	-1361.004	-1534.218	173.2135	0.03242913	1.082167
3480	-1369.332	-1542.461	173.1289	0.3236824	0.8693372
3486	-1371.391	-1544.269	172.8778	0.5512624	0.8964252
3492	-1361.185	-1534.01	172.8256	0.4722878	1.03291
3498	-1361.123	-1534.28	173.1564	0.1522052	1.022433
3504	-1360.257	-1533.183	172.9262	0.3938399	1.011199
3510	-1359.14	-1532.316	173.1764	0.1436692	1.011199
3516	-1374.956	-1547.665	172.7088	0.5777823	1.043743
3522	-1370.527	-1543.366	172.8386	0.5591807	0.9310016
3528	-1366.576	-1539.745	173.1698	0.05373853	1.10276
3534	-1358.304	-1531.408	173.1039	0.1955647	1.031367
3540	-1377.258	-1549.946	172.6883	0.6568181	0.9860383
3546	-1369.867	-1542.486	172.619	0.7426381	0.9691372
3552	-1361.883	-1535.027	173.1432	0.3224377	0.8538107
3558	-1368.41	-1541.789	173.378	0.04775583	0.9001624
3564	-1364.632	-1537.891	173.259	0.1941908	0.8686397
3570	-1374.7	-1548.104	173.4034	0.07836644	0.833931
3576	-1364.482	-1537.759	173.2768	0.2281968	0.8041621
3582	-1363.04	-1536.464	173.4235	0.02712966	0.8716557
3588	-1362.284	-1535.507	173.2227	0.04455283	1.06214
3594	-1368.982	-1542.055	173.0733	0.2382062	1.019623
3600	-1365.657	-1538.782	173.1248	0.1248982	1.078633
3606	-1360.907	-1533.925	173.018	0.2843915	1.028535
3612	-1365.01	-1538.173	173.163	0.3921774	0.7321567
3618	-1360.738	-1533.701	172.9635	0.3921774	0.9752985
3624	-1353.541	-1526.518	172.9771	0.4299979	0.9208769
3630	-1351.812	-1524.831	173.019	0.3880961	0.9208769
3636	-1355.323	-1528.045	172.7217	0.6854042	0.9208769
3642	-1354.507	-1527.309	172.802	0.5206052	1.008606
3648	-1363.109	-1535.997	172.888	0.5352107	0.9030761
3654	-1366.216	-1538.693	172.4771	0.92505	0.9262603
3660	-1357.685	-1529.418	171.7324	1.780187	0.7939834
3666	-1364.195	-1537.337	173.142	0.1595151	1.029354
3672	-1377.502	-1550.005	172.5037	0.913694	0.9095788
3678	-1363.871	-1536.908	173.037	0.3437469	0.949185
3684	-1351.111	-1523.99	172.879	0.348891	1.098842
3690	-1354.316	-1527.278	172.9623	0.4861053	0.8742521
3696	-1360.319	-1532.802	172.4826	0.8910837	0.956592
3702	-1367.539	-1540.163	172.6238	0.7066327	1.000843
3708	-1367.501	-1540.65	173.1489	0.1671325	1.015107
3714	-1371.358	-1544.43	173.0711	0.3333726	0.9237119
3720	-1367.342	-1540.449	173.1076	0.2607226	0.9621945
3726	-1379.813	-1552.261	172.4477	0.9206558	0.9621945
3732	-1371.321	-1544.476	173.1546	0.1293043	1.046358
3738	-1371.956	-1545.17	173.2141	0.1346629	0.9823933
3744	-1367.84	-1540.906	173.0662	0.3138582	0.9499617
3750	-1366.633	-1539.801	173.1676	0.02512817	1.130726
3756	-1382.368	-1555.29	172.9216	0.2710894	1.130726
3762	-1370.482	-1543.441	172.959	0.2114983	1.150492
3768	-1358.048	-1531.047	172.9984	0.2939547	1.03823
3774	-1350.24	-1523.402	173.1617	0.277765	0.8846119
3780	-1372.229	-1545.225	172.9966	0.314639	1.019803
3786	-1374.368	-1547.555	173.187	0.03350859	1.105601
3792	-1370.123	-1543.163	173.0403	0.1575824	1.12606
3798	-1366.067	-1538.993	172.9263	0.2231374	1.168986
3804	-1361.257	-1534.149	172.8924	0.4579258	0.9807687
3810	-1365.319	-1538.286	172.9667	0.4579258	0.9014271
3816	-1366.126	-1539.121	172.9944	0.1438737	1.17876
3822	-1364.216	-1537.304	173.0879	0.3881906	0.8410335
3828	-1360.579	-1533.388	172.8096	0.7048586	0.7914823
3834	-1367.96	-1540.766	172.8052	0.5843876	0.9398154
3840	-1365.292	-1538.276	172.9836	0.3110123	1.036048
3846	-1364.169	-1535.675	171.5067	1.813313	1.011245
3852	-1364.896	-1537.722	172.8259	0.5753278	0.9272915
3858	-1365.509	-1538.6	173.0906	0.1507346	1.086451
3864	-1362.313	-1535.369	173.056	0.2655612	1.009629
3870	-1365.256	-1538.456	173.2002	0.1067666	1.024037
3876	-1368.953	-1542.004	173.0518	0.1924086	1.083742
3882	-1355.827	-1528.891	173.0641	0.1734928	1.089835
3888	-1374.586	-1547.656	173.0697	0.2317447	1.029437
3894	-1363.164	-1535.862	172.6988	0.7179459	0.9102933
3900	-1361.093	-1534.118	173.024	0.3489505	0.9573938
3906	-1366.158	-1538.045	171.8871	1.63774	0.7771875
3912	-1363.268	-1536.121	172.8529	0.4545073	1.023569
3918	-1366.385	-1539.209	172.8237	0.5422402	0.9647122
3924	-1365.459	-1538.736	173.2774	0.06387617	0.9899695
3930	-1369.216	-1542.539	173.3226	0.0596788	0.9476151
3936	-1369.496	-1542.416	172.9191	0.4139927	0.9981968
3942	-1380.96	-1554.008	173.0477	0.1640925	1.113501
3948	-1372.624	-1545.127	172.5035	0.8062585	1.021331
3954	-1368.128	-1541.268	173.1396	0.1773084	1.014265
3960	-1366.655	-1539.977	173.3223	0.1041232	0.8994407
3966	-1363.559	-1536.655	173.0959	0.3305337	0.8994407
3972	-1351.011	-1524.264	173.2531	0.06988644	1.008266
3978	-1355.464	-1528.317	172.853	0.4167441	1.05983
3984	-1349.789	-1522.927	173.1385	0.2806455	0.9075689
3990	-1362.202	-1535.208	173.0064	0.4530089	0.8612806
3996	-1364.225	-1536.925	172.6999	0.6198652	1.011451
4002	-1370.898	-1543.625	172.7266	0.7895197	0.7891924
4008	-1367.372	-1538.827	171.4553	1.905694	0.9697839
4014	-1369.695	-1542.637	172.942	0.4222208	0.9665305
4020	-1363.383	-1536.579	173.1962	0.1618197	0.9728876
4026	-1372.107	-1544.994	172.887	0.5905929	0.839146
4032	-1376.994	-1550.328	173.3338	0.1590582	0.8200053
4038	-1378.207	-1551.212	173.0043	0.1866178	1.132356
4044	-1366.918	-1538.061	171.1424	2.067765	1.114934
4050	-1371.187	-1543.878	172.691	0.6004521	1.039068
4056	-1370.119	-1543.034	172.9142	0.5071063	0.9051729
4062	-1367.467	-1540.666	173.1992	0.1333641	0.9987587
4068	-1369.297	-1542.494	173.1968	0.1357236	0.9987587
4074	-1361.58	-1534.826	173.2463	0.01014558	1.072302
4080	-1356.403	-1529.361	172.9583	0.3086511	1.062446
4086	-1359.383	-1532.569	173.1866	0.05815579	1.083219
4092	-1376.518	-1549.795	173.2772	0.1180925	0.9337223
4098	-1353.411	-1526.57	173.1593	0.08462373	1.084031
4104	-1362.511	-1535.474	172.9632	0.397383	0.9702938
4110	-1367.102	-1540.131	173.028	0.3483589	0.9537908
4116	-1377.411	-1550.126	172.7141	0.6223462	0.9947999
4122	-1370.429	-1543.253	172.8244	0.5213743	0.9854106
4128	-1368.061	-1540.488	172.4268	0.6213375	1.255257
4134	-1370.611	-1543.665	173.0533	0.2245027	1.052176
4140	-1361.259	-1534.343	173.0835	0.2569401	0.9908356
4146	-1358.396	-1531.698	173.3016	0.09527892	0.9320012
4152	-1360.659	-1533.418	172.7588	0.5178946	1.053198
4158	-1352.042	-1525.225	173.1828	0.09392852	1.053198
4164	-1361.196	-1534.375	173.1789	0.2844279	0.8565981
4170	-1357.581	-1529.457	171.8759	1.51669	0.9365577
4176	-1362.169	-1535.132	172.9632	0.4180351	0.9486432
4182	-1364.89	-1538.098	173.2084	0.06235658	1.058816
4188	-1358.502	-1531.862	173.3599	0.03970067	0.9290301
4194	-1354.207	-1527.362	173.1542	0.08280694	1.090419
4200	-1374.778	-1548.075	173.2969	0.0286139	1.00571
4206	-1379.239	-1552.263	173.0243	0.2398017	1.065164
4212	-1368.722	-1541.874	173.152	0.1120802	1.065164
4218	-1369.211	-1542.181	172.9698	0.3497821	1.011649
4224	-1362.664	-1535.443	172.7789	0.4711291	1.078332
4230	-1363.106	-1536.231	173.1255	0.2280001	0.9775039
4236	-1380.754	-1553.844	173.0902	0.2633284	0.9775039
4242	-1368.865	-1541.658	172.7926	0.5700981	0.9680752
4248	-1370.786	-1543.847	173.0612	0.3105923	0.9586326
4254	-1365.647	-1539.038	173.3906	0.05397386	0.8786492
4260	-1361.928	-1534.602	172.6735	0.7266589	0.9283985
4266	-1362.326	-1535.005	172.6782	0.7105595	0.9406724
4272	-1357.213	-1529.322	172.1092	1.360912	0.848301
4278	-1365.52	-1538.674	173.1547	0.317862	0.845328
4284	-1377.784	-1550.626	172.8424	0.5494895	0.9373707
4290	-1373.093	-1545.316	172.223	1.364207	0.6769246
4296	-1361.525	-1534.046	172.5218	0.9852129	0.8015298
4302	-1369.748	-1542.495	172.7471	0.6893407	0.8880156
4308	-1371.194	-1544.083	172.8895	0.4198165	1.02171
4314	-1375.212	-1548.164	172.9518	0.2966221	1.0798
4320	-1384.404	-1557.118	172.7137	0.3350939	1.25471
4326	-1375.039	-1547.911	172.8724	0.5265334	0.9297768
4332	-1368.405	-1541.184	172.7789	0.4765168	1.073272
4338	-1370.673	-1543.596	172.923	0.3884803	1.019617
4344	-1365.528	-1538.338	172.8104	0.4169993	1.099221
4350	-1370.517	-1543.321	172.8043	0.5378963	0.9890013
4356	-1359.294	-1531.665	172.3711	1.199723	0.7064967
4362	-1365.816	-1538.092	172.2761	1.215695	0.8212821
4368	-1375.428	-1548.091	172.6626	0.8588957	0.7818516
4374	-1370.01	-1542.835	172.8249	0.591415	0.9107235
4380	-1374.37	-1547.392	173.0228	0.2821288	1.025998
4386	-1367.835	-1540.471	172.6366	0.782681	0.907423
4392	-1362.317	-1535.476	173.159	0.2565648	0.9115728
4398	-1358.446	-1531.509	173.0632	0.2541198	1.013843
4404	-1363.62	-1536.858	173.2382	0.1113834	0.9815372
4410	-1371.759	-1544.397	172.6382	0.7170155	0.9757833
4416	-1367.229	-1539.803	172.5742	0.6174211	1.131656
4422	-1378.591	-1551.923	173.3318	0.09007611	0.9044837
4428	-1372.032	-1545.045	173.0136	0.4083629	0.9044837
4434	-1371.265	-1544.218	172.9534	0.3715644	1.006303
4440	-1376.56	-1549.563	173.0029	0.3102688	1.017927
4446	-1371.589	-1544.62	173.0308	0.3180319	0.9822962
4452	-1370.923	-1543.93	173.0076	0.3866992	0.9347573
4458	-1376.327	-1549.644	173.3174	0.09257554	0.9177005
4464	-1371.931	-1545.061	173.1301	0.2798647	0.9177005
4470	-1369.205	-1542.218	173.0139	0.2973459	1.019869
4476	-1379.425	-1552.56	173.1348	0.1752855	1.020948
4482	-1364.19	-1536.863	172.6728	0.6829069	0.9752622
4488	-1364.605	-1537.878	173.2728	0.1421662	0.9122575
4494	-1366.519	-1539.735	173.2157	0.02891576	1.083367
4500	-1369.67	-1542.925	173.2552	0.07553349	1.00051
4506	-1361.677	-1534.851	173.1738	0.1255779	1.031426
4512	-1365.215	-1538.574	173.3593	0.01369194	0.9573699
4518	-1367.893	-1540.838	172.9453	0.4277092	0.9573699
4524	-1369.403	-1542.444	173.0409	0.3320857	0.9573699
4530	-1345.216	-1518.38	173.1632	0.1218117	1.045241
4536	-1350.077	-1523.111	173.0344	0.2506729	1.045241
4542	-1353.63	-1526.758	173.1284	0.1566764	1.045241
4548	-1350.761	-1523.989	173.228	0.174725	0.9255996
4554	-1355.495	-1528.624	173.1283	0.1942659	1.008672
4560	-1358.895	-1532.15	173.2545	0.1100429	0.9661187
4566	-1363.021	-1536.061	173.0402	0.1511463	1.131936
4572	-1358.146	-1531.275	173.1289	0.1220435	1.077505
4578	-1359.048	-1532.191	173.1438	0.1220435	1.06351
4584	-1352.427	-1525.347	172.9203	0.4062325	1.004718
4590	-1356.507	-1529.357	172.8496	0.4233424	1.056756
4596	-1353.566	-1526.543	172.9768	0.1451239	1.192849
4602	-1365.949	-1538.833	172.8841	0.5980426	0.8334786
4608	-1363.253	-1535.984	172.731	0.7641366	0.8169993
4614	-1363.366	-1535.269	171.9023	1.600699	0.8067809
4620	-1371.812	-1544.705	172.8928	0.5635133	0.8649368
4626	-1367.664	-1540.879	173.2144	0.2256209	0.8839662
4632	-1369.574	-1540.545	170.9712	2.150213	1.193288
4638	-1370.667	-1543.148	172.4813	0.4022206	1.387725
4644	-1364.349	-1537.281	172.932	0.3172591	1.079086
4650	-1369.909	-1542.948	173.0393	0.1941049	1.093771
4656	-1357.065	-1530.093	173.0283	0.2770651	1.025588
4662	-1364.194	-1537.545	173.3516	0.05702181	0.9191624
4668	-1361.802	-1535.133	173.3312	0.05702181	0.9412905
4674	-1360.024	-1532.951	172.9265	0.4117707	0.992981
4680	-1366.698	-1539.581	172.8831	0.4307484	1.017259
4686	-1358.518	-1531.785	173.2665	0.06820714	0.996578
4692	-1364.402	-1537.648	173.2464	0.04062044	1.043396
4698	-1362.451	-1535.667	173.216	0.01416782	1.096745
4704	-1373.503	-1546.788	173.2847	0.05620701	0.9903375
4710	-1376.349	-1549.42	173.0708	0.2430178	1.017333
4716	-1366.783	-1539.987	173.2047	0.08865687	1.037261
4722	-1367.724	-1541.015	173.2911	0.1258708	0.9099984
4728	-1358.186	-1531.433	173.2476	0.2256563	0.8445236
4734	-1363.784	-1536.832	173.0476	0.2256563	1.056494
4740	-1360.676	-1533.916	173.2401	0.07874034	1.01235
4746	-1363.237	-1534.698	171.461	1.857835	1.01235
4752	-1363.703	-1534.485	170.7825	2.276948	1.245852
4758	-1362.242	-1533.193	170.9514	2.276948	1.098406
4764	-1362.588	-1534.425	171.8365	1.62767	0.8555841
4770	-1368.898	-1540.794	171.8955	1.51538	0.9167441
4776	-1370.863	-1543.912	173.0493	0.3278983	0.9529809
4782	-1372.699	-1546.027	173.3281	0.08914043	0.9097044
4788	-1355.87	-1528.845	172.9752	0.362421	0.9936004
4794	-1356.082	-1528.926	172.8437	0.3179705	1.158245
4800	-1357.242	-1529.961	172.7193	0.6812395	0.928069
4806	-1360.579	-1533.788	173.2097	0.2087815	0.908306
4812	-1368.764	-1541.734	172.9699	0.114242	1.22511
4818	-1369.702	-1543.004	173.3026	0.07233415	0.9553556
4824	-1367.214	-1540.169	172.9551	0.3462368	1.029534
4830	-1371.585	-1544.007	172.4225	0.9800283	0.9258523
4836	-1376.326	-1549.534	173.2083	0.05309329	1.067714
4842	-1370.166	-1543.409	173.2431	0.07620538	1.011923
4848	-1354.368	-1527.452	173.084	0.178074	1.067098
4854	-1352.868	-1525.907	173.0385	0.01591256	1.250046
4860	-1361.195	-1534.488	173.2931	0.04483592	0.9933672
4866	-1362.308	-1535.109	172.8009	0.5370176	0.9933672
4872	-1367.055	-1539.513	172.4587	0.8817537	0.9907467
4878	-1360.364	-1533.243	172.8792	0.5344839	0.9136292
4884	-1364.295	-1537.084	172.789	0.6388715	0.8977556
4890	-1375.215	-1546.525	171.3094	2.020695	1.001175
4896	-1375.851	-1548.769	172.9176	0.4660184	0.9461329
4902	-1365.079	-1538.109	173.0306	0.3719068	0.9259292
4908	-1355.056	-1527.854	172.7981	0.6043859	0.9259292
4914	-1350.061	-1522.904	172.8425	0.6538118	0.815534
4920	-1358.262	-1531.505	173.2429	0.07672391	1.011582
4926	-1353.118	-1524.238	171.1193	2.153678	1.056708
4932	-1361.593	-1532.699	171.1063	2.072257	1.143349
4938	-1361.054	-1534.151	173.0967	0.1453055	1.085801
4944	-1367.056	-1539.737	172.6809	0.7232698	0.924034
4950	-1365.057	-1537.815	172.7571	0.7911263	0.7429294
4956	-1361.133	-1534.426	173.2928	0.08913433	0.9479189
4962	-1372.116	-1544.89	172.7745	0.6074351	0.9479189
4968	-1369.114	-1541.828	172.7137	0.5387969	1.076037
4974	-1363.04	-1536.211	173.1706	0.1017674	1.057332
4980	-1360.1	-1533.242	173.1421	0.1154244	1.071335
4986	-1371.961	-1545.33	173.3697	0.059532	0.8963064
4992	-1366.04	-1539.01	172.9705	0.3885609	0.9717901
4998	-1372.352	-1545.509	173.1572	0.1490965	1.024697
5004	-1378.66	-1551.277	172.6171	0.5439094	1.158844
5010	-1382.062	-1555.261	173.1987	0.1255561	1.006971
5016	-1365.264	-1538.377	173.1128	0.3470191	0.8607861
5022	-1367.288	-1540.105	172.8173	0.4179769	1.092033
5028	-1368.531	-1541.64	173.1096	0.1249557	1.09266
5034	-1353.791	-1526.579	172.7871	0.4474505	1.09266
5040	-1360.121	-1531.454	171.333	1.991754	1.00648
5046	-1363.841	-1536.893	173.0523	0.1925184	1.083212
5052	-1370.913	-1543.653	172.7393	0.6581777	0.9313694
5058	-1368.374	-1541.306	172.9325	0.5008368	0.8916406
5064	-1368.434	-1541.464	173.03	0.2424134	1.057297
5070	-1375.801	-1549.021	173.2197	0.1431764	0.9678381
5076	-1368.485	-1541.662	173.1769	0.1744675	0.9796689
5082	-1358.957	-1532.09	173.1327	0.2488729	0.94837
5088	-1357.336	-1530.152	172.8161	0.3965612	1.112745
5094	-1360.587	-1533.506	172.9195	0.5106841	0.8951786
5100	-1354.798	-1527.946	173.1477	0.2337788	0.9484287
5106	-1355.533	-1528.683	173.1504	0.3292618	0.8365867
5112	-1360.442	-1533.223	172.781	0.8106938	0.6682099
5118	-1358.121	-1531.183	173.062	0.2581173	1.01114
5124	-1357.209	-1530.541	173.3319	0.1011756	0.8919213
5130	-1359.402	-1532.315	172.9124	0.5512311	0.8561835
5136	-1365.169	-1538.436	173.2667	0.005180004	1.057812
5142	-1366.179	-1539.312	173.133	0.007146368	1.177074
5148	-1365.131	-1538.268	173.1372	0.03847734	1.145861
5154	-1360.811	-1533.632	172.8202	0.3555359	1.145861
5160	-1370.474	-1542.88	172.4066	1.013959	0.9060464
5166	-1380.816	-1553.668	172.8518	0.7336696	0.6803544
5172	-1365.247	-1537.989	172.7421	0.7489966	0.8222817
5178	-1359.578	-1532.607	173.0296	0.2321622	1.067372
5184	-1364.245	-1537.426	173.181	0.1002523	1.048859
5190	-1368.86	-1541.867	173.0071	0.2481966	1.073414
5196	-1364.57	-1537.318	172.7479	0.5203009	1.061257
5202	-1368.475	-1541.615	173.1406	0.3116626	0.8696661
5208	-1370.032	-1542.882	172.8493	0.3358277	1.137458
5214	-1381.502	-1554.587	173.0853	0.1209371	1.118575
5220	-1348.801	-1521.962	173.1615	0.06813002	1.097212
5226	-1352.665	-1525.629	172.9641	0.483338	0.8754153
5232	-1355.526	-1528.363	172.8369	0.6848514	0.7814446
5238	-1356.65	-1528.871	172.2216	1.338571	0.7242936
5244	-1359.87	-1532.282	172.4124	1.035191	0.8751538
5250	-1359.7	-1531.489	171.7887	1.737748	0.7749556
5256	-1360.146	-1532.404	172.2579	1.306521	0.7172293
5262	-1364.229	-1537.518	173.289	0.0721891	0.9695792
5268	-1369.197	-1542.05	172.8529	0.56685	0.9068836
5274	-1362.835	-1535.703	172.8681	0.6156233	0.8315938
5280	-1356.864	-1529.52	172.6558	0.5716715	1.09921
5286	-1360.596	-1533.572	172.9763	0.4339717	0.9174132
5292	-1362.124	-1534.797	172.6723	0.7525167	0.9012052
5298	-1370.275	-1543.143	172.8676	0.5574706	0.9010043
5304	-1355.909	-1529.114	173.2049	0.1127384	1.013515
5310	-1366.712	-1539.818	173.1054	0.1702972	1.054146
5316	-1363.471	-1536.422	172.9507	0.3250095	1.054146
5322	-1367.308	-1540.507	173.1988	0.01957771	1.107512
5328	-1376.36	-1549.548	173.1879	0.0263661	1.111286
5334	-1363.99	-1537.021	173.031	0.2552106	1.044171
5340	-1367.51	-1540.655	173.1451	0.01695843	1.1579
5346	-1368.417	-1541.275	172.8577	0.3000504	1.161718
5352	-1379.803	-1552.653	172.8497	0.4291309	1.051175
5358	-1372.81	-1545.859	173.0485	0.09700589	1.172467
5364	-1372.13	-1544.881	172.7515	0.4698085	1.104819
5370	-1376.205	-1547.85	171.645	1.738313	0.9465078
5376	-1390.873	-1563.028	172.1545	1.357301	0.7950292
5382	-1371.247	-1543.927	172.6803	0.8105545	0.8224839
5388	-1362.906	-1535.712	172.8064	0.4702522	1.053304
5394	-1374.491	-1547.517	173.0257	0.09105647	1.197272
5400	-1360.844	-1533.824	172.9802	0.474556	0.8667764
5406	-1368.72	-1541.825	173.1049	0.192912	1.032962
5412	-1363.01	-1536.251	173.2412	0.09679395	0.9932935
5418	-1357.758	-1531.009	173.2512	0.01166167	1.066342
5424	-1360.138	-1533.378	173.2398	0.1185593	0.9725859
5430	-1361.869	-1535.072	173.2031	0.04245394	1.082491
5436	-1371.409	-1544.43	173.0207	0.3801062	0.927696
5442	-1364.956	-1538.184	173.2284	0.04136315	1.059771
5448	-1353.776	-1527.02	173.2435	0.01485674	1.070545
5454	-1365.584	-1538.611	173.0265	0.3058036	0.9989585
5460	-1363.073	-1536.332	173.2594	0.116764	0.9540254
5466	-1356.237	-1529.271	173.0346	0.1451964	1.142215
5472	-1355.793	-1528.709	172.9153	0.2086029	1.191133
5478	-1358.528	-1531.487	172.9586	0.1916469	1.168317
5484	-1372.924	-1546.126	173.2022	0.04888019	1.077331
5490	-1371.017	-1544.084	173.0672	0.1851515	1.076216
5496	-1384.634	-1556.017	171.3832	1.869101	1.076216
5502	-1365.353	-1538.498	173.1448	0.3404564	0.8295754
5508	-1359.257	-1532.544	173.2873	0.07494746	0.968569
5514	-1363.47	-1536.543	173.0724	0.4329342	0.8036726
5520	-1360.924	-1533.823	172.8994	0.4329342	0.99899
5526	-1370.244	-1543.582	173.3379	0.09303736	0.8943463
5532	-1370.29	-1543.544	173.2542	0.02368421	1.052084
5538	-1378.551	-1551.654	173.103	0.1205088	1.102784
5544	-1354.725	-1527.21	172.4843	0.8196647	1.026933
5550	-1353.123	-1526.349	173.2253	0.1352604	0.9702979
5556	-1358.938	-1531.961	173.0234	0.3646329	0.9414873
5562	-1364.733	-1537.794	173.0607	0.1023446	1.157025
5568	-1350.405	-1523.335	172.9308	0.2322507	1.157025
5574	-1358.655	-1531.926	173.2707	0.07085589	0.9896541
5580	-1355.424	-1528.64	173.2163	0.07085589	1.043231
5586	-1365.006	-1538.386	173.3797	0.1015815	0.8346576
5592	-1364.128	-1537.178	173.0495	0.329879	0.9506023
5598	-1358.144	-1531.109	172.9658	0.4304375	0.9326308
5604	-1364.799	-1537.657	172.8579	0.4280696	1.044377
5610	-1375.799	-1548.834	173.0349	0.1420537	1.144737
5616	-1363.095	-1536.077	172.982	0.2683963	1.078016
5622	-1369.883	-1542.961	173.0781	0.2437135	1.009407
5628	-1366.713	-1539.922	173.2098	0.1522089	0.9687941
5634	-1373.092	-1546.314	173.2218	0.07051286	1.038264
5640	-1361.634	-1534.353	172.719	0.4520373	1.149985
5646	-1358.455	-1531.418	172.9628	0.221904	1.13784
5652	-1366.44	-1539.792	173.3518	0.03557406	0.9422069
5658	-1369.987	-1543.218	173.2315	0.1348781	0.9642316
5664	-1375.383	-1548.609	173.2265	0.1961698	0.9036888
5670	-1363.895	-1537	173.1043	0.2413563	0.9854928
5676	-1368.985	-1541.936	172.9516	0.1732115	1.190331
5682	-1371.544	-1544.061	172.517	0.9870879	0.805424
5688	-1375.179	-1547.377	172.1979	1.307091	0.8041745
5694	-1382.99	-1555.817	172.827	0.6503537	0.8394664
5700	-1367.648	-1539.899	172.2505	1.307091	0.7283892
5706	-1365.757	-1538.804	173.0463	0.3770621	0.9029063
5712	-1375.058	-1548.182	173.1237	0.1251891	1.079421
5718	-1370.294	-1543.185	172.891	0.3578764	1.079421
5724	-1369.238	-1541.875	172.6368	0.8405973	0.8393752
5730	-1365.849	-1539.054	173.205	0.1783744	0.9464495
5736	-1364.93	-1538.145	173.2153	0.08756172	1.028038
5742	-1360.115	-1533.075	172.9601	0.2571184	1.108533
5748	-1364.853	-1536.392	171.5387	1.803631	0.988841
5754	-1362.379	-1534.458	172.0796	1.500064	0.6910094
5760	-1363.716	-1535.825	172.1098	1.500064	0.6284624
5766	-1355.883	-1528.637	172.7534	0.8281506	0.6875414
5772	-1358.735	-1531.469	172.7344	0.8430996	0.6948793
5778	-1370.134	-1542.133	171.9987	1.578795	0.6948793
5784	-1366.585	-1539.285	172.7	0.6929866	0.9361289
5790	-1362.479	-1534.99	172.5112	1.031595	0.7512282
5796	-1365.034	-1538.11	173.0759	0.1780252	1.074663
5802	-1368.946	-1541.726	172.7805	0.220543	1.293962
5808	-1348.897	-1522.037	173.1404	0.220543	0.9698682
5814	-1351.504	-1524.511	173.0069	0.1398946	1.171319
5820	-1364.843	-1537.835	172.9923	0.3792441	0.958862
5826	-1364.934	-1537.792	172.8575	0.5140481	0.958862
5832	-1359.356	-1532.14	172.784	0.4271676	1.114093
5838	-1365.167	-1538.522	173.3556	0.06923283	0.9012628
5844	-1361.162	-1534.351	173.1896	0.2322953	0.9045634
5850	-1356.039	-1529.013	172.974	0.3973388	0.9590999
5856	-1354.372	-1527.217	172.8457	0.3893569	1.092184
5862	-1364.327	-1537.001	172.6733	0.7219766	0.9337059
5868	-1351.917	-1524.477	172.5599	0.7665914	1.004777
5874	-1354.309	-1525.307	170.9979	2.266477	1.064908
5880	-1379.712	-1552.166	172.454	1.10963	0.7186706
5886	-1361.685	-1534.74	173.0551	0.2743828	1.001845
5892	-1369.756	-1542.918	173.1621	0.1636158	1.00551
5898	-1369.485	-1542.745	173.26	0.08558393	0.9856185
5904	-1369.636	-1542.661	173.0245	0.285668	1.020919
5910	-1381.769	-1554.541	172.7718	0.285668	1.247484
5916	-1375.239	-1548.158	172.9196	0.4732038	0.9364158
5922	-1379.802	-1552.985	173.1836	0.183875	0.9630765
5928	-1368.786	-1541.676	172.8896	0.4018161	1.039078
5934	-1366.212	-1539.02	172.8079	0.7424349	0.7397563
5940	-1369.597	-1542.607	173.0109	0.4058069	0.9102793
5946	-1365.902	-1538.715	172.813	0.5903163	0.9250305
5952	-1374.382	-1546.069	171.6872	1.731448	0.908094
5958	-1376.611	-1549.459	172.8483	0.5782185	0.8993397
5964	-1364.765	-1537.43	172.6644	0.6406095	1.025904
5970	-1376.058	-1548.762	172.7034	0.6719824	0.9548431
5976	-1370.801	-1543.895	173.0939	0.3848121	0.8377705
5982	-1367.767	-1540.288	172.521	0.9362968	0.8638063
5988	-1372.065	-1545.261	173.1963	0.05729687	1.075041
5994	-1368.358	-1540.742	172.3842	0.9097509	1.036649
6000	-1366.049	-1538.364	172.315	1.178368	0.819253
6006	-1369.078	-1542.22	173.1427	0.08080662	1.102858
6012	-1356.379	-1529.217	172.8373	0.6818684	0.7850143
6018	-1350.679	-1523.698	173.0193	0.4698897	0.8246867
6024	-1357.943	-1530.96	173.0165	0.4517487	0.8506385
6030	-1355.173	-1528.158	172.985	0.1939794	1.142976
6036	-1355.014	-1528.034	173.0208	0.3712698	0.9371654
6042	-1358.194	-1531.018	172.8244	0.6262416	0.8716425
6048	-1349.422	-1522.488	173.0656	0.03450972	1.211513
6054	-1356.412	-1529.475	173.0638	0.2401809	1.02695
6060	-1362.124	-1535.201	173.0762	0.226788	1.0279
6066	-1370.823	-1543.669	172.8461	0.4929013	0.9922564
6072	-1368.191	-1541.378	173.1869	0.3062072	0.8196153
6078	-1356.078	-1529.269	173.1914	0.07335329	1.06451
6084	-1357.529	-1530.52	172.9913	0.4179714	0.9184969
6090	-1369.593	-1542.745	173.1521	0.02338274	1.146111
6096	-1364.896	-1537.958	173.0622	0.2047062	1.062525
6102	-1361.606	-1534.791	173.1852	0.151622	0.9944301
6108	-1367.548	-1540.557	173.0094	0.188739	1.125789
6114	-1366.571	-1539.358	172.7877	0.5307209	1.012772
6120	-1373.962	-1547.06	173.0983	0.1689766	1.062196
6126	-1360.554	-1533.578	173.0249	0.4404746	0.8541008
6132	-1363.215	-1536.239	173.0243	0.2426183	1.062483
6138	-1369.827	-1542.728	172.9009	0.3108496	1.113516
6144	-1361.983	-1535.199	173.2153	0.1113865	1.004564
6150	-1357.064	-1530.281	173.2174	0.1293746	0.9844073
6156	-1361.729	-1534.581	172.8516	0.4013505	1.075604
6162	-1363.975	-1537.18	173.205	0.1521324	0.9738113
6168	-1361.968	-1535.11	173.1417	0.1860816	1.003446
6174	-1363.322	-1536.244	172.9216	0.5810012	0.8073029
6180	-1362.897	-1535.727	172.8296	0.4297177	1.069658
6186	-1369.62	-1542.319	172.6988	0.4297177	1.187183
6192	-1358.81	-1531.67	172.8603	0.4297177	1.040491
6198	-1355.76	-1528.573	172.813	0.4547789	1.061679
6204	-1348.203	-1521.309	173.1057	0.1620698	1.061679
6210	-1361.064	-1534.411	173.3467	0.131533	0.8383476
6216	-1355.398	-1528.095	172.6975	0.6744633	0.9584512
6222	-1353.125	-1526.142	173.0176	0.3953672	0.9144414
6228	-1353.262	-1526.153	172.8914	0.5535852	0.8782322
6234	-1355.949	-1528.648	172.6989	0.5720275	1.05867
6240	-1358.498	-1531.416	172.9175	0.3522463	1.059856
6246	-1358.566	-1531.573	173.0075	0.1960655	1.120924
6252	-1360.642	-1533.353	172.711	0.6990082	0.9176867
6258	-1373.109	-1544.752	171.6436	1.828364	0.8461517
6264	-1367.152	-1540.067	172.9149	0.4521688	0.9635027
6270	-1373.885	-1547.05	173.1646	0.2695594	0.8906624
6276	-1366.521	-1539.694	173.1727	0.1578407	1.000705
6282	-1367.844	-1540.789	172.9455	0.3319607	1.052489
6288	-1363.226	-1535.929	172.7027	0.6001883	1.028028
6294	-1373.367	-1546.031	172.664	0.7525391	0.9104294
6300	-1365.549	-1538.526	172.9762	0.295465	1.057977
6306	-1363.727	-1536.461	172.7341	0.5375486	1.057977
6312	-1364.467	-1535.597	171.1296	2.146413	1.053882
6318	-1361.597	-1534.52	172.9235	0.3701943	1.036948
6324	-1374.52	-1547.826	173.3057	0.03757792	0.9879316
6330	-1373.267	-1546.36	173.093	0.03757792	1.185378
6336	-1357.054	-1530.381	173.3271	0.1324422	0.861122
6342	-1357.9	-1531.136	173.2359	0.07669172	1.018558
6348	-1358.94	-1532.152	173.2121	0.06966949	1.048392
6354	-1366.789	-1539.986	173.1969	0.151472	0.98277
6360	-1374.617	-1547.593	172.9753	0.316825	1.038467
6366	-1383.18	-1556.331	173.1506	0.1974834	0.9830189
6372	-1361.527	-1534.104	172.5765	0.8221026	0.9300918
6378	-1366.107	-1539.214	173.1074	0.2912153	0.9300918
6384	-1376.784	-1549.597	172.813	0.4707233	1.046548
6390	-1364.563	-1536.496	171.933	1.547266	0.8358588
6396	-1359.679	-1531.698	172.0185	1.455635	0.8434054
6402	-1358.569	-1530.588	172.0185	1.455635	0.8434054
6408	-1354.617	-1525.896	171.2797	2.053123	0.9984113
6414	-1364.639	-1537.413	172.7738	0.5590374	0.9984113
6420	-1358.569	-1531.845	173.2758	0.02046242	1.034448
6426	-1368.766	-1541.809	173.0428	0.00253387	1.257543
6432	-1365.04	-1538.178	173.1373	0.008297222	1.172323
6438	-1359.527	-1532.626	173.0991	0.003631143	1.209328
6444	-1359.078	-1532.352	173.2739	0.003892489	1.052217
6450	-1363.147	-1536.518	173.3711	0.01023564	0.948603
6456	-1353.779	-1527.063	173.2841	0.01712917	1.029626
6462	-1359.499	-1532.217	172.7178	0.7374005	0.8662436
6468	-1357.681	-1530.379	172.6982	0.7374005	0.8889929
6474	-1361.427	-1534.467	173.0399	0.2573402	1.033464
6480	-1355.829	-1528.905	173.0756	0.2825037	0.9728418
6486	-1363.192	-1535.646	172.4544	0.884978	0.991887
6492	-1374.369	-1547.602	173.233	0.2380485	0.8472017
6498	-1375.534	-1548.241	172.7064	0.3788172	1.224164
6504	-1365.27	-1537.849	172.5783	0.7770302	0.9756459
6510	-1362.802	-1535.809	173.0062	0.3131217	1.011927
6516	-1366.225	-1539.261	173.0362	0.02559116	1.24383
6522	-1363.676	-1536.8	173.1243	0.02915979	1.16551
6528	-1354.724	-1527.675	172.9512	0.4458476	0.931827
6534	-1353.378	-1526.436	173.0574	0.2347841	1.038373
6540	-1359.939	-1533.233	173.2946	0.09697848	0.9376329
6546	-1361.884	-1534.973	173.0892	0.09382583	1.139341
6552	-1368.603	-1541.006	172.4031	1.096814	0.8107885
6558	-1357.581	-1530.634	173.053	0.2627833	1.015395
6564	-1358.52	-1531.622	173.1022	0.2559209	0.9727549
6570	-1366.567	-1539.395	172.828	0.5213075	0.9818101
6576	-1368.19	-1541.145	172.9548	0.2087467	1.15662
6582	-1376.757	-1549.886	173.1287	0.2213408	0.9810413
6588	-1366.307	-1539.097	172.7899	0.5557976	0.9854369
6594	-1372.111	-1545.415	173.3045	0.0412431	0.9854369
6600	-1366.636	-1539.516	172.8794	0.4375336	1.014261
6606	-1366.924	-1539.768	172.8444	0.5082343	0.9784507
6612	-1363.314	-1536.419	173.1049	0.2476663	0.9784507
6618	-1353.628	-1526.837	173.2088	0.1720209	0.9491283
6624	-1358.113	-1531.154	173.0406	0.3582613	0.9298514
6630	-1350.593	-1523.77	173.1774	0.1536238	1.000247
6636	-1346.047	-1519.04	172.9932	0.2700538	1.065983
6642	-1361.78	-1533.08	171.3007	2.023066	1.007509
6648	-1362.559	-1535.617	173.0573	0.1708628	1.098596
6654	-1353.96	-1526.831	172.8707	0.49926	0.960554
6660	-1354.992	-1528.189	173.1974	0.08480617	1.047965
6666	-1365.243	-1538.127	172.884	0.3982078	1.047965
6672	-1359.324	-1532.109	172.7844	0.4430995	1.099144
6678	-1364.31	-1537.357	173.047	0.1805445	1.099144
6684	-1362.662	-1535.695	173.0338	0.2548873	1.041789
6690	-1368.068	-1538.886	170.8179	2.322888	1.176538
6696	-1362.206	-1533.126	170.9201	2.322888	1.084885
6702	-1369.175	-1539.775	170.5996	2.322888	1.357071
6708	-1366.138	-1537.031	170.8931	2.322888	1.10967
6714	-1365.403	-1537.946	172.5432	0.8980354	0.8826058
6720	-1366.863	-1539.663	172.8001	0.6539949	0.8675945
6726	-1358.775	-1531.527	172.7523	0.4511805	1.121018
6732	-1357.663	-1530.671	173.0079	0.297531	1.025502
6738	-1358.908	-1530.596	171.6879	1.57812	1.063295
6744	-1362.238	-1534.998	172.7609	0.6038914	0.965925
6750	-1372.261	-1544.414	172.153	1.1171	1.059459
6756	-1361.729	-1534.925	173.1953	0.1640394	0.9714901
6762	-1366.83	-1538.871	172.0415	1.474476	0.7894728
6768	-1368.662	-1540.755	172.0934	1.45289	0.7459147
6774	-1369.373	-1542.523	173.1501	0.2116658	0.9690406
6780	-1375.991	-1548.757	172.7665	0.4520612	1.107348
6786	-1358.631	-1531.763	173.1324	0.06693403	1.124726
6792	-1370.365	-1543.621	173.2555	0.03687779	1.038189
6798	-1365.008	-1538.291	173.2832	0.01304681	1.034466
6804	-1366.366	-1538.716	172.3503	1.102385	0.8692751
6810	-1366.435	-1539.345	172.9102	0.473661	0.9459149
6816	-1373.285	-1546.184	172.8995	0.473661	0.9571682
6822	-1356.569	-1529.816	173.2468	0.02994557	1.053186
6828	-1361.352	-1534.649	173.2974	0.01512242	1.018597
6834	-1360.556	-1533.859	173.3037	0.008817591	1.018597
6840	-1360.387	-1533.659	173.2721	0.04627912	1.012818
6846	-1360.956	-1533.919	172.9628	0.2861301	1.079343
6852	-1371.206	-1544.269	173.0635	0.1520009	1.110096
6858	-1376.711	-1549.526	172.8147	0.3216	1.180414
6864	-1369.228	-1542.476	173.2482	0.2403678	0.8254933
6870	-1363.273	-1535.864	172.5909	0.9363273	0.7738388
6876	-1364.667	-1536.715	172.0479	1.535042	0.6850735
6882	-1364.233	-1535.567	171.3336	2.046256	0.9501049
6888	-1359.147	-1532.164	173.0175	0.2656573	1.047014
6894	-1365.289	-1537.363	172.0737	1.2095	1.047014
6900	-1363.026	-1535.673	172.6473	0.7637905	0.9165195
6906	-1357.309	-1530.479	173.1698	0.2257718	0.9333533
6912	-1374.081	-1545.945	171.8637	1.617696	0.834501
6918	-1372.103	-1545.255	173.1513	0.1174368	1.060791
6924	-1376.079	-1549.363	173.2838	0.03130722	1.016009
6930	-1370.755	-1544.089	173.3344	0.09211109	0.8992919
6936	-1364.54	-1537.592	173.0527	0.2529091	1.025361
6942	-1356.502	-1529.473	172.9708	0.3098749	1.049404
6948	-1361.967	-1535.016	173.0494	0.3256984	0.9550971
6954	-1372.851	-1545.545	172.6939	0.5021637	1.127678
6960	-1367.738	-1540.907	173.1692	0.0525622	1.104392
6966	-1351.944	-1524.765	172.8205	0.6127857	0.8917096
6972	-1356.611	-1529.521	172.9102	0.3738708	1.046204
6978	-1361.563	-1534.838	173.2746	0.07420566	0.9823212
6984	-1378.77	-1551.625	172.855	0.493823	0.9823212
6990	-1362.404	-1535.468	173.0638	0.2835454	0.983769
6996	-1362.44	-1535.335	172.8952	0.1668739	1.243615
7002	-1357.894	-1530.766	172.872	0.4754171	0.9837734
7008	-1358.618	-1531.364	172.7456	0.4866421	1.094831
7014	-1348.286	-1521.331	173.0448	0.257622	1.028426
7020	-1348.846	-1522.134	173.2879	0.07891356	0.9637825
7026	-1362.431	-1535.703	173.2727	0.1482279	0.9056094
7032	-1357.083	-1529.711	172.6279	0.8131342	0.8828197
7038	-1366.67	-1539.432	172.7619	0.6555356	0.9095142
7044	-1365.472	-1538.693	173.2217	0.244998	0.85253
7050	-1372.209	-1544.787	172.5777	0.8580012	0.8889237
7056	-1372.982	-1545.517	172.5355	0.7610326	1.034212
7062	-1374.374	-1547.578	173.204	0.1516747	0.9753382
7068	-1372.987	-1546.196	173.2093	0.1813041	0.938742
7074	-1365.438	-1538.607	173.1691	0.028644	1.126229
7080	-1368.576	-1541.677	173.1002	0.2006753	1.02993
7086	-1359.3	-1532.221	172.921	0.1659921	1.222621
7092	-1349.392	-1522.493	173.1013	0.213255	1.016591
7098	-1362.484	-1535.346	172.8617	0.5000678	0.9690271
7104	-1356.157	-1528.844	172.6865	0.6041948	1.039783
7110	-1352.997	-1526.123	173.126	0.1800855	1.024865
7116	-1359.997	-1532.632	172.6353	0.375642	1.285933
7122	-1362.207	-1535.214	173.0068	0.2755625	1.04777
7128	-1361.595	-1534.655	173.0597	0.3655809	0.9007145
7134	-1357.004	-1530.369	173.3657	0.1540579	0.7842971
7140	-1360.927	-1533.809	172.8821	0.7031702	0.680634
7146	-1357.26	-1529.886	172.6259	0.7031702	1.002192
7152	-1362.454	-1535.445	172.9912	0.5868058	0.6939641
7158	-1360.724	-1533.647	172.9235	0.5868058	0.7971398
7164	-1368.738	-1541.348	172.6097	0.7722015	0.9479793
7170	-1366.21	-1538.945	172.7347	0.6637304	0.9302828
7176	-1368.826	-1541.9	173.074	0.3160748	0.9392899
7182	-1375.008	-1548.069	173.0612	0.1939827	1.073557
7188	-1367.276	-1540.175	172.8986	0.5818559	0.8355884
7194	-1370.335	-1543.203	172.8677	0.6473082	0.7908088
7200	-1377.95	-1551.001	173.0515	0.2543775	1.025131
7206	-1369.112	-1542.103	172.9907	0.1919641	1.13969
7212	-1367.316	-1540.226	172.9107	0.3351247	1.082272
7218	-1380.888	-1553.717	172.8291	0.5748233	0.9243933
7224	-1367.23	-1540.411	173.181	0.008251132	1.133775
7230	-1367	-1540.34	173.3398	0.02793848	0.9628453
7236	-1362.951	-1536.203	173.2519	0.1158722	0.9628453
7242	-1360.664	-1533.824	173.1594	0.3260879	0.8293187
7248	-1354.959	-1528.076	173.1174	0.308398	0.9001761
7254	-1354.928	-1527.983	173.0552	0.308398	0.9671653
7260	-1352.841	-1525.744	172.903	0.3968461	1.030939
7266	-1357.549	-1530.806	173.2562	0.04368097	1.030939
7272	-1369.731	-1543.013	173.2821	0.01769204	1.031023
7278	-1360.309	-1533.356	173.0465	0.3525041	0.9297262
7284	-1366.244	-1538.826	172.5814	0.6344891	1.10974
7290	-1360.766	-1533.323	172.5573	0.6586054	1.10974
7296	-1353.841	-1525.687	171.8464	1.7054	0.737567
7302	-1358.783	-1531.69	172.9065	0.5578493	0.8553586
7308	-1346.285	-1519.187	172.9018	0.4218862	1.007582
7314	-1360.331	-1533.204	172.8724	0.5008437	0.9570931
7320	-1360.977	-1532.787	171.8101	1.643083	0.8686523
7326	-1362.968	-1536.052	173.0832	0.1856628	1.060608
7332	-1376.249	-1548.9	172.6509	0.6574448	1.022723
7338	-1358.612	-1531.463	172.8518	0.4070086	1.070158
7344	-1366.601	-1539.421	172.8207	0.4919336	1.01849
7350	-1363.004	-1536.114	173.1099	0.2227821	0.9985608
7356	-1366.331	-1539.402	173.071	0.07167709	1.174919
7362	-1357.983	-1530.51	172.5267	1.007143	0.7643965
7368	-1370.195	-1542.24	172.0445	1.293765	0.9929671
7374	-1367.091	-1539.705	172.6145	0.9919876	0.6365707
7380	-1369.326	-1542	172.6743	0.8442575	0.7858461
7386	-1362.1	-1534.707	172.6065	0.9008487	0.8010708
7392	-1352.706	-1525.522	172.8154	0.6650254	0.8357063
7398	-1358.818	-1531.841	173.0233	0.2770047	1.030509
7404	-1374.645	-1547.726	173.0801	0.3212611	0.9271618
7410	-1377.673	-1550.424	172.7514	0.5197947	1.05847
7416	-1374.518	-1547.504	172.9859	0.513904	0.8109991
7422	-1377.029	-1549.576	172.5475	0.7453201	1.037815
7428	-1373.202	-1545.862	172.6604	0.8038342	0.8555158
7434	-1369.398	-1542.252	172.8545	0.5877892	0.8813116
7440	-1369.162	-1542.165	173.0033	0.2348673	1.089334
7446	-1370.817	-1543.818	173.0009	0.1790332	1.142157
7452	-1353.635	-1526.458	172.8234	0.3276052	1.167598
7458	-1357.192	-1530.345	173.1531	0.02032967	1.147855
7464	-1355.127	-1528.314	173.1863	0.1143259	1.030223
7470	-1361.505	-1534.66	173.1542	0.2152231	0.9610672
7476	-1357.018	-1530.249	173.2307	0.0317257	1.066711
7482	-1366.388	-1539.799	173.4117	0.04502316	0.8644982
7488	-1359.816	-1533.037	173.2209	0.2326718	0.8681193
7494	-1353.572	-1526.687	173.1153	0.3027222	0.9088698
7500	-1351.647	-1524.695	173.0472	0.2614371	1.022391
7506	-1360.262	-1533.476	173.2136	0.2060364	0.9070714
7512	-1357.478	-1530.582	173.1046	0.2442611	0.9823039
7518	-1364.521	-1537.521	173.0001	0.06810334	1.238525
7524	-1374.028	-1546.732	172.7039	0.5974662	1.029513
7530	-1363.476	-1536.39	172.9143	0.6466151	0.7230729
7536	-1365.648	-1538.753	173.1056	0.455272	0.7230729
7542	-1363.745	-1536.746	173.0005	0.455272	0.8656094
7548	-1362.264	-1534.927	172.6629	0.6125251	1.054467
7554	-1372.217	-1545.113	172.8966	0.4179143	1.016597
7560	-1364.873	-1537.452	172.5796	0.7417891	1.009856
7566	-1362.618	-1535.425	172.8069	0.456987	1.065371
7572	-1358.095	-1530.932	172.8371	0.4923851	1.001778
7578	-1358.883	-1531.926	173.0424	0.4554992	0.8134059
7584	-1361.218	-1534.268	173.0496	0.1739972	1.102723
7590	-1356.378	-1529.329	172.9514	0.2722345	1.102723
7596	-1359.299	-1531.901	172.6012	0.6448311	1.082057
7602	-1362.398	-1534.545	172.1464	1.355724	0.8079094
7608	-1368.87	-1540.892	172.0212	1.497483	0.7856797
7614	-1360.705	-1532.602	171.8968	1.649111	0.7464989
7620	-1362.314	-1534.53	172.2163	1.270789	0.8273683
7626	-1364.428	-1536.697	172.2687	1.270789	0.7560971
7632	-1359.826	-1531.995	172.1698	1.270789	0.8832881
7638	-1359.805	-1532.938	173.1335	0.361601	0.8171432
7644	-1360.858	-1533.721	172.8631	0.6038561	0.8521318
7650	-1364.377	-1537.034	172.657	0.8177636	0.8426534
7656	-1363.138	-1536.401	173.2634	0.08504589	0.9827337
7662	-1362.383	-1535.118	172.7353	0.4529993	1.134625
7668	-1362.598	-1534.98	172.382	0.996505	0.9515645
7674	-1353.182	-1526.029	172.8471	0.5314521	0.9515645
7680	-1363.195	-1535.866	172.6711	0.4461631	1.196865
7686	-1371.205	-1544.122	172.9168	0.4461631	0.9677553
7692	-1367.917	-1540.931	173.0135	0.3729585	0.9431712
7698	-1370.266	-1543.119	172.8532	0.4704045	1.007645
7704	-1357.336	-1530.283	172.9467	0.2784415	1.101292
7710	-1361.821	-1534.807	172.9864	0.3837656	0.9603224
7716	-1370.79	-1542.594	171.804	1.672861	0.8401415
7722	-1367.97	-1540.891	172.9217	0.4177419	0.9918065
7728	-1371.329	-1542.987	171.6583	1.778089	0.8880708
7734	-1367.521	-1539.898	172.3774	1.099758	0.8397029
7740	-1372.554	-1545.818	173.2641	0.1658454	0.8954755
7746	-1354.803	-1527.722	172.9199	0.544124	0.8557122
7752	-1377.669	-1548.811	171.1423	2.089322	1.095375
7758	-1369.139	-1541.582	172.4429	1.058173	0.8093487
7764	-1361.307	-1533.797	172.4896	1.058173	0.7437457
7770	-1362.935	-1536.179	173.2438	0.111994	0.9751264
7776	-1361.884	-1534.796	172.9122	0.2709867	1.139182
7782	-1358.076	-1531.133	173.057	0.1295678	1.136193
7788	-1377.151	-1548.845	171.6942	1.696943	0.9381882
7794	-1376.826	-1549.291	172.465	0.9451396	0.9175326
7800	-1366.99	-1538.695	171.7044	1.705721	0.9175326
7806	-1374.223	-1547.432	173.2082	0.2019079	0.9175326
7812	-1367.334	-1540.447	173.1132	0.18807	1.029612
7818	-1361.773	-1534.984	173.2111	0.18807	0.9294831
7824	-1361.751	-1534.769	173.0177	0.07828331	1.214997
7830	-1360.548	-1533.885	173.337	0.0931783	0.8951773
7836	-1366.528	-1538.498	171.9702	1.531053	0.8091169
7842	-1365.337	-1537.848	172.5107	0.8962204	0.9210684
7848	-1374.717	-1547.234	172.5179	0.8962204	0.9131114
7854	-1370.545	-1543.085	172.5401	0.8962204	0.8881985
7860	-1376.857	-1549.386	172.5291	1.035173	0.7175071
7866	-1369.467	-1541.723	172.256	1.035173	1.039347
7872	-1362.709	-1535.637	172.9285	0.3810624	1.021487
7878	-1361.027	-1533.994	172.9678	0.2580623	1.100708
7884	-1355.208	-1528.306	173.0974	0.3495613	0.8759067
7890	-1359.223	-1531.584	172.3609	1.068741	0.8957841
7896	-1361.513	-1533.993	172.4797	0.9570416	0.8877207
7902	-1355.655	-1527.811	172.1553	1.398791	0.7339146
7908	-1370.219	-1542.669	172.4502	1.137043	0.6768292
7914	-1375.948	-1548.562	172.6142	0.9231205	0.7593527
7920	-1375.267	-1548.322	173.0547	0.3835893	0.8859068
7926	-1374.576	-1548.049	173.473	0.05898549	0.7669862
7932	-1366.925	-1540.036	173.1105	0.1426461	1.075464
7938	-1366.922	-1540.022	173.0994	0.2041545	1.027399
7944	-1365.006	-1538.291	173.2854	0.08935448	0.9555134
7950	-1360.506	-1533.593	173.087	0.2601988	0.9839381
7956	-1368.68	-1541.434	172.7543	0.6958109	0.8722046
7962	-1375.281	-1547.934	172.6524	0.7857758	0.886082
7968	-1372.287	-1545.042	172.7544	0.6587216	0.9142639
7974	-1358.742	-1530.786	172.0442	1.505318	0.7409435
7980	-1362.175	-1534.274	172.0989	1.376087	0.842423
7986	-1362.172	-1534.436	172.2637	1.217653	0.8344918
7992	-1368.003	-1540.733	172.7305	0.6899738	0.9060973
7998	-1358.518	-1531.78	173.2615	0.0525174	1.017117
8004	-1362.154	-1535.39	173.2355	0.006085351	1.086151
8010	-1366.477	-1539.268	172.791	0.2940696	1.224312
8016	-1376.181	-1548.788	172.6068	0.693432	1.030594
8022	-1370.709	-1543.925	173.216	0.1178908	0.9973456
8028	-1366.506	-1539.649	173.1429	0.3126772	0.8658442
8034	-1362.341	-1534.393	172.0516	1.44332	0.8173553
8040	-1367.697	-1539.673	171.9764	1.44332	0.9069117
8046	-1364.237	-1535.966	171.7287	1.737437	0.8532338
8052	-1370.554	-1542.015	171.4615	1.896767	0.972606
8058	-1373.472	-1546.078	172.6065	0.9509382	0.7285685
8064	-1379.581	-1552.362	172.7815	0.7054444	0.8275388
8070	-1368.961	-1541.715	172.7539	0.8471436	0.6488569
8076	-1371.878	-1544.01	172.132	1.415576	0.7439602
8082	-1368.311	-1541.263	172.9521	0.378833	1.000308
8088	-1379.899	-1552.777	172.8784	0.5641841	0.8809786
8094	-1368.128	-1541.258	173.1303	0.08994624	1.10577
8100	-1365.742	-1539.036	173.2949	0.02006523	1.016228
8106	-1358.825	-1531.903	173.0778	0.07898358	1.162594
8112	-1360.346	-1533.404	173.0577	0.06390137	1.19309
8118	-1370.231	-1543.278	173.0476	0.3017729	0.9816959
8124	-1361.177	-1534.257	173.0801	0.263859	0.9872516
8130	-1365.339	-1538.362	173.0226	0.2187292	1.086424
8136	-1369.466	-1542.596	173.1292	0.2114953	0.9904995
8142	-1369.778	-1543.042	173.2638	0.08005583	0.9873756
8148	-1367.341	-1540.5	173.1593	0.05855876	1.107965
8154	-1366.36	-1539.631	173.2711	0.03743775	1.022475
8160	-1372.663	-1545.453	172.7897	0.6353268	0.9009768
8166	-1363.26	-1536.639	173.3793	0.06062444	0.8840772
8172	-1354.999	-1528.118	173.1195	0.1144273	1.093242
8178	-1354.253	-1526.963	172.7093	0.6272767	0.9947316
8184	-1353.881	-1527.18	173.2987	0.02498824	1.007584
8190	-1351.822	-1524.799	172.9768	0.2393661	1.109494
8196	-1353.829	-1527.068	173.239	0.07886143	1.013377
8202	-1355.708	-1529.003	173.295	0.09509469	0.9393166
8208	-1352.215	-1524.504	172.2888	1.081055	0.9606828
8214	-1359.685	-1532.904	173.2191	0.09256739	1.019438
8220	-1365.263	-1538.523	173.2604	0.05129102	1.019438
8226	-1362.454	-1535.575	173.1216	0.1980302	1.011629
8232	-1369.714	-1542.736	173.0219	0.2917145	1.017499
8238	-1365.858	-1539.086	173.228	0.08559488	1.017499
8244	-1358.724	-1531.959	173.2352	0.2154607	0.8716186
8250	-1361.098	-1534.476	173.378	0.04396435	0.9044212
8256	-1358.703	-1532.127	173.4239	0.04396435	0.85105
8262	-1355.249	-1528.16	172.9112	0.3571895	1.061135
8268	-1356.787	-1529.708	172.9214	0.3199657	1.086371
8274	-1374.471	-1546.358	171.8875	1.660745	0.7429967
8280	-1364.59	-1536.563	171.9725	1.575518	0.7433394
8286	-1365.365	-1538.441	173.0761	0.2726103	0.9824378
8292	-1375.395	-1546.703	171.3074	2.10995	0.9096075
8298	-1376.317	-1548.42	172.1028	1.349575	0.8695346
8304	-1368.9	-1541.955	173.0542	0.2729537	1.004082
8310	-1364.1	-1537.298	173.198	0.08761938	1.04473
8316	-1379.6	-1552.811	173.2105	0.07505299	1.04473
8322	-1363.317	-1536.66	173.3436	0.03968587	0.9465572
8328	-1367.182	-1540.441	173.2591	0.04811556	1.023835
8334	-1369.211	-1541.992	172.7812	0.4444693	1.100883
8340	-1365.948	-1539.1	173.1527	0.03506604	1.135139
8346	-1368.749	-1542.165	173.4158	0.01443517	0.8950948
8352	-1367.627	-1540.912	173.285	0.1825841	0.8513772
8358	-1368.055	-1540.04	171.9848	1.596764	0.6875941
8364	-1375.725	-1548.889	173.1643	0.02311584	1.135471
8370	-1368.011	-1538.799	170.7878	2.430713	1.107353
8376	-1362.514	-1533.295	170.7811	2.430713	1.11349
8382	-1359.21	-1532.491	173.2804	0.1591616	0.8844798
8388	-1358.701	-1531.857	173.1558	0.2150135	0.9595846
8394	-1359.391	-1532.536	173.1448	0.2150135	0.9710899
8400	-1356.778	-1529.785	173.0067	0.2150135	1.104462
8406	-1359.961	-1532.805	172.844	0.3680361	1.113241
8412	-1360.252	-1533.49	173.238	0.08942447	1.003878
8418	-1364.529	-1537.756	173.2264	0.07509126	1.029349
8424	-1366.29	-1539.243	172.9526	0.2721904	1.10169
8430	-1367.917	-1540.977	173.0606	0.164141	1.10169
8436	-1359.848	-1532.985	173.137	0.09064576	1.099072
8442	-1361.514	-1534.425	172.9106	0.3319298	1.085302
8448	-1360.058	-1533.265	173.207	0.1497236	0.9742587
8454	-1372.698	-1541.772	169.0736	2.788641	2.107197
8460	-1366.65	-1535.461	168.8112	2.788641	2.277189
8466	-1380.058	-1549.111	169.0531	2.788641	2.1206
8472	-1364.739	-1537.623	172.8834	0.3474431	1.096132
8478	-1354.087	-1526.592	172.5052	0.9783183	0.8318038
8484	-1354.324	-1526.959	172.6345	0.8271072	0.8585789
8490	-1362.61	-1531.241	168.6317	2.764013	2.406981
8496	-1358.175	-1527.109	168.9345	2.764013	2.213704
8502	-1363.066	-1535.383	172.3175	1.177987	0.8166102
8508	-1359.852	-1532.626	172.7745	0.5604907	0.9962887
8514	-1354.817	-1527.797	172.9803	0.3644066	0.9864413
8520	-1353.286	-1526.402	173.1157	0.1206184	1.091097
8526	-1359.498	-1532.706	173.2074	0.02890169	1.091097
8532	-1376.347	-1546.221	169.8736	2.737897	1.592538
8538	-1363.362	-1532.092	168.73	2.737897	2.361296
8544	-1358.785	-1528.202	169.417	2.737897	1.912352
8550	-1365.636	-1538.964	173.3278	0.002791921	1.000706
8556	-1363.314	-1536.522	173.2079	0.02160389	1.097373
8562	-1374.325	-1544.179	169.8546	2.737897	1.606417
8568	-1368.296	-1537.212	168.9163	2.737897	2.24231
8574	-1351.202	-1524.236	173.0341	0.09345947	1.188007
8580	-1357.978	-1530.847	172.8691	0.09790635	1.321517
8586	-1358.593	-1531.631	173.0383	0.4013669	0.8843198
8592	-1348.554	-1521.858	173.3039	0.1412417	0.8780002
8598	-1348.15	-1521.13	172.9797	0.1240768	1.208396
8604	-1347.051	-1520.176	173.1252	0.2170417	0.9889328
8610	-1351.416	-1524.693	173.2769	0.03165624	1.022469
8616	-1351.365	-1524.384	173.0191	0.1390135	1.161436
8622	-1354.758	-1527.848	173.0898	0.219871	1.021377
8628	-1352.335	-1525.425	173.0898	0.219871	1.021377
8634	-1357.567	-1530.496	172.9288	0.2134982	1.175253
8640	-1362.751	-1535.964	173.2133	0.07477158	1.042318
8646	-1359.542	-1532.54	172.9982	0.2532923	1.07698
8652	-1369.443	-1542.538	173.0949	0.1663325	1.067823
8658	-1364.105	-1536.95	172.8449	0.5434537	0.9411147
8664	-1366.538	-1539.761	173.2231	0.1235501	0.9845054
8670	-1370.684	-1543.662	172.978	0.3978205	0.9543651
8676	-1366.344	-1539.395	173.0511	0.3204427	0.9588917
8682	-1375.358	-1548.354	172.996	0.5073531	0.8063725
8688	-1372.589	-1545.237	172.6478	0.8917971	0.7560201
8694	-1368.857	-1541.033	172.1758	1.358415	0.763852
8700	-1361.593	-1534.483	172.8894	0.4199879	1.021661
8706	-1371.992	-1544.968	172.9766	0.2875866	1.065097
8712	-1366.504	-1539.592	173.0889	0.05932445	1.170079
8718	-1357.673	-1530.723	173.0495	0.1156613	1.155166
8724	-1359.577	-1532.777	173.2004	0.09649258	1.033813
8730	-1352.309	-1525.451	173.1417	0.1046757	1.081732
8736	-1348.202	-1521.011	172.8089	0.4493202	1.070666
8742	-1348.905	-1521.895	172.9898	0.3380576	1.003442
8748	-1355.703	-1528.769	173.0661	0.2007251	1.062566
8754	-1354.365	-1527.213	172.8475	0.6110129	0.8623489
8760	-1351.068	-1523.812	172.7438	0.6848877	0.8968411
8766	-1356.821	-1529.801	172.9799	0.2690258	1.079392
8772	-1365.172	-1538.209	173.0368	0.2690258	1.025121
8778	-1354.932	-1527.78	172.8484	0.5673197	0.9113478
8784	-1364.957	-1537.634	172.6767	0.8732133	0.7404764
8790	-1371.853	-1544.479	172.626	0.886068	0.7947049
8796	-1361.427	-1534.13	172.7035	0.8519792	0.731785
8802	-1365.137	-1537.847	172.71	0.8519792	0.7213203
8808	-1364.667	-1537.757	173.0899	0.3488431	0.8854674
8814	-1365.612	-1538.602	172.9898	0.3966231	0.9431381
8820	-1381.765	-1554.802	173.0364	0.2642451	1.030229
8826	-1380.387	-1552.883	172.4966	0.8039707	1.030229
8832	-1373.101	-1545.881	172.7809	0.4293273	1.114946
8838	-1374.137	-1546.763	172.6255	0.8037974	0.8961859
8844	-1372.741	-1544.549	171.8079	1.589043	0.9318803
8850	-1374.321	-1546.887	172.5665	0.9355824	0.8080137
8856	-1363.576	-1536.581	173.0046	0.4638399	0.8503366
8862	-1363.97	-1536.893	172.9232	0.3238504	1.081099
8868	-1370.701	-1543.66	172.9589	0.202704	1.158318
8874	-1365.563	-1538.51	172.9464	0.3117142	1.070741
8880	-1365.239	-1538.284	173.0443	0.1672684	1.113666
8886	-1361.417	-1534.663	173.246	0.0370165	1.047207
8892	-1365.523	-1538.677	173.1542	0.1243305	1.051428
8898	-1363.322	-1536.19	172.8686	0.5900847	0.8620797
8904	-1364.259	-1537.306	173.0477	0.4067443	0.8671501
8910	-1365.645	-1538.676	173.0314	0.3079936	0.9918855
8916	-1369.916	-1542.954	173.0381	0.09483896	1.183372
8922	-1355.297	-1528.13	172.8331	0.6560981	0.8246404
8928	-1357.708	-1529.664	171.9556	1.472479	0.8976011
8934	-1368.94	-1542.25	173.3108	0.03306857	0.9873413
8940	-1356.466	-1529.753	173.2877	0.03025631	1.013259
8946	-1367.574	-1540.84	173.2658	0.08705345	0.9781541
8952	-1358.411	-1531.483	173.0718	0.1947148	1.062843
8958	-1352.788	-1525.542	172.7544	0.470971	1.101106
8964	-1355.95	-1528.836	172.886	0.5062738	0.9369155
8970	-1352.979	-1526.231	173.252	0.004750978	1.072101
8976	-1351.085	-1524.337	173.252	0.004750978	1.072101
8982	-1351.866	-1525.242	173.3759	0.0007587775	0.953521
8988	-1349.24	-1522.49	173.2497	0.0001062088	1.078513
8994	-1365.798	-1539.018	173.2194	0.02326689	1.085203
9000	-1364.731	-1537.835	173.1047	0.0007393142	1.207017
9006	-1368.977	-1542.297	173.3202	0.002005454	1.009077
9012	-1355.861	-1529.209	173.348	0.01073799	0.9721652
9018	-1367.89	-1541.068	173.1783	0.02573327	1.120545
9024	-1361.911	-1535.06	173.149	0.05825353	1.117629
9030	-1369.32	-1542.261	172.9415	0.2295555	1.149989
9036	-1363.064	-1535.947	172.8827	0.1685314	1.252668
9042	-1371.421	-1544.271	172.85	0.2678668	1.196336
9048	-1360.685	-1533.714	173.0296	0.3051329	0.9965242
9054	-1363.165	-1536.13	172.965	0.3761779	0.9900481
9060	-1377.938	-1550.868	172.9301	0.5337705	0.8559319
9066	-1366.316	-1539.05	172.7343	0.6794881	0.9135262
9072	-1369.735	-1542.388	172.6528	0.7267271	0.9504449
9078	-1357.68	-1528.738	171.0576	2.150304	1.117038
9084	-1373.984	-1544.878	170.8945	2.150304	1.258039
9090	-1383.792	-1554.809	171.0164	2.150304	1.153805
9096	-1385.981	-1556.828	170.8472	2.150304	1.296859
9102	-1372.168	-1543.136	170.968	2.150304	1.196009
9108	-1379.693	-1552.712	173.0194	0.144528	1.156305
9114	-1367.182	-1540.137	172.9549	0.3513197	1.024729
9120	-1366.67	-1539.962	173.292	0.1780754	0.8483616
9126	-1369.962	-1543.025	173.063	0.3399255	0.9254421
9132	-1369.929	-1542.968	173.0389	0.3930186	0.8932175
