Iteration	Posterior	Likelihood	Prior	tree_length
0	-647.841	-821.0423	173.2013	1.123007
6	-641.3643	-814.5484	173.184	1.138482
12	-650.7037	-824.0228	173.3192	1.012054
18	-638.6487	-811.7654	173.1166	1.197397
24	-642.2582	-815.3817	173.1235	1.191483
30	-651.1148	-823.9203	172.8056	1.447913
36	-653.5819	-826.4529	172.871	1.397507
42	-639.9364	-813.0308	173.0945	1.216308
48	-644.9832	-818.0261	173.0429	1.259615
54	-637.7416	-810.6332	172.8916	1.381371
60	-640.5423	-813.6134	173.071	1.236099
66	-645.6502	-818.4487	172.7985	1.453312
72	-654.0061	-827.3525	173.3464	0.9847608
78	-639.9324	-813.2058	173.2734	1.056375
84	-644.6486	-817.9841	173.3354	0.9958312
90	-634.1069	-807.27	173.1631	1.157042
96	-638.6875	-811.8696	173.182	1.140232
102	-632.3058	-805.4879	173.182	1.140232
108	-638.6608	-811.8097	173.1488	1.169517
114	-645.0016	-817.8192	172.8176	1.438727
120	-647.5107	-820.481	172.9703	1.31892
126	-635.9884	-809.2156	173.2273	1.099389
132	-644.2801	-817.6549	173.3748	0.9554351
138	-648.1695	-821.5099	173.3405	0.9907756
144	-652.0162	-825.0931	173.0769	1.231194
150	-639.5603	-812.5289	172.9686	1.320259
156	-654.9371	-827.6512	172.7141	1.516966
162	-642.7806	-815.7778	172.9971	1.297159
168	-649.9622	-823.1337	173.1715	1.149596
174	-655.4081	-828.4128	173.0046	1.291044
180	-654.7173	-827.6822	172.9649	1.323211
186	-652.8761	-825.9336	173.0575	1.247425
192	-636.3768	-809.4973	173.1205	1.194099
198	-643.9196	-817.1813	173.2617	1.067369
204	-643.4766	-816.6907	173.2141	1.111391
210	-636.9214	-810.0136	173.0922	1.218233
216	-638.787	-811.7992	173.0122	1.284852
222	-632.9473	-806.1842	173.2369	1.0905
228	-634.336	-807.6072	173.2712	1.058415
234	-630.4218	-803.362	172.9402	1.34301
240	-633.2312	-806.5433	173.3121	1.019023
246	-637.2529	-810.1642	172.9114	1.365854
252	-636.2112	-809.5274	173.3162	1.014962
258	-641.4743	-814.9163	173.4419	0.8817661
264	-652.32	-825.5464	173.2264	1.100179
270	-644.9099	-818.2517	173.3418	0.9894303
276	-643.7821	-816.9675	173.1854	1.137247
282	-645.5929	-818.8745	173.2817	1.048481
288	-636.4272	-809.7449	173.3177	1.013495
294	-651.4318	-824.5665	173.1348	1.181759
300	-662.4453	-835.277	172.8317	1.427873
306	-668.889	-842.0238	173.1348	1.181748
312	-654.2133	-827.6893	173.476	0.8410967
318	-658.8606	-831.9361	173.0755	1.23234
324	-646.997	-820.2681	173.2712	1.058471
330	-641.1009	-814.477	173.3761	0.9541013
336	-640.4836	-813.8383	173.3547	0.9762856
342	-646.2779	-819.474	173.1961	1.127631
348	-644.0785	-816.831	172.7525	1.488186
354	-636.2753	-809.5738	173.2985	1.032291
360	-637.648	-810.7944	173.1464	1.171649
366	-644.158	-817.3252	173.1673	1.153348
372	-641.238	-814.2177	172.9797	1.311291
378	-642.1111	-815.2341	173.123	1.191941
384	-654.6303	-827.8588	173.2285	1.098239
390	-642.2327	-815.3066	173.074	1.233654
396	-652.7208	-826.0083	173.2875	1.042903
402	-644.3221	-817.5127	173.1906	1.132591
408	-644.8493	-818.0453	173.196	1.127756
414	-637.9688	-811.0882	173.1194	1.195
420	-639.153	-812.3938	173.2408	1.086907
426	-642.0186	-814.9423	172.9237	1.356104
432	-650.4635	-823.349	172.8855	1.386165
438	-643.6917	-817.0626	173.3709	0.9595912
444	-640.3933	-813.3599	172.9666	1.321887
450	-650.7548	-823.5511	172.7963	1.454955
456	-648.4631	-821.6344	173.1713	1.149767
462	-649.6857	-822.8902	173.2045	1.120063
468	-648.0521	-821.3237	173.2716	1.058051
474	-649.3909	-822.1576	172.7667	1.477428
480	-645.4011	-818.7412	173.3401	0.9911487
486	-639.0376	-812.2865	173.2489	1.079431
492	-635.5412	-808.8123	173.2711	1.058567
498	-639.2007	-812.5063	173.3056	1.025366
504	-632.1425	-805.4403	173.2978	1.032906
510	-638.0193	-810.9715	172.9522	1.33343
516	-647.6293	-820.5606	172.9313	1.350055
522	-646.7649	-819.8955	173.1306	1.185347
528	-641.1112	-814.3638	173.2526	1.075943
534	-633.2625	-806.2545	172.992	1.301346
540	-628.5717	-801.635	173.0633	1.242568
546	-626.4276	-799.676	173.2484	1.079836
552	-640.7426	-814.165	173.4224	0.9039568
558	-649.0561	-822.0774	173.0214	1.277359
564	-638.0629	-811.1865	173.1236	1.191413
570	-646.9382	-820.1992	173.261	1.068107
576	-636.0935	-809.3844	173.2908	1.039708
582	-634.4307	-807.3582	172.9275	1.353072
588	-632.1647	-805.21	173.0452	1.257642
594	-644.1965	-817.2603	173.0638	1.242185
600	-635.5491	-808.6128	173.0638	1.242185
606	-638.8026	-811.7824	172.9797	1.311272
612	-636.5356	-809.8957	173.3602	0.9706764
618	-640.0319	-813.2498	173.2179	1.107943
624	-647.1982	-820.4161	173.2179	1.107943
630	-634.0468	-807.1667	173.1199	1.194564
636	-631.013	-804.1607	173.1478	1.17046
642	-638.0107	-811.0978	173.0871	1.222559
648	-633.3088	-806.6491	173.3404	0.9908678
654	-646.4734	-819.5433	173.07	1.237005
660	-638.5118	-811.5817	173.07	1.237005
666	-648.5684	-821.6785	173.1101	1.202982
672	-646.0887	-819.1989	173.1101	1.202982
678	-651.7827	-824.7238	172.9411	1.342286
684	-648.0967	-821.2404	173.1437	1.174012
690	-651.685	-824.6377	172.9528	1.332945
696	-654.0747	-827.1564	173.0817	1.227171
702	-653.0189	-826.1648	173.1459	1.172099
708	-655.3511	-827.9338	172.5827	1.61346
714	-645.0932	-817.8048	172.7116	1.51879
720	-652.528	-825.6405	173.1125	1.20094
726	-649.4953	-822.6884	173.1931	1.130329
732	-656.0442	-829.1858	173.1416	1.175838
738	-637.3577	-810.4578	173.1001	1.211551
744	-636.2053	-809.3057	173.1003	1.211329
750	-643.681	-816.6608	172.9798	1.311188
756	-648.9005	-822.1561	173.2556	1.073146
762	-639.1619	-812.1912	173.0292	1.270869
768	-653.2322	-826.6228	173.3907	0.9386614
774	-641.131	-814.5217	173.3907	0.9386614
780	-635.4793	-808.5159	173.0366	1.264762
786	-637.0229	-810.1988	173.1759	1.145723
792	-636.4523	-809.6282	173.1759	1.145723
798	-635.6148	-808.7907	173.1759	1.145723
804	-635.1291	-808.3433	173.2142	1.111314
810	-626.7107	-799.6163	172.9056	1.370427
816	-633.7644	-806.6699	172.9056	1.370427
822	-639.794	-812.9242	173.1303	1.185664
828	-630.6129	-803.6317	173.0188	1.279501
834	-634.9472	-808.1862	173.2391	1.088527
840	-632.8609	-806.1628	173.3019	1.028992
846	-635.8278	-809.0822	173.2544	1.074246
852	-639.3894	-812.7478	173.3584	0.9725152
858	-638.68	-811.881	173.201	1.123251
864	-650.9906	-824.1424	173.1518	1.166896
870	-634.7002	-807.8635	173.1633	1.15682
876	-635.1226	-808.399	173.2764	1.053468
882	-636.1355	-809.5259	173.3904	0.938959
888	-637.9275	-811.0689	173.1415	1.175957
894	-644.8394	-817.6943	172.8549	1.409942
900	-643.2206	-816.0988	172.8782	1.391846
906	-634.1135	-807.2245	173.111	1.202198
912	-637.1843	-810.3803	173.196	1.127737
918	-641.1334	-814.4639	173.3305	1.000827
924	-635.0604	-808.1259	173.0655	1.240771
930	-638.1826	-811.248	173.0655	1.240771
936	-648.3436	-821.411	173.0674	1.239183
942	-632.2009	-805.2682	173.0674	1.239183
948	-639.4116	-812.5192	173.1076	1.205124
954	-633.5918	-806.4613	172.8695	1.398645
960	-635.2318	-808.3212	173.0893	1.220682
966	-636.7401	-809.9802	173.2402	1.087505
972	-633.5274	-806.6946	173.1672	1.153426
978	-628.4121	-801.4399	173.0278	1.272055
984	-640.9829	-813.8801	172.8972	1.37702
990	-661.0188	-834.1995	173.1806	1.141493
996	-663.1649	-836.2584	173.0935	1.217156
1002	-655.041	-828.3604	173.3194	1.0118
1008	-657.5798	-830.1843	172.6045	1.597677
1014	-645.7175	-819.0827	173.3651	0.9655513
1020	-647.068	-820.2115	173.1435	1.174139
1026	-649.0742	-822.0387	172.9645	1.323524
1032	-645.1559	-818.2091	173.0533	1.250955
1038	-637.6614	-810.7963	173.1349	1.181622
1044	-636.2483	-809.3608	173.1126	1.200885
1050	-636.6261	-809.697	173.071	1.236176
1056	-638.03	-811.139	173.109	1.203965
1062	-646.6425	-819.6885	173.046	1.257025
1068	-647.3002	-820.6775	173.3774	0.9527531
1074	-650.2104	-823.5667	173.3563	0.9747004
1080	-651.3783	-824.6992	173.3209	1.010359
1086	-640.9165	-814.324	173.4074	0.9204966
1092	-640.4629	-813.3004	172.8375	1.423429
1098	-647.4596	-820.284	172.8244	1.433524
1104	-650.2473	-823.3301	173.0828	1.226209
1110	-649.1251	-822.0567	172.9316	1.349806
1116	-643.8699	-817.1467	173.2769	1.05307
1122	-640.892	-814.2688	173.3767	0.9534512
1128	-643.3746	-816.6162	173.2416	1.086144
1134	-642.6045	-815.6507	173.0462	1.256821
1140	-657.4042	-830.7011	173.2968	1.033876
1146	-647.3493	-820.4576	173.1083	1.204581
1152	-648.9917	-822.4732	173.4815	0.8343275
1158	-645.8324	-819.1095	173.2771	1.052817
1164	-644.3652	-817.4962	173.131	1.18503
1170	-637.0283	-810.1592	173.131	1.18503
1176	-636.0036	-809.3028	173.2992	1.031584
1182	-649.8218	-822.8449	173.0231	1.275937
1188	-634.5225	-807.5975	173.075	1.232817
1194	-638.6098	-811.4761	172.8664	1.401082
1200	-635.7396	-808.6574	172.9178	1.360792
1206	-631.71	-805.1046	173.3946	0.9343818
1212	-638.5379	-811.6136	173.0757	1.232154
1218	-629.1213	-802.2359	173.1146	1.199128
1224	-640.5018	-813.7799	173.2781	1.0519
1230	-630.6439	-803.8845	173.2406	1.087091
1236	-644.498	-817.6599	173.1619	1.158087
1242	-644.1977	-816.8826	172.6849	1.538643
1248	-649.7538	-822.6276	172.8738	1.395313
1254	-646.3957	-819.3985	173.0029	1.292503
1260	-635.9543	-809.2845	173.3302	1.001104
1266	-635.5991	-808.9209	173.3218	1.009416
1272	-633.0059	-805.7929	172.787	1.462046
1278	-636.821	-809.7889	172.9679	1.3208
1284	-640.4052	-813.4953	173.0901	1.220057
1290	-635.2659	-808.5411	173.2753	1.054579
1296	-638.2876	-811.531	173.2434	1.084494
1302	-645.8855	-819.253	173.3675	0.9630534
1308	-642.4605	-815.6783	173.2178	1.108008
1314	-640.9962	-813.8403	172.8441	1.418334
1320	-653.126	-826.2429	173.1169	1.197158
1326	-639.6744	-812.8644	173.1899	1.133181
1332	-638.9651	-812.2036	173.2386	1.088984
1338	-637.9395	-811.0033	173.0637	1.242215
1344	-637.6955	-810.9802	173.2847	1.045553
1350	-630.8012	-803.8567	173.0555	1.249067
1356	-626.0812	-799.0379	172.9567	1.329826
1362	-632.6997	-806.0022	173.3025	1.028373
1368	-640.9756	-814.104	173.1284	1.187269
1374	-649.7408	-822.956	173.2152	1.110371
1380	-645.7119	-818.7803	173.0684	1.238358
1386	-633.1781	-806.2729	173.0948	1.216055
1392	-642.8549	-815.8888	173.0339	1.267065
1398	-642.7852	-816.2083	173.4231	0.9032012
1404	-648.2229	-821.4165	173.1936	1.129934
1410	-638.5518	-811.6028	173.051	1.252864
1416	-641.4406	-814.3899	172.9493	1.335763
1422	-641.1077	-814.26	173.1523	1.166487
1428	-640.61	-813.7062	173.0962	1.214824
1434	-646.959	-819.8906	172.9316	1.349804
1440	-644.6743	-817.7348	173.0605	1.244929
1446	-653.2723	-826.5465	173.2742	1.055606
1452	-647.7439	-820.6018	172.8579	1.40769
1458	-635.719	-808.7524	173.0335	1.267391
1464	-644.4554	-817.6547	173.1993	1.124795
1470	-649.0983	-822.2976	173.1993	1.124795
1476	-641.892	-814.7295	172.8375	1.423406
1482	-653.8928	-827.0352	173.1424	1.17511
1488	-653.4209	-826.8097	173.3888	0.9406974
1494	-647.3206	-820.5664	173.2458	1.082245
1500	-648.3298	-821.7215	173.3917	0.9375951
1506	-636.9865	-810.2926	173.3061	1.024872
1512	-631.9956	-805.0015	173.0059	1.290007
1518	-624.818	-797.8239	173.0059	1.290007
1524	-630.1223	-803.2478	173.1256	1.189727
1530	-639.5894	-812.9062	173.3168	1.014352
1536	-658.9798	-832.1784	173.1986	1.12542
1542	-650.6919	-823.4106	172.7187	1.513534
1548	-646.9983	-820.2086	173.2103	1.114893
1554	-637.233	-810.3899	173.1569	1.162444
1560	-646.4359	-819.5928	173.1569	1.162444
1566	-640.6944	-813.9151	173.2208	1.105334
1572	-647.5498	-820.4192	172.8694	1.398691
1578	-646.8191	-820.168	173.349	0.9821676
1584	-646.1154	-819.2955	173.1801	1.141965
1590	-648.8834	-821.9286	173.0453	1.25763
1596	-641.5245	-814.2462	172.7218	1.511206
1602	-649.88	-822.9404	173.0604	1.245056
1608	-645.8586	-818.9189	173.0604	1.245056
1614	-651.7424	-824.7849	173.0424	1.259963
1620	-648.0842	-821.2009	173.1167	1.197315
1626	-652.0241	-825.1817	173.1576	1.161881
1632	-647.0485	-820.386	173.3374	0.9938211
1638	-646.8389	-820.0229	173.184	1.138515
1644	-636.8742	-810.1536	173.2793	1.05071
1650	-636.7971	-810.1013	173.3042	1.026709
1656	-636.2123	-809.274	173.0618	1.243877
1662	-650.5686	-823.3892	172.8207	1.436369
1668	-650.9843	-823.805	172.8207	1.436369
1674	-651.3889	-824.6381	173.2492	1.079106
1680	-650.739	-824.1251	173.3861	0.9434739
1686	-646.4793	-819.752	173.2727	1.057032
1692	-636.5138	-809.8943	173.3805	0.9494727
1698	-639.3534	-812.2831	172.9296	1.351381
1704	-637.6121	-810.7405	173.1284	1.187301
1710	-637.9153	-811.1172	173.2019	1.122438
1716	-634.3858	-807.3919	173.0061	1.289872
1722	-631.1921	-804.2131	173.021	1.277655
1728	-642.6762	-815.7618	173.0856	1.22385
1734	-653.1146	-826.2823	173.1677	1.152915
1740	-637.885	-810.8516	172.9666	1.321836
1746	-629.8064	-803.1605	173.3541	0.9769325
1752	-629.7834	-802.8537	173.0702	1.236801
1758	-641.4249	-814.654	173.2291	1.097742
1764	-634.4363	-807.6309	173.1946	1.129033
1770	-652.4273	-825.7955	173.3681	0.9624198
1776	-645.9309	-819.1729	173.242	1.085768
1782	-655.5028	-828.5564	173.0536	1.250667
1788	-648.404	-821.1852	172.7811	1.466536
1794	-654.4604	-827.1266	172.6662	1.55247
1800	-643.5699	-816.3848	172.8149	1.440808
1806	-649.3718	-822.5875	173.2157	1.109959
1812	-651.565	-824.4592	172.8942	1.37936
1818	-661.9069	-834.8011	172.8942	1.37936
1824	-659.0705	-832.2418	173.1714	1.149705
1830	-653.8648	-826.9065	173.0417	1.260535
1836	-651.2365	-824.466	173.2295	1.097319
1842	-648.8653	-821.9392	173.074	1.233623
1848	-648.2429	-821.0987	172.8558	1.409287
1854	-645.3565	-818.4572	173.1007	1.211005
1860	-654.6061	-827.8654	173.2593	1.069636
1866	-644.2122	-817.5764	173.3642	0.966466
1872	-647.536	-820.726	173.1899	1.133199
1878	-650.4358	-823.4495	173.0136	1.2837
1884	-642.7129	-815.9884	173.2755	1.054329
1890	-642.7294	-816.0385	173.3091	1.021906
1896	-650.8347	-823.6417	172.807	1.446821
1902	-644.9952	-818.0256	173.0304	1.269947
1908	-641.8295	-815.0194	173.1899	1.133208
1914	-638.2367	-811.4266	173.1899	1.133208
1920	-642.9605	-816.1505	173.1899	1.133208
1926	-646.2732	-819.4218	173.1486	1.169733
1932	-634.2394	-807.4984	173.259	1.069958
1938	-655.918	-828.8601	172.9422	1.341428
1944	-649.4184	-822.5938	173.1754	1.146101
1950	-636.1512	-809.196	173.0448	1.25803
1956	-640.1153	-813.3367	173.2214	1.104769
1962	-640.4089	-813.1867	172.7777	1.469097
1968	-636.2723	-809.5742	173.3019	1.028984
1974	-631.6428	-804.9741	173.3312	1.000061
1980	-633.5971	-806.6466	173.0495	1.254086
1986	-628.5076	-801.8319	173.3242	1.007034
1992	-648.3004	-821.3964	173.096	1.215011
1998	-647.3855	-820.4642	173.0788	1.229616
2004	-642.5783	-815.3878	172.8094	1.444974
2010	-641.1176	-814.0022	172.8846	1.386836
2016	-631.2216	-804.536	173.3144	1.016716
2022	-645.854	-819.0565	173.2024	1.121965
2028	-641.5663	-814.7264	173.1601	1.15969
2034	-652.6336	-826.023	173.3893	0.9400816
2040	-648.8124	-821.8399	173.0275	1.272296
2046	-643.1123	-816.1398	173.0275	1.272296
2052	-648.8935	-822.1131	173.2196	1.106356
2058	-644.2332	-817.1786	172.9455	1.338783
2064	-648.5696	-821.8345	173.2648	1.064459
2070	-650.453	-823.3943	172.9414	1.342056
2076	-636.4474	-809.6887	173.2413	1.086439
2082	-648.5045	-821.841	173.3365	0.9947455
2088	-651.5396	-824.5895	173.0499	1.253796
2094	-649.8888	-822.963	173.0741	1.233509
2100	-641.2532	-814.2494	172.9962	1.29792
2106	-645.5992	-818.8636	173.2643	1.064921
2112	-641.9071	-814.9748	173.0677	1.238891
2118	-642.5278	-815.7889	173.2612	1.067921
2124	-648.3161	-821.549	173.233	1.09415
2130	-645.9801	-819.3908	173.4107	0.9169664
2136	-653.2689	-826.0376	172.7687	1.475945
2142	-648.553	-821.4513	172.8983	1.376167
2148	-648.8695	-822.089	173.2196	1.106433
2154	-652.2502	-825.2759	173.0257	1.273752
2160	-639.2129	-812.3193	173.1064	1.206186
2166	-637.045	-810.0854	173.0405	1.261604
2172	-650.5239	-823.7485	173.2246	1.101831
2178	-635.0015	-807.9736	172.9721	1.31746
2184	-644.1755	-817.0693	172.8938	1.379684
2190	-642.4743	-815.4457	172.9714	1.317991
2196	-642.3653	-815.567	173.2016	1.122678
2202	-637.8791	-811.109	173.2299	1.096943
2208	-653.3153	-826.3299	173.0146	1.282896
2214	-640.6555	-813.7785	173.123	1.191944
2220	-656.2559	-829.4442	173.1884	1.13459
2226	-635.7464	-808.9035	173.1571	1.162284
2232	-647.5255	-820.5946	173.0691	1.237758
2238	-644.1351	-817.3668	173.2317	1.095342
2244	-644.861	-818.1604	173.2994	1.031373
2250	-640.7325	-813.8093	173.0768	1.231246
2256	-646.6893	-819.7147	173.0254	1.274048
2262	-639.0685	-812.0863	173.0178	1.280298
2268	-646.3202	-819.3035	172.9833	1.308358
2274	-648.608	-821.5944	172.9864	1.305856
2280	-634.6194	-807.583	172.9636	1.324269
2286	-633.7773	-807.195	173.4177	0.9092216
2292	-654.3856	-827.2957	172.9101	1.36682
2298	-644.9165	-817.7881	172.8716	1.397012
2304	-634.6792	-807.6615	172.9822	1.309243
2310	-644.9059	-818.2948	173.3889	0.9405474
2316	-649.3581	-822.422	173.0639	1.242094
2322	-640.0486	-813.0109	172.9623	1.325337
2328	-642.6281	-815.8773	173.2492	1.079109
2334	-645.4541	-818.8376	173.3836	0.9462309
2340	-646.1893	-819.1552	172.9659	1.322427
2346	-636.5715	-809.6061	173.0346	1.266417
2352	-641.2831	-814.1113	172.8282	1.43059
2358	-641.4468	-814.7539	173.3071	1.023925
2364	-642.7542	-816.0173	173.2632	1.066039
2370	-636.2386	-809.5762	173.3376	0.9936458
2376	-645.5344	-818.1387	172.6042	1.597859
2382	-656.6278	-830.0269	173.399	0.9296394
2388	-650.4082	-823.4484	173.0402	1.261788
2394	-646.9364	-820.1541	173.2177	1.108106
2400	-651.3949	-824.5556	173.1607	1.159131
2406	-639.6573	-812.7641	173.1068	1.205824
2412	-649.1795	-822.1564	172.9768	1.313614
2418	-650.68	-823.6988	173.0188	1.279426
2424	-645.0653	-818.2136	173.1483	1.169995
2430	-638.8108	-811.9591	173.1483	1.169995
2436	-629.9686	-803.2465	173.2779	1.052055
2442	-627.1339	-800.1566	173.0227	1.276252
2448	-646.3157	-819.6728	173.3571	0.9738213
2454	-634.7373	-807.9281	173.1908	1.132385
2460	-645.5345	-818.8135	173.279	1.051064
2466	-648.7378	-822.1383	173.4005	0.9280594
2472	-642.4182	-815.4211	173.0029	1.292476
2478	-651.4059	-824.5685	173.1626	1.157446
2484	-649.1852	-822.2446	173.0594	1.245839
2490	-648.443	-821.575	173.132	1.18414
2496	-649.2976	-822.2455	172.9479	1.336832
2502	-658.9676	-832.1707	173.2032	1.121284
2508	-643.5869	-816.79	173.2032	1.121284
2514	-637.5192	-810.7223	173.2032	1.121284
2520	-649.6734	-822.7861	173.1128	1.200695
2526	-650.1786	-823.4884	173.3098	1.021289
2532	-648.7914	-822.0358	173.2443	1.083645
2538	-641.8646	-814.6631	172.7985	1.453319
2544	-639.8244	-813.0701	173.2457	1.082359
2550	-643.7854	-816.524	172.7386	1.498621
2556	-639.008	-812.4213	173.4133	0.9141101
2562	-659.6035	-832.622	173.0185	1.279716
2568	-644.4622	-817.7163	173.2541	1.074511
2574	-647.0987	-820.2085	173.1098	1.203226
2580	-645.7648	-819.0446	173.2798	1.050239
2586	-636.6286	-809.7406	173.112	1.201339
2592	-636.8543	-809.515	172.6607	1.556497
2598	-629.8748	-802.9738	173.099	1.212485
2604	-639.8959	-812.8556	172.9597	1.327417
2610	-641.3148	-814.4515	173.1367	1.180071
2616	-640.5255	-813.7237	173.1982	1.125766
2622	-640.5857	-813.7688	173.1831	1.139277
2628	-641.5312	-814.5048	172.9736	1.316211
2634	-645.9818	-819.089	173.1072	1.205439
2640	-637.2728	-810.6774	173.4046	0.9235678
2646	-632.9778	-806.1104	173.1326	1.183633
2652	-640.231	-813.208	172.977	1.313501
2658	-645.0981	-817.9241	172.826	1.43229
2664	-638.8123	-812.0439	173.2316	1.095374
2670	-637.3445	-810.6807	173.3362	0.9950681
2676	-638.8067	-812.193	173.3862	0.9434015
2682	-646.3539	-819.4939	173.14	1.177217
2688	-650.871	-824.3182	173.4472	0.8756354
2694	-632.6135	-805.7159	173.1024	1.209573
2700	-638.954	-811.7757	172.8218	1.435527
2706	-648.1666	-821.0386	172.872	1.396674
2712	-635.8171	-809.039	173.2219	1.104337
2718	-636.8507	-809.6961	172.8453	1.417373
2724	-636.0386	-809.2636	173.225	1.101504
2730	-630.6393	-803.9614	173.322	1.009227
2736	-629.8683	-802.9676	173.0992	1.212282
2742	-640.8688	-813.8347	172.9659	1.322421
2748	-644.7529	-818.1707	173.4178	0.9090989
2754	-642.6997	-815.8309	173.1313	1.184786
2760	-641.088	-814.1691	173.0811	1.227657
2766	-639.2883	-812.5014	173.2132	1.112256
2772	-641.7559	-814.9372	173.1813	1.14094
2778	-637.0104	-810.1256	173.1151	1.198703
2784	-633.3622	-806.4774	173.1151	1.198703
2790	-642.2117	-815.3909	173.1792	1.142795
2796	-643.8301	-816.9685	173.1384	1.17859
2802	-653.673	-826.4261	172.7531	1.487705
2808	-647.2745	-819.9467	172.6722	1.548002
2814	-644.8181	-818.1952	173.3771	0.9530495
2820	-645.4985	-818.8267	173.3281	1.003145
2826	-638.4457	-811.3031	172.8575	1.407974
2832	-643.2324	-816.1311	172.8987	1.3758
2838	-648.588	-821.9305	173.3425	0.9887177
2844	-645.1518	-818.4943	173.3425	0.9887177
2850	-656.8862	-830.1375	173.2513	1.077195
2856	-650.3093	-823.5605	173.2513	1.077195
2862	-645.4367	-818.4976	173.0609	1.244561
2868	-638.7988	-812.0649	173.2662	1.063194
2874	-645.4203	-818.4637	173.0435	1.259125
2880	-656.409	-829.6786	173.2696	1.059983
2886	-643.1778	-816.2133	173.0355	1.265721
2892	-649.2807	-822.4899	173.2092	1.115816
2898	-653.4703	-826.5469	173.0766	1.231429
2904	-640.4512	-813.5832	173.132	1.184179
2910	-628.5383	-801.6707	173.1324	1.183773
2916	-638.7815	-811.8137	173.0322	1.268473
2922	-635.8706	-809.0765	173.2059	1.118861
2928	-634.6821	-807.7025	173.0204	1.278151
2934	-638.6166	-811.637	173.0204	1.278151
2940	-630.459	-803.5988	173.1398	1.177409
2946	-641.4715	-814.7715	173.3	1.030777
2952	-631.4312	-804.519	173.0878	1.221952
2958	-642.8305	-815.9156	173.0851	1.224294
2964	-647.692	-820.8036	173.1117	1.201642
2970	-643.7005	-816.8203	173.1198	1.194685
2976	-656.2769	-829.4871	173.2102	1.114943
2982	-647.225	-819.8836	172.6586	1.558056
2988	-649.7493	-822.4079	172.6586	1.558056
2994	-638.8336	-811.6012	172.7676	1.476755
3000	-640.6614	-813.8925	173.2311	1.095867
3006	-643.4092	-816.5962	173.187	1.135806
3012	-637.0169	-810.1035	173.0866	1.222999
3018	-633.4809	-806.5192	173.0383	1.263426
3024	-640.6515	-813.6898	173.0383	1.263426
3030	-631.107	-803.9447	172.8377	1.423257
3036	-639.853	-812.9008	173.0478	1.255528
3042	-639.0691	-812.0519	172.9828	1.30878
3048	-645.7041	-818.876	173.172	1.149181
3054	-639.5632	-812.601	173.0378	1.263827
3060	-635.2914	-808.2528	172.9614	1.326079
3066	-648.3409	-821.5779	173.237	1.090466
3072	-637.9983	-811.0317	173.0334	1.267444
3078	-642.5167	-815.301	172.7843	1.46409
3084	-639.1173	-811.7948	172.6775	1.54411
3090	-639.9447	-813.0329	173.0882	1.221619
3096	-639.032	-812.2456	173.2136	1.111857
3102	-641.3659	-814.4813	173.1153	1.198533
3108	-644.4151	-816.9858	172.5707	1.622161
3114	-657.3303	-830.3336	173.0033	1.292126
3120	-652.6024	-825.7312	173.1288	1.186964
3126	-649.7873	-822.9887	173.2014	1.122926
3132	-647.0519	-820.3022	173.2503	1.078043
3138	-648.1335	-821.2672	173.1337	1.182706
3144	-645.7929	-818.7182	172.9254	1.354769
3150	-644.7986	-817.8542	173.0556	1.249037
3156	-628.8368	-801.9705	173.1337	1.18271
3162	-649.1533	-822.3136	173.1603	1.159472
3168	-653.3777	-826.6268	173.2491	1.079202
3174	-657.9515	-831.1292	173.1777	1.144088
3180	-651.4329	-824.5682	173.1352	1.181372
3186	-642.7392	-815.881	173.1418	1.175653
3192	-650.3137	-823.4401	173.1263	1.18906
3198	-652.4025	-825.5288	173.1263	1.18906
3204	-649.4885	-822.5348	173.0463	1.256746
3210	-658.5057	-831.5628	173.0571	1.247769
3216	-664.0545	-837.0817	173.0272	1.272555
3222	-653.0476	-826.0974	173.0498	1.253811
3228	-649.6523	-822.7896	173.1373	1.179566
3234	-652.3694	-825.3769	173.0075	1.288709
3240	-655.0549	-828.0142	172.9593	1.327735
3246	-653.9341	-826.9492	173.0151	1.282483
3252	-655.1087	-828.1333	173.0245	1.274741
3258	-642.479	-815.2571	172.7781	1.468857
3264	-639.9648	-813.0038	173.039	1.262823
3270	-638.5133	-811.5331	173.0198	1.278677
3276	-638.5846	-811.8796	173.2949	1.035741
3282	-638.8559	-811.808	172.9521	1.333483
3288	-643.24	-816.5687	173.3287	1.002619
3294	-645.2001	-817.9417	172.7416	1.496371
3300	-633.1423	-806.4279	173.2857	1.04464
3306	-631.55	-804.6874	173.1373	1.179551
3312	-643.2772	-816.5582	173.281	1.049109
3318	-648.0869	-821.3239	173.237	1.090426
3324	-637.1704	-810.3049	173.1345	1.181983
3330	-642.9373	-815.6566	172.7193	1.513068
3336	-631.3948	-804.2403	172.8455	1.417219
3342	-638.6751	-811.8335	173.1584	1.16115
3348	-635.3459	-808.4826	173.1367	1.180043
3354	-637.9367	-811	173.0633	1.242571
3360	-632.6445	-805.6051	172.9606	1.326648
3366	-637.0412	-810.1871	173.1458	1.172147
3372	-641.9502	-815.2616	173.3114	1.019686
3378	-639.1977	-812.3942	173.1965	1.127272
3384	-640.9416	-813.9158	172.9742	1.315742
3390	-651.0259	-824.1678	173.1419	1.175554
3396	-647.3837	-820.3914	173.0077	1.288553
3402	-645.2077	-818.5965	173.3887	0.9407207
3408	-647.2752	-820.4675	173.1923	1.131085
3414	-653.4924	-826.6847	173.1923	1.131085
3420	-643.0196	-816.1366	173.117	1.197115
3426	-638.242	-811.0565	172.8145	1.441127
3432	-640.4725	-813.7729	173.3004	1.030415
3438	-643.6118	-816.8738	173.2621	1.067072
3444	-645.0945	-818.257	173.1625	1.157562
3450	-637.236	-810.3985	173.1625	1.157562
3456	-640.6611	-813.9516	173.2905	1.040001
3462	-634.4646	-807.6526	173.188	1.134957
3468	-640.5632	-813.5703	173.0072	1.288992
3474	-642.9819	-816.3277	173.3458	0.9853768
3480	-644.6925	-817.9743	173.2818	1.048355
3486	-643.7098	-816.9473	173.2375	1.089946
3492	-633.3881	-806.4363	173.0482	1.255196
3498	-647.963	-821.1449	173.1819	1.140395
3504	-651.1576	-824.4804	173.3228	1.008458
3510	-640.5922	-813.8511	173.259	1.069983
3516	-647.1599	-820.4303	173.2704	1.059185
3522	-651.4251	-824.7261	173.301	1.029875
3528	-649.8815	-822.9421	173.0606	1.244808
3534	-643.9731	-816.8473	172.8742	1.395004
3540	-641.6804	-814.8501	173.1697	1.151222
3546	-645.2719	-818.5562	173.2842	1.046015
3552	-637.9843	-811.2685	173.2842	1.046015
3558	-632.5749	-805.7386	173.1637	1.156447
3564	-638.4734	-811.7589	173.2855	1.044811
3570	-639.6039	-812.9328	173.3288	1.002444
3576	-643.3193	-816.6482	173.3288	1.002444
3582	-647.3204	-820.2419	172.9215	1.357859
3588	-643.9835	-816.8989	172.9154	1.362643
3594	-641.5086	-814.6062	173.0976	1.213637
3600	-639.8514	-812.9932	173.1418	1.175631
3606	-652.905	-826.0468	173.1418	1.175631
3612	-649.249	-822.3218	173.0728	1.234612
3618	-643.8321	-817.1176	173.2856	1.044727
3624	-633.6176	-806.7078	173.0902	1.219958
3630	-637.4697	-810.3993	172.9296	1.351427
3636	-630.0082	-803.2236	173.2154	1.110218
3642	-637.1115	-810.2979	173.1864	1.136389
3648	-642.4505	-815.3662	172.9156	1.362491
3654	-648.8802	-822.2517	173.3716	0.958855
3660	-641.1573	-814.3651	173.2078	1.117146
3666	-646.5403	-819.7481	173.2078	1.117146
3672	-652.5264	-825.5657	173.0392	1.262613
3678	-646.9369	-820.0006	173.0636	1.242307
3684	-647.9716	-821.008	173.0363	1.265011
3690	-644.0547	-817.3117	173.257	1.071786
3696	-643.4308	-816.5177	173.0868	1.222796
3702	-639.8671	-813.1726	173.3055	1.025462
3708	-637.5134	-810.6159	173.1026	1.209436
3714	-638.3552	-811.5206	173.1654	1.154993
3720	-641.9984	-815.133	173.1345	1.18196
3726	-650.2235	-823.286	173.0625	1.243256
3732	-652.0709	-825.1334	173.0625	1.243256
3738	-642.2936	-815.5265	173.2329	1.094216
3744	-645.37	-818.5133	173.1433	1.17436
3750	-644.0162	-817.0799	173.0637	1.242283
3756	-643.967	-817.2201	173.2532	1.0754
3762	-642.0088	-815.2616	173.2528	1.075722
3768	-649.7531	-823.2167	173.4637	0.8561684
3774	-648.4522	-821.8355	173.3834	0.9464318
3780	-636.8706	-810.0275	173.1569	1.162428
3786	-639.5968	-812.5788	172.982	1.309429
3792	-639.8319	-813.1044	173.2725	1.05719
3798	-638.0871	-811.3709	173.2838	1.046447
3804	-640.738	-813.8038	173.0659	1.240429
3810	-654.2167	-827.5145	173.2978	1.032935
3816	-642.8549	-815.906	173.0511	1.25277
3822	-639.3651	-812.5792	173.2142	1.111344
3828	-638.9652	-812.1361	173.1709	1.150124
3834	-634.6699	-807.9245	173.2546	1.074067
3840	-646.6095	-819.7868	173.1774	1.14441
3846	-650.5046	-823.6876	173.183	1.139363
3852	-648.2662	-821.1946	172.9284	1.352396
3858	-645.3102	-818.5463	173.2362	1.091178
3864	-646.4962	-819.5631	173.0669	1.239598
3870	-640.1054	-813.4064	173.3011	1.029795
3876	-640.2631	-813.5587	173.2956	1.035039
3882	-648.9368	-821.9826	173.0458	1.257162
3888	-644.6106	-817.6051	172.9945	1.299308
3894	-646.8928	-820.1494	173.2566	1.072191
3900	-649.8152	-823.0226	173.2075	1.117432
3906	-647.3477	-820.5199	173.1723	1.14893
3912	-651.0937	-824.2499	173.1563	1.163007
3918	-662.2867	-835.3896	173.1028	1.209193
3924	-647.5134	-820.8286	173.3152	1.015911
3930	-665.4815	-838.377	172.8955	1.37833
3936	-662.7448	-835.1279	172.3831	1.755437
3942	-648.937	-821.6066	172.6695	1.550016
3948	-638.2891	-811.129	172.8399	1.421535
3954	-635.3338	-808.4299	173.0961	1.214911
3960	-637.6972	-810.5697	172.8726	1.396252
3966	-642.556	-815.571	173.015	1.282584
3972	-629.7786	-803.0777	173.2991	1.031718
3978	-632.2099	-805.5327	173.3227	1.008537
3984	-648.0666	-821.2588	173.1921	1.131222
3990	-632.8161	-805.842	173.0259	1.273614
3996	-648.1147	-821.2145	173.0998	1.21179
4002	-633.2038	-806.5367	173.3329	0.9983901
4008	-626.0752	-799.386	173.3108	1.020233
4014	-641	-814.2469	173.2468	1.081312
4020	-640.5732	-813.8201	173.2468	1.081312
4026	-645.3145	-818.1856	172.8711	1.397382
4032	-646.5674	-819.3532	172.7858	1.462992
4038	-642.5906	-815.5004	172.9097	1.36712
4044	-639.5746	-812.8522	173.2776	1.052391
4050	-642.4991	-815.3499	172.8508	1.413188
4056	-645.0275	-818.3205	173.293	1.037574
4062	-645.3437	-818.4557	173.112	1.201395
4068	-634.1159	-807.2761	173.1602	1.159534
4074	-638.3247	-811.7367	173.412	0.9155257
4080	-628.8028	-801.8194	173.0166	1.281292
4086	-632.7405	-805.8746	173.1341	1.182373
4092	-639.9245	-813.4414	173.5169	0.7882017
4098	-644.3783	-817.4696	173.0914	1.218943
4104	-634.0896	-807.0205	172.9309	1.350365
4110	-644.0239	-817.1912	173.1673	1.153315
4116	-656.2893	-829.2747	172.9855	1.306643
4122	-639.1344	-812.2065	173.072	1.235255
4128	-635.3433	-808.3494	173.0062	1.2898
4134	-659.0287	-832.3185	173.2898	1.040659
4140	-642.1531	-815.331	173.1779	1.143924
4146	-642.5528	-815.7962	173.2434	1.084512
4152	-648.9893	-822.2747	173.2853	1.044968
4158	-652.6272	-825.529	172.9018	1.37334
4164	-651.4551	-824.3408	172.8858	1.385948
4170	-637.7775	-810.8232	173.0458	1.257203
4176	-649.2801	-822.3671	173.087	1.222621
4182	-639.3445	-812.4315	173.087	1.222621
4188	-642.2776	-815.2736	172.996	1.29812
4194	-653.0824	-825.9947	172.9122	1.36517
4200	-641.9167	-815.1334	173.2167	1.109012
4206	-649.8196	-823.0787	173.2591	1.069887
4212	-647.4324	-820.4221	172.9897	1.303192
4218	-634.7713	-807.8796	173.1083	1.204537
4224	-645.4668	-818.5751	173.1083	1.204537
4230	-637.8645	-810.9737	173.1093	1.203723
4236	-641.5956	-815.0893	173.4937	0.8189477
4242	-643.7325	-816.889	173.1565	1.162841
4248	-642.0452	-815.298	173.2529	1.075701
4254	-639.8868	-812.9977	173.1109	1.202319
4260	-636.3354	-809.3051	172.9697	1.319341
4266	-637.1685	-810.1942	173.0257	1.27383
4272	-641.8909	-815.043	173.1522	1.16661
4278	-637.322	-810.3815	173.0595	1.245733
4284	-646.4868	-819.6223	173.1355	1.181118
4290	-644.3741	-817.6478	173.2737	1.056075
4296	-653.3595	-826.5216	173.1621	1.157904
4302	-640.1813	-813.2793	173.098	1.213343
4308	-655.7169	-828.9267	173.2098	1.115343
4314	-655.8991	-829.3138	173.4147	0.9125396
4320	-650.2037	-823.5501	173.3464	0.9848087
4326	-636.4593	-809.7252	173.2659	1.063442
4332	-642.3485	-815.6144	173.2659	1.063442
4338	-641.4419	-814.7078	173.2659	1.063442
4344	-650.5105	-823.7057	173.1952	1.128457
4350	-633.7427	-807.0697	173.3271	1.004205
4356	-640.1467	-812.8801	172.7333	1.502577
4362	-647.5191	-820.1765	172.6574	1.558942
4368	-647.4912	-820.1486	172.6574	1.558942
4374	-643.6585	-816.8853	173.2268	1.099855
4380	-642.5041	-815.7166	173.2125	1.112859
4386	-637.8103	-811.1297	173.3194	1.011786
4392	-647.011	-820.3316	173.3206	1.010646
4398	-649.0015	-822.3711	173.3695	0.9609575
4404	-641.5989	-814.5401	172.9412	1.34222
4410	-638.2405	-811.2607	173.0201	1.278364
4416	-648.0949	-821.2795	173.1846	1.137924
4422	-641.5564	-814.741	173.1846	1.137924
4428	-651.9217	-825.347	173.4253	0.9007311
4434	-652.4145	-825.5584	173.1439	1.173832
4440	-654.9293	-828.0017	173.0724	1.234979
4446	-640.0544	-813.3627	173.3082	1.022796
4452	-647.6421	-820.6258	172.9837	1.308095
4458	-639.4914	-812.8194	173.328	1.00327
4464	-643.3827	-816.853	173.4703	0.848146
4470	-642.2665	-815.2182	172.9517	1.33384
4476	-644.2423	-817.4949	173.2526	1.075968
4482	-638.0901	-811.4453	173.3552	0.9757932
4488	-642.9743	-816.0973	173.123	1.191895
4494	-645.4756	-818.7309	173.2553	1.073416
4500	-645.0731	-818.2651	173.192	1.131315
4506	-655.0167	-828.2754	173.2587	1.07021
4512	-639.4817	-812.7686	173.2869	1.043457
4518	-648.6651	-821.4775	172.8124	1.442725
4524	-648.8333	-821.9678	173.1345	1.182012
4530	-640.8659	-814.0004	173.1345	1.182012
4536	-637.5231	-810.7385	173.2155	1.110161
4542	-637.5752	-810.6513	173.0761	1.231866
4548	-641.6069	-814.7785	173.1717	1.149458
4554	-639.123	-812.2946	173.1717	1.149458
4560	-640.3256	-813.3416	173.0161	1.281712
4566	-642.9943	-815.9867	172.9923	1.301065
4572	-641.5023	-814.5657	173.0633	1.242575
4578	-633.0777	-805.9839	172.9062	1.369914
4584	-628.5429	-801.6031	173.0602	1.245156
4590	-650.274	-823.217	172.943	1.340796
4596	-635.7091	-808.9753	173.2662	1.063194
4602	-647.0747	-820.0807	173.006	1.289905
4608	-638.2606	-811.7074	173.4468	0.8760911
4614	-634.4223	-807.5282	173.1059	1.206576
4620	-641.5508	-814.6565	173.1057	1.206775
4626	-644.5219	-817.7094	173.1875	1.135357
4632	-638.3119	-811.2962	172.9843	1.307561
4638	-641.8378	-814.8222	172.9843	1.307561
4644	-635.5015	-808.5745	173.0729	1.234513
4650	-642.7453	-815.8325	173.0872	1.222457
4656	-641.927	-814.9166	172.9897	1.303233
4662	-635.9868	-809.1659	173.1791	1.142843
4668	-638.1469	-811.326	173.1791	1.142843
4674	-639.3027	-812.4287	173.126	1.189355
4680	-655.51	-828.4115	172.9015	1.373598
4686	-650.6972	-823.781	173.0837	1.225427
4692	-653.9374	-827.2342	173.2967	1.033996
4698	-658.0847	-831.2282	173.1435	1.174133
4704	-650.4268	-823.5235	173.0967	1.214387
4710	-643.2345	-816.327	173.0925	1.21796
4716	-642.2164	-815.3087	173.0923	1.218128
4722	-644.5208	-817.6426	173.1219	1.192905
4728	-648.1794	-821.3127	173.1333	1.183054
4734	-637.6383	-811.0228	173.3844	0.9452987
4740	-647.8544	-821.0503	173.1959	1.127806
4746	-645.0432	-818.2803	173.2371	1.090332
4752	-651.8306	-824.7995	172.9689	1.319981
4758	-645.8101	-818.6703	172.8603	1.405821
4764	-647.7217	-821.0061	173.2843	1.045922
4770	-651.7082	-824.7313	173.0231	1.275941
4776	-645.2964	-818.5286	173.2321	1.094897
4782	-641.602	-814.5789	172.977	1.313499
4788	-637.3643	-810.3344	172.9702	1.319001
4794	-638.9385	-812.3407	173.4021	0.9262837
4800	-632.0223	-805.4454	173.4231	0.9031635
4806	-631.481	-804.6332	173.1522	1.166585
4812	-621.7559	-794.9081	173.1522	1.166585
4818	-630.4672	-803.7138	173.2466	1.081499
4824	-636.0907	-809.3928	173.3021	1.028769
4830	-635.7866	-808.7398	172.9532	1.332621
4836	-634.3158	-807.269	172.9532	1.332621
4842	-650.95	-824.0602	173.1102	1.202949
4848	-659.9199	-833.0301	173.1102	1.202949
4854	-659.4236	-832.6478	173.2242	1.102215
4860	-650.5253	-823.4632	172.9379	1.344813
4866	-646.4244	-819.3328	172.9084	1.368161
4872	-648.2685	-821.3456	173.0771	1.230985
4878	-642.7435	-816.0061	173.2626	1.066575
4884	-638.8729	-812.0588	173.1859	1.136809
4890	-642.9263	-816.0548	173.1285	1.187178
4896	-646.0737	-819.3989	173.3252	1.006024
4902	-634.8766	-808.2293	173.3526	0.9784029
4908	-632.1654	-805.4191	173.2537	1.074912
4914	-636.3337	-809.4758	173.142	1.175465
4920	-632.7407	-806.0236	173.2829	1.0473
4926	-634.3471	-807.4882	173.1411	1.176227
4932	-637.3429	-810.1056	172.7627	1.48048
4938	-633.2667	-806.475	173.2083	1.11667
4944	-641.6093	-814.8437	173.2344	1.092827
4950	-649.1758	-822.6786	173.5029	0.8069949
4956	-634.6443	-807.508	172.8637	1.403148
4962	-646.2079	-819.3732	173.1653	1.1551
4968	-643.9773	-816.8595	172.8822	1.388775
4974	-649.6182	-822.6431	173.0249	1.274473
4980	-637.6313	-810.7025	173.0712	1.235986
4986	-646.4268	-819.498	173.0712	1.235986
4992	-648.0765	-821.0592	172.9827	1.308877
4998	-643.8369	-816.9473	173.1103	1.202798
5004	-644.665	-817.6709	173.006	1.28996
5010	-648.3494	-821.3553	173.006	1.28996
5016	-655.0892	-827.5254	172.4361	1.718222
5022	-645.7836	-819.1896	173.406	0.9220848
5028	-636.8636	-810.1045	173.2409	1.086865
5034	-631.4261	-804.7001	173.2739	1.055861
5040	-641.4339	-814.2597	172.8258	1.432415
5046	-655.6412	-828.7585	173.1173	1.196861
5052	-638.5078	-811.6331	173.1253	1.189972
5058	-640.2656	-813.4523	173.1867	1.136081
5064	-637.2484	-810.2916	173.0432	1.259314
5070	-653.4196	-826.6449	173.2253	1.101173
5076	-635.622	-808.6106	172.9886	1.304092
5082	-643.222	-816.5449	173.3229	1.008369
5088	-641.8748	-815.245	173.3702	0.9603196
5094	-643.9011	-816.898	172.9969	1.297354
5100	-629.792	-802.7889	172.9969	1.297354
5106	-633.5991	-806.7762	173.1771	1.144667
5112	-627.0636	-800.2017	173.1381	1.178853
5118	-633.3671	-806.5	173.1329	1.183362
5124	-642.4234	-815.6306	173.2072	1.117629
5130	-655.1735	-828.5009	173.3273	1.003961
5136	-636.9595	-810.1205	173.161	1.158847
5142	-638.7134	-811.9448	173.2315	1.095509
5148	-641.4549	-814.5101	173.0552	1.249345
5154	-645.1077	-818.2088	173.1011	1.210645
5160	-639.7386	-812.7176	172.979	1.31188
5166	-632.2448	-805.2311	172.9864	1.305913
5172	-645.5654	-818.5824	173.017	1.280947
5178	-643.4972	-816.6768	173.1796	1.142426
5184	-640.7564	-814.0021	173.2457	1.082342
5190	-653.4827	-826.7284	173.2457	1.082342
5196	-650.1689	-823.3052	173.1363	1.18045
5202	-643.3355	-816.5445	173.209	1.116002
5208	-634.7175	-807.9872	173.2697	1.059875
5214	-633.5782	-806.917	173.3388	0.9924384
5220	-630.5569	-803.6488	173.0919	1.218462
5226	-637.4179	-810.6054	173.1875	1.135363
5232	-631.7633	-804.8477	173.0845	1.224796
5238	-639.3454	-812.7827	173.4373	0.8870763
5244	-631.3453	-804.3325	172.9871	1.305288
5250	-647.7539	-820.8463	173.0924	1.218073
5256	-650.8762	-823.9686	173.0924	1.218073
5262	-643.5173	-816.0217	172.5044	1.669768
5268	-636.7285	-809.7887	173.0602	1.245181
5274	-647.7179	-821.1326	173.4147	0.912518
5280	-634.9161	-808.0801	173.164	1.156236
5286	-629.5515	-802.6776	173.1261	1.189253
5292	-635.502	-808.7696	173.2676	1.061845
5298	-633.5645	-806.754	173.1895	1.133612
5304	-644.9481	-818.1779	173.2299	1.096998
5310	-640.9526	-813.8129	172.8604	1.405734
5316	-648.869	-821.918	173.0491	1.25444
5322	-647.822	-820.7562	172.9342	1.347768
5328	-645.2249	-818.4171	173.1922	1.131199
5334	-638.9172	-812.0348	173.1175	1.196638
5340	-652.8482	-825.7728	172.9246	1.355367
5346	-663.3135	-836.2049	172.8914	1.381527
5352	-657.3818	-830.4295	173.0477	1.255601
5358	-657.5124	-830.76	173.2477	1.080541
5364	-663.1598	-835.6833	172.5235	1.656099
5370	-660.1607	-832.6843	172.5235	1.656099
5376	-644.133	-817.3345	173.2015	1.122842
5382	-637.8789	-810.8363	172.9573	1.329301
5388	-631.6789	-804.6638	172.9849	1.307126
5394	-632.2765	-805.7062	173.4297	0.8956839
5400	-628.2467	-801.249	173.0022	1.293021
5406	-633.0632	-806.3198	173.2566	1.072195
5412	-635.4681	-808.7247	173.2566	1.072195
5418	-640.413	-813.5649	173.1519	1.166876
5424	-647.8877	-821.0923	173.2046	1.120033
5430	-647.5278	-820.8297	173.3019	1.028976
5436	-663.421	-836.3235	172.9025	1.37284
5442	-636.5244	-809.663	173.1386	1.17842
5448	-640.0269	-812.8741	172.8472	1.415954
5454	-644.4806	-817.5571	173.0765	1.23152
5460	-647.8609	-820.9696	173.1087	1.204222
5466	-636.1019	-809.2184	173.1165	1.197479
5472	-636.1987	-809.4572	173.2584	1.070486
5478	-637.2047	-810.3769	173.1722	1.148955
5484	-651.1869	-824.1188	172.9319	1.349627
5490	-636.6939	-809.959	173.265	1.064265
5496	-646.665	-819.9372	173.2722	1.057515
5502	-633.0623	-806.4344	173.3721	0.9582697
5508	-638.5132	-811.6526	173.1393	1.177818
5514	-626.0827	-798.9947	172.912	1.365359
5520	-643.8473	-816.606	172.7587	1.483483
5526	-640.042	-813.2317	173.1897	1.133365
5532	-639.422	-812.6117	173.1897	1.133365
5538	-648.2716	-821.3273	173.0558	1.248894
5544	-640.537	-813.214	172.677	1.544518
5550	-638.1396	-811.297	173.1574	1.162033
5556	-638.5237	-811.6811	173.1574	1.162033
5562	-643.3908	-816.2327	172.8419	1.419997
5568	-637.3149	-810.4597	173.1449	1.172963
5574	-643.4559	-816.4543	172.9984	1.296134
5580	-648.1084	-821.1557	173.0474	1.255884
5586	-641.9955	-814.9337	172.9382	1.344551
5592	-653.6548	-826.4541	172.7994	1.452656
5598	-651.7264	-824.7822	173.0558	1.248865
5604	-657.9778	-831.1571	173.1792	1.142725
5610	-646.111	-819.2903	173.1792	1.142725
5616	-648.9746	-822.081	173.1065	1.206114
5622	-657.5521	-830.5803	173.0282	1.271698
5628	-651.3987	-824.5505	173.1518	1.166923
5634	-636.4781	-809.6021	173.124	1.191089
5640	-638.4644	-811.5894	173.125	1.190238
5646	-644.6651	-817.646	172.981	1.31028
5652	-646.9381	-819.919	172.981	1.31028
5658	-642.7866	-815.6843	172.8976	1.376647
5664	-644.0212	-817.0786	173.0574	1.247521
5670	-638.9859	-812.2656	173.2797	1.050376
5676	-636.931	-810.0621	173.1311	1.184938
5682	-625.7425	-799.0189	173.2764	1.053505
5688	-644.1537	-817.3125	173.1588	1.160779
5694	-648.7058	-821.8646	173.1588	1.160779
5700	-634.1722	-807.2387	173.0665	1.239918
5706	-632.4869	-805.685	173.198	1.125931
5712	-644.2909	-817.5035	173.2126	1.112784
5718	-636.2326	-809.6143	173.3818	0.948127
5724	-637.1536	-810.3193	173.1657	1.15473
5730	-633.6815	-806.7124	173.0309	1.269507
5736	-641.2878	-814.7127	173.4249	0.9011634
5742	-635.694	-808.9487	173.2547	1.073946
5748	-638.2476	-811.4238	173.1762	1.145413
5754	-637.8349	-810.9882	173.1533	1.16564
5760	-643.8266	-816.9135	173.0869	1.222768
5766	-643.4802	-816.7101	173.2299	1.096986
5772	-643.6494	-816.6471	172.9977	1.296706
5778	-635.8989	-808.8966	172.9977	1.296706
5784	-656.4506	-829.8956	173.4451	0.8781255
5790	-651.0546	-824.1386	173.084	1.225173
5796	-649.9381	-822.8095	172.8714	1.397189
5802	-658.2433	-831.3966	173.1533	1.165655
5808	-653.5168	-826.8008	173.284	1.046231
5814	-672.7996	-846.0472	173.2476	1.080619
5820	-651.1369	-824.4209	173.284	1.046231
5826	-640.5718	-813.8769	173.3052	1.025797
5832	-643.1213	-816.2382	173.1169	1.197201
5838	-635.5998	-808.7166	173.1169	1.197201
5844	-632.948	-806.2123	173.2643	1.064955
5850	-644.7749	-817.6213	172.8464	1.41656
5856	-652.5452	-825.6879	173.1427	1.174832
5862	-658.5453	-831.4121	172.8668	1.400711
5868	-644.9151	-817.9712	173.056	1.248648
5874	-645.8304	-818.9127	173.0823	1.226587
5880	-634.862	-807.8998	173.0377	1.263864
5886	-639.2041	-812.0911	172.887	1.384978
5892	-639.5368	-812.6221	173.0852	1.224139
5898	-632.8595	-806.3004	173.4409	0.8829834
5904	-637.2893	-810.4942	173.2049	1.119757
5910	-634.2623	-807.62	173.3577	0.9732319
5916	-639.4094	-812.7301	173.3207	1.010499
5922	-644.7254	-817.783	173.0575	1.247399
5928	-649.0982	-822.0923	172.9942	1.299579
5934	-653.4621	-826.661	173.1989	1.125162
5940	-655.0338	-828.3945	173.3607	0.9701267
5946	-644.303	-817.3112	173.0082	1.28814
5952	-659.1392	-832.2542	173.115	1.198783
5958	-651.5898	-824.6981	173.1083	1.204548
5964	-645.7755	-818.5071	172.7316	1.503856
5970	-638.3458	-811.4536	173.1077	1.205012
5976	-638.0825	-811.0423	172.9598	1.327326
5982	-635.708	-809.051	173.343	0.9881752
5988	-638.1331	-811.4251	173.2919	1.038615
5994	-640.7856	-814.0444	173.2588	1.070132
6000	-640.3287	-813.6336	173.3049	1.026097
6006	-652.2292	-825.5179	173.2887	1.041723
6012	-649.2736	-822.5482	173.2746	1.055196
6018	-645.0308	-818.0992	173.0684	1.238316
6024	-651.4587	-824.6167	173.158	1.161536
6030	-648.3327	-821.4907	173.158	1.161536
6036	-641.537	-814.695	173.158	1.161536
6042	-637.9642	-811.0686	173.1044	1.207889
6048	-650.3968	-823.5049	173.1081	1.20472
6054	-647.8432	-820.6754	172.8321	1.427558
6060	-652.5293	-825.8504	173.3212	1.01007
6066	-648.4162	-821.7373	173.3212	1.01007
6072	-656.1149	-829.1389	173.024	1.275149
6078	-649.3215	-822.3554	173.0339	1.267033
6084	-660.1163	-833.4264	173.3101	1.020973
6090	-641.1901	-814.369	173.1788	1.143082
6096	-644.7784	-817.7972	173.0188	1.279464
6102	-651.1184	-823.8922	172.7738	1.472103
6108	-645.0152	-818.022	173.0068	1.289281
6114	-646.9449	-820.0596	173.1148	1.199013
6120	-641.9842	-814.9595	172.9753	1.314876
6126	-653.1099	-826.1673	173.0574	1.247541
6132	-647.1572	-820.4384	173.2811	1.048999
6138	-644.2974	-817.3538	173.0564	1.248349
6144	-636.5305	-809.5869	173.0564	1.248349
6150	-632.3848	-805.6242	173.2394	1.088209
6156	-637.6888	-810.7373	173.0485	1.254969
6162	-654.6551	-827.8071	173.152	1.166738
6168	-658.9915	-832.219	173.2274	1.099244
6174	-657.8956	-830.9499	173.0543	1.25013
6180	-658.3594	-831.6291	173.2697	1.059813
6186	-638.4326	-811.7701	173.3375	0.9937576
6192	-650.5247	-823.8615	173.3368	0.9944429
6198	-659.671	-832.836	173.165	1.155347
6204	-654.2676	-827.4326	173.165	1.155347
6210	-661.3381	-834.346	173.0079	1.288391
6216	-643.9456	-816.9535	173.0079	1.288391
6222	-638.9956	-812.3319	173.3364	0.9949025
6228	-653.2836	-825.8468	172.5631	1.62763
6234	-656.3205	-829.4857	173.1652	1.155198
6240	-648.1793	-821.469	173.2897	1.040737
6246	-637.0579	-810.0581	173.0002	1.29466
6252	-642.3959	-815.4344	173.0385	1.263252
6258	-638.3868	-811.4252	173.0385	1.263252
6264	-628.7988	-802.0437	173.2449	1.083147
6270	-637.765	-810.6156	172.8506	1.413274
6276	-646.625	-819.4826	172.8575	1.407926
6282	-645.8358	-818.9022	173.0664	1.239995
6288	-643.5626	-816.5226	172.9601	1.327121
6294	-642.7076	-815.6788	172.9712	1.318151
6300	-634.3549	-807.6481	173.2931	1.037455
6306	-645.1492	-818.2544	173.1052	1.207159
6312	-633.3916	-806.4969	173.1052	1.207159
6318	-639.3068	-812.2093	172.9025	1.37284
6324	-634.6652	-807.7052	173.0399	1.262031
6330	-638.6084	-811.5069	172.8985	1.375971
6336	-637.7901	-810.8963	173.1061	1.206396
6342	-642.0824	-815.4279	173.3456	0.985612
6348	-639.6353	-812.5792	172.9439	1.340069
6354	-632.847	-805.8572	173.0102	1.286513
6360	-640.1747	-813.3873	173.2126	1.112792
6366	-658.574	-831.5936	173.0196	1.278813
6372	-641.8369	-815.0273	173.1904	1.13279
6378	-642.9332	-816.2416	173.3084	1.022614
6384	-650.7948	-824.0652	173.2704	1.059182
6390	-642.0797	-815.3822	173.3025	1.028429
6396	-658.3654	-831.3487	172.9833	1.308384
6402	-659.0375	-832.4956	173.4581	0.8628434
6408	-656.0362	-829.1309	173.0946	1.216173
6414	-648.1329	-821.5263	173.3935	0.9356608
6420	-643.9208	-817.0846	173.1639	1.156351
6426	-644.9251	-818.1319	173.2069	1.117949
6432	-659.7553	-833.024	173.2687	1.060844
6438	-651.7355	-824.8364	173.1009	1.210854
6444	-648.8651	-821.8202	172.9552	1.331037
6450	-638.1601	-811.3275	173.1674	1.15324
6456	-635.7423	-808.8588	173.1165	1.197533
6462	-641.712	-814.8642	173.1523	1.166507
6468	-641.3745	-814.6877	173.3132	1.017923
6474	-646.6676	-819.9718	173.3043	1.02667
6480	-646.2878	-818.9703	172.6825	1.540388
6486	-643.4124	-816.5986	173.1863	1.136484
6492	-644.6778	-817.8511	173.1734	1.147956
6498	-641.0545	-814.2357	173.1812	1.140952
6504	-636.9719	-810.109	173.1371	1.179725
6510	-638.3279	-811.5487	173.2208	1.105342
6516	-642.8056	-815.9685	173.1629	1.157196
6522	-639.3367	-812.2961	172.9594	1.327649
6528	-637.521	-810.5592	173.0382	1.263455
6534	-640.8447	-814.2194	173.3747	0.9556105
6540	-640.7963	-814.167	173.3707	0.9597503
6546	-641.5617	-815.0002	173.4385	0.8857553
6552	-644.0456	-817.3058	173.2601	1.068893
6558	-639.8542	-812.873	173.0188	1.279447
6564	-648.353	-821.7826	173.4296	0.895857
6570	-639.9763	-813.1994	173.2231	1.103223
6576	-645.6415	-818.8742	173.2327	1.094365
6582	-643.4534	-816.6027	173.1493	1.169155
6588	-644.9748	-818.2097	173.2349	1.092364
6594	-646.2724	-819.4868	173.2144	1.111176
6600	-646.5838	-819.8223	173.2385	1.089022
6606	-643.1219	-816.1578	173.0359	1.265364
6612	-631.4771	-804.5587	173.0817	1.227161
6618	-641.0404	-814.1221	173.0817	1.227161
6624	-643.7302	-817.0365	173.3063	1.024639
6630	-641.8086	-814.9585	173.15	1.168523
6636	-648.2943	-821.7014	173.407	0.9209394
6642	-656.7835	-830.0481	173.2646	1.064645
6648	-648.3009	-821.2834	172.9825	1.309001
6654	-644.1684	-817.2099	173.0416	1.260678
6660	-650.5501	-823.6111	173.061	1.244542
6666	-638.63	-811.7338	173.1038	1.20836
6672	-643.6451	-816.8994	173.2543	1.074347
6678	-642.0458	-815.1788	173.133	1.183296
6684	-646.6393	-819.789	173.1497	1.168761
6690	-640.717	-813.7751	173.0581	1.24695
6696	-639.9167	-812.9894	173.0727	1.23467
6702	-646.7441	-819.9111	173.1669	1.15362
6708	-634.387	-807.554	173.1669	1.15362
6714	-649.2557	-822.5255	173.2697	1.059826
6720	-643.8353	-817.008	173.1727	1.14854
6726	-653.0931	-826.3011	173.2081	1.116864
6732	-655.2843	-828.3946	173.1103	1.2028
6738	-646.7458	-819.6903	172.9445	1.339577
6744	-651.5551	-824.6125	173.0575	1.247457
6750	-644.7248	-817.777	173.0522	1.251869
6756	-643.6062	-816.6189	173.0128	1.284407
6762	-654.6889	-827.7827	173.0938	1.216855
6768	-645.2	-818.544	173.344	0.9871976
6774	-655.5963	-828.6984	173.1021	1.209851
6780	-643.6788	-816.6046	172.9258	1.354436
6786	-644.8053	-817.9316	173.1263	1.189122
6792	-643.7295	-816.7174	172.9879	1.304656
6798	-641.3645	-814.4264	173.0619	1.243775
6804	-654.1147	-827.1375	173.0228	1.276205
6810	-643.8631	-816.9717	173.1086	1.204306
6816	-658.8297	-831.7278	172.8981	1.376282
6822	-653.9494	-826.9095	172.9601	1.327067
6828	-650.8163	-824.0112	173.1949	1.128704
6834	-646.6074	-819.8619	173.2544	1.074222
6840	-640.6471	-813.7271	173.08	1.228576
6846	-647.1652	-820.3796	173.2145	1.111072
6852	-640.3953	-813.571	173.1757	1.145844
6858	-644.5491	-817.7817	173.2326	1.094516
6864	-645.372	-818.3398	172.9678	1.320865
6870	-655.2473	-828.0841	172.8368	1.423946
6876	-657.3998	-830.3709	172.9711	1.31822
6882	-652.2838	-825.1909	172.9071	1.36918
6888	-643.1374	-816.4373	173.2999	1.03088
6894	-637.1272	-810.4066	173.2795	1.050567
6900	-645.3296	-818.5593	173.2297	1.097143
6906	-632.635	-805.8341	173.1992	1.124921
6912	-636.2767	-809.7013	173.4246	0.901492
6918	-633.6026	-806.5724	172.9698	1.319259
6924	-645.2567	-818.584	173.3273	1.003963
6930	-639.556	-812.8833	173.3273	1.003963
6936	-641.5929	-814.7897	173.1968	1.127074
6942	-636.8194	-809.8197	173.0003	1.294566
6948	-648.2773	-821.0348	172.7575	1.484423
6954	-639.8886	-812.8647	172.9761	1.314213
6960	-660.9571	-833.8287	172.8715	1.397061
6966	-656.498	-829.7841	173.2862	1.044146
6972	-651.1697	-824.4329	173.2633	1.065939
6978	-662.0087	-835.3175	173.3088	1.022267
6984	-648.7695	-822.1092	173.3398	0.9914847
6990	-639.1183	-812.3647	173.2464	1.08168
6996	-649.1805	-822.5312	173.3507	0.9804347
7002	-645.2092	-818.6445	173.4354	0.8892789
7008	-643.8344	-816.8204	172.986	1.306238
7014	-648.0377	-821.334	173.2963	1.034413
7020	-635.4344	-808.4128	172.9784	1.312323
7026	-644.4777	-817.7791	173.3014	1.029453
7032	-642.3386	-815.61	173.2713	1.058299
7038	-628.5488	-801.9104	173.3616	0.9692374
7044	-637.8001	-810.8006	173.0005	1.294453
7050	-636.0652	-809.2186	173.1533	1.165587
7056	-638.9318	-812.043	173.1113	1.202009
7062	-626.0025	-799.301	173.2984	1.032329
7068	-629.3708	-802.5475	173.1767	1.144987
7074	-632.0396	-805.327	173.2874	1.043005
7080	-635.2563	-808.5853	173.3289	1.002331
7086	-638.9381	-811.9697	173.0316	1.268925
7092	-640.9943	-814.437	173.4427	0.8808586
7098	-640.6756	-813.7821	173.1066	1.206024
7104	-646.6729	-819.66	172.9871	1.305316
7110	-641.8439	-815.1436	173.2997	1.031116
7116	-645.2988	-818.6389	173.3402	0.991085
7122	-654.8517	-828.1107	173.259	1.069907
7128	-655.5961	-828.7901	173.194	1.129539
7134	-653.5119	-826.5668	173.0549	1.249594
7140	-651.4981	-824.9367	173.4386	0.885627
7146	-639.2228	-812.3495	173.1267	1.188729
7152	-647.3886	-820.4789	173.0903	1.219845
7158	-647.6638	-820.7541	173.0903	1.219845
7164	-648.963	-821.9351	172.9722	1.317378
7170	-663.331	-836.3744	173.0433	1.259225
7176	-644.297	-817.3855	173.0886	1.221328
7182	-647.8141	-821.0836	173.2696	1.059998
7188	-642.8624	-815.9219	173.0595	1.24576
7194	-644.4063	-817.3862	172.9799	1.31114
7200	-638.5304	-811.5103	172.9799	1.31114
7206	-640.8744	-813.8543	172.9799	1.31114
7212	-655.0524	-828.1293	173.077	1.231106
7218	-659.0522	-832.2791	173.2268	1.099781
7224	-646.5214	-819.5225	173.0011	1.293942
7230	-635.6503	-808.6514	173.0011	1.293942
7236	-636.6724	-809.9315	173.259	1.069919
7242	-645.9967	-819.2196	173.2229	1.103348
7248	-631.4356	-804.6675	173.2319	1.095172
7254	-626.6739	-799.7935	173.1196	1.194838
7260	-632.749	-805.8686	173.1196	1.194838
7266	-639.1349	-812.3058	173.1709	1.150134
7272	-636.852	-809.9554	173.1033	1.208767
7278	-641.9214	-815.1823	173.2609	1.068114
7284	-647.691	-820.7346	173.0436	1.25899
7290	-642.7378	-816.0893	173.3515	0.9795255
7296	-649.2412	-822.1273	172.8861	1.385707
7302	-639.6694	-812.7281	173.0587	1.246428
7308	-642.411	-815.4697	173.0587	1.246428
7314	-640.7266	-813.6518	172.9252	1.354898
7320	-638.8825	-812.0863	173.2039	1.120679
7326	-644.5247	-817.8299	173.3052	1.025709
7332	-640.5371	-813.8423	173.3052	1.025709
7338	-641.4856	-814.35	172.8644	1.402625
7344	-643.4841	-816.7876	173.3035	1.027408
7350	-636.3867	-809.5677	173.181	1.141204
7356	-638.5499	-811.7799	173.2299	1.096926
7362	-637.2504	-810.6753	173.4248	0.9012116
7368	-630.8469	-803.9194	173.0724	1.234947
7374	-638.6841	-811.8989	173.2148	1.11081
7380	-634.7393	-807.719	172.9796	1.311361
7386	-644.3424	-817.5656	173.2232	1.103131
7392	-655.2248	-828.4723	173.2475	1.080651
7398	-662.342	-835.0381	172.6961	1.53035
7404	-651.0517	-824.2238	173.1722	1.149004
7410	-648.1142	-821.005	172.8908	1.38198
7416	-653.4314	-826.5317	173.1003	1.211377
7422	-653.6738	-826.6548	172.981	1.310227
7428	-649.0717	-822.2467	173.175	1.146511
7434	-653.9069	-827.0201	173.1132	1.200372
7440	-646.5884	-819.5632	172.9748	1.31523
7446	-644.8873	-817.9861	173.0988	1.212634
7452	-643.9343	-817.0324	173.0981	1.213197
7458	-643.2004	-816.3272	173.1268	1.188623
7464	-652.3167	-825.5276	173.2109	1.114308
7470	-660.6707	-833.8666	173.1959	1.127842
7476	-659.1233	-832.0638	172.9405	1.34273
7482	-665.2082	-837.9098	172.7016	1.526266
7488	-651.8108	-824.5124	172.7016	1.526266
7494	-653.8467	-826.7962	172.9494	1.335619
7500	-642.4136	-815.7028	173.2891	1.041314
7506	-647.0886	-820.0312	172.9426	1.341095
7512	-650.9508	-823.9634	173.0127	1.284492
7518	-651.4562	-824.61	173.1538	1.165207
7524	-648.4124	-821.5661	173.1538	1.165207
7530	-643.7767	-816.9305	173.1538	1.165207
7536	-635.0921	-808.2459	173.1538	1.165207
7542	-631.5477	-804.9118	173.3641	0.9666457
7548	-646.9144	-820.0449	173.1304	1.185529
7554	-640.5806	-813.711	173.1304	1.185529
7560	-636.3512	-809.4396	173.0884	1.221427
7566	-641.2527	-814.0939	172.8411	1.420609
7572	-637.7958	-811.1152	173.3194	1.011796
7578	-636.5803	-809.6553	173.075	1.23274
7584	-637.7527	-810.8188	173.0661	1.240232
7590	-635.9782	-809.1494	173.1712	1.149906
7596	-632.3275	-805.4153	173.0878	1.221972
7602	-635.7301	-809.0674	173.3372	0.9940571
7608	-645.5425	-818.3877	172.8453	1.417423
7614	-647.2979	-820.5433	173.2454	1.082668
7620	-649.82	-823.1043	173.2842	1.046009
7626	-639.2554	-812.1743	172.9189	1.359907
7632	-655.5072	-828.3349	172.8276	1.431007
7638	-642.1527	-815.1199	172.9672	1.321376
7644	-647.9317	-820.8989	172.9672	1.321376
7650	-637.3507	-810.4675	173.1168	1.197221
7656	-641.8793	-814.9931	173.1138	1.199822
7662	-655.5245	-828.9008	173.3763	0.9539104
7668	-643.41	-816.668	173.2579	1.070935
7674	-642.5169	-815.8245	173.3077	1.023337
7680	-652.1232	-825.0942	172.971	1.318349
7686	-642.0582	-815.2607	173.2025	1.121942
7692	-652.3943	-825.4858	173.0915	1.218838
7698	-658.386	-831.4775	173.0915	1.218838
7704	-644.7026	-817.9745	173.2719	1.057779
7710	-644.0268	-817.1757	173.1489	1.169434
7716	-643.1133	-816.4057	173.2924	1.038183
7722	-647.2599	-820.3643	173.1044	1.20785
7728	-644.2429	-817.4598	173.2169	1.108818
7734	-630.6559	-803.5228	172.8669	1.400696
7740	-627.3493	-800.2721	172.9228	1.356777
7746	-631.6117	-804.7807	173.169	1.15183
7752	-635.9922	-809.1612	173.169	1.15183
7758	-642.7984	-815.8274	173.0291	1.271014
7764	-647.9632	-821.1316	173.1685	1.15229
7770	-650.7235	-824.0166	173.293	1.037557
7776	-642.9256	-816.2759	173.3503	0.9808455
7782	-638.6425	-811.9144	173.2719	1.057774
7788	-635.3105	-808.2755	172.965	1.323184
7794	-654.1957	-827.1887	172.9931	1.300479
7800	-647.113	-820.2442	173.1312	1.184822
7806	-637.5595	-810.8588	173.2993	1.031488
7812	-664.0823	-837.3896	173.3073	1.023668
7818	-659.8569	-832.8298	172.973	1.316733
7824	-643.7278	-816.9814	173.2536	1.074992
7830	-634.8533	-808.0631	173.2099	1.115239
7836	-639.9845	-813.2068	173.2223	1.103935
7842	-635.9303	-809.0644	173.1341	1.182296
7848	-641.1711	-814.1313	172.9603	1.326936
7854	-640.1697	-813.1815	173.0119	1.285147
7860	-654.9152	-827.9097	172.9945	1.299299
7866	-651.0112	-824.2355	173.2243	1.102078
7872	-648.0765	-821.1918	173.1153	1.198567
7878	-643.3876	-816.4776	173.09	1.220123
7884	-661.051	-834.0497	172.9987	1.295917
7890	-643.2318	-816.3498	173.118	1.196186
7896	-639.0042	-812.1222	173.118	1.196186
7902	-653.0723	-826.2344	173.162	1.157944
7908	-646.9421	-819.9957	173.0536	1.250666
7914	-634.8094	-807.9803	173.1709	1.150118
7920	-633.6133	-806.7796	173.1663	1.154167
7926	-636.4837	-809.6504	173.1667	1.153813
7932	-639.0056	-812.0201	173.0145	1.282996
7938	-653.7766	-826.8064	173.0298	1.270451
7944	-652.486	-825.7922	173.3062	1.024751
7950	-650.6336	-823.9398	173.3062	1.024751
7956	-641.7797	-814.6173	172.8376	1.423366
7962	-635.5515	-808.4772	172.9257	1.354539
7968	-636.2919	-809.3211	173.0292	1.270917
7974	-633.3839	-806.7266	173.3426	0.9885686
7980	-636.0847	-809.1168	173.0321	1.268485
7986	-637.2065	-810.2386	173.0321	1.268485
7992	-639.1377	-812.1005	172.9629	1.324862
7998	-648.3565	-821.1709	172.8144	1.441172
8004	-637.3655	-810.5374	173.1719	1.149222
8010	-631.3922	-804.5238	173.1316	1.184543
8016	-651.6481	-825.0644	173.4164	0.9106691
8022	-643.9986	-817.3648	173.3662	0.964486
8028	-632.993	-806.0586	173.0655	1.240744
8034	-635.9229	-809.0202	173.0973	1.213938
8040	-643.3134	-816.304	172.9906	1.302449
8046	-640.6788	-813.7143	173.0355	1.265686
8052	-639.6593	-812.5839	172.9246	1.355387
8058	-633.205	-806.2723	173.0674	1.239191
8064	-633.93	-806.9509	173.0209	1.277743
8070	-634.1271	-807.462	173.3349	0.9964016
8076	-628.8914	-802.0929	173.2015	1.122766
8082	-629.2484	-802.5035	173.2551	1.073588
8088	-633.4084	-806.6553	173.2469	1.081253
8094	-638.0345	-810.9509	172.9164	1.361837
8100	-638.5478	-811.6887	173.1409	1.17643
8106	-639.048	-812.203	173.155	1.164122
8112	-640.6603	-813.9795	173.3192	1.012026
8118	-644.7957	-817.9758	173.1802	1.141901
8124	-656.9316	-829.8634	172.9318	1.349635
8130	-651.5273	-824.6466	173.1194	1.195053
8136	-652.8151	-826.0174	173.2023	1.122063
8142	-650.5453	-823.7519	173.2066	1.118206
8148	-647.1744	-820.3809	173.2066	1.118206
8154	-646.2015	-819.0076	172.8061	1.447481
8160	-644.4819	-817.6366	173.1546	1.16444
8166	-640.2679	-813.2048	172.9369	1.345618
8172	-636.0538	-809.0456	172.9918	1.30147
8178	-634.4142	-807.5029	173.0887	1.221199
8184	-639.9882	-812.9661	172.9779	1.312749
8190	-642.4376	-815.4156	172.9779	1.312749
8196	-638.8706	-812.2113	173.3407	0.9905265
8202	-642.9482	-816.0723	173.1241	1.190971
8208	-650.0426	-823.1385	173.096	1.215046
8214	-645.514	-818.5578	173.0438	1.258813
8220	-644.4071	-817.6435	173.2365	1.090925
8226	-637.2027	-810.2078	173.0051	1.290713
8232	-638.6236	-812.0655	173.4419	0.8817619
8238	-640.3726	-813.6354	173.2628	1.066381
8244	-637.864	-810.9537	173.0897	1.220356
8250	-633.1381	-806.4628	173.3246	1.006611
8256	-645.3377	-818.563	173.2253	1.10122
8262	-654.2843	-827.5169	173.2326	1.094519
8268	-657.8402	-830.8782	173.038	1.26368
8274	-644.5919	-817.7259	173.134	1.182458
8280	-649.3184	-822.473	173.1546	1.164465
8286	-638.2996	-811.2227	172.9231	1.356553
8292	-629.9125	-803.1359	173.2234	1.102969
8298	-630.0141	-802.7485	172.7344	1.501749
8304	-645.4421	-818.6512	173.2091	1.115981
8310	-650.0962	-823.3068	173.2106	1.114583
8316	-637.8958	-811.1454	173.2496	1.078711
8322	-644.8749	-817.961	173.0861	1.223428
8328	-649.6506	-822.7143	173.0637	1.242273
8334	-643.9903	-817.054	173.0637	1.242273
8340	-638.9401	-812.1596	173.2196	1.106425
8346	-639.687	-812.6113	172.9243	1.355621
8352	-635.1076	-808.1185	173.0109	1.285952
8358	-649.1064	-822.0298	172.9234	1.35634
8364	-654.6237	-827.8167	173.193	1.130432
8370	-648.616	-821.4937	172.8776	1.392306
8376	-646.4562	-819.5688	173.1126	1.200834
8382	-645.3195	-818.3634	173.0439	1.258765
8388	-642.3117	-815.6474	173.3357	0.9955375
8394	-637.583	-810.848	173.265	1.064273
8400	-638.2047	-811.3929	173.1882	1.134726
8406	-640.0585	-813.3263	173.2678	1.061686
8412	-645.5907	-818.7716	173.1809	1.141281
8418	-644.9487	-818.2649	173.3162	1.014957
8424	-655.157	-828.3581	173.2011	1.123158
8430	-651.3164	-824.4416	173.1252	1.19002
8436	-648.7977	-821.6224	172.8247	1.43327
8442	-645.1085	-818.2134	173.1049	1.207486
8448	-644.7487	-817.9432	173.1945	1.129141
8454	-628.243	-801.2576	173.0146	1.282935
8460	-630.4346	-803.537	173.1024	1.209595
8466	-642.3401	-815.4049	173.0648	1.241342
8472	-666.2111	-838.8675	172.6564	1.559665
8478	-653.4485	-826.6858	173.2374	1.090087
8484	-641.4981	-814.4771	172.979	1.311846
8490	-640.7695	-813.6875	172.9181	1.360542
8496	-648.8762	-821.6637	172.7875	1.461697
8502	-643.329	-816.5027	173.1736	1.147707
8508	-644.0451	-817.1581	173.1131	1.200444
8514	-635.3218	-808.5565	173.2347	1.092553
8520	-641.2883	-814.3512	173.0628	1.242997
8526	-642.5927	-815.8057	173.213	1.112383
8532	-634.0811	-807.1656	173.0846	1.224716
8538	-637.2136	-810.3603	173.1467	1.171388
8544	-636.6373	-809.784	173.1467	1.171388
8550	-629.9991	-803.1689	173.1698	1.151091
8556	-639.2804	-812.5536	173.2732	1.056556
8562	-639.3221	-812.3971	173.0749	1.232833
8568	-637.7712	-810.9428	173.1716	1.149516
8574	-638.5411	-811.6005	173.0593	1.245895
8580	-636.2842	-809.3435	173.0593	1.245895
8586	-640.2203	-813.3166	173.0963	1.214727
8592	-634.623	-807.6737	173.0506	1.253168
8598	-639.6403	-812.9472	173.3068	1.024173
8604	-643.3381	-816.6785	173.3404	0.9908725
8610	-638.6631	-811.827	173.1639	1.156329
8616	-641.0417	-814.1811	173.1393	1.177793
8622	-643.2061	-816.252	173.0459	1.25708
8628	-649.4195	-822.4654	173.0459	1.25708
8634	-647.0574	-820.1732	173.1158	1.198107
8640	-639.7658	-812.6939	172.928	1.35265
8646	-644.759	-817.5247	172.7656	1.478252
8652	-648.3127	-821.4176	173.1049	1.207447
8658	-649.6374	-822.959	173.3216	1.00963
8664	-638.4773	-811.9132	173.4359	0.8886585
8670	-641.9048	-814.9581	173.0533	1.250945
8676	-653.629	-826.7201	173.0911	1.219159
8682	-651.5802	-824.8912	173.311	1.020105
8688	-655.616	-828.8078	173.1918	1.131485
8694	-650.2048	-823.5106	173.3058	1.025215
8700	-636.6332	-809.8004	173.1672	1.153432
8706	-639.6122	-812.7794	173.1672	1.153432
8712	-650.6973	-823.8584	173.1611	1.158803
8718	-638.9835	-812.1968	173.2133	1.112139
8724	-634.52	-807.324	172.804	1.449144
8730	-641.7535	-814.5575	172.804	1.449144
8736	-646.511	-819.4478	172.9368	1.345687
8742	-637.6483	-811.0097	173.3614	0.9693629
8748	-649.9976	-823.3575	173.36	0.9708753
8754	-640.8233	-813.9203	173.097	1.214153
8760	-638.0726	-811.4412	173.3685	0.9619959
8766	-634.6789	-807.8961	173.2172	1.108591
8772	-625.8046	-798.9891	173.1845	1.138063
8778	-634.755	-808.018	173.263	1.06614
8784	-637.3467	-810.6098	173.263	1.06614
8790	-644.03	-817.3066	173.2766	1.053308
8796	-638.6517	-812.0323	173.3806	0.9493822
8802	-634.7825	-807.8494	173.0669	1.239598
8808	-638.7164	-811.7432	173.0267	1.27293
8814	-638.2647	-811.2976	173.0329	1.267884
8820	-649.088	-822.3115	173.2236	1.10277
8826	-644.6956	-817.6579	172.9623	1.325305
8832	-640.284	-813.3313	173.0473	1.25594
8838	-641.0462	-814.2559	173.2097	1.115374
8844	-640.6094	-814.0486	173.4392	0.8849032
8850	-644.1997	-817.4078	173.2081	1.116868
8856	-639.5182	-812.7263	173.2081	1.116868
8862	-638.1223	-811.3304	173.2081	1.116868
8868	-641.4679	-814.7535	173.2856	1.044718
8874	-647.9067	-820.9809	173.0742	1.233436
8880	-641.6723	-814.9419	173.2695	1.060004
8886	-646.9157	-820.2361	173.3204	1.010802
8892	-631.3207	-804.6429	173.3222	1.00901
8898	-647.5446	-820.4468	172.9022	1.373085
8904	-644.5434	-817.6116	173.0682	1.238503
8910	-635.4272	-808.4863	173.0591	1.246105
8916	-641.1579	-814.0976	172.9397	1.343373
8922	-652.8727	-825.6584	172.7858	1.462998
8928	-644.1702	-817.3587	173.1885	1.134494
8934	-649.8317	-822.5339	172.7022	1.52583
8940	-650.6295	-823.8077	173.1782	1.143651
8946	-647.1609	-820.4293	173.2684	1.061116
8952	-639.8938	-813.1905	173.2967	1.03403
8958	-639.8085	-813.1137	173.3052	1.025717
8964	-641.7553	-814.9381	173.1827	1.139643
8970	-635.9483	-809.1517	173.2034	1.121095
8976	-646.4005	-819.5914	173.1909	1.132341
8982	-650.5221	-823.713	173.1909	1.132341
8988	-647.3123	-820.6439	173.3316	0.9996757
8994	-649.655	-822.7803	173.1253	1.189983
9000	-641.8752	-815.0408	173.1656	1.154812
9006	-646.1697	-819.0632	172.8935	1.379925
9012	-654.1204	-827.5366	173.4162	0.9108773
9018	-648.489	-821.0624	172.5735	1.620162
9024	-638.4665	-811.8321	173.3656	0.9650925
9030	-644.6318	-817.9664	173.3346	0.9967176
9036	-645.3176	-818.4077	173.09	1.220077
9042	-640.1971	-813.5378	173.3407	0.9905143
9048	-645.6159	-818.644	173.0281	1.271844
9054	-646.7068	-819.7349	173.0281	1.271844
9060	-640.8523	-813.9291	173.0768	1.231253
9066	-646.1385	-819.1954	173.0569	1.247947
9072	-647.67	-820.7738	173.1038	1.208416
9078	-644.4218	-817.4712	173.0494	1.254146
9084	-645.3563	-818.2798	172.9235	1.356284
9090	-644.9623	-818.2201	173.2578	1.071101
9096	-644.8944	-818.1127	173.2183	1.107604
9102	-636.6852	-809.8335	173.1482	1.170047
9108	-635.4712	-808.5336	173.0624	1.243365
9114	-636.6643	-809.6839	173.0195	1.278856
9120	-654.1032	-827.1684	173.0651	1.24107
9126	-649.4002	-822.5753	173.175	1.146483
9132	-646.9606	-820.1356	173.175	1.146483
9138	-635.8263	-808.9825	173.1562	1.163112
9144	-633.2348	-806.4502	173.2155	1.110152
9150	-639.7712	-812.8488	173.0776	1.230622
9156	-642.7657	-815.8129	173.0472	1.256052
9162	-640.0068	-813.3526	173.3458	0.9853968
9168	-647.2065	-820.2344	173.0279	1.27197
9174	-646.0019	-819.1365	173.1346	1.181872
9180	-657.4936	-830.5777	173.0841	1.225089
9186	-651.0789	-823.9213	172.8425	1.419604
9192	-651.0876	-824.2457	173.1581	1.161365
9198	-646.647	-819.6838	173.0368	1.26465
9204	-683.5469	-855.8674	172.3205	1.799039
9210	-642.9296	-816.062	173.1324	1.18377
9216	-651.8768	-824.9005	173.0236	1.275477
9222	-642.5493	-815.6802	173.1308	1.185167
9228	-641.9332	-814.9185	172.9853	1.3068
9234	-648.2776	-821.5528	173.2753	1.05458
9240	-650.7919	-823.6927	172.9008	1.374139
9246	-643.0883	-816.3035	173.2152	1.1104
9252	-647.1503	-820.3922	173.2419	1.085888
9258	-654.0329	-827.4775	173.4446	0.8786632
9264	-646.5834	-819.6001	173.0167	1.281165
9270	-646.8149	-819.9576	173.1427	1.174912
9276	-652.7831	-825.6902	172.907	1.369264
9282	-647.5781	-820.4245	172.8464	1.416517
9288	-644.0111	-816.9617	172.9506	1.334668
9294	-643.588	-816.5427	172.9547	1.331442
9300	-639.3433	-812.655	173.3117	1.019387
