Iteration	Posterior	Likelihood	Prior	tree_length
0	-199.1055	-368.3358	169.2303	3.705384
6	-201.8219	-370.9716	169.1497	3.751941
12	-204.1444	-372.4188	168.2744	4.252177
18	-216.5446	-385.1764	168.6318	4.048947
24	-198.0158	-368.111	170.0952	3.199564
30	-199.3452	-368.4921	169.147	3.753502
36	-205.0681	-374.4204	169.3523	3.634786
42	-194.1245	-363.8423	169.7178	3.421846
48	-200.7595	-369.1072	168.3476	4.210634
54	-205.8239	-374.3585	168.5345	4.104401
60	-195.1044	-363.6389	168.5345	4.104401
66	-194.0614	-362.6785	168.6171	4.057332
72	-196.864	-366.3826	169.5186	3.538122
78	-195.6098	-364.8693	169.2595	3.688493
84	-196.3523	-365.6868	169.3345	3.645056
90	-190.4437	-360.3952	169.9515	3.284524
96	-203.4073	-371.1248	167.7175	4.566241
102	-197.4539	-365.2661	167.8123	4.51298
108	-194.6254	-364.8215	170.1961	3.139635
114	-194.822	-363.3405	168.5185	4.113532
120	-182.2726	-350.6295	168.3569	4.205357
126	-181.6556	-351.8541	170.1985	3.138221
132	-195.2726	-363.764	168.4913	4.128982
138	-199.6744	-368.4201	168.7456	3.983968
144	-183.757	-352.3978	168.6407	4.043869
150	-188.7124	-358.0976	169.3853	3.615628
156	-192.5238	-361.5645	169.0407	3.814744
162	-180.0202	-349.7759	169.7557	3.399626
168	-179.3297	-349.8976	170.5679	2.916979
174	-181.5216	-352.0894	170.5679	2.916979
180	-182.1518	-351.4072	169.2554	3.690849
186	-191.9488	-361.2043	169.2554	3.690849
192	-200.4395	-367.8777	167.4382	4.722738
198	-203.6616	-372.6023	168.9407	3.87223
204	-208.4035	-375.9053	167.5018	4.687151
210	-201.6685	-370.3093	168.6408	4.043842
216	-197.6647	-366.3055	168.6408	4.043842
222	-202.0415	-371.4124	169.3709	3.623999
228	-194.8933	-363.8393	168.946	3.869157
234	-201.6734	-369.3431	167.6697	4.59307
240	-210.0496	-378.7979	168.7483	3.982436
246	-195.5762	-365.1568	169.5807	3.501974
252	-189.2918	-359.3154	170.0236	3.241922
258	-189.5452	-360.4334	170.8882	2.722264
264	-182.9545	-351.8923	168.9379	3.873835
270	-189.4322	-359.2038	169.7716	3.390298
276	-198.874	-368.3806	169.5066	3.545129
282	-210.7063	-378.9739	168.2676	4.256006
288	-206.3094	-375.5387	169.2293	3.705981
294	-191.4481	-360.6589	169.2108	3.716653
300	-198.7429	-368.7988	170.0558	3.222851
306	-190.1528	-359.9009	169.7481	3.404073
312	-214.229	-383.3203	169.0913	3.785615
318	-196.8368	-365.2368	168.4	4.180919
324	-204.3319	-371.815	167.4831	4.697638
330	-203.1425	-371.763	168.6206	4.055387
336	-188.1272	-357.223	169.0958	3.783001
342	-199.7024	-367.3696	167.6672	4.594469
348	-206.4085	-373.8127	167.4042	4.741728
354	-215.1363	-383.4034	168.2671	4.256295
360	-215.6265	-384.8003	169.1739	3.737983
366	-202.2498	-371.5729	169.3231	3.651679
372	-184.8483	-354.7044	169.8562	3.340642
378	-197.3284	-366.2345	168.9061	3.892071
384	-195.42	-365.009	169.589	3.497116
390	-192.1114	-361.7004	169.589	3.497116
396	-187.8873	-356.9545	169.0672	3.799495
402	-193.1963	-363.8962	170.6999	2.837078
408	-198.6122	-367.3845	168.7723	3.968723
414	-193.6034	-363.8734	170.27	3.095656
420	-194.2895	-363.6845	169.395	3.609985
426	-190.5375	-359.3258	168.7883	3.959564
432	-190.3116	-359.7308	169.4192	3.595934
438	-199.5651	-368.461	168.8959	3.897894
444	-199.3562	-368.1866	168.8304	3.935479
450	-198.5704	-368.3526	169.7821	3.384117
456	-202.5172	-371.0558	168.5387	4.102054
462	-198.295	-367.7762	169.4813	3.559874
468	-198.1624	-368.1935	170.0311	3.237513
474	-193.3281	-362.7686	169.4405	3.583586
480	-192.819	-363.2511	170.432	2.998717
486	-194.292	-364.0172	169.7251	3.417536
492	-189.9394	-359.1089	169.1695	3.740483
498	-191.5592	-360.9055	169.3463	3.638257
504	-195.1559	-364.4177	169.2618	3.687182
510	-197.6796	-365.7498	168.0702	4.367671
516	-197.2015	-366.5106	169.3092	3.659755
522	-203.5746	-371.9948	168.4202	4.169455
528	-195.346	-365.3418	169.9959	3.258322
534	-189.7377	-358.1674	168.4297	4.164056
540	-186.9834	-356.7317	169.7483	3.403974
546	-191.6018	-360.6146	169.0128	3.830776
552	-194.6352	-364.4347	169.7995	3.373932
558	-205.9355	-375.1705	169.235	3.70267
564	-183.6594	-353.5855	169.9261	3.299483
570	-181.2432	-351.1693	169.9261	3.299483
576	-187.7326	-357.6369	169.9044	3.312285
582	-192.3887	-361.4356	169.0469	3.811159
588	-192.5276	-361.6354	169.1078	3.776082
594	-193.2638	-362.2726	169.0088	3.833085
600	-199.829	-369.625	169.796	3.375999
606	-202.4907	-370.7869	168.2962	4.239784
612	-200.2606	-368.8917	168.6311	4.049366
618	-201.0781	-369.3118	168.2337	4.275203
624	-194.9492	-364.0985	169.1493	3.752179
630	-192.3737	-361.1875	168.8139	3.944921
636	-193.6658	-362.4738	168.808	3.948293
642	-192.6256	-359.9691	167.3435	4.775632
648	-196.601	-365.5518	168.9507	3.866443
654	-206.6446	-374.1557	167.5112	4.681916
660	-193.0997	-362.096	168.9964	3.840228
666	-202.4926	-370.8507	168.3581	4.204712
672	-188.4466	-357.2179	168.7713	3.96927
678	-207.6316	-376.1406	168.5091	4.118906
684	-200.5386	-369.9974	169.4588	3.572911
690	-189.7245	-358.3688	168.6443	4.041842
696	-196.3666	-364.7601	168.3935	4.184576
702	-197.658	-367.5163	169.8584	3.339343
708	-195.3104	-364.2724	168.962	3.859998
714	-202.4607	-372.5214	170.0607	3.219962
720	-206.5501	-376.3122	169.7621	3.395856
726	-205.6668	-375.6383	169.9714	3.272732
732	-187.7757	-356.7361	168.9603	3.860931
738	-187.0532	-356.6544	169.6012	3.48999
744	-183.9373	-351.8881	167.9508	4.435
750	-183.0448	-352.4907	169.4459	3.580414
756	-185.6743	-354.1265	168.4522	4.151239
762	-204.4594	-371.7778	167.3184	4.789688
768	-190.3725	-358.2461	167.8735	4.478523
774	-187.5214	-357.5734	170.052	3.225117
780	-188.7728	-358.3206	169.5478	3.521137
786	-192.3578	-361.1878	168.83	3.935686
792	-188.7391	-358.2955	169.5563	3.51617
798	-193.8752	-363.756	169.8807	3.32619
804	-187.8558	-357.2572	169.4014	3.606299
810	-191.7011	-360.2375	168.5363	4.103375
816	-189.9946	-358.187	168.1925	4.298537
822	-183.2574	-353.0655	169.8082	3.368849
828	-192.5179	-362.3261	169.8082	3.368849
834	-187.5763	-356.6816	169.1054	3.77747
840	-191.969	-360.8668	168.8978	3.896813
846	-190.4841	-359.9799	169.4958	3.551413
852	-186.1993	-355.0731	168.8738	3.910589
858	-179.6366	-348.4239	168.7873	3.960149
864	-179.552	-348.4814	168.9294	3.878688
870	-188.0567	-357.0293	168.9726	3.853855
876	-189.5101	-357.8484	168.3382	4.21596
882	-205.991	-373.6864	167.6954	4.578666
888	-192.6356	-362.6297	169.994	3.259386
894	-190.3321	-358.7289	168.3968	4.182724
900	-188.3541	-357.601	169.2468	3.69583
906	-193.5722	-362.1092	168.537	4.10299
912	-192.2814	-362.5038	170.2224	3.124026
918	-198.9741	-367.4561	168.4819	4.134337
924	-211.8708	-380.439	168.5681	4.085269
930	-199.458	-369.0322	169.5742	3.505722
936	-191.486	-360.2323	168.7463	3.983578
942	-191.9969	-360.7328	168.7359	3.989513
948	-194.9761	-363.0049	168.0288	4.391014
954	-188.703	-358.614	169.911	3.308398
960	-186.4746	-356.0761	169.6014	3.48985
966	-193.1361	-361.8012	168.6651	4.029964
972	-202.4226	-371.7798	169.3572	3.6319
978	-200.0909	-368.7678	168.6769	4.023246
984	-213.1463	-380.2568	167.1105	4.90558
990	-207.436	-375.4641	168.0281	4.39144
996	-207.4343	-377.9512	170.517	2.94767
1002	-190.4433	-359.2487	168.8054	3.949755
1008	-188.2566	-357.062	168.8054	3.949755
1014	-200.4088	-369.2142	168.8054	3.949755
1020	-202.8662	-371.6438	168.7776	3.965706
1026	-200.7062	-369.8473	169.1411	3.756915
1032	-185.6732	-353.8452	168.172	4.310129
1038	-194.5508	-361.2993	166.7484	5.106695
1044	-195.8232	-365.7162	169.893	3.318965
1050	-191.2262	-360.6449	169.4187	3.596246
1056	-192.6155	-360.6962	168.0807	4.361716
1062	-201.4037	-370.0322	168.6286	4.050812
1068	-192.3312	-361.7571	169.4259	3.592046
1074	-189.4966	-359.1972	169.7006	3.431892
1080	-197.9256	-367.6536	169.728	3.415845
1086	-201.6615	-369.5952	167.9337	4.444621
1092	-205.8129	-374.615	168.8022	3.951629
1098	-189.1859	-358.0479	168.8621	3.917307
1104	-202.4197	-371.2748	168.8551	3.921285
1110	-191.2942	-359.7127	168.4186	4.170363
1116	-202.6327	-372.1582	169.5255	3.534102
1122	-207.8876	-376.3585	168.4709	4.140595
1128	-202.0597	-370.5306	168.4709	4.140595
1134	-202.3615	-371.1411	168.7796	3.964516
1140	-193.2023	-361.4654	168.2631	4.258565
1146	-202.2679	-371.7111	169.4432	3.582021
1152	-193.9401	-364.7603	170.8203	2.763821
1158	-194.867	-364.3756	169.5086	3.543953
1164	-199.2188	-367.551	168.3322	4.2194
1170	-196.3606	-364.9362	168.5756	4.080989
1176	-201.9854	-371.0188	169.0335	3.818882
1182	-204.0591	-372.1245	168.0654	4.370389
1188	-197.1527	-366.1085	168.9558	3.863546
1194	-198.3967	-367.9194	169.5227	3.535747
1200	-199.2699	-366.9234	167.6536	4.602123
1206	-199.7794	-369.7476	169.9682	3.274649
1212	-210.1086	-379.6135	169.505	3.546081
1218	-193.7221	-362.9322	169.21	3.717087
1224	-197.0548	-366.5137	169.4589	3.57288
1230	-201.9756	-370.5631	168.5875	4.074215
1236	-211.0511	-378.5429	167.4918	4.692732
1242	-197.636	-367.7918	170.1559	3.16355
1248	-186.2785	-356.4652	170.1867	3.145251
1254	-185.6657	-354.0609	168.3951	4.183669
1260	-183.0813	-352.7642	169.6829	3.442284
1266	-202.0999	-371.1046	169.0046	3.835488
1272	-188.11	-358.1921	170.0822	3.207274
1278	-192.1176	-361.3334	169.2157	3.713793
1284	-192.1718	-361.3876	169.2157	3.713793
1290	-206.8271	-374.4513	167.6242	4.61861
1296	-196.8066	-366.0696	169.263	3.686475
1302	-205.0121	-374.265	169.2529	3.692303
1308	-203.3402	-371.9542	168.614	4.05913
1314	-211.6182	-380.8894	169.2712	3.681743
1320	-209.6433	-377.7388	168.0954	4.353416
1326	-191.5161	-360.735	169.2189	3.711986
1332	-200.0481	-369.6755	169.6273	3.474736
1338	-181.7301	-351.0728	169.3427	3.640318
1344	-185.1713	-355.5343	170.363	3.040095
1350	-191.9573	-361.6196	169.6623	3.454306
1356	-185.9124	-353.9468	168.0344	4.387853
1362	-188.487	-358.5335	170.0465	3.228396
1368	-201.033	-370.2339	169.2009	3.722373
1374	-201.5332	-371.5195	169.9862	3.263997
1380	-190.8299	-360.8162	169.9862	3.263997
1386	-197.0939	-367.0801	169.9862	3.263997
1392	-192.1131	-362.0993	169.9862	3.263997
1398	-192.8306	-362.0392	169.2086	3.717912
1404	-205.8217	-375.7737	169.952	3.284181
1410	-194.1661	-364.2195	170.0534	3.22427
1416	-190.5027	-359.0198	168.517	4.114368
1422	-184.8355	-353.3525	168.517	4.114368
1428	-189.0927	-358.679	169.5864	3.498653
1434	-186.154	-355.4063	169.2523	3.692672
1440	-201.629	-372.0423	170.4133	3.009958
1446	-205.1899	-373.3739	168.184	4.303309
1452	-201.991	-370.8205	168.8295	3.935944
1458	-193.625	-361.0858	167.4608	4.710114
1464	-197.3346	-366.182	168.8475	3.925676
1470	-185.5891	-355.4976	169.9085	3.309847
1476	-194.5352	-363.1593	168.6242	4.053335
1482	-197.0228	-367.0213	169.9985	3.256752
1488	-196.0001	-364.3336	168.3335	4.218626
1494	-191.4794	-360.9772	169.4978	3.550254
1500	-192.1834	-360.7795	168.5961	4.069355
1506	-187.296	-356.7642	169.4682	3.56748
1512	-198.5996	-367.3703	168.7707	3.969638
1518	-205.0054	-373.8795	168.874	3.910443
1524	-195.4764	-365.7979	170.3216	3.064851
1530	-195.4937	-364.5381	169.0444	3.812609
1536	-199.6499	-369.5044	169.8545	3.341607
1542	-197.8948	-367.7493	169.8545	3.341607
1548	-179.7997	-349.315	169.5153	3.540063
1554	-180.4306	-349.7327	169.3021	3.663832
1560	-183.5946	-353.6947	170.1	3.196679
1566	-182.0191	-351.0478	169.0287	3.821641
1572	-205.2083	-373.4266	168.2183	4.283941
1578	-207.5462	-374.2092	166.663	5.154052
1584	-197.2606	-367.0218	169.7612	3.39642
1590	-187.1136	-356.6089	169.4952	3.551753
1596	-189.0058	-358.501	169.4952	3.551753
1602	-186.8139	-356.2744	169.4605	3.57194
1608	-183.8568	-354.0814	170.2246	3.122674
1614	-199.8714	-369.6225	169.7511	3.402298
1620	-200.3374	-368.6369	168.2995	4.237914
1626	-196.8326	-364.7994	167.9668	4.425963
1632	-196.381	-364.9711	168.5901	4.072747
1638	-199.37	-368.9779	169.6079	3.486068
1644	-203.9886	-372.0614	168.0728	4.366191
1650	-196.9783	-365.0511	168.0728	4.366191
1656	-207.9624	-376.8088	168.8464	3.926282
1662	-202.126	-371.0894	168.9634	3.859178
1668	-188.92	-357.9507	169.0308	3.82045
1674	-188.8106	-358.3469	169.5363	3.527816
1680	-195.1286	-363.9601	168.8315	3.934816
1686	-201.9	-370.0548	168.1547	4.319883
1692	-212.6696	-381.1699	168.5002	4.123925
1698	-210.2219	-378.7221	168.5002	4.123925
1704	-204.7303	-373.2305	168.5002	4.123925
1710	-191.1672	-359.2681	168.101	4.35028
1716	-185.3723	-354.2201	168.8478	3.925486
1722	-182.2007	-350.5112	168.3105	4.231692
1728	-187.6652	-356.0827	168.4175	4.17097
1734	-183.9587	-353.9048	169.9461	3.287663
1740	-175.9203	-345.8951	169.9748	3.270748
1746	-193.875	-364.3927	170.5177	2.947211
1752	-183.1251	-351.4959	168.3708	4.197486
1758	-188.2451	-356.8501	168.6051	4.064216
1764	-184.9688	-353.085	168.1162	4.341675
1770	-187.3803	-356.2608	168.8805	3.906751
1776	-199.7743	-368.6548	168.8805	3.906751
1782	-203.0709	-371.9514	168.8805	3.906751
1788	-189.7654	-358.1609	168.3955	4.183476
1794	-197.2371	-366.8418	169.6047	3.487939
1800	-193.4014	-361.8753	168.474	4.138874
1806	-192.5691	-362.6852	170.1162	3.187119
1812	-188.4852	-358.6934	170.2081	3.132498
1818	-192.8751	-360.9877	168.1126	4.3437
1824	-186.7547	-355.2552	168.5005	4.123768
1830	-187.5534	-356.0539	168.5005	4.123768
1836	-181.3515	-349.7683	168.4168	4.171339
1842	-181.3476	-351.9841	170.6365	2.875531
1848	-189.0013	-358.1022	169.1009	3.780085
1854	-189.9622	-359.4478	169.4857	3.557316
1860	-197.2844	-365.7368	168.4524	4.15112
1866	-188.0395	-356.4919	168.4524	4.15112
1872	-194.926	-363.3784	168.4524	4.15112
1878	-194.0197	-363.5519	169.5322	3.530212
1884	-204.0212	-372.4444	168.4232	4.167715
1890	-188.9863	-356.9147	167.9284	4.447629
1896	-192.4617	-362.19	169.7282	3.415727
1902	-208.6602	-378.3884	169.7282	3.415727
1908	-198.7602	-368.1029	169.3426	3.640382
1914	-201.3022	-369.8576	168.5555	4.092491
1920	-196.528	-365.8658	169.3378	3.64314
1926	-203.2458	-372.9406	169.6948	3.435301
1932	-192.5368	-361.2086	168.6718	4.026135
1938	-190.9534	-360.7941	169.8408	3.349699
1944	-204.5045	-374.266	169.7615	3.396238
1950	-206.2576	-376.0191	169.7615	3.396238
1956	-203.1444	-372.9059	169.7615	3.396238
1962	-200.3418	-370.1033	169.7615	3.396238
1968	-198.5004	-368.4158	169.9155	3.305723
1974	-197.9943	-366.2317	168.2375	4.273079
1980	-189.8154	-358.3309	168.5155	4.115244
1986	-195.268	-364.457	169.189	3.729234
1992	-191.2125	-361.5218	170.3093	3.07216
1998	-182.0654	-350.888	168.8226	3.939917
2004	-190.2367	-360.6985	170.4617	2.980885
2010	-193.2499	-362.6862	169.4364	3.585975
2016	-185.9594	-354.7899	168.8305	3.935372
2022	-196.7051	-366.1796	169.4745	3.563832
2028	-213.4885	-382.1502	168.6617	4.031938
2034	-195.217	-365.1516	169.9346	3.294434
2040	-191.1858	-361.561	170.3752	3.032795
2046	-193.7776	-364.184	170.4065	3.014055
2052	-197.7283	-366.3278	168.5995	4.067389
2058	-191.8929	-360.7075	168.8146	3.944505
2064	-199.6995	-368.9912	169.2916	3.669909
2070	-206.5155	-375.1767	168.6612	4.032175
2076	-195.9864	-365.2654	169.279	3.677235
2082	-196.6427	-365.5369	168.8942	3.898883
2088	-180.7199	-350.5349	169.815	3.364823
2094	-191.815	-360.403	168.588	4.073925
2100	-188.1251	-357.4351	169.31	3.659282
2106	-190.144	-358.5806	168.4366	4.160109
2112	-207.554	-375.6083	168.0543	4.376644
2118	-195.3775	-363.4318	168.0543	4.376644
2124	-192.6084	-361.9669	169.3585	3.631147
2130	-185.0673	-354.4258	169.3585	3.631147
2136	-179.0018	-348.6118	169.61	3.484867
2142	-180.8843	-349.8412	168.9569	3.862882
2148	-195.8722	-363.5712	167.699	4.576637
2154	-193.9707	-362.5032	168.5325	4.105564
2160	-193.3042	-362.7296	169.4253	3.592373
2166	-201.0298	-370.5889	169.5591	3.514572
2172	-191.8489	-360.9679	169.1189	3.769672
2178	-190.7663	-360.1404	169.3741	3.622142
2184	-196.0156	-365.3896	169.3741	3.622142
2190	-197.1618	-366.3477	169.1859	3.731031
2196	-193.041	-362.4815	169.4405	3.583582
2202	-195.1271	-364.2193	169.0922	3.785095
2208	-197.2066	-366.6027	169.3961	3.609358
2214	-192.1432	-360.3501	168.2069	4.290356
2220	-196.2899	-365.2503	168.9604	3.86091
2226	-192.0989	-361.0592	168.9604	3.86091
2232	-175.8708	-346.6262	170.7553	2.803381
2238	-179.6635	-349.9685	170.305	3.074762
2244	-190.8167	-359.8457	169.029	3.821464
2250	-196.4209	-365.2908	168.8699	3.912832
2256	-193.8292	-362.7418	168.9126	3.888304
2262	-192.566	-362.0072	169.4413	3.583124
2268	-185.0339	-354.5055	169.4716	3.565509
2274	-200.9872	-370.6677	169.6804	3.443688
2280	-201.6067	-370.0396	168.4328	4.162262
2286	-204.4507	-373.42	168.9693	3.855796
2292	-204.9479	-373.8887	168.9408	3.872147
2298	-203.2862	-372.4457	169.1595	3.746286
2304	-201.2979	-371.2886	169.9907	3.26135
2310	-201.8629	-370.5253	168.6624	4.031516
2316	-199.72	-369.0624	169.3424	3.640493
2322	-198.3132	-367.21	168.8968	3.897405
2328	-190.7437	-360.5326	169.7889	3.380136
2334	-193.9294	-363.5222	169.5927	3.494922
2340	-192.9866	-362.0301	169.0435	3.813134
2346	-190.5803	-359.0862	168.506	4.12066
2352	-187.1364	-356.573	169.4366	3.585814
2358	-197.2129	-366.6495	169.4366	3.585814
2364	-193.5263	-362.0423	168.5161	4.114918
2370	-199.8059	-370.0348	170.2289	3.120143
2376	-203.7826	-373.5008	169.7183	3.421549
2382	-196.514	-365.8319	169.3179	3.654709
2388	-207.7555	-376.977	169.2216	3.71042
2394	-202.7761	-371.5321	168.756	3.978035
2400	-191.4225	-360.1785	168.756	3.978035
2406	-196.2597	-364.599	168.3394	4.21533
2412	-197.3524	-367.0042	169.6518	3.460433
2418	-200.3474	-369.8232	169.4757	3.563085
2424	-194.7072	-364.6022	169.8949	3.317828
2430	-187.92	-357.4503	169.5303	3.531321
2436	-190.0193	-358.8322	168.8129	3.94549
2442	-197.2849	-366.7489	169.464	3.569898
2448	-189.013	-359.1454	170.1324	3.177508
2454	-190.5884	-359.3748	168.7864	3.960656
2460	-179.5639	-348.8394	169.2755	3.679265
2466	-180.2854	-349.7006	169.4152	3.598293
2472	-185.0716	-354.4867	169.4152	3.598293
2478	-201.7053	-371.3031	169.5977	3.492007
2484	-190.4142	-358.8631	168.4489	4.153129
2490	-204.0264	-374.3496	170.3233	3.063851
2496	-196.5373	-364.9696	168.4323	4.162556
2502	-187.5632	-355.1253	167.5622	4.653336
2508	-189.421	-358.6787	169.2576	3.689588
2514	-190.0429	-358.5601	168.5172	4.114301
2520	-188.8462	-358.7455	169.8993	3.315284
2526	-195.0924	-363.5001	168.4077	4.176518
2532	-196.7518	-366.6448	169.893	3.31896
2538	-192.1803	-361.8331	169.6527	3.459903
2544	-189.7301	-358.6363	168.9061	3.892047
2550	-202.0565	-369.7688	167.7123	4.569155
2556	-191.8979	-361.3985	169.5006	3.548636
2562	-193.5999	-363.0852	169.4853	3.557552
2568	-196.2419	-365.0497	168.8078	3.94842
2574	-186.2865	-354.749	168.4625	4.145407
2580	-194.0004	-363.4233	169.423	3.593763
2586	-192.4686	-362.2701	169.8015	3.372764
2592	-192.3553	-362.081	169.7257	3.417194
2598	-184.5257	-354.985	170.4593	2.982361
2604	-193.7203	-362.9113	169.191	3.728116
2610	-190.2191	-359.1901	168.971	3.854791
2616	-191.0583	-360.2378	169.1795	3.734722
2622	-191.8047	-359.4325	167.6278	4.616551
2628	-182.5662	-350.699	168.1328	4.332303
2634	-191.3584	-359.9883	168.6299	4.050063
2640	-188.555	-358.5614	170.0063	3.252125
2646	-194.5426	-363.577	169.0344	3.818322
2652	-195.5817	-365.3996	169.8179	3.363112
2658	-200.0997	-369.2465	169.1467	3.753631
2664	-196.5231	-364.926	168.4029	4.179266
2670	-205.8219	-375.0281	169.2062	3.719285
2676	-197.7849	-367.662	169.8771	3.328334
2682	-214.1174	-383.2815	169.1641	3.743641
2688	-204.7718	-375.0535	170.2817	3.088662
2694	-204.6609	-373.4836	168.8226	3.93992
2700	-200.4688	-369.2061	168.7374	3.988684
2706	-205.793	-373.9763	168.1833	4.303724
2712	-196.9015	-365.46	168.5585	4.090764
2718	-198.2009	-368.8899	170.6889	2.843746
2724	-197.8891	-368.0777	170.1886	3.144094
2730	-186.6725	-356.3293	169.6568	3.457511
2736	-182.7635	-352.7298	169.9663	3.275759
2742	-190.8133	-360.4463	169.633	3.471419
2748	-188.141	-357.0676	168.9266	3.880307
2754	-185.506	-354.3809	168.8748	3.909993
2760	-190.3798	-359.9772	169.5974	3.492226
2766	-181.253	-350.8398	169.5868	3.498388
2772	-195.5808	-365.4606	169.8798	3.326745
2778	-203.716	-373.2736	169.5577	3.515377
2784	-200.516	-368.3534	167.8374	4.498853
2790	-194.9132	-363.855	168.9418	3.871558
2796	-188.4666	-356.8232	168.3566	4.205555
2802	-182.0072	-350.3638	168.3566	4.205555
2808	-182.065	-352.1117	170.0467	3.228258
2814	-186.3664	-355.7691	169.4027	3.60554
2820	-182.9914	-352.7427	169.7513	3.40221
2826	-182.5152	-351.8118	169.2967	3.666984
2832	-192.8449	-362.1415	169.2967	3.666984
2838	-194.7797	-362.7828	168.0031	4.40553
2844	-197.3354	-365.3385	168.0031	4.40553
2850	-191.0294	-359.8623	168.8328	3.934058
2856	-210.4487	-380.0422	169.5935	3.494503
2862	-213.6109	-380.7054	167.0945	4.914488
2868	-198.4954	-368.5892	170.0937	3.200416
2874	-206.5733	-374.3863	167.813	4.512558
2880	-204.7968	-375.003	170.2063	3.133607
2886	-195.8839	-364.6498	168.7659	3.972359
2892	-202.601	-373.0551	170.4541	2.985446
2898	-196.831	-366.4899	169.6589	3.456284
2904	-198.5509	-367.7965	169.2457	3.696502
2910	-193.9523	-363.8471	169.8949	3.317873
2916	-200.0255	-369.8143	169.7887	3.380246
2922	-200.5077	-370.6024	170.0947	3.199821
2928	-192.9428	-362.4896	169.5469	3.521682
2934	-192.9103	-361.6185	168.7082	4.005338
2940	-190.031	-359.4428	169.4118	3.60027
2946	-185.3422	-354.4644	169.1222	3.767776
2952	-188.7807	-357.6838	168.903	3.893824
2958	-186.4989	-355.6879	169.1891	3.729192
2964	-191.3416	-360.4818	169.1402	3.757397
2970	-195.6672	-364.8074	169.1402	3.757397
2976	-192.64	-361.9904	169.3503	3.63591
2982	-186.1178	-355.5861	169.4683	3.567404
2988	-187.9007	-356.1805	168.2798	4.249114
2994	-188.4286	-356.8618	168.4332	4.162019
3000	-186.1636	-355.8996	169.736	3.411169
3006	-186.305	-356.152	169.847	3.346044
3012	-188.7125	-358.1649	169.4524	3.57667
3018	-186.4671	-356.3435	169.8764	3.328735
3024	-187.1905	-356.7759	169.5854	3.499222
3030	-193.6093	-363.2361	169.6268	3.47507
3036	-196.9839	-365.1061	168.1222	4.338272
3042	-190.6123	-359.1885	168.5762	4.080673
3048	-203.061	-370.0796	167.0185	4.956746
3054	-200.2543	-367.2729	167.0185	4.956746
3060	-199.7348	-367.4251	167.6903	4.581527
3066	-192.3747	-362.3079	169.9333	3.295255
3072	-185.1282	-353.7978	168.6696	4.02741
3078	-190.7725	-357.911	167.1386	4.889957
3084	-196.2477	-364.3581	168.1104	4.344975
3090	-186.8598	-355.6948	168.835	3.932837
3096	-190.2858	-360.2877	170.0019	3.254721
3102	-185.6215	-354.235	168.6134	4.059444
3108	-188.7031	-359.2163	170.5132	2.949907
3114	-193.3015	-363.2692	169.9677	3.274927
3120	-204.7883	-373.8923	169.1039	3.778323
3126	-202.6699	-372.4862	169.8163	3.364095
3132	-197.5414	-365.3035	167.7622	4.541134
3138	-191.8165	-360.9148	169.0983	3.781585
3144	-197.2213	-367.1329	169.9116	3.308036
3150	-196.7121	-366.1118	169.3998	3.607212
3156	-201.7658	-372.0966	170.3308	3.059322
3162	-192.8298	-361.344	168.5142	4.11597
3168	-184.4604	-354.5218	170.0614	3.219555
3174	-186.1127	-355.6698	169.5572	3.515678
3180	-192.2183	-361.0885	168.8702	3.912655
3186	-195.7858	-364.4672	168.6814	4.020666
3192	-184.2502	-353.2775	169.0272	3.822467
3198	-185.6099	-354.6423	169.0325	3.81947
3204	-188.7144	-358.1405	169.4261	3.591936
3210	-187.475	-356.1271	168.6521	4.037413
3216	-194.3745	-363.3913	169.0168	3.828463
3222	-197.4826	-366.5067	169.0241	3.824281
3228	-193.4285	-363.2732	169.8447	3.347369
3234	-200.0044	-370.0769	170.0725	3.213001
3240	-194.5816	-364.7477	170.1661	3.157471
3246	-203.4947	-371.0379	167.5432	4.663953
3252	-198.7505	-367.6049	168.8544	3.921694
3258	-191.8586	-360.3195	168.4608	4.146345
3264	-187.8429	-357.3016	169.4587	3.573
3270	-189.013	-356.2433	167.2303	4.838847
3276	-191.2168	-359.76	168.5431	4.099511
3282	-190.9184	-360.4967	169.5783	3.503337
3288	-201.9981	-370.6351	168.637	4.046003
3294	-201.2849	-369.922	168.637	4.046003
3300	-192.7243	-361.982	169.2577	3.689542
3306	-193.1031	-362.4001	169.297	3.666815
3312	-187.3652	-356.0709	168.7058	4.006735
3318	-184.4037	-353.0807	168.6769	4.02321
3324	-193.2135	-361.6612	168.4477	4.153784
3330	-198.8261	-367.3498	168.5237	4.11057
3336	-197.7344	-367.0629	169.3285	3.648566
3342	-193.7287	-362.7816	169.0528	3.807741
3348	-189.1271	-358.1799	169.0528	3.807741
3354	-204.965	-374.4155	169.4505	3.577754
3360	-196.3091	-366.18	169.8709	3.331953
3366	-201.1347	-370.8508	169.716	3.42286
3372	-191.5232	-360.0816	168.5584	4.090816
3378	-186.2244	-355.1399	168.9155	3.886679
3384	-198.0526	-366.0772	168.0245	4.39343
3390	-188.1489	-357.6818	169.5329	3.529819
3396	-198.2685	-365.2958	167.0273	4.951856
3402	-190.942	-360.1233	169.1812	3.733728
3408	-195.0725	-364.395	169.3224	3.652071
3414	-201.8875	-369.9954	168.1079	4.346346
3420	-193.2408	-362.2325	168.9916	3.84294
3426	-196.6203	-365.6119	168.9916	3.84294
3432	-204.3331	-372.9829	168.6498	4.03869
3438	-201.2828	-370.1049	168.8221	3.940203
3444	-202.9577	-372.026	169.0683	3.798848
3450	-193.6453	-363.5454	169.9002	3.314747
3456	-183.5652	-351.9607	168.3954	4.183498
3462	-193.0656	-362.7722	169.7067	3.428349
3468	-203.2706	-372.9773	169.7067	3.428349
3474	-189.8665	-358.6694	168.803	3.95116
3480	-197.8497	-367.3044	169.4548	3.575276
3486	-198.2696	-368.0364	169.7668	3.393116
3492	-200.4614	-369.8351	169.3737	3.622325
3498	-202.274	-371.0611	168.7872	3.960194
3504	-185.1775	-354.4519	169.2745	3.679852
3510	-195.031	-363.9389	168.9078	3.891057
3516	-208.5424	-376.5624	168.0201	4.395953
3522	-204.2588	-373.7717	169.5129	3.541451
3528	-196.4245	-366.4995	170.075	3.211517
3534	-189.9611	-359.9697	170.0086	3.250768
3540	-176.3518	-345.5554	169.2037	3.72077
3546	-189.2174	-358.7684	169.551	3.519259
3552	-210.5518	-379.8381	169.2862	3.673035
3558	-200.6547	-369.4493	168.7946	3.95597
3564	-196.479	-365.4121	168.9331	3.87655
3570	-184.9793	-354.4226	169.4433	3.581938
3576	-178.6159	-347.8457	169.2297	3.705704
3582	-188.6501	-358.134	169.4839	3.558311
3588	-181.9705	-350.8161	168.8456	3.926733
3594	-196.1209	-364.6133	168.4924	4.128372
3600	-191.4133	-360.4578	169.0445	3.812513
3606	-193.6897	-363.2417	169.5521	3.518643
3612	-174.9039	-344.5793	169.6754	3.446661
3618	-178.8003	-349.0068	170.2065	3.133462
3624	-185.5447	-355.0517	169.5069	3.544952
3630	-197.2612	-365.772	168.5108	4.117902
3636	-189.3281	-359.0891	169.761	3.396518
3642	-189.2614	-358.4311	169.1697	3.740369
3648	-198.5135	-368.0066	169.4931	3.552976
3654	-182.837	-351.249	168.4121	4.174042
3660	-189.0833	-357.4945	168.4112	4.174558
3666	-191.0105	-360.1247	169.1142	3.772422
3672	-186.3298	-356.7342	170.4044	3.015263
3678	-185.4864	-355.742	170.2555	3.104269
3684	-184.0671	-353.6754	169.6083	3.485868
3690	-186.6331	-355.6101	168.977	3.851351
3696	-188.123	-357.9363	169.8133	3.365837
3702	-192.9836	-361.173	168.1894	4.300271
3708	-184.1877	-353.3768	169.1892	3.729153
3714	-183.815	-352.2637	168.4487	4.153256
3720	-198.4	-368.9876	170.5876	2.905041
3726	-196.759	-365.4205	168.6615	4.032036
3732	-198.0887	-368.2262	170.1375	3.174473
3738	-209.1691	-378.1672	168.9981	3.839217
3744	-194.6593	-363.8409	169.1816	3.733534
3750	-198.231	-367.2887	169.0578	3.804912
3756	-204.9531	-374.7379	169.7848	3.382568
3762	-199.6153	-368.1734	168.558	4.091022
3768	-194.9371	-364.245	169.3078	3.660528
3774	-190.6005	-360.6516	170.0511	3.225682
3780	-182.1652	-351.1749	169.0097	3.832576
3786	-195.7538	-364.6139	168.8601	3.918433
3792	-196.6208	-365.3744	168.7536	3.979411
3798	-197.0404	-365.2376	168.1973	4.295834
3804	-195.7633	-364.9992	169.2359	3.702165
3810	-191.7754	-361.2069	169.4315	3.588796
3816	-193.6859	-363.1174	169.4315	3.588796
3822	-190.7127	-360.2588	169.5461	3.522132
3828	-188.1942	-356.9967	168.8025	3.951451
3834	-191.6852	-360.5615	168.8764	3.909121
3840	-188.5229	-358.4894	169.9665	3.275622
3846	-193.3338	-362.57	169.2362	3.701971
3852	-188.8092	-357.5344	168.7252	3.995666
3858	-183.3977	-351.3584	167.9607	4.429408
3864	-190.7408	-359.4703	168.7294	3.993231
3870	-190.4269	-359.1563	168.7294	3.993231
3876	-189.5774	-358.3068	168.7294	3.993231
3882	-194.0541	-362.7835	168.7294	3.993231
3888	-193.4716	-363.1633	169.6917	3.43712
3894	-207.8472	-377.3053	169.4581	3.573317
3900	-194.4262	-364.2434	169.8173	3.363508
3906	-197.7534	-366.8072	169.0539	3.807148
3912	-193.9104	-363.0904	169.18	3.734454
3918	-204.4991	-374.2575	169.7583	3.398072
3924	-191.1239	-360.2696	169.1458	3.754194
3930	-185.2495	-353.9633	168.7139	4.002121
3936	-194.7283	-362.9157	168.1874	4.301408
3942	-178.0936	-348.1125	170.0189	3.244692
3948	-187.2423	-354.885	167.6427	4.608214
3954	-192.7931	-360.7923	167.9992	4.407726
3960	-206.5967	-375.4295	168.8328	3.934105
3966	-202.9149	-370.4396	167.5247	4.674321
3972	-194.5267	-362.6114	168.0848	4.359422
3978	-200.0807	-369.45	169.3693	3.624906
3984	-191.3009	-360.2821	168.9812	3.848948
3990	-192.5049	-361.3224	168.8175	3.942839
3996	-192.6428	-361.3815	168.7387	3.987936
4002	-194.5672	-363.2512	168.684	4.019183
4008	-193.6566	-363.4729	169.8163	3.364071
4014	-190.4022	-359.1072	168.705	4.007161
4020	-181.9351	-350.8694	168.9343	3.875877
4026	-187.8831	-356.8174	168.9343	3.875877
4032	-186.0875	-356.1495	170.062	3.219218
4038	-181.3979	-350.7467	169.3489	3.636753
4044	-187.2186	-356.5674	169.3489	3.636753
4050	-185.9338	-355.271	169.3372	3.643524
4056	-181.7709	-351.3382	169.5673	3.50979
4062	-181.8478	-351.3954	169.5476	3.52124
4068	-189.3242	-357.2982	167.9739	4.421976
4074	-194.3129	-362.7329	168.4199	4.169589
4080	-187.4148	-357.3187	169.9039	3.312538
4086	-181.0456	-350.9495	169.9039	3.312538
4092	-203.9067	-372.1633	168.2566	4.262263
4098	-181.4051	-351.2403	169.8352	3.352968
4104	-189.954	-358.8296	168.8756	3.909565
4110	-188.551	-357.7878	169.2369	3.701589
4116	-193.7474	-362.4118	168.6645	4.030333
4122	-191.6031	-360.6639	169.0608	3.803139
4128	-184.1621	-353.6549	169.4929	3.553125
4134	-188.6099	-358.9466	170.3367	3.055808
4140	-191.5531	-361.3851	169.832	3.354858
4146	-201.0897	-370.6117	169.522	3.536157
4152	-189.4032	-358.3821	168.9789	3.850258
4158	-190.5588	-360.063	169.5043	3.546491
4164	-200.5937	-368.4945	167.9009	4.463139
4170	-190.9176	-360.3174	169.3998	3.607202
4176	-207.0104	-377.9134	170.903	2.713238
4182	-203.6167	-371.7584	168.1417	4.32728
4188	-203.57	-371.6158	168.0458	4.38144
4194	-200.0262	-368.4999	168.4737	4.139037
4200	-190.6556	-360.1421	169.4865	3.55681
4206	-194.5119	-365.1467	170.6348	2.876525
4212	-199.1688	-367.5712	168.4024	4.17954
4218	-203.1023	-370.0793	166.977	4.979848
4224	-203.8814	-371.3309	167.4496	4.71638
4230	-207.1323	-376.728	169.5957	3.493214
4236	-209.4372	-379.5488	170.1116	3.189834
4242	-201.7886	-369.5022	167.7136	4.568401
4248	-189.1896	-358.2947	169.1051	3.777651
4254	-189.9636	-357.8759	167.9123	4.456723
4260	-191.0412	-358.5397	167.4985	4.68898
4266	-196.9925	-365.8189	168.8264	3.93775
4272	-201.978	-369.7902	167.8122	4.513015
4278	-200.3467	-368.1932	167.8465	4.493739
4284	-203.3418	-372.7019	169.3601	3.630227
4290	-199.108	-366.8413	167.7332	4.557399
4296	-183.7532	-352.5565	168.8032	3.951011
4302	-184.8731	-352.5134	167.6403	4.609553
4308	-187.3276	-357.6064	170.2789	3.09035
4314	-193.7169	-361.7332	168.0163	4.398058
4320	-190.5962	-359.9495	169.3532	3.634215
4326	-182.0233	-350.8917	168.8684	3.913683
4332	-174.3678	-343.3852	169.0174	3.828137
4338	-186.5528	-355.5702	169.0174	3.828137
4344	-199.552	-368.7117	169.1597	3.746174
4350	-209.9648	-378.579	168.6142	4.059003
4356	-198.0625	-365.3692	167.3067	4.796217
4362	-196.4685	-365.6395	169.1709	3.739668
4368	-194.0472	-363.2181	169.1709	3.739668
4374	-188.8515	-357.7014	168.8499	3.924269
4380	-184.8152	-354.2356	169.4204	3.595259
4386	-184.9423	-354.3626	169.4204	3.595259
4392	-189.4674	-358.8878	169.4204	3.595259
4398	-186.0504	-356.5987	170.5482	2.928816
4404	-183.5938	-353.6758	170.082	3.207337
4410	-178.7908	-348.8729	170.082	3.207337
4416	-189.4945	-358.9449	169.4504	3.577825
4422	-171.6599	-342.3225	170.6626	2.859697
4428	-180.2837	-350.1358	169.852	3.343065
4434	-185.8855	-356.1149	170.2294	3.119825
4440	-191.3408	-361.3953	170.0545	3.22364
4446	-188.8314	-357.2189	168.3875	4.187994
4452	-180.3538	-348.7413	168.3875	4.187994
4458	-187.2057	-357.2775	170.0718	3.213419
4464	-192.5742	-361.8697	169.2954	3.667699
4470	-184.612	-354.9027	170.2907	3.08329
4476	-183.2557	-354.0638	170.8081	2.771265
4482	-196.356	-365.6666	169.3105	3.658967
4488	-198.5007	-367.1172	168.6165	4.057699
4494	-199.2429	-368.1753	168.9325	3.876927
4500	-197.5686	-364.5131	166.9446	4.997861
4506	-187.7137	-358.4299	170.7161	2.827227
4512	-190.8697	-359.8859	169.0162	3.828824
4518	-198.6393	-369.7722	171.1329	2.571406
4524	-193.661	-362.3182	168.6573	4.034448
4530	-196.6739	-366.4561	169.7822	3.384084
4536	-194.1193	-361.9044	167.785	4.528294
4542	-183.3208	-353.0403	169.7195	3.420835
4548	-178.4954	-348.8983	170.4029	3.016215
4554	-177.4083	-347.6017	170.1934	3.141238
4560	-173.431	-343.4933	170.0623	3.219051
4566	-187.4622	-357.0333	169.5711	3.507533
4572	-190.4997	-360.5634	170.0637	3.21822
4578	-187.8125	-356.0762	168.2637	4.258217
4584	-192.2941	-360.5578	168.2637	4.258217
4590	-187.5311	-355.0123	167.4812	4.698692
4596	-197.4896	-365.032	167.5424	4.664449
4602	-199.6783	-369.3426	169.6643	3.453119
4608	-199.3666	-367.7657	168.3992	4.181373
4614	-200.3995	-368.9895	168.59	4.072796
4620	-185.898	-355.4791	169.5811	3.501699
4626	-178.8262	-347.4376	168.6114	4.060607
4632	-187.4151	-357.7034	170.2883	3.084727
4638	-194.0553	-362.9145	168.8592	3.918976
4644	-189.0665	-359.2217	170.1552	3.163977
4650	-188.6124	-358.7676	170.1552	3.163977
4656	-197.5614	-366.4999	168.9386	3.873436
4662	-210.7732	-379.0277	168.2546	4.263383
4668	-196.9981	-366.6837	169.6856	3.440655
4674	-203.5411	-374.3119	170.7708	2.793968
4680	-184.7437	-354.8603	170.1166	3.186857
4686	-189.9136	-358.9528	169.0393	3.815546
4692	-211.5354	-377.7866	166.2512	5.38155
4698	-189.2713	-357.8603	168.5889	4.073424
4704	-182.8351	-353.2936	170.4585	2.982831
4710	-190.6007	-358.2145	167.6138	4.624411
4716	-199.6968	-368.3506	168.6538	4.036419
4722	-193.8165	-363.0247	169.2082	3.718176
4728	-190.4778	-360.2907	169.813	3.366023
4734	-198.6766	-366.7323	168.0557	4.375818
4740	-196.3922	-365.4647	169.0725	3.796425
4746	-197.8561	-366.6497	168.7935	3.956571
4752	-207.0503	-375.0743	168.024	4.393711
4758	-214.8417	-382.7279	167.8861	4.47142
4764	-198.3671	-366.6677	168.3006	4.23728
4770	-203.0533	-371.762	168.7087	4.005077
4776	-192.1393	-361.353	169.2137	3.714973
4782	-199.341	-369.1426	169.8016	3.372683
4788	-190.3163	-359.8865	169.5702	3.508063
4794	-199.5108	-369.081	169.5702	3.508063
4800	-190.7527	-359.7733	169.0206	3.826305
4806	-190.6693	-359.542	168.8726	3.911255
4812	-196.9511	-366.2409	169.2898	3.670992
4818	-192.1234	-361.4844	169.361	3.629733
4824	-201.2926	-370.8333	169.5407	3.525266
4830	-198.3054	-367.1321	168.8266	3.937619
4836	-191.0617	-360.2699	169.2082	3.718152
4842	-185.1913	-355.1898	169.9985	3.256732
4848	-194.3559	-363.4224	169.0666	3.799837
4854	-197.8432	-367.2769	169.4337	3.587529
4860	-186.0411	-355.5569	169.5158	3.539751
4866	-203.4924	-371.9633	168.471	4.140579
4872	-210.372	-379.7438	169.3719	3.623418
4878	-211.7352	-380.3489	168.6137	4.059292
4884	-211.1682	-380.4774	169.3092	3.659737
4890	-208.7031	-376.8428	168.1397	4.328401
4896	-202.2295	-372.2714	170.0419	3.231129
4902	-199.5244	-369.6128	170.0884	3.203586
4908	-194.2897	-363.8961	169.6064	3.486978
4914	-196.1136	-364.8516	168.738	3.988329
4920	-201.8858	-370.6238	168.738	3.988329
4926	-202.4763	-371.8571	169.3807	3.618271
4932	-192.2801	-362.3137	170.0335	3.236043
4938	-196.5449	-365.1553	168.6104	4.061193
4944	-191.1684	-361.2424	170.074	3.212082
4950	-192.4156	-361.4582	169.0426	3.813625
4956	-192.2081	-361.9476	169.7395	3.409103
4962	-192.8802	-362.7656	169.8854	3.323437
4968	-199.5939	-369.8961	170.3022	3.076431
4974	-205.3524	-373.8286	168.4762	4.137599
4980	-194.7154	-364.6121	169.8967	3.316813
4986	-209.2557	-379.71	170.4543	2.985359
4992	-210.898	-379.8031	168.9052	3.892579
4998	-216.7551	-386.0706	169.3154	3.656139
5004	-209.6154	-378.8371	169.2217	3.71037
5010	-217.9803	-386.578	168.5977	4.068442
5016	-215.5994	-382.8895	167.2901	4.805465
5022	-211.0143	-379.4428	168.4284	4.164756
5028	-203.4032	-372.2182	168.8151	3.944239
5034	-211.3128	-379.9483	168.6355	4.04685
5040	-210.0212	-378.7401	168.7189	3.999246
5046	-199.7389	-369.4511	169.7121	3.42514
5052	-205.2429	-374.2891	169.0462	3.811555
5058	-195.5992	-364.6454	169.0462	3.811555
5064	-184.7447	-354.4205	169.6758	3.44643
5070	-190.9764	-360.5579	169.5815	3.501502
5076	-193.5215	-362.2609	168.7394	3.987537
5082	-206.8794	-374.7754	167.8959	4.465915
5088	-208.2315	-377.6921	169.4606	3.571903
5094	-194.4842	-364.1813	169.697	3.433983
5100	-200.4888	-369.2531	168.7643	3.973304
5106	-213.4218	-383.5045	170.0826	3.206987
5112	-195.6816	-363.935	168.2535	4.264012
5118	-198.852	-367.4955	168.6435	4.042304
5124	-200.801	-369.4445	168.6435	4.042304
5130	-212.4039	-380.4412	168.0374	4.386182
5136	-200.4653	-370.7328	170.2674	3.097166
5142	-195.0012	-364.3049	169.3037	3.662908
5148	-211.8438	-378.5431	166.6993	5.133934
5154	-200.5369	-369.2702	168.7334	3.990963
5160	-205.8179	-374.0768	168.2589	4.260916
5166	-206.056	-374.4086	168.3525	4.207855
5172	-203.2725	-373.3589	170.0864	3.204776
5178	-200.2897	-368.4318	168.1421	4.327042
5184	-202.1844	-371.9394	169.7549	3.400077
5190	-194.2952	-362.6883	168.393	4.184875
5196	-192.0799	-363.058	170.978	2.667137
5202	-183.5894	-352.9578	169.3684	3.625416
5208	-195.4813	-364.8386	169.3572	3.631896
5214	-197.9179	-366.1012	168.1833	4.303757
5220	-193.4395	-362.5256	169.0861	3.788561
5226	-201.8265	-370.9126	169.0861	3.788561
5232	-200.9924	-371.3247	170.3323	3.058465
5238	-198.5613	-368.638	170.0768	3.210455
5244	-190.9293	-359.352	168.4227	4.168016
5250	-190.7541	-359.3164	168.5623	4.08858
5256	-189.9388	-359.9659	170.0271	3.239847
5262	-185.8731	-355.5192	169.6461	3.46379
5268	-190.9475	-361.2224	170.2749	3.092719
5274	-189.1944	-358.8755	169.6811	3.443295
5280	-192.4506	-361.3142	168.8637	3.916403
5286	-200.3079	-371.1215	170.8136	2.76789
5292	-209.5811	-378.1169	168.5358	4.103692
5298	-198.7104	-366.4533	167.7429	4.551968
5304	-197.6978	-366.0448	168.3469	4.211021
5310	-193.864	-361.627	167.763	4.540688
5316	-206.2399	-375.3186	169.0787	3.792827
5322	-199.5896	-368.6525	169.0629	3.801977
5328	-199.6569	-368.697	169.0401	3.815065
5334	-190.5046	-359.1988	168.6942	4.013358
5340	-197.1718	-365.1515	167.9798	4.418677
5346	-205.0008	-372.9806	167.9798	4.418677
5352	-196.3896	-365.6523	169.2627	3.686672
5358	-207.8442	-376.8837	169.0395	3.815428
5364	-211.4083	-380.4477	169.0395	3.815428
5370	-201.669	-370.4561	168.7871	3.960228
5376	-206.4378	-376.4424	170.0045	3.253187
5382	-189.7987	-359.5292	169.7305	3.414362
5388	-191.2937	-359.985	168.6913	4.015026
5394	-193.9711	-362.9066	168.9355	3.875205
5400	-185.9219	-354.8698	168.9479	3.868042
5406	-188.9712	-358.7297	169.7585	3.397966
5412	-190.5964	-359.8689	169.2724	3.681015
5418	-187.8027	-357.0752	169.2724	3.681015
5424	-180.1581	-349.4884	169.3303	3.647519
5430	-183.1207	-352.451	169.3303	3.647519
5436	-182.1395	-351.9694	169.8299	3.356068
5442	-188.0657	-356.7651	168.6994	4.010395
5448	-184.8467	-353.546	168.6994	4.010395
5454	-193.9989	-363.5759	169.577	3.504095
5460	-199.2808	-368.3148	169.034	3.8186
5466	-197.5694	-366.2696	168.7001	4.009958
5472	-188.3586	-356.8685	168.5098	4.118459
5478	-199.7394	-368.036	168.2966	4.239591
5484	-201.1592	-369.4557	168.2966	4.239591
5490	-191.6922	-361.3199	169.6276	3.474559
5496	-192.9184	-363.4	170.4815	2.968985
5502	-184.9118	-353.4872	168.5753	4.081177
5508	-193.1765	-362.1191	168.9426	3.871109
5514	-189.1463	-359.2164	170.0701	3.214415
5520	-190.4054	-360.7105	170.3051	3.074689
5526	-190.6435	-359.787	169.1435	3.755505
5532	-185.0687	-354.6551	169.5864	3.498628
5538	-187.083	-357.3707	170.2876	3.085114
5544	-184.4818	-354.2984	169.8167	3.363851
5550	-183.313	-353.3925	170.0795	3.208849
5556	-194.9889	-363.7072	168.7183	3.999565
5562	-188.1583	-356.1019	167.9436	4.439038
5568	-195.4905	-364.8921	169.4016	3.606148
5574	-189.4188	-358.5149	169.0961	3.782847
5580	-190.7059	-360.0974	169.3915	3.612
5586	-182.2037	-351.6205	169.4168	3.597319
5592	-190.4651	-359.7924	169.3272	3.649286
5598	-196.9971	-365.7346	168.7376	3.988584
5604	-186.8208	-355.7737	168.9529	3.865223
5610	-189.3909	-359.0206	169.6297	3.473358
5616	-184.1927	-353.8551	169.6624	3.454244
5622	-186.1263	-355.7484	169.6221	3.477795
5628	-199.5179	-368.5713	169.0535	3.807377
5634	-191.3031	-360.3267	169.0236	3.82458
5640	-187.7002	-357.1009	169.4007	3.606701
5646	-193.2205	-361.9723	168.7518	3.98045
5652	-194.6863	-365.1209	170.4347	2.997131
5658	-187.7611	-357.4957	169.7346	3.412013
5664	-205.5517	-374.6835	169.1318	3.762231
5670	-205.7696	-374.1032	168.3336	4.218585
5676	-200.617	-368.9506	168.3336	4.218585
5682	-209.4947	-376.8311	167.3364	4.779644
5688	-187.8048	-357.5915	169.7867	3.381459
5694	-185.6022	-354.7245	169.1223	3.767737
5700	-195.2896	-364.5516	169.262	3.687082
5706	-194.9141	-363.1831	168.2691	4.255172
5712	-197.0624	-366.8864	169.824	3.359552
5718	-187.5895	-356.9307	169.3412	3.641207
5724	-185.5716	-354.3746	168.803	3.951127
5730	-202.7928	-372.1368	169.344	3.639579
5736	-196.9506	-366.7241	169.7735	3.389192
5742	-189.6994	-360.3236	170.6242	2.882943
5748	-198.3597	-367.7426	169.3829	3.617005
5754	-197.3014	-364.858	167.5566	4.656455
5760	-199.6008	-368.7121	169.1112	3.77411
5766	-194.0611	-363.5121	169.4509	3.577506
5772	-206.3741	-375.1647	168.7906	3.958236
5778	-202.9383	-372.3769	169.4386	3.584688
5784	-199.1269	-368.2626	169.1357	3.759985
5790	-208.4992	-378.0445	169.5454	3.52254
5796	-199.4976	-367.8816	168.384	4.189975
5802	-190.0854	-359.2652	169.1799	3.734508
5808	-190.8285	-359.7265	168.898	3.8967
5814	-191.7647	-361.4007	169.636	3.469684
5820	-189.3557	-358.6346	169.2789	3.677283
5826	-197.4097	-367.4357	170.026	3.240487
5832	-193.0586	-363.2321	170.1735	3.153076
5838	-198.5043	-367.1412	168.6369	4.046091
5844	-193.582	-362.9139	169.3319	3.646572
5850	-208.9535	-377.1875	168.234	4.27504
5856	-211.8018	-381.0215	169.2198	3.711467
5862	-196.1527	-365.1807	169.028	3.822004
5868	-197.4684	-367.7868	170.3183	3.066793
5874	-199.9317	-368.3339	168.4022	4.179671
5880	-207.4616	-377.4508	169.9891	3.262281
5886	-209.3935	-378.3385	168.9451	3.869704
5892	-204.1567	-373.8123	169.6556	3.458213
5898	-203.2034	-371.7605	168.557	4.091602
5904	-194.2184	-363.2102	168.9918	3.842836
5910	-186.961	-356.4971	169.536	3.528002
5916	-190.4477	-359.422	168.9743	3.852928
5922	-184.2159	-352.5497	168.3338	4.218466
5928	-198.096	-367.2416	169.1456	3.754308
5934	-186.5146	-356.6764	170.1618	3.160048
5940	-195.4842	-364.7672	169.2829	3.674949
5946	-193.6327	-363.3908	169.7581	3.398205
5952	-193.2638	-362.4364	169.1726	3.738736
5958	-192.6016	-360.6603	168.0587	4.374154
5964	-182.2501	-352.1039	169.8537	3.342073
5970	-181.716	-351.1647	169.4487	3.578816
5976	-177.9582	-347.1048	169.1465	3.753758
5982	-190.0791	-358.6529	168.5739	4.082011
5988	-184.6136	-354.0383	169.4247	3.592759
5994	-188.3265	-357.728	169.4015	3.60624
6000	-190.7617	-360.1632	169.4015	3.60624
6006	-199.2024	-368.2512	169.0487	3.810098
6012	-197.9227	-365.8273	167.9046	4.461022
6018	-199.972	-367.976	168.004	4.405036
6024	-204.2769	-372.0228	167.7459	4.550283
6030	-200.1241	-369.0502	168.9261	3.880589
6036	-184.5485	-353.9081	169.3596	3.630523
6042	-193.1009	-363.3296	170.2287	3.120241
6048	-208.6552	-378.4612	169.806	3.370104
6054	-202.0004	-369.6552	167.6549	4.60139
6060	-198.4354	-368.057	169.6216	3.478083
6066	-202.6745	-371.8861	169.2117	3.71616
6072	-209.9612	-378.0601	168.0989	4.351431
6078	-210.4734	-377.9773	167.5039	4.68599
6084	-200.7785	-368.3949	167.6164	4.622953
6090	-191.6964	-360.4273	168.7309	3.992397
6096	-194.5865	-363.3174	168.7309	3.992397
6102	-190.3801	-359.6443	169.2642	3.685763
6108	-185.8867	-355.151	169.2642	3.685763
6114	-184.6926	-353.6666	168.9739	3.853109
6120	-196.3314	-364.8806	168.5492	4.096078
6126	-189.7263	-358.2755	168.5492	4.096078
6132	-187.6673	-356.9784	169.3111	3.658646
6138	-201.1172	-369.704	168.5868	4.07464
6144	-200.2494	-367.8545	167.6051	4.629285
6150	-188.5133	-357.9155	169.4022	3.605808
6156	-186.2356	-355.6465	169.4109	3.600754
6162	-179.4818	-349.8137	170.332	3.058651
6168	-181.9532	-351.394	169.4408	3.58341
6174	-193.0833	-363.0376	169.9543	3.28285
6180	-196.74	-367.1856	170.4456	2.990545
6186	-194.2512	-364.6968	170.4456	2.990545
6192	-182.8703	-353.3159	170.4456	2.990545
6198	-183.0965	-352.2459	169.1494	3.752125
6204	-186.5077	-356.087	169.5793	3.502763
6210	-188.5143	-357.7798	169.2655	3.685036
6216	-183.3567	-352.4053	169.0486	3.810197
6222	-182.72	-352.8467	170.1266	3.180901
6228	-180.428	-350.5574	170.1294	3.179263
6234	-174.8736	-345.476	170.6025	2.896075
6240	-182.5821	-352.7934	170.2114	3.130565
6246	-194.6394	-365.5943	170.9549	2.681332
6252	-193.3406	-362.5376	169.197	3.724633
6258	-191.8222	-361.2073	169.3851	3.615741
6264	-189.0755	-359.4087	170.3332	3.057906
6270	-188.5569	-357.6644	169.1075	3.776259
6276	-203.4658	-373.3733	169.9075	3.31044
6282	-197.4749	-366.8865	169.4115	3.600393
6288	-206.3534	-375.5005	169.1471	3.753422
6294	-212.174	-381.7636	169.5896	3.496739
6300	-211.2101	-380.8385	169.6283	3.474148
6306	-203.5159	-371.8871	168.3712	4.197254
6312	-187.6563	-357.3519	169.6956	3.434799
6318	-186.9685	-357.41	170.4416	2.993002
6324	-201.4182	-370.0115	168.5934	4.07088
6330	-193.6868	-363.2462	169.5595	3.514328
6336	-199.928	-369.491	169.563	3.512253
6342	-196.0119	-364.9772	168.9653	3.858069
6348	-203.4259	-371.5303	168.1044	4.348334
6354	-195.2588	-364.2895	169.0307	3.820469
6360	-210.2387	-379.1364	168.8977	3.896853
6366	-203.6222	-371.926	168.3039	4.235441
6372	-191.9969	-361.7598	169.7629	3.39541
6378	-200.9903	-369.65	168.6598	4.033021
6384	-196.5183	-365.9025	169.3842	3.616275
6390	-204.9126	-373.5652	168.6526	4.037091
6396	-188.1104	-357.0212	168.9108	3.889365
6402	-186.386	-356.1527	169.7667	3.393148
6408	-216.3142	-385.9678	169.6535	3.459419
6414	-201.9428	-371.3316	169.3889	3.61356
6420	-204.1315	-374.0589	169.9274	3.298687
6426	-208.1601	-376.7008	168.5407	4.100913
6432	-190.3596	-358.9002	168.5407	4.100913
6438	-192.6352	-362.9553	170.3201	3.065754
6444	-191.1698	-360.4472	169.2774	3.678146
6450	-195.7033	-364.8172	169.1139	3.772594
6456	-202.2665	-371.1835	168.917	3.885803
6462	-211.6496	-381.2163	169.5667	3.51013
6468	-206.3835	-374.9106	168.5271	4.108653
6474	-199.9264	-369.1615	169.2351	3.702582
6480	-180.0698	-350.4019	170.3321	3.058588
6486	-181.0633	-350.3258	169.2626	3.686727
6492	-187.3123	-354.8756	167.5633	4.652739
6498	-193.569	-362.9836	169.4146	3.598599
6504	-195.8309	-365.0902	169.2592	3.688649
6510	-199.6134	-368.0973	168.4839	4.133201
6516	-200.8326	-370.4642	169.6316	3.472219
6522	-195.8763	-365.2683	169.392	3.611741
6528	-196.7464	-366.1384	169.392	3.611741
6534	-191.4192	-359.7331	168.3138	4.229799
6540	-206.2987	-375.0318	168.7331	3.991138
6546	-204.7667	-374.1392	169.3725	3.62303
6552	-203.0341	-373.8715	170.8374	2.753353
6558	-203.4888	-372.4411	168.9524	3.865506
6564	-202.6384	-370.6699	168.0315	4.389525
6570	-195.3523	-364.3412	168.9889	3.844496
6576	-195.4898	-364.6521	169.1623	3.744665
6582	-191.2524	-361.5284	170.276	3.092074
6588	-181.2579	-351.5339	170.276	3.092074
6594	-184.1636	-353.254	169.0904	3.786107
6600	-189.4686	-359.3099	169.8413	3.349368
6606	-196.7152	-364.6213	167.9061	4.460163
6612	-212.2221	-380.8183	168.5962	4.06927
6618	-204.4596	-373.3421	168.8825	3.905602
6624	-210.2776	-379.549	169.2714	3.681639
6630	-196.7151	-365.9864	169.2714	3.681639
6636	-194.2622	-361.7412	167.479	4.699936
6642	-195.6075	-363.1023	167.4948	4.691073
6648	-201.5683	-369.9799	168.4115	4.174356
6654	-195.7459	-364.9339	169.188	3.72982
6660	-194.9439	-363.8449	168.9011	3.894958
6666	-188.7998	-357.7009	168.9011	3.894958
6672	-199.9935	-368.6217	168.6281	4.051072
6678	-188.0239	-356.3245	168.3007	4.237272
6684	-192.1817	-360.4695	168.2878	4.244557
6690	-183.5194	-352.9579	169.4384	3.584775
6696	-189.4919	-358.4854	168.9936	3.841837
6702	-200.0782	-368.4803	168.4021	4.1797
6708	-207.9897	-375.6766	167.6869	4.583387
6714	-207.1988	-378.1764	170.9776	2.667394
6720	-189.8661	-359.2005	169.3343	3.645168
6726	-195.1347	-364.4797	169.345	3.638983
6732	-198.3419	-367.1266	168.7848	3.961585
6738	-194.7707	-364.325	169.5544	3.517298
6744	-193.553	-363.7684	170.2154	3.12816
6750	-206.9677	-376.9586	169.9909	3.26123
6756	-211.3618	-379.5267	168.1649	4.314146
6762	-196.4599	-365.8798	169.4199	3.595552
6768	-189.3685	-358.0599	168.6913	4.015008
6774	-198.3187	-367.3827	169.0641	3.801275
6780	-222.0587	-392.2731	170.2143	3.128798
6786	-201.7343	-370.9831	169.2488	3.694668
6792	-214.8961	-382.7307	167.8346	4.500453
6798	-202.6213	-371.6255	169.0042	3.83572
6804	-188.792	-358.3149	169.5229	3.535663
6810	-195.1503	-365.3865	170.2362	3.115805
6816	-188.5619	-357.1527	168.5908	4.07236
6822	-188.2714	-358.7249	170.4536	2.985777
6828	-193.4081	-362.3517	168.9436	3.870524
6834	-193.5406	-362.253	168.7124	4.002946
6840	-195.4899	-364.7026	169.2128	3.715511
6846	-188.0692	-357.5155	169.4462	3.580245
6852	-188.4187	-357.8649	169.4462	3.580245
6858	-189.4015	-358.9684	169.567	3.509955
6864	-193.462	-363.4772	170.0151	3.246921
6870	-195.7682	-364.2597	168.4915	4.128895
6876	-191.5449	-359.6167	168.0717	4.366782
6882	-178.4922	-347.504	169.0118	3.831354
6888	-182.7027	-352.0645	169.3618	3.629281
6894	-193.0325	-362.3943	169.3618	3.629281
6900	-207.3093	-377.7914	170.4822	2.9686
6906	-187.9355	-357.2737	169.3382	3.642924
6912	-181.0367	-350.375	169.3382	3.642924
6918	-187.9876	-358.0441	170.0565	3.222445
6924	-209.9386	-377.4327	167.4941	4.691473
6930	-202.3589	-371.311	168.952	3.865695
6936	-208.5997	-377.1928	168.5931	4.071069
6942	-201.0642	-368.6235	167.5593	4.654961
6948	-220.3828	-386.9431	166.5602	5.210902
6954	-203.8603	-371.5514	167.6911	4.581063
6960	-200.6372	-368.8627	168.2255	4.27985
6966	-203.2348	-373.3721	170.1373	3.174583
6972	-203.3989	-371.891	168.4921	4.128538
6978	-205.7011	-374.1933	168.4921	4.128538
6984	-203.4512	-371.1315	167.6803	4.587115
6990	-198.0571	-365.7374	167.6803	4.587115
6996	-199.1854	-368.5493	169.3639	3.628032
7002	-205.9247	-375.5799	169.6552	3.458461
7008	-198.2447	-368.5488	170.3041	3.075298
7014	-192.704	-362.279	169.575	3.505266
7020	-198.2631	-367.637	169.3739	3.622217
7026	-207.1284	-375.2179	168.0895	4.356755
7032	-197.8261	-365.7254	167.8994	4.463983
7038	-197.2195	-366.0318	168.8123	3.945826
7044	-202.2625	-371.6884	169.426	3.59202
7050	-192.8419	-360.6716	167.8296	4.503225
7056	-200.7971	-369.1477	168.3506	4.208942
7062	-187.1062	-354.8895	167.7833	4.529255
7068	-186.4833	-356.7699	170.2866	3.085726
7074	-197.8009	-367.2815	169.4806	3.560257
7080	-199.4347	-368.0127	168.5779	4.079693
7086	-202.8509	-372.3466	169.4957	3.551472
7092	-205.9855	-375.3208	169.3353	3.644639
7098	-206.8952	-375.5951	168.6999	4.010092
7104	-194.0418	-361.2814	167.2395	4.833677
7110	-192.5966	-362.6211	170.0245	3.2414
7116	-200.7097	-370.7487	170.039	3.232808
7122	-199.5426	-368.5783	169.0358	3.817559
7128	-188.924	-357.7623	168.8384	3.930889
7134	-200.4336	-370.5686	170.135	3.175946
7140	-198.0268	-367.8378	169.811	3.367174
7146	-198.5078	-367.6959	169.1881	3.729736
7152	-209.7201	-379.1669	169.4468	3.579933
7158	-205.8248	-376.0517	170.227	3.121271
7164	-201.9546	-370.9792	169.0246	3.823975
7170	-204.7949	-374.2407	169.4457	3.580524
7176	-193.1623	-362.4468	169.2844	3.674073
7182	-221.5765	-391.7694	170.1929	3.141528
7188	-213.2064	-381.306	168.0996	4.35105
7194	-200.8982	-370.1606	169.2624	3.686824
7200	-203.7871	-373.9083	170.1212	3.18412
7206	-182.3362	-352.6657	170.3296	3.060083
7212	-196.1338	-364.9753	168.8415	3.929087
7218	-195.6437	-366.5697	170.926	2.699082
7224	-178.9537	-349.8797	170.926	2.699082
7230	-176.9548	-346.5784	169.6235	3.476944
7236	-175.1579	-345.1323	169.9744	3.271004
7242	-167.5863	-337.5606	169.9744	3.271004
7248	-184.9302	-354.164	169.2338	3.703334
7254	-190.5507	-359.7766	169.2259	3.707931
7260	-189.0893	-358.1618	169.0726	3.796378
7266	-184.7937	-355.2066	170.413	3.010158
7272	-187.5314	-358.6067	171.0754	2.607078
7278	-186.0116	-355.9506	169.9391	3.291822
7284	-193.3889	-362.7991	169.4102	3.601153
7290	-193.2931	-362.2263	168.9332	3.876504
7296	-196.0947	-365.7193	169.6245	3.476375
7302	-199.2382	-369.5095	170.2713	3.094888
7308	-190.8895	-360.8995	170.01	3.249966
7314	-196.3503	-365.2196	168.8693	3.913154
7320	-196.3415	-365.1567	168.8151	3.944203
7326	-202.2507	-370.7865	168.5359	4.103653
7332	-190.243	-359.7241	169.4812	3.559934
7338	-180.3519	-349.833	169.4812	3.559934
7344	-201.5584	-371.7022	170.1439	3.170684
7350	-185.3462	-355.8326	170.4864	2.966058
7356	-188.1064	-358.4331	170.3267	3.061762
7362	-190.0689	-358.7953	168.7264	3.994957
7368	-197.8373	-367.126	169.2887	3.671593
7374	-190.9867	-359.4762	168.4895	4.130027
7380	-189.421	-358.148	168.727	3.994615
7386	-197.2171	-367.0995	169.8824	3.325209
7392	-193.5801	-362.337	168.7569	3.977495
7398	-192.8169	-361.5738	168.7569	3.977495
7404	-204.5348	-373.849	169.3141	3.656871
7410	-210.356	-378.6059	168.2499	4.266052
7416	-192.5504	-360.5644	168.0141	4.39933
7422	-194.9394	-365.4662	170.5268	2.941748
7428	-198.5065	-368.3031	169.7965	3.375684
7434	-214.8307	-382.155	167.3242	4.786409
7440	-197.5107	-365.1143	167.6036	4.630116
7446	-199.8841	-368.9518	169.0677	3.799191
7452	-207.1312	-374.6679	167.5367	4.667631
7458	-196.5552	-366.2023	169.647	3.463222
7464	-205.3421	-375.5308	170.1887	3.14402
7470	-200.2471	-369.4453	169.1982	3.723917
7476	-193.1225	-362.3522	169.2297	3.705742
7482	-186.3035	-355.5332	169.2297	3.705742
7488	-200.4099	-369.2324	168.8225	3.939963
7494	-192.3697	-361.6587	169.289	3.671453
7500	-197.1119	-366.4009	169.289	3.671453
7506	-208.65	-378.6119	169.9618	3.278419
7512	-205.5492	-376.0736	170.5244	2.943196
7518	-187.4202	-356.6045	169.1843	3.731984
7524	-194.3171	-363.6713	169.3542	3.633655
7530	-195.3321	-364.606	169.2739	3.680194
7536	-195.5263	-364.3778	168.8515	3.923391
7542	-190.0798	-359.5024	169.4225	3.594007
7548	-188.0044	-356.4389	168.4345	4.161321
7554	-194.2342	-362.1304	167.8962	4.465747
7560	-192.5189	-362.2662	169.7473	3.404542
7566	-186.0384	-355.8731	169.8347	3.35328
7572	-184.6606	-354.4713	169.8106	3.367391
7578	-181.3277	-350.7024	169.3748	3.621742
7584	-175.5431	-345.4637	169.9206	3.302717
7590	-193.4956	-362.2553	168.7597	3.97593
7596	-185.5289	-354.2886	168.7597	3.97593
7602	-196.4754	-365.1452	168.6698	4.027263
7608	-201.8293	-369.9891	168.1598	4.316998
7614	-204.179	-373.267	169.0879	3.787533
7620	-190.9429	-361.2633	170.3204	3.065546
7626	-193.1305	-363.4178	170.2873	3.085334
7632	-186.5092	-356.5426	170.0334	3.236113
7638	-187.4185	-356.3471	168.9286	3.879139
7644	-184.9225	-353.3503	168.4279	4.16508
7650	-183.0201	-352.8433	169.8233	3.359979
7656	-198.0295	-367.5793	169.5498	3.519994
7662	-194.9939	-363.9721	168.9782	3.850658
7668	-204.9387	-373.6955	168.7568	3.977595
7674	-208.4657	-378.1516	169.6859	3.440493
7680	-219.7205	-385.4	165.6795	5.695776
7686	-208.4108	-375.7969	167.3861	4.751858
7692	-193.5823	-361.6859	168.1036	4.348775
7698	-184.7969	-353.8434	169.0465	3.811379
7704	-194.9535	-364	169.0465	3.811379
7710	-205.7451	-375.6527	169.9076	3.310355
7716	-195.4471	-365.3624	169.9154	3.305802
7722	-199.9413	-366.9067	166.9654	4.9863
7728	-191.9955	-361.6326	169.6371	3.469017
7734	-194.3138	-363.951	169.6371	3.469017
7740	-185.9474	-355.8094	169.862	3.337195
7746	-187.8071	-356.7298	168.9227	3.88254
7752	-189.73	-358.6527	168.9227	3.88254
7758	-191.2127	-361.5184	170.3057	3.074324
7764	-188.1271	-357.0785	168.9514	3.86606
7770	-190.061	-359.3829	169.3219	3.652406
7776	-189.7126	-360.2595	170.5469	2.929615
7782	-180.8854	-351.4503	170.5649	2.918777
7788	-180.7522	-349.5222	168.7701	3.969987
7794	-189.1357	-359.5784	170.4427	2.992331
7800	-192.9656	-361.1978	168.2322	4.276077
7806	-191.2575	-361.6614	170.4039	3.015577
7812	-197.7032	-368.1072	170.4039	3.015577
7818	-193.5522	-362.8175	169.2653	3.685165
7824	-196.4133	-366.1907	169.7775	3.386857
7830	-201.0644	-370.3009	169.2364	3.701838
7836	-210.3676	-381.1681	170.8005	2.77588
7842	-196.7906	-364.9235	168.1329	4.332228
7848	-183.3371	-352.9688	169.6318	3.472146
7854	-189.8412	-359.8927	170.0515	3.225419
7860	-188.531	-357.6465	169.1155	3.771659
7866	-195.4409	-364.612	169.171	3.739627
7872	-196.5137	-365.8789	169.3652	3.627277
7878	-196.4986	-365.6927	169.1941	3.726302
7884	-190.721	-359.9151	169.1941	3.726302
7890	-194.043	-363.0411	168.9981	3.839232
7896	-194.9988	-363.1656	168.1668	4.313039
7902	-198.7965	-367.9185	169.122	3.767903
7908	-195.4474	-363.5984	168.151	4.322001
7914	-197.8296	-366.698	168.8684	3.913708
7920	-195.0271	-364.8398	169.8126	3.36623
7926	-190.2646	-360.5233	170.2587	3.102359
7932	-196.058	-365.8384	169.7803	3.385193
7938	-195.1361	-363.1981	168.0621	4.372245
7944	-203.2701	-371.2207	167.9506	4.435133
7950	-193.7909	-361.7168	167.926	4.448998
7956	-194.7084	-363.1361	168.4277	4.16517
7962	-198.4165	-366.4294	168.0129	4.39998
7968	-194.0293	-363.0933	169.064	3.801329
7974	-195.4453	-363.9554	168.5101	4.118322
7980	-201.2489	-370.7544	169.5055	3.545751
7986	-195.2278	-364.1302	168.9025	3.89413
7992	-193.4423	-362.7958	169.3535	3.634062
7998	-181.0332	-349.8919	168.8587	3.919252
8004	-175.4041	-345.0676	169.6635	3.453623
8010	-179.3593	-348.8314	169.4721	3.565204
8016	-185.9867	-356.5098	170.5231	2.943966
8022	-178.716	-348.5943	169.8783	3.327601
8028	-182.0898	-351.9191	169.8293	3.356454
8034	-195.292	-365.525	170.2331	3.117655
8040	-186.4981	-355.3794	168.8814	3.906255
8046	-190.8021	-360.4388	169.6367	3.469264
8052	-201.7837	-369.548	167.7643	4.539968
8058	-210.6512	-379.3281	168.677	4.023191
8064	-204.91	-374.5824	169.6724	3.448411
8070	-201.1724	-370.4301	169.2577	3.689539
8076	-192.1718	-361.7217	169.5498	3.519957
8082	-194.4285	-362.747	168.3185	4.227182
8088	-186.1329	-354.8164	168.6835	4.019458
8094	-188.182	-357.0321	168.8501	3.924176
8100	-194.3016	-363.0631	168.7615	3.974892
8106	-198.645	-367.4186	168.7736	3.967947
8112	-196.831	-364.5115	167.6805	4.586994
8118	-196.3847	-364.0653	167.6805	4.586994
8124	-197.3997	-366.9181	169.5185	3.538229
8130	-205.5705	-374.8641	169.2936	3.668787
8136	-186.6432	-355.9368	169.2936	3.668787
8142	-194.6009	-363.6703	169.0695	3.798169
8148	-185.7853	-355.3331	169.5478	3.521146
8154	-187.0537	-356.6015	169.5478	3.521146
8160	-209.6347	-377.9476	168.3129	4.230346
8166	-197.2557	-365.3103	168.0547	4.376431
8172	-197.0471	-366.8184	169.7713	3.390472
8178	-197.0577	-365.7744	168.7167	4.000518
8184	-193.4377	-362.4103	168.9725	3.853936
8190	-189.8541	-360.2487	170.3946	3.021182
8196	-182.1594	-352.6214	170.462	2.980717
8202	-187.1761	-355.3038	168.1277	4.335144
8208	-186.6851	-356.6774	169.9923	3.260415
8214	-197.8153	-366.6468	168.8314	3.934867
8220	-196.6155	-366.5494	169.9339	3.294882
8226	-201.6429	-371.2359	169.593	3.494773
8232	-201.9822	-370.253	168.2708	4.254175
8238	-204.017	-372.2384	168.2214	4.282189
8244	-184.7999	-354.7516	169.9517	3.284377
8250	-185.1311	-353.9182	168.7871	3.960261
8256	-193.3647	-362.334	168.9693	3.855751
8262	-184.4721	-353.4798	169.0077	3.833683
8268	-189.3642	-358.8967	169.5326	3.530003
8274	-185.875	-355.4076	169.5326	3.530003
8280	-186.6266	-355.0545	168.4279	4.165079
8286	-183.2318	-352.7214	169.4896	3.555038
8292	-185.718	-355.8856	170.1676	3.156595
8298	-188.9327	-358.0189	169.0863	3.788501
8304	-184.9101	-354.7429	169.8328	3.354381
8310	-216.0842	-385.1503	169.0661	3.800134
8316	-208.0839	-376.8844	168.8004	3.952605
8322	-203.7603	-373.6887	169.9284	3.298121
8328	-201.3841	-369.7641	168.3801	4.192227
8334	-199.0421	-367.4225	168.3804	4.192036
8340	-198.9559	-367.4356	168.4798	4.135561
8346	-194.6398	-362.9578	168.3179	4.227483
8352	-198.2242	-366.8255	168.6014	4.066333
8358	-194.7426	-363.1504	168.4078	4.176467
8364	-200.6137	-369.2505	168.6367	4.046154
8370	-215.2234	-383.8601	168.6367	4.046154
8376	-203.1261	-371.8998	168.7736	3.96794
8382	-202.4091	-371.4725	169.0634	3.801645
8388	-196.3453	-365.7097	169.3644	3.627748
8394	-188.759	-357.7738	169.0148	3.8296
8400	-195.7808	-365.0057	169.2249	3.708513
8406	-188.5779	-357.7013	169.1234	3.767105
8412	-193.2462	-362.1751	168.929	3.878947
8418	-194.5424	-363.6982	169.1558	3.748415
8424	-179.3351	-348.4909	169.1558	3.748415
8430	-188.1418	-357.2163	169.0745	3.795268
8436	-196.1127	-366.1846	170.0719	3.213354
8442	-200.9086	-369.0242	168.1156	4.342018
8448	-193.6436	-362.2374	168.5937	4.070687
8454	-190.9174	-359.6939	168.7765	3.966302
8460	-197.9864	-367.4455	169.4591	3.572778
8466	-202.0069	-371.5024	169.4955	3.551588
8472	-207.7801	-376.4618	168.6817	4.020479
8478	-215.3737	-384.389	169.0153	3.829352
8484	-215.6421	-385.4305	169.7884	3.380445
8490	-195.5743	-364.4418	168.8675	3.914208
8496	-206.8929	-375.9917	169.0988	3.781292
8502	-193.9337	-363.3039	169.3702	3.624377
8508	-199.4279	-367.7397	168.3118	4.23098
8514	-195.0404	-364.8334	169.793	3.377768
8520	-183.0204	-352.4252	169.4048	3.604317
8526	-200.1447	-368.7352	168.5905	4.072548
8532	-200.4148	-368.763	168.3482	4.210284
8538	-195.538	-364.4425	168.9045	3.893006
8544	-197.165	-366.15	168.985	3.846735
8550	-189.4093	-359.2577	169.8483	3.345248
8556	-194.2947	-363.8001	169.5055	3.545784
8562	-196.2313	-365.1182	168.8869	3.903073
8568	-198.2454	-366.186	167.9406	4.440763
8574	-193.8616	-361.8021	167.9406	4.440763
8580	-203.9951	-372.2449	168.2497	4.266136
8586	-214.0751	-383.3052	169.2301	3.705495
8592	-201.83	-371.5165	169.6866	3.440097
8598	-185.476	-354.9009	169.4249	3.592611
8604	-190.2367	-358.9549	168.7182	3.999648
8610	-191.2619	-359.8338	168.5719	4.083128
8616	-197.8394	-367.7205	169.881	3.326005
8622	-199.7944	-370.2042	170.4098	3.01204
8628	-204.4788	-374.5483	170.0695	3.21475
8634	-192.8747	-362.0576	169.183	3.732737
8640	-195.3031	-365.3497	170.0466	3.228311
8646	-195.9454	-365.4641	169.5187	3.5381
8652	-197.3561	-365.1606	167.8045	4.517355
8658	-200.5251	-368.3296	167.8045	4.517355
8664	-202.4957	-370.947	168.4513	4.151744
8670	-198.8996	-367.3844	168.4848	4.13271
8676	-198.0493	-366.7134	168.6641	4.030557
8682	-186.0638	-356.1463	170.0825	3.207099
8688	-175.0893	-344.5896	169.5003	3.548771
8694	-177.2857	-346.9518	169.6661	3.452084
8700	-198.2853	-365.4872	167.2019	4.854647
8706	-211.4398	-379.0015	167.5617	4.653633
8712	-197.4219	-365.2097	167.7879	4.526708
8718	-207.7682	-375.5561	167.7879	4.526708
8724	-203.9545	-373.4871	169.5327	3.529959
8730	-213.135	-380.4536	167.3186	4.789562
8736	-200.6355	-368.5359	167.9004	4.463382
8742	-213.9905	-383.0467	169.0562	3.805796
8748	-201.0338	-369.1397	168.1059	4.34747
8754	-213.8874	-382.2692	168.3818	4.191234
8760	-191.9083	-360.4674	168.5591	4.09042
8766	-202.1964	-373.0451	170.8487	2.746459
8772	-191.2936	-359.427	168.1334	4.331962
8778	-196.5932	-367.1927	170.5996	2.897842
8784	-204.1713	-373.3516	169.1803	3.734275
8790	-197.6788	-366.7715	169.0927	3.784802
8796	-203.851	-372.5913	168.7403	3.987032
