Iteration	Posterior	Likelihood	Prior	gain_loss_ratio	tree_length
0	-525.3291	-698.4522	173.123	0.4792708	0.6958646
6	-520.4361	-693.3627	172.9266	0.7263797	0.6958646
12	-521.3315	-693.5339	172.2024	1.190609	1.020081
18	-514.2251	-687.061	172.8359	0.6339266	0.9254096
24	-520.5412	-693.5337	172.9925	0.6130959	0.7526385
30	-522.4834	-695.5298	173.0464	0.5042186	0.7906598
36	-520.8448	-694.039	173.1943	0.411318	0.6030647
42	-522.2351	-695.294	173.0588	0.6480808	0.4964583
48	-522.2762	-695.255	172.9789	0.7135867	0.6091137
54	-528.3545	-701.2256	172.8711	0.806604	0.6549405
60	-529.6049	-702.328	172.7231	0.7435976	0.9397062
66	-531.5765	-704.7478	173.1713	0.4728476	0.5959989
72	-522.2637	-695.3789	173.1152	0.4907155	0.698176
78	-512.2126	-684.8109	172.5983	1.070435	0.6762399
84	-513.3125	-686.1227	172.8102	0.6041449	0.9788808
90	-512.413	-685.0533	172.6403	1.010526	0.7084228
96	-518.6615	-691.5758	172.9143	0.7254885	0.7183085
102	-523.4375	-696.3535	172.916	0.7883948	0.5839522
108	-525.5146	-698.261	172.7464	0.8755723	0.7534463
114	-522.5338	-695.1841	172.6503	0.9379311	0.8012236
120	-518.459	-691.1243	172.6653	0.8301128	0.9117244
126	-530.5142	-702.3915	171.8773	1.858267	0.6333181
132	-538.5258	-711.6235	173.0977	0.5639647	0.6333181
138	-528.622	-701.557	172.935	0.5639647	0.8779419
144	-523.2284	-696.2662	173.0378	0.6119743	0.6788732
150	-531.3157	-704.281	172.9654	0.6971271	0.6742921
156	-520.1936	-693.163	172.9694	0.6832576	0.690407
162	-524.879	-697.8858	173.0069	0.6766351	0.6245452
168	-525.3129	-697.8751	172.5622	1.011804	0.8198702
174	-527.4183	-700.0965	172.6783	0.852484	0.8719709
180	-522.8121	-695.7604	172.9483	0.6927322	0.7121924
186	-522.5831	-695.4011	172.8179	0.7546782	0.8171853
192	-526.3503	-699.377	173.0267	0.6437548	0.646264
198	-526.6678	-699.6197	172.952	0.6437548	0.7735051
204	-519.3828	-692.4753	173.0925	0.4751245	0.749154
210	-521.1078	-694.2189	173.1111	0.5191798	0.6728056
216	-520.7388	-693.7606	173.0218	0.6270216	0.6850695
222	-510.1941	-683.2512	173.0571	0.6270216	0.6066529
228	-511.4118	-684.3173	172.9055	0.7917204	0.6066529
234	-515.8728	-688.9173	173.0444	0.4933986	0.802261
240	-519.7674	-692.7636	172.9962	0.5947041	0.7691918
246	-525.3432	-698.1884	172.8452	0.78939	0.7315129
252	-510.9022	-683.8152	172.913	0.6950302	0.7636743
258	-514.3372	-686.9677	172.6305	0.8395535	0.9395228
264	-522.3594	-694.8548	172.4954	1.17529	0.6737457
270	-519.5536	-691.9904	172.4368	1.17529	0.7694322
276	-518.9862	-691.251	172.2648	1.454548	0.5721081
282	-521.0838	-693.8344	172.7506	0.9270135	0.6582262
288	-516.0863	-688.8244	172.7381	0.7785917	0.8861271
294	-524.4592	-697.2996	172.8404	0.793771	0.7323786
300	-531.7829	-704.6137	172.8308	0.7837312	0.7616213
306	-529.1432	-701.6183	172.4751	0.8926427	1.043476
312	-534.2673	-706.6525	172.3852	1.271807	0.7019448
318	-542.2342	-714.876	172.6419	0.8504958	0.9155195
324	-524.9522	-697.7682	172.816	0.6568156	0.9253753
330	-521.6374	-694.5252	172.8878	0.6568156	0.8427122
336	-511.9907	-684.6182	172.6275	0.8960449	0.8808668
342	-519.2331	-691.8381	172.605	1.035195	0.7259486
348	-516.9783	-689.1566	172.1783	1.47252	0.7259486
354	-512.7507	-685.914	173.1633	0.4543654	0.6411387
360	-511.2436	-684.3106	173.067	0.5918063	0.6533725
366	-515.2991	-688.2504	172.9513	0.6221958	0.7998338
372	-527.7748	-700.7923	173.0175	0.531183	0.8056136
378	-520.831	-693.5988	172.7678	0.8415094	0.7711959
384	-521.0792	-694.1815	173.1023	0.4170354	0.7711959
390	-516.6563	-689.3268	172.6704	0.9707826	0.7242617
396	-515.1427	-688.1774	173.0347	0.5506977	0.7627085
402	-518.6709	-691.5155	172.8446	0.8020188	0.71255
408	-514.0479	-687.0482	173.0003	0.6829942	0.6265489
414	-515.4223	-688.4702	173.0478	0.630961	0.6224998
420	-514.3116	-687.1893	172.8777	0.7725109	0.7048701
426	-519.9886	-692.8602	172.8716	0.7678996	0.7224418
432	-525.7016	-698.7893	173.0876	0.4314911	0.7849333
438	-529.3873	-701.7297	172.3425	1.288304	0.7451631
444	-518.2594	-690.9904	172.7309	0.8309382	0.8339095
450	-524.5565	-697.7329	173.1764	0.4703771	0.5836504
456	-518.8019	-691.4111	172.6092	1.039619	0.711826
462	-514.9617	-687.3643	172.4026	1.248108	0.711826
468	-512.0612	-684.3751	172.3139	1.258129	0.8250641
474	-517.0221	-689.7976	172.7755	0.7816919	0.8381204
480	-529.0854	-701.4682	172.3828	1.202585	0.8064841
486	-509.993	-683.0688	173.0758	0.5598819	0.6849686
492	-513.1702	-685.7981	172.6279	0.8738168	0.9054367
498	-524.8551	-697.5546	172.6995	0.9778446	0.6589282
504	-516.1804	-688.8492	172.6688	1.008571	0.6589282
510	-513.6018	-686.6553	173.0535	0.5283984	0.7583592
516	-512.2728	-685.4273	173.1545	0.4911923	0.6147514
522	-507.1573	-680.2957	173.1384	0.4351105	0.7055209
528	-514.1326	-686.6051	172.4725	1.036134	0.8981356
534	-508.911	-682.002	173.0911	0.5303452	0.6959455
540	-521.5122	-694.5079	172.9957	0.5383908	0.8272688
546	-508.5047	-681.1522	172.6475	0.920589	0.8272688
552	-516.3921	-689.0969	172.7049	0.8454794	0.8484421
558	-521.6557	-694.1719	172.5162	1.050824	0.8287917
564	-525.0655	-697.4973	172.4318	1.135516	0.8287917
570	-528.9273	-701.9897	173.0624	0.4619053	0.8012353
576	-522.5622	-695.1953	172.6331	0.8648019	0.9095956
582	-515.3581	-688.403	173.0449	0.5896357	0.6991496
588	-514.0157	-686.9058	172.8901	0.6796695	0.8140534
594	-529.7772	-702.4881	172.7109	0.9212737	0.7384166
600	-523.9133	-696.5563	172.643	0.8898402	0.8699719
606	-529.5187	-702.0997	172.581	1.08071	0.6893338
612	-519.4935	-692.4694	172.9758	0.6886789	0.6688953
618	-519.2672	-692.1914	172.9242	0.6852102	0.7604001
624	-525.888	-699.0061	173.1181	0.4660587	0.7162633
630	-532.1702	-704.8469	172.6766	0.6184827	1.096399
636	-522.1177	-694.8491	172.7314	0.9009508	0.7379672
642	-516.9395	-689.8272	172.8877	0.740675	0.7379672
648	-521.6562	-694.5761	172.9199	0.740675	0.6835267
654	-531.3009	-703.6007	172.2997	1.179087	0.9318834
660	-533.1698	-705.9508	172.781	0.6913114	0.9297673
666	-540.6905	-713.6375	172.947	0.5936051	0.8357093
672	-535.6133	-708.5617	172.9484	0.7184125	0.6690436
678	-519.0856	-691.5583	172.4727	1.167136	0.7275162
684	-522.2602	-694.722	172.4618	1.048771	0.8959379
690	-535.1913	-708.1602	172.9689	0.7116285	0.6388845
696	-522.8678	-695.6763	172.8085	0.7116285	0.8780239
702	-526.7305	-699.3772	172.6467	0.8684486	0.8902506
708	-526.8126	-699.8105	172.9979	0.6390261	0.7091277
714	-527.6841	-700.6323	172.9481	0.6390261	0.7845759
720	-534.6056	-707.2669	172.6613	0.9500329	0.7694877
726	-537.1473	-710.3141	173.1668	0.5058051	0.5294865
732	-535.4072	-707.8913	172.4841	1.141982	0.7484049
738	-534.1646	-707.1296	172.965	0.6531308	0.7423498
744	-538.1596	-710.9011	172.7415	0.8738705	0.7631139
750	-522.4527	-695.114	172.6613	0.7481385	0.9990916
756	-515.6356	-688.4785	172.843	0.7340269	0.8100821
762	-514.9563	-687.8566	172.9003	0.7340269	0.7280283
768	-518.9089	-691.8578	172.9489	0.6759224	0.7358189
774	-518.2145	-691.2611	173.0466	0.5587085	0.7358189
780	-520.4668	-693.4255	172.9587	0.6075087	0.8061567
786	-524.6761	-697.2332	172.5571	1.076224	0.7369006
792	-517.5083	-690.6041	173.0959	0.5368919	0.678793
798	-520.8356	-693.9637	173.1281	0.5368919	0.6056859
804	-519.2598	-692.1892	172.9294	0.7234144	0.6958859
810	-516.444	-689.0645	172.6204	0.9335145	0.8448983
816	-519.8713	-692.4778	172.6065	0.9335145	0.8617874
822	-526.1314	-698.8161	172.6847	0.8735125	0.839195
828	-524.4653	-697.1793	172.714	0.7238143	0.9688571
834	-511.9733	-684.4457	172.4724	1.06196	0.8685401
840	-527.73	-700.6398	172.9097	0.5644412	0.9062911
846	-520.1015	-693.1778	173.0763	0.5526409	0.6939629
852	-529.4912	-702.3981	172.9069	0.765338	0.663367
858	-533.2181	-705.998	172.7799	0.7602203	0.8578216
864	-532.7474	-705.3635	172.6161	0.9333117	0.8504263
870	-524.2423	-697.2121	172.9698	0.5936144	0.8065229
876	-529.9359	-702.7495	172.8136	0.8960117	0.5716442
882	-529.0603	-701.8545	172.7942	0.8708922	0.6822595
888	-521.2697	-694.2045	172.9348	0.6074701	0.8368396
894	-534.3485	-707.0064	172.6579	0.7647158	0.9866713
900	-527.9473	-700.8168	172.8695	0.655149	0.8664857
906	-530.6669	-703.6976	173.0307	0.655149	0.6121481
912	-528.5977	-701.4433	172.8456	0.655149	0.8941781
918	-538.4361	-711.3523	172.9161	0.655149	0.8086669
924	-519.2372	-691.9514	172.7142	0.969439	0.6453513
930	-531.8395	-704.0398	172.2003	1.355472	0.8489745
936	-520.1206	-692.7254	172.6048	1.037502	0.7225986
942	-518.0839	-690.9457	172.8618	0.7468061	0.7679299
948	-518.3214	-691.4456	173.1242	0.4932569	0.6790952
954	-528.0589	-700.8551	172.7962	0.6497931	0.9532028
960	-517.0945	-690.0674	172.9729	0.6497931	0.7345214
966	-518.2295	-691.2566	173.0271	0.616385	0.6917234
972	-516.6632	-689.4953	172.8321	0.7697696	0.7788362
978	-509.9277	-682.9408	173.0132	0.5643323	0.7788362
984	-514.4197	-687.506	173.0863	0.5438257	0.6874087
990	-527.9999	-701.0566	173.0567	0.6504097	0.5083376
996	-520.5053	-693.4802	172.9749	0.6966496	0.6560417
1002	-517.6472	-690.1615	172.5143	1.134545	0.7122609
1008	-515.1321	-688.0246	172.8925	0.7341035	0.7401745
1014	-526.2107	-699.178	172.9673	0.6520741	0.7401745
1020	-525.9746	-698.6567	172.6821	0.8109542	0.9138963
1026	-523.4882	-696.4619	172.9737	0.6451348	0.7396522
1032	-522.5478	-695.0379	172.4901	1.143295	0.7373312
1038	-525.2202	-698.0299	172.8097	0.8409239	0.7072182
1044	-522.0155	-695.0515	173.036	0.6351846	0.6419775
1050	-514.0587	-686.8416	172.7829	0.9021158	0.6419775
1056	-512.5399	-685.4985	172.9586	0.7212092	0.6419775
1062	-512.3008	-684.9924	172.6916	0.8865038	0.8141853
1068	-526.6232	-699.3944	172.7712	0.8865038	0.6958767
1074	-527.0874	-700.0471	172.9596	0.7091718	0.6636657
1080	-523.2266	-696.1188	172.8923	0.7091718	0.7746919
1086	-524.0267	-696.8074	172.7807	0.8293266	0.7698105
1092	-521.2445	-693.8153	172.5708	0.8702697	0.9704406
1098	-520.5059	-693.2517	172.7458	0.9208589	0.6797963
1104	-527.7628	-700.5636	172.8008	0.9026873	0.5934062
1110	-521.4334	-694.0458	172.6124	0.991617	0.7797819
1116	-517.8977	-690.2862	172.3885	1.127789	0.8898119
1122	-513.2392	-685.8844	172.6452	0.9799201	0.749263
1128	-519.0698	-691.8044	172.7345	0.8903768	0.749263
1134	-520.9765	-694.0316	173.0551	0.6200326	0.6274422
1140	-524.9035	-697.3759	172.4724	1.203382	0.6644724
1146	-525.476	-697.9854	172.5094	1.05163	0.8362309
1152	-530.1442	-702.6882	172.544	1.117684	0.6897703
1158	-523.8222	-696.4952	172.6731	0.8625209	0.8664466
1164	-513.7591	-686.3307	172.5716	0.933738	0.9018451
1170	-515.64	-688.2447	172.6047	1.004184	0.7730432
1176	-519.5398	-692.3079	172.7681	0.7518123	0.8811673
1182	-524.5075	-697.3222	172.8147	0.8743388	0.6321194
1188	-519.5355	-692.4963	172.9607	0.7104697	0.6589372
1194	-517.0482	-689.6631	172.6149	0.987774	0.7816261
1200	-520.5462	-693.6261	173.0799	0.5626583	0.673287
1206	-524.6414	-697.7046	173.0632	0.5723248	0.6907375
1212	-520.5189	-693.5258	173.0068	0.7056888	0.509838
1218	-530.4274	-703.5352	173.1079	0.3547549	0.7735046
1224	-532.1872	-705.0727	172.8856	0.6711736	0.8296206
1230	-520.7866	-693.5237	172.7371	0.8667473	0.7793936
1236	-520.8106	-693.5997	172.7891	0.8138713	0.7793936
1242	-528.9978	-701.5168	172.519	0.8731716	1.019575
1248	-524.6188	-697.1933	172.5745	0.8731716	0.9635886
1254	-521.7734	-694.4008	172.6274	1.037496	0.683361
1260	-519.7944	-692.8071	173.0126	0.637167	0.685981
1266	-522.6537	-695.7032	173.0495	0.637167	0.6033934
1272	-518.1181	-691.2	173.0819	0.499753	0.7436691
1278	-528.0478	-700.5075	172.4597	1.097764	0.8408388
1284	-520.8777	-693.5536	172.6759	0.9184191	0.7930162
1290	-519.8875	-692.7175	172.83	0.7725242	0.7782061
1296	-514.2731	-686.6183	172.3451	1.18663	0.8725647
1302	-520.4911	-693.4754	172.9844	0.7299733	0.504398
1308	-523.5048	-696.645	173.1401	0.5066288	0.6274575
1314	-519.9899	-692.8695	172.8796	0.8257136	0.5842345
1320	-516.1978	-689.2326	173.0348	0.6108944	0.686138
1326	-520.4087	-693.0586	172.6499	0.9564741	0.7764696
1332	-526.7196	-698.8226	172.103	1.586356	0.6718344
1338	-524.1405	-697.2339	173.0934	0.4777761	0.7456197
1344	-522.3613	-695.3714	173.0101	0.6754098	0.6190481
1350	-539.202	-711.8373	172.6353	0.9260154	0.8357363
1356	-531.5307	-704.5734	173.0428	0.4320074	0.8428342
1362	-521.9418	-694.7606	172.8187	0.7945343	0.7639542
1368	-519.0193	-691.6186	172.5992	0.8122447	0.9994305
1374	-512.1206	-684.7589	172.6383	0.8969003	0.8672792
1380	-514.5468	-687.423	172.8762	0.6211273	0.8927229
1386	-513.2419	-686.0601	172.8182	0.7392329	0.8354432
1392	-519.5195	-692.3834	172.8639	0.739686	0.7744683
1398	-521.5163	-694.3109	172.7946	0.7638217	0.8357345
1404	-513.994	-686.77	172.776	0.7286795	0.897132
1410	-526.7262	-699.1599	172.4337	1.075915	0.897132
1416	-523.2451	-695.7952	172.55	0.9410707	0.9176185
1422	-530.7479	-703.3349	172.587	1.020987	0.7742386
1428	-524.0411	-696.8679	172.8268	0.8366594	0.6842945
1434	-519.9928	-692.6098	172.617	0.9381119	0.8435187
1440	-511.9922	-684.9069	172.9147	0.6924392	0.7646876
1446	-519.4967	-692.1526	172.6559	0.8932973	0.8504868
1452	-515.1652	-688.2076	173.0425	0.5595422	0.7412753
1458	-515.218	-688.2443	173.0263	0.6072952	0.7064402
1464	-515.9354	-688.6898	172.7544	0.8659738	0.7556789
1470	-519.6767	-692.5509	172.8741	0.714368	0.7931118
1476	-523.8075	-696.939	173.1315	0.5279732	0.6134444
1482	-517.4962	-690.5411	173.0449	0.660122	0.5423859
1488	-515.4295	-688.0324	172.6029	0.9503068	0.8458706
1494	-514.3307	-687.055	172.7243	0.9503068	0.6644076
1500	-510.5611	-683.736	173.1748	0.4502217	0.3983907
1506	-509.819	-682.7834	172.9644	0.6090479	0.7969087
1512	-517.4252	-690.2257	172.8005	0.8512581	0.7056805
1518	-517.0612	-689.7936	172.7325	0.8512581	0.806362
1524	-508.552	-681.4705	172.9185	0.738038	0.6907943
1530	-519.4389	-692.2133	172.7744	0.8628784	0.7297513
1536	-529.8061	-702.7605	172.9544	0.6763793	0.7264507
1542	-521.1509	-693.9434	172.7925	0.7888182	0.807614
1548	-516.3227	-688.8693	172.5466	1.069081	0.763284
1554	-516.3193	-689.4135	173.0942	0.426748	0.7780733
1560	-511.8574	-684.723	172.8656	0.7351764	0.7780733
1566	-512.5432	-685.5786	173.0353	0.5577017	0.754118
1572	-513.9775	-686.7885	172.811	0.9080528	0.4954028
1578	-528.3203	-700.9072	172.5869	0.9695622	0.8418748
1584	-519.747	-692.3268	172.5798	0.9695622	0.8505063
1590	-516.7969	-689.6272	172.8303	0.7683052	0.7833843
1596	-514.2966	-687.2251	172.9285	0.6933989	0.7428234
1602	-522.5479	-695.6642	173.1163	0.4475295	0.7333818
1608	-526.8449	-699.9662	173.1213	0.4971697	0.6800753
1614	-513.0958	-686.0631	172.9673	0.6629742	0.7250157
1620	-512.5398	-685.5825	173.0428	0.5727557	0.7250157
1626	-516.5447	-689.3495	172.8048	0.8350143	0.7250157
1632	-516.7202	-689.3572	172.6369	0.88661	0.8807861
1638	-517.4118	-690.54	173.1282	0.5627093	0.5189521
1644	-516.2215	-689.0999	172.8784	0.7839909	0.6838053
1650	-521.6832	-694.7101	173.0269	0.4817549	0.8334625
1656	-519.1397	-691.817	172.6773	1.020105	0.6117314
1662	-532.2572	-705.3925	173.1353	0.387422	0.7315249
1668	-528.4912	-701.0795	172.5883	0.9113061	0.9081163
1674	-532.7349	-705.9351	173.2002	0.3732708	0.6037047
1680	-533.5576	-706.4225	172.865	0.8495681	0.5458893
1686	-527.4987	-700.2555	172.7568	0.8285858	0.8036672
1692	-531.9426	-704.857	172.9144	0.617477	0.851637
1698	-528.0093	-700.8131	172.8038	0.8415171	0.7161971
1704	-528.7778	-701.5638	172.786	0.7962624	0.8067441
1710	-529.4722	-702.4197	172.9476	0.7352096	0.6372189
1716	-514.5361	-687.6276	173.0915	0.4695752	0.7550065
1722	-520.8408	-693.698	172.8572	0.7236331	0.8041222
1728	-514.7746	-687.2618	172.4871	1.099099	0.8041222
1734	-521.0932	-693.772	172.6788	0.6666003	1.055381
1740	-524.9762	-697.9674	172.9912	0.5572535	0.8154353
1746	-512.1096	-685.0168	172.9072	0.7432617	0.702058
1752	-513.9159	-686.9031	172.9873	0.6794682	0.6627713
1758	-517.8894	-691.0109	173.1215	0.5109979	0.6627713
1764	-523.6353	-696.5531	172.9178	0.7606126	0.6498684
1770	-513.5325	-686.3118	172.7793	0.8338873	0.765468
1776	-520.7923	-693.822	173.0298	0.4632717	0.8420404
1782	-513.8522	-686.7599	172.9076	0.6651437	0.8081614
1788	-518.2149	-690.9704	172.7555	0.8676018	0.7516069
1794	-527.7012	-700.5524	172.8512	0.7605141	0.7643424
1800	-530.0366	-703.1582	173.1216	0.5717861	0.513536
1806	-533.4857	-706.4561	172.9704	0.7374654	0.5611593
1812	-528.7581	-701.4502	172.6921	1.016119	0.577749
1818	-515.0728	-687.8576	172.7848	0.7427427	0.8717253
1824	-518.7549	-691.8179	173.063	0.4925806	0.7776336
1830	-521.4648	-694.4464	172.9816	0.5837929	0.8012822
1836	-516.3306	-689.1862	172.8556	0.8301789	0.6383543
1842	-509.5447	-682.4714	172.9267	0.6632507	0.7848517
1848	-520.2613	-692.8274	172.5661	0.9776213	0.8573863
1854	-517.9074	-690.2039	172.2965	1.368401	0.6934765
1860	-516.5339	-688.8612	172.3274	1.368401	0.6302809
1866	-515.7722	-688.5763	172.804	0.7204499	0.8737058
1872	-539.4095	-712.0156	172.6061	0.9899192	0.7907814
1878	-520.3627	-693.4275	173.0648	0.5789234	0.6782526
1884	-520.6963	-693.6552	172.9589	0.659592	0.7429168
1890	-521.0257	-694.0377	173.012	0.6446612	0.6748688
1896	-533.4042	-706.0692	172.665	0.9499555	0.7642068
1902	-524.4379	-696.8482	172.4102	1.303508	0.5691323
1908	-526.993	-699.8558	172.8629	0.8172352	0.6503277
1914	-526.988	-699.6271	172.6391	0.9330091	0.8221763
1920	-530.3538	-703.3361	172.9823	0.5378268	0.8443885
1926	-523.3553	-696.1287	172.7734	0.7899513	0.8307779
1932	-519.2617	-691.5833	172.3216	1.136855	0.9531376
1938	-513.3057	-686.1025	172.7967	0.7825735	0.8100029
1944	-518.6423	-691.5497	172.9074	0.7331547	0.7178561
1950	-533.6191	-706.2672	172.6481	0.8754904	0.8806344
1956	-529.4306	-701.9536	172.523	0.9754556	0.9095389
1962	-520.1618	-692.6848	172.523	0.9754556	0.9095389
1968	-517.1832	-690.2023	173.0191	0.5749429	0.758731
1974	-522.8461	-695.3954	172.5494	0.998791	0.852029
1980	-521.8968	-694.6347	172.7379	0.8355339	0.8193789
1986	-520.8527	-693.7245	172.8719	0.7144344	0.7960828
1992	-525.3513	-698.4218	173.0705	0.4703487	0.7844821
1998	-518.6478	-691.2738	172.626	0.8960332	0.8826509
2004	-522.9104	-695.7368	172.8263	0.6566025	0.9143007
2010	-522.4885	-694.9023	172.4138	1.210225	0.7527771
2016	-516.836	-689.4083	172.5722	1.051086	0.7520275
2022	-513.3298	-686.2029	172.8731	0.8076795	0.6483069
2028	-512.3735	-685.3864	173.0129	0.5849177	0.7562696
2034	-520.1324	-693.2486	173.1162	0.5769876	0.5298148
2040	-521.6219	-694.6032	172.9813	0.7286784	0.5478869
2046	-519.487	-692.4973	173.0103	0.5650389	0.7820515
2052	-517.9111	-690.4487	172.5376	0.9236754	0.9496507
2058	-522.0374	-695.0063	172.9689	0.6033066	0.7972271
2064	-521.441	-694.4585	173.0176	0.4563211	0.8609072
2070	-509.8011	-682.1939	172.3928	1.170475	0.8342667
2076	-512.818	-685.8509	173.0329	0.6383572	0.6429745
2082	-513.5482	-686.4527	172.9044	0.661977	0.8160161
2088	-511.7635	-684.5517	172.7881	0.6884766	0.9248772
2094	-523.2696	-696.1155	172.846	0.6875331	0.8600294
2100	-529.1923	-702.3379	173.1456	0.5246956	0.5761186
2106	-523.0536	-695.8478	172.7942	0.8697869	0.6841803
2112	-521.9899	-695.0889	173.099	0.5964649	0.5426519
2118	-540.8923	-712.9752	172.0829	1.244315	1.083634
2124	-533.9595	-706.6439	172.6844	0.8045151	0.9182322
2130	-525.5992	-698.5972	172.9981	0.6466366	0.6974241
2136	-524.2061	-697.1524	172.9463	0.7358712	0.6387085
2142	-514.5461	-687.3336	172.7875	0.7852681	0.8186028
2148	-515.4692	-688.2555	172.7863	0.8416239	0.743866
2154	-517.1349	-689.8895	172.7546	0.9159521	0.6722659
2160	-524.9379	-697.9342	172.9963	0.5326501	0.831561
2166	-522.3395	-695.1042	172.7647	0.6353759	0.9982999
2172	-524.6552	-697.5207	172.8655	0.8041205	0.6712502
2178	-533.1764	-706.152	172.9756	0.4634306	0.9052777
2184	-518.7003	-691.2085	172.5081	1.059116	0.8284864
2190	-528.8123	-701.7639	172.9515	0.5977275	0.8258281
2196	-533.323	-706.3922	173.0692	0.5977275	0.6378871
2202	-519.6742	-692.5305	172.8564	0.8621253	0.4907103
2208	-516.2114	-689.3234	173.112	0.5823791	0.4711496
2214	-520.253	-693.4273	173.1743	0.4842806	0.4426809
2220	-522.3734	-695.4223	173.0489	0.6586711	0.4823213
2226	-525.2766	-698.4613	173.1848	0.3702887	0.6428517
2232	-526.6389	-699.7634	173.1245	0.3523817	0.7488152
2238	-525.8879	-699.0872	173.1993	0.3645827	0.6062586
2244	-527.437	-700.4366	172.9996	0.6434424	0.6996101
2250	-522.2578	-694.8825	172.6248	0.8782999	0.9039749
2256	-509.0206	-681.8663	172.8457	0.7714127	0.757141
2262	-516.1251	-688.8724	172.7472	0.8122075	0.8364465
2268	-520.373	-693.2599	172.8869	0.6635983	0.8364465
2274	-525.7934	-698.912	173.1185	0.3765786	0.7586737
2280	-522.1105	-694.9034	172.7929	0.8216842	0.7631098
2286	-528.0183	-700.9228	172.9045	0.7737751	0.6514439
2292	-511.5907	-684.6324	173.0417	0.6457316	0.6046539
2298	-509.953	-682.994	173.041	0.6444326	0.609817
2304	-530.105	-702.8843	172.7792	0.5724701	1.034744
2310	-516.6205	-689.0048	172.3844	1.317045	0.6110404
2316	-519.2734	-692.0735	172.8002	0.8463235	0.7144247
2322	-511.898	-684.4261	172.528	0.9161825	0.9674737
2328	-509.6356	-682.4026	172.767	0.848994	0.7617055
2334	-519.1007	-691.7523	172.6516	0.848994	0.9063761
2340	-516.778	-689.2684	172.4904	1.174501	0.6846522
2346	-521.3096	-694.326	173.0164	0.5662775	0.7722318
2352	-514.8394	-687.6465	172.8071	0.7811021	0.798175
2358	-514.3755	-687.3332	172.9576	0.69499	0.6923652
2364	-522.1258	-695.1123	172.9865	0.5777442	0.8011195
2370	-515.4692	-688.5384	173.0692	0.451389	0.7987251
2376	-519.9284	-692.4693	172.5409	1.069748	0.7705744
2382	-511.7736	-684.9583	173.1847	0.4385572	0.604098
2388	-518.3132	-691.2139	172.9007	0.7161098	0.7531742
2394	-511.0868	-684.0633	172.9765	0.5528305	0.8381548
2400	-513.3249	-686.1619	172.837	0.6192119	0.9377576
2406	-520.9602	-693.8302	172.87	0.57863	0.9377576
2412	-530.6797	-703.737	173.0572	0.57863	0.6927151
2418	-529.8239	-702.8502	173.0263	0.6240588	0.6813723
2424	-528.589	-701.7075	173.1185	0.5006299	0.6813723
2430	-520.6713	-693.1166	172.4452	1.122757	0.8278393
2436	-515.9069	-688.8378	172.9309	0.714239	0.7081224
2442	-520.7433	-693.6741	172.9309	0.714239	0.7081224
2448	-508.1984	-681.1549	172.9565	0.6863511	0.7081224
2454	-514.2082	-686.8746	172.6664	0.8544063	0.8835265
2460	-519.7007	-692.3765	172.6758	0.8544063	0.872694
2466	-517.9284	-690.5335	172.6051	1.082677	0.6362118
2472	-518.8418	-691.1799	172.3381	1.116957	0.956504
2478	-516.6388	-689.6544	173.0155	0.633171	0.6869288
2484	-511.8871	-685.0322	173.1451	0.4736215	0.6596075
2490	-507.6472	-680.3865	172.7394	0.9376015	0.6596075
2496	-507.2928	-680.1	172.8072	0.8773978	0.6424262
2502	-506.0747	-678.9072	172.8325	0.8773978	0.569799
2508	-516.2474	-689.1673	172.9198	0.7293925	0.7028064
2514	-517.6688	-690.5891	172.9203	0.6989085	0.7476102
2520	-520.9056	-693.5245	172.6189	0.8696603	0.9199569
2526	-519.4076	-692.3097	172.9021	0.6637045	0.8170712
2532	-520.2025	-693.1126	172.9101	0.6637045	0.8065683
2538	-516.1365	-688.9959	172.8594	0.7814881	0.7209707
2544	-520.904	-693.3495	172.4455	1.145526	0.7981334
2550	-523.4224	-695.8339	172.4114	1.105713	0.8886627
2556	-529.4906	-701.9725	172.4819	1.113596	0.7918687
2562	-519.8003	-692.4192	172.6189	1.03085	0.7102477
2568	-523.6757	-696.1954	172.5198	0.9578607	0.9323017
2574	-530.4778	-703.0698	172.592	0.9391105	0.8722537
2580	-528.213	-701.1929	172.9799	0.6321838	0.7472714
2586	-522.9401	-695.5011	172.561	0.8420159	1.008464
2592	-528.7084	-701.1702	172.4619	1.108049	0.8253174
2598	-517.1706	-690.2079	173.0372	0.6455894	0.6172054
2604	-521.7515	-694.7932	173.0417	0.5411618	0.762488
2610	-516.7502	-689.4696	172.7194	0.7742881	0.911941
2616	-510.8988	-683.5383	172.6396	0.8393844	0.9299797
2622	-507.3191	-680.3277	173.0086	0.6685129	0.6377567
2628	-517.646	-690.3556	172.7097	0.8487746	0.8385882
2634	-515.7536	-688.4829	172.7293	0.8410264	0.8235005
2640	-516.963	-689.9839	173.0209	0.5867897	0.7420298
2646	-524.5071	-697.4548	172.9477	0.6228956	0.8037037
2652	-515.6038	-688.4659	172.8621	0.7187854	0.8037037
2658	-520.4312	-693.0519	172.6208	0.9606635	0.810235
2664	-516.3557	-689.5038	173.1481	0.4645086	0.6630502
2670	-517.6914	-690.7036	173.0122	0.6709631	0.6238939
2676	-521.6276	-694.8464	173.2188	0.3581487	0.5036311
2682	-512.8724	-685.7314	172.8591	0.7785782	0.7260842
2688	-530.9836	-703.7742	172.7906	0.7785782	0.8229392
2694	-518.1734	-690.9134	172.74	0.8305566	0.8229392
2700	-513.8205	-686.6729	172.8523	0.7855906	0.726002
2706	-509.8722	-682.7532	172.881	0.5751718	0.9288259
2712	-518.4487	-691.239	172.7904	0.9183262	0.5756073
2718	-509.1936	-682.309	173.1154	0.4421724	0.7383946
2724	-510.74	-683.8624	173.1224	0.4485898	0.7229075
2730	-523.6933	-696.8691	173.1758	0.4485898	0.6170209
2736	-522.0458	-695.1473	173.1015	0.5974828	0.4919194
2742	-513.7275	-686.4529	172.7254	0.9488391	0.6652272
2748	-515.6374	-688.5608	172.9234	0.7700859	0.6148606
2754	-526.7231	-699.2117	172.4885	1.180184	0.6776088
2760	-531.5278	-704.1861	172.6583	0.962408	0.7558749
2766	-525.4069	-697.9227	172.5158	1.173416	0.6343358
2772	-525.5252	-698.0044	172.4793	1.121867	0.7841552
2778	-530.8611	-703.469	172.6079	1.037225	0.7179792
2784	-518.8314	-691.7206	172.8892	0.7788436	0.6726885
2790	-523.5549	-696.5171	172.9623	0.704632	0.6668339
2796	-529.8792	-702.5777	172.6985	0.9237781	0.7533766
2802	-521.4026	-694.1012	172.6985	0.9237781	0.7533766
2808	-524.5135	-697.2605	172.747	0.9721046	0.5076043
2814	-524.4466	-696.9819	172.5353	1.182443	0.534828
2820	-525.027	-697.6195	172.5924	0.8853665	0.9318033
2826	-513.0169	-686.0448	173.0278	0.6095366	0.7005909
2832	-514.1985	-687.1513	172.9528	0.6525004	0.7613284
2838	-502.7678	-675.3738	172.606	1.012372	0.7593269
2844	-512.6153	-685.7423	173.127	0.5245117	0.6309589
2850	-516.9425	-689.8497	172.9072	0.7020872	0.7627146
2856	-518.7755	-691.9105	173.135	0.5068135	0.6394737
2862	-519.0587	-691.7749	172.7162	0.8309086	0.85212
2868	-517.5756	-690.3603	172.7846	0.8398531	0.7489916
2874	-528.1509	-700.8858	172.7349	0.8815486	0.7616491
2880	-516.3893	-689.3627	172.9735	0.6929529	0.6658917
2886	-522.0869	-695.0748	172.9879	0.6858401	0.6492859
2892	-520.9132	-693.921	173.0077	0.5609072	0.7898938
2898	-516.9886	-689.5112	172.5226	0.9346532	0.9539486
2904	-524.1244	-697.2076	173.0831	0.4930927	0.7479208
2910	-525.7671	-698.8188	173.0517	0.5602107	0.7259862
2916	-529.8144	-702.4743	172.6599	1.014034	0.6659524
2922	-523.5156	-696.3553	172.8398	0.6495035	0.9063411
2928	-514.0203	-687.1024	173.0821	0.4286488	0.7938815
2934	-520.1553	-692.7716	172.6163	0.9944191	0.7703591
2940	-509.2015	-681.9661	172.7647	0.790538	0.8409041
2946	-512.7451	-685.6205	172.8754	0.790538	0.6775495
2952	-524.5069	-697.2996	172.7927	0.790538	0.8052407
2958	-521.9423	-694.7997	172.8574	0.6039086	0.9294723
2964	-510.7559	-683.5722	172.8163	0.7549275	0.8190207
2970	-516.3242	-688.9088	172.5846	1.087407	0.6699672
2976	-523.7326	-696.3384	172.6057	0.9699356	0.8177031
2982	-516.8748	-689.4638	172.589	0.9867017	0.8177031
2988	-528.2751	-701.4458	173.1707	0.4817267	0.5819846
2994	-521.2897	-694.234	172.9443	0.7049765	0.6997779
3000	-518.5272	-691.4148	172.8876	0.7725155	0.6872026
3006	-525.2586	-698.0365	172.7779	0.9339322	0.5630118
3012	-522.1658	-695.0857	172.9198	0.7285711	0.7041138
3018	-521.3975	-694.359	172.9615	0.6783314	0.7119027
3024	-538.6099	-711.272	172.6622	0.9051942	0.8280688
3030	-529.067	-702.1377	173.0706	0.5212291	0.7398804
3036	-526.7909	-699.296	172.5051	1.079493	0.8061629
3042	-532.1782	-704.9294	172.7512	0.8085861	0.8358884
3048	-519.8382	-692.5486	172.7103	0.8577673	0.8266414
3054	-533.2648	-706.3124	173.0476	0.6431849	0.5934791
3060	-525.485	-698.1113	172.6262	1.033776	0.6922793
3066	-525.1472	-697.7032	172.5559	0.9999259	0.8426355
3072	-538.165	-710.3964	172.2314	1.30192	0.8735104
3078	-523.0364	-695.807	172.7706	0.7812729	0.8446045
3084	-514.5286	-687.1887	172.6601	0.9604269	0.7561777
3090	-515.7932	-688.6366	172.8434	0.7745253	0.7561777
3096	-522.4436	-695.553	173.1094	0.5253031	0.6679803
3102	-514.2563	-687.3089	173.0525	0.5529567	0.7332666
3108	-525.4912	-698.3046	172.8135	0.720145	0.8629277
3114	-517.4865	-690.4282	172.9417	0.720145	0.678759
3120	-507.9962	-680.9873	172.9912	0.6885192	0.6364643
3126	-504.745	-677.7559	173.0109	0.6845034	0.5934071
3132	-517.6693	-690.7686	173.0993	0.5809264	0.5934071
3138	-514.6481	-687.7761	173.128	0.5450904	0.5879564
3144	-529.572	-702.7868	173.2148	0.3912755	0.5365114
3150	-544.5623	-717.3641	172.8017	0.7883896	0.7959219
3156	-541.2833	-714.1868	172.9035	0.6289568	0.8530284
3162	-524.3294	-697.4633	173.1339	0.4898781	0.6639685
3168	-520.9574	-694.1561	173.1988	0.3670454	0.6080143
3174	-526.9851	-700.1449	173.1597	0.3272291	0.6801771
3180	-520.3869	-693.2523	172.8654	0.7026202	0.8189022
3186	-519.4956	-692.3402	172.8446	0.7026202	0.8450067
3192	-526.6209	-699.5179	172.8969	0.7023528	0.7769758
3198	-534.8628	-707.9042	173.0414	0.5641441	0.7376038
3204	-525.1996	-697.8901	172.6905	0.8911743	0.8096531
3210	-517.38	-689.9589	172.579	0.8911743	0.9400847
3216	-530.7993	-703.4354	172.6361	0.8911743	0.8765024
3222	-529.2036	-702.3242	173.1206	0.5458659	0.6088923
3228	-525.8931	-699.0278	173.1347	0.437861	0.7100565
3234	-518.3938	-691.2877	172.8938	0.666877	0.8240283
3240	-528.0145	-701.0371	173.0226	0.5017286	0.8240283
3246	-530.9123	-703.5411	172.6288	1.038728	0.6784947
3252	-528.5033	-701.2284	172.7251	0.8923935	0.7603274
3258	-524.0392	-696.6734	172.6342	0.8923935	0.8773019
3264	-542.9336	-715.9605	173.0269	0.682918	0.5219097
3270	-533.6759	-706.6056	172.9297	0.6896572	0.7462357
3276	-524.3203	-697.196	172.8758	0.7475496	0.7462357
3282	-521.8196	-694.8351	173.0155	0.6213019	0.7049066
3288	-531.8974	-704.6398	172.7423	0.7371974	0.9255095
3294	-524.9526	-698.0169	173.0643	0.5403675	0.7290049
3300	-518.9423	-691.4996	172.5573	1.056403	0.7662081
3306	-523.3937	-696.4928	173.0991	0.531115	0.6802994
3312	-532.8389	-705.9629	173.124	0.4969037	0.6752814
3318	-524.3001	-697.0645	172.7643	0.7927608	0.8386614
3324	-522.9622	-695.4085	172.4464	1.101142	0.8529962
3330	-518.416	-691.1414	172.7254	0.9239132	0.710832
3336	-516.2265	-688.8729	172.6463	0.9239132	0.8245598
3342	-514.288	-687.1597	172.8716	0.7959125	0.6748167
3348	-519.7142	-692.8581	173.1439	0.4611767	0.6748167
3354	-514.3356	-687.4029	173.0673	0.5780455	0.6748167
3360	-529.5761	-702.3946	172.8185	0.7614023	0.8081056
3366	-521.8592	-694.4736	172.6145	1.057577	0.6696499
3372	-515.6456	-688.1373	172.4917	1.032889	0.8799354
3378	-519.5101	-692.1049	172.5948	0.9102313	0.9020639
3384	-524.9826	-697.7669	172.7842	0.8475447	0.7380348
3390	-527.6166	-700.3597	172.7432	0.9272424	0.6727139
3396	-529.1861	-701.7272	172.541	1.070783	0.7688955
3402	-527.157	-699.8709	172.7139	0.7962357	0.894376
3408	-522.1617	-694.8265	172.6647	0.7962357	0.9481142
3414	-513.549	-686.5708	173.0218	0.5294456	0.8015211
3420	-521.5563	-694.7197	173.1635	0.4360224	0.6577798
3426	-530.9876	-703.5446	172.557	0.7935224	1.058285
3432	-519.5557	-692.2836	172.7279	0.7290167	0.9492181
3438	-523.5571	-695.8667	172.3096	1.287523	0.7931844
3444	-525.9971	-698.3438	172.3467	1.279745	0.7512585
3450	-530.782	-703.6085	172.8265	0.7627735	0.7958112
3456	-526.0721	-698.9695	172.8974	0.6868645	0.7958112
3462	-526.4392	-699.2945	172.8553	0.6967571	0.8384553
3468	-526.1152	-699.112	172.9967	0.6406284	0.7087787
3474	-525.9629	-699.0617	173.0988	0.5841983	0.586586
3480	-518.8197	-691.8159	172.9962	0.6338083	0.7194125
3486	-516.2321	-689.0452	172.813	0.7016359	0.8835111
3492	-515.853	-688.8057	172.9527	0.7016359	0.690347
3498	-524.1198	-696.6183	172.4985	1.057015	0.8430278
3504	-525.2857	-698.1749	172.8892	0.6883214	0.8049894
3510	-517.2738	-690.1433	172.8695	0.6601154	0.861292
3516	-518.5003	-691.1281	172.6278	0.9898153	0.7604611
3522	-515.1028	-688.2142	173.1114	0.5129519	0.6800592
3528	-519.8753	-692.5549	172.6796	0.8770008	0.8413208
3534	-533.3083	-705.814	172.5057	1.009286	0.8909383
3540	-530.3493	-702.9908	172.6415	1.052116	0.6217504
3546	-524.0711	-697.208	173.1369	0.4411425	0.7039264
3552	-529.1195	-702.2057	173.0862	0.5353998	0.6983412
3558	-535.3225	-708.2761	172.9535	0.7228383	0.6498668
3564	-524.5497	-697.3005	172.7508	0.8082007	0.8368234
3570	-532.3016	-705.3112	173.0096	0.551349	0.7970428
3576	-527.473	-700.2184	172.7454	0.7963283	0.8575096
3582	-523.4999	-696.045	172.5451	0.998524	0.8575096
3588	-534.8746	-707.6343	172.7597	0.7772269	0.8624577
3594	-535.1667	-708.028	172.8613	0.7989613	0.6886993
3600	-537.2354	-710.1649	172.9295	0.7275075	0.6886993
3606	-535.4224	-707.6152	172.1928	1.475755	0.6964348
3612	-520.4297	-693.3067	172.877	0.8017592	0.6523083
3618	-523.5698	-696.1782	172.6084	0.8544186	0.9474373
3624	-522.2375	-694.5227	172.2853	1.178989	0.9474373
3630	-515.0361	-687.575	172.5389	1.178989	0.5327895
3636	-507.88	-680.1945	172.3144	1.332218	0.7223339
3642	-516.0658	-689.1348	173.069	0.6354723	0.5203827
3648	-511.5497	-684.292	172.7424	0.8804422	0.7522929
3654	-504.4662	-677.084	172.6178	0.9313426	0.8507
3660	-509.6039	-682.3247	172.7209	0.7160794	0.9691943
3666	-515.0286	-687.4169	172.3883	0.9592832	1.062854
3672	-519.5944	-692.6592	173.0648	0.4461572	0.8077088
3678	-518.3914	-691.1271	172.7357	0.6704677	0.9964789
3684	-522.6075	-695.3734	172.766	0.8146539	0.8095282
3690	-523.214	-696.0631	172.8491	0.81685	0.6788739
3696	-522.3427	-695.1361	172.7934	0.8196425	0.7652488
3702	-530.3429	-703.1189	172.776	0.828689	0.7773787
3708	-513.0281	-685.9102	172.8821	0.7057894	0.7930178
3714	-521.9927	-694.9763	172.9835	0.611787	0.7672984
3720	-511.7589	-684.783	173.0242	0.593815	0.7281584
3726	-516.9492	-689.8799	172.9308	0.6762253	0.7626894
3732	-523.1562	-696.1112	172.955	0.6489635	0.7626894
3738	-526.258	-699.17	172.912	0.7926012	0.583686
3744	-528.4067	-701.3774	172.9708	0.642723	0.7473423
3750	-526.8807	-699.6942	172.8135	0.8620904	0.6613706
3756	-519.9674	-692.6461	172.6787	0.9381901	0.7614616
3762	-517.515	-689.9485	172.4335	1.150627	0.8073699
3768	-519.1354	-691.5011	172.3657	1.150627	0.8900073
3774	-509.3343	-681.8715	172.5372	1.144061	0.6514697
3780	-515.6879	-688.7634	173.0755	0.622388	0.554208
3786	-514.1292	-686.8217	172.6925	0.9090248	0.7830666
3792	-523.1633	-696.1871	173.0237	0.5914971	0.7318247
3798	-528.0084	-700.7249	172.7165	0.6621874	1.022851
3804	-525.0524	-697.8323	172.7799	0.6798493	0.9421405
3810	-522.5324	-695.4289	172.8965	0.6564719	0.8323107
3816	-543.8605	-716.492	172.6315	0.7871817	0.9915135
3822	-530.3501	-703.186	172.8359	0.624095	0.9345293
3828	-518.4106	-691.2573	172.8467	0.7467376	0.7890984
3834	-523.6148	-696.3233	172.7085	0.8467175	0.8424701
3840	-527.002	-699.5621	172.5601	1.11414	0.6657289
3846	-527.7494	-700.1626	172.4132	1.11414	0.8769544
3852	-529.6544	-702.4983	172.8439	0.6938631	0.855555
3858	-525.6289	-698.1555	172.5266	1.068159	0.792574
3864	-521.2706	-694.1061	172.8355	0.7557703	0.792574
3870	-524.3541	-697.1021	172.748	0.8845636	0.7375604
3876	-515.6405	-688.3794	172.7389	0.8725583	0.7687562
3882	-529.4289	-702.5319	173.1031	0.4849949	0.7241507
3888	-533.6338	-706.6342	173.0004	0.6253533	0.724324
3894	-529.4462	-702.0298	172.5836	1.023852	0.7750337
3900	-528.9085	-701.5144	172.6059	0.8347867	0.9702571
3906	-515.1829	-687.9396	172.7567	0.8347867	0.7956541
3912	-519.5682	-692.4725	172.9043	0.7705333	0.6584417
3918	-526.8288	-699.7731	172.9443	0.6505012	0.7759859
3924	-516.6398	-689.4245	172.7847	0.8301679	0.7629037
3930	-512.7304	-685.7722	173.0418	0.6342347	0.6305454
3936	-522.2875	-695.2041	172.9166	0.6956335	0.7576636
3942	-526.6497	-699.0849	172.4352	1.211003	0.7180698
3948	-528.636	-701.3344	172.6984	0.9466168	0.7180698
3954	-516.4329	-689.3986	172.9657	0.6708352	0.7162033
3960	-519.4015	-692.5703	173.1689	0.4644941	0.6153633
3966	-513.9908	-687.1498	173.1589	0.4658392	0.6382809
3972	-514.7169	-687.6476	172.9307	0.7029703	0.7256611
3978	-521.7047	-693.9075	172.2029	1.160136	1.048757
3984	-514.5969	-687.3771	172.7802	0.8734946	0.7026821
3990	-511.5409	-684.427	172.8861	0.71621	0.7741784
3996	-516.7712	-689.5756	172.8044	0.71621	0.8778842
4002	-522.6079	-695.698	173.0901	0.5976106	0.5793489
4008	-509.217	-682.2625	173.0455	0.6152248	0.6581811
4014	-513.1332	-685.9108	172.7777	0.808981	0.8014091
4020	-510.6527	-683.7318	173.0791	0.5182713	0.7297001
4026	-507.2611	-680.0387	172.7776	0.8560601	0.7353687
4032	-519.0335	-691.6449	172.6114	0.8560601	0.9425735
4038	-520.2744	-692.9963	172.7219	0.8813267	0.7805021
4044	-531.4695	-703.9432	172.4737	1.078204	0.8475798
4050	-518.3835	-690.9681	172.5846	1.036708	0.7549874
4056	-509.5002	-682.1085	172.6083	0.9550544	0.8333309
4062	-508.6614	-681.6521	172.9907	0.4731637	0.88243
4068	-504.0324	-676.9259	172.8936	0.6111828	0.88243
4074	-521.9187	-694.7267	172.808	0.7081399	0.88243
4080	-522.4152	-695.3334	172.9182	0.775182	0.3997993
4086	-515.134	-688.0711	172.9371	0.7273125	0.6748112
4092	-519.3389	-692.2367	172.8977	0.7273125	0.7418752
4098	-532.3357	-705.4089	173.0732	0.5687536	0.6772002
4104	-526.8399	-699.4863	172.6464	0.8717919	0.8868382
4110	-510.6406	-683.3996	172.7591	0.9036317	0.6871231
4116	-525.8871	-698.8785	172.9914	0.6607443	0.6871231
4122	-519.9338	-693.0034	173.0696	0.6333264	0.5328805
4128	-517.8329	-690.5095	172.6766	0.7954745	0.936289
4134	-523.7682	-696.4563	172.6881	0.7954745	0.9237959
4140	-524.1617	-697.033	172.8714	0.7073022	0.8055446
4146	-523.1333	-695.6045	172.4713	1.066396	0.8646498
4152	-517.4137	-690.194	172.7803	0.7879507	0.824527
4158	-523.3474	-696.1401	172.7927	0.8607817	0.702926
4164	-521.895	-694.6768	172.7818	0.9024602	0.643591
4170	-518.5075	-691.613	173.1055	0.591605	0.5209588
4176	-514.0537	-686.6208	172.567	1.089562	0.6985353
4182	-512.593	-685.3527	172.7597	0.911348	0.6713104
4188	-526.1718	-699.1679	172.9961	0.6866556	0.628686
4194	-507.9407	-680.8178	172.8772	0.6938152	0.8141348
4200	-501.6511	-674.5773	172.9262	0.6832228	0.7601085
4206	-509.1049	-682.1717	173.0668	0.4712699	0.7888588
4212	-509.4491	-682.4017	172.9526	0.6948394	0.701504
4218	-516.3768	-689.1953	172.8185	0.7975208	0.7601392
4224	-522.0709	-694.7584	172.6875	0.9665825	0.7027842
4230	-512.4375	-685.4384	173.0009	0.6398362	0.7027842
4236	-520.07	-693.147	173.0771	0.5975344	0.6190031
4242	-515.9485	-688.613	172.6645	0.9471537	0.7690107
4248	-523.6399	-696.7058	173.0659	0.5376996	0.7295627
4254	-532.5334	-705.6887	173.1553	0.4699245	0.6417679
4260	-514.5411	-687.2105	172.6693	0.9720539	0.7239944
4266	-518.3343	-690.9852	172.6509	0.828766	0.9289935
4272	-518.5358	-691.0914	172.5556	1.114523	0.673884
4278	-524.3429	-697.5521	173.2092	0.4194045	0.5274055
4284	-523.9652	-696.6437	172.6785	0.8418503	0.8838715
4290	-534.0588	-706.8585	172.7997	0.8494265	0.7099837
4296	-529.6005	-702.6814	173.0809	0.5769539	0.6487762
4302	-516.3125	-689.294	172.9815	0.6832813	0.6674384
4308	-522.3047	-695.0512	172.7466	0.7276026	0.930703
4314	-518.2685	-691.0894	172.8209	0.7276026	0.8455423
4320	-528.2745	-701.3901	173.1156	0.4526163	0.7308222
4326	-516.2106	-689.1213	172.9106	0.721105	0.7308222
4332	-517.2744	-690.2081	172.9337	0.6559613	0.7840813
4338	-518.2626	-691.4766	173.214	0.3989454	0.5315318
4344	-522.16	-695.3616	173.2016	0.4331176	0.5475534
4350	-519.0745	-691.9041	172.8296	0.6051792	0.9579439
4356	-518.9424	-691.9763	173.0339	0.6018564	0.7010343
4362	-524.1181	-697.1367	173.0187	0.5622849	0.7733098
4368	-524.6643	-697.0553	172.391	1.020448	1.000859
4374	-520.6723	-693.0468	172.3746	1.038205	0.9995713
4380	-513.8865	-686.788	172.9015	0.808052	0.5664173
4386	-516.7893	-689.9716	173.1823	0.3815025	0.6468622
4392	-522.6965	-695.275	172.5785	1.078718	0.6974807
4398	-529.293	-702.1649	172.8718	0.8242812	0.6122066
4404	-524.8613	-697.6365	172.7752	0.8242812	0.7844478
4410	-524.6887	-697.8304	173.1416	0.4941484	0.6420169
4416	-525.4255	-698.3982	172.9727	0.7204745	0.6085265
4422	-523.6226	-696.8177	173.1952	0.3744902	0.6173558
4428	-514.7541	-687.9184	173.1643	0.456929	0.6359702
4434	-521.8677	-694.6246	172.7569	0.893771	0.7082655
4440	-522.5751	-695.1217	172.5466	1.157634	0.5934109
4446	-518.1071	-690.5454	172.4383	1.273233	0.5747981
4452	-519.4047	-692.0972	172.6924	0.8087315	0.904834
4458	-519.91	-692.5587	172.6487	0.8087315	0.9522117
4464	-528.1315	-700.9482	172.8168	0.6645542	0.917076
4470	-533.9545	-706.6199	172.6653	0.9030511	0.8268036
4476	-524.5745	-696.9078	172.3333	1.199056	0.8720576
4482	-530.1706	-702.6934	172.5228	0.9803598	0.9042561
4488	-529.7632	-702.7995	173.0364	0.6039983	0.6936252
4494	-535.4751	-708.4008	172.9257	0.6822615	0.7620796
4500	-533.9777	-706.6764	172.6986	0.7729692	0.9359214
4506	-531.0487	-703.9197	172.871	0.8117379	0.6443324
4512	-535.1139	-707.7567	172.6429	1.005773	0.7120469
4518	-523.5589	-696.3036	172.7447	0.8242947	0.8248385
4524	-528.7292	-701.6082	172.879	0.7312911	0.7642521
4530	-525.271	-698.1112	172.8402	0.785449	0.7451471
4536	-530.5087	-703.2442	172.7355	0.7980989	0.8672115
4542	-520.9722	-693.5171	172.5448	1.063328	0.7740678
4548	-522.2975	-695.1993	172.9017	0.6508156	0.831949
4554	-519.8529	-692.8277	172.9747	0.617571	0.7729106
4560	-520.0764	-693.0788	173.0024	0.6168405	0.7326438
4566	-516.742	-689.8263	173.0843	0.5699869	0.6529481
4572	-526.0572	-698.7425	172.6854	0.9310318	0.7621188
4578	-523.9907	-696.2798	172.2891	1.390773	0.6670665
4584	-526.1796	-698.7806	172.601	1.102153	0.5954363
4590	-519.188	-691.8619	172.6739	1.007593	0.6501306
4596	-530.3635	-702.6233	172.2599	1.437315	0.6344544
4602	-525.6385	-697.9257	172.2872	1.438721	0.5332932
4608	-525.261	-697.9069	172.6459	0.9180759	0.832391
4614	-524.4574	-697.2124	172.7549	0.9296004	0.6433106
4620	-511.4136	-684.214	172.8004	0.894525	0.617874
4626	-524.2584	-696.7683	172.5099	1.001925	0.8945143
4632	-516.8413	-689.6938	172.8524	0.7657386	0.7552805
4638	-514.8746	-687.5719	172.6973	0.9335566	0.7405667
4644	-525.0336	-697.7192	172.6856	0.9335566	0.758066
4650	-513.6539	-686.6941	173.0401	0.5914647	0.7048539
4656	-525.2739	-698.338	173.064	0.636801	0.5495995
4662	-516.6375	-689.31	172.6725	0.7657053	0.9706826
4668	-514.2217	-686.9853	172.7635	0.8308853	0.7916203
4674	-514.3721	-687.2368	172.8647	0.6278636	0.8992984
4680	-515.05	-688.0833	173.0333	0.6294294	0.6586807
4686	-519.967	-692.9438	172.9769	0.6527525	0.7241788
4692	-518.7045	-691.4311	172.7267	0.8777817	0.7786817
4698	-514.3927	-686.8647	172.472	1.031677	0.9036709
4704	-510.3284	-682.9165	172.5881	0.9482434	0.8661555
4710	-518.2949	-691.192	172.8971	0.5943873	0.8940604
4716	-521.0573	-693.9538	172.8965	0.7678953	0.6788786
4722	-516.5477	-689.2489	172.7012	0.8906624	0.796063
4728	-517.914	-690.8172	172.9032	0.7359684	0.7202956
4734	-517.2636	-690.1221	172.8585	0.7374398	0.7849357
4740	-517.3123	-690.175	172.8627	0.8467795	0.570142
4746	-513.2269	-686.1873	172.9604	0.6957647	0.6860417
4752	-524.1566	-697.0676	172.911	0.4828889	0.963639
4758	-523.5011	-696.5481	173.0471	0.6368255	0.6111674
4764	-512.6451	-685.665	173.0199	0.6530215	0.6434158
4770	-515.1617	-688.0387	172.877	0.587512	0.9225636
4776	-508.3078	-681.0675	172.7597	0.7215827	0.9225636
4782	-512.3744	-684.9969	172.6225	0.8813303	0.9031409
4788	-515.2632	-688.3893	173.1261	0.4772788	0.6923819
4794	-515.3999	-688.2322	172.8322	0.8252824	0.6947239
4800	-512.0437	-684.8091	172.7655	0.9091303	0.6642785
4806	-520.7792	-693.7207	172.9415	0.6329492	0.8006361
4812	-506.2155	-678.6507	172.4352	1.047154	0.9271892
4818	-519.4951	-692.2824	172.7873	0.8367906	0.7494532
4824	-513.4225	-686.4582	173.0357	0.661878	0.5780283
4830	-515.21	-688.3167	173.1067	0.5253993	0.6731472
4836	-510.0783	-682.6614	172.5831	0.9551187	0.8638656
4842	-512.0669	-684.9802	172.9133	0.750116	0.6792231
4848	-507.5736	-680.4855	172.9119	0.750116	0.681812
4854	-521.5436	-694.6181	173.0746	0.5042063	0.7506091
4860	-511.3127	-684.1114	172.7986	0.8380947	0.730037
4866	-517.9844	-690.8235	172.8391	0.8653258	0.5892048
4872	-534.6258	-707.5288	172.903	0.7890289	0.6204278
4878	-516.7701	-689.655	172.8848	0.7866724	0.6664008
4884	-511.5014	-684.0797	172.5783	1.095526	0.6664008
4890	-517.6863	-690.6805	172.9942	0.5838519	0.7841202
4896	-520.8545	-693.6328	172.7783	0.865985	0.7184576
4902	-517.9397	-690.645	172.7053	0.7873224	0.9136027
4908	-511.6357	-684.732	173.0963	0.5903534	0.5780119
4914	-524.7679	-697.6785	172.9106	0.7220802	0.7294105
4920	-514.9512	-687.5276	172.5764	1.033248	0.7718665
4926	-519.9308	-693.0262	173.0954	0.5267122	0.692688
4932	-535.0565	-708.1389	173.0825	0.5006508	0.7419923
4938	-539.0688	-712.1235	173.0547	0.5405887	0.7437796
4944	-535.6975	-708.8893	173.1919	0.4242637	0.5984936
4950	-520.3541	-692.9629	172.6089	0.750799	1.047896
4956	-518.3753	-691.2316	172.8563	0.7979596	0.699252
4962	-515.4023	-688.2032	172.8009	0.8791904	0.6524219
4968	-514.9822	-687.3451	172.363	1.256145	0.7612891
4974	-520.0075	-692.6375	172.63	0.7175702	1.057548
4980	-520.7147	-693.0958	172.3812	0.9903735	1.040026
4986	-525.1502	-697.8584	172.7082	0.6515721	1.040026
4992	-520.35	-693.4638	173.1138	0.5416648	0.6339151
4998	-518.5898	-691.6097	173.0198	0.5416648	0.7926487
5004	-512.142	-685.0034	172.8614	0.7998991	0.6866805
5010	-523.3879	-696.1161	172.7282	0.8021119	0.8712907
5016	-527.3127	-700.0975	172.7848	0.9297965	0.5490743
5022	-522.5807	-695.473	172.8923	0.712962	0.7696145
5028	-520.7442	-693.4537	172.7096	0.9010988	0.7702016
5034	-532.232	-704.9853	172.7533	0.69882	0.9519635
5040	-522.5273	-695.4899	172.9625	0.6504947	0.7495351
5046	-507.813	-680.8516	173.0385	0.5487495	0.759148
5052	-510.9284	-683.8821	172.9537	0.6508553	0.7621411
5058	-515.3089	-688.2289	172.92	0.5596232	0.8988936
5064	-506.7685	-679.3395	172.571	1.048336	0.7580042
5070	-510.7101	-683.7602	173.0501	0.578661	0.7051276
5076	-520.0781	-693.1406	173.0624	0.5347228	0.7382291
5082	-524.9893	-697.8788	172.8895	0.736684	0.740933
5088	-521.3482	-694.4809	173.1327	0.5106368	0.6391241
5094	-507.6535	-680.3259	172.6723	0.7997621	0.9363869
5100	-523.7034	-696.8406	173.1372	0.4065595	0.72271
5106	-521.854	-694.3611	172.5071	0.9115553	0.9935572
5112	-525.1557	-697.6636	172.5079	1.033438	0.8602366
5118	-516.4236	-689.2306	172.807	0.8462947	0.7027752
5124	-502.6905	-675.7327	173.0422	0.542433	0.760426
5130	-513.1123	-685.8767	172.7644	0.9219627	0.6390868
5136	-515.8387	-688.4588	172.6201	0.9206659	0.8608128
5142	-531.9737	-704.9765	173.0027	0.4848507	0.8608128
5148	-520.1302	-692.7356	172.6054	0.9286836	0.8687536
5154	-522.1637	-694.7975	172.6337	0.9002305	0.8687536
5160	-521.8466	-694.8568	173.0102	0.5405273	0.8066454
5166	-520.8144	-693.8103	172.9959	0.6028598	0.7599804
5172	-528.3547	-701.5377	173.183	0.4814472	0.4967517
5178	-505.5001	-678.5123	173.0122	0.6206014	0.7115642
5184	-516.3041	-688.8929	172.5888	0.9234696	0.8938982
5190	-516.0848	-688.8634	172.7786	0.8669548	0.7163989
5196	-518.0165	-690.8894	172.8729	0.7703229	0.7163989
5202	-531.119	-703.3284	172.2094	1.413624	0.76358
5208	-518.5218	-691.4128	172.891	0.7189264	0.76358
5214	-515.0159	-687.5608	172.5448	0.9969508	0.8596717
5220	-533.3948	-706.4148	173.02	0.5711247	0.7617287
5226	-525.8892	-698.612	172.7228	0.8265839	0.8491971
5232	-531.3779	-703.9795	172.6016	1.012985	0.7648694
5238	-533.2003	-705.7311	172.5308	1.012985	0.8572743
5244	-522.2734	-694.9135	172.6401	0.9226517	0.8339392
5250	-519.4864	-692.3016	172.8152	0.7281321	0.8519039
5256	-516.0338	-688.8336	172.7998	0.7288268	0.8694923
5262	-513.9737	-686.9587	172.985	0.5754278	0.805484
5268	-516.8175	-689.5248	172.7073	1.000314	0.579952
5274	-520.3893	-692.896	172.5067	0.9749399	0.9279543
5280	-521.0736	-694.1339	173.0603	0.5794996	0.6859258
5286	-531.6319	-704.1737	172.5418	0.9310733	0.9373339
5292	-547.2716	-720.2337	172.9621	0.6954965	0.6834095
5298	-535.0607	-707.8701	172.8094	0.6811354	0.9087402
5304	-526.5356	-699.1331	172.5975	0.8576651	0.9555546
5310	-536.9937	-710.0296	173.0358	0.6242733	0.6623522
5316	-527.0993	-699.9933	172.894	0.7439528	0.7230605
5322	-513.2201	-686.2159	172.9958	0.6531582	0.6912741
5328	-514.3127	-686.9153	172.6026	0.9841257	0.8033478
5334	-527.0426	-700.217	173.1744	0.490149	0.5436668
5340	-538.5476	-711.6721	173.1245	0.5460944	0.5969997
5346	-533.8977	-706.8114	172.9137	0.5282168	0.9306948
5352	-526.386	-699.1781	172.7921	0.8514329	0.7194197
5358	-521.2896	-694.2282	172.9386	0.6985497	0.7194197
5364	-532.1848	-704.7268	172.5421	1.0351	0.8157931
5370	-526.8529	-699.8731	173.0202	0.6203284	0.6981485
5376	-532.167	-704.8082	172.6413	1.026444	0.6780105
5382	-524.5407	-697.3006	172.7598	0.7432746	0.89981
5388	-522.5252	-695.388	172.8628	0.7432746	0.7712212
5394	-526.6344	-699.5486	172.9142	0.687975	0.7712212
5400	-524.8497	-697.6423	172.7926	0.6762085	0.9320259
5406	-520.7613	-693.6819	172.9206	0.6925475	0.7558636
5412	-521.079	-694.0511	172.9721	0.6346296	0.7558636
5418	-516.8135	-689.4526	172.6391	0.9914422	0.7410873
5424	-514.0162	-686.869	172.8528	0.6486985	0.8924855
5430	-516.0874	-688.9527	172.8653	0.7104528	0.8096916
5436	-524.0678	-696.7484	172.6806	0.8386894	0.884999
5442	-526.4112	-699.1257	172.7145	0.9271117	0.7235316
5448	-527.3772	-700.0755	172.6984	0.861047	0.8375921
5454	-517.9281	-690.8767	172.9486	0.6742453	0.7387023
5460	-539.0025	-711.9019	172.8994	0.7276998	0.7387023
5466	-528.939	-702.023	173.084	0.5729402	0.6488272
5472	-528.4863	-700.5999	172.1136	1.50734	0.7740729
5478	-531.022	-703.9478	172.9258	0.6756651	0.7705577
5484	-518.6747	-691.5784	172.9037	0.746373	0.7030287
5490	-516.0329	-688.9523	172.9194	0.7098225	0.7334979
5496	-519.5304	-692.5574	173.027	0.6460272	0.6411476
5502	-519.0403	-692.0951	173.0548	0.6134557	0.6411476
5508	-520.6792	-693.8617	173.1826	0.4159307	0.6305263
5514	-516.3218	-689.3584	173.0366	0.6401897	0.6305263
5520	-515.0598	-687.834	172.7742	0.9158193	0.6305263
5526	-515.6037	-688.7769	173.1732	0.4535754	0.617914
5532	-526.2038	-699.0177	172.814	0.7518522	0.8257017
5538	-523.6615	-696.5456	172.884	0.7518522	0.7270254
5544	-523.6308	-696.6491	173.0183	0.5710956	0.7642551
5550	-530.7484	-703.5049	172.7566	0.942156	0.6079547
5556	-530.2672	-702.7821	172.5149	1.130447	0.7180812
5562	-523.6642	-696.5931	172.9288	0.7728829	0.5909948
5568	-514.0106	-686.8883	172.8776	0.7782366	0.6952923
5574	-504.2804	-676.958	172.6776	0.9211188	0.7869452
5580	-515.7088	-688.3755	172.6667	0.932125	0.7869452
5586	-519.0108	-691.6097	172.5989	0.8165067	0.9956213
5592	-520.2933	-693.0469	172.7536	0.8879063	0.7233684
5598	-524.9338	-697.6577	172.7239	0.9844013	0.5776439
5604	-519.2733	-692.054	172.7808	0.7170256	0.9039779
5610	-524.8924	-697.9094	173.0169	0.6948692	0.5050685
5616	-518.244	-691.3598	173.1158	0.4650876	0.7209521
5622	-517.5703	-690.5453	172.975	0.6570595	0.7209521
5628	-509.4041	-682.1523	172.7482	0.8733187	0.7540816
5634	-506.0284	-678.8036	172.7752	0.8244783	0.7842611
5640	-516.3159	-689.4115	173.0956	0.5785356	0.6097626
5646	-523.5606	-696.3497	172.7891	0.8964365	0.6406607
5652	-511.588	-684.5296	172.9416	0.7181551	0.6825076
5658	-516.3174	-689.3516	173.0342	0.5228301	0.790846
5664	-510.8806	-683.8199	172.9393	0.7500605	0.6231609
5670	-523.9922	-696.9414	172.9491	0.7411263	0.6196786
5676	-517.0419	-689.8684	172.8264	0.7411263	0.8228013
5682	-518.8812	-691.5233	172.6421	0.9748266	0.7614083
5688	-513.2715	-686.1516	172.8801	0.7321384	0.7614083
5694	-517.0597	-689.4475	172.3877	1.076705	0.9464949
5700	-520.1743	-692.7028	172.5285	1.076705	0.7782009
5706	-509.7868	-682.3154	172.5285	1.076705	0.7782009
5712	-504.8194	-677.6429	172.8235	0.8055774	0.7408802
5718	-503.615	-676.2191	172.6042	1.011703	0.7629693
5724	-512.0863	-685.0051	172.9188	0.6931209	0.7577018
5730	-512.0744	-684.6694	172.595	0.9057548	0.9067712
5736	-512.6585	-685.3694	172.7108	0.9057548	0.761713
5742	-522.2168	-695.2165	172.9997	0.6294129	0.7199124
5748	-527.9387	-700.7389	172.8002	0.9052881	0.5867798
5754	-524.6016	-696.7977	172.1961	1.305544	0.9097229
5760	-528.905	-701.7106	172.8056	0.8484385	0.701557
5766	-528.7581	-701.3272	172.5691	1.123492	0.625063
5772	-529.6265	-702.5757	172.9492	0.7204991	0.6635581
5778	-525.7542	-698.2641	172.5099	1.160809	0.6733905
5784	-515.3766	-688.2874	172.9108	0.7135497	0.7415247
5790	-514.365	-687.4099	173.0448	0.4801383	0.8117192
5796	-521.6749	-694.7825	173.1076	0.4801383	0.7213456
5802	-518.5245	-691.4671	172.9426	0.6182826	0.8154615
5808	-519.8713	-692.9594	173.088	0.5611508	0.6593134
5814	-512.312	-685.1698	172.8578	0.7157223	0.8130769
5820	-513.3082	-686.0324	172.7242	0.7157223	0.9660407
5826	-521.5728	-694.5413	172.9685	0.54533	0.8546678
5832	-520.3551	-693.3239	172.9688	0.6880114	0.6835026
5838	-519.8632	-692.9663	173.1031	0.5944292	0.5226866
5844	-522.4427	-695.5026	173.0599	0.4340713	0.8204173
5850	-515.818	-688.5446	172.7266	0.8657724	0.7951303
5856	-508.7644	-681.7218	172.9574	0.6782719	0.7188683
5862	-522.6363	-695.7307	173.0944	0.4667077	0.7528803
5868	-525.3682	-698.1183	172.7501	0.9168302	0.6793594
5874	-532.3965	-705.4905	173.094	0.5598676	0.6486826
5880	-525.4914	-698.5172	173.0257	0.5979995	0.7201625
5886	-527.1833	-700.1631	172.9798	0.5600284	0.8273422
5892	-528.9617	-701.6976	172.7359	0.8201693	0.8408125
5898	-536.6645	-709.8537	173.1892	0.3715204	0.6326296
5904	-515.2933	-688.2599	172.9665	0.7101175	0.6472797
5910	-514.9644	-687.9461	172.9817	0.6319818	0.7448409
5916	-517.7905	-690.3714	172.5808	0.9636263	0.8564537
5922	-519.4514	-692.4971	173.0457	0.5353549	0.7626541
5928	-524.6039	-697.6362	173.0323	0.5909877	0.7186735
5934	-522.3848	-695.0748	172.6901	0.7869689	0.9306226
5940	-522.3161	-695.2196	172.9035	0.6170874	0.8650556
5946	-513.545	-686.126	172.581	1.049948	0.7404478
5952	-517.0606	-689.2989	172.2383	1.296887	0.8711673
5958	-521.7504	-694.2779	172.5275	1.060722	0.8013502
5964	-504.2562	-677.0558	172.7995	0.8622496	0.6881322
5970	-502.8062	-675.8673	173.0611	0.5769104	0.6881322
5976	-506.5904	-679.6371	173.0467	0.5769104	0.7132541
5982	-513.6361	-686.6196	172.9835	0.6451258	0.7241508
5988	-516.2051	-689.1386	172.9334	0.6451258	0.7973572
5994	-518.3844	-691.2372	172.8528	0.7029696	0.8344634
6000	-520.5502	-693.4282	172.8779	0.6082899	0.9029051
6006	-517.438	-690.1771	172.7391	0.8129857	0.8455634
6012	-531.3169	-704.1561	172.8392	0.7258409	0.8248492
6018	-532.6123	-705.1658	172.5535	1.022796	0.8169398
6024	-515.6509	-688.6014	172.9505	0.6129353	0.8111184
6030	-514.3246	-687.3458	173.0213	0.6464178	0.6530613
6036	-519.177	-692.0977	172.9207	0.6799192	0.7723258
6042	-524.1895	-697.3537	173.1641	0.3769663	0.6842179
6048	-521.9731	-694.8257	172.8526	0.8208369	0.6644127
6054	-532.669	-704.983	172.314	1.145767	0.9518557
6060	-512.855	-685.973	173.118	0.5208597	0.6566044
6066	-520.5994	-693.7092	173.1098	0.4908064	0.7075317
6072	-524.7027	-697.312	172.6093	1.042041	0.7075317
6078	-523.6559	-696.35	172.6941	0.959953	0.702779
6084	-524.4819	-697.1345	172.6526	0.8231734	0.9330721
6090	-524.6136	-697.1432	172.5295	0.7540507	1.118721
6096	-524.5593	-697.2599	172.7006	0.8050014	0.8997562
6102	-535.0661	-707.7696	172.7035	0.710077	0.9925362
6108	-529.0737	-701.3933	172.3195	1.330295	0.7169848
6114	-519.1012	-692.1017	173.0005	0.653067	0.6828066
6120	-517.0934	-689.9658	172.8724	0.6553887	0.8628447
6126	-515.2663	-687.8271	172.5608	1.110251	0.6719261
6132	-507.3968	-680.0919	172.6951	0.8502032	0.8546544
6138	-508.279	-680.9348	172.6557	0.8899884	0.8546544
6144	-506.6872	-679.6164	172.9293	0.7652245	0.6115932
6150	-515.9375	-689.1262	173.1887	0.4297248	0.6021739
6156	-527.0476	-699.4461	172.3985	1.008136	1.005741
6162	-521.9462	-694.7453	172.7991	0.8229816	0.7520368
6168	-519.4881	-692.4018	172.9137	0.7028836	0.7520368
6174	-519.8062	-692.9242	173.118	0.5425187	0.6221457
6180	-515.4746	-688.183	172.7084	0.9325271	0.724653
6186	-518.1376	-691.0558	172.9182	0.7304861	0.7037906
6192	-526.812	-699.2147	172.4027	1.236434	0.7303632
6198	-518.0777	-690.8126	172.7349	0.6797902	0.9888636
6204	-524.0276	-696.7765	172.7489	0.8421442	0.7964774
6210	-518.1888	-690.9736	172.7847	0.7064709	0.9104455
6216	-513.7483	-686.7718	173.0235	0.687096	0.5169812
6222	-527.5066	-699.4951	171.9884	1.668568	0.7396651
6228	-522.5013	-695.1909	172.6896	0.9813429	0.6717886
6234	-514.5767	-687.4004	172.8237	0.7058144	0.8665335
6240	-529.6833	-702.1432	172.4599	1.025723	0.9236444
6246	-523.7867	-696.9744	173.1876	0.4205039	0.6140009
6252	-517.454	-690.3983	172.9443	0.5552566	0.874745
6258	-511.9272	-684.6043	172.6771	0.9023471	0.8126498
6264	-525.8107	-698.6836	172.8729	0.7309489	0.7733082
6270	-525.6588	-698.4311	172.7723	0.850857	0.7513097
6276	-517.931	-690.5389	172.6079	0.9023673	0.8961179
6282	-522.7765	-695.4706	172.694	0.9023673	0.7900837
6288	-523.3394	-696.2022	172.8628	0.8180993	0.648716
6294	-527.1183	-699.6148	172.4964	0.8049943	1.104236
6300	-527.0158	-700.0014	172.9856	0.5909925	0.7881573
6306	-524.3025	-697.3078	173.0053	0.6147726	0.7308144
6312	-521.3179	-694.1513	172.8334	0.8431496	0.6588715
6318	-512.8544	-685.5832	172.7288	0.8431496	0.8214223
6324	-512.5541	-685.5819	173.0278	0.615346	0.6920282
6330	-521.64	-694.7954	173.1554	0.5034876	0.5901533
6336	-512.5495	-685.5764	173.0269	0.6196846	0.6871299
6342	-508.0626	-681.0976	173.035	0.5446533	0.7686009
6348	-515.3066	-688.438	173.1314	0.5530457	0.550062
6354	-515.3422	-688.4727	173.1304	0.4532367	0.7060211
6360	-524.3945	-696.8049	172.4104	1.243627	0.7060211
6366	-520.0244	-692.6839	172.6595	0.9927269	0.7060211
6372	-520.1057	-692.9598	172.8542	0.751746	0.7720401
6378	-524.5174	-697.5168	172.9994	0.5881781	0.7720401
6384	-523.0121	-695.9418	172.9297	0.6670385	0.7759778
6390	-521.6511	-694.5269	172.8758	0.6670385	0.8462515
6396	-521.2106	-694.1603	172.9498	0.7131361	0.6758842
6402	-518.4537	-690.8514	172.3977	1.097084	0.9137552
6408	-519.7836	-692.9175	173.1339	0.4828775	0.6719827
6414	-514.5172	-687.4962	172.9791	0.6450533	0.7313825
6420	-513.2605	-686.0786	172.8181	0.8690456	0.6365431
6426	-514.6777	-687.4654	172.7877	0.715314	0.8979792
6432	-511.0881	-683.928	172.8399	0.7731333	0.7632765
6438	-530.836	-703.6188	172.7828	0.8318166	0.7632765
6444	-522.3218	-694.8915	172.5697	0.9192115	0.9199773
6450	-520.206	-692.8165	172.6105	0.9278087	0.8636998
6456	-525.7417	-698.7975	173.0558	0.5115397	0.7711574
6462	-518.6684	-691.464	172.7957	0.8903963	0.6394376
6468	-522.9294	-695.7082	172.7788	0.8685469	0.71346
6474	-520.5971	-693.5303	172.9333	0.6920264	0.7374412
6480	-528.5282	-701.4688	172.9407	0.7403935	0.6418201
6486	-526.0149	-698.7467	172.7318	0.7900622	0.8806334
6492	-519.6949	-692.7846	173.0897	0.5751922	0.6318286
6498	-513.9445	-686.6168	172.6724	0.9251444	0.788682
6504	-518.3601	-691.0959	172.7358	0.9251444	0.6904126
6510	-518.1983	-690.8791	172.6808	0.9475524	0.7444593
6516	-518.8538	-691.5889	172.7351	0.8524537	0.8012994
6522	-513.9206	-687.0056	173.085	0.5887634	0.6168187
6528	-518.2399	-691.2583	173.0184	0.6160084	0.7075435
6534	-517.1308	-689.8483	172.7175	0.8407716	0.838645
6540	-513.9168	-687.0285	173.1117	0.491001	0.7039486
6546	-512.4758	-685.6037	173.1279	0.4633294	0.7021026
6552	-512.4298	-685.4958	173.066	0.5602444	0.7021026
6558	-518.2517	-691.1459	172.8941	0.6682384	0.8220638
6564	-520.046	-693.0158	172.9698	0.5785368	0.8220638
6570	-526.8752	-699.083	172.2079	1.183828	1.021255
6576	-510.7309	-683.6942	172.9633	0.7147631	0.6450021
6582	-524.5941	-697.3769	172.7828	0.8819276	0.6830669
6588	-527.4243	-700.4932	173.0689	0.5332756	0.7297524
6594	-524.7445	-697.7704	173.0259	0.657103	0.6205136
6600	-522.2414	-695.0668	172.8254	0.6608857	0.9111706
6606	-521.798	-694.7625	172.9645	0.6656804	0.7256436
6612	-519.3493	-692.16	172.8107	0.6570075	0.9310115
6618	-519.2509	-692.1273	172.8764	0.8149216	0.624142
6624	-521.7116	-694.4821	172.7704	0.8149216	0.8033112
6630	-525.7494	-698.1627	172.4133	1.231298	0.7214172
6636	-520.7585	-693.5037	172.7452	0.8498304	0.7912816
6642	-512.3255	-684.9163	172.5908	0.8498304	0.9706029
6648	-526.8107	-699.8451	173.0344	0.6440136	0.6278731
6654	-520.6495	-693.5973	172.9478	0.5322167	0.8897887
6660	-513.7873	-686.457	172.6697	0.9864262	0.6991922
6666	-519.2908	-692.1444	172.8536	0.7719664	0.7445581
6672	-521.2406	-693.9505	172.7099	0.8495537	0.8373606
6678	-530.0226	-703.1421	173.1195	0.5676484	0.5548611
6684	-526.6604	-699.4503	172.7899	0.7798546	0.8222714
6690	-525.2296	-698.026	172.7964	0.8221754	0.7572115
6696	-522.0881	-694.9765	172.8884	0.741088	0.7362076
6702	-515.697	-688.6892	172.9922	0.6484142	0.7050324
6708	-509.6647	-682.4504	172.7857	0.8366643	0.7520365
6714	-517.4804	-690.3334	172.8529	0.7493209	0.7770559
6720	-532.7048	-705.6897	172.9849	0.6334365	0.7379358
6726	-525.8941	-698.8685	172.9745	0.6875497	0.6736278
6732	-537.2368	-710.2184	172.9817	0.6436674	0.7292041
6738	-531.1466	-704.1829	173.0364	0.5775887	0.7292041
6744	-531.5177	-704.6659	173.1482	0.4827881	0.6420936
6750	-517.0343	-689.8915	172.8572	0.7969147	0.6994415
6756	-523.7478	-696.8643	173.1164	0.4873486	0.6994415
6762	-518.1404	-691.0702	172.9298	0.7788748	0.5663089
6768	-521.9058	-694.5003	172.5945	0.9884493	0.8082939
6774	-521.5438	-694.261	172.7173	0.796256	0.8904961
6780	-523.1366	-695.3209	172.1843	1.499157	0.6714023
6786	-528.5246	-701.3114	172.7868	0.858331	0.71695
6792	-533.2854	-706.3301	173.0447	0.6156278	0.6590522
6798	-528.2452	-700.9959	172.7506	0.881679	0.7378361
6804	-525.8194	-698.4514	172.6321	1.000563	0.7378361
6810	-517.1888	-690.405	173.2163	0.3620303	0.4633979
6816	-509.8516	-682.6943	172.8428	0.7985528	0.7212113
6822	-512.6455	-685.3722	172.7267	0.9203157	0.7145855
6828	-510.6445	-683.5065	172.862	0.7117517	0.8124382
6834	-512.0205	-684.8481	172.8276	0.7483459	0.8124382
6840	-510.5012	-683.2026	172.7015	0.7483459	0.9578422
6846	-506.7922	-679.9042	173.112	0.5355518	0.6478691
6852	-507.0953	-680.1568	173.0615	0.575372	0.6895324
6858	-509.1489	-682.1517	173.0028	0.5231716	0.8315198
6864	-510.4714	-683.4959	173.0245	0.6225609	0.6870652
6870	-518.5874	-691.7534	173.1659	0.4301337	0.6572524
6876	-525.7767	-698.2518	172.4751	1.111952	0.8031558
6882	-518.2634	-691.1157	172.8523	0.7234836	0.810864
6888	-515.0644	-688.0205	172.9561	0.7234836	0.6428492
6894	-520.297	-693.1289	172.832	0.6595187	0.9051743
6900	-523.1566	-696.0025	172.8459	0.6436062	0.9051743
6906	-518.8297	-691.8783	173.0486	0.5011651	0.790275
6912	-522.8954	-695.9087	173.0133	0.5530534	0.790275
6918	-523.6912	-696.6652	172.974	0.6070868	0.7860868
6924	-521.096	-693.6289	172.5329	0.9728334	0.9013877
6930	-522.8217	-695.6814	172.8597	0.7262478	0.797625
6936	-518.5467	-690.9155	172.3689	1.198393	0.8297366
6942	-510.9093	-683.9148	173.0055	0.6502853	0.6779646
6948	-519.1046	-691.9477	172.8431	0.6953981	0.854847
6954	-533.5271	-705.8177	172.2905	1.250302	0.8631666
6960	-512.1839	-684.8783	172.6944	0.9617059	0.6992631
6966	-505.0578	-677.7421	172.6843	0.9617059	0.7164077
6972	-511.6265	-684.2351	172.6086	0.9241336	0.8702793
6978	-519.1198	-692.167	173.0472	0.502957	0.7906514
6984	-521.9598	-695.0001	173.0403	0.5291196	0.7765249
6990	-533.7442	-706.8435	173.0993	0.4503734	0.7572517
6996	-516.4537	-689.3488	172.895	0.760631	0.6943858
7002	-516.4442	-689.2145	172.7704	0.7288073	0.9032847
7008	-525.7634	-698.5418	172.7784	0.8229061	0.7820081
7014	-520.984	-693.4294	172.4454	1.134206	0.8130712
7020	-517.3542	-690.3718	173.0176	0.6099236	0.7174869
7026	-530.4873	-703.5747	173.0873	0.5656787	0.653537
7032	-524.8992	-698.0639	173.1646	0.4893835	0.5878367
7038	-522.8136	-695.9428	173.1291	0.447117	0.712858
7044	-528.9364	-701.6414	172.705	0.7733032	0.9287114
7050	-514.963	-687.8653	172.9023	0.7769751	0.6494471
7056	-517.7133	-690.3952	172.682	0.7769751	0.9495524
7062	-512.0767	-684.6027	172.526	1.015351	0.8601847
7068	-531.4748	-704.4286	172.9538	0.4702778	0.9254482
7074	-541.4092	-714.0837	172.6746	0.9221625	0.7897348
7080	-518.5884	-691.5702	172.9817	0.5943982	0.7897348
7086	-528.0679	-700.5939	172.5259	0.9852227	0.8953012
7092	-529.7694	-702.8002	173.0308	0.646925	0.630542
7098	-532.2227	-705.0883	172.8655	0.7354931	0.7777051
7104	-521.6044	-694.6826	173.0782	0.6028062	0.6040271
7110	-526.1108	-698.9209	172.8101	0.8411472	0.7062461
7116	-519.5539	-692.6422	173.0882	0.5258549	0.7062461
7122	-515.3712	-688.4023	173.0311	0.6316512	0.6592271
7128	-515.663	-688.56	172.897	0.8173324	0.5435283
7134	-518.5661	-691.5602	172.9941	0.6218028	0.7390975
7140	-522.5747	-695.2084	172.6337	0.9040758	0.864219
7146	-519.1577	-692.195	173.0372	0.4500902	0.8405155
7152	-517.1091	-690.27	173.1609	0.5151773	0.5287559
7158	-523.3246	-696.2863	172.9617	0.6685546	0.7260778
7164	-510.6542	-683.5777	172.9234	0.5129145	0.9312031
7170	-520.9346	-693.778	172.8434	0.6188372	0.9312031
7176	-517.6898	-690.7161	173.0263	0.6188372	0.6894675
7182	-520.3281	-693.1211	172.793	0.848914	0.7220707
7188	-526.7281	-699.7112	172.9831	0.6705696	0.6862603
7194	-527.6695	-700.3055	172.636	1.002373	0.7288444
7200	-531.2314	-704.2179	172.9865	0.6842038	0.6554902
7206	-530.0785	-702.9426	172.8642	0.5780903	0.9444333
7212	-519.4394	-692.2935	172.8541	0.5780903	0.9550996
7218	-523.5208	-696.2401	172.7193	0.9341922	0.7037631
7224	-526.3425	-698.7813	172.4388	1.051336	0.9187734
7230	-514.2141	-687.0828	172.8687	0.7000832	0.8176152
7236	-526.2865	-699.31	173.0235	0.6404063	0.6593041
7242	-525.9664	-698.9044	172.938	0.6404063	0.7967747
7248	-534.7213	-707.575	172.8537	0.7887494	0.7188283
7254	-518.573	-691.4519	172.8789	0.643876	0.8670435
7260	-515.2172	-688.1536	172.9364	0.6071256	0.8352021
7266	-530.8006	-703.5756	172.775	0.7890888	0.8298254
7272	-515.2069	-688.2538	173.0469	0.5170134	0.7787285
7278	-521.5644	-694.5915	173.0271	0.523873	0.7995475
7284	-528.6447	-701.5601	172.9154	0.7125424	0.7358173
7290	-527.8949	-700.7326	172.8377	0.7125424	0.8422356
7296	-527.0063	-699.8636	172.8573	0.7125424	0.8175416
7302	-522.1897	-695.156	172.9663	0.5789983	0.8260001
7308	-523.4107	-696.2836	172.8729	0.5308149	0.9718092
7314	-531.4047	-704.177	172.7722	0.6683018	0.9611336
7320	-524.7158	-697.2577	172.5419	0.9044003	0.9652399
7326	-522.5071	-695.6137	173.1066	0.5412714	0.6508746
7332	-522.2862	-694.9935	172.7074	0.8558005	0.8328187
7338	-518.1313	-690.9088	172.7776	0.8378495	0.7623458
7344	-515.3016	-688.3074	173.0059	0.6417681	0.6910513
7350	-518.7013	-691.5372	172.8359	0.7307287	0.8232013
7356	-519.29	-692.2216	172.9316	0.7171398	0.7022523
7362	-520.1223	-693.0772	172.9549	0.7369619	0.6149254
7368	-519.182	-691.9944	172.8124	0.7683917	0.8073228
7374	-517.1322	-689.1931	172.061	1.616644	0.6982292
7380	-520.4143	-693.4026	172.9883	0.6927232	0.6341957
7386	-519.3603	-692.4114	173.0511	0.5760171	0.7069844
7392	-518.2051	-691.154	172.9489	0.6670916	0.7479101
7398	-516.1171	-688.8514	172.7342	0.8628311	0.7886749
7404	-525.219	-698.053	172.8339	0.8146269	0.7099081
7410	-527.8227	-700.7744	172.9517	0.6158794	0.8062712
7416	-525.0953	-697.6021	172.5068	1.174276	0.652624
7422	-520.9701	-693.9577	172.9876	0.6859116	0.6497963
7428	-523.4373	-696.379	172.9417	0.6879205	0.7301052
7434	-530.4198	-702.933	172.5132	0.8909279	1.007929
7440	-528.9425	-701.7203	172.7778	0.7606848	0.8598052
7446	-519.8142	-692.9373	173.123	0.5187851	0.6488104
7452	-525.8456	-698.9315	173.0859	0.5187851	0.7181324
7458	-514.0876	-687.0426	172.955	0.6878711	0.7083036
7464	-520.9914	-693.9556	172.9642	0.5804231	0.8272969
7470	-524.8985	-697.8267	172.9282	0.673743	0.7696145
7476	-516.2873	-689.2471	172.9599	0.6850375	0.7044314
7482	-523.7097	-696.6944	172.9847	0.7146783	0.5883859
7488	-523.5044	-696.5024	172.998	0.5363337	0.8261693
7494	-527.5423	-700.3328	172.7906	0.7759344	0.8261693
7500	-531.5999	-704.6563	173.0564	0.5297154	0.7527254
7506	-525.5514	-698.5368	172.9854	0.617401	0.7577626
7512	-532.2832	-705.183	172.8998	0.7137714	0.7577626
7518	-526.2578	-699.188	172.9302	0.7354962	0.6733393
7524	-525.4935	-698.633	173.1395	0.5388675	0.5609958
7530	-528.7684	-701.7876	173.0193	0.5640139	0.7705912
7536	-518.9686	-691.9886	173.02	0.5630261	0.7705912
7542	-526.5262	-699.0201	172.4939	0.9494322	0.9684781
7548	-513.1	-686.1867	173.0867	0.5609469	0.6623278
7554	-517.1179	-690.1961	173.0783	0.4837341	0.7631493
7560	-515.1466	-688.0852	172.9386	0.678801	0.7476483
7566	-520.9339	-694.04	173.106	0.5554941	0.6284765
7572	-528.7448	-701.5581	172.8134	0.7707757	0.8030713
7578	-521.2481	-694.2697	173.0216	0.4960109	0.8296474
7584	-522.9245	-695.6037	172.6792	0.8846237	0.8323318
7590	-533.9584	-706.7133	172.7549	0.7556531	0.8920458
7596	-516.2341	-689.2437	173.0097	0.6686752	0.6350644
7602	-520.3077	-692.8974	172.5897	0.897317	0.9218906
7608	-513.0036	-685.9414	172.9378	0.6477435	0.7883285
7614	-519.2866	-691.8794	172.5928	0.8937913	0.9223587
7620	-519.0884	-691.7338	172.6454	0.8937913	0.8624663
7626	-514.2991	-686.9859	172.6867	0.929077	0.7629518
7632	-512.2432	-685.1648	172.9216	0.6861158	0.7629518
7638	-517.7439	-690.6491	172.9052	0.6598988	0.817385
7644	-518.3588	-691.2095	172.8507	0.8432693	0.6188962
7650	-520.5459	-693.5547	173.0088	0.6506154	0.6710247
7656	-526.064	-698.6365	172.5725	0.8673029	0.9716589
7662	-524.38	-697.2176	172.8376	0.8673029	0.5878107
7668	-525.3093	-697.9533	172.6439	0.9503	0.7932258
7674	-529.0459	-702.1687	173.1228	0.549031	0.5956002
7680	-519.2364	-692.0225	172.7861	0.8240282	0.769533
7686	-521.993	-694.8261	172.833	0.7756921	0.769533
7692	-532.1598	-704.9559	172.7962	0.8488571	0.7168915
7698	-521.827	-694.7861	172.9591	0.4446283	0.9329417
7704	-521.4176	-694.3273	172.9098	0.6899199	0.7749673
7710	-516.0965	-688.7757	172.6792	0.8929027	0.8219477
7716	-517.846	-689.9128	172.0669	1.605925	0.7050347
7722	-522.5486	-695.4743	172.9256	0.7363277	0.680529
7728	-518.8489	-691.4969	172.6481	0.8624574	0.895391
7734	-520.3046	-693.0923	172.7877	0.8101598	0.7862352
7740	-511.1609	-683.9606	172.7997	0.774456	0.8163626
7746	-513.6619	-686.4155	172.7536	0.7525425	0.896966
7752	-528.8607	-701.384	172.5232	0.7691976	1.111308
7758	-521.6761	-694.3595	172.6833	0.7691976	0.9559909
7764	-523.0693	-696.239	173.1698	0.5031817	0.5138101
7770	-529.2237	-702.3967	173.173	0.4921294	0.5453461
7776	-523.0568	-696.089	173.0322	0.5670933	0.7481924
7782	-525.2603	-698.3737	173.1135	0.4766863	0.7147387
7788	-515.3994	-688.5262	173.1268	0.5284579	0.6248704
7794	-519.3289	-692.1012	172.7723	0.7787979	0.8455066
7800	-512.5623	-685.5255	172.9632	0.6486747	0.7509544
7806	-513.9052	-686.9648	173.0596	0.5267792	0.7509544
7812	-518.6635	-691.4091	172.7456	0.8780409	0.7509544
7818	-526.5694	-699.4438	172.8743	0.7817204	0.6952076
7824	-517.9762	-690.8378	172.8616	0.8115388	0.664494
7830	-522.5101	-695.364	172.8539	0.8194657	0.664494
7836	-521.8076	-694.8323	173.0247	0.634783	0.6666941
7842	-517.1902	-690.0257	172.8355	0.6929353	0.8666002
7848	-520.6641	-693.6797	173.0156	0.6476319	0.6626552
7854	-525.7846	-698.1488	172.3642	1.156489	0.8850783
7860	-511.3876	-683.925	172.5375	0.9175821	0.9562195
7866	-520.1138	-692.6565	172.5427	0.8862528	0.9829723
7872	-515.576	-688.3351	172.759	0.7559043	0.8871023
7878	-513.0552	-686.2526	173.1974	0.403704	0.5994292
7884	-529.4807	-702.4849	173.0042	0.6476542	0.6847971
7890	-521.9194	-695.0106	173.0912	0.5791293	0.6203992
7896	-521.4258	-694.3414	172.9156	0.5195387	0.9349871
7902	-518.3654	-691.4299	173.0645	0.5399178	0.7292667
7908	-532.1895	-704.744	172.5545	1.113036	0.6788014
7914	-533.4803	-706.0923	172.6119	0.9647516	0.8163797
7920	-531.9364	-704.8203	172.8839	0.7416477	0.7423249
7926	-528.3127	-700.8405	172.5279	1.047718	0.817819
7932	-521.8185	-694.4411	172.6226	0.9830276	0.7775664
7938	-522.6313	-695.2041	172.5728	1.036766	0.7719956
7944	-509.6755	-682.253	172.5775	1.008954	0.8036047
7950	-508.6024	-681.1912	172.5888	0.9977092	0.8036047
7956	-513.9858	-686.6399	172.6541	1.006237	0.691663
7962	-523.3617	-696.0139	172.6522	1.015646	0.6777492
7968	-518.4187	-691.1548	172.7361	0.7909418	0.8747002
7974	-524.8233	-697.589	172.7657	0.9285446	0.6200621
7980	-523.8312	-696.7662	172.935	0.6215245	0.8218025
7986	-520.6866	-693.1956	172.509	1.164666	0.6676489
7992	-519.9518	-692.6501	172.6984	0.8386156	0.8643705
7998	-514.9846	-687.5967	172.6122	1.054643	0.6798375
8004	-520.8356	-693.7745	172.9389	0.7562606	0.6085378
8010	-521.4932	-693.8993	172.406	1.051612	0.9536013
8016	-518.8137	-691.4351	172.6214	0.8142406	0.975051
8022	-513.1999	-686.0645	172.8646	0.786115	0.704737
8028	-522.5785	-695.4054	172.8269	0.786115	0.7638761
8034	-537.5715	-709.9942	172.4227	1.116431	0.863122
8040	-536.6409	-709.3314	172.6905	0.7501869	0.9673974
8046	-519.7547	-692.6395	172.8848	0.7243484	0.7652663
8052	-518.6211	-691.3701	172.749	0.8109891	0.8357384
8058	-516.4836	-689.1045	172.621	1.038421	0.6934566
8064	-517.2643	-689.892	172.6276	1.012459	0.7260973
8070	-511.8881	-684.6398	172.7518	0.9430766	0.6185105
8076	-526.6543	-699.8306	173.1763	0.4244021	0.6388862
8082	-528.8201	-701.9372	173.1171	0.4898449	0.6957565
8088	-528.3249	-701.3229	172.9979	0.5051131	0.8519939
8094	-524.4982	-697.0375	172.5393	1.057937	0.7891776
8100	-531.4238	-704.0608	172.6371	1.037488	0.6646776
8106	-534.044	-707.1388	173.0947	0.5288672	0.6911967
8112	-533.0575	-705.5974	172.54	1.018922	0.8388679
8118	-551.8904	-724.1142	172.2238	1.108669	1.077206
8124	-535.4863	-707.8398	172.3535	1.131508	0.9247029
8130	-521.7148	-694.4955	172.7807	0.7258435	0.8947928
8136	-525.329	-698.0113	172.6823	0.8001722	0.9251649
8142	-528.575	-701.3063	172.7313	0.8878333	0.7578146
8148	-511.4577	-684.0165	172.5588	1.060616	0.7578146
8154	-509.362	-681.6649	172.3029	1.27134	0.8227355
8160	-518.4892	-691.2477	172.7585	0.9554506	0.552729
8166	-517.1262	-689.5486	172.4224	1.25468	0.6637044
8172	-526.001	-698.7765	172.7755	0.8537371	0.7420769
8178	-524.5099	-697.4045	172.8946	0.7910417	0.6363293
8184	-522.5258	-695.2364	172.7106	0.7821944	0.9131899
8190	-522.161	-695.0387	172.8777	0.5973176	0.9131899
8196	-527.6245	-700.7154	173.0909	0.5494604	0.6710224
8202	-526.4519	-699.2836	172.8317	0.7361864	0.822044
8208	-519.108	-691.7213	172.6133	0.9648032	0.8145076
8214	-522.8449	-695.7818	172.9369	0.720669	0.6869702
8220	-524.691	-697.4107	172.7197	0.9485223	0.6770349
8226	-521.4443	-694.0723	172.628	0.845341	0.9360993
8232	-532.9691	-705.7856	172.8165	0.6173549	0.961042
8238	-533.9649	-707.0969	173.132	0.5008909	0.65419
8244	-512.0308	-684.4997	172.4689	1.098398	0.8285797
8250	-521.8486	-694.8198	172.9712	0.6948222	0.6670108
8256	-515.5959	-688.4093	172.8135	0.8283351	0.7216186
8262	-516.5205	-689.3872	172.8667	0.7215014	0.7941411
8268	-533.9724	-706.594	172.6216	0.7215014	1.062064
8274	-530.3655	-703.4085	173.043	0.5001419	0.7987542
8280	-525.9701	-698.7196	172.7495	0.9268076	0.6608973
8286	-527.6959	-700.1865	172.4906	1.023753	0.8917051
8292	-522.1971	-695.2657	173.0686	0.5690111	0.6855845
8298	-533.2914	-706.1837	172.8923	0.7447495	0.7246151
8304	-523.0639	-695.7893	172.7254	0.7774436	0.9018336
8310	-520.2867	-692.7594	172.4728	1.086665	0.8383543
8316	-521.5121	-693.8573	172.3452	1.193953	0.8639873
8322	-529.1308	-701.731	172.6002	1.00232	0.7818627
8328	-525.4678	-698.3971	172.9292	0.6628137	0.7818627
8334	-523.21	-696.2592	173.0492	0.5787474	0.7066337
8340	-527.2843	-699.8303	172.546	0.830647	1.034116
8346	-518.5699	-691.2314	172.6616	0.830647	0.9152934
8352	-514.7335	-687.3951	172.6616	0.830647	0.9152934
8358	-516.4628	-689.4929	173.0301	0.5900756	0.7234485
8364	-515.3067	-688.3842	173.0776	0.5884087	0.635843
8370	-523.4125	-696.5917	173.1791	0.4765838	0.559428
8376	-519.8506	-692.627	172.7764	0.7792264	0.8398782
8382	-523.2923	-696.1903	172.898	0.7792264	0.6540921
8388	-524.5753	-697.4957	172.9204	0.722207	0.713217
8394	-513.2962	-685.8451	172.549	0.9302761	0.9305129
8400	-515.7124	-688.7781	173.0657	0.5545186	0.7099644
8406	-516.8854	-690.1025	173.2171	0.346	0.4898469
8412	-517.1881	-690.2589	173.0708	0.5946827	0.6398375
8418	-520.2251	-692.858	172.633	0.9419431	0.8186623
8424	-521.6067	-694.2972	172.6905	0.8130322	0.9023121
8430	-529.8763	-702.456	172.5797	0.9251634	0.9023121
8436	-527.0186	-699.9046	172.8861	0.6990376	0.7961123
8442	-522.5399	-695.3424	172.8025	0.7804053	0.8051924
8448	-519.4246	-692.1091	172.6845	0.8756644	0.8368804
8454	-520.4944	-693.4719	172.9775	0.685033	0.6722268
8460	-514.3057	-687.1415	172.8358	0.6982054	0.8605142
8466	-518.76	-691.7668	173.0068	0.635984	0.6982355
8472	-521.7421	-694.5578	172.8157	0.8400932	0.6982355
8478	-520.1237	-692.8834	172.7596	0.8400932	0.7845733
8484	-516.365	-689.0428	172.6778	0.8400932	0.8865959
8490	-527.2716	-699.9797	172.7082	0.926105	0.7351866
8496	-522.6568	-695.162	172.5051	0.9470502	0.9592794
8502	-507.4925	-680.2768	172.7843	0.7661529	0.8455785
8508	-513.4644	-686.6764	173.212	0.3847981	0.5577941
8514	-513.3764	-686.556	173.1796	0.425729	0.6300441
8520	-509.8739	-682.9253	173.0514	0.5785105	0.7031387
8526	-514.9874	-687.9435	172.9561	0.6806489	0.7174852
8532	-509.8125	-682.8007	172.9883	0.669638	0.678175
8538	-515.4219	-688.2323	172.8104	0.8566887	0.678175
8544	-525.8382	-698.983	173.1448	0.4564172	0.6773342
8550	-519.5444	-691.9985	172.4541	1.236702	0.6328605
8556	-531.1136	-703.8061	172.6925	0.8245206	0.8873496
8562	-534.2024	-706.7286	172.5262	0.9919695	0.8873496
8568	-527.8398	-700.9537	173.1139	0.4071474	0.7583677
8574	-529.4651	-702.6428	173.1777	0.4305991	0.6304387
8580	-526.3505	-699.1044	172.7539	0.8754387	0.742288
8586	-519.7105	-692.5225	172.8121	0.8542789	0.6794479
8592	-524.7862	-697.6983	172.9121	0.6973635	0.7619291
8598	-528.3435	-701.1512	172.8076	0.8648372	0.6678404
