Iteration	Posterior	Likelihood	Prior	acrv_sd	tree_length
0	-2132.431	-2302.942	170.511	0.3578049	2.734178
6	-2126.224	-2297.17	170.9452	0.1618487	2.587444
12	-2133.238	-2304.001	170.7626	0.3444982	2.587444
18	-2129.118	-2299.741	170.6227	0.1120558	2.815922
24	-2130.655	-2301.361	170.7066	0.2160938	2.701148
30	-2134.002	-2305.017	171.0151	0.2006076	2.519925
36	-2133.439	-2304.245	170.8062	0.6626821	2.360675
42	-2142.279	-2313.471	171.1923	0.1491756	2.441128
48	-2142.13	-2313.183	171.0535	0.2203679	2.48354
54	-2130.539	-2301.414	170.8754	0.4305117	2.463481
60	-2130.363	-2301.406	171.0426	0.3104834	2.433848
66	-2128.1	-2299.11	171.0099	0.1820984	2.534694
72	-2128.578	-2299.955	171.3769	0.1151969	2.345908
78	-2120.939	-2292.041	171.102	0.09881184	2.529209
84	-2126.393	-2297.09	170.6969	0.2912234	2.660909
90	-2117.2	-2287.737	170.5368	0.2912234	2.759083
96	-2125.465	-2296.241	170.7756	0.05243126	2.759083
102	-2127.827	-2298.558	170.7316	0.155899	2.722718
108	-2117.016	-2287.687	170.6719	0.2555779	2.698175
114	-2123.727	-2294.959	171.2319	0.07866111	2.460556
120	-2125.456	-2296.372	170.9169	0.3832753	2.46707
126	-2127.294	-2297.468	170.1746	0.5252627	2.837097
132	-2114.085	-2284.85	170.765	0.3088643	2.607993
138	-2119.681	-2290.776	171.0954	0.1353308	2.510511
144	-2121.814	-2292.291	170.4773	0.5142944	2.658798
150	-2131.432	-2301.457	170.0244	0.5142944	2.934546
156	-2123.521	-2294.21	170.6894	0.4485312	2.568296
162	-2126.116	-2296.956	170.8405	0.1460924	2.661834
168	-2122.309	-2293.149	170.8405	0.1460924	2.661834
174	-2124.269	-2295.149	170.8797	0.1068835	2.661834
180	-2135.695	-2306.305	170.6095	0.377143	2.661834
186	-2141.814	-2312.744	170.93	0.3374098	2.487607
192	-2129.652	-2300.475	170.8233	0.1975707	2.640757
198	-2125.106	-2296.17	171.0642	0.0898951	2.558288
204	-2117.494	-2288.708	171.2141	0.04426551	2.493272
210	-2141.181	-2311.774	170.5932	0.3975972	2.659247
216	-2126.496	-2297.331	170.8356	0.2363285	2.609173
222	-2123.524	-2294.445	170.9209	0.08048909	2.652715
228	-2142.71	-2313.739	171.0287	0.1040298	2.571514
234	-2135.662	-2306.732	171.0699	0.4919098	2.301551
240	-2131.748	-2302.418	170.6708	0.1215931	2.78083
246	-2142.744	-2313.54	170.7964	0.1677897	2.675671
252	-2128.911	-2299.911	171.0004	0.3714814	2.421997
258	-2135.448	-2306.256	170.8079	0.3680559	2.544689
264	-2135.124	-2306.008	170.8838	0.3248149	2.524318
270	-2134.017	-2304.726	170.7088	0.4680563	2.544096
276	-2123.58	-2294.511	170.9313	0.2538091	2.538961
282	-2130.22	-2301.224	171.0036	0.3641292	2.424588
288	-2130.088	-2301.217	171.1297	0.3673642	2.342789
294	-2122.874	-2294.035	171.1618	0.1774258	2.442564
300	-2122.127	-2293.245	171.1177	0.2214922	2.442564
306	-2122.21	-2293.127	170.9173	0.4033833	2.454222
312	-2135.422	-2306.06	170.6377	0.1236701	2.799714
318	-2123.797	-2294.899	171.1023	0.07344588	2.544784
324	-2130.006	-2300.938	170.9318	0.04154726	2.67001
330	-2138.358	-2309.399	171.0407	0.1541915	2.532869
336	-2141.362	-2312.278	170.9158	0.2790517	2.532869
342	-2140.742	-2311.702	170.9602	0.2482471	2.52443
348	-2140.316	-2311.669	171.353	0.2482471	2.276276
354	-2142.147	-2313.347	171.2	0.2482471	2.373767
360	-2149.964	-2320.777	170.813	0.1571438	2.671969
366	-2142.882	-2313.545	170.6626	0.4461113	2.586448
372	-2136.045	-2306.469	170.4233	0.4417124	2.736478
378	-2134.781	-2304.966	170.1854	0.3789303	2.919121
384	-2122.673	-2293.499	170.8261	0.1581681	2.663265
390	-2129.515	-2299.831	170.3162	0.3250361	2.872612
396	-2121.385	-2291.741	170.3556	0.2856803	2.872612
402	-2124.238	-2295.189	170.9516	0.09082863	2.627452
408	-2135	-2306.027	171.0266	0.1062958	2.571437
414	-2134.462	-2305.216	170.754	0.4142918	2.549427
420	-2146.041	-2316.701	170.6596	0.1187344	2.789407
426	-2152.375	-2323.415	171.04	0.1312413	2.547607
432	-2130.159	-2301.392	171.233	0.01457497	2.499988
438	-2128.818	-2300.223	171.4059	0.009855442	2.394282
444	-2123.275	-2293.988	170.7137	0.2580612	2.67097
450	-2125.732	-2296.519	170.787	0.2504705	2.630509
456	-2127.203	-2297.99	170.787	0.2504705	2.630509
462	-2132.654	-2303.053	170.3995	0.2784897	2.850359
468	-2123.485	-2294.552	171.068	0.09044898	2.555566
474	-2141.502	-2312.239	170.7367	0.1830827	2.702901
480	-2133.882	-2304.607	170.7249	0.03137634	2.802797
486	-2137.318	-2307.699	170.3815	0.1575547	2.934386
492	-2147.121	-2317.462	170.341	0.1781851	2.946335
498	-2133.317	-2303.904	170.5876	0.1977027	2.785128
504	-2126.88	-2297.465	170.5851	0.3299396	2.705837
510	-2132.077	-2303.035	170.9581	0.3330169	2.472775
516	-2126.556	-2297.219	170.6638	0.2198264	2.725074
522	-2136.134	-2306.757	170.6222	0.2384049	2.739174
528	-2130.732	-2300.882	170.1502	0.2936773	2.99159
534	-2132.885	-2303.276	170.3908	0.05312481	2.99159
540	-2126.437	-2297.355	170.9183	0.2402979	2.555431
546	-2117.571	-2288.132	170.561	0.3077489	2.734179
552	-2128.331	-2299.11	170.7797	0.4459963	2.513693
558	-2136.925	-2307.666	170.7417	0.6217004	2.427336
564	-2126.743	-2298.045	171.3021	0.06131435	2.427336
570	-2123.984	-2294.849	170.8649	0.05834711	2.700774
576	-2125.429	-2295.967	170.5381	0.2452864	2.786289
582	-2122.315	-2293.245	170.9305	0.2256376	2.556997
588	-2128.767	-2299.941	171.174	0.0494949	2.515023
594	-2124.785	-2296	171.2154	0.05917444	2.483125
600	-2120.73	-2291.976	171.246	0.04513977	2.472703
606	-2132.64	-2303.652	171.0123	0.02912636	2.628063
612	-2139.829	-2310.928	171.0987	0.07012944	2.54907
618	-2127.852	-2298.641	170.7891	0.3306372	2.579585
624	-2134.999	-2306.255	171.2558	0.09700622	2.434016
630	-2125.23	-2296.073	170.8434	0.2666405	2.585612
636	-2126.103	-2296.923	170.8199	0.1858059	2.650072
642	-2129.239	-2299.953	170.7141	0.2144062	2.697556
648	-2134.288	-2305.401	171.1133	0.138629	2.497263
654	-2131.02	-2302.238	171.2178	0.04722357	2.489069
660	-2143.937	-2315.057	171.1198	0.1189334	2.505545
666	-2140.654	-2311.603	170.949	0.04835946	2.655232
672	-2138.518	-2309.252	170.7341	0.463093	2.531412
678	-2135.534	-2306.167	170.6325	0.3342208	2.674081
684	-2131.973	-2302.606	170.6325	0.3342208	2.674081
690	-2122.958	-2293.877	170.9187	0.04802547	2.674081
696	-2132.858	-2303.724	170.8659	0.2792442	2.563795
702	-2123.012	-2293.77	170.7583	0.1261441	2.724604
708	-2126.9	-2297.575	170.6747	0.2097438	2.724604
714	-2141.454	-2312.136	170.6822	0.3317419	2.645001
720	-2126.158	-2297.484	171.3258	0.03106603	2.431444
726	-2128.301	-2299.327	171.0267	0.0378652	2.613758
732	-2132.422	-2303.268	170.8456	0.08424332	2.696712
738	-2138.152	-2308.965	170.8133	0.2741427	2.599609
744	-2118.238	-2289.166	170.9283	0.201646	2.573252
750	-2121.81	-2293.02	171.21	0.1118395	2.453463
756	-2131.139	-2302.222	171.0825	0.4446371	2.323655
762	-2134.563	-2305.596	171.0334	0.4936803	2.323655
768	-2137.092	-2307.956	170.8636	0.02777398	2.720304
774	-2137.841	-2308.894	171.053	0.08440106	2.56863
780	-2137.241	-2308.192	170.9502	0.1118296	2.615315
786	-2143.851	-2315.202	171.3508	0.1826216	2.319638
792	-2142.581	-2313.754	171.1733	0.1458052	2.455222
798	-2135.136	-2306.034	170.8982	0.4208902	2.455222
804	-2143.18	-2314.043	170.8631	0.1076773	2.671603
810	-2131.464	-2302.319	170.8551	0.3815893	2.506806
816	-2130.46	-2301.682	171.2221	0.08635799	2.461882
822	-2132.335	-2303.18	170.8453	0.3066317	2.559579
828	-2128.382	-2299.238	170.8558	0.1616315	2.642871
834	-2126.492	-2297.704	171.2119	0.2436952	2.369106
840	-2127.984	-2299.217	171.233	0.2225341	2.369106
846	-2133.777	-2304.081	170.3039	0.425101	2.819388
852	-2128.927	-2299.779	170.8519	0.1993462	2.621974
858	-2135.992	-2306.593	170.6016	0.1668883	2.795353
864	-2143.475	-2314.288	170.8129	0.1292648	2.689164
870	-2140.977	-2311.874	170.8966	0.2872197	2.539797
876	-2143.76	-2314.146	170.3854	0.3815188	2.796363
882	-2136.492	-2307.413	170.9209	0.3815188	2.465655
888	-2128.76	-2299.233	170.4732	0.2410733	2.828381
894	-2133.976	-2304.212	170.2358	0.352799	2.904442
900	-2127.435	-2298.237	170.8029	0.2602558	2.61463
906	-2127.353	-2298.421	171.0683	0.2521266	2.454335
912	-2125.568	-2296.817	171.2484	0.07206869	2.454335
918	-2123.034	-2293.971	170.9373	0.235792	2.54645
924	-2132.998	-2303.9	170.902	0.04229874	2.687895
930	-2124.375	-2295.282	170.9073	0.1048562	2.646125
936	-2129.31	-2300.3	170.9901	0.06774317	2.617907
942	-2126.64	-2297.796	171.1559	0.177137	2.446456
948	-2134.877	-2305.574	170.6969	0.237224	2.694124
954	-2130.861	-2301.693	170.8323	0.221138	2.620656
960	-2129.748	-2300.362	170.6139	0.128955	2.810955
966	-2118.89	-2289.76	170.8698	0.0775285	2.685998
972	-2131.805	-2302.853	171.0478	0.01360547	2.615726
978	-2126.156	-2297.249	171.0927	0.02082612	2.583465
984	-2127.435	-2298.145	170.7093	0.06161184	2.793928
990	-2139.68	-2310.284	170.6035	0.1674224	2.793928
996	-2142.921	-2313.683	170.7615	0.08425799	2.748239
1002	-2143.177	-2314.502	171.325	0.08056117	2.40076
1008	-2142.386	-2312.818	170.4315	0.4890561	2.702427
1014	-2143.358	-2314.14	170.7819	0.1011295	2.725461
1020	-2140.847	-2311.621	170.774	0.2108108	2.66293
1026	-2136.765	-2307.745	170.9799	0.004938123	2.66293
1032	-2131.151	-2302.141	170.9898	0.02892626	2.642084
1038	-2134.003	-2304.528	170.5254	0.2232745	2.807465
1044	-2136.151	-2306.89	170.7393	0.008398078	2.80801
1050	-2139.757	-2310.713	170.9561	0.1020893	2.617692
1056	-2141.481	-2312.363	170.882	0.02986966	2.707788
1062	-2147.567	-2318.361	170.7938	0.2383069	2.633783
1068	-2141.25	-2312.196	170.9456	0.2102265	2.557179
1074	-2128.844	-2299.679	170.8353	0.09454144	2.696745
1080	-2139.751	-2310.935	171.1842	0.2652802	2.372994
1086	-2132.476	-2303.289	170.8133	0.2158005	2.635636
1092	-2136.126	-2307.148	171.022	0.1483475	2.548125
1098	-2133.113	-2304.427	171.314	0.1672611	2.352833
1104	-2131.256	-2302.411	171.1557	0.3687347	2.325392
1110	-2133.577	-2304.393	170.8164	0.06711969	2.725112
1116	-2139.793	-2310.856	171.0627	0.03022385	2.596196
1122	-2131.878	-2302.832	170.9539	0.03022385	2.663381
1128	-2119.112	-2290.173	171.0618	0.07010332	2.572066
1134	-2131.287	-2302.306	171.0182	0.1618307	2.542157
1140	-2143.773	-2314.608	170.8357	0.03669019	2.731957
1146	-2138.298	-2309.081	170.7831	0.0892944	2.731957
1152	-2131.422	-2302.806	171.385	0.01335325	2.405309
1158	-2121.508	-2292.454	170.9462	0.02137607	2.673529
1164	-2133.927	-2304.69	170.7635	0.3461131	2.585877
1170	-2137.876	-2308.524	170.648	0.4037132	2.621699
1176	-2135.842	-2306.783	170.9416	0.3724078	2.458408
1182	-2134.66	-2305.812	171.1514	0.4231167	2.293428
1188	-2125.583	-2296.25	170.6667	0.282594	2.684774
1194	-2133.316	-2304.241	170.9253	0.2945963	2.517283
1200	-2138.109	-2308.494	170.3854	0.07839121	2.979664
1206	-2143.619	-2313.947	170.3283	0.4085165	2.814665
1212	-2139.888	-2310.438	170.5503	0.1706711	2.82427
1218	-2140.881	-2311.408	170.5275	0.3636613	2.720438
1224	-2144.027	-2314.669	170.6421	0.08648052	2.81966
1230	-2126.644	-2297.585	170.9408	0.1323509	2.608425
1236	-2134.313	-2304.968	170.6556	0.3129993	2.672946
1242	-2122.951	-2293.693	170.742	0.3129993	2.619682
1248	-2127.792	-2298.809	171.0175	0.1269528	2.564253
1254	-2133.126	-2304.557	171.4311	0.06670314	2.342331
1260	-2128.243	-2298.527	170.2838	0.2859359	2.915873
1266	-2123.9	-2295.034	171.1337	0.06996773	2.527425
1272	-2133.043	-2303.761	170.7178	0.2238002	2.689538
1278	-2133.702	-2304.324	170.6223	0.1068562	2.819298
1284	-2139.752	-2310.817	171.0642	0.2055525	2.486102
1290	-2130.906	-2301.88	170.9742	0.094618	2.611109
1296	-2139.24	-2309.933	170.6929	0.2650888	2.679445
1302	-2124.135	-2295.168	171.0326	0.1032467	2.569591
1308	-2139.083	-2309.954	170.8708	0.2101603	2.603598
1314	-2139.445	-2310.485	171.0405	0.07623766	2.581462
1320	-2140.542	-2311.608	171.0657	0.1030602	2.549169
1326	-2131.782	-2302.267	170.4848	0.4871144	2.670894
1332	-2136.624	-2307.631	171.0069	0.04312647	2.622726
1338	-2129.405	-2300.357	170.9517	0.05033258	2.652361
1344	-2130.722	-2301.816	171.0933	0.04265488	2.569544
1350	-2144.783	-2315.209	170.4264	0.4747787	2.714306
1356	-2145.165	-2315.738	170.5733	0.1577353	2.818191
1362	-2133.212	-2303.953	170.7409	0.106803	2.747066
1368	-2130.91	-2301.312	170.4018	0.3457622	2.808093
1374	-2136.859	-2307.458	170.5989	0.280103	2.727885
1380	-2135.576	-2306.44	170.8632	0.1982712	2.615682
1386	-2136.58	-2307.802	171.2222	0.0325149	2.49555
1392	-2133.898	-2304.947	171.0492	0.07335244	2.577858
1398	-2136.206	-2306.689	170.483	0.26383	2.808567
1404	-2145.696	-2316.697	171.0017	0.26383	2.488754
1410	-2126.906	-2297.946	171.0397	0.1629445	2.52804
1416	-2130.482	-2301.282	170.8	0.01908342	2.764527
1422	-2127.637	-2298.417	170.7798	0.0760584	2.742094
1428	-2131.516	-2302.441	170.9249	0.5217404	2.37475
1434	-2125.123	-2295.873	170.7493	0.2971016	2.624977
1440	-2140.921	-2312.006	171.0849	0.2971016	2.415648
1446	-2131.62	-2302.493	170.8723	0.04701926	2.703191
1452	-2135.623	-2306.391	170.7682	0.1506564	2.703469
1458	-2133.63	-2304.475	170.8446	0.2994203	2.564543
1464	-2127.866	-2298.836	170.9703	0.2994203	2.486177
1470	-2126.634	-2297.365	170.7314	0.2238412	2.681131
1476	-2141.278	-2311.288	170.01	0.5598472	2.915792
1482	-2130.188	-2300.46	170.2713	0.2313172	2.956296
1488	-2129.048	-2299.615	170.5671	0.3591855	2.698912
1494	-2123.655	-2294.439	170.7838	0.3625314	2.563071
1500	-2121.128	-2292.151	171.0226	0.1629308	2.538697
1506	-2120.121	-2290.632	170.5107	0.2952382	2.772584
1512	-2125.369	-2295.967	170.5983	0.4740852	2.608908
1518	-2131.662	-2302.135	170.4728	0.1410596	2.889199
1524	-2136.458	-2307.419	170.9612	0.1839826	2.563783
1530	-2118.694	-2289.834	171.1396	0.1403899	2.479746
1536	-2131.858	-2302.687	170.8288	0.07021698	2.715642
1542	-2133.174	-2304.059	170.8856	0.2267346	2.584202
1548	-2126.525	-2297.406	170.8806	0.2479817	2.574112
1554	-2127.754	-2298.313	170.5585	0.2257563	2.785773
1560	-2135.919	-2307.191	171.2726	0.1502775	2.389829
1566	-2154.686	-2325.596	170.9097	0.354335	2.489712
1572	-2147.484	-2318.177	170.6934	0.354335	2.624171
1578	-2145.057	-2315.973	170.9162	0.4422674	2.430455
1584	-2126.979	-2298.293	171.3144	0.04403577	2.430455
1590	-2136.558	-2307.552	170.9936	0.1688697	2.55304
1596	-2140.81	-2311.768	170.958	0.05665619	2.644548
1602	-2138.836	-2309.735	170.8994	0.1152683	2.644548
1608	-2129.824	-2300.927	171.1031	0.1845862	2.474876
1614	-2125.398	-2296.617	171.2193	0.1845862	2.401778
1620	-2133.642	-2304.754	171.1119	0.03431889	2.563122
1626	-2136.16	-2307.425	171.2651	0.1775099	2.377316
1632	-2142.003	-2312.762	170.7582	0.2293155	2.661281
1638	-2138.475	-2308.931	170.4559	0.5007794	2.680229
1644	-2127.825	-2298.739	170.9139	0.2374874	2.55995
1650	-2122.978	-2293.754	170.7758	0.1273455	2.713104
1656	-2128.955	-2299.965	171.0095	0.3035157	2.459009
1662	-2121.477	-2292.399	170.9222	0.1111262	2.633067
1668	-2138.648	-2309.071	170.4227	0.3144915	2.814447
1674	-2130.498	-2301.369	170.8708	0.04553628	2.705047
1680	-2122.647	-2293.316	170.6695	0.1624092	2.756714
1686	-2123.951	-2295.102	171.1506	0.0009934845	2.559798
1692	-2125.243	-2296.346	171.1039	0.006440123	2.585403
1698	-2134.883	-2305.744	170.8609	0.005423503	2.735663
1704	-2131.31	-2302.406	171.0956	0.03466765	2.573075
1710	-2132.805	-2303.515	170.7101	0.4201391	2.573075
1716	-2128.291	-2299.577	171.2869	0.1718209	2.367133
1722	-2114.333	-2285.154	170.8208	0.1205859	2.689675
1728	-2119.554	-2290.578	171.0241	0.3241257	2.436863
1734	-2120.479	-2291.211	170.7314	0.1101837	2.75081
1740	-2129.218	-2299.702	170.4833	0.3188442	2.774849
1746	-2129.03	-2299.701	170.6717	0.2216906	2.719097
1752	-2133.181	-2303.952	170.7711	0.1983335	2.672389
1758	-2130.617	-2301.779	171.1622	0.3333424	2.343769
1764	-2122.763	-2293.61	170.8465	0.2920974	2.567907
1770	-2122.781	-2293.643	170.8625	0.1341291	2.655701
1776	-2124.389	-2295.252	170.8629	0.1337132	2.655701
1782	-2126.318	-2297.176	170.8581	0.07384682	2.695455
1788	-2130.556	-2301.287	170.7311	0.4004308	2.572286
1794	-2124.336	-2294.837	170.5011	0.4004308	2.714084
1800	-2129.741	-2300.178	170.4373	0.09240286	2.939983
1806	-2133.242	-2303.962	170.7199	0.3496702	2.610674
1812	-2138.859	-2309.464	170.6046	0.4044533	2.648
1818	-2138.482	-2309.721	171.2391	0.09155212	2.447914
1824	-2141.859	-2313.116	171.2571	0.07359351	2.447914
1830	-2139.089	-2309.947	170.8577	0.2462507	2.58935
1836	-2150.874	-2321.615	170.7403	0.3637101	2.58935
1842	-2144.173	-2314.514	170.341	0.2288376	2.915817
1848	-2139.468	-2310.471	171.0028	0.4371929	2.379011
1854	-2133.086	-2303.987	170.9013	0.2619684	2.552566
1860	-2127.185	-2297.936	170.7516	0.1011457	2.743967
1866	-2134.679	-2305.696	171.0166	0.5417282	2.303744
1872	-2131.284	-2302.466	171.1826	0.2186776	2.403475
1878	-2127.539	-2298.808	171.2691	0.07289047	2.440808
1884	-2133.052	-2304.093	171.0402	0.1031295	2.564934
1890	-2135.278	-2306.334	171.0562	0.0212987	2.605734
1896	-2137.934	-2308.785	170.8511	0.07532133	2.698833
1902	-2140.373	-2311.047	170.6739	0.2433786	2.704423
1908	-2137.548	-2308.081	170.5329	0.3843909	2.704423
1914	-2129.675	-2300.971	171.2963	0.3138355	2.270614
1920	-2138.365	-2309.075	170.7107	0.1894786	2.71493
1926	-2126.198	-2296.669	170.4711	0.1820844	2.865385
1932	-2131.751	-2302.649	170.8983	0.1667126	2.61349
1938	-2130.236	-2300.761	170.5254	0.2989071	2.761364
1944	-2131.384	-2302.428	171.0439	0.395298	2.379515
1950	-2135.323	-2306.557	171.2344	0.08405092	2.455588
1956	-2133.013	-2303.765	170.752	0.3441967	2.594193
1962	-2131.097	-2302.084	170.9875	0.07861492	2.612766
1968	-2129.343	-2300.218	170.8748	0.2883791	2.552639
1974	-2128.231	-2299.057	170.8262	0.4184053	2.501857
1980	-2130.954	-2301.618	170.6636	0.139156	2.774516
1986	-2144.955	-2315.569	170.6138	0.4260226	2.629048
1992	-2140.917	-2311.588	170.6711	0.1477731	2.76465
1998	-2138.239	-2309.04	170.8001	0.1334591	2.694443
2004	-2131.517	-2302.658	171.141	0.1829383	2.452161
2010	-2125.469	-2296.391	170.9223	0.2772292	2.529986
2016	-2137.877	-2308.809	170.9315	0.268034	2.529986
2022	-2128.395	-2299.559	171.1636	0.16646	2.448318
2028	-2132.654	-2303.045	170.3909	0.3091419	2.836992
2034	-2142.3	-2313.022	170.7227	0.06822936	2.781693
2040	-2140.913	-2312.11	171.1967	0.01249052	2.523987
2046	-2152.282	-2323.408	171.1258	0.04721808	2.546469
2052	-2139.725	-2310.544	170.8189	0.1077018	2.698744
2058	-2130.415	-2301.318	170.9035	0.1077018	2.646703
2064	-2127.288	-2297.825	170.5374	0.4919667	2.635515
2070	-2128.28	-2298.661	170.3809	0.4919667	2.731678
2076	-2144.949	-2315.122	170.1729	0.6788646	2.744582
2082	-2140.41	-2310.7	170.29	0.6788646	2.672737
2088	-2137.63	-2308.306	170.6761	0.2921697	2.673134
2094	-2134.035	-2305.182	171.1477	0.04345396	2.535206
2100	-2127.698	-2298.422	170.7245	0.1096774	2.755312
2106	-2126.043	-2297.052	171.0095	0.1483461	2.555918
2112	-2126.553	-2297.518	170.965	0.3664606	2.447425
2118	-2126.745	-2297.474	170.7284	0.3509668	2.604616
2124	-2125.715	-2296.521	170.806	0.2733441	2.604616
2130	-2124.652	-2295.262	170.6097	0.3236231	2.694579
2136	-2129.443	-2300.198	170.7549	0.3083122	2.614611
2142	-2131.56	-2302.786	171.2255	0.1109203	2.444343
2148	-2130.552	-2301.729	171.1765	0.0008164029	2.54379
2154	-2129.546	-2300.495	170.9492	0.001645399	2.683852
2160	-2132.11	-2302.979	170.869	0.0007007274	2.733585
2166	-2130.763	-2301.919	171.1559	0.0007007274	2.556705
2172	-2137.731	-2308.882	171.1517	0.004912143	2.556705
2178	-2140.743	-2311.858	171.1145	0.02684621	2.56617
2184	-2144.43	-2314.87	170.4397	0.1862643	2.881863
2190	-2136.297	-2306.973	170.6756	0.1261064	2.775155
2196	-2140.72	-2310.978	170.2579	0.3073204	2.918556
2202	-2142.241	-2313.284	171.0431	0.3950288	2.380168
2208	-2133.867	-2305.264	171.3972	0.07418455	2.359118
2214	-2124.887	-2295.47	170.5822	0.2899149	2.732121
2220	-2127.814	-2298.774	170.9594	0.2935247	2.496636
2226	-2136.575	-2307.253	170.6783	0.2850611	2.67615
2232	-2144.786	-2315.778	170.9919	0.2850611	2.481646
2238	-2131.4	-2302.512	171.112	0.1047768	2.51921
2244	-2130.875	-2301.641	170.7663	0.1755268	2.68941
2250	-2129.132	-2300.333	171.201	0.113233	2.458222
2256	-2138.905	-2309.617	170.7128	0.1991893	2.707708
2262	-2137.047	-2307.603	170.5561	0.2344237	2.781975
2268	-2138.984	-2309.731	170.747	0.06661939	2.767883
2274	-2135.648	-2306.444	170.796	0.03962316	2.75445
2280	-2140.348	-2311.518	171.17	0.1266089	2.469308
2286	-2134.343	-2305.111	170.7686	0.3382956	2.587526
2292	-2136.475	-2307.445	170.9697	0.2693715	2.505282
2298	-2129.321	-2300.348	171.0264	0.06445948	2.597458
2304	-2144.213	-2314.898	170.6849	0.07081165	2.803161
2310	-2141.482	-2312.348	170.8659	0.05254001	2.703718
2316	-2158.749	-2329.392	170.6426	0.1973498	2.751782
2322	-2158.015	-2328.47	170.455	0.5384722	2.657594
2328	-2143.145	-2314.379	171.2334	0.3395623	2.294388
2334	-2148.228	-2318.831	170.6033	0.5397549	2.565142
2340	-2143.953	-2315.115	171.1624	0.04346936	2.526005
2346	-2150.996	-2321.544	170.5474	0.06750037	2.888545
2352	-2141.446	-2312.21	170.764	0.3634922	2.574753
2358	-2132.324	-2303.367	171.0431	0.09502642	2.568186
2364	-2126.793	-2297.456	170.6628	0.3701461	2.633267
2370	-2132.136	-2303.038	170.9015	0.25553	2.556446
2376	-2137.247	-2308.238	170.9904	0.2132699	2.527426
2382	-2133.945	-2305.046	171.1012	0.10241	2.527426
2388	-2127.735	-2298.829	171.0943	0.1093731	2.527426
2394	-2134.139	-2305.115	170.976	0.2276423	2.527426
2400	-2142.489	-2313.286	170.7969	0.1954338	2.658326
2406	-2141.513	-2312.309	170.7969	0.1954338	2.658326
2412	-2139.806	-2310.495	170.689	0.1874693	2.729445
2418	-2124.055	-2294.905	170.8505	0.3503488	2.52916
2424	-2129.809	-2300.688	170.8793	0.08604744	2.674943
2430	-2129.988	-2300.842	170.8545	0.254166	2.586455
2436	-2140.881	-2311.838	170.9567	0.03319662	2.659806
2442	-2134.094	-2304.941	170.8471	0.04359055	2.720723
2448	-2134.36	-2305.091	170.7304	0.3568047	2.599748
2454	-2128.45	-2299.406	170.9562	0.1310391	2.599748
2460	-2129.165	-2300.242	171.0765	0.01066454	2.599748
2466	-2126.21	-2297.398	171.1874	0.009943057	2.531326
2472	-2137.695	-2308.684	170.9881	0.4245049	2.396285
2478	-2146.662	-2317.657	170.995	0.1816438	2.544236
2484	-2134.329	-2305.024	170.6945	0.1823263	2.729241
2490	-2118.707	-2289.402	170.6958	0.1955863	2.720316
2496	-2118.599	-2289.284	170.6845	0.1955863	2.727219
2502	-2126.533	-2297.756	171.2236	0.329498	2.307082
2508	-2130.161	-2301.327	171.1665	0.02526643	2.534789
2514	-2132.112	-2303.194	171.0822	0.1355202	2.51866
2520	-2141.92	-2312.403	170.4835	0.1804424	2.858886
2526	-2137.241	-2307.689	170.4478	0.2370137	2.846211
2532	-2140.948	-2311.944	170.9957	0.02009151	2.643856
2538	-2129.489	-2300.31	170.8215	0.1292405	2.683934
2544	-2134.717	-2305.696	170.9789	0.1596655	2.567915
2550	-2135.069	-2305.769	170.7002	0.4383322	2.567915
2556	-2133.647	-2304.436	170.7882	0.3503955	2.567915
2562	-2144.561	-2315.34	170.7783	0.1540178	2.695224
2568	-2145.829	-2316.516	170.6874	0.24492	2.695224
2574	-2138.718	-2309.222	170.5039	0.2573457	2.799792
2580	-2141.557	-2312.752	171.1946	0.4338821	2.258845
2586	-2144.563	-2315.347	170.7843	0.2649342	2.623236
2592	-2137.629	-2308.319	170.6908	0.2675563	2.67921
2598	-2129.203	-2299.993	170.7906	0.1307013	2.701954
2604	-2144.105	-2314.809	170.7039	0.4158599	2.579581
2610	-2139.946	-2310.822	170.8763	0.3455443	2.516084
2616	-2140.081	-2310.779	170.6987	0.2541534	2.682639
2622	-2134.589	-2305.079	170.4903	0.306568	2.778083
2628	-2142.619	-2313.578	170.9593	0.4908157	2.372553
2634	-2135.331	-2306.365	171.0339	0.1658006	2.529895
2640	-2136.461	-2307.311	170.8503	0.2766863	2.575111
2646	-2128.776	-2299.85	171.0732	0.05509142	2.574272
2652	-2129.709	-2300.818	171.1086	0.2494459	2.430728
2658	-2127.976	-2298.977	171.0014	0.2477062	2.499018
2664	-2134.708	-2305.932	171.2233	0.125056	2.436807
2670	-2134.94	-2305.896	170.9559	0.1855185	2.566119
2676	-2135.805	-2306.71	170.9057	0.1953035	2.591223
2682	-2141.452	-2312.072	170.62	0.4877951	2.587001
2688	-2135.659	-2306.499	170.8402	0.01901153	2.740028
2694	-2129.243	-2300.696	171.4524	0.01542598	2.36134
2700	-2131.514	-2302.549	171.0345	0.0115983	2.625174
2706	-2131.408	-2302.277	170.8689	0.2152133	2.601678
2712	-2128.425	-2299.488	171.0629	0.1136702	2.544304
2718	-2134.863	-2305.759	170.8961	0.1394209	2.631689
2724	-2125.746	-2296.835	171.0887	0.2148566	2.464929
2730	-2143.07	-2314.216	171.1464	0.2906323	2.380877
2736	-2137.229	-2308.514	171.2843	0.2906323	2.293152
2742	-2143.599	-2314.103	170.5045	0.2906323	2.77915
2748	-2130.826	-2301.879	171.0527	0.3564307	2.398504
2754	-2140.884	-2311.769	170.885	0.2224891	2.587156
2760	-2135.301	-2306.077	170.7754	0.1430262	2.70377
2766	-2126.567	-2297.079	170.5119	0.301978	2.767727
2772	-2128.268	-2298.94	170.6717	0.301978	2.669809
2778	-2122.485	-2293.759	171.2746	0.03017294	2.464176
2784	-2130.193	-2301.145	170.9519	0.06713905	2.641848
2790	-2130.018	-2301.092	171.0743	0.07809534	2.559338
2796	-2137.829	-2309.167	171.3379	0.1063809	2.376255
2802	-2143.822	-2314.171	170.3495	0.4823929	2.756687
2808	-2131.254	-2302.369	171.1153	0.1110158	2.51326
2814	-2133.254	-2304.207	170.9526	0.3450729	2.468662
2820	-2125.953	-2297.159	171.2059	0.08718117	2.471532
2826	-2128.913	-2299.971	171.0588	0.03423745	2.596118
2832	-2130.342	-2301.46	171.1181	0.07624394	2.533228
2838	-2133.783	-2304.645	170.8618	0.3062571	2.549604
2844	-2134.338	-2304.936	170.5981	0.2466912	2.748859
2850	-2125.784	-2296.756	170.9723	0.1033342	2.606933
2856	-2123.848	-2294.545	170.6966	0.4512184	2.562162
2862	-2132.01	-2302.787	170.7768	0.0655716	2.75031
2868	-2127.343	-2298.049	170.7065	0.4034648	2.585674
2874	-2131.275	-2302.071	170.7956	0.3679455	2.552364
2880	-2144.063	-2314.484	170.4218	0.3133618	2.815671
2886	-2134.105	-2304.861	170.7556	0.05344444	2.770643
2892	-2131.858	-2302.71	170.8518	0.05856847	2.708714
2898	-2128.28	-2299.476	171.1951	0.03604026	2.510273
2904	-2128.685	-2299.42	170.7356	0.1153289	2.745072
2910	-2135.578	-2306.35	170.7721	0.362879	2.570153
2916	-2122.977	-2293.428	170.4515	0.3727626	2.761382
2922	-2135.501	-2305.731	170.2299	0.395548	2.882164
2928	-2132.848	-2303.403	170.5543	0.3916382	2.686844
2934	-2132.99	-2303.601	170.6113	0.3346241	2.686844
2940	-2129.505	-2300.458	170.9537	0.04601456	2.653806
2946	-2130.549	-2301.214	170.6645	0.4192384	2.601862
2952	-2142.201	-2313.102	170.9012	0.4192384	2.454357
2958	-2142.457	-2313.641	171.1838	0.1383203	2.453303
2964	-2153.674	-2324.719	171.0445	0.327308	2.422034
2970	-2128.015	-2299.13	171.1145	0.08799388	2.528109
2976	-2120.341	-2291.198	170.8576	0.1039536	2.677291
2982	-2126.313	-2297.096	170.7829	0.2961254	2.604807
2988	-2126.068	-2296.405	170.3374	0.3957823	2.81689
2994	-2118.421	-2289.191	170.7692	0.2738171	2.627095
3000	-2126.103	-2296.881	170.7779	0.2650428	2.627095
3006	-2126.872	-2297.986	171.1142	0.2831122	2.40597
3012	-2129.139	-2299.719	170.5803	0.1974989	2.789716
3018	-2138.492	-2309.537	171.0456	0.1030708	2.561606
3024	-2147.405	-2317.857	170.452	0.1358836	2.904905
3030	-2147.487	-2319.008	171.5204	0.150892	2.231301
3036	-2143.387	-2314.34	170.9524	0.01653209	2.672734
3042	-2139.312	-2309.821	170.5087	0.04276233	2.926855
3048	-2135.461	-2306.592	171.1306	0.03952716	2.548285
3054	-2151.522	-2322.325	170.8031	0.3670805	2.548285
3060	-2149.588	-2320.441	170.8532	0.06438527	2.704285
3066	-2132.773	-2303.504	170.7313	0.41394	2.563784
3072	-2136.038	-2306.684	170.6462	0.4193387	2.613151
3078	-2135.349	-2305.932	170.5833	0.4193387	2.651976
3084	-2127.413	-2298.321	170.9077	0.09497708	2.651976
3090	-2134.809	-2305.566	170.757	0.2937249	2.622294
3096	-2131.004	-2301.604	170.5998	0.1872117	2.784088
3102	-2129.912	-2300.56	170.648	0.1389971	2.784088
3108	-2136.831	-2308.001	171.1692	0.192151	2.428644
3114	-2132.19	-2303.167	170.9765	0.2395864	2.519635
3120	-2120.889	-2291.914	171.0256	0.1351007	2.554168
3126	-2121.16	-2291.749	170.5889	0.3763762	2.674973
3132	-2126.36	-2296.531	170.171	0.4303008	2.896805
3138	-2138.712	-2309.043	170.3306	0.2706462	2.896805
3144	-2135.388	-2305.896	170.5078	0.3099368	2.765334
3150	-2125.352	-2296.204	170.8522	0.186043	2.630006
3156	-2119.319	-2290.114	170.7942	0.5121154	2.46324
3162	-2115.74	-2286.657	170.9176	0.3887101	2.46324
3168	-2122.927	-2294.178	171.2506	0.103941	2.432925
3174	-2143.91	-2314.246	170.3361	0.5842626	2.702558
3180	-2135.699	-2306.733	171.0342	0.1086458	2.56524
3186	-2133.568	-2304.335	170.7666	0.1299175	2.717182
3192	-2143.95	-2315.338	171.3878	0.1546171	2.313912
3198	-2140.95	-2311.856	170.9058	0.04280168	2.685211
3204	-2149.757	-2320.516	170.7596	0.2209325	2.665607
3210	-2173.568	-2344.408	170.8398	0.3715304	2.522653
3216	-2146.952	-2317.613	170.6606	0.3056455	2.674388
3222	-2136.606	-2307.393	170.7868	0.274038	2.616036
3228	-2134.347	-2305.409	171.0615	0.2451283	2.463016
3234	-2134.681	-2305.972	171.2909	0.1839956	2.356856
3240	-2125.508	-2296.315	170.8072	0.03262889	2.751865
3246	-2130.735	-2301.7	170.9652	0.2168365	2.540847
3252	-2139.528	-2309.956	170.4281	0.4132996	2.750928
3258	-2130.709	-2301.538	170.8281	0.09686595	2.699757
3264	-2134.472	-2305.092	170.6199	0.03831024	2.862334
3270	-2129.276	-2300.416	171.14	0.0407287	2.541704
3276	-2133.477	-2304.235	170.7582	0.4224834	2.541704
3282	-2120.901	-2291.98	171.0791	0.1016499	2.54165
3288	-2120.998	-2291.659	170.6607	0.1817338	2.750258
3294	-2133.014	-2304.058	171.0444	0.2864809	2.447793
3300	-2121.722	-2292.34	170.6174	0.2864809	2.712695
3306	-2114.945	-2285.858	170.913	0.03385563	2.686307
3312	-2122.568	-2293.488	170.9202	0.0265937	2.686307
3318	-2123.356	-2293.899	170.5424	0.4044587	2.686307
3324	-2121.64	-2292.377	170.7369	0.2099222	2.686307
3330	-2125.483	-2296.278	170.7954	0.1601555	2.680967
3336	-2123.026	-2294.202	171.1758	0.2209649	2.406293
3342	-2122.396	-2293.464	171.0687	0.2412663	2.460951
3348	-2138.34	-2308.715	170.3752	0.318058	2.841139
3354	-2130.791	-2301.929	171.1378	0.06960411	2.5251
3360	-2125.702	-2296.496	170.7938	0.09786235	2.720156
3366	-2131.483	-2302.499	171.0165	0.07934094	2.594409
3372	-2132.753	-2303.833	171.0804	0.3824499	2.364526
3378	-2122.719	-2293.607	170.8875	0.2144055	2.590619
3384	-2120.02	-2290.643	170.6229	0.3712891	2.657177
3390	-2130.633	-2300.928	170.2951	0.3712891	2.857391
3396	-2127.326	-2297.901	170.5751	0.3783083	2.68228
3402	-2113.221	-2284.11	170.8894	0.1250587	2.644683
3408	-2124.364	-2295.405	171.0418	0.3083601	2.435699
3414	-2129.43	-2300.356	170.9259	0.1781644	2.589321
3420	-2126.435	-2297.105	170.6697	0.1781644	2.74696
3426	-2122.451	-2293.254	170.8036	0.1798729	2.663758
3432	-2131.03	-2301.983	170.953	0.3953624	2.4368
3438	-2122.452	-2293.454	171.0018	0.1990557	2.529177
3444	-2125.601	-2296.032	170.4308	0.2651647	2.83946
3450	-2124.304	-2295.475	171.1717	0.1321902	2.464757
3456	-2130.27	-2300.726	170.4552	0.25928	2.828211
3462	-2121.634	-2292.692	171.0574	0.3060559	2.427275
3468	-2138.833	-2309.562	170.7285	0.1709163	2.71539
3474	-2137.96	-2309.179	171.2194	0.2737222	2.345266
3480	-2122.705	-2293.263	170.5585	0.2415035	2.776159
3486	-2132.262	-2303.482	171.2195	0.09599181	2.45743
3492	-2135.933	-2306.242	170.309	0.4753358	2.785732
3498	-2135.369	-2306.152	170.7822	0.1604147	2.688879
3504	-2137.087	-2307.872	170.7842	0.3286696	2.583815
3510	-2125.934	-2296.822	170.8882	0.3581933	2.500756
3516	-2123.156	-2293.83	170.6743	0.2696411	2.688097
3522	-2120.153	-2290.891	170.7377	0.1708991	2.709791
3528	-2125.369	-2296.288	170.9186	0.2106615	2.573679
3534	-2124.679	-2295.57	170.891	0.2382104	2.573679
3540	-2127.958	-2298.445	170.4871	0.3135291	2.775794
3546	-2130.14	-2301.007	170.8669	0.1929058	2.6167
3552	-2132.55	-2303.502	170.9519	0.1080516	2.616632
3558	-2129.955	-2300.337	170.3816	0.2393376	2.884905
3564	-2135.522	-2306.869	171.3468	0.0759642	2.38986
3570	-2132.538	-2303.598	171.0594	0.08240231	2.565884
3576	-2125.947	-2296.785	170.8375	0.3043379	2.565884
3582	-2138.955	-2310.017	171.0629	0.1516472	2.520644
3588	-2136.329	-2307.374	171.0453	0.1785443	2.514821
3594	-2127.182	-2298.121	170.9383	0.1785443	2.581362
3600	-2125.91	-2296.873	170.9627	0.2183788	2.541463
3606	-2115.689	-2286.855	171.1657	0.04821454	2.521015
3612	-2121	-2291.96	170.9595	0.2960331	2.494995
3618	-2132.874	-2304.014	171.1402	0.2256867	2.425804
3624	-2129.36	-2299.653	170.2925	0.2788295	2.914911
3630	-2129.053	-2299.869	170.8159	0.03444241	2.745412
3636	-2142.637	-2313.879	171.2417	0.1833037	2.388473
3642	-2134.474	-2305.275	170.8009	0.6403646	2.37819
3648	-2148.673	-2320.077	171.4042	0.1608063	2.299452
3654	-2136.482	-2307.674	171.1929	0.1489629	2.440916
3660	-2141.218	-2312.334	171.1164	0.08799578	2.526926
3666	-2139.683	-2310.836	171.1532	0.1370175	2.473288
3672	-2136.903	-2307.018	170.1145	0.452133	2.917749
3678	-2138.841	-2310.028	171.1869	0.1959432	2.4151
3684	-2146.713	-2317.637	170.9243	0.3327484	2.494051
3690	-2135.175	-2306.326	171.1512	0.271683	2.389806
3696	-2131.338	-2302	170.6615	0.04647219	2.832159
3702	-2132.626	-2302.98	170.3538	0.3541904	2.832159
3708	-2138.661	-2309.614	170.9527	0.1769677	2.573407
3714	-2145.797	-2316.392	170.5951	0.06215573	2.862968
3720	-2131.759	-2302.427	170.6678	0.4888055	2.556701
3726	-2122.546	-2293.496	170.9498	0.5101666	2.366311
3732	-2138.054	-2308.812	170.7578	0.2212132	2.666525
3738	-2128.429	-2299.727	171.2976	0.06171341	2.429912
3744	-2135.07	-2305.773	170.7034	0.07742495	2.787879
3750	-2129.431	-2300.452	171.0209	0.0903498	2.584844
3756	-2124.528	-2295.485	170.9571	0.387347	2.439287
3762	-2124.148	-2294.886	170.738	0.1026523	2.751382
3768	-2126.762	-2297.067	170.3045	0.3522963	2.863246
3774	-2136.02	-2306.81	170.7903	0.2265856	2.643173
3780	-2125.879	-2296.66	170.7811	0.4382186	2.517669
3786	-2125.175	-2296.044	170.8694	0.08687317	2.68051
3792	-2126.355	-2297.093	170.7382	0.2149439	2.682419
3798	-2137.037	-2307.882	170.8443	0.510725	2.432588
3804	-2133.11	-2303.781	170.6701	0.02366198	2.840811
3810	-2128.244	-2299.167	170.9228	0.01724804	2.690503
3816	-2124.568	-2295.739	171.1703	0.03163806	2.528453
3822	-2120.217	-2291.616	171.3986	0.00983574	2.398958
3828	-2131.797	-2302.623	170.8258	0.06250765	2.722222
3834	-2128.34	-2299.22	170.8795	0.008832065	2.722222
3840	-2132.498	-2303.286	170.7882	0.005670024	2.779941
3846	-2128.516	-2299.376	170.86	0.0006428322	2.739169
3852	-2145.076	-2315.72	170.6444	0.001568081	2.869759
3858	-2134.692	-2305.721	171.0289	0.01720072	2.625162
3864	-2124.362	-2295.029	170.6668	0.3727435	2.629194
3870	-2129.662	-2300.458	170.7963	0.09304463	2.72156
3876	-2136.677	-2307.576	170.8989	0.08705714	2.662251
3882	-2137.192	-2308.143	170.9515	0.03448625	2.662251
3888	-2150.744	-2322.03	171.2857	0.06247348	2.436928
3894	-2143.706	-2314.008	170.3014	0.3635862	2.858224
3900	-2123.148	-2293.456	170.3078	0.3412685	2.867879
3906	-2127.465	-2298.574	171.109	0.2135323	2.453025
3912	-2119.625	-2290.009	170.3841	0.2181483	2.896232
3918	-2117.655	-2288.417	170.7613	0.283525	2.62592
3924	-2116.571	-2287.407	170.8356	0.285371	2.578803
3930	-2128.323	-2299.221	170.8982	0.2228324	2.578803
3936	-2122.114	-2292.692	170.5775	0.2178108	2.779067
3942	-2129.739	-2300.786	171.047	0.2420493	2.474056
3948	-2122.728	-2293.996	171.2682	0.02085107	2.474056
3954	-2135.874	-2306.804	170.9304	0.1968655	2.574939
3960	-2136.318	-2306.835	170.5174	0.1258106	2.871451
3966	-2144.309	-2315.372	171.0637	0.01608704	2.604318
3972	-2127.595	-2298.414	170.8198	0.1971843	2.643119
3978	-2119.914	-2290.164	170.2497	0.5164603	2.796801
3984	-2119.79	-2290.78	170.9896	0.1921112	2.541096
3990	-2128.259	-2299.511	171.2527	0.2727498	2.324739
3996	-2120.648	-2291.322	170.6748	0.2104276	2.724107
4002	-2121.396	-2291.915	170.5185	0.5087674	2.63679
4008	-2121.877	-2292.785	170.9078	0.07780384	2.662473
4014	-2112.511	-2283.319	170.808	0.2093429	2.642913
4020	-2123.52	-2294.188	170.6684	0.2287437	2.71677
4026	-2125.115	-2295.851	170.7359	0.2967323	2.633454
4032	-2127.611	-2298.857	171.2465	0.2443026	2.346774
4038	-2116.644	-2287.506	170.8618	0.3467607	2.52435
4044	-2115.595	-2286.751	171.1561	0.0524662	2.52435
4050	-2113.044	-2283.766	170.7219	0.229739	2.683362
4056	-2123.158	-2293.8	170.642	0.3879516	2.63513
4062	-2122.046	-2293.009	170.9632	0.045535	2.648208
4068	-2124.178	-2294.554	170.3759	0.4646175	2.751421
4074	-2123.536	-2294.312	170.7758	0.1634946	2.690918
4080	-2132.115	-2302.692	170.5772	0.1535149	2.818378
4086	-2132.01	-2303.056	171.0462	0.04383717	2.598007
4092	-2133.643	-2304.06	170.4167	0.08390311	2.957531
4098	-2135.34	-2306.246	170.9056	0.5663089	2.358736
4104	-2123.426	-2294.134	170.7082	0.1143946	2.762368
4110	-2137.222	-2307.737	170.5154	0.5248862	2.628764
4116	-2144.73	-2315.792	171.0629	0.1645934	2.512567
4122	-2135.136	-2306.124	170.988	0.03251087	2.640926
4128	-2122.913	-2293.953	171.0397	0.01154768	2.621964
4134	-2118.505	-2289.374	170.869	0.1763648	2.625621
4140	-2118.402	-2289.398	170.996	0.04934593	2.625621
4146	-2121.923	-2292.852	170.9283	0.2360789	2.551863
4152	-2132.177	-2302.466	170.2889	0.4572411	2.80898
4158	-2131.895	-2302.647	170.7518	0.119592	2.732592
4164	-2126.603	-2297.327	170.7237	0.1040435	2.759232
4170	-2122.299	-2292.659	170.3602	0.4097835	2.794446
4176	-2133.955	-2304.938	170.9827	0.1014452	2.60163
4182	-2124.345	-2295.184	170.839	0.2407952	2.604356
4188	-2117.3	-2288.13	170.8301	0.3803379	2.523155
4194	-2120.177	-2290.925	170.7482	0.3803379	2.574118
4200	-2126.577	-2297.542	170.965	0.2560735	2.516579
4206	-2129.293	-2300.39	171.0964	0.1246318	2.516579
4212	-2129.466	-2300.088	170.6222	0.3504307	2.67043
4218	-2127.992	-2298.771	170.7786	0.3897417	2.549428
4224	-2136.44	-2307.413	170.9728	0.274565	2.500147
4230	-2139.318	-2310.072	170.7533	0.1040342	2.741146
4236	-2139.749	-2310.298	170.5482	0.3091761	2.741146
4242	-2132.423	-2303.375	170.9518	0.294882	2.50057
4248	-2127.155	-2298.352	171.1975	0.2067823	2.401552
4254	-2127.402	-2298.549	171.1472	0.2571187	2.401552
4260	-2129.472	-2300.34	170.8678	0.2757315	2.564803
4266	-2142.93	-2313.585	170.6555	0.2757315	2.695885
4272	-2128.282	-2299.412	171.13	0.191197	2.453894
4278	-2135.753	-2306.573	170.8204	0.1483232	2.672883
4284	-2121.458	-2292.747	171.2894	0.1758014	2.363024
4290	-2129.955	-2300.899	170.9443	0.1598006	2.589288
4296	-2130.47	-2301.147	170.6778	0.4262934	2.589288
4302	-2138.799	-2310.052	171.2532	0.07463748	2.449688
4308	-2139.782	-2310.186	170.4042	0.3053988	2.831174
4314	-2126.613	-2297.456	170.8437	0.3164394	2.554495
4320	-2134.272	-2304.848	170.5762	0.3164394	2.719528
4326	-2133.518	-2304.136	170.6175	0.1526012	2.794413
4332	-2135.615	-2306.622	171.0069	0.1078425	2.582714
4338	-2131.026	-2301.946	170.9198	0.05176832	2.671081
4344	-2127.724	-2298.467	170.7436	0.2832737	2.637035
4350	-2133.449	-2304.359	170.9102	0.1315162	2.627877
4356	-2130.575	-2301.43	170.8548	0.1074495	2.676836
4362	-2133.396	-2304.285	170.889	0.0621404	2.683635
4368	-2133.093	-2303.79	170.6963	0.2767829	2.670164
4374	-2141.403	-2312.648	171.245	0.09063957	2.444774
4380	-2143.691	-2314.638	170.9471	0.4483922	2.407089
4386	-2141.183	-2312.411	171.2282	0.1673297	2.407089
4392	-2134.075	-2304.855	170.7796	0.2719577	2.621776
4398	-2133.547	-2304.689	171.142	0.2305459	2.421584
4404	-2133.16	-2304.248	171.0876	0.2893739	2.418773
4410	-2127.427	-2297.954	170.5275	0.3181192	2.7483
4416	-2125.183	-2296.04	170.8574	0.2917781	2.561335
4422	-2132.586	-2303.409	170.823	0.1960315	2.641898
4428	-2126.126	-2296.975	170.8486	0.2689245	2.580977
4434	-2133.882	-2304.556	170.6736	0.4439342	2.580977
4440	-2132.078	-2302.244	170.1666	0.5599258	2.820934
4446	-2143.971	-2314.669	170.6983	0.4139337	2.584243
4452	-2127.366	-2298.23	170.8639	0.2865425	2.560554
4458	-2134.75	-2305.732	170.9815	0.5656715	2.310896
4464	-2125.597	-2296.629	171.0323	0.1948106	2.512788
4470	-2122.755	-2293.849	171.094	0.1780324	2.484707
4476	-2138.431	-2308.524	170.093	0.1877297	3.089239
4482	-2129.9	-2299.793	169.8938	0.3822159	3.092061
4488	-2126.978	-2297.706	170.7271	0.2921564	2.641756
4494	-2145.343	-2316.553	171.2103	0.118996	2.448813
4500	-2143.479	-2314.692	171.2129	0.1120591	2.451499
4506	-2152.585	-2323.366	170.7806	0.2052862	2.662307
4512	-2132.559	-2303.886	171.3272	0.04474918	2.421925
4518	-2140.476	-2311.269	170.7936	0.08817731	2.726179
4524	-2123.758	-2294.759	171.0017	0.1646104	2.550671
4530	-2137.993	-2309.111	171.1173	0.04898058	2.550671
4536	-2131.549	-2302.129	170.58	0.4646328	2.626076
4542	-2137.441	-2307.911	170.4708	0.3062505	2.790141
4548	-2130.057	-2300.654	170.5965	0.1805894	2.790141
4554	-2129.576	-2300.369	170.7928	0.2082158	2.652975
4560	-2139.264	-2310.102	170.8388	0.06408366	2.713277
4566	-2138.02	-2309.077	171.0566	0.06246714	2.580024
4572	-2132.229	-2303.06	170.831	0.2880014	2.580024
4578	-2134.576	-2305.66	171.0838	0.2880014	2.422025
4584	-2140.428	-2311.229	170.8009	0.2880014	2.598691
4590	-2152.648	-2323.999	171.3518	0.2481978	2.277092
4596	-2146.052	-2316.504	170.4524	0.39285	2.748529
4602	-2141.233	-2311.996	170.7636	0.1424134	2.711366
4608	-2136.248	-2307.462	171.2141	0.02721018	2.503933
4614	-2138.701	-2309.852	171.1505	0.02626047	2.544139
4620	-2149.981	-2320.479	170.4984	0.1721669	2.854873
4626	-2135.6	-2306.283	170.6833	0.1373551	2.76356
4632	-2141.67	-2312.838	171.1681	0.1011743	2.486415
4638	-2136.856	-2307.403	170.5475	0.3767076	2.700225
4644	-2135.204	-2306.017	170.8131	0.2801117	2.596043
4650	-2132.198	-2302.815	170.6165	0.1617808	2.789426
4656	-2130.34	-2300.876	170.5362	0.2884446	2.761132
4662	-2129.525	-2300.068	170.5435	0.2943886	2.753052
4668	-2136.026	-2306.418	170.3916	0.4463069	2.753052
4674	-2148.196	-2318.775	170.5784	0.2825619	2.738946
4680	-2138.8	-2309.828	171.0279	0.2238109	2.497443
4686	-2140.715	-2311.731	171.0159	0.2933067	2.461385
4692	-2121.986	-2292.971	170.9849	0.3035628	2.474437
4698	-2126.36	-2297.115	170.7551	0.3476739	2.590078
4704	-2119.376	-2290.377	171.0006	0.1548564	2.557412
4710	-2122.669	-2294.067	171.398	0.2011452	2.277646
4716	-2130.645	-2301.439	170.7939	0.2996277	2.595849
4722	-2133.608	-2304.174	170.5659	0.2923687	2.740576
4728	-2139.073	-2309.988	170.9147	0.2923687	2.525259
4734	-2150.411	-2321.346	170.9342	0.3506913	2.476643
4740	-2142.732	-2314.067	171.3353	0.2289139	2.29999
4746	-2123.192	-2294.27	171.0772	0.1478348	2.514064
4752	-2131.067	-2301.587	170.5194	0.5068992	2.63741
4758	-2123.617	-2294.459	170.8416	0.1846156	2.63741
4764	-2121.611	-2292.632	171.0206	0.3415184	2.428149
4770	-2120.214	-2290.444	170.2305	0.3415184	2.914473
4776	-2117.279	-2288.249	170.9695	0.3415184	2.460269
4782	-2134.341	-2305.36	171.0189	0.1846223	2.52751
4788	-2126.939	-2297.838	170.8992	0.03560618	2.693675
4794	-2126.061	-2296.991	170.9297	0.005152867	2.693675
4800	-2120.703	-2291.857	171.1532	0.04078239	2.533421
4806	-2124.236	-2295.103	170.867	0.02609883	2.719268
4812	-2122.938	-2293.87	170.9321	0.2528271	2.539063
4818	-2121.116	-2292.143	171.0265	0.1810884	2.524949
4824	-2130.462	-2300.98	170.5188	0.1900694	2.831648
4830	-2132.598	-2303.435	170.8369	0.03544177	2.731971
4836	-2141.454	-2312.943	171.4891	0.06161992	2.308612
4842	-2123.393	-2294.224	170.8309	0.5968646	2.386713
4848	-2120.97	-2291.926	170.9554	0.4429904	2.405271
4854	-2118.784	-2289.812	171.028	0.2739982	2.46595
4860	-2126.501	-2297.257	170.7567	0.245404	2.652307
4866	-2136.508	-2307.457	170.949	0.1105049	2.616867
4872	-2134.073	-2304.835	170.7621	0.06046717	2.762405
4878	-2138.363	-2309.167	170.8039	0.01869051	2.762405
4884	-2131.16	-2302.64	171.4799	0.08296971	2.300836
4890	-2122.696	-2294.119	171.4221	0.02697908	2.373226
4896	-2127.111	-2298.183	171.0717	0.2267007	2.468202
4902	-2131.749	-2302.744	170.9948	0.2135106	2.52448
4908	-2135.349	-2306.506	171.1576	0.2135106	2.422466
4914	-2132.388	-2303.829	171.4416	0.05011065	2.34618
4920	-2130.398	-2301.232	170.8342	0.06169848	2.717553
4926	-2122.769	-2293.578	170.8088	0.1610263	2.67218
4932	-2129.469	-2300.461	170.9916	0.07443775	2.612811
4938	-2122.255	-2292.966	170.7102	0.203252	2.706828
4944	-2120.692	-2291.721	171.0294	0.1260699	2.557421
4950	-2113.934	-2285.044	171.1094	0.1260699	2.507592
4956	-2123.241	-2294.08	170.8396	0.4447606	2.47698
4962	-2119.764	-2290.66	170.896	0.3164384	2.521914
4968	-2120.9	-2291.669	170.7684	0.1279978	2.717225
4974	-2130.68	-2301.589	170.9094	0.1441469	2.620576
4980	-2131.797	-2302.524	170.7275	0.1651642	2.719539
4986	-2123.192	-2294.161	170.9686	0.07080421	2.629295
4992	-2136.686	-2307.195	170.5087	0.04308829	2.926706
4998	-2141.608	-2312.29	170.6823	0.04085249	2.822948
5004	-2135.776	-2306.646	170.8703	0.403028	2.483902
5010	-2138.037	-2308.662	170.6245	0.403028	2.636597
5016	-2129.735	-2300.435	170.7007	0.06192349	2.798958
5022	-2127.137	-2298.149	171.0119	0.2741839	2.475879
5028	-2126.529	-2297.588	171.0592	0.2741839	2.446194
5034	-2136.362	-2307.292	170.9302	0.3159528	2.500869
5040	-2141.062	-2311.808	170.7455	0.5006724	2.500869
5046	-2150.86	-2321.622	170.7621	0.3636291	2.575883
5052	-2135.144	-2306.243	171.0984	0.1483853	2.500465
5058	-2147.637	-2318.633	170.9968	0.2500232	2.500465
5064	-2136.157	-2306.935	170.7773	0.2747233	2.621534
5070	-2126.083	-2297.019	170.9358	0.116188	2.621534
5076	-2131.736	-2302.624	170.888	0.2271506	2.582452
5082	-2130.243	-2301.163	170.9199	0.1951724	2.582452
5088	-2131.938	-2302.992	171.0541	0.1049185	2.555209
5094	-2144.327	-2315.263	170.9362	0.2330471	2.548855
5100	-2131.886	-2302.904	171.0178	0.2330471	2.497939
5106	-2134.327	-2305.426	171.099	0.1197666	2.518015
5112	-2127.603	-2298.776	171.1728	0.07064364	2.502603
5118	-2130.137	-2301.143	171.0058	0.0509451	2.618555
5124	-2126.764	-2297.667	170.9031	0.1668817	2.610415
5130	-2136.527	-2307.009	170.4817	0.4243441	2.711349
5136	-2124.903	-2295.741	170.8376	0.01194165	2.745926
5142	-2130.923	-2301.72	170.7973	0.06656191	2.737168
5148	-2125.152	-2296.078	170.9255	0.1054017	2.634541
5154	-2129.579	-2300.65	171.0711	0.06281084	2.570814
5160	-2136.491	-2307.367	170.8755	0.258403	2.570814
5166	-2132.618	-2303.595	170.9772	0.156662	2.570814
5172	-2132.775	-2303.298	170.5235	0.156662	2.849081
5178	-2140.693	-2311.674	170.9809	0.2096119	2.535575
5184	-2140.619	-2311.269	170.6501	0.3835771	2.632808
5190	-2138.313	-2309.507	171.194	0.1400795	2.445814
5196	-2130.983	-2301.933	170.9497	0.3408447	2.473125
5202	-2142.016	-2312.669	170.6535	0.1475779	2.77555
5208	-2132.957	-2303.74	170.783	0.1496409	2.69501
5214	-2132.505	-2302.92	170.4145	0.1486394	2.919839
5220	-2126.123	-2297.129	171.0059	0.1486394	2.557963
5226	-2116.473	-2287.109	170.6363	0.1667341	2.774328
5232	-2119.325	-2290.355	171.0303	0.2292137	2.492558
5238	-2123.64	-2294.695	171.0547	0.2748759	2.448597
5244	-2132.182	-2303.253	171.0714	0.01129706	2.602541
5250	-2115.968	-2286.986	171.0177	0.01302066	2.634635
5256	-2123.667	-2294.398	170.7307	0.3000462	2.634635
5262	-2129.46	-2299.822	170.3622	0.3000462	2.859918
5268	-2129.443	-2299.464	170.0213	0.5589684	2.909513
5274	-2114.625	-2285.704	171.0788	0.09168504	2.548054
5280	-2126.54	-2297.498	170.9582	0.1313686	2.598266
5286	-2130.695	-2301.628	170.9326	0.3813339	2.458465
5292	-2131.145	-2301.875	170.7302	0.3074877	2.630367
5298	-2136.071	-2306.921	170.8495	0.2278245	2.605864
5304	-2137.369	-2308.263	170.894	0.1832778	2.605864
5310	-2119.292	-2290.234	170.9425	0.184084	2.575352
5316	-2123.145	-2293.725	170.5797	0.2354737	2.766918
5322	-2129.014	-2299.561	170.5468	0.2354737	2.786957
5328	-2135.726	-2306.176	170.4504	0.09438892	2.930878
5334	-2130.22	-2301.412	171.1929	0.03670635	2.511232
5340	-2135.605	-2306.994	171.3887	0.03145332	2.391553
5346	-2139.109	-2310.217	171.1082	0.02758271	2.569633
5352	-2136.558	-2307.628	171.07	0.06573562	2.569633
5358	-2129.215	-2300.046	170.8307	0.3051005	2.569633
5364	-2131.293	-2301.656	170.3625	0.5506958	2.706928
5370	-2125.372	-2296.205	170.8326	0.1044716	2.6923
5376	-2120.328	-2290.889	170.5605	0.2916574	2.744329
5382	-2116.962	-2287.775	170.8127	0.08571936	2.716028
5388	-2120.733	-2291.88	171.1467	0.02342218	2.548276
5394	-2123.13	-2294.242	171.1117	0.1836673	2.470109
5400	-2128.725	-2299.787	171.0619	0.0881614	2.560772
5406	-2136.44	-2307.894	171.4539	0.07697008	2.32128
5412	-2137.132	-2308.26	171.1282	0.07882647	2.525333
5418	-2129.881	-2300.68	170.7995	0.1356938	2.693468
5424	-2129.311	-2300.168	170.8561	0.44115	2.468916
5430	-2124.166	-2295.073	170.9076	0.3896459	2.468916
5436	-2124.236	-2295.278	171.042	0.08312086	2.57622
5442	-2128.389	-2299.448	171.0592	0.1206877	2.542189
5448	-2125.323	-2295.886	170.5634	0.386623	2.684352
5454	-2119.706	-2290.451	170.7453	0.2396423	2.662869
5460	-2124.3	-2295.519	171.2192	0.2464349	2.362703
5466	-2127.017	-2297.448	170.4311	0.1922461	2.883485
5472	-2126.721	-2297.301	170.5795	0.3390735	2.703634
5478	-2135.022	-2306.069	171.0473	0.2360952	2.477576
5484	-2129.482	-2300.571	171.0887	0.3806864	2.360344
5490	-2140.503	-2311.524	171.0208	0.3349309	2.432142
5496	-2140.527	-2311.559	171.0327	0.2420954	2.482978
5502	-2132.313	-2303.24	170.9277	0.3064179	2.508405
5508	-2119.154	-2290.268	171.1143	0.09769906	2.522192
5514	-2124.063	-2294.97	170.9062	0.3111416	2.518871
5520	-2122.277	-2293.186	170.909	0.3083967	2.518871
5526	-2122.492	-2293.754	171.262	0.09856453	2.429119
5532	-2140.678	-2310.821	170.1422	0.558007	2.836882
5538	-2145.678	-2316.437	170.7588	0.1762947	2.693535
5544	-2137.227	-2307.472	170.2454	0.2476006	2.962072
5550	-2123.12	-2293.562	170.4422	0.2063044	2.868253
5556	-2126	-2297.122	171.1213	0.03783179	2.555123
5562	-2125.767	-2296.542	170.7746	0.1325486	2.710668
5568	-2124.481	-2295.406	170.9251	0.1054834	2.634715
5574	-2140.073	-2310.957	170.8838	0.2727856	2.556728
5580	-2130.391	-2301.387	170.9967	0.2433082	2.504728
5586	-2137.679	-2308.801	171.1221	0.1179564	2.504728
5592	-2138.387	-2309.147	170.7599	0.1165694	2.729466
5598	-2119.527	-2290.063	170.5351	0.3644419	2.715322
5604	-2118.978	-2289.804	170.826	0.2019028	2.636378
5610	-2130.35	-2301.499	171.1488	0.05140611	2.529591
5616	-2133.26	-2304.398	171.1387	0.0614513	2.529591
5622	-2132.32	-2303.243	170.9228	0.277322	2.529591
5628	-2122.41	-2293.334	170.9241	0.2818817	2.525968
5634	-2134.714	-2305.452	170.7388	0.01526958	2.804184
5640	-2117.798	-2288.928	171.1293	0.02743513	2.556591
5646	-2132.662	-2303.389	170.7271	0.1784235	2.711656
5652	-2123.19	-2294.132	170.9416	0.1486918	2.597839
5658	-2119.828	-2290.686	170.8588	0.3097812	2.549244
5664	-2120.167	-2291.251	171.0839	0.08472493	2.549244
5670	-2118.582	-2289.793	171.2103	0.01897293	2.511442
5676	-2128.37	-2299.838	171.4678	0.1363109	2.274462
5682	-2133.189	-2304.458	171.269	0.04236478	2.460054
5688	-2131.713	-2302.812	171.0998	0.09864254	2.53067
5694	-2136.256	-2307.219	170.9633	0.1032806	2.612518
5700	-2141.895	-2312.761	170.8664	0.1122302	2.666744
5706	-2126.232	-2297.218	170.9868	0.0746925	2.615664
5712	-2133.175	-2303.806	170.6314	0.174402	2.772668
5718	-2127.203	-2297.632	170.429	0.3767358	2.772668
5724	-2127.388	-2298.467	171.0792	0.03706938	2.581765
5730	-2128.257	-2299.202	170.9456	0.1705907	2.581765
5736	-2120.941	-2292.103	171.1611	0.1711989	2.446879
5742	-2133.204	-2304.173	170.9696	0.0820653	2.621748
5748	-2124.581	-2295.738	171.1571	0.1504297	2.462448
5754	-2137.547	-2308.606	171.0591	0.2222399	2.478877
5760	-2125.756	-2296.966	171.2094	0.1647246	2.420601
5766	-2126.252	-2297.066	170.8138	0.4322597	2.500927
5772	-2114.849	-2285.501	170.6517	0.1229948	2.7916
5778	-2124.48	-2295.291	170.8109	0.3075635	2.580386
5784	-2128.731	-2299.406	170.675	0.6154268	2.473206
5790	-2153.463	-2324.564	171.1009	0.4723557	2.29423
5796	-2136.493	-2307.709	171.2168	0.4723557	2.219737
5802	-2108.385	-2279.16	170.7751	0.1805276	2.680883
5808	-2127.364	-2298.339	170.9755	0.4473302	2.389862
5814	-2124.748	-2295.583	170.8354	0.4280561	2.49006
5820	-2122.9	-2294.039	171.1389	0.06947045	2.52445
5826	-2125.556	-2296.01	170.4545	0.2642193	2.825636
5832	-2118.933	-2290.116	171.1829	0.09065542	2.483759
5838	-2113.585	-2284.127	170.5415	0.302822	2.749134
5844	-2123.55	-2293.995	170.4457	0.302822	2.807562
5850	-2133.725	-2304.606	170.8807	0.1879184	2.611249
5856	-2133.664	-2304.904	171.2399	0.03571636	2.482486
5862	-2120.259	-2291.228	170.9691	0.1715245	2.56664
5868	-2136.365	-2306.927	170.5624	0.5781802	2.56664
5874	-2133.436	-2304.443	171.0069	0.02661356	2.632918
5880	-2131.138	-2301.858	170.7198	0.1312637	2.745001
5886	-2128.527	-2299.616	171.0895	0.1192325	2.524276
5892	-2130.611	-2301.464	170.8536	0.1539921	2.6489
5898	-2138.598	-2309.504	170.9051	0.02904868	2.694098
5904	-2133.692	-2304.487	170.7955	0.1369403	2.695158
5910	-2133.002	-2304.089	171.0873	0.2187502	2.463414
5916	-2127.098	-2298.001	170.9029	0.2498003	2.559136
5922	-2127.183	-2298.124	170.9407	0.02138494	2.676923
5928	-2133.287	-2304.031	170.7439	0.08749431	2.75702
5934	-2145.437	-2315.857	170.42	0.4843558	2.712354
5940	-2126.917	-2297.775	170.8584	0.2628645	2.578633
5946	-2137.149	-2307.6	170.4512	0.3780605	2.758333
5952	-2141.645	-2312.181	170.5367	0.06193617	2.898386
5958	-2133.383	-2304.167	170.784	0.1444774	2.697554
5964	-2140.424	-2311.54	171.1166	0.01937463	2.569535
5970	-2153.921	-2324.652	170.7309	0.06264212	2.780123
5976	-2166.588	-2337.492	170.9042	0.1924398	2.593894
5982	-2158.979	-2330.119	171.1401	0.05425845	2.533219
5988	-2140.326	-2311.292	170.9664	0.1148863	2.603425
5994	-2139.171	-2309.635	170.4633	0.2306087	2.840694
6000	-2142.822	-2313.697	170.8743	0.1678778	2.6276
6006	-2142.442	-2313.789	171.3479	0.08393972	2.38413
6012	-2129.551	-2300.476	170.9252	0.2344158	2.554795
6018	-2132.522	-2303.199	170.6767	0.2900533	2.674049
6024	-2127.213	-2297.865	170.6521	0.04759016	2.837183
6030	-2131.374	-2302.359	170.9858	0.09351747	2.604622
6036	-2141.464	-2312.072	170.6076	0.2516071	2.740034
6042	-2142.927	-2313.976	171.0489	0.2438998	2.471691
6048	-2131.496	-2302.272	170.7756	0.2432769	2.641955
6054	-2151.315	-2321.858	170.5432	0.2071049	2.806424
6060	-2149.162	-2319.974	170.8117	0.1689784	2.665497
6066	-2147.379	-2318.777	171.3978	0.2448473	2.249717
6072	-2135.21	-2306.188	170.9777	0.1713323	2.561383
6078	-2133.252	-2303.917	170.6657	0.2734886	2.691007
6084	-2131.475	-2302.256	170.7807	0.1585175	2.691007
6090	-2132.762	-2303.697	170.9355	0.2902202	2.513669
6096	-2136.309	-2307.63	171.321	0.07022259	2.40982
6102	-2129.765	-2300.123	170.3587	0.4285611	2.783941
6108	-2137.963	-2308.964	171.0015	0.4285611	2.385259
6114	-2124.637	-2295.759	171.1221	0.2181185	2.441911
6120	-2123.668	-2294.9	171.2321	0.242337	2.357167
6126	-2119.283	-2290.799	171.5154	0.2079005	2.197711
6132	-2127.472	-2298.704	171.2315	0.02900797	2.491891
6138	-2121.62	-2292.793	171.1738	0.2240135	2.405641
6144	-2138.179	-2309.15	170.971	0.1069296	2.6055
6150	-2130.091	-2300.959	170.868	0.4188939	2.475425
6156	-2137.717	-2308.375	170.6581	0.06619803	2.822261
6162	-2132.363	-2303.128	170.7653	0.2419315	2.649153
6168	-2136.017	-2306.924	170.907	0.01002431	2.704581
6174	-2127.973	-2298.961	170.9878	0.3694147	2.431211
6180	-2133.556	-2304.221	170.6653	0.2274645	2.719463
6186	-2136.293	-2307.059	170.7657	0.2992392	2.613509
6192	-2130.907	-2301.806	170.8985	0.1664445	2.613509
6198	-2139.258	-2310.022	170.7631	0.301907	2.613509
6204	-2136.531	-2307.663	171.1326	0.3792067	2.333415
6210	-2132.865	-2304.033	171.1674	0.2293039	2.406335
6216	-2139.911	-2310.796	170.8852	0.2850394	2.548243
6222	-2129.882	-2300.601	170.7182	0.4520107	2.548243
6228	-2133.507	-2304.222	170.7149	0.3849728	2.591902
6234	-2133.975	-2304.426	170.4507	0.2552927	2.833391
6240	-2132.641	-2302.994	170.3531	0.3528963	2.833391
6246	-2126.939	-2297.346	170.4069	0.4279058	2.754958
6252	-2131.056	-2301.63	170.574	0.3359287	2.708985
6258	-2152.291	-2323.178	170.8867	0.02323669	2.708985
6264	-2133.666	-2304.426	170.7596	0.1727863	2.695154
6270	-2127.177	-2298.159	170.982	0.326778	2.461677
6276	-2130.131	-2300.74	170.6092	0.2502933	2.739867
6282	-2126.39	-2296.736	170.3456	0.2882463	2.877141
6288	-2131.946	-2302.687	170.7406	0.3682534	2.586347
6294	-2132.799	-2303.358	170.5592	0.2202426	2.788723
6300	-2141.738	-2312.748	171.0103	0.1357638	2.563217
6306	-2131.838	-2302.9	171.0625	0.1292964	2.534778
6312	-2130.712	-2301.554	170.8414	0.477587	2.455281
6318	-2122.671	-2293.728	171.0566	0.2582133	2.457854
6324	-2131.274	-2301.624	170.3501	0.2582133	2.892531
6330	-2139.751	-2310.816	171.0648	0.07178108	2.569111
6336	-2128.698	-2299.33	170.6324	0.491334	2.577131
6342	-2138.228	-2309.297	171.0695	0.2012999	2.485476
6348	-2134.304	-2305.157	170.8527	0.2012999	2.620259
6354	-2134.445	-2305.713	171.2688	0.03093812	2.46735
6360	-2133.526	-2304.873	171.3473	0.1440442	2.346387
6366	-2142.305	-2312.91	170.6047	0.3317732	2.692641
6372	-2144.169	-2314.947	170.7778	0.3926384	2.548126
6378	-2135.191	-2305.89	170.6992	0.1403857	2.751992
6384	-2147.733	-2318.713	170.98	0.1403857	2.579186
6390	-2136.008	-2306.518	170.5103	0.6101005	2.579186
6396	-2130.792	-2302.031	171.2386	0.2681323	2.336659
6402	-2130.609	-2301.037	170.4278	0.4983482	2.698999
6408	-2126.481	-2297.619	171.1376	0.09166763	2.511453
6414	-2124.914	-2295.738	170.8237	0.3580164	2.541077
6420	-2133.978	-2304.658	170.6802	0.2623858	2.6889
6426	-2131.928	-2302.821	170.893	0.502573	2.407042
6432	-2119.093	-2290.133	171.0408	0.02872716	2.61068
6438	-2136.232	-2307.371	171.1395	0.09611555	2.507452
6444	-2132.99	-2303.763	170.7727	0.336275	2.586282
6450	-2136.095	-2307.206	171.1109	0.336275	2.374458
6456	-2133.765	-2304.476	170.7108	0.1714911	2.725873
6462	-2129.366	-2300.309	170.9437	0.2654559	2.523985
6468	-2131.973	-2302.875	170.9022	0.2654559	2.549839
6474	-2129.019	-2299.321	170.302	0.4094353	2.830074
6480	-2132.56	-2303.635	171.0744	0.1916575	2.488417
6486	-2133.69	-2304.327	170.637	0.3238707	2.677685
6492	-2128.302	-2299.359	171.057	0.2832118	2.441938
6498	-2130.35	-2301.038	170.688	0.4388648	2.57517
6504	-2130.375	-2300.873	170.4982	0.3437385	2.7506
6510	-2135.669	-2306.835	171.1661	0.3315058	2.342426
6516	-2126.686	-2297.345	170.6597	0.4402566	2.591838
6522	-2131.212	-2302.021	170.8095	0.2441803	2.620486
6528	-2138.314	-2309.214	170.9005	0.1499169	2.622502
6534	-2130.972	-2301.962	170.9894	0.0865718	2.606676
6540	-2117.559	-2288.558	170.9993	0.09345471	2.596288
6546	-2125.871	-2296.872	171.0012	0.09157106	2.596288
6552	-2119.165	-2290.073	170.9078	0.2039337	2.584538
6558	-2118.271	-2288.957	170.6862	0.1826596	2.734099
6564	-2128.551	-2299.292	170.7415	0.3829643	2.576628
6570	-2127.71	-2298.657	170.9475	0.2429326	2.535651
6576	-2127.471	-2298.275	170.8037	0.2687876	2.608858
6582	-2128.48	-2299.193	170.7128	0.2687876	2.664924
6588	-2133.928	-2304.831	170.9037	0.4382811	2.440802
6594	-2125.422	-2296.367	170.9449	0.2901195	2.507848
6600	-2125.464	-2296.1	170.6364	0.1999738	2.753996
6606	-2135.281	-2306.11	170.8296	0.3689969	2.530536
6612	-2138.577	-2309.435	170.8571	0.3072953	2.551852
6618	-2125.374	-2296.331	170.9563	0.3408126	2.469006
6624	-2138.282	-2308.641	170.3592	0.3026992	2.86012
6630	-2125.288	-2296.012	170.7245	0.06146305	2.784746
6636	-2125.27	-2296.419	171.1491	0.09715884	2.500827
6642	-2130.236	-2301.044	170.8086	0.2341909	2.627222
6648	-2123.74	-2294.839	171.0982	0.3477051	2.375214
6654	-2128.793	-2299.889	171.0958	0.2400744	2.444675
6660	-2124.939	-2295.94	171.0006	0.4254388	2.387829
6666	-2133.015	-2304.245	171.2292	0.1607273	2.410622
6672	-2122.426	-2293.437	171.0108	0.08584187	2.593882
6678	-2131.657	-2302.591	170.9345	0.2002042	2.570304
6684	-2146.762	-2317.998	171.2358	0.2261757	2.365057
6690	-2138.853	-2309.715	170.8623	0.2261757	2.598975
6696	-2129.02	-2299.615	170.595	0.1931375	2.783395
6702	-2124.346	-2295.018	170.6725	0.2797473	2.682996
6708	-2135.796	-2306.429	170.6335	0.3186928	2.682996
6714	-2123.656	-2294.61	170.9541	0.4120175	2.425628
6720	-2132.951	-2303.935	170.9838	0.1699893	2.558455
6726	-2124.836	-2295.819	170.982	0.1717477	2.558455
6732	-2128.792	-2299.488	170.6965	0.4572873	2.558455
6738	-2130.759	-2301.879	171.1203	0.03349226	2.558455
6744	-2141.858	-2312.508	170.6499	0.1648907	2.767172
6750	-2140.111	-2310.779	170.6689	0.2232726	2.719856
6756	-2148.172	-2318.811	170.6393	0.583886	2.515261
6762	-2150.398	-2321.274	170.8759	0.1683455	2.626298
6768	-2136.834	-2307.665	170.8308	0.01030285	2.751061
6774	-2147.528	-2318.267	170.739	0.03176474	2.794003
6780	-2132.111	-2302.71	170.5993	0.1240417	2.822815
6786	-2137.483	-2308.593	171.1095	0.01903389	2.574156
6792	-2132.324	-2303.442	171.1172	0.0112553	2.574156
6798	-2132.078	-2303.01	170.9316	0.03930219	2.671488
6804	-2130.592	-2301.62	171.0279	0.04123752	2.610932
6810	-2139.244	-2310.019	170.7744	0.2947073	2.610932
6816	-2136.316	-2307.537	171.221	0.1144014	2.444926
6822	-2130.055	-2300.629	170.574	0.1352672	2.831373
6828	-2143.367	-2314.112	170.745	0.04018641	2.785228
6834	-2151.098	-2322.012	170.9138	0.2891129	2.52788
6840	-2152.535	-2323.511	170.9763	0.2558987	2.50961
6846	-2137.059	-2308.06	171.0008	0.2313488	2.50961
6852	-2158.332	-2328.958	170.6266	0.410507	2.630718
6858	-2148.574	-2319.137	170.563	0.410507	2.669881
6864	-2148.41	-2319.521	171.111	0.108088	2.517759
6870	-2135.889	-2306.818	170.9295	0.08361873	2.64552
6876	-2142.376	-2312.958	170.5821	0.4592599	2.628061
6882	-2130.457	-2301.533	171.0751	0.1206877	2.532298
6888	-2140.419	-2311.151	170.732	0.09067236	2.762327
6894	-2138.204	-2308.777	170.5727	0.4170015	2.659926
6900	-2134.191	-2305.321	171.1303	0.120253	2.498144
6906	-2131.369	-2302.281	170.912	0.2875864	2.529946
6912	-2135.77	-2307.074	171.3042	0.06117934	2.426084
6918	-2131.21	-2302.061	170.851	0.007099032	2.740683
6924	-2131.329	-2301.921	170.5914	0.001051071	2.902145
6930	-2134.715	-2305.846	171.1316	0.04308955	2.545448
6936	-2132.872	-2303.635	170.7632	0.2120489	2.66882
6942	-2122.497	-2293.04	170.5425	0.1663141	2.83164
6948	-2122.533	-2293.418	170.8847	0.2696761	2.558106
6954	-2123.189	-2294.231	171.042	0.2196133	2.491212
6960	-2127.416	-2298.119	170.7025	0.1772379	2.727434
6966	-2119.375	-2290.132	170.7571	0.1226571	2.727434
6972	-2124.337	-2295.316	170.9791	0.1234757	2.590209
6978	-2126.669	-2297.676	171.0072	0.1755373	2.540471
6984	-2135.553	-2305.859	170.3062	0.2563343	2.920172
6990	-2130.852	-2301.972	171.1196	0.2572322	2.418883
6996	-2130.655	-2301.889	171.2346	0.1421848	2.418883
7002	-2134.487	-2305.431	170.9443	0.4445276	2.411327
7008	-2127.527	-2298.183	170.6554	0.4791213	2.570391
7014	-2132.936	-2303.1	170.1648	0.6113286	2.790722
7020	-2124.761	-2295.884	171.1224	0.1997141	2.453279
7026	-2136.507	-2307.167	170.6597	0.3271466	2.661708
7032	-2128.73	-2299.403	170.6728	0.3140209	2.661708
7038	-2140.201	-2310.811	170.6104	0.4765174	2.599921
7044	-2144.522	-2315.348	170.8264	0.04927868	2.729951
7050	-2131.947	-2302.626	170.6793	0.1031389	2.786897
7056	-2122.361	-2293.613	171.2516	0.2008948	2.371041
7062	-2132.836	-2303.511	170.6744	0.224167	2.715926
7068	-2129.212	-2299.858	170.646	0.2619394	2.710168
7074	-2143.142	-2313.61	170.4682	0.3744829	2.750137
7080	-2149.806	-2320.557	170.7509	0.09002138	2.751202
7086	-2129.223	-2300.268	171.045	0.09294633	2.56828
7092	-2126.392	-2297.163	170.7708	0.4542509	2.514079
7098	-2134.625	-2304.939	170.3142	0.6296714	2.688152
7104	-2127.084	-2297.914	170.8293	0.1145541	2.688152
7110	-2138.189	-2309.358	171.1683	0.1221696	2.473139
7116	-2132.663	-2303.921	171.2581	0.05257987	2.460482
7122	-2124.228	-2295.236	171.0084	0.0002594885	2.648284
7128	-2134.312	-2305.316	171.0042	0.004422758	2.648284
7134	-2121.282	-2292.117	170.8343	0.1743114	2.648284
7140	-2137.399	-2308.274	170.8746	0.1340258	2.648284
7146	-2150.679	-2321.437	170.7584	0.03529932	2.780009
7152	-2140.866	-2311.696	170.8303	0.3315017	2.553486
7158	-2138.408	-2309.504	171.0957	0.09117865	2.537893
7164	-2141.269	-2312.307	171.0373	0.3069925	2.43939
7170	-2127.368	-2298.269	170.9014	0.08048061	2.664739
7176	-2132.151	-2303.271	171.1193	0.09030552	2.523681
7182	-2147.332	-2317.895	170.5638	0.2434405	2.771739
7188	-2136.787	-2307.703	170.9161	0.2434405	2.554868
7194	-2141.498	-2312.01	170.5123	0.2226904	2.815746
7200	-2138.199	-2309.101	170.902	0.1381288	2.628825
7206	-2136.868	-2307.641	170.7728	0.1912977	2.675728
7212	-2136.949	-2307.796	170.847	0.03035018	2.728912
7218	-2130.665	-2301.654	170.9892	0.1735538	2.552903
7224	-2129.859	-2300.709	170.8506	0.3121489	2.552903
7230	-2136.819	-2307.505	170.6863	0.1611988	2.747181
7236	-2132.505	-2303.216	170.711	0.2711336	2.664583
7242	-2131.884	-2302.372	170.4887	0.2352364	2.822465
7248	-2136.592	-2306.908	170.3155	0.5608392	2.729566
7254	-2140.624	-2311.609	170.9842	0.373057	2.431186
7260	-2135.617	-2306.262	170.6458	0.373057	2.641998
7266	-2138.103	-2308.66	170.5569	0.6209332	2.543466
7272	-2127.325	-2298.229	170.9035	0.2328672	2.569254
7278	-2132.618	-2303.22	170.6019	0.5225868	2.576636
7284	-2130.955	-2301.77	170.8152	0.3524061	2.549843
7290	-2118.103	-2289.178	171.0744	0.06265868	2.568825
7296	-2124.589	-2295.558	170.9692	0.06120377	2.634856
7302	-2132.937	-2303.879	170.9423	0.03680227	2.666441
7308	-2132.451	-2303.248	170.7967	0.02592115	2.762359
7314	-2137.673	-2308.924	171.251	0.09421629	2.438755
7320	-2130.467	-2301.139	170.6722	0.1225703	2.779364
7326	-2135.239	-2306.343	171.1037	0.0564437	2.554516
7332	-2132.988	-2303.815	170.8265	0.3900253	2.519394
7338	-2123.861	-2294.906	171.0457	0.01456389	2.61643
7344	-2146.967	-2317.822	170.8559	0.2043789	2.61643
7350	-2132.923	-2303.488	170.5654	0.3784429	2.688138
7356	-2128.877	-2299.96	171.0835	0.06392912	2.562386
7362	-2132.036	-2302.575	170.5391	0.1514383	2.842731
7368	-2138.297	-2308.939	170.6417	0.04888263	2.842731
7374	-2130.254	-2300.907	170.6525	0.3485863	2.652942
7380	-2119.78	-2290.649	170.8693	0.1317384	2.652942
7386	-2122.962	-2293.889	170.927	0.5050563	2.383978
7392	-2119.598	-2290.392	170.7936	0.191972	2.662461
7398	-2118.881	-2289.579	170.6979	0.2877368	2.662461
7404	-2118.104	-2289.011	170.9068	0.2738927	2.541687
7410	-2126.534	-2297.298	170.7647	0.4160348	2.541687
7416	-2135.189	-2306.157	170.9675	0.2132216	2.541687
7422	-2131.658	-2302.523	170.865	0.3290746	2.533379
7428	-2134.844	-2305.723	170.8785	0.3155468	2.533379
7434	-2129.83	-2300.331	170.5013	0.4442166	2.68709
7440	-2139.493	-2310.14	170.6471	0.01459046	2.860269
7446	-2140.616	-2311.512	170.8961	0.4080174	2.46459
7452	-2137.485	-2308.075	170.5901	0.01121216	2.896773
7458	-2138.991	-2309.907	170.9164	0.00367511	2.702736
7464	-2137.818	-2308.57	170.7526	0.04993891	2.774655
7470	-2137.294	-2307.975	170.6809	0.1215545	2.774655
7476	-2142.842	-2313.427	170.5855	0.1010707	2.845143
7482	-2131.586	-2302.467	170.8818	0.03096957	2.707227
7488	-2139.077	-2310.168	171.0906	0.03901492	2.573452
7494	-2141.388	-2312.496	171.1085	0.02116971	2.573452
7500	-2124.179	-2295.37	171.191	0.05311266	2.502156
7506	-2134.309	-2305.125	170.8152	0.4288861	2.502156
7512	-2136.804	-2307.754	170.9501	0.009812727	2.678245
7518	-2140.159	-2311.102	170.9435	0.01757899	2.677581
7524	-2131.889	-2302.85	170.9607	0.09374907	2.620002
7530	-2120.85	-2291.833	170.9826	0.161969	2.564194
7536	-2131.79	-2302.668	170.8775	0.1168364	2.657063
7542	-2127.472	-2298.291	170.8189	0.3035967	2.577894
7548	-2137.498	-2307.683	170.1848	0.3035967	2.964873
7554	-2135.923	-2306.819	170.8966	0.3035967	2.529553
7560	-2138.041	-2308.457	170.4155	0.131087	2.929802
7566	-2140.546	-2311.259	170.7126	0.05777938	2.794213
7572	-2130.479	-2301.567	171.0873	0.2530325	2.441869
7578	-2131.519	-2302.338	170.8194	0.2545811	2.607922
7584	-2141.24	-2311.788	170.5477	0.2578594	2.772763
7590	-2128.041	-2298.799	170.7581	0.2578594	2.643744
7596	-2130.738	-2301.504	170.7669	0.2431464	2.647423
7602	-2126.889	-2297.769	170.8803	0.3876041	2.487267
7608	-2123.676	-2294.759	171.0831	0.2484299	2.447387
7614	-2123.949	-2294.815	170.8663	0.2096383	2.606742
7620	-2129.101	-2300.021	170.9204	0.1675353	2.599299
7626	-2122.654	-2293.262	170.6076	0.3140981	2.701755
7632	-2134.041	-2304.649	170.6076	0.3140981	2.701755
7638	-2138.837	-2309.839	171.0017	0.2678132	2.48625
7644	-2146.995	-2317.747	170.7519	0.517617	2.48625
7650	-2135.783	-2306.061	170.2783	0.399564	2.850426
7656	-2129.169	-2300.299	171.1305	0.2695032	2.404256
7662	-2132.94	-2303.553	170.6122	0.1310858	2.810706
7668	-2131.593	-2302.376	170.7834	0.1293151	2.707262
7674	-2122.536	-2293.157	170.6213	0.2060745	2.759452
7680	-2125.214	-2296.303	171.0889	0.1448655	2.508606
7686	-2129.238	-2300.144	170.9059	0.2284563	2.570508
7692	-2135.595	-2306.399	170.804	0.4005869	2.526812
7698	-2141.966	-2312.805	170.8391	0.2042631	2.626865
7704	-2135.851	-2306.96	171.1091	0.0513321	2.554347
7710	-2129.616	-2300.524	170.9079	0.2525338	2.554347
7716	-2127.46	-2298.488	171.0282	0.2232939	2.497521
7722	-2133.896	-2304.671	170.7748	0.138362	2.70696
7728	-2135.838	-2306.603	170.7647	0.04158412	2.772336
7734	-2129.636	-2300.804	171.1677	0.09030121	2.493467
7740	-2126.243	-2297.242	170.9984	0.09032178	2.598804
7746	-2125.664	-2296.642	170.9782	0.4766191	2.369598
7752	-2118.766	-2289.758	170.9921	0.1806628	2.546665
7758	-2130.071	-2300.886	170.8149	0.1560581	2.671493
7764	-2124.646	-2295.363	170.717	0.09624223	2.768109
7770	-2119.534	-2290.514	170.9806	0.2953747	2.482248
7776	-2130.563	-2301.265	170.7014	0.03570692	2.814467
7782	-2125.025	-2296.184	171.1586	0.08726377	2.501068
7788	-2142.89	-2314.098	171.2077	0.09726855	2.46407
7794	-2128.663	-2299.399	170.7366	0.05040419	2.784111
7800	-2120.124	-2290.894	170.7701	0.2818505	2.621549
7806	-2133.323	-2304.351	171.0276	0.366371	2.408045
7812	-2137.908	-2308.17	170.2614	0.366371	2.88079
7818	-2128.108	-2299.097	170.9884	0.2533631	2.503613
7824	-2121.474	-2291.811	170.3376	0.2628808	2.897289
7830	-2132.383	-2302.958	170.5746	0.4477041	2.639868
7836	-2135.454	-2306.431	170.9765	0.1224806	2.592446
7842	-2129.98	-2300.982	171.0014	0.02163457	2.63937
7848	-2132.692	-2303.808	171.1158	0.08356081	2.530069
7854	-2126.594	-2297.21	170.6157	0.634824	2.498182
7860	-2124.818	-2295.762	170.9439	0.3221277	2.488443
7866	-2126.354	-2297.661	171.3072	0.0428737	2.435696
7872	-2129.218	-2300.208	170.9894	0.3607479	2.435696
7878	-2123.713	-2294.45	170.7372	0.2380024	2.668855
7884	-2123.046	-2293.872	170.8261	0.1837998	2.647478
7890	-2136.555	-2307.552	170.9972	0.08021444	2.605795
7896	-2125.455	-2296.406	170.9508	0.1536845	2.589032
7902	-2121.476	-2292.184	170.7076	0.2130148	2.7024
7908	-2119.121	-2290.19	171.069	0.2221094	2.472779
7914	-2121.375	-2292.422	171.0473	0.2783524	2.451088
7920	-2121.858	-2292.448	170.5895	0.1967479	2.784534
7926	-2131.182	-2301.971	170.7891	0.3482973	2.568603
7932	-2140.996	-2312.147	171.1511	0.1741903	2.451313
7938	-2125.325	-2296.254	170.9288	0.1701468	2.592475
7944	-2140.337	-2310.943	170.6059	0.216748	2.762372
7950	-2141.203	-2312.017	170.8136	0.3352674	2.561536
7956	-2142.162	-2312.972	170.8099	0.3388829	2.561536
7962	-2141.195	-2312.059	170.8641	0.04877079	2.707179
7968	-2136.218	-2306.715	170.4971	0.2662242	2.798547
7974	-2130.409	-2301.283	170.8738	0.36308	2.506703
7980	-2134.037	-2305.11	171.0723	0.1728055	2.501555
7986	-2133.476	-2304.548	171.0723	0.1728055	2.501555
7992	-2128.854	-2299.788	170.9342	0.08342099	2.642746
7998	-2122.598	-2293.366	170.7683	0.061585	2.757952
8004	-2129.682	-2300.347	170.6656	0.3154559	2.66527
8010	-2128.301	-2299.527	171.2263	0.03130052	2.493746
8016	-2138.652	-2309.595	170.9427	0.01235594	2.681231
8022	-2126.798	-2297.96	171.1628	0.005243253	2.549557
8028	-2137.804	-2308.956	171.1524	0.0157194	2.549557
8034	-2134.316	-2305.306	170.9902	0.03296402	2.639338
8040	-2142.513	-2312.63	170.117	0.1151848	3.118196
8046	-2126.149	-2297.28	171.1312	0.04005862	2.547582
8052	-2145.25	-2316.367	171.117	0.1298662	2.500453
8058	-2133.769	-2305	171.231	0.1107616	2.440956
8064	-2142.864	-2313.383	170.5192	0.2520845	2.793706
8070	-2122.471	-2293.76	171.2893	0.2520845	2.314541
8076	-2130.734	-2302.121	171.3865	0.1205274	2.336427
8082	-2138.602	-2309.955	171.3533	0.05288624	2.400363
8088	-2142.086	-2312.871	170.7849	0.01901918	2.773801
8094	-2146.56	-2317.247	170.6863	0.2813062	2.673553
8100	-2125.434	-2296.229	170.7943	0.1732781	2.673553
8106	-2134.923	-2305.505	170.5821	0.3796879	2.677127
8112	-2140.519	-2310.961	170.4423	0.2419543	2.846576
8118	-2141.5	-2312.521	171.0217	0.1621882	2.539743
8124	-2144.516	-2315.072	170.5564	0.2881948	2.748982
8130	-2135.209	-2305.924	170.7149	0.2848369	2.653781
8136	-2134.385	-2305.128	170.7438	0.352258	2.594285
8142	-2140.998	-2311.733	170.7347	0.3612979	2.594285
8148	-2128.176	-2298.746	170.5693	0.2461998	2.766746
8154	-2131.802	-2302.199	170.3974	0.4180872	2.766746
8160	-2133.567	-2304.49	170.9227	0.2338137	2.556729
8166	-2125.278	-2296.688	171.41	0.1355428	2.311903
8172	-2135.629	-2306.149	170.5201	0.4351039	2.681136
8178	-2133.452	-2304.354	170.9023	0.05293746	2.681136
8184	-2136.891	-2308.324	171.4332	0.03544976	2.360843
8190	-2129.988	-2300.727	170.7387	0.3227259	2.615671
8196	-2134.411	-2305.662	171.2507	0.08213914	2.446548
8202	-2133.242	-2304.545	171.3031	0.2103188	2.332371
8208	-2130.232	-2301.034	170.8019	0.1916283	2.657571
8214	-2131.606	-2302.523	170.9163	0.1880073	2.589146
8220	-2129.609	-2300.445	170.8357	0.07239644	2.710071
8226	-2130.739	-2301.638	170.8992	0.2157604	2.582556
8232	-2133.547	-2304.19	170.6425	0.4591783	2.590767
8238	-2129.972	-2300.605	170.6334	0.3370367	2.671811
8244	-2121.06	-2291.856	170.7966	0.2032181	2.653708
8250	-2128.805	-2299.968	171.1627	0.208174	2.422604
8256	-2139.65	-2310.343	170.6932	0.08513196	2.78936
8262	-2128.244	-2299.171	170.9266	0.1935466	2.579342
8268	-2128.442	-2299.669	171.2273	0.1290709	2.431783
8274	-2138.21	-2308.698	170.4875	0.2424906	2.818819
8280	-2129.346	-2300.389	171.0428	0.2550477	2.468527
8286	-2132.776	-2303.758	170.9815	0.05412813	2.631607
8292	-2136.444	-2307.44	170.9963	0.07724207	2.60823
8298	-2138.461	-2309.295	170.8337	0.2899917	2.577135
8304	-2139.537	-2310.686	171.1493	0.2742771	2.389373
8310	-2139.872	-2311.106	171.2348	0.1649434	2.404441
8316	-2126.406	-2296.66	170.2536	0.4728786	2.820913
8322	-2131.517	-2302.059	170.5419	0.1846588	2.820913
8328	-2129.044	-2299.947	170.9035	0.4767631	2.4167
8334	-2130.105	-2301.32	171.2155	0.1648284	2.4167
8340	-2131.104	-2302.1	170.9957	0.4084686	2.401613
8346	-2137.791	-2308.111	170.32	0.601108	2.702124
8352	-2123.067	-2293.954	170.8876	0.4968897	2.414042
8358	-2126.888	-2297.644	170.7555	0.3920484	2.562347
8364	-2126.344	-2296.963	170.6192	0.3920484	2.646693
8370	-2130.359	-2301.15	170.7916	0.050867	2.750253
8376	-2129.611	-2300.453	170.8421	0.02391581	2.735865
8382	-2126.147	-2297.259	171.1124	0.09290375	2.526355
8388	-2130.728	-2301.366	170.6377	0.145401	2.786453
8394	-2123.818	-2294.584	170.7657	0.3003446	2.612809
8400	-2126.503	-2297.579	171.0767	0.277404	2.433191
8406	-2123.206	-2294.504	171.2989	0.05522061	2.433191
8412	-2130.676	-2301.944	171.2683	0.1201911	2.411555
8418	-2144.158	-2315.234	171.0763	0.132807	2.524034
8424	-2138.622	-2309.782	171.1599	0.04915959	2.524034
8430	-2122.948	-2293.845	170.8975	0.3096467	2.525237
8436	-2133.963	-2304.719	170.7557	0.3943028	2.560797
8442	-2145.972	-2317.241	171.2694	0.289287	2.30353
8448	-2150.1	-2320.85	170.7497	0.37063	2.5792
8454	-2134.06	-2305.176	171.1163	0.02039547	2.569058
8460	-2137.539	-2307.882	170.3426	0.1577774	2.957621
8466	-2136.456	-2307.234	170.7784	0.6678525	2.374988
8472	-2135.655	-2306.43	170.7754	0.1985152	2.669671
8478	-2129.678	-2300.625	170.9466	0.4501799	2.406312
8484	-2129.824	-2300.951	171.1272	0.03734647	2.551753
8490	-2133.399	-2304.459	171.06	0.01694549	2.606091
8496	-2137.796	-2308.839	171.0426	0.03431173	2.606091
8502	-2141.664	-2312.263	170.5989	0.2525816	2.744715
8508	-2136.053	-2306.91	170.8569	0.2525816	2.585919
8514	-2143.067	-2314.39	171.3234	0.09794565	2.390768
8520	-2142.14	-2312.96	170.8198	0.3933728	2.521506
8526	-2129.66	-2300.536	170.8761	0.273735	2.560874
8532	-2121.393	-2292.269	170.8761	0.273735	2.560874
8538	-2124.779	-2295.338	170.5589	0.3046567	2.737373
8544	-2121.609	-2292.534	170.9251	0.4526962	2.418264
8550	-2118.594	-2289.527	170.9328	0.2516283	2.539412
8556	-2117.966	-2288.628	170.6624	0.328208	2.659396
8562	-2125.8	-2296.606	170.8065	0.2630115	2.610722
8568	-2127.794	-2298.78	170.9852	0.222683	2.524781
8574	-2134.893	-2305.519	170.6257	0.5909636	2.519308
8580	-2131.507	-2302.724	171.2162	0.09131395	2.46244
8586	-2137.61	-2308.663	171.0523	0.2552477	2.46244
8592	-2136.95	-2307.988	171.0379	0.1198834	2.555982
8598	-2145.708	-2316.626	170.9187	0.2382354	2.5565
8604	-2135.916	-2306.776	170.8595	0.2631715	2.577743
8610	-2126.153	-2297.3	171.1467	0.1244073	2.485278
8616	-2128.654	-2299.482	170.8276	0.3167903	2.564297
8622	-2132.38	-2302.998	170.6179	0.1481357	2.796866
8628	-2135.659	-2306.466	170.8063	0.2960225	2.590371
8634	-2132.693	-2303.67	170.9773	0.1600931	2.568621
8640	-2134.217	-2304.7	170.4824	0.1600931	2.871849
8646	-2136.36	-2306.921	170.5609	0.3185439	2.727637
8652	-2143.04	-2314.064	171.0243	0.174052	2.530719
8658	-2150.103	-2320.821	170.7172	0.4811968	2.530719
8664	-2138.459	-2308.827	170.3678	0.4286876	2.778307
8670	-2136.939	-2307.224	170.2845	0.3880093	2.853698
8676	-2141.491	-2312.104	170.6135	0.3880093	2.6527
8682	-2126.944	-2297.895	170.9517	0.04978916	2.6527
8688	-2135.334	-2306.168	170.834	0.2785714	2.584021
8694	-2134.119	-2304.891	170.7726	0.2037832	2.668142
8700	-2127.574	-2298.62	171.0453	0.3447914	2.410535
8706	-2133.463	-2303.717	170.2546	0.2215962	2.972208
8712	-2131.57	-2301.831	170.2607	0.2154568	2.972208
8718	-2119.192	-2290.351	171.1589	0.008987796	2.549667
8724	-2129.192	-2300.139	170.9476	0.2203111	2.549667
8730	-2126.433	-2297.287	170.8532	0.3147472	2.549667
8736	-2127.172	-2297.863	170.6909	0.4425848	2.571074
8742	-2118.066	-2289.059	170.9926	0.257438	2.498445
8748	-2120.272	-2291.359	171.0878	0.05889491	2.562845
8754	-2140.823	-2311.716	170.8934	0.3236455	2.519046
8760	-2146.07	-2317.126	171.0559	0.1779168	2.508591
8766	-2144.675	-2315.605	170.9309	0.2921465	2.515348
8772	-2144.996	-2315.784	170.7881	0.4704634	2.493137
8778	-2132.402	-2303.182	170.7801	0.4712718	2.49765
8784	-2127.359	-2298.378	171.0188	0.1866939	2.526254
8790	-2133.1	-2304.205	171.1044	0.02781837	2.571848
8796	-2140.901	-2311.607	170.7062	0.02781837	2.81634
8802	-2135.228	-2305.655	170.4265	0.4234867	2.745667
8808	-2138.878	-2309.469	170.5914	0.0375848	2.880082
8814	-2128.953	-2299.864	170.9105	0.04386778	2.681672
8820	-2137.057	-2307.874	170.8171	0.0312033	2.746661
8826	-2142.916	-2313.53	170.6132	0.2079109	2.763328
8832	-2128.848	-2299.629	170.7806	0.2079109	2.660688
8838	-2125.385	-2296.424	171.0392	0.4269826	2.362385
8844	-2128.289	-2298.964	170.6753	0.2715209	2.686286
8850	-2131.749	-2302.591	170.8416	0.01143199	2.743787
8856	-2139.664	-2310.983	171.3182	0.1229862	2.37825
8862	-2135.655	-2306.56	170.9054	0.1472844	2.621093
8868	-2145.021	-2315.907	170.8868	0.1704973	2.61825
8874	-2142.081	-2312.889	170.8079	0.3548217	2.552881
8880	-2136.852	-2307.908	171.0563	0.03862791	2.594934
8886	-2129.052	-2300.36	171.3078	0.1549793	2.364546
8892	-2126.669	-2297.496	170.8276	0.2927373	2.579201
8898	-2135.754	-2306.72	170.9657	0.3049679	2.485534
8904	-2129.074	-2300.042	170.9674	0.3180861	2.476262
8910	-2141.624	-2312.463	170.8386	0.2422789	2.603671
8916	-2130.71	-2301.35	170.6402	0.3353984	2.668624
8922	-2130.191	-2300.687	170.4954	0.1906071	2.845535
8928	-2128.336	-2299.208	170.8727	0.2183609	2.597339
8934	-2134.462	-2305.287	170.8245	0.3447073	2.548865
8940	-2136.606	-2307.498	170.8914	0.3191737	2.523114
8946	-2129.079	-2300.045	170.9657	0.02154753	2.661453
8952	-2130.86	-2302.045	171.1849	0.01531843	2.529539
8958	-2127.504	-2298.219	170.7145	0.3661745	2.603766
8964	-2131.577	-2302.617	171.04	0.1943607	2.508231
8970	-2145.48	-2316.548	171.0685	0.165938	2.508231
8976	-2138.602	-2309.546	170.9446	0.1213885	2.612898
8982	-2135.822	-2306.622	170.8003	0.4473925	2.499899
8988	-2141.672	-2312.943	171.2717	0.05220347	2.452167
8994	-2156.06	-2327.286	171.2261	0.3027193	2.322577
9000	-2149.816	-2319.87	170.0541	0.4098648	2.979528
9006	-2147.801	-2318.318	170.5179	0.5354394	2.620717
9012	-2132.37	-2303.53	171.1598	0.1489807	2.461677
9018	-2129.76	-2300.916	171.1554	0.09874314	2.495902
9024	-2126.508	-2297.199	170.6904	0.2746223	2.675151
9030	-2129.601	-2300.662	171.0607	0.3203097	2.416255
9036	-2135.894	-2306.44	170.5464	0.3165399	2.73773
9042	-2138.561	-2309.593	171.0326	0.1228021	2.557418
9048	-2143.089	-2313.627	170.5385	0.3538236	2.719739
9054	-2140.273	-2311.086	170.8128	0.1549977	2.673413
9060	-2131.486	-2302.208	170.7221	0.202814	2.699758
9066	-2141.574	-2312.129	170.5547	0.3854823	2.690404
9072	-2139.001	-2309.522	170.5204	0.3490055	2.733793
9078	-2132.045	-2302.981	170.9357	0.2443443	2.54213
9084	-2129.49	-2300.131	170.641	0.2555006	2.717193
9090	-2135.375	-2306.182	170.8074	0.08913883	2.717193
9096	-2126	-2296.917	170.9168	0.2160208	2.571459
9102	-2128.949	-2300.174	171.224	0.03707264	2.491538
9108	-2132.531	-2303.443	170.912	0.04676971	2.678948
9114	-2125.143	-2296.047	170.9047	0.1746326	2.604642
9120	-2132.741	-2303.808	171.0679	0.02405725	2.596834
9126	-2131.461	-2302.292	170.8306	0.1157321	2.686647
9132	-2135.893	-2306.78	170.8864	0.06453778	2.683786
9138	-2129.682	-2300.642	170.9608	0.1342709	2.594897
9144	-2137.353	-2307.779	170.426	0.2851266	2.830264
9150	-2130.348	-2301.124	170.7751	0.1901315	2.675015
9156	-2127.671	-2298.917	171.2463	0.08641736	2.44663
9162	-2140.304	-2311.333	171.0293	0.2698327	2.467711
9168	-2137.844	-2308.012	170.1689	0.3125516	2.969049
9174	-2122.633	-2293.47	170.8375	0.4980689	2.444863
9180	-2123.517	-2294.408	170.8906	0.150364	2.628353
9186	-2120.663	-2291.523	170.8599	0.0226859	2.725697
9192	-2116.026	-2286.91	170.8837	0.212122	2.594399
9198	-2128.25	-2299.555	171.3049	0.203368	2.335663
9204	-2118.967	-2290.041	171.0741	0.24967	2.452251
9210	-2122.986	-2294.288	171.3025	0.09207478	2.407697
9216	-2117.193	-2287.493	170.3002	0.3783351	2.850021
9222	-2116.623	-2287.799	171.1756	0.09654989	2.48461
9228	-2116.319	-2286.995	170.6756	0.3624273	2.63013
9234	-2120.222	-2291.11	170.8876	0.1504354	2.63013
9240	-2122.407	-2293.363	170.9566	0.08143939	2.63013
9246	-2130.419	-2301.345	170.9253	0.1127661	2.63013
9252	-2133.677	-2304.275	170.5979	0.4401521	2.63013
9258	-2130.757	-2302.138	171.3809	0.4401521	2.134161
9264	-2134.642	-2305.511	170.8686	0.0777496	2.686584
9270	-2142.3	-2313.45	171.1505	0.04570578	2.532074
9276	-2146.713	-2317.309	170.5961	0.3628197	2.678861
9282	-2130.634	-2301.819	171.1852	0.1663504	2.434771
9288	-2120.885	-2292.024	171.1386	0.2413135	2.41693
9294	-2118.124	-2289.051	170.9266	0.09498906	2.64029
9300	-2126.536	-2297.038	170.5023	0.04250251	2.930897
9306	-2130.876	-2301.328	170.4517	0.09313774	2.930897
9312	-2122.59	-2293.118	170.5279	0.5067295	2.632223
9318	-2141.057	-2311.98	170.9226	0.2081538	2.572777
9324	-2135.492	-2306.55	171.0576	0.1312715	2.536637
9330	-2138.823	-2309.445	170.6221	0.2957242	2.704113
9336	-2144.817	-2315.791	170.9741	0.2345888	2.524291
9342	-2139.611	-2310.691	171.0802	0.1284914	2.524291
9348	-2130.596	-2301.667	171.0712	0.3102038	2.416016
9354	-2134.401	-2305.114	170.713	0.2187484	2.695585
9360	-2133.633	-2304.214	170.5814	0.294978	2.729531
9366	-2123.66	-2294.299	170.6395	0.2875746	2.698437
9372	-2125.593	-2296.49	170.8969	0.1184395	2.644147
9378	-2121.508	-2292.257	170.7489	0.1261416	2.730353
9384	-2131.034	-2302.009	170.9743	0.1766502	2.560203
9390	-2139.273	-2310.25	170.9771	0.05390392	2.634457
9396	-2130.54	-2301.549	171.009	0.02203812	2.634457
9402	-2137.267	-2307.95	170.6835	0.3081776	2.658716
9408	-2140.915	-2311.757	170.8423	0.4213233	2.489935
9414	-2138.963	-2310.04	171.0776	0.181255	2.492921
9420	-2143.569	-2313.516	169.9469	0.5421363	2.964468
9426	-2137.472	-2308.216	170.7434	0.2869466	2.634867
9432	-2128.663	-2299.912	171.2489	0.06113899	2.460885
9438	-2125.091	-2295.851	170.7594	0.2527057	2.646153
9444	-2124.665	-2295.586	170.9216	0.02083388	2.689022
9450	-2135.414	-2306.908	171.494	0.03227654	2.324201
9456	-2137.318	-2308.253	170.9351	0.04602322	2.665238
9462	-2128.998	-2299.954	170.9563	0.0556159	2.646287
9468	-2116.445	-2287.589	171.144	0.112118	2.494661
9474	-2122.718	-2293.969	171.2515	0.05321538	2.464228
9480	-2135.301	-2306.268	170.9668	0.02134969	2.660872
9486	-2131.372	-2302.342	170.9702	0.02134969	2.658813
9492	-2134.158	-2305.048	170.8899	0.01260649	2.713535
9498	-2125.832	-2297.09	171.2582	0.1841181	2.377514
9504	-2122.833	-2293.405	170.5719	0.5118324	2.601922
9510	-2114.594	-2285.727	171.1323	0.05232596	2.539265
9516	-2124.337	-2294.714	170.3768	0.2854683	2.859925
9522	-2135.019	-2306.142	171.1228	0.3139895	2.381033
9528	-2137.943	-2309.282	171.3393	0.1495296	2.348001
9534	-2132.34	-2303.327	170.987	0.2638729	2.497936
9540	-2127.001	-2297.832	170.8304	0.1521063	2.664382
9546	-2127.039	-2297.998	170.9589	0.2246412	2.539967
9552	-2138.223	-2309.194	170.9702	0.1783794	2.56167
9558	-2141.79	-2312.719	170.9282	0.2324863	2.554165
9564	-2130.678	-2301.623	170.945	0.1542325	2.592279
9570	-2126.559	-2297.421	170.8622	0.2418565	2.589285
9576	-2126.899	-2297.395	170.4962	0.3393277	2.754491
9582	-2127.881	-2298.433	170.5523	0.2831887	2.754491
9588	-2143.961	-2314.576	170.6145	0.6368944	2.497597
9594	-2129.324	-2299.638	170.3136	0.2531096	2.917695
9600	-2118.389	-2289.279	170.8901	0.2775852	2.549778
9606	-2117.139	-2287.959	170.8196	0.1384565	2.679428
9612	-2126.565	-2297.244	170.6786	0.3414179	2.641233
9618	-2136.103	-2307.483	171.3801	0.1876998	2.297674
9624	-2140.884	-2311.64	170.755	0.2852968	2.628731
9630	-2137.557	-2308.31	170.7536	0.02552642	2.788909
9636	-2141.02	-2311.767	170.7469	0.03219216	2.788909
9642	-2145.594	-2316.373	170.7787	0.114403	2.719284
9648	-2157.415	-2327.228	169.8133	0.4304307	3.111285
9654	-2135.88	-2306.951	171.0706	0.05132669	2.578223
9660	-2138.14	-2308.878	170.7377	0.494684	2.509515
9666	-2135.955	-2306.825	170.8692	0.3631291	2.509515
9672	-2134.927	-2305.773	170.8464	0.3631291	2.523772
9678	-2132.629	-2303.191	170.5628	0.3631291	2.699171
9684	-2126.049	-2296.82	170.7716	0.207919	2.666226
9690	-2128.885	-2299.935	171.0507	0.2304019	2.479044
9696	-2124.701	-2295.334	170.6332	0.2595195	2.719536
9702	-2117.984	-2288.619	170.635	0.2248591	2.739639
9708	-2115.401	-2286.343	170.9419	0.3108828	2.496733
9714	-2120.231	-2291.294	171.0627	0.1901323	2.496733
9720	-2126.676	-2297.414	170.7378	0.3040592	2.627804
9726	-2131.712	-2302.075	170.3633	0.3012583	2.858495
9732	-2131.976	-2302.574	170.5971	0.274219	2.732631
9738	-2127.488	-2298.383	170.8952	0.0637363	2.678882
9744	-2131.368	-2302.297	170.9296	0.08529703	2.644418
9750	-2122.798	-2293.36	170.562	0.2671149	2.758428
9756	-2132.883	-2303.761	170.8781	0.2352091	2.583591
9762	-2130.099	-2300.877	170.7781	0.2616393	2.62912
9768	-2128.121	-2298.909	170.7882	0.3142695	2.590299
9774	-2134.69	-2305.594	170.9032	0.3176276	2.516674
9780	-2127.135	-2297.704	170.5691	0.1014052	2.854904
9786	-2121.068	-2292.367	171.299	0.1014052	2.403994
9792	-2128.056	-2299.272	171.2153	0.008947203	2.514582
9798	-2129.78	-2300.405	170.6244	0.1594149	2.786027
9804	-2125.55	-2296.182	170.6317	0.1333666	2.797456
9810	-2136.025	-2306.691	170.6657	0.3643741	2.635036
9816	-2127.263	-2297.954	170.691	0.4488103	2.567127
9822	-2120.099	-2291.311	171.2127	0.4415017	2.242281
9828	-2131.647	-2302.376	170.7291	0.4885604	2.518657
9834	-2140.81	-2311.495	170.6843	0.1922935	2.729359
9840	-2126.663	-2297.728	171.0647	0.07277507	2.568597
9846	-2128.242	-2299.155	170.9127	0.1935835	2.587946
9852	-2131.108	-2301.705	170.5975	0.1122928	2.831057
9858	-2129.86	-2300.812	170.9526	0.1122928	2.613578
9864	-2136.824	-2307.933	171.109	0.08990206	2.530404
9870	-2141.935	-2312.635	170.7	0.3599328	2.616634
9876	-2133.192	-2304.218	171.0265	0.03341103	2.616634
9882	-2135.208	-2305.704	170.4958	0.3701183	2.735899
9888	-2126.616	-2297.62	171.0045	0.5473449	2.30791
9894	-2130.405	-2301.012	170.6064	0.4332499	2.629116
9900	-2131.057	-2301.81	170.7529	0.435699	2.536775
