Iteration	Posterior	Likelihood	Prior	tree_length
0	-1083.133	-1256.466	173.3329	0.9983709
6	-1089.053	-1262.306	173.2524	1.076094
12	-1091.159	-1264.235	173.0766	1.231451
18	-1093.489	-1266.79	173.3007	1.030123
24	-1083.791	-1257.152	173.3608	0.9700419
30	-1087.425	-1260.931	173.5064	0.8023424
36	-1088.386	-1261.586	173.1995	1.124617
42	-1085.367	-1258.585	173.218	1.107849
48	-1082.24	-1255.471	173.2306	1.096362
54	-1089.465	-1262.827	173.3615	0.9693191
60	-1096.53	-1269.618	173.0881	1.221749
66	-1089.917	-1263.105	173.1884	1.134598
72	-1084.047	-1257.018	172.971	1.318297
78	-1082.631	-1255.638	173.0066	1.289461
84	-1084.179	-1257.363	173.1836	1.138831
90	-1089.464	-1262.804	173.3404	0.9908068
96	-1086.736	-1260.149	173.4127	0.9147395
102	-1098.461	-1271.904	173.4431	0.8804138
108	-1096.51	-1269.871	173.3604	0.9704767
114	-1084.919	-1258.362	173.4426	0.8810187
120	-1082.418	-1255.493	173.075	1.232785
126	-1093.654	-1267.039	173.3848	0.9449279
132	-1090.502	-1263.983	173.4804	0.8356649
138	-1088.038	-1261.309	173.2708	1.058807
144	-1095.765	-1269.186	173.4212	0.9053036
150	-1087.73	-1261.067	173.3365	0.9947396
156	-1091.388	-1264.626	173.2374	1.090029
162	-1088.61	-1262.063	173.453	0.8688476
168	-1086.622	-1259.992	173.37	0.9604609
174	-1093.635	-1266.804	173.1688	1.151978
180	-1090.992	-1264.198	173.2053	1.119386
186	-1094.661	-1267.794	173.133	1.183275
192	-1098.403	-1271.336	172.9332	1.348543
198	-1091.939	-1265.168	173.2292	1.097631
204	-1090.322	-1263.72	173.3983	0.9304952
210	-1086.347	-1259.745	173.3983	0.9304952
216	-1086.694	-1260.057	173.3634	0.9673842
222	-1095.329	-1268.548	173.219	1.1069
228	-1085.203	-1258.525	173.3224	1.008832
234	-1088.761	-1262.056	173.295	1.035649
240	-1090.456	-1263.758	173.302	1.028911
246	-1084.182	-1257.464	173.2815	1.048629
252	-1085.742	-1258.895	173.1533	1.165616
258	-1087.118	-1260.37	173.2519	1.07655
264	-1085.686	-1259.135	173.4488	0.8737821
270	-1091.57	-1264.735	173.1655	1.154902
276	-1099.948	-1273.08	173.1326	1.183602
282	-1089.453	-1262.816	173.3626	0.9681943
288	-1089.339	-1262.771	173.4317	0.8934932
294	-1089.66	-1262.885	173.2251	1.101387
300	-1089.283	-1262.629	173.3458	0.9853897
306	-1100.759	-1273.968	173.2099	1.11526
312	-1098.71	-1271.87	173.1593	1.16032
318	-1086.664	-1259.912	173.2476	1.080604
324	-1083.351	-1256.599	173.2476	1.080604
330	-1080.432	-1253.526	173.0943	1.216502
336	-1082.004	-1255.401	173.3976	0.9311784
342	-1083.883	-1256.988	173.1046	1.207698
348	-1085.636	-1258.874	173.2382	1.089352
354	-1085.833	-1259.233	173.4003	0.9282641
360	-1082.656	-1255.976	173.3199	1.011276
366	-1083.11	-1256.485	173.375	0.9552878
372	-1090.676	-1264.04	173.3641	0.9666531
378	-1086.217	-1259.564	173.3469	0.9842539
384	-1107.693	-1280.926	173.2325	1.094614
390	-1108.642	-1281.858	173.216	1.109675
396	-1088.127	-1261.406	173.2786	1.051374
402	-1093.36	-1266.649	173.2889	1.041528
408	-1098.364	-1271.653	173.2889	1.041528
414	-1103.621	-1276.921	173.3004	1.030382
420	-1104.404	-1277.556	173.1513	1.167396
426	-1100.309	-1273.762	173.4531	0.8686828
432	-1095.401	-1268.794	173.3925	0.9367265
438	-1101.506	-1275.027	173.5208	0.7828352
444	-1108.939	-1282.36	173.4214	0.9050774
450	-1099.305	-1272.477	173.1722	1.149001
456	-1100.55	-1274.116	173.566	0.7146585
462	-1105.734	-1279.262	173.5276	0.7732807
468	-1104.94	-1278.283	173.3422	0.9889981
474	-1103.134	-1276.016	172.8823	1.388669
480	-1098.734	-1272	173.2661	1.063302
486	-1099.863	-1273.129	173.2661	1.063302
492	-1102.554	-1276.02	173.4656	0.8538741
498	-1099.129	-1272.372	173.2435	1.084398
504	-1102.73	-1276.253	173.5229	0.7798661
510	-1087.163	-1260.564	173.4012	0.9273236
516	-1091.264	-1264.656	173.3925	0.9366479
522	-1091.267	-1264.401	173.1338	1.182627
528	-1091.882	-1265.124	173.2421	1.085742
534	-1098.631	-1271.976	173.3443	0.9868877
540	-1100.08	-1273.55	173.47	0.8484547
546	-1091.724	-1264.859	173.1354	1.181245
552	-1087.378	-1260.679	173.3006	1.030262
558	-1086.147	-1259.443	173.2965	1.034175
564	-1089.78	-1263.077	173.2976	1.033119
570	-1093.26	-1266.55	173.2896	1.040888
576	-1096.294	-1269.647	173.3526	0.9784209
582	-1095.181	-1268.639	173.4583	0.8625812
588	-1090.981	-1264.275	173.2943	1.036368
594	-1086.756	-1260.071	173.3153	1.015882
600	-1091.327	-1264.507	173.1799	1.142145
606	-1098.48	-1271.827	173.3469	0.9842306
612	-1094.198	-1267.494	173.2952	1.035429
618	-1092.185	-1265.673	173.4873	0.8270667
624	-1095.739	-1268.86	173.1211	1.193549
630	-1101.885	-1275.079	173.1933	1.130213
636	-1102.691	-1275.944	173.2529	1.075669
642	-1100.563	-1273.557	172.9942	1.299511
648	-1102.65	-1275.644	172.9942	1.299511
654	-1101.111	-1274.292	173.1804	1.141735
660	-1086.971	-1260.072	173.1014	1.210426
666	-1084.135	-1257.483	173.348	0.9831565
672	-1086.062	-1259.454	173.392	0.9372599
678	-1089.716	-1263.049	173.3331	0.9981328
684	-1089.391	-1262.724	173.3331	0.9981328
690	-1092.27	-1265.667	173.3967	0.9321773
696	-1096.153	-1269.513	173.3595	0.9713137
702	-1100.401	-1273.797	173.3967	0.9322086
708	-1104.009	-1277.142	173.133	1.183305
714	-1101.583	-1274.773	173.1897	1.133408
720	-1108.157	-1281.681	173.5232	0.7795052
726	-1104.168	-1277.691	173.5232	0.7795052
732	-1103.484	-1276.594	173.1092	1.20375
738	-1098.981	-1272.281	173.2998	1.031017
744	-1100.117	-1273.276	173.1587	1.160902
750	-1097.786	-1270.876	173.0901	1.220038
756	-1098.632	-1272.088	173.4557	0.8656075
762	-1090.593	-1263.873	173.2802	1.049853
768	-1091.113	-1264.624	173.5112	0.7958606
774	-1088.434	-1261.845	173.4115	0.9160169
780	-1095.029	-1268.497	173.4677	0.8513107
786	-1092.113	-1265.42	173.3067	1.024287
792	-1096.465	-1269.771	173.3067	1.024287
798	-1084.09	-1257.2	173.11	1.203044
804	-1088.938	-1262.146	173.2076	1.117317
810	-1087.692	-1261.006	173.3146	1.016525
816	-1089.669	-1263.057	173.3881	0.9413919
822	-1087.273	-1260.737	173.4639	0.8558209
828	-1083.901	-1257.166	173.2651	1.064173
834	-1094.561	-1267.982	173.421	0.9055632
840	-1094.965	-1268.313	173.3481	0.9830191
846	-1095.892	-1269.294	173.4023	0.9260648
852	-1086.905	-1260.322	173.4167	0.9103494
858	-1089.696	-1263.062	173.366	0.9646446
864	-1099.322	-1272.866	173.5441	0.7492351
870	-1090.871	-1264.144	173.2733	1.056461
876	-1084.147	-1257.379	173.2313	1.095691
882	-1091.732	-1265.159	173.4266	0.8992438
888	-1092.908	-1266.277	173.369	0.961571
894	-1100.951	-1274.242	173.2909	1.039651
900	-1099.851	-1273.075	173.2242	1.102155
906	-1090.778	-1263.97	173.1921	1.131235
912	-1088.685	-1262.117	173.4316	0.8935518
918	-1094.433	-1267.452	173.0188	1.27947
924	-1091.153	-1264.483	173.3297	1.00154
930	-1091.245	-1264.453	173.2073	1.117569
936	-1095.68	-1268.848	173.1674	1.153222
942	-1097.258	-1270.402	173.1449	1.172994
948	-1091.256	-1264.662	173.4058	0.9222832
954	-1093.523	-1266.897	173.3734	0.9568864
960	-1100.153	-1273.466	173.3134	1.017731
966	-1101.802	-1275.261	173.4586	0.8622313
972	-1101.055	-1274.156	173.1012	1.210629
978	-1098.314	-1271.654	173.34	0.9912777
984	-1100.567	-1273.927	173.3593	0.9715622
990	-1096.775	-1270.063	173.2882	1.042249
996	-1090.768	-1263.796	173.0279	1.27199
1002	-1086.513	-1259.861	173.3474	0.9837673
1008	-1083.605	-1256.889	173.2846	1.045699
1014	-1083.253	-1256.7	173.4471	0.8757887
1020	-1090.3	-1263.618	173.3183	1.012897
1026	-1098.822	-1272.192	173.3705	0.9599784
1032	-1094.638	-1267.948	173.3107	1.020353
1038	-1092.814	-1266.115	173.3005	1.030323
1044	-1094.112	-1267.413	173.3005	1.030323
1050	-1100.271	-1273.272	173.0017	1.293408
1056	-1098.831	-1271.673	172.8424	1.419675
1062	-1098.33	-1271.596	173.266	1.063373
1068	-1093.277	-1266.595	173.3172	1.014034
1074	-1079.1	-1252.558	173.458	0.8629424
1080	-1082.205	-1255.352	173.1474	1.170767
1086	-1084.833	-1258.237	173.4041	0.9241866
1092	-1087.202	-1260.356	173.1537	1.165227
1098	-1089.318	-1262.546	173.2281	1.098575
1104	-1083.541	-1256.933	173.3924	0.9368412
1110	-1086.416	-1259.635	173.2182	1.107714
1116	-1088.477	-1261.651	173.1743	1.14708
1122	-1100.336	-1273.589	173.2528	1.075723
1128	-1099.161	-1272.326	173.1651	1.155206
1134	-1107.734	-1280.997	173.2629	1.0663
1140	-1093.663	-1266.68	173.0167	1.281155
1146	-1094.762	-1267.965	173.203	1.121413
1152	-1101.459	-1274.662	173.203	1.121413
1158	-1093.024	-1266.326	173.3019	1.028986
1164	-1083.387	-1256.8	173.413	0.9143832
1170	-1084.011	-1257.251	173.2404	1.087255
1176	-1091.986	-1265.02	173.0337	1.267181
1182	-1089.577	-1262.854	173.2771	1.052842
1188	-1093.568	-1266.843	173.2753	1.054508
1194	-1094.794	-1268.247	173.4526	0.8692955
1200	-1087.897	-1261.197	173.3	1.03083
1206	-1090.221	-1263.363	173.1422	1.17531
1212	-1089.419	-1262.707	173.2877	1.042741
1218	-1091.538	-1264.327	172.7886	1.46083
1224	-1092.233	-1265.61	173.3765	0.953631
1230	-1094.058	-1267.45	173.3926	0.9365451
1236	-1097.398	-1270.631	173.2331	1.094065
1242	-1099.168	-1272.634	173.466	0.8533486
1248	-1091.47	-1264.824	173.3533	0.9777233
1254	-1093.319	-1266.589	173.2698	1.059738
1260	-1095.743	-1269.013	173.2699	1.059647
1266	-1094.63	-1267.781	173.1512	1.167489
1272	-1088.478	-1261.648	173.1697	1.151199
1278	-1095.02	-1268.23	173.2102	1.114928
1284	-1087.182	-1260.487	173.3052	1.025709
1290	-1091.494	-1264.832	173.3378	0.9934834
1296	-1094.015	-1267.261	173.2458	1.082309
1302	-1092.27	-1265.618	173.3473	0.9838407
1308	-1099.559	-1272.526	172.9678	1.320901
1314	-1091.136	-1264.531	173.395	0.9340544
1320	-1094.839	-1268.016	173.1772	1.144515
1326	-1092.072	-1265.25	173.1772	1.144515
1332	-1083.017	-1256.247	173.2305	1.09644
1338	-1083.511	-1256.944	173.4328	0.8921882
1344	-1088.336	-1261.769	173.4328	0.8921882
1350	-1091.315	-1264.844	173.5292	0.7710885
1356	-1089.596	-1262.876	173.2799	1.050135
1362	-1091.911	-1265.218	173.3066	1.024409
1368	-1088.884	-1262.225	173.3412	0.9899977
1374	-1092.615	-1266.133	173.5173	0.7876113
1380	-1084.115	-1257.296	173.1803	1.141809
1386	-1096.405	-1269.683	173.2782	1.051761
1392	-1095.512	-1268.944	173.432	0.8931074
1398	-1097.472	-1270.773	173.3012	1.029659
1404	-1093.299	-1266.517	173.2184	1.107485
1410	-1087.795	-1260.834	173.0397	1.26223
1416	-1096.442	-1269.482	173.0397	1.26223
1422	-1097.98	-1271.282	173.3018	1.029057
1428	-1088.152	-1261.174	173.0221	1.27675
1434	-1088.946	-1262.313	173.3678	0.962753
1440	-1087.417	-1260.447	173.0298	1.27042
1446	-1090.884	-1264.252	173.368	0.962555
1452	-1081.798	-1254.98	173.1828	1.139603
1458	-1085.848	-1259.292	173.4438	0.8796207
1464	-1091.567	-1264.558	172.9911	1.30207
1470	-1091.276	-1264.519	173.243	1.084849
1476	-1090.93	-1264.245	173.3153	1.015812
1482	-1088.799	-1262.071	173.2727	1.057053
1488	-1092.908	-1266.025	173.1171	1.196978
1494	-1087.333	-1260.716	173.3839	0.9459097
1500	-1087.62	-1261.004	173.3839	0.9459097
1506	-1090.432	-1263.873	173.4405	0.8833569
1512	-1095.72	-1268.835	173.1147	1.199072
1518	-1101.841	-1275.073	173.2318	1.095232
1524	-1090.462	-1263.693	173.2318	1.095232
1530	-1103.89	-1277.166	173.2763	1.053636
1536	-1097.804	-1271.314	173.5101	0.7974125
1542	-1089.887	-1263.191	173.3034	1.027542
1548	-1092.086	-1265.44	173.3547	0.9762717
1554	-1093.078	-1266.133	173.0548	1.249663
1560	-1088.424	-1261.639	173.2149	1.110704
1566	-1085.271	-1258.501	173.2295	1.097297
1572	-1091.071	-1264.474	173.4034	0.9249062
1578	-1095.867	-1269.08	173.2128	1.112578
1584	-1088.401	-1261.647	173.2453	1.082716
1590	-1086.405	-1259.651	173.2453	1.082716
1596	-1089.106	-1262.557	173.4507	0.8715114
1602	-1083	-1256.492	173.4919	0.8212239
1608	-1078.971	-1252.305	173.3344	0.9968411
1614	-1094.128	-1267.457	173.3284	1.002852
1620	-1091.861	-1265.155	173.2943	1.036348
1626	-1088.981	-1262.418	173.4363	0.8882556
1632	-1082.227	-1255.399	173.1725	1.148679
1638	-1083.756	-1256.929	173.1725	1.148679
1644	-1088.296	-1261.694	173.3985	0.9302618
1650	-1085.385	-1258.926	173.5409	0.7540258
1656	-1094.144	-1267.637	173.4932	0.8194752
1662	-1095.758	-1268.925	173.167	1.153537
1668	-1082.564	-1255.782	173.2184	1.107514
1674	-1079.596	-1252.946	173.35	0.9810672
1680	-1084.873	-1258.298	173.4255	0.9004658
1686	-1088.456	-1261.64	173.1844	1.138129
1692	-1090.067	-1263.387	173.32	1.011197
1698	-1090.407	-1263.765	173.3574	0.9735746
1704	-1083.751	-1257.108	173.3574	0.9735746
1710	-1094.937	-1268.439	173.5016	0.8085877
1716	-1092.122	-1265.581	173.4586	0.8621655
1722	-1089.763	-1263.203	173.4397	0.8842778
1728	-1081.561	-1254.647	173.0851	1.224261
1734	-1089.965	-1263.05	173.0851	1.224261
1740	-1081.395	-1254.623	173.2274	1.099276
1746	-1087.145	-1260.59	173.4445	0.8787823
1752	-1092.285	-1265.6	173.3152	1.015914
1758	-1089.269	-1262.481	173.2121	1.113197
1764	-1079.538	-1252.761	173.2231	1.103198
1770	-1079.02	-1252.341	173.321	1.010208
1776	-1080.3	-1253.636	173.3356	0.9956419
1782	-1085.482	-1258.668	173.1863	1.136422
1788	-1086.823	-1260.106	173.2822	1.047966
1794	-1090.824	-1264.27	173.4459	0.877201
1800	-1088.567	-1261.953	173.3858	0.9438668
1806	-1085.819	-1259.227	173.4074	0.92055
1812	-1081.23	-1254.59	173.3598	0.9710536
1818	-1084.415	-1257.775	173.3598	0.9710536
1824	-1086.556	-1259.911	173.3553	0.9756791
1830	-1093.449	-1266.805	173.3553	0.9756791
1836	-1088.082	-1261.198	173.1168	1.197276
1842	-1101.061	-1274.451	173.3896	0.9397484
1848	-1096.158	-1269.447	173.2884	1.041992
1854	-1098.262	-1271.55	173.2884	1.041992
1860	-1095.259	-1268.693	173.4343	0.8905178
1866	-1097.644	-1270.985	173.3415	0.9897778
1872	-1090.421	-1263.692	173.2719	1.057797
1878	-1086.971	-1260.301	173.3297	1.001605
1884	-1085.579	-1258.908	173.3297	1.001605
1890	-1094.12	-1267.43	173.3094	1.02164
1896	-1079.232	-1252.449	173.2169	1.10882
1902	-1076.11	-1249.477	173.3668	0.9638351
1908	-1083.488	-1256.922	173.4342	0.8906413
1914	-1087.718	-1261.17	173.4519	0.8701807
1920	-1090.01	-1263.149	173.139	1.178108
1926	-1090.093	-1263.237	173.1439	1.173812
1932	-1097.422	-1270.724	173.3019	1.028975
1938	-1092.252	-1265.753	173.5015	0.8088219
1944	-1093.985	-1267.206	173.2211	1.105055
1950	-1095.09	-1268.225	173.135	1.181519
1956	-1089.406	-1262.861	173.4548	0.8666755
1962	-1090.795	-1264.236	173.441	0.8828113
1968	-1098.742	-1272.034	173.2922	1.038407
1974	-1094.034	-1267.253	173.2184	1.107448
1980	-1096.095	-1269.478	173.3833	0.9465427
1986	-1101.087	-1274.468	173.3811	0.9487879
1992	-1099.255	-1272.688	173.433	0.8920308
1998	-1090.944	-1264.277	173.3328	0.9985293
2004	-1093.331	-1266.647	173.316	1.015201
2010	-1090.768	-1264.144	173.3767	0.9534644
2016	-1091.087	-1264.448	173.3603	0.9705305
2022	-1088.377	-1261.386	173.0093	1.287216
2028	-1091.817	-1264.862	173.0454	1.257494
2034	-1085.172	-1258.269	173.0969	1.21426
2040	-1100.606	-1273.887	173.2809	1.049223
2046	-1102.542	-1275.874	173.3322	0.9990513
2052	-1114.562	-1287.845	173.2833	1.046889
2058	-1095.86	-1269.002	173.1417	1.175759
2064	-1091.946	-1265.313	173.3668	0.9638176
2070	-1093.514	-1266.931	173.4173	0.9096412
2076	-1092.218	-1265.598	173.3795	0.9505093
2082	-1093.016	-1266.43	173.4146	0.9126255
2088	-1104.35	-1277.765	173.4146	0.9126255
2094	-1104.407	-1277.557	173.15	1.168484
2100	-1104.46	-1277.863	173.4029	0.925438
2106	-1102.483	-1275.835	173.3523	0.978762
2112	-1097.266	-1270.708	173.442	0.881663
2118	-1090.61	-1264.058	173.4485	0.8741477
2124	-1088.953	-1262.174	173.2206	1.105449
2130	-1087.353	-1260.574	173.2206	1.105449
2136	-1089.662	-1262.882	173.2206	1.105449
2142	-1097.175	-1270.566	173.3911	0.9381632
2148	-1097.682	-1271.156	173.4737	0.8439454
2154	-1114.138	-1287.081	172.9427	1.341021
2160	-1108.974	-1282.336	173.362	0.9687444
2166	-1089.671	-1263.063	173.3925	0.93667
2172	-1097.231	-1270.479	173.248	1.080245
2178	-1084.153	-1257.296	173.1428	1.174826
2184	-1087.469	-1260.742	173.2729	1.05681
2190	-1083.743	-1257.016	173.2729	1.05681
2196	-1092.567	-1265.743	173.1759	1.145665
2202	-1098.261	-1271.72	173.4587	0.8620628
2208	-1090.34	-1263.517	173.177	1.144763
2214	-1094.231	-1267.451	173.2196	1.106424
2220	-1096.112	-1269.663	173.551	0.7387384
2226	-1095.822	-1269.248	173.4251	0.9008717
2232	-1103.209	-1276.303	173.0946	1.216241
2238	-1105.973	-1279.366	173.3929	0.9362763
2244	-1099.068	-1272.411	173.3434	0.9877756
2250	-1093.886	-1267.172	173.2862	1.044131
2256	-1093.841	-1267.251	173.4092	0.918545
2262	-1094.392	-1267.606	173.214	1.111489
2268	-1091.709	-1264.852	173.1429	1.174696
2274	-1092.8	-1266.045	173.2453	1.08276
2280	-1095.62	-1268.745	173.1256	1.189644
2286	-1098.779	-1272.183	173.4041	0.9241858
2292	-1095.711	-1269.047	173.3366	0.9946775
2298	-1090.314	-1263.759	173.4449	0.87831
2304	-1090.332	-1263.63	173.2977	1.033088
2310	-1095.484	-1268.921	173.4374	0.8869322
2316	-1098.141	-1271.57	173.4286	0.8969717
2322	-1089.364	-1262.652	173.2887	1.041719
2328	-1084.569	-1257.981	173.4121	0.9153387
2334	-1091.98	-1265.238	173.2572	1.071642
2340	-1095.629	-1268.89	173.2608	1.068237
2346	-1087.795	-1260.945	173.1505	1.16804
2352	-1093.145	-1266.422	173.2774	1.052574
2358	-1089.33	-1262.665	173.335	0.9962648
2364	-1099.043	-1272.336	173.2935	1.037144
2370	-1098.493	-1271.966	173.4732	0.8445881
2376	-1091.018	-1264.339	173.3217	1.009517
2382	-1090.687	-1264.121	173.4338	0.8911362
2388	-1101.565	-1274.763	173.1978	1.126117
2394	-1091.299	-1264.836	173.5376	0.7589231
2400	-1102.47	-1275.651	173.181	1.141174
2406	-1096.825	-1270.274	173.4489	0.8736404
2412	-1099.503	-1273.014	173.511	0.7962103
2418	-1092.214	-1265.579	173.3658	0.9648579
2424	-1095.478	-1268.698	173.2208	1.105284
2430	-1087.568	-1260.769	173.2009	1.123307
2436	-1091.416	-1264.404	172.9877	1.30486
2442	-1101.27	-1274.606	173.3352	0.9960288
2448	-1102.707	-1275.794	173.0867	1.22291
2454	-1093.788	-1267.076	173.2882	1.042216
2460	-1088.401	-1261.689	173.2882	1.042216
2466	-1089.515	-1262.814	173.2983	1.032441
2472	-1082.387	-1255.719	173.3327	0.9986233
2478	-1097.395	-1270.518	173.1225	1.192356
2484	-1099.446	-1272.781	173.3348	0.9965211
2490	-1093.049	-1266.287	173.2381	1.089447
2496	-1092.848	-1266.154	173.3056	1.025351
2502	-1084.855	-1258.003	173.1473	1.17085
2508	-1085.828	-1259.239	173.4103	0.9173482
2514	-1082.278	-1255.548	173.2697	1.059882
2520	-1081.773	-1255.235	173.4623	0.8577863
2526	-1085.144	-1258.605	173.4603	0.8601776
2532	-1085.137	-1258.598	173.4603	0.8601776
2538	-1079.956	-1253.241	173.2853	1.044955
2544	-1081.445	-1254.624	173.1789	1.143071
2550	-1078.301	-1251.516	173.2158	1.109861
2556	-1096.424	-1269.646	173.2226	1.103679
2562	-1097.556	-1270.955	173.3984	0.9302978
2568	-1101.163	-1274.409	173.2452	1.082789
2574	-1089.173	-1262.4	173.2273	1.099316
2580	-1093.282	-1266.56	173.278	1.052009
2586	-1089.96	-1263.099	173.139	1.178116
2592	-1091.174	-1264.584	173.41	0.9177134
2598	-1084.759	-1258.095	173.3362	0.9950653
2604	-1085.089	-1258.4	173.3112	1.019934
2610	-1095.018	-1268.234	173.2166	1.109099
2616	-1088.727	-1262.007	173.2799	1.05016
2622	-1085.079	-1258.359	173.2799	1.05016
2628	-1078.657	-1252.159	173.5023	0.807677
2634	-1083.045	-1256.228	173.1833	1.139101
2640	-1094.374	-1267.863	173.4896	0.8241199
2646	-1082.168	-1255.637	173.4694	0.8491749
2652	-1080.636	-1253.963	173.327	1.004253
2658	-1092.52	-1265.668	173.1479	1.170365
2664	-1089.934	-1263.318	173.384	0.945708
2670	-1100.07	-1273.493	173.423	0.9033134
2676	-1094.759	-1267.786	173.0261	1.27342
2682	-1088.13	-1261.566	173.4365	0.8879678
2688	-1090.016	-1263.493	173.4772	0.8396613
2694	-1083.894	-1257.392	173.4971	0.8144808
2700	-1094.405	-1267.865	173.46	0.8605886
2706	-1092.051	-1265.215	173.1635	1.156618
2712	-1090.12	-1263.494	173.3741	0.9561788
2718	-1096.3	-1269.73	173.4298	0.8956553
2724	-1090.887	-1264.317	173.4298	0.8956553
2730	-1095.346	-1268.691	173.345	0.986154
2736	-1092.19	-1265.5	173.31	1.021037
2742	-1092.437	-1265.747	173.31	1.021037
2748	-1087.386	-1260.731	173.3448	0.9863915
2754	-1099.843	-1273.065	173.2218	1.104414
2760	-1101.659	-1274.881	173.2218	1.104414
2766	-1089.939	-1263.261	173.322	1.009206
2772	-1092.464	-1265.786	173.322	1.009206
2778	-1093.466	-1266.748	173.2827	1.047493
2784	-1088.417	-1261.897	173.4804	0.8356346
2790	-1088.901	-1262.043	173.1425	1.175077
2796	-1100.616	-1273.934	173.3188	1.012437
2802	-1086.624	-1259.857	173.2333	1.09382
2808	-1085.853	-1259.218	173.3647	0.9659796
2814	-1090.951	-1264.361	173.4101	0.9176259
2820	-1091.561	-1264.816	173.2554	1.073365
2826	-1088.665	-1262.048	173.3827	0.9471816
2832	-1089.941	-1263.181	173.2398	1.087817
2838	-1089.601	-1262.952	173.3511	0.9799802
2844	-1093.577	-1266.954	173.377	0.9531224
2850	-1090.021	-1263.277	173.2561	1.072641
2856	-1096.812	-1269.797	172.9849	1.307133
2862	-1088.788	-1262.112	173.3239	1.007345
2868	-1087.194	-1260.614	173.42	0.90666
2874	-1088.28	-1261.644	173.3639	0.966851
2880	-1098.576	-1272.112	173.5359	0.7614344
2886	-1085.254	-1258.82	173.5654	0.7156739
2892	-1083.538	-1256.696	173.1574	1.16198
2898	-1082.501	-1255.742	173.2411	1.086622
2904	-1080.538	-1253.811	173.2733	1.0564
2910	-1081.09	-1254.485	173.395	0.9340235
2916	-1074.06	-1247.377	173.3167	1.014441
2922	-1088.222	-1261.367	173.145	1.172853
2928	-1086.988	-1260.46	173.4725	0.8454062
2934	-1108.391	-1281.784	173.3929	0.9362468
2940	-1092.587	-1265.74	173.1533	1.165648
2946	-1087.058	-1260.301	173.243	1.084855
2952	-1083.642	-1256.925	173.2829	1.047261
2958	-1089.777	-1262.792	173.0147	1.282861
2964	-1095.721	-1269.027	173.3064	1.024621
2970	-1083.902	-1257.163	173.2603	1.068765
2976	-1086.367	-1259.56	173.1931	1.130398
2982	-1087.659	-1260.904	173.2451	1.082964
2988	-1089.641	-1262.918	173.2768	1.053111
2994	-1082.073	-1255.455	173.3817	0.948154
3000	-1081.271	-1254.572	173.3011	1.029754
3006	-1082.835	-1256.136	173.3011	1.029754
3012	-1082.584	-1256.058	173.4732	0.8445741
3018	-1087.591	-1261.018	173.427	0.8987845
3024	-1092.766	-1266.193	173.427	0.8987845
3030	-1088.397	-1261.649	173.2518	1.076667
3036	-1089.54	-1262.892	173.3522	0.9788404
3042	-1087.801	-1261.169	173.3687	0.9617902
3048	-1088.909	-1262.042	173.1331	1.183206
3054	-1094.947	-1268.374	173.4268	0.8989868
3060	-1101.613	-1274.828	173.2151	1.110458
3066	-1100.108	-1273.658	173.5504	0.7396294
3072	-1099.438	-1272.729	173.2912	1.039287
3078	-1095.423	-1268.732	173.3091	1.02191
3084	-1094.515	-1267.63	173.1151	1.198694
3090	-1097.044	-1270.22	173.1759	1.145684
3096	-1094.599	-1267.902	173.3031	1.027819
3102	-1086.599	-1260.03	173.4313	0.8938896
3108	-1092.928	-1266.025	173.0967	1.214412
3114	-1085.503	-1258.898	173.3949	0.9341035
3120	-1095.602	-1268.402	172.7998	1.452352
3126	-1109.717	-1283.062	173.3445	0.9867099
3132	-1101.901	-1275.315	173.4131	0.9142994
3138	-1092.151	-1265.328	173.1769	1.144823
3144	-1092.185	-1265.642	173.4563	0.8649978
3150	-1097.752	-1271.035	173.2832	1.047044
3156	-1096.815	-1270.21	173.3944	0.9346603
3162	-1101.062	-1274.353	173.2908	1.039762
3168	-1104.204	-1277.356	173.1524	1.166376
3174	-1095.193	-1268.306	173.1129	1.200603
3180	-1098.567	-1271.834	173.2669	1.062485
3186	-1092.098	-1265.342	173.2444	1.083566
3192	-1107.403	-1280.458	173.0549	1.249604
3198	-1094.189	-1267.506	173.3163	1.014889
3204	-1092.047	-1265.39	173.3432	0.988031
3210	-1092.001	-1265.345	173.3432	0.988031
3216	-1094.963	-1268.306	173.343	0.9882534
3222	-1098.713	-1272.009	173.2956	1.035124
3228	-1097.766	-1271.128	173.3619	0.9689023
3234	-1091.348	-1264.655	173.307	1.024008
3240	-1089.238	-1262.585	173.347	0.9841075
3246	-1094.635	-1267.688	173.0526	1.251525
3252	-1090.054	-1263.37	173.3163	1.014905
3258	-1090.113	-1263.43	173.3163	1.014905
3264	-1082.236	-1255.529	173.2924	1.038151
3270	-1085.405	-1258.66	173.2551	1.073572
3276	-1078.241	-1251.533	173.2919	1.038664
3282	-1086.42	-1259.753	173.3329	0.998332
3288	-1096.09	-1269.584	173.4945	0.8178823
3294	-1089.473	-1262.672	173.1994	1.124688
3300	-1085.604	-1259.104	173.4996	0.8112522
3306	-1084.682	-1258.003	173.321	1.010203
3312	-1080.991	-1254.454	173.463	0.8569407
3318	-1084.77	-1257.95	173.1795	1.142462
3324	-1094.957	-1268.503	173.5454	0.7473571
3330	-1086.303	-1259.533	173.2294	1.097468
3336	-1092.569	-1265.507	172.9377	1.344967
3342	-1096.573	-1269.952	173.3784	0.9517022
3348	-1097.329	-1270.707	173.3784	0.9517022
3354	-1098.454	-1271.778	173.3246	1.006627
3360	-1079.908	-1253.233	173.3246	1.006627
3366	-1086.207	-1259.175	172.9678	1.320898
3372	-1089.955	-1263.342	173.3869	0.9426876
3378	-1086.291	-1259.489	173.1976	1.126276
3384	-1094.112	-1267.294	173.1818	1.140497
3390	-1101.136	-1274.176	173.0393	1.262595
3396	-1091.682	-1264.999	173.3171	1.014108
3402	-1082.138	-1255.455	173.3171	1.014108
3408	-1090.74	-1263.868	173.1281	1.187524
3414	-1089.044	-1262.033	172.989	1.303785
3420	-1095.246	-1268.654	173.4082	0.9197197
3426	-1086.648	-1259.87	173.222	1.10424
3432	-1086.623	-1259.918	173.2947	1.035989
3438	-1090.509	-1263.804	173.2947	1.035989
3444	-1087.922	-1261.029	173.1064	1.206167
3450	-1099.891	-1273.254	173.3626	0.9681443
3456	-1097.339	-1270.75	173.4111	0.9164758
3462	-1103.114	-1276.404	173.2906	1.039882
3468	-1098.216	-1271.461	173.2447	1.083329
3474	-1091.02	-1264.243	173.2225	1.103763
3480	-1086.056	-1259.353	173.2968	1.033928
3486	-1096.976	-1270.309	173.3331	0.9982062
3492	-1087.1	-1260.479	173.3786	0.9514767
3498	-1090.799	-1263.917	173.118	1.196208
3504	-1096.013	-1269.577	173.5643	0.7175689
3510	-1091.58	-1264.898	173.3179	1.013251
3516	-1082.498	-1255.626	173.1283	1.187372
3522	-1102.146	-1275.605	173.4583	0.8625189
3528	-1082.034	-1255.347	173.3137	1.017396
3534	-1092.053	-1265.291	173.2372	1.090239
3540	-1084.041	-1257.351	173.3097	1.021365
3546	-1091.698	-1265.014	173.3154	1.015804
3552	-1095.274	-1268.571	173.2967	1.033977
3558	-1095.303	-1268.784	173.4806	0.8354608
3564	-1084.598	-1257.835	173.2377	1.089821
3570	-1085.345	-1258.582	173.2377	1.089821
3576	-1090.193	-1263.587	173.3941	0.9349285
3582	-1090.97	-1264.189	173.2191	1.106847
3588	-1088.935	-1262.121	173.1854	1.137274
3594	-1086.508	-1259.897	173.3892	0.9402627
3600	-1084.909	-1258.166	173.2576	1.071257
3606	-1100.641	-1273.794	173.1525	1.166334
3612	-1089.675	-1262.924	173.2487	1.079572
3618	-1095.006	-1268.387	173.3804	0.9495922
3624	-1092.053	-1265.032	172.9791	1.311786
3630	-1094.219	-1267.542	173.3224	1.008809
3636	-1093.891	-1267.154	173.2626	1.066533
3642	-1099.002	-1272.1	173.0974	1.213857
3648	-1090.286	-1263.677	173.3905	0.93884
3654	-1092.676	-1266.067	173.3905	0.93884
3660	-1090.978	-1264.216	173.2379	1.08957
3666	-1088.063	-1261.23	173.1669	1.153692
3672	-1108.078	-1281.365	173.2866	1.043744
3678	-1104.417	-1277.49	173.0737	1.233835
3684	-1107.902	-1280.79	172.8877	1.384448
3690	-1100.975	-1274.292	173.3165	1.01464
3696	-1086.279	-1259.684	173.4048	0.9233483
3702	-1098.49	-1271.742	173.2524	1.07615
3708	-1098.78	-1272.11	173.3296	1.001663
3714	-1099.75	-1272.968	173.2177	1.10809
3720	-1095.22	-1268.438	173.2177	1.10809
3726	-1093.798	-1267.197	173.3994	0.9292359
3732	-1092.363	-1265.653	173.2898	1.040698
3738	-1097.457	-1270.774	173.3169	1.014237
3744	-1097.784	-1271.211	173.4271	0.8986465
3750	-1089.601	-1263.091	173.49	0.8236139
3756	-1093.334	-1266.907	173.5728	0.7031512
3762	-1091.688	-1265.197	173.5095	0.7981974
3768	-1086.855	-1260.252	173.3966	0.9322386
3774	-1088.064	-1261.312	173.2485	1.079753
3780	-1100.692	-1273.997	173.3043	1.026639
3786	-1099.867	-1272.939	173.0721	1.235221
3792	-1092.076	-1265.062	172.9858	1.306362
3798	-1100.553	-1273.741	173.1888	1.134168
3804	-1096	-1269.188	173.1888	1.134168
3810	-1091.127	-1264.352	173.2256	1.100919
3816	-1094.574	-1267.8	173.2256	1.100919
3822	-1091.425	-1264.943	173.5177	0.7870537
3828	-1097.041	-1270.119	173.0779	1.230365
3834	-1092.857	-1266.215	173.3578	0.9731227
3840	-1091.941	-1265.298	173.3578	0.9731227
3846	-1091.929	-1265.406	173.4777	0.8390541
3852	-1091.056	-1264.487	173.4311	0.8941469
3858	-1091.047	-1264.222	173.1748	1.146655
3864	-1090.62	-1264.003	173.3829	0.9468965
3870	-1091.646	-1264.951	173.3053	1.025706
3876	-1088.498	-1261.564	173.0664	1.240024
3882	-1097.4	-1270.809	173.4091	0.9186987
3888	-1098.098	-1271.521	173.4226	0.9037427
3894	-1102.27	-1275.669	173.3988	0.9299462
3900	-1097.32	-1270.817	173.4969	0.8147011
3906	-1090.134	-1263.384	173.2509	1.077562
3912	-1086.676	-1259.886	173.2093	1.115746
3918	-1082.021	-1255.284	173.2626	1.066555
3924	-1089.855	-1263.178	173.3235	1.007762
3930	-1099.114	-1271.983	172.8691	1.398985
3936	-1095.518	-1268.88	173.3621	0.9686437
3942	-1089.369	-1262.604	173.2343	1.092941
3948	-1090.243	-1263.308	173.0655	1.240721
3954	-1091.98	-1265.314	173.3332	0.9980607
3960	-1092.813	-1266.322	173.5091	0.7986849
3966	-1093.581	-1267.017	173.4367	0.8877218
3972	-1085.992	-1259.412	173.4206	0.9060033
3978	-1096.497	-1269.687	173.19	1.133121
3984	-1088.785	-1262.021	173.2353	1.092029
3990	-1100.819	-1274.021	173.2014	1.122939
3996	-1093.676	-1266.604	172.9279	1.352749
4002	-1093.903	-1266.714	172.8118	1.443131
4008	-1087.595	-1260.836	173.2401	1.087563
4014	-1092.512	-1265.687	173.1752	1.146303
4020	-1092.417	-1265.408	172.9907	1.302372
4026	-1081.06	-1254.445	173.3842	0.9455409
4032	-1092.416	-1265.361	172.9451	1.339072
4038	-1091.628	-1265.001	173.3739	0.9564195
4044	-1093.558	-1266.946	173.3884	0.9410778
4050	-1091.591	-1264.826	173.2347	1.092515
4056	-1094.022	-1267.257	173.2347	1.092515
4062	-1097.184	-1270.503	173.3188	1.012392
4068	-1087.299	-1260.579	173.2798	1.050234
4074	-1087.654	-1260.977	173.3231	1.008126
4080	-1080.375	-1253.628	173.2533	1.075282
4086	-1093.272	-1266.594	173.3221	1.009134
4092	-1100.297	-1273.707	173.4099	0.9178385
4098	-1113.585	-1287.067	173.4821	0.8336102
4104	-1099.995	-1273.292	173.2963	1.034451
4110	-1080.372	-1253.743	173.3711	0.9593495
4116	-1093.203	-1266.566	173.3631	0.9676763
4122	-1104.26	-1277.361	173.1012	1.21062
4128	-1094.112	-1267.232	173.12	1.19454
4134	-1094.822	-1267.709	172.887	1.384967
4140	-1098.679	-1271.744	173.0642	1.241875
4146	-1096.109	-1269.099	172.9903	1.302738
4152	-1093.669	-1266.772	173.1028	1.209254
4158	-1085.109	-1258.49	173.3812	0.9487417
4164	-1096.663	-1269.999	173.3366	0.9946588
4170	-1089.86	-1263.197	173.3366	0.9946588
4176	-1089.585	-1263.071	173.4862	0.8284635
4182	-1091.246	-1264.191	172.9446	1.339475
4188	-1090.546	-1263.936	173.39	0.9393673
4194	-1091.019	-1264.169	173.1501	1.168414
4200	-1084.713	-1257.95	173.2369	1.090514
4206	-1081.493	-1254.818	173.325	1.006246
4212	-1088.528	-1261.766	173.2386	1.088935
4218	-1088.52	-1261.833	173.3135	1.0176
4224	-1093.862	-1267.175	173.3135	1.0176
4230	-1100.416	-1273.729	173.3135	1.0176
4236	-1101.012	-1274.494	173.482	0.833723
4242	-1095.663	-1269.006	173.3433	0.9879238
4248	-1103.118	-1276.326	173.2075	1.117347
4254	-1103.606	-1276.456	172.8492	1.414384
4260	-1087.248	-1260.565	173.3163	1.014922
4266	-1084.569	-1257.786	173.2165	1.109257
4272	-1081.267	-1254.431	173.1643	1.15599
4278	-1081.878	-1255.343	173.4648	0.8547669
4284	-1087.171	-1260.347	173.1759	1.145661
4290	-1093.923	-1267.165	173.2422	1.085659
4296	-1088.097	-1261.36	173.2631	1.066107
4302	-1087.741	-1261.095	173.3542	0.9768521
4308	-1091.503	-1264.738	173.2353	1.091975
4314	-1094.719	-1267.954	173.2353	1.091975
4320	-1095.015	-1268.218	173.2028	1.121664
4326	-1101.326	-1274.721	173.3943	0.9347292
4332	-1092.187	-1265.627	173.4405	0.883364
4338	-1088.768	-1262.163	173.3954	0.9336236
4344	-1091.685	-1265.05	173.3651	0.9655264
4350	-1096.81	-1270.076	173.2653	1.064033
4356	-1096.782	-1270.047	173.2653	1.064033
4362	-1097.46	-1270.876	173.416	0.9110932
4368	-1085.634	-1258.936	173.3017	1.029126
4374	-1091.564	-1265.062	173.4974	0.8141668
4380	-1095.427	-1268.925	173.4978	0.8135886
4386	-1089.512	-1262.86	173.3484	0.9827288
4392	-1089.275	-1262.513	173.2377	1.089811
4398	-1089.802	-1263.206	173.4037	0.9246385
4404	-1079.563	-1252.724	173.1605	1.159313
4410	-1080.058	-1253.279	173.2213	1.104808
4416	-1081.812	-1255.07	173.2586	1.070364
4422	-1080.158	-1253.268	173.1107	1.202514
4428	-1084.982	-1258.368	173.386	0.9436581
4434	-1086.554	-1259.754	173.2001	1.124076
4440	-1085.317	-1258.406	173.089	1.220948
4446	-1081.428	-1254.843	173.4148	0.9124343
4452	-1087.777	-1260.913	173.1367	1.180112
4458	-1097.082	-1270.5	173.4182	0.9085861
4464	-1099.384	-1272.537	173.1527	1.166113
4470	-1092.287	-1265.34	173.0532	1.250996
4476	-1107.34	-1280.46	173.1192	1.195194
4482	-1117.96	-1291.284	173.3248	1.006471
4488	-1098.162	-1271.278	173.1158	1.198146
4494	-1091.78	-1265.236	173.4563	0.8649196
4500	-1086.447	-1259.759	173.3125	1.018563
4506	-1086.989	-1260.312	173.3228	1.008458
4512	-1090.544	-1263.8	173.2562	1.072546
4518	-1084.118	-1257.456	173.3378	0.9934168
4524	-1083.925	-1257.4	173.4746	0.842902
4530	-1087.411	-1260.754	173.3432	0.9880194
4536	-1090.309	-1263.592	173.2834	1.046827
4542	-1087.907	-1261.35	173.4427	0.8808438
4548	-1093.986	-1267.374	173.3878	0.9417607
4554	-1084.467	-1257.671	173.204	1.120578
4560	-1092.816	-1266.196	173.3807	0.9492524
4566	-1095.475	-1268.712	173.2371	1.090346
4572	-1099.036	-1272.241	173.2047	1.119896
4578	-1098.236	-1271.509	173.2735	1.056229
4584	-1092.023	-1265.16	173.1364	1.180314
4590	-1091.527	-1264.724	173.1968	1.127012
4596	-1083.99	-1257.178	173.1877	1.135157
4602	-1082.275	-1255.588	173.3132	1.017919
4608	-1081.931	-1255.22	173.2891	1.041378
4614	-1082.75	-1255.931	173.1815	1.140716
4620	-1094.311	-1267.227	172.9163	1.361966
4626	-1085.928	-1259.197	173.2685	1.060967
4632	-1083.281	-1256.784	173.5031	0.8066897
4638	-1082.308	-1255.498	173.1897	1.133411
4644	-1096.847	-1270.299	173.4527	0.8692254
4650	-1087.388	-1260.763	173.3754	0.9547971
4656	-1090.482	-1263.841	173.3589	0.9719437
4662	-1098.664	-1272.023	173.3589	0.9719437
4668	-1098.995	-1272.449	173.4539	0.8677526
4674	-1082.892	-1256.253	173.3616	0.969152
4680	-1086.011	-1259.152	173.1409	1.176423
4686	-1085.335	-1258.692	173.3572	0.9737461
4692	-1087.217	-1260.454	173.237	1.090414
4698	-1089.529	-1262.717	173.1888	1.134229
4704	-1085.031	-1258.31	173.2787	1.05132
4710	-1096.424	-1269.722	173.2974	1.033317
4716	-1086.317	-1259.548	173.2314	1.095573
4722	-1085.147	-1258.335	173.188	1.134963
4728	-1088.925	-1262.418	173.4931	0.8196967
4734	-1087.671	-1260.994	173.3236	1.007651
4740	-1086.166	-1259.368	173.2024	1.122004
4746	-1091.517	-1264.651	173.1345	1.18203
4752	-1094.593	-1267.728	173.1345	1.18203
4758	-1095.704	-1268.998	173.2945	1.036128
4764	-1096.583	-1269.764	173.1812	1.140962
4770	-1089.222	-1262.229	173.0072	1.288945
4776	-1085.025	-1258.38	173.355	0.9759694
4782	-1083.494	-1256.842	173.3477	0.9834015
4788	-1088.3	-1261.555	173.2554	1.073344
4794	-1097.045	-1269.892	172.8473	1.415832
4800	-1093.433	-1266.281	172.8473	1.415832
4806	-1102.546	-1275.87	173.3248	1.006452
4812	-1094.932	-1268.237	173.3048	1.026157
4818	-1092.117	-1265.644	173.5266	0.7746448
4824	-1083.291	-1256.469	173.1784	1.143469
4830	-1088.523	-1261.89	173.367	0.9636335
4836	-1104.51	-1277.625	173.1148	1.19896
4842	-1100.219	-1273.658	173.4391	0.8850721
4848	-1094.426	-1267.865	173.4391	0.8850721
4854	-1093.677	-1266.789	173.1118	1.201578
4860	-1080.625	-1253.908	173.283	1.047158
4866	-1087.79	-1261.081	173.2914	1.039132
4872	-1081.496	-1254.618	173.1221	1.192693
4878	-1089.476	-1262.73	173.2536	1.075013
4884	-1089.433	-1262.897	173.4638	0.8559649
4890	-1086.061	-1259.585	173.5233	0.7793551
4896	-1090.585	-1264.007	173.4219	0.904535
4902	-1094.111	-1267.606	173.4949	0.8173757
4908	-1107.116	-1280.17	173.0544	1.249987
4914	-1100.032	-1273.438	173.4057	0.9224319
4920	-1099.761	-1273.215	173.4544	0.8672077
4926	-1100.37	-1273.545	173.1748	1.146632
4932	-1103.228	-1276.282	173.0541	1.250255
4938	-1097.819	-1271.228	173.4082	0.9196912
4944	-1090.764	-1264.28	173.5152	0.790461
4950	-1090.8	-1264.012	173.2121	1.113188
4956	-1088.974	-1262.171	173.1963	1.12748
4962	-1089.744	-1263.187	173.4425	0.8810811
4968	-1090.04	-1263.413	173.3729	0.9574479
4974	-1097.021	-1270.295	173.2743	1.055484
4980	-1099.793	-1273.117	173.3241	1.007194
4986	-1102.736	-1276.046	173.31	1.021026
4992	-1095.315	-1268.648	173.3332	0.9980896
4998	-1089.709	-1263.042	173.3332	0.9980896
5004	-1089.212	-1262.254	173.0423	1.260093
5010	-1094.359	-1267.709	173.3499	0.9812026
5016	-1092.444	-1265.83	173.3862	0.9434111
5022	-1084.432	-1257.795	173.3633	0.9673958
5028	-1092.268	-1265.58	173.3118	1.01933
5034	-1088.688	-1262.084	173.3959	0.9330105
5040	-1089.971	-1263.232	173.2607	1.068306
5046	-1093.172	-1266.415	173.2428	1.085046
5052	-1099.346	-1272.47	173.1238	1.191273
5058	-1100.24	-1273.174	172.9337	1.348164
5064	-1093.354	-1266.742	173.3881	0.9413685
5070	-1092.031	-1265.389	173.358	0.9728623
5076	-1089.356	-1262.673	173.3164	1.014762
5082	-1106.391	-1279.526	173.1345	1.181983
5088	-1100.855	-1274.114	173.2587	1.070262
5094	-1104.398	-1277.543	173.1452	1.172676
5100	-1091.27	-1264.766	173.4962	0.8156755
5106	-1090.21	-1263.505	173.2949	1.035711
5112	-1096.657	-1269.702	173.0451	1.257729
5118	-1080.551	-1254.004	173.4528	0.8691125
5124	-1075.554	-1248.897	173.343	0.9882418
5130	-1077.339	-1250.668	173.3294	1.001915
5136	-1083.403	-1256.733	173.3294	1.001915
5142	-1087.315	-1260.644	173.3294	1.001915
5148	-1087.735	-1261.064	173.3294	1.001915
5154	-1092.576	-1266.057	173.4811	0.8348511
5160	-1090.228	-1263.581	173.3537	0.9772828
5166	-1093.937	-1267.16	173.2231	1.103176
5172	-1089.993	-1263.535	173.542	0.7524481
5178	-1092.187	-1265.624	173.437	0.8873881
5184	-1094.774	-1268.15	173.3767	0.9534469
5190	-1104.129	-1277.508	173.379	0.9510104
5196	-1095.535	-1268.911	173.3755	0.9547214
5202	-1092.334	-1265.732	173.398	0.9307746
5208	-1092.567	-1265.843	173.2764	1.053463
5214	-1093.038	-1266.394	173.3556	0.9754249
5220	-1091.033	-1264.607	173.5736	0.7018223
5226	-1093.47	-1266.887	173.4169	0.9101243
5232	-1099.838	-1272.978	173.1398	1.177378
5238	-1100.813	-1273.952	173.1398	1.177378
5244	-1093.732	-1267.058	173.3262	1.005044
5250	-1105.954	-1279.313	173.3595	0.971374
5256	-1095.685	-1269.043	173.3584	0.9724784
5262	-1097.423	-1270.693	173.2699	1.059691
5268	-1093.149	-1266.394	173.2455	1.082522
5274	-1093.953	-1267.199	173.2455	1.082522
5280	-1089.373	-1262.319	172.9456	1.338721
5286	-1090.294	-1263.603	173.3082	1.022858
5292	-1078.213	-1251.579	173.3665	0.9641654
5298	-1091.615	-1264.982	173.3665	0.9641654
5304	-1092.222	-1265.633	173.4114	0.916157
5310	-1097.04	-1270.227	173.1872	1.13565
5316	-1092.686	-1265.921	173.2354	1.09194
5322	-1085.613	-1258.958	173.3449	0.9863295
5328	-1087.876	-1261.073	173.1963	1.12747
5334	-1087.742	-1261.206	173.4641	0.8556605
5340	-1085.61	-1258.904	173.294	1.03659
5346	-1080.541	-1253.836	173.294	1.03659
5352	-1082.895	-1256.16	173.2649	1.064385
5358	-1084.596	-1257.957	173.3613	0.9695109
5364	-1086.207	-1259.554	173.3462	0.9849439
5370	-1088.406	-1261.37	172.9639	1.323996
5376	-1095.963	-1269.391	173.4273	0.8984964
5382	-1082.263	-1255.686	173.4223	0.9040895
5388	-1083.342	-1256.412	173.0698	1.237176
5394	-1089.488	-1262.558	173.0698	1.237176
5400	-1092.63	-1265.771	173.1412	1.176177
5406	-1097.981	-1271.421	173.4402	0.8837613
5412	-1093.496	-1266.647	173.1506	1.167996
5418	-1079.623	-1252.589	172.9658	1.322479
5424	-1087.256	-1260.222	172.9658	1.322479
5430	-1088.779	-1262.029	173.2504	1.077953
5436	-1102.32	-1275.716	173.396	0.9329211
5442	-1094.685	-1267.997	173.3121	1.019029
5448	-1081.66	-1255.039	173.3792	0.9508138
5454	-1081.779	-1255.106	173.3269	1.004324
5460	-1086.025	-1259.456	173.4305	0.8948165
5466	-1073.382	-1246.733	173.3514	0.9797087
5472	-1078.627	-1251.856	173.2285	1.098292
5478	-1091.2	-1264.573	173.373	0.9573824
5484	-1079.568	-1252.841	173.273	1.056707
5490	-1081.365	-1254.544	173.1793	1.142671
5496	-1091.795	-1265.186	173.3914	0.9378248
5502	-1086.876	-1260.048	173.1714	1.149683
5508	-1090.037	-1263.408	173.3705	0.9599314
5514	-1093.968	-1267.31	173.3422	0.9890396
5520	-1089.333	-1262.607	173.2744	1.055432
5526	-1086.876	-1260.213	173.3369	0.9943388
5532	-1086.529	-1259.925	173.3958	0.9331046
5538	-1091.176	-1264.422	173.2452	1.082866
5544	-1095.907	-1269.108	173.2006	1.123662
5550	-1082.054	-1255.539	173.4847	0.8303804
5556	-1086.78	-1260.219	173.4392	0.8849206
5562	-1083.29	-1256.57	173.2807	1.049419
5568	-1092.988	-1266.501	173.5123	0.7944481
5574	-1094.504	-1267.963	173.4597	0.8609249
5580	-1104.421	-1277.514	173.0925	1.218026
5586	-1099.523	-1272.643	173.1198	1.194643
5592	-1087.441	-1260.686	173.2442	1.083726
5598	-1092.192	-1265.582	173.3901	0.9392679
5604	-1095.854	-1269.25	173.3954	0.9335592
5610	-1086.909	-1260.025	173.1158	1.198086
5616	-1092.411	-1265.741	173.3308	1.000455
5622	-1095.165	-1268.288	173.1223	1.192496
5628	-1103.429	-1276.619	173.1897	1.133411
5634	-1086.06	-1259.312	173.252	1.076486
5640	-1089.807	-1263.25	173.4423	0.881291
5646	-1087.152	-1260.463	173.3109	1.020175
5652	-1089.184	-1262.644	173.4597	0.860957
5658	-1086.411	-1259.597	173.1866	1.136182
5664	-1089.723	-1262.877	173.1536	1.165351
5670	-1090.894	-1264.19	173.2956	1.035088
5676	-1097.691	-1270.985	173.2941	1.036506
5682	-1093.661	-1266.981	173.3195	1.011723
5688	-1099.362	-1272.687	173.3254	1.005911
5694	-1091.688	-1264.88	173.1918	1.131565
5700	-1094.541	-1267.91	173.3687	0.9618624
5706	-1101.733	-1275.102	173.3687	0.9618624
5712	-1091.724	-1265.118	173.3939	0.9352365
5718	-1095.481	-1268.766	173.2855	1.044814
5724	-1092.545	-1265.943	173.3973	0.9314888
5730	-1088.341	-1261.685	173.3434	0.9878218
5736	-1097.864	-1271.098	173.2343	1.0929
5742	-1100.87	-1274.104	173.2343	1.0929
5748	-1088.859	-1262.04	173.181	1.141208
5754	-1090.458	-1263.711	173.2523	1.076227
5760	-1100.284	-1273.656	173.3715	0.9588669
5766	-1094.733	-1268.004	173.271	1.058587
5772	-1093.134	-1266.558	173.4238	0.9024146
5778	-1099.445	-1272.354	172.9094	1.367394
5784	-1090.475	-1263.819	173.3446	0.9865877
5790	-1094.43	-1267.876	173.4464	0.8765848
5796	-1100.187	-1273.633	173.4464	0.8765848
5802	-1101.681	-1275.04	173.3591	0.9718243
5808	-1104.664	-1277.764	173.1	1.211628
5814	-1102.797	-1276.148	173.3502	0.980928
5820	-1104.267	-1277.568	173.3015	1.029385
5826	-1097.091	-1270.583	173.491	0.8222898
5832	-1095.682	-1268.825	173.1424	1.175122
5838	-1091.063	-1264.315	173.2523	1.076211
5844	-1088.692	-1262.068	173.3755	0.9547433
5850	-1085.719	-1259.03	173.312	1.019119
5856	-1085.938	-1259.25	173.312	1.019119
5862	-1080.302	-1253.364	173.0627	1.243075
5868	-1083.43	-1256.704	173.2739	1.055875
5874	-1079.966	-1253.348	173.3813	0.9486306
5880	-1093.962	-1267.344	173.3813	0.9486306
5886	-1087.528	-1260.951	173.4238	0.9024241
5892	-1088.706	-1261.842	173.1353	1.181342
5898	-1085.696	-1259.033	173.3371	0.9941566
5904	-1081.285	-1254.622	173.3371	0.9941566
5910	-1087.409	-1260.61	173.2007	1.123543
5916	-1093.263	-1266.65	173.3874	0.9421274
5922	-1093.959	-1267.186	173.2269	1.099762
5928	-1090.357	-1263.555	173.1978	1.126098
5934	-1100.19	-1273.144	172.9536	1.332304
5940	-1093.298	-1266.38	173.0821	1.226787
5946	-1093.931	-1267.179	173.2486	1.079707
5952	-1084.951	-1258.209	173.2574	1.071454
5958	-1082.735	-1256.158	173.4232	0.903079
5964	-1085.64	-1258.775	173.1346	1.181905
5970	-1092.069	-1265.185	173.116	1.197968
5976	-1093.178	-1266.294	173.116	1.197968
5982	-1085.69	-1258.959	173.269	1.060494
5988	-1082.204	-1255.473	173.269	1.060494
5994	-1090.933	-1264.202	173.269	1.060494
6000	-1099.458	-1272.629	173.1719	1.149243
6006	-1091.812	-1264.94	173.128	1.187626
6012	-1092.749	-1265.955	173.2054	1.119248
6018	-1092.07	-1265.49	173.4202	0.9064057
6024	-1089.235	-1262.732	173.497	0.8146096
6030	-1092.055	-1265.431	173.3756	0.9546264
6036	-1092.219	-1265.595	173.3756	0.9546264
6042	-1088.208	-1261.468	173.2596	1.069399
6048	-1096.898	-1270.277	173.3788	0.9512608
6054	-1101.909	-1275.295	173.3864	0.9432582
6060	-1100.322	-1273.828	173.5063	0.8024436
6066	-1090.049	-1263.526	173.4772	0.8396676
6072	-1094.246	-1267.411	173.1654	1.154972
6078	-1092.507	-1265.816	173.3096	1.02144
6084	-1101.858	-1274.988	173.1307	1.185288
6090	-1096.261	-1269.625	173.3633	0.96743
6096	-1098.576	-1271.915	173.3387	0.9925168
6102	-1093.687	-1267.24	173.5528	0.7359395
6108	-1101.329	-1274.613	173.2833	1.046869
6114	-1089.898	-1263.286	173.3882	0.941291
6120	-1089.839	-1263.142	173.3033	1.027621
6126	-1100.692	-1274.19	173.4984	0.8128739
6132	-1099.823	-1272.909	173.0863	1.223243
6138	-1093.54	-1267	173.4601	0.8604277
6144	-1092.29	-1265.615	173.3256	1.005674
6150	-1091.445	-1264.843	173.3981	0.9306216
6156	-1094.291	-1267.217	172.9262	1.354104
6162	-1084.76	-1257.98	173.2202	1.105886
6168	-1082.207	-1255.383	173.176	1.145574
6174	-1092.446	-1265.672	173.2252	1.101297
6180	-1107.774	-1280.994	173.2205	1.105617
6186	-1095.935	-1269.324	173.389	0.9403821
6192	-1102.814	-1276.227	173.4129	0.9145404
6198	-1098.945	-1272.424	173.4785	0.8380197
6204	-1096.102	-1269.457	173.3554	0.9755312
6210	-1097.029	-1270.43	173.4016	0.9268333
6216	-1098.788	-1272.145	173.3572	0.9737233
6222	-1089.232	-1262.327	173.0947	1.216109
6228	-1089.333	-1262.631	173.2981	1.032638
6234	-1093.383	-1266.607	173.2241	1.102252
6240	-1094.397	-1267.571	173.1736	1.147754
6246	-1106.749	-1279.963	173.2137	1.111809
6252	-1095.229	-1268.443	173.2137	1.111809
6258	-1094.297	-1267.434	173.1371	1.17971
6264	-1096.22	-1269.561	173.3413	0.9899798
6270	-1096.743	-1270.107	173.3641	0.9666497
6276	-1096.924	-1270.288	173.3641	0.9666497
6282	-1102.447	-1275.694	173.247	1.081147
6288	-1110.766	-1284.094	173.3275	1.003734
6294	-1111.829	-1285.194	173.3649	0.9657523
6300	-1109.044	-1282.561	173.5166	0.7886122
6306	-1106.827	-1280.059	173.2318	1.095196
6312	-1114.097	-1287.568	173.4716	0.8465386
6318	-1107.606	-1281.057	173.4512	0.8709825
6324	-1092.868	-1266.31	173.4414	0.8824112
6330	-1093.554	-1266.83	173.2757	1.054128
6336	-1092.85	-1266.005	173.1553	1.163825
6342	-1098.544	-1272.048	173.5039	0.8056075
6348	-1094.673	-1267.985	173.3114	1.019653
6354	-1089.926	-1263.095	173.1688	1.152009
6360	-1093.419	-1266.753	173.3346	0.9967014
6366	-1110.983	-1284.274	173.2914	1.039128
6372	-1114.414	-1287.733	173.3187	1.012541
6378	-1101.698	-1275.028	173.3292	1.00207
6384	-1090.196	-1263.56	173.3638	0.9668892
6390	-1089.634	-1262.845	173.2111	1.114137
6396	-1104.218	-1277.27	173.0517	1.252262
6402	-1084.925	-1258.174	173.2491	1.079205
6408	-1088.004	-1261.373	173.369	0.9615263
6414	-1086.689	-1260.136	173.4467	0.8762099
6420	-1086.977	-1260.368	173.3906	0.9387077
6426	-1089.706	-1263.075	173.3688	0.9616841
6432	-1095.599	-1268.835	173.2363	1.091041
6438	-1099.032	-1272.328	173.2956	1.035049
6444	-1102.309	-1275.598	173.2899	1.040537
6450	-1099.161	-1272.556	173.3948	0.9342486
6456	-1096.311	-1269.713	173.4023	0.9261602
6462	-1099.325	-1272.639	173.314	1.017145
6468	-1104.597	-1277.809	173.212	1.113328
6474	-1106.201	-1279.574	173.3733	0.9569873
6480	-1095.579	-1268.84	173.2613	1.067799
6486	-1104.391	-1277.833	173.4417	0.8820454
6492	-1093.246	-1266.622	173.376	0.9541871
6498	-1092.997	-1266.373	173.376	0.9541871
6504	-1105.104	-1278.48	173.376	0.9541871
6510	-1093.653	-1267.012	173.3593	0.9716122
6516	-1086.7	-1259.916	173.2163	1.109416
6522	-1088.12	-1261.336	173.2163	1.109416
6528	-1097.964	-1271.245	173.2807	1.049379
6534	-1110.591	-1283.919	173.3283	1.002943
6540	-1103.352	-1276.681	173.3283	1.002943
6546	-1099.075	-1272.404	173.3283	1.002943
6552	-1091.416	-1264.509	173.0929	1.217658
6558	-1087.344	-1260.408	173.064	1.241979
6564	-1088.795	-1262.096	173.3004	1.030457
6570	-1100.35	-1273.617	173.2668	1.062587
6576	-1103.834	-1277.286	173.4524	0.8696066
6582	-1089.708	-1263.074	173.366	0.9646422
6588	-1086.279	-1259.677	173.3986	0.9301093
6594	-1087.55	-1260.998	173.4486	0.874045
6600	-1091.918	-1265.467	173.5488	0.742152
6606	-1085.154	-1258.577	173.4227	0.9036181
6612	-1084.786	-1258.158	173.3728	0.957513
6618	-1087.769	-1260.92	173.1512	1.167448
6624	-1094.215	-1267.485	173.2705	1.059066
6630	-1093.649	-1266.726	173.0768	1.231302
6636	-1085.804	-1259.215	173.4116	0.9159246
6642	-1091.183	-1264.374	173.1908	1.132397
6648	-1088.242	-1261.389	173.147	1.171119
6654	-1088.58	-1261.727	173.147	1.171119
6660	-1088.813	-1262.256	173.4428	0.8807074
6666	-1089.872	-1263.253	173.3807	0.9492872
6672	-1099.076	-1272.376	173.2991	1.03169
6678	-1097.753	-1271.255	173.5021	0.8080187
6684	-1096.035	-1269.198	173.1627	1.157325
6690	-1091.858	-1265.269	173.4115	0.9160999
6696	-1100	-1273.431	173.4316	0.8935367
6702	-1103.233	-1276.624	173.3908	0.9385106
6708	-1105.859	-1279.276	173.4167	0.910309
6714	-1090.035	-1263.495	173.4596	0.8609992
6720	-1097.979	-1271.273	173.2935	1.037091
6726	-1098.59	-1271.898	173.3072	1.023791
6732	-1099.628	-1273.077	173.4488	0.8737829
6738	-1099.463	-1272.68	173.2166	1.109169
6744	-1092.689	-1265.906	173.2166	1.109169
6750	-1087.335	-1260.482	173.1473	1.170899
6756	-1087.614	-1260.954	173.3406	0.9906395
6762	-1095.14	-1268.388	173.2482	1.080003
6768	-1095.113	-1268.477	173.3647	0.9660185
6774	-1085.645	-1258.963	173.3178	1.013429
6780	-1084.064	-1257.429	173.3648	0.9658757
6786	-1085.773	-1259.241	173.4683	0.8505624
6792	-1101.083	-1274.409	173.3263	1.004954
6798	-1091.519	-1265.06	173.5413	0.7534813
6804	-1082.939	-1256.155	173.2164	1.109349
6810	-1082.497	-1255.854	173.3562	0.9747697
6816	-1085.909	-1259.051	173.142	1.175487
6822	-1077.993	-1251.2	173.2067	1.118137
6828	-1082.786	-1256.2	173.4143	0.9129116
6834	-1081.175	-1254.429	173.2542	1.074407
6840	-1085.7	-1259.07	173.37	0.9604391
6846	-1082.345	-1255.717	173.372	0.9584208
6852	-1082.092	-1255.534	173.4424	0.8811707
6858	-1086.261	-1259.703	173.4424	0.8811707
6864	-1087.1	-1260.616	173.516	0.7894633
6870	-1095.513	-1268.765	173.2513	1.077187
6876	-1091.054	-1264.31	173.2563	1.072459
6882	-1094.304	-1267.588	173.2834	1.046864
6888	-1085.465	-1258.786	173.321	1.010247
6894	-1090.855	-1264.262	173.4077	0.9201964
6900	-1099.081	-1272.521	173.4393	0.8847371
6906	-1085.4	-1258.723	173.3231	1.008119
6912	-1089.323	-1262.646	173.3231	1.008119
6918	-1100.774	-1274.117	173.3427	0.9884877
6924	-1094.471	-1267.671	173.1996	1.124515
6930	-1094.824	-1268.25	173.4257	0.9002742
6936	-1096.248	-1269.763	173.5144	0.7916408
6942	-1088.897	-1262.255	173.358	0.9728636
6948	-1102.06	-1275.501	173.4407	0.8832216
6954	-1093.043	-1266.325	173.282	1.048165
6960	-1090.274	-1263.592	173.3182	1.012978
6966	-1090.174	-1263.454	173.2802	1.049882
6972	-1088.816	-1262.048	173.232	1.095058
6978	-1099.195	-1272.529	173.3343	0.9969284
6984	-1100.105	-1273.443	173.3376	0.9936339
6990	-1095.092	-1268.577	173.4851	0.82978
6996	-1093.235	-1266.676	173.4411	0.8827633
7002	-1088.957	-1262.398	173.4411	0.8827633
7008	-1091.458	-1264.407	172.9491	1.335876
7014	-1093.596	-1266.811	173.2148	1.110737
7020	-1084.94	-1258.289	173.3486	0.9824975
7026	-1090.861	-1264.045	173.1843	1.13826
7032	-1100.613	-1273.913	173.3003	1.030519
7038	-1109.233	-1282.674	173.4407	0.883124
7044	-1109.322	-1282.658	173.3356	0.9956408
7050	-1097.385	-1270.663	173.2776	1.052335
7056	-1096.432	-1269.71	173.2776	1.052335
7062	-1099.956	-1273.368	173.4114	0.9161206
7068	-1096.009	-1269.236	173.2267	1.09991
7074	-1090.212	-1263.362	173.1502	1.168319
7080	-1092.973	-1266.118	173.1444	1.173365
7086	-1100.964	-1274.196	173.2316	1.09541
7092	-1103.956	-1277.291	173.335	0.9962527
7098	-1094.765	-1268.155	173.3898	0.9395581
7104	-1092.652	-1265.875	173.223	1.103273
7110	-1087.955	-1261.007	173.0514	1.252536
7116	-1082.377	-1255.618	173.2415	1.086261
7122	-1079.145	-1252.44	173.2959	1.034832
7128	-1086.712	-1259.867	173.1541	1.164884
7134	-1091.719	-1265.158	173.4389	0.8852362
7140	-1096.604	-1269.861	173.2563	1.072444
7146	-1104.997	-1278.118	173.1208	1.193854
7152	-1088.318	-1261.492	173.1744	1.147052
7158	-1104.035	-1277.378	173.3428	0.9883685
7164	-1093.694	-1267.132	173.4379	0.8864512
7170	-1094.648	-1268.046	173.3976	0.9312305
7176	-1097.479	-1270.69	173.2109	1.114299
7182	-1096.042	-1269.215	173.173	1.148282
7188	-1093.307	-1266.589	173.2827	1.047463
7194	-1091.395	-1264.797	173.4025	0.9259306
7200	-1094.269	-1267.334	173.0651	1.241101
7206	-1090.239	-1263.666	173.4268	0.8990181
7212	-1101.771	-1275	173.2283	1.098402
7218	-1099.529	-1272.904	173.3757	0.9545389
7224	-1096.152	-1269.228	173.0758	1.232089
7230	-1093.48	-1266.731	173.2508	1.077645
7236	-1095.798	-1268.868	173.0696	1.237271
7242	-1098.275	-1271.401	173.1257	1.189625
7248	-1094.915	-1268.041	173.1257	1.189625
7254	-1096.033	-1269.051	173.018	1.280139
7260	-1092.003	-1265.474	173.4711	0.8471005
7266	-1081.878	-1255.24	173.3625	0.9682962
7272	-1086.041	-1259.399	173.3583	0.972596
7278	-1098.762	-1271.952	173.19	1.133113
7284	-1095.493	-1268.707	173.2143	1.11125
7290	-1083.578	-1256.672	173.0944	1.216363
7296	-1082.208	-1255.216	173.0077	1.288548
7302	-1092.731	-1266.167	173.4359	0.8886544
7308	-1095.722	-1269.096	173.3738	0.9564705
7314	-1096.886	-1270.26	173.3738	0.9564705
7320	-1090.353	-1263.601	173.2478	1.080369
7326	-1091.422	-1264.724	173.3024	1.028531
7332	-1091.18	-1264.442	173.2622	1.066942
7338	-1084.243	-1257.505	173.2622	1.066942
7344	-1080.559	-1253.804	173.2448	1.083156
7350	-1079.276	-1252.507	173.2309	1.096027
7356	-1082.337	-1255.741	173.4044	0.9238641
7362	-1096.677	-1269.944	173.2663	1.063091
7368	-1092.21	-1265.516	173.306	1.024997
7374	-1091.637	-1264.826	173.1888	1.134232
7380	-1087.502	-1260.872	173.3702	0.9602714
7386	-1092.789	-1266.248	173.4585	0.8623588
7392	-1088.068	-1261.121	173.0526	1.251481
7398	-1085.044	-1258.366	173.3225	1.008727
7404	-1094.228	-1267.619	173.391	0.9382913
7410	-1094.254	-1267.385	173.1313	1.184803
7416	-1096.439	-1269.741	173.3012	1.029628
7422	-1095.199	-1268.286	173.0873	1.222429
7428	-1099.056	-1272.261	173.2051	1.119569
7434	-1093.235	-1266.669	173.4338	0.8910621
7440	-1098.288	-1271.351	173.0637	1.242216
7446	-1102.119	-1275.521	173.4015	0.927025
7452	-1100.025	-1273.101	173.0768	1.231253
7458	-1093	-1266.186	173.1854	1.137207
7464	-1082.539	-1255.835	173.2963	1.034437
7470	-1090.965	-1264.235	173.27	1.059607
7476	-1090.501	-1263.771	173.27	1.059607
7482	-1091.129	-1264.31	173.181	1.141208
7488	-1094.865	-1268.045	173.181	1.141208
7494	-1100.689	-1274.098	173.4093	0.9184721
7500	-1102.712	-1276.104	173.3923	0.9368691
7506	-1092.223	-1265.689	173.4658	0.8536249
7512	-1089.129	-1262.611	173.4826	0.8329511
7518	-1086.575	-1259.866	173.2907	1.039772
7524	-1101.233	-1274.587	173.3536	0.9773834
7530	-1091.34	-1264.542	173.2018	1.122542
7536	-1091.511	-1264.913	173.4017	0.9267595
7542	-1098.575	-1271.722	173.1476	1.170623
7548	-1083.711	-1257.153	173.4416	0.8821442
7554	-1085.236	-1258.678	173.4416	0.8821442
7560	-1081.838	-1255.286	173.448	0.8747096
7566	-1091.867	-1264.995	173.128	1.187588
7572	-1095.155	-1268.493	173.3383	0.99296
7578	-1100.129	-1273.257	173.1278	1.187825
7584	-1093.312	-1266.486	173.1731	1.148149
7590	-1099.499	-1272.755	173.2559	1.072842
7596	-1086.927	-1260.167	173.2402	1.087431
7602	-1095.295	-1268.621	173.3255	1.005717
7608	-1083.423	-1256.502	173.0794	1.229064
7614	-1087.235	-1260.314	173.0794	1.229064
7620	-1096.855	-1269.934	173.0794	1.229064
7626	-1082.026	-1255.265	173.2388	1.088737
7632	-1082.989	-1256.189	173.2	1.124195
7638	-1085.187	-1258.418	173.2314	1.095592
7644	-1089.448	-1262.436	172.9871	1.305304
7650	-1088.493	-1261.663	173.1706	1.150383
7656	-1089.841	-1263.18	173.3387	0.9925672
7662	-1088.564	-1261.903	173.3387	0.9925672
7668	-1092.897	-1266.326	173.4293	0.8962023
7674	-1090.168	-1263.464	173.2968	1.033909
7680	-1094.145	-1267.489	173.3446	0.9865634
7686	-1093.536	-1266.619	173.0835	1.22558
7692	-1092.194	-1265.551	173.3564	0.9745783
7698	-1096.495	-1269.605	173.1101	1.203015
7704	-1096.894	-1270.065	173.1717	1.149401
7710	-1091.474	-1264.683	173.2092	1.115814
7716	-1090.283	-1263.734	173.4508	0.8714496
7722	-1096.872	-1270.21	173.3388	0.9924962
7728	-1095.188	-1268.511	173.3231	1.008156
7734	-1091.862	-1265.327	173.4646	0.8550852
7740	-1084.566	-1257.747	173.1813	1.140896
7746	-1096.107	-1269.382	173.2747	1.055111
7752	-1095.112	-1268.476	173.3635	0.967268
7758	-1099.028	-1272.333	173.3047	1.026226
7764	-1101.061	-1274.531	173.4697	0.8488028
7770	-1108.021	-1281.262	173.241	1.086688
7776	-1108.413	-1281.633	173.2202	1.105834
7782	-1096.311	-1269.532	173.2202	1.105834
7788	-1083.422	-1256.642	173.2202	1.105834
7794	-1088.279	-1261.425	173.1453	1.172568
7800	-1095.594	-1268.962	173.3683	0.9622507
7806	-1106.567	-1279.818	173.2508	1.077623
7812	-1097.074	-1270.325	173.2508	1.077623
7818	-1090.929	-1264.157	173.2282	1.098501
7824	-1092.616	-1265.995	173.3796	0.9504286
7830	-1097.508	-1270.584	173.0762	1.231762
7836	-1088.95	-1262.154	173.2043	1.120285
7842	-1095.054	-1268.518	173.4634	0.8564693
7848	-1095.049	-1268.476	173.4266	0.8992552
7854	-1093.748	-1266.836	173.0877	1.222102
7860	-1084.167	-1257.532	173.3643	0.9664105
7866	-1090.533	-1263.893	173.3599	0.9709139
7872	-1098.974	-1272.378	173.4043	0.9239386
7878	-1085.93	-1259.271	173.3417	0.9895575
7884	-1080.822	-1253.854	173.0319	1.268719
7890	-1080.124	-1253.449	173.3249	1.006319
7896	-1081.239	-1254.529	173.2899	1.040591
7902	-1084.697	-1257.912	173.2149	1.110636
7908	-1096.357	-1269.754	173.397	0.9318857
7914	-1089.608	-1263.06	173.4523	0.8696934
7920	-1091.254	-1264.709	173.4551	0.8664135
7926	-1090.858	-1264.004	173.1461	1.171882
7932	-1101.487	-1274.634	173.1461	1.171882
7938	-1093.684	-1267.012	173.3283	1.002929
7944	-1085.651	-1258.843	173.1924	1.130967
7950	-1089.116	-1262.572	173.456	0.8653026
7956	-1089.136	-1262.173	173.0364	1.264934
7962	-1085.633	-1258.918	173.2849	1.045346
7968	-1084.447	-1257.666	173.2184	1.107456
7974	-1087.47	-1260.801	173.331	1.000237
7980	-1084.877	-1258.254	173.3771	0.9530024
7986	-1094.289	-1267.275	172.9862	1.306047
7992	-1095.237	-1268.518	173.2812	1.048969
7998	-1100.38	-1273.662	173.2812	1.048969
8004	-1094.36	-1267.523	173.1634	1.156728
8010	-1098.888	-1272.122	173.2341	1.09314
8016	-1100.922	-1274.156	173.2341	1.09314
8022	-1105.842	-1279.154	173.3124	1.018735
8028	-1099.687	-1272.932	173.2455	1.08255
8034	-1106.038	-1279.174	173.136	1.180669
8040	-1102.762	-1276.038	173.2757	1.054133
8046	-1098.794	-1272.179	173.3858	0.9437935
8052	-1089.176	-1262.359	173.1834	1.139066
8058	-1092.982	-1266.352	173.37	0.9604555
8064	-1086.501	-1259.612	173.111	1.202272
8070	-1089.407	-1262.85	173.443	0.8804802
8076	-1095.646	-1269.126	173.4797	0.8365726
8082	-1091.375	-1264.716	173.3409	0.990297
8088	-1098.326	-1271.51	173.1843	1.138236
8094	-1088.062	-1261.351	173.2887	1.041703
8100	-1090.152	-1263.537	173.3858	0.9438685
8106	-1092.933	-1266.002	173.0689	1.237864
8112	-1089.604	-1262.897	173.2924	1.038188
8118	-1090.063	-1263.486	173.4234	0.9028328
8124	-1093.81	-1267.084	173.2744	1.055374
8130	-1088.841	-1262.197	173.3562	0.9747312
8136	-1094.075	-1267.305	173.2299	1.096941
8142	-1093.145	-1266.104	172.9589	1.328077
8148	-1085.224	-1258.183	172.9589	1.328077
8154	-1087.184	-1260.525	173.3412	0.9900643
8160	-1083.293	-1256.708	173.4148	0.9123575
8166	-1086.983	-1260.301	173.3177	1.01345
8172	-1089.389	-1262.732	173.3429	0.9883375
8178	-1080.98	-1254.183	173.2033	1.121194
8184	-1085.388	-1258.665	173.2765	1.053362
8190	-1092.649	-1265.915	173.2662	1.063186
8196	-1084.388	-1257.6	173.2122	1.113107
8202	-1091.432	-1264.618	173.1852	1.13745
8208	-1087.415	-1260.687	173.2725	1.057248
8214	-1098.757	-1271.807	173.0496	1.254025
8220	-1084.629	-1257.74	173.1115	1.201766
8226	-1089.081	-1262.193	173.1115	1.201766
8232	-1084.646	-1258.104	173.4584	0.8624949
8238	-1090.725	-1263.914	173.1892	1.133814
8244	-1093.179	-1266.449	173.2699	1.059665
8250	-1106.489	-1279.992	173.5024	0.8076114
8256	-1105.207	-1278.613	173.4061	0.9220009
8262	-1097.074	-1270.541	173.4667	0.8525501
8268	-1097.013	-1270.229	173.2161	1.109548
8274	-1094.975	-1268.234	173.2588	1.070177
8280	-1090.648	-1263.841	173.1923	1.131069
8286	-1092.503	-1265.667	173.1641	1.156158
8292	-1095.575	-1268.694	173.1189	1.195462
8298	-1094.192	-1267.37	173.1776	1.144217
8304	-1090.622	-1263.8	173.1776	1.144217
8310	-1091.246	-1264.484	173.2378	1.089641
8316	-1087.882	-1261.209	173.3263	1.004961
8322	-1089.147	-1262.439	173.2923	1.03829
8328	-1091.074	-1264.31	173.2362	1.091177
8334	-1086.22	-1259.594	173.3739	0.9563904
8340	-1081.646	-1254.987	173.3406	0.9906582
8346	-1081.424	-1254.72	173.2952	1.035432
8352	-1083.211	-1256.312	173.1007	1.211041
8358	-1085.087	-1258.588	173.5012	0.8091375
8364	-1083.576	-1256.861	173.2847	1.045573
8370	-1082.182	-1255.686	173.5041	0.8053158
8376	-1083.224	-1256.654	173.43	0.8953644
8382	-1086.87	-1260.224	173.3536	0.9774476
8388	-1083.607	-1256.904	173.2969	1.033798
8394	-1086.785	-1260.027	173.242	1.085788
8400	-1113.419	-1286.968	173.5489	0.7418922
8406	-1099.941	-1273.287	173.3459	0.9852989
8412	-1100.993	-1274.434	173.4404	0.8835409
8418	-1091.14	-1264.453	173.3131	1.018015
8424	-1090.486	-1263.746	173.2604	1.068643
8430	-1089.856	-1263.188	173.3314	0.9998536
8436	-1100.683	-1274.079	173.3955	0.9334665
8442	-1109.211	-1282.454	173.2432	1.084663
8448	-1106.057	-1279.459	173.4022	0.9262345
8454	-1101.684	-1275.075	173.3912	0.9380434
8460	-1104.359	-1277.621	173.262	1.067137
8466	-1088.335	-1261.682	173.3473	0.9838759
8472	-1096.507	-1269.843	173.3352	0.9961221
8478	-1098.558	-1271.539	172.9811	1.310164
8484	-1095.153	-1268.356	173.2026	1.121834
8490	-1089.874	-1263.264	173.3895	0.939864
8496	-1089.069	-1262.492	173.423	0.9032366
8502	-1085.848	-1259.142	173.2937	1.036883
8508	-1091.647	-1265.045	173.3977	0.9310758
8514	-1087.51	-1260.908	173.3977	0.9310758
8520	-1096.393	-1269.867	173.4737	0.8439383
8526	-1082.94	-1256.106	173.1661	1.154331
8532	-1089.991	-1263.501	173.5096	0.7979898
8538	-1085.518	-1258.907	173.3894	0.9400213
8544	-1084.647	-1257.996	173.3485	0.9826549
8550	-1099.442	-1272.763	173.3211	1.010113
8556	-1089.228	-1262.568	173.3404	0.9908727
8562	-1093.937	-1267.148	173.2105	1.114699
8568	-1091.397	-1264.711	173.3138	1.017382
8574	-1089.369	-1262.579	173.2109	1.114335
8580	-1094.498	-1267.809	173.3106	1.020488
8586	-1093.512	-1266.435	172.9225	1.357012
8592	-1091.447	-1264.637	173.1894	1.133637
8598	-1090.029	-1263.339	173.3101	1.020924
8604	-1084.461	-1257.771	173.3101	1.020924
8610	-1093.835	-1267.2	173.365	0.9657037
8616	-1107.919	-1281.325	173.406	0.9220692
8622	-1095.224	-1268.492	173.2673	1.062174
8628	-1110.746	-1284.116	173.3699	0.9605834
8634	-1097.793	-1270.97	173.177	1.144742
8640	-1095.574	-1269	173.426	0.8998659
8646	-1103.932	-1277.342	173.4095	0.9182148
8652	-1097.638	-1270.944	173.3061	1.024917
8658	-1097.424	-1270.805	173.3809	0.9490799
8664	-1091.492	-1264.731	173.2392	1.088402
8670	-1094.092	-1266.969	172.8763	1.393311
8676	-1085.348	-1258.643	173.2956	1.035125
8682	-1095.875	-1269.299	173.4232	0.9030244
8688	-1090.113	-1263.393	173.2804	1.049678
8694	-1084.357	-1257.669	173.312	1.019136
8700	-1088.28	-1261.591	173.3104	1.020658
8706	-1095.552	-1268.937	173.3848	0.944877
8712	-1104.005	-1277.389	173.3848	0.944877
8718	-1095.644	-1268.995	173.3504	0.9806494
8724	-1094.141	-1267.529	173.3887	0.9407898
8730	-1105.91	-1279.036	173.1265	1.188949
8736	-1113.109	-1286.463	173.3548	0.9761879
8742	-1102.754	-1276.114	173.3603	0.9705621
8748	-1091.377	-1264.783	173.4052	0.9229361
8754	-1092.443	-1265.783	173.3407	0.9905557
8760	-1101.27	-1274.569	173.2994	1.031361
8766	-1095.26	-1268.395	173.1349	1.181652
8772	-1098.805	-1272.123	173.3184	1.012814
8778	-1094.096	-1267.559	173.4623	0.8577466
8784	-1092.615	-1266.077	173.4623	0.8577466
8790	-1090.398	-1263.602	173.2042	1.120395
8796	-1086.907	-1260.404	173.4976	0.8138181
8802	-1082.912	-1256.315	173.4026	0.9258337
8808	-1088.706	-1261.899	173.1926	1.13083
8814	-1080.128	-1253.236	173.1077	1.205026
8820	-1090.741	-1264.187	173.4462	0.8768424
8826	-1093.904	-1267.245	173.3407	0.9904997
8832	-1082.461	-1255.702	173.2411	1.086613
8838	-1084.774	-1258.057	173.2823	1.047885
8844	-1088.967	-1262.253	173.2857	1.044615
8850	-1089.784	-1263.081	173.2971	1.033612
8856	-1091.168	-1264.258	173.0897	1.220332
8862	-1084.31	-1257.752	173.442	0.8817337
8868	-1088.244	-1261.621	173.3772	0.9529075
8874	-1091.42	-1264.73	173.3099	1.021192
8880	-1085.783	-1259.092	173.3099	1.021192
8886	-1093.13	-1266.259	173.1297	1.186109
8892	-1085.393	-1258.443	173.0502	1.253553
8898	-1088.117	-1261.317	173.1996	1.124483
8904	-1080.905	-1254.308	173.4029	0.925511
8910	-1090.359	-1263.71	173.3511	0.9799622
8916	-1083.249	-1256.567	173.3176	1.01355
8922	-1087.684	-1260.81	173.1259	1.189441
8928	-1095.126	-1268.395	173.2695	1.06005
8934	-1097.504	-1270.884	173.3806	0.9493571
8940	-1088.535	-1261.96	173.4242	0.9018812
8946	-1078.991	-1252.267	173.276	1.053916
8952	-1093.853	-1267.232	173.3791	0.9509544
8958	-1095.224	-1268.581	173.3576	0.9732806
8964	-1092.234	-1265.561	173.3274	1.003857
8970	-1097.025	-1270.067	173.0411	1.261095
8976	-1092.331	-1265.549	173.2183	1.107561
8982	-1089.174	-1262.32	173.1464	1.171678
8988	-1085.856	-1259.248	173.3927	0.9364336
8994	-1092.286	-1265.66	173.3739	0.9564001
9000	-1087.828	-1261.153	173.3249	1.00636
9006	-1092.956	-1266.079	173.1227	1.192164
9012	-1097.024	-1270.382	173.3581	0.972854
9018	-1090.707	-1264.012	173.3044	1.02652
9024	-1092.613	-1265.974	173.361	0.9698588
9030	-1088.522	-1261.846	173.3245	1.006801
9036	-1082.5	-1255.792	173.2919	1.038702
9042	-1079.767	-1253.144	173.377	0.9531562
9048	-1084.015	-1257.284	173.2695	1.060075
9054	-1094.588	-1267.838	173.2501	1.078306
9060	-1087.983	-1261.353	173.37	0.9605084
9066	-1085.428	-1258.789	173.3608	0.9700224
9072	-1097.947	-1271.376	173.4288	0.8967143
9078	-1091.014	-1264.478	173.4636	0.856246
9084	-1077.9	-1251.226	173.3256	1.00563
9090	-1086.747	-1260.072	173.3256	1.00563
9096	-1084.289	-1257.615	173.3256	1.00563
9102	-1085.995	-1259.316	173.3209	1.010331
9108	-1084.34	-1257.642	173.3015	1.029315
9114	-1096.117	-1269.401	173.2836	1.046651
9120	-1082.642	-1255.975	173.3331	0.9982218
9126	-1085.1	-1258.356	173.2555	1.073243
9132	-1086.456	-1259.731	173.2745	1.055307
9138	-1089.659	-1262.882	173.2224	1.103812
9144	-1084.07	-1257.471	173.4009	0.927671
9150	-1082.814	-1256.254	173.4392	0.8849565
9156	-1086.785	-1260.058	173.2733	1.056442
9162	-1086.132	-1259.42	173.2876	1.042831
9168	-1090.011	-1263.35	173.3393	0.9919434
9174	-1079.896	-1253.188	173.2913	1.039204
9180	-1083.131	-1256.452	173.3208	1.010384
9186	-1091.278	-1264.693	173.415	0.9121551
9192	-1088.822	-1262.237	173.415	0.9121551
9198	-1088.225	-1261.496	173.2715	1.058149
9204	-1084.748	-1257.975	173.2276	1.099116
9210	-1083.966	-1257.41	173.444	0.8793851
9216	-1094.992	-1268.51	173.5187	0.7857416
9222	-1091.132	-1264.507	173.3751	0.9551233
9228	-1087.698	-1261.003	173.3054	1.025583
9234	-1092.521	-1265.655	173.1338	1.182608
9240	-1091.734	-1265.038	173.3034	1.027543
9246	-1103.965	-1277.108	173.143	1.174631
9252	-1099.424	-1272.615	173.1916	1.13167
9258	-1101.666	-1275.117	173.4502	0.8720808
9264	-1088.156	-1261.551	173.3955	0.9334139
9270	-1091.477	-1264.63	173.1525	1.166301
9276	-1093.236	-1266.431	173.1951	1.128564
9282	-1092.099	-1265.541	173.4418	0.8819331
9288	-1091.347	-1264.436	173.0887	1.22121
9294	-1099.949	-1273.363	173.414	0.9133433
9300	-1113.487	-1286.815	173.3274	1.003867
9306	-1097.817	-1270.947	173.1299	1.185961
9312	-1087.207	-1260.522	173.3148	1.016383
9318	-1090.388	-1263.755	173.3663	0.9643341
9324	-1087.003	-1260.056	173.053	1.251201
9330	-1085.039	-1258.531	173.4927	0.8202177
9336	-1088.014	-1261.409	173.395	0.9340153
9342	-1099.901	-1273.049	173.1479	1.170312
9348	-1085.296	-1258.602	173.3052	1.02575
9354	-1091.816	-1265.175	173.3583	0.972556
9360	-1093.672	-1267.031	173.3583	0.972556
9366	-1091.658	-1265.013	173.3544	0.9765751
9372	-1082.615	-1255.893	173.2785	1.051547
9378	-1097.175	-1270.311	173.1368	1.179979
9384	-1096.275	-1269.625	173.3497	0.9814346
9390	-1087.863	-1261.212	173.3497	0.9814346
9396	-1097.625	-1270.636	173.0116	1.285386
9402	-1099.621	-1272.934	173.3128	1.018313
9408	-1088.896	-1262.268	173.3716	0.958759
9414	-1094.69	-1267.963	173.2732	1.056506
9420	-1090.397	-1263.716	173.3193	1.011876
9426	-1093.16	-1266.61	173.45	0.8723895
9432	-1092.833	-1266.156	173.3221	1.009142
9438	-1098.469	-1271.676	173.2073	1.117594
9444	-1092.803	-1266.352	173.5489	0.7419126
9450	-1093.033	-1266.363	173.3294	1.001907
9456	-1096.966	-1270.392	173.426	0.8998729
9462	-1091.397	-1264.766	173.3687	0.9618812
9468	-1092.097	-1265.462	173.3643	0.9663992
9474	-1081.861	-1255.121	173.2597	1.069301
9480	-1075.477	-1248.594	173.1168	1.197276
9486	-1087.699	-1261.026	173.327	1.004271
9492	-1086.726	-1260.053	173.327	1.004271
9498	-1082.599	-1255.978	173.3792	0.9508282
9504	-1082.655	-1255.902	173.2472	1.080995
9510	-1091.935	-1265.183	173.2472	1.080995
9516	-1087.297	-1260.499	173.2017	1.122597
9522	-1088.806	-1262.014	173.2079	1.116983
9528	-1095.87	-1269.147	173.2775	1.052474
9534	-1095.452	-1268.811	173.3584	0.9725109
9540	-1095.814	-1269.154	173.3395	0.9917924
9546	-1091.933	-1265.33	173.397	0.9318523
9552	-1092.808	-1266.123	173.3155	1.015652
9558	-1095.849	-1268.898	173.0484	1.255024
9564	-1100.189	-1273.479	173.2908	1.039714
9570	-1098.256	-1271.469	173.2123	1.113071
9576	-1105.804	-1279.298	173.4937	0.8188865
9582	-1108.586	-1282.129	173.5429	0.7510766
9588	-1093.803	-1267.032	173.2295	1.097346
9594	-1102.311	-1275.511	173.1996	1.124491
9600	-1086.569	-1260.053	173.4843	0.8307681
9606	-1092.34	-1265.619	173.2792	1.050856
9612	-1098.595	-1271.981	173.3866	0.9430137
9618	-1106.443	-1279.491	173.0479	1.255403
9624	-1109.034	-1282.435	173.4015	0.9269766
9630	-1104.548	-1277.986	173.4377	0.8866748
9636	-1096.808	-1270.039	173.2315	1.095464
9642	-1093.706	-1266.904	173.1985	1.125553
9648	-1094.719	-1267.868	173.149	1.169397
9654	-1099.716	-1272.874	173.1579	1.161575
9660	-1095.521	-1268.993	173.4718	0.8462845
9666	-1091.368	-1264.58	173.2113	1.11394
9672	-1092.998	-1266.268	173.27	1.059585
9678	-1092.037	-1265.399	173.3619	0.9689095
9684	-1091.761	-1265.059	173.2983	1.032458
9690	-1080.361	-1253.449	173.0875	1.222204
9696	-1093.538	-1266.929	173.3914	0.9378697
9702	-1090.79	-1264.009	173.219	1.106966
9708	-1090.663	-1264.063	173.3998	0.9288388
9714	-1087.907	-1261.18	173.2726	1.057098
9720	-1088.428	-1261.7	173.2726	1.057098
9726	-1083.338	-1256.725	173.387	0.9425614
9732	-1087.577	-1260.762	173.1847	1.137885
9738	-1095.019	-1268.42	173.4014	0.927075
9744	-1099.609	-1272.836	173.2262	1.100321
9750	-1091.019	-1264.266	173.2469	1.081209
9756	-1100.011	-1272.994	172.9826	1.308917
9762	-1093.397	-1266.6	173.2026	1.12181
9768	-1083.425	-1256.638	173.213	1.112389
9774	-1094.958	-1268.387	173.4293	0.8962285
9780	-1099.402	-1272.759	173.3568	0.974096
9786	-1102.401	-1275.757	173.3568	0.974096
9792	-1088.89	-1262.247	173.3568	0.974096
9798	-1089.503	-1262.97	173.4666	0.8525712
9804	-1097.658	-1271.12	173.4624	0.8576771
9810	-1099.354	-1272.61	173.2563	1.072446
9816	-1090.512	-1263.956	173.4441	0.8792546
9822	-1085.469	-1258.504	173.0344	1.2666
9828	-1081.122	-1254.471	173.3491	0.9820428
9834	-1079.109	-1252.568	173.4593	0.8614129
9840	-1087.664	-1261.119	173.4552	0.866224
9846	-1093.073	-1266.069	172.9967	1.297485
9852	-1086.323	-1259.561	173.239	1.088602
9858	-1092.853	-1266.151	173.2981	1.032689
9864	-1092.418	-1265.644	173.2266	1.099978
9870	-1097.104	-1270.465	173.3611	0.969675
9876	-1093.706	-1267.166	173.4598	0.8607887
9882	-1099.346	-1272.629	173.2834	1.04682
9888	-1096.735	-1270.043	173.3083	1.02269
9894	-1094.588	-1267.897	173.3083	1.02269
9900	-1087.523	-1260.884	173.361	0.9697726
