Iteration	Posterior	Likelihood	Prior	acrv_sd	tree_length
0	-3056.132	-3223.494	167.3626	0.2145481	4.644937
6	-3059.326	-3226.732	167.4055	0.04385696	4.71649
12	-3063.002	-3229.961	166.9591	0.277499	4.8353
18	-3045.027	-3211.589	166.5617	0.277499	5.056376
24	-3056.231	-3222.715	166.4846	0.2888238	5.092858
30	-3049.338	-3215.707	166.3682	0.4051962	5.092858
36	-3046.529	-3212.92	166.391	0.2927694	5.142508
42	-3053.28	-3219.88	166.6003	0.2397503	5.055874
48	-3053.076	-3219.966	166.8895	0.2279679	4.901714
54	-3057.993	-3224.665	166.6726	0.2485792	5.010842
60	-3052.409	-3219.154	166.7451	0.253235	4.967984
66	-3059.18	-3225.935	166.7556	0.2427283	4.967984
72	-3063.228	-3230.041	166.8127	0.2480504	4.93327
78	-3053.838	-3220.923	167.0851	0.302161	4.751195
84	-3046.253	-3213.884	167.6315	0.06761127	4.576583
90	-3051.061	-3217.721	166.6599	0.09397346	5.103687
96	-3049.385	-3216.473	167.0881	0.3221875	4.73833
102	-3060.608	-3227.815	167.2069	0.1058643	4.792804
108	-3064.519	-3231.286	166.7673	0.2093605	4.980041
114	-3061.361	-3228.437	167.0762	0.2093605	4.807982
120	-3056.895	-3223.763	166.8682	0.3599577	4.840039
126	-3056.589	-3222.992	166.4033	0.3599577	5.098482
132	-3051.304	-3218.196	166.8922	0.06306927	4.99193
138	-3053.038	-3220.819	167.7805	0.1095671	4.469193
144	-3053.89	-3220.977	167.0872	0.0633276	4.883273
150	-3048.877	-3216.384	167.5069	0.1048082	4.625599
156	-3045.474	-3212.43	166.9557	0.2820291	4.834696
162	-3044.883	-3212.05	167.1676	0.07012674	4.834696
168	-3054.993	-3222.089	167.0968	0.117834	4.847583
174	-3065.052	-3232.433	167.3816	0.1381469	4.677082
180	-3050.24	-3217.023	166.7836	0.2193318	4.965407
186	-3047.796	-3214.938	167.1422	0.2356825	4.756462
192	-3053.823	-3220.79	166.9673	0.09957212	4.929868
198	-3050.302	-3217.606	167.3039	0.3222644	4.61749
204	-3055.748	-3222.617	166.868	0.1957431	4.931576
210	-3055.987	-3222.821	166.8332	0.1024882	5.002817
216	-3052.727	-3219.658	166.9311	0.2543695	4.863842
222	-3051.358	-3218.351	166.9936	0.0923526	4.919254
228	-3049.538	-3216.073	166.534	0.3495712	5.031717
234	-3057.056	-3224.217	167.1605	0.126118	4.807437
240	-3066.544	-3234.066	167.5226	0.2771046	4.520023
246	-3064.208	-3231.353	167.145	0.06296372	4.851296
252	-3055.893	-3222.971	167.0776	0.1303403	4.851296
258	-3050.444	-3217.799	167.3547	0.08220603	4.723465
264	-3062.228	-3228.706	166.478	0.4477358	5.008342
270	-3051.708	-3218.264	166.5554	0.301422	5.046562
276	-3055.757	-3223.174	167.4166	0.06130604	4.700533
282	-3056.882	-3224.052	167.1695	0.008100655	4.868178
288	-3053.355	-3220.066	166.7113	0.3299523	4.944111
294	-3052.092	-3219.471	167.3789	0.3483525	4.560787
300	-3048.765	-3215.368	166.6023	0.349251	4.994009
306	-3054.598	-3221.353	166.7555	0.221658	4.979771
312	-3057.64	-3223.449	165.8089	0.3393672	5.438245
318	-3053.558	-3220.522	166.9643	0.2992913	4.820276
324	-3063.586	-3231.055	167.4686	0.3821748	4.49134
330	-3054.853	-3220.865	166.0117	0.2702945	5.364556
336	-3050.545	-3217.873	167.3286	0.05498588	4.753249
342	-3072.68	-3239.168	166.4875	0.2514456	5.111956
348	-3076.285	-3243.595	167.3094	0.07149178	4.754771
354	-3057.703	-3224.483	166.7802	0.3156567	4.913731
360	-3050.015	-3216.827	166.8113	0.2456231	4.935395
366	-3049.859	-3216.735	166.8758	0.2456231	4.899488
372	-3052.776	-3219.642	166.8665	0.254955	4.899488
378	-3056.337	-3222.567	166.2295	0.3106148	5.222001
384	-3052.649	-3219.341	166.6916	0.08571661	5.09068
390	-3055.679	-3222.469	166.7895	0.08571661	5.036352
396	-3056.36	-3223.366	167.0066	0.1020889	4.906576
402	-3048.146	-3214.608	166.4616	0.238684	5.133404
408	-3057.268	-3223.908	166.6396	0.1153669	5.103105
414	-3057.869	-3224.294	166.4251	0.467125	5.02691
420	-3060.355	-3226.955	166.5998	0.4128286	4.960046
426	-3052.151	-3218.631	166.4798	0.08241888	5.209826
432	-3050.099	-3217.006	166.9078	0.2153977	4.898492
438	-3049.817	-3216.589	166.7715	0.3517317	4.898492
444	-3052.14	-3218.801	166.6607	0.2425618	5.020791
450	-3068.29	-3235.212	166.9218	0.1886472	4.905612
456	-3051.501	-3217.832	166.331	0.2335993	5.208508
462	-3040.41	-3206.918	166.5081	0.05641627	5.208508
468	-3050.406	-3216.965	166.5599	0.2429072	5.076554
474	-3057.837	-3224.517	166.6799	0.1229129	5.076554
480	-3055.288	-3221.812	166.5244	0.3580752	5.032321
486	-3056.715	-3223.43	166.7141	0.1683992	5.032321
492	-3061.479	-3228.013	166.5342	0.3483257	5.032321
498	-3048.374	-3215.176	166.8026	0.1251568	5.00721
504	-3052.868	-3219.75	166.8813	0.3688199	4.827774
510	-3045.248	-3212.022	166.7737	0.1913748	4.98648
516	-3052.754	-3219.48	166.7252	0.1913748	5.013425
522	-3054.575	-3221.613	167.0376	0.2137665	4.827062
528	-3060.639	-3227.548	166.9098	0.3415706	4.827062
534	-3053.434	-3220.362	166.928	0.3234136	4.827062
540	-3058.357	-3224.745	166.3879	0.3624385	5.105624
546	-3056.409	-3223.733	167.3245	0.1882083	4.681025
552	-3057.562	-3224.996	167.4336	0.3148966	4.548847
558	-3049.586	-3217.183	167.5964	0.3605789	4.43151
564	-3049.698	-3216.774	167.0757	0.01206935	4.918206
570	-3042.951	-3210.027	167.0756	0.01219643	4.918206
576	-3050.363	-3217.606	167.2427	0.04301128	4.807925
582	-3053.057	-3219.852	166.7941	0.1426182	5.002236
588	-3043.356	-3210.15	166.7941	0.1426182	5.002236
594	-3042.837	-3210.019	167.182	0.02248818	4.853215
600	-3035.519	-3202.155	166.6362	0.3037641	5.000424
606	-3054.127	-3220.926	166.7987	0.3037641	4.910045
612	-3052.963	-3219.441	166.4778	0.3037641	5.088342
618	-3063.732	-3230.432	166.7005	0.147898	5.051266
624	-3047.782	-3214.54	166.7581	0.1233773	5.0329
630	-3060.78	-3227.255	166.4751	0.1466886	5.176833
636	-3067.892	-3235.142	167.2502	0.02065786	4.816182
642	-3053.849	-3221.057	167.2079	0.1591417	4.762504
648	-3050.454	-3217.075	166.6214	0.2738615	5.025269
654	-3051.133	-3217.938	166.8047	0.2594194	4.931398
660	-3057.699	-3224.595	166.8959	0.2137243	4.90604
666	-3060.678	-3227.557	166.8798	0.1282268	4.962603
672	-3055.24	-3221.839	166.5987	0.2285586	5.062996
678	-3058.734	-3225.352	166.6176	0.2958524	5.01517
684	-3056.257	-3223.095	166.8383	0.04128283	5.033961
690	-3061.509	-3228.2	166.6914	0.1110389	5.076767
696	-3047.188	-3214.709	167.521	0.1993987	4.564625
702	-3049.562	-3216.804	167.2423	0.03839273	4.810715
708	-3054.094	-3220.728	166.6342	0.3196183	4.992728
714	-3062.692	-3229.392	166.7002	0.2535928	4.992728
720	-3058.78	-3226.121	167.3408	0.1193166	4.710489
726	-3055.549	-3222.378	166.8295	0.2589678	4.917839
732	-3052.74	-3219.689	166.9488	0.1524864	4.910701
738	-3056.672	-3223.575	166.9029	0.1483486	4.938576
744	-3043.743	-3210.563	166.8199	0.1727525	4.971161
750	-3050.686	-3217.683	166.9969	0.2067995	4.853656
756	-3055.824	-3222.135	166.3111	0.4467894	5.101459
762	-3047.929	-3214.511	166.5824	0.27401	5.046824
768	-3060.509	-3227.091	166.5824	0.27401	5.046824
774	-3065.352	-3232.961	167.6086	0.3161148	4.44973
780	-3051.254	-3217.213	165.9594	0.3161148	5.368145
786	-3059.201	-3225.949	166.7478	0.2736163	4.955127
792	-3060.281	-3227.109	166.828	0.2556161	4.92053
798	-3059.823	-3226.737	166.9139	0.241549	4.880558
804	-3046.031	-3213.244	167.2125	0.1957671	4.739443
810	-3064.977	-3231.773	166.7956	0.3175423	4.904102
816	-3059.91	-3227.35	167.4393	0.329215	4.537587
822	-3047.338	-3213.845	166.5071	0.329215	5.057993
828	-3058.028	-3224.549	166.5213	0.3149262	5.057993
834	-3059.63	-3225.56	165.9299	0.3361643	5.373361
840	-3070.117	-3236.485	166.3688	0.07004026	5.277973
846	-3063.029	-3228.941	165.9123	0.2582295	5.425981
852	-3072.329	-3238.913	166.5846	0.2437589	5.062371
858	-3051.891	-3218.597	166.7058	0.3038378	4.961691
864	-3052.016	-3218.855	166.8386	0.1860806	4.953334
870	-3055.57	-3222.325	166.7549	0.2568563	4.960531
876	-3059.193	-3226.168	166.9741	0.2383274	4.848795
882	-3054.643	-3221.762	167.1196	0.1055535	4.841716
888	-3054.099	-3220.844	166.745	0.1572044	5.021375
894	-3056.018	-3222.794	166.7764	0.3448952	4.89956
900	-3055.847	-3222.257	166.4099	0.2985006	5.128899
906	-3057.901	-3224.657	166.7555	0.2985006	4.937025
912	-3055.143	-3222.358	167.215	0.2251166	4.721646
918	-3070.033	-3237.284	167.2512	0.3036952	4.657436
924	-3073.979	-3241.33	167.3516	0.2032494	4.657436
930	-3075.446	-3242.217	166.7709	0.3285706	4.911737
936	-3064.145	-3231.556	167.4114	0.1610783	4.647578
942	-3051.481	-3218.484	167.0035	0.2581705	4.821345
948	-3045	-3212.256	167.2563	0.1100852	4.762848
954	-3051.045	-3218.37	167.3255	0.04090452	4.762848
960	-3053.277	-3219.527	166.2494	0.3390188	5.195287
966	-3067.046	-3234.145	167.0992	0.134514	4.836918
972	-3049.791	-3216.845	167.0541	0.179583	4.836918
978	-3055.005	-3222.059	167.0541	0.179583	4.836918
984	-3056.096	-3222.808	166.7129	0.1978231	5.016642
990	-3056.693	-3223.581	166.8879	0.08284135	4.983306
996	-3062.34	-3229.082	166.7424	0.3395733	4.921437
1002	-3063.968	-3230.822	166.8542	0.3186375	4.870831
1008	-3068.375	-3235.347	166.9721	0.3186375	4.80512
1014	-3051.188	-3217.199	166.0105	0.2511551	5.375764
1020	-3047.1	-3214.258	167.1575	0.242354	4.744166
1026	-3065.522	-3231.805	166.2829	0.06809091	5.326503
1032	-3060.46	-3227.471	167.0115	0.2069911	4.845425
1038	-3056.745	-3223.726	166.9807	0.101676	4.921242
1044	-3043.996	-3210.953	166.9563	0.1077753	4.931406
1050	-3053.277	-3219.69	166.4131	0.03812638	5.271145
1056	-3047.953	-3214.66	166.7076	0.04856845	5.102411
1062	-3052.606	-3220.041	167.4353	0.1085903	4.663578
1068	-3045.683	-3212.083	166.4001	0.3127899	5.126372
1074	-3054.591	-3220.791	166.1998	0.260135	5.266315
1080	-3050.476	-3217.388	166.9122	0.260135	4.871162
1086	-3053.869	-3220.779	166.9101	0.260135	4.872326
1092	-3059.501	-3225.84	166.3387	0.16858	5.240205
1098	-3048.835	-3215.067	166.2317	0.3765486	5.184326
1104	-3060.495	-3227.166	166.6705	0.09793543	5.095607
1110	-3049.626	-3216.376	166.7497	0.2641157	4.959373
1116	-3058.306	-3225.451	167.1447	0.2641157	4.739145
1122	-3054.655	-3221.899	167.2446	0.3386989	4.641506
1128	-3048.641	-3215.844	167.203	0.2263644	4.727649
1134	-3056.182	-3222.201	166.0188	0.1444222	5.430022
1140	-3067.916	-3234.128	166.2112	0.3704994	5.199046
1146	-3069.177	-3235.33	166.153	0.2518839	5.296766
1152	-3061.292	-3227.848	166.5561	0.09937562	5.15817
1158	-3060.036	-3226.398	166.3617	0.1716991	5.22575
1164	-3061.828	-3228.327	166.499	0.2962923	5.080717
1170	-3064.522	-3231.739	167.2177	0.1743955	4.748522
1176	-3043.667	-3210.244	166.5779	0.285549	5.042893
1182	-3056.225	-3223.471	167.2465	0.2136374	4.710466
1188	-3049.404	-3217.071	167.6668	0.05888038	4.561622
1194	-3057.569	-3224.094	166.5251	0.1348135	5.155762
1200	-3052.538	-3219.112	166.5747	0.2780813	5.048835
1206	-3051.74	-3219.334	167.5934	0.1312021	4.562225
1212	-3040.375	-3207.264	166.889	0.09493762	4.975967
1218	-3045.775	-3212.296	166.5213	0.0112125	5.226246
1224	-3047.076	-3214.036	166.9596	0.006373544	4.985968
1230	-3040.245	-3208.041	167.7955	0.02812395	4.506591
1236	-3053.478	-3220.947	167.4687	0.2851727	4.545786
1242	-3050.74	-3217.937	167.1973	0.1362266	4.781226
1248	-3059.084	-3225.609	166.5251	0.1045228	5.172535
1254	-3060.353	-3226.696	166.3428	0.3351484	5.145733
1260	-3066.447	-3233.511	167.064	0.01506155	4.923056
1266	-3058.027	-3224.446	166.4187	0.03009958	5.272471
1272	-3062.219	-3229.045	166.8259	0.09726172	5.00975
1278	-3076.646	-3243.897	167.2505	0.01565518	4.818819
1284	-3061.417	-3228.4	166.9828	0.1358335	4.901073
1290	-3067.391	-3234.065	166.6743	0.2930323	4.985226
1296	-3062.628	-3229.567	166.939	0.2930323	4.837886
1302	-3056.016	-3222.694	166.6774	0.2930323	4.983475
1308	-3047.074	-3212.819	165.7455	0.2930323	5.498602
1314	-3053.12	-3220.62	167.4996	0.02054358	4.676894
1320	-3066.423	-3232.582	166.1581	0.08508797	5.385951
1326	-3056.051	-3222.019	165.9678	0.2753963	5.385951
1332	-3048.503	-3215.34	166.8366	0.1411175	4.97945
1338	-3047.066	-3213.874	166.8082	0.145326	4.992883
1344	-3045.621	-3211.647	166.0261	0.1288605	5.434565
1350	-3052.625	-3218.921	166.2953	0.1536468	5.272436
1356	-3046.246	-3213.168	166.9219	0.3041476	4.841188
1362	-3051.644	-3218.506	166.8622	0.3638259	4.841188
1368	-3052.195	-3218.787	166.5925	0.1172948	5.128112
1374	-3046.115	-3213.143	167.0279	0.1641074	4.860164
1380	-3055.719	-3222.171	166.4519	0.2919388	5.109274
1386	-3055.131	-3221.149	166.0178	0.4404615	5.267252
1392	-3047.408	-3213.65	166.2422	0.2121566	5.269447
1398	-3055.844	-3223.023	167.179	0.2716514	4.715748
1404	-3073.457	-3240.027	166.5704	0.2156212	5.085847
1410	-3055.905	-3221.95	166.045	0.3092563	5.32471
1416	-3054.99	-3221.066	166.0765	0.3092563	5.307329
1422	-3049.339	-3216.147	166.8082	0.4440543	4.826566
1428	-3059.821	-3226.454	166.6324	0.3186627	4.994267
1434	-3061.408	-3227.938	166.5297	0.1159826	5.163608
1440	-3047.937	-3214.806	166.869	0.1828698	4.938221
1446	-3044.719	-3211.474	166.7547	0.3598991	4.903294
1452	-3038.5	-3204.891	166.3903	0.3598991	5.105732
1458	-3052.411	-3218.913	166.5023	0.3406697	5.054263
1464	-3066.917	-3233.523	166.6065	0.2364845	5.054263
1470	-3049.883	-3216.761	166.8776	0.3873608	4.819476
1476	-3052.146	-3218.926	166.78	0.3873608	4.873909
1482	-3051.192	-3218.37	167.1774	0.05230812	4.839182
1488	-3043.823	-3210.985	167.1623	0.06735599	4.839182
1494	-3039.928	-3206.336	166.4086	0.2446879	5.15939
1500	-3045.658	-3212.37	166.7127	0.07580365	5.084502
1506	-3059.181	-3225.266	166.0849	0.3490179	5.280697
1512	-3051.721	-3218.968	167.2475	0.05092028	4.80082
1518	-3064.885	-3231.3	166.4153	0.170773	5.19662
1524	-3055.469	-3222.245	166.7761	0.1704012	4.996775
1530	-3079.894	-3246.053	166.1593	0.3944082	5.214508
1536	-3076.721	-3244.194	167.4725	0.2506015	4.563091
1542	-3070.185	-3236.957	166.7719	0.2071401	4.978726
1548	-3082.518	-3248.878	166.3597	0.1770149	5.223904
1554	-3080.76	-3248.297	167.5376	0.3162231	4.489619
1560	-3068.928	-3235.163	166.2352	0.2647242	5.244227
1566	-3066.582	-3232.994	166.4116	0.2647242	5.146637
1572	-3058.026	-3224.438	166.4116	0.2647242	5.146637
1578	-3052.683	-3219.668	166.9849	0.2647242	4.828055
1584	-3046.905	-3214.166	167.2617	0.1131895	4.758116
1590	-3046.763	-3213.548	166.7854	0.1561278	4.999535
1596	-3051.5	-3218.709	167.2093	0.3048848	4.680218
1602	-3052.813	-3219.504	166.6908	0.2055471	5.024664
1608	-3048.701	-3216.487	167.7862	0.08468867	4.479982
1614	-3050.694	-3218.608	167.914	0.05478899	4.424856
1620	-3048.063	-3214.831	166.7686	0.1622767	5.005455
1626	-3038.772	-3205.655	166.8826	0.1133653	4.969314
1632	-3042.523	-3209.592	167.0695	0.2628453	4.78189
1638	-3050.443	-3216.749	166.3058	0.2393253	5.219255
1644	-3049.89	-3216.581	166.6912	0.2393253	5.005673
1650	-3057.533	-3224.498	166.9655	0.3305425	4.802168
1656	-3064.341	-3230.909	166.5681	0.3305425	5.02335
1662	-3067.442	-3233.876	166.4335	0.4651372	5.02335
1668	-3060.376	-3226.869	166.493	0.3893526	5.032435
1674	-3066.785	-3233.767	166.9822	0.2933328	4.813606
1680	-3065.151	-3232.142	166.9915	0.2440792	4.835876
1686	-3056.065	-3223.149	167.0832	0.1523952	4.835876
1692	-3055.278	-3222.302	167.0236	0.06368563	4.918511
1698	-3049.962	-3216.618	166.6561	0.1508257	5.07429
1704	-3052.242	-3219.635	167.3934	0.1086491	4.687015
1710	-3047.505	-3214.865	167.36	0.05755396	4.734288
1716	-3055.175	-3222.612	167.4363	0.06322356	4.688414
1722	-3059.2	-3225.615	166.4141	0.3329961	5.107456
1728	-3064.81	-3231.584	166.7743	0.2461442	4.95567
1734	-3059.588	-3225.951	166.3624	0.2461442	5.184158
1740	-3059.227	-3226.096	166.8689	0.1348222	4.964959
1746	-3059.734	-3227.313	167.5793	0.1348222	4.568149
1752	-3057.17	-3223.926	166.756	0.2536411	4.961709
1758	-3058.187	-3226.196	168.0089	0.03689779	4.381423
1764	-3051.738	-3218.634	166.8963	0.1424135	4.945549
1770	-3054.674	-3221.816	167.142	0.1280867	4.816645
1776	-3057.648	-3224.053	166.4049	0.2363049	5.166117
1782	-3057.364	-3225.191	167.8274	0.08826745	4.454806
1788	-3060.988	-3228.444	167.456	0.2417498	4.577303
1794	-3063.841	-3231.058	167.217	0.1985048	4.73541
1800	-3059.025	-3226.721	167.6956	0.05693336	4.546572
1806	-3066.749	-3233.491	166.7418	0.2974602	4.945238
1812	-3069.812	-3237.042	167.2299	0.2974602	4.67287
1818	-3054.147	-3220.588	166.4414	0.2974602	5.112003
1824	-3058.694	-3225.281	166.5863	0.1190264	5.130579
1830	-3053.491	-3219.951	166.46	0.2453247	5.130579
1836	-3041.118	-3207.793	166.6754	0.03767222	5.12627
1842	-3047.016	-3214.573	167.5565	0.05549208	4.625435
1848	-3047.231	-3214.318	167.087	0.1822034	4.817129
1854	-3046.682	-3214.035	167.3527	0.09013376	4.720125
1860	-3056.199	-3223.665	167.4656	0.3857785	4.490998
1866	-3041.589	-3209.049	167.4596	0.04663641	4.684675
1872	-3047.477	-3214.962	167.4852	0.02104238	4.684675
1878	-3039.459	-3206.666	167.207	0.05896042	4.818919
1884	-3043.411	-3210.058	166.6479	0.3471754	4.969802
1890	-3050.747	-3217.732	166.9851	0.2215682	4.851997
1896	-3052.254	-3218.896	166.6418	0.3499619	4.971618
1902	-3043.84	-3211.301	167.4608	0.1465466	4.62806
1908	-3038.68	-3205.462	166.7826	0.2996139	4.92134
1914	-3050.412	-3218.103	167.6912	0.05583351	4.549633
1920	-3048.238	-3214.522	166.284	0.08296024	5.317693
1926	-3046.443	-3212.654	166.2108	0.2585378	5.261157
1932	-3047.006	-3213.404	166.3982	0.2585378	5.157498
1938	-3043.834	-3210.232	166.3981	0.2830956	5.143965
1944	-3039.938	-3206.573	166.6357	0.2320402	5.040504
1950	-3044.686	-3211.356	166.6699	0.2575439	5.007374
1956	-3053.372	-3219.642	166.2701	0.3708379	5.166255
1962	-3057.839	-3224.162	166.3229	0.3179939	5.166255
1968	-3063.467	-3230.323	166.8565	0.3179939	4.869951
1974	-3075.173	-3241.797	166.6242	0.4447922	4.928708
1980	-3059.488	-3225.995	166.5069	0.3792561	5.030292
1986	-3046.333	-3212.952	166.6194	0.1215267	5.110845
1992	-3050.101	-3216.951	166.8495	0.02130496	5.038815
1998	-3045.676	-3212.579	166.9027	0.02956767	5.00469
2004	-3054.347	-3221.969	167.6215	0.04880852	4.592718
2010	-3049.97	-3216.925	166.9547	0.2868413	4.832576
2016	-3048.978	-3215.817	166.8391	0.3115773	4.883201
2022	-3050.272	-3216.953	166.6809	0.1342978	5.069678
2028	-3051.718	-3219.126	167.4077	0.06861824	4.701406
2034	-3053.794	-3220.684	166.8896	0.1521464	4.943849
2040	-3057.912	-3224.648	166.7364	0.2277983	4.986963
2046	-3060.057	-3227.212	167.1553	0.1628486	4.789822
2052	-3062.533	-3229.296	166.7631	0.09629336	5.045157
2058	-3049.562	-3216.241	166.6786	0.2159063	5.02564
2064	-3049.066	-3216.478	167.4116	0.2361388	4.605401
2070	-3049.873	-3216.897	167.0233	0.1508727	4.870096
2076	-3056.409	-3223.51	167.1007	0.1944488	4.802647
2082	-3054.24	-3221.264	167.0236	0.2715621	4.802647
2088	-3061.074	-3228.271	167.1963	0.09882469	4.802647
2094	-3072.533	-3239.73	167.1963	0.09882469	4.802647
2100	-3062.004	-3229.38	167.3752	0.2036177	4.644026
2106	-3057.382	-3223.918	166.5359	0.183586	5.122738
2112	-3051.539	-3218.286	166.7477	0.2224838	4.983654
2118	-3056.285	-3223.011	166.7258	0.1313071	5.04645
2124	-3056.946	-3224.458	167.5125	0.05218946	4.651913
2130	-3055.969	-3222.75	166.7804	0.1473484	5.007196
2136	-3062.581	-3229.283	166.7019	0.2259056	5.007196
2142	-3047.43	-3214.298	166.868	0.1386204	4.963369
2148	-3055.843	-3222.46	166.6167	0.3183082	5.003188
2154	-3050.753	-3217.49	166.7375	0.2696623	4.963072
2160	-3056.932	-3223.537	166.6048	0.1727106	5.090585
2166	-3057.21	-3224.093	166.8831	0.3079801	4.860671
2172	-3057.171	-3224.061	166.8894	0.3016806	4.860671
2178	-3065.177	-3231.952	166.775	0.4161072	4.860671
2184	-3058.339	-3225.264	166.9253	0.193634	4.900891
2190	-3054.172	-3220.771	166.5994	0.421276	4.955535
2196	-3045.733	-3212.6	166.8668	0.1538726	4.955535
2202	-3060.194	-3227.315	167.1208	0.1327748	4.825858
2208	-3054.278	-3221.13	166.8525	0.1676197	4.955861
2214	-3054.198	-3221.488	167.2901	0.2249712	4.679741
2220	-3043.939	-3210.859	166.9198	0.2426879	4.876616
2226	-3050.257	-3216.512	166.2552	0.346499	5.187972
2232	-3044.045	-3210.545	166.4997	0.1020192	5.187972
2238	-3043	-3209.846	166.8458	0.1058628	4.993912
2244	-3041.399	-3208.119	166.7205	0.27391	4.970176
2250	-3056.371	-3223.125	166.7543	0.3051085	4.934023
2256	-3046.008	-3212.953	166.9449	0.3051085	4.827813
2262	-3050.856	-3217.858	167.0015	0.05146087	4.937583
2268	-3051.96	-3218.399	166.438	0.1858805	5.175675
2274	-3059.021	-3226.204	167.1829	0.1899604	4.759234
2280	-3053.264	-3220.244	166.98	0.1463143	4.896777
2286	-3050.386	-3217.397	167.0109	0.1595884	4.87214
2292	-3049.91	-3217.073	167.1633	0.3124566	4.701743
2298	-3053.605	-3220.068	166.4626	0.2868462	5.106141
2304	-3049.862	-3216.669	166.8076	0.1120623	5.011712
2310	-3043.816	-3210.481	166.6649	0.2163251	5.033054
2316	-3050.256	-3217.551	167.2945	0.288915	4.641433
2322	-3052.801	-3220.082	167.2802	0.1602088	4.721499
2328	-3052.187	-3218.833	166.6458	0.04938299	5.136197
2334	-3059.693	-3227.101	167.4081	0.1101111	4.677964
2340	-3053.591	-3220.853	167.2621	0.008893487	4.816114
2346	-3058.36	-3225.615	167.2552	0.01580967	4.816114
2352	-3058.047	-3225.189	167.1418	0.1292166	4.816114
2358	-3046.786	-3214.009	167.223	0.299523	4.675533
2364	-3054.137	-3221.553	167.4166	0.04849072	4.707712
2370	-3059.457	-3225.747	166.2903	0.279882	5.205422
2376	-3052.372	-3219.939	167.567	0.1035571	4.592609
2382	-3066.562	-3234.231	167.6687	0.1864978	4.488838
2388	-3063.853	-3230.032	166.1785	0.2575622	5.279533
2394	-3053.936	-3220.414	166.4787	0.2542117	5.115317
2400	-3057.051	-3222.784	165.7336	0.3650432	5.465537
2406	-3059.493	-3225.333	165.8401	0.4541845	5.357774
2412	-3051.696	-3218.121	166.4248	0.3545374	5.089592
2418	-3054.908	-3222.038	167.1303	0.1551113	4.808067
2424	-3049.16	-3216.249	167.0893	0.202014	4.804767
2430	-3047.897	-3215.554	167.6573	0.1015684	4.543019
2436	-3044.062	-3210.757	166.6959	0.1482887	5.053606
2442	-3036.196	-3202.951	166.7551	0.3021405	4.935244
2448	-3045.66	-3213.026	167.3658	0.09265535	4.711383
2454	-3050.211	-3216.92	166.7083	0.3451616	4.937347
2460	-3056.378	-3222.779	166.4006	0.2055372	5.185532
2466	-3055.485	-3222.78	167.2947	0.2721168	4.650743
2472	-3062.589	-3230.017	167.4277	0.2721168	4.576146
2478	-3057.373	-3224.874	167.5009	0.3448633	4.49415
2484	-3066.118	-3232.951	166.8329	0.2682532	4.910776
2490	-3047.639	-3214.664	167.0255	0.1703302	4.858068
2496	-3053.648	-3220.067	166.4192	0.1874005	5.185264
2502	-3048.496	-3214.742	166.2457	0.360843	5.185264
2508	-3055.979	-3222.604	166.6242	0.2209363	5.053085
2514	-3049.531	-3216.943	167.4126	0.1734611	4.639972
2520	-3043.711	-3211.096	167.3855	0.2857274	4.592189
2526	-3047.158	-3213.986	166.8276	0.159471	4.974259
2532	-3034.101	-3201.357	167.2562	0.08350876	4.777747
2538	-3051.388	-3218.183	166.7958	0.02627867	5.065884
2544	-3042.347	-3209.431	167.0845	0.139777	4.84216
2550	-3054.1	-3221.061	166.9608	0.2635227	4.84216
2556	-3057.282	-3224.046	166.7643	0.08875125	5.04867
2562	-3051.258	-3218.015	166.7566	0.07651523	5.059745
2568	-3054.026	-3221.788	167.7622	0.05499292	4.510222
2574	-3051.293	-3217.918	166.6249	0.2442127	5.039769
2580	-3049.891	-3216.277	166.3858	0.2800893	5.152404
2586	-3057.041	-3223.505	166.4641	0.2018197	5.152404
2592	-3060.799	-3227.583	166.7834	0.2415894	4.953181
2598	-3050.567	-3217.528	166.9604	0.2415894	4.854616
2604	-3053.82	-3221.56	167.7407	0.1638694	4.461069
2610	-3053.063	-3218.898	165.8344	0.3712364	5.406663
2616	-3057.002	-3223.195	166.1925	0.2856659	5.256269
2622	-3049.983	-3216.709	166.7262	0.2856659	4.960476
2628	-3060.489	-3227.107	166.6179	0.2800329	5.023764
2634	-3061.4	-3228.323	166.9233	0.2128809	4.891275
2640	-3049.093	-3216.047	166.9543	0.2683403	4.843078
2646	-3052.942	-3219.634	166.6914	0.3430917	4.947896
2652	-3056.401	-3223.081	166.6794	0.05276179	5.115725
2658	-3057.919	-3225.169	167.2504	0.2251714	4.701818
2664	-3056.008	-3222.996	166.9881	0.02478055	4.959901
2670	-3052.948	-3220.005	167.0572	0.1087114	4.87469
2676	-3052.329	-3219.019	166.6903	0.0195343	5.128072
2682	-3049.795	-3217.504	167.7086	0.06651078	4.533854
2688	-3058.532	-3225.125	166.5931	0.220814	5.070412
2694	-3055.636	-3222.497	166.8606	0.03109605	5.027206
2700	-3059.463	-3226.327	166.8632	0.1393127	4.965632
2706	-3062.1	-3228.852	166.7518	0.2507946	4.965632
2712	-3059.067	-3225.868	166.8004	0.1601778	4.988979
2718	-3050.104	-3217.43	167.3267	0.1792484	4.684831
2724	-3072.153	-3239.246	167.0934	0.1792484	4.815223
2730	-3063.776	-3230.459	166.6826	0.3153227	4.968182
2736	-3056.761	-3223.76	166.9993	0.3153227	4.791764
2742	-3056.372	-3223.457	167.0849	0.1355315	4.844315
2748	-3055.703	-3222.751	167.0476	0.1728733	4.844315
2754	-3059.559	-3226.544	166.9852	0.2685173	4.825782
2760	-3056.686	-3224.128	167.4417	0.1261423	4.65019
2766	-3055.366	-3222.169	166.8033	0.02732186	5.0611
2772	-3044.152	-3211.043	166.8913	0.04005101	5.005223
2778	-3051.655	-3218.909	167.2549	0.2456304	4.687861
2784	-3057.83	-3224.652	166.8221	0.2456304	4.929397
2790	-3059.134	-3226.207	167.0731	0.03715761	4.905686
2796	-3052.896	-3220.258	167.3628	0.1413783	4.685845
2802	-3053.43	-3220.953	167.5232	0.07922458	4.630791
2808	-3064.91	-3232.137	167.2269	0.2936132	4.67667
2814	-3059.35	-3226.396	167.0465	0.1617948	4.851069
2820	-3060.084	-3226.987	166.9032	0.3051067	4.851069
2826	-3048.022	-3215.054	167.0326	0.3411439	4.758755
2832	-3049.047	-3215.655	166.6083	0.3411439	4.995135
2838	-3043.811	-3210.904	167.0923	0.236319	4.783949
2844	-3046.623	-3213.299	166.6761	0.236319	5.015747
2850	-3038.599	-3205.253	166.6545	0.280143	5.003369
2856	-3043.364	-3209.824	166.4599	0.04893958	5.239326
2862	-3044.119	-3210.661	166.5412	0.3931161	5.003544
2868	-3059.858	-3225.772	165.9142	0.2475913	5.430799
2874	-3058.358	-3225.478	167.1196	0.2919148	4.737631
2880	-3064.325	-3231.526	167.2012	0.05839741	4.822473
2886	-3065.67	-3232.518	166.8476	0.188184	4.947167
2892	-3056.309	-3223.134	166.8246	0.1432832	4.984922
2898	-3067.804	-3234.965	167.1604	0.168169	4.783973
2904	-3058.922	-3225.894	166.9725	0.3561505	4.783973
2910	-3064.422	-3230.91	166.4878	0.3146724	5.076735
2916	-3068.153	-3235.09	166.9374	0.1787881	4.902419
2922	-3061.996	-3228.789	166.7933	0.2311036	4.953486
2928	-3058.513	-3225.695	167.1829	0.2311036	4.736276
2934	-3056.65	-3224.188	167.538	0.4129313	4.434921
2940	-3049.079	-3216.017	166.9376	0.198921	4.891089
2946	-3053.006	-3219.594	166.5878	0.2609527	5.051067
2952	-3052.324	-3219.17	166.8461	0.2123647	4.934511
2958	-3058.401	-3224.68	166.279	0.06725611	5.32913
2964	-3057.443	-3224.141	166.6987	0.1489682	5.05165
2970	-3059.567	-3226.278	166.7111	0.1366429	5.05165
2976	-3059.055	-3226.256	167.2006	0.2311442	4.726352
2982	-3056.486	-3223.438	166.9516	0.05651657	4.96257
2988	-3051.421	-3217.52	166.0984	0.3190916	5.289762
2994	-3054.625	-3221.663	167.0379	0.3190916	4.768145
3000	-3063.912	-3230.155	166.2427	0.2485923	5.248991
3006	-3072.383	-3238.766	166.3829	0.3157524	5.13431
3012	-3057.623	-3224.23	166.6067	0.09188408	5.13431
3018	-3064.045	-3231.609	167.5645	0.05078574	4.623588
3024	-3058.938	-3225.78	166.8422	0.09269906	5.003234
3030	-3065.872	-3232.266	166.3949	0.08395596	5.255885
3036	-3059.644	-3226.974	167.3301	0.2104452	4.665435
3042	-3065.374	-3232.038	166.6639	0.2104452	5.036853
3048	-3062.72	-3229.453	166.7324	0.1448299	5.035241
3054	-3048.696	-3215.219	166.5235	0.1370092	5.15543
3060	-3048.547	-3215.654	167.1065	0.02092379	4.89616
3066	-3051.364	-3218.762	167.3973	0.04744907	4.719051
3072	-3060.384	-3227.646	167.2622	0.02596471	4.806574
3078	-3064.12	-3230.865	166.744	0.02093497	5.097528
3084	-3051.466	-3219.067	167.6008	0.06912852	4.592962
3090	-3051.967	-3218.831	166.8641	0.06375944	5.007139
3096	-3058.141	-3225.545	167.4043	0.01877473	4.731196
3102	-3046.122	-3213.626	167.5037	0.01602856	4.677111
3108	-3057.985	-3224.627	166.6411	0.1438343	5.086449
3114	-3053.464	-3220.818	167.3533	0.1710323	4.674535
3120	-3050.657	-3217.177	166.5204	0.2385517	5.100847
3126	-3056.738	-3223.768	167.03	0.3053216	4.780229
3132	-3051.885	-3218.38	166.4949	0.3767159	5.038351
3138	-3047.018	-3213.606	166.5875	0.1674486	5.103099
3144	-3053.89	-3220.614	166.7245	0.2424847	4.985389
3150	-3053.086	-3220.385	167.2989	0.1232713	4.731699
3156	-3054.317	-3221.583	167.2666	0.1453495	4.737418
3162	-3056.051	-3222.895	166.8449	0.1497141	4.970071
3168	-3062.259	-3228.936	166.6774	0.2707895	4.995841
3174	-3054.296	-3220.799	166.5032	0.2707895	5.092532
3180	-3059.093	-3225.894	166.8013	0.2707895	4.926976
3186	-3053.575	-3219.952	166.377	0.3128746	5.13915
3192	-3052.445	-3219.059	166.6144	0.2179656	5.060163
3198	-3047.569	-3214.369	166.8002	0.1715066	4.982755
3204	-3048.928	-3215.902	166.9744	0.1907108	4.875153
3210	-3051.486	-3218.396	166.9101	0.06261739	4.982228
3216	-3054.862	-3221.378	166.5158	0.4569443	4.982228
3222	-3053.363	-3220.132	166.7684	0.1576939	5.008126
3228	-3048.295	-3215.057	166.762	0.1641368	5.008126
3234	-3048.103	-3214.803	166.7003	0.23518	5.002921
3240	-3053.33	-3221.118	167.7881	0.1153245	4.461703
3246	-3045.709	-3212.918	167.2084	0.05936496	4.81791
3252	-3062.071	-3229.329	167.2584	0.00938508	4.81791
3258	-3055.968	-3223.073	167.1045	0.03883191	4.887297
3264	-3059.323	-3226.58	167.2572	0.2097698	4.706627
3270	-3053.185	-3220.471	167.2856	0.124696	4.738349
3276	-3058.595	-3225.782	167.1868	0.124696	4.793541
3282	-3046.47	-3212.785	166.3153	0.3805275	5.135826
3288	-3059.547	-3225.109	165.5614	0.3657788	5.559849
3294	-3059.465	-3225.451	165.9862	0.354875	5.331979
3300	-3044.145	-3211.156	167.0107	0.247999	4.82298
3306	-3052.504	-3219.866	167.3613	0.1955011	4.656356
3312	-3040.533	-3206.904	166.3709	0.1908536	5.210067
3318	-3046.598	-3213.365	166.7671	0.2738252	4.944276
3324	-3036.035	-3203.007	166.9726	0.06835109	4.944276
3330	-3046.312	-3212.945	166.6331	0.1660853	5.078536
3336	-3043.554	-3210.458	166.9042	0.3510768	4.824886
3342	-3058.487	-3225.154	166.6669	0.312614	4.978445
3348	-3059.621	-3226.299	166.6778	0.312614	4.972385
3354	-3064.15	-3230.913	166.7637	0.2612581	4.953176
3360	-3062.036	-3229.18	167.1439	0.2230051	4.762562
3366	-3066.248	-3232.932	166.684	0.2230051	5.018737
3372	-3053.91	-3221.003	167.0926	0.2747714	4.762314
3378	-3056.656	-3222.951	166.2958	0.2777574	5.203522
3384	-3068.099	-3234.526	166.4268	0.2421071	5.150753
3390	-3052.439	-3218.886	166.4468	0.1981551	5.164029
3396	-3053.13	-3220.06	166.9292	0.2932201	4.843202
3402	-3058.823	-3225.424	166.6006	0.2932201	5.026065
3408	-3055.059	-3221.803	166.7437	0.234453	4.9792
3414	-3055.76	-3222.633	166.8729	0.2413714	4.903476
3420	-3052.027	-3218.396	166.3698	0.2849216	5.158623
3426	-3058.914	-3226.201	167.2871	0.1524938	4.721929
3432	-3056.723	-3223.038	166.3151	0.2768662	5.193336
3438	-3061.352	-3227.467	166.1142	0.2768662	5.304366
3444	-3056.951	-3223.599	166.6474	0.2872573	5.003361
3450	-3052.985	-3219.706	166.721	0.1328616	5.048234
3456	-3057.456	-3224.054	166.5984	0.2554775	5.048234
3462	-3054.583	-3221.533	166.9496	0.1521307	4.910443
3468	-3044.054	-3210.85	166.7952	0.1478904	4.998688
3474	-3053.253	-3220.031	166.7784	0.2670046	4.941807
3480	-3066.801	-3233.434	166.6325	0.4129037	4.941807
3486	-3061.432	-3228.24	166.808	0.07492492	5.032087
3492	-3063.128	-3229.196	166.0679	0.3379328	5.296249
3498	-3063.59	-3230.472	166.8821	0.3379328	4.84455
3504	-3052.942	-3219.302	166.3606	0.1976451	5.212025
3510	-3050.037	-3216.836	166.799	0.2336643	4.948904
3516	-3056.931	-3223.647	166.7162	0.1734019	5.028408
3522	-3062.994	-3230.315	167.3207	0.1776096	4.689132
3528	-3055.363	-3222.158	166.7953	0.3068861	4.910189
3534	-3049.552	-3216.501	166.9486	0.2487983	4.857153
3540	-3052.987	-3220.023	167.0362	0.2250863	4.821559
3546	-3053.253	-3220.869	167.6156	0.2304166	4.494003
3552	-3056.164	-3223.478	167.3146	0.2286527	4.663949
3558	-3058.145	-3224.727	166.5826	0.2995502	5.032527
3564	-3044.395	-3210.952	166.5577	0.3244611	5.032527
3570	-3047.909	-3214.822	166.9137	0.114466	4.951397
3576	-3049.339	-3215.933	166.5937	0.3838333	4.979568
3582	-3052.583	-3219.681	167.0985	0.3838333	4.698035
3588	-3046.232	-3213.51	167.2779	0.1567607	4.724737
3594	-3070.826	-3237.742	166.916	0.2949992	4.849565
3600	-3066.264	-3233.084	166.8206	0.0140786	5.058884
3606	-3064.697	-3231.063	166.3655	0.474049	5.056188
3612	-3059.858	-3226.625	166.767	0.08261682	5.050589
3618	-3046.506	-3212.991	166.4849	0.232118	5.124087
3624	-3061.864	-3229.221	167.3569	0.05181168	4.739247
3630	-3050.135	-3217.287	167.1515	0.08890476	4.833167
3636	-3068.964	-3236.191	167.2271	0.2384207	4.707442
3642	-3062.703	-3230.032	167.3292	0.2679732	4.633747
3648	-3037.557	-3204.064	166.5071	0.2882928	5.080672
3654	-3040.487	-3206.847	166.3598	0.1009393	5.265908
3660	-3048.004	-3215.037	167.0328	0.1009393	4.892658
3666	-3048.266	-3214.932	166.6654	0.2482799	5.015008
3672	-3054.564	-3221.528	166.9632	0.2682718	4.838165
3678	-3061.014	-3227.884	166.8691	0.3128537	4.865755
3684	-3060.596	-3227.599	167.0031	0.3057201	4.795043
3690	-3054.688	-3221.658	166.9701	0.1462058	4.902354
3696	-3057.762	-3224.789	167.0267	0.08955182	4.902354
3702	-3053.959	-3220.815	166.8563	0.1861091	4.943462
3708	-3067.68	-3234.296	166.6159	0.1257689	5.110445
3714	-3076.686	-3243.178	166.4922	0.2495275	5.110445
3720	-3069.609	-3235.852	166.2434	0.3590596	5.18753
3726	-3062.987	-3229.325	166.3382	0.3015548	5.166911
3732	-3050.102	-3216.649	166.5465	0.1484738	5.136324
3738	-3047.861	-3215.37	167.5093	0.1924086	4.575088
3744	-3048.303	-3215.138	166.8344	0.2874492	4.899267
3750	-3060.518	-3226.753	166.2351	0.2928731	5.22872
3756	-3047.919	-3215.048	167.1289	0.04567921	4.86988
3762	-3062.571	-3230.018	167.4473	0.1323418	4.643583
3768	-3063.115	-3229.665	166.5498	0.2882597	5.057009
3774	-3056.062	-3223.069	167.0069	0.2903088	4.80151
3780	-3067.144	-3233.528	166.3843	0.1202968	5.241665
3786	-3061.83	-3228.816	166.9861	0.2505341	4.835316
3792	-3044.302	-3211.082	166.7801	0.2505341	4.950021
3798	-3040.538	-3207.295	166.7573	0.2438297	4.966421
3804	-3043.404	-3209.911	166.5065	0.2716652	5.090219
3810	-3044.359	-3211.857	167.4979	0.2563238	4.545611
3816	-3047.781	-3215.116	167.3353	0.2535178	4.638419
3822	-3055.894	-3222.38	166.4861	0.3059553	5.0825
3828	-3045.651	-3212.236	166.5844	0.2769405	5.044099
3834	-3059.05	-3225.175	166.1248	0.2924879	5.289882
3840	-3058.051	-3225.105	167.0543	0.1040549	4.878954
3846	-3053.797	-3221.022	167.2242	0.1241488	4.772955
3852	-3068.714	-3235.533	166.8196	0.1276318	4.99638
3858	-3064.311	-3230.843	166.5329	0.4267467	4.989485
3864	-3054.295	-3220.965	166.6702	0.2894913	4.989485
3870	-3049.538	-3215.835	166.2969	0.1869377	5.253127
3876	-3062.01	-3228.5	166.4905	0.1099517	5.188653
3882	-3064.873	-3232.1	167.2262	0.2656466	4.692743
3888	-3053.481	-3220.306	166.8243	0.2304335	4.936631
3894	-3048.755	-3215.8	167.045	0.2304335	4.813678
3900	-3041.568	-3208.756	167.1877	0.183188	4.760341
3906	-3054.297	-3221.275	166.9785	0.1276177	4.90804
3912	-3061.831	-3228.644	166.813	0.3515873	4.875454
3918	-3054.283	-3221.535	167.2516	0.102031	4.770001
3924	-3047.631	-3214.786	167.1549	0.1424043	4.801437
3930	-3050.511	-3217.392	166.8811	0.2289826	4.905808
3936	-3043.715	-3210.579	166.8648	0.2452874	4.905808
3942	-3051.034	-3217.87	166.8353	0.2260921	4.932899
3948	-3053.93	-3220.52	166.5905	0.3001109	5.027834
3954	-3058.391	-3225.603	167.2117	0.3546405	4.650999
3960	-3063.141	-3230.795	167.6536	0.06561375	4.565293
3966	-3057.548	-3224.934	167.3867	0.1971567	4.641203
3972	-3055.453	-3222.116	166.6636	0.155468	5.06751
3978	-3058.755	-3225.756	167.0008	0.1080485	4.906482
3984	-3051.656	-3218.194	166.5379	0.1850148	5.120826
3990	-3049.554	-3216.042	166.4874	0.2986697	5.085851
3996	-3049.97	-3217.276	167.3057	0.016619	4.787466
4002	-3052.111	-3219.235	167.1248	0.240488	4.763484
4008	-3044.823	-3211.743	166.9199	0.09123477	4.960887
4014	-3051.681	-3218.994	167.313	0.2187947	4.670373
4020	-3054.421	-3219.886	165.4651	0.469875	5.555578
4026	-3045.931	-3212.847	166.9154	0.3026545	4.845631
4032	-3056.835	-3223.179	166.3448	0.2904555	5.169405
4038	-3051.255	-3218.572	167.3172	0.1591937	4.701352
4044	-3052.76	-3219.776	167.016	0.1352336	4.882877
4050	-3038.524	-3205.296	166.7712	0.1530915	5.009143
4056	-3038.883	-3205.697	166.8139	0.09625868	5.016999
4062	-3042.533	-3209.283	166.7494	0.2398409	4.973056
4068	-3047.159	-3213.998	166.8396	0.2398409	4.922839
4074	-3055.005	-3221.824	166.8185	0.2609668	4.922839
4080	-3056.889	-3223.213	166.3247	0.3373166	5.154549
4086	-3064.009	-3231.375	167.3665	0.2276085	4.635481
4092	-3060.296	-3227.278	166.9821	0.1573171	4.889495
4098	-3057.933	-3224.591	166.6577	0.2424002	5.022546
4104	-3054.717	-3222.066	167.3492	0.2424002	4.636873
4110	-3063.177	-3230.206	167.0297	0.131128	4.877565
4116	-3060.657	-3227.467	166.8099	0.1058336	5.013907
4122	-3059.29	-3225.866	166.576	0.3396509	5.013907
4128	-3047.829	-3214.607	166.7778	0.03122032	5.073121
4134	-3049.778	-3216.984	167.2057	0.1474444	4.770268
4140	-3051.877	-3219.327	167.4506	0.02032236	4.704447
4146	-3048.113	-3215.03	166.9168	0.009286914	5.008119
4152	-3054.613	-3221.58	166.9672	0.01965569	4.974345
4158	-3058.556	-3225.487	166.9314	0.05712051	4.973452
4164	-3059.836	-3227.147	167.3107	0.09145208	4.742861
4170	-3049.449	-3215.859	166.4101	0.2352499	5.163804
4176	-3057.597	-3223.724	166.1271	0.3205267	5.273124
4182	-3058.992	-3225.176	166.1841	0.334598	5.233879
4188	-3066.218	-3232.983	166.7659	0.4612477	4.840574
4194	-3068.012	-3235.02	167.0082	0.3371474	4.774647
4200	-3068.094	-3234.794	166.7005	0.3100289	4.961198
4206	-3055.597	-3223.099	167.5021	0.3100289	4.51305
4212	-3060.551	-3227.473	166.9223	0.3100289	4.837686
4218	-3061.035	-3227.734	166.6992	0.4291426	4.895624
4224	-3071.586	-3237.825	166.2395	0.1682895	5.295122
4230	-3065.741	-3232.464	166.723	0.1547946	5.034966
4236	-3061.668	-3228.691	167.0233	0.05609961	4.922891
4242	-3059.094	-3225.893	166.7981	0.4436702	4.832426
4248	-3071.182	-3238.177	166.9953	0.2249182	4.84445
4254	-3062.044	-3228.346	166.3019	0.4013252	5.131726
4260	-3066.646	-3232.533	165.8866	0.342452	5.393726
4266	-3066.479	-3233.53	167.0508	0.02016398	4.927594
4272	-3058.875	-3225.802	166.9273	0.01696394	4.998046
4278	-3073.045	-3239.863	166.818	0.02869094	5.052198
4284	-3055.273	-3222.289	167.0166	0.2096998	4.841061
4290	-3059.881	-3227.118	167.237	0.3182094	4.657225
4296	-3047.807	-3214.739	166.9321	0.03912667	4.983047
4302	-3040.943	-3208.26	167.3166	0.1801421	4.690009
4308	-3048.731	-3215.876	167.1444	0.2672	4.73758
4314	-3043.48	-3210.241	166.7608	0.1849229	4.997231
4320	-3045.074	-3211.454	166.3799	0.1849229	5.208362
4326	-3052.719	-3219.908	167.1889	0.01787709	4.851929
4332	-3055.031	-3221.664	166.6335	0.2002308	5.059402
4338	-3051.445	-3218.222	166.7772	0.0733597	5.050057
4344	-3048.808	-3215.989	167.181	0.1524021	4.781324
4350	-3052.721	-3219.646	166.9253	0.1443722	4.928285
4356	-3046.437	-3213.617	167.1799	0.1977135	4.756622
4362	-3041.891	-3208.985	167.0939	0.251663	4.774501
4368	-3050.618	-3217.792	167.1742	0.1713692	4.774501
4374	-3055.037	-3221.587	166.549	0.2064488	5.102796
4380	-3049.923	-3216.667	166.7438	0.2064488	4.99471
4386	-3041.6	-3208.327	166.7269	0.2529367	4.97825
4392	-3047.817	-3214.355	166.5388	0.272294	5.071953
4398	-3042.524	-3209.639	167.115	0.2155898	4.782886
4404	-3049.641	-3216.752	167.1101	0.2204105	4.782886
4410	-3057.965	-3224.054	166.0885	0.2188529	5.350552
4416	-3063.5	-3229.648	166.1482	0.2188529	5.317614
4422	-3053.183	-3220.083	166.8995	0.36393	4.820344
4428	-3059.662	-3226.147	166.4844	0.2816363	5.096927
4434	-3057.267	-3224.728	167.4608	0.05920954	4.676979
4440	-3048.123	-3215.436	167.3121	0.2877281	4.632244
4446	-3050.063	-3216.663	166.6002	0.1216317	5.121464
4452	-3050.207	-3217.039	166.8319	0.2018812	4.948255
4458	-3036.684	-3203.241	166.5577	0.2774577	5.05863
4464	-3048.682	-3216.205	167.5233	0.1786147	4.574983
4470	-3063.451	-3230.193	166.7422	0.3380571	4.922433
4476	-3059.044	-3225.787	166.7422	0.3380571	4.922433
4482	-3059.872	-3227.051	167.1798	0.2354703	4.735541
4488	-3063.473	-3230.417	166.9441	0.07046425	4.958958
4494	-3055.702	-3223.138	167.4355	0.01640692	4.715069
4500	-3048.962	-3215.835	166.8728	0.2385578	4.905073
4506	-3049.394	-3216.067	166.6734	0.2870582	4.989034
4512	-3048.236	-3215.378	167.1427	0.05190302	4.85875
4518	-3045.224	-3212.651	167.4264	0.1161009	4.664349
4524	-3052.236	-3219.333	167.0964	0.1607279	4.823886
4530	-3053.414	-3220.275	166.8611	0.3126224	4.870389
4536	-3049	-3215.825	166.8251	0.3570548	4.865656
4542	-3059.247	-3226.396	167.1494	0.03280761	4.865656
4548	-3054.524	-3221.577	167.0531	0.1291163	4.865656
4554	-3052.804	-3220.091	167.2871	0.07927686	4.762874
4560	-3057.14	-3224.488	167.3483	0.1467772	4.690928
4566	-3056.154	-3222.337	166.1833	0.4105057	5.192356
4572	-3059.969	-3226.896	166.9271	0.4105057	4.778969
4578	-3064.859	-3232.083	167.2239	0.05926523	4.809352
4584	-3063.606	-3230.678	167.0715	0.09649579	4.87354
4590	-3059.541	-3226.089	166.5484	0.378015	5.007964
4596	-3056.452	-3223.354	166.9021	0.2377075	4.889261
4602	-3061.015	-3227.981	166.9652	0.1745687	4.889261
4608	-3067.854	-3234.819	166.9652	0.1745687	4.889261
4614	-3054.964	-3222.078	167.1145	0.2958733	4.73831
4620	-3048.893	-3216.113	167.2195	0.1908102	4.73831
4626	-3065.727	-3232.737	167.0102	0.1932048	4.853821
4632	-3061.563	-3227.375	165.8117	0.3226756	5.445867
4638	-3058.419	-3225.086	166.6677	0.2132596	5.033182
4644	-3054.96	-3221.181	166.2211	0.304888	5.229812
4650	-3053.947	-3221.066	167.1192	0.2115774	4.782766
4656	-3046.577	-3213.225	166.6482	0.2115774	5.044968
4662	-3053.867	-3220.418	166.5509	0.2115774	5.098897
4668	-3053.314	-3220.41	167.0962	0.2007663	4.801639
4674	-3045.033	-3211.669	166.6358	0.1208326	5.102146
4680	-3046.028	-3213.664	167.6364	0.1413286	4.532431
4686	-3059.288	-3226.109	166.8205	0.1092587	5.006075
4692	-3051.343	-3218.212	166.869	0.2888537	4.879195
4698	-3058.763	-3225.78	167.0176	0.2336863	4.827121
4704	-3064.991	-3231.786	166.7949	0.2683854	4.93186
4710	-3056.263	-3223.105	166.8417	0.1985395	4.944686
4716	-3062.695	-3229.539	166.8444	0.1958424	4.944686
4722	-3076.224	-3242.852	166.6287	0.41149	4.944686
4728	-3061.981	-3228.916	166.9357	0.1044899	4.944686
4734	-3063.193	-3229.78	166.5878	0.3283528	5.01362
4740	-3057.086	-3223.659	166.5727	0.3620688	5.003279
4746	-3060.507	-3227.388	166.8818	0.06629438	4.995919
4752	-3050.911	-3217.812	166.9013	0.2243435	4.89712
4758	-3057.367	-3223.892	166.5251	0.2243435	5.106168
4764	-3036.084	-3202.452	166.3679	0.2289075	5.190659
4770	-3053.408	-3220.833	167.4256	0.2424912	4.593948
4776	-3050.412	-3217.32	166.908	0.08666865	4.970016
4782	-3060.007	-3227.165	167.1587	0.1577594	4.790781
4788	-3050.721	-3217.754	167.0329	0.01485167	4.940508
4794	-3048.796	-3215.46	166.6634	0.2703557	5.003894
4800	-3060.904	-3227.377	166.4726	0.4611117	5.003894
4806	-3059.716	-3226.504	166.7881	0.208486	4.968956
4812	-3057.311	-3224.37	167.0583	0.2262784	4.808532
4818	-3064.841	-3231.589	166.7477	0.1820751	5.006108
4824	-3057.624	-3224.502	166.8778	0.1820751	4.933734
4830	-3058.732	-3225.726	166.9937	0.2415906	4.836025
4836	-3057.903	-3224.659	166.7552	0.1448829	5.022548
4842	-3059.771	-3226.897	167.1261	0.1721497	4.800907
4848	-3060.132	-3227.436	167.3036	0.0743604	4.756404
4854	-3050.376	-3217.384	167.0082	0.2667618	4.813926
4860	-3051.987	-3219.165	167.1776	0.1014953	4.811626
4866	-3055.613	-3222.056	166.4428	0.4201136	5.043219
4872	-3060.027	-3226.635	166.6086	0.2542496	5.043219
4878	-3044.204	-3211.09	166.8856	0.2542496	4.889239
4884	-3056.288	-3223.076	166.7884	0.34509	4.892793
4890	-3044.308	-3211.132	166.8239	0.2422722	4.930263
4896	-3052.211	-3219.568	167.3574	0.2108913	4.649904
4902	-3052.942	-3220.141	167.1991	0.2108913	4.738479
4908	-3056.789	-3223.281	166.4913	0.2165242	5.129186
4914	-3056.339	-3223.181	166.8416	0.2298129	4.927333
4920	-3048.489	-3215.469	166.9805	0.1341921	4.903238
4926	-3052.382	-3219.579	167.1969	0.1700115	4.762559
4932	-3073.817	-3241.065	167.2475	0.1194064	4.762559
4938	-3058.661	-3224.947	166.2857	0.2512827	5.223755
4944	-3064.248	-3231.604	167.3561	0.3326877	4.582342
4950	-3042.959	-3209.753	166.7937	0.2154226	4.961971
4956	-3061.701	-3229.56	167.8588	0.1348372	4.410871
4962	-3053.215	-3220.784	167.5694	0.04778852	4.622499
4968	-3063.464	-3229.641	166.1774	0.1436217	5.343042
4974	-3057.513	-3224.131	166.618	0.1982971	5.069082
4980	-3056.585	-3223.999	167.4144	0.193378	4.62782
4986	-3062.594	-3229.415	166.8208	0.211667	4.948996
4992	-3075.85	-3242.626	166.7759	0.0611487	5.057574
4998	-3077.423	-3244.83	167.4071	0.02131607	4.728201
5004	-3067.811	-3234.748	166.9374	0.06727348	4.964437
5010	-3058.928	-3226.02	167.092	0.01568613	4.907164
5016	-3061.898	-3228.87	166.9723	0.3396367	4.793302
5022	-3060.043	-3226.942	166.8999	0.4293466	4.783637
5028	-3064.213	-3231.44	167.2273	0.1019093	4.783637
5034	-3056.199	-3222.726	166.5273	0.1401787	5.151575
5040	-3051.974	-3218.506	166.5322	0.1352003	5.151575
5046	-3059.148	-3226.218	167.0706	0.3261	4.745934
5052	-3048.52	-3214.65	166.1303	0.3231892	5.269921
5058	-3048.935	-3215.665	166.7295	0.1894584	5.012063
5064	-3055.35	-3222.37	167.0208	0.3869407	4.739783
5070	-3050.626	-3217.876	167.2499	0.05734124	4.795895
5076	-3063.428	-3230.486	167.0583	0.03390094	4.915752
5082	-3055.669	-3222.427	166.7581	0.1395553	5.023935
5088	-3049.476	-3216.835	167.3593	0.2335891	4.636146
5094	-3038.91	-3204.979	166.0697	0.4087737	5.256115
5100	-3066.151	-3233.37	167.2188	0.09006871	4.795005
5106	-3056.235	-3222.838	166.6026	0.1035773	5.13009
5112	-3058.81	-3225.663	166.8525	0.0785019	5.005389
5118	-3051.781	-3218.775	166.9941	0.1083046	4.910102
5124	-3054.846	-3221.724	166.8776	0.2247397	4.910102
5130	-3061.562	-3228.58	167.0171	0.2753532	4.804176
5136	-3052.705	-3219.376	166.6712	0.1419364	5.070839
5142	-3048.225	-3215.338	167.1132	0.2368933	4.77198
5148	-3060.595	-3227.594	166.9993	0.2368933	4.835555
5154	-3046.539	-3213.571	167.0319	0.1620558	4.8591
5160	-3050.03	-3217.007	166.9768	0.08850026	4.930753
5166	-3048.997	-3215.977	166.9807	0.3263389	4.796016
5172	-3041.401	-3207.282	165.8809	0.35292	5.391124
5178	-3043.614	-3210.902	167.288	0.2839601	4.647862
5184	-3040.402	-3207.304	166.9014	0.1434402	4.942099
5190	-3049.172	-3216.226	167.0539	0.2494365	4.798061
5196	-3057	-3224.204	167.203	0.01957482	4.84311
5202	-3059.131	-3226.285	167.1545	0.02125126	4.869236
5208	-3054.273	-3222.02	167.7468	0.04382698	4.525144
5214	-3057.413	-3224.563	167.1503	0.07021543	4.844267
5220	-3057.895	-3225.315	167.4199	0.2027011	4.619496
5226	-3057.918	-3225.026	167.1087	0.2307825	4.777887
5232	-3057.548	-3223.717	166.1697	0.4324672	5.187697
5238	-3061.908	-3229.47	167.5617	0.2292725	4.524983
5244	-3064.661	-3231.356	166.6957	0.1901357	5.030487
5250	-3075.345	-3242.089	166.7444	0.1414097	5.030487
5256	-3068.736	-3236.012	167.2762	0.2794323	4.656998
5262	-3055.823	-3222.419	166.596	0.2457399	5.054979
5268	-3050.307	-3217.48	167.1728	0.2367444	4.738746
5274	-3056.341	-3222.92	166.5787	0.1943748	5.093055
5280	-3048.907	-3215.549	166.6422	0.2573073	5.022882
5286	-3059.517	-3226.661	167.1439	0.1579314	4.798895
5292	-3053.874	-3221.018	167.1439	0.1579314	4.798895
5298	-3054.037	-3221.095	167.0573	0.2445565	4.798895
5304	-3060.663	-3227.174	166.511	0.3068347	5.068224
5310	-3072.024	-3238.565	166.5408	0.246214	5.085323
5316	-3067.528	-3234.367	166.8391	0.3661683	4.852794
5322	-3063.688	-3230.634	166.9461	0.09234841	4.945688
5328	-3051.506	-3218.524	167.0185	0.01989372	4.945688
5334	-3053.912	-3220.599	166.6868	0.01122763	5.134642
5340	-3061.582	-3228.27	166.688	0.0100495	5.134642
5346	-3070.738	-3237.624	166.8861	0.02569298	5.016072
5352	-3048.477	-3215.794	167.3163	0.02851484	4.774946
5358	-3055.216	-3221.995	166.7788	0.139434	5.012466
5364	-3044.306	-3211.067	166.7604	0.2276208	4.973721
5370	-3044.913	-3211.22	166.3079	0.228202	5.224257
5376	-3040.296	-3206.995	166.6985	0.2189381	5.012938
5382	-3052.117	-3218.868	166.7512	0.3103152	4.932828
5388	-3055.284	-3222.303	167.0182	0.2023211	4.844306
5394	-3049.632	-3216.356	166.724	0.3012934	4.95301
5400	-3054.654	-3221.303	166.6485	0.06369769	5.126767
5406	-3056.735	-3224.124	167.3886	0.1698192	4.655477
5412	-3052.074	-3219.143	167.0693	0.1262552	4.858221
5418	-3052.125	-3219.048	166.9224	0.2731231	4.858221
5424	-3053.423	-3220.409	166.9854	0.1317545	4.90185
5430	-3053.905	-3220.47	166.5648	0.07887907	5.164752
5436	-3051.92	-3218.794	166.8743	0.005045489	5.034083
5442	-3046.22	-3213.27	167.0506	0.1098235	4.877752
5448	-3059.885	-3227.232	167.3469	0.3044816	4.603344
5454	-3058.235	-3225.07	166.8351	0.1308412	4.985964
5460	-3045.433	-3212.499	167.0665	0.1220279	4.862102
5466	-3050.853	-3217.101	166.2476	0.1903568	5.278488
5472	-3051.635	-3218.8	167.1647	0.1911098	4.768782
5478	-3059.082	-3225.408	166.3259	0.3136587	5.167003
5484	-3055.063	-3221.113	166.0501	0.4198268	5.260847
5490	-3047.868	-3215.043	167.1748	0.3328647	4.68385
5496	-3049.705	-3216.958	167.2531	0.254571	4.68385
5502	-3056.38	-3223.805	167.4254	0.2257395	4.603466
5508	-3055.368	-3222.067	166.6988	0.1927976	5.027264
5514	-3059.562	-3226.331	166.7694	0.4485882	4.845696
5520	-3058.511	-3225.603	167.0928	0.3392607	4.72615
5526	-3048.697	-3215.315	166.6177	0.2791942	5.024349
5532	-3049.114	-3215.94	166.826	0.2956303	4.899397
5538	-3051.272	-3218.206	166.9335	0.2956303	4.839478
5544	-3058.447	-3225.604	167.1571	0.08321357	4.833243
5550	-3054.222	-3221.35	167.1283	0.1058478	4.836675
5556	-3056.261	-3223.208	166.9475	0.1058478	4.93736
5562	-3053.273	-3220.455	167.1819	0.07467572	4.824146
5568	-3057.53	-3223.679	166.1489	0.131731	5.365288
5574	-3073.314	-3239.855	166.5418	0.1491226	5.138557
5580	-3056.619	-3223.41	166.7908	0.1340999	5.008797
5586	-3052.485	-3219.575	167.0901	0.3701687	4.710387
5592	-3053.034	-3220.33	167.2956	0.1646309	4.710387
5598	-3054.75	-3221.615	166.8651	0.3164816	4.866012
5604	-3058.102	-3225.027	166.9254	0.2505346	4.869125
5610	-3060.191	-3227.362	167.1711	0.2869651	4.711598
5616	-3055.477	-3222.336	166.859	0.2869651	4.885804
5622	-3056.342	-3222.839	166.497	0.2989537	5.080353
5628	-3065.448	-3232.451	167.0033	0.3914863	4.746978
5634	-3049.906	-3216.555	166.6485	0.2395245	5.029285
5640	-3044.898	-3211.724	166.8262	0.1865732	4.959932
5646	-3043.913	-3210.744	166.8318	0.1809748	4.959932
5652	-3048.523	-3215.381	166.8579	0.2059126	4.931559
5658	-3065.96	-3232.933	166.9735	0.2371989	4.849758
5664	-3052.011	-3218.945	166.9338	0.2404693	4.870039
5670	-3050.09	-3217.111	167.0204	0.263118	4.809129
5676	-3047.263	-3214.313	167.0495	0.234035	4.809129
5682	-3063.897	-3231.078	167.1802	0.1033434	4.809129
5688	-3052.971	-3219.939	166.9686	0.3264505	4.80271
5694	-3065.998	-3232.378	166.3802	0.3264505	5.129852
5700	-3066.623	-3233.694	167.0714	0.1762942	4.829152
5706	-3061.881	-3229.587	167.7061	0.02014297	4.561299
5712	-3052.15	-3219.272	167.1221	0.02789391	4.88356
5718	-3047.239	-3214.226	166.9869	0.1837283	4.872065
5724	-3046.972	-3213.901	166.9285	0.2421586	4.872065
5730	-3042.457	-3209.569	167.1127	0.2940957	4.740313
5736	-3041.854	-3208.444	166.5896	0.2940957	5.031691
5742	-3046.379	-3213.176	166.7972	0.1308996	5.007009
5748	-3051.495	-3218.288	166.7922	0.3576673	4.883678
5754	-3063.785	-3230.437	166.6523	0.278368	5.005571
5760	-3054.539	-3221.681	167.1426	0.2087557	4.771288
5766	-3060.09	-3227.186	167.0964	0.2549499	4.771288
5772	-3057.061	-3223.623	166.5616	0.1803948	5.110264
5778	-3067.83	-3234.893	167.0631	0.1781135	4.832759
5784	-3065.097	-3231.865	166.7682	0.124031	5.026916
5790	-3067.034	-3233.46	166.426	0.2933945	5.122809
5796	-3072.488	-3239.778	167.2906	0.3218693	4.625155
5802	-3068.923	-3235.191	166.2679	0.3218693	5.194573
5808	-3054.878	-3221.843	166.965	0.1846587	4.883798
5814	-3047.412	-3214.253	166.8408	0.1750882	4.958212
5820	-3053.213	-3220.023	166.8098	0.2682483	4.923638
5826	-3049.962	-3216.88	166.9184	0.1596277	4.923638
5832	-3054.107	-3220.862	166.755	0.1874287	4.999049
5838	-3060.6	-3227.426	166.8265	0.1156206	4.999228
5844	-3060.958	-3227.921	166.9631	0.07210301	4.947453
5850	-3057.867	-3224.647	166.7806	0.009890221	5.083401
5856	-3053.379	-3221.053	167.6737	0.01397218	4.582987
5862	-3050.563	-3218.042	167.4788	0.0676962	4.662132
5868	-3044.064	-3211.167	167.1033	0.06104112	4.875597
5874	-3044.473	-3211.028	166.5549	0.2827469	5.057223
5880	-3043.865	-3210.623	166.7577	0.07996544	5.057223
5886	-3047.04	-3213.799	166.7592	0.2624167	4.955048
5892	-3050.379	-3217.185	166.8054	0.3071461	4.904418
5898	-3059.686	-3226.182	166.4961	0.2559468	5.104708
5904	-3043.74	-3210.613	166.8729	0.05427432	5.007544
5910	-3047.277	-3214.928	167.6514	0.02596201	4.588779
5916	-3032.337	-3198.562	166.2248	0.229052	5.269684
5922	-3033.127	-3199.596	166.4689	0.2100306	5.145185
5928	-3044.513	-3211.259	166.7462	0.1860357	5.0047
5934	-3051.825	-3219.099	167.2736	0.1860357	4.710724
5940	-3048.135	-3215.374	167.2386	0.17809	4.734749
5946	-3055.105	-3221.431	166.3258	0.3321683	5.156797
5952	-3049.124	-3215.686	166.5614	0.4226955	4.975905
5958	-3051.571	-3218.028	166.4572	0.4226955	5.033759
5964	-3047.128	-3214.711	167.5836	0.2572225	4.496921
5970	-3061.817	-3228.224	166.4071	0.3705572	5.090523
5976	-3042.679	-3209.459	166.7802	0.3014201	4.921628
5982	-3040.147	-3206.991	166.8439	0.1874622	4.949619
5988	-3049.328	-3216.158	166.8302	0.2887303	4.900901
5994	-3044.674	-3211.065	166.3914	0.3172837	5.128727
6000	-3045.858	-3212.399	166.5408	0.2982672	5.056449
6006	-3052.995	-3219.774	166.7782	0.4587553	4.835109
6012	-3056.869	-3223.929	167.0598	0.4202268	4.699339
6018	-3054.703	-3221.188	166.4851	0.3944566	5.033988
6024	-3057.059	-3223.173	166.1135	0.3178839	5.282133
6030	-3058.782	-3226.277	167.4941	0.3178839	4.513147
6036	-3057.333	-3223.711	166.3778	0.3178839	5.13592
6042	-3045.412	-3212.336	166.9239	0.332883	4.824073
6048	-3047.37	-3214.643	167.2726	0.2021665	4.70229
6054	-3053.088	-3219.671	166.5835	0.3370176	5.011249
6060	-3060.479	-3227.17	166.6916	0.4092894	4.910939
6066	-3055.182	-3222.152	166.9699	0.1309971	4.910939
6072	-3055.455	-3222.71	167.2549	0.009213278	4.819963
6078	-3062.629	-3229.521	166.8923	0.002598747	5.025447
6084	-3050.386	-3216.875	166.4887	0.01372816	5.242846
6090	-3041.435	-3208.643	167.2083	0.1716372	4.755328
6096	-3038.634	-3205.19	166.5565	0.08274916	5.167195
6102	-3043.638	-3210.273	166.635	0.212963	5.051503
6108	-3054.458	-3221.637	167.1797	0.1273625	4.796027
6114	-3041.264	-3208.284	167.02	0.1064619	4.896691
6120	-3048.242	-3215.091	166.8488	0.2882852	4.890775
6126	-3061.419	-3227.462	166.043	0.2561107	5.355125
6132	-3047.511	-3214.3	166.7884	0.2255825	4.959267
6138	-3056.206	-3222.693	166.4875	0.2255825	5.126283
6144	-3052.197	-3219.136	166.9396	0.2778966	4.845973
6150	-3050.452	-3217.408	166.9565	0.2778966	4.836549
6156	-3052.84	-3220.023	167.183	0.2778966	4.710062
6162	-3051.464	-3218.205	166.7406	0.03803761	5.089936
6168	-3048.707	-3216.187	167.4796	0.02814638	4.683833
6174	-3048.329	-3214.991	166.6621	0.2661366	5.006955
6180	-3059.474	-3226.915	167.4407	0.2661366	4.572244
6186	-3046.904	-3213.499	166.5953	0.2345212	5.061552
6192	-3054.116	-3220.356	166.24	0.3371621	5.201563
6198	-3061.421	-3228.551	167.1308	0.1436154	4.814224
6204	-3057.908	-3224.487	166.579	0.2237747	5.076575
6210	-3062.937	-3229.937	166.9995	0.07853963	4.92363
6216	-3060.563	-3227.265	166.7016	0.3305492	4.949177
6222	-3051.307	-3218.299	166.9926	0.1809416	4.870488
6228	-3047.175	-3214.598	167.423	0.04197604	4.707751
6234	-3052.813	-3219.893	167.0802	0.2461982	4.785232
6240	-3048.791	-3215.762	166.9708	0.08738324	4.934669
6246	-3051.328	-3218.187	166.8589	0.1993244	4.934669
6252	-3058.028	-3225.454	167.4265	0.1666721	4.635967
6258	-3060.918	-3227.778	166.8603	0.1980253	4.934619
6264	-3054.224	-3220.719	166.4954	0.06503548	5.210773
6270	-3046.283	-3212.988	166.7048	0.2297287	5.003414
6276	-3049.484	-3216.386	166.9022	0.09192158	4.970332
6282	-3056.136	-3223.18	167.0442	0.279221	4.786869
6288	-3065.158	-3231.741	166.5833	0.2569143	5.05581
6294	-3064.318	-3230.894	166.5761	0.2640966	5.05581
6300	-3052.262	-3219.049	166.787	0.2844865	4.927266
6306	-3061.175	-3227.727	166.5526	0.402979	4.991738
6312	-3052.874	-3220.138	167.2637	0.03958338	4.798131
6318	-3069.123	-3236.179	167.0562	0.05485074	4.90526
6324	-3057.51	-3224.113	166.6029	0.1673045	5.094633
6330	-3050.428	-3217.903	167.4747	0.0520353	4.67321
6336	-3065.344	-3232.497	167.153	0.373729	4.67321
6342	-3071.863	-3238.3	166.4372	0.07049953	5.239967
6348	-3075.365	-3242.406	167.0412	0.3488599	4.74965
6354	-3062.3	-3229.446	167.146	0.3187298	4.707911
6360	-3062.662	-3228.565	165.9037	0.3429241	5.384064
6366	-3058.912	-3225.665	166.7525	0.2215823	4.981474
6372	-3054.663	-3221.628	166.9647	0.1387683	4.909518
6378	-3053.5	-3220.255	166.7549	0.1952092	4.994758
6384	-3051.374	-3217.973	166.5986	0.1275342	5.119068
6390	-3052.424	-3219.514	167.09	0.178606	4.817461
6396	-3053.255	-3220.235	166.9799	0.178606	4.878824
6402	-3057.168	-3224.148	166.9799	0.178606	4.878824
6408	-3061.46	-3228.422	166.9622	0.4006848	4.764829
6414	-3055.172	-3221.83	166.6574	0.4006848	4.934727
6420	-3070.732	-3238.321	167.5889	0.04864812	4.611092
6426	-3070.749	-3237.185	166.4366	0.1018722	5.222909
6432	-3051.211	-3217.78	166.5686	0.1268465	5.136076
6438	-3061.301	-3227.909	166.6081	0.2810744	5.028618
6444	-3058.264	-3225.118	166.8537	0.306443	4.877918
6450	-3062.767	-3229.822	167.0549	0.2749372	4.783312
6456	-3060.866	-3228.285	167.4196	0.3333364	4.546339
6462	-3048.949	-3215.941	166.9917	0.1501773	4.888082
6468	-3054.833	-3221.963	167.1296	0.01236566	4.888082
6474	-3062.864	-3229.84	166.9761	0.0006496794	4.979961
6480	-3051.985	-3218.961	166.9767	0.0001305936	4.979961
6486	-3059.537	-3226.987	167.4495	0.0003948318	4.716191
6492	-3056.367	-3223.593	167.226	0.0001912624	4.841116
6498	-3053.962	-3221.249	167.2869	0.0290249	4.791056
6504	-3054.172	-3221.111	166.939	0.2241521	4.876267
6510	-3050.845	-3217.862	167.0177	0.1454042	4.876267
6516	-3052.169	-3219.204	167.0353	0.1045596	4.889244
6522	-3057.779	-3225.1	167.3206	0.0440617	4.763813
6528	-3061.024	-3228.359	167.3356	0.02910368	4.763813
6534	-3063.334	-3230.567	167.2335	0.1288963	4.765106
6540	-3053.384	-3220.246	166.8622	0.1229575	4.975295
6546	-3059.256	-3225.848	166.592	0.2363801	5.062381
6552	-3063.121	-3230.69	167.5695	0.03775943	4.628058
6558	-3061.111	-3228.16	167.0488	0.08664109	4.891678
6564	-3061.453	-3228.324	166.8712	0.1768517	4.94035
6570	-3068.13	-3235.043	166.9125	0.3180499	4.838705
6576	-3077.7	-3244.593	166.8934	0.3539077	4.829336
6582	-3058.993	-3225.591	166.598	0.1051272	5.131832
6588	-3044.827	-3212.205	167.3772	0.01354772	4.749253
6594	-3043.913	-3210.197	166.2838	0.06748783	5.32632
6600	-3042.007	-3208.458	166.4512	0.1628982	5.181105
6606	-3053.379	-3220.171	166.7926	0.1068477	5.022902
6612	-3049.583	-3216.789	167.2068	0.08639712	4.803738
6618	-3059.317	-3225.257	165.9406	0.3991557	5.332718
6624	-3047.192	-3213.235	166.0429	0.2967633	5.332718
6630	-3047.78	-3215.06	167.2796	0.107502	4.751311
6636	-3063.214	-3230.575	167.3611	0.2045656	4.651419
6642	-3044.555	-3211.689	167.1341	0.138285	4.815364
6648	-3048.191	-3214.381	166.1907	0.2620698	5.270304
6654	-3041.96	-3208.933	166.9729	0.2602747	4.837201
6660	-3049.492	-3216.466	166.9732	0.2118268	4.86404
6666	-3042.885	-3209.374	166.4898	0.2621776	5.104764
6672	-3050.783	-3216.816	166.0329	0.2926699	5.340493
6678	-3044.034	-3210.506	166.4712	0.3547788	5.063727
6684	-3045.666	-3212.585	166.9191	0.2887494	4.851326
6690	-3047.847	-3214.06	166.2122	0.2887494	5.243673
6696	-3052.881	-3219.693	166.8119	0.1391394	4.994273
6702	-3054.736	-3222.296	167.5598	0.1391394	4.576672
6708	-3052.29	-3218.888	166.598	0.2846197	5.032268
6714	-3050.478	-3217.41	166.9315	0.2627159	4.858931
6720	-3049.506	-3215.796	166.2904	0.1060794	5.301372
6726	-3057.672	-3225.147	167.4752	0.1367103	4.625455
6732	-3060.269	-3226.945	166.6757	0.2265617	5.021385
6738	-3055.729	-3222.633	166.9036	0.123134	4.952192
6744	-3056.59	-3223.606	167.0161	0.2342966	4.827621
6750	-3058.814	-3225.217	166.4028	0.3909327	5.081592
6756	-3064.409	-3230.853	166.4445	0.3491759	5.081592
6762	-3053.708	-3220.227	166.5193	0.2036536	5.120818
6768	-3064.252	-3231.078	166.8254	0.1582643	4.976147
6774	-3072.468	-3238.833	166.3646	0.3618078	5.118923
6780	-3062.823	-3229.727	166.9047	0.1960656	4.910971
6786	-3064.42	-3231.256	166.8359	0.2649019	4.910971
6792	-3066.962	-3233.683	166.7216	0.2591367	4.977751
6798	-3056.893	-3223.408	166.5145	0.09555993	5.183328
6804	-3058.568	-3225.054	166.4864	0.1236574	5.183328
6810	-3051.014	-3217.978	166.9641	0.2041293	4.873418
6816	-3050.678	-3217.704	167.0254	0.08337756	4.906509
6822	-3053.682	-3220.102	166.4201	0.2671545	5.140584
6828	-3066.684	-3233.907	167.2224	0.2661931	4.694546
6834	-3058.967	-3225.218	166.2505	0.4169767	5.151572
6840	-3053.181	-3219.863	166.6815	0.1540518	5.058387
6846	-3059.788	-3227.216	167.4275	0.2864042	4.568234
6852	-3061.787	-3228.045	166.2583	0.2546817	5.237023
6858	-3060.263	-3226.854	166.5909	0.2546817	5.052805
6864	-3057.997	-3225.315	167.3186	0.2637522	4.642027
6870	-3061.349	-3227.787	166.4385	0.152886	5.193676
6876	-3058.753	-3225.472	166.7192	0.2297227	4.995434
6882	-3049.013	-3215.394	166.3809	0.1856206	5.2074
6888	-3049.725	-3216.98	167.2558	0.08907586	4.774871
6894	-3049.217	-3215.729	166.5118	0.08907586	5.188393
6900	-3048.149	-3215.092	166.9427	0.2845113	4.840577
6906	-3054.074	-3220.029	165.9555	0.2210505	5.42265
6912	-3052.258	-3219.531	167.2729	0.0596576	4.781778
6918	-3056.044	-3223.293	167.2485	0.06564743	4.792028
6924	-3049.943	-3216.912	166.9688	0.2730982	4.832346
6930	-3049.746	-3216.548	166.8014	0.2209835	4.954634
6936	-3049.002	-3215.98	166.9776	0.281517	4.822777
6942	-3057.797	-3224.744	166.9479	0.3007696	4.828583
6948	-3055.726	-3222.815	167.0892	0.141802	4.83843
6954	-3053.521	-3220.144	166.6233	0.2298275	5.048653
6960	-3056.868	-3223.147	166.279	0.2717361	5.216173
6966	-3059.102	-3226.249	167.1468	0.1293406	4.813257
6972	-3052.302	-3219.348	167.0462	0.1392551	4.86385
6978	-3048.532	-3215.457	166.9251	0.187512	4.904379
6984	-3048.095	-3214.708	166.6122	0.2824192	5.02561
6990	-3057.112	-3223.8	166.6878	0.1786176	5.041248
6996	-3058.743	-3225.543	166.7993	0.3739944	4.870582
7002	-3043.593	-3210.004	166.4109	0.3149303	5.11922
7008	-3053.877	-3220.81	166.9323	0.3149303	4.829396
7014	-3044.617	-3211.488	166.8712	0.09826989	4.984033
7020	-3050.102	-3216.425	166.3233	0.2956479	5.178435
7026	-3048.249	-3214.478	166.2281	0.2956479	5.231054
7032	-3054.102	-3220.547	166.4454	0.3275415	5.093132
7038	-3050.621	-3217.16	166.5388	0.1794752	5.123411
7044	-3047.121	-3214.572	167.4511	0.01605438	4.70654
7050	-3043.865	-3210.478	166.6127	0.01246921	5.174977
7056	-3049.238	-3216.516	167.2783	0.04551723	4.786657
7062	-3052.946	-3218.907	165.9616	0.3033539	5.373964
7068	-3052.283	-3218.287	166.0037	0.261215	5.373964
7074	-3041.06	-3207.841	166.7806	0.261215	4.943791
7080	-3046.047	-3213.015	166.9683	0.2261171	4.858809
7086	-3047.072	-3214.178	167.107	0.2151193	4.787619
7092	-3045.589	-3212.612	167.0229	0.2991979	4.787619
7098	-3045.489	-3211.298	165.8094	0.2087181	5.509867
7104	-3046.131	-3212.456	166.3251	0.3078149	5.170712
7110	-3043.899	-3210.79	166.8908	0.1336705	4.953423
7116	-3050.717	-3217.266	166.549	0.1115816	5.155363
7122	-3055.086	-3222.294	167.2073	0.1755827	4.753667
7128	-3052.033	-3218.846	166.8136	0.1231482	5.002231
7134	-3052.751	-3220.289	167.5385	0.1381958	4.589116
7140	-3053.149	-3221.248	168.0993	0.1948726	4.240931
7146	-3058.773	-3226.755	167.9816	0.09192297	4.365768
7152	-3050.53	-3218.212	167.6821	0.1003313	4.529759
7158	-3046.769	-3213.907	167.1378	0.3122362	4.716097
7164	-3054.249	-3221.607	167.358	0.09206934	4.716097
7170	-3048.719	-3215.711	166.9917	0.2892659	4.810579
7176	-3055.89	-3222.886	166.9967	0.1333197	4.894727
7182	-3051.566	-3218.515	166.9494	0.1806283	4.894727
7188	-3051.763	-3217.782	166.0186	0.2760106	5.357597
7194	-3041.103	-3207.097	165.994	0.3005985	5.357597
7200	-3042.155	-3209.215	167.0607	0.009636217	4.927954
7206	-3055.152	-3222.144	166.992	0.07832269	4.927954
7212	-3059.016	-3226.455	167.4397	0.1251389	4.651857
7218	-3056.054	-3222.801	166.7464	0.1075703	5.048181
7224	-3053.729	-3221.21	167.481	0.08201473	4.652862
7230	-3041.819	-3209.105	167.2858	0.2772076	4.652862
7236	-3059.369	-3226.724	167.3546	0.1661143	4.676563
7242	-3048.374	-3215.31	166.9361	0.1661143	4.910192
7248	-3055.496	-3222.276	166.7807	0.04236317	5.065311
7254	-3056.714	-3223.075	166.3607	0.2629107	5.175849
7260	-3074.316	-3242.101	167.785	0.1645064	4.435736
7266	-3065.874	-3233.615	167.7413	0.2562964	4.408645
7272	-3069.788	-3236.218	166.4292	0.2562964	5.141554
7278	-3055.899	-3222.393	166.494	0.1915254	5.141554
7284	-3054.511	-3221.669	167.1581	0.2851992	4.719857
7290	-3054.867	-3221.875	167.0075	0.2696853	4.812654
7296	-3051.751	-3218.997	167.2457	0.2202775	4.707202
7302	-3052.575	-3219.347	166.7724	0.2202775	4.971115
7308	-3044.788	-3211.776	166.9875	0.05795362	4.941802
7314	-3042.685	-3210.083	167.3983	0.02076192	4.733433
7320	-3048.253	-3215.641	167.3881	0.03094755	4.733433
7326	-3051.025	-3218.271	167.2463	0.1659321	4.737235
7332	-3060.184	-3227.554	167.3698	0.15934	4.67185
7338	-3064.305	-3231.473	167.1678	0.05026284	4.84564
7344	-3057.383	-3224.316	166.9329	0.3259873	4.822885
7350	-3044.337	-3211.335	166.9982	0.1945353	4.859752
7356	-3044.096	-3211.219	167.1232	0.1945353	4.790016
7362	-3043.8	-3209.835	166.0352	0.290498	5.340426
7368	-3037.805	-3204.641	166.8363	0.290498	4.896476
7374	-3056.007	-3223.178	167.1706	0.290498	4.709914
7380	-3052.079	-3218.83	166.7514	0.1468967	5.023564
7386	-3055.003	-3221.791	166.7881	0.3137676	4.910406
7392	-3065.598	-3232.737	167.1381	0.2676225	4.740874
7398	-3056.172	-3223.064	166.892	0.1409707	4.948717
7404	-3065.692	-3232.161	166.4686	0.1767456	5.163785
7410	-3046.674	-3214.016	167.3415	0.07641236	4.73409
7416	-3052.233	-3219.522	167.2887	0.1292316	4.73409
7422	-3048.25	-3215.566	167.3162	0.2350334	4.659488
7428	-3045.485	-3213.489	168.0032	0.03335778	4.386671
7434	-3050.956	-3217.579	166.6238	0.01010375	5.170113
7440	-3045.287	-3212.625	167.3384	0.01683183	4.769109
7446	-3049.414	-3215.961	166.5472	0.129299	5.146573
7452	-3060.51	-3227.88	167.3694	0.1801587	4.660396
7458	-3044.348	-3211.175	166.8273	0.1826866	4.961484
7464	-3041.164	-3207.886	166.7224	0.287648	4.961484
7470	-3057.617	-3224.091	166.4746	0.154178	5.172995
7476	-3050.904	-3217.61	166.7055	0.2350776	5.000101
7482	-3059.863	-3227.019	167.1562	0.1442524	4.79968
7488	-3069.398	-3236.902	167.5045	0.1850535	4.581896
7494	-3052.519	-3219.618	167.0988	0.01197546	4.905413
7500	-3049.504	-3216.382	166.8777	0.05362388	5.005207
7506	-3059.87	-3227.261	167.3908	0.03928684	4.727245
7512	-3057.457	-3224.693	167.2356	0.2730009	4.683354
7518	-3057.396	-3224.315	166.9188	0.1859035	4.908786
7524	-3052.037	-3219.236	167.1989	0.01858585	4.845999
7530	-3068.802	-3235.716	166.9139	0.1319241	4.941552
7536	-3064.183	-3230.846	166.6623	0.1398906	5.076879
7542	-3063.892	-3230.081	166.1895	0.1398906	5.338419
7548	-3051.665	-3218.179	166.5146	0.1152157	5.172388
7554	-3064.519	-3230.373	165.8545	0.3277354	5.419554
7560	-3059.834	-3226.516	166.682	0.3587677	4.944368
7566	-3051.059	-3217.823	166.7648	0.2760393	4.944368
7572	-3058.983	-3225.595	166.6121	0.2760393	5.029223
7578	-3046.617	-3213.229	166.6121	0.2760393	5.029223
7584	-3057.311	-3224.128	166.8176	0.07050231	5.029223
7590	-3059.749	-3226.945	167.1962	0.1355172	4.782217
7596	-3061.305	-3228.378	167.0733	0.1744005	4.829141
7602	-3061.048	-3227.969	166.9205	0.2310342	4.882739
7608	-3058.839	-3225.54	166.7005	0.1569785	5.046239
7614	-3049.374	-3216.327	166.9528	0.1569785	4.905967
7620	-3046.639	-3213.73	167.0908	0.3031801	4.747429
7626	-3043.19	-3210.348	167.1579	0.06372784	4.843673
7632	-3049.518	-3216.342	166.8231	0.2125794	4.947228
7638	-3051.397	-3218.328	166.9313	0.09628243	4.951692
7644	-3054.702	-3222.25	167.5483	0.3179961	4.482598
7650	-3054.321	-3221.927	167.606	0.1561174	4.541189
7656	-3059.304	-3225.732	166.4281	0.2385428	5.15203
7662	-3059.721	-3227.283	167.5614	0.2958539	4.487702
7668	-3045.195	-3212.019	166.8238	0.2052317	4.950925
7674	-3057.093	-3224.013	166.92	0.193451	4.903911
7680	-3058.103	-3225.13	167.0273	0.193451	4.84413
7686	-3059.462	-3225.724	166.2618	0.3126088	5.203038
7692	-3047.148	-3214.234	167.0865	0.2374209	4.786603
7698	-3051.575	-3218.72	167.1456	0.1783335	4.786603
7704	-3044.869	-3211.361	166.4915	0.3589889	5.050092
7710	-3043.69	-3210.223	166.533	0.3413666	5.03684
7716	-3042.335	-3209.308	166.9724	0.1282367	4.911094
7722	-3047.291	-3214.107	166.8165	0.2437005	4.933549
7728	-3062.081	-3228.775	166.6933	0.1199011	5.070804
7734	-3059.27	-3225.77	166.4994	0.3137983	5.070804
7740	-3058.488	-3225.116	166.6281	0.2543824	5.03236
7746	-3053.258	-3220.336	167.0779	0.08934508	4.873978
7752	-3048.063	-3215.346	167.2834	0.2072084	4.693445
7758	-3051.257	-3218.404	167.1478	0.2134233	4.765769
7764	-3038.469	-3205.595	167.1257	0.04268197	4.873314
7770	-3045.985	-3212.703	166.7183	0.2376207	4.991531
7776	-3059.523	-3226.842	167.3189	0.1084241	4.728835
7782	-3050.908	-3217.626	166.7181	0.03160258	5.105997
7788	-3046.558	-3214.012	167.4543	0.03352167	4.695002
7794	-3042.69	-3209.863	167.173	0.0928756	4.818982
7800	-3046.487	-3213.573	167.0867	0.1130159	4.855879
