Iteration	Posterior	Likelihood	Prior	tree_length
0	-33.60066	-207.0034	173.4028	0.9256203
6	-34.95127	-208.3128	173.3616	0.9692238
12	-37.84596	-210.7131	172.8671	1.400503
18	-35.0987	-207.9389	172.8402	1.42138
24	-41.45232	-214.7923	173.3399	0.9913036
30	-34.97669	-208.3646	173.3879	0.941614
36	-32.92311	-206.2082	173.2851	1.045202
42	-36.67673	-209.653	172.9763	1.314035
48	-27.95444	-201.2472	173.2928	1.037831
54	-32.02932	-204.983	172.9537	1.332203
60	-43.20051	-216.0612	172.8607	1.405497
66	-32.98372	-205.8279	172.8442	1.418252
72	-31.90991	-204.6264	172.7165	1.515168
78	-32.09449	-204.8874	172.7929	1.457544
84	-34.27369	-207.2843	173.0106	1.28619
90	-35.65187	-208.9721	173.3202	1.011018
96	-31.64715	-204.9957	173.3485	0.982619
102	-23.66069	-197.1105	173.4498	0.8725656
108	-26.77076	-199.4775	172.7068	1.522406
114	-47.94875	-220.5722	172.6234	1.583861
120	-44.65386	-217.5103	172.8565	1.408758
126	-46.66922	-219.3161	172.6469	1.566702
132	-52.10896	-224.9141	172.8051	1.448269
138	-39.64744	-212.4126	172.7652	1.478613
144	-27.72443	-200.9713	173.2469	1.081258
150	-34.76475	-208.0191	173.2544	1.074283
156	-28.78044	-202.0348	173.2544	1.074283
162	-29.45863	-202.5384	173.0797	1.228797
168	-33.12733	-206.2236	173.0963	1.214787
174	-31.76396	-204.6673	172.9033	1.372196
180	-36.91461	-209.6466	172.7319	1.5036
186	-35.39134	-207.5534	172.162	1.907532
192	-35.02073	-207.928	172.9072	1.3691
198	-37.45565	-209.8887	172.433	1.720425
204	-28.32661	-201.4634	173.1367	1.180051
210	-33.85882	-206.9956	173.1367	1.180051
216	-47.86035	-221.0673	173.207	1.11787
222	-39.74536	-212.738	172.9926	1.300849
228	-41.08343	-213.8425	172.7591	1.483205
234	-43.21359	-216.7206	173.507	0.8015546
240	-39.54172	-212.626	173.0843	1.224966
246	-47.81332	-220.5998	172.7865	1.462454
252	-26.21408	-199.0524	172.8383	1.422793
258	-35.3119	-208.2591	172.9472	1.337372
264	-24.94487	-198.5013	173.5564	0.7302063
270	-24.78234	-198.1701	173.3877	0.9417791
276	-28.48137	-201.2855	172.8041	1.449012
282	-38.14509	-210.7246	172.5795	1.615837
288	-36.06158	-209.1028	173.0413	1.260933
294	-31.96701	-205.0396	173.0726	1.234762
300	-41.43827	-214.3692	172.9309	1.350349
306	-45.25356	-218.5464	173.2928	1.037772
312	-47.34333	-219.7825	172.4391	1.716096
318	-51.26264	-223.7018	172.4391	1.716096
324	-56.41422	-228.4095	171.9952	2.019432
330	-41.80764	-215.0052	173.1976	1.126309
336	-48.63121	-221.7219	173.0907	1.219511
342	-44.69029	-218.1373	173.447	0.8758646
348	-39.14312	-212.1571	173.014	1.283424
354	-47.96128	-220.9305	172.9692	1.319755
360	-45.30457	-218.2738	172.9692	1.319755
366	-40.09535	-213.5343	173.439	0.8851816
372	-42.94007	-216.364	173.424	0.9021971
378	-41.34758	-214.1595	172.8119	1.443066
384	-45.51032	-218.8974	173.3871	0.9424989
390	-39.50322	-212.0494	172.5462	1.639856
396	-35.78503	-208.9318	173.1468	1.171325
402	-45.71116	-218.3542	172.6431	1.569473
408	-47.19657	-219.9487	172.7522	1.488424
414	-43.97237	-216.9446	172.9722	1.317319
420	-46.07851	-219.1593	173.0808	1.22788
426	-51.35709	-223.9571	172.6	1.600946
432	-58.25675	-230.0707	171.8139	2.138816
438	-61.63671	-234.3204	172.6837	1.539549
444	-47.34654	-220.1882	172.8417	1.420195
450	-47.80225	-221.0448	173.2426	1.085245
456	-45.4456	-218.7326	173.287	1.043386
462	-37.30243	-209.7129	172.4105	1.736287
468	-35.21938	-207.9404	172.721	1.51177
474	-37.06288	-210.2193	173.1564	1.162887
480	-46.7391	-219.8429	173.1038	1.208424
486	-45.54525	-218.7756	173.2303	1.096559
492	-36.98097	-210.2648	173.2838	1.046395
498	-40.74987	-213.6862	172.9364	1.346055
504	-36.51573	-209.4942	172.9784	1.312328
510	-42.58227	-215.2726	172.6904	1.534589
516	-59.26286	-231.6285	172.3656	1.767647
522	-41.80998	-214.8096	172.9996	1.295132
528	-35.85161	-208.8512	172.9996	1.295132
534	-33.69033	-206.6018	172.9115	1.365746
540	-25.29112	-198.2952	173.0041	1.29147
546	-33.43197	-206.9826	173.5506	0.739299
552	-29.46409	-203.0675	173.6034	0.6435238
558	-27.98734	-201.3356	173.3483	0.9828499
564	-35.59112	-208.782	173.1909	1.132352
570	-31.61874	-204.9534	173.3346	0.9966453
576	-32.2949	-205.3492	173.0543	1.250072
582	-26.79948	-200.3696	173.5701	0.7077672
588	-38.26541	-210.8898	172.6243	1.583186
594	-34.59863	-207.5331	172.9345	1.347558
600	-34.7768	-208.0462	173.2694	1.060114
606	-37.70921	-211.1456	173.4364	0.8880797
612	-47.69747	-219.9561	172.2586	1.841649
618	-44.80647	-217.5955	172.7891	1.460504
624	-42.28159	-215.0347	172.7532	1.487672
630	-40.39668	-213.7325	173.3358	0.9954311
636	-39.32914	-212.5702	173.241	1.086695
642	-38.2821	-210.208	171.9259	2.065309
648	-33.5938	-206.4062	172.8124	1.442732
654	-38.99097	-211.8728	172.8818	1.389039
660	-35.32688	-208.3817	173.0548	1.249674
666	-55.34836	-228.5404	173.1921	1.131275
672	-40.32867	-213.2451	172.9164	1.361865
678	-44.23574	-216.9458	172.71	1.519988
684	-35.08992	-207.9141	172.8242	1.433672
690	-34.42114	-207.6809	173.2598	1.069226
696	-38.98632	-211.3561	172.3698	1.764771
702	-46.57653	-219.4872	172.9107	1.366384
708	-42.7648	-215.6755	172.9107	1.366384
714	-39.16467	-212.0753	172.9107	1.366384
720	-31.60233	-204.7103	173.108	1.204838
726	-30.54977	-203.0562	172.5064	1.668337
732	-47.37932	-219.8858	172.5064	1.668337
738	-49.32705	-221.8335	172.5064	1.668337
744	-36.26045	-209.4148	173.1544	1.164685
750	-34.93739	-208.0918	173.1544	1.164685
756	-36.90641	-209.6047	172.6983	1.52871
762	-34.38289	-207.1405	172.7576	1.484315
768	-30.69084	-203.5203	172.8295	1.429614
774	-31.62372	-204.0348	172.411	1.735873
780	-29.82261	-203.068	173.2454	1.082666
786	-32.63446	-206.0345	173.4	0.9286116
792	-32.93917	-205.8675	172.9283	1.352455
798	-36.1037	-209.3484	173.2447	1.083274
804	-34.19381	-207.5786	173.3848	0.9449431
810	-38.78547	-212.0187	173.2332	1.093944
816	-35.71064	-208.7808	173.0702	1.236843
822	-37.12196	-210.5561	173.4342	0.8906445
828	-35.76886	-208.851	173.0821	1.226791
834	-59.75064	-232.8625	173.1119	1.201464
840	-45.57124	-218.7705	173.1993	1.124782
846	-48.96412	-222.1634	173.1993	1.124782
852	-34.48308	-207.8091	173.3261	1.005207
858	-43.253	-216.1945	172.9415	1.341946
864	-42.62116	-215.6062	172.9851	1.306966
870	-37.25171	-210.4139	173.1622	1.157817
876	-42.36191	-215.5241	173.1622	1.157817
882	-41.63352	-214.5361	172.9026	1.372757
888	-39.03429	-212.0278	172.9935	1.300136
894	-41.47596	-214.1116	172.6356	1.574931
900	-31.33529	-204.1017	172.7664	1.47767
906	-43.36285	-216.4597	173.0968	1.214302
912	-55.93583	-229.1418	173.2059	1.118812
918	-52.272	-224.4362	172.1642	1.906031
924	-30.45224	-203.5557	173.1034	1.208691
930	-34.94621	-207.8142	172.868	1.399819
936	-38.9387	-211.9218	172.9831	1.308529
942	-40.66874	-213.5798	172.9111	1.366087
948	-37.44897	-210.5124	173.0634	1.242468
954	-37.60034	-210.6542	173.0539	1.25044
960	-32.07098	-204.8955	172.8245	1.4334
966	-37.13259	-210.1034	172.9708	1.318477
972	-33.49202	-207.1003	173.6083	0.6322205
978	-36.89493	-210.2727	173.3778	0.9523151
984	-53.37271	-225.7102	172.3375	1.787254
990	-39.56764	-213.0502	173.4825	0.8330186
996	-37.00556	-209.6973	172.6918	1.533561
1002	-38.33306	-211.5738	173.2408	1.086956
1008	-32.01527	-205.115	173.0997	1.211893
1014	-43.12657	-215.9977	172.8712	1.397341
1020	-50.2571	-223.648	173.3909	0.9384098
1026	-47.33262	-219.9892	172.6566	1.55952
1032	-41.21497	-214.3451	173.1301	1.185765
1038	-42.66513	-214.9524	172.2873	1.821951
1044	-40.40443	-213.4442	173.0398	1.262174
1050	-34.38076	-207.8594	173.4786	0.8379247
1056	-38.28603	-210.9419	172.6559	1.560068
1062	-41.83913	-214.7005	172.8614	1.404937
1068	-37.12342	-210.2344	173.111	1.202253
1074	-46.94942	-220.0604	173.111	1.202253
1080	-39.58366	-212.6017	173.0181	1.280064
1086	-36.66851	-209.5955	172.927	1.353505
1092	-26.66522	-199.6118	172.9466	1.337914
1098	-33.3791	-206.6939	173.3148	1.016357
1104	-39.01873	-212.2861	173.2674	1.062081
1110	-44.6889	-217.8459	173.157	1.162336
1116	-46.65088	-219.8979	173.247	1.081127
1122	-45.28837	-218.6869	173.3985	0.9302003
1128	-35.4037	-208.735	173.3314	0.9999284
1134	-31.1857	-204.7572	173.5715	0.7053742
1140	-41.62566	-214.4156	172.79	1.45981
1146	-43.56064	-216.5772	173.0165	1.281327
1152	-40.91048	-214.0872	173.1767	1.144971
1158	-35.15052	-208.6527	173.5022	0.8078807
1164	-39.4114	-212.3197	172.9083	1.368223
1170	-23.83417	-196.7189	172.8847	1.386757
1176	-34.50221	-207.1882	172.686	1.537833
1182	-48.71007	-221.2953	172.5852	1.611662
1188	-40.44226	-213.0417	172.5994	1.601356
1194	-36.27238	-209.7152	173.4428	0.8807031
1200	-37.10538	-210.0812	172.9758	1.314471
1206	-37.10353	-210.2905	173.187	1.135836
1212	-38.78642	-212.073	173.2866	1.043743
1218	-37.54989	-210.7067	173.1568	1.162537
1224	-28.82694	-201.7741	172.9471	1.337465
1230	-26.48402	-199.3387	172.8547	1.410129
1236	-22.55978	-196.0671	173.5073	0.8010851
1242	-34.71993	-207.808	173.0881	1.221719
1248	-34.61904	-207.7267	173.1077	1.20505
1254	-33.65548	-206.731	173.0756	1.232308
1260	-31.55517	-204.6726	173.1175	1.196678
1266	-34.3604	-207.4779	173.1175	1.196678
1272	-25.87705	-198.5111	172.634	1.576114
1278	-27.50175	-200.2766	172.7748	1.471306
1284	-39.40368	-212.5199	173.1162	1.197765
1290	-44.35391	-217.5935	173.2396	1.088002
1296	-35.02683	-208.0126	172.9858	1.306352
1302	-38.56983	-211.738	173.1681	1.152572
1308	-29.95921	-203.3206	173.3614	0.9694102
1314	-29.22802	-201.8826	172.6546	1.561011
1320	-35.62708	-208.7387	173.1116	1.201729
1326	-41.10728	-214.1029	172.9956	1.298377
1332	-38.78953	-211.6333	172.8438	1.418595
1338	-42.02971	-215.0078	172.9781	1.312589
1344	-43.56115	-216.9221	173.3609	0.9699184
1350	-42.0285	-215.2056	173.1771	1.14464
1356	-40.88794	-213.7543	172.8664	1.401062
1362	-44.84219	-217.797	172.9548	1.331305
1368	-51.81867	-224.4498	172.6311	1.578245
1374	-41.98989	-215.3553	173.3654	0.9652164
1380	-47.59586	-219.8252	172.2294	1.861687
1386	-42.87675	-215.8834	173.0066	1.289413
1392	-33.17079	-205.8678	172.697	1.529677
1398	-35.23805	-207.8472	172.6092	1.594258
1404	-42.34683	-215.1866	172.8398	1.421633
1410	-37.43486	-210.293	172.8581	1.407485
1416	-36.9493	-209.7956	172.8463	1.416665
1422	-45.74273	-218.737	172.9943	1.299474
1428	-38.63165	-210.9387	172.3071	1.808287
1434	-39.23908	-212.5389	173.2998	1.030981
1440	-57.42907	-230.4784	173.0493	1.25427
1446	-44.94896	-217.5799	172.631	1.578338
1452	-42.26419	-215.6472	173.383	0.9468216
1458	-40.86112	-213.9999	173.1388	1.178251
1464	-42.34895	-215.6787	173.3297	1.001542
1470	-32.32292	-205.7709	173.448	0.8747624
1476	-28.82246	-201.717	172.8945	1.379109
1482	-23.31512	-196.3735	173.0583	1.246744
1488	-30.67733	-203.8552	173.1779	1.14394
1494	-39.27151	-212.5784	173.3069	1.024115
1500	-41.5877	-213.6557	172.068	1.970904
1506	-44.58174	-216.8383	172.2565	1.843113
1512	-34.13989	-206.8877	172.7478	1.491712
1518	-44.11215	-216.9595	172.8474	1.41579
1524	-46.85054	-219.6979	172.8474	1.41579
1530	-43.23254	-216.3316	173.0991	1.212404
1536	-40.55503	-213.6072	173.0522	1.251858
1542	-25.3165	-198.7908	173.4743	0.8431884
1548	-34.11117	-207.4676	173.3564	0.974572
1554	-40.53763	-213.7229	173.1853	1.137377
1560	-34.80243	-208.2935	173.4911	0.8222295
1566	-37.04535	-210.1164	173.0711	1.236059
1572	-44.01617	-216.9088	172.8926	1.380571
1578	-48.43971	-221.4448	173.0051	1.290687
1584	-46.58688	-219.2239	172.637	1.573892
1590	-39.53177	-212.3148	172.7831	1.465057
1596	-33.95978	-206.5329	172.5731	1.620441
1602	-33.39836	-206.0875	172.6892	1.535476
1608	-38.04794	-210.5265	172.4786	1.688193
1614	-36.15393	-209.648	173.4941	0.818357
1620	-40.38169	-213.6836	173.3019	1.028952
1626	-44.25832	-217.2665	173.0082	1.288136
1632	-36.62153	-209.8656	173.244	1.083912
1638	-46.43852	-219.2135	172.7749	1.471214
1644	-41.81823	-213.9879	172.1696	1.902386
1650	-33.31044	-206.8947	173.5842	0.6825753
1656	-32.32392	-205.3779	173.054	1.250367
1662	-26.4117	-199.7639	173.3522	0.9789046
1668	-33.69387	-206.8798	173.1859	1.136762
1674	-47.66241	-220.6071	172.9447	1.339438
1680	-40.15967	-213.1043	172.9447	1.339438
1686	-47.96345	-220.7346	172.7712	1.474059
1692	-36.58492	-209.3561	172.7712	1.474059
1698	-37.76486	-211.0076	173.2428	1.085074
1704	-35.00723	-207.4279	172.4207	1.729105
1710	-38.51893	-211.619	173.1	1.211604
1716	-37.31483	-210.5613	173.2464	1.081697
1722	-37.89353	-210.8153	172.9217	1.357648
1728	-40.88839	-213.8918	173.0034	1.29209
1734	-43.00354	-216.3759	173.3723	0.9580534
1740	-41.52321	-214.991	173.4677	0.8512343
1746	-41.29906	-214.2936	172.9945	1.2993
1752	-40.06736	-213.0619	172.9945	1.2993
1758	-41.79432	-214.7888	172.9945	1.2993
1764	-38.54623	-211.8946	173.3484	0.9827689
1770	-32.74804	-205.841	173.0929	1.217625
1776	-27.14575	-200.3653	173.2196	1.106406
1782	-38.36647	-211.8065	173.44	0.8839261
1788	-32.71906	-206.1647	173.4456	0.8774475
1794	-34.51155	-207.229	172.7174	1.514478
1800	-28.44649	-201.5666	173.1201	1.194394
1806	-37.08703	-209.951	172.864	1.402913
1812	-39.18203	-212.1125	172.9305	1.350742
1818	-37.55852	-210.489	172.9305	1.350742
1824	-51.31883	-223.7495	172.4307	1.722068
1830	-46.99061	-220.1761	173.1855	1.137145
1836	-41.69708	-214.6428	172.9457	1.338619
1842	-41.0433	-214.4065	173.3632	0.9675419
1848	-43.04891	-215.9848	172.9359	1.346415
1854	-49.83018	-223.0471	173.2169	1.108847
1860	-39.56278	-212.4132	172.8504	1.413463
1866	-41.15045	-214.0591	172.9086	1.36801
1872	-44.1913	-217.5671	173.3758	0.9543792
1878	-37.4376	-209.8191	172.3815	1.756557
1884	-32.06716	-205.4163	173.3491	0.9820003
1890	-36.38097	-209.3431	172.9621	1.325469
1896	-36.76647	-209.7286	172.9621	1.325469
1902	-39.56968	-212.6036	173.0339	1.267037
1908	-41.66237	-214.4567	172.7943	1.456484
1914	-47.13769	-220.0274	172.8897	1.382865
1920	-50.41858	-223.4315	173.013	1.284255
1926	-36.19973	-209.5296	173.3299	1.001385
1932	-32.93848	-205.4252	172.4867	1.682405
1938	-44.02464	-216.662	172.6373	1.573693
1944	-38.01524	-210.7359	172.7206	1.512062
1950	-41.59385	-214.8376	173.2437	1.084224
1956	-40.67659	-213.5589	172.8823	1.388666
1962	-38.38244	-211.6461	173.2637	1.065559
1968	-37.64057	-210.5259	172.8853	1.386291
1974	-44.80907	-218.2464	173.4374	0.8870155
1980	-38.06271	-211.5636	173.5009	0.8096135
1986	-37.47888	-210.8547	173.3758	0.9543796
1992	-47.55257	-220.496	172.9434	1.34041
1998	-45.26395	-218.1032	172.8393	1.422043
2004	-37.26853	-210.4581	173.1896	1.133496
2010	-36.8026	-209.7582	172.9556	1.33067
2016	-32.55159	-205.5072	172.9556	1.33067
2022	-41.25776	-214.3868	173.129	1.186708
2028	-39.89413	-213.1175	173.2233	1.102983
2034	-35.7656	-209.2389	173.4733	0.8444584
2040	-45.10846	-218.4072	173.2987	1.032048
2046	-45.22205	-217.9923	172.7702	1.474796
2052	-46.11821	-219.3875	173.2693	1.060246
2058	-43.42932	-216.5768	173.1475	1.170673
2064	-43.02567	-215.8831	172.8574	1.408052
2070	-36.38533	-209.1246	172.7393	1.498081
2076	-40.0694	-212.8566	172.7873	1.461874
2082	-29.84764	-203.0212	173.1735	1.147802
2088	-31.41623	-204.464	173.0477	1.255566
2094	-38.4014	-211.1803	172.7789	1.468218
2100	-36.40846	-209.328	172.9195	1.359427
2106	-44.1324	-216.6419	172.5095	1.666142
2112	-44.83435	-217.7211	172.8868	1.385176
2118	-44.92059	-218.1951	173.2745	1.055331
2124	-31.73413	-204.6054	172.8713	1.397261
2130	-30.09453	-202.7647	172.6702	1.549505
2136	-33.58328	-206.9021	173.3188	1.012402
2142	-37.87799	-210.9058	173.0279	1.272018
2148	-30.44268	-203.1553	172.7126	1.518026
2154	-38.04118	-211.2169	173.1757	1.145877
2160	-49.84179	-222.274	172.4322	1.720979
2166	-42.62588	-216.0179	173.3921	0.9371645
2172	-33.00621	-205.8038	172.7975	1.45404
2178	-28.54078	-201.7074	173.1667	1.153868
2184	-28.8318	-202.0246	173.1928	1.130614
2190	-39.61618	-212.2598	172.6436	1.569061
2196	-32.95772	-205.8575	172.8998	1.374984
2202	-43.24381	-216.4848	173.241	1.086741
2208	-31.27196	-204.5129	173.241	1.086741
2214	-30.4888	-203.0773	172.5885	1.609322
2220	-38.10373	-211.5807	173.477	0.8399268
2226	-28.15368	-201.0279	172.8742	1.394953
2232	-45.42789	-218.5704	173.1426	1.174993
2238	-44.27638	-216.6771	172.4007	1.743127
2244	-42.22244	-215.5608	173.3383	0.9929459
2250	-34.93964	-208.1527	173.2131	1.112352
2256	-36.75369	-209.5779	172.8242	1.433666
2262	-39.12216	-212.1984	173.0763	1.231692
2268	-38.11524	-211.1766	173.0613	1.244223
2274	-36.83688	-209.8982	173.0613	1.244223
2280	-32.01051	-205.2789	173.2684	1.061057
2286	-31.57684	-205.1215	173.5447	0.7483322
2292	-36.92742	-210.3607	173.4333	0.8916298
2298	-36.88908	-210.046	173.1569	1.162484
2304	-37.34115	-210.6966	173.3554	0.9755556
2310	-32.45576	-205.5816	173.1258	1.18949
2316	-30.45471	-203.9209	173.4662	0.8531091
2322	-36.73318	-209.7416	173.0084	1.287965
2328	-45.21215	-218.4673	173.2551	1.073587
2334	-43.65544	-216.9396	173.2842	1.04605
2340	-44.13313	-217.1796	173.0464	1.256647
2346	-35.69263	-208.8162	173.1236	1.191435
2352	-31.34769	-204.3606	173.0129	1.284321
2358	-34.26476	-207.3788	173.114	1.199625
2364	-42.11757	-214.7413	172.6237	1.583645
2370	-35.06296	-208.0586	172.9956	1.29838
2376	-32.22918	-205.7229	173.4937	0.818844
2382	-29.86245	-203.3662	173.5037	0.8058442
2388	-32.72469	-205.7323	173.0076	1.288623
2394	-47.75524	-220.3707	172.6154	1.589703
2400	-32.5552	-205.7474	173.1922	1.131136
2406	-44.36532	-217.4835	173.1182	1.196091
2412	-36.48524	-208.9845	172.4992	1.67348
2418	-36.44596	-209.4373	172.9914	1.301838
2424	-32.4093	-205.583	173.1737	1.147674
2430	-39.54525	-212.5671	173.0218	1.276997
2436	-31.96485	-204.9422	172.9773	1.313233
2442	-37.52999	-210.3646	172.8346	1.425627
2448	-36.23763	-209.701	173.4633	0.8565599
2454	-34.55484	-207.9094	173.3545	0.9764531
2460	-45.44268	-218.1064	172.6637	1.554287
2466	-45.43512	-218.1661	172.731	1.504332
2472	-49.18743	-220.9439	171.7565	2.176199
2478	-43.50314	-216.8665	173.3633	0.9674065
2484	-49.92517	-223.0587	173.1335	1.18285
2490	-49.1461	-222.4319	173.2858	1.044508
2496	-46.04661	-218.2764	172.2298	1.861441
2502	-36.23671	-209.589	173.3523	0.9787666
2508	-37.35726	-210.2503	172.893	1.380278
2514	-45.62156	-218.9553	173.3337	0.9975318
2520	-35.85576	-208.8516	172.9958	1.298254
2526	-40.90547	-214.1182	173.2127	1.112685
2532	-30.26409	-203.2475	172.9834	1.308339
2538	-24.03907	-197.2645	173.2254	1.101104
2544	-22.06918	-195.5898	173.5206	0.7830999
2550	-27.60041	-200.6641	173.0637	1.242259
2556	-34.47762	-207.6313	173.1537	1.165244
2562	-38.96814	-212.3596	173.3914	0.9378417
2568	-32.46585	-205.1211	172.6553	1.560528
2574	-39.54553	-212.6576	173.1121	1.20131
2580	-35.56876	-208.8013	173.2325	1.094562
2586	-32.61725	-205.8177	173.2005	1.123753
2592	-30.11508	-203.2622	173.1472	1.170988
2598	-35.37224	-207.7831	172.4108	1.736021
2604	-33.74559	-207.0082	173.2626	1.066532
2610	-36.8403	-210.3248	173.4845	0.8305475
2616	-31.50659	-203.9697	172.4631	1.699142
2622	-29.43347	-202.3871	172.9536	1.3323
2628	-33.43096	-206.3845	172.9536	1.3323
2634	-26.02595	-199.2489	173.223	1.103329
2640	-30.95396	-204.3444	173.3905	0.9388765
2646	-41.05682	-214.629	173.5722	0.7042603
2652	-39.76711	-212.9246	173.1575	1.161913
2658	-41.12682	-214.3853	173.2585	1.070387
2664	-48.80664	-221.7428	172.9362	1.346171
2670	-52.68491	-225.6069	172.922	1.357421
2676	-53.25164	-225.975	172.7233	1.51005
2682	-49.50955	-221.9	172.3905	1.750294
2688	-45.46698	-218.3299	172.863	1.403729
2694	-35.87624	-208.8131	172.9368	1.345686
2700	-30.24862	-203.1596	172.911	1.366112
2706	-38.91779	-211.4511	172.5333	1.649094
2712	-36.60951	-209.631	173.0215	1.277283
2718	-35.30435	-207.9568	172.6524	1.562618
2724	-50.07717	-222.7585	172.6813	1.541304
2730	-31.03514	-203.638	172.6029	1.598852
2736	-37.28541	-210.7822	173.4967	0.8149647
2742	-34.93523	-208.2731	173.3379	0.9934006
2748	-27.45974	-200.9265	173.4667	0.8524533
2754	-42.65506	-215.92	173.265	1.064341
2760	-34.84247	-207.528	172.6856	1.538143
2766	-39.4087	-212.4884	173.0797	1.228791
2772	-35.38686	-207.7585	172.3717	1.76343
2778	-35.43412	-208.665	173.2309	1.096074
2784	-34.62177	-207.8739	173.2521	1.0764
2790	-40.66397	-213.3413	172.6773	1.544272
2796	-47.06412	-219.8919	172.8278	1.430901
2802	-36.42247	-209.2116	172.7891	1.460461
2808	-41.20714	-213.9126	172.7055	1.523365
2814	-43.90782	-216.9795	173.0717	1.23559
2820	-37.67337	-210.3619	172.6886	1.535918
2826	-40.21241	-213.0376	172.8252	1.432856
2832	-33.11367	-205.6971	172.5835	1.61294
2838	-31.24808	-204.2221	172.974	1.315869
2844	-34.64472	-208.0411	173.3964	0.9324652
2850	-29.46618	-202.5591	173.0929	1.217674
2856	-30.39043	-203.9133	173.5229	0.7799272
2862	-28.99611	-201.8482	172.8521	1.412166
2868	-36.57832	-208.8781	172.2998	1.813316
2874	-45.69085	-218.0057	172.3149	1.802895
2880	-42.16814	-214.4368	172.2686	1.834807
2886	-38.00239	-210.2093	172.2069	1.877037
2892	-49.90863	-222.4996	172.591	1.607473
2898	-44.76703	-217.358	172.591	1.607473
2904	-31.46094	-204.435	172.9741	1.315827
2910	-32.23528	-205.4818	173.2465	1.081576
2916	-30.31167	-203.58	173.2683	1.061155
2922	-32.57077	-205.4283	172.8575	1.407941
2928	-35.49452	-209.0654	173.5709	0.7064493
2934	-34.59722	-207.5373	172.9401	1.343064
2940	-27.19452	-200.474	173.2795	1.050588
2946	-28.30448	-201.5593	173.2548	1.073839
2952	-38.67316	-212.077	173.4039	0.9244143
2958	-48.73701	-221.5671	172.8301	1.42912
2964	-52.8128	-225.8668	173.054	1.250331
2970	-42.24065	-215.2206	172.98	1.31109
2976	-35.96059	-209.4114	173.4508	0.8714668
2982	-41.28876	-214.0264	172.7376	1.499364
2988	-38.28867	-211.519	173.2303	1.096593
2994	-40.31366	-213.4943	173.1806	1.141517
3000	-44.41008	-217.5907	173.1806	1.141517
3006	-31.21807	-204.3987	173.1806	1.141517
3012	-40.40512	-213.3163	172.9111	1.366021
3018	-42.47093	-215.7942	173.3233	1.007969
3024	-51.55793	-224.0292	172.4713	1.69335
3030	-38.55137	-211.6079	173.0565	1.248283
3036	-37.88742	-210.9439	173.0565	1.248283
3042	-54.36006	-227.2802	172.9202	1.358886
3048	-46.50452	-219.2388	172.7343	1.501826
3054	-45.97188	-218.566	172.5942	1.605171
3060	-49.37471	-222.2605	172.8858	1.385937
3066	-53.0394	-225.954	172.9146	1.363293
3072	-40.0188	-213.1581	173.1393	1.177864
3078	-36.25116	-209.574	173.3228	1.008412
3084	-44.29551	-217.7421	173.4466	0.8763
3090	-45.18513	-218.1299	172.9448	1.339329
3096	-39.13171	-212.1684	173.0366	1.26476
3102	-35.99421	-208.6696	172.6754	1.545648
3108	-41.13195	-214.3963	173.2643	1.064922
3114	-36.31707	-209.4663	173.1492	1.169201
3120	-40.27524	-213.4372	173.162	1.157979
3126	-39.45033	-212.7304	173.2801	1.049982
3132	-37.32868	-210.0359	172.7073	1.522043
3138	-32.49107	-205.1983	172.7073	1.522043
3144	-40.75409	-214.0141	173.26	1.069008
3150	-49.64438	-222.2828	172.6384	1.572886
3156	-46.65558	-218.9123	172.2567	1.842955
3162	-48.39027	-221.2727	172.8824	1.388559
3168	-39.04347	-212.3031	173.2596	1.069377
3174	-32.8054	-205.785	172.9796	1.311372
3180	-32.89511	-205.8421	172.947	1.337599
3186	-43.97236	-217.405	173.4326	0.89242
3192	-35.03349	-207.4338	172.4003	1.743422
3198	-30.71927	-203.8019	173.0826	1.226374
3204	-33.22231	-206.4845	173.2621	1.066991
3210	-44.65204	-217.2132	172.5611	1.629083
3216	-44.23374	-217.5313	173.2975	1.03322
3222	-39.06683	-211.7603	172.6935	1.532272
3228	-29.13656	-202.6105	173.474	0.8436443
3234	-29.64865	-202.9365	173.2878	1.0426
3240	-32.61643	-205.6814	173.065	1.241182
3246	-36.20878	-209.2738	173.065	1.241182
3252	-36.75316	-209.0721	172.319	1.800062
3258	-31.03552	-203.6115	172.576	1.618331
3264	-35.41293	-208.839	173.426	0.8998581
3270	-36.36022	-209.4536	173.0934	1.217256
3276	-30.82157	-204.1619	173.3404	0.9908868
3282	-25.12223	-198.2422	173.1199	1.194571
3288	-40.79202	-213.3845	172.5924	1.606434
3294	-32.11985	-205.024	172.9042	1.371519
3300	-41.09643	-213.8319	172.7354	1.500992
3306	-36.06558	-209.2339	173.1683	1.152404
3312	-40.03938	-212.8179	172.7786	1.468468
3318	-42.90739	-215.7678	172.8604	1.405704
3324	-30.14028	-203.337	173.1967	1.12709
3330	-23.62822	-196.3347	172.7065	1.522634
3336	-31.08715	-204.3656	173.2784	1.051575
3342	-33.36307	-205.8736	172.5105	1.665422
3348	-28.97925	-202.0874	173.1082	1.204666
3354	-34.53106	-207.5215	172.9904	1.302606
3360	-35.92902	-209.1962	173.2672	1.062213
3366	-35.79056	-209.1075	173.317	1.014207
3372	-38.52803	-211.416	172.888	1.384194
3378	-42.25468	-214.3109	172.0562	1.978751
3384	-46.07057	-219.3302	173.2597	1.069318
3390	-34.94957	-208.0505	173.1009	1.21082
3396	-30.53527	-202.8577	172.3224	1.797698
3402	-38.40996	-211.7177	173.3077	1.023304
3408	-35.5259	-208.6904	173.1645	1.15578
3414	-31.21357	-204.0868	172.8733	1.395704
3420	-39.70533	-212.5786	172.8733	1.395704
3426	-37.61188	-210.4557	172.8438	1.418576
3432	-52.00601	-224.8147	172.8087	1.44551
3438	-43.31046	-215.3642	172.0537	1.98044
3444	-45.21536	-218.2409	173.0255	1.273916
3450	-48.81922	-221.0329	172.2137	1.872396
3456	-41.17893	-214.2517	173.0728	1.234625
3462	-42.08039	-214.6558	172.5754	1.618752
3468	-40.98648	-214.1492	173.1627	1.157364
3474	-53.95173	-226.5496	172.5979	1.602452
3480	-44.42067	-217.2041	172.7834	1.464777
3486	-36.81628	-209.5253	172.709	1.520752
3492	-37.11246	-209.6078	172.4954	1.676234
3498	-28.8705	-202.2897	173.4192	0.9075051
3504	-34.38932	-207.8591	173.4698	0.848705
3510	-28.23511	-200.8719	172.6368	1.574083
3516	-32.90995	-206.3312	173.4212	0.9052375
3522	-27.27822	-200.622	173.3437	0.9874563
3528	-36.35393	-209.6526	173.2987	1.032096
3534	-37.67882	-210.0734	172.3946	1.74744
3540	-48.8076	-221.6648	172.8572	1.408194
3546	-44.87542	-217.7947	172.9193	1.359591
3552	-41.5283	-214.4804	172.9521	1.333465
3558	-40.86945	-213.8216	172.9521	1.333465
3564	-34.27385	-207.5516	173.2777	1.052233
3570	-42.91769	-216.2157	173.298	1.03278
3576	-33.65578	-207.1353	173.4795	0.8368276
3582	-28.37824	-201.3704	172.9922	1.301171
3588	-32.30575	-205.6633	173.3575	0.9734003
3594	-46.29663	-219.6602	173.3635	0.9672034
3600	-34.34256	-207.7841	173.4416	0.8821746
3606	-27.11115	-200.7305	173.6194	0.6031783
3612	-21.95722	-195.1212	173.164	1.156192
3618	-31.59274	-204.1312	172.5385	1.645407
3624	-37.45645	-210.9423	173.4859	0.8288622
3630	-41.33629	-213.6093	172.2731	1.831747
3636	-35.84436	-209.0046	173.1602	1.159523
3642	-27.31136	-200.6677	173.3563	0.9746508
3648	-42.16248	-215.5455	173.383	0.9467652
3654	-34.50923	-207.7336	173.2244	1.10205
3660	-54.13036	-227.4799	173.3495	0.9815798
3666	-48.6712	-221.9882	173.317	1.014159
3672	-36.13449	-209.1009	172.9665	1.321981
3678	-37.82051	-211.16	173.3395	0.9917481
3684	-36.26998	-209.3066	173.0366	1.264777
3690	-42.263	-215.2375	172.9745	1.315467
3696	-41.86074	-214.8371	172.9763	1.314032
3702	-37.23383	-209.9949	172.7611	1.481715
3708	-27.56382	-200.7972	173.2333	1.093799
3714	-30.21539	-203.2717	173.0563	1.24841
3720	-43.77497	-217.2736	173.4986	0.8125741
3726	-47.03921	-220.0063	172.9671	1.321449
3732	-41.22418	-214.409	173.1848	1.137749
3738	-40.70087	-214.0123	173.3114	1.019701
3744	-32.65437	-205.6938	173.0394	1.26248
3750	-27.47096	-200.3075	172.8365	1.42417
3756	-32.09328	-204.6657	172.5724	1.620968
3762	-29.18345	-201.7558	172.5724	1.620968
3768	-34.84351	-207.4159	172.5724	1.620968
3774	-42.38692	-215.1897	172.8028	1.450064
3780	-43.36981	-216.1666	172.7968	1.454582
3786	-40.36041	-213.8746	173.5141	0.7919257
3792	-46.90601	-219.9273	173.0213	1.277392
3798	-46.52944	-219.3504	172.821	1.436124
3804	-40.93639	-213.2753	172.3389	1.786226
3810	-42.31801	-215.0471	172.729	1.505769
3816	-39.97199	-212.8242	172.8522	1.412096
3822	-42.26409	-215.352	173.0879	1.221887
3828	-40.36388	-212.4009	172.037	1.991601
3834	-35.2583	-208.3547	173.0964	1.214691
3840	-39.29122	-212.5823	173.2911	1.039444
3846	-31.16684	-204.3696	173.2028	1.121668
3852	-30.72416	-203.9269	173.2028	1.121668
3858	-42.35687	-215.0059	172.649	1.565128
3864	-44.46407	-217.2245	172.7604	1.4822
3870	-47.69904	-220.7453	173.0462	1.256823
3876	-44.04365	-216.9896	172.9459	1.338431
3882	-47.42073	-220.2187	172.798	1.453702
3888	-40.16592	-213.0209	172.855	1.409882
3894	-28.55943	-201.7508	173.1914	1.13188
3900	-29.48735	-201.6648	172.1774	1.897073
3906	-33.07373	-205.9857	172.912	1.365383
3912	-23.75757	-196.8917	173.1342	1.182279
3918	-39.28578	-212.3915	173.1057	1.206741
3924	-43.89347	-216.3164	172.4229	1.727533
3930	-38.97172	-211.8884	172.9166	1.36168
3936	-38.55654	-211.1089	172.5523	1.635428
3942	-32.7876	-206.1086	173.321	1.010275
3948	-33.85841	-207.1261	173.2677	1.061793
3954	-30.84462	-203.9624	173.1178	1.196432
3960	-40.598	-212.2635	171.6655	2.235023
3966	-42.56048	-215.7993	173.2388	1.088787
3972	-43.94407	-216.6261	172.682	1.540766
3978	-42.45611	-215.1381	172.682	1.540766
3984	-35.46328	-208.9018	173.4385	0.8857382
3990	-34.45271	-207.5121	173.0593	1.2459
3996	-37.94143	-211.3035	173.3621	0.9687173
4002	-33.34867	-206.4912	173.1425	1.175013
4008	-41.14351	-214.3387	173.1952	1.128517
4014	-34.88081	-208.3887	173.5079	0.8002796
4020	-39.06212	-212.179	173.1168	1.197231
4026	-34.70612	-207.2185	172.5124	1.664065
4032	-41.00908	-213.953	172.9439	1.340064
4038	-39.54461	-212.6988	173.1542	1.164862
4044	-44.53921	-217.681	173.1418	1.175622
4050	-40.29152	-213.2315	172.94	1.343153
4056	-41.49737	-214.2325	172.7351	1.501199
4062	-44.12778	-216.8662	172.7385	1.498719
4068	-46.52404	-219.9894	173.4654	0.8540714
4074	-42.2515	-215.2878	173.0363	1.26504
4080	-41.42754	-214.0459	172.6183	1.587573
4086	-41.38557	-214.2473	172.8617	1.404691
4092	-38.51765	-211.325	172.8073	1.446567
4098	-45.90549	-219.049	173.1435	1.174179
4104	-39.33229	-212.2009	172.8686	1.399336
4110	-46.05558	-219.2152	173.1596	1.16011
4116	-50.99986	-224.226	173.2261	1.100412
4122	-40.00424	-213.5125	173.5082	0.7998711
4128	-39.37677	-211.4796	172.1028	1.947509
4134	-31.93105	-205.3036	173.3726	0.9577772
4140	-37.51632	-210.7905	173.2741	1.055642
4146	-46.12967	-219.1885	173.0588	1.246331
4152	-33.72654	-206.682	172.9555	1.330769
4158	-36.4964	-209.9881	173.4917	0.8214942
4164	-33.06856	-206.5149	173.4463	0.8766554
4170	-33.33796	-206.4761	173.1381	1.178861
4176	-43.58373	-216.3233	172.7396	1.497876
4182	-47.25521	-218.365	171.1098	2.585766
4188	-32.53643	-205.4665	172.9301	1.351031
4194	-32.93787	-206.3493	173.4115	0.9160802
4200	-33.19477	-206.6994	173.5046	0.8046496
4206	-33.55328	-206.3282	172.775	1.471193
4212	-41.9516	-215.2966	173.345	0.9861389
4218	-30.85936	-204.1815	173.3222	1.009076
4224	-29.86291	-203.0109	173.148	1.17028
4230	-36.74741	-209.8972	173.1498	1.168668
4236	-33.64025	-206.3838	172.7436	1.494859
4242	-33.3727	-206.5394	173.1667	1.153849
4248	-41.98264	-215.1258	173.1432	1.174443
4254	-37.23377	-210.4277	173.1939	1.129639
4260	-36.529	-209.0463	172.5173	1.660597
4266	-43.25964	-216.2045	172.9449	1.339243
4272	-42.5529	-215.4978	172.9449	1.339243
4278	-36.23876	-209.4207	173.182	1.140321
4284	-47.29418	-220.4761	173.182	1.140321
4290	-40.04178	-213.0954	173.0537	1.250645
4296	-44.68576	-218.196	173.5103	0.7971349
4302	-44.0984	-216.9649	172.8665	1.400981
4308	-41.50955	-214.5794	173.0698	1.237106
4314	-28.7079	-202.154	173.4461	0.876879
4320	-34.47525	-207.616	173.1408	1.176562
4326	-37.77003	-210.6549	172.8849	1.386633
4332	-37.85211	-210.9383	173.0862	1.223328
4338	-35.43978	-208.159	172.7192	1.513138
4344	-39.99473	-213.4419	173.4471	0.8757306
4350	-33.97063	-207.4178	173.4471	0.8757306
4356	-50.82852	-223.4408	172.6123	1.592003
4362	-46.75608	-219.4915	172.7354	1.501002
4368	-38.48927	-211.2247	172.7354	1.501002
4374	-39.26198	-212.5385	173.2766	1.053343
4380	-38.72814	-211.1636	172.4355	1.718664
4386	-43.43716	-216.2682	172.831	1.428396
4392	-28.13645	-201.1987	173.0623	1.243438
4398	-39.86943	-212.6234	172.754	1.487051
4404	-39.52432	-212.6151	173.0908	1.219432
4410	-40.23218	-213.3997	173.1676	1.153087
4416	-36.31788	-209.4513	173.1334	1.18295
4422	-41.45751	-214.6121	173.1546	1.164449
4428	-38.45958	-211.5151	173.0555	1.249101
4434	-34.7227	-207.7782	173.0555	1.249101
4440	-38.57362	-212.0119	173.4382	0.8860012
4446	-30.69874	-204.2317	173.5329	0.7657134
4452	-39.6604	-213.207	173.5466	0.7455464
4458	-38.31768	-211.9541	173.6364	0.5298664
4464	-40.35406	-213.5404	173.1863	1.136425
4470	-37.29712	-209.7323	172.4351	1.718922
4476	-43.25827	-216.7203	173.462	0.8581325
4482	-41.49164	-214.9543	173.4627	0.857355
4488	-40.7278	-213.9387	173.2109	1.114339
4494	-36.68464	-209.7973	173.1127	1.200797
4500	-37.82968	-210.7934	172.9637	1.324211
4506	-45.32374	-218.3596	173.0359	1.265368
4512	-37.18888	-210.537	173.3481	0.9830384
4518	-40.1523	-213.4202	173.2678	1.061612
4524	-37.40322	-210.1441	172.7409	1.49691
4530	-34.77487	-207.9595	173.1847	1.137897
4536	-36.03089	-208.8211	172.7903	1.459595
4542	-39.21659	-212.0095	172.793	1.457539
4548	-37.28222	-210.0752	172.793	1.457539
4554	-31.86208	-205.0695	173.2074	1.117488
4560	-26.24187	-199.5737	173.3318	0.9994537
4566	-37.45588	-209.9364	172.4805	1.686813
4572	-35.70516	-208.3548	172.6496	1.564688
4578	-33.0677	-206.0202	172.9525	1.333178
4584	-42.48966	-215.4193	172.9296	1.351401
4590	-40.5851	-213.5147	172.9296	1.351401
4596	-27.61396	-200.9814	173.3674	0.9631863
4602	-27.93356	-201.4042	173.4707	0.847701
4608	-29.66547	-202.4918	172.8263	1.432024
4614	-43.72831	-215.4925	171.7642	2.171159
4620	-40.89851	-213.7313	172.8328	1.427028
4626	-41.17538	-214.1933	173.0179	1.280175
4632	-44.65668	-217.8817	173.2251	1.101408
4638	-35.6874	-208.6753	172.9879	1.304657
4644	-34.00574	-207.0889	173.0831	1.225936
4650	-36.66119	-209.4753	172.8141	1.441399
4656	-39.44632	-212.3594	172.9131	1.364487
4662	-34.52611	-207.423	172.8969	1.377229
4668	-30.48968	-203.3031	172.8134	1.441928
4674	-29.1708	-202.6581	173.4873	0.8270784
4680	-27.31093	-199.9771	172.6662	1.55247
4686	-33.71724	-207.0838	173.3665	0.9640915
4692	-42.95839	-215.9851	173.0267	1.272965
4698	-42.58879	-215.474	172.8852	1.386421
4704	-61.84547	-234.9728	173.1273	1.18823
4710	-36.91648	-210.0825	173.166	1.154479
4716	-36.32485	-209.4755	173.1507	1.16792
4722	-34.52719	-207.3836	172.8564	1.408807
4728	-35.25471	-208.4705	173.2158	1.109879
4734	-39.43141	-212.4156	172.9842	1.307667
4740	-36.21983	-209.1158	172.896	1.377936
4746	-28.43904	-201.417	172.978	1.312692
4752	-37.04923	-210.1604	173.1112	1.202045
4758	-33.48186	-206.2779	172.7961	1.455181
4764	-34.93252	-208.2205	173.288	1.042447
4770	-38.14942	-210.5149	172.3654	1.767786
4776	-41.41019	-214.7629	173.3527	0.9783439
4782	-29.41569	-202.8239	173.4082	0.9196753
4788	-29.90099	-203.0108	173.1098	1.203268
4794	-31.0169	-204.4347	173.4178	0.9090399
4800	-41.70539	-215.1122	173.4068	0.9211577
4806	-40.55716	-213.4226	172.8654	1.401807
4812	-39.99531	-212.8673	172.872	1.396698
4818	-38.88051	-211.8449	172.9644	1.323631
4824	-31.58285	-204.6381	173.0552	1.249326
4830	-23.90465	-196.9376	173.0329	1.267855
4836	-26.46297	-200.0281	173.5651	0.7161248
4842	-31.2409	-204.1375	172.8966	1.377487
4848	-30.79632	-203.9427	173.1464	1.171624
4854	-30.6876	-204.1573	173.4697	0.8488064
4860	-30.60631	-204.0259	173.4196	0.9070804
4866	-39.04821	-211.4083	172.36	1.771543
4872	-43.30895	-216.3294	173.0204	1.278119
4878	-39.0942	-211.9066	172.8124	1.442705
4884	-36.04806	-208.9383	172.8902	1.382472
4890	-40.65977	-213.835	173.1752	1.146329
4896	-31.90422	-204.9175	173.0133	1.283957
4902	-38.74872	-211.804	173.0553	1.249306
4908	-35.27116	-208.1824	172.9112	1.365967
4914	-24.57725	-197.1668	172.5895	1.608535
4920	-28.61756	-201.6806	173.063	1.242808
4926	-25.48192	-198.7064	173.2245	1.101953
4932	-31.80942	-205.2396	173.4302	0.8951768
4938	-40.33129	-213.5702	173.2389	1.08867
4944	-49.63803	-222.5759	172.9378	1.344879
4950	-54.3444	-226.1061	171.7617	2.172802
4956	-49.82186	-222.8906	173.0687	1.238033
4962	-36.99116	-209.9244	172.9332	1.348546
4968	-43.90561	-217.1863	173.2807	1.049388
4974	-43.40062	-215.9111	172.5105	1.665424
4980	-43.46007	-215.7854	172.3254	1.795638
4986	-43.55009	-216.6417	173.0916	1.218744
4992	-35.05476	-208.0794	173.0247	1.27463
4998	-28.1874	-201.006	172.8186	1.437944
5004	-36.79152	-210.1451	173.3536	0.9774614
5010	-36.85983	-210.2509	173.3911	0.9382062
5016	-34.77266	-207.8278	173.0552	1.249374
5022	-41.48071	-214.3975	172.9168	1.361539
5028	-39.16681	-212.0241	172.8573	1.408157
5034	-46.32126	-219.6815	173.3602	0.9706381
5040	-42.6275	-215.9806	173.3531	0.9779107
5046	-33.92582	-206.6603	172.7345	1.501664
5052	-36.44766	-209.6692	173.2216	1.104597
5058	-38.55149	-211.3333	172.7818	1.46603
5064	-28.62419	-201.8638	173.2396	1.088018
5070	-34.69383	-207.5231	172.8293	1.429767
5076	-42.86456	-214.4348	171.5702	2.296162
5082	-47.45296	-220.3361	172.8831	1.387999
5088	-40.88681	-213.4639	172.5771	1.617556
5094	-37.53678	-210.2693	172.7325	1.503159
5100	-37.5998	-210.5437	172.9439	1.340056
5106	-40.58009	-213.2772	172.6971	1.529598
5112	-35.96385	-208.7261	172.7623	1.480777
5118	-46.44493	-219.8739	173.429	0.8965389
5124	-40.54426	-213.6813	173.137	1.179782
5130	-40.10542	-213.3937	173.2883	1.042125
5136	-26.57926	-199.6815	173.1022	1.209722
5142	-26.10183	-199.2603	173.1584	1.161102
5148	-27.58623	-200.2746	172.6883	1.536088
5154	-32.65346	-206.0369	173.3835	0.9463122
5160	-28.55819	-201.7744	173.2162	1.109468
5166	-28.44284	-201.4449	173.0021	1.293156
5172	-28.29626	-201.6449	173.3486	0.9825214
5178	-33.14612	-205.8119	172.6657	1.552803
5184	-28.2646	-201.492	173.2274	1.099245
5190	-25.34326	-198.4657	173.1225	1.192396
5196	-44.03368	-216.9555	172.9218	1.357567
5202	-40.01354	-212.7425	172.7289	1.505844
5208	-38.92871	-212.4773	173.5486	0.7423832
5214	-32.29881	-205.7546	173.4558	0.8655506
5220	-47.58856	-220.7972	173.2087	1.116327
5226	-43.31041	-216.4661	173.1557	1.163476
5232	-54.86098	-227.7104	172.8494	1.414252
5238	-43.69287	-216.4654	172.7726	1.473004
5244	-40.27125	-213.5043	173.233	1.094105
5250	-32.77931	-205.7806	173.0013	1.293773
5256	-26.90685	-200.079	173.1722	1.149012
5262	-33.29123	-206.5845	173.2932	1.03736
5268	-36.55632	-209.9604	173.4041	0.9241482
5274	-52.39913	-225.5729	173.1738	1.147596
5280	-43.22102	-215.9611	172.7401	1.497506
5286	-48.37537	-221.7447	173.3693	0.9612125
5292	-30.35455	-203.732	173.3775	0.952659
5298	-29.50841	-202.4968	172.9884	1.304239
5304	-40.81866	-213.712	172.8933	1.380039
5310	-39.60464	-212.7119	173.1073	1.205429
5316	-38.0035	-210.9699	172.9664	1.322027
5322	-41.83297	-214.84	173.007	1.289083
5328	-42.12863	-215.2796	173.151	1.167611
5334	-38.89973	-212.0045	173.1047	1.207575
5340	-36.73407	-209.5517	172.8176	1.438689
5346	-35.20683	-208.2788	173.0719	1.235365
5352	-44.53812	-218.0047	173.4666	0.8526619
5358	-52.00281	-224.8673	172.8644	1.402577
5364	-48.63788	-221.6641	173.0263	1.273336
5370	-43.71315	-216.7582	173.045	1.257798
5376	-40.75685	-213.8019	173.045	1.257798
5382	-40.86141	-214.1416	173.2802	1.049853
5388	-40.04306	-213.4747	173.4316	0.8935275
5394	-38.46457	-210.5135	172.0489	1.983653
5400	-43.34077	-215.8533	172.5125	1.664017
5406	-39.64011	-213.0701	173.4299	0.8954639
5412	-52.85425	-226.1849	173.3307	1.000587
5418	-50.71092	-223.5745	172.8636	1.403256
5424	-47.15295	-220.5061	173.3531	0.9779108
5430	-42.67387	-216.16	173.4862	0.8284545
5436	-40.77538	-213.9512	173.1758	1.145761
5442	-47.39711	-220.6741	173.277	1.052954
5448	-57.3527	-229.9635	172.6108	1.593042
5454	-36.49437	-209.1777	172.6834	1.539777
5460	-33.06885	-206.3211	173.2522	1.076284
5466	-42.3323	-215.9138	173.5815	0.6877055
5472	-42.4834	-215.2346	172.7512	1.489129
5478	-43.5318	-216.5825	173.0507	1.253135
5484	-42.98901	-216.1957	173.2067	1.118144
5490	-37.86242	-210.8101	172.9477	1.336993
5496	-35.98413	-209.0878	173.1036	1.208512
5502	-26.48063	-199.9351	173.4545	0.8670817
5508	-27.55228	-200.4989	172.9466	1.337892
5514	-29.72284	-202.9291	173.2063	1.118473
5520	-34.76822	-207.2332	172.465	1.697837
5526	-40.30865	-213.4475	173.1388	1.178241
5532	-36.05112	-209.1186	173.0674	1.23912
5538	-39.909	-212.1408	172.2318	1.860052
5544	-34.9008	-208.053	173.1522	1.166583
5550	-41.51658	-214.1294	172.6128	1.591633
5556	-41.45657	-214.722	173.2655	1.063856
5562	-42.60054	-216.0417	173.4412	0.8826442
5568	-48.4901	-221.9313	173.4412	0.8826442
5574	-39.16621	-211.7359	172.5697	1.622928
5580	-31.89112	-205.1906	173.2995	1.031291
5586	-35.9591	-209.2436	173.2845	1.045731
5592	-50.35374	-222.9021	172.5483	1.638307
5598	-39.42073	-212.6187	173.1979	1.126025
5604	-39.27682	-211.7121	172.4353	1.718824
5610	-51.01558	-223.8854	172.8698	1.398395
5616	-48.84018	-221.3033	172.4631	1.699156
5622	-46.99459	-219.9529	172.9584	1.328483
5628	-43.25389	-216.1386	172.8847	1.386769
5634	-32.95227	-206.4522	173.4999	0.8108676
5640	-31.16034	-204.1146	172.9542	1.331797
5646	-27.9334	-201.1063	173.1729	1.148363
5652	-34.9486	-207.3739	172.4253	1.725851
5658	-27.4383	-200.7988	173.3605	0.9703488
5664	-28.58215	-201.9426	173.3605	0.9703488
5670	-35.63277	-208.7792	173.1465	1.171586
5676	-42.35232	-215.4988	173.1465	1.171586
5682	-36.58155	-209.9855	173.404	0.9243057
5688	-48.91951	-222.2451	173.3256	1.005703
5694	-48.3595	-221.1741	172.8146	1.441039
5700	-42.63744	-215.5577	172.9203	1.358815
5706	-46.21384	-219.6879	173.474	0.8435496
5712	-42.16244	-215.0241	172.8616	1.404771
5718	-41.64973	-214.8252	173.1754	1.146119
5724	-44.37281	-216.6791	172.3063	1.808826
5730	-38.76809	-211.5961	172.828	1.43071
5736	-31.873	-205.0584	173.1854	1.137284
5742	-39.86977	-213.0551	173.1854	1.137284
5748	-32.23556	-205.4209	173.1854	1.137284
5754	-34.38017	-207.4826	173.1024	1.20956
5760	-30.06602	-203.0221	172.9561	1.330281
5766	-31.80677	-205.3061	173.4994	0.8115731
5772	-31.19978	-203.925	172.7252	1.508619
5778	-31.89414	-205.0951	173.2009	1.123338
5784	-29.07661	-201.5199	172.4432	1.713198
5790	-28.08098	-201.4321	173.3511	0.9799749
5796	-25.44101	-198.6529	173.2119	1.113382
5802	-32.30741	-205.1717	172.8643	1.402715
5808	-31.61592	-204.0687	172.4528	1.706426
5814	-40.53074	-212.9836	172.4528	1.706426
5820	-39.40539	-212.724	173.3186	1.012575
5826	-39.87786	-213.1381	173.2602	1.068779
5832	-38.81202	-211.4264	172.6144	1.590441
5838	-31.59333	-204.8662	173.2729	1.056822
5844	-35.3675	-208.6404	173.2729	1.056822
5850	-33.29069	-205.9902	172.6995	1.527794
5856	-28.1786	-201.3224	173.1438	1.173951
5862	-27.48806	-200.5243	173.0362	1.265131
5868	-30.12555	-203.3836	173.258	1.070866
5874	-38.50941	-211.2493	172.7399	1.497607
5880	-43.83497	-216.0923	172.2574	1.842536
5886	-40.04996	-213.3976	173.3476	0.9834952
5892	-36.5664	-209.8758	173.3094	1.021618
5898	-41.82778	-214.3733	172.5455	1.640343
5904	-33.98777	-206.4213	172.4336	1.720033
5910	-36.77653	-209.7062	172.9297	1.351346
5916	-44.86261	-218.0835	173.2209	1.105198
5922	-49.13323	-222.0194	172.8861	1.385663
5928	-30.87035	-203.5719	172.7015	1.526308
5934	-35.2232	-208.0169	172.7937	1.456992
5940	-36.62723	-209.4209	172.7937	1.456992
5946	-33.37515	-206.73	173.3548	0.9761664
5952	-29.35472	-202.1594	172.8046	1.448629
5958	-27.77654	-200.9794	173.2029	1.121578
5964	-27.04936	-199.8647	172.8153	1.440485
5970	-36.83349	-209.3481	172.5146	1.662476
5976	-31.35831	-204.7623	173.404	0.9242685
5982	-43.98186	-216.4756	172.4937	1.677395
5988	-41.94803	-215.0814	173.1334	1.182961
5994	-40.56138	-213.5831	173.0217	1.277091
6000	-50.26261	-222.9448	172.6821	1.54068
6006	-45.29126	-218.1421	172.8509	1.413097
6012	-39.45161	-212.278	172.8264	1.432
6018	-32.80774	-205.9725	173.1647	1.155584
6024	-32.87114	-205.6546	172.7834	1.464778
6030	-29.08903	-201.8503	172.7613	1.481532
6036	-30.49936	-204.0448	173.5454	0.7472848
6042	-29.06876	-201.3179	172.2491	1.848167
6048	-32.43867	-205.2322	172.7935	1.457104
6054	-28.69853	-201.4921	172.7935	1.457104
6060	-31.54136	-204.9017	173.3603	0.970535
6066	-36.29949	-209.1782	172.8787	1.391437
6072	-32.36722	-205.5329	173.1657	1.154705
6078	-26.59111	-199.7568	173.1657	1.154705
6084	-22.8128	-196.1126	173.2998	1.031015
6090	-31.80225	-205.315	173.5127	0.793833
6096	-27.92224	-201.4129	173.4906	0.8228296
6102	-35.84181	-209.1422	173.3004	1.030441
6108	-55.45268	-227.557	172.1044	1.946471
6114	-35.41616	-208.5406	173.1244	1.190699
6120	-41.11827	-214.1033	172.985	1.306982
6126	-35.74662	-209.0437	173.2971	1.033649
6132	-29.65877	-203.176	173.5173	0.7876586
6138	-27.77669	-201.1572	173.3805	0.9494894
6144	-39.23143	-212.4625	173.2311	1.095847
6150	-30.59543	-204.0494	173.454	0.8677137
6156	-42.71229	-215.2294	172.5171	1.660742
6162	-42.40621	-215.251	172.8448	1.417805
6168	-40.4897	-213.2758	172.7861	1.462778
6174	-36.56856	-209.8808	173.3123	1.018827
6180	-27.64275	-200.8159	173.1732	1.148112
6186	-29.48124	-202.6544	173.1732	1.148112
6192	-44.02015	-216.7408	172.7206	1.512065
6198	-38.34728	-211.0679	172.7206	1.512065
6204	-36.92693	-209.619	172.6921	1.533328
6210	-40.73933	-213.728	172.9886	1.304069
6216	-40.51898	-213.8639	173.3449	0.9862537
6222	-37.55912	-210.7848	173.2257	1.100825
6228	-26.46649	-199.9728	173.5063	0.8024879
6234	-31.41514	-204.6124	173.1972	1.12665
6240	-31.31589	-204.6727	173.3568	0.9741654
6246	-30.46104	-203.6364	173.1754	1.146165
6252	-27.48401	-200.4956	173.0116	1.285353
6258	-22.94914	-196.2475	173.2983	1.032449
6264	-27.6195	-201.1469	173.5274	0.7735555
6270	-28.18834	-201.1851	172.9967	1.297483
6276	-29.06977	-201.875	172.8052	1.448201
6282	-28.44949	-201.5986	173.1491	1.169248
6288	-34.97003	-207.4374	172.4673	1.696165
6294	-37.74071	-211.1704	173.4297	0.8957719
6300	-33.01036	-206.3691	173.3588	0.9721213
6306	-22.62184	-196.1466	173.5248	0.7772962
6312	-27.04808	-200.2275	173.1794	1.142554
6318	-36.85212	-209.6896	172.8374	1.423469
6324	-39.85905	-212.3313	172.4723	1.692642
6330	-32.25808	-205.5958	173.3377	0.9935117
6336	-28.29431	-201.4096	173.1152	1.198596
6342	-28.94111	-201.4533	172.5121	1.664257
6348	-37.47328	-209.7973	172.324	1.796583
6354	-35.61221	-208.853	173.2407	1.086958
6360	-29.65206	-202.8527	173.2006	1.123621
6366	-32.61417	-205.4496	172.8354	1.425042
6372	-36.94431	-210.1233	173.179	1.142938
6378	-25.38781	-198.1666	172.7787	1.46833
6384	-22.45267	-195.3447	172.892	1.381045
6390	-43.42896	-216.4536	173.0246	1.274658
6396	-44.69656	-217.4729	172.7763	1.470153
6402	-34.58035	-207.3762	172.7958	1.455372
6408	-43.62376	-217.0241	173.4003	0.9282573
6414	-38.8687	-212.3695	173.5008	0.809643
6420	-43.06334	-215.7741	172.7108	1.519409
6426	-52.91546	-225.8209	172.9055	1.370481
6432	-44.42573	-217.3448	172.9191	1.359731
6438	-35.70053	-207.6113	171.9107	2.075343
6444	-40.10283	-213.1067	173.0039	1.29165
6450	-49.05813	-221.9435	172.8854	1.386237
6456	-43.36699	-216.6339	173.2669	1.062497
6462	-48.78673	-221.9132	173.1265	1.188905
6468	-39.3549	-212.4814	173.1265	1.188905
6474	-46.85941	-219.2368	172.3774	1.759469
6480	-44.97639	-218.3922	173.4159	0.9112426
6486	-42.08498	-215.4373	173.3523	0.9787702
6492	-37.60634	-210.3869	172.7806	1.466938
6498	-28.33702	-201.2078	172.8707	1.397677
6504	-31.31732	-204.4274	173.1101	1.203034
6510	-29.11166	-201.4722	172.3605	1.771197
6516	-36.17016	-209.2808	173.1107	1.202525
6522	-42.09038	-214.6119	172.5216	1.657517
6528	-35.99802	-208.9597	172.9617	1.325831
6534	-39.73804	-213.0759	173.3378	0.9934446
6540	-26.55668	-199.5187	172.962	1.325579
6546	-22.21521	-195.2279	173.0127	1.284474
6552	-26.1998	-199.0869	172.8871	1.384901
6558	-29.44252	-202.8076	173.3651	0.9655897
6564	-32.70342	-205.632	172.9286	1.352205
6570	-34.5268	-207.6201	173.0933	1.217289
6576	-35.8773	-208.1431	172.2658	1.836745
6582	-32.62293	-205.6848	173.0619	1.243797
6588	-31.7166	-205.2114	173.4948	0.817488
6594	-33.47207	-206.8051	173.333	0.9982785
6600	-36.42792	-209.8207	173.3928	0.936354
6606	-37.32693	-210.6743	173.3474	0.9837991
6612	-41.37638	-214.9061	173.5298	0.7702378
6618	-43.85362	-216.6187	172.7651	1.478694
6624	-38.00669	-211.3852	173.3785	0.9515603
6630	-40.51688	-213.7426	173.2257	1.100793
6636	-50.56525	-223.5304	172.9652	1.323024
6642	-42.74864	-216.0246	173.276	1.053907
6648	-33.67913	-206.7635	173.0844	1.224877
6654	-31.12414	-204.518	173.3938	0.9352735
6660	-24.69751	-198.1977	173.5002	0.8105124
6666	-33.36822	-206.6753	173.3071	1.02388
6672	-33.18734	-206.5771	173.3898	0.9396334
6678	-36.49443	-209.8842	173.3898	0.9396334
6684	-26.67533	-199.8181	173.1428	1.174808
6690	-34.78452	-208.0999	173.3154	1.01574
6696	-30.62501	-203.2737	172.6487	1.565362
6702	-33.40041	-206.8151	173.4147	0.9125629
6708	-34.78687	-207.9225	173.1356	1.181042
6714	-29.36172	-202.5161	173.1544	1.164641
6720	-35.47704	-208.6315	173.1544	1.164641
6726	-34.56693	-207.3068	172.7399	1.497667
6732	-29.85717	-202.6643	172.8072	1.44671
6738	-31.86701	-205.2068	173.3398	0.9914942
6744	-32.56325	-205.8609	173.2976	1.033133
6750	-29.05685	-202.414	173.3572	0.9737618
6756	-36.36843	-209.0182	172.6498	1.56453
6762	-35.55118	-208.6422	173.091	1.219228
6768	-29.85417	-203.3565	173.5023	0.807704
6774	-32.67684	-205.844	173.1671	1.153445
6780	-36.85845	-210.0001	173.1416	1.175823
6786	-35.48892	-209.0312	173.5422	0.7520299
6792	-32.27765	-205.2772	172.9995	1.295205
6798	-36.23563	-209.3043	173.0687	1.238078
6804	-48.73696	-221.9044	173.1674	1.153196
6810	-44.76791	-217.9353	173.1674	1.153196
6816	-45.49357	-218.6985	173.2049	1.119733
6822	-47.58769	-220.7926	173.2049	1.119733
6828	-43.67886	-216.3379	172.659	1.557736
6834	-51.81892	-224.8668	173.0478	1.255478
6840	-45.34784	-218.3957	173.0478	1.255478
6846	-49.24601	-221.6039	172.3579	1.773063
6852	-37.31883	-210.5794	173.2605	1.068504
6858	-41.22174	-214.396	173.1743	1.147116
6864	-39.3777	-212.3004	172.9227	1.356859
6870	-38.58377	-211.8828	173.299	1.031755
6876	-35.16866	-207.5682	172.3996	1.743929
6882	-51.07856	-223.6803	172.6018	1.599643
6888	-43.48273	-216.7504	173.2676	1.061822
6894	-35.64632	-208.5383	172.8919	1.381123
6900	-45.39097	-218.7478	173.3569	0.9740607
