Iteration	Posterior	Likelihood	Prior	tree_length
0	-1497.211	-1663.781	166.57	5.205519
6	-1488.778	-1655.872	167.0938	4.914868
12	-1496.538	-1663.101	166.5623	5.209733
18	-1511.629	-1678.143	166.5145	5.236171
24	-1503.72	-1670.1	166.3805	5.310224
30	-1496.436	-1664.046	167.6097	4.626718
36	-1508.45	-1674.859	166.4084	5.294816
42	-1497.907	-1664.331	166.4248	5.285763
48	-1499.845	-1666.484	166.6386	5.16753
54	-1498.986	-1665.624	166.6386	5.16753
60	-1495.014	-1661.703	166.6892	5.139508
66	-1512.885	-1679.574	166.6892	5.139508
72	-1502.417	-1668.921	166.5039	5.242055
78	-1493.574	-1660.882	167.3077	4.795656
84	-1485.184	-1652.27	167.086	4.91921
90	-1505.264	-1672.411	167.1479	4.884748
96	-1502.219	-1669.284	167.0651	4.930846
102	-1499.251	-1666.821	167.5705	4.648675
108	-1504.398	-1672.918	168.5204	4.112449
114	-1497.445	-1664.229	166.7838	5.087113
120	-1496.128	-1663.154	167.0258	4.952731
126	-1494.158	-1660.95	166.792	5.082553
132	-1508.904	-1676.171	167.2669	4.818402
138	-1505.506	-1673.06	167.5542	4.657839
144	-1503.96	-1671.691	167.7312	4.558518
150	-1500.75	-1667.654	166.904	5.020376
156	-1504.039	-1670.891	166.8517	5.04942
162	-1499.268	-1666.427	167.1586	4.878807
168	-1495.257	-1662.04	166.7821	5.088051
174	-1490.59	-1658.162	167.572	4.647854
180	-1503.462	-1669.377	165.9149	5.566599
186	-1501.314	-1668.529	167.2149	4.847412
192	-1500.267	-1668.091	167.8242	4.506294
198	-1502.304	-1670.039	167.7351	4.556364
204	-1511.303	-1677.899	166.5959	5.191161
210	-1501.789	-1669.206	167.4174	4.734354
216	-1509.886	-1677.029	167.1425	4.887775
222	-1504.694	-1671.744	167.0504	4.939025
228	-1504.511	-1671.474	166.9635	4.98733
234	-1499.075	-1666.541	167.4659	4.707225
240	-1491.426	-1658.954	167.5277	4.672654
246	-1487.742	-1655.282	167.5399	4.665834
252	-1489.884	-1656.428	166.5442	5.21976
258	-1483.604	-1651.081	167.4762	4.701495
264	-1491.575	-1659.051	167.4762	4.701495
270	-1488.681	-1655.749	167.068	4.92923
276	-1484.472	-1651.184	166.7115	5.127187
282	-1484.219	-1652.262	168.043	4.383005
288	-1487.05	-1653.599	166.5488	5.217234
294	-1486.526	-1653.464	166.9381	5.00147
300	-1495.353	-1663.312	167.9594	4.430158
306	-1499.736	-1667.695	167.9594	4.430158
312	-1501.272	-1669.547	168.2746	4.252066
318	-1489.347	-1656.299	166.9518	4.993831
324	-1502.421	-1669.651	167.2296	4.83921
330	-1494.478	-1661.742	167.2641	4.819989
336	-1501.472	-1668.755	167.283	4.809409
342	-1494.318	-1661.601	167.283	4.809409
348	-1488.252	-1655.535	167.283	4.809409
354	-1500.152	-1667.1	166.9479	4.996017
360	-1492.787	-1660.092	167.3051	4.797115
366	-1498.755	-1666.268	167.5126	4.681128
372	-1508.207	-1675.053	166.8461	5.052541
378	-1498.248	-1665.558	167.3103	4.794185
384	-1493.988	-1660.615	166.627	5.173968
390	-1507.491	-1674.478	166.9868	4.974385
396	-1507.775	-1674.433	166.6581	5.156739
402	-1506.292	-1672.551	166.259	5.37722
408	-1505.14	-1671.734	166.5939	5.192288
414	-1507.571	-1674.532	166.9609	4.988767
420	-1501.871	-1668.511	166.6399	5.166798
426	-1500.239	-1667.514	167.2751	4.813814
432	-1504.761	-1671.529	166.7676	5.096095
438	-1500.963	-1668.032	167.0689	4.928716
444	-1499.881	-1667.132	167.2503	4.8277
450	-1501.134	-1668.685	167.5511	4.659565
456	-1492.446	-1659.997	167.5511	4.659565
462	-1492.742	-1659.024	166.2813	5.364936
468	-1501.019	-1667.916	166.8977	5.023894
474	-1503.066	-1669.599	166.5332	5.225836
480	-1515.084	-1681.813	166.7292	5.117387
486	-1506.127	-1673.311	167.1836	4.864877
492	-1498.096	-1665.62	167.5234	4.675076
498	-1491.519	-1658.743	167.2237	4.84248
504	-1495.032	-1661.812	166.7804	5.088959
510	-1500.787	-1667.385	166.5975	5.190276
516	-1499.594	-1666.23	166.6351	5.169503
522	-1492.564	-1659.312	166.748	5.106937
528	-1505.621	-1672.404	166.7831	5.087503
534	-1513.972	-1681.223	167.2514	4.827047
540	-1492.196	-1659.988	167.792	4.524384
546	-1503.212	-1669.783	166.5711	5.204874
552	-1496.351	-1663.69	167.3382	4.778609
558	-1500.212	-1667.604	167.3912	4.748999
564	-1495.977	-1663.321	167.3441	4.775329
570	-1510.709	-1678.234	167.5244	4.674491
576	-1508.89	-1675.633	166.7429	5.109778
582	-1497.889	-1665.479	167.5903	4.637596
588	-1496.583	-1662.854	166.2709	5.370691
594	-1494.218	-1661.771	167.5527	4.658648
600	-1492.89	-1661.216	168.3261	4.222834
606	-1495.136	-1663.462	168.3261	4.222834
612	-1491.214	-1659.266	168.0519	4.377967
618	-1493.208	-1660.665	167.4574	4.712015
624	-1511.066	-1678.034	166.9682	4.984742
630	-1505.669	-1672.573	166.9041	5.020357
636	-1498.58	-1665.484	166.9041	5.020357
642	-1502.204	-1669.576	167.3722	4.759621
648	-1501.765	-1668.13	166.3648	5.318846
654	-1498.82	-1665.483	166.6632	5.153919
660	-1493.741	-1660.39	166.6492	5.161646
666	-1494.562	-1661.941	167.3794	4.755604
672	-1501.256	-1668.55	167.2938	4.803399
678	-1500.098	-1667.138	167.0392	4.945254
684	-1509.091	-1675.265	166.1743	5.42388
690	-1507.41	-1674.259	166.8491	5.050873
696	-1507.647	-1675.149	167.5015	4.687311
702	-1489.134	-1655.654	166.5201	5.233066
708	-1492.313	-1659.573	167.2601	4.822204
714	-1487.528	-1655.055	167.5271	4.672985
720	-1489.269	-1656.021	166.752	5.104697
726	-1487.637	-1654.816	167.1784	4.867776
732	-1496.398	-1663.752	167.3537	4.769988
738	-1508.025	-1675.482	167.4565	4.712476
744	-1509.303	-1677.049	167.7462	4.550136
750	-1503.412	-1670.66	167.2482	4.828866
756	-1497.35	-1664.598	167.2482	4.828866
762	-1508.762	-1675.73	166.9681	4.98476
768	-1509.391	-1676.403	167.0115	4.960665
774	-1500.103	-1667.898	167.7942	4.52316
780	-1507.665	-1675.094	167.4284	4.728192
786	-1495.502	-1662.459	166.9574	4.990727
792	-1494.602	-1662.475	167.8737	4.478421
798	-1498.775	-1666.256	167.4811	4.698761
804	-1507.121	-1673.675	166.5541	5.214283
810	-1504.442	-1672.187	167.7452	4.550687
816	-1489.385	-1657.218	167.8328	4.501464
822	-1489.324	-1656.92	167.5966	4.634067
828	-1507.514	-1674.381	166.8673	5.04075
834	-1494.424	-1662.078	167.6538	4.601968
840	-1498.907	-1665.98	167.0726	4.926655
846	-1495.24	-1662.313	167.0726	4.926655
852	-1494.323	-1661.93	167.6071	4.628149
858	-1494.863	-1661.381	166.5173	5.234664
864	-1490.6	-1658.179	167.5796	4.643581
870	-1500.338	-1666.163	165.8244	5.616265
876	-1496.562	-1664.26	167.6977	4.577373
882	-1518.287	-1685.388	167.1008	4.910964
888	-1521.052	-1688.153	167.1008	4.910964
894	-1501.672	-1667.994	166.322	5.342483
900	-1506.76	-1673.982	167.2225	4.843161
906	-1508.529	-1674.888	166.3595	5.321785
912	-1511.277	-1677.817	166.54	5.222116
918	-1507.104	-1674.927	167.8232	4.506812
924	-1503.764	-1670.705	166.9419	4.99934
930	-1489.044	-1656.68	167.6354	4.61229
936	-1488.184	-1654.965	166.7809	5.088691
942	-1488.648	-1655.429	166.7809	5.088691
948	-1480.757	-1647.634	166.8772	5.035289
954	-1488.352	-1655.797	167.445	4.71893
960	-1492.289	-1659.833	167.5444	4.663318
966	-1513.352	-1679.424	166.0725	5.479964
972	-1513.095	-1679.749	166.654	5.159018
978	-1510.12	-1677.223	167.1026	4.909999
984	-1496.205	-1663.934	167.7289	4.55984
990	-1489.057	-1656.749	167.6919	4.580624
996	-1497.735	-1665.015	167.2808	4.810645
1002	-1494.049	-1661.618	167.5691	4.649469
1008	-1503.755	-1670.871	167.1159	4.902547
1014	-1510.761	-1677.694	166.9332	5.004173
1020	-1506.955	-1674.49	167.5349	4.668637
1026	-1512.853	-1680.388	167.5349	4.668637
1032	-1511.908	-1679.37	167.4618	4.709523
1038	-1505.041	-1672.585	167.5438	4.663656
1044	-1499.745	-1666.542	166.7978	5.079356
1050	-1490.114	-1658.116	168.0018	4.406271
1056	-1497.599	-1664.163	166.5636	5.209017
1062	-1500.477	-1667.765	167.2881	4.806598
1068	-1505.657	-1672.482	166.8254	5.064023
1074	-1502.912	-1670.207	167.2949	4.802779
1080	-1494.733	-1662.361	167.6274	4.616779
1086	-1489.701	-1657.054	167.3526	4.770595
1092	-1493.76	-1660.035	166.2756	5.368103
1098	-1488.882	-1655.58	166.698	5.134635
1104	-1491.562	-1659.581	168.019	4.396557
1110	-1490.662	-1657.512	166.8501	5.050307
1116	-1495.842	-1662.412	166.5695	5.205771
1122	-1506.644	-1673.88	167.236	4.835662
1128	-1505.207	-1672.443	167.236	4.835662
1134	-1491.724	-1659.047	167.3225	4.787403
1140	-1513.816	-1680.032	166.2159	5.400959
1146	-1503.331	-1670.706	167.3753	4.757903
1152	-1502.815	-1669.557	166.7427	5.109901
1158	-1494.661	-1661.713	167.052	4.938112
1164	-1488.327	-1655.379	167.052	4.938112
1170	-1498.079	-1664.81	166.7311	5.116301
1176	-1494.425	-1661.967	167.5415	4.664933
1182	-1499.829	-1667.614	167.7848	4.52845
1188	-1502.82	-1670.807	167.9863	4.414996
1194	-1498.758	-1665.602	166.8438	5.053807
1200	-1499.961	-1667.766	167.8047	4.517225
1206	-1502.859	-1669.4	166.5409	5.221585
1212	-1487.759	-1654.591	166.832	5.060333
1218	-1490.343	-1657.88	167.5369	4.66751
1224	-1493.373	-1660.033	166.6603	5.155529
1230	-1501.906	-1669.276	167.3701	4.7608
1236	-1500.977	-1667.545	166.5683	5.20642
1242	-1507.366	-1674.424	167.0584	4.934588
1248	-1504.714	-1672.427	167.7125	4.569017
1254	-1496.321	-1663.308	166.9875	4.974004
1260	-1506.799	-1674.43	167.6318	4.614312
1266	-1492.257	-1659.338	167.0806	4.922218
1272	-1495.521	-1662.707	167.1862	4.863424
1278	-1491.66	-1658.846	167.1862	4.863424
1284	-1497.074	-1664.127	167.053	4.937596
1290	-1499.703	-1666.625	166.9217	5.010542
1296	-1493.626	-1660.944	167.3184	4.789694
1302	-1497.861	-1665.683	167.8215	4.507812
1308	-1500.891	-1667.818	166.9267	5.007811
1314	-1513.713	-1680.89	167.1769	4.868576
1320	-1496.319	-1663.496	167.1769	4.868576
1326	-1485.152	-1652.196	167.0441	4.94251
1332	-1481.155	-1648.07	166.9142	5.01474
1338	-1488.023	-1655.12	167.0974	4.912884
1344	-1496.412	-1663.6	167.1881	4.862373
1350	-1510.335	-1677.182	166.8466	5.052261
1356	-1507.613	-1675.232	167.6187	4.621683
1362	-1504.783	-1672.24	167.4573	4.712041
1368	-1505.826	-1672.684	166.8576	5.046147
1374	-1501.071	-1667.278	166.2068	5.406015
1380	-1500.587	-1667.292	166.7048	5.130892
1386	-1490.152	-1656.656	166.5039	5.242066
1392	-1488.397	-1655.733	167.3362	4.779732
1398	-1487.843	-1655.495	167.6521	4.602945
1404	-1482.2	-1649.036	166.8365	5.057871
1410	-1496.378	-1663.215	166.8365	5.057871
1416	-1485.207	-1652.763	167.556	4.656791
1422	-1495.535	-1662.084	166.5492	5.217028
1428	-1492.985	-1659.871	166.8858	5.030501
1434	-1505.806	-1672.788	166.9828	4.976603
1440	-1490.701	-1657.684	166.9828	4.976603
1446	-1491.049	-1657.897	166.8478	5.051605
1452	-1499.276	-1665.762	166.4858	5.252029
1458	-1503.612	-1670.911	167.2985	4.800793
1464	-1498.924	-1666.222	167.2985	4.800793
1470	-1495.176	-1662.199	167.0232	4.95417
1476	-1483.819	-1651.176	167.3564	4.768452
1482	-1492.977	-1661.081	168.1041	4.34851
1488	-1494.916	-1662.42	167.5043	4.685775
1494	-1484.194	-1651.696	167.5018	4.687141
1500	-1489.325	-1656.826	167.5018	4.687141
1506	-1494.098	-1661.843	167.7448	4.550884
1512	-1498.561	-1665.628	167.0663	4.930181
1518	-1503.749	-1669.913	166.1637	5.429763
1524	-1500.045	-1667.486	167.4403	4.721536
1530	-1498.767	-1666.11	167.3427	4.776125
1536	-1506.308	-1672.31	166.0026	5.518362
1542	-1508.612	-1675.434	166.8223	5.06572
1548	-1507.188	-1674.011	166.8223	5.06572
1554	-1508.39	-1675.45	167.0597	4.93384
1560	-1491.445	-1658.786	167.3408	4.77718
1566	-1505.889	-1672.749	166.8608	5.044383
1572	-1495.94	-1663.152	167.2121	4.848968
1578	-1485.15	-1652.907	167.7565	4.544309
1584	-1490.537	-1658.094	167.5578	4.655773
1590	-1489.507	-1656.465	166.9583	4.990243
1596	-1486.29	-1653.417	167.1277	4.896009
1602	-1484.49	-1651.654	167.1644	4.875557
1608	-1491.947	-1659.712	167.7651	4.539516
1614	-1494.032	-1661.021	166.9891	4.973103
1620	-1496.057	-1663.254	167.1973	4.857236
1626	-1493.002	-1659.927	166.9242	5.009152
1632	-1487.199	-1654.894	167.6951	4.578786
1638	-1487.471	-1653.955	166.4842	5.252961
1644	-1497.357	-1664.518	167.1609	4.877507
1650	-1503.26	-1669.252	165.9921	5.52414
1656	-1498.702	-1666.021	167.3191	4.789282
1662	-1494.126	-1661.134	167.0081	4.962569
1668	-1492.309	-1659.405	167.0959	4.913718
1674	-1498.008	-1665.614	167.6059	4.62884
1680	-1500.76	-1668.067	167.3066	4.796284
1686	-1496.878	-1663.437	166.5585	5.211832
1692	-1512.129	-1679.706	167.577	4.645067
1698	-1513.703	-1681.218	167.5145	4.680062
1704	-1501.887	-1669.352	167.4656	4.707412
1710	-1495.837	-1662.773	166.9365	5.002359
1716	-1491.262	-1658.675	167.4123	4.737228
1722	-1493.63	-1660.856	167.2259	4.841297
1728	-1503.258	-1670.701	167.4432	4.719922
1734	-1496.471	-1663.931	167.4596	4.71079
1740	-1496.393	-1664.283	167.8907	4.468877
1746	-1492.387	-1660.415	168.0279	4.391516
1752	-1500.509	-1668.113	167.6044	4.62966
1758	-1501.587	-1669.191	167.6044	4.62966
1764	-1497.14	-1664.357	167.2167	4.846419
1770	-1492.196	-1659.174	166.9776	4.979484
1776	-1504.573	-1671.749	167.1765	4.868819
1782	-1501.861	-1669.08	167.2192	4.845004
1788	-1496.504	-1663.635	167.1309	4.894216
1794	-1491.099	-1658.22	167.1206	4.899946
1800	-1499.814	-1667.155	167.3401	4.777577
1806	-1497.799	-1665.078	167.2785	4.811941
1812	-1500.823	-1667.837	167.0135	4.959528
1818	-1486.519	-1653.677	167.1584	4.878902
1824	-1499.225	-1666.455	167.2297	4.839145
1830	-1490.134	-1657.553	167.4185	4.733753
1836	-1491.748	-1658.983	167.2355	4.835907
1842	-1492.544	-1659.78	167.2355	4.835907
1848	-1485.614	-1652.944	167.3298	4.783316
1854	-1498.557	-1665.049	166.4916	5.24885
1860	-1501.13	-1668.902	167.7727	4.535219
1866	-1490.161	-1657.838	167.6773	4.58878
1872	-1491.987	-1658.934	166.9467	4.996661
1878	-1496.275	-1664.077	167.8019	4.5188
1884	-1495.541	-1662.057	166.5163	5.235209
1890	-1487.126	-1654.08	166.9536	4.992862
1896	-1488.819	-1655.336	166.5164	5.235143
1902	-1489.321	-1656.694	167.3726	4.75938
1908	-1490.049	-1657.421	167.3726	4.75938
1914	-1492.113	-1659.007	166.8942	5.02584
1920	-1496.8	-1664.052	167.2522	4.826611
1926	-1502.04	-1669.526	167.4857	4.69619
1932	-1496.691	-1664.467	167.7754	4.533726
1938	-1497.788	-1664.73	166.9424	4.999047
1944	-1498.879	-1665.813	166.9348	5.003284
1950	-1489.44	-1656.917	167.4777	4.700665
1956	-1488.419	-1655.796	167.3772	4.756859
1962	-1495.773	-1663.135	167.3618	4.765451
1968	-1499.105	-1665.677	166.5719	5.204447
1974	-1494.463	-1661.309	166.8463	5.052441
1980	-1487.408	-1654.655	167.2474	4.829266
1986	-1502.068	-1668.78	166.7118	5.127017
1992	-1504.72	-1671.937	167.2167	4.846386
1998	-1500.486	-1667.981	167.4953	4.690802
2004	-1498.499	-1665.981	167.482	4.698261
2010	-1509.122	-1675.94	166.8178	5.068256
2016	-1509.325	-1676.142	166.8178	5.068256
2022	-1505.546	-1672.434	166.8883	5.029102
2028	-1510.443	-1678.292	167.8488	4.492424
2034	-1519.712	-1687.554	167.8426	4.495931
2040	-1510.215	-1677.324	167.1086	4.90662
2046	-1500.563	-1667.672	167.1086	4.90662
2052	-1501.557	-1668.838	167.2803	4.810911
2058	-1502.466	-1669.869	167.4035	4.742162
2064	-1493.441	-1661.152	167.7104	4.570203
2070	-1495.114	-1663.425	168.3102	4.23186
2076	-1494.507	-1662.022	167.5157	4.679399
2082	-1501.614	-1668.96	167.346	4.774253
2088	-1496.819	-1663.986	167.1665	4.874372
2094	-1497.004	-1663.646	166.6419	5.16574
2100	-1501.487	-1668.013	166.5257	5.229972
2106	-1492.07	-1659.766	167.6963	4.578123
2112	-1500.234	-1666.883	166.6482	5.162224
2118	-1496.653	-1664.092	167.4393	4.722101
2124	-1499.003	-1666.338	167.335	4.78043
2130	-1502.879	-1669.759	166.8802	5.033585
2136	-1502.825	-1669.265	166.4396	5.277581
2142	-1497.336	-1665.06	167.724	4.562574
2148	-1493.01	-1659.976	166.9655	4.986252
2154	-1496.614	-1664.817	168.2021	4.29307
2160	-1499.738	-1667.905	168.1674	4.312708
2166	-1501.478	-1668.629	167.1517	4.882609
2172	-1503.088	-1670.17	167.0817	4.921607
2178	-1508.426	-1675.798	167.3725	4.759485
2184	-1511.554	-1678.912	167.3571	4.768086
2190	-1512.26	-1679.069	166.8082	5.073542
2196	-1510.509	-1677.411	166.9017	5.021677
2202	-1508.294	-1675.132	166.8372	5.057475
2208	-1500.008	-1666.916	166.9078	5.01826
2214	-1506.891	-1674.42	167.529	4.67192
2220	-1503.805	-1671.904	168.0992	4.351288
2226	-1490.15	-1657.285	167.135	4.891941
2232	-1499.156	-1666.705	167.5487	4.660896
2238	-1509.285	-1676.376	167.0912	4.916338
2244	-1508.095	-1674.897	166.8025	5.076729
2250	-1496.514	-1663.074	166.5596	5.211267
2256	-1496.211	-1663.559	167.3474	4.773488
2262	-1487.421	-1654.335	166.9137	5.014985
2268	-1481.577	-1648.65	167.0731	4.926407
2274	-1491.967	-1658.977	167.0099	4.961534
2280	-1490.239	-1657.646	167.4072	4.740089
2286	-1487.493	-1654.684	167.1909	4.860784
2292	-1492.565	-1659.367	166.802	5.076987
2298	-1495.728	-1662.46	166.7318	5.115928
2304	-1500.636	-1667.351	166.7151	5.125164
2310	-1488.636	-1655.493	166.8566	5.046735
2316	-1491.88	-1659.029	167.1494	4.883902
2322	-1495.327	-1662.782	167.4548	4.713457
2328	-1496.136	-1663.987	167.8509	4.491246
2334	-1488.862	-1655.556	166.6939	5.136906
2340	-1513.586	-1681.455	167.8687	4.481215
2346	-1506.845	-1674.26	167.4152	4.735571
2352	-1487.977	-1655.039	167.0621	4.932538
2358	-1491.339	-1658.401	167.0621	4.932538
2364	-1490.868	-1658.114	167.2455	4.830372
2370	-1492.561	-1659.403	166.8427	5.054447
2376	-1492.598	-1659.441	166.8427	5.054447
2382	-1497.388	-1664.446	167.0583	4.934652
2388	-1489.236	-1657.096	167.8598	4.486269
2394	-1505.495	-1672.164	166.6689	5.150749
2400	-1502.764	-1669.039	166.275	5.368413
2406	-1498.837	-1665.137	166.2997	5.354772
2412	-1506.676	-1672.949	166.273	5.369504
2418	-1502.175	-1669.217	167.0412	4.944131
2424	-1487.255	-1654.912	167.6567	4.600351
2430	-1481.481	-1649.147	167.6662	4.595056
2436	-1483.718	-1650.637	166.9189	5.012116
2442	-1495.861	-1662.411	166.5503	5.216375
2448	-1501.393	-1668.093	166.6994	5.133891
2454	-1503.109	-1669.971	166.8621	5.043672
2460	-1495.723	-1662.825	167.1025	4.910013
2466	-1494.816	-1662.233	167.4175	4.734299
2472	-1505.761	-1671.985	166.2245	5.396226
2478	-1505.425	-1672.548	167.1227	4.89878
2484	-1498.136	-1665.247	167.1116	4.904967
2490	-1492.061	-1658.402	166.3414	5.331758
2496	-1510.637	-1678.43	167.7933	4.523628
2502	-1492.293	-1660.003	167.711	4.569904
2508	-1503.772	-1671.399	167.6268	4.617143
2514	-1498.846	-1665.579	166.7332	5.115163
2520	-1505.982	-1673.044	167.0619	4.932601
2526	-1508.698	-1676.069	167.3708	4.760409
2532	-1507.872	-1674.267	166.3947	5.302368
2538	-1490.447	-1657.634	167.1874	4.862752
2544	-1500.275	-1667.463	167.1874	4.862752
2550	-1494.888	-1662.48	167.5913	4.637036
2556	-1494.501	-1661.405	166.9041	5.020342
2562	-1496.555	-1663.677	167.1214	4.899501
2568	-1502.687	-1670.008	167.3207	4.788402
2574	-1490.563	-1657.788	167.2244	4.842095
2580	-1498.281	-1665.594	167.3122	4.793138
2586	-1491.396	-1658.708	167.3122	4.793138
2592	-1494.372	-1661.684	167.3122	4.793138
2598	-1494.91	-1662.188	167.2785	4.811929
2604	-1506.073	-1672.692	166.6189	5.178456
2610	-1489.53	-1656.206	166.6761	5.146792
2616	-1492.244	-1658.92	166.6761	5.146792
2622	-1494.371	-1660.652	166.2817	5.364728
2628	-1495.49	-1662.486	166.9961	4.969228
2634	-1499.263	-1667.063	167.8001	4.519803
2640	-1503.007	-1670.411	167.4041	4.741824
2646	-1502.792	-1669.808	167.0166	4.957812
2652	-1503.941	-1671.575	167.634	4.613099
2658	-1502.106	-1669.362	167.2559	4.82455
2664	-1497.143	-1664.311	167.1684	4.873326
2670	-1499.386	-1666.554	167.1684	4.873326
2676	-1503.116	-1669.739	166.6225	5.176429
2682	-1500.229	-1667.353	167.1234	4.898422
2688	-1498.245	-1665.841	167.5954	4.634734
2694	-1499.262	-1666.996	167.7335	4.557239
2700	-1492.787	-1660.357	167.5703	4.648807
2706	-1498.54	-1665.63	167.0905	4.916701
2712	-1501.418	-1666.984	165.5667	5.757561
2718	-1503.188	-1670.291	167.1034	4.909544
2724	-1510.525	-1677.83	167.3043	4.797517
2730	-1511.875	-1678.541	166.6666	5.152056
2736	-1499.971	-1666.887	166.9155	5.014019
2742	-1502.321	-1669.236	166.9155	5.014019
2748	-1500.706	-1668.33	167.6238	4.618836
2754	-1504.623	-1671.091	166.4676	5.262093
2760	-1500.751	-1668.205	167.4546	4.713581
2766	-1515.512	-1683.398	167.8858	4.471625
2772	-1510.241	-1677.49	167.249	4.828374
2778	-1508.052	-1676.01	167.9586	4.430635
2784	-1499.213	-1666.08	166.8668	5.04103
2790	-1519.829	-1686.245	166.4162	5.290503
2796	-1504.768	-1671.843	167.0749	4.925372
2802	-1487	-1654.357	167.3569	4.768178
2808	-1487.453	-1655.065	167.6118	4.625556
2814	-1499.546	-1667.461	167.9147	4.455347
2820	-1493.337	-1660.586	167.2493	4.828204
2826	-1498.935	-1666.348	167.4125	4.7371
2832	-1494.327	-1661.77	167.4427	4.720213
2838	-1502.085	-1669.036	166.9515	4.993987
2844	-1499.834	-1667.252	167.4188	4.733596
2850	-1490.575	-1657.941	167.3666	4.762756
2856	-1495.158	-1662.592	167.4342	4.724947
2862	-1487.126	-1655.041	167.9145	4.455434
2868	-1492.026	-1658.997	166.9709	4.983248
2874	-1506.272	-1673.402	167.1297	4.894883
2880	-1493.142	-1660.485	167.3436	4.775611
2886	-1491.478	-1658.822	167.3436	4.775611
2892	-1484.599	-1651.516	166.9166	5.013391
2898	-1489.265	-1656.308	167.0432	4.943025
2904	-1491.826	-1659.597	167.771	4.53616
2910	-1484.859	-1652.27	167.4103	4.738317
2916	-1497.018	-1663.8	166.7818	5.088226
2922	-1497.272	-1664.724	167.4518	4.715132
2928	-1498.498	-1665.251	166.7531	5.104113
2934	-1497.421	-1664.132	166.7112	5.127354
2940	-1502.303	-1668.736	166.4333	5.281074
2946	-1504.293	-1671.917	167.6243	4.618521
2952	-1504.207	-1671.076	166.8689	5.039878
2958	-1502.296	-1668.739	166.4426	5.275932
2964	-1512.466	-1680.528	168.0616	4.372499
2970	-1504.114	-1672.326	168.2117	4.287678
2976	-1487.41	-1655.28	167.8697	4.480702
2982	-1494.592	-1660.879	166.287	5.361807
2988	-1499.833	-1666.897	167.0643	4.931302
2994	-1506.731	-1673.795	167.0643	4.931302
3000	-1501.855	-1668.92	167.0643	4.931302
3006	-1496.093	-1663.864	167.7712	4.536062
3012	-1495.242	-1662.679	167.4364	4.723742
3018	-1490.308	-1657.744	167.4364	4.723742
3024	-1498.223	-1666.289	168.0664	4.369799
3030	-1486.861	-1653.684	166.8233	5.06518
3036	-1489.017	-1656.221	167.2042	4.853407
3042	-1495.57	-1662.774	167.2042	4.853407
3048	-1507.746	-1674.585	166.8389	5.056542
3054	-1498.034	-1664.816	166.7824	5.087895
3060	-1498.254	-1665.507	167.2539	4.825643
3066	-1496.319	-1663.536	167.2175	4.845971
3072	-1497.176	-1664.5	167.3238	4.786669
3078	-1494.945	-1661.565	166.6198	5.177971
3084	-1506.284	-1673.669	167.385	4.752485
3090	-1502.96	-1670.345	167.385	4.752485
3096	-1492.282	-1659.799	167.5171	4.678591
3102	-1497.216	-1665.413	168.1973	4.295785
3108	-1491.274	-1658.26	166.9864	4.974592
3114	-1491.528	-1658.45	166.922	5.010416
3120	-1494.097	-1662.093	167.9953	4.409919
3126	-1488.746	-1655.893	167.1469	4.885311
3132	-1500.571	-1666.704	166.133	5.446636
3138	-1498.698	-1664.956	166.2582	5.377651
3144	-1491.356	-1658.68	167.3237	4.786727
3150	-1502.197	-1668.872	166.6757	5.146973
3156	-1497.133	-1663.847	166.7144	5.125547
3162	-1499.194	-1665.909	166.7144	5.125547
3168	-1500.934	-1667.648	166.7144	5.125547
3174	-1497.387	-1664.933	167.5457	4.662587
3180	-1491.196	-1658.594	167.3982	4.745087
3186	-1503.705	-1670.182	166.4773	5.25677
3192	-1500.552	-1667.621	167.0693	4.928493
3198	-1506.64	-1673.685	167.0449	4.942058
3204	-1500.365	-1667.41	167.0449	4.942058
3210	-1498.899	-1666.234	167.3351	4.780337
3216	-1508.075	-1674.962	166.8868	5.029957
3222	-1523.435	-1690.421	166.9859	4.974908
3228	-1491.388	-1658.833	167.4452	4.718848
3234	-1496.585	-1663.541	166.9563	4.991323
3240	-1503.707	-1671.254	167.5469	4.661921
3246	-1494.437	-1661.8	167.3627	4.764922
3252	-1497.151	-1663.618	166.4673	5.262294
3258	-1493.166	-1660.503	167.3368	4.779374
3264	-1498.046	-1665.578	167.5324	4.670034
3270	-1484.179	-1651.345	167.1659	4.874718
3276	-1490.146	-1656.759	166.6129	5.181762
3282	-1492.126	-1658.994	166.8682	5.040297
3288	-1492.32	-1659.518	167.1984	4.856598
3294	-1494.503	-1662.193	167.6908	4.581251
3300	-1494.713	-1662.38	167.6666	4.594784
3306	-1485.154	-1652.102	166.9484	4.995752
3312	-1484.565	-1651.785	167.2205	4.844282
3318	-1494.379	-1661.599	167.2205	4.844282
3324	-1489.89	-1656.988	167.0974	4.912893
3330	-1498.15	-1665.452	167.3021	4.798792
3336	-1500.646	-1667.787	167.1409	4.888647
3342	-1488.361	-1655.123	166.762	5.099186
3348	-1498.571	-1665.737	167.1658	4.87477
3354	-1490.275	-1656.959	166.684	5.142395
3360	-1492.307	-1659.316	167.0088	4.962182
3366	-1488.736	-1656.612	167.8757	4.477317
3372	-1492.637	-1658.67	166.0328	5.501788
3378	-1496.737	-1663.907	167.1702	4.872327
3384	-1498.173	-1665.343	167.1702	4.872327
3390	-1496.816	-1663.876	167.0605	4.933392
3396	-1501.532	-1667.161	165.629	5.723423
3402	-1508.687	-1674.316	165.629	5.723423
3408	-1496.743	-1662.955	166.2121	5.403097
3414	-1491.486	-1658.159	166.6733	5.148342
3420	-1510.838	-1677.615	166.7776	5.090547
3426	-1497.998	-1665.1	167.1013	4.910713
3432	-1512.158	-1678.437	166.2793	5.366014
3438	-1497.204	-1664.502	167.2973	4.801434
3444	-1502.347	-1670.219	167.8717	4.479557
3450	-1507.089	-1674.316	167.2276	4.840342
3456	-1495.498	-1662.726	167.2276	4.840342
3462	-1507.847	-1674.853	167.0059	4.963783
3468	-1508.144	-1674.873	166.729	5.117469
3474	-1499.868	-1667.423	167.5556	4.657054
3480	-1500.37	-1667.634	167.2637	4.820191
3486	-1497.715	-1664.683	166.9682	4.984756
3492	-1505.935	-1673.116	167.1814	4.866112
3498	-1491.927	-1658.831	166.9044	5.020183
3504	-1491.782	-1658.415	166.6329	5.170687
3510	-1486.225	-1652.953	166.7276	5.118264
3516	-1499.674	-1665.829	166.1552	5.434433
3522	-1497.935	-1664.835	166.9003	5.022456
3528	-1497.537	-1664.658	167.1202	4.900184
3534	-1498.084	-1665.186	167.1019	4.910359
3540	-1498.52	-1665.622	167.1019	4.910359
3546	-1499.2	-1665.897	166.6966	5.135429
3552	-1500.182	-1667.998	167.8167	4.510518
3558	-1508.279	-1675.729	167.4502	4.71605
3564	-1500.048	-1667.498	167.4502	4.71605
3570	-1508.118	-1675.571	167.4528	4.714593
3576	-1498.635	-1665.669	167.034	4.948173
3582	-1497.302	-1664.552	167.2502	4.827709
3588	-1491.634	-1659.872	168.2389	4.272284
3594	-1490.953	-1658.564	167.6115	4.625709
3600	-1506.808	-1674.673	167.8648	4.48342
3606	-1505.914	-1672.86	166.9463	4.996925
3612	-1499.977	-1667.26	167.2834	4.809199
3618	-1516.18	-1682.85	166.6699	5.150211
3624	-1513.047	-1679.633	166.5856	5.196845
3630	-1505.937	-1672.523	166.5856	5.196845
3636	-1502.904	-1670.058	167.1536	4.881572
3642	-1501.51	-1668.761	167.2518	4.826822
3648	-1501.726	-1668.648	166.9217	5.01057
3654	-1495.533	-1662.498	166.9646	4.986733
3660	-1499.854	-1666.786	166.9321	5.00478
3666	-1503.176	-1670.108	166.9316	5.005049
3672	-1503.536	-1671.278	167.7416	4.552699
3678	-1508.096	-1676.002	167.9061	4.4602
3684	-1500.999	-1668.6	167.6005	4.631891
3690	-1504.77	-1671.739	166.9693	4.984137
3696	-1494.343	-1661.375	167.032	4.949248
3702	-1493.437	-1659.412	165.9748	5.533688
3708	-1496.792	-1664.635	167.8429	4.495765
3714	-1495.571	-1662.679	167.1088	4.906537
3720	-1495.158	-1662.372	167.2147	4.847504
3726	-1498.01	-1665.443	167.4335	4.725336
3732	-1497.78	-1664.927	167.1464	4.885612
3738	-1484.763	-1653.051	168.2881	4.244406
3744	-1493.57	-1660.465	166.8949	5.025443
3750	-1505.614	-1672.466	166.8524	5.049062
3756	-1492.538	-1660.219	167.6811	4.586647
3762	-1502.811	-1669.646	166.8348	5.058781
3768	-1498.15	-1665.999	167.8495	4.49207
3774	-1499.168	-1666.022	166.8549	5.047667
3780	-1492.117	-1659.057	166.94	5.000391
3786	-1494.685	-1661.012	166.3269	5.339795
3792	-1509.457	-1676.167	166.7102	5.127911
3798	-1512.768	-1679.657	166.8892	5.028592
3804	-1509.691	-1676.448	166.7568	5.102048
3810	-1504.379	-1671.964	167.5852	4.640422
3816	-1502.567	-1670.152	167.5852	4.640422
3822	-1490.581	-1657.415	166.8338	5.059361
3828	-1493.523	-1660.832	167.3086	4.795115
3834	-1493.319	-1660.628	167.3086	4.795115
3840	-1498.417	-1664.784	166.3665	5.317929
3846	-1496.664	-1663.728	167.0643	4.931281
3852	-1493.5	-1661.493	167.9931	4.411173
3858	-1494.135	-1661.511	167.3757	4.757644
3864	-1494.706	-1662.853	168.1467	4.324405
3870	-1489.072	-1656.353	167.2805	4.81081
3876	-1494.232	-1661.024	166.7915	5.08282
3882	-1499.905	-1666.632	166.7272	5.118444
3888	-1491.597	-1659.252	167.6549	4.60137
3894	-1497	-1664.245	167.2447	4.830807
3900	-1494.942	-1662.186	167.2447	4.830807
3906	-1491.382	-1658.627	167.2447	4.830807
3912	-1490.211	-1658.247	168.036	4.386959
3918	-1493.58	-1660.546	166.9657	4.986116
3924	-1484.5	-1651.466	166.9657	4.986116
3930	-1491.999	-1658.865	166.8654	5.041845
3936	-1493.044	-1659.44	166.3955	5.301945
3942	-1496.063	-1663.221	167.1576	4.879337
3948	-1498.146	-1665.411	167.2645	4.81973
3954	-1494.179	-1660.726	166.5473	5.218047
3960	-1493.02	-1660.653	167.6328	4.613746
3966	-1498.533	-1664.997	166.464	5.264076
3972	-1499.916	-1667.084	167.1672	4.873971
3978	-1489.059	-1656.2	167.1407	4.888755
3984	-1497.976	-1664.387	166.4105	5.293667
3990	-1488.847	-1655.989	167.1417	4.888184
3996	-1494.683	-1661.813	167.1301	4.894639
4002	-1487.515	-1655.036	167.5209	4.676455
4008	-1490.58	-1658.329	167.7485	4.548833
4014	-1495.887	-1663.739	167.8519	4.490708
4020	-1488.156	-1654.948	166.7913	5.082919
4026	-1484.953	-1651.772	166.8188	5.067656
4032	-1493.136	-1660.43	167.2943	4.803098
4038	-1493.682	-1661.466	167.7844	4.528635
4044	-1484.497	-1651.334	166.8377	5.057224
4050	-1491.753	-1659.259	167.5069	4.684314
4056	-1488.615	-1655.952	167.3366	4.779501
4062	-1492.367	-1660.347	167.9797	4.418725
4068	-1496.309	-1663.184	166.8745	5.036755
4074	-1489.557	-1656.732	167.1745	4.869953
4080	-1499.873	-1666.575	166.7017	5.132612
4086	-1497.115	-1663.834	166.719	5.123013
4092	-1498.095	-1666.009	167.9141	4.455664
4098	-1488	-1655.122	167.1213	4.899569
4104	-1492.855	-1659.133	166.2788	5.366287
4110	-1493.036	-1660.575	167.5389	4.666361
4116	-1497.645	-1665.14	167.4943	4.691353
4122	-1500.351	-1666.565	166.214	5.402044
4128	-1506.736	-1673.094	166.3575	5.322891
4134	-1507.496	-1675.305	167.809	4.514835
4140	-1506.692	-1675.004	168.312	4.230824
4146	-1516.223	-1682.994	166.7709	5.094221
4152	-1505.844	-1672.482	166.6383	5.167704
4158	-1496.916	-1663.813	166.8969	5.024318
4164	-1496.071	-1663.219	167.1475	4.884961
4170	-1496.252	-1663.51	167.2583	4.823198
4176	-1498.777	-1665.726	166.9492	4.99527
4182	-1490.049	-1656.998	166.9492	4.99527
4188	-1507.041	-1673.588	166.5468	5.218317
4194	-1498.294	-1664.41	166.1162	5.455885
4200	-1495.273	-1661.794	166.5212	5.232494
4206	-1484.786	-1650.749	165.9631	5.540073
4212	-1491.206	-1658.735	167.5288	4.672024
4218	-1487.658	-1655.187	167.5288	4.672024
4224	-1501.061	-1668.255	167.1945	4.858785
4230	-1491.588	-1658.783	167.1945	4.858785
4236	-1489.877	-1657.5	167.6237	4.618845
4242	-1493.568	-1660.691	167.1221	4.899122
4248	-1503.31	-1670.159	166.8481	5.051405
4254	-1504.037	-1670.597	166.5604	5.210814
4260	-1500.088	-1666.857	166.7688	5.095392
4266	-1495.248	-1662.308	167.0599	4.933726
4272	-1497.246	-1664.448	167.202	4.854629
4278	-1496.904	-1663.243	166.3392	5.332992
4284	-1491.585	-1658.599	167.0139	4.95933
4290	-1495.904	-1663.567	167.6632	4.596706
4296	-1500.144	-1666.795	166.6514	5.160457
4302	-1498.058	-1664.709	166.6514	5.160457
4308	-1502.918	-1670.276	167.3574	4.767878
4314	-1508.702	-1676.245	167.5433	4.663908
4320	-1520.628	-1686.804	166.1762	5.422855
4326	-1505.272	-1672.454	167.182	4.865738
4332	-1498.231	-1665.859	167.6282	4.61636
4338	-1495.225	-1662.129	166.9033	5.020799
4344	-1503.166	-1670.033	166.8663	5.041334
4350	-1488.088	-1655.414	167.3262	4.785345
4356	-1502.328	-1669.365	167.0367	4.946653
4362	-1493.518	-1661.152	167.634	4.613088
4368	-1503.992	-1670.596	166.6037	5.186849
4374	-1495.672	-1662.276	166.6037	5.186849
4380	-1493.423	-1660.74	167.3169	4.790487
4386	-1496.641	-1664.594	167.9532	4.433635
4392	-1502.111	-1669.764	167.6534	4.602199
4398	-1496.041	-1663.694	167.6534	4.602199
4404	-1505.038	-1671.258	166.2194	5.399049
4410	-1495.623	-1662.12	166.497	5.245864
4416	-1495.593	-1662.873	167.2794	4.811437
4422	-1496.533	-1663.939	167.406	4.740727
4428	-1495.723	-1663.455	167.7327	4.557688
4434	-1493.203	-1661.093	167.8897	4.469436
4440	-1491.647	-1659.041	167.3941	4.747371
4446	-1498.181	-1665.575	167.3941	4.747371
4452	-1501.862	-1669.256	167.3941	4.747371
4458	-1495.735	-1662.518	166.7832	5.087453
4464	-1502.673	-1670.056	167.3832	4.753487
4470	-1493.105	-1659.563	166.4588	5.26695
4476	-1486.688	-1653.779	167.0917	4.916068
4482	-1492.602	-1659.411	166.8083	5.073532
4488	-1495.951	-1662.76	166.8083	5.073532
4494	-1492.478	-1659.506	167.0281	4.951443
4500	-1496.709	-1663.483	166.7741	5.092493
4506	-1491.939	-1658.823	166.8839	5.031569
4512	-1491.374	-1658.258	166.8839	5.031569
4518	-1492.089	-1658.973	166.8839	5.031569
4524	-1505.124	-1672.03	166.9053	5.019678
4530	-1492.067	-1658.66	166.5926	5.192996
4536	-1490.056	-1656.75	166.6933	5.137245
4542	-1490.202	-1657.648	167.446	4.718355
4548	-1487.442	-1654.249	166.8073	5.074086
4554	-1493.826	-1660.815	166.9897	4.972794
4560	-1508.933	-1675.39	166.4562	5.268432
4566	-1494.973	-1662.617	167.6445	4.60719
4572	-1505.415	-1671.869	166.4536	5.269862
4578	-1492.565	-1659.513	166.948	4.995954
4584	-1489.149	-1656.254	167.1049	4.908675
4590	-1485.469	-1653.106	167.6368	4.611519
4596	-1490.789	-1657.208	166.4195	5.288674
4602	-1497.771	-1664.354	166.5831	5.198272
4608	-1489.048	-1656.343	167.2944	4.803087
4614	-1493.263	-1660.766	167.5025	4.68679
4620	-1495.093	-1661.778	166.685	5.141854
4626	-1496.158	-1663.329	167.1714	4.871666
4632	-1498.369	-1665.067	166.6978	5.13478
4638	-1503.196	-1671.13	167.9339	4.444546
4644	-1501.978	-1669.054	167.0764	4.92455
4650	-1501.995	-1669.398	167.4035	4.742113
4656	-1495.062	-1662.466	167.4035	4.742113
4662	-1490.826	-1658.214	167.3878	4.750888
4668	-1497.833	-1665.221	167.3878	4.750888
4674	-1496.305	-1663.416	167.1117	4.904895
4680	-1505.164	-1672.239	167.0756	4.925027
4686	-1502.687	-1669.754	167.067	4.929763
4692	-1495.859	-1662.973	167.1143	4.903445
4698	-1491.928	-1659.032	167.1044	4.908956
4704	-1494.454	-1660.769	166.3152	5.346236
4710	-1491.301	-1657.856	166.555	5.213797
4716	-1499.109	-1665.619	166.5107	5.238316
4722	-1501.78	-1668.731	166.9506	4.994534
4728	-1500.461	-1667.214	166.7532	5.104073
4734	-1492.592	-1659.143	166.5517	5.215614
4740	-1497.475	-1663.846	166.3706	5.315678
4746	-1485.928	-1652.59	166.6612	5.155027
4752	-1486.518	-1653.78	167.2623	4.820999
4758	-1496.489	-1663.474	166.9851	4.97534
4764	-1506.061	-1673.496	167.4353	4.72434
4770	-1496.545	-1663.821	167.2756	4.813548
4776	-1488.413	-1655.515	167.1023	4.910122
4782	-1486.282	-1652.98	166.6983	5.134453
4788	-1499.27	-1666.146	166.8757	5.036129
4794	-1494.457	-1661.395	166.9375	5.001763
4800	-1492.065	-1658.622	166.5577	5.212289
4806	-1498.918	-1665.739	166.821	5.066488
4812	-1490.979	-1657.436	166.4571	5.267931
4818	-1494.355	-1662.083	167.7279	4.560368
4824	-1503.956	-1671.44	167.4832	4.697568
4830	-1495.565	-1662.57	167.0054	4.964026
4836	-1499.339	-1665.812	166.4727	5.259317
4842	-1511.523	-1677.996	166.4727	5.259317
4848	-1500.558	-1667.226	166.6677	5.151446
4854	-1497.663	-1664.996	167.3331	4.781469
4860	-1498.612	-1664.895	166.2826	5.364197
4866	-1504.519	-1670.802	166.2826	5.364197
4872	-1491.339	-1658.427	167.088	4.918094
4878	-1482.738	-1649.931	167.193	4.859598
4884	-1487.42	-1654.613	167.193	4.859598
4890	-1496.094	-1663.287	167.193	4.859598
4896	-1497.427	-1664.62	167.193	4.859598
4902	-1489.095	-1656.652	167.5571	4.656202
4908	-1493.355	-1660.293	166.9383	5.001322
4914	-1503.151	-1669.672	166.5212	5.232506
4920	-1505.841	-1672.362	166.5212	5.232506
4926	-1500.867	-1667.799	166.9326	5.004516
4932	-1489.992	-1656.858	166.8664	5.041251
4938	-1488.579	-1656.303	167.7243	4.562421
4944	-1487.061	-1653.375	166.3143	5.346757
4950	-1500.404	-1667.181	166.7772	5.090755
4956	-1492.898	-1661	168.1022	4.349597
4962	-1493.287	-1660.477	167.19	4.861309
4968	-1488.217	-1655.877	167.6603	4.598324
4974	-1486.603	-1653.434	166.8315	5.060639
4980	-1488.156	-1654.952	166.796	5.080313
4986	-1483.345	-1650.141	166.796	5.080313
4992	-1488.856	-1655.344	166.4873	5.251222
4998	-1493.364	-1660.749	167.3845	4.75275
5004	-1502.066	-1669.751	167.6846	4.584703
5010	-1493.397	-1659.929	166.5322	5.226403
5016	-1488.398	-1654.917	166.519	5.233689
5022	-1499.252	-1665.88	166.6287	5.173041
5028	-1494.362	-1660.994	166.6318	5.171327
5034	-1491.907	-1658.119	166.2119	5.403207
5040	-1494.477	-1661.088	166.611	5.182803
5046	-1504.854	-1671.325	166.4705	5.260478
5052	-1503.426	-1670.811	167.385	4.752461
5058	-1494.579	-1661.962	167.3833	4.753449
5064	-1496.056	-1663.44	167.3833	4.753449
5070	-1504.688	-1670.711	166.0229	5.507218
5076	-1498.47	-1665.904	167.4333	4.72545
5082	-1508.138	-1675.295	167.1574	4.879431
5088	-1505.969	-1673.076	167.1065	4.907796
5094	-1499.392	-1666.793	167.4009	4.74358
5100	-1501.383	-1668.964	167.5811	4.642729
5106	-1496.039	-1663.02	166.9807	4.977772
5112	-1493.161	-1660.081	166.92	5.011502
5118	-1496.446	-1663.943	167.4967	4.689993
5124	-1495.129	-1661.81	166.6815	5.143778
5130	-1492.706	-1659.359	166.6533	5.159386
5136	-1486.804	-1653.952	167.1476	4.884916
5142	-1495.711	-1662.072	166.3607	5.321128
5148	-1497.262	-1664.092	166.8304	5.06127
5154	-1500.609	-1668.048	167.4398	4.721857
5160	-1503.396	-1671.177	167.7806	4.530769
5166	-1492.649	-1659.741	167.0922	4.915791
5172	-1502.341	-1669.898	167.5571	4.656199
5178	-1501.695	-1668.1	166.4055	5.296427
5184	-1502.763	-1670.778	168.0154	4.398574
5190	-1499.47	-1667.06	167.59	4.637777
5196	-1491.444	-1658.637	167.1931	4.859542
5202	-1492.227	-1659.823	167.5959	4.634426
5208	-1495.111	-1662.217	167.1059	4.908118
5214	-1501.63	-1668.841	167.2111	4.849518
5220	-1489.225	-1656.265	167.0398	4.944939
5226	-1485.477	-1652.743	167.2653	4.819294
5232	-1483.76	-1650.589	166.829	5.062019
5238	-1492.117	-1659.55	167.4337	4.725237
5244	-1485.913	-1653.238	167.3246	4.786235
5250	-1496.459	-1663.771	167.313	4.792707
5256	-1498.014	-1664.307	166.2932	5.358384
5262	-1498.41	-1665.424	167.0142	4.959168
5268	-1500.086	-1668.474	168.3878	4.187822
5274	-1485.173	-1651.981	166.8078	5.073765
5280	-1502.5	-1670.08	167.5799	4.643413
5286	-1499.695	-1666.897	167.2017	4.854775
5292	-1493.927	-1660.667	166.7396	5.111574
5298	-1489.236	-1655.975	166.7396	5.111574
5304	-1503.625	-1670.977	167.3521	4.770866
5310	-1494.78	-1661.714	166.933	5.004275
5316	-1496.311	-1662.87	166.5587	5.211753
5322	-1506.368	-1673.173	166.8042	5.075755
5328	-1486.858	-1654.572	167.714	4.56822
5334	-1490.537	-1658.24	167.7035	4.574107
5340	-1494.889	-1662.793	167.9034	4.4617
5346	-1499.631	-1666.111	166.48	5.255236
5352	-1502.051	-1669.747	167.6958	4.578412
5358	-1498.822	-1665.953	167.1312	4.894024
5364	-1511.194	-1678.107	166.9135	5.015117
5370	-1509.455	-1675.816	166.3605	5.321233
5376	-1507.535	-1674.751	167.2161	4.846767
5382	-1512.444	-1677.707	165.263	5.923621
5388	-1490.837	-1658.082	167.245	4.830614
5394	-1505.581	-1673.993	168.412	4.174082
5400	-1496.299	-1663.777	167.4776	4.700701
5406	-1493.961	-1661.6	167.6389	4.610349
5412	-1495.942	-1662.459	166.5173	5.234639
5418	-1495.058	-1661.82	166.7619	5.099233
5424	-1488.327	-1655.637	167.3102	4.794277
5430	-1499.11	-1665.936	166.8268	5.063271
5436	-1495.349	-1662.176	166.8268	5.063271
5442	-1501.226	-1668.039	166.8132	5.070804
5448	-1517.748	-1684.561	166.8132	5.070804
5454	-1504.019	-1671.262	167.2421	4.832273
5460	-1498.577	-1665.499	166.9212	5.010817
5466	-1492.422	-1659.311	166.889	5.0287
5472	-1495.44	-1662.674	167.2343	4.836582
5478	-1499.577	-1665.871	166.2945	5.35763
5484	-1503.191	-1670.759	167.5678	4.650219
5490	-1505.043	-1672.396	167.3535	4.770091
5496	-1499.796	-1666.957	167.1609	4.877492
5502	-1502.529	-1668.966	166.4369	5.279063
5508	-1498.14	-1665.706	167.5656	4.651404
5514	-1501.676	-1668.988	167.3115	4.793544
5520	-1498.019	-1665.331	167.3115	4.793544
5526	-1498.488	-1665.014	166.5258	5.229936
5532	-1500.19	-1667.371	167.1811	4.866275
5538	-1501.315	-1668.579	167.2645	4.819772
5544	-1496.223	-1663.894	167.6716	4.591977
5550	-1498.124	-1665.632	167.5074	4.684022
5556	-1496.452	-1663.586	167.1343	4.892325
5562	-1515.532	-1682.893	167.3608	4.766013
5568	-1498.432	-1665.474	167.0415	4.94396
5574	-1500.138	-1667.17	167.0321	4.949221
5580	-1498.613	-1665.966	167.3526	4.770588
5586	-1502.614	-1669.198	166.584	5.19774
5592	-1497.614	-1665.356	167.7422	4.552356
5598	-1493.973	-1660.968	166.9945	4.970132
5604	-1494.976	-1662.185	167.2093	4.850545
5610	-1497.155	-1664.231	167.0756	4.924992
5616	-1496.108	-1663.292	167.1835	4.864905
5622	-1492.155	-1659.339	167.1835	4.864905
5628	-1498.595	-1665.687	167.092	4.915852
5634	-1498.551	-1665.504	166.9525	4.99343
5640	-1499.89	-1667.593	167.7021	4.574894
5646	-1496.019	-1662.865	166.846	5.052593
5652	-1499.78	-1666.917	167.137	4.890812
5658	-1497.549	-1664.686	167.137	4.890812
5664	-1503.176	-1670.356	167.1808	4.866439
5670	-1499.199	-1666.34	167.1408	4.888732
5676	-1502.672	-1669.986	167.314	4.792149
5682	-1510.118	-1677.183	167.0647	4.931058
5688	-1507.603	-1674.653	167.0495	4.939529
5694	-1500.568	-1668.084	167.5162	4.679101
5700	-1495.659	-1662.378	166.7194	5.122793
5706	-1507.449	-1674.107	166.6576	5.157014
5712	-1508.317	-1675.404	167.0867	4.918826
5718	-1498.185	-1665.36	167.1748	4.869738
5724	-1506.733	-1673.729	166.9966	4.968958
5730	-1504.764	-1672.085	167.3208	4.788351
5736	-1491.614	-1658.934	167.3208	4.788351
5742	-1499.492	-1666.889	167.3976	4.74542
5748	-1502.807	-1670.241	167.4341	4.725014
5754	-1498.265	-1665.699	167.4341	4.725014
5760	-1495.152	-1662.439	167.2869	4.807274
5766	-1510.922	-1677.758	166.8364	5.057917
5772	-1510.124	-1675.95	165.8263	5.615239
5778	-1512.487	-1680.354	167.8671	4.482115
5784	-1510.294	-1677.359	167.0643	4.931294
5790	-1503.764	-1670.661	166.897	5.024288
5796	-1508.198	-1674.221	166.0236	5.506831
5802	-1500.526	-1668.368	167.8419	4.496307
5808	-1499.857	-1667.08	167.2224	4.843241
5814	-1492.036	-1659.793	167.7574	4.54383
5820	-1503.055	-1670.362	167.3069	4.796103
5826	-1514.316	-1681.703	167.3866	4.751571
5832	-1506.632	-1674.019	167.3866	4.751571
5838	-1510.784	-1677.813	167.0283	4.951298
5844	-1507.817	-1674.017	166.2	5.409739
5850	-1499.626	-1666.499	166.873	5.037612
5856	-1498.212	-1665.085	166.873	5.037612
5862	-1487.889	-1654.66	166.7715	5.093936
5868	-1497.317	-1663.955	166.6379	5.167953
5874	-1502.146	-1668.784	166.6379	5.167953
5880	-1499.077	-1666.449	167.3719	4.759769
5886	-1497.676	-1665.075	167.3986	4.744867
5892	-1501.374	-1668.427	167.0533	4.937428
5898	-1497.008	-1663.858	166.85	5.050347
5904	-1491.269	-1658.412	167.143	4.887499
5910	-1494.13	-1661.161	167.031	4.949821
5916	-1502.451	-1669.336	166.8856	5.03059
5922	-1511.052	-1677.586	166.534	5.225385
5928	-1496.496	-1662.69	166.1941	5.413018
5934	-1488.693	-1655.783	167.0901	4.916917
5940	-1488.352	-1655.447	167.0949	4.914289
5946	-1492.086	-1659.61	167.5231	4.675244
5952	-1490.497	-1657.639	167.1426	4.887721
5958	-1488.325	-1655.854	167.5285	4.672213
5964	-1491.587	-1658.412	166.8251	5.064161
5970	-1491.456	-1658.352	166.8958	5.024954
5976	-1499.124	-1666.02	166.8958	5.024954
5982	-1499.4	-1666.609	167.2088	4.850834
5988	-1496.782	-1663.949	167.1669	4.874151
5994	-1499.282	-1665.92	166.6374	5.168183
6000	-1494.739	-1661.654	166.9145	5.014559
6006	-1487.009	-1654.074	167.0654	4.930686
6012	-1500.251	-1668.024	167.7729	4.535118
6018	-1493.054	-1660.09	167.0358	4.947123
6024	-1498.227	-1665.126	166.8989	5.023215
6030	-1486.924	-1654.022	167.0979	4.912613
6036	-1501.251	-1668.374	167.1234	4.898422
6042	-1498.157	-1665.208	167.0518	4.938248
6048	-1494.969	-1661.63	166.6606	5.155339
6054	-1500.303	-1666.999	166.6958	5.135839
6060	-1496.4	-1663.594	167.1934	4.859388
6066	-1492.29	-1659.258	166.9682	4.984754
6072	-1485.565	-1652.025	166.4592	5.266731
6078	-1486.5	-1653.635	167.1357	4.891562
6084	-1498.178	-1664.266	166.0882	5.471274
6090	-1496.218	-1663.724	167.5066	4.684482
6096	-1503.249	-1670.643	167.3942	4.74732
6102	-1499.788	-1667.057	167.2693	4.817098
6108	-1492.914	-1660.183	167.2693	4.817098
6114	-1500.68	-1667.267	166.5874	5.195866
6120	-1491.408	-1657.917	166.5092	5.239116
6126	-1489.098	-1656.47	167.3711	4.760235
6132	-1489.628	-1657.083	167.455	4.713364
6138	-1498.5	-1665.572	167.0726	4.926675
6144	-1496.725	-1663.87	167.1456	4.886024
6150	-1498.614	-1665.759	167.1456	4.886024
6156	-1496.563	-1663.897	167.334	4.780945
6162	-1508.866	-1676.316	167.4504	4.715896
6168	-1506.571	-1673.839	167.2686	4.817484
6174	-1501.057	-1667.893	166.836	5.058166
6180	-1508.974	-1675.937	166.9631	4.98759
6186	-1509.182	-1675.689	166.5063	5.240716
6192	-1504.247	-1671.128	166.8805	5.033454
6198	-1507.483	-1674.364	166.8805	5.033454
6204	-1497.405	-1664.645	167.2393	4.833798
6210	-1505.093	-1672.149	167.0561	4.935846
6216	-1500.215	-1667.361	167.1463	4.885653
6222	-1494.339	-1662.158	167.8185	4.509458
6228	-1496.846	-1664.649	167.8029	4.518258
6234	-1501.989	-1669.541	167.5523	4.658865
6240	-1496.295	-1663.433	167.1372	4.890687
6246	-1505.064	-1672.652	167.588	4.638903
6252	-1500.319	-1666.826	166.507	5.240339
6258	-1504.818	-1671.773	166.9549	4.992117
6264	-1503.748	-1670.641	166.8931	5.026438
6270	-1494.003	-1660.482	166.4788	5.255906
6276	-1497.94	-1665.224	167.2837	4.809044
6282	-1503.985	-1671.003	167.0183	4.956863
6288	-1490.094	-1657.113	167.0183	4.956863
6294	-1491.215	-1657.943	166.7285	5.117728
6300	-1491.516	-1657.122	165.6063	5.735849
6306	-1486.984	-1654.599	167.6154	4.623503
6312	-1483.526	-1650.922	167.3967	4.74592
6318	-1492.416	-1660.71	168.2943	4.240858
6324	-1490.817	-1658.163	167.3459	4.774302
6330	-1490.954	-1657.92	166.9669	4.985465
6336	-1499.14	-1666.107	166.9669	4.985465
6342	-1497.112	-1663.673	166.5612	5.210352
6348	-1490.654	-1657.972	167.3183	4.789753
6354	-1492.156	-1660.122	167.9655	4.426737
6360	-1500.142	-1668.517	168.3755	4.194819
6366	-1491.154	-1658.037	166.8831	5.032017
6372	-1502.314	-1668.855	166.5415	5.221239
6378	-1498.75	-1665.291	166.5415	5.221239
6384	-1495.516	-1662.55	167.0339	4.948191
6390	-1487.528	-1654.495	166.9677	4.984999
6396	-1493.527	-1661.274	167.7472	4.549549
6402	-1505.265	-1672.42	167.1542	4.881244
6408	-1503.434	-1670.588	167.1542	4.881244
6414	-1496.946	-1664.034	167.0875	4.918402
6420	-1495.357	-1662.445	167.0875	4.918402
6426	-1495.201	-1662.29	167.0885	4.917845
6432	-1493.205	-1660.244	167.0389	4.945435
6438	-1497.032	-1664.057	167.0258	4.952682
6444	-1501.575	-1669.051	167.476	4.701607
6450	-1504.647	-1672.511	167.8643	4.483703
6456	-1488.541	-1656.154	167.6133	4.624674
6462	-1492.123	-1659.464	167.3413	4.776911
6468	-1496.943	-1663.467	166.5247	5.230543
6474	-1507.649	-1674.174	166.5247	5.230543
6480	-1507.4	-1674.928	167.528	4.672513
6486	-1498.802	-1665.939	167.1368	4.89092
6492	-1487.01	-1654.598	167.5883	4.638684
6498	-1491.714	-1658.568	166.8545	5.047884
6504	-1491.514	-1658.836	167.3214	4.788021
6510	-1497.666	-1665.067	167.4004	4.74386
6516	-1495.017	-1662.425	167.4079	4.739686
6522	-1489.868	-1657.059	167.1908	4.860866
6528	-1497.134	-1664.325	167.1908	4.860866
6534	-1499.035	-1666.012	166.9766	4.980072
6540	-1513.513	-1681.392	167.8787	4.475586
6546	-1497.956	-1665.69	167.7333	4.557349
6552	-1495.076	-1662.801	167.7243	4.56242
6558	-1507.159	-1674.116	166.957	4.99098
6564	-1510.705	-1677.662	166.957	4.99098
6570	-1503.018	-1670.67	167.6522	4.602881
6576	-1497.608	-1664.569	166.9608	4.98884
6582	-1495.823	-1662.903	167.0797	4.922727
6588	-1496.805	-1664.171	167.3667	4.762713
6594	-1485.008	-1651.758	166.7502	5.105713
6600	-1491.581	-1658.332	166.7502	5.105713
6606	-1488.078	-1654.586	166.5078	5.239917
6612	-1493.656	-1659.863	166.2072	5.405789
6618	-1496.673	-1663.189	166.5156	5.235584
6624	-1496.874	-1664.692	167.8181	4.509731
6630	-1485.576	-1653.163	167.5874	4.639198
6636	-1499.865	-1666.689	166.8242	5.064678
6642	-1496.435	-1662.567	166.1326	5.446855
6648	-1505.137	-1671.277	166.1401	5.442718
6654	-1503.212	-1670.139	166.9266	5.007822
6660	-1496.907	-1663.833	166.9266	5.007822
6666	-1495.871	-1663.134	167.2625	4.820842
6672	-1508.458	-1674.691	166.2334	5.391312
6678	-1501.194	-1668.144	166.9503	4.994689
6684	-1501.031	-1668.434	167.403	4.742391
6690	-1500.85	-1668.395	167.545	4.66299
6696	-1498.818	-1665.731	166.9133	5.015209
6702	-1500.436	-1667.571	167.1352	4.891825
6708	-1498.856	-1665.207	166.3514	5.326275
6714	-1504.148	-1671.309	167.1611	4.877418
6720	-1498.388	-1665.752	167.3632	4.764672
6726	-1490.22	-1657.73	167.5101	4.682516
6732	-1482.708	-1650.029	167.3212	4.788086
6738	-1489.593	-1657.619	168.0255	4.392911
6744	-1487.135	-1653.963	166.8272	5.063047
6750	-1484.99	-1652.101	167.1104	4.905612
6756	-1487.973	-1655.03	167.0569	4.935407
6762	-1485.086	-1652.182	167.0958	4.913751
6768	-1486.782	-1654.406	167.6242	4.618608
6774	-1488.969	-1656.182	167.2129	4.848541
6780	-1485.102	-1652.315	167.2129	4.848541
6786	-1495.845	-1663.536	167.6908	4.581213
6792	-1492.39	-1659.998	167.6072	4.628112
6798	-1498.696	-1664.796	166.0997	5.464947
6804	-1492.338	-1659.342	167.0044	4.964626
6810	-1496.187	-1663.377	167.1902	4.861198
6816	-1500.041	-1667.196	167.1553	4.880633
6822	-1486.743	-1653.846	167.1028	4.909839
6828	-1495.021	-1662.312	167.2914	4.804717
6834	-1484.197	-1651.527	167.3306	4.782868
6840	-1487.443	-1654.297	166.8539	5.048222
6846	-1490.687	-1657.796	167.1083	4.906784
6852	-1499.65	-1667.064	167.4142	4.73614
6858	-1507.653	-1674.51	166.8562	5.046949
6864	-1498.296	-1665.222	166.9268	5.007713
6870	-1504.676	-1672.146	167.4696	4.70517
6876	-1507.894	-1674.597	166.7036	5.131528
6882	-1502.143	-1669.659	167.5158	4.679313
6888	-1512.867	-1679.127	166.2601	5.376628
6894	-1503.782	-1671.027	167.2453	4.830453
6900	-1499.182	-1666.429	167.2472	4.829421
6906	-1497.492	-1663.939	166.4462	5.273934
6912	-1501.479	-1668.978	167.4994	4.688496
6918	-1507.153	-1673.648	166.4949	5.247008
6924	-1494.405	-1661.743	167.3381	4.778676
6930	-1506.763	-1673.169	166.4059	5.296161
6936	-1494.974	-1662.004	167.0304	4.950159
6942	-1499.196	-1666.806	167.6091	4.627041
6948	-1503.013	-1669.807	166.7941	5.081369
6954	-1507.88	-1675.292	167.4113	4.737775
6960	-1496.981	-1664.339	167.3578	4.767656
6966	-1499.893	-1667.25	167.3578	4.767656
6972	-1491.377	-1658.461	167.0837	4.920509
6978	-1488.081	-1654.922	166.8405	5.055622
6984	-1498.283	-1664.798	166.5147	5.2361
6990	-1489.588	-1656.9	167.3118	4.793337
6996	-1482.321	-1649.211	166.8898	5.028282
7002	-1495.917	-1662.812	166.8942	5.025816
7008	-1490.097	-1656.991	166.8942	5.025816
7014	-1489.417	-1656.312	166.8942	5.025816
7020	-1488.357	-1655.252	166.8942	5.025816
7026	-1487.351	-1654.561	167.21	4.850164
7032	-1485.119	-1651.583	166.4643	5.263922
7038	-1480.859	-1647.714	166.855	5.047623
7044	-1495.353	-1662.371	167.0181	4.956968
7050	-1506.076	-1674.051	167.9749	4.421434
7056	-1493.704	-1661.224	167.5203	4.676803
7062	-1488.426	-1655.286	166.8601	5.044752
7068	-1496.323	-1663.177	166.8546	5.047822
7074	-1491.662	-1657.733	166.0713	5.480595
7080	-1494.39	-1660.936	166.5463	5.21858
7086	-1502.629	-1668.739	166.1098	5.459385
7092	-1492.648	-1659.878	167.2303	4.838827
7098	-1491.277	-1657.973	166.6968	5.135301
7104	-1495.71	-1662.636	166.926	5.008202
7110	-1496.257	-1663.183	166.926	5.008202
7116	-1500.658	-1667.283	166.6244	5.175405
7122	-1496.019	-1663.089	167.0699	4.928163
7128	-1496.772	-1664.284	167.5114	4.681772
7134	-1492.677	-1660.11	167.4324	4.725997
7140	-1493.932	-1661.257	167.3252	4.7859
7146	-1494.784	-1662.045	167.2605	4.821982
7152	-1494.93	-1661.701	166.7713	5.094038
7158	-1493.948	-1660.643	166.6956	5.135981
7164	-1488.33	-1655.267	166.9369	5.0021
7170	-1496.854	-1663.497	166.6426	5.165352
7176	-1498.967	-1666.032	167.0641	4.931427
7182	-1486.656	-1653.951	167.2946	4.802967
7188	-1486.322	-1653.948	167.6268	4.617153
7194	-1498.665	-1666.341	167.6766	4.589189
7200	-1498.024	-1664.588	166.5641	5.208775
7206	-1487.132	-1654.163	167.0305	4.95012
7212	-1498.391	-1665.369	166.9782	4.979186
7218	-1490.501	-1657.568	167.0668	4.929886
7224	-1484.96	-1652.027	167.0668	4.929886
7230	-1485.479	-1652.648	167.1682	4.873446
7236	-1490.981	-1658.099	167.1173	4.901805
7242	-1491.527	-1658.943	167.4161	4.735103
7248	-1499.017	-1666.238	167.2213	4.843854
7254	-1502.406	-1669.187	166.7807	5.088804
7260	-1491.29	-1658.638	167.3487	4.772756
7266	-1496.059	-1663.005	166.9461	4.996995
7272	-1490.44	-1657.186	166.7468	5.107618
7278	-1493.952	-1661.653	167.7014	4.575274
7284	-1484.339	-1651.029	166.6899	5.139113
7290	-1484.152	-1651.588	167.4366	4.723616
7296	-1486.244	-1653.237	166.9932	4.970815
7302	-1497.594	-1664.84	167.2461	4.830031
7308	-1494.51	-1661.756	167.2461	4.830031
7314	-1504.752	-1672.532	167.7799	4.531181
7320	-1495.655	-1663.047	167.392	4.748588
7326	-1507.893	-1674.753	166.8605	5.044571
7332	-1500.245	-1667.368	167.1224	4.898927
7338	-1508.34	-1675.166	166.826	5.063697
7344	-1498.662	-1665.303	166.6405	5.166499
7350	-1502.748	-1669.924	167.1757	4.869286
7356	-1505.082	-1672.488	167.4063	4.740576
7362	-1500.279	-1668.367	168.0882	4.357498
7368	-1496.822	-1663.346	166.5237	5.231089
7374	-1507.525	-1674.122	166.5973	5.190373
7380	-1495.963	-1663.059	167.0965	4.91335
7386	-1498.17	-1665.351	167.1813	4.866128
7392	-1500.608	-1667.296	166.6881	5.140153
7398	-1507.703	-1674.391	166.6881	5.140153
7404	-1499.29	-1666.168	166.8785	5.034558
7410	-1490.35	-1657.582	167.2321	4.837801
7416	-1483.79	-1651.023	167.2321	4.837801
7422	-1491.429	-1659.091	167.6619	4.59743
7428	-1499.033	-1666.057	167.0234	4.954067
7434	-1489.827	-1657.033	167.206	4.852383
7440	-1495.428	-1662.083	166.6548	5.158581
7446	-1491.672	-1658.275	166.6024	5.187594
7452	-1486.373	-1654.414	168.0411	4.384099
7458	-1489.715	-1656.52	166.8047	5.0755
7464	-1490.747	-1658.236	167.489	4.694298
7470	-1490.279	-1657.929	167.6499	4.60416
7476	-1485.349	-1652.873	167.524	4.674701
7482	-1490.633	-1658.158	167.5254	4.673938
7488	-1493.214	-1660.182	166.9679	4.984914
7494	-1493.079	-1660.62	167.5414	4.664992
7500	-1497.688	-1664.976	167.2888	4.806219
7506	-1492.834	-1660.387	167.5535	4.658211
7512	-1494.793	-1663.077	168.2839	4.246777
7518	-1497.599	-1665.649	168.0495	4.379314
7524	-1506.162	-1673.567	167.4046	4.741543
7530	-1493.142	-1660.546	167.4046	4.741543
7536	-1499.212	-1666	166.7884	5.084539
7542	-1502.896	-1670.108	167.2114	4.849362
7548	-1489.86	-1657.072	167.2114	4.849362
7554	-1491.163	-1658.436	167.2725	4.815313
7560	-1489.769	-1657.252	167.4825	4.697978
7566	-1485.985	-1653.551	167.5665	4.650935
7572	-1495.286	-1662.89	167.6035	4.630164
7578	-1496.805	-1663.815	167.0107	4.961083
7584	-1498.793	-1665.952	167.1586	4.878808
7590	-1505.429	-1672.491	167.0614	4.93292
7596	-1503.49	-1670.431	166.9413	4.999692
7602	-1502.231	-1668.333	166.1018	5.463802
7608	-1482.375	-1649.457	167.0826	4.921115
7614	-1499.016	-1666.565	167.5483	4.661144
7620	-1503.239	-1670.408	167.1697	4.872622
7626	-1496.163	-1662.493	166.3306	5.337747
7632	-1502.244	-1668.734	166.4904	5.249511
7638	-1515.619	-1683.312	167.6925	4.580284
7644	-1504.803	-1671.323	166.5198	5.233284
7650	-1500.778	-1668.703	167.9256	4.449208
7656	-1494.072	-1661.288	167.2164	4.846573
7662	-1493.256	-1660.348	167.092	4.915901
7668	-1496.597	-1664.093	167.4953	4.690797
7674	-1492.309	-1659.739	167.4299	4.72739
7680	-1502.38	-1669.89	167.51	4.682587
7686	-1500.715	-1667.205	166.4902	5.249618
7692	-1499.172	-1665.728	166.5561	5.213182
7698	-1498.768	-1665.802	167.0343	4.947973
7704	-1492.947	-1660.217	167.2698	4.816778
7710	-1491.718	-1658.516	166.7984	5.078983
7716	-1500.071	-1666.993	166.9218	5.010492
7722	-1496.755	-1664.895	168.1402	4.328106
7728	-1493.598	-1661.072	167.4742	4.702594
7734	-1488.607	-1655.277	166.6697	5.150335
7740	-1492.071	-1660.046	167.9747	4.42152
7746	-1499.705	-1665.836	166.1311	5.447686
7752	-1492.808	-1659.781	166.9734	4.981815
7758	-1482.541	-1649.514	166.9734	4.981815
7764	-1491.133	-1658.107	166.9734	4.981815
7770	-1483.895	-1651.226	167.3308	4.782767
7776	-1495.931	-1663.071	167.1393	4.889559
7782	-1492.889	-1660.805	167.9162	4.454517
7788	-1509.284	-1676.061	166.777	5.090885
7794	-1501.204	-1668.559	167.3556	4.768916
7800	-1492.3	-1659.196	166.8967	5.02446
