Iteration	Posterior	Likelihood	Prior	acrv_sd	tree_length
0	-728.6781	-901.1396	172.4615	0.3386981	1.45204
6	-731.1733	-902.8968	171.7235	1.312233	1.265515
12	-738.4937	-910.1512	171.6576	1.330421	1.304602
18	-728.6731	-900.05	171.3769	1.510764	1.384448
24	-722.4552	-894.3234	171.8681	1.175785	1.258723
30	-730.2919	-902.2569	171.965	0.7182469	1.53986
36	-736.5816	-907.9528	171.3713	1.311977	1.53986
42	-735.465	-907.0562	171.5912	1.092054	1.53986
48	-733.7483	-905.7744	172.0261	1.221768	1.080365
54	-737.474	-909.8972	172.4232	0.6122739	1.265756
60	-746.691	-918.1079	171.4169	1.313131	1.505025
66	-759.0015	-931.1082	172.1067	0.8128425	1.359391
72	-755.6518	-927.2743	171.6224	1.432175	1.24985
78	-774.0882	-945.5769	171.4888	1.485511	1.315676
84	-781.3828	-952.4333	171.0506	1.320796	1.76366
90	-760.3863	-932.08	171.6937	1.100409	1.456696
96	-763.4088	-934.9937	171.5849	0.9328634	1.660233
102	-755.229	-926.3669	171.1379	1.708152	1.416847
108	-738.9914	-910.7441	171.7527	1.321824	1.233215
114	-740.4588	-912.3743	171.9155	0.4682862	1.754964
120	-750.8206	-923.0902	172.2696	0.4682862	1.49918
126	-748.0835	-919.386	171.3026	1.553394	1.40915
132	-753.2899	-925.1367	171.8468	0.9868116	1.426427
138	-750.3915	-921.4989	171.1074	1.692923	1.451948
144	-742.8527	-915.0079	172.1552	0.7231996	1.391738
150	-746.7797	-918.3585	171.5788	0.9662994	1.64063
156	-753.1649	-924.6537	171.4889	0.8706145	1.771934
162	-746.9812	-919.0566	172.0753	0.7433732	1.437859
168	-753.3154	-925.1218	171.8064	0.7433732	1.63728
174	-737.8895	-909.5724	171.683	1.085455	1.476145
180	-739.2769	-910.1908	170.9139	1.870671	1.463897
186	-755.4997	-927.4522	171.9526	0.6660554	1.587375
192	-737.6584	-908.4645	170.8061	1.576009	1.756158
198	-738.1786	-909.3717	171.193	1.315439	1.666894
204	-740.2953	-912.5244	172.2291	0.6426473	1.396869
210	-749.1726	-921.427	172.2544	0.6174023	1.396869
216	-755.6936	-926.6477	170.9541	1.533633	1.681677
222	-749.5088	-920.8173	171.3085	1.376039	1.538915
228	-743.4693	-915.486	172.0168	1.079004	1.215208
234	-744.2138	-916.4753	172.2615	0.9295232	1.132185
240	-756.1253	-928.4692	172.3439	0.4644512	1.445826
246	-744.203	-915.8957	171.6926	1.293249	1.306301
252	-741.0911	-912.2555	171.1644	1.603655	1.476402
258	-754.5084	-925.6011	171.0928	1.675333	1.476402
264	-749.723	-921.1763	171.4533	1.097767	1.636358
270	-745.7217	-915.6124	169.8907	2.261713	1.91407
276	-745.5071	-915.4207	169.9136	2.261713	1.898525
282	-760.606	-932.323	171.717	1.376926	1.216825
288	-747.6213	-919.0658	171.4445	1.411884	1.408834
294	-761.7552	-933.0237	171.2685	1.436321	1.523882
300	-750.6164	-922.8332	172.2168	0.6178031	1.425658
306	-751.5809	-922.7081	171.1272	1.673608	1.451545
312	-733.4156	-904.5568	171.1411	1.935173	1.231692
318	-727.6019	-899.6032	172.0013	1.055766	1.247782
324	-748.23	-920.3257	172.0957	0.8820974	1.312822
330	-734.211	-906.0569	171.8459	1.23142	1.230782
336	-738.5771	-910.7491	172.1721	0.9053127	1.230782
342	-739.1049	-910.5667	171.4618	1.524341	1.306094
348	-748.7105	-920.1722	171.4617	1.303142	1.478863
354	-742.6127	-914.9169	172.3042	0.7639876	1.238507
360	-745.7967	-917.4248	171.6281	1.246213	1.394859
366	-739.9871	-912.1224	172.1353	1.15711	1.038145
372	-733.1574	-904.399	171.2416	1.348857	1.607856
378	-743.5799	-915.3513	171.7714	0.801682	1.620449
384	-743.5419	-915.4435	171.9016	0.9924189	1.379469
390	-742.4883	-913.8853	171.397	1.649379	1.256691
396	-741.0638	-912.7468	171.6829	1.084399	1.476969
402	-735.869	-908.1496	172.2806	0.4567789	1.499526
408	-735.1816	-907.5025	172.3209	0.4567789	1.469145
414	-734.7394	-905.6421	170.9027	1.638906	1.643142
420	-745.4398	-914.7008	169.261	2.100059	2.428796
426	-753.5925	-923.7051	170.1125	2.100059	1.87316
432	-745.4139	-915.6523	170.2384	2.100059	1.786528
438	-738.9824	-909.5414	170.559	2.100059	1.557729
444	-737.956	-909.9804	172.0243	0.8605794	1.386622
450	-727.5857	-898.896	171.3103	1.406266	1.5151
456	-729.8218	-901.4164	171.5947	1.585258	1.14213
462	-732.787	-904.5583	171.7713	1.183914	1.331
468	-724.3076	-895.8895	171.5819	1.405041	1.305455
474	-727.4396	-898.4944	171.0548	1.863805	1.360109
480	-734.4086	-906.184	171.7754	0.9812373	1.485013
486	-728.646	-900.8149	172.1689	0.6597811	1.430194
492	-733.6501	-904.5638	170.9136	1.938244	1.412307
498	-729.1819	-901.3112	172.1292	1.081584	1.114392
504	-728.9676	-901.368	172.4004	0.425538	1.432339
510	-732.1398	-904.1154	171.9755	0.8424079	1.438449
516	-732.1413	-903.8604	171.7191	1.445007	1.156104
522	-730.0053	-900.9064	170.9012	1.530299	1.721506
528	-726.7188	-898.2131	171.4943	1.195371	1.535127
534	-738.7512	-911.0989	172.3477	0.534303	1.388932
540	-738.5719	-910.274	171.702	1.284709	1.305611
546	-738.2112	-909.8654	171.6542	1.400916	1.249387
552	-743.4413	-914.7177	171.2764	1.778747	1.249387
558	-740.2	-911.0986	170.8986	1.906848	1.448027
564	-738.4879	-908.9237	170.4358	1.906848	1.783661
570	-734.6513	-905.0895	170.4382	1.906848	1.781957
576	-733.0729	-903.4439	170.3709	1.974151	1.781957
582	-734.7652	-905.7653	171.0001	1.878901	1.391259
588	-741.205	-912.291	171.0861	1.563567	1.56466
594	-732.2898	-903.915	171.6252	1.445593	1.236346
600	-730.3955	-902.1782	171.7827	1.34374	1.188981
606	-732.5615	-903.7927	171.2312	1.636052	1.400405
612	-733.5821	-905.2506	171.6685	1.142534	1.443746
618	-745.3683	-917.3034	171.9351	1.254027	1.133939
624	-749.8892	-921.4038	171.5146	1.254027	1.476012
630	-742.4063	-914.2889	171.8825	0.8050309	1.53666
636	-726.5681	-898.4184	171.8503	1.196629	1.256267
642	-744.9481	-916.1195	171.1714	0.8244456	2.019012
648	-745.2925	-916.7188	171.4263	1.36664	1.457551
654	-746.1539	-918.1239	171.97	1.144748	1.199001
660	-748.169	-920.0734	171.9044	1.144748	1.254391
666	-742.6515	-914.78	172.1285	1.115194	1.084197
672	-743.7618	-915.7095	171.9477	1.055094	1.292544
678	-737.5967	-909.4807	171.884	1.118758	1.292544
684	-743.1185	-914.6145	171.496	1.493313	1.30348
690	-739.6381	-910.8798	171.2417	1.747638	1.30348
696	-737.3861	-908.9042	171.5181	1.202564	1.512033
702	-740.3189	-910.8731	170.5543	1.967066	1.65769
708	-729.9861	-900.6698	170.6837	1.967066	1.563821
714	-745.1028	-915.1723	170.0695	1.833596	2.080375
720	-751.6825	-921.8375	170.155	1.992589	1.917305
726	-742.6946	-913.1664	170.4718	1.992589	1.69822
732	-741.7459	-913.6508	171.9049	0.8934426	1.453404
738	-737.9737	-909.3419	171.3682	1.43019	1.453404
744	-747.5199	-919.2906	171.7707	1.371665	1.175143
750	-752.1315	-923.3955	171.264	1.376419	1.571415
756	-750.9399	-922.0479	171.108	1.618016	1.508073
762	-750.7718	-922.5437	171.7718	0.9621745	1.502056
768	-736.3979	-908.1757	171.7778	1.103822	1.389201
774	-748.7338	-919.8422	171.1084	1.28975	1.744911
780	-740.8462	-912.5357	171.6896	0.8503327	1.644354
786	-743.0093	-913.9287	170.9194	1.582676	1.671443
792	-740.5366	-912.4437	171.9071	0.9520194	1.406718
798	-737.0932	-908.8652	171.772	1.354152	1.189215
804	-742.9887	-913.8719	170.8832	1.973485	1.408591
810	-750.7806	-922.3472	171.5666	1.179613	1.492907
816	-748.9432	-920.066	171.1228	1.628322	1.489209
822	-749.5157	-921.1175	171.6018	0.8081643	1.736602
828	-748.1382	-918.6895	170.5513	1.984335	1.647437
834	-738.4653	-910.3556	171.8903	1.038779	1.351845
840	-732.3762	-903.838	171.4618	1.368261	1.429128
846	-736.4297	-908.4908	172.0611	1.046242	1.205332
852	-746.4939	-918.2612	171.7673	1.046242	1.441832
858	-733.0069	-904.8613	171.8544	0.9083334	1.480464
864	-739.4344	-910.0291	170.5947	1.881068	1.690189
870	-749.5574	-920.8336	171.2761	1.881068	1.16219
876	-757.5082	-927.6992	170.191	2.189405	1.757364
882	-735.3115	-905.3659	170.0544	2.189405	1.851834
888	-738.7954	-908.9027	170.1074	2.185073	1.818394
894	-740.9937	-912.2222	171.2285	1.267645	1.675674
900	-726.3146	-897.7879	171.4733	1.3414	1.440916
906	-738.5307	-910.2396	171.7089	0.9462909	1.560552
912	-733.967	-904.5298	170.5629	1.963163	1.654333
918	-741.8303	-913.5321	171.7018	0.9811231	1.540139
924	-732.0288	-902.3977	170.3689	2.108508	1.689009
930	-749.8323	-920.4593	170.627	2.108508	1.500909
936	-725.3993	-897.7157	172.3164	0.4878986	1.448898
942	-723.6093	-895.6039	171.9946	0.9789511	1.316263
948	-727.2555	-899.6357	172.3802	0.9527803	0.9982963
954	-737.7147	-909.6196	171.9048	0.9162118	1.436073
960	-740.1435	-912.0797	171.9362	0.918422	1.41023
966	-748.7179	-920.5315	171.8136	0.5604291	1.761765
972	-744.8966	-916.4014	171.5048	1.176607	1.54125
978	-746.9995	-917.3815	170.382	1.834163	1.870691
984	-745.1538	-916.2334	171.0796	1.689429	1.475695
990	-735.7045	-907.6625	171.958	1.144527	1.209476
996	-747.4369	-919.4532	172.0163	0.6022397	1.58744
1002	-752.0839	-923.8902	171.8063	0.7943648	1.600426
1008	-745.0647	-915.0729	170.0082	2.018951	1.998168
1014	-738.539	-910.6349	172.0959	0.7845687	1.390108
1020	-745.276	-917.4026	172.1266	0.7564564	1.388081
1026	-747.8577	-920.1317	172.274	0.609071	1.388081
1032	-739.8423	-911.2243	171.382	1.006509	1.751646
1038	-736.0814	-908.249	172.1675	0.9214644	1.220962
1044	-739.9172	-912.2404	172.3232	0.9214644	1.083331
1050	-745.4866	-917.6749	172.1883	1.019631	1.116963
1056	-745.1186	-917.1242	172.0057	0.7515011	1.484652
1062	-760.798	-931.5742	170.7761	1.840416	1.588903
1068	-748.2818	-919.789	171.5071	1.188932	1.530355
1074	-751.2556	-923.4063	172.1507	0.5453593	1.530355
1080	-738.7145	-910.5209	171.8064	0.8896746	1.530355
1086	-733.3975	-904.9688	171.5714	1.281413	1.411634
1092	-741.2745	-912.7885	171.514	1.438061	1.333522
1098	-731.8043	-903.3386	171.5343	1.352018	1.385524
1104	-730.7841	-902.2141	171.43	1.600847	1.269558
1110	-730.1069	-901.3199	171.213	1.475958	1.535604
1116	-740.7452	-911.6959	170.9507	1.911979	1.403957
1122	-742.4466	-913.9383	171.4917	1.4947	1.305897
1128	-729.0694	-900.3106	171.2412	1.811027	1.251848
1134	-734.5193	-906.6348	172.1155	1.121554	1.090351
1140	-741.141	-913.36	172.219	0.6743138	1.38008
1146	-740.3747	-911.9336	171.5589	1.346836	1.370291
1152	-752.2173	-923.6402	171.4229	1.482817	1.370291
1158	-751.9204	-923.8191	171.8987	1.219408	1.196168
1164	-744.6005	-916.7491	172.1486	0.7663172	1.363008
1170	-736.4152	-908.821	172.4057	0.7937074	1.124657
1176	-729.184	-901.4086	172.2245	0.9781397	1.121755
1182	-733.1729	-905.2011	172.0281	1.174559	1.121755
1188	-749.7266	-922.0147	172.2881	0.657081	1.339057
1194	-760.2151	-932.0311	171.816	1.129089	1.339057
1200	-751.5166	-923.5532	172.0366	0.8621883	1.375747
1206	-737.6591	-908.8624	171.2033	1.925036	1.187286
1212	-736.1328	-907.2123	171.0795	1.663275	1.49547
1218	-744.6815	-916.5814	171.8998	1.152787	1.251492
1224	-743.3065	-915.5572	172.2507	0.7731108	1.275325
1230	-741.0683	-912.994	171.9258	1.098081	1.275325
1236	-737.0532	-908.207	171.1538	1.677117	1.428474
1242	-747.6307	-918.6823	171.0517	1.649409	1.526646
1248	-751.5281	-923.0506	171.5225	1.210514	1.502783
1254	-759.7735	-931.2815	171.508	1.488481	1.297678
1260	-755.863	-927.1151	171.2521	1.493095	1.493653
1266	-746.8894	-918.8956	172.0062	0.8696617	1.393659
1272	-733.7114	-905.2945	171.5832	1.140103	1.510097
1278	-738.496	-909.2761	170.7801	1.76116	1.643395
1284	-748.5526	-920.1974	171.6448	1.212361	1.408234
1290	-748.8643	-920.9295	172.0652	0.8010945	1.40111
1296	-747.5874	-919.8776	172.2902	0.695307	1.306623
1302	-741.7571	-913.4662	171.7092	0.9525246	1.555776
1308	-746.5162	-917.7226	171.2063	1.742831	1.335831
1314	-744.5211	-915.6212	171.1001	1.509925	1.593669
1320	-739.7543	-911.7249	171.9706	1.157069	1.187924
1326	-742.0358	-913.0208	170.985	1.66594	1.563701
1332	-743.5955	-914.0742	170.4787	1.66594	1.919296
1338	-739.8034	-911.0893	171.2859	0.706085	2.021583
1344	-737.3824	-909.5141	172.1317	0.7311428	1.403812
1350	-744.7932	-916.7551	171.9619	0.7139536	1.545347
1356	-741.1967	-912.8834	171.6866	1.268233	1.331265
1362	-742.4994	-913.458	170.9586	1.584293	1.642186
1368	-739.7621	-911.7203	171.9581	1.207053	1.155163
1374	-742.208	-913.4314	171.2234	1.409369	1.576991
1380	-770.9085	-942.6175	171.709	0.7088697	1.731088
1386	-752.7647	-924.529	171.7642	0.8774541	1.570501
1392	-746.8246	-917.9252	171.1006	1.838533	1.343826
1398	-735.6523	-907.7863	172.134	1.121767	1.072996
1404	-742.7472	-915.2509	172.5037	0.7520478	1.072996
1410	-746.2627	-917.9268	171.6641	1.412375	1.231514
1416	-745.66	-917.3811	171.7211	1.177059	1.376218
1422	-756.6932	-925.3084	168.6152	2.359352	2.669248
1428	-747.8688	-916.7169	168.848	2.359352	2.52508
1434	-748.3034	-917.9574	169.6539	2.359352	2.007416
1440	-752.3711	-922.1917	169.8205	2.129355	2.049504
1446	-747.8551	-917.9606	170.1054	2.129355	1.857995
1452	-764.946	-936.1051	171.1591	1.542881	1.525971
1458	-746.841	-915.2893	168.4483	2.339939	2.783367
1464	-740.0901	-911.9201	171.83	1.013276	1.418944
1470	-748.0075	-920.2064	172.1989	1.013276	1.113182
1476	-735.9883	-907.9711	171.9827	0.8970935	1.390609
1482	-754.2905	-926.0293	171.7388	0.9018913	1.571251
1488	-751.4889	-923.0197	171.5308	1.576424	1.205464
1494	-744.2837	-914.7363	170.4526	1.85678	1.806709
1500	-731.5942	-903.3643	171.7701	1.124271	1.3792
1506	-736.1542	-908.345	172.1907	0.7629834	1.332218
1512	-732.0702	-902.0625	169.9923	2.171246	1.906506
1518	-744.0528	-914.1431	170.0904	2.171246	1.839619
1524	-735.2169	-905.4242	170.2073	2.05429	1.839619
1530	-730.1917	-900.8686	170.6769	1.784091	1.70065
1536	-728.2142	-899.9619	171.7477	1.253621	1.293767
1542	-729.216	-900.7618	171.5458	1.331287	1.392696
1548	-735.9543	-907.4371	171.4828	1.50926	1.301249
1554	-735.4639	-906.2355	170.7715	1.972553	1.494485
1560	-736.4595	-906.6577	170.1982	1.972553	1.901637
1566	-741.5271	-911.777	170.2498	1.972553	1.866465
1572	-744.6343	-916.658	172.0237	0.897383	1.358199
1578	-741.2353	-912.1866	170.9513	1.698644	1.564437
1584	-740.883	-913.1723	172.2893	0.6746019	1.324033
1590	-744.1894	-916.4138	172.2244	0.6305093	1.409964
1596	-749.8425	-921.3994	171.5569	1.625701	1.139748
1602	-738.6091	-911.0085	172.3995	0.7609083	1.15941
1608	-736.9134	-907.8351	170.9218	1.787163	1.520782
1614	-728.9022	-900.113	171.2109	1.748823	1.327401
1620	-742.0273	-913.7684	171.7411	0.6675627	1.737556
1626	-739.1897	-911.0304	171.8407	1.179001	1.278729
1632	-740.7407	-912.7475	172.0068	0.9282564	1.347085
1638	-745.0755	-916.7326	171.6572	0.8753092	1.649706
1644	-736.9317	-908.8955	171.9638	0.5151165	1.687954
1650	-736.8601	-909.0957	172.2356	0.8319943	1.238962
1656	-737.4287	-908.9	171.4713	1.400523	1.396837
1662	-736.7651	-908.3165	171.5514	1.431594	1.308616
1668	-738.0015	-909.7949	171.7934	0.8670692	1.556719
1674	-734.7044	-906.3601	171.6556	1.004793	1.556719
1680	-741.3704	-911.9427	170.5724	1.701414	1.831247
1686	-730.405	-901.0699	170.6649	1.701414	1.767166
1692	-731.8183	-902.6566	170.8383	1.899234	1.499398
1698	-737.5726	-908.9615	171.3889	1.652072	1.26116
1704	-739.7571	-909.8365	170.0794	2.172648	1.846196
1710	-745.33	-916.4714	171.1415	1.750914	1.380778
1716	-749.3404	-920.2946	170.9541	1.810583	1.47894
1722	-742.7721	-913.4807	170.7086	1.628204	1.787733
1728	-742.4821	-914.2325	171.7503	1.218413	1.320159
1734	-740.2838	-911.9594	171.6756	1.31847	1.299634
1740	-740.1734	-911.492	171.3186	1.31847	1.573897
1746	-729.6016	-901.5541	171.9525	0.7357572	1.536134
1752	-734.2956	-906.1586	171.8631	0.699567	1.628009
1758	-733.6738	-905.8875	172.2137	0.6547406	1.399454
1764	-736.67	-907.6288	170.9587	1.832441	1.458885
1770	-751.1367	-921.5977	170.461	1.966649	1.724169
1776	-741.1812	-913.1188	171.9376	0.7255124	1.554729
1782	-743.7955	-915.7516	171.9561	0.7269352	1.540014
1788	-740.2086	-911.6702	171.4617	1.321257	1.465173
1794	-746.5512	-917.8545	171.3032	1.263936	1.624724
1800	-732.9154	-903.7806	170.8652	1.70193	1.624724
1806	-731.6273	-903.5387	171.9114	1.163156	1.233159
1812	-738.0462	-910.2855	172.2393	0.6943165	1.348244
1818	-743.5841	-914.8156	171.2315	1.580381	1.443084
1824	-747.7215	-919.5354	171.814	0.9979353	1.443084
1830	-755.3923	-925.7772	170.3849	1.802782	1.890111
1836	-750.9131	-921.7993	170.8862	1.914408	1.451687
1842	-753.1278	-924.7467	171.6189	1.2355	1.410396
1848	-738.8739	-910.5762	171.7023	1.152067	1.410396
1854	-739.9713	-910.8492	170.8779	1.818952	1.529747
1860	-756.8408	-927.6265	170.7856	1.78139	1.624822
1866	-744.495	-915.8785	171.3835	1.629974	1.283861
1872	-745.9131	-917.5028	171.5897	1.668626	1.070591
1878	-743.0128	-914.8568	171.8439	1.204418	1.25505
1884	-751.8689	-922.8366	170.9677	1.723258	1.534187
1890	-741.3291	-912.1657	170.8366	1.995767	1.427383
1896	-744.9751	-915.4139	170.4388	2.077526	1.661289
1902	-751.0326	-922.4147	171.3821	1.134224	1.661289
1908	-743.47	-914.4668	170.9967	1.687874	1.538864
1914	-735.2315	-907.1439	171.9124	1.049091	1.326003
1920	-778.7586	-950.2726	171.514	1.349912	1.402998
1926	-756.8826	-928.8518	171.9692	0.8896722	1.406889
1932	-745.9681	-917.4567	171.4886	0.886261	1.761221
1938	-745.8881	-916.0502	170.1621	2.021433	1.892962
1944	-754.0995	-925.7994	171.7	1.109736	1.444767
1950	-760.7251	-931.9096	171.1846	1.481846	1.552295
1956	-748.8829	-919.5971	170.7143	1.969583	1.539418
1962	-739.8418	-909.9525	170.1107	2.11221	1.866122
1968	-734.9754	-905.5581	170.5827	1.838921	1.728444
1974	-735.285	-905.6336	170.3486	2.009679	1.772761
1980	-756.2292	-927.276	171.0467	1.568981	1.589498
1986	-734.1305	-906.1524	172.0219	0.5937572	1.589498
1992	-734.7629	-905.6637	170.9008	1.895554	1.454972
1998	-736.3973	-908.088	171.6907	1.273006	1.324181
2004	-734.4876	-906.1536	171.666	1.39145	1.247478
2010	-729.2351	-900.8395	171.6045	1.428771	1.267569
2016	-739.7139	-911.3987	171.6848	1.257147	1.341619
2022	-730.7381	-902.0572	171.3192	1.622746	1.341619
2028	-738.1267	-909.4405	171.3137	1.706244	1.278487
2034	-734.9943	-906.7249	171.7306	1.15757	1.384045
2040	-735.2587	-906.9258	171.6671	1.15757	1.433317
2046	-735.8412	-907.9995	172.1582	1.06942	1.099015
2052	-732.112	-904.2716	172.1596	0.9914199	1.167633
2058	-738.351	-909.7671	171.4161	1.412198	1.430521
2064	-742.7102	-914.9944	172.2842	0.9125171	1.127089
2070	-739.3042	-910.6445	171.3403	1.511679	1.412216
2076	-739.7554	-911.794	172.0386	0.98628	1.274437
2082	-734.5166	-906.4801	171.9634	1.212124	1.145996
2088	-742.1399	-914.0001	171.8602	1.271961	1.183999
2094	-737.1451	-908.1708	171.0256	1.761672	1.461841
2100	-723.7006	-895.1775	171.4769	1.504681	1.309748
2106	-724.192	-895.6689	171.4769	1.504681	1.309748
2112	-724.5073	-895.5343	171.027	1.657482	1.538957
2118	-731.2875	-902.107	170.8195	1.878248	1.529093
2124	-732.6589	-904	171.341	1.648283	1.303505
2130	-727.6028	-899.2672	171.6644	1.439943	1.207899
2136	-723.7991	-895.5649	171.7658	1.26226	1.27186
2142	-725.7936	-897.7066	171.913	1.005307	1.360376
2148	-726.0239	-897.2985	171.2746	1.598434	1.395865
2154	-723.1079	-894.5866	171.4786	1.331033	1.444784
2160	-735.5422	-906.3464	170.8042	1.781549	1.611281
2166	-744.494	-915.25	170.756	1.949569	1.523258
2172	-736.3897	-908.5255	172.1358	0.7760643	1.365458
2178	-744.2963	-916.6423	172.346	0.7760643	1.192765
2184	-732.5345	-904.105	171.5705	1.360812	1.350065
2190	-741.8475	-913.5568	171.7093	1.221957	1.350065
2196	-747.2557	-918.9494	171.6937	0.7477993	1.714438
2202	-746.3732	-918.1358	171.7626	0.9518137	1.516682
2208	-744.1976	-915.5574	171.3598	1.670938	1.269638
2214	-739.041	-910.9981	171.9571	0.8464396	1.449465
2220	-747.2117	-919.0772	171.8654	1.151925	1.280647
2226	-753.6233	-925.1848	171.5615	0.8832199	1.712137
2232	-739.1261	-910.7115	171.5854	1.133429	1.513403
2238	-741.0493	-912.0294	170.9801	1.707092	1.53695
2244	-738.4993	-910.2096	171.7104	1.078832	1.460385
2250	-742.4898	-914.5677	172.078	0.8207571	1.375801
2256	-740.7785	-911.8266	171.0481	1.762041	1.444451
2262	-749.3811	-921.1966	171.8156	1.44006	1.073086
2268	-742.5193	-913.2999	170.7806	1.855331	1.574713
2274	-750.9532	-921.7034	170.7501	2.008255	1.48373
2280	-735.3966	-905.9365	170.5399	2.016174	1.632716
2286	-741.2495	-912.4119	171.1623	1.393753	1.632716
2292	-745.498	-916.456	170.958	1.617313	1.618872
2298	-745.2527	-916.8792	171.6266	1.252853	1.390894
2304	-741.8536	-913.3605	171.5069	0.8565633	1.769176
2310	-747.4966	-919.4083	171.9118	0.9712846	1.388073
2316	-755.2237	-926.9654	171.7417	0.930799	1.547847
2322	-746.0855	-917.3184	171.2329	1.605599	1.422633
2328	-739.9942	-911.0978	171.1037	1.605599	1.520554
2334	-751.6034	-923.5567	171.9532	1.218089	1.149781
2340	-747.8625	-919.0593	171.1969	1.321984	1.65947
2346	-749.3487	-920.4986	171.1499	1.588304	1.498941
2352	-754.9659	-926.1158	171.1499	1.588304	1.498941
2358	-750.8272	-922.9705	172.1433	0.8923463	1.26562
2364	-753.8475	-924.4962	170.6487	1.91071	1.630324
2370	-748.9876	-919.8125	170.8249	1.93491	1.482636
2376	-739.4295	-910.7707	171.3412	1.418645	1.482636
2382	-749.1319	-919.9746	170.8428	2.009848	1.411741
2388	-752.0292	-923.1221	171.0929	1.770811	1.403132
2394	-757.1179	-927.6683	170.5504	1.670378	1.867542
2400	-744.7539	-914.9215	170.1676	1.956623	1.933117
2406	-750.6829	-921.8528	171.1699	1.233858	1.741012
2412	-751.8506	-924.2191	172.3684	0.5470738	1.362568
2418	-748.6287	-920.1532	171.5244	1.545501	1.237022
2424	-756.5337	-928.4106	171.877	1.032929	1.367009
2430	-736.8972	-908.2878	171.3906	1.032929	1.727064
2436	-745.5065	-917.4827	171.9762	1.076944	1.251043
2442	-744.8845	-916.7245	171.84	1.155876	1.298188
2448	-745.32	-917.1105	171.7905	1.199651	1.302823
2454	-751.7187	-923.6406	171.9219	0.7822546	1.524378
2460	-761.9237	-931.1268	169.2031	2.248716	2.371504
2466	-750.9111	-920.7295	169.8184	2.248716	1.971451
2472	-740.1194	-911.9605	171.8411	0.7632447	1.597803
2478	-736.7835	-907.9169	171.1334	1.633712	1.477118
2484	-743.9576	-915.1114	171.1538	1.643068	1.454564
2490	-740.8391	-912.2898	171.4507	1.429413	1.390348
2496	-749.9939	-921.9504	171.9565	1.336393	1.037728
2502	-756.7925	-928.749	171.9565	1.336393	1.037728
2508	-750.0918	-921.7171	171.6253	1.336393	1.325802
2514	-740.656	-912.2385	171.5825	1.099057	1.541128
2520	-738.9896	-911.1284	172.1388	0.8161876	1.331176
2526	-744.6362	-916.3315	171.6953	1.019029	1.516759
2532	-738.0249	-910.3313	172.3064	0.7442123	1.253199
2538	-743.8945	-915.5481	171.6535	1.291612	1.339063
2544	-734.5711	-906.6805	172.1093	1.041214	1.168025
2550	-732.7269	-905.0379	172.311	0.5665918	1.392305
2556	-729.683	-901.608	171.9251	1.059776	1.307139
2562	-753.8372	-925.8642	172.0271	0.5668942	1.605304
2568	-758.3404	-930.8525	172.5121	0.4370826	1.335796
2574	-749.3684	-921.1038	171.7354	1.106762	1.419824
2580	-741.5306	-913.1362	171.6056	1.106762	1.518256
2586	-732.1599	-904.4758	172.3159	0.9333437	1.079093
2592	-723.4978	-893.5936	170.0958	2.131102	1.863393
2598	-730.4059	-901.2797	170.8738	1.680645	1.633889
2604	-739.1867	-911.0404	171.8537	0.9837661	1.42344
2610	-737.648	-908.6315	170.9836	1.767967	1.488902
2616	-732.6328	-903.6677	171.0349	1.878246	1.364417
2622	-729.753	-901.3964	171.6434	1.357893	1.293783
2628	-732.266	-903.6429	171.3769	1.481218	1.407461
2634	-739.7364	-910.9978	171.2615	1.919713	1.141013
2640	-738.105	-910.0753	171.9703	1.140137	1.202707
2646	-737.0145	-908.3854	171.371	1.504339	1.394105
2652	-749.8141	-921.4556	171.6415	1.233858	1.394105
2658	-745.3047	-917.3704	172.0656	0.9977023	1.242551
2664	-750.5257	-922.4985	171.9728	0.6493916	1.584767
2670	-758.8044	-930.3087	171.5043	1.485239	1.303316
2676	-747.4374	-919.0881	171.6507	1.449349	1.211582
2682	-745.7627	-917.3505	171.5878	0.5735085	1.908014
2688	-741.5186	-913.7857	172.2671	0.7413898	1.287903
2694	-742.2045	-914.0761	171.8715	1.159516	1.269377
2700	-740.9035	-912.1209	171.2174	1.472548	1.534896
2706	-739.6246	-909.9245	170.2998	1.93635	1.857036
2712	-746.8797	-918.3492	171.4695	0.9333035	1.741687
2718	-746.1145	-918.2764	172.1619	0.7441206	1.370061
2724	-741.9803	-914.0338	172.0536	0.9303467	1.307903
2730	-736.0807	-907.7545	171.6738	0.9303467	1.597903
2736	-739.9379	-911.925	171.9871	0.914525	1.373531
2742	-755.4763	-927.6801	172.2038	0.5319036	1.500783
2748	-732.4352	-904.2215	171.7863	0.8496114	1.574699
2754	-736.4316	-907.9442	171.5126	0.8941547	1.738917
2760	-733.9722	-905.6979	171.7257	0.9620937	1.536486
2766	-735.616	-904.9683	169.3523	2.123911	2.356022
2772	-738.5804	-910.5323	171.9519	1.176523	1.187254
2778	-740.544	-912.7177	172.1737	0.9722488	1.172025
2784	-736.2406	-907.8531	171.6124	1.237713	1.413661
2790	-734.4088	-906.207	171.7982	1.05631	1.41031
2796	-741.1428	-912.3613	171.2185	1.495758	1.516825
2802	-737.629	-908.8822	171.2532	1.773096	1.273336
2808	-737.7436	-908.6669	170.9234	1.773096	1.530072
2814	-745.9917	-916.7831	170.7914	1.852191	1.569114
2820	-734.1635	-904.3533	170.1899	2.114533	1.810155
2826	-744.4384	-915.1044	170.666	1.972497	1.572833
2832	-759.1233	-931.0226	171.8993	1.12996	1.270843
2838	-760.6136	-932.4253	171.8117	0.8813637	1.532594
2844	-756.1935	-927.6563	171.4628	1.272945	1.500775
2850	-745.2845	-916.6955	171.4111	1.321835	1.502885
2856	-754.3649	-926.191	171.826	1.300793	1.18862
2862	-750.9763	-922.8508	171.8745	0.9888394	1.403399
2868	-756.0133	-927.3846	171.3713	1.784968	1.163014
2874	-754.9898	-926.9318	171.942	1.108943	1.252895
2880	-753.8302	-924.9964	171.1662	1.556102	1.510785
2886	-751.068	-922.3726	171.3045	1.678618	1.308503
2892	-735.2358	-906.4039	171.1681	1.787081	1.331
2898	-734.3381	-905.0178	170.6798	1.812653	1.678321
2904	-733.9127	-905.6758	171.7631	0.9513637	1.516658
2910	-735.2733	-906.5853	171.3121	1.383823	1.530487
2916	-736.4824	-908.8526	172.3702	0.5422074	1.365054
2922	-727.027	-899.1809	172.1539	0.3998597	1.634402
2928	-749.3767	-921.5751	172.1984	0.3553521	1.634402
2934	-750.9569	-921.3121	170.3552	1.910702	1.836653
2940	-733.7235	-905.7072	171.9836	0.7233504	1.522241
2946	-742.2104	-914.3315	172.121	0.5859682	1.522241
2952	-755.3713	-927.4701	172.0989	1.064092	1.157142
2958	-749.4306	-921.4252	171.9946	1.064092	1.24643
2964	-749.4774	-921.5395	172.062	0.7641074	1.432162
2970	-753.3993	-924.7274	171.3282	1.249941	1.616824
2976	-740.7569	-912.3822	171.6253	0.8386646	1.698551
2982	-748.6516	-919.3828	170.7312	1.908035	1.572275
2988	-740.1685	-911.9693	171.8008	1.319148	1.194512
2994	-734.0055	-905.7563	171.7508	1.000976	1.488697
3000	-738.1893	-910.4207	172.2315	0.6087089	1.42136
3006	-756.2101	-927.607	171.3968	1.590476	1.305154
3012	-751.03	-923.1041	172.0741	1.22291	1.03371
3018	-745.0827	-916.4709	171.3881	1.453953	1.419884
3024	-748.4172	-919.3317	170.9145	1.895524	1.444534
3030	-741.975	-913.1961	171.221	1.40057	1.585187
3036	-741.9572	-912.2099	170.2528	2.043485	1.815759
3042	-739.6009	-910.0827	170.4818	2.043485	1.654865
3048	-733.4712	-903.6637	170.1924	1.94902	1.921446
3054	-746.2861	-915.6048	169.3187	2.263434	2.288507
3060	-738.8284	-908.8942	170.0658	2.263434	1.792966
3066	-740.2689	-910.1904	169.9216	2.203323	1.932628
3072	-736.1146	-906.389	170.2743	2.203323	1.688832
3078	-744.985	-913.8726	168.8876	2.325507	2.521527
3084	-746.8097	-916.4573	169.6476	2.386141	1.993792
3090	-735.1027	-904.3902	169.2875	2.498331	2.157109
3096	-740.7382	-909.6613	168.9231	2.498331	2.390718
3102	-746.6122	-915.2886	168.6764	2.498331	2.545421
3108	-753.0811	-921.8945	168.8134	2.498331	2.459829
3114	-755.9029	-926.8718	170.9689	1.783254	1.48846
3120	-749.6463	-917.5048	167.8584	2.614318	2.97427
3126	-742.2347	-911.6541	169.4194	2.158177	2.291414
3132	-742.8991	-913.0253	170.1262	2.223935	1.778432
3138	-744.5382	-914.508	169.9698	2.223935	1.885982
3144	-741.8845	-912.0678	170.1833	1.994437	1.896878
3150	-744.7137	-916.8984	172.1847	0.8666771	1.252528
3156	-742.1421	-913.1633	171.0211	1.651784	1.547515
3162	-738.4117	-909.6206	171.2089	1.356981	1.625651
3168	-738.8881	-910.3696	171.4815	1.007654	1.68069
3174	-737.0115	-908.8499	171.8384	0.9819898	1.436581
3180	-736.2078	-908.2065	171.9987	0.8216545	1.436581
3186	-742.2031	-913.2973	171.0942	1.736579	1.428586
3192	-752.0739	-922.5008	170.4269	1.736579	1.906559
3198	-758.1149	-929.472	171.3571	1.575631	1.348951
3204	-745.787	-917.2754	171.4884	1.575631	1.241999
3210	-747.4466	-918.0241	170.5775	2.008717	1.610925
3216	-745.2887	-917.7768	172.4882	0.3997435	1.384267
3222	-757.4639	-928.4041	170.9402	1.856789	1.454474
3228	-754.9694	-925.5338	170.5645	2.136331	1.526848
3234	-751.3036	-923.1699	171.8663	1.003958	1.398052
3240	-749.5542	-921.4547	171.9005	1.174698	1.232604
3246	-749.3782	-920.7584	171.3802	1.625476	1.290183
3252	-747.4364	-919.4982	172.0618	1.2241	1.044416
3258	-746.6247	-918.3639	171.7392	1.294032	1.267595
3264	-769.9223	-940.767	170.8448	1.745208	1.608216
3270	-755.0688	-926.7606	171.6918	1.388725	1.228099
3276	-762.142	-934.1812	172.0392	0.7053426	1.494115
3282	-755.3337	-926.1207	170.787	1.982916	1.475004
3288	-764.817	-936.2604	171.4434	1.486883	1.350872
3294	-744.1776	-916.3289	172.1513	1.016699	1.152728
3300	-745.3555	-916.8467	171.4912	1.205762	1.529722
3306	-754.452	-925.1196	170.6676	1.931095	1.601885
3312	-733.0727	-904.486	171.4133	1.403355	1.439448
3318	-735.9546	-907.5438	171.5891	0.890062	1.687737
3324	-732.376	-904.8247	172.4486	0.5623218	1.28588
3330	-737.8185	-909.4055	171.587	1.432959	1.278502
3336	-732.9987	-904.7551	171.7564	1.426569	1.139437
3342	-734.5206	-905.5058	170.9852	1.666264	1.563283
3348	-751.2285	-923.157	171.9285	1.089512	1.280078
3354	-745.7121	-917.7568	172.0447	0.7419767	1.462309
3360	-729.4666	-901.3133	171.8467	0.6131112	1.70148
3366	-739.6663	-910.9558	171.2896	1.046432	1.788268
3372	-736.3707	-908.2513	171.8806	0.9560343	1.424102
3378	-745.5743	-917.7654	172.1911	0.5063304	1.529336
3384	-742.2904	-913.7582	171.4678	1.422613	1.382298
3390	-737.5517	-908.647	171.0953	1.643542	1.498395
3396	-735.9456	-907.5291	171.5834	1.199209	1.465379
3402	-740.094	-911.2809	171.1869	1.595738	1.465379
3408	-732.7022	-904.3257	171.6235	1.595738	1.106735
3414	-737.128	-909.0128	171.8848	1.377143	1.067186
3420	-728.3786	-899.8179	171.4393	1.589109	1.271549
3426	-737.8432	-908.6836	170.8404	1.818198	1.558052
3432	-737.6367	-908.6732	171.0365	1.818198	1.410156
3438	-738.4798	-909.9473	171.4675	1.54944	1.280995
3444	-736.0536	-907.9169	171.8634	1.37432	1.089782
3450	-741.0407	-912.1876	171.1469	1.603592	1.489663
3456	-737.7947	-910.1193	172.3245	0.4259678	1.489663
3462	-738.117	-910.3176	172.2006	0.5499351	1.489663
3468	-740.3511	-912.6207	172.2696	0.6886011	1.328592
3474	-736.0643	-907.5934	171.529	1.349506	1.391594
3480	-745.7353	-917.5313	171.7959	1.506115	1.028818
3486	-745.0021	-916.401	171.3989	1.312643	1.518842
3492	-738.9303	-910.7852	171.8549	1.055904	1.366318
3498	-744.2157	-915.235	171.0193	1.589826	1.594297
3504	-744.7842	-915.7539	170.9698	1.597438	1.624695
3510	-751.6892	-923.6622	171.973	0.9553666	1.352397
3516	-733.1491	-904.5931	171.444	1.373241	1.438991
3522	-742.5175	-912.5813	170.0638	2.258632	1.797703
3528	-739.9311	-909.0074	169.0763	2.373505	2.372743
3534	-732.7267	-901.7374	169.0107	2.373505	2.414223
3540	-742.0851	-911.5722	169.4872	2.373505	2.108223
3546	-746.4347	-915.6817	169.2469	2.373505	2.263979
3552	-746.0416	-915.2886	169.2469	2.373505	2.263979
3558	-747.0235	-916.862	169.8385	2.014865	2.113034
3564	-748.5881	-919.8766	171.2884	1.290537	1.616198
3570	-740.4182	-911.3373	170.9191	1.754231	1.547164
3576	-743.2416	-914.1435	170.902	1.77141	1.547164
3582	-735.6668	-907.3737	171.7069	1.269864	1.313673
3588	-730.6987	-901.9264	171.2277	1.693591	1.357988
3594	-735.2017	-906.1543	170.9526	1.756639	1.52054
3600	-739.4179	-909.3593	169.9414	2.055619	2.01827
3606	-739.4079	-910.5502	171.1423	1.57866	1.511785
3612	-737.2902	-908.536	171.2458	1.692087	1.344845
3618	-740.9729	-912.9344	171.9615	0.9763679	1.344845
3624	-743.433	-914.7245	171.2915	1.706993	1.296026
3630	-744.2303	-915.7968	171.5665	1.432031	1.296026
3636	-736.8833	-908.9054	172.0221	0.6962523	1.513792
3642	-736.2467	-908.1888	171.942	0.7762989	1.513792
3648	-750.5827	-921.9607	171.378	0.7818744	1.908996
3654	-747.9734	-919.472	171.4986	1.085433	1.612524
3660	-755.8623	-927.4835	171.6212	1.04471	1.552679
3666	-742.6854	-914.064	171.3785	1.595168	1.316158
3672	-736.7595	-907.8975	171.138	1.847928	1.306231
3678	-730.5013	-901.4266	170.9253	1.636059	1.628925
3684	-730.9914	-902.0581	171.0668	1.494603	1.628925
3690	-730.7451	-902.8468	172.1017	0.6849082	1.462358
3696	-737.9993	-908.8761	170.8768	1.833339	1.519918
3702	-742.2399	-913.381	171.1411	1.84306	1.307716
3708	-730.3157	-902.1319	171.8161	1.148635	1.323352
3714	-735.0748	-906.7473	171.6725	0.6939841	1.767032
3720	-741.7238	-913.3646	171.6409	0.9275916	1.623794
3726	-743.8587	-915.7194	171.8608	1.020017	1.389829
3732	-742.4879	-914.1999	171.712	1.410852	1.192073
3738	-737.6137	-909.2972	171.6835	1.205811	1.383159
3744	-761.5218	-933.4964	171.9746	0.9509838	1.354588
3750	-751.6592	-923.1475	171.4883	1.245651	1.502104
3756	-751.3525	-923.324	171.9715	1.382515	0.9770119
3762	-758.5473	-930.3399	171.7925	1.355295	1.170397
3768	-751.5302	-922.9708	171.4406	1.355295	1.455306
3774	-759.012	-930.9961	171.9841	1.114241	1.213031
3780	-749.3574	-920.931	171.5736	1.371705	1.338948
3786	-744.1279	-915.2713	171.1433	1.466619	1.593705
3792	-740.733	-912.6795	171.9466	1.051864	1.296102
3798	-753.4566	-924.4999	171.0433	1.709826	1.487711
3804	-749.2515	-920.4601	171.2086	1.734123	1.340967
3810	-748.0278	-920.2814	172.2537	0.7879921	1.260607
3816	-738.2774	-910.3911	172.1137	0.8922818	1.28994
3822	-747.4729	-919.5541	172.0811	0.6708821	1.488525
3828	-741.9726	-913.6554	171.6827	1.048107	1.504417
3834	-745.329	-916.4001	171.0711	1.659751	1.504417
3840	-734.1681	-906.4696	172.3015	0.6832648	1.307172
3846	-740.1742	-912.4143	172.2401	0.4085464	1.565386
3852	-733.1277	-905.0323	171.9046	0.9529559	1.407908
3858	-736.8616	-909.0314	172.1698	0.6877949	1.407908
3864	-744.0966	-916.4367	172.3401	0.3765459	1.515053
3870	-747.3162	-919.3714	172.0552	0.9035175	1.328211
3876	-745.4939	-917.5606	172.0667	1.035652	1.209599
3882	-732.5609	-903.988	171.4271	1.193148	1.586196
3888	-743.8061	-915.2668	171.4607	1.544471	1.290608
3894	-740.6661	-912.0871	171.421	1.44427	1.401922
3900	-736.2068	-907.9668	171.7599	1.05027	1.444371
3906	-739.3933	-910.6767	171.2835	1.607459	1.381899
3912	-743.2338	-914.3408	171.107	1.607459	1.516647
3918	-734.8694	-906.6744	171.805	0.707367	1.664088
3924	-746.0868	-917.4084	171.3216	1.032629	1.775581
3930	-744.615	-916.6179	172.0029	0.643906	1.566727
3936	-748.8788	-920.1891	171.3104	1.234509	1.640797
3942	-753.0977	-924.5466	171.4489	1.595722	1.258176
3948	-748.8179	-920.5958	171.7779	1.313281	1.219139
3954	-741.5398	-913.3603	171.8205	1.270637	1.219139
3960	-736.7227	-908.4413	171.7186	1.485514	1.120454
3966	-742.1434	-913.8625	171.7191	1.235102	1.331771
3972	-744.6886	-916.4371	171.7484	0.9901698	1.498627
3978	-733.5275	-904.5941	171.0666	1.781323	1.415382
3984	-746.12	-917.5244	171.4044	1.112989	1.66054
3990	-744.8173	-916.3733	171.5561	1.528055	1.22508
3996	-743.1861	-915.0797	171.8935	0.9160861	1.444817
4002	-744.2567	-915.9615	171.7048	1.007941	1.517963
4008	-746.9048	-917.6733	170.7685	1.836699	1.597144
4014	-765.0626	-935.6957	170.6331	1.906459	1.64458
4020	-746.9696	-918.2592	171.2897	1.77334	1.242842
4026	-759.482	-931.4968	172.0148	1.295926	1.020371
4032	-749.0706	-920.5836	171.513	1.454006	1.321496
4038	-739.1452	-910.7082	171.563	1.270134	1.426792
4044	-739.507	-911.3425	171.8355	0.9933304	1.430098
4050	-743.7107	-915.0096	171.2989	1.382347	1.541362
4056	-747.4592	-918.9332	171.474	1.018208	1.678486
4062	-739.4925	-910.6649	171.1724	1.587587	1.482491
4068	-742.5011	-914.0974	171.5963	1.622898	1.106803
4074	-743.5455	-914.9573	171.4118	1.493867	1.370333
4080	-751.3956	-922.0005	170.6049	1.941307	1.639848
4086	-753.1269	-923.5141	170.3872	1.745967	1.927088
4092	-748.5757	-920.5886	172.0129	0.5283339	1.643437
4098	-737.1302	-908.6591	171.5289	1.230003	1.483303
4104	-747.2404	-918.8842	171.6438	1.140383	1.464217
4110	-745.4971	-916.9781	171.481	1.284237	1.478544
4116	-739.2416	-910.954	171.7124	0.9648717	1.544296
4122	-736.0134	-907.9174	171.904	0.7794195	1.539725
4128	-746.766	-919.0317	172.2657	0.7794195	1.257708
4134	-746.29	-917.858	171.568	0.7095047	1.82871
4140	-742.8048	-914.7518	171.947	0.7095047	1.559616
4146	-734.7394	-906.5302	171.7909	1.093763	1.386825
4152	-737.7981	-909.3408	171.5427	1.297241	1.421558
4158	-740.0308	-911.6846	171.6538	1.297241	1.334355
4164	-729.0286	-899.9423	170.9138	1.566327	1.687097
4170	-736.2022	-908.2758	172.0736	1.148877	1.103769
4176	-722.5908	-894.4435	171.8527	1.284256	1.179878
4182	-721.171	-892.1977	171.0267	1.804627	1.428195
4188	-732.4955	-904.1849	171.6894	1.449026	1.178563
4194	-743.7459	-916.2024	172.4565	0.6588795	1.198486
4200	-739.1563	-910.8905	171.7342	1.38116	1.198486
4206	-743.0275	-914.3119	171.2845	1.350732	1.575236
4212	-730.2585	-901.7763	171.5178	1.659549	1.144427
4218	-737.9955	-909.5525	171.557	1.443106	1.294771
4224	-736.8757	-907.3174	170.4416	2.031283	1.692187
4230	-737.5871	-909.0942	171.5071	1.411611	1.360043
4236	-743.0609	-914.3668	171.3059	1.161892	1.695828
4242	-745.7613	-917.6852	171.9239	0.7693498	1.532444
4248	-760.3749	-931.3823	171.0074	1.305105	1.804566
4254	-742.2261	-913.9556	171.7296	1.068478	1.453659
4260	-764.0174	-935.3939	171.3765	1.240105	1.58884
4266	-754.1819	-926.4813	172.2994	0.7197005	1.279232
4272	-740.0028	-911.9137	171.9108	0.9632294	1.395081
4278	-746.3775	-918.5319	172.1544	0.9043589	1.246383
4284	-746.4044	-918.4723	172.0679	0.9456134	1.28381
4290	-750.3436	-922.2658	171.9222	0.5052727	1.724333
4296	-755.9582	-927.2297	171.2715	0.8015372	1.967536
4302	-748.5606	-919.749	171.1884	1.423811	1.592078
4308	-761.9978	-934.4257	172.4279	0.3685598	1.454869
4314	-755.0166	-926.7666	171.7501	1.053471	1.449465
4320	-752.2739	-923.989	171.7151	0.9045161	1.586645
4326	-740.6123	-912.4923	171.8799	1.20682	1.222869
4332	-731.9893	-902.7209	170.7316	1.905743	1.573672
4338	-736.4901	-908.2068	171.7167	1.425815	1.175058
4344	-729.4806	-901.1555	171.6749	1.038711	1.517285
4350	-728.5243	-900.2512	171.7268	1.038711	1.478346
4356	-742.3669	-913.6509	171.284	1.639187	1.356505
4362	-732.2935	-904.471	172.1776	0.9326581	1.20288
4368	-736.3526	-907.9454	171.5927	0.7253636	1.800666
4374	-752.2223	-924.0062	171.7839	1.021518	1.448019
4380	-739.1055	-910.7499	171.6444	1.430212	1.233125
4386	-741.7691	-913.8544	172.0853	0.9449123	1.270061
4392	-742.5511	-913.7771	171.226	1.119267	1.781845
4398	-747.2786	-918.7535	171.4749	1.371836	1.416299
4404	-748.0686	-918.7646	170.696	1.943913	1.571802
4410	-746.7074	-918.8057	172.0982	1.115611	1.111636
4416	-741.8936	-913.372	171.4783	1.535037	1.283935
4422	-739.2173	-911.3015	172.0842	0.7829878	1.400457
4428	-744.7451	-914.9704	170.2252	2.292575	1.660199
4434	-737.6417	-908.1036	170.4619	1.830569	1.81841
4440	-735.0472	-907.1078	172.0606	0.7120828	1.472955
4446	-739.0243	-910.0305	171.0062	1.750505	1.485022
4452	-740.0269	-911.5556	171.5286	1.306902	1.424931
4458	-740.5466	-912.1085	171.5619	1.306902	1.399204
4464	-736.1384	-907.7205	171.5821	1.306902	1.383416
4470	-743.3446	-915.0736	171.729	0.9628804	1.533472
4476	-739.6655	-911.831	172.1656	0.8380191	1.291899
4482	-731.643	-903.5025	171.8595	1.084838	1.33966
4488	-739.2571	-911.6259	172.3688	0.8107207	1.142478
4494	-739.8877	-911.8415	171.9537	0.8107207	1.479137
4500	-734.6864	-907.207	172.5206	0.4410122	1.3259
4506	-737.9229	-909.5681	171.6451	1.181548	1.431752
4512	-736.3114	-908.0418	171.7304	1.290155	1.278042
4518	-743.9741	-915.9774	172.0033	0.6369699	1.571546
4524	-725.5111	-897.3833	171.8722	0.9667889	1.422295
4530	-727.886	-900.2	172.314	0.6626731	1.313721
4536	-727.1104	-898.6671	171.5567	1.419982	1.313721
4542	-724.8772	-896.3585	171.4813	1.503529	1.307116
4548	-728.7878	-900.2939	171.5061	1.524356	1.269838
4554	-741.1965	-913.0314	171.8349	1.097715	1.349042
4560	-736.8195	-908.5496	171.7301	1.356136	1.223329
4566	-736.3805	-908.2292	171.8487	1.237538	1.223329
4572	-744.5707	-915.9643	171.3936	1.675791	1.237484
4578	-720.3118	-891.6504	171.3386	1.71449	1.25109
4584	-736.2519	-907.517	171.2652	1.314458	1.615718
4590	-730.9918	-902.6156	171.6238	1.36554	1.303522
4596	-737.6578	-908.9348	171.277	1.622235	1.375381
4602	-734.9376	-906.6761	171.7386	1.309284	1.25547
4608	-745.5292	-917.3891	171.8599	1.289724	1.168806
4614	-743.8095	-915.227	171.4175	1.376812	1.456538
4620	-738.7058	-909.6053	170.8994	1.612483	1.664417
4626	-731.5463	-902.4093	170.863	1.612483	1.690367
4632	-737.2154	-909.0619	171.8465	0.9582914	1.448501
4638	-727.2452	-898.9239	171.6787	0.9422839	1.58561
4644	-732.1845	-904.1741	171.9896	0.6314213	1.58561
4650	-735.5272	-907.1581	171.6309	0.9765251	1.595525
4656	-751.9565	-923.6074	171.6509	1.044124	1.531126
4662	-769.3359	-940.8385	171.5026	1.211903	1.51661
4668	-749.8332	-921.1329	171.2997	1.372036	1.548383
4674	-740.9138	-912.2508	171.337	1.60339	1.342818
4680	-746.5415	-918.0864	171.5449	1.30312	1.415314
4686	-737.7328	-909.5284	171.7956	1.044135	1.421714
4692	-743.8979	-915.5913	171.6934	1.108891	1.450406
4698	-739.1096	-911.2345	172.1249	0.4530893	1.616878
4704	-742.3974	-913.5594	171.162	1.606791	1.475881
4710	-739.6127	-911.0509	171.4382	1.486381	1.355361
4716	-734.2718	-904.7343	170.4625	1.964886	1.72437
4722	-734.9274	-905.8077	170.8803	1.72154	1.599586
4728	-743.1062	-913.9412	170.835	2.057568	1.380603
4734	-743.2909	-914.1384	170.8475	2.061588	1.367621
4740	-734.615	-904.6489	170.034	2.061588	1.952395
4746	-741.7209	-912.8591	171.1382	1.501605	1.571899
4752	-766.5612	-937.5342	170.973	1.735431	1.521163
4758	-736.3486	-908.2511	171.9025	1.04229	1.339322
4764	-737.9894	-908.9844	170.9949	1.678026	1.54747
4770	-754.7074	-926.6273	171.9199	1.162575	1.226516
4776	-744.0614	-915.8513	171.7899	1.100521	1.382305
4782	-749.5637	-920.7036	171.1399	1.51776	1.558733
4788	-744.7418	-916.4736	171.7318	1.093446	1.432823
4794	-749.6795	-921.2133	171.5339	1.588965	1.19207
4800	-754.6599	-924.8298	170.1698	2.049488	1.868569
4806	-738.5637	-909.6497	171.086	1.826086	1.365244
4812	-742.8041	-914.4619	171.6578	1.254295	1.365244
4818	-736.2208	-907.3599	171.139	1.585964	1.508806
4824	-732.1898	-903.6992	171.5094	1.39902	1.368203
4830	-740.6435	-912.3043	171.6608	1.575154	1.091412
4836	-746.6386	-918.7599	172.1213	0.997844	1.195241
4842	-735.2934	-906.7211	171.4278	1.398014	1.432451
4848	-748.5833	-920.6125	172.0292	0.7965692	1.432451
4854	-744.6307	-915.993	171.3623	1.550615	1.364609
4860	-765.0989	-937.1748	172.0759	0.6841581	1.482466
4866	-757.2924	-929.4846	172.1922	0.567293	1.482899
4872	-742.9384	-915.1237	172.1853	1.030234	1.110055
4878	-745.0525	-917.0608	172.0082	0.8412616	1.414155
4884	-742.1786	-914.3149	172.1363	1.141312	1.052346
4890	-738.876	-909.8989	171.0229	1.831176	1.410654
4896	-754.0848	-925.2763	171.1914	1.381441	1.620592
4902	-747.0071	-918.2233	171.2163	1.594664	1.44382
4908	-749.9752	-921.2988	171.3237	1.613322	1.345525
4914	-746.9892	-918.0017	171.0126	1.792838	1.448045
4920	-747.882	-919.9783	172.0963	0.8976818	1.299739
4926	-757.0925	-928.6957	171.6032	1.137299	1.497213
4932	-733.744	-904.7543	171.0103	1.730185	1.497213
4938	-742.8412	-914.2072	171.366	1.257252	1.583967
4944	-737.7642	-909.1848	171.4206	1.53351	1.331894
4950	-742.2554	-912.9202	170.6648	2.024927	1.535063
4956	-733.3568	-905.6359	172.2791	0.4921358	1.474018
4962	-742.205	-914.2518	172.0467	0.4889616	1.647387
4968	-744.7578	-916.0356	171.2778	1.674214	1.333547
4974	-739.5262	-910.5665	171.0403	1.674214	1.516623
4980	-742.3869	-914.1208	171.7339	0.9054859	1.572201
4986	-729.8395	-901.8708	172.0313	1.143989	1.146247
4992	-741.8538	-912.4749	170.6211	2.094817	1.515596
4998	-736.3217	-906.9514	170.6297	2.08621	1.515596
5004	-741.5067	-913.6086	172.102	0.943239	1.25765
5010	-733.5144	-904.8521	171.3377	1.479279	1.439187
5016	-737.4408	-908.8649	171.4241	1.18858	1.591701
5022	-734.4479	-906.2719	171.824	0.9577911	1.466017
5028	-744.0838	-915.6961	171.6124	1.717322	1.001595
5034	-739.8697	-911.8758	172.0062	0.6594265	1.552922
5040	-742.8677	-914.022	171.1543	0.8839047	1.990786
5046	-731.7973	-903.936	172.1387	0.5360311	1.546171
5052	-740.2693	-912.5012	172.2319	0.7639601	1.298165
5058	-747.6199	-919.4517	171.8318	0.5260285	1.773058
5064	-751.9538	-921.9776	170.0238	2.087772	1.941624
5070	-755.5591	-925.6992	170.1401	2.144367	1.823904
5076	-746.4538	-916.5019	170.0481	2.144367	1.886879
5082	-733.376	-904.2813	170.9054	1.861755	1.47714
5088	-728.3622	-899.7122	171.35	1.867844	1.108018
5094	-742.8409	-914.6299	171.789	1.209887	1.295722
5100	-745.8906	-917.529	171.6384	1.36051	1.295722
5106	-752.8919	-923.4082	170.5163	2.099491	1.589438
5112	-746.6697	-918.5929	171.9231	1.015847	1.343951
5118	-739.2346	-910.9649	171.7303	0.9556085	1.53786
5124	-741.9581	-913.025	171.0669	1.653665	1.512144
5130	-754.5809	-925.9167	171.3358	1.653665	1.303367
5136	-744.1766	-915.9743	171.7977	0.9702925	1.476439
5142	-760.0804	-931.5698	171.4894	1.37276	1.404312
5148	-761.3983	-932.5481	171.1498	1.576936	1.507509
5154	-745.8415	-917.6424	171.8009	1.200485	1.293738
5160	-747.2752	-918.5024	171.2272	1.522724	1.490108
5166	-751.506	-921.4134	169.9074	2.181523	1.956867
5172	-746.8539	-918.963	172.1092	0.4522675	1.628878
5178	-742.3431	-914.1202	171.7771	1.479036	1.072603
5184	-743.6128	-914.5874	170.9745	1.741961	1.515144
5190	-737.6093	-909.558	171.9487	1.347504	1.034523
5196	-737.6166	-908.9367	171.3201	1.668292	1.304294
5202	-747.2423	-918.3277	171.0854	1.617218	1.525478
5208	-747.9877	-920.1843	172.1966	1.021001	1.108209
5214	-739.3123	-911.163	171.8507	1.230957	1.227163
5220	-731.6591	-903.7231	172.064	1.017686	1.227163
5226	-734.6434	-906.0036	171.3602	1.323351	1.539673
5232	-742.7569	-915.0102	172.2533	0.49093	1.494395
5238	-740.5823	-912.7003	172.118	0.4212428	1.644821
5244	-737.8076	-910.0792	172.2716	0.8776682	1.169169
5250	-742.875	-914.1803	171.3053	1.574629	1.39049
5256	-746.5934	-917.4397	170.8463	1.593282	1.715815
5262	-737.7133	-908.6845	170.9711	1.664968	1.574579
5268	-736.6491	-908.7864	172.1373	0.7006471	1.423077
5274	-732.2133	-904.5156	172.3024	0.6986594	1.294002
5280	-732.8439	-905.176	172.3321	0.9736573	1.025253
5286	-741.4136	-913.1692	171.7556	1.282743	1.263327
5292	-740.4337	-912.1978	171.764	0.9347119	1.528358
5298	-737.6302	-908.9726	171.3423	1.364965	1.522018
5304	-745.6545	-917.6524	171.9978	0.6552598	1.56211
5310	-750.8289	-922.4428	171.6139	1.433052	1.256194
5316	-748.3012	-919.7377	171.4365	1.719753	1.163016
5322	-737.3745	-908.2337	170.8592	1.717511	1.617807
5328	-751.9894	-923.2027	171.2133	1.432912	1.567189
5334	-748.1897	-919.7246	171.5349	1.384898	1.359169
5340	-742.3774	-913.2411	170.8636	1.678343	1.642874
5346	-740.2262	-910.7302	170.504	1.900732	1.740301
5352	-743.1807	-914.0891	170.9084	1.900732	1.445203
5358	-742.72	-913.6672	170.9472	1.558889	1.668593
5364	-746.3166	-917.5777	171.261	1.60037	1.404936
5370	-751.4105	-923.1784	171.7679	1.079342	1.415889
5376	-746.6876	-918.069	171.3814	1.158813	1.644139
5382	-760.2615	-932.4445	172.183	1.289617	0.84535
5388	-751.1243	-923.1046	171.9803	0.6830645	1.554526
5394	-752.3229	-922.2262	169.9033	2.151287	1.979892
5400	-746.9892	-915.5151	168.5258	2.325978	2.744555
5406	-749.3532	-917.6182	168.265	2.586761	2.744555
5412	-751.6003	-921.6055	170.0053	1.981123	2.025307
5418	-747.6113	-917.1322	169.5209	1.981123	2.339594
5424	-754.9462	-925.434	170.4878	1.014286	2.339594
5430	-742.421	-912.8809	170.46	2.113737	1.620011
5436	-752.4052	-924.4293	172.0241	0.8787815	1.372549
5442	-746.35	-917.0429	170.6929	1.874659	1.624417
5448	-739.3788	-910.1919	170.8132	1.874659	1.53648
5454	-731.0531	-901.93	170.8769	1.672389	1.637587
5460	-735.0918	-907.2615	172.1698	0.8537063	1.27561
5466	-732.9159	-904.8331	171.9171	1.383226	1.030471
5472	-746.5423	-918.6068	172.0645	0.8906346	1.331082
5478	-742.1413	-912.9428	170.8015	1.750525	1.63563
5484	-747.1875	-918.2584	171.0709	1.748152	1.437634
5490	-739.4353	-910.7702	171.3349	1.586334	1.35805
5496	-745.9538	-917.0813	171.1275	1.586334	1.517118
5502	-736.5331	-907.9523	171.4192	1.707964	1.188378
5508	-735.3622	-907.599	172.2369	1.065648	1.028379
5514	-738.1509	-909.8397	171.6889	1.622992	1.019243
5520	-731.5654	-903.5532	171.9879	0.8042419	1.458187
5526	-729.9016	-901.138	171.2364	1.555735	1.458187
5532	-732.477	-904.6332	172.1562	0.5328899	1.5355
5538	-734.9042	-906.6036	171.6994	1.25894	1.32849
5544	-741.1484	-913.4397	172.2912	0.6671227	1.32849
5550	-744.8827	-917.2182	172.3355	0.5197014	1.409713
5556	-740.9026	-913.564	172.6614	0.1938267	1.409713
5562	-739.2745	-910.2318	170.9572	1.765883	1.510208
5568	-737.3296	-908.7873	171.4577	1.394432	1.41216
5574	-745.831	-917.7959	171.9649	1.254692	1.106359
5580	-747.8112	-919.2305	171.4194	1.615075	1.26657
5586	-741.9916	-913.9084	171.9168	1.20052	1.196804
5592	-727.0677	-899.218	172.1503	0.9120796	1.243379
5598	-749.6395	-918.8446	169.2051	2.296128	2.340133
5604	-737.3517	-908.1059	170.7541	1.959879	1.516999
5610	-746.9312	-918.459	171.5278	1.457015	1.3072
5616	-740.268	-912.0784	171.8104	1.457015	1.062014
5622	-746.3809	-917.2861	170.9052	1.543113	1.70965
5628	-747.0666	-918.708	171.6414	0.7408072	1.756085
5634	-754.9219	-925.8673	170.9454	1.552032	1.674748
5640	-749.9821	-921.6129	171.6308	1.399209	1.270214
5646	-748.5507	-920.6297	172.079	0.7605144	1.421892
5652	-748.253	-920.3153	172.0623	0.5700222	1.577383
5658	-747.0349	-919.1583	172.1234	0.8358102	1.327802
5664	-740.0648	-912.2233	172.1585	0.6996305	1.407457
5670	-748.8153	-919.7729	170.9576	1.803275	1.48185
5676	-739.6446	-911.7972	172.1527	0.7252483	1.392086
5682	-738.2705	-909.7395	171.469	1.598848	1.238788
5688	-736.5697	-908.7685	172.1988	0.9530801	1.166868
5694	-739.5066	-911.5791	172.0724	1.059236	1.184453
5700	-743.582	-916.1006	172.5186	0.5610068	1.228897
5706	-738.882	-910.9984	172.1164	0.9632429	1.228897
5712	-735.017	-907.089	172.072	1.007582	1.228897
5718	-755.045	-926.4156	171.3706	1.652927	1.275549
5724	-756.3245	-928.0347	171.7102	1.377514	1.222014
5730	-752.4777	-924.418	171.9403	0.9293321	1.398576
5736	-745.6665	-917.6456	171.9791	1.111777	1.219382
5742	-732.5723	-904.0822	171.5099	1.580963	1.219382
5748	-740.8579	-912.2009	171.343	1.709248	1.25183
5754	-734.2768	-905.2855	171.0087	1.593354	1.599474
5760	-735.3177	-906.3478	171.0301	1.747701	1.469079
5766	-741.7349	-913.0853	171.3504	1.490025	1.421151
5772	-741.8574	-913.5795	171.7221	1.492493	1.110931
5778	-734.8264	-906.9201	172.0937	0.8953003	1.303767
5784	-742.2092	-913.0964	170.8871	1.972598	1.406232
5790	-738.7624	-910.5859	171.8234	1.138016	1.325994
5796	-747.4106	-919.5001	172.0895	1.006902	1.21466
5802	-743.4672	-915.4315	171.9643	1.202044	1.154162
5808	-739.3425	-911.2571	171.9146	1.190475	1.207332
5814	-736.3835	-907.9893	171.6057	1.307992	1.363972
5820	-734.0856	-904.9418	170.8562	1.741276	1.60275
5826	-741.4046	-913.565	172.1604	0.9043127	1.241411
5832	-743.0292	-914.396	171.3668	1.609786	1.313839
5838	-750.0793	-922.5249	172.4456	0.5549275	1.294392
5844	-735.3869	-907.3781	171.9913	0.5549275	1.639851
5850	-732.9986	-905.1497	172.1511	0.395117	1.639851
5856	-748.0573	-918.7519	170.6946	1.780675	1.690513
5862	-745.5794	-917.4788	171.8994	0.9546176	1.410697
5868	-728.2424	-899.0815	170.8391	1.875383	1.516675
5874	-734.3088	-906.232	171.9232	1.089289	1.284657
5880	-753.6248	-925.1457	171.5209	1.246201	1.477168
5886	-751.7551	-923.2182	171.4631	1.648766	1.201449
5892	-743.3734	-914.848	171.4746	1.622132	1.214423
5898	-741.7645	-913.2517	171.4872	1.500577	1.304749
5904	-747.6692	-918.9171	171.2479	1.560155	1.44602
5910	-751.7794	-923.714	171.9346	1.000455	1.347076
5916	-743.8136	-915.5237	171.7102	1.00531	1.515902
5922	-742.7627	-914.3262	171.5636	0.6972007	1.840199
5928	-735.2353	-904.9448	169.7095	2.20248	2.074506
5934	-733.4247	-904.7251	171.3004	1.579432	1.390566
5940	-737.884	-908.464	170.58	1.579432	1.909325
5946	-745.4307	-916.08	170.6493	1.510062	1.909325
5952	-744.555	-916.3187	171.7638	1.154741	1.360213
5958	-747.9752	-919.6816	171.7064	1.212063	1.360213
5964	-735.2154	-906.5118	171.2964	1.632168	1.352269
5970	-728.6124	-899.992	171.3796	1.548936	1.352269
5976	-737.3418	-908.2479	170.9062	1.803641	1.520128
5982	-745.9235	-917.7946	171.8711	1.266627	1.179152
5988	-737.5957	-909.5604	171.9646	1.173142	1.179152
5994	-741.6762	-912.8957	171.2195	1.173142	1.748813
6000	-736.6252	-908.1135	171.4883	1.507395	1.298335
6006	-729.817	-901.3567	171.5397	1.398344	1.344726
6012	-731.9926	-904.1096	172.117	0.3820133	1.673598
6018	-731.7896	-903.7689	171.9793	0.8941347	1.395553
6024	-735.6325	-907.9719	172.3394	0.5910089	1.350752
6030	-742.9268	-914.3038	171.377	1.499111	1.393488
6036	-744.4113	-914.6734	170.2621	1.99344	1.843811
6042	-752.8248	-924.8199	171.9951	0.8436209	1.42245
6048	-748.4566	-918.8242	170.3676	1.876601	1.851542
6054	-744.728	-915.7377	171.0098	1.586699	1.603495
6060	-737.3506	-909.412	172.0614	1.099719	1.158716
6066	-734.6977	-906.4333	171.7356	1.22593	1.325904
6072	-749.464	-921.2719	171.8079	1.115833	1.356069
6078	-746.3289	-917.5383	171.2094	1.56473	1.471834
6084	-748.3174	-919.9055	171.5882	1.185953	1.471834
6090	-740.9105	-912.5025	171.592	1.218768	1.443917
6096	-745.2877	-916.8786	171.5909	1.53564	1.188853
6102	-743.9274	-915.2845	171.357	1.502978	1.406006
6108	-729.6516	-901.8611	172.2096	0.6353923	1.417664
6114	-730.1313	-902.2925	172.1612	0.6011158	1.480747
6120	-725.0843	-897.0223	171.938	1.026528	1.323517
6126	-729.8032	-901.7492	171.946	1.026528	1.317126
6132	-732.9093	-904.4377	171.5283	1.546014	1.233318
6138	-739.3098	-911.4499	172.1401	0.7379504	1.391991
6144	-731.509	-903.3351	171.8262	1.05187	1.391991
6150	-740.2371	-912.5062	172.2691	0.5225371	1.458531
6156	-737.2373	-908.1615	170.9242	1.743918	1.551052
6162	-735.6663	-906.7515	171.0852	1.582869	1.551052
6168	-735.873	-907.4355	171.5625	1.326354	1.383521
6174	-730.0164	-901.4257	171.4093	1.402283	1.443315
6180	-736.4439	-907.2159	170.7719	1.921161	1.532561
6186	-747.1936	-918.6545	171.4609	1.489129	1.335112
6192	-749.6225	-921.4841	171.8616	1.173396	1.266108
6198	-756.1316	-927.3522	171.2206	1.609055	1.429463
6204	-753.2898	-924.2726	170.9828	1.710075	1.532757
6210	-741.5078	-912.6239	171.1162	1.576668	1.532757
6216	-743.5248	-915.6138	172.0889	1.112633	1.122764
6222	-747.7813	-920.3185	172.5372	0.6374071	1.146839
6228	-748.5435	-920.1721	171.6286	0.5593032	1.889986
6234	-738.8947	-910.822	171.9273	0.524374	1.707258
6240	-746.3027	-915.7926	169.4899	2.170232	2.238441
6246	-759.4882	-931.0211	171.5328	1.547757	1.228077
6252	-745.4894	-916.9507	171.4613	1.547757	1.287404
6258	-749.2988	-921.3432	172.0444	0.9581406	1.292727
6264	-743.956	-914.9769	171.0209	1.594777	1.5895
6270	-751.3955	-922.1737	170.7782	1.755855	1.64859
6276	-741.772	-913.3838	171.6118	1.188471	1.451962
6282	-738.4249	-910.6216	172.1968	0.9585915	1.163823
6288	-740.0672	-911.6748	171.6076	1.369306	1.313569
6294	-753.1332	-924.7687	171.6355	1.378334	1.283567
6300	-737.1752	-909.3213	172.146	0.6521455	1.453579
6306	-744.8705	-916.3153	171.4447	1.468079	1.364691
6312	-757.2916	-928.539	171.2474	1.468079	1.515893
6318	-748.1743	-919.7522	171.5779	1.033942	1.592339
6324	-738.0441	-909.4195	171.3754	1.614589	1.302961
6330	-747.3645	-919.6391	172.2746	0.4016451	1.545022
6336	-743.3658	-915.8321	172.4662	0.2195973	1.537946
6342	-741.0435	-912.9028	171.8593	0.5122526	1.763495
6348	-732.6149	-904.6818	172.0669	0.6675996	1.501699
6354	-731.1444	-903.0031	171.8587	1.309694	1.152351
6360	-731.7592	-902.9649	171.2057	1.696051	1.373424
6366	-729.9493	-900.6634	170.7141	1.696051	1.736476
6372	-734.4663	-906.2943	171.828	0.6449945	1.692146
6378	-733.7757	-905.8557	172.0801	0.3929216	1.692146
6384	-728.3678	-899.9256	171.5578	1.337546	1.378483
6390	-738.1878	-909.6628	171.475	1.522781	1.296598
6396	-743.9193	-914.8887	170.9694	1.786662	1.485499
6402	-742.0462	-913.2336	171.1874	1.202698	1.750546
6408	-732.5555	-904.3634	171.8079	1.134653	1.341126
6414	-748.9225	-921.0376	172.115	0.8330653	1.336683
6420	-746.9539	-917.7743	170.8204	1.678757	1.673515
6426	-741.6651	-913.5628	171.8976	1.275632	1.14806
6432	-738.5407	-910.7472	172.2064	0.4438593	1.564165
6438	-729.1753	-901.1962	172.0209	0.6294256	1.564165
6444	-729.9647	-901.3987	171.4339	1.451937	1.385871
6450	-726.3534	-897.7135	171.3601	1.671679	1.268769
6456	-731.2821	-902.8104	171.5283	1.150097	1.543488
6462	-741.8158	-914.4115	172.5957	0.1564971	1.488425
6468	-740.0983	-912.009	171.9106	0.2591804	1.90225
6474	-739.6008	-909.302	169.7011	2.468687	1.90225
6480	-733.3449	-902.1177	168.7728	2.380985	2.558436
6486	-739.749	-909.7383	169.9893	2.305434	1.816822
6492	-735.9743	-907.8269	171.8526	1.428505	1.049035
6498	-738.9745	-910.6743	171.6998	1.428505	1.187351
6504	-725.5995	-897.2503	171.6509	1.02662	1.544122
6510	-745.082	-917.0444	171.9624	1.200253	1.157433
6516	-739.166	-911.4208	172.2548	0.8642773	1.195332
6522	-739.4091	-910.4258	171.0167	1.734136	1.489412
6528	-749.6535	-921.8875	172.234	0.7590157	1.300508
6534	-735.2015	-907.0633	171.8618	1.209408	1.23593
6540	-746.5868	-918.0085	171.4217	1.520045	1.341729
6546	-745.5598	-917.1788	171.619	1.285979	1.370861
6552	-754.8396	-925.6843	170.8447	1.640637	1.683385
6558	-741.7278	-913.5622	171.8344	0.9741287	1.44568
6564	-744.1342	-915.7217	171.5876	1.229468	1.439154
6570	-743.6685	-914.7506	171.0822	1.386249	1.695367
6576	-749.8356	-921.9571	172.1215	0.9444991	1.240289
6582	-746.8033	-918.2365	171.4332	1.577177	1.286349
6588	-749.8184	-921.5854	171.767	1.450145	1.108672
6594	-754.2426	-926.0096	171.767	1.450145	1.108672
6600	-754.4943	-925.9476	171.4533	0.922134	1.760821
6606	-746.0233	-917.2134	171.1901	1.586678	1.469792
6612	-737.5079	-909.5409	172.033	1.287167	1.011044
6618	-741.7395	-913.485	171.7455	1.087286	1.427017
6624	-742.0014	-912.7785	170.7771	1.716092	1.677784
6630	-733.7915	-904.3084	170.5169	1.841926	1.77239
6636	-739.5009	-909.9318	170.4309	1.971503	1.741959
6642	-743.2552	-914.0264	170.7713	1.971503	1.495482
6648	-737.1099	-909.0882	171.9783	0.8878989	1.401231
6654	-743.4964	-914.3456	170.8492	2.016927	1.401231
6660	-737.6551	-909.4975	171.8424	1.02377	1.401231
6666	-733.2408	-904.0426	170.8018	1.799604	1.59992
6672	-741.0144	-911.7212	170.7068	2.028757	1.500908
6678	-740.1877	-909.931	169.7432	2.028757	2.166103
6684	-746.0404	-916.3985	170.3581	2.021323	1.758007
6690	-734.9865	-905.8369	170.8504	1.529051	1.758007
6696	-733.015	-902.5511	169.5361	2.288623	2.131741
6702	-743.4909	-912.6731	169.1822	2.304517	2.349381
6708	-734.6884	-903.8706	169.1822	2.304517	2.349381
6714	-737.6422	-909.3313	171.6891	1.28039	1.319561
6720	-734.904	-907.0294	172.1253	0.864032	1.30347
6726	-746.0354	-917.2016	171.1663	1.331034	1.674844
6732	-745.1338	-917.0555	171.9217	0.8555061	1.469474
6738	-748.5059	-918.9942	170.4883	1.719531	1.876417
6744	-742.8579	-913.5687	170.7108	1.794358	1.66922
6750	-746.0777	-917.1218	171.0441	1.44903	1.677826
6756	-735.9338	-907.6073	171.6735	1.482067	1.16359
6762	-746.5845	-917.8437	171.2592	1.702543	1.325752
6768	-750.2882	-922.4798	172.1916	0.8111647	1.292618
6774	-754.9943	-926.8572	171.8629	0.9187658	1.466097
6780	-743.3073	-915.2167	171.9094	0.6379031	1.639041
6786	-732.3265	-904.7888	172.4623	0.7909777	1.075341
6792	-732.4213	-903.0712	170.6499	1.887258	1.64637
6798	-744.0083	-915.2107	171.2024	1.383393	1.611282
6804	-755.487	-927.3036	171.8166	0.824122	1.571215
6810	-749.6061	-920.9867	171.3806	1.541364	1.357466
6816	-750.0324	-922.1732	172.1408	0.7312502	1.39666
6822	-746.6896	-916.7419	170.0523	2.129443	1.894131
6828	-754.5648	-926.4992	171.9344	1.345011	1.050597
6834	-746.9527	-918.2922	171.3395	1.459844	1.452682
6840	-743.3261	-915.2774	171.9513	0.8887858	1.421422
6846	-751.0364	-922.8132	171.7768	0.8560585	1.57698
6852	-742.4507	-914.433	171.9823	0.9354677	1.360779
6858	-726.8657	-898.5219	171.6562	1.070585	1.50748
6864	-733.6174	-905.2197	171.6023	1.397985	1.294606
6870	-727.6737	-899.4378	171.7641	0.7877311	1.635795
6876	-735.2693	-906.8236	171.5544	1.449988	1.291287
6882	-732.5938	-904.4937	171.8999	1.137389	1.264253
6888	-740.9498	-912.5871	171.6373	1.05542	1.532847
6894	-741.1216	-912.4999	171.3783	1.532442	1.366336
6900	-746.0818	-917.6172	171.5354	1.375694	1.366088
6906	-758.7937	-930.0804	171.2867	1.020029	1.808537
6912	-755.467	-927.6143	172.1474	0.7940151	1.342051
6918	-752.8407	-924.3851	171.5443	1.463834	1.288171
6924	-747.0693	-918.5576	171.4883	1.380326	1.399343
6930	-751.6058	-923.7396	172.1338	0.9147311	1.254891
6936	-733.3626	-905.347	171.9844	0.735023	1.512988
6942	-736.2843	-908.1988	171.9144	0.8049456	1.512988
6948	-740.4746	-911.7885	171.3138	1.537097	1.413047
6954	-742.3287	-913.8635	171.5348	1.203065	1.49916
6960	-743.2823	-914.1448	170.8625	1.778123	1.57131
6966	-734.757	-906.5184	171.7614	1.294933	1.248381
6972	-751.8325	-923.5118	171.6793	1.14623	1.43263
6978	-751.3132	-923.0167	171.7035	1.14623	1.413985
6984	-746.274	-917.7043	171.4303	1.403234	1.426509
6990	-748.6172	-918.9977	170.3805	1.817213	1.883294
6996	-747.8961	-919.5399	171.6438	1.633652	1.052513
7002	-754.5031	-926.4265	171.9234	1.065781	1.303644
7008	-747.8749	-919.2471	171.3722	1.178646	1.636503
7014	-738.2193	-910.0068	171.7875	0.5683823	1.774433
7020	-729.6059	-900.8278	171.2219	1.725982	1.336882
7026	-749.5781	-920.6018	171.0238	1.627138	1.563712
7032	-747.836	-919.9422	172.1062	0.7416215	1.415472
7038	-751.381	-922.6868	171.3058	1.52943	1.42518
7044	-757.0936	-928.0995	171.0059	1.526057	1.650061
7050	-747.6544	-918.9711	171.3168	1.469929	1.462303
7056	-743.1365	-915.2565	172.12	1.104583	1.101857
7062	-750.5042	-922.2431	171.7389	1.404936	1.173894
7068	-743.2192	-914.4301	171.2109	1.510388	1.511593
7074	-742.4215	-914.4326	172.0112	0.7101088	1.511593
7080	-749.0235	-920.8675	171.8441	0.7101088	1.6341
7086	-742.1958	-914.2531	172.0573	0.8127624	1.398186
7092	-743.2013	-914.8765	171.6751	1.255149	1.350888
7098	-734.4929	-906.3923	171.8993	0.6900324	1.608672
7104	-730.3991	-901.3606	170.9615	1.77247	1.5021
7110	-727.5098	-899.6863	172.1764	0.397984	1.619492
7116	-735.4477	-907.1728	171.7251	0.5099234	1.857816
7122	-737.9844	-909.7075	171.7231	1.085035	1.445955
7128	-734.1497	-906.2921	172.1424	0.9397684	1.226746
7134	-739.0053	-909.635	170.6298	1.795233	1.726061
7140	-744.3819	-914.7526	170.3706	1.977363	1.779919
7146	-741.6945	-913.0098	171.3153	1.469755	1.46355
7152	-737.9162	-909.7031	171.7869	0.9657848	1.488004
7158	-747.8742	-919.1906	171.3163	1.305979	1.584675
7164	-741.3806	-913.3393	171.9586	1.255559	1.111305
7170	-734.2697	-905.3901	171.1203	1.63663	1.484797
7176	-744.1795	-915.7111	171.5316	1.516981	1.254877
7182	-735.976	-908.0932	172.1172	0.9761474	1.21724
7188	-745.7256	-917.1111	171.3855	1.280121	1.55289
7194	-742.9766	-914.1588	171.1823	1.615175	1.454127
7200	-741.8565	-913.1383	171.2818	0.4994506	2.160082
7206	-757.2916	-929.4896	172.1981	0.7046767	1.37264
7212	-735.8742	-907.6961	171.8219	1.106659	1.352256
7218	-736.3892	-908.8448	172.4555	0.3653331	1.436215
7224	-732.9548	-904.5772	171.6224	1.025464	1.565951
7230	-743.3447	-914.6065	171.2618	1.566536	1.430513
7236	-737.105	-908.848	171.743	1.434046	1.144653
7242	-743.2403	-914.7882	171.5479	1.434046	1.309506
7248	-749.9723	-922.0143	172.042	0.9018252	1.340092
7254	-745.2366	-916.8773	171.6407	1.406523	1.255998
7260	-740.267	-912.3882	172.1212	0.8508666	1.317467
7266	-739.0946	-911.1489	172.0543	1.116596	1.150105
7272	-734.421	-906.6705	172.2495	0.5831365	1.427169
7278	-746.5713	-918.1408	171.5695	1.163573	1.50275
7284	-744.4928	-916.2331	171.7404	1.076276	1.439459
7290	-749.4619	-920.8313	171.3694	1.569678	1.343864
7296	-742.305	-914.5655	172.2605	0.7907636	1.252604
7302	-735.9209	-908.2178	172.2969	0.7009511	1.296546
7308	-746.8663	-919.2525	172.3862	0.7323025	1.195767
7314	-732.3724	-904.0239	171.6515	1.357647	1.287404
7320	-735.0854	-905.5785	170.4931	1.795243	1.821222
7326	-742.0124	-913.5621	171.5497	1.143718	1.532325
7332	-727.805	-899.8029	171.9978	0.7700039	1.476588
7338	-735.3584	-906.9158	171.5574	0.9960412	1.634594
7344	-730.7757	-902.4547	171.679	1.13709	1.439874
7350	-731.7013	-903.7454	172.0441	0.7956505	1.421719
7356	-737.3807	-909.1674	171.7867	0.7982249	1.611877
7362	-736.6713	-908.373	171.7017	0.8087113	1.665497
7368	-741.1469	-911.9463	170.7994	2.013937	1.441978
7374	-755.1999	-926.0404	170.8406	2.137431	1.31267
7380	-737.3069	-909.0204	171.7135	1.239547	1.332749
7386	-724.5322	-896.5992	172.067	0.886051	1.332749
7392	-739.0451	-910.8668	171.8217	1.270563	1.218175
7398	-746.164	-916.5639	170.3999	1.942957	1.783518
7404	-740.9738	-911.9446	170.9708	1.783657	1.486697
7410	-734.8747	-906.4356	171.5609	1.57453	1.181178
7416	-733.2164	-905.3159	172.0996	0.8369215	1.345959
7422	-735.0496	-905.723	170.6734	1.831542	1.669396
7428	-741.8284	-912.8191	170.9907	1.871244	1.404478
7434	-744.5709	-915.1229	170.5519	1.871244	1.727335
7440	-737.9	-908.452	170.5519	1.871244	1.727335
7446	-741.42	-913.3522	171.9322	0.8718634	1.449078
7452	-742.9433	-912.4535	169.5102	2.345076	2.111735
7458	-744.3124	-912.7784	168.466	2.345076	2.769419
7464	-759.4962	-928.3699	168.8737	2.345076	2.517959
7470	-744.4093	-914.4246	170.0152	2.345076	1.771356
7476	-735.522	-905.8919	170.3699	2.092557	1.699619
7482	-745.9063	-917.813	171.9067	0.9735094	1.39028
7488	-750.6751	-922.1539	171.4788	1.36955	1.415031
7494	-734.8943	-906.5077	171.6133	1.36955	1.308715
7500	-742.5602	-914.3447	171.7846	0.917949	1.525564
7506	-735.4502	-907.8308	172.3806	0.4292908	1.444608
7512	-737.052	-909.476	172.424	0.6328128	1.248026
7518	-730.3284	-902.1121	171.7836	0.7100044	1.677466
7524	-741.1669	-912.7574	171.5906	1.013259	1.598131
7530	-747.8187	-919.9479	172.1293	0.7968914	1.354147
7536	-751.1845	-922.8441	171.6596	1.26655	1.354147
7542	-751.8297	-923.9023	172.0726	1.187037	1.069325
7548	-747.8054	-919.6337	171.8282	1.109767	1.344739
7554	-746.9273	-918.0707	171.1434	1.745492	1.383473
7560	-753.9134	-925.3039	171.3905	1.357463	1.491569
7566	-737.4374	-908.7997	171.3623	1.711186	1.234088
7572	-740.1402	-911.4463	171.3061	1.711186	1.280665
7578	-744.3772	-915.6319	171.2547	1.510696	1.478433
7584	-733.0694	-905.1838	172.1144	0.9523602	1.239661
7590	-747.1158	-918.7306	171.6148	1.430843	1.257329
7596	-754.2125	-925.4325	171.22	1.437174	1.559131
7602	-745.2823	-916.9459	171.6637	1.350157	1.283555
7608	-746.6958	-918.0338	171.338	1.741581	1.228941
7614	-726.4663	-898.3439	171.8776	0.7985159	1.54517
7620	-736.0292	-907.5024	171.4732	1.389915	1.403596
7626	-739.4097	-911.2952	171.8855	1.035517	1.358185
7632	-742.4349	-913.7928	171.3579	1.724838	1.226249
7638	-745.7869	-916.9493	171.1625	1.724838	1.384758
7644	-740.4013	-911.5729	171.1716	1.662836	1.425764
7650	-738.2773	-910.5515	172.2741	0.8465232	1.193964
7656	-749.8714	-920.7873	170.9159	1.660149	1.618319
7662	-741.9721	-913.2303	171.2582	1.686156	1.339674
7668	-750.7994	-922.4454	171.646	1.315419	1.325989
7674	-748.2222	-919.3187	171.0965	1.315419	1.735286
7680	-749.943	-921.9767	172.0337	1.068056	1.210127
7686	-745.9206	-917.3003	171.3797	1.283877	1.554385
7692	-741.9839	-913.8147	171.8308	1.021537	1.411986
7698	-751.0924	-922.9232	171.8308	1.021537	1.411986
7704	-743.573	-915.1445	171.5715	1.031229	1.598972
7710	-732.8182	-904.1459	171.3277	1.452549	1.467157
7716	-737.3698	-909.3829	172.0131	1.181106	1.129323
7722	-738.985	-910.3986	171.4136	1.610889	1.274808
7728	-742.3358	-914.0359	171.7001	1.370591	1.236387
7734	-732.2423	-904.1524	171.9101	1.160627	1.236387
7740	-746.5675	-917.5613	170.9938	1.553815	1.638836
7746	-746.2591	-917.6649	171.4058	1.041371	1.710435
7752	-742.4664	-913.4169	170.9505	1.777926	1.506253
7758	-728.9246	-900.8353	171.9107	0.6957336	1.59628
7764	-745.6936	-916.2954	170.6017	2.004659	1.59628
7770	-744.0641	-914.4907	170.4266	1.859902	1.822483
7776	-734.9523	-906.9548	172.0025	0.9804931	1.30864
7782	-741.1849	-913.1191	171.9342	0.9998019	1.347922
7788	-735.7856	-907.6135	171.8278	0.7900095	1.587931
7794	-743.4798	-915.2435	171.7638	1.260783	1.274738
7800	-758.1645	-929.4979	171.3334	1.541719	1.394271
7806	-761.541	-933.1666	171.6256	0.9948534	1.586004
7812	-750.4342	-921.6596	171.2254	1.041305	1.836133
7818	-743.9196	-916.6606	172.741	0.4132901	1.164753
7824	-745.8251	-916.8361	171.011	1.722428	1.502495
7830	-751.5875	-922.8328	171.2452	1.491653	1.499884
7836	-752.3994	-923.2532	170.8538	1.900391	1.486901
7842	-756.4519	-927.0955	170.6436	1.728216	1.763361
7848	-742.3834	-914.0231	171.6398	0.7320268	1.763361
7854	-741.601	-913.0308	171.4298	1.656782	1.223018
7860	-725.333	-897.7036	172.3706	0.6520273	1.276335
7866	-743.092	-915.3794	172.2874	0.9653951	1.075756
7872	-750.4302	-921.767	171.3369	1.679186	1.281721
7878	-745.8133	-917.7855	171.9722	0.9890519	1.326138
7884	-735.2125	-906.7098	171.4973	1.142728	1.571735
7890	-739.5763	-911.5074	171.9312	1.043896	1.315054
7896	-736.7343	-907.8185	171.0842	1.709068	1.457324
7902	-749.8735	-921.6353	171.7618	1.026455	1.461092
7908	-739.7574	-911.1281	171.3707	1.331076	1.526121
7914	-727.8208	-899.675	171.8542	1.331076	1.137381
7920	-743.0094	-915.18	172.1706	0.8125945	1.308443
7926	-739.1164	-911.3176	172.2012	0.9795974	1.141341
7932	-740.8565	-912.821	171.9645	1.120434	1.22438
7938	-743.4617	-915.8628	172.401	0.8686425	1.059874
7944	-741.0197	-912.5471	171.5274	1.156396	1.539433
7950	-743.9843	-915.9196	171.9353	1.171192	1.206105
7956	-737.4936	-909.5434	172.0498	1.029809	1.22891
7962	-734.8303	-905.8827	171.0524	1.934964	1.305085
7968	-734.5028	-906.4689	171.9661	0.5303406	1.675463
7974	-738.7845	-910.5916	171.8071	1.183326	1.302629
7980	-740.8774	-912.2848	171.4074	1.565738	1.316607
7986	-738.3664	-910.2624	171.896	1.096389	1.300988
7992	-736.1535	-907.8967	171.7432	0.8089811	1.635533
7998	-736.4367	-908.6309	172.1942	0.5820969	1.470196
8004	-753.2065	-924.4788	171.2723	1.664597	1.345629
8010	-741.791	-912.2614	170.4704	1.930494	1.743032
8016	-745.7908	-917.0679	171.2771	1.642572	1.359316
8022	-750.5545	-921.2475	170.6931	1.900607	1.605527
8028	-751.708	-924.0308	172.3228	0.3419396	1.55353
8034	-753.962	-925.5338	171.5718	0.5335277	1.94581
8040	-749.2117	-920.2175	171.0058	1.805182	1.44381
8046	-741.2001	-913.272	172.0719	0.9581776	1.270213
8052	-744.9693	-917.0168	172.0475	1.049295	1.214323
8058	-744.1695	-915.7595	171.59	1.543845	1.1826
8064	-741.7506	-913.8283	172.0778	0.7379046	1.440201
8070	-753.3985	-925.1794	171.7809	1.071139	1.4122
8076	-749.106	-920.053	170.947	1.646146	1.605903
8082	-748.9893	-920.6057	171.6164	1.441592	1.247033
8088	-760.3276	-931.8732	171.5456	1.441592	1.305274
8094	-748.9132	-920.3158	171.4026	1.58455	1.305274
8100	-746.2084	-916.748	170.5396	1.821876	1.770557
8106	-749.791	-921.2968	171.5058	1.084941	1.607643
8112	-739.5598	-910.4464	170.8865	1.943495	1.429174
8118	-740.9083	-912.9241	172.0158	0.5950344	1.593079
8124	-738.5589	-910.4971	171.9382	0.8185749	1.484929
8130	-741.173	-913.2836	172.1106	0.8870785	1.296718
8136	-730.2892	-902.2742	171.985	0.9494538	1.34757
8142	-739.8481	-911.6728	171.8247	1.007993	1.427152
8148	-748.7157	-919.9579	171.2421	1.681062	1.356506
8154	-749.3525	-920.3428	170.9902	1.681062	1.548711
8160	-742.7973	-913.2281	170.4309	1.783047	1.872256
8166	-737.9689	-909.4229	171.454	1.438683	1.380527
8172	-744.7558	-916.878	172.1222	0.8548172	1.313463
8178	-742.8819	-914.4891	171.6073	1.313471	1.358451
8184	-738.5732	-910.1733	171.6001	1.454298	1.250018
8190	-741.5769	-913.4639	171.8869	1.087638	1.315453
8196	-748.6936	-920.813	172.1194	0.980664	1.211539
8202	-743.5489	-914.3191	170.7702	1.886245	1.559662
8208	-737.9011	-909.1507	171.2495	1.573175	1.434792
8214	-734.7701	-905.98	171.2099	1.573175	1.465071
8220	-742.0799	-912.9204	170.8405	1.810097	1.56396
8226	-737.8969	-908.6999	170.803	1.847629	1.56396
8232	-738.4336	-910.6982	172.2646	0.559893	1.433427
8238	-733.0496	-904.9337	171.8841	1.042776	1.353615
8244	-741.3605	-913.2475	171.8871	1.069518	1.329902
8250	-735.9023	-907.5095	171.6073	1.139004	1.492853
8256	-726.225	-897.7121	171.4871	1.515763	1.292481
8262	-727.6629	-899.8403	172.1774	0.8254742	1.292481
8268	-734.83	-905.8527	171.0227	1.879521	1.373025
8274	-737.2553	-909.058	171.8027	1.357967	1.159126
8280	-727.5411	-899.2092	171.6682	1.134557	1.450106
8286	-745.195	-917.0888	171.8938	0.7079795	1.59964
8292	-757.3145	-927.2138	169.8992	2.169422	1.970445
8298	-742.1177	-913.2423	171.1246	1.689393	1.441476
8304	-741.4684	-913.5805	172.1121	1.116913	1.097779
8310	-750.3472	-922.2606	171.9134	1.22343	1.179943
8316	-738.043	-909.8892	171.8462	0.9015362	1.491768
8322	-736.4097	-908.6707	172.261	0.4528023	1.517164
8328	-741.5665	-913.1432	171.5767	1.209403	1.462746
8334	-738.8179	-910.6084	171.7904	0.9920092	1.465529
8340	-741.7482	-912.2467	170.4985	1.954718	1.706174
8346	-750.2906	-918.2273	167.9368	2.469276	3.014307
8352	-745.5879	-914.7901	169.2022	2.246947	2.373164
8358	-757.4087	-928.0947	170.686	1.753753	1.71566
8364	-758.9855	-930.3256	171.3401	1.123181	1.699032
8370	-756.0339	-926.896	170.8621	1.60117	1.699032
8376	-752.7116	-923.7393	171.0277	1.692875	1.512089
8382	-747.2415	-919.3759	172.1344	0.9423518	1.231341
8388	-748.8248	-919.5076	170.6828	1.784257	1.696341
8394	-744.2313	-914.7348	170.5036	1.963505	1.696341
8400	-745.1249	-915.4855	170.3606	2.063812	1.726478
8406	-746.3571	-918.3771	172.0199	0.7509055	1.474312
8412	-745.4424	-917.6553	172.2129	0.882949	1.215174
8418	-746.7825	-918.9382	172.1557	0.886045	1.260551
8424	-726.6294	-898.7673	172.1379	0.9038413	1.260551
8430	-729.9232	-901.6693	171.7462	1.304202	1.253356
8436	-731.6455	-903.9119	172.2663	0.8253136	1.218712
8442	-734.439	-906.5548	172.1159	0.5645622	1.541938
8448	-733.4507	-905.2059	171.7552	1.222347	1.313066
8454	-727.7042	-898.818	171.1138	1.403073	1.660856
8460	-733.7578	-905.6879	171.9301	0.8568476	1.462097
8466	-748.1078	-920.1893	172.0815	0.6819695	1.479864
8472	-732.4025	-903.8678	171.4653	1.568176	1.267374
8478	-747.249	-918.9104	171.6614	1.397022	1.246673
8484	-749.1097	-920.6967	171.587	1.471394	1.246673
8490	-742.7144	-914.6195	171.9051	1.031164	1.346162
8496	-734.2479	-906.6794	172.4314	0.3773948	1.445424
8502	-751.0257	-922.2149	171.1892	1.828916	1.280036
8508	-740.9645	-912.6976	171.733	0.7281352	1.700534
8514	-740.3118	-910.1455	169.8337	2.167848	2.015205
8520	-756.6066	-927.1368	170.5302	2.108955	1.572357
8526	-740.0693	-910.0968	170.0275	2.340389	1.766068
8532	-735.2127	-906.796	171.5833	1.60889	1.131211
8538	-748.5233	-919.3551	170.8318	1.651999	1.684468
8544	-757.7999	-929.9898	172.1899	0.9921755	1.140175
8550	-747.0448	-919.4143	172.3695	0.7956888	1.155185
8556	-744.3147	-916.8439	172.5292	0.3918558	1.358227
8562	-743.5362	-915.2864	171.7502	1.170792	1.358227
8568	-759.8098	-931.6855	171.8758	1.161814	1.263989
8574	-759.3521	-931.1499	171.7978	1.239815	1.263989
8580	-753.0939	-924.3695	171.2756	1.783198	1.246337
8586	-744.6347	-916.2773	171.6425	1.269765	1.365102
8592	-743.462	-914.5909	171.1289	1.403304	1.649903
8598	-757.8505	-929.4116	171.5612	1.321691	1.388232
8604	-757.2553	-928.7871	171.5318	1.305751	1.423412
8610	-745.759	-918.1369	172.3779	0.4596095	1.423412
8616	-746.9715	-919.319	172.3476	0.4596095	1.446698
8622	-745.6541	-918.1568	172.5027	0.2037859	1.522616
8628	-735.4363	-907.7658	172.3295	0.3495103	1.543025
8634	-731.4087	-902.5336	171.125	1.633559	1.483606
8640	-735.9904	-908.1543	172.1639	0.9312969	1.215668
8646	-729.8	-901.3348	171.5347	1.197529	1.503368
8652	-739.4495	-910.833	171.3835	1.685473	1.237859
8658	-740.1869	-912.4405	172.2536	0.7172495	1.318415
8664	-746.0992	-917.7732	171.674	0.9049982	1.616179
8670	-736.5816	-908.0162	171.4346	1.14439	1.616179
8676	-747.749	-919.5253	171.7763	1.390954	1.153366
8682	-732.1995	-904.3562	172.1567	0.6500445	1.446986
8688	-749.0681	-921.1341	172.066	0.6859813	1.488557
8694	-759.4916	-930.6923	171.2007	1.081959	1.825131
8700	-757.1538	-928.8544	171.7006	1.093657	1.456561
8706	-748.6936	-919.9744	171.2808	1.458319	1.498221
8712	-756.1664	-926.9891	170.8227	1.726995	1.637323
8718	-749.2822	-921.2855	172.0033	0.8641481	1.40022
8724	-740.3614	-912.107	171.7456	0.8274998	1.620469
8730	-743.7937	-915.3815	171.5878	1.278046	1.401511
8736	-738.28	-908.9834	170.7034	1.997832	1.526514
8742	-735.5983	-905.6708	170.0726	2.312106	1.754352
8748	-743.8355	-914.489	170.6535	2.078836	1.503315
8754	-743.8563	-915.5763	171.72	1.303162	1.275879
8760	-746.4998	-918.2773	171.7775	1.276404	1.250415
8766	-745.3614	-917.4426	172.0812	0.7825047	1.403146
8772	-739.8607	-911.0205	171.1598	1.504587	1.553795
8778	-747.0421	-917.8585	170.8164	1.504587	1.798685
8784	-738.4155	-910.4798	172.0643	0.7333157	1.453979
8790	-745.05	-917.1395	172.0895	0.8027399	1.380912
8796	-747.1311	-918.4783	171.3472	1.528016	1.394223
8802	-753.8544	-924.8515	170.9972	1.718585	1.515703
8808	-737.6655	-908.1308	170.4653	1.896535	1.770299
8814	-733.8711	-905.324	171.4529	1.264637	1.514346
8820	-739.6721	-911.5805	171.9084	1.264637	1.148234
8826	-750.8355	-922.4544	171.6189	1.428884	1.25556
8832	-750.4125	-921.9546	171.5422	1.361435	1.371948
8838	-745.6921	-917.1394	171.4472	1.361435	1.445552
8844	-756.1708	-927.9779	171.8071	1.05144	1.407186
8850	-759.7643	-930.5922	170.8278	2.030685	1.407186
8856	-749.1723	-919.8668	170.6946	2.030685	1.508598
8862	-753.2849	-924.6313	171.3464	1.383973	1.504792
8868	-750.3075	-921.7696	171.4621	1.305382	1.47689
8874	-747.1722	-918.2473	171.0751	1.477348	1.635345
8880	-736.4405	-907.5114	171.0709	1.939381	1.286431
8886	-733.6095	-905.544	171.9346	0.9583708	1.380323
8892	-743.5116	-914.4457	170.9341	1.633593	1.624328
8898	-734.7334	-906.7368	172.0033	0.6209639	1.583217
8904	-738.6849	-910.1524	171.4675	1.533974	1.29363
8910	-741.7314	-913.563	171.8316	1.533974	0.9650444
8916	-737.3445	-908.5755	171.231	1.569634	1.451679
8922	-730.0184	-901.5187	171.5003	1.468117	1.320372
8928	-740.9139	-912.2964	171.3825	1.468117	1.413313
8934	-734.4836	-906.2539	171.7704	0.9365325	1.522311
8940	-731.0152	-902.8821	171.8669	1.380669	1.080593
8946	-734.2585	-906.0813	171.8228	0.7027765	1.654668
8952	-745.3599	-917.129	171.7691	1.11019	1.390976
8958	-740.94	-912.4094	171.4693	1.410005	1.390976
8964	-739.5899	-910.9712	171.3813	1.723346	1.207644
8970	-739.3511	-910.2977	170.9466	1.794836	1.496455
8976	-743.6166	-914.8224	171.2058	1.794836	1.294318
8982	-741.9441	-914.3131	172.369	0.8324195	1.122916
8988	-749.8324	-922.0284	172.1959	0.8324195	1.271592
8994	-746.3864	-918.5725	172.1861	0.9985933	1.13787
9000	-745.2554	-916.5632	171.3078	1.216917	1.655254
9006	-737.6612	-908.3144	170.6532	1.777379	1.722133
9012	-739.7732	-911.8499	172.0767	1.059073	1.180892
9018	-744.5771	-916.2423	171.6652	1.569587	1.092443
9024	-745.1978	-917.3851	172.1872	0.656518	1.418615
9030	-742.0328	-913.1071	171.0743	1.6808	1.486171
9036	-747.7842	-919.9935	172.2093	0.5458426	1.486171
9042	-744.5281	-916.6345	172.1064	1.158625	1.064308
9048	-728.6948	-900.4101	171.7154	1.010957	1.507802
9054	-721.1382	-891.7656	170.6274	2.006607	1.576088
9060	-740.0877	-911.3504	171.2627	1.325976	1.609144
9066	-743.1749	-914.3636	171.1887	1.646116	1.425463
9072	-758.9129	-929.5382	170.6253	2.019222	1.568385
9078	-741.2631	-912.8051	171.5421	1.453327	1.298569
9084	-753.5052	-925.7205	172.2153	0.9539783	1.151542
9090	-743.7205	-915.2284	171.5079	1.348714	1.408659
9096	-723.8757	-895.1221	171.2464	1.695587	1.34153
9102	-722.1972	-893.5686	171.3713	1.607588	1.31192
9108	-733.4282	-905.5464	172.1182	0.5145192	1.577086
9114	-729.5484	-901.4183	171.8699	1.091271	1.326203
9120	-734.059	-905.7304	171.6714	1.276916	1.336515
9126	-723.2897	-894.8462	171.5565	0.7935363	1.778481
9132	-731.9013	-904.0561	172.1548	1.116993	1.0579
9138	-731.8792	-903.5691	171.6898	1.003154	1.532634
9144	-731.5718	-902.9221	171.3503	1.713528	1.242125
9150	-729.7218	-900.7517	171.0299	1.650146	1.542215
9156	-735.1448	-906.1281	170.9833	1.634822	1.587723
9162	-738.0888	-910.0157	171.9269	0.8724674	1.452673
9168	-744.0481	-916.2875	172.2394	0.9270043	1.154107
9174	-741.3391	-912.632	171.2929	1.698633	1.301717
9180	-754.6875	-926.6388	171.9512	1.162188	1.20016
9186	-745.8566	-917.9693	172.1127	0.6843554	1.4544
9192	-740.599	-913.0926	172.4937	0.6137121	1.205341
9198	-737.6964	-909.9956	172.2991	0.5177153	1.439308
9204	-737.3441	-909.198	171.8538	0.7308034	1.612093
9210	-736.3676	-908.4299	172.0623	0.9872061	1.254134
9216	-749.9859	-921.0398	171.0539	1.872529	1.353946
9222	-741.8809	-913.3626	171.4817	1.224266	1.523017
9228	-733.1883	-904.5589	171.3707	1.630704	1.293708
9234	-727.2986	-897.7665	170.4679	2.037389	1.669161
9240	-738.5125	-909.5998	171.0874	1.658712	1.492998
9246	-734.1169	-906.0629	171.946	1.070625	1.281241
9252	-732.6864	-903.691	171.0046	1.622731	1.581003
9258	-734.9325	-905.6083	170.6757	1.971403	1.566501
9264	-739.3745	-911.0903	171.7157	1.384227	1.211657
9270	-739.518	-910.3483	170.8304	2.042494	1.396035
9276	-742.4144	-913.8978	171.4834	0.8992201	1.755794
9282	-747.9349	-919.906	171.971	0.631057	1.599408
9288	-753.1437	-924.1997	171.056	1.845552	1.373604
9294	-743.8913	-915.8813	171.99	1.006	1.298112
9300	-742.2076	-914.097	171.8895	1.006	1.378332
