Iteration	Posterior	Likelihood	Prior	tree_length
0	-223.2299	-393.5423	170.3124	3.070346
6	-227.2154	-396.2305	169.0152	3.829418
12	-209.6036	-379.0021	169.3985	3.607964
18	-210.4353	-379.6848	169.2495	3.694302
24	-202.8444	-372.1586	169.3142	3.656827
30	-202.585	-372.0006	169.4156	3.598053
36	-200.6486	-369.394	168.7454	3.984083
42	-207.1392	-374.5993	167.4601	4.710472
48	-214.6052	-382.5663	167.9611	4.429216
54	-220.8532	-388.8712	168.018	4.397106
60	-214.8737	-383.8279	168.9543	3.864411
66	-206.3743	-374.7911	168.4168	4.17134
72	-205.5276	-374.0235	168.4959	4.126401
78	-202.3214	-369.7426	167.4212	4.732226
84	-199.4698	-367.9697	168.4999	4.124092
90	-183.5726	-352.2557	168.6831	4.019686
96	-193.5698	-361.6813	168.1114	4.344359
102	-204.7122	-372.5847	167.8725	4.479114
108	-202.48	-371.9435	169.4635	3.570231
114	-203.3584	-372.8219	169.4635	3.570231
120	-211.906	-382.1128	170.2068	3.133308
126	-207.0854	-377.28	170.1946	3.140527
132	-200.2566	-369.0428	168.7862	3.960776
138	-197.2049	-366.0445	168.8396	3.930184
144	-197.0381	-365.6098	168.5717	4.083227
150	-215.2446	-384.6318	169.3872	3.614506
156	-207.077	-375.0508	167.9738	4.422024
162	-202.9251	-371.1237	168.1986	4.295094
168	-211.648	-379.8466	168.1986	4.295094
174	-202.5367	-370.9038	168.3671	4.199593
180	-210.9952	-380.2041	169.2089	3.717757
186	-207.195	-376.9388	169.7437	3.406629
192	-216.6575	-385.274	168.6165	4.057694
198	-210.3792	-378.5336	168.1543	4.320118
204	-204.7237	-374.2719	169.5482	3.520883
210	-205.0797	-374.4109	169.3311	3.647026
216	-193.5037	-362.0827	168.579	4.07907
222	-194.0823	-363.3252	169.2429	3.698102
228	-201.1048	-368.389	167.2842	4.808771
234	-190.5515	-360.2858	169.7343	3.412162
240	-191.4188	-360.765	169.3462	3.638279
246	-197.6617	-365.0002	167.3385	4.77845
252	-205.5223	-373.1971	167.6748	4.590209
258	-209.6503	-378.119	168.4687	4.141866
264	-206.9704	-376.2823	169.3119	3.658167
270	-197.6942	-365.5103	167.8161	4.510819
276	-207.7754	-375.0972	167.3218	4.787797
282	-194.8985	-364.2672	169.3687	3.625239
288	-200.2223	-370.0793	169.857	3.340167
294	-195.7263	-363.2997	167.5734	4.647064
300	-196.5033	-366.8895	170.3862	3.026201
306	-204.3176	-372.4396	168.122	4.338385
312	-200.3819	-367.5341	167.1522	4.882356
318	-206.2467	-374.243	167.9962	4.409387
324	-191.8482	-359.4237	167.5755	4.645895
330	-196.5853	-366.0883	169.503	3.547251
336	-194.0269	-363.5299	169.503	3.547251
342	-197.3568	-366.7259	169.3692	3.62498
348	-194.8405	-363.2936	168.4532	4.150683
354	-191.2769	-359.3983	168.1215	4.338685
360	-201.0383	-370.8785	169.8402	3.350039
366	-206.6527	-374.4515	167.7988	4.520551
372	-202.9569	-371.9981	169.0412	3.814412
378	-203.6693	-373.8061	170.1368	3.174877
384	-189.8565	-359.1921	169.3356	3.644437
390	-193.1089	-362.4515	169.3426	3.640378
396	-204.5822	-374.2299	169.6477	3.462807
402	-202.7842	-372.1353	169.3511	3.635484
408	-197.8572	-366.7106	168.8534	3.922303
414	-214.9279	-384.3479	169.42	3.595493
420	-217.4548	-386.8744	169.4196	3.595726
426	-210.5601	-379.9797	169.4196	3.595726
432	-212.0997	-381.0468	168.9471	3.868535
438	-204.7391	-370.6693	165.9302	5.558199
444	-198.106	-366.1386	168.0327	4.388848
450	-200.4317	-369.0694	168.6377	4.045607
456	-216.3246	-385.8468	169.5222	3.536063
462	-217.8155	-385.4969	167.6814	4.586489
468	-224.9425	-392.7064	167.7639	4.540179
474	-214.0003	-382.9615	168.9612	3.860437
480	-223.9328	-392.6462	168.7133	4.002422
486	-202.4549	-371.7794	169.3245	3.650899
492	-208.7586	-375.9163	167.1576	4.879324
498	-209.6687	-378.263	168.5943	4.070336
504	-199.1663	-366.7542	167.5879	4.63892
510	-201.0221	-370.1726	169.1506	3.751434
516	-186.5482	-355.1359	168.5877	4.074113
522	-189.4205	-357.9783	168.5578	4.091156
528	-189.7285	-357.7769	168.0484	4.379963
534	-196.6246	-366.0086	169.3841	3.616343
540	-191.1362	-359.829	168.6929	4.014112
546	-195.7779	-364.9219	169.1439	3.755249
552	-202.9391	-371.8914	168.9524	3.865502
558	-193.6777	-362.63	168.9524	3.865502
564	-206.7978	-376.5003	169.7025	3.430777
570	-203.8482	-372.788	168.9398	3.872713
576	-200.3672	-369.0551	168.6878	4.016994
582	-199.9978	-368.6856	168.6878	4.016994
588	-203.6259	-373.2949	169.6689	3.450414
594	-194.1493	-363.8182	169.6689	3.450414
600	-189.6629	-359.3721	169.7092	3.426848
606	-188.0845	-357.9738	169.8893	3.32112
612	-198.6549	-366.8933	168.2384	4.272567
618	-192.7532	-361.3597	168.6065	4.063428
624	-197.801	-366.954	169.153	3.750001
630	-184.9346	-353.8402	168.9055	3.892393
636	-185.7561	-355.7997	170.0436	3.230096
642	-194.0352	-363.7556	169.7204	3.420288
648	-202.6986	-370.054	167.3554	4.769016
654	-199.9244	-368.4824	168.558	4.091016
660	-224.8497	-392.5602	167.7105	4.570167
666	-219.1978	-386.8527	167.6548	4.601403
672	-215.5165	-382.366	166.8495	5.050625
678	-206.769	-375.3281	168.5592	4.09037
684	-203.9658	-373.2112	169.2454	3.696639
690	-210.5681	-381.7139	171.1457	2.563453
696	-202.1971	-370.4535	168.2564	4.262374
702	-214.66	-382.9163	168.2564	4.262374
708	-204.7302	-374.1708	169.4407	3.583481
714	-201.0848	-369.395	168.3102	4.231864
720	-219.7682	-388.2467	168.4785	4.136317
726	-211.8971	-380.334	168.4368	4.159976
732	-210.6343	-380.2917	169.6574	3.457174
738	-208.255	-377.6338	169.3788	3.619404
744	-209.4438	-378.356	168.9121	3.888608
750	-212.3164	-380.0567	167.7403	4.553436
756	-207.4889	-376.004	168.5151	4.115466
762	-202.1673	-371.8254	169.6581	3.456764
768	-206.2658	-375.5345	169.2688	3.683142
774	-207.6762	-376.1556	168.4795	4.135745
780	-212.7751	-381.3381	168.563	4.088202
786	-227.4194	-393.6153	166.1958	5.412034
792	-223.2601	-391.9904	168.7303	3.992722
798	-211.6911	-380.5235	168.8324	3.9343
804	-210.1494	-379.7742	169.6248	3.476235
810	-199.5386	-369.9744	170.4358	2.996438
816	-206.0102	-375.5176	169.5074	3.544682
822	-202.3089	-371.0837	168.7748	3.967262
828	-204.8764	-373.6512	168.7748	3.967262
834	-206.1025	-375.668	169.5655	3.510814
840	-207.9062	-378.0314	170.1252	3.181783
846	-212.3905	-382.5157	170.1252	3.181783
852	-222.9131	-391.524	168.6109	4.060896
858	-195.0225	-363.6334	168.6109	4.060896
864	-195.6896	-365.2346	169.5449	3.522799
870	-196.9112	-366.7205	169.8094	3.36814
876	-203.1901	-371.2326	168.0425	4.383294
882	-207.6231	-376.5793	168.9562	3.863276
888	-212.235	-381.4638	169.2288	3.70626
894	-227.4813	-397.0258	169.5444	3.523097
900	-210.6851	-378.1168	167.4317	4.726373
906	-206.1179	-374.6918	168.5739	4.081973
912	-204.48	-372.6213	168.1413	4.327465
918	-210.3591	-379.4564	169.0973	3.782152
924	-204.1313	-372.8824	168.7511	3.980821
930	-195.799	-364.2326	168.4336	4.16181
936	-191.2653	-360.8995	169.6342	3.4707
942	-217.1605	-385.2423	168.0818	4.36108
948	-226.1094	-392.4552	166.3458	5.329381
954	-211.1165	-380.0748	168.9584	3.862055
960	-207.6892	-376.4616	168.7724	3.968679
966	-202.3118	-370.4263	168.1145	4.342644
972	-206.8798	-375.3548	168.475	4.138292
978	-201.4798	-370.6182	169.1384	3.758446
984	-198.2909	-367.2959	169.005	3.835265
990	-200.0425	-369.8054	169.7629	3.395378
996	-203.793	-371.0412	167.2482	4.828838
1002	-207.4891	-375.7657	168.2766	4.250919
1008	-214.7257	-383.5354	168.8096	3.947337
1014	-210.8354	-379.7449	168.9095	3.890101
1020	-208.2411	-376.1523	167.9112	4.457318
1026	-198.4793	-366.0358	167.5565	4.656527
1032	-199.3969	-368.5687	169.1718	3.739172
1038	-199.4035	-367.9974	168.5939	4.070584
1044	-213.0477	-381.0005	167.9529	4.43384
1050	-206.7181	-376.1648	169.4467	3.579945
1056	-217.9235	-386.861	168.9375	3.874053
1062	-210.2718	-377.6358	167.364	4.764214
1068	-205.1025	-372.138	167.0355	4.947305
1074	-209.277	-379.1878	169.9108	3.308488
1080	-205.4977	-373.4953	167.9976	4.408598
1086	-212.5289	-380.6819	168.153	4.320859
1092	-198.3256	-366.6124	168.2868	4.245101
1098	-204.568	-372.6578	168.0898	4.356601
1104	-217.3563	-386.3955	169.0392	3.815574
1110	-199.8317	-369.1525	169.3208	3.653017
1116	-208.201	-376.667	168.4659	4.143441
1122	-218.7432	-386.8484	168.1052	4.347861
1128	-206.3409	-375.5086	169.1678	3.741501
1134	-203.2229	-373.1745	169.9517	3.284408
1140	-200.5276	-370.249	169.7214	3.419739
1146	-206.7229	-376.2737	169.5507	3.519415
1152	-216.7718	-386.1906	169.4188	3.596197
1158	-218.2348	-385.9334	167.6985	4.576876
1164	-202.6556	-371.3042	168.6485	4.039419
1170	-213.0771	-381.0227	167.9456	4.437945
1176	-202.4255	-370.4185	167.993	4.411194
1182	-205.084	-372.8943	167.8103	4.514079
1188	-199.7863	-368.6367	168.8504	3.923994
1194	-200.808	-369.3967	168.5887	4.073558
1200	-200.9696	-370.7696	169.8	3.37364
1206	-201.2973	-369.975	168.6776	4.022813
1212	-200.8149	-369.8428	169.0279	3.82209
1218	-198.6045	-367.6324	169.0279	3.82209
1224	-193.3122	-363.4628	170.1506	3.16667
1230	-199.7704	-367.2718	167.5014	4.687394
1236	-204.2723	-373.1229	168.8505	3.923931
1242	-206.4367	-375.7983	169.3616	3.629399
1248	-200.9985	-369.9661	168.9676	3.856775
1254	-202.3792	-370.0953	167.7161	4.567011
1260	-203.3937	-372.8737	169.48	3.560606
1266	-198.6744	-366.9976	168.3231	4.224537
1272	-196.8998	-366.0788	169.1789	3.735048
1278	-199.1869	-368.6759	169.4891	3.555323
1284	-208.6781	-378.228	169.5499	3.519928
1290	-204.554	-373.9393	169.3853	3.615629
1296	-207.5597	-375.7909	168.2312	4.276599
1302	-203.7271	-372.2756	168.5485	4.096464
1308	-210.1939	-378.501	168.307	4.23365
1314	-198.2825	-366.5895	168.307	4.23365
1320	-211.1897	-381.6206	170.4309	2.9994
1326	-206.4151	-375.0535	168.6384	4.045221
1332	-210.9596	-378.8184	167.8588	4.486818
1338	-216.4629	-383.421	166.9581	4.990335
1344	-212.2281	-381.1799	168.9518	3.865829
1350	-202.5034	-371.3499	168.8465	3.926212
1356	-199.0328	-368.6773	169.6445	3.464684
1362	-204.2947	-373.2415	168.9468	3.868687
1368	-199.7112	-366.7525	167.0412	4.944131
1374	-200.577	-369.6476	169.0706	3.797513
1380	-196.9352	-366.4023	169.4672	3.568078
1386	-197.8833	-367.372	169.4886	3.555594
1392	-203.6291	-372.3837	168.7547	3.978803
1398	-206.6346	-374.1915	167.5569	4.65628
1404	-193.8119	-363.7912	169.9793	3.268082
1410	-196.7229	-365.5138	168.7908	3.958112
1416	-202.8006	-372.1185	169.3179	3.65468
1422	-194.0429	-364.0382	169.9953	3.258621
1428	-196.3876	-365.2176	168.83	3.935662
1434	-201.0199	-370.0261	169.0062	3.834576
1440	-216.3131	-384.3378	168.0246	4.393375
1446	-213.5052	-381.5298	168.0246	4.393375
1452	-201.4167	-370.6925	169.2757	3.679104
1458	-209.5931	-378.9628	169.3697	3.624688
1464	-207.3124	-377.2024	169.89	3.320722
1470	-213.1195	-383.1021	169.9825	3.266183
1476	-212.6578	-380.9554	168.2977	4.238972
1482	-206.0269	-376.3705	170.3436	3.051694
1488	-217.6498	-386.9246	169.2748	3.679631
1494	-215.7427	-384.5216	168.7789	3.964925
1500	-209.6898	-378.5862	168.8964	3.897627
1506	-200.8766	-369.5408	168.6642	4.030477
1512	-209.6238	-378.8647	169.2409	3.699245
1518	-212.9357	-381.1396	168.2039	4.29209
1524	-218.2104	-385.6384	167.4279	4.728469
1530	-203.3982	-371.1713	167.7731	4.535024
1536	-198.0229	-365.2168	167.194	4.859077
1542	-203.9344	-370.4272	166.4929	5.248135
1548	-202.7717	-370.9324	168.1607	4.316531
1554	-213.3109	-382.6459	169.335	3.644778
1560	-205.42	-374.7889	169.3689	3.625124
1566	-205.6317	-375.5943	169.9626	3.277967
1572	-206.0844	-374.8515	168.7671	3.971666
1578	-198.6383	-368.2381	169.5998	3.490793
1584	-195.9211	-364.3382	168.4171	4.171172
1590	-191.8817	-360.2251	168.3434	4.21301
1596	-196.4515	-366.0028	169.5512	3.519126
1602	-187.3774	-357.3798	170.0024	3.254437
1608	-200.6994	-370.2914	169.592	3.495341
1614	-198.3383	-367.6273	169.289	3.67141
1620	-199.6101	-368.6434	169.0333	3.819006
1626	-194.2225	-362.168	167.9455	4.438003
1632	-203.4214	-372.039	168.6177	4.05704
1638	-209.182	-377.4236	168.2415	4.270764
1644	-208.3646	-377.2989	168.9343	3.875899
1650	-198.0791	-366.8585	168.7793	3.96468
1656	-213.1487	-382.8264	169.6777	3.445305
1662	-201.5914	-370.6777	169.0863	3.788473
1668	-206.2794	-374.5561	168.2767	4.250864
1674	-198.6589	-367.1959	168.537	4.10301
1680	-197.0215	-366.5927	169.5712	3.507519
1686	-197.5871	-367.1184	169.5313	3.530759
1692	-217.0991	-385.1571	168.058	4.374523
1698	-204.1619	-372.0932	167.9313	4.445995
1704	-209.2283	-377.746	168.5176	4.114029
1710	-200.5461	-370.3566	169.8105	3.367448
1716	-203.5567	-373.5413	169.9846	3.26499
1722	-207.3439	-375.5328	168.1888	4.300598
1728	-214.9097	-384.5569	169.6472	3.463142
1734	-197.0867	-366.1899	169.1032	3.778739
1740	-211.9586	-380.9612	169.0026	3.836625
1746	-215.9093	-384.912	169.0026	3.836625
1752	-209.5852	-376.7752	167.19	4.861309
1758	-208.3051	-376.7078	168.4027	4.179364
1764	-203.7827	-373.2622	169.4795	3.56091
1770	-204.0266	-372.7854	168.7589	3.976405
1776	-206.7519	-376.5238	169.7719	3.390135
1782	-203.0951	-371.5378	168.4427	4.156628
1788	-200.607	-370.5275	169.9205	3.302771
1794	-205.9005	-374.6278	168.7273	3.994423
1800	-206.422	-375.5494	169.1273	3.764829
1806	-205.2731	-374.7616	169.4885	3.555687
1812	-204.363	-374.1396	169.7766	3.387379
1818	-201.5595	-371.3361	169.7766	3.387379
1824	-202.048	-371.6981	169.6501	3.461436
1830	-197.5202	-366.7937	169.2735	3.680428
1836	-199.7897	-367.5875	167.7979	4.521074
1842	-196.8609	-365.365	168.5041	4.121719
1848	-198.7386	-367.7119	168.9733	3.85348
1854	-192.3782	-361.8967	169.5185	3.538193
1860	-200.792	-368.8947	168.1027	4.349296
1866	-231.2496	-400.6664	169.4168	3.597362
1872	-221.1226	-389.7538	168.6312	4.049325
1878	-207.1416	-377.2528	170.1113	3.190021
1884	-209.7927	-379.0253	169.2326	3.704069
1890	-208.57	-378.0458	169.4758	3.563051
1896	-208.8177	-376.8118	167.9941	4.410572
1902	-213.1578	-381.8318	168.674	4.024904
1908	-219.3243	-388.6748	169.3506	3.635776
1914	-202.6094	-370.8498	168.2404	4.271419
1920	-209.2249	-378.5972	169.3724	3.623117
1926	-193.7451	-362.4859	168.7409	3.98669
1932	-203.8655	-372.6699	168.8044	3.950365
1938	-210.7556	-378.4992	167.7436	4.551575
1944	-195.795	-365.1973	169.4023	3.605747
1950	-204.4269	-373.8299	169.403	3.60535
1956	-207.483	-377.0123	169.5293	3.531904
1962	-210.1952	-379.7148	169.5196	3.537567
1968	-201.5016	-370.2852	168.7836	3.962263
1974	-214.198	-382.7916	168.5936	4.070777
1980	-207.9783	-378.1178	170.1395	3.173245
1986	-198.8542	-369.0055	170.1513	3.166264
1992	-195.3619	-364.001	168.6391	4.044824
1998	-204.0507	-373.2448	169.1942	3.726267
2004	-211.0781	-379.8167	168.7387	3.987946
2010	-214.714	-383.0487	168.3346	4.217999
2016	-207.392	-377.1139	169.722	3.419395
2022	-214.9253	-382.8975	167.9723	4.422913
2028	-203.3281	-372.709	169.3809	3.618199
2034	-189.1554	-358.5362	169.3809	3.618199
2040	-201.5246	-370.6611	169.1366	3.759508
2046	-204.2654	-373.5585	169.2931	3.669037
2052	-197.5654	-367.7069	170.1415	3.172098
2058	-207.1919	-375.9564	168.7645	3.973154
2064	-197.5803	-365.7417	168.1614	4.316092
2070	-206.7803	-375.8518	169.0716	3.796967
2076	-200.4043	-369.0405	168.6361	4.046492
2082	-200.3723	-369.9291	169.5567	3.515926
2088	-207.4129	-376.9024	169.4896	3.555048
2094	-206.0315	-375.7559	169.7244	3.417992
2100	-197.7562	-367.4883	169.732	3.413498
2106	-204.5007	-374.2327	169.732	3.413498
2112	-208.859	-378.6779	169.8189	3.362545
2118	-205.5428	-375.0147	169.4719	3.565335
2124	-194.514	-364.1034	169.5894	3.496888
2130	-196.2515	-365.8409	169.5894	3.496888
2136	-203.0866	-374.0084	170.9218	2.701681
2142	-199.3067	-366.7908	167.4841	4.697044
2148	-196.9665	-366.3344	169.3679	3.625697
2154	-202.3754	-368.9237	166.5483	5.217513
2160	-200.9055	-368.5935	167.688	4.582772
2166	-201.2508	-367.8501	166.5993	5.189288
2172	-192.5028	-362.2011	169.6983	3.433219
2178	-195.3801	-364.0535	168.6734	4.025221
2184	-204.1205	-372.6778	168.5573	4.091439
2190	-205.0721	-374.6247	169.5526	3.518358
2196	-200.0371	-369.2235	169.1864	3.730756
2202	-203.8932	-373.2435	169.3502	3.635967
2208	-191.2104	-359.2482	168.0379	4.385909
2214	-212.6579	-378.6878	166.03	5.503344
2220	-206.6404	-373.9302	167.2897	4.805664
2226	-207.0975	-376.2955	169.198	3.724069
2232	-206.6359	-375.6975	169.0616	3.8027
2238	-217.7271	-386.5965	168.8695	3.913061
2244	-206.5169	-374.953	168.4361	4.160405
2250	-210.0502	-378.5314	168.4812	4.134746
2256	-200.3062	-370.156	169.8498	3.344373
2262	-205.3792	-372.642	167.2628	4.820678
2268	-205.4293	-373.5633	168.134	4.33161
2274	-214.9289	-383.6164	168.6875	4.017172
2280	-202.4712	-369.7941	167.3228	4.7872
2286	-201.7519	-370.65	168.8981	3.896641
2292	-203.917	-372.7448	168.8278	3.936915
2298	-200.9749	-369.3893	168.4144	4.172737
2304	-193.1674	-363.7253	170.5579	2.923003
2310	-193.3503	-361.3803	168.03	4.39034
2316	-198.7849	-368.4702	169.6853	3.440875
2322	-188.5359	-358.1881	169.6521	3.460256
2328	-198.2348	-366.503	168.2682	4.255664
2334	-209.3981	-379.2423	169.8443	3.347641
2340	-195.7004	-364.4822	168.7818	3.963276
2346	-192.6558	-362.8542	170.1984	3.13829
2352	-196.4469	-365.4353	168.9883	3.844833
2358	-189.1501	-357.345	168.195	4.29713
2364	-189.1138	-358.6236	169.5098	3.543284
2370	-191.9088	-362.0544	170.1455	3.169682
2376	-198.9611	-368.3543	169.3932	3.611021
2382	-189.5357	-359.3411	169.8054	3.370476
2388	-196.868	-365.6713	168.8033	3.950974
2394	-203.4133	-371.2373	167.824	4.506368
2400	-205.1791	-374.4596	169.2805	3.676368
2406	-188.0484	-356.9111	168.8627	3.916923
2412	-196.5864	-366.7799	170.1935	3.141221
2418	-197.5017	-366.5453	169.0436	3.813062
2424	-209.0636	-378.6862	169.6226	3.477497
2430	-210.9886	-379.3102	168.3217	4.225365
2436	-206.0002	-374.48	168.4798	4.135537
2442	-193.5638	-362.2865	168.7227	3.997075
2448	-204.8247	-373.1497	168.325	4.223463
2454	-207.1705	-376.6777	169.5072	3.544765
2460	-206.4321	-375.6805	169.2484	3.694943
2466	-194.4773	-364.1754	169.698	3.433395
2472	-199.1164	-368.4294	169.313	3.65753
2478	-195.468	-364.781	169.313	3.65753
2484	-213.8262	-381.0934	167.2672	4.818246
2490	-207.7742	-376.6813	168.9071	3.891471
2496	-209.1574	-378.0646	168.9071	3.891471
2502	-207.9831	-376.8903	168.9071	3.891471
2508	-195.3483	-363.8717	168.5234	4.110744
2514	-202.0415	-372.0387	169.9972	3.257535
2520	-201.3544	-369.479	168.1247	4.336887
2526	-207.5713	-377.934	170.3627	3.040281
2532	-226.3946	-394.6146	168.22	4.282952
2538	-227.6423	-395.7345	168.0922	4.355256
2544	-210.513	-379.8518	169.3388	3.642594
2550	-212.7618	-381.8974	169.1356	3.760052
2556	-205.0287	-373.7096	168.6809	4.020947
2562	-203.7761	-372.457	168.6809	4.020947
2568	-209.2432	-377.1108	167.8675	4.481899
2574	-197.0562	-365.9696	168.9134	3.887876
2580	-210.2901	-378.3271	168.037	4.386411
2586	-225.1461	-392.732	167.586	4.640011
2592	-220.1626	-388.593	168.4305	4.163607
2598	-213.1532	-381.5485	168.3954	4.183541
2604	-208.1701	-377.2397	169.0696	3.798094
2610	-198.9459	-367.7926	168.8467	3.92614
2616	-204.9317	-373.2195	168.2878	4.244576
2622	-212.9176	-382.4394	169.5219	3.536249
2628	-221.6671	-391.1005	169.4334	3.587677
2634	-209.0885	-378.6852	169.5967	3.492622
2640	-207.9674	-377.1678	169.2004	3.722661
2646	-220.1474	-390.7535	170.6061	2.89388
2652	-198.5867	-367.593	169.0063	3.834525
2658	-207.4071	-376.1763	168.7692	3.970489
2664	-208.5269	-376.6145	168.0876	4.357815
2670	-201.3884	-369.8798	168.4914	4.128965
2676	-210.2743	-379.0775	168.8032	3.951035
2682	-199.3419	-367.4617	168.1198	4.339625
2688	-199.3579	-369.478	170.1201	3.184799
2694	-205.2793	-374.5429	169.2636	3.686133
2700	-198.3778	-367.6648	169.287	3.67257
2706	-206.9323	-374.9717	168.0393	4.385086
2712	-197.7147	-366.5882	168.8735	3.910762
2718	-202.0509	-371.2309	169.18	3.73443
2724	-207.2667	-376.3006	169.0339	3.818622
2730	-215.9323	-385.3356	169.4034	3.605147
2736	-220.5376	-391.057	170.5194	2.946223
2742	-205.5915	-374.0249	168.4334	4.161903
2748	-200.3464	-368.8128	168.4665	4.143118
2754	-213.2818	-381.7171	168.4353	4.160838
2760	-201.1681	-369.6035	168.4353	4.160838
2766	-203.845	-372.8528	169.0078	3.83364
2772	-199.7114	-367.9952	168.2838	4.246841
2778	-194.0426	-362.2823	168.2397	4.27183
2784	-196.7608	-364.4426	167.6818	4.586266
2790	-196.8839	-367.2259	170.342	3.052664
2796	-201.6257	-371.133	169.5073	3.544747
2802	-207.2821	-376.7894	169.5073	3.544747
2808	-207.7776	-376.9565	169.179	3.735045
2814	-205.4735	-374.4453	168.9718	3.854319
2820	-202.8931	-372.1709	169.2778	3.677917
2826	-201.2358	-370.5136	169.2778	3.677917
2832	-197.9743	-366.5471	168.5727	4.082639
2838	-212.1362	-381.2593	169.1231	3.767291
2844	-206.0023	-373.5999	167.5976	4.633478
2850	-214.8817	-384.371	169.4894	3.555166
2856	-204.9577	-373.6651	168.7074	4.005816
2862	-215.6067	-384.4897	168.883	3.905318
2868	-203.5075	-371.658	168.1505	4.322278
2874	-204.3156	-373.259	168.9434	3.870664
2880	-212.6228	-381.5662	168.9434	3.870664
2886	-206.3079	-374.9365	168.6286	4.050806
2892	-214.2827	-382.4936	168.211	4.288083
2898	-205.4041	-373.9574	168.5533	4.09371
2904	-213.7264	-381.9226	168.1963	4.296401
2910	-203.0856	-374.0025	170.9169	2.704671
2916	-209.036	-377.9609	168.9249	3.881254
2922	-207.7092	-376.6697	168.9605	3.860844
2928	-207.7943	-377.9152	170.1209	3.184293
2934	-202.4734	-371.9162	169.4427	3.582282
2940	-198.7982	-367.9714	169.1732	3.738349
2946	-207.9865	-376.0098	168.0233	4.39415
2952	-211.9786	-379.7579	167.7793	4.531498
2958	-197.3084	-365.315	168.0066	4.403573
2964	-193.3581	-362.4224	169.0643	3.801146
2970	-208.0897	-377.2594	169.1697	3.740379
2976	-198.2772	-366.529	168.2518	4.264966
2982	-209.3097	-379.3889	170.0793	3.208977
2988	-201.4136	-370.9584	169.5449	3.522825
2994	-203.796	-372.021	168.225	4.280133
3000	-192.7597	-361.9832	169.2234	3.709363
3006	-184.7667	-352.8696	168.103	4.349148
3012	-192.7163	-360.8193	168.103	4.349148
3018	-194.2429	-362.2598	168.0169	4.397748
3024	-200.1749	-368.4413	168.2664	4.256702
3030	-198.1626	-366.8529	168.6904	4.01554
3036	-198.8841	-368.2171	169.333	3.645964
3042	-206.135	-373.3348	167.1998	4.855836
3048	-208.4618	-376.5616	168.0998	4.350928
3054	-219.0096	-388.0584	169.0488	3.810038
3060	-211.1751	-380.545	169.37	3.624523
3066	-216.0797	-385.7487	169.669	3.450396
3072	-208.4421	-375.9382	167.4962	4.690307
3078	-205.8693	-375.2346	169.3653	3.627224
3084	-204.856	-374.6186	169.7626	3.395594
3090	-203.3879	-371.8388	168.4509	4.151959
3096	-200.879	-369.6112	168.7323	3.991596
3102	-192.5433	-361.2755	168.7323	3.991596
3108	-206.6969	-375.3937	168.6968	4.011885
3114	-194.4435	-364.7328	170.2893	3.08412
3120	-192.3762	-361.4696	169.0934	3.784399
3126	-202.3966	-371.2967	168.9001	3.895501
3132	-198.8526	-368.1014	169.2488	3.694701
3138	-194.2432	-362.9974	168.7543	3.979021
3144	-192.471	-359.6287	167.1577	4.879291
3150	-195.9991	-364.3077	168.3086	4.232757
3156	-204.4607	-373.7933	169.3326	3.64619
3162	-210.5489	-379.9103	169.3614	3.629464
3168	-204.8692	-374.2364	169.3673	3.626074
3174	-214.5037	-384.6581	170.1544	3.164437
3180	-209.1392	-377.3424	168.2032	4.292484
3186	-201.4366	-369.6398	168.2032	4.292484
3192	-209.4798	-378.7164	169.2366	3.701715
3198	-214.1443	-382.4187	168.2744	4.252169
3204	-223.5102	-392.4958	168.9856	3.846393
3210	-195.8627	-365.6921	169.8294	3.356397
3216	-203.3769	-371.9891	168.6122	4.060155
3222	-196.3855	-364.9977	168.6122	4.060155
3228	-216.2435	-383.9373	167.6938	4.579532
3234	-199.231	-368.8243	169.5933	3.494622
3240	-196.9043	-365.9645	169.0602	3.803519
3246	-196.3217	-364.3429	168.0212	4.395286
3252	-202.7463	-371.333	168.5867	4.074683
3258	-217.0885	-385.6752	168.5867	4.074683
3264	-202.3785	-371.2994	168.921	3.883538
3270	-211.9143	-380.8804	168.9661	3.857611
3276	-199.232	-367.5867	168.3548	4.20657
3282	-208.5683	-378.0219	169.4536	3.575982
3288	-201.7159	-371.3778	169.6619	3.454527
3294	-198.2177	-365.7592	167.5415	4.664934
3300	-194.8503	-363.6339	168.7836	3.962263
3306	-198.5277	-366.9257	168.398	4.182039
3312	-210.1685	-377.6279	167.4594	4.710878
3318	-196.6771	-365.6797	169.0025	3.836676
3324	-200.2446	-369.3516	169.1071	3.776497
3330	-199.6381	-368.7617	169.1236	3.76697
3336	-205.6402	-374.699	169.0588	3.804286
3342	-201.5771	-369.5455	167.9684	4.425084
3348	-199.3419	-369.6179	170.276	3.092063
3354	-197.3771	-365.2106	167.8335	4.501026
3360	-197.8628	-367.257	169.3942	3.610455
3366	-203.3004	-371.0852	167.7848	4.528456
3372	-197.5224	-367.4715	169.9491	3.285918
3378	-199.7934	-368.6686	168.8753	3.909753
3384	-198.0195	-367.3113	169.2918	3.669801
3390	-212.0553	-381.031	168.9757	3.852087
3396	-198.0915	-367.0165	168.9249	3.881255
3402	-209.7719	-378.6969	168.9249	3.881255
3408	-209.0421	-377.967	168.9249	3.881255
3414	-201.1927	-368.9602	167.7674	4.538196
3420	-198.7785	-368.8802	170.1017	3.195694
3426	-200.4306	-368.8604	168.4297	4.164012
3432	-212.7192	-382.7543	170.0351	3.235153
3438	-208.0056	-377.5074	169.5018	3.547948
3444	-210.0078	-379.6414	169.6336	3.471071
3450	-208.971	-377.5208	168.5498	4.095704
3456	-213.5974	-381.4956	167.8982	4.464622
3462	-202.347	-371.5803	169.2333	3.70364
3468	-200.7293	-369.5873	168.858	3.919636
3474	-193.1885	-362.2728	169.0843	3.789633
3480	-200.8896	-369.8561	168.9665	3.857394
3486	-205.106	-374.0855	168.9795	3.849929
3492	-205.9305	-375.1585	169.228	3.7067
3498	-200.8263	-369.6873	168.861	3.917942
3504	-201.8416	-372.0763	170.2347	3.116675
3510	-207.8927	-377.6384	169.7457	3.405467
3516	-204.7106	-372.2374	167.5269	4.673116
3522	-188.8436	-358.3789	169.5353	3.528392
3528	-197.2277	-366.9823	169.7546	3.400296
3534	-217.6183	-383.7097	166.0914	5.469546
3540	-201.4577	-370.2478	168.7901	3.958525
3546	-219.1531	-387.9303	168.7772	3.965935
3552	-216.879	-386.0497	169.1707	3.739795
3558	-202.0558	-371.2266	169.1707	3.739795
3564	-194.8207	-364.0412	169.2204	3.711079
3570	-205.7452	-375.4373	169.6921	3.436895
3576	-208.0834	-376.3482	168.2648	4.257574
3582	-199.0588	-368.7907	169.7319	3.413564
3588	-201.7952	-371.0855	169.2903	3.670652
3594	-202.736	-372.0264	169.2903	3.670652
3600	-197.2181	-366.5178	169.2996	3.665282
3606	-210.9945	-379.8615	168.867	3.914469
3612	-208.0476	-375.7904	167.7428	4.552053
3618	-198.6947	-366.308	167.6132	4.624726
3624	-207.642	-376.7359	169.0939	3.784092
3630	-208.4049	-377.4298	169.0249	3.823818
3636	-206.1115	-374.4771	168.3655	4.200469
3642	-218.561	-389.2888	170.7278	2.820124
3648	-211.4679	-379.4513	167.9834	4.41663
3654	-205.1061	-373.4938	168.3877	4.187911
3660	-213.46	-382.844	169.384	3.616357
3666	-199.5825	-367.7858	168.2033	4.292412
3672	-206.8714	-376.0365	169.1651	3.743067
3678	-208.4183	-377.673	169.2547	3.691264
3684	-198.646	-368.2859	169.6399	3.46739
3690	-201.3149	-369.7518	168.4369	4.15993
3696	-207.2531	-377.6312	170.3781	3.031031
3702	-193.8719	-362.9313	169.0594	3.80399
3708	-197.8034	-366.8628	169.0594	3.80399
3714	-191.6945	-359.8587	168.1642	4.314548
3720	-210.5264	-379.359	168.8326	3.934208
3726	-213.2975	-382.7457	169.4482	3.579104
3732	-213.6589	-381.3317	167.6728	4.591301
3738	-222.4453	-391.115	168.6697	4.027341
3744	-217.7903	-384.9778	167.1876	4.862657
3750	-213.7597	-381.0659	167.3062	4.79648
3756	-212.0328	-380.956	168.9232	3.88224
3762	-201.0791	-370.527	169.4479	3.579257
3768	-207.9208	-376.7177	168.7969	3.954638
3774	-193.7749	-362.9025	169.1276	3.76469
3780	-190.9728	-359.7791	168.8063	3.949249
3786	-196.6198	-365.3984	168.7786	3.965109
3792	-193.8157	-361.5946	167.7789	4.531726
3798	-206.4947	-375.642	169.1474	3.753265
3804	-212.9203	-382.9421	170.0218	3.242963
3810	-204.9984	-373.9535	168.9551	3.863938
3816	-203.8378	-372.5221	168.6844	4.018974
3822	-203.8945	-372.5043	168.6098	4.061516
3828	-198.3077	-367.6061	169.2984	3.665982
3834	-215.4083	-384.0808	168.6724	4.025785
3840	-206.4356	-375.6187	169.1831	3.732631
3846	-204.4337	-373.5418	169.1082	3.775878
3852	-205.9949	-373.762	167.7671	4.538383
3858	-221.3846	-390.9619	169.5773	3.50394
3864	-217.6467	-386.8512	169.2044	3.720343
3870	-220.7121	-389.304	168.5919	4.071721
3876	-228.2402	-397.0054	168.7653	3.972744
3882	-221.0464	-389.8116	168.7653	3.972744
3888	-217.9471	-386.3825	168.4353	4.160839
3894	-204.4371	-373.0965	168.6594	4.033231
3900	-198.3632	-367.8226	169.4594	3.572588
3906	-203.5406	-372.4813	168.9407	3.87223
3912	-203.9226	-372.8632	168.9407	3.87223
3918	-196.4078	-366.429	170.0212	3.24337
3924	-204.928	-374.42	169.492	3.553629
3930	-198.3741	-368.9738	170.5997	2.897758
3936	-195.0809	-364.5634	169.4825	3.559151
3942	-200.5817	-368.3129	167.7311	4.55858
3948	-201.8632	-370.176	168.3128	4.230375
3954	-201.8252	-370.0218	168.1966	4.29618
3960	-199.5055	-367.6574	168.1518	4.321521
3966	-203.421	-370.5019	167.0809	4.922062
3972	-194.8284	-363.8292	169.0008	3.837666
3978	-203.5187	-373.5018	169.9831	3.265858
3984	-204.852	-374.8351	169.9831	3.265858
3990	-200.2774	-370.2723	169.9949	3.258911
3996	-194.8344	-363.6336	168.7991	3.953361
4002	-197.0084	-365.0734	168.065	4.370594
4008	-202.7132	-371.729	169.0158	3.82905
4014	-206.6998	-375.0729	168.3731	4.196171
4020	-194.5341	-363.4681	168.9339	3.876086
4026	-199.7938	-368.638	168.8442	3.927567
4032	-192.6047	-360.5099	167.9052	4.460694
4038	-200.1701	-369.6453	169.4752	3.563421
4044	-205.9214	-375.9501	170.0287	3.238903
4050	-213.4402	-383.6761	170.2359	3.115946
4056	-209.1435	-376.7389	167.5954	4.634751
4062	-208.4451	-376.4467	168.0015	4.4064
4068	-201.4386	-369.661	168.2224	4.281606
4074	-191.8008	-360.9085	169.1077	3.776117
4080	-196.6025	-366.2309	169.6284	3.474107
4086	-197.4806	-367.109	169.6284	3.474107
4092	-197.5842	-366.9824	169.3982	3.608132
4098	-201.2344	-370.3345	169.1001	3.780511
4104	-206.8072	-374.1341	167.3269	4.784944
4110	-194.3009	-362.6137	168.3128	4.230384
4116	-215.9925	-384.564	168.5715	4.083376
4122	-222.2576	-391.8536	169.596	3.493037
4128	-219.7683	-388.9064	169.1381	3.758612
4134	-203.1374	-372.5475	169.4101	3.601228
4140	-194.2314	-363.0228	168.7915	3.957748
4146	-195.0023	-364.2913	169.2891	3.671388
4152	-193.5745	-363.4045	169.83	3.356024
4158	-202.5852	-372.873	170.2878	3.085008
4164	-218.1133	-387.8351	169.7218	3.419515
4170	-212.3034	-381.0466	168.7432	3.985346
4176	-214.7382	-383.7915	169.0534	3.807444
4182	-212.8134	-381.6482	168.8349	3.932904
4188	-216.421	-384.5794	168.1584	4.317807
4194	-225.2208	-391.9392	166.7183	5.123383
4200	-208.9627	-377.2776	168.3149	4.229219
4206	-209.5523	-377.7127	168.1604	4.316678
4212	-212.8398	-381.5798	168.74	3.98719
4218	-218.7599	-387.5576	168.7977	3.954158
4224	-202.8504	-372.2379	169.3875	3.61432
4230	-215.7311	-384.4937	168.7626	3.974233
4236	-211.0199	-379.6079	168.588	4.073952
4242	-217.8625	-386.4693	168.6067	4.063278
4248	-206.8806	-375.3627	168.4821	4.134258
4254	-217.704	-385.8467	168.1427	4.326677
4260	-211.3202	-378.8816	167.5614	4.653771
4266	-201.0507	-369.8165	168.7658	3.972443
4272	-200.46	-369.6956	169.2356	3.702297
4278	-199.9254	-368.3291	168.4038	4.178768
4284	-209.2272	-377.1449	167.9177	4.453674
4290	-209.2198	-377.9531	168.7332	3.991066
4296	-194.8234	-364.0976	169.2741	3.680052
4302	-198.1973	-367.2379	169.0407	3.814738
4308	-200.67	-369.5198	168.8498	3.924334
4314	-194.5067	-363.5678	169.0611	3.803009
4320	-192.0507	-361.474	169.4233	3.593547
4326	-205.0639	-372.953	167.8891	4.469736
4332	-202.0858	-371.2042	169.1184	3.769948
4338	-208.5108	-375.9478	167.437	4.723424
4344	-204.699	-372.1938	167.4948	4.691049
4350	-203.7663	-372.1882	168.4219	4.168448
4356	-202.6189	-372.4644	169.8455	3.346895
4362	-208.5151	-378.4257	169.9106	3.308604
4368	-204.1323	-371.5948	167.4624	4.709185
4374	-202.8438	-371.7602	168.9164	3.886176
4380	-194.5392	-363.4555	168.9164	3.886176
4386	-199.6662	-369.1654	169.4991	3.549473
4392	-201.9794	-371.4785	169.4991	3.549473
4398	-200.5183	-369.3283	168.81	3.94713
4404	-200.4294	-369.7432	169.3138	3.657073
4410	-202.3512	-371.8438	169.4926	3.553281
4416	-206.0543	-373.0822	167.0279	4.951546
4422	-208.5762	-376.8358	168.2596	4.260548
4428	-201.899	-369.3908	167.4918	4.692763
4434	-189.8704	-360.2903	170.4199	3.005976
4440	-199.502	-370.3655	170.8635	2.737378
4446	-193.5313	-360.9855	167.4542	4.713766
4452	-203.0133	-372.4955	169.4823	3.559289
4458	-210.5993	-379.0504	168.4511	4.15188
4464	-206.4062	-372.6534	166.2472	5.383728
4470	-209.5237	-378.2589	168.7352	3.989951
4476	-209.1635	-376.7568	167.5933	4.635924
4482	-217.1845	-385.1349	167.9504	4.43525
4488	-222.1844	-389.7745	167.5901	4.637704
4494	-229.2897	-397.1166	167.8269	4.504733
4500	-217.6257	-384.1871	166.5614	5.21023
4506	-215.5981	-383.737	168.1389	4.328831
4512	-213.9107	-382.0497	168.1389	4.328831
4518	-216.9252	-384.3627	167.4375	4.723101
4524	-208.9934	-376.1725	167.179	4.867399
4530	-203.9285	-372.7977	168.8692	3.913219
4536	-200.0942	-369.9756	169.8815	3.325753
4542	-199.6774	-369.4136	169.7362	3.411038
4548	-193.5544	-361.8303	168.2758	4.251335
4554	-194.5622	-362.838	168.2758	4.251335
4560	-202.2177	-370.6886	168.471	4.140573
4566	-197.4295	-366.8184	169.3889	3.613544
4572	-197.636	-367.1833	169.5473	3.521399
4578	-196.0148	-365.5622	169.5473	3.521399
4584	-190.047	-359.3886	169.3417	3.640932
4590	-205.2672	-374.6088	169.3417	3.640932
4596	-206.3644	-375.8091	169.4447	3.581126
4602	-202.3146	-370.3801	168.0656	4.370271
4608	-199.7297	-368.4682	168.7385	3.988066
4614	-201.8814	-369.5402	167.6588	4.599193
4620	-206.9768	-376.5788	169.602	3.489525
4626	-206.4488	-374.4967	168.0479	4.380252
4632	-198.9944	-368.1812	169.1868	3.730516
4638	-201.6807	-369.9921	168.3113	4.231234
4644	-201.8289	-370.2936	168.4647	4.144146
4650	-194.879	-363.2485	168.3694	4.19827
4656	-195.0595	-364.8802	169.8207	3.361498
4662	-197.1638	-366.5804	169.4166	3.597467
4668	-207.9442	-376.3709	168.4267	4.165735
4674	-199.779	-369.5333	169.7543	3.400452
4680	-192.8483	-361.9907	169.1424	3.756131
4686	-202.2841	-372.0173	169.7332	3.41282
4692	-194.3369	-363.4216	169.0847	3.789373
4698	-190.2254	-358.9528	168.7275	3.994343
4704	-191.3445	-360.458	169.1135	3.772824
4710	-195.2362	-364.2544	169.0182	3.827665
4716	-195.7759	-365.7077	169.9318	3.296142
4722	-197.479	-367.4107	169.9318	3.296142
4728	-197.9378	-366.5565	168.6187	4.056441
4734	-209.5765	-378.8038	169.2274	3.707087
4740	-207.8618	-376.3897	168.5279	4.108193
4746	-204.707	-373.2349	168.5279	4.108193
4752	-200.9127	-369.3801	168.4674	4.142591
4758	-202.9458	-371.5914	168.6456	4.041108
4764	-206.4421	-376.2984	169.8564	3.340525
4770	-187.4609	-357.5313	170.0704	3.214214
4776	-188.0572	-358.6653	170.6081	2.892667
4782	-198.9965	-368.8379	169.8414	3.349302
4788	-217.63	-387.2391	169.6091	3.485409
4794	-208.352	-376.4417	168.0898	4.356592
4800	-195.6839	-364.4455	168.7616	3.974822
4806	-196.4671	-365.3782	168.9112	3.889163
4812	-195.5953	-365.1626	169.5673	3.509744
4818	-213.1575	-383.3255	170.168	3.156353
4824	-201.7666	-370.2604	168.4938	4.127593
4830	-208.395	-376.9955	168.6004	4.066852
4836	-212.532	-381.7859	169.2539	3.691733
4842	-204.5123	-373.2827	168.7705	3.969768
4848	-207.652	-377.0723	169.4203	3.595323
4854	-193.5427	-361.1869	167.6441	4.607401
4860	-201.1971	-369.7025	168.5054	4.120999
4866	-203.1485	-372.412	169.2635	3.686161
4872	-204.6137	-373.9307	169.3169	3.655263
4878	-196.1115	-365.8762	169.7646	3.394381
4884	-191.9678	-361.1295	169.1617	3.744995
4890	-198.1148	-368.3785	170.2637	3.099375
4896	-192.3733	-362.5165	170.1431	3.171129
4902	-191.0151	-359.1655	168.1504	4.322352
4908	-215.0052	-384.7193	169.7142	3.423966
4914	-205.595	-374.9947	169.3997	3.607264
4920	-206.3965	-375.7538	169.3573	3.631877
4926	-209.306	-377.976	168.6699	4.027215
4932	-204.3117	-373.1642	168.8525	3.922782
4938	-210.3406	-379.1931	168.8525	3.922782
4944	-204.8023	-372.3034	167.5011	4.687544
4950	-217.8395	-386.3298	168.4903	4.129577
4956	-215.7412	-384.2315	168.4903	4.129577
4962	-227.9354	-394.7083	166.7729	5.093124
4968	-222.1902	-389.6814	167.4912	4.693114
4974	-221.4245	-389.8284	168.4039	4.1787
4980	-198.513	-368.0584	169.5454	3.522523
4986	-194.4618	-363.2302	168.7684	3.970959
4992	-216.7145	-387.0498	170.3353	3.056668
4998	-204.8344	-373.7114	168.877	3.90876
5004	-211.5195	-380.0604	168.5409	4.100773
5010	-188.4591	-358.1966	169.7375	3.410285
5016	-201.9195	-370.6737	168.7542	3.979039
5022	-199.4249	-369.025	169.6001	3.490637
5028	-200.3163	-369.18	168.8638	3.91634
5034	-204.1289	-373.1052	168.9762	3.851786
5040	-203.946	-372.2373	168.2913	4.242594
5046	-218.3813	-388.0412	169.6599	3.455686
5052	-230.8028	-398.2261	167.4232	4.731115
5058	-215.6636	-382.6729	167.0092	4.96193
5064	-207.1163	-376.4839	169.3676	3.625908
5070	-203.1764	-372.544	169.3676	3.625908
5076	-206.6816	-375.2348	168.5533	4.093744
5082	-214.89	-383.3156	168.4256	4.166373
5088	-211.7605	-379.314	167.5535	4.658226
5094	-208.8391	-377.5384	168.6993	4.010428
5100	-206.3447	-375.174	168.8293	3.936058
5106	-203.0869	-371.5965	168.5096	4.1186
5112	-194.8032	-363.8838	169.0806	3.791765
5118	-194.9365	-364.1408	169.2043	3.720422
5124	-188.8162	-356.8949	168.0787	4.362839
5130	-193.9974	-364.1322	170.1347	3.176114
5136	-212.0802	-380.3384	168.2582	4.261342
5142	-210.5528	-379.2172	168.6643	4.030404
5148	-208.9358	-377.0702	168.1344	4.331393
5154	-203.08	-372.6464	169.5664	3.510305
5160	-202.1781	-371.2863	169.1083	3.775804
5166	-206.7135	-375.9672	169.2537	3.691856
5172	-203.7632	-373.2595	169.4963	3.55112
5178	-212.5017	-382.1352	169.6335	3.471126
5184	-206.6223	-375.414	168.7917	3.957593
5190	-203.5857	-371.4554	167.8697	4.48066
5196	-197.201	-367.3316	170.1306	3.178574
5202	-194.6989	-363.6379	168.939	3.873177
5208	-196.2192	-365.1381	168.9189	3.884695
5214	-201.38	-371.0735	169.6936	3.436017
5220	-203.8901	-372.5131	168.6231	4.053945
5226	-190.2474	-359.3701	169.1227	3.767518
5232	-199.0229	-368.3121	169.2892	3.671299
5238	-202.5723	-372.0078	169.4356	3.58644
5244	-201.695	-370.101	168.406	4.177504
5250	-201.5336	-369.0597	167.5261	4.673542
5256	-189.33	-358.1327	168.8027	3.95129
5262	-194.1713	-362.974	168.8027	3.95129
5268	-199.9288	-369.1268	169.1981	3.724017
5274	-201.6325	-370.5962	168.9638	3.858938
5280	-205.7677	-374.7314	168.9638	3.858938
5286	-192.494	-362.8511	170.3572	3.043579
5292	-197.8067	-367.1342	169.3276	3.649103
5298	-193.5245	-362.9619	169.4374	3.585378
5304	-223.4074	-391.7915	168.3841	4.189914
5310	-206.3661	-375.6905	169.3244	3.650931
5316	-218.3619	-386.4409	168.079	4.3627
5322	-195.6902	-364.3603	168.6702	4.02707
5328	-201.9003	-370.1372	168.2369	4.273409
5334	-196.4249	-365.2252	168.8003	3.952691
5340	-191.3303	-361.1402	169.8099	3.367822
5346	-196.2711	-365.8414	169.5703	3.50804
5352	-200.9258	-370.9349	170.0091	3.250466
5358	-196.29	-365.4416	169.1516	3.750842
5364	-216.0851	-385.1035	169.0184	3.827551
5370	-200.7938	-368.8665	168.0727	4.36624
5376	-200.4858	-367.6992	167.2134	4.848236
5382	-204.8655	-372.4196	167.5541	4.657879
5388	-202.413	-371.5523	169.1393	3.757929
5394	-204.7581	-374.8216	170.0635	3.218323
5400	-198.8019	-367.5036	168.7017	4.009075
5406	-203.9967	-373.2206	169.2239	3.709106
5412	-203.392	-373.5481	170.156	3.163455
5418	-206.9038	-376.5061	169.6023	3.489322
5424	-200.6631	-370.0132	169.3501	3.636029
5430	-191.5017	-360.6841	169.1824	3.733048
5436	-198.7299	-368.1716	169.4417	3.58286
5442	-209.7906	-377.6988	167.9081	4.459043
5448	-208.2678	-376.153	167.8852	4.471963
5454	-205.0355	-375.257	170.2214	3.124574
5460	-200.3055	-370.331	170.0255	3.240814
5466	-199.0087	-366.7934	167.7847	4.528497
5472	-192.3168	-359.5462	167.2294	4.839322
5478	-211.0874	-377.4501	166.3627	5.32001
5484	-199.9724	-367.8778	167.9054	4.460581
5490	-205.1245	-372.8164	167.6919	4.580612
5496	-200.066	-368.0283	167.9623	4.428537
5502	-206.3249	-374.8095	168.4846	4.132831
5508	-208.4459	-376.8552	168.4093	4.175635
5514	-213.4879	-381.8972	168.4093	4.175635
5520	-204.3017	-373.7873	169.4855	3.557394
5526	-206.0529	-374.9205	168.8676	3.914111
5532	-201.473	-369.8228	168.3498	4.209397
5538	-201.0928	-369.4426	168.3498	4.209397
5544	-209.97	-378.5891	168.6191	4.056235
5550	-207.5583	-376.8301	169.2718	3.681414
5556	-203.719	-372.7468	169.0278	3.822125
5562	-208.0045	-377.5596	169.5552	3.516842
5568	-206.6912	-375.0069	168.3157	4.228742
5574	-211.503	-378.5021	166.9991	4.967536
5580	-194.8484	-364.2869	169.4384	3.584768
5586	-207.5565	-377.6228	170.0663	3.216636
5592	-202.3862	-372.2595	169.8733	3.330555
5598	-201.732	-371.0595	169.3275	3.649154
5604	-204.5668	-372.7559	168.1892	4.300415
5610	-193.9413	-363.1502	169.209	3.717696
5616	-214.3182	-381.6796	167.3614	4.765632
5622	-215.6921	-384.2589	168.5668	4.08605
5628	-218.5816	-385.1556	166.5741	5.203245
5634	-223.0612	-391.9704	168.9092	3.890273
5640	-210.5718	-378.8265	168.2546	4.263353
5646	-220.0117	-388.2663	168.2546	4.263353
5652	-223.6121	-391.8667	168.2546	4.263353
5658	-207.7983	-377.132	169.3338	3.645506
5664	-198.3207	-366.6402	168.3194	4.226624
5670	-204.5283	-372.5987	168.0703	4.367592
5676	-207.0216	-375.0919	168.0703	4.367592
5682	-210.1832	-379.5658	169.3826	3.617177
5688	-201.6364	-369.6777	168.0413	4.383975
5694	-200.5408	-369.7224	169.1815	3.733558
5700	-202.9228	-372.2816	169.3588	3.631003
5706	-215.5292	-384.6126	169.0834	3.790161
5712	-216.9715	-385.4846	168.5131	4.116579
5718	-222.6393	-389.4501	166.8108	5.072133
5724	-197.0012	-366.4478	169.4467	3.579992
5730	-223.9715	-393.8319	169.8604	3.338138
5736	-216.2949	-384.1185	167.8236	4.506625
5742	-214.5772	-382.4483	167.8711	4.479916
5748	-206.6877	-375.3274	168.6397	4.044451
5754	-197.2738	-366.3648	169.091	3.785755
5760	-204.7422	-372.0251	167.2829	4.8095
5766	-198.3779	-367.8151	169.4372	3.585493
5772	-212.6464	-382.3616	169.7152	3.423323
5778	-201.2539	-369.8349	168.5811	4.077889
5784	-206.4921	-374.5027	168.0106	4.401295
5790	-199.5917	-368.7937	169.202	3.721733
5796	-208.289	-377.061	168.772	3.968866
5802	-206.9808	-375.0417	168.0609	4.372896
5808	-215.8111	-383.4053	167.5942	4.635405
5814	-222.4972	-390.5636	168.0664	4.369781
5820	-212.7023	-381.0337	168.3315	4.219793
5826	-211.4887	-380.5619	169.0732	3.796025
5832	-222.8773	-391.2505	168.3731	4.196167
5838	-207.4507	-377.3248	169.8741	3.330076
5844	-201.6302	-369.9867	168.3565	4.205602
5850	-197.8277	-367.117	169.2893	3.671274
5856	-199.9303	-368.9642	169.0339	3.818644
5862	-207.2815	-376.1203	168.8389	3.930595
5868	-196.76	-366.8007	170.0407	3.231836
5874	-200.9354	-371.0266	170.0912	3.201931
5880	-207.7939	-376.8746	169.0806	3.791751
5886	-208.9308	-378.4118	169.481	3.560043
5892	-209.0487	-378.7899	169.7412	3.408132
5898	-203.4559	-372.8758	169.4199	3.595546
5904	-203.9882	-372.4299	168.4418	4.15717
5910	-208.5749	-376.7884	168.2135	4.286649
5916	-205.6611	-372.6855	167.0244	4.953492
5922	-201.4275	-370.7954	169.3679	3.625722
5928	-207.0935	-376.4614	169.3679	3.625722
5934	-205.854	-373.6733	167.8193	4.509024
5940	-203.766	-371.5853	167.8193	4.509024
5946	-209.8019	-378.6087	168.8067	3.949
5952	-202.2587	-372.0974	169.8387	3.350927
5958	-197.685	-366.3726	168.6876	4.017112
5964	-205.1989	-375.3206	170.1217	3.183812
5970	-204.796	-371.742	166.946	4.997058
5976	-204.0232	-372.1528	168.1295	4.334145
5982	-209.0374	-377.7328	168.6954	4.01266
5988	-205.3178	-374.8318	169.514	3.540817
5994	-205.8054	-374.4414	168.636	4.046593
6000	-203.1082	-373.0704	169.9622	3.278191
6006	-200.8324	-370.8434	170.0111	3.24934
6012	-194.5693	-362.4556	167.8863	4.471356
6018	-194.9392	-364.9736	170.0344	3.235566
6024	-192.2381	-360.3117	168.0736	4.365708
6030	-204.9314	-373.7739	168.8424	3.928565
6036	-206.8384	-375.8635	169.0252	3.823657
6042	-200.6953	-371.0826	170.3873	3.025549
6048	-196.2525	-365.3455	169.093	3.784602
6054	-205.0174	-374.1105	169.093	3.784602
6060	-219.0284	-387.7412	168.7128	4.002749
6066	-227.0076	-395.5839	168.5762	4.080646
6072	-221.2498	-390.034	168.7842	3.961882
6078	-210.5671	-379.3514	168.7842	3.961882
6084	-200.5431	-369.3273	168.7842	3.961882
6090	-200.8714	-370.1489	169.2774	3.67813
6096	-205.0818	-374.604	169.5222	3.536037
6102	-200.9475	-370.2842	169.3367	3.64379
6108	-207.4116	-375.176	167.7643	4.539937
6114	-207.8126	-375.5571	167.7445	4.551081
6120	-198.5653	-366.1924	167.6272	4.616911
6126	-206.8003	-374.4142	167.6139	4.624341
6132	-199.4779	-367.4435	167.9657	4.42662
6138	-201.8448	-371.5748	169.73	3.414707
6144	-198.6034	-367.0756	168.4721	4.139924
6150	-195.641	-364.3238	168.6828	4.019883
6156	-204.9407	-374.0983	169.1576	3.747384
6162	-209.2892	-377.6014	168.3122	4.230748
6168	-202.6143	-371.0143	168.4	4.180927
6174	-195.6569	-363.7705	168.1136	4.343127
6180	-203.9119	-373.4976	169.5857	3.499041
6186	-205.0211	-374.1392	169.1181	3.770167
6192	-206.5592	-375.7083	169.1492	3.752243
6198	-203.3857	-370.4393	167.0536	4.937248
6204	-218.2779	-386.3067	168.0288	4.391007
6210	-206.9219	-375.2702	168.3483	4.210251
6216	-202.4768	-371.0755	168.5986	4.067879
6222	-211.9662	-380.9978	169.0316	3.819963
6228	-210.2169	-379.2322	169.0153	3.829364
6234	-201.4191	-370.4344	169.0153	3.829364
6240	-211.6126	-380.2573	168.6446	4.041649
6246	-208.2941	-375.9063	167.6122	4.625329
6252	-218.2608	-386.0276	167.7668	4.538519
6258	-197.9111	-365.4021	167.491	4.693219
6264	-199.5031	-367.8206	168.3175	4.227738
6270	-198.5689	-369.0473	170.4784	2.970881
6276	-197.4789	-367.8382	170.3592	3.042336
6282	-197.8002	-366.9696	169.1693	3.740609
6288	-193.7156	-362.8849	169.1693	3.740609
6294	-210.2761	-378.0506	167.7745	4.534228
6300	-191.3289	-359.8845	168.5556	4.092382
6306	-199.7332	-369.1373	169.404	3.604741
6312	-210.3256	-380.0938	169.7682	3.392268
6318	-195.8279	-364.6541	168.8262	3.937842
6324	-207.6212	-376.2892	168.668	4.02833
6330	-204.5009	-372.5368	168.0359	4.387004
6336	-194.49	-362.6138	168.1238	4.33737
6342	-210.8305	-379.6205	168.79	3.958592
6348	-217.9277	-387.6835	169.7558	3.399569
6354	-209.0695	-379.6024	170.533	2.938027
6360	-223.0932	-393.3399	170.2468	3.109476
6366	-206.3491	-375.1287	168.7796	3.964557
6372	-215.1885	-383.9391	168.7506	3.981137
6378	-212.2674	-380.7668	168.4994	4.124408
6384	-211.0626	-379.9096	168.847	3.925943
6390	-209.1413	-377.83	168.6887	4.016487
6396	-199.6607	-368.3494	168.6887	4.016487
6402	-197.556	-366.2447	168.6887	4.016487
6408	-203.0935	-371.045	167.9515	4.434609
6414	-211.2018	-379.4275	168.2257	4.279717
6420	-213.7075	-383.006	169.2984	3.665962
6426	-212.5428	-381.3582	168.8153	3.944091
6432	-210.5102	-380.2765	169.7662	3.393448
6438	-203.9949	-373.0041	169.0092	3.832846
6444	-210.2102	-380.1428	169.9326	3.295628
6450	-196.3284	-365.656	169.3277	3.649031
6456	-202.0395	-370.1795	168.14	4.328199
6462	-195.4175	-366.0741	170.6566	2.863317
6468	-195.5733	-365.3752	169.8019	3.372526
6474	-191.1884	-360.9315	169.7431	3.407006
6480	-198.1485	-366.2811	168.1327	4.332373
6486	-196.2393	-365.5177	169.2784	3.677581
6492	-205.8042	-374.6273	168.8231	3.939649
6498	-199.1658	-367.9889	168.8231	3.939649
6504	-203.1865	-372.9582	169.7717	3.390214
6510	-200.0601	-369.0925	169.0323	3.81954
6516	-193.3336	-363.0838	169.7502	3.402871
6522	-203.47	-371.8203	168.3503	4.20909
6528	-198.7198	-368.1638	169.444	3.581527
6534	-204.4593	-371.8082	167.3489	4.772631
6540	-191.7488	-360.3157	168.5669	4.08597
6546	-194.3305	-363.4791	169.1486	3.752573
6552	-183.9693	-353.1179	169.1486	3.752573
6558	-197.9356	-366.7482	168.8126	3.945631
6564	-200.5041	-368.9147	168.4105	4.174915
6570	-214.0737	-381.1686	167.0949	4.914241
6576	-205.0142	-374.2056	169.1914	3.727839
6582	-195.7817	-365.4108	169.629	3.473739
6588	-200.9778	-369.1104	168.1325	4.332435
6594	-197.5988	-365.2748	167.676	4.58951
6600	-196.7598	-364.4435	167.6837	4.585226
6606	-211.3989	-378.5289	167.13	4.894741
6612	-203.4952	-372.038	168.5428	4.099698
6618	-192.9207	-363.0475	170.1268	3.180791
6624	-189.5848	-359.0925	169.5077	3.54447
6630	-197.1082	-366.031	168.9227	3.882518
6636	-198.474	-367.3683	168.8943	3.898821
6642	-199.172	-368.7441	169.572	3.507019
6648	-197.8213	-366.927	169.1058	3.777262
6654	-221.6279	-389.6653	168.0374	4.386175
6660	-217.7769	-386.3485	168.5716	4.083301
6666	-218.4265	-386.3932	167.9667	4.426049
6672	-211.3262	-378.936	167.6099	4.626616
6678	-213.4491	-381.2117	167.7626	4.540931
6684	-211.9201	-380.0789	168.1588	4.317587
6690	-209.7405	-380.1515	170.411	3.011318
6696	-210.734	-380.3635	169.6294	3.473517
6702	-210.0059	-376.741	166.7351	5.114098
6708	-211.3918	-380.2166	168.8248	3.938646
6714	-206.778	-375.8181	169.0402	3.81504
6720	-197.4336	-365.2054	167.7718	4.535738
6726	-198.5596	-368.4799	169.9203	3.302895
6732	-203.7868	-373.2936	169.5068	3.544983
6738	-205.1461	-374.5195	169.3734	3.622503
6744	-200.9252	-370.8067	169.8815	3.325748
6750	-212.1348	-381.4178	169.2831	3.674872
6756	-212.3259	-381.2923	168.9663	3.857475
6762	-201.4667	-370.433	168.9663	3.857475
6768	-203.9515	-372.8309	168.8794	3.907394
6774	-204.1649	-373.0443	168.8794	3.907394
6780	-198.2973	-369.0322	170.7349	2.815826
6786	-207.337	-374.9231	167.5861	4.639967
6792	-207.2993	-376.072	168.7728	3.968444
6798	-215.0164	-381.6022	166.5858	5.196762
6804	-207.2753	-375.3751	168.0998	4.350956
6810	-213.1949	-382.7966	169.6017	3.489703
6816	-216.6314	-385.2781	168.6467	4.040489
6822	-215.9914	-386.343	170.3516	3.046907
6828	-213.0952	-382.8504	169.7552	3.399912
6834	-212.8956	-381.6583	168.7627	3.974232
6840	-201.1297	-370.331	169.2013	3.722127
6846	-203.8354	-372.3286	168.4932	4.127905
6852	-203.8327	-372.9646	169.132	3.76215
6858	-193.5037	-362.2517	168.748	3.982615
6864	-198.9117	-368.949	170.0373	3.233841
6870	-207.2137	-373.9819	166.7682	5.095744
6876	-207.5633	-377.1203	169.5571	3.51574
6882	-199.425	-368.982	169.5571	3.51574
6888	-209.8842	-378.4419	168.5576	4.09126
6894	-210.8981	-379.5496	168.6515	4.037736
6900	-207.4487	-374.4026	166.954	4.992642
6906	-202.3174	-371.6778	169.3604	3.630053
6912	-200.3718	-368.9391	168.5673	4.085738
6918	-209.9775	-378.8829	168.9055	3.892428
6924	-202.6429	-372.3289	169.686	3.440423
6930	-194.2213	-361.879	167.6577	4.599794
6936	-208.4166	-376.4622	168.0455	4.381576
6942	-210.9738	-380.9954	170.0216	3.24309
6948	-193.1393	-362.2043	169.0651	3.800708
6954	-202.2013	-372.3325	170.1312	3.178205
6960	-195.1818	-364.3016	169.1198	3.769187
6966	-196.1986	-364.5871	168.3886	4.187405
6972	-200.495	-369.7573	169.2623	3.686884
6978	-192.6268	-360.4706	167.8438	4.495276
6984	-209.8166	-379.0348	169.2182	3.712367
6990	-214.1716	-383.4561	169.2845	3.674018
6996	-200.9136	-370.0846	169.171	3.739632
