Iteration	Posterior	Likelihood	Prior	acrv_sd	tree_length
0	-133.5069	-302.7493	169.2423	0.6239486	3.33469
6	-137.4858	-308.6122	171.1264	0.2728356	2.404762
12	-152.4577	-322.3064	169.8487	0.02248165	3.331807
18	-141.4255	-313.0437	171.6182	0.00401733	2.262826
24	-141.4332	-312.1306	170.6974	0.00146673	2.837698
30	-144.7631	-315.8138	171.0507	0.01823647	2.61105
36	-134.2214	-304.4407	170.2193	0.4218165	2.872732
42	-134.6851	-305.6544	170.9692	0.01901277	2.660838
48	-135.8735	-306.5089	170.6353	0.07236727	2.832354
54	-146.2957	-317.604	171.3083	0.1400812	2.373693
60	-145.9601	-315.8974	169.9373	0.8000014	2.814365
66	-158.7195	-329.2322	170.5127	0.224609	2.814365
72	-146.3721	-317.6001	171.228	0.2988918	2.323804
78	-139.9905	-311.4558	171.4654	0.07091749	2.317803
84	-142.037	-312.8517	170.8147	0.5916619	2.400241
90	-142.5661	-314.1187	171.5526	0.3007377	2.113008
96	-142.4561	-312.6922	170.236	0.1824652	3.006829
102	-138.0769	-308.8245	170.7475	0.1782584	2.699223
108	-143.9544	-314.5414	170.5871	0.3240045	2.708268
114	-147.5555	-318.3506	170.795	0.5431328	2.443224
120	-150.0212	-320.2787	170.2575	0.7130712	2.671745
126	-143.6587	-313.0607	169.4019	0.3075168	3.426715
132	-134.9754	-305.2567	170.2813	0.2890809	2.915467
138	-138.3865	-308.9195	170.5331	0.1200947	2.865414
144	-138.8324	-309.6305	170.798	0.1479957	2.686793
150	-147.4546	-317.8155	170.3609	0.1082661	2.976434
156	-137.264	-308.0244	170.7603	0.1576835	2.704011
162	-134.428	-305.7293	171.3012	0.0213281	2.453015
168	-139.467	-309.6158	170.1488	0.1723648	3.065111
174	-140.6001	-311.0486	170.4485	0.05886046	2.953433
180	-145.4363	-315.9127	170.4764	0.4549111	2.695827
186	-142.7934	-313.8277	171.0343	0.2586528	2.471579
192	-138.4842	-308.8946	170.4104	0.2026956	2.889687
198	-140.7925	-311.3197	170.5272	0.1724541	2.837245
204	-149.4843	-319.4129	169.9285	0.6909888	2.885771
210	-136.0119	-307.0944	171.0825	0.2037993	2.475765
216	-147.3348	-316.7673	169.4325	0.14967	3.501084
222	-129.1895	-299.6192	170.4296	0.3574403	2.784064
228	-134.5198	-304.5259	170.0061	0.2835717	3.083921
234	-146.9401	-317.0359	170.0957	0.1939282	3.083921
240	-138.7449	-310.0453	171.3003	0.1939282	2.344568
246	-143.9522	-314.1219	170.1696	0.6610951	2.757432
252	-158.2543	-330.0964	171.8421	0.01795696	2.108629
258	-143.3872	-313.0747	169.6875	0.2033301	3.320242
264	-151.6925	-323.0925	171.4	0.2910788	2.218545
270	-151.9374	-321.5644	169.627	0.2602842	3.322362
276	-146.7079	-316.6844	169.9766	0.01706756	3.259623
282	-142.835	-312.5242	169.6892	0.1263746	3.364488
288	-138.4293	-309.386	170.9568	0.05839276	2.644258
294	-133.8353	-305.25	171.4147	0.08308035	2.342313
300	-134.4993	-303.749	169.2497	0.3561391	3.487292
306	-136.0868	-306.0313	169.9445	0.2459104	3.14302
312	-149.467	-319.221	169.754	0.05253775	3.36978
318	-149.8194	-320.8657	171.0463	0.1043574	2.560405
324	-151.7269	-322.6382	170.9113	0.5275402	2.379686
330	-150.3789	-318.6898	168.3109	0.1512575	4.145578
336	-154.2579	-324.5398	170.282	0.1512575	2.997992
342	-142.4415	-311.4489	169.0074	0.2819036	3.671252
348	-139.7723	-311.3634	171.5911	0.3574467	2.050383
354	-150.388	-321.7397	171.3517	0.1074966	2.366812
360	-151.8298	-322.9804	171.1506	0.1440585	2.470524
366	-136.7284	-306.7109	169.9825	0.2534584	3.115929
372	-131.2239	-301.219	169.9951	0.2416529	3.115457
378	-136.3389	-307.0409	170.702	0.1280684	2.757822
384	-141.4298	-312.1272	170.6974	0.6641323	2.428517
390	-137.6328	-308.5645	170.9317	0.1535114	2.600985
396	-130.3381	-301.1336	170.7955	0.1535114	2.684942
402	-153.1042	-323.3512	170.2471	0.2741966	2.945073
408	-145.7564	-315.0763	169.3199	0.2741966	3.494136
414	-141.8416	-311.5854	169.7438	0.05429571	3.374732
420	-148.0247	-317.8262	169.8014	0.5119371	3.069761
426	-153.8022	-324.3276	170.5254	0.1344315	2.861386
432	-156.7518	-327.6233	170.8715	0.0256687	2.716763
438	-155.5432	-326.3048	170.7616	0.3897498	2.559977
444	-151.0875	-321.3723	170.2848	0.5602163	2.748703
450	-140.5215	-311.1882	170.6667	0.4338098	2.591494
456	-142.3469	-313.3492	171.0023	0.09827335	2.591494
462	-146.0369	-316.3849	170.348	0.01987998	3.037136
468	-135.5455	-305.8865	170.341	0.02694743	3.037136
474	-139.6018	-309.8024	170.2006	0.3077523	2.952866
480	-140.5978	-310.3502	169.7524	0.03848217	3.378974
486	-135.822	-306.5626	170.7405	0.1356094	2.72967
492	-141.0716	-311.4438	170.3722	0.3202078	2.841629
498	-140.9921	-311.4991	170.507	0.185368	2.841629
504	-158.0759	-327.6757	169.5998	0.326021	3.299639
510	-157.3075	-327.7898	170.4823	0.08378788	2.918059
516	-141.7565	-312.4554	170.6989	0.1352614	2.755349
522	-143.8117	-314.5299	170.7181	0.1160084	2.755349
528	-158.6042	-328.9687	170.3645	0.1282105	2.962246
534	-156.64	-327.2223	170.5823	0.04513028	2.880971
540	-153.0305	-323.6555	170.625	0.007542132	2.877918
546	-150.9553	-321.5028	170.5475	0.08506338	2.877918
552	-144.8781	-314.2567	169.3786	0.1392027	3.538633
558	-139.077	-309.5908	170.5139	0.212447	2.821034
564	-137.2967	-308.1167	170.8201	0.2588201	2.604898
570	-136.1731	-307.0106	170.8375	0.2413929	2.604898
576	-143.3816	-313.8096	170.428	0.3738668	2.775047
582	-151.9123	-322.3402	170.4279	0.2206447	2.868211
588	-149.2438	-319.579	170.3351	0.2206447	2.924272
594	-151.0091	-320.4434	169.4342	0.3945051	3.356753
600	-139.0831	-308.6705	169.5874	0.2413567	3.356753
606	-147.7268	-317.8292	170.1024	0.4865229	2.904268
612	-149.3215	-319.0757	169.7543	0.7186455	2.974162
618	-127.6546	-298.8371	171.1825	0.1805234	2.427583
624	-134.7754	-305.8643	171.0889	0.2741325	2.427583
630	-133.2776	-303.7802	170.5027	0.05505314	2.92309
636	-134.2799	-305.1945	170.9146	0.3301653	2.501755
642	-139.8847	-309.9026	170.0179	0.2517682	3.095837
648	-141.7279	-312.7071	170.9792	0.3116756	2.472902
654	-143.864	-313.0823	169.2183	0.5112655	3.414941
660	-136.5394	-306.3401	169.8007	0.1523566	3.283565
666	-141.682	-311.9036	170.2216	0.3612994	2.907923
672	-147.7931	-318.1098	170.3167	0.1222997	2.994551
678	-139.7404	-308.4321	168.6917	0.1067499	3.95375
684	-124.5993	-294.652	170.0527	0.1844597	3.115209
690	-133.8971	-304.1127	170.2156	0.1515011	3.037632
696	-139.0299	-309.8998	170.8699	0.1033153	2.670091
702	-130.3442	-300.3414	169.9972	0.1332334	3.178635
708	-134.5375	-305.3614	170.8239	0.1044538	2.697653
714	-142.0114	-311.8131	169.8017	0.04044702	3.348864
720	-130.7591	-301.958	171.1989	0.129716	2.449228
726	-137.7297	-307.7242	169.9945	0.1160702	3.190442
732	-143.5383	-313.0919	169.5536	0.2800827	3.353874
738	-151.4658	-320.5437	169.0779	0.3029311	3.61822
744	-154.7592	-323.6459	168.8867	0.4827064	3.624859
750	-160.3506	-330.6224	170.2718	0.08309907	3.044956
756	-154.5922	-324.1832	169.591	0.03971998	3.472743
762	-151.7408	-322.1417	170.4008	1.164873	2.299026
768	-141.0942	-312.7634	171.6692	0.04484916	2.20365
774	-129.8513	-300.9346	171.0833	0.119834	2.527736
780	-131.312	-302.4315	171.1194	0.004547488	2.576959
786	-130.1493	-301.283	171.1337	0.464649	2.27816
792	-135.9374	-306.4157	170.4782	0.05796111	2.936075
798	-143.38	-313.7696	170.3896	0.02866938	3.006978
804	-144.2718	-312.619	168.3471	0.2913801	4.045151
810	-146.1219	-315.7642	169.6423	0.5869597	3.119899
816	-139.0359	-309.0062	169.9703	0.1144627	3.205715
822	-139.0275	-309.6919	170.6644	0.07763219	2.811461
828	-140.9593	-311.516	170.5567	0.1853595	2.811461
834	-152.598	-321.8787	169.2806	0.2667344	3.521376
840	-146.7708	-317.0777	170.3069	0.4629011	2.794565
846	-146.6534	-317.4869	170.8334	0.1355377	2.672705
852	-158.7674	-329.0041	170.2366	0.2628339	2.958197
858	-155.107	-326.0254	170.9184	0.1893058	2.587045
864	-150.1495	-320.2474	170.0978	0.1927641	3.083348
870	-146.8049	-318.8036	171.9987	0.2237634	1.866432
876	-142.5251	-313.5832	171.0581	0.1466264	2.526763
882	-153.1253	-323.9412	170.816	0.06658487	2.725742
888	-147.9169	-318.3345	170.4176	0.04840242	2.978341
894	-136.3841	-307.8344	171.4504	0.02598945	2.355922
900	-135.3378	-305.1453	169.8074	0.3087828	3.187093
906	-138.8684	-309.2065	170.3381	0.2054875	2.931614
912	-137.2913	-309.4275	172.1362	0.1879462	1.796463
918	-142.762	-313.5916	170.8296	1.58892	1.730638
924	-143.3758	-314.3314	170.9557	0.5277143	2.35148
930	-144.7471	-316.13	171.383	0.08736963	2.359736
936	-145.0987	-315.4513	170.3527	0.1538331	2.953966
942	-134.5265	-304.8748	170.3483	0.5488373	2.716801
948	-138.1766	-307.7115	169.5348	0.3929304	3.298498
954	-131.0397	-302.0791	171.0394	0.2977024	2.443868
960	-137.8197	-307.6955	169.8758	0.3181626	3.140889
966	-150.4564	-321.493	171.0366	0.174212	2.522969
972	-144.2421	-314.7456	170.5035	0.1602973	2.858977
978	-152.1619	-322.7075	170.5457	0.3063552	2.744412
984	-156.5744	-326.4181	169.8437	0.3180782	3.160051
990	-141.5462	-312.8809	171.3347	0.0888629	2.389351
996	-142.424	-312.9093	170.4853	0.02078025	2.954211
1002	-142.4984	-313.2476	170.7492	0.124005	2.731476
1008	-146.3953	-317.4222	171.0269	0.3261279	2.433874
1014	-138.1461	-307.0254	168.8793	0.1609526	3.814983
1020	-127.6035	-298.6718	171.0683	0.2518637	2.454538
1026	-142.3216	-313.3956	171.0739	0.2462104	2.454538
1032	-142.224	-312.8707	170.6466	0.2131082	2.739698
1038	-148.8273	-318.4941	169.6668	0.2144565	3.325882
1044	-153.3798	-324.0148	170.635	0.08392695	2.825543
1050	-157.2121	-326.7505	169.5384	0.3937297	3.295892
1056	-147.201	-317.994	170.793	0.01919638	2.768751
1062	-150.1323	-320.5605	170.4281	0.3840464	2.768751
1068	-142.6766	-313.3805	170.7039	0.1082698	2.768751
1074	-138.197	-309.3919	171.1949	0.2771445	2.35866
1080	-141.4292	-312.5912	171.162	0.0595515	2.516229
1086	-150.4932	-321.6146	171.1214	0.3148246	2.381369
1092	-150.9755	-321.4537	170.4782	0.239946	2.825991
1098	-147.618	-317.1805	169.5625	0.1458637	3.427357
1104	-147.7955	-317.1635	169.368	0.2907349	3.456374
1110	-138.7278	-308.4377	169.7099	0.2701847	3.267659
1116	-143.6143	-313.9647	170.3504	1.285556	2.254033
1122	-147.6046	-318.4048	170.8002	0.3871098	2.537587
1128	-151.9676	-320.5332	168.5656	0.1640909	3.993057
1134	-140.3484	-310.6335	170.285	0.08058977	3.038518
1140	-143.9122	-313.3013	169.3891	0.5163409	3.31163
1146	-138.3657	-308.8969	170.5313	0.02637766	2.923156
1152	-141.272	-312.3254	171.0535	0.1499619	2.527555
1158	-149.1048	-320.8244	171.7196	0.02333621	2.184982
1164	-139.4878	-310.8103	171.3225	0.08008548	2.402643
1170	-144.4445	-314.6331	170.1887	0.1736377	3.040501
1176	-139.1167	-308.268	169.1512	0.3201898	3.565593
1182	-137.3341	-307.4881	170.154	0.2414588	3.020637
1188	-142.8047	-314.3461	171.5413	0.02497576	2.298657
1194	-148.7485	-318.7147	169.9662	0.4202676	3.026029
1200	-138.7388	-309.9327	171.1939	0.5574198	2.179557
1206	-136.1759	-307.1253	170.9494	0.1885512	2.568266
1212	-144.601	-315.0343	170.4333	0.1942652	2.880901
1218	-136.7378	-307.2049	170.4671	0.4802447	2.686001
1224	-123.5175	-294.4788	170.9612	0.4152338	2.419097
1230	-129.9034	-301.219	171.3155	0.4105054	2.195926
1236	-129.3135	-299.4907	170.1772	0.1355388	3.070152
1242	-138.3899	-309.815	171.4251	0.03477663	2.366397
1248	-145.7966	-314.9398	169.1432	0.03438727	3.735856
1254	-155.6831	-326.2629	170.5798	0.3818157	2.677212
1260	-138.9742	-309.5434	170.5692	0.2059216	2.791336
1266	-136.2659	-307.3846	171.1187	0.01452159	2.571228
1272	-140.6751	-311.4078	170.7327	0.5033457	2.507196
1278	-138.5675	-308.5466	169.9791	0.535244	2.949266
1284	-143.1705	-312.9307	169.7602	0.8627301	2.883692
1290	-143.8878	-315.155	171.2673	0.0852636	2.43419
1296	-156.0715	-326.5711	170.4996	0.02769178	2.941442
1302	-152.8179	-322.6874	169.8696	0.1669075	3.234306
1308	-157.2765	-326.7662	169.4897	0.07209381	3.513001
1314	-142.3899	-312.1162	169.7263	0.3528937	3.209036
1320	-148.7704	-318.1874	169.417	0.04344663	3.571967
1326	-156.6233	-325.8977	169.2744	0.121739	3.609349
1332	-145.9811	-316.3167	170.3356	0.1155227	2.987247
1338	-135.3256	-306.3338	171.0082	0.3103687	2.455534
1344	-136.0155	-304.822	168.8065	0.1584378	3.858272
1350	-137.9326	-308.7852	170.8526	0.1988419	2.621878
1356	-132.2906	-303.2599	170.9692	0.1196912	2.598672
1362	-149.8043	-319.3699	169.5656	0.4864166	3.225091
1368	-125.7017	-297.08	171.3782	0.1837598	2.301411
1374	-132.2905	-301.5702	169.2798	0.1837598	3.57019
1380	-139.6486	-311.1333	171.4846	0.4793957	2.040139
1386	-142.4657	-311.8085	169.3427	0.6126218	3.282217
1392	-144.4952	-313.9068	169.4116	0.3038355	3.423232
1398	-127.8265	-298.9063	171.0798	0.1260794	2.526024
1404	-132.6282	-303.3435	170.7153	0.4905842	2.526024
1410	-120.7364	-291.8573	171.121	0.09121303	2.522096
1416	-135.0754	-306.4848	171.4094	0.1546108	2.300107
1422	-131.663	-302.9243	171.2613	0.1777819	2.379551
1428	-135.9214	-306.9986	171.0771	0.4485934	2.324531
1434	-135.7028	-307.1408	171.438	0.08778374	2.324531
1440	-144.4615	-314.6897	170.2282	0.1025767	3.059378
1446	-147.4598	-317.626	170.1662	0.3653874	2.938888
1452	-151.2718	-321.7244	170.4527	1.565621	2.00408
1458	-157.9651	-327.1709	169.2058	1.928822	2.570364
1464	-156.7115	-328.2824	171.5708	0.2908837	2.107535
1470	-148.3897	-318.8487	170.459	0.3220818	2.787699
1476	-141.7178	-312.6258	170.908	0.2325845	2.566621
1482	-139.3679	-309.288	169.9201	0.4390835	3.042389
1488	-136.7925	-307.6491	170.8566	0.1119809	2.67296
1494	-148.5374	-320.267	171.7295	0.02041501	2.180426
1500	-130.2322	-300.3047	170.0726	0.02315409	3.199235
1506	-134.6299	-305.2766	170.6466	0.190986	2.753215
1512	-146.5458	-317.5117	170.9659	0.4502493	2.394075
1518	-151.9797	-321.7589	169.7791	0.01965108	3.37435
1524	-156.2447	-326.98	170.7353	0.1943939	2.69681
1530	-152.959	-323.4485	170.4895	0.03405972	2.943719
1536	-143.8762	-314.3725	170.4963	0.02841474	2.943009
1542	-146.3171	-316.8937	170.5766	0.1471314	2.822584
1548	-145.0102	-315.6345	170.6242	0.1297458	2.80422
1554	-154.9526	-324.3401	169.3874	0.086657	3.564036
1560	-140.7113	-311.2754	170.5641	0.1545148	2.825689
1566	-133.7483	-304.8838	171.1356	0.08871072	2.514558
1572	-144.0915	-314.6228	170.5312	0.6142339	2.56361
1578	-145.5841	-316.6067	171.0226	0.002157016	2.638355
1584	-148.0465	-319.6499	171.6034	0.02004544	2.26207
1590	-150.8286	-320.6149	169.7863	0.1099143	3.317099
1596	-145.4741	-316.3377	170.8636	0.1051359	2.672837
1602	-139.6886	-311.2336	171.5449	0.03688886	2.28873
1608	-145.9877	-316.8353	170.8475	0.08012331	2.698079
1614	-135.5248	-307.1842	171.6594	0.1328299	2.152945
1620	-133.7855	-304.2924	170.5069	0.6669931	2.54594
1626	-142.784	-312.4343	169.6503	0.5059007	3.163333
1632	-145.3998	-316.4122	171.0124	0.01593782	2.636119
1638	-136.824	-307.7257	170.9017	0.05796579	2.678408
1644	-143.8794	-314.1292	170.2497	0.05192464	3.076746
1650	-140.5287	-311.7056	171.1769	0.08400431	2.491669
1656	-136.4207	-306.4618	170.0411	0.1158439	3.162924
1662	-140.6413	-311.8018	171.1605	0.04834009	2.524167
1668	-147.3733	-316.6448	169.2715	0.2255945	3.550666
1674	-136.4893	-307.7623	171.273	0.1485411	2.390659
1680	-141.3389	-311.9028	170.5638	0.5938395	2.556036
1686	-141.1427	-311.2535	170.1109	0.1858405	3.079708
1692	-137.309	-309.1506	171.8416	0.03891755	2.095213
1698	-146.6471	-316.3531	169.7059	0.5234014	3.119863
1704	-149.1297	-319.0683	169.9386	0.4190183	3.043291
1710	-141.6785	-312.9955	171.317	0.03992158	2.431399
1716	-148.7852	-319.3763	170.5911	0.3623824	2.68221
1722	-158.4632	-328.6016	170.1384	0.4782949	2.887495
1728	-154.2623	-324.0555	169.7932	0.2636571	3.222232
1734	-144.1483	-314.0932	169.9449	0.2636571	3.13225
1740	-142.4115	-313.0855	170.674	0.05111135	2.821762
1746	-132.0207	-303.1983	171.1776	0.1905985	2.424334
1752	-136.9558	-306.6823	169.7265	0.03930144	3.393717
1758	-132.4066	-303.3014	170.8948	0.3776447	2.484429
1764	-138.0535	-308.7258	170.6723	0.3776447	2.622811
1770	-132.2708	-303.6095	171.3388	0.02225122	2.428838
1776	-135.607	-305.8989	170.2919	0.1809933	2.974205
1782	-137.0576	-307.5332	170.4755	0.2193262	2.84013
1788	-148.3705	-320.0116	171.641	0.2926792	2.060174
1794	-146.8495	-317.65	170.8005	0.1810997	2.664933
1800	-137.5672	-309.1533	171.5861	0.03868763	2.26117
1806	-139.5381	-309.4218	169.8838	0.01357595	3.316421
1812	-141.407	-311.6433	170.2362	0.4162445	2.865842
1818	-144.9256	-314.8961	169.9705	0.4162445	3.025891
1824	-134.771	-305.42	170.649	0.6021694	2.497735
1830	-138.7137	-309.7416	171.0279	0.3666287	2.407734
1836	-145.4295	-315.1561	169.7266	0.5329995	3.101843
1842	-138.7085	-308.7315	170.023	0.09153983	3.188059
1848	-143.7762	-314.2958	170.5195	0.2622293	2.787308
1854	-145.3022	-315.8296	170.5274	0.8052013	2.446707
1860	-146.8236	-316.7514	169.9279	0.06167802	3.262042
1866	-141.5221	-311.5694	170.0472	0.3909491	2.995023
1872	-138.9777	-309.8814	170.9037	0.2725226	2.544516
1878	-150.7551	-321.8844	171.1293	0.04684269	2.544516
1884	-143.1945	-313.8366	170.6421	0.08816145	2.818655
1890	-142.3642	-311.8538	169.4896	0.1228964	3.483377
1896	-135.0334	-304.9115	169.878	0.1809271	3.220999
1902	-146.8045	-317.0869	170.2824	0.9352707	2.518667
1908	-164.138	-334.2571	170.1191	0.1561391	3.092492
1914	-148.0226	-319.3779	171.3553	0.2250916	2.289612
1920	-144.9341	-315.9622	171.0281	0.3103029	2.443086
1926	-134.0938	-303.7864	169.6927	0.1821461	3.329677
1932	-148.17	-318.7303	170.5603	0.1988827	2.801038
1938	-141.5124	-311.6886	170.1762	0.1988827	3.032876
1944	-132.7472	-303.5542	170.807	0.4379561	2.501657
1950	-136.9527	-308.5575	171.6048	0.1861062	2.153781
1956	-127.1727	-298.2773	171.1047	0.3485692	2.370603
1962	-132.8892	-302.094	169.2048	0.301783	3.545158
1968	-144.2572	-314.6466	170.3894	0.1358076	2.942699
1974	-155.9779	-327.1761	171.1982	0.5784543	2.163088
1980	-144.9385	-314.4446	169.506	1.5453	2.621929
1986	-137.2886	-309.0853	171.7968	0.1134405	2.07567
1992	-147.2128	-318.3435	171.1307	0.9278996	1.977151
1998	-145.1169	-315.9117	170.7947	0.0715403	2.735699
2004	-149.4619	-320.0191	170.5572	1.598483	1.91182
2010	-145.8518	-316.2032	170.3514	0.08648911	2.995185
2016	-140.9983	-312.0458	171.0475	0.1553458	2.5279
2022	-142.3728	-311.2188	168.8459	0.6336476	3.560847
2028	-131.6862	-302.0181	170.3319	0.109567	2.993051
2034	-128.4157	-299.7584	171.3427	0.05062708	2.4085
2040	-128.5875	-298.856	170.2686	0.1115406	3.029835
2046	-123.4961	-294.6581	171.162	0.02161597	2.539911
2052	-141.7295	-310.5346	168.805	0.2054098	3.832131
2058	-141.1695	-311.8001	170.6306	0.1909737	2.763004
2064	-140.1455	-310.5594	170.4139	0.02678192	2.993537
2070	-140.6962	-310.4438	169.7475	0.772123	2.94604
2076	-138.8802	-310.7555	171.8753	0.3304708	1.877804
2082	-136.0085	-306.1746	170.1661	0.02175062	3.144563
2088	-135.898	-306.3449	170.4469	0.01834248	2.978782
2094	-128.8734	-299.5345	170.6611	0.3573394	2.642214
2100	-140.1159	-311.2851	171.1692	0.3256133	2.344201
2106	-131.047	-301.7317	170.6846	0.3328483	2.642822
2112	-131.3826	-302.775	171.3924	0.07522075	2.36145
2118	-144.4975	-315.8653	171.3679	0.09980314	2.36145
2124	-133.0907	-304.4586	171.3679	0.09980314	2.36145
2130	-128.3524	-297.5866	169.2342	0.2505918	3.557848
2136	-136.1643	-307.252	171.0877	0.3286836	2.393914
2142	-133.6418	-304.2585	170.6167	0.4885485	2.588561
2148	-135.8506	-306.4503	170.5997	0.1109703	2.830556
2154	-148.646	-318.514	169.868	0.03835832	3.31112
2160	-158.3165	-328.5807	170.2642	0.1056287	3.03599
2166	-143.311	-315.0977	171.7867	0.2524101	1.990193
2172	-132.0955	-302.1867	170.0912	0.5915736	2.847481
2178	-127.8614	-299.0224	171.161	0.1374839	2.468121
2184	-142.2687	-312.9085	170.6398	0.6354988	2.482674
2190	-159.6015	-329.5603	169.9588	0.0627642	3.243141
2196	-153.5502	-325.5768	172.0265	0.2364997	1.838628
2202	-147.3531	-317.5197	170.1666	0.6970241	2.73732
2208	-142.0904	-312.8038	170.7135	0.4123171	2.575842
2214	-146.6731	-316.2112	169.5381	0.07955208	3.480385
2220	-162.3577	-332.7264	170.3687	0.3970271	2.79707
2226	-159.1979	-329.1735	169.9756	0.1817176	3.162714
2232	-156.0841	-326.397	170.3128	1.133879	2.374718
2238	-155.9621	-326.2379	170.2758	0.5344669	2.769945
2244	-153.3058	-324.4713	171.1655	0.3111449	2.35573
2250	-143.0127	-313.1389	170.1262	0.3502387	2.972064
2256	-141.1701	-311.2647	170.0946	0.1216271	3.127665
2262	-140.3411	-311.3722	171.0311	0.1295263	2.554214
2268	-141.3141	-311.7655	170.4514	0.2298405	2.84839
2274	-133.1736	-303.4859	170.3124	0.2379584	2.927562
2280	-139.5909	-310.9429	171.3519	0.3664435	2.200883
2286	-138.5146	-308.3053	169.7907	0.08733431	3.327758
2292	-134.915	-305.7054	170.7904	0.08464446	2.730315
2298	-144.8051	-315.8375	171.0323	0.2480457	2.479486
2304	-148.5174	-318.6851	170.1677	0.1883173	3.044256
2310	-147.0279	-316.1546	169.1267	0.4009604	3.532854
2316	-146.1932	-315.3555	169.1623	0.03111249	3.726682
2322	-143.5221	-313.7618	170.2396	0.1092496	3.048522
2328	-154.175	-323.3768	169.2018	0.1343619	3.644135
2334	-146.9896	-318.1125	171.1229	0.1520714	2.482889
2340	-136.15	-307.1059	170.9559	0.3190659	2.482889
2346	-132.4818	-303.5945	171.1126	0.162321	2.482889
2352	-154.1583	-323.1289	168.9706	0.5426015	3.5413
2358	-152.0365	-320.879	168.8426	0.6705871	3.5413
2364	-146.3043	-316.7553	170.451	0.02174769	2.974253
2370	-151.6607	-322.6431	170.9824	0.01803935	2.653317
2376	-139.8486	-310.8457	170.9971	0.003376228	2.653317
2382	-139.305	-309.7677	170.4627	0.01517679	2.971206
2388	-145.2459	-314.6657	169.4198	0.01503009	3.586853
2394	-153.4179	-323.9701	170.5523	0.01517549	2.917246
2400	-137.9319	-308.7017	170.7698	0.7141552	2.351107
2406	-151.9249	-323.0936	171.1686	0.007264397	2.5447
2412	-152.7701	-323.3783	170.6083	0.004013724	2.890166
2418	-147.5731	-315.847	168.2739	1.963158	3.115243
2424	-151.7928	-322.9018	171.109	0.6637688	2.165615
2430	-143.095	-313.6705	170.5755	0.653172	2.511806
2436	-141.095	-311.6834	170.5885	0.2917225	2.727179
2442	-128.5631	-298.1694	169.6063	0.04723796	3.459399
2448	-130.4832	-301.5904	171.1072	0.4021635	2.334983
2454	-140.6243	-309.9489	169.3245	0.3041991	3.473916
2460	-128.0003	-298.3789	170.3787	0.06403797	2.992308
2466	-126.7175	-297.9063	171.1888	0.1806182	2.423546
2472	-125.801	-296.6365	170.8355	0.1183134	2.681992
2478	-132.5274	-302.7165	170.1891	0.08422566	3.093662
2484	-133.9942	-304.04	170.0458	0.1014396	3.168707
2490	-134.1075	-305.0314	170.9239	0.4809308	2.401192
2496	-136.0654	-306.2709	170.2055	0.4271715	2.877816
2502	-137.5805	-307.5561	169.9756	0.657094	2.877816
2508	-146.6567	-317.8068	171.1502	0.5579334	2.207514
2514	-140.5023	-310.6231	170.1208	0.8460954	2.673982
2520	-144.3469	-315.0206	170.6737	0.05464189	2.819793
2526	-148.7343	-319.6593	170.9249	0.1531183	2.605412
2532	-146.7447	-316.0041	169.2593	0.1256318	3.615812
2538	-145.6025	-316.3613	170.7589	0.0658312	2.7611
2544	-151.4879	-322.1319	170.644	0.5133952	2.556196
2550	-146.7901	-317.9017	171.1116	0.291795	2.402091
2556	-143.4855	-313.5379	170.0524	0.2080706	3.101303
2562	-140.4698	-309.6379	169.1681	0.3366006	3.546252
2568	-146.3774	-316.6225	170.2451	0.8654304	2.585295
2574	-132.6754	-302.8915	170.2161	0.2554197	2.975002
2580	-134.2751	-305.1392	170.8641	0.08379572	2.685669
2586	-140.0612	-311.6975	171.6363	0.160595	2.149929
2592	-150.2545	-320.6634	170.4089	0.09099855	2.957923
2598	-147.7662	-318.1148	170.3486	0.1539055	2.956357
2604	-143.7128	-314.8138	171.101	0.3642631	2.362949
2610	-134.6172	-305.4894	170.8722	0.06679285	2.691108
2616	-153.1069	-321.6962	168.5893	0.7583676	3.637454
2622	-156.4268	-326.4307	170.0039	0.04255586	3.228401
2628	-167.3421	-337.3752	170.0331	0.07213031	3.193603
2634	-144.6224	-314.5931	169.9707	0.2560276	3.121418
2640	-137.7416	-307.9722	170.2306	0.117806	3.048789
2646	-135.5647	-306.1357	170.5709	0.1088562	2.849274
2652	-140.571	-310.7569	170.1859	0.145779	3.058806
2658	-126.6635	-297.3163	170.6528	0.2888928	2.689458
2664	-129.9592	-299.9649	170.0057	0.2225017	3.120538
2670	-128.0332	-298.5181	170.4849	0.1052152	2.903549
2676	-138.7614	-310.127	171.3656	0.4340003	2.148139
2682	-129.9837	-299.6058	169.6221	0.4340003	3.222713
2688	-147.2189	-316.9871	169.7682	0.2878717	3.222713
2694	-137.912	-308.104	170.192	0.3913452	2.90766
2700	-133.5774	-302.8883	169.3109	0.5314332	3.348784
2706	-134.0076	-303.7422	169.7346	0.3629899	3.198155
2712	-129.1421	-299.7236	170.5814	0.2496118	2.757226
2718	-130.7442	-301.9453	171.2012	0.3907259	2.282276
2724	-135.9566	-307.1564	171.1998	0.7664185	2.03866
2730	-139.5076	-309.7494	170.2417	0.5763974	2.765107
2736	-144.1537	-315.4175	171.2638	0.1708211	2.382408
2742	-136.3099	-306.8274	170.5175	0.1315282	2.86794
2748	-134.8891	-306.6226	171.7336	0.1268594	2.108397
2754	-145.9993	-316.9118	170.9125	0.2648934	2.543762
2760	-154.6957	-325.4475	170.7517	0.1804901	2.695289
2766	-151.1648	-321.9979	170.8331	0.2938079	2.575151
2772	-158.8004	-328.2418	169.4414	0.3515077	3.377795
2778	-152.0272	-323.384	171.3568	0.4085658	2.170442
2784	-148.4105	-318.7233	170.3128	0.05864253	3.035019
2790	-145.0703	-315.2383	170.168	0.3782241	2.930032
2796	-141.8901	-311.3271	169.437	0.143984	3.501789
2802	-146.8372	-317.8978	171.0605	0.1938851	2.495714
2808	-143.7653	-314.4735	170.7082	0.06797833	2.790697
2814	-154.0605	-323.8639	169.8034	0.07086416	3.330008
2820	-151.6229	-321.3494	169.7265	0.1008831	3.357563
2826	-149.2058	-319.5824	170.3767	0.04972302	3.0021
2832	-151.3549	-321.6649	170.31	0.01439257	3.063173
2838	-144.3251	-315.2656	170.9405	0.0724331	2.645637
2844	-136.9154	-307.7908	170.8754	0.137512	2.645637
2850	-134.2337	-304.958	170.7242	0.09002267	2.76748
2856	-137.2747	-307.8486	170.5739	0.4305496	2.650853
2862	-132.4237	-304.1182	171.6945	0.4305496	1.932553
2868	-150.018	-320.8991	170.8811	0.2331524	2.583001
2874	-143.9689	-313.2034	169.2345	0.2331524	3.567769
2880	-133.2636	-304.5486	171.2849	0.04242472	2.449998
2886	-137.1512	-308.209	171.0578	0.269559	2.449998
2892	-152.9771	-322.744	169.7669	0.291488	3.221332
2898	-157.2429	-327.149	169.9061	0.2222677	3.179871
2904	-140.1904	-309.9739	169.7835	0.745768	2.940268
2910	-140.4173	-310.7278	170.3105	0.6026276	2.706977
2916	-136.4325	-307.7244	171.2919	0.1066598	2.40516
2922	-142.2522	-312.7606	170.5084	0.2877336	2.778537
2928	-143.0075	-313.5114	170.504	0.2921735	2.778537
2934	-144.5487	-316.3006	171.7519	0.3440695	1.95212
2940	-147.833	-317.8428	170.0098	0.1773901	3.144951
2946	-157.4323	-327.1871	169.7547	0.4324343	3.144951
2952	-152.5014	-323.3631	170.8617	0.4852742	2.437649
2958	-145.5112	-317.2961	171.7848	0.1528722	2.057537
2964	-152.183	-322.4519	170.2689	0.1581254	3.001739
2970	-143.264	-313.1069	169.8429	0.2966711	3.173246
2976	-145.467	-315.1393	169.6724	0.7078365	3.029793
2982	-134.6613	-305.404	170.7427	0.3460647	2.598796
2988	-139.2085	-309.8634	170.655	0.4337836	2.598796
2994	-141.4401	-311.9061	170.4659	0.2868251	2.804951
3000	-135.4025	-305.8834	170.4809	0.1193434	2.897426
3006	-137.7105	-308.9641	171.2536	0.1193434	2.421327
3012	-140.5982	-310.3291	169.7309	0.3082897	3.232727
3018	-147.0431	-317.6558	170.6128	0.2736193	2.723377
3024	-138.1871	-308.7306	170.5435	0.2381114	2.787374
3030	-140.2561	-311.4108	171.1547	0.4616987	2.266574
3036	-141.9929	-311.795	169.8021	0.1069655	3.309515
3042	-146.1599	-315.3448	169.1849	0.1376669	3.651986
3048	-142.8499	-313.1928	170.3429	0.143574	2.966012
3054	-137.9725	-309.3707	171.3982	0.309512	2.207754
3060	-136.8683	-308.0651	171.1968	0.03383226	2.510574
3066	-148.2805	-318.5419	170.2614	0.01212522	3.093561
3072	-148.5161	-318.2095	169.6934	0.1856549	3.327196
3078	-146.1792	-317.2739	171.0947	0.1869601	2.478648
3084	-143.2648	-314.4106	171.1458	0.9226873	1.970565
3090	-137.5006	-307.5486	170.048	0.3178485	3.038384
3096	-130.8895	-301.0944	170.2049	0.3263538	2.939034
3102	-133.5564	-304.8155	171.2591	0.1449529	2.401677
3108	-138.6554	-309.8239	171.1685	0.3039861	2.358372
3114	-143.2382	-314.5466	171.3084	0.1503389	2.367125
3120	-151.5046	-321.8761	170.3715	0.2036743	2.912566
3126	-156.4658	-326.4773	170.0115	0.2036743	3.128311
3132	-149.0801	-320.3248	171.2447	0.04998558	2.470514
3138	-149.1918	-320.1764	170.9846	0.0804582	2.613441
3144	-143.8695	-313.2885	169.419	0.2240488	3.465534
3150	-142.6121	-313.5463	170.9342	0.03847568	2.670432
3156	-147.2067	-318.0242	170.8175	0.03431259	2.744518
3162	-139.1698	-310.0396	170.8698	0.1166577	2.661923
3168	-134.5856	-304.6467	170.0611	0.1793125	3.1133
3174	-143.0233	-312.9801	169.9567	0.3206574	3.091226
3180	-139.8236	-309.7138	169.8902	0.1454989	3.234751
3186	-144.6699	-316.252	171.5821	0.0388795	2.263638
3192	-139.5995	-310.5164	170.9169	0.05054346	2.673668
3198	-140.8862	-310.9036	170.0173	0.2092084	3.121532
3204	-142.7818	-313.5178	170.736	0.4977964	2.50861
3210	-132.8741	-303.773	170.8988	0.1523009	2.622052
3216	-135.0609	-306.0041	170.9433	0.1078711	2.622052
3222	-135.7978	-306.1937	170.3959	0.5123513	2.709993
3228	-144.0283	-313.9838	169.9555	0.1078084	3.218406
3234	-153.302	-322.8503	169.5483	0.2436328	3.378397
3240	-151.2615	-320.1418	168.8803	0.130826	3.831743
3246	-150.2119	-320.8775	170.6656	0.01155663	2.850902
3252	-144.9217	-314.861	169.9393	0.05670594	3.258235
3258	-144.6361	-315.9763	171.3402	0.5522634	2.087342
3264	-144.184	-315.3305	171.1465	0.02292985	2.548732
3270	-146.5146	-316.6091	170.0945	0.1378349	3.118086
3276	-141.5208	-312.575	171.0542	0.09107554	2.563727
3282	-137.8036	-307.7426	169.939	0.2732561	3.130031
3288	-144.9894	-316.618	171.6286	0.02167112	2.244792
3294	-143.788	-313.2262	169.4382	0.2417135	3.444029
3300	-161.1369	-330.1198	168.983	0.1086718	3.785399
3306	-154.1467	-323.1676	169.0209	0.07072459	3.785399
3312	-152.669	-321.1931	168.5241	0.2009171	3.995758
3318	-147.8528	-317.9807	170.128	0.07874256	3.133327
3324	-142.8421	-313.9453	171.1032	0.3948558	2.342166
3330	-151.9814	-323.7134	171.732	0.7569049	1.68082
3336	-134.9051	-305.0087	170.1035	0.1282066	3.118447
3342	-159.7686	-329.1139	169.3453	0.0174661	3.62869
3348	-161.958	-331.4384	169.4804	0.2137596	3.435675
3354	-148.6234	-319.392	170.7686	0.4155591	2.539533
3360	-141.8647	-312.8863	171.0216	0.1260362	2.562298
3366	-133.0321	-304.2241	171.192	0.1920484	2.414329
3372	-135.4686	-305.217	169.7484	0.495987	3.110902
3378	-143.4911	-314.0106	170.5196	0.3760922	2.717703
3384	-148.661	-319.7551	171.0941	0.8021876	2.08486
3390	-144.9397	-315.0752	170.1356	0.2561373	3.022904
3396	-143.189	-313.8556	170.6666	0.382917	2.623055
3402	-143.3407	-312.9907	169.65	0.2421024	3.319514
3408	-146.1535	-314.7909	168.6374	0.1384975	3.966664
3414	-161.3288	-331.0855	169.7567	0.2144089	3.272924
3420	-154.4439	-324.2103	169.7664	0.08771379	3.341864
3426	-152.7082	-323.5084	170.8002	0.2815716	2.60309
3432	-147.0015	-317.008	170.0066	0.106946	3.188692
3438	-151.651	-321.6821	170.031	0.08249986	3.188692
3444	-141.7784	-311.6362	169.8577	0.3033634	3.160449
3450	-151.133	-322.3099	171.1768	0.1525187	2.448747
3456	-154.7761	-325.0383	170.2623	0.3518346	2.889062
3462	-148.6041	-319.3562	170.7521	0.2140896	2.674404
3468	-149.6706	-320.3234	170.6529	0.2781742	2.696008
3474	-138.1051	-308.4491	170.3441	0.1731562	2.947495
3480	-155.3422	-325.5427	170.2005	0.4173492	2.886792
3486	-143.9867	-315.1462	171.1595	0.1122967	2.484849
3492	-138.8439	-307.7341	168.8902	0.5679311	3.573327
3498	-136.5695	-307.7428	171.1733	0.03389522	2.525197
3504	-142.3548	-313.8168	171.462	0.006425087	2.360949
3510	-132.6816	-303.296	170.6144	0.213076	2.75939
3516	-140.4706	-310.7698	170.2992	0.5283381	2.75939
3522	-129.9697	-301.4032	171.4335	0.09331564	2.323836
3528	-126.4462	-297.1358	170.6895	0.03325063	2.823177
3534	-130.2153	-300.4892	170.2739	0.1911089	2.978914
3540	-136.24	-306.5561	170.3161	0.1489447	2.978914
3546	-139.2901	-308.982	169.6919	0.0276927	3.420755
3552	-146.6217	-317.5984	170.9767	0.8253955	2.14652
3558	-145.7883	-317.046	171.2578	0.6916133	2.049829
3564	-148.1274	-317.384	169.2567	0.3099228	3.510164
3570	-148.3691	-317.4151	169.046	0.1876582	3.703423
3576	-144.2933	-313.7495	169.4562	0.1356303	3.495436
3582	-153.4598	-322.6874	169.2276	0.1257742	3.634133
3588	-149.993	-320.0029	170.0099	0.0165891	3.240189
3594	-153.68	-323.8579	170.178	0.07250093	3.107291
3600	-161.6189	-332.111	170.4921	0.1591492	2.866583
3606	-152.881	-324.258	171.377	0.1954901	2.294706
3612	-152.4229	-323.2933	170.8705	0.3359935	2.525664
3618	-153.1283	-323.6344	170.5061	0.05303718	2.922233
3624	-153.8609	-322.8532	168.9923	0.3446408	3.643669
3630	-155.4663	-325.616	170.1496	0.06372933	3.129374
3636	-144.8562	-315.9358	171.0796	0.2851415	2.426468
3642	-148.7505	-319.0613	170.3108	0.4192673	2.81877
3648	-146.7858	-316.9228	170.1371	0.04107761	3.150327
3654	-141.3149	-312.3629	171.048	0.2581769	2.463331
3660	-143.8464	-313.4593	169.6128	0.9459714	2.922445
3666	-148.7553	-317.601	168.8457	0.2928	3.758387
3672	-152.7556	-322.5074	169.7518	0.07227797	3.359508
3678	-148.6039	-318.1422	169.5384	0.1500777	3.438992
3684	-142.1789	-312.8604	170.6816	0.3753226	2.618494
3690	-146.1062	-316.2589	170.1528	1.305019	2.36772
3696	-136.5081	-307.8031	171.295	0.162755	2.36772
3702	-143.3036	-314.2175	170.914	0.2268676	2.566478
3708	-144.9358	-315.9482	171.0124	0.1284301	2.566478
3714	-143.6231	-314.7914	171.1683	0.3181965	2.349481
3720	-141.9885	-312.7776	170.789	0.02070793	2.770232
3726	-138.7483	-309.0153	170.267	0.008314339	3.092481
3732	-141.4964	-312.8777	171.3812	0.006444719	2.412042
3738	-137.0209	-307.9418	170.9209	0.01230334	2.69469
3744	-146.3735	-317.4331	171.0596	0.01714456	2.606216
3750	-156.07	-325.8842	169.8143	0.1348846	3.285876
3756	-153.1806	-323.9259	170.7453	0.3533995	2.592612
3762	-146.3413	-316.2102	169.869	0.4031843	3.094352
3768	-155.2499	-323.7025	168.4527	2.192768	2.870099
3774	-151.2214	-321.0153	169.7939	0.4532738	3.109245
3780	-158.7353	-327.1798	168.4445	0.4595966	3.893219
3786	-163.7262	-332.9229	169.1967	0.4595966	3.457817
3792	-141.0866	-310.7033	169.6167	0.5245066	3.172287
3798	-141.7619	-311.702	169.9401	0.1124101	3.224806
3804	-151.7579	-321.3746	169.6167	0.0009753057	3.480367
3810	-159.9415	-330.0133	170.0718	0.002315484	3.212021
3816	-141.3735	-312.1155	170.742	0.2022975	2.687868
3822	-134.4664	-305.8061	171.3397	0.2932759	2.255914
3828	-142.4921	-312.4861	169.9939	0.1831542	3.150956
3834	-142.1461	-313.0711	170.925	0.4123738	2.443712
3840	-151.8612	-322.53	170.6688	1.634032	1.811227
3846	-163.7077	-333.3897	169.682	1.636306	2.455696
3852	-168.8669	-337.9772	169.1103	0.2961042	3.603373
3858	-159.2967	-328.5254	169.2287	0.2905569	3.537767
3864	-145.2167	-316.4292	171.2125	0.1276224	2.441974
3870	-136.75	-309.0998	172.3498	0.04491186	1.747305
3876	-128.4877	-299.965	171.4773	0.3643328	2.120694
3882	-134.618	-305.7961	171.1781	0.4895491	2.233627
3888	-140.5178	-311.2986	170.7808	0.03858563	2.764381
3894	-139.9765	-308.8777	168.9012	0.08758091	3.844564
3900	-136.677	-307.0207	170.3437	0.03935263	3.028076
3906	-136.035	-304.5064	168.4714	0.2857851	3.977354
3912	-153.325	-322.9895	169.6645	0.1607114	3.35885
3918	-155.3364	-325.0593	169.7229	0.177059	3.314865
3924	-154.0619	-324.1926	170.1307	0.03980504	3.154848
3930	-138.469	-309.0831	170.6141	0.2192487	2.755837
3936	-141.9883	-312.7817	170.7934	0.2192487	2.645802
3942	-140.1099	-309.1299	169.0199	0.1700922	3.728665
3948	-141.084	-310.7967	169.7128	0.01655237	3.415083
3954	-145.4798	-315.1349	169.6551	0.4349234	3.202606
3960	-150.2533	-320.5185	170.2652	0.5897428	2.742631
3966	-137.5375	-307.1079	169.5705	0.2657954	3.352346
3972	-165.5866	-335.201	169.6144	0.1641026	3.386253
3978	-146.9835	-316.3023	169.3188	0.01830283	3.643596
3984	-150.7886	-320.9396	170.151	0.03947411	3.142969
3990	-135.7824	-306.9231	171.1408	0.06978156	2.523116
3996	-139.7754	-309.7916	170.0162	0.2627324	3.090282
4002	-130.1909	-300.7841	170.5933	0.128662	2.823696
4008	-139.1569	-310.5323	171.3754	0.2206183	2.279655
4014	-137.6562	-308.5399	170.8838	0.7122435	2.279655
4020	-132.7407	-303.265	170.5244	0.01511597	2.934086
4026	-130.5128	-301.6749	171.1621	0.003667174	2.551011
4032	-138.587	-308.7664	170.1794	0.1070182	3.08582
4038	-139.6669	-310.0305	170.3635	0.2080433	2.914734
4044	-140.9484	-312.269	171.3206	0.118143	2.379777
4050	-141.5571	-311.0867	169.5296	0.4260426	3.282048
4056	-137.187	-307.0831	169.8961	0.3474782	3.111416
4062	-131.0956	-302.2042	171.1086	0.3532677	2.365129
4068	-132.5912	-301.0323	168.441	0.278487	3.998888
4074	-143.506	-311.9734	168.4674	0.2521185	3.998888
4080	-148.0966	-318.3271	170.2306	0.2521185	2.968286
4086	-132.2195	-303.163	170.9435	0.2238626	2.550007
4092	-134.492	-305.4355	170.9435	0.2238626	2.550007
4098	-138.3161	-308.8368	170.5207	0.03811739	2.922448
4104	-143.2899	-313.4198	170.1299	0.09232487	3.124082
4110	-136.036	-304.8711	168.8351	0.1633005	3.839031
4116	-140.4172	-311.0705	170.6533	0.3105095	2.675871
4122	-133.5666	-304.404	170.8373	0.02471925	2.738273
4128	-133.8759	-305.221	171.3451	0.01342191	2.430393
4134	-144.799	-315.7987	170.9997	0.0234797	2.639295
4140	-137.7632	-307.7151	169.9518	0.007159308	3.280077
4146	-140.5493	-311.6519	171.1026	0.3735061	2.356098
4152	-131.0156	-301.9432	170.9276	0.02642106	2.681875
4158	-135.6078	-305.8705	170.2627	0.02088191	3.087522
4164	-148.6875	-319.5689	170.8814	0.1927505	2.607832
4170	-140.7317	-310.247	169.5154	0.4941421	3.250249
4176	-154.6877	-324.4951	169.8074	0.9361026	2.810589
4182	-136.2307	-305.8808	169.6502	0.9429074	2.901766
4188	-144.2692	-313.812	169.5428	0.4155883	3.280437
4194	-139.5016	-309.1868	169.6853	0.02354357	3.427101
4200	-143.6365	-312.9294	169.2929	0.04339638	3.644013
4206	-147.3	-316.7483	169.4482	0.08113785	3.531866
4212	-151.1848	-321.0851	169.9003	0.2276466	3.180102
4218	-147.3991	-318.5449	171.1458	0.01755638	2.552511
4224	-148.5537	-317.3656	168.8118	0.0195178	3.934903
4230	-141.4388	-311.7975	170.3586	0.04588645	3.015221
4236	-148.5718	-318.9552	170.3834	0.8183546	2.528587
4242	-145.2078	-315.4297	170.222	0.4784853	2.83674
4248	-136.1474	-306.1542	170.0068	0.2465582	3.105582
4254	-144.4592	-314.3245	169.8653	0.3880182	3.105582
4260	-135.1821	-306.2991	171.117	0.1724778	2.473804
4266	-152.9065	-322.1853	169.2788	0.1724778	3.577291
4272	-144.1577	-314.1596	170.002	0.02230911	3.241528
4278	-135.5549	-305.3041	169.7492	0.09745754	3.346243
4284	-129.95	-300.5299	170.5799	0.2033598	2.786374
4290	-126.8668	-297.4205	170.5537	0.1080782	2.860182
4296	-132.3905	-301.8045	169.414	0.3760253	3.37952
4302	-130.8088	-301.5141	170.7054	0.1292816	2.755041
4308	-135.4478	-305.8544	170.4067	0.0397496	2.990076
4314	-155.8199	-325.4129	169.593	0.08915774	3.442678
4320	-162.069	-332.5425	170.4735	0.08622887	2.921898
4326	-134.4381	-305.3189	170.8808	0.1550232	2.631499
4332	-152.2654	-323.831	171.5656	0.1965904	2.172487
4338	-129.6881	-300.7492	171.0611	0.6945204	2.176771
4344	-136.7112	-308.1125	171.4013	0.05835598	2.366536
4350	-146.4669	-317.0921	170.6252	0.09383006	2.825466
4356	-157.6225	-328.1795	170.5571	0.1619473	2.825466
4362	-154.1535	-324.9285	170.775	0.01404095	2.782889
4368	-136.9962	-307.4676	170.4714	0.05251874	2.943457
4374	-137.9407	-309.0768	171.1361	0.1484919	2.476841
4380	-138.1953	-308.5166	170.3212	0.1313371	2.986384
4386	-138.5171	-307.4598	168.9427	0.5047636	3.579525
4392	-136.6256	-307.0545	170.4289	0.07899691	2.953138
4398	-142.4848	-314.0573	171.5726	0.2709875	2.119438
4404	-146.1659	-316.1272	169.9613	0.08113493	3.230781
4410	-146.2709	-317.1002	170.8293	0.04404177	2.731386
4416	-136.7581	-307.7363	170.9782	0.01308556	2.658943
4422	-155.2284	-324.961	169.7326	0.4261851	3.161811
4428	-149.3644	-319.6894	170.325	1.356682	2.224602
4434	-136.5765	-307.5155	170.939	1.400004	1.786165
4440	-142.9071	-312.7597	169.8526	1.928149	2.16045
4446	-140.9226	-312.1316	171.209	0.4278802	2.253442
4452	-147.8832	-318.6379	170.7547	0.7400749	2.344217
4458	-143.2575	-313.921	170.6635	0.1551499	2.764807
4464	-139.7001	-310.9194	171.2192	0.1798269	2.404853
4470	-140.926	-311.5737	170.6477	0.1829306	2.757467
4476	-145.2147	-314.8698	169.6551	0.1209503	3.387673
4482	-157.1462	-325.6948	168.5487	0.6598347	3.717989
4488	-142.265	-310.9718	168.7068	0.1976424	3.892992
4494	-145.596	-315.2284	169.6324	0.226563	3.338966
4500	-153.6065	-322.8821	169.2756	0.509936	3.382117
4506	-152.3977	-323.2447	170.847	0.07112367	2.703916
4512	-148.9043	-318.4715	169.5672	0.2017444	3.391839
4518	-145.2833	-316.0282	170.7449	0.05541452	2.776012
4524	-154.8849	-324.4267	169.5418	0.2980863	3.350202
4530	-144.9583	-314.7997	169.8414	0.1959692	3.233799
4536	-151.3037	-321.5121	170.2084	0.1017095	3.071731
4542	-143.083	-313.8906	170.8076	0.01247199	2.763923
4548	-158.0171	-327.0202	169.0031	0.9498845	3.283604
4554	-139.8541	-310.1172	170.2631	0.2314766	2.961164
4560	-143.4624	-313.7743	170.3119	0.1826676	2.961164
4566	-148.9263	-319.7041	170.7778	0.07226633	2.74563
4572	-141.1047	-311.9224	170.8177	0.03231048	2.74563
4578	-160.3441	-330.0044	169.6603	0.06931989	3.414914
4584	-144.7605	-315.9577	171.1972	0.2037619	2.403659
4590	-148.0036	-318.0332	170.0296	0.2291818	3.10233
4596	-146.499	-316.7797	170.2808	0.2484171	2.940311
4602	-145.1557	-316.8698	171.714	0.4174093	1.928227
4608	-156.1051	-326.7041	170.599	0.4174093	2.643478
4614	-139.9865	-310.4018	170.4152	0.1019598	2.947542
4620	-139.0909	-309.976	170.8851	0.3449136	2.510983
4626	-144.1535	-315.2125	171.059	0.02793577	2.599937
4632	-162.1035	-333.3108	171.2073	0.1910764	2.405312
4638	-153.6571	-324.2887	170.6315	0.8092791	2.378469
4644	-150.0276	-319.0465	169.0189	0.1109745	3.763372
4650	-142.4825	-313.5841	171.1016	0.1612756	2.490443
4656	-134.9379	-305.4195	170.4816	0.251187	2.817118
4662	-127.8427	-297.6385	169.7958	0.02953526	3.358751
4668	-138.1889	-307.9839	169.795	0.03032673	3.358751
4674	-146.6053	-316.9973	170.3921	0.3286314	2.824452
4680	-142.1871	-312.6542	170.4671	0.5247565	2.658593
4686	-160.2794	-330.2316	169.9522	0.03444246	3.263736
4692	-128.2323	-298.8469	170.6146	0.1149756	2.819062
4698	-131.4939	-301.9381	170.4442	0.9888845	2.383336
4704	-130.4744	-300.3838	169.9093	0.3344441	3.111267
4710	-128.024	-298.6426	170.6186	0.3457363	2.675525
4716	-128.8811	-298.3587	169.4776	0.4690124	3.287395
4722	-140.8932	-310.7647	169.8714	0.06761968	3.291839
4728	-139.0378	-308.822	169.7841	0.1549046	3.291839
4734	-142.3979	-312.5264	170.1285	0.04183305	3.154958
4740	-142.3715	-313.8717	171.5002	0.3914984	2.087875
4746	-129.1632	-299.906	170.7428	0.2396068	2.664407
4752	-125.2838	-296.2069	170.9231	0.974127	2.084253
4758	-128.8792	-299.6816	170.8024	0.2001078	2.652044
4764	-140.7231	-311.1784	170.4553	0.2059752	2.86053
4770	-149.0346	-317.751	168.7164	0.5265091	3.698091
4776	-148.8553	-318.801	169.9457	0.2437285	3.143612
4782	-153.6758	-324.2985	170.6227	0.5086625	2.572365
4788	-148.0847	-318.9729	170.8882	0.9620294	2.11507
4794	-151.1327	-321.2601	170.1273	1.722922	2.11507
4800	-152.4639	-323.837	171.3731	0.80674	1.895454
4806	-141.8076	-312.4192	170.6116	0.5139393	2.575981
4812	-145.8707	-316.5985	170.7278	0.2910448	2.641985
4818	-144.7368	-315.0853	170.3484	0.1919084	2.933588
4824	-143.388	-312.947	169.5591	0.5203449	3.208892
4830	-135.0959	-306.2498	171.1539	0.1183225	2.484572
4836	-135.3776	-305.1044	169.7268	0.1300014	3.340271
4842	-141.9931	-313.3217	171.3286	0.1300014	2.367189
4848	-138.6909	-310.2133	171.5225	0.2545592	2.162845
4854	-132.9189	-302.6221	169.7032	1.99884	2.211417
4860	-133.6272	-304.5124	170.8852	0.307478	2.534247
4866	-131.9902	-304.0723	172.0821	0.2381291	1.799217
4872	-124.4944	-295.1402	170.6458	0.2381291	2.724893
4878	-130.5101	-300.8102	170.3002	0.4152095	2.827689
4884	-134.8182	-305.2593	170.4411	0.2742879	2.827689
4890	-141.6985	-312.8728	171.1742	0.1284906	2.465467
4896	-138.0586	-307.6215	169.5629	0.07424332	3.469029
4902	-140.4522	-310.8302	170.378	0.3962316	2.791861
4908	-137.707	-307.371	169.664	0.3529631	3.245872
4914	-123.2011	-294.2917	171.0906	0.02535153	2.581912
4920	-129.6554	-300.6198	170.9645	0.04755328	2.646194
4926	-135.9393	-307.3687	171.4294	0.1692654	2.27794
4932	-138.4696	-308.2583	169.7887	0.2562924	3.229251
4938	-148.5881	-318.691	170.1029	0.3146251	3.007413
4944	-146.0157	-316.3403	170.3246	0.09298035	3.007413
4950	-143.6131	-314.2391	170.626	0.2785773	2.712236
4956	-158.2554	-327.7992	169.5438	0.2437392	3.380965
4962	-147.0471	-316.4358	169.3886	0.289506	3.445035
4968	-153.4069	-323.7731	170.3662	0.148914	2.948763
4974	-162.9656	-329.9941	167.0285	2.019587	3.810473
4980	-163.4631	-333.5439	170.0807	0.1142759	3.14029
4986	-161.7791	-332.64	170.8609	0.02384475	2.724415
4992	-156.5399	-324.3774	167.8376	2.164558	3.254625
4998	-168.9071	-340.8743	171.9673	0.3823433	1.77882
5004	-162.5361	-332.3683	169.8322	0.4254779	3.102976
5010	-156.3197	-325.3231	169.0034	0.5434261	3.521696
5016	-150.9969	-320.9849	169.9881	0.5434261	2.938921
5022	-142.5677	-313.2328	170.6652	0.5805497	2.501165
5028	-141.5343	-312.6461	171.1117	0.4803623	2.282144
5034	-149.6276	-319.8382	170.2106	0.1709937	3.02896
5040	-144.7667	-315.4228	170.6561	0.2249318	2.726646
5046	-150.1447	-320.8277	170.683	0.1980419	2.726646
5052	-142.6697	-313.8587	171.189	0.07015501	2.492754
5058	-143.3365	-314.2276	170.8911	0.2697433	2.554041
5064	-152.2272	-322.0333	169.8061	0.4435697	3.107766
5070	-153.2185	-324.0579	170.8393	0.2151792	2.619963
5076	-149.1392	-318.4493	169.3101	0.2544643	3.511388
5082	-161.6286	-331.5506	169.922	0.08762327	3.250189
5088	-150.2267	-320.7511	170.5244	0.02083826	2.930625
5094	-152.3107	-323.3365	171.0258	0.05312258	2.604887
5100	-155.3155	-326.3484	171.0328	0.1925516	2.51387
5106	-152.1482	-322.2338	170.0856	0.09810115	3.147035
5112	-156.0136	-324.2848	168.2712	0.01913416	4.243112
5118	-151.3358	-322.0792	170.7434	0.01959261	2.798729
5124	-143.0901	-312.0833	168.9932	0.2974179	3.670501
5130	-141.267	-311.4369	170.1698	0.06708704	3.115364
5136	-141.6355	-311.5142	169.8788	0.3581215	3.115364
5142	-132.689	-303.4394	170.7504	0.3361311	2.600153
5148	-134.3396	-304.9357	170.5961	0.2206637	2.765958
5154	-146.6396	-317.7561	171.1165	0.3364105	2.370785
5160	-141.3315	-311.6976	170.3661	0.0288723	3.020924
5166	-146.9978	-318.0887	171.0909	0.2871416	2.418099
5172	-147.0065	-317.171	170.1645	0.07609883	3.113169
5178	-137.4428	-308.038	170.5952	0.07803207	2.853276
5184	-144.3486	-316.2106	171.862	0.05515446	2.071117
5190	-150.0239	-321.9718	171.9479	0.1916971	1.922722
5196	-141.8934	-311.2148	169.3214	0.5343434	3.340895
5202	-133.9353	-304.6389	170.7036	0.07284153	2.790565
5208	-142.1872	-313.083	170.8959	0.1668597	2.614876
5214	-145.5064	-315.5191	170.0126	0.2917977	3.075104
5220	-149.1989	-319.4639	170.265	0.03939793	3.075104
5226	-149.1775	-318.028	168.8505	0.3266938	3.736059
5232	-137.9439	-309.1534	171.2095	0.1540593	2.427253
5238	-134.5064	-305.0295	170.5231	0.03113812	2.925202
5244	-137.4879	-307.6031	170.1152	0.2125443	3.061193
5250	-138.6429	-308.8777	170.2349	0.5128933	2.808001
5256	-133.2844	-303.9415	170.6571	0.09060908	2.808001
5262	-139.9022	-309.8489	169.9466	0.0873474	3.235786
5268	-147.0802	-316.4344	169.3542	0.3042324	3.45656
5274	-135.6998	-305.1611	169.4613	0.03528793	3.550937
5280	-133.9294	-305.4692	171.5398	0.2588619	2.148754
5286	-139.4144	-310.1011	170.6867	0.02886987	2.827544
5292	-139.3002	-310.441	171.1408	0.1564277	2.468902
5298	-142.2554	-313.1241	170.8687	0.1379938	2.649463
5304	-136.5995	-306.6293	170.0299	0.1488548	3.149972
5310	-140.0237	-311.14	171.1163	0.3717768	2.348465
5316	-133.5129	-304.6221	171.1092	0.1903236	2.467504
5322	-133.0598	-304.517	171.4572	0.1903236	2.246564
5328	-137.0218	-307.8546	170.8327	0.2540295	2.600014
5334	-131.7139	-302.6932	170.9793	0.3216624	2.466595
5340	-133.4596	-304.2433	170.7837	0.08010785	2.73719
5346	-137.1507	-307.8243	170.6736	0.5422348	2.519841
5352	-149.515	-319.6176	170.1026	0.3537908	2.984107
5358	-144.673	-315.1339	170.4609	0.4897517	2.683943
5364	-139.0444	-310.0644	171.02	0.517165	2.317221
5370	-137.3262	-308.3336	171.0074	0.2206907	2.512178
5376	-142.895	-313.696	170.8009	0.4271323	2.512178
5382	-146.0996	-317.0508	170.9512	0.3356786	2.475378
5388	-144.6319	-313.6771	169.0452	0.07382622	3.769606
5394	-139.145	-309.8741	170.7292	0.3161938	2.625629
5400	-147.3485	-317.5956	170.2471	0.2199506	2.977674
5406	-134.3068	-304.512	170.2052	0.62514	2.757685
5412	-141.2073	-311.7286	170.5212	0.07720799	2.898526
5418	-149.6472	-320.9592	171.3121	0.0332965	2.438689
5424	-138.3113	-308.0466	169.7353	0.1337138	3.333084
5430	-139.3399	-310.7005	171.3606	0.1332782	2.344832
5436	-143.2996	-314.6418	171.3422	0.1516655	2.344832
5442	-138.939	-309.9739	171.0349	0.1667342	2.528695
5448	-131.1485	-301.8191	170.6706	0.4356927	2.587918
5454	-129.7101	-300.7423	171.0322	0.239197	2.485101
5460	-128.0869	-297.8434	169.7565	0.44031	3.139211
5466	-132.9519	-302.3607	169.4087	0.1732144	3.501223
5472	-130.1148	-301.3358	171.2209	0.3454771	2.298585
5478	-127.9629	-298.6246	170.6617	0.02207598	2.846875
5484	-141.2455	-311.7028	170.4573	1.098025	2.30567
5490	-143.4344	-313.3767	169.9422	0.06465925	3.251798
5496	-146.9848	-316.9174	169.9327	0.3845279	3.067474
5502	-145.8152	-315.8981	170.0829	0.4373609	2.945701
5508	-154.0141	-324.3104	170.2963	0.6544289	2.683937
5514	-144.9018	-315.1981	170.2963	0.6544289	2.683937
5520	-139.7759	-310.0373	170.2614	0.6544289	2.705344
5526	-147.8854	-317.7747	169.8893	0.1464782	3.234714
5532	-157.7461	-327.6267	169.8805	0.1552482	3.234714
5538	-151.4407	-321.2172	169.7765	0.06054062	3.351896
5544	-156.2833	-326.9398	170.6565	0.0352935	2.841991
5550	-145.7563	-316.6091	170.8528	0.1251526	2.667177
5556	-157.0327	-327.9069	170.8742	0.1037513	2.667177
5562	-142.2456	-312.2612	170.0156	0.1344583	3.167009
5568	-140.0205	-310.4635	170.443	0.08909979	2.938565
5574	-145.9537	-317.0383	171.0846	0.2072557	2.472281
5580	-132.819	-303.8485	171.0295	0.2623622	2.472281
5586	-138.5624	-308.7023	170.1399	0.0603499	3.137163
5592	-149.8419	-320.8291	170.9872	0.1902554	2.543756
5598	-146.3436	-317.1624	170.8187	0.224933	2.626675
5604	-147.2493	-317.5772	170.3279	0.1205123	2.988891
5610	-146.7289	-316.4931	169.7641	0.09288221	3.340136
5616	-152.8382	-323.0869	170.2486	0.1021739	3.047387
5622	-146.7489	-318.1868	171.4379	0.2476949	2.222061
5628	-141.4283	-312.5506	171.1223	0.4109972	2.319687
5634	-143.9317	-313.6431	169.7114	0.04913948	3.396809
5640	-133.4625	-304.2733	170.8108	0.07474938	2.723884
5646	-141.0721	-311.3399	170.2677	0.2646447	2.938392
5652	-148.7388	-317.2036	168.4648	0.1231752	4.07394
5658	-148.3708	-317.4835	169.1127	0.1410709	3.691826
5664	-144.3138	-313.2187	168.9049	0.1410709	3.81168
5670	-145.6136	-316.6526	171.039	0.1933366	2.509518
5676	-147.0133	-316.5824	169.5691	0.1823465	3.402101
5682	-151.935	-322.5479	170.613	0.22477	2.753146
5688	-146.384	-317.4665	171.0825	0.2370617	2.45488
5694	-140.1237	-309.5535	169.4298	0.009428906	3.584304
5700	-144.5426	-314.4232	169.8806	0.3165742	3.139003
5706	-149.4606	-319.2656	169.805	0.1360055	3.290699
5712	-160.8048	-329.9011	169.0962	0.1677265	3.685914
5718	-153.4974	-323.0597	169.5622	0.2783882	3.349772
5724	-150.4781	-320.0782	169.6001	0.240528	3.349772
5730	-163.9678	-333.4404	169.4726	0.1132797	3.498901
5736	-160.3598	-330.3412	169.9814	0.125339	3.192723
5742	-148.2702	-318.6937	170.4234	0.1718024	2.900453
5748	-148.2031	-316.6204	168.4174	0.1292738	4.097519
5754	-161.045	-330.2906	169.2456	0.3881155	3.471024
5760	-156.1921	-326.4304	170.2383	0.3069441	2.930602
5766	-133.2198	-304.5764	171.3566	0.07776548	2.382521
5772	-131.2093	-301.6676	170.4583	0.1552296	2.8894
5778	-151.451	-322.3627	170.9117	0.2887281	2.529436
5784	-140.9808	-310.6208	169.6399	0.07008563	3.426394
5790	-145.184	-315.1942	170.0102	0.1658094	3.151566
5796	-137.2074	-307.4498	170.2424	0.3338099	2.911942
5802	-134.7992	-305.3118	170.5126	0.04874898	2.920923
5808	-142.5243	-312.9253	170.401	0.4675446	2.734291
5814	-146.8454	-316.2988	169.4534	0.02902194	3.559215
5820	-149.4997	-319.3517	169.852	0.1850608	3.233943
5826	-157.9153	-328.8034	170.8881	0.1850608	2.608437
5832	-142.1828	-311.4039	169.2211	0.3417093	3.512361
5838	-137.6935	-307.6039	169.9105	0.07947515	3.261822
5844	-140.4802	-311.7852	171.305	0.08152407	2.412752
5850	-133.9677	-305.1272	171.1596	0.02156381	2.541433
5856	-127.87	-298.5656	170.6956	0.1156925	2.769287
5862	-136.4952	-306.7724	170.2773	0.4482138	2.82153
5868	-135.3364	-307.044	171.7076	0.04097322	2.18129
5874	-143.7614	-314.8949	171.1335	0.03226817	2.551021
5880	-147.4147	-318.047	170.6323	0.05473552	2.844868
5886	-143.804	-313.5734	169.7694	0.1381074	3.310427
5892	-142.9526	-314.7239	171.7713	0.1394175	2.075359
5898	-142.6963	-314.0544	171.3581	0.1617366	2.328321
5904	-124.8516	-296.0748	171.2232	0.2655722	2.348035
5910	-124.3149	-295.8386	171.5237	0.1987368	2.198245
5916	-123.0449	-294.3645	171.3196	0.1383059	2.367645
5922	-119.0292	-289.8156	170.7865	0.06323975	2.745831
5928	-133.2323	-303.8351	170.6028	0.6089694	2.522366
5934	-127.0118	-297.7622	170.7504	0.5043701	2.495487
5940	-137.5492	-307.6037	170.0545	0.1749806	3.11979
5946	-133.8521	-304.395	170.5429	0.1926148	2.815456
5952	-138.7204	-309.5755	170.8551	0.1131514	2.67314
5958	-142.5871	-313.2092	170.622	0.08811959	2.830853
5964	-143.377	-314.0712	170.6942	0.6349427	2.448875
5970	-145.4211	-316.895	171.4738	1.135401	1.594207
5976	-145.6532	-317.2277	171.5745	1.034719	1.594207
5982	-139.9579	-310.2438	170.286	1.336569	2.262648
5988	-129.0471	-300.6254	171.5783	0.08574336	2.235979
5994	-133.9074	-304.4458	170.5384	0.2262323	2.797737
6000	-130.1839	-301.3491	171.1653	0.04094504	2.525821
6006	-132.4303	-303.5963	171.1661	0.4076645	2.293896
6012	-136.7134	-306.9385	170.2251	0.4282886	2.865298
6018	-143.1434	-314.0733	170.9299	0.2667354	2.53177
6024	-137.8048	-308.4627	170.6579	0.4720024	2.573278
6030	-142.8698	-313.3625	170.4928	0.224511	2.826508
6036	-143.3683	-314.7585	171.3902	0.224511	2.267639
6042	-134.9978	-305.7804	170.7826	0.1139376	2.717162
6048	-135.9629	-307.8675	171.9046	0.4005268	1.809632
6054	-129.996	-300.9451	170.949	0.08265563	2.634054
6060	-142.9928	-313.675	170.6822	0.4761526	2.555618
6066	-151.9122	-321.9469	170.0347	0.3112386	3.050318
6072	-149.8773	-321.1769	171.2997	0.2194475	2.328759
6078	-148.3275	-318.9778	170.6503	0.2194475	2.733565
6084	-145.653	-316.3831	170.7301	0.08316887	2.768103
6090	-152.142	-323.3837	171.2418	0.4793685	2.199107
6096	-148.8707	-318.5335	169.6627	0.07170348	3.412098
6102	-168.7359	-338.4812	169.7453	1.701928	2.374427
6108	-150.4302	-321.4126	170.9824	0.6436496	2.260402
6114	-137.7355	-307.8036	170.0681	0.0697491	3.174224
6120	-139.3852	-310.1566	170.7715	0.1987473	2.671931
6126	-136.9931	-306.8741	169.881	0.3940014	3.092651
6132	-132.3474	-302.9385	170.5911	0.01125131	2.896183
6138	-140.0247	-310.6849	170.6602	0.06227958	2.823346
6144	-144.0041	-314.1523	170.1482	0.04617598	3.140663
6150	-131.7028	-302.2532	170.5504	0.04747135	2.898855
6156	-144.3337	-314.2984	169.9647	0.2493028	3.129019
6162	-136.8359	-308.4884	171.6524	0.05013892	2.211091
6168	-132.697	-303.4052	170.7082	0.8505704	2.303474
6174	-136.3449	-307.6982	171.3533	0.3887565	2.185561
6180	-148.76	-318.7597	169.9996	0.02294997	3.242528
6186	-139.4234	-310.6836	171.2602	0.3823537	2.249761
6192	-134.9461	-306.2691	171.323	0.2520798	2.293046
6198	-140.2651	-310.9864	170.7213	0.04016355	2.799646
6204	-136.7999	-307.5251	170.7252	0.03630333	2.799646
6210	-134.8054	-305.5792	170.7738	0.05206899	2.760411
6216	-143.1176	-314.2209	171.1032	0.1393325	2.50312
6222	-148.6064	-319.5821	170.9757	0.1393325	2.582484
6228	-142.6372	-313.2996	170.6624	0.1603194	2.76234
6234	-142.7159	-313.331	170.6152	0.2619069	2.729088
6240	-142.0441	-312.9072	170.863	0.01403915	2.729088
6246	-138.8869	-309.7516	170.8647	0.01237392	2.729088
6252	-146.5484	-317.3569	170.8085	0.2308866	2.629302
6258	-137.7368	-308.1241	170.3873	0.1067725	2.961443
6264	-137.253	-306.3634	169.1104	0.3494806	3.57232
6270	-153.8856	-324.9168	171.0312	0.1210791	2.559399
6276	-161.2564	-331.0992	169.8428	0.5235829	3.038057
6282	-135.1189	-306.0803	170.9615	0.08013855	2.627935
6288	-156.854	-324.925	168.0709	0.6496377	3.998292
6294	-141.932	-312.3345	170.4025	0.02482017	3.001523
6300	-147.9192	-318.3725	170.4533	0.168021	2.884713
6306	-143.71	-313.8509	170.1409	0.1599002	3.077275
6312	-146.4487	-316.5035	170.0547	0.317601	3.034497
6318	-150.2402	-320.7395	170.4993	0.0093962	2.952661
6324	-162.464	-332.9147	170.4507	0.0662713	2.947654
6330	-151.3557	-320.984	169.6283	0.3247025	3.283606
6336	-142.4165	-312.2966	169.8801	0.2395932	3.185024
6342	-139.6027	-310.4482	170.8455	0.2412455	2.600022
6348	-141.1343	-311.7863	170.652	0.2377763	2.721285
6354	-135.0457	-305.2194	170.1737	0.337355	2.951201
6360	-136.9173	-308.0455	171.1282	0.2067757	2.445201
6366	-135.779	-306.191	170.4121	0.2919809	2.834564
6372	-142.2132	-312.4002	170.187	0.3179089	2.954926
6378	-148.2116	-319.0175	170.8059	0.1472253	2.682464
6384	-155.7073	-326.0981	170.3908	0.5622846	2.682464
6390	-150.4772	-321.4572	170.98	0.5622846	2.313962
6396	-152.9313	-323.7964	170.8651	0.5432392	2.398978
6402	-152.8009	-324.2573	171.4564	0.1715538	2.259162
6408	-142.3973	-311.93	169.5327	0.1715538	3.42975
6414	-162.1108	-330.9948	168.884	0.2475304	3.762388
6420	-149.0058	-318.2372	169.2313	0.2169825	3.57902
6426	-154.8092	-326.3146	171.5054	0.1401332	2.247869
6432	-156.2809	-326.5485	170.2676	0.07365137	3.053079
6438	-164.2855	-333.7088	169.4232	0.09736331	3.536992
6444	-142.3579	-311.8059	169.448	0.3523458	3.373441
6450	-138.7642	-310.1239	171.3597	0.03209491	2.409435
6456	-138.1723	-308.2748	170.1025	0.4899679	2.902116
6462	-130.1153	-300.2817	170.1664	0.4628281	2.879892
6468	-128.6153	-299.3084	170.6931	0.1337868	2.7598
6474	-131.6944	-302.3727	170.6783	0.1485673	2.7598
6480	-139.3073	-310.2296	170.9223	0.09105566	2.645378
6486	-141.7368	-313.0412	171.3044	0.1362682	2.378528
6492	-136.6832	-306.9437	170.2605	0.3463898	2.893416
6498	-136.5228	-308.0807	171.558	0.363035	2.068553
6504	-150.2695	-321.0477	170.7782	0.5857936	2.426989
6510	-148.9331	-318.3914	169.4583	0.2396149	3.433471
6516	-143.9332	-314.9826	171.0494	0.4209946	2.359729
6522	-142.154	-313.5189	171.3649	0.1055091	2.359729
6528	-148.3456	-319.1404	170.7948	0.03836263	2.755928
6534	-141.6764	-312.1443	170.4679	0.3716456	2.752023
6540	-145.4892	-314.5361	169.0469	0.3716456	3.596334
6546	-149.5939	-319.3022	169.7083	0.4996498	3.132596
6552	-137.8413	-308.0668	170.2255	0.07519632	3.077302
6558	-148.3354	-319.3929	171.0575	0.2715938	2.448933
6564	-138.5444	-308.6888	170.1444	0.1645641	3.072375
6570	-150.6076	-320.7016	170.094	0.2150022	3.072375
6576	-154.127	-324.5854	170.4584	0.1920882	2.867032
6582	-146.7905	-317.7071	170.9165	0.1644836	2.603591
6588	-149.817	-320.7023	170.8853	0.2040049	2.59843
6594	-145.518	-317.0896	171.5716	0.02860327	2.276945
6600	-134.1843	-305.4336	171.2493	0.4399666	2.219683
6606	-140.2386	-310.2853	170.0467	0.103664	3.166825
6612	-135.2688	-305.7477	170.4789	0.1892289	2.856341
6618	-141.7694	-312.3585	170.5891	0.07907088	2.856341
6624	-158.7973	-329.6054	170.8081	0.1893356	2.655198
6630	-145.0811	-315.6817	170.6006	0.4069264	2.648938
6636	-146.5529	-316.7903	170.2374	0.06553925	3.075961
6642	-157.3564	-327.4825	170.1261	0.127633	3.105343
6648	-151.6713	-323.0048	171.3335	0.4705145	2.145261
6654	-150.3352	-320.0027	169.6674	0.06679204	3.412218
6660	-156.8455	-326.6596	169.814	0.1235113	3.292723
6666	-148.4298	-319.1354	170.7056	0.1466625	2.744273
6672	-147.1818	-318.2325	171.0508	1.274747	1.795525
6678	-131.0687	-302.9857	171.917	0.7891906	1.522843
6684	-140.514	-311.5585	171.0445	1.59228	1.574061
6690	-145.4028	-316.6201	171.2173	0.4125733	2.25794
6696	-140.4427	-311.615	171.1723	0.3913195	2.300347
6702	-141.4831	-310.1576	168.6745	0.5151359	3.728877
6708	-146.8434	-317.0604	170.217	0.1945504	3.011013
6714	-152.7346	-322.4183	169.6838	0.7850138	2.976639
6720	-147.125	-317.3421	170.2171	0.2516813	2.976639
6726	-148.3247	-319.3958	171.0711	0.06628842	2.56865
6732	-136.7103	-307.248	170.5377	0.1517002	2.843444
6738	-145.9744	-314.9097	168.9353	0.2715407	3.718915
6744	-152.8895	-324.1934	171.3039	0.02349975	2.450008
6750	-153.3109	-322.2176	168.9068	0.2366706	3.755541
6756	-139.3002	-309.1476	169.8474	0.5285878	3.032308
6762	-133.3557	-303.7835	170.4279	0.2481844	2.851546
6768	-138.3932	-309.3977	171.0045	0.1379021	2.565521
6774	-147.5513	-317.5114	169.9602	0.6133208	2.913588
6780	-151.8684	-323.3496	171.4812	0.13276	2.268124
6786	-159.774	-330.0245	170.2505	0.3677775	2.88653
6792	-144.2596	-312.7151	168.4556	1.584884	3.231969
6798	-148.0963	-319.2176	171.1213	0.28471	2.400469
6804	-149.4342	-319.9846	170.5504	0.1021327	2.865822
6810	-145.8693	-316.3417	170.4723	0.2156492	2.844309
6816	-137.0246	-307.5332	170.5087	0.3974087	2.711315
6822	-133.9075	-304.6035	170.696	0.1157672	2.76899
6828	-136.9574	-307.4035	170.446	0.365751	2.76899
6834	-138.6558	-310.0329	171.3771	0.03713608	2.395272
6840	-141.3029	-312.1171	170.8142	0.1548455	2.672653
6846	-140.3599	-311.5975	171.2376	0.2444887	2.352296
6852	-128.4396	-298.3878	169.9482	0.229186	3.150759
6858	-136.5662	-306.7739	170.2077	0.07035921	3.090839
6864	-146.0831	-315.8898	169.8066	0.2560423	3.218815
6870	-147.7851	-317.2299	169.4448	0.06902997	3.540919
6876	-134.2971	-303.4164	169.1193	0.1603574	3.676841
6882	-140.2432	-311.4743	171.2311	0.2339517	2.363081
6888	-141.9139	-312.3752	170.4613	0.09752495	2.922438
6894	-149.3124	-318.8377	169.5253	0.8567698	3.028674
6900	-136.6121	-308.1668	171.5548	0.3211977	2.098201
6906	-136.9774	-307.4959	170.5185	0.02552045	2.931339
6912	-145.5927	-315.1847	169.592	0.1196476	3.425412
6918	-138.7772	-310.3189	171.5417	0.3887647	2.062355
6924	-142.8923	-314.0771	171.1848	0.03923628	2.514705
6930	-132.1135	-302.9825	170.869	0.003605607	2.731793
6936	-130.234	-300.6241	170.3901	0.01563984	3.01446
6942	-136.3949	-306.7792	170.3842	0.0193583	3.015782
6948	-130.5673	-301.7485	171.1812	0.03899732	2.517093
6954	-132.7213	-303.809	171.0877	0.004969709	2.596346
6960	-129.5189	-300.1225	170.6036	0.1290366	2.817215
6966	-139.7543	-309.4669	169.7126	0.1253727	3.35135
6972	-139.3128	-308.8581	169.5453	0.1631452	3.427298
6978	-153.6238	-322.7254	169.1016	0.131777	3.703605
6984	-143.5932	-313.8775	170.2843	0.1884908	2.974234
6990	-144.2833	-314.1138	169.8305	0.06422935	3.317958
6996	-142.4822	-313.5064	171.0242	0.01931518	2.626763
7002	-141.8326	-312.706	170.8734	0.2005785	2.607961
7008	-134.3079	-304.6323	170.3244	0.1556847	2.969863
7014	-144.3986	-315.3239	170.9253	0.04805006	2.669982
7020	-154.1323	-324.5121	170.3798	0.07501423	2.985065
7026	-149.9689	-321.5502	171.5813	0.2786077	2.10873
7032	-135.9723	-306.7142	170.7418	0.05721858	2.776762
7038	-138.5523	-309.0948	170.5425	0.2670063	2.770398
7044	-144.1112	-313.616	169.5049	0.6049599	3.190876
7050	-141.2233	-312.0346	170.8113	0.07084162	2.725969
7056	-145.8248	-315.4419	169.6171	0.3813879	3.256785
7062	-135.9205	-305.5637	169.6431	0.4938122	3.174782
7068	-134.5109	-305.4868	170.9759	0.8189878	2.151197
7074	-134.2669	-304.7665	170.4996	1.619654	1.936459
7080	-143.5449	-315.2814	171.7365	1.15687	1.380016
7086	-129.4096	-299.7185	170.3089	0.2220476	2.939249
7092	-133.2975	-304.8816	171.5841	0.216021	2.147804
7098	-136.8758	-307.1889	170.3131	0.09038632	3.015852
7104	-126.1756	-296.8166	170.6411	0.1304666	2.793535
7110	-122.5818	-293.0807	170.4989	0.1709466	2.855306
7116	-123.8775	-294.6793	170.8019	0.3359423	2.568382
7122	-130.9462	-302.3413	171.3951	0.01511173	2.397807
7128	-142.0579	-313.2005	171.1426	0.004913523	2.562363
7134	-135.1475	-305.6649	170.5174	0.008078816	2.942528
7140	-134.7287	-304.3849	169.6561	0.2003665	3.340435
7146	-125.0907	-295.5882	170.4975	0.2866842	2.785826
7152	-123.3222	-293.561	170.2389	0.4119038	2.866865
7158	-122.1551	-292.9978	170.8426	0.1071869	2.684467
7164	-125.4992	-295.5584	170.0592	0.2228076	3.088449
7170	-130.6141	-301.8275	171.2133	0.02358201	2.506656
7176	-126.6957	-298.233	171.5373	0.1048489	2.25002
7182	-136.6049	-307.4874	170.8825	0.09489316	2.66751
7188	-139.9718	-310.5385	170.5666	0.2242154	2.781759
7194	-148.265	-319.2011	170.936	0.5300933	2.362413
7200	-142.0183	-313.0176	170.9993	0.776488	2.163613
7206	-132.4275	-302.5868	170.1593	0.3283921	2.965284
7212	-129.4773	-299.8226	170.3453	0.1423549	2.965284
7218	-141.219	-312.0863	170.8673	0.4248183	2.472091
7224	-140.1045	-311.1119	171.0074	0.8881469	2.085315
7230	-130.674	-302.1782	171.5042	0.2636216	2.168792
7236	-132.4722	-304.0993	171.6271	0.1407466	2.168792
7242	-131.7917	-302.8261	171.0344	0.2560015	2.473219
7248	-137.9227	-308.873	170.9504	0.2560015	2.525714
7254	-138.3904	-309.4241	171.0337	0.2495642	2.477657
7260	-138.4684	-309.2619	170.7936	0.3300891	2.577147
7266	-137.1767	-308.9436	171.7669	0.190449	2.044569
7272	-138.8173	-309.966	171.1487	0.1082036	2.494167
7278	-141.3301	-311.6164	170.2863	0.3029726	2.904036
7284	-128.2129	-298.9716	170.7587	0.1582211	2.704689
7290	-134.4433	-305.3041	170.8608	0.05605021	2.704689
7296	-129.8138	-300.328	170.5142	0.003470851	2.947231
7302	-136.4085	-307.3648	170.9563	0.009867001	2.674426
7308	-129.7576	-300.679	170.9214	0.02324807	2.687667
7314	-162.8243	-332.5896	169.7653	0.0767013	3.348991
7320	-138.6926	-307.7099	169.0173	0.3919502	3.601738
7326	-130.1145	-299.5502	169.4357	0.3919502	3.357429
7332	-134.5102	-304.4014	169.8912	0.5904009	2.968931
7338	-134.2452	-305.7017	171.4565	0.02207637	2.354532
7344	-133.499	-304.4828	170.9838	0.005160351	2.660387
7350	-137.2451	-307.7904	170.5453	0.01246117	2.923076
7356	-134.2567	-305.8374	171.5807	0.00330589	2.287323
7362	-129.5935	-300.2244	170.6309	0.04092041	2.854092
7368	-126.2352	-295.8772	169.642	0.4889921	3.178341
7374	-130.4661	-301.0171	170.551	0.2877436	2.752552
7380	-152.8265	-323.1948	170.3683	1.285708	2.242407
7386	-136.0228	-306.5103	170.4875	1.285708	2.165324
7392	-146.7273	-317.6436	170.9163	0.3520436	2.487025
7398	-136.9889	-308.211	171.2221	0.07459513	2.469252
7404	-144.3869	-316.4541	172.0672	0.01265964	1.962953
7410	-138.2792	-309.8371	171.5579	0.009031047	2.298265
7416	-140.765	-310.9018	170.1367	0.002706102	3.1733
7422	-157.2253	-325.2649	168.0396	0.4861697	4.109412
7428	-155.7624	-325.3305	169.5681	0.02031809	3.497476
7434	-136.5401	-306.9718	170.4317	0.05296246	2.967111
7440	-143.7071	-313.5967	169.8895	0.05216556	3.290272
7446	-139.206	-309.5057	170.2998	0.2691625	2.916347
7452	-144.9575	-314.9469	169.9893	0.172677	3.159902
7458	-141.0625	-311.8884	170.826	0.08815997	2.706387
7464	-146.8233	-317.0449	170.2217	0.1953063	3.007741
7470	-142.0789	-312.8787	170.7998	0.1076881	2.710472
7476	-131.5427	-301.957	170.4143	0.3751784	2.782584
7482	-158.6058	-327.7227	169.1169	0.5944226	3.425629
7488	-148.9512	-319.6286	170.6773	0.4431377	2.579138
7494	-158.3633	-327.214	168.8506	0.2172554	3.79908
7500	-141.2362	-311.5751	170.3389	0.05037284	3.024345
7506	-134.9242	-306.2326	171.3084	0.02419168	2.446726
7512	-149.9515	-321.5559	171.6043	0.04419381	2.245939
7518	-139.9969	-310.1318	170.135	0.06715428	3.136061
7524	-140.0299	-310.0086	169.9787	0.319914	3.078574
7530	-139.5476	-309.6136	170.066	0.4016836	2.977298
7536	-138.3899	-308.9086	170.5187	0.09794975	2.887507
7542	-146.1989	-316.47	170.271	0.6821703	2.682385
7548	-131.2445	-302.3952	171.1507	0.2423676	2.408616
7554	-152.5129	-323.0694	170.5564	0.7516136	2.462125
7560	-153.6804	-324.0858	170.4053	0.9710354	2.419168
7566	-137.6	-308.4349	170.8349	0.114802	2.684562
7572	-139.8505	-310.3243	170.4738	0.3221724	2.778649
7578	-143.2303	-314.2105	170.9802	0.2483295	2.511911
7584	-147.0307	-318.0766	171.0459	0.1825774	2.511911
7590	-144.1082	-314.5716	170.4633	0.2804223	2.810432
7596	-146.4526	-317.1811	170.7285	0.2818196	2.64724
7602	-157.0743	-326.3203	169.246	0.01339774	3.68858
7608	-154.6531	-326.5407	171.8875	0.02483703	2.074266
7614	-145.8241	-316.8987	171.0745	1.110465	1.891937
7620	-150.3406	-319.3714	169.0308	0.2697741	3.664731
7626	-154.6765	-324.6691	169.9926	0.1660601	3.161921
7632	-146.55	-317.4147	170.8647	0.03729909	2.713796
7638	-151.4097	-321.4867	170.077	0.1753243	3.106153
7644	-139.9724	-310.5081	170.5357	0.03413039	2.91578
7650	-138.4086	-308.1069	169.6983	0.1730013	3.33175
7656	-127.7546	-297.9429	170.1883	0.0229522	3.130623
7662	-134.3016	-304.0125	169.7109	0.165345	3.328834
7668	-135.0399	-306.0098	170.9699	0.1817157	2.559781
7674	-133.9641	-303.9443	169.9802	0.1510639	3.178139
7680	-136.5851	-307.4507	170.8655	0.1122848	2.66725
7686	-135.2277	-307.1227	171.8951	0.07583847	2.035568
7692	-134.4039	-305.8012	171.3973	0.3424315	2.187035
7698	-144.8643	-315.0445	170.1802	0.05428854	3.116804
7704	-148.9548	-319.6521	170.6973	0.1994604	2.71704
7710	-151.121	-321.4895	170.3685	0.1547658	2.943858
7716	-150.4239	-319.0152	168.5913	0.2799554	3.912045
7722	-154.2812	-323.0449	168.7636	0.5286254	3.669555
7728	-145.1945	-316.3864	171.1919	0.1431283	2.445213
7734	-148.1175	-319.0691	170.9516	0.03191269	2.663773
7740	-148.2536	-318.9192	170.6655	0.1936714	2.740017
7746	-129.4434	-299.4205	169.977	0.08619725	3.218493
7752	-139.4551	-311.0691	171.614	0.08216208	2.215217
7758	-134.5673	-304.7108	170.1435	0.2775925	3.005269
7764	-141.8694	-312.1229	170.2536	0.07713053	3.059394
7770	-132.6511	-303.207	170.5559	0.1487223	2.834234
7776	-135.0508	-305.1959	170.1451	0.1231466	3.096669
7782	-141.1195	-311.4938	170.3743	0.4337231	2.771313
7788	-145.4076	-315.6832	170.2755	0.3362855	2.890435
7794	-147.1107	-316.0436	168.9329	0.7117941	3.464586
7800	-150.0505	-320.2139	170.1634	0.4249061	2.904668
7806	-145.6427	-316.5806	170.9379	0.4029105	2.441559
7812	-158.9937	-327.8555	168.8619	0.4596952	3.652571
7818	-149.9954	-321.0505	171.0551	0.08743341	2.565424
7824	-139.662	-308.9056	169.2436	0.6466295	3.320583
7830	-151.0151	-321.557	170.5419	0.253038	2.779251
7836	-161.8176	-331.1192	169.3015	0.1944143	3.551336
7842	-148.4598	-318.7448	170.285	0.03810574	3.063947
7848	-147.4968	-317.5568	170.06	0.1353136	3.140113
7854	-141.9387	-312.9982	171.0595	0.06692636	2.575456
7860	-139.2579	-309.5732	170.3153	0.4061524	2.82396
7866	-132.7601	-302.7416	169.9815	0.1229759	3.194027
7872	-135.0745	-306.057	170.9825	0.4924803	2.356819
7878	-134.0548	-304.3834	170.3286	0.1346326	2.979997
7884	-140.3791	-310.6205	170.2415	0.1278655	3.036291
7890	-130.2959	-299.9519	169.656	0.1586892	3.365001
7896	-143.071	-312.5844	169.5134	0.07622001	3.496737
7902	-152.0883	-323.4189	171.3307	0.1457017	2.355929
7908	-136.5341	-307.674	171.14	0.1457017	2.476168
7914	-139.044	-307.9749	168.931	0.3145387	3.696595
7920	-150.041	-321.0471	171.006	0.2461314	2.497127
7926	-147.8006	-318.2307	170.4301	0.2681831	2.83809
7932	-144.5702	-315.2148	170.6447	0.07389237	2.825744
7938	-140.4826	-311.3388	170.8562	0.03199389	2.722303
7944	-139.0746	-311.0757	172.001	0.4179576	1.730281
7950	-155.391	-324.9649	169.5739	0.7192618	3.081816
7956	-152.913	-322.8479	169.9349	0.125718	3.220037
7962	-148.977	-319.4263	170.4493	0.1311937	2.90936
7968	-152.9141	-323.5561	170.642	0.4776763	2.579628
7974	-123.6482	-294.1262	170.478	0.03692551	2.948868
7980	-134.1031	-304.6235	170.5204	0.4613904	2.664802
7986	-140.4813	-310.6379	170.1566	0.06762749	3.122925
7992	-146.5527	-317.3154	170.7627	0.09240845	2.742532
7998	-145.5676	-317.3219	171.7543	0.05827162	2.139672
8004	-150.882	-321.7007	170.8187	0.226199	2.625902
8010	-142.1795	-312.9769	170.7974	0.1537346	2.683661
8016	-135.9979	-306.4456	170.4477	0.2381108	2.845654
8022	-145.4501	-315.4316	169.9815	0.5821181	2.919575
8028	-147.6229	-318.0035	170.3806	0.1829691	2.919575
8034	-134.8019	-305.3508	170.5488	0.2252956	2.791938
8040	-132.4942	-303.3451	170.8509	0.024335	2.730229
8046	-136.967	-308.0075	171.0405	0.2013121	2.503611
8052	-137.8958	-308.9428	171.047	0.05785337	2.588807
8058	-155.9111	-327.2812	171.3701	0.0663117	2.381254
8064	-142.1032	-312.3161	170.2129	0.4703536	2.847176
8070	-152.502	-321.9855	169.4836	0.2925375	3.387668
8076	-159.3063	-328.078	168.7717	0.3416294	3.772898
8082	-145.1263	-315.1147	169.9884	0.3151404	3.075596
8088	-124.5108	-295.914	171.4032	0.03361772	2.381008
8094	-136.7754	-306.3696	169.5942	0.2472566	3.3493
8100	-141.2613	-310.6804	169.4191	0.02124813	3.583688
8106	-148.1596	-319.1495	170.9899	0.2047758	2.533033
8112	-131.9071	-303.0576	171.1506	0.04406811	2.533033
8118	-143.0508	-313.5186	170.4678	0.1652954	2.877568
8124	-132.3029	-302.6964	170.3935	0.04096074	2.997281
8130	-127.904	-298.3341	170.4301	0.004303201	2.997281
8136	-131.3708	-301.9991	170.6283	0.01209821	2.873161
8142	-140.212	-311.5398	171.3279	0.08697078	2.394892
8148	-135.0888	-305.877	170.7882	0.4141684	2.528212
8154	-141.6008	-313.0289	171.4282	0.2881826	2.2022
8160	-141.5589	-311.2438	169.6849	0.3927586	3.209926
8166	-154.2922	-326.0027	171.7105	0.02264957	2.191304
8172	-129.8353	-300.1891	170.3537	0.02264957	3.03208
8178	-134.4612	-305.1033	170.642	0.1649901	2.771909
8184	-137.9417	-308.0465	170.1048	0.1618307	3.097631
8190	-140.8114	-310.3134	169.502	0.2208631	3.418886
8196	-142.3024	-311.2593	168.957	0.7658525	3.418886
8202	-133.23	-304.1013	170.8713	0.321886	2.53392
8208	-143.6083	-314.707	171.0987	0.09449294	2.53392
8214	-143.3529	-315.0601	171.7072	0.114659	2.133605
8220	-130.4291	-300.9222	170.4931	0.04991673	2.931954
8226	-127.0748	-297.365	170.2901	0.2529282	2.931954
8232	-127.7213	-298.5768	170.8554	0.2129186	2.611414
8238	-131.2105	-301.9451	170.7346	0.333758	2.611414
8244	-141.9031	-312.371	170.4679	0.6004309	2.611414
8250	-138.5281	-309.257	170.7289	0.3068771	2.631558
8256	-138.1392	-308.0882	169.9491	0.01257451	3.278506
8262	-141.5929	-310.2756	168.6827	0.5947514	3.678141
8268	-131.6943	-301.8976	170.2033	0.2644181	2.97728
8274	-142.4472	-312.9697	170.5225	0.1904194	2.829193
8280	-129.8279	-300.7254	170.8975	0.1290414	2.637243
8286	-132.8003	-304.4259	171.6257	0.084415	2.206245
8292	-131.3239	-300.5537	169.2298	0.01234447	3.698515
8298	-147.3468	-318.5018	171.155	0.04138388	2.531971
8304	-140.0706	-310.75	170.6794	0.01841717	2.838347
8310	-154.188	-324.7767	170.5887	0.4194458	2.648561
8316	-153.571	-324.0996	170.5286	0.1789878	2.832413
8322	-152.3301	-321.8258	169.4957	0.04562764	3.524922
8328	-144.9777	-314.5836	169.6059	0.1538305	3.397234
8334	-139.5499	-309.3714	169.8215	0.5422242	3.03968
8340	-137.3707	-307.5274	170.1567	0.09989544	3.103659
8346	-134.8202	-306.0118	171.1916	0.01856501	2.523327
8352	-140.7994	-310.6054	169.806	0.1061346	3.307729
8358	-143.7116	-314.1041	170.3925	0.5335959	2.699053
8364	-137.1488	-307.8142	170.6654	0.4742808	2.567201
8370	-136.3256	-306.337	170.0114	0.722769	2.816276
8376	-145.6252	-314.0945	168.4694	1.752719	3.124177
8382	-143.1061	-314.066	170.9599	0.3539421	2.458479
8388	-150.1705	-321.0304	170.8599	0.1156493	2.668635
8394	-139.4165	-307.102	167.6856	0.4771328	4.315386
8400	-143.1563	-313.2206	170.0643	0.773703	2.752964
8406	-142.3205	-312.2125	169.892	0.773703	2.857813
8412	-145.5407	-316.8795	171.3388	0.1647489	2.338686
8418	-148.7061	-319.0092	170.3031	0.1234538	3.001978
8424	-137.7605	-308.9236	171.1631	0.03695574	2.529659
8430	-145.3645	-314.1639	168.7993	0.07036456	3.91293
8436	-141.289	-311.9217	170.6326	0.2102711	2.749989
8442	-139.1701	-310.8158	171.6457	0.2541066	2.082563
8448	-159.9446	-329.0644	169.1197	0.07808941	3.724163
8454	-155.4734	-325.9738	170.5004	0.1501679	2.866964
8460	-155.3914	-326.3195	170.9281	0.2192414	2.562475
8466	-148.9641	-319.7382	170.7741	0.1390674	2.706944
8472	-164.2137	-335.0047	170.7911	0.114668	2.711537
8478	-165.7235	-335.593	169.8694	0.4100541	3.089984
8484	-147.5504	-316.953	169.4026	0.04816786	3.577576
8490	-146.5362	-315.71	169.1738	0.3823437	3.516287
8496	-132.8887	-304.4492	171.5604	0.07481445	2.254473
8502	-148.9155	-318.2815	169.366	0.5769022	3.289573
8508	-148.81	-320.0742	171.2642	0.02847339	2.471764
8514	-137.0962	-307.8617	170.7655	0.03905094	2.773414
8520	-146.35	-315.6763	169.3264	0.8752662	3.136342
8526	-147.4452	-317.4376	169.9924	0.1286844	3.184226
8532	-141.4448	-311.6507	170.2059	0.2767625	2.968308
8538	-143.3031	-312.9811	169.678	0.02569244	3.430076
8544	-140.7809	-310.659	169.8782	0.2186222	3.198611
8550	-143.1066	-312.2858	169.1793	0.4506058	3.47326
8556	-147.4896	-318.6916	171.202	0.907741	1.942826
8562	-137.2455	-307.1464	169.9008	0.08731985	3.262869
8568	-144.6126	-314.6182	170.0056	0.3569593	3.040341
8574	-144.8047	-314.2046	169.3999	0.2501771	3.461423
8580	-137.7934	-307.3488	169.5554	0.09183814	3.463127
8586	-142.4896	-312.0258	169.5362	0.1110005	3.463127
8592	-146.4686	-318.164	171.6954	0.397923	1.953887
8598	-127.6277	-298.15	170.5223	0.1576012	2.849214
8604	-151.3938	-322.3294	170.9356	0.3514785	2.475248
8610	-156.2496	-327.1657	170.9161	0.5442786	2.366053
8616	-145.3741	-316.6724	171.2983	0.2506574	2.309731
8622	-153.4277	-323.3587	169.9309	0.5245146	2.984658
8628	-142.0548	-313.4258	171.371	0.4447992	2.13755
8634	-150.5835	-320.9131	170.3297	0.6817174	2.646581
8640	-145.5572	-316.0064	170.4493	0.4266554	2.729801
8646	-147.594	-318.3391	170.7452	0.03947623	2.785528
8652	-148.0045	-318.4824	170.4779	0.3067722	2.785528
8658	-151.0374	-321.3147	170.2773	0.1729642	2.987747
8664	-143.1762	-313.3453	170.1691	0.444842	2.88913
8670	-151.1466	-321.3886	170.2419	0.1273961	3.036293
8676	-146.2799	-316.9117	170.6318	0.1497765	2.787413
8682	-149.9876	-321.2232	171.2356	0.2419233	2.355211
8688	-163.6494	-333.2691	169.6197	0.0880228	3.427744
8694	-157.4407	-328.1377	170.697	0.28128	2.666964
8700	-149.259	-320.986	171.727	0.0617909	2.155191
8706	-148.5649	-319.7845	171.2197	0.1618154	2.415955
8712	-146.759	-318.4697	171.7107	0.07429577	2.157682
8718	-140.5511	-311.6948	171.1436	0.8018079	2.052433
8724	-127.8529	-297.7232	169.8704	0.2319357	3.195341
8730	-140.4804	-310.2596	169.7792	0.7353852	2.949069
8736	-139.5539	-310.3067	170.7528	0.1676517	2.702513
8742	-145.656	-315.884	170.2281	1.116957	2.438904
8748	-139.9114	-310.1362	170.2247	0.05812386	3.087963
8754	-144.0412	-314.0846	170.0434	0.2394645	3.087963
8760	-141.319	-311.2673	169.9483	0.1114146	3.220552
8766	-128.5565	-299.1647	170.6082	0.4968333	2.588732
8772	-142.6412	-312.6995	170.0583	0.5980137	2.863534
8778	-147.996	-318.1542	170.1582	1.669819	2.129627
8784	-142.5467	-314.05	171.5033	0.3715977	2.098905
8790	-143.6237	-313.2713	169.6476	0.4668227	3.188169
8796	-142.3934	-312.4685	170.0751	0.3985569	2.973723
8802	-140.1117	-310.4246	170.3129	0.1460583	2.98256
8808	-160.8421	-329.6657	168.8236	0.3635184	3.730348
8814	-140.2054	-309.624	169.4185	0.3053045	3.41829
8820	-136.4389	-307.5902	171.1513	0.4017567	2.307125
8826	-133.7125	-304.9688	171.2563	0.1748966	2.384553
8832	-138.9062	-310.3189	171.4127	0.1748966	2.28501
8838	-152.3169	-321.82	169.5031	0.2025415	3.428922
8844	-137.4335	-307.4121	169.9786	0.1488269	3.180442
8850	-152.1248	-322.6759	170.5511	0.1528925	2.834609
8856	-151.3862	-320.5426	169.1564	0.1456896	3.663851
8862	-162.4397	-333.0149	170.5752	0.05002911	2.882334
8868	-158.6967	-328.9185	170.2217	0.2015077	3.003987
8874	-138.3038	-308.6196	170.3158	0.1446307	2.98164
8880	-135.2233	-305.7877	170.5644	0.133151	2.838481
8886	-126.9321	-297.5429	170.6107	0.5821208	2.53415
8892	-147.1184	-317.0534	169.935	0.7062579	2.872626
8898	-153.0377	-322.3226	169.2849	0.1350855	3.595499
8904	-161.6372	-332.0411	170.4039	0.03416999	2.995109
8910	-145.1386	-316.135	170.9964	0.05756557	2.62032
8916	-151.0088	-321.451	170.4422	0.3534073	2.778869
8922	-152.622	-323.007	170.385	0.6720975	2.618341
8928	-156.642	-323.4611	166.819	0.6720975	4.693117
8934	-169.2275	-339.8673	170.6398	0.4042665	2.626397
8940	-141.2997	-311.1102	169.8105	0.2842595	3.19979
8946	-146.1097	-316.0904	169.9807	0.1141074	3.19979
8952	-143.2263	-313.8526	170.6263	0.4746768	2.591221
8958	-143.158	-313.6446	170.4866	0.3376916	2.761367
8964	-135.8135	-306.4318	170.6183	0.1622961	2.787989
8970	-136.6677	-307.1395	170.4718	0.135098	2.893436
8976	-129.1872	-299.2027	170.0155	0.05945873	3.211514
8982	-135.55	-306.0182	170.4683	0.06403275	2.938435
8988	-133.3148	-302.8428	169.528	0.08236191	3.48464
8994	-146.9723	-316.7591	169.7868	0.2111334	3.25707
9000	-163.4347	-334.3625	170.9278	0.8960535	2.132339
9006	-144.6668	-314.9224	170.2556	0.1080418	3.039693
9012	-145.6422	-314.3751	168.7329	0.3643395	3.782147
9018	-135.3382	-305.0433	169.7051	0.3304608	3.234853
9024	-132.2754	-302.2742	169.9987	0.03682267	3.234853
9030	-143.0559	-314.3657	171.3099	0.007318931	2.456383
9036	-146.6323	-316.4471	169.8148	0.1518619	3.275552
9042	-148.8971	-319.4619	170.5648	0.142751	2.83242
9048	-150.1551	-319.5888	169.4337	0.05742285	3.554145
9054	-149.0769	-320.0152	170.9383	0.04925068	2.661241
9060	-139.4189	-309.7121	170.2932	0.06595272	3.042399
9066	-147.8586	-317.7308	169.8722	0.09888288	3.272932
9072	-147.5151	-317.7116	170.1965	0.02911005	3.122082
9078	-141.6708	-312.1329	170.4621	0.4412144	2.713022
9084	-147.6285	-318.9135	171.2849	0.6085931	2.086655
9090	-131.1471	-303.1361	171.989	0.1253996	1.9397
9096	-147.044	-318.1192	171.0752	0.6007818	2.228246
9102	-145.8537	-316.229	170.3753	0.3851471	2.800297
9108	-132.0413	-302.6472	170.6059	0.154553	2.800297
9114	-133.875	-305.4016	171.5266	0.1577901	2.222824
9120	-128.6883	-300.3828	171.6944	0.2127025	2.077709
9126	-137.591	-307.8835	170.2926	0.04125958	3.057541
9132	-144.9498	-315.0037	170.0539	0.08509855	3.173572
9138	-141.0358	-312.6627	171.6268	0.05809782	2.222493
9144	-138.1225	-308.2992	170.1767	0.01086575	3.144703
9150	-147.7457	-318.117	170.3713	0.05803068	3.000344
9156	-140.3882	-310.7739	170.3856	0.04367887	3.000344
9162	-139.9826	-310.5563	170.5737	0.2174864	2.781552
9168	-138.1758	-308.5207	170.345	0.2359909	2.909075
9174	-133.3993	-303.8239	170.4245	0.6012152	2.637732
9180	-143.045	-313.1997	170.1547	0.6012152	2.803034
9186	-143.6728	-313.7329	170.0601	0.09770883	3.162392
9192	-144.1056	-314.2616	170.1561	0.3766627	2.93818
9198	-140.1373	-311.1425	171.0052	0.3806957	2.413169
9204	-146.2698	-316.9659	170.6961	0.1921539	2.722235
9210	-137.9744	-308.0385	170.0641	0.5819777	2.869683
9216	-134.9673	-306.1901	171.2229	0.1021496	2.451467
9222	-141.3071	-312.3816	171.0745	0.1492784	2.514844
9228	-139.7971	-309.055	169.2579	0.3005051	3.514926
9234	-147.4557	-317.9107	170.455	0.0569414	2.950669
9240	-154.1353	-324.5853	170.45	0.08131009	2.93905
9246	-143.9935	-314.9602	170.9667	0.2416071	2.524499
9252	-153.2355	-323.9156	170.6801	0.1909475	2.732767
9258	-155.8713	-325.0682	169.1968	0.2995202	3.551096
9264	-157.5589	-326.7442	169.1853	0.7649106	3.285249
9270	-153.8879	-324.3487	170.4608	0.04525908	2.954258
9276	-157.6934	-327.5886	169.8952	0.02028135	3.305739
9282	-155.4093	-324.9739	169.5646	0.7291039	3.081503
9288	-155.4194	-324.8858	169.4664	0.5798196	3.228533
9294	-142.0445	-311.5101	169.4656	0.4822401	3.286641
9300	-158.268	-328.0551	169.787	0.4650501	3.106311
9306	-153.3166	-324.2446	170.9281	0.2446329	2.54668
9312	-140.666	-310.4855	169.8194	0.1298146	3.28582
9318	-146.3003	-315.7183	169.4179	0.06884649	3.556653
9324	-140.9893	-311.1251	170.1358	0.1016635	3.115018
9330	-156.2773	-325.614	169.3367	0.7789471	3.187442
9336	-144.6797	-315.0092	170.3294	0.1355397	2.978933
9342	-150.0838	-320.0905	170.0067	0.07331932	3.208558
9348	-158.4894	-329.6381	171.1487	0.1441443	2.471647
9354	-149.4003	-319.6169	170.2166	0.2786338	2.960734
9360	-154.4487	-324.1516	169.7029	0.3784638	3.207745
9366	-156.3534	-326.705	170.3515	1.259487	2.270021
9372	-150.4272	-321.2815	170.8543	1.199397	1.980473
9378	-159.1138	-329.5848	170.4709	0.7399385	2.522909
9384	-179.9443	-350.397	170.4526	0.0385561	2.963178
9390	-156.338	-326.6034	170.2654	0.4686906	2.816324
9396	-150.2044	-321.5171	171.3126	0.2525043	2.299392
9402	-153.8844	-323.6978	169.8133	0.1229022	3.293492
9408	-156.9504	-327.8126	170.8622	0.6796992	2.314214
9414	-157.508	-327.3865	169.8785	0.3293261	3.132684
9420	-144.9243	-315.0255	170.1012	0.6791979	2.788122
9426	-145.5262	-315.0417	169.5155	0.6699078	3.145995
9432	-151.7388	-320.7618	169.023	0.1236288	3.753708
9438	-144.0588	-314.8707	170.8119	0.1476676	2.678508
9444	-147.9631	-317.937	169.9738	0.3063653	3.089549
9450	-139.4913	-309.6428	170.1515	1.130886	2.47821
9456	-156.7833	-326.4916	169.7083	0.7219273	2.999802
9462	-156.3945	-326.4775	170.083	0.2228938	3.074233
9468	-147.5473	-317.7473	170.2	0.1422124	3.052523
9474	-148.0888	-317.6609	169.5721	0.2055823	3.386733
9480	-144.7647	-315.576	170.8113	0.2230092	2.632469
9486	-147.5842	-317.1855	169.6013	0.264372	3.335046
9492	-146.3906	-315.8864	169.4958	0.3699103	3.335046
9498	-138.5187	-309.4112	170.8925	0.074207	2.674087
9504	-136.9124	-306.4796	169.5672	0.05077824	3.480221
9510	-128.4348	-299.1136	170.6788	0.190209	2.734011
9516	-123.9844	-293.3572	169.3728	0.2302258	3.48894
9522	-116.9472	-288.3185	171.3713	0.2651086	2.253758
9528	-121.0692	-292.6672	171.598	0.2651086	2.106659
9534	-135.782	-305.9865	170.2046	0.03008193	3.116697
9540	-161.5043	-330.8244	169.3201	0.3065874	3.475116
9546	-165.4956	-336.4327	170.9371	0.1288366	2.612881
9552	-144.1967	-314.8452	170.6485	0.2036833	2.744309
9558	-144.0604	-314.6292	170.5688	0.1154475	2.846553
9564	-151.2062	-320.7621	169.5559	0.393504	3.285719
9570	-140.2583	-310.437	170.1787	0.00781639	3.145348
9576	-128.6157	-299.0279	170.4121	0.2474432	2.86153
9582	-128.5766	-298.7026	170.126	0.2860133	3.010736
9588	-125.8351	-296.1428	170.3077	0.06143618	3.036395
9594	-128.8855	-298.8539	169.9684	0.2664762	3.116585
9600	-134.3249	-306.1851	171.8602	0.1775608	1.991132
9606	-143.4343	-314.9778	171.5435	0.1141755	2.240023
9612	-144.6647	-314.646	169.9813	0.8658472	2.74742
9618	-146.2393	-316.1686	169.9293	0.181799	3.19012
9624	-147.741	-317.9249	170.1839	0.03066146	3.128663
9630	-147.1045	-317.48	170.3755	0.2380111	2.889388
9636	-146.4877	-315.3247	168.837	0.4515358	3.6717
9642	-135.9665	-306.3614	170.3949	0.4175241	2.768602
9648	-144.6013	-314.3693	169.768	0.06400416	3.354842
9654	-152.2711	-321.8689	169.5978	0.2341993	3.354842
9660	-150.6711	-321.12	170.4488	0.01337338	2.980592
9666	-151.4972	-321.8776	170.3803	0.08190556	2.980592
9672	-157.7122	-327.5181	169.8058	0.1009228	3.310881
9678	-146.4588	-317.871	171.4122	0.03355836	2.375353
9684	-143.724	-315.3461	171.6222	0.03407624	2.240976
9690	-143.9054	-314.4104	170.505	0.1571427	2.860003
9696	-142.8632	-314.1586	171.2954	0.286009	2.288998
9702	-147.2293	-317.3983	170.169	0.07236027	3.112694
9708	-146.3947	-316.0273	169.6327	0.144919	3.386799
9714	-134.043	-304.795	170.752	0.2521929	2.651047
9720	-133.6925	-304.425	170.7325	0.006586949	2.813262
9726	-135.686	-305.6058	169.9197	0.2844331	3.134842
9732	-153.0005	-323.2795	170.279	0.0285078	3.073273
9738	-146.429	-316.3001	169.8711	0.06839394	3.291576
9744	-142.4586	-313.7951	171.3365	0.004103563	2.441679
9750	-146.8336	-316.8791	170.0454	0.9678089	2.645445
9756	-152.0043	-321.2881	169.2837	0.7802526	3.218033
9762	-145.9533	-315.8098	169.8565	0.1641152	3.24367
9768	-152.8385	-322.6422	169.8036	0.2170334	3.24367
9774	-155.2565	-324.9867	169.7302	0.4545787	3.14635
9780	-157.9186	-328.6764	170.7578	0.8982527	2.241114
9786	-156.7818	-327.5517	170.7699	0.8982527	2.233331
9792	-148.8079	-318.6695	169.8616	0.1736776	3.23504
9798	-138.3869	-308.6623	170.2754	0.1317827	3.01362
9804	-132.7154	-303.5889	170.8735	0.09997135	2.669958
9810	-140.796	-310.7835	169.9875	0.650811	2.874389
9816	-148.3832	-319.8186	171.4354	0.650811	1.958674
9822	-142.6396	-313.7934	171.1538	0.3009353	2.369649
9828	-136.8868	-307.5969	170.7101	0.1444911	2.742829
9834	-135.9842	-307.0975	171.1133	0.1062535	2.51749
9840	-139.6506	-309.9395	170.2889	0.193511	2.968471
9846	-141.3838	-311.6432	170.2594	0.2230011	2.968471
9852	-149.0054	-319.7348	170.7294	0.01396387	2.810643
9858	-147.3225	-316.6696	169.3471	0.07643643	3.593421
9864	-147.4588	-318.0933	170.6345	0.4382379	2.608712
9870	-139.2363	-309.5587	170.3224	0.2959273	2.886494
9876	-135.5342	-305.4943	169.9601	0.05341876	3.247883
9882	-143.6537	-314.4613	170.8076	0.1189802	2.698756
9888	-150.4487	-320.9254	170.4767	0.1187087	2.900362
9894	-142.8309	-314.3193	171.4883	0.2697205	2.175158
9900	-141.0257	-310.7241	169.6983	0.315687	3.247594
9906	-144.2152	-313.9171	169.7019	0.01131114	3.424505
9912	-136.6093	-306.0442	169.4348	0.1719723	3.486717
9918	-131.8172	-302.1998	170.3825	0.222368	2.894627
9924	-149.2161	-320.0953	170.8793	0.007080572	2.723416
9930	-144.0568	-314.3114	170.2546	0.2493703	2.955493
9936	-145.5467	-315.7628	170.2161	0.2878969	2.955493
9942	-142.375	-312.6305	170.2555	0.1189023	3.033238
9948	-145.1976	-315.1818	169.9842	0.5115161	2.960461
9954	-147.4335	-317.7177	170.2842	0.06735726	3.046958
9960	-151.2738	-321.8402	170.5664	0.07166215	2.874539
9966	-139.259	-309.5573	170.2983	0.01689244	3.068651
9972	-136.3356	-307.0374	170.7018	0.006852335	2.831759
9978	-148.1578	-318.7208	170.563	0.05245426	2.888231
9984	-140.9166	-311.6512	170.7346	0.07214178	2.772064
9990	-142.9914	-313.6469	170.6556	0.1511693	2.772064
9996	-146.0662	-316.9051	170.8389	0.5853531	2.388919
10002	-129.5207	-299.9618	170.4411	0.05888	2.957919
10008	-137.2957	-308.5057	171.21	0.04228745	2.497053
10014	-142.5177	-312.1159	169.5981	0.6417333	3.1136
10020	-133.9134	-304.8445	170.9311	0.1348637	2.612913
10026	-139.1772	-310.0122	170.835	0.6965815	2.320784
10032	-139.9791	-310.0662	170.0871	0.003689625	3.202181
10038	-137.0609	-307.8488	170.7879	0.008818907	2.778168
10044	-135.2704	-305.9958	170.7254	0.07132409	2.778168
10050	-136.6111	-307.2905	170.6794	0.1173209	2.778168
10056	-134.2823	-305.3995	171.1172	0.1975434	2.457908
10062	-143.1067	-313.9284	170.8217	1.402759	1.865081
10068	-136.7286	-306.8905	170.1619	0.1518264	3.069558
10074	-141.8799	-312.3604	170.4804	0.6462776	2.575254
10080	-146.964	-317.7939	170.8299	0.4150172	2.501676
10086	-146.0462	-316.9624	170.9162	0.3286438	2.501676
10092	-146.874	-316.6265	169.7525	0.1267276	3.327065
10098	-147.8572	-318.5332	170.676	0.1879999	2.737114
10104	-147.0271	-317.7031	170.676	0.1879999	2.737114
10110	-137.9431	-308.7719	170.8288	0.1195489	2.685377
10116	-137.6711	-308.1558	170.4848	0.2632529	2.807843
10122	-141.0028	-310.9117	169.9089	1.123862	2.633423
10128	-147.2113	-318.041	170.8297	0.2029905	2.633423
10134	-132.4375	-303.2694	170.8319	0.05612931	2.722367
10140	-138.7293	-308.9276	170.1984	0.1963051	3.021122
10146	-140.3024	-310.5801	170.2777	0.2089975	2.96589
10152	-135.3509	-305.5762	170.2253	0.1909644	3.008183
10158	-131.6455	-303.0567	171.4112	0.07725971	2.348267
10164	-131.955	-302.3159	170.3609	0.2948259	2.863865
10170	-126.8973	-297.776	170.8787	0.4415963	2.45444
10176	-138.1028	-309.3419	171.2391	1.004421	1.852026
10182	-136.3995	-308.2541	171.8546	0.1515778	2.012159
10188	-131.0656	-301.2081	170.1425	0.01913208	3.160145
10194	-140.7786	-311.2583	170.4797	0.2506087	2.818622
10200	-137.4781	-308.6855	171.2074	0.1286089	2.444551
10206	-134.5814	-305.7888	171.2074	0.1286089	2.444551
10212	-139.7465	-310.689	170.9425	0.1252334	2.611784
10218	-141.0142	-311.7717	170.7574	0.1859619	2.68843
10224	-134.1874	-304.9511	170.7637	0.1669261	2.696267
10230	-140.8665	-311.8732	171.0068	0.2865313	2.47139
10236	-143.4808	-314.717	171.2362	0.05708123	2.47139
10242	-157.3708	-326.4337	169.0628	0.4763018	3.52618
10248	-147.8541	-316.9373	169.0831	0.02354839	3.776733
10254	-140.8375	-311.5691	170.7316	0.1177908	2.746024
10260	-152.4537	-321.37	168.9163	0.1660303	3.79077
10266	-147.4237	-317.7373	170.3136	0.1387069	2.986576
10272	-144.2453	-315.9488	171.7034	0.1705908	2.099478
10278	-140.054	-310.5498	170.4958	0.2976611	2.780151
10284	-135.8715	-306.3053	170.4338	0.1951735	2.880052
10290	-132.025	-302.2724	170.2473	0.140644	3.025121
10296	-136.9545	-307.9733	171.0187	0.1096939	2.574199
10302	-137.3163	-308.5724	171.2561	0.1305151	2.412715
10308	-127.5978	-298.1855	170.5877	0.0933727	2.848506
10314	-145.3192	-315.2042	169.885	0.1285435	3.24787
10320	-153.3075	-323.2223	169.9148	0.1903426	3.193647
10326	-156.0491	-326.497	170.4479	0.2808876	2.819516
10332	-157.7756	-327.9108	170.1352	0.01860227	3.164764
10338	-149.5888	-319.5784	169.9896	0.1642827	3.164764
10344	-144.7539	-315.3865	170.6326	0.3665104	2.654148
10350	-146.371	-317.1808	170.8098	0.2477818	2.618069
10356	-138.9285	-309.1836	170.2551	0.09750739	3.0463
10362	-152.7998	-323.5077	170.7079	0.09376016	2.775152
10368	-163.6959	-332.7779	169.082	0.7737042	3.340896
10374	-166.1568	-337.6989	171.542	0.01586219	2.304017
10380	-152.6	-323.4644	170.8644	0.2449419	2.586031
10386	-158.8577	-330.445	171.5873	0.4925539	1.962943
10392	-160.0922	-329.8597	169.7675	0.5889022	3.044022
10398	-150.2663	-320.8054	170.5391	0.0224685	2.920781
10404	-141.9306	-311.2009	169.2703	0.04398452	3.656817
10410	-138.3237	-309.7712	171.4474	0.1027374	2.308962
10416	-134.8132	-303.5688	168.7556	0.3706968	3.765444
10422	-127.7301	-298.8683	171.1382	0.09285574	2.510339
10428	-133.3296	-303.3444	170.0148	0.04583822	3.220018
10434	-140.4714	-310.6379	170.1665	0.2435511	3.01192
10440	-133.8336	-303.55	169.7164	0.131325	3.345581
10446	-144.0796	-314.3234	170.2438	0.09206534	3.056331
10452	-147.4887	-317.8931	170.4044	0.009000005	3.009898
10458	-160.9685	-330.331	169.3625	0.009148086	3.623531
10464	-169.7547	-339.2999	169.5453	0.1941417	3.409176
10470	-148.7138	-319.167	170.4533	0.2105093	2.858976
10476	-135.1688	-304.9804	169.8116	0.1822619	3.259499
10482	-145.8879	-316.4684	170.5805	0.2680359	2.746528
10488	-141.8931	-311.9246	170.0315	0.6985514	2.818775
10494	-138.8625	-309.4472	170.5847	0.1453437	2.818775
10500	-145.5825	-315.4883	169.9058	0.1299787	3.23473
10506	-151.788	-322.3153	170.5273	0.3697623	2.716857
10512	-150.4137	-321.0379	170.6242	0.4373226	2.615663
10518	-136.0201	-306.3315	170.3114	0.3665369	2.850383
10524	-133.2352	-303.8534	170.6181	0.1185374	2.814739
10530	-146.8976	-316.7221	169.8246	0.2057398	3.237966
10536	-140.3685	-311.136	170.7675	0.3897792	2.556287
10542	-140.8672	-311.4471	170.5799	0.1746137	2.803891
10548	-144.2649	-315.8687	171.6038	0.09413921	2.214081
10554	-147.0244	-317.4472	170.4228	0.1878864	2.89114
10560	-143.5192	-313.1266	169.6074	0.1066153	3.424072
10566	-141.5523	-312.2353	170.6831	0.1144098	2.777722
10572	-140.2004	-309.3289	169.1285	0.1851446	3.657154
10578	-145.6206	-315.828	170.2074	1.842457	1.983026
10584	-144.292	-313.3561	169.0641	0.3384237	3.605641
10590	-138.9137	-310.2282	171.3146	0.08208085	2.406371
10596	-135.2783	-305.3175	170.0392	0.1694248	3.132202
10602	-142.9803	-313.3775	170.3972	0.06395307	2.981246
10608	-145.9535	-316.4999	170.5464	0.1415731	2.844291
10614	-144.3589	-314.8287	170.4698	0.07832055	2.92887
10620	-146.3453	-317.2744	170.9291	0.0275502	2.680305
10626	-152.0022	-322.8354	170.8332	0.3879605	2.51651
10632	-139.0606	-308.6994	169.6387	0.1313244	3.391197
10638	-144.0215	-313.0001	168.9786	0.272437	3.693373
10644	-142.6959	-312.9112	170.2153	0.2546779	2.975949
10650	-146.9813	-314.4066	167.4252	0.7311385	4.318958
10656	-137.8258	-308.3157	170.4899	0.2451792	2.815682
10662	-133.2783	-305.1509	171.8726	0.09220219	2.039651
10668	-139.0607	-309.5388	170.4782	0.119845	2.898786
10674	-128.8537	-299.2806	170.4269	0.1487378	2.912282
10680	-131.8353	-302.6291	170.7938	0.1782815	2.670774
10686	-130.3504	-300.9512	170.6008	0.03366974	2.876733
10692	-140.2073	-310.2221	170.0148	0.06208761	3.210396
10698	-150.8221	-320.5165	169.6944	1.082905	2.790001
