Iteration	Posterior	Likelihood	Prior	acrv_sd	tree_length
0	-3144.197	-3310.763	166.566	0.09182089	5.156897
6	-3147.128	-3313.679	166.5508	0.1070203	5.156897
12	-3161.264	-3327.476	166.2119	0.1448973	5.323298
18	-3159.239	-3326.497	167.2579	0.2215075	4.699676
24	-3148.259	-3315.216	166.9578	0.1649739	4.898732
30	-3148.736	-3315.788	167.0514	0.08725961	4.889882
36	-3144.337	-3311.286	166.9491	0.00774791	4.991066
42	-3150.917	-3317.225	166.3078	0.215105	5.231543
48	-3155.055	-3321.829	166.7743	0.1628331	5.002012
54	-3167.62	-3333.766	166.1459	0.1656523	5.348271
60	-3148.455	-3315.099	166.644	0.1768449	5.06654
66	-3143.938	-3310.552	166.6136	0.2072966	5.06654
72	-3148.943	-3315.788	166.8448	0.1405785	4.97517
78	-3147.898	-3314.647	166.7487	0.2484491	4.968634
84	-3154.649	-3321.007	166.3576	0.0818828	5.277646
90	-3147.539	-3313.61	166.0712	0.1193342	5.414948
96	-3147.03	-3313.385	166.3551	0.1229653	5.256347
102	-3149.095	-3315.923	166.8285	0.01453275	5.054236
108	-3142.967	-3310.144	167.1777	0.02604631	4.853624
114	-3143.322	-3309.573	166.251	0.02694735	5.366765
120	-3151.175	-3318.289	167.1138	0.05589202	4.872638
126	-3150.236	-3317.124	166.8884	0.09331621	4.977195
132	-3144.635	-3311.621	166.9863	0.1673955	4.881521
138	-3147.609	-3314.248	166.6391	0.1935323	5.06
144	-3158.712	-3325.932	167.2198	0.06417615	4.808897
150	-3142.745	-3309.687	166.9419	0.1304985	4.926778
156	-3161.723	-3328.846	167.1227	0.09331755	4.846786
162	-3152.228	-3317.952	165.7238	0.2636975	5.526663
168	-3157.502	-3324.997	167.4948	0.1702951	4.595672
174	-3156.624	-3323.6	166.976	0.1650077	4.888564
180	-3153.093	-3318.977	165.8838	0.1534444	5.499342
186	-3168.231	-3334.449	166.2177	0.2435558	5.26562
192	-3155.722	-3322.322	166.6008	0.2825064	5.031871
198	-3162.625	-3328.827	166.2015	0.2825064	5.25302
204	-3168.325	-3335.16	166.8352	0.150047	4.975275
210	-3159.827	-3326.935	167.1074	0.150047	4.82367
216	-3173.921	-3339.989	166.0677	0.06128884	5.448865
222	-3162.999	-3328.66	165.661	0.3346709	5.522172
228	-3158.297	-3325.39	167.0936	0.3141443	4.739779
234	-3147.539	-3314.449	166.9104	0.01754809	5.007097
240	-3159.91	-3325.895	165.9858	0.420744	5.295841
246	-3163.494	-3330.304	166.8094	0.04580011	5.047466
252	-3158.839	-3325.347	166.5077	0.08617627	5.192277
258	-3158.296	-3323.65	165.3541	0.2929064	5.713586
264	-3152.589	-3319.051	166.4625	0.2830968	5.108278
270	-3153.58	-3320.348	166.7675	0.3533339	4.899839
276	-3148.85	-3315.69	166.84	0.01833316	5.045766
282	-3157.565	-3324.517	166.9519	0.04950776	4.966264
288	-3153.266	-3319.89	166.6241	0.04684729	5.14962
294	-3154.641	-3321.61	166.9691	0.03696167	4.963675
300	-3159.271	-3326.335	167.0637	0.04605967	4.905973
306	-3153.576	-3320.88	167.304	0.03988601	4.775418
312	-3145.663	-3312.434	166.7715	0.1060797	5.035056
318	-3153.62	-3320.241	166.621	0.01969199	5.166393
324	-3154.803	-3321.588	166.7847	0.05586382	5.055607
330	-3153.346	-3319.919	166.5728	0.03774581	5.183075
336	-3154.339	-3320.815	166.4754	0.1657134	5.16617
342	-3168.242	-3334.677	166.4348	0.2138241	5.161972
348	-3156.148	-3323.02	166.8715	0.2217624	4.915149
354	-3161.89	-3328.035	166.1446	0.4334022	5.201081
360	-3156.049	-3322.499	166.4508	0.3176432	5.095622
366	-3155.821	-3322.611	166.7894	0.09425883	5.031712
372	-3150.013	-3317.177	167.1639	0.1391517	4.798212
378	-3152.815	-3319.46	166.6445	0.1678587	5.071245
384	-3164.602	-3331.105	166.5038	0.1071014	5.182865
390	-3160.309	-3327.266	166.9574	0.3121264	4.816939
396	-3156.202	-3322.499	166.2965	0.2444171	5.221567
402	-3157.884	-3324.563	166.6787	0.2805468	4.989697
408	-3160.813	-3326.924	166.1113	0.1581231	5.371505
414	-3150.059	-3316.23	166.1712	0.1275605	5.355327
420	-3144.53	-3311.929	167.3986	0.1287218	4.672852
426	-3146.591	-3313.35	166.7591	0.213257	4.982406
432	-3151.692	-3318.604	166.9125	0.2308198	4.887278
438	-3155.98	-3323.097	167.1166	0.0742296	4.860818
444	-3153.657	-3320.28	166.6231	0.1481004	5.094066
450	-3149.05	-3315.728	166.6782	0.2595236	5.001655
456	-3160.055	-3326.764	166.7094	0.05673681	5.096881
462	-3156.815	-3323.297	166.4825	0.02057594	5.242508
468	-3163.615	-3330.538	166.9227	0.01119013	5.003768
474	-3155.893	-3322.726	166.8332	0.02239922	5.047247
480	-3159.509	-3326.044	166.5347	0.01957964	5.214177
486	-3156.427	-3323.569	167.1427	0.06426411	4.85185
492	-3160.463	-3327.79	167.3274	0.08316023	4.738186
498	-3156.038	-3322.751	166.7132	0.07590984	5.084174
504	-3147.595	-3314.418	166.8234	0.2300972	4.937315
510	-3156.069	-3323.086	167.0174	0.2982635	4.791208
516	-3158.975	-3325.373	166.3984	0.07588883	5.258421
522	-3148.43	-3314.82	166.3891	0.08515217	5.258421
528	-3151.941	-3318.532	166.5908	0.1237567	5.125461
534	-3141.705	-3308.571	166.866	0.2341986	4.911292
540	-3151.147	-3318.188	167.0413	0.05893737	4.911292
546	-3156.687	-3323.249	166.5624	0.09211712	5.158743
552	-3153.448	-3320.064	166.6166	0.2243507	5.055394
558	-3162.076	-3328.271	166.195	0.1917222	5.306782
564	-3162.822	-3329.412	166.5894	0.240412	5.061547
570	-3147.28	-3313.902	166.6228	0.1589702	5.088199
576	-3147.025	-3314.024	166.9993	0.05759104	4.935404
582	-3154.373	-3320.735	166.3617	0.1223184	5.25305
588	-3158.423	-3324.847	166.4234	0.1420637	5.208012
594	-3153.307	-3320.031	166.7239	0.257962	4.977118
600	-3152.481	-3318.645	166.1635	0.0831874	5.384039
606	-3153.291	-3319.536	166.2457	0.3141984	5.21108
612	-3160.238	-3326.688	166.4497	0.02424601	5.258587
618	-3155.289	-3322.289	166.9997	0.01393591	4.959477
624	-3150.03	-3316.706	166.6753	0.1076994	5.087531
630	-3155.122	-3321.879	166.7569	0.02607164	5.087531
636	-3150.748	-3318.224	167.4762	0.2609593	4.555201
642	-3138.771	-3305.71	166.939	0.06349121	4.965682
648	-3149.745	-3316.152	166.4065	0.1683793	5.202787
654	-3148.93	-3315.564	166.6341	0.2901719	5.00915
660	-3137.32	-3303.98	166.6597	0.2231706	5.032124
666	-3148.384	-3315.111	166.7269	0.09227621	5.067471
672	-3153.758	-3320.268	166.5102	0.2394835	5.106032
678	-3155.54	-3322.574	167.0338	0.05139687	4.919654
684	-3158.012	-3324.199	166.187	0.1665011	5.3251
690	-3159.294	-3325.961	166.667	0.2254462	5.026832
696	-3165.339	-3332.114	166.7745	0.3969733	4.871599
702	-3170.025	-3337.445	167.4204	0.01366708	4.725046
708	-3161.574	-3327.792	166.2174	0.1963699	5.291864
714	-3153.794	-3320.553	166.7592	0.1734197	5.004485
720	-3153.082	-3319.61	166.5278	0.04389155	5.204588
726	-3154.475	-3321.735	167.2606	0.03011574	4.80513
732	-3147.948	-3315.22	167.2717	0.1076611	4.755645
738	-3152.038	-3318.79	166.7522	0.06856886	5.066604
744	-3149.994	-3316.476	166.4817	0.1996846	5.143852
750	-3163.182	-3329.249	166.0667	0.1620187	5.393907
756	-3153.329	-3319.956	166.6261	0.2692302	5.025196
762	-3155.197	-3321.822	166.6253	0.2906676	5.013725
768	-3150.065	-3316.59	166.5247	0.2400396	5.09768
774	-3145.061	-3311.689	166.6272	0.1375089	5.09768
780	-3147.212	-3313.873	166.661	0.1037129	5.09768
786	-3154.911	-3320.835	165.9241	0.2106103	5.445727
792	-3151.407	-3317.689	166.2819	0.2106103	5.248346
798	-3150.76	-3317.502	166.7418	0.2246941	4.985668
804	-3147.301	-3313.916	166.6155	0.09877516	5.125629
810	-3157.586	-3324.274	166.6881	0.1476713	5.058267
816	-3153.643	-3319.788	166.1449	0.2458631	5.304551
822	-3152.745	-3319.974	167.2289	0.1556408	4.752716
828	-3156.416	-3322.971	166.5553	0.09602918	5.160494
834	-3160.225	-3326.422	166.1971	0.1138812	5.348539
840	-3162.771	-3328.853	166.0816	0.4577203	5.22248
846	-3167.063	-3333.724	166.661	0.4577203	4.900977
852	-3155.209	-3322.048	166.8393	0.1010005	5.000214
858	-3145.245	-3312.401	167.1558	0.1093555	4.819374
864	-3151.878	-3318.457	166.5797	0.08911955	5.150835
870	-3158.216	-3324.593	166.3774	0.3221037	5.133788
876	-3149.716	-3316.105	166.3895	0.3102825	5.133673
882	-3151.46	-3318.162	166.7019	0.2894232	4.971866
888	-3152.758	-3318.959	166.2004	0.3664189	5.207257
894	-3146.265	-3312.838	166.5731	0.06373194	5.168508
900	-3155.296	-3321.522	166.2256	0.4112273	5.168508
906	-3149.508	-3315.928	166.4199	0.2169045	5.168508
912	-3144.944	-3312.235	167.2907	0.02914726	4.788844
918	-3154.74	-3321.069	166.3289	0.2350969	5.208846
924	-3158.099	-3324.86	166.7615	0.106461	5.040399
930	-3148.904	-3315.578	166.6748	0.1495119	5.064601
936	-3156.149	-3322.268	166.1186	0.2912415	5.293986
942	-3157.249	-3323.67	166.4209	0.06261997	5.253337
948	-3152.259	-3318.984	166.7256	0.2322874	4.990446
954	-3156.841	-3323.257	166.4156	0.2322874	5.162386
960	-3156.409	-3323.503	167.0936	0.1578947	4.826985
966	-3149.376	-3315.465	166.0884	0.2573391	5.32939
972	-3149.527	-3315.629	166.1014	0.2443348	5.32939
978	-3161.197	-3327.07	165.873	0.2443348	5.455262
984	-3160.357	-3326.512	166.1552	0.1410034	5.356717
990	-3160.599	-3327.504	166.9045	0.009090909	5.015095
996	-3153.706	-3320.609	166.9024	0.01173621	5.014794
1002	-3154.553	-3321.469	166.9159	0.009904225	5.008313
1008	-3155.126	-3321.995	166.869	0.2828017	4.88257
1014	-3166.887	-3333.197	166.3105	0.02048716	5.337504
1020	-3160.171	-3327.082	166.9103	0.05221501	4.987891
1026	-3161.67	-3328.541	166.8711	0.1455904	4.957795
1032	-3164.402	-3331.067	166.6642	0.2224364	5.030025
1038	-3148.93	-3315.612	166.6817	0.1901379	5.038278
1044	-3141.257	-3308.132	166.8751	0.1901379	4.93077
1050	-3148.888	-3315.674	166.7857	0.1045652	5.028011
1056	-3140.522	-3307.557	167.0357	0.1613173	4.85738
1062	-3141.104	-3307.102	165.9986	0.3359673	5.335547
1068	-3142.231	-3308.973	166.7414	0.09740914	5.056597
1074	-3153.969	-3320.741	166.7722	0.06663261	5.056597
1080	-3146.154	-3312.563	166.4089	0.1829717	5.193423
1086	-3144.576	-3310.956	166.3806	0.08887531	5.261074
1092	-3145.927	-3312.361	166.4344	0.0350408	5.261074
1098	-3144.296	-3311.11	166.8133	0.04648384	5.044929
1104	-3149.935	-3317.109	167.1747	0.1838194	4.767241
1110	-3145.371	-3312.11	166.7389	0.1876405	5.007857
1116	-3150.197	-3317.45	167.2524	0.07461554	4.78488
1122	-3151.547	-3318.227	166.68	0.04692831	5.118634
1128	-3160.101	-3326.741	166.6393	0.08757176	5.118634
1134	-3162.793	-3329.17	166.3767	0.3502041	5.118634
1140	-3149.9	-3317.072	167.1722	0.1294924	4.799006
1146	-3146.669	-3313.764	167.0947	0.206936	4.799006
1152	-3149.787	-3316.556	166.7685	0.03288356	5.077358
1158	-3157.743	-3324.775	167.0323	0.1273838	4.878176
1164	-3151.219	-3318.435	167.2157	0.02358192	4.833802
1170	-3167.11	-3333.315	166.2055	0.06872531	5.368818
1176	-3154.909	-3321.127	166.2183	0.1571631	5.312995
1182	-3155.779	-3322.788	167.0095	0.1721447	4.865926
1188	-3140.162	-3307.104	166.9415	0.3514494	4.803858
1194	-3139.181	-3305.736	166.5543	0.1421732	5.135515
1200	-3139.917	-3307.196	167.279	0.1100784	4.750175
1206	-3140.724	-3307.652	166.9287	0.2402861	4.873027
1212	-3162.788	-3329.88	167.0922	0.2297999	4.787657
1218	-3153.272	-3319.651	166.3788	0.2632353	5.165659
1224	-3158.749	-3324.706	165.9572	0.2752473	5.391855
1230	-3150.847	-3317.651	166.8043	0.2752473	4.922827
1236	-3141.969	-3308.955	166.9862	0.09336035	4.922827
1242	-3149.038	-3315.909	166.8714	0.2080642	4.922827
1248	-3140.652	-3307.81	167.158	0.157321	4.791373
1254	-3140.787	-3308.004	167.2168	0.09855176	4.791373
1260	-3147.724	-3314.479	166.7548	0.06446274	5.067447
1266	-3145.751	-3313.237	167.4862	0.07829437	4.652038
1272	-3149.609	-3316.747	167.1381	0.1491799	4.807015
1278	-3153.81	-3319.93	166.12	0.06987358	5.415306
1284	-3149.968	-3316.624	166.6558	0.1616867	5.068431
1290	-3162.422	-3328.724	166.3019	0.2129819	5.235964
1296	-3155.499	-3322.225	166.7259	0.0575363	5.087312
1302	-3159.305	-3326.065	166.7594	0.02404599	5.087312
1308	-3153.818	-3320.925	167.1069	0.0214047	4.895643
1314	-3154.334	-3321.64	167.306	0.008342114	4.791939
1320	-3152.414	-3319.077	166.6629	0.1042424	5.096341
1326	-3149.573	-3316.008	166.4348	0.2936575	5.117768
1332	-3145.357	-3311.524	166.1667	0.183497	5.326918
1338	-3144.419	-3311.53	167.1106	0.03001054	4.888803
1344	-3149.05	-3316.435	167.3849	0.06677907	4.715198
1350	-3147.182	-3314.169	166.9869	0.1767211	4.875977
1356	-3142.575	-3309.02	166.4447	0.03701714	5.254296
1362	-3154.628	-3321.137	166.5089	0.02484598	5.225526
1368	-3153.536	-3319.741	166.2056	0.01378144	5.399059
1374	-3155.623	-3322.522	166.8981	0.02311998	5.010831
1380	-3147.192	-3313.674	166.4823	0.01924953	5.243364
1386	-3142.695	-3309.039	166.3449	0.1566264	5.243364
1392	-3143.873	-3310.131	166.2577	0.2882047	5.218843
1398	-3145.544	-3312.027	166.4833	0.2962156	5.089476
1404	-3151.547	-3317.9	166.3528	0.2962156	5.161749
1410	-3152.341	-3319.401	167.06	0.02956178	4.917229
1416	-3155.191	-3321.727	166.5357	0.1962543	5.115857
1422	-3157.942	-3324.396	166.4545	0.2517317	5.130083
1428	-3165.439	-3332.171	166.7322	0.1887406	5.010998
1434	-3167.473	-3333.531	166.0576	0.176209	5.391117
1440	-3166.03	-3332.254	166.2246	0.1371615	5.320555
1446	-3160.136	-3326.819	166.683	0.1690877	5.049217
1452	-3162.632	-3329.493	166.8607	0.279214	4.889191
1458	-3152.56	-3318.937	166.3772	0.1427686	5.233155
1464	-3149.835	-3316.79	166.9542	0.176452	4.894378
1470	-3160.201	-3327.055	166.8534	0.1149304	4.984668
1476	-3160.01	-3326.837	166.8267	0.1066418	5.004113
1482	-3162.189	-3328.92	166.7309	0.3135212	4.942333
1488	-3162.78	-3329.645	166.8656	0.247945	4.903884
1494	-3155.367	-3322.242	166.8756	0.09137216	4.985393
1500	-3165.541	-3331.252	165.7107	0.285852	5.521715
1506	-3161.811	-3328.721	166.9101	0.0221229	5.004747
1512	-3153.087	-3319.987	166.9001	0.09996015	4.967012
1518	-3155.936	-3322.02	166.0837	0.179063	5.37518
1524	-3157.171	-3323.217	166.0457	0.1754555	5.398101
1530	-3158.506	-3325.198	166.692	0.1656854	5.046088
1536	-3154.911	-3321.062	166.1507	0.07624908	5.394903
1542	-3153.791	-3320.555	166.7638	0.01519415	5.089772
1548	-3158.185	-3324.476	166.2913	0.07083008	5.320367
1554	-3156.648	-3323.28	166.6327	0.3203165	4.99319
1560	-3150.017	-3316.348	166.3304	0.04970399	5.310405
1566	-3153.514	-3320.692	167.1776	0.02543329	4.854005
1572	-3146.402	-3312.979	166.5772	0.0489451	5.174409
1578	-3152.996	-3319.853	166.8573	0.2580078	4.902903
1584	-3157.91	-3323.892	165.9817	0.06500402	5.494154
1590	-3160.979	-3328.118	167.1396	0.1672675	4.796131
1596	-3151.97	-3318.532	166.5617	0.2178508	5.089471
1602	-3153.265	-3319.641	166.3762	0.2119106	5.1955
1608	-3162.602	-3329.033	166.4311	0.1569302	5.1955
1614	-3158.794	-3325.611	166.817	0.06918057	5.030268
1620	-3159.674	-3326.829	167.1551	0.2319845	4.751284
1626	-3151.706	-3318.043	166.3364	0.07121368	5.295211
1632	-3144.169	-3310.77	166.6005	0.09729738	5.134733
1638	-3149.308	-3316.255	166.9471	0.1018057	4.939834
1644	-3159.47	-3326.248	166.7778	0.2711675	4.939834
1650	-3154.275	-3321.088	166.8127	0.3296146	4.887834
1656	-3149.626	-3316.034	166.4082	0.1609786	5.205951
1662	-3161.084	-3328.056	166.9725	0.1511988	4.898245
1668	-3154.481	-3321.914	167.4325	0.04901759	4.698509
1674	-3156.382	-3322.895	166.5133	0.1085243	5.176816
1680	-3159.87	-3326.373	166.5031	0.1081678	5.182691
1686	-3157.186	-3323.653	166.4673	0.08187899	5.216996
1692	-3157.061	-3324.464	167.4032	0.07576605	4.699956
1698	-3147.452	-3314.036	166.5846	0.2089958	5.081642
1704	-3153.891	-3320.712	166.8204	0.1945678	4.958748
1710	-3153.461	-3319.957	166.4967	0.1945678	5.138355
1716	-3156.048	-3322.567	166.5194	0.04069644	5.210951
1722	-3155.151	-3321.526	166.3744	0.06391517	5.2783
1728	-3164.929	-3331.156	166.2263	0.2119691	5.2783
1734	-3163.098	-3330.617	167.5191	0.01867368	4.666991
1740	-3158.316	-3324.44	166.1235	0.09499944	5.399554
1746	-3152.836	-3319.617	166.7804	0.07829885	5.045559
1752	-3161.543	-3327.738	166.195	0.09236227	5.361579
1758	-3166.396	-3332.386	165.9894	0.1217567	5.458685
1764	-3153.355	-3320.787	167.4324	0.0603854	4.692176
1770	-3155.689	-3322.446	166.7577	0.08728847	5.053148
1776	-3146.381	-3313.414	167.0322	0.1618358	4.859027
1782	-3150.323	-3316.619	166.2957	0.2265862	5.231898
1788	-3160.126	-3327.422	167.2965	0.2124785	4.683157
1794	-3157.475	-3323.808	166.3328	0.3272447	5.155677
1800	-3154.44	-3320.503	166.0627	0.3272447	5.305018
1806	-3154.223	-3320.346	166.1232	0.1527628	5.367857
1812	-3155.377	-3321.81	166.4329	0.1981234	5.171724
1818	-3151.392	-3318.385	166.9923	0.3305046	4.787192
1824	-3147.117	-3313.414	166.2975	0.276851	5.203088
1830	-3155.728	-3322.131	166.4035	0.1708094	5.203088
1836	-3162.414	-3329.266	166.8526	0.04054491	5.026405
1842	-3165.724	-3332.607	166.8829	0.004611474	5.029571
1848	-3159.482	-3325.429	165.947	0.1215822	5.482093
1854	-3171.473	-3338.646	167.1736	0.1589558	4.781788
1860	-3163.768	-3330.04	166.2711	0.2614925	5.226175
1866	-3177.774	-3344.149	166.3751	0.3844592	5.100514
1872	-3161.855	-3328.042	166.1867	0.2181589	5.296759
1878	-3162.603	-3328.749	166.1461	0.2438287	5.304979
1884	-3166.418	-3332.783	166.3644	0.1463369	5.23825
1890	-3170.041	-3336.384	166.3434	0.1673996	5.238209
1896	-3161.29	-3328.401	167.1113	0.05481422	4.874602
1902	-3150.373	-3317.309	166.9357	0.02239632	4.990367
1908	-3144.923	-3311.726	166.8029	0.1551446	4.990367
1914	-3149.801	-3316.468	166.6667	0.194919	5.043925
1920	-3143.36	-3309.89	166.5298	0.2532504	5.087517
1926	-3143.946	-3310.858	166.9121	0.2626302	4.869823
1932	-3163.791	-3330.776	166.984	0.1076459	4.916046
1938	-3155.719	-3322.381	166.6627	0.08272284	5.108389
1944	-3155.918	-3322.827	166.9095	0.2590485	4.873245
1950	-3157.596	-3324.342	166.7465	0.2590485	4.963945
1956	-3160.209	-3326.701	166.4912	0.03415814	5.230202
1962	-3158.721	-3325.281	166.5598	0.03415814	5.192236
1968	-3151.549	-3318.533	166.9839	0.0793933	4.93185
1974	-3150.778	-3317.92	167.142	0.0501261	4.860099
1980	-3155.288	-3321.534	166.2463	0.07814197	5.341143
1986	-3143.177	-3310.258	167.0805	0.04577952	4.896779
1992	-3143.63	-3310.547	166.9166	0.08715258	4.964987
1998	-3152.262	-3319.107	166.8448	0.1589043	4.964987
2004	-3149.207	-3315.46	166.2531	0.2068666	5.266306
2010	-3148.09	-3314.737	166.6467	0.2302997	5.035378
2016	-3142.477	-3309.375	166.8985	0.2365538	4.891906
2022	-3159.749	-3326.797	167.0479	0.2460137	4.803348
2028	-3150.037	-3317.04	167.0031	0.1117045	4.903183
2034	-3149.904	-3315.828	165.9237	0.2963628	5.398676
2040	-3157.499	-3324.807	167.3074	0.2591076	4.650924
2046	-3156.366	-3323.009	166.6433	0.2591076	5.021261
2052	-3150.579	-3316.858	166.2798	0.2818308	5.210141
2058	-3151.907	-3319.335	167.4276	0.1230997	4.659776
2064	-3146.908	-3313.872	166.9634	0.04992112	4.959625
2070	-3148.318	-3314.917	166.5993	0.1373358	5.113248
2076	-3152.606	-3319.261	166.6552	0.08145307	5.113248
2082	-3147.421	-3314.455	167.0344	0.1136067	4.884686
2088	-3153.92	-3320.031	166.1118	0.0450795	5.433472
2094	-3151.743	-3318.575	166.8324	0.1895054	4.954892
2100	-3157.192	-3324.041	166.8487	0.2663395	4.903031
2106	-3154.854	-3321.795	166.9413	0.2588798	4.855642
2112	-3159.978	-3326.653	166.6746	0.1713122	5.052628
2118	-3159.212	-3326.351	167.1392	0.02598534	4.875147
2124	-3163.406	-3330.15	166.7443	0.3180171	4.932371
2130	-3161.897	-3328.489	166.5921	0.1676269	5.100464
2136	-3153.739	-3320.226	166.487	0.09731876	5.197554
2142	-3154.695	-3321.326	166.6314	0.1213285	5.104348
2148	-3150.559	-3316.769	166.2101	0.08080443	5.359633
2154	-3161.667	-3327.414	165.7474	0.1645613	5.568205
2160	-3154.434	-3320.658	166.2244	0.2373043	5.265355
2166	-3152.262	-3318.77	166.5082	0.2562275	5.097827
2172	-3149.595	-3316.083	166.4885	0.2270924	5.12492
2178	-3144.28	-3310.59	166.3103	0.1117402	5.287251
2184	-3141.746	-3308.893	167.1474	0.1257857	4.814914
2190	-3148.988	-3316.225	167.2374	0.03574706	4.814914
2196	-3149.665	-3316.859	167.1938	0.07938211	4.814914
2202	-3164.769	-3332.312	167.543	0.1130894	4.600675
2208	-3156.367	-3322.597	166.2298	0.1881533	5.289522
2214	-3147.759	-3314.65	166.8905	0.1502346	4.944383
2220	-3165.196	-3332.427	167.2317	0.2418019	4.702969
2226	-3152.817	-3319.618	166.8006	0.2002651	4.966575
2232	-3147.639	-3314.555	166.916	0.08490332	4.966575
2238	-3140.801	-3307.348	166.5469	0.1933419	5.111242
2244	-3149.797	-3316.993	167.196	0.1435759	4.777837
2250	-3144.672	-3311.81	167.1386	0.1931933	4.782185
2256	-3139.891	-3306.536	166.6445	0.1151906	5.100449
2262	-3166.637	-3333.799	167.1622	0.1361017	4.80087
2268	-3166.771	-3332.792	166.021	0.1483426	5.426634
2274	-3156.27	-3323.032	166.762	0.04273454	5.075457
2280	-3152.545	-3319.41	166.865	0.3790279	4.831174
2286	-3138.029	-3304.699	166.6701	0.05635095	5.118901
2292	-3139.966	-3306.926	166.9603	0.1242842	4.920031
2298	-3141.252	-3307.172	165.9194	0.2185378	5.44391
2304	-3158.536	-3324.691	166.1546	0.2596985	5.291528
2310	-3146.263	-3312.667	166.4034	0.1153108	5.233862
2316	-3150.038	-3316.384	166.3458	0.1525382	5.245104
2322	-3145.333	-3311.927	166.594	0.0598067	5.159104
2328	-3139.03	-3305.157	166.1269	0.284719	5.293027
2334	-3153.016	-3319.59	166.5735	0.1051138	5.1454
2340	-3146.183	-3313.101	166.9178	0.1566703	4.92564
2346	-3139.623	-3305.898	166.2753	0.3315415	5.18514
2352	-3139.204	-3306.264	167.0601	0.1307671	4.860817
2358	-3153.143	-3320.167	167.0235	0.03592448	4.933989
2364	-3155.725	-3322.099	166.3745	0.01366103	5.306
2370	-3157.314	-3324.76	167.4457	0.2192056	4.595752
2376	-3150.918	-3317.587	166.6695	0.1977444	5.040777
2382	-3144.164	-3311.114	166.9493	0.05374914	4.965352
2388	-3146.773	-3313.679	166.9057	0.1029701	4.962232
2394	-3144.186	-3311.021	166.8352	0.2351834	4.92789
2400	-3148.138	-3314.502	166.3642	0.2430677	5.184867
2406	-3151.392	-3318.164	166.772	0.07542552	5.051793
2412	-3148.186	-3314.981	166.7945	0.02510132	5.067232
2418	-3143.434	-3311.245	167.8107	0.1478108	4.430638
2424	-3145.949	-3313.579	167.6307	0.05731867	4.582788
2430	-3150.078	-3317.227	167.1484	0.04025827	4.862028
2436	-3139.02	-3306.041	167.0217	0.01269782	4.947953
2442	-3148.52	-3315.37	166.8508	0.2548211	4.908275
2448	-3157.209	-3323.923	166.7133	0.1676978	5.033172
2454	-3160.591	-3326.451	165.8597	0.2302202	5.470351
2460	-3148.787	-3315.462	166.6743	0.1436388	5.068169
2466	-3151.085	-3317.694	166.6096	0.1847746	5.081218
2472	-3159.864	-3326.785	166.9206	0.1872271	4.907084
2478	-3153.52	-3320.524	167.0038	0.2247237	4.839798
2484	-3144.222	-3310.61	166.3881	0.1034196	5.248902
2490	-3146.555	-3312.805	166.2494	0.1683967	5.289608
2496	-3150.37	-3317.716	167.346	0.03155276	4.756642
2502	-3153.2	-3320.345	167.1449	0.02408339	4.872986
2508	-3154.986	-3321.655	166.6686	0.1476496	5.069087
2514	-3154.559	-3321.263	166.7036	0.03107788	5.114336
2520	-3154.497	-3321.321	166.8239	0.02127517	5.053027
2526	-3155.94	-3322.656	166.7154	0.02540697	5.110946
2532	-3157.698	-3323.857	166.1596	0.007737845	5.427726
2538	-3158.396	-3325.579	167.1836	0.09653169	4.811021
2544	-3150.788	-3317.448	166.6593	0.1527397	5.071432
2550	-3151.46	-3318.009	166.5489	0.06542049	5.180973
2556	-3143.799	-3310.815	167.0159	0.1972454	4.848376
2562	-3151.74	-3318.613	166.8739	0.1372909	4.960829
2568	-3158.005	-3323.958	165.9527	0.06051225	5.512567
2574	-3152.838	-3319.64	166.802	0.2479178	4.939274
2580	-3157.248	-3323.893	166.6453	0.1941616	5.056236
2586	-3153.369	-3320.198	166.8291	0.2361936	4.930761
2592	-3152.72	-3319.308	166.5873	0.180664	5.095898
2598	-3160.976	-3327.679	166.7032	0.06471654	5.095898
2604	-3161.62	-3327.258	165.6378	0.1783894	5.620793
2610	-3165.19	-3331.897	166.7065	0.1916031	5.023669
2616	-3156.142	-3322.871	166.7292	0.1688803	5.023669
2622	-3150.056	-3316.529	166.4726	0.1785777	5.160589
2628	-3146.297	-3312.547	166.2501	0.1785777	5.283624
2634	-3149.078	-3315.523	166.4454	0.2459946	5.138317
2640	-3146.204	-3312.759	166.5558	0.2556074	5.071785
2646	-3147.224	-3313.997	166.7733	0.2556074	4.950983
2652	-3147.93	-3314.659	166.7288	0.1913964	5.01139
2658	-3143.746	-3310.426	166.6801	0.1207689	5.077614
2664	-3148.616	-3314.841	166.2245	0.1057712	5.337902
2670	-3155.955	-3322.794	166.8385	0.05488291	5.026288
2676	-3153.837	-3320.546	166.7095	0.1387831	5.051352
2682	-3153.129	-3319.437	166.3078	0.2420429	5.216671
2688	-3149.135	-3315.831	166.6961	0.218852	5.01432
2694	-3157.456	-3324.242	166.7861	0.1946234	4.977774
2700	-3154.76	-3321.785	167.0249	0.08121035	4.908017
2706	-3154.919	-3321.997	167.0779	0.216319	4.803145
2712	-3155.165	-3321.159	165.9935	0.2684129	5.375624
2718	-3146.697	-3313.725	167.0281	0.2352951	4.820382
2724	-3153.434	-3318.939	165.5056	0.2857902	5.634365
2730	-3155.179	-3322.19	167.011	0.3326445	4.775582
2736	-3148.715	-3315.233	166.5181	0.03918145	5.212552
2742	-3156.557	-3323.724	167.1673	0.02493048	4.860077
2748	-3155.429	-3321.947	166.5178	0.08810246	5.185651
2754	-3146.703	-3312.746	166.0429	0.2084479	5.381425
2760	-3157.71	-3323.714	166.004	0.3102218	5.346758
2766	-3151.608	-3318.121	166.5126	0.2432521	5.102586
2772	-3161.732	-3328.244	166.5126	0.2432521	5.102586
2778	-3162.914	-3328.988	166.074	0.2280688	5.353459
2784	-3154.428	-3320.367	165.9384	0.2280688	5.428224
2790	-3149.632	-3316.614	166.9817	0.2590627	4.833011
2796	-3156.835	-3323.188	166.3527	0.2941469	5.162947
2802	-3148.565	-3315.525	166.9593	0.3128331	4.815518
2808	-3162.282	-3328.276	165.9947	0.1870359	5.419809
2814	-3168.494	-3334.591	166.0973	0.0844155	5.419809
2820	-3156.219	-3322.855	166.6361	0.001396277	5.168143
2826	-3157.509	-3324.687	167.1784	0.08647535	4.819536
2832	-3160.946	-3327.742	166.796	0.1693124	4.986361
2838	-3154.678	-3321.067	166.3891	0.2251147	5.181011
2844	-3164.537	-3331.499	166.9626	0.2251147	4.862572
2850	-3161.083	-3327.97	166.8867	0.2028227	4.917265
2856	-3148.578	-3315.803	167.2244	0.1157887	4.77753
2862	-3156.158	-3323.133	166.9751	0.1164021	4.916169
2868	-3150.834	-3317.633	166.7999	0.1095963	5.017356
2874	-3151.525	-3318.488	166.9635	0.04255458	4.963661
2880	-3148.313	-3314.942	166.6291	0.07941571	5.12882
2886	-3151.437	-3318.378	166.9415	0.3636902	4.797049
2892	-3150.486	-3317.156	166.67	0.03754342	5.129357
2898	-3151.932	-3318.7	166.7684	0.01553914	5.08702
2904	-3157.35	-3324.947	167.5966	0.06591845	4.59711
2910	-3158.2	-3324.461	166.2607	0.1502298	5.293415
2916	-3163.276	-3329.73	166.4533	0.05488498	5.239668
2922	-3158.443	-3325.324	166.8815	0.06304372	4.997887
2928	-3152.89	-3319.402	166.5125	0.2072216	5.122616
2934	-3150.494	-3317.15	166.656	0.1741369	5.06142
2940	-3154.625	-3321.301	166.6758	0.06686814	5.109917
2946	-3145.27	-3312.097	166.8268	0.3577677	4.864328
2952	-3147.231	-3313.563	166.3318	0.1176048	5.272132
2958	-3154.674	-3320.569	165.8954	0.2616951	5.433375
2964	-3152.538	-3318.431	165.8925	0.241037	5.44633
2970	-3148.624	-3315.063	166.4389	0.07602709	5.235949
2976	-3144.218	-3310.863	166.6452	0.07552348	5.122069
2982	-3146.666	-3313.431	166.7653	0.06391198	5.061922
2988	-3150.266	-3316.511	166.2452	0.06285026	5.350206
2994	-3149.563	-3315.72	166.1572	0.1294768	5.361992
3000	-3162.755	-3328.608	165.8535	0.2662772	5.453918
3006	-3156.367	-3323.237	166.8698	0.2269301	4.913219
3012	-3160.56	-3326.193	165.6329	0.2354002	5.592183
3018	-3164.7	-3330.627	165.9269	0.2354002	5.430518
3024	-3158.165	-3324.769	166.6038	0.3618949	4.98611
3030	-3163.685	-3330.585	166.8997	0.06599354	4.98611
3036	-3157.525	-3324.301	166.7759	0.1519296	5.007178
3042	-3151.068	-3318.077	167.0085	0.1122657	4.899846
3048	-3147.257	-3313.58	166.3232	0.1733452	5.246092
3054	-3151.318	-3318.429	167.1104	0.01523747	4.897174
3060	-3142.228	-3308.978	166.7505	0.1655078	5.013723
3066	-3142.861	-3309.81	166.9491	0.1234329	4.926736
3072	-3153.613	-3320.285	166.6723	0.07483241	5.107429
3078	-3143.922	-3311.249	167.3261	0.02272397	4.772699
3084	-3157.703	-3324.609	166.9063	0.1471788	4.93734
3090	-3154.579	-3321.813	167.234	0.139666	4.758796
3096	-3156.298	-3323.213	166.9146	0.1583566	4.926489
3102	-3161.189	-3327.249	166.06	0.1308043	5.414825
3108	-3164.139	-3330.751	166.6116	0.1394521	5.105274
3114	-3160.538	-3327.317	166.7785	0.0419052	5.066795
3120	-3153.54	-3320.306	166.7655	0.03035707	5.080434
3126	-3144.935	-3311.491	166.5562	0.2395706	5.080434
3132	-3151.807	-3318.67	166.8631	0.1778189	4.944292
3138	-3146.088	-3312.931	166.8436	0.1432519	4.974344
3144	-3145.527	-3312.279	166.7515	0.1433654	5.025456
3150	-3154.531	-3321.26	166.7295	0.2417153	4.983047
3156	-3158.197	-3323.989	165.7917	0.07746106	5.591688
3162	-3156.396	-3323.078	166.6814	0.04620547	5.11823
3168	-3148.404	-3315.111	166.7063	0.02131263	5.11823
3174	-3147.757	-3314.569	166.8118	0.3236832	4.891672
3180	-3143.328	-3309.92	166.5923	0.2985274	5.027699
3186	-3144.697	-3312.038	167.3415	0.2336238	4.646098
3192	-3156.832	-3323.099	166.267	0.3543715	5.177052
3198	-3152.095	-3318.007	165.9115	0.3581872	5.371322
3204	-3152.723	-3319.617	166.8935	0.2420223	4.891666
3210	-3159.783	-3326.376	166.5933	0.2877452	5.033133
3216	-3166.87	-3332.962	166.0918	0.240132	5.336983
3222	-3150.618	-3317.123	166.5052	0.1780327	5.142815
3228	-3162.245	-3328.891	166.6458	0.2946798	5.000142
3234	-3155.64	-3322.304	166.6636	0.2768231	5.000142
3240	-3165.99	-3332.624	166.6337	0.08921645	5.120866
3246	-3160.468	-3327.448	166.9799	0.1004597	4.922365
3252	-3147.523	-3314.592	167.0697	0.01065051	4.922365
3258	-3153.654	-3320.775	167.1216	0.01127763	4.89309
3264	-3158.577	-3325.593	167.0157	0.1752984	4.860731
3270	-3156.705	-3323.18	166.475	0.1752984	5.161076
3276	-3171.665	-3337.302	165.6365	0.1961446	5.611739
3282	-3164.152	-3330.589	166.4365	0.3245836	5.099693
3288	-3153.676	-3320.532	166.8554	0.0218193	5.035287
3294	-3151.104	-3317.495	166.391	0.04613435	5.278942
3300	-3149.986	-3317.174	167.1884	0.05738042	4.830197
3306	-3150.968	-3318.171	167.2034	0.04236106	4.830197
3312	-3157.785	-3324.769	166.9836	0.1605971	4.886827
3318	-3156.247	-3322.932	166.6855	0.03774987	5.120641
3324	-3160.366	-3327.283	166.9172	0.04293914	4.989231
3330	-3162.794	-3329.031	166.2371	0.0299096	5.372792
3336	-3156.441	-3323.534	167.0933	0.2357079	4.783773
3342	-3156.585	-3323.277	166.692	0.2745844	4.985639
3348	-3153.407	-3319.234	165.8271	0.3282618	5.434329
3354	-3162.508	-3329.246	166.7373	0.07131051	5.073333
3360	-3151.031	-3318.097	167.0662	0.003286432	4.92843
3366	-3151.115	-3317.817	166.7025	0.03082595	5.115083
3372	-3147.16	-3313.752	166.5919	0.08934277	5.143927
3378	-3147.872	-3314.678	166.8062	0.0313967	5.057247
3384	-3150.529	-3317.046	166.5164	0.002853654	5.233569
3390	-3145.514	-3312.033	166.5188	0.0004769855	5.233569
3396	-3154.777	-3321.294	166.5174	0.001883224	5.233569
3402	-3168.139	-3335.47	167.3309	0.002101177	4.781527
3408	-3154.888	-3321.49	166.6021	0.009348411	5.182589
3414	-3155.911	-3323.089	167.1779	0.1750539	4.770387
3420	-3149.537	-3315.946	166.4088	0.284771	5.137127
3426	-3154.734	-3321.116	166.3815	0.284771	5.152208
3432	-3152.542	-3319.058	166.5165	0.1823577	5.134175
3438	-3154.618	-3321.571	166.9524	0.1908815	4.887327
3444	-3160.433	-3327.449	167.0164	0.1390425	4.880548
3450	-3157.323	-3324.286	166.963	0.2275048	4.861025
3456	-3164.733	-3331.168	166.4351	0.07662025	5.237752
3462	-3166.834	-3333.89	167.0567	0.2092305	4.818981
3468	-3160.604	-3327.903	167.2993	0.05757058	4.768182
3474	-3160.933	-3327.805	166.8724	0.03897061	5.0163
3480	-3163.27	-3330.078	166.8079	0.2627881	4.927738
3486	-3163.529	-3330.068	166.539	0.01676992	5.213347
3492	-3155.097	-3321.996	166.8988	0.03348472	5.004693
3498	-3151.657	-3318.632	166.9754	0.06049348	4.947086
3504	-3146.559	-3313.11	166.5513	0.2550205	5.074589
3510	-3148.367	-3314.689	166.3218	0.4128493	5.114344
3516	-3165.304	-3332.007	166.703	0.4128493	4.902626
3522	-3170.157	-3336.854	166.697	0.1314104	5.062347
3528	-3177.063	-3343.958	166.8951	0.01805648	5.015334
3534	-3158.504	-3325.646	167.142	0.2752117	4.734464
3540	-3160.614	-3327.179	166.5655	0.174012	5.111668
3546	-3166.227	-3332.757	166.5302	0.2092813	5.111668
3552	-3173.425	-3340.692	167.267	0.1889965	4.712763
3558	-3164.79	-3331.643	166.8528	0.2035058	4.935734
3564	-3171.191	-3338.016	166.8256	0.08988228	5.014025
3570	-3159.564	-3326.303	166.7392	0.1151757	5.047956
3576	-3171.721	-3337.52	165.7983	0.1671511	5.53879
3582	-3165.158	-3331.655	166.4974	0.1749329	5.148876
3588	-3159.585	-3326.834	167.2488	0.05777453	4.796287
3594	-3161.822	-3327.962	166.1395	0.2654799	5.296668
3600	-3155.018	-3321.205	166.1873	0.2177088	5.296668
3606	-3154.9	-3320.79	165.8905	0.2177088	5.460294
3612	-3164.094	-3330.414	166.3207	0.3729051	5.137099
3618	-3155.658	-3322.088	166.4297	0.2506311	5.144459
3624	-3154.899	-3321.069	166.1699	0.2579017	5.284065
3630	-3149.325	-3315.916	166.5908	0.2786379	5.039601
3636	-3154.365	-3320.889	166.5244	0.06353411	5.195601
3642	-3169.371	-3336.286	166.9149	0.2008236	4.902674
3648	-3152.131	-3319.289	167.1577	0.1945762	4.770764
3654	-3151.99	-3318.028	166.0381	0.3118398	5.327095
3660	-3151.049	-3317.435	166.3863	0.2509361	5.168319
3666	-3153.772	-3320.375	166.6031	0.2509361	5.048123
3672	-3146.684	-3312.535	165.8504	0.2209269	5.480558
3678	-3145.22	-3311.765	166.5458	0.2209269	5.096575
3684	-3152.974	-3319.677	166.7026	0.06409178	5.096575
3690	-3137.746	-3304.722	166.9766	0.06096603	4.946139
3696	-3140.39	-3307.23	166.8407	0.196896	4.946139
3702	-3142.877	-3308.906	166.0292	0.2439382	5.369429
3708	-3153.618	-3320.362	166.744	0.1856243	5.00616
3714	-3166.672	-3332.501	165.8296	0.2126925	5.496558
3720	-3154.631	-3320.516	165.8853	0.2126925	5.465918
3726	-3150.245	-3316.775	166.5305	0.1174713	5.162343
3732	-3149.884	-3316.717	166.833	0.1577137	4.972239
3738	-3155.93	-3321.879	165.949	0.1230452	5.480205
3744	-3163.362	-3330.184	166.822	0.2506844	4.926604
3750	-3151.656	-3318.749	167.0926	0.005138694	4.912672
3756	-3163.582	-3330.863	167.2815	0.006401382	4.806706
3762	-3154.574	-3321.9	167.3261	0.02638397	4.770651
3768	-3160.808	-3327.452	166.6443	0.1167762	5.099697
3774	-3156.634	-3323.579	166.9456	0.1453989	4.916456
3780	-3153.5	-3320.491	166.9912	0.1811363	4.871143
3786	-3152.434	-3319.094	166.6606	0.217841	5.034581
3792	-3152.159	-3317.781	165.6225	0.2991858	5.562833
3798	-3147.754	-3314.475	166.7218	0.2435742	4.986277
3804	-3154.877	-3321.619	166.7418	0.02666454	5.095607
3810	-3163.088	-3330.492	167.4032	0.05639549	4.710763
3816	-3144.321	-3311.063	166.742	0.227424	4.984046
3822	-3158.695	-3325.179	166.4837	0.2753389	5.10085
3828	-3159.258	-3326.203	166.9456	0.3326913	4.812058
3834	-3156.59	-3322.717	166.1273	0.2347558	5.320412
3840	-3152.703	-3320.248	167.5454	0.0882534	4.613304
3846	-3147.991	-3314.374	166.3828	0.3475683	5.116689
3852	-3164.695	-3331.285	166.5894	0.2082753	5.079408
3858	-3161.306	-3328.324	167.0179	0.07088626	4.917672
3864	-3172.654	-3338.701	166.0467	0.1015868	5.438212
3870	-3157.766	-3324.678	166.9121	0.1075093	4.956151
3876	-3166.309	-3333.037	166.7282	0.16394	5.026981
3882	-3167.523	-3333.471	165.9483	0.3402808	5.360914
3888	-3166.001	-3332.843	166.8417	0.4650961	4.796168
3894	-3164.029	-3330.175	166.1453	0.3885258	5.225488
3900	-3163.435	-3330.16	166.7245	0.01853522	5.109683
3906	-3149.381	-3316.201	166.8204	0.2464204	4.929913
3912	-3154.214	-3320.989	166.7748	0.1933392	4.984741
3918	-3160.686	-3327.577	166.8904	0.0777718	4.984741
3924	-3156.804	-3323.257	166.4533	0.2775196	5.116465
3930	-3148.458	-3315.066	166.6087	0.122089	5.116465
3936	-3152.297	-3318.383	166.0856	0.1071292	5.413744
3942	-3152.335	-3319.211	166.8766	0.2536814	4.89458
3948	-3161.538	-3328.235	166.6965	0.3002409	4.968841
3954	-3148.056	-3314.663	166.6064	0.1030896	5.128271
3960	-3151.889	-3317.83	165.9412	0.1298911	5.480696
3966	-3151.528	-3318.359	166.8309	0.1721692	4.965338
3972	-3154.029	-3319.868	165.839	0.2450099	5.473609
3978	-3163.169	-3329.167	165.9971	0.2937116	5.359682
3984	-3160.628	-3327.89	167.2623	0.1872954	4.71635
3990	-3148.257	-3314.916	166.6587	0.2232336	5.03262
3996	-3149.478	-3316.425	166.9469	0.202856	4.883736
4002	-3148.256	-3314.872	166.6157	0.2326239	5.051281
4008	-3171.605	-3338.506	166.9012	0.07945192	4.977821
4014	-3148.759	-3314.837	166.0776	0.04720568	5.451174
4020	-3158.236	-3325.048	166.8125	0.190237	4.96551
4026	-3160.513	-3326.843	166.33	0.106801	5.279105
4032	-3161.424	-3328.545	167.121	0.0591165	4.866806
4038	-3169.106	-3336.075	166.9695	0.1812295	4.883193
4044	-3160.555	-3326.96	166.4048	0.06150745	5.262828
4050	-3162.748	-3330.02	167.2718	0.03270134	4.797424
4056	-3152.188	-3318.773	166.5852	0.06559338	5.160808
4062	-3162.36	-3329.515	167.1553	0.09557921	4.827353
4068	-3159.672	-3326.037	166.3656	0.06868956	5.280502
4074	-3150.031	-3316.966	166.9345	0.04208442	4.980059
4080	-3151.471	-3318.572	167.1003	0.1478374	4.8289
4086	-3158.674	-3325.592	166.9182	0.08510903	4.965238
4092	-3163.38	-3330.251	166.871	0.05519678	5.008059
4098	-3165.43	-3332.139	166.709	0.22427	5.004145
4104	-3162.355	-3328.613	166.2577	0.22427	5.254189
4110	-3165.429	-3332.347	166.9181	0.2076387	4.897108
4116	-3161.577	-3328.78	167.2031	0.02819174	4.83829
4122	-3152.048	-3318.751	166.7033	0.06191989	5.0974
4128	-3155.623	-3322.726	167.103	0.1110889	4.84788
4134	-3143.383	-3310.04	166.6572	0.1785991	5.058234
4140	-3148.462	-3314.53	166.0681	0.3351391	5.29765
4146	-3152.728	-3319.604	166.8761	0.1157289	4.971618
4152	-3143.813	-3310.611	166.7984	0.1190331	5.012938
4158	-3150.66	-3317.391	166.7314	0.1464773	5.034924
4164	-3151.757	-3318.249	166.4918	0.2391683	5.116363
4170	-3164.717	-3331.276	166.5589	0.2404555	5.078452
4176	-3156.65	-3323.376	166.7262	0.09127496	5.06842
4182	-3156.282	-3322.995	166.713	0.1044903	5.06842
4188	-3160.615	-3327.074	166.4591	0.3583283	5.06842
4194	-3155.871	-3322.629	166.7579	0.1724385	5.005774
4200	-3150.781	-3317.171	166.3899	0.2484705	5.167653
4206	-3155.268	-3322.432	167.1638	0.1261761	4.805522
4212	-3157.294	-3323.674	166.3802	0.1152839	5.246704
4218	-3147.369	-3314.12	166.751	0.01710368	5.095801
4224	-3143.946	-3310.71	166.7635	0.05130041	5.069915
4230	-3152.538	-3318.413	165.8748	0.1379064	5.512803
4236	-3142.044	-3308.244	166.1991	0.1757991	5.313317
4242	-3140.177	-3306.999	166.8223	0.1825519	4.964374
4248	-3142.528	-3309.385	166.8572	0.1476168	4.964374
4254	-3143.073	-3310.104	167.0307	0.2375582	4.817656
4260	-3153.55	-3320.431	166.8806	0.3409147	4.843717
4266	-3146.121	-3312.816	166.6956	0.1347917	5.061265
4272	-3151.473	-3317.589	166.1157	0.1658959	5.364775
4278	-3159.885	-3327.117	167.2319	0.1658959	4.745301
4284	-3156.269	-3322.868	166.5994	0.1530886	5.104446
4290	-3157.055	-3323.567	166.5123	0.2401659	5.104446
4296	-3168.167	-3335.277	167.11	0.03575828	4.88594
4302	-3162.163	-3329.031	166.8682	0.1981577	4.93016
4308	-3165.437	-3331.955	166.5177	0.1981577	5.12474
4314	-3166.744	-3333.207	166.4639	0.2850337	5.106438
4320	-3165.311	-3332.207	166.8962	0.2637074	4.878047
4326	-3155.227	-3321.958	166.7309	0.04704134	5.090355
4332	-3145.792	-3312.326	166.5339	0.1070954	5.166199
4338	-3145.544	-3311.75	166.2061	0.1514956	5.322852
4344	-3155.915	-3322.622	166.7067	0.108272	5.069805
4350	-3154.452	-3320.974	166.5212	0.2938251	5.069805
4356	-3169.684	-3335.443	165.7591	0.2493283	5.515171
4362	-3155.491	-3322.082	166.5909	0.140315	5.11624
4368	-3144.088	-3311.074	166.986	0.0002370612	4.974718
4374	-3142.667	-3309.652	166.9847	0.0003973699	4.975326
4380	-3143.467	-3309.984	166.5172	0.0004779486	5.234424
4386	-3149.895	-3316.702	166.8066	0.0004031122	5.074247
4392	-3161.137	-3328.717	167.5806	0.0001102707	4.642942
4398	-3149.597	-3316.586	166.9887	0.0002880115	4.973175
4404	-3148.025	-3314.995	166.9704	0.0003995158	4.983273
4410	-3149.338	-3316.326	166.9872	0.001839724	4.973175
4416	-3150.949	-3318.158	167.2087	0.07333157	4.809983
4422	-3145.099	-3311.375	166.2755	0.1110785	5.30685
4428	-3137.1	-3303.431	166.3309	0.05569312	5.30685
4434	-3140.903	-3307.887	166.9837	0.1346184	4.901246
4440	-3143.269	-3308.806	165.5374	0.3133718	5.601798
4446	-3149.111	-3315.53	166.4187	0.03021758	5.27244
4452	-3147.544	-3314.289	166.7453	0.06910889	5.070112
4458	-3149.743	-3316.583	166.8399	0.3416325	4.866015
4464	-3147.953	-3313.745	165.7919	0.1767531	5.537031
4470	-3134.177	-3301.1	166.9229	0.1264177	4.939645
4476	-3133.096	-3299.009	165.9138	0.1563283	5.48125
4482	-3148.507	-3315.65	167.1432	0.1898447	4.781468
4488	-3151.396	-3318.906	167.5104	0.05110332	4.653742
4494	-3155.129	-3321.9	166.7717	0.2915191	4.931886
4500	-3163.576	-3330.656	167.0807	0.1498469	4.838696
4506	-3165.582	-3331.998	166.4161	0.08685902	5.242569
4512	-3169.537	-3335.865	166.3277	0.1752202	5.242569
4518	-3155.718	-3321.946	166.2284	0.3068445	5.224741
4524	-3151.235	-3317.495	166.2594	0.02750492	5.361858
4530	-3157.486	-3323.958	166.4719	0.2124473	5.142208
4536	-3157.971	-3324.641	166.6707	0.2162282	5.029852
4542	-3168.802	-3335.497	166.6951	0.2185697	5.015034
4548	-3165.002	-3331.961	166.9593	0.1041376	4.931766
4554	-3164.172	-3330.325	166.1526	0.3450646	5.245495
4560	-3176.63	-3342.676	166.0462	0.2229353	5.371667
4566	-3157.49	-3324.344	166.8533	0.09599214	4.99521
4572	-3153.969	-3320.186	166.2176	0.144377	5.32043
4578	-3155.185	-3321.993	166.8082	0.144377	4.993387
4584	-3153.106	-3319.04	165.9336	0.2858935	5.399002
4590	-3160.198	-3327.83	167.632	0.06270474	4.579032
4596	-3154.042	-3320.728	166.6865	0.1131587	5.078305
4602	-3146.358	-3312.231	165.8729	0.2835433	5.433746
4608	-3157.76	-3323.759	165.9997	0.4085766	5.294854
4614	-3148.976	-3315.484	166.5079	0.2081698	5.124635
4620	-3151.015	-3317.805	166.79	0.1371716	5.0075
4626	-3151.123	-3317.76	166.6374	0.241261	5.034472
4632	-3158.349	-3324.344	165.9949	0.331351	5.340147
4638	-3147.461	-3314.077	166.6158	0.1953449	5.071955
4644	-3157.589	-3324.013	166.4246	0.1953449	5.177852
4650	-3157.466	-3324.781	167.3148	0.1664606	4.69866
4656	-3153.895	-3320.443	166.5486	0.1664606	5.125201
4662	-3159.036	-3325.42	166.3832	0.3318018	5.125201
4668	-3156.706	-3323.624	166.9178	0.1509823	4.928797
4674	-3149.201	-3315.588	166.3863	0.2135698	5.188976
4680	-3154.148	-3320.763	166.6145	0.2111652	5.063882
4686	-3162.209	-3328.183	165.9741	0.2781079	5.380961
4692	-3152.766	-3318.946	166.18	0.2781079	5.267339
4698	-3151.925	-3318.659	166.7337	0.2781079	4.960507
4704	-3162.194	-3329.144	166.9508	0.1763374	4.896328
4710	-3154.87	-3321.659	166.7894	0.125763	5.014175
4716	-3159.672	-3326.986	167.3141	0.06180017	4.757577
4722	-3150.345	-3316.972	166.6268	0.1992669	5.063675
4728	-3146.681	-3313.699	167.0186	0.1602666	4.867483
4734	-3152.497	-3318.515	166.0171	0.3630199	5.310407
4740	-3161.251	-3327.036	165.7849	0.1024312	5.581751
4746	-3151.482	-3317.72	166.2373	0.2601827	5.245581
4752	-3155.687	-3322.242	166.5556	0.2091526	5.09767
4758	-3149.806	-3316.571	166.765	0.2351842	4.966971
4764	-3151.003	-3317.478	166.4746	0.2351842	5.128138
4770	-3162.743	-3329.488	166.7452	0.2332007	4.97905
4776	-3147.584	-3313.637	166.0529	0.2332007	5.362299
4782	-3153.074	-3319.839	166.7643	0.1458793	5.016952
4788	-3147.219	-3314.022	166.8024	0.1078042	5.016952
4794	-3156.502	-3322.284	165.7817	0.2065919	5.526234
4800	-3151.221	-3317.868	166.6468	0.1086019	5.102842
4806	-3143.57	-3310.381	166.811	0.1061366	5.013128
4812	-3149.203	-3316.637	167.4335	0.01416485	4.717454
4818	-3141.615	-3308.104	166.4897	0.04550924	5.224728
4824	-3145.106	-3311.798	166.6916	0.02310317	5.125373
4830	-3147.608	-3313.906	166.2981	0.04191929	5.332563
4836	-3151.29	-3317.921	166.6311	0.09570225	5.118717
4842	-3142.863	-3309.59	166.7276	0.0007819254	5.117827
4848	-3142.088	-3308.844	166.7557	0.02634572	5.088054
4854	-3145.63	-3312.151	166.5209	0.09952084	5.177582
4860	-3153.612	-3320.304	166.6914	0.1198205	5.071865
4866	-3154.384	-3320.707	166.323	0.2501465	5.203769
4872	-3156.866	-3323.385	166.5188	0.05431947	5.203769
4878	-3153.416	-3320.315	166.8992	0.04658041	4.997166
4884	-3165.981	-3332.244	166.2625	0.183861	5.273859
4890	-3148.577	-3315.374	166.7968	0.109356	5.019183
4896	-3151.264	-3317.889	166.6248	0.1808333	5.07501
4902	-3150.296	-3317.272	166.9755	0.02664865	4.965834
4908	-3162.416	-3329.276	166.8606	0.07429165	5.003215
4914	-3161.232	-3327.324	166.0922	0.2649146	5.323113
4920	-3160.768	-3327.487	166.7187	0.3421472	4.933206
4926	-3154.341	-3321.527	167.186	0.01380306	4.855853
4932	-3152.808	-3319.901	167.0925	0.0686333	4.87738
4938	-3154.299	-3321.53	167.231	0.005337182	4.835461
4944	-3161.965	-3329.333	167.3681	0.127447	4.690637
4950	-3161.038	-3327.611	166.5732	0.1374482	5.127659
4956	-3168.529	-3335.04	166.5114	0.1221108	5.170339
4962	-3154.725	-3321.918	167.1933	0.005043123	4.856627
4968	-3162.555	-3329.654	167.0991	0.348445	4.717486
4974	-3162.608	-3329.963	167.3551	0.03026057	4.752299
4980	-3167.468	-3334.332	166.8638	0.02289361	5.030003
4986	-3155.483	-3322.023	166.5403	0.1007329	5.166219
4992	-3156.83	-3323.021	166.1913	0.1056549	5.356327
4998	-3147.053	-3313.294	166.2408	0.1728905	5.291897
5004	-3153.203	-3319.558	166.3544	0.1206436	5.258011
5010	-3150.977	-3317.646	166.6692	0.08184954	5.105257
5016	-3157.001	-3323.627	166.6259	0.1251391	5.105257
5022	-3164.826	-3331.103	166.2771	0.2683736	5.219053
5028	-3156.94	-3323.629	166.6885	0.2236757	5.015881
5034	-3156.612	-3323.144	166.5312	0.2599349	5.083005
5040	-3141.909	-3308.489	166.58	0.2798456	5.044903
5046	-3148.033	-3314.183	166.1505	0.2669606	5.28978
5052	-3159.987	-3326.551	166.5643	0.1891081	5.103961
5058	-3164.581	-3330.504	165.9222	0.2187816	5.442244
5064	-3157.109	-3323.536	166.4267	0.1709294	5.190232
5070	-3149.207	-3315.861	166.6544	0.04287933	5.135058
5076	-3151.897	-3317.846	165.9487	0.3658707	5.346566
5082	-3148.739	-3316.03	167.2904	0.01885233	4.794776
5088	-3151.746	-3319.192	167.4456	0.0414704	4.69541
5094	-3161.565	-3328.403	166.8384	0.08811529	5.007906
5100	-3148.187	-3314.444	166.2563	0.3445742	5.188426
5106	-3150.57	-3317.68	167.1107	0.3311085	4.720728
5112	-3150.849	-3317.03	166.181	0.07342799	5.379745
5118	-3142.313	-3309.751	167.4381	0.02568518	4.708408
5124	-3156.766	-3323.122	166.3555	0.181322	5.223831
5130	-3159.446	-3326.35	166.9047	0.07192497	4.980023
5136	-3165.407	-3332.247	166.8395	0.1371668	4.980023
5142	-3168.322	-3334.061	165.7387	0.2510528	5.525448
5148	-3161.319	-3327.439	166.1202	0.1798256	5.354585
5154	-3164.726	-3330.726	166.0006	0.0567408	5.488281
5160	-3154.291	-3321.446	167.1548	0.1669859	4.787771
5166	-3145.837	-3312.642	166.8054	0.101479	5.018808
5172	-3164.286	-3330.285	165.9982	0.336502	5.33546
5178	-3156.385	-3323.407	167.0219	0.07725369	4.91189
5184	-3144.419	-3311.162	166.7431	0.1033247	5.052346
5190	-3151.226	-3318.215	166.9887	0.02700977	4.958307
5196	-3151.78	-3318.875	167.0958	0.01907009	4.903145
5202	-3149.451	-3315.806	166.3553	0.2211838	5.201891
5208	-3155.678	-3322.005	166.3272	0.2423424	5.205747
5214	-3166.3	-3332.495	166.1952	0.3196585	5.236007
5220	-3154.401	-3320.76	166.3592	0.1556032	5.236007
5226	-3154.324	-3320.572	166.2478	0.2324429	5.255146
5232	-3154.942	-3321.791	166.8491	0.1586204	4.962779
5238	-3170.691	-3338.024	167.3331	0.03596353	4.76137
5244	-3171.816	-3338.787	166.971	0.2055118	4.86879
5250	-3170.475	-3336.946	166.4711	0.1958045	5.151847
5256	-3172.452	-3339.135	166.6834	0.2148132	5.023616
5262	-3174.208	-3341.039	166.8312	0.1161824	4.99631
5268	-3162.422	-3329.355	166.9327	0.006796392	5.000702
5274	-3165.738	-3332.775	167.0371	0.025422	4.9323
5280	-3159.697	-3325.821	166.1236	0.2598884	5.30858
5286	-3161.277	-3327.552	166.2747	0.1087925	5.30858
5292	-3159.59	-3325.841	166.2508	0.07212804	5.341953
5298	-3157.182	-3323.254	166.0721	0.2246065	5.35645
5304	-3162.819	-3329.343	166.5238	0.2246065	5.106738
5310	-3166.845	-3333.765	166.9198	0.2208571	4.88878
5316	-3171.482	-3337.557	166.075	0.1411814	5.400814
5322	-3152.271	-3318.915	166.6438	0.3100716	4.992712
5328	-3162.765	-3329.107	166.3419	0.3053032	5.16277
5334	-3147.256	-3313.867	166.6112	0.246838	5.04591
5340	-3152.961	-3319.541	166.5797	0.2783871	5.04591
5346	-3151.524	-3318.513	166.9894	0.05243572	4.943796
5352	-3151.832	-3317.859	166.0271	0.1194587	5.439191
5358	-3155.338	-3321.536	166.1978	0.1713414	5.316483
5364	-3153.241	-3320.059	166.8186	0.03302624	5.049453
5370	-3168.033	-3334.772	166.7389	0.11129	5.050269
5376	-3158.656	-3324.662	166.0059	0.2537575	5.376877
5382	-3137.528	-3304.038	166.5097	0.1198385	5.172561
5388	-3150.878	-3317.309	166.4307	0.2179896	5.161952
5394	-3159.803	-3326.198	166.395	0.253698	5.161952
5400	-3165.199	-3331.355	166.1563	0.2578712	5.291621
5406	-3158.073	-3324.423	166.3499	0.2740645	5.175649
5412	-3148.071	-3314.88	166.8084	0.2740645	4.921198
5418	-3151.231	-3318.221	166.9898	0.3713953	4.765766
5424	-3139.584	-3305.485	165.901	0.2952639	5.411815
5430	-3147.711	-3314.838	167.1267	0.2405311	4.762393
5436	-3145.306	-3312.353	167.0471	0.0793533	4.896709
5442	-3150.056	-3316.925	166.8689	0.1071573	4.980392
5448	-3147.602	-3314.42	166.8184	0.1576112	4.980392
5454	-3145.888	-3312.624	166.7357	0.240312	4.980392
5460	-3147.591	-3314.268	166.6766	0.2273112	5.020435
5466	-3152.197	-3319.11	166.9132	0.2585214	4.871495
5472	-3147.108	-3314.099	166.9905	0.1551969	4.885972
5478	-3143.925	-3310.165	166.2401	0.1639231	5.297232
5484	-3157.173	-3323.601	166.4276	0.2024421	5.172271
5490	-3150.034	-3316.562	166.5277	0.1023731	5.172271
5496	-3150.197	-3316.628	166.431	0.1990218	5.172271
5502	-3158.695	-3324.714	166.0186	0.2501887	5.37184
5508	-3142.054	-3308.747	166.6934	0.2137316	5.01865
5514	-3155.512	-3322.017	166.5046	0.1490603	5.159203
5520	-3158.287	-3324.301	166.0138	0.3247722	5.333319
5526	-3155.979	-3323.142	167.1629	0.0728603	4.835801
5532	-3148.467	-3315.498	167.0303	0.02179479	4.938097
5538	-3148.763	-3315.937	167.1744	0.06943282	4.831273
5544	-3159.927	-3327.034	167.1077	0.1361443	4.831273
5550	-3171.582	-3338.239	166.6578	0.05963052	5.123875
5556	-3160.792	-3327.503	166.7113	0.006145905	5.123875
5562	-3161.168	-3327.819	166.651	0.004857958	5.157999
5568	-3160.01	-3326.469	166.4586	0.005771183	5.263881
5574	-3140.611	-3307.507	166.8958	0.006253573	5.021468
5580	-3147.775	-3314.843	167.0672	0.07805881	4.886212
5586	-3152.471	-3319.679	167.2074	0.01470767	4.843369
5592	-3148.511	-3316.004	167.4934	0.01013437	4.686175
5598	-3140.217	-3306.796	166.5787	0.04539188	5.175593
5604	-3137.65	-3304.152	166.502	0.1703303	5.148879
5610	-3150.741	-3316.663	165.9215	0.2608279	5.419495
5616	-3148.15	-3314.53	166.3808	0.2608279	5.165845
5622	-3147.174	-3313.555	166.3808	0.2608279	5.165845
5628	-3163.025	-3329.724	166.6982	0.2430553	4.999693
5634	-3161.336	-3328.789	167.4529	0.2430553	4.578322
5640	-3155.697	-3322.612	166.9151	0.2338229	4.88419
5646	-3145.961	-3312.905	166.9441	0.1372848	4.921762
5652	-3152.159	-3318.947	166.7877	0.03107483	5.067673
5658	-3152.316	-3319.032	166.7166	0.03772649	5.103435
5664	-3148.548	-3315.291	166.7428	0.01152881	5.103435
5670	-3155.679	-3322.468	166.7896	0.008742265	5.079053
5676	-3151.087	-3317.501	166.4143	0.03711165	5.271063
5682	-3147.73	-3315.014	167.2836	0.02064689	4.797578
5688	-3155.14	-3322.186	167.0453	0.2589391	4.797578
5694	-3154.7	-3321.544	166.8438	0.1411404	4.975417
5700	-3144.74	-3311.135	166.3947	0.1297697	5.230652
5706	-3161.362	-3328.029	166.6663	0.1290385	5.080691
5712	-3164.512	-3331.555	167.0428	0.2240545	4.818445
5718	-3170.361	-3337.317	166.9566	0.2178481	4.869968
5724	-3165.286	-3331.658	166.3715	0.2178481	5.194788
5730	-3146.209	-3312.363	166.1547	0.1865743	5.331874
5736	-3155.383	-3321.689	166.3052	0.08126078	5.306899
5742	-3149.881	-3316.064	166.1838	0.2026694	5.306899
5748	-3150.798	-3317.183	166.3852	0.06657295	5.270849
5754	-3144.517	-3310.622	166.1047	0.157336	5.375553
5760	-3160.819	-3327.187	166.3681	0.1924143	5.210762
5766	-3159.497	-3326.561	167.064	0.117332	4.866097
5772	-3148.184	-3314.809	166.6248	0.1434649	5.095696
5778	-3144.198	-3311.064	166.8656	0.1624529	4.951444
5784	-3146.655	-3313.254	166.5991	0.1337318	5.115361
5790	-3148.06	-3315.628	167.5687	0.2096061	4.532067
5796	-3154.79	-3321.184	166.3943	0.220017	5.180969
5802	-3148.936	-3315.825	166.8892	0.04640613	5.002828
5808	-3154.536	-3321.578	167.0421	0.20083	4.831789
5814	-3154.842	-3320.827	165.9853	0.3844758	5.316138
5820	-3151.418	-3318.085	166.6668	0.2667731	5.00399
5826	-3147.136	-3313.689	166.5525	0.05534557	5.184544
5832	-3154.157	-3320.505	166.3478	0.1148941	5.264822
5838	-3159	-3325.999	166.9994	0.1253595	4.897637
5844	-3152.84	-3318.577	165.7371	0.1962949	5.556405
5850	-3161.692	-3327.62	165.928	0.2570817	5.417943
5856	-3157.039	-3323.569	166.5296	0.385502	5.014203
5862	-3161.451	-3327.093	165.6419	0.4013455	5.496054
5868	-3170.547	-3336.338	165.7916	0.1816571	5.53449
5874	-3161.204	-3328.136	166.9314	0.04706518	4.979038
5880	-3158.882	-3325.598	166.716	0.2145917	5.005626
5886	-3148.515	-3314.782	166.2677	0.2476609	5.235721
5892	-3147.797	-3314.604	166.807	0.1989417	4.963755
5898	-3149.118	-3315.346	166.2279	0.1884015	5.290455
5904	-3152.528	-3318.891	166.3629	0.1075351	5.260519
5910	-3159.672	-3326.007	166.3347	0.1357248	5.260519
5916	-3161.746	-3328.04	166.2947	0.1949985	5.249922
5922	-3163.704	-3330.845	167.1407	0.1108111	4.826982
5928	-3160.077	-3326.94	166.8632	0.1589041	4.954757
5934	-3161.886	-3328.672	166.7858	0.2879892	4.926023
5940	-3165.069	-3332.075	167.0058	0.1633025	4.872924
5946	-3155.517	-3322.336	166.8193	0.1074884	5.007748
5952	-3166.613	-3333.461	166.8476	0.06543321	5.015356
5958	-3158.476	-3325.396	166.9205	0.1966454	4.901904
5964	-3159.03	-3325.17	166.1393	0.2652173	5.296933
5970	-3150.751	-3316.489	165.7382	0.09759293	5.610008
5976	-3149.392	-3316.524	167.1326	0.2416521	4.758462
5982	-3150.079	-3317.373	167.2934	0.07860187	4.759724
5988	-3140.615	-3307.544	166.929	0.2407468	4.872573
5994	-3147.421	-3314.052	166.6308	0.2090124	5.056019
6000	-3156.735	-3323.472	166.7366	0.1493405	5.03042
6006	-3153.328	-3320.047	166.7187	0.2313254	4.994829
6012	-3153.951	-3320.921	166.97	0.263076	4.837258
6018	-3152.273	-3319.027	166.7535	0.1516674	5.019744
6024	-3155.209	-3322.031	166.8216	0.1873696	4.962088
6030	-3164.474	-3331.299	166.8246	0.184296	4.962088
6036	-3165.718	-3332.309	166.5912	0.1462805	5.112776
6042	-3178.146	-3344.552	166.4057	0.1902934	5.191103
6048	-3167.801	-3334.215	166.4137	0.1823388	5.191103
6054	-3166.501	-3332.8	166.2994	0.2293171	5.228314
6060	-3158.152	-3324.773	166.6208	0.2195638	5.055714
6066	-3155.413	-3321.753	166.3398	0.1012196	5.276787
6072	-3160.252	-3325.936	165.6847	0.2208797	5.571701
6078	-3165.078	-3330.616	165.5379	0.3272209	5.593894
6084	-3157.198	-3323.867	166.6689	0.182798	5.049423
6090	-3164.923	-3331.89	166.967	0.117944	4.919791
6096	-3167.235	-3333.079	165.8446	0.3432301	5.41644
6102	-3156.578	-3323.088	166.5104	0.1080001	5.178694
6108	-3158.556	-3325.504	166.9481	0.3522627	4.799758
6114	-3161.485	-3327.734	166.249	0.3927653	5.165809
6120	-3142.394	-3308.88	166.4858	0.1559491	5.165809
6126	-3144.98	-3311.465	166.4858	0.1559491	5.165809
6132	-3146.46	-3313.396	166.9358	0.07128634	4.963102
6138	-3149.4	-3316.285	166.8853	0.1217712	4.963102
6144	-3161.414	-3327.609	166.1952	0.02052983	5.401083
6150	-3151.214	-3317.852	166.637	0.0324627	5.150427
6156	-3155.364	-3321.977	166.6133	0.1207004	5.114707
6162	-3153.448	-3320.067	166.619	0.1513929	5.094535
6168	-3160.185	-3326.628	166.443	0.09726258	5.221971
6174	-3158.347	-3325.01	166.6623	0.3030915	4.986315
6180	-3154.737	-3321.332	166.5955	0.3121682	5.018367
6186	-3155.575	-3322.278	166.7032	0.1644445	5.040588
6192	-3155.154	-3322.327	167.1728	0.05723397	4.838965
6198	-3156.232	-3323.601	167.3688	0.02196227	4.749228
6204	-3154.525	-3321.064	166.5392	0.1711124	5.127826
6210	-3152.693	-3319.438	166.745	0.0415495	5.085549
6216	-3156.182	-3323.111	166.9286	0.04942957	4.979253
6222	-3162.594	-3329.347	166.753	0.08868052	5.055004
6228	-3161.035	-3328.242	167.2072	0.1152745	4.787393
6234	-3161.374	-3327.724	166.3506	0.1024309	5.270169
6240	-3155.417	-3322.307	166.8906	0.1649274	4.936172
6246	-3154.196	-3320.206	166.0104	0.2438259	5.379871
6252	-3152.682	-3319.046	166.3639	0.2058748	5.20563
6258	-3162.689	-3328.655	165.9657	0.4030478	5.316707
6264	-3152.923	-3319.201	166.2784	0.09036282	5.316707
6270	-3152.34	-3319.662	167.3223	0.1054391	4.728565
6276	-3142.668	-3309.521	166.8526	0.1761238	4.951075
6282	-3147.258	-3313.628	166.3696	0.3199287	5.139366
6288	-3141.739	-3308.509	166.77	0.09009849	5.044783
6294	-3150.153	-3316.76	166.6079	0.1187979	5.118735
6300	-3145.993	-3312.513	166.5199	0.1996063	5.122738
6306	-3141.681	-3308.172	166.4908	0.2286952	5.122738
6312	-3143.553	-3310.125	166.5723	0.1471697	5.122738
6318	-3147.564	-3313.586	166.0223	0.255623	5.36682
6324	-3153.667	-3320.668	167.0005	0.2108462	4.849372
6330	-3154.734	-3321.92	167.1857	0.1713336	4.768089
6336	-3160.358	-3327.041	166.683	0.1069736	5.083657
6342	-3157.819	-3324.324	166.505	0.2849733	5.083657
6348	-3169.875	-3336.261	166.386	0.09434159	5.255084
6354	-3155.437	-3322.068	166.6311	0.01062181	5.165826
6360	-3148.424	-3315.391	166.9661	0.05665298	4.954393
6366	-3169.588	-3336.358	166.7697	0.4001789	4.87249
6372	-3152.605	-3319.061	166.4551	0.2034655	5.156463
6378	-3150.146	-3316.728	166.5813	0.1345769	5.124768
6384	-3153.831	-3320.793	166.9621	0.1345769	4.913247
6390	-3164.78	-3331.631	166.8511	0.2456064	4.913247
6396	-3146.727	-3313.637	166.9101	0.06217791	4.982451
6402	-3160.777	-3327.465	166.688	0.1636486	5.049436
6408	-3160.036	-3326.592	166.5559	0.06362737	5.178105
6414	-3159.872	-3327.273	167.4013	0.0816189	4.697723
6420	-3157.262	-3323.36	166.0981	0.2586037	5.323333
6426	-3173.223	-3339.508	166.285	0.07171371	5.323333
6432	-3169.823	-3336.227	166.4031	0.164017	5.207068
6438	-3151.931	-3318.313	166.3813	0.1184501	5.244337
6444	-3153.861	-3319.782	165.9211	0.2869193	5.405301
6450	-3151.383	-3318.279	166.8961	0.1908509	4.91866
6456	-3144.254	-3310.978	166.7237	0.329649	4.937396
6462	-3147.28	-3313.229	165.9489	0.06193373	5.513858
6468	-3143.955	-3310.58	166.6251	0.1113719	5.113329
6474	-3161.925	-3328.954	167.0294	0.01643386	4.94156
6480	-3143.908	-3311.189	167.2808	0.03084095	4.793446
6486	-3160.253	-3327.458	167.2052	0.1983478	4.742091
6492	-3156.135	-3322.63	166.4952	0.1608023	5.157882
6498	-3150.036	-3316.546	166.5106	0.1949669	5.130436
6504	-3153.762	-3320.795	167.0323	0.06797496	4.911256
6510	-3145.503	-3312.131	166.6283	0.1154155	5.109342
6516	-3139.573	-3306.612	167.0398	0.04559775	4.91953
6522	-3145.542	-3312.523	166.9814	0.08442643	4.930433
6528	-3140.622	-3307.495	166.8737	0.2459177	4.900481
6534	-3143.843	-3310.791	166.9479	0.1717076	4.900481
6540	-3146.656	-3313.529	166.8725	0.2471819	4.900481
6546	-3151.681	-3317.594	165.9128	0.2330507	5.439547
6552	-3152.666	-3319.757	167.0902	0.2369812	4.784745
6558	-3150.695	-3317.263	166.5678	0.2050868	5.093122
6564	-3150.139	-3316.912	166.7724	0.1066033	5.034288
6570	-3143.151	-3309.71	166.5586	0.1571408	5.124797
6576	-3137.596	-3304.38	166.7843	0.1070453	5.027431
6582	-3150.804	-3317.511	166.7074	0.005983579	5.126135
6588	-3151.546	-3318.258	166.7114	0.001963572	5.126135
6594	-3142.306	-3308.958	166.6517	0.004554867	5.157775
6600	-3155.561	-3322.153	166.5915	0.004076126	5.191327
6606	-3156.855	-3323.263	166.4087	0.001686197	5.293688
6612	-3153.801	-3320.776	166.9752	0.005249012	4.97792
6618	-3152.748	-3319.336	166.5884	0.03258975	5.177297
6624	-3148.912	-3316.064	167.1517	0.1416279	4.803675
6630	-3156.103	-3323.25	167.1469	0.1300774	4.812779
6636	-3152.367	-3319.438	167.0709	0.1946813	4.819134
6642	-3150.492	-3317.32	166.8286	0.08160368	5.016956
6648	-3164.792	-3331.332	166.5399	0.1086583	5.162044
6654	-3161.262	-3328.144	166.882	0.03330136	5.014113
6660	-3154.083	-3320.982	166.8989	0.009815425	5.017791
6666	-3151.379	-3318.677	167.2983	0.1118877	4.738384
6672	-3158.327	-3324.776	166.4491	0.02653858	5.257642
6678	-3154.565	-3321.46	166.8954	0.04324897	5.001161
6684	-3148.804	-3315.564	166.7597	0.01001631	5.094877
6690	-3161.349	-3328.447	167.0979	0.04179299	4.889301
6696	-3149.274	-3316.807	167.5337	0.05449782	4.638781
6702	-3148.898	-3316.44	167.5414	0.04674133	4.638781
6708	-3153.617	-3320.883	167.2656	0.048256	4.792217
6714	-3158.974	-3326.325	167.351	0.1858447	4.667529
6720	-3161.305	-3327.504	166.1987	0.1701036	5.316637
6726	-3162.866	-3329.838	166.9718	0.1701036	4.888112
6732	-3152.904	-3319.885	166.9815	0.160353	4.888112
6738	-3146.793	-3313.544	166.751	0.06910039	5.066944
6744	-3152.605	-3319.683	167.0774	0.0167333	4.91469
6750	-3155.793	-3322.418	166.6249	0.2868415	5.016084
6756	-3156.361	-3323.022	166.6606	0.2511648	5.016084
6762	-3150.313	-3317.581	167.2674	0.03979541	4.795901
6768	-3144.45	-3311.165	166.7152	0.09942157	5.070014
6774	-3150.782	-3317.961	167.1796	0.249048	4.728049
6780	-3158.283	-3324.331	166.0478	0.249048	5.356364
6786	-3156.906	-3323.885	166.9786	0.175127	4.881515
6792	-3164.156	-3330.486	166.33	0.2016777	5.226711
6798	-3168.116	-3334.643	166.5269	0.3163033	5.054126
6804	-3164.676	-3330.791	166.1149	0.1411244	5.378853
6810	-3165.126	-3332.46	167.3338	0.03553065	4.761217
6816	-3162.229	-3328.955	166.726	0.1259181	5.049314
6822	-3157.701	-3324.237	166.5355	0.1865518	5.121315
6828	-3154.015	-3320.871	166.8556	0.04624586	5.021593
6834	-3142.107	-3308.955	166.8473	0.08681198	5.003646
6840	-3154.379	-3320.982	166.6026	0.01047667	5.181678
6846	-3152.369	-3319.59	167.2205	0.05244005	4.815022
6852	-3153.443	-3320.308	166.8649	0.03462744	5.022853
6858	-3156.656	-3323.467	166.8104	0.09819477	5.01783
6864	-3143.932	-3311.09	167.1581	0.09417693	4.826554
6870	-3154.256	-3321.507	167.2501	0.4008521	4.603573
6876	-3149.397	-3315.686	166.2888	0.1478206	5.279195
6882	-3147.043	-3314.432	167.3884	0.02123507	4.738703
6888	-3147.853	-3314.158	166.3049	0.02204688	5.339772
6894	-3161.539	-3328.809	167.2694	0.1072742	4.757108
6900	-3163.185	-3330.212	167.0269	0.07121987	4.912449
6906	-3154.876	-3320.849	165.9732	0.3255305	5.355335
6912	-3155.337	-3322.206	166.8693	0.0993564	4.98445
6918	-3150.315	-3317.152	166.8371	0.1315792	4.98445
6924	-3148.706	-3315.193	166.4869	0.02861161	5.23564
6930	-3161.715	-3327.914	166.1987	0.3168185	5.23564
6936	-3151.427	-3317.838	166.4102	0.2388791	5.161746
6942	-3155.31	-3322.084	166.7736	0.009457173	5.087504
6948	-3152.324	-3318.83	166.5066	0.1595669	5.15226
6954	-3156.721	-3322.704	165.9831	0.2289906	5.403055
6960	-3148.325	-3314.346	166.0205	0.1916071	5.403055
6966	-3160.505	-3326.733	166.2281	0.2838229	5.237606
6972	-3150.353	-3317.457	167.1039	0.2050652	4.794917
6978	-3147.63	-3314.092	166.4628	0.3213788	5.086863
6984	-3149.26	-3315.725	166.4655	0.08966084	5.213723
6990	-3142.025	-3308.358	166.3326	0.1160291	5.27257
6996	-3149.665	-3316.907	167.2425	0.2516913	4.691433
7002	-3167.432	-3333.828	166.3957	0.1095718	5.241272
7008	-3158.006	-3325.223	167.2172	0.2631736	4.699169
7014	-3149.739	-3317.108	167.3689	0.1635114	4.67004
7020	-3154.241	-3321.232	166.9916	0.278788	4.816458
7026	-3161.638	-3327.506	165.8681	0.3253128	5.413384
7032	-3161.115	-3328.211	167.0963	0.2193437	4.79121
7038	-3152.955	-3319.603	166.6482	0.315179	4.987434
7044	-3152.324	-3319.165	166.8409	0.1072493	4.995846
7050	-3147.857	-3314.786	166.9285	0.274022	4.854292
7056	-3146.27	-3313.183	166.9125	0.03624158	4.995518
7062	-3148.682	-3315.443	166.7607	0.1368968	5.023956
7068	-3152.367	-3318.744	166.3771	0.04108941	5.289416
7074	-3149.164	-3316.153	166.9891	0.02830271	4.957357
7080	-3149.983	-3316.811	166.8287	0.2039319	4.948932
7086	-3151.958	-3318.862	166.9047	0.07737389	4.977017
7092	-3148.903	-3315.388	166.4852	0.1562474	5.165967
7098	-3154.967	-3321.669	166.7025	0.1562474	5.045517
7104	-3152.648	-3318.778	166.1299	0.1093509	5.388099
7110	-3151.445	-3318.206	166.7606	0.04488309	5.075077
7116	-3148.597	-3315.53	166.9329	0.09940236	4.94908
7122	-3149.626	-3316.361	166.7355	0.1604682	5.024842
7128	-3149.85	-3316.593	166.7429	0.02953586	5.093423
7134	-3146.493	-3313.217	166.7234	0.02072316	5.109116
7140	-3143.068	-3309.735	166.668	0.006763077	5.147542
7146	-3147.792	-3314.924	167.132	0.004802371	4.890923
7152	-3149.406	-3316.081	166.6757	0.03204589	5.129252
7158	-3150.917	-3317.284	166.3679	0.3457429	5.125986
7164	-3147.079	-3313.293	166.2143	0.2279937	5.276072
7170	-3154.182	-3320.298	166.1161	0.3261884	5.276072
7176	-3158.969	-3325.653	166.6842	0.1388013	5.065352
7182	-3150.531	-3317.158	166.6271	0.1959502	5.065352
7188	-3158.615	-3324.945	166.3307	0.02306754	5.324934
7194	-3153.992	-3320.638	166.6464	0.02438415	5.149693
7200	-3150.584	-3317.001	166.4169	0.007031455	5.286255
7206	-3145.754	-3312.446	166.6927	0.01292143	5.13044
7212	-3143.523	-3309.964	166.441	0.006012359	5.273498
7218	-3146.868	-3313.62	166.752	0.08369388	5.058321
7224	-3148.927	-3315.491	166.5642	0.05506368	5.17823
7230	-3152.687	-3319.152	166.4642	0.1550675	5.17823
7236	-3144.571	-3311.489	166.9181	0.2318795	4.883605
7242	-3144.342	-3310.94	166.5988	0.05561648	5.158804
7248	-3149.534	-3316.032	166.4984	0.2836067	5.088094
7254	-3166.004	-3332.09	166.0862	0.3680531	5.269482
7260	-3159.507	-3325.985	166.4789	0.3680531	5.052059
7266	-3152.363	-3318.638	166.2751	0.07524274	5.326838
7272	-3152.452	-3318.667	166.2145	0.1868318	5.298696
7278	-3157.834	-3324.628	166.7939	0.0375534	5.06064
7284	-3155.394	-3321.971	166.5772	0.2968452	5.037041
7290	-3162.362	-3329.255	166.8928	0.2912721	4.864598
7296	-3157.944	-3324.608	166.6631	0.1564224	5.067292
7302	-3158.682	-3325.653	166.9714	0.2662381	4.834747
7308	-3160.725	-3327.29	166.5652	0.4115228	4.979983
7314	-3178.321	-3344.415	166.0941	0.4115228	5.241101
7320	-3167.028	-3333.144	166.1163	0.1617585	5.366728
7326	-3159.206	-3325.463	166.2567	0.2579896	5.236076
7332	-3142.863	-3309.179	166.3167	0.2129616	5.227788
7338	-3159.878	-3326.224	166.3462	0.1834626	5.227788
7344	-3163.065	-3329.454	166.3894	0.2450936	5.169805
7350	-3155.171	-3321.663	166.4914	0.1705989	5.154579
7356	-3153.556	-3320.655	167.0998	0.2245198	4.786377
7362	-3159.238	-3325.997	166.7592	0.2243649	4.976169
7368	-3169.513	-3336.167	166.6539	0.3296773	4.976169
7374	-3152.331	-3319.3	166.9686	0.2696237	4.834408
7380	-3151.131	-3317.541	166.4094	0.3232846	5.11545
7386	-3149.387	-3316.111	166.7244	0.08986737	5.070222
7392	-3158.883	-3325.441	166.5576	0.02738314	5.197195
7398	-3155.028	-3321.806	166.778	0.1508242	5.00662
7404	-3163.418	-3329.84	166.4219	0.2823999	5.131143
7410	-3161.566	-3327.944	166.3775	0.267013	5.164267
7416	-3157.635	-3323.898	166.2628	0.1049173	5.317279
7422	-3173.884	-3341.046	167.1621	0.06123327	4.84271
7428	-3156.038	-3322.92	166.8819	0.2565118	4.890008
7434	-3155.659	-3322.42	166.7604	0.1298483	5.028037
7440	-3160.011	-3327.212	167.2009	0.2155332	4.73492
7446	-3157.284	-3323.436	166.1522	0.2628775	5.291124
7452	-3151.733	-3317.762	166.0292	0.3083336	5.333922
7458	-3146.236	-3313.201	166.9658	0.1956196	4.877243
7464	-3144.877	-3311.029	166.1524	0.2095484	5.320441
7470	-3161.409	-3327.574	166.1654	0.1533568	5.344249
7476	-3148.467	-3315.21	166.7427	0.1116363	5.047979
7482	-3151.377	-3317.756	166.3789	0.2708872	5.161332
7488	-3154.346	-3320.507	166.1614	0.06218614	5.396742
7494	-3169.593	-3336.592	166.9997	0.1059153	4.908313
7500	-3153.189	-3319.274	166.0851	0.246978	5.336937
7506	-3160.868	-3328.033	167.1649	0.190144	4.769224
7512	-3162.727	-3329.19	166.4633	0.1179874	5.199235
7518	-3174.873	-3341.244	166.3711	0.1482612	5.233484
7524	-3164.857	-3331.29	166.433	0.2550792	5.140156
7530	-3170.781	-3337.373	166.5921	0.095952	5.140156
7536	-3163.468	-3329.84	166.3719	0.1854451	5.212521
7542	-3150.13	-3316.497	166.366	0.1912591	5.212521
7548	-3158.275	-3324.21	165.9351	0.1035734	5.498572
7554	-3169.732	-3336.347	166.6147	0.3032573	5.012638
7560	-3165.278	-3332.598	167.3202	0.09752504	4.73416
7566	-3160.398	-3326.576	166.1782	0.02348992	5.408832
7572	-3157.862	-3324.699	166.8367	0.05781447	5.025666
7578	-3156.745	-3323.361	166.6159	0.0709198	5.140858
7584	-3155.16	-3321.945	166.7845	0.1572171	4.999458
7590	-3153.688	-3320.184	166.4964	0.1002785	5.19073
7596	-3157.102	-3323.149	166.0469	0.2304411	5.367092
7602	-3150.121	-3316.95	166.8287	0.2084682	4.946407
7608	-3156.122	-3322.885	166.7623	0.3146159	4.924296
7614	-3156.437	-3323.387	166.9504	0.1424292	4.9154
7620	-3145.206	-3311.364	166.1579	0.2852128	5.27565
7626	-3147.93	-3314.191	166.2606	0.3528269	5.181495
7632	-3162.03	-3328.823	166.7936	0.02282267	5.068997
7638	-3156.952	-3323.754	166.8018	0.0145907	5.068997
7644	-3146.865	-3313.669	166.8048	0.01162524	5.068997
7650	-3147.987	-3314.249	166.2619	0.06401701	5.340309
7656	-3157.508	-3323.874	166.3655	0.1196774	5.252403
7662	-3152.634	-3319.636	167.0028	0.1226059	4.897266
7668	-3149.065	-3316.284	167.2192	0.09425745	4.792447
7674	-3151.474	-3318.103	166.6288	0.1858296	5.070016
7680	-3147.603	-3314.302	166.6982	0.1164286	5.070016
7686	-3142.029	-3308.953	166.9235	0.2301185	4.881587
7692	-3145.284	-3312.207	166.9235	0.2301185	4.881587
7698	-3149.938	-3316.746	166.8082	0.1630121	4.98308
7704	-3139.772	-3306.238	166.466	0.162087	5.173344
7710	-3154.94	-3321.468	166.5277	0.1004525	5.173344
7716	-3166.105	-3333.706	167.6018	0.2375375	4.49777
7722	-3151.313	-3318.14	166.8262	0.1241618	4.994642
7728	-3146.477	-3313.44	166.9632	0.1020784	4.930745
7734	-3144.294	-3311.433	167.139	0.1204235	4.822565
7740	-3158.203	-3324.667	166.4632	0.2387017	5.132482
7746	-3156.199	-3323.18	166.9802	0.03316985	4.959636
7752	-3147.385	-3313.888	166.5025	0.01029914	5.237152
7758	-3145.822	-3312.895	167.0723	0.04753648	4.900379
7764	-3155.259	-3321.825	166.5666	0.04094421	5.184744
7770	-3165.217	-3331.588	166.3712	0.3277594	5.134142
7776	-3164.362	-3330.672	166.31	0.100746	5.293524
7782	-3165.346	-3332.372	167.0263	0.1228151	4.884074
7788	-3157.432	-3324.076	166.6437	0.0413618	5.141804
7794	-3155.574	-3321.977	166.4032	0.06886649	5.25965
7800	-3152.071	-3318.439	166.3679	0.1914476	5.21138
7806	-3156.176	-3322.645	166.4695	0.3268395	5.080155
7812	-3166.147	-3332.094	165.9468	0.246879	5.413224
7818	-3169.609	-3336.005	166.3961	0.06530495	5.265518
7824	-3170.152	-3335.794	165.642	0.1347302	5.642444
7830	-3164.654	-3331.46	166.806	0.3262764	4.893455
7836	-3154.65	-3321.121	166.4712	0.01935697	5.24944
7842	-3148.692	-3315.353	166.6615	0.08649909	5.106929
7848	-3148.721	-3315.977	167.2558	0.03691824	4.804019
7854	-3154.284	-3321.437	167.1525	0.07499292	4.840382
7860	-3149.345	-3315.646	166.3009	0.1202151	5.287805
7866	-3144.49	-3310.853	166.363	0.2560767	5.178362
7872	-3155.054	-3322.262	167.2078	0.1439629	4.771068
7878	-3160.697	-3327.811	167.114	0.2377602	4.771068
7884	-3143.269	-3309.894	166.6249	0.208939	5.059363
7890	-3145.586	-3311.997	166.4115	0.208939	5.177596
7896	-3149.738	-3315.767	166.0291	0.09523592	5.451411
7902	-3160.033	-3327.042	167.0096	0.0184333	4.951494
7908	-3152.3	-3319.41	167.1096	0.07275593	4.865571
7914	-3155.417	-3321.854	166.437	0.2971476	5.114615
7920	-3154.903	-3321.079	166.1755	0.2588334	5.280479
7926	-3154.078	-3320.466	166.3884	0.2839408	5.148845
7932	-3161.881	-3328.511	166.6297	0.04265326	5.148845
7938	-3147.42	-3313.823	166.4029	0.2695017	5.148845
7944	-3159.421	-3326.339	166.918	0.0501071	4.984782
7950	-3147.544	-3314.53	166.9862	0.01415806	4.966849
7956	-3147.51	-3314.405	166.895	0.1053333	4.966849
7962	-3156.082	-3322.753	166.6714	0.2826725	4.992578
7968	-3153.857	-3320.747	166.8897	0.06435768	4.992578
7974	-3155.757	-3322.501	166.7439	0.03026858	5.092435
7980	-3149.326	-3316.155	166.8292	0.06705862	5.024711
7986	-3153.873	-3320.643	166.7708	0.1254148	5.024711
7992	-3149.16	-3315.764	166.6046	0.115835	5.122205
7998	-3154.683	-3322.316	167.633	0.182824	4.510977
8004	-3154.742	-3322.66	167.9172	0.1174312	4.387714
8010	-3148.199	-3315.388	167.1894	0.1409768	4.782999
8016	-3153.521	-3320.323	166.8018	0.2906053	4.915642
8022	-3160.771	-3326.822	166.0504	0.1978025	5.383194
8028	-3167.955	-3334.71	166.7555	0.08873076	5.053554
8034	-3174.738	-3340.159	165.4209	0.2714842	5.688691
8040	-3166.951	-3334.349	167.3978	0.1754072	4.647143
8046	-3160.469	-3326.989	166.52	0.1842537	5.13119
8052	-3154.823	-3321.252	166.4286	0.2087407	5.168256
8058	-3155.393	-3322.338	166.945	0.1569793	4.910312
8064	-3151.908	-3318.421	166.5137	0.3464837	5.044737
8070	-3154.419	-3321.02	166.6009	0.1667454	5.096043
8076	-3153.727	-3320.891	167.1639	0.05289014	4.846384
8082	-3145.325	-3312.513	167.1882	0.02850338	4.846384
8088	-3154.573	-3320.968	166.3956	0.2857176	5.143898
8094	-3157.722	-3324.708	166.9863	0.08126891	4.929466
8100	-3150.009	-3316.912	166.9028	0.159075	4.932663
8106	-3155.868	-3322.482	166.6142	0.1621695	5.091192
8112	-3155.777	-3322.811	167.0345	0.110034	4.886619
8118	-3160.485	-3326.748	166.2628	0.2789381	5.221136
8124	-3153.522	-3320.775	167.2527	0.02144539	4.814395
8130	-3157.809	-3324.608	166.7994	0.05113062	5.050103
8136	-3163.272	-3330.61	167.3379	0.3367963	4.590262
8142	-3141.597	-3308.113	166.5166	0.1227167	5.167157
8148	-3148.097	-3314.623	166.5268	0.2743035	5.077515
8154	-3148.935	-3314.896	165.9611	0.2307031	5.414277
8160	-3139.406	-3305.697	166.2916	0.2265946	5.234166
8166	-3147.794	-3313.63	165.8363	0.2514698	5.471553
8172	-3142.907	-3309.868	166.9607	0.2021929	4.876372
8178	-3157.145	-3323.19	166.0451	0.1874708	5.39178
8184	-3157.004	-3324.409	167.4049	0.04699632	4.715072
8190	-3149.751	-3316.778	167.0268	0.01406782	4.944306
8196	-3145.536	-3312.512	166.9761	0.06482548	4.944306
8202	-3156.221	-3322.796	166.5755	0.1406064	5.124623
8208	-3159.098	-3326.609	167.5114	0.1288383	4.609607
8214	-3155.92	-3323.046	167.1262	0.1268141	4.826137
8220	-3156.502	-3323.027	166.5244	0.15063	5.147391
8226	-3151.078	-3317.767	166.689	0.1277604	5.068791
8232	-3151.141	-3317.658	166.5169	0.1475072	5.153253
8238	-3149.835	-3316.253	166.4178	0.246645	5.153253
8244	-3152.842	-3319.677	166.8356	0.1217455	4.99077
8250	-3148.957	-3315.379	166.4223	0.1096724	5.226547
8256	-3135.409	-3302.145	166.736	0.1096724	5.052769
8262	-3154.581	-3321.63	167.0495	0.1256589	4.869563
8268	-3151.155	-3318.248	167.093	0.08213215	4.869563
8274	-3170.731	-3337.368	166.637	0.06734102	5.13111
8280	-3162.473	-3329.147	166.6737	0.2666686	5.000221
8286	-3154.203	-3320.768	166.5653	0.0869465	5.159999
8292	-3146.69	-3313.671	166.9807	0.1055495	4.91907
8298	-3135.996	-3302.934	166.9379	0.1055495	4.942902
8304	-3148.928	-3315.149	166.2208	0.3268218	5.217851
8310	-3161.842	-3327.988	166.1456	0.261816	5.295332
8316	-3166.112	-3331.782	165.6704	0.3803202	5.491907
8322	-3147.429	-3314.649	167.2206	0.0384109	4.822817
8328	-3152.079	-3319.098	167.0198	0.2213421	4.832809
8334	-3154.151	-3320.938	166.787	0.2927898	4.922696
8340	-3138.675	-3305.21	166.5348	0.22096	5.102616
8346	-3144.832	-3312.011	167.1794	0.2273075	4.740354
8352	-3148.333	-3314.793	166.4606	0.1362544	5.190643
8358	-3143.851	-3311.211	167.3605	0.1248233	4.696394
8364	-3156.363	-3323.494	167.1312	0.1450698	4.813192
8370	-3142.1	-3308.883	166.7829	0.2330701	4.958179
8376	-3143.127	-3310.42	167.2923	0.08814935	4.754994
8382	-3153.819	-3320.753	166.9346	0.1247697	4.934011
8388	-3152.232	-3319.162	166.9298	0.1243285	4.936938
8394	-3160.742	-3326.907	166.1649	0.226964	5.303911
8400	-3167.723	-3334.702	166.9783	0.07595694	4.936899
8406	-3152.797	-3319.133	166.3355	0.1476548	5.253519
8412	-3145.293	-3311.915	166.6223	0.1743338	5.079984
8418	-3144.842	-3311.595	166.7537	0.1022664	5.047042
8424	-3146.132	-3312.943	166.8115	0.06434604	5.036022
8430	-3166.843	-3333.111	166.268	0.09871817	5.31783
8436	-3166.816	-3333.089	166.2738	0.1624981	5.279387
8442	-3161.665	-3328.48	166.8144	0.1624981	4.979918
8448	-3163.221	-3329.478	166.2565	0.2637473	5.233011
8454	-3168.56	-3334.553	165.9934	0.293488	5.361859
8460	-3164.758	-3331.479	166.721	0.2909883	4.960378
8466	-3164.57	-3330.544	165.9736	0.1296284	5.46304
8472	-3154.171	-3320.345	166.1747	0.3137825	5.250589
8478	-3154.469	-3321.404	166.9348	0.1301897	4.930894
8484	-3145.722	-3312.012	166.2894	0.1980781	5.251102
8490	-3159.662	-3325.92	166.2582	0.09198194	5.326964
8496	-3142.518	-3308.79	166.2722	0.07701886	5.327462
8502	-3142.461	-3308.563	166.1021	0.09100656	5.413561
8508	-3151.953	-3318.255	166.3027	0.1541688	5.268054
8514	-3150.9	-3318.229	167.3284	0.1541688	4.697907
8520	-3146.364	-3313.672	167.3074	0.05738767	4.763767
8526	-3151.814	-3319.142	167.3278	0.1769257	4.68551
8532	-3142.948	-3309.503	166.5549	0.2616257	5.068969
8538	-3150.008	-3317.286	167.2777	0.08998983	4.762151
8544	-3145.066	-3311.957	166.8909	0.09762409	4.973452
8550	-3155.873	-3322.448	166.575	0.09160061	5.152061
8556	-3149.763	-3316.442	166.6784	0.07807295	5.102226
8562	-3148.633	-3315.298	166.6651	0.07875008	5.109249
8568	-3161.862	-3328.945	167.0826	0.01367846	4.913468
8574	-3158.081	-3324.887	166.806	0.09895271	5.019863
8580	-3142.509	-3309.013	166.5042	0.06771344	5.204443
8586	-3148.293	-3314.862	166.5689	0.0030194	5.204443
8592	-3152.476	-3319.428	166.9519	0.1497645	4.910481
8598	-3151.964	-3318.681	166.7171	0.1508241	5.040431
8604	-3153.209	-3320.217	167.0076	0.158833	4.874418
8610	-3163.2	-3328.686	165.4866	0.2932683	5.640686
8616	-3168.467	-3335.548	167.0817	0.1708065	4.826434
8622	-3155.458	-3321.571	166.1138	0.222258	5.334706
8628	-3164.495	-3331.293	166.7985	0.1940544	4.97117
8634	-3165.637	-3332.967	167.3301	0.1700872	4.688059
8640	-3160.365	-3326.708	166.343	0.1787834	5.232167
8646	-3154.74	-3321.006	166.2664	0.1787834	5.274514
8652	-3159.287	-3326.067	166.7798	0.1232027	5.020977
8658	-3148.242	-3315.283	167.0404	0.1227341	4.876255
8664	-3154.679	-3320.866	166.1874	0.06354221	5.381664
8670	-3157.207	-3323.868	166.6609	0.2448122	5.019461
8676	-3148.449	-3315.251	166.8024	0.04785566	5.05022
8682	-3151.685	-3317.939	166.2544	0.1974424	5.270826
8688	-3154.72	-3321.288	166.5682	0.05180622	5.177834
8694	-3142.602	-3309.222	166.6197	0.0905614	5.127849
8700	-3142.449	-3309.11	166.6609	0.04937411	5.127849
8706	-3146.816	-3313.155	166.3391	0.1393595	5.256119
8712	-3156.232	-3322.54	166.3084	0.2354614	5.219945
8718	-3158.659	-3325.785	167.1253	0.07886794	4.853411
8724	-3148.043	-3315.342	167.299	0.1184165	4.734363
8730	-3153.403	-3319.726	166.3236	0.1844718	5.23975
8736	-3158.475	-3325.445	166.9706	0.1844718	4.880748
8742	-3137.735	-3304.734	166.9987	0.1564059	4.880748
8748	-3143.147	-3310.296	167.149	0.006063894	4.880748
8754	-3146.924	-3313.377	166.4533	0.09583323	5.217015
8760	-3143.256	-3309.787	166.5308	0.175837	5.129835
8766	-3160.989	-3326.753	165.7642	0.1836239	5.548511
8772	-3165.647	-3331.871	166.2245	0.08043374	5.351895
8778	-3154.113	-3321.074	166.9616	0.123791	4.919541
8784	-3148.68	-3315.38	166.6994	0.2879912	4.974076
8790	-3152.745	-3319.67	166.925	0.1630994	4.918069
8796	-3142.669	-3309.51	166.8409	0.1908317	4.949407
8802	-3138.799	-3305.208	166.4083	0.2716971	5.144612
8808	-3140.857	-3307.244	166.3868	0.2932139	5.144612
8814	-3145.223	-3312.493	167.2706	0.09448745	4.76361
8820	-3142.005	-3309.051	167.0459	0.1705437	4.846553
8826	-3154.893	-3322.393	167.5005	0.1001723	4.63178
8832	-3152.337	-3319.378	167.0414	0.257811	4.800381
8838	-3149.011	-3315.563	166.5519	0.2159073	5.095956
8844	-3150.176	-3317.035	166.8585	0.1895005	4.940387
8850	-3153.561	-3320.629	167.0687	0.1274459	4.857852
8856	-3145.801	-3312.903	167.1025	0.05753539	4.877997
8862	-3151.353	-3317.913	166.5592	0.1495591	5.128664
8868	-3157.282	-3323.661	166.3791	0.2434635	5.176419
8874	-3160.748	-3327.341	166.5933	0.2434635	5.057729
8880	-3161.387	-3327.806	166.4191	0.1863949	5.185835
8886	-3164.815	-3331.288	166.4736	0.2922098	5.097069
8892	-3157.21	-3323.652	166.4419	0.08193833	5.23101
8898	-3148.424	-3315.183	166.7584	0.2609373	4.956324
8904	-3147.727	-3313.712	165.9844	0.2452208	5.393432
8910	-3152.998	-3319.226	166.228	0.2039	5.281829
8916	-3142.952	-3309.85	166.8985	0.1803383	4.92322
8922	-3155.335	-3322.329	166.9938	0.01413156	4.962668
8928	-3158.581	-3325.879	167.2984	0.08554502	4.753061
8934	-3151.782	-3317.847	166.0646	0.1802409	5.385041
8940	-3158.479	-3325.087	166.6079	0.3494973	4.990748
8946	-3151.6	-3318.178	166.5788	0.1414534	5.12234
8952	-3146.938	-3313.858	166.9192	0.03189171	4.994251
8958	-3161.088	-3328.234	167.1454	0.04957184	4.8585
8964	-3167.024	-3334.158	167.1332	0.06182612	4.8585
8970	-3149.175	-3316.112	166.9377	0.2573575	4.8585
8976	-3155.495	-3322.748	167.2532	0.01926655	4.815332
8982	-3170.864	-3337.909	167.0455	0.197833	4.831563
8988	-3145.661	-3312.375	166.714	0.197833	5.016024
8994	-3158.433	-3325.212	166.779	0.06029591	5.056319
9000	-3155.544	-3322.543	166.9995	0.08178431	4.921856
9006	-3154.735	-3321.669	166.9337	0.1475307	4.921856
9012	-3145.351	-3312.286	166.9349	0.1463625	4.921856
9018	-3144.116	-3310.791	166.6742	0.2798768	4.992554
9024	-3157.74	-3324.253	166.5136	0.1984057	5.126861
9030	-3148.651	-3315.373	166.7214	0.2811534	4.965615
9036	-3145.052	-3312.448	167.3958	0.09870551	4.691231
9042	-3144.458	-3311.925	167.4668	0.1113359	4.644381
9048	-3151.009	-3317.837	166.8279	0.1604726	4.973525
9054	-3149.485	-3316.278	166.793	0.1842353	4.979706
9060	-3153.837	-3320.884	167.0469	0.1174768	4.875566
9066	-3157.741	-3324.066	166.3247	0.3822578	5.129712
9072	-3155.316	-3322.254	166.9389	0.2362827	4.869576
9078	-3151.562	-3318.181	166.6191	0.1401373	5.100727
9084	-3172.491	-3339.001	166.51	0.09311144	5.187202
9090	-3175.314	-3342.27	166.956	0.250113	4.852337
9096	-3161.579	-3327.972	166.3931	0.09681551	5.249788
9102	-3152.432	-3318.864	166.432	0.05785772	5.249788
9108	-3151.976	-3318.777	166.8016	0.2091083	4.961119
9114	-3156.735	-3323.357	166.622	0.1982949	5.066849
9120	-3158.843	-3324.745	165.9018	0.2980546	5.409798
9126	-3158.641	-3325.002	166.3607	0.2388968	5.189117
9132	-3156.915	-3322.958	166.0434	0.4298629	5.25898
9138	-3150.181	-3316.322	166.1408	0.1896098	5.337859
9144	-3154.516	-3320.921	166.4048	0.2750117	5.144738
9150	-3147.491	-3314.481	166.9893	0.2519489	4.832739
9156	-3147.556	-3314.39	166.8335	0.1895998	4.954223
9162	-3144.474	-3310.53	166.0559	0.09662432	5.435876
9168	-3160.292	-3326.752	166.46	0.3346367	5.08109
9174	-3160.26	-3326.455	166.1948	0.1095303	5.352228
9180	-3150.209	-3317.118	166.9087	0.1909094	4.911632
9186	-3148.001	-3314.805	166.8033	0.1239346	5.007517
9192	-3153.262	-3320.371	167.1091	0.1654064	4.814187
9198	-3150.68	-3316.917	166.2375	0.2385286	5.25744
9204	-3157.51	-3324.435	166.9247	0.1584855	4.920797
9210	-3150.249	-3317.407	167.1574	0.08234207	4.833549
9216	-3151.233	-3318.048	166.8144	0.207921	4.95465
9222	-3145.478	-3312.759	167.2809	0.1404358	4.732179
9228	-3149.418	-3316.173	166.7556	0.2127642	4.98466
9234	-3154.681	-3321.162	166.4814	0.1660646	5.162646
9240	-3163.465	-3330.237	166.7725	0.2004997	4.98208
9246	-3165.644	-3332.013	166.3694	0.3370838	5.12993
9252	-3173.286	-3339.71	166.4237	0.2828305	5.12993
9258	-3166.744	-3333.462	166.7186	0.186024	5.020049
9264	-3167.652	-3334.753	167.1015	0.2807373	4.754007
9270	-3168.924	-3334.367	165.4427	0.2611055	5.68243
9276	-3154.946	-3322.148	167.2018	0.2611055	4.708934
9282	-3148.944	-3315.573	166.6287	0.2734325	5.021456
9288	-3155.032	-3321.034	166.0024	0.2716234	5.368935
9294	-3152.27	-3319.028	166.758	0.07019913	5.062453
9300	-3154.345	-3321.282	166.9372	0.2851203	4.843252
9306	-3157.054	-3323.036	165.9825	0.08545	5.482463
9312	-3149.192	-3315.973	166.7812	0.1567023	5.001558
9318	-3150.123	-3316.92	166.7966	0.129655	5.008036
9324	-3157.761	-3324.695	166.9341	0.2795568	4.848132
9330	-3143.236	-3310.241	167.0044	0.2091897	4.848132
9336	-3144.393	-3311.355	166.9627	0.1763077	4.889697
9342	-3157.729	-3324.704	166.975	0.2667905	4.832395
9348	-3155.268	-3322.606	167.338	0.151509	4.694047
9354	-3146.477	-3313.493	167.016	0.01703589	4.948666
9360	-3151.871	-3319.226	167.3554	0.01035688	4.763232
9366	-3150.488	-3317.333	166.8446	0.004673059	5.050766
9372	-3155.904	-3322.722	166.8182	0.03108627	5.050766
9378	-3158.447	-3325.086	166.6398	0.2109528	5.049942
9384	-3146.813	-3313.723	166.9092	0.2641588	4.870545
9390	-3143.754	-3310.538	166.7833	0.2864094	4.928274
9396	-3151.022	-3317.411	166.3887	0.1976252	5.196488
9402	-3155.487	-3322.207	166.72	0.04209695	5.099108
9408	-3156.642	-3323.356	166.7138	0.2980247	4.960479
9414	-3154.504	-3321.334	166.8306	0.2217202	4.937985
9420	-3146.06	-3313.086	167.0261	0.2352854	4.821467
9426	-3155.252	-3322.439	167.1871	0.007530928	4.858729
9432	-3149.133	-3315.831	166.6979	0.1453164	5.054146
9438	-3145.127	-3311.664	166.537	0.1899943	5.118594
9444	-3153.373	-3320.245	166.8717	0.3402865	4.849061
9450	-3156.9	-3323.904	167.0037	0.2082705	4.849061
9456	-3149.555	-3316.137	166.5813	0.08064035	5.1546
9462	-3150.564	-3316.923	166.3586	0.1944671	5.214884
9468	-3145.757	-3312.247	166.4895	0.06357394	5.214884
9474	-3154.055	-3320.794	166.7397	0.1671309	5.01884
9480	-3141.653	-3308.982	167.3286	0.1240276	4.714659
9486	-3146.461	-3313.689	167.2275	0.126433	4.769815
9492	-3147.087	-3313.925	166.8375	0.1319932	4.983991
9498	-3147.857	-3315.062	167.2047	0.09994728	4.797369
9504	-3158.22	-3325.079	166.8583	0.04714225	5.019604
9510	-3150.841	-3317.932	167.0917	0.01166068	4.909568
9516	-3144.962	-3312.218	167.256	0.01215127	4.817714
9522	-3146.94	-3314.762	167.822	0.008256304	4.50286
9528	-3139.686	-3307.213	167.5268	0.001535696	4.672301
9534	-3154.629	-3321.851	167.2215	0.03091553	4.826519
9540	-3164.58	-3331.444	166.8646	0.04215561	5.018884
9546	-3164.726	-3331.26	166.5337	0.08353752	5.179364
9552	-3162.952	-3329.586	166.6339	0.1167957	5.105446
9558	-3162.542	-3329.017	166.4748	0.2652271	5.111363
9564	-3162.462	-3329.344	166.8821	0.2453535	4.896115
9570	-3159.826	-3326.994	167.1672	0.09428702	4.821408
9576	-3157.159	-3324.182	167.0225	0.08568048	4.906852
9582	-3158.895	-3325.859	166.9645	0.1437424	4.906852
9588	-3159.017	-3325.463	166.4462	0.200204	5.163207
9594	-3160.055	-3325.867	165.8113	0.3325848	5.440622
9600	-3155.128	-3321.935	166.8068	0.1364463	4.998596
9606	-3154.769	-3321.713	166.9433	0.09086904	4.948036
9612	-3160.672	-3327.029	166.3562	0.2011239	5.212492
9618	-3151.53	-3317.887	166.3569	0.2005031	5.212492
9624	-3139.72	-3306.429	166.7094	0.1049026	5.070205
9630	-3140.337	-3307.172	166.8357	0.08479595	5.01126
9636	-3141.338	-3307.74	166.4026	0.134947	5.223439
9642	-3139.509	-3305.979	166.4704	0.2794414	5.10594
9648	-3148.972	-3316.034	167.062	0.2794414	4.776807
9654	-3149.477	-3316.014	166.5375	0.1002969	5.168009
9660	-3153.161	-3320.492	167.3318	0.08917309	4.732383
9666	-3164.724	-3330.068	165.3442	0.3171223	5.705691
9672	-3162.415	-3328.466	166.0504	0.2087513	5.377163
9678	-3162.83	-3329.532	166.7021	0.3113223	4.959601
9684	-3141.681	-3308.452	166.7707	0.3482122	4.900914
9690	-3144.73	-3311.818	167.0878	0.03111157	4.900914
9696	-3150.611	-3317.465	166.8543	0.2698144	4.898004
9702	-3148.622	-3315.644	167.0217	0.02535204	4.940909
9708	-3144.612	-3310.957	166.3452	0.08884345	5.280669
9714	-3133.949	-3300.726	166.7767	0.08920265	5.04154
9720	-3142.753	-3309.372	166.6193	0.1083872	5.118195
9726	-3145.168	-3311.993	166.8259	0.1268615	4.993282
9732	-3155.123	-3321.753	166.6306	0.08654449	5.124066
9738	-3152.972	-3319.761	166.7897	0.1393853	5.006465
9744	-3154.709	-3321.204	166.4949	0.1494773	5.164317
9750	-3153.379	-3320.258	166.8795	0.2198536	4.911783
9756	-3157.999	-3324.935	166.9354	0.155549	4.916465
9762	-3156.245	-3323.218	166.9733	0.11767	4.916465
9768	-3145.88	-3313.002	167.1217	0.1321687	4.82566
9774	-3159.462	-3326.836	167.3736	0.04788656	4.732063
9780	-3170.167	-3336.285	166.1175	0.1832846	5.354162
9786	-3151.609	-3318.273	166.6648	0.1485719	5.070691
9792	-3168.147	-3334.771	166.6241	0.2775699	5.021676
9798	-3160.083	-3327.186	167.1027	0.2775699	4.755109
9804	-3156.834	-3323.175	166.3415	0.2554918	5.190559
9810	-3155.39	-3321.882	166.4928	0.1754551	5.151096
9816	-3155.899	-3322.841	166.9417	0.04546021	4.974213
9822	-3171.482	-3337.474	165.9914	0.07436939	5.483632
9828	-3175.023	-3341.587	166.5634	0.08176792	5.163878
9834	-3160.97	-3327.943	166.973	0.06517228	4.945814
9840	-3146.484	-3313.362	166.8778	0.2392056	4.901938
9846	-3154.153	-3320.541	166.3882	0.2353199	5.175875
9852	-3154.649	-3321.264	166.6157	0.04862949	5.153276
9858	-3156.642	-3323.046	166.4041	0.1057137	5.238776
9864	-3161.251	-3327.353	166.1025	0.2398614	5.331278
9870	-3164.393	-3330.859	166.4659	0.1012965	5.207044
9876	-3161.922	-3328.283	166.3612	0.3174714	5.145335
9882	-3151.067	-3317.371	166.304	0.1739986	5.256365
9888	-3152.136	-3318.723	166.5869	0.1739986	5.099773
9894	-3151.26	-3317.885	166.6253	0.1356055	5.099773
9900	-3155.159	-3321.854	166.6958	0.2957954	4.971706
9906	-3147.762	-3314.706	166.9442	0.1022726	4.941223
9912	-3148.23	-3315.004	166.7737	0.2727233	4.941223
9918	-3151.125	-3317.639	166.5142	0.1152286	5.172596
9924	-3154.127	-3321.284	167.1572	0.1111696	4.817603
9930	-3153.432	-3319.427	165.9955	0.1399897	5.445286
9936	-3139.268	-3306.204	166.9356	0.163737	4.911804
9942	-3143.769	-3310.86	167.0908	0.2630808	4.769853
9948	-3152.159	-3319	166.8413	0.1263841	4.984995
9954	-3158.754	-3324.627	165.8732	0.2538097	5.449924
9960	-3157.111	-3323.475	166.3634	0.2864195	5.161318
9966	-3154.383	-3320.858	166.4749	0.1749797	5.161318
9972	-3151.576	-3318.423	166.8474	0.09015557	5.00175
9978	-3158.144	-3324.694	166.55	0.05288098	5.187296
9984	-3161.805	-3328.748	166.9433	0.1624495	4.908236
9990	-3158.423	-3325.453	167.0302	0.1295292	4.878147
9996	-3153.949	-3319.903	165.9536	0.2365043	5.415206
10002	-3163.252	-3330.612	167.3607	0.03168546	4.748369
10008	-3149.513	-3316.299	166.7862	0.1069745	5.026425
10014	-3151.499	-3317.721	166.2225	0.1965635	5.288933
10020	-3153.882	-3320.086	166.203	0.2585992	5.265412
10026	-3164.199	-3330.41	166.2111	0.250549	5.265412
10032	-3156.247	-3322.73	166.4828	0.2954795	5.090159
10038	-3159.194	-3325.393	166.1986	0.02360369	5.397507
10044	-3167.917	-3334.119	166.2021	0.2567656	5.266931
10050	-3163.516	-3329.431	165.9154	0.07675682	5.524141
10056	-3155.054	-3322.026	166.9721	0.04341727	4.958415
10062	-3155.899	-3322.313	166.4142	0.2052467	5.178132
10068	-3141.001	-3307.993	166.9922	0.190462	4.865359
10074	-3152.289	-3318.804	166.5155	0.1155165	5.171743
10080	-3146.598	-3312.636	166.0378	0.07572582	5.457338
10086	-3148.399	-3315.516	167.117	0.1312402	4.828828
10092	-3163.566	-3330.623	167.0571	0.1910922	4.828828
10098	-3167.093	-3333.352	166.2588	0.1803596	5.277796
