Iteration	Posterior	Likelihood	Prior	gain_loss_neo	gain_loss_trans	part_rate_trans	tree_length
0	-729.7396	-900.0678	170.3283	0.5446218	1.096708	1.265892	1.206881
6	-723.9705	-893.8828	169.9123	0.8535358	1.041898	1.107061	1.48758
12	-727.2844	-897.2669	169.9825	0.7692616	0.8891009	0.8701016	1.777221
18	-718.0948	-888.32	170.2252	0.8945295	0.781073	1.003268	1.494187
24	-720.7713	-890.7616	169.9903	0.9681802	0.9213634	1.109894	1.430938
30	-714.8913	-884.1175	169.2262	1.111798	1.730252	1.109894	1.307727
36	-707.9353	-877.7372	169.8019	1.111798	1.006657	1.470392	1.098278
42	-711.9962	-881.0663	169.0702	1.279854	1.42611	1.407359	1.286221
48	-710.5366	-880.4064	169.8698	0.6778533	1.178428	1.082386	1.561123
54	-723.3272	-893.2758	169.9486	0.6169847	1.178428	1.036516	1.575844
60	-722.2585	-891.8485	169.59	0.9617614	1.316249	1.412079	1.199425
66	-727.0274	-896.3127	169.2853	0.9316675	1.777388	0.887938	1.539777
72	-730.7317	-900.5527	169.821	0.6360936	1.323442	1.015754	1.568743
78	-715.1723	-885.1958	170.0234	0.6871846	1.230216	1.067506	1.411684
84	-720.2196	-889.4433	169.2236	1.046011	1.607419	1.157925	1.411684
90	-711.0927	-880.7306	169.6379	0.9127301	1.140335	1.166752	1.530921
96	-717.5138	-887.6748	170.161	0.7157851	1.257198	0.7336496	1.520674
102	-720.5922	-891.155	170.5628	0.6961009	0.9688467	0.760255	1.426758
108	-720.8532	-890.8375	169.9843	0.4649027	1.89793	0.9324402	1.187536
114	-711.4688	-881.6531	170.1843	0.9278003	0.9629804	1.081006	1.299687
120	-707.6369	-878.0354	170.3985	0.6766361	0.881911	1.132227	1.345945
126	-704.8009	-874.816	170.015	0.5485233	1.106437	1.250515	1.4602
132	-704.9639	-875.141	170.1772	0.5951593	1.295718	0.8538353	1.469502
138	-714.472	-884.2068	169.7348	1.024675	1.295718	1.016773	1.369463
144	-727.2833	-896.2475	168.9643	0.7494572	2.156137	1.354495	1.316465
150	-730.4923	-900.2818	169.7895	0.7154358	1.577955	0.9186079	1.431215
156	-711.5952	-881.7695	170.1743	0.7551099	0.9765703	1.20079	1.336694
162	-721.5809	-891.7612	170.1802	0.7069711	0.9436115	1.05292	1.506532
168	-715.5076	-885.2821	169.7745	0.7069711	1.493031	0.815918	1.584332
174	-718.3947	-887.92	169.5253	0.804037	1.248786	1.090307	1.668605
180	-714.9454	-885.0012	170.0558	0.4903766	1.109672	1.163369	1.521631
186	-728.2771	-897.9258	169.6487	0.7179068	1.109672	0.900999	1.86774
192	-721.1712	-891.2428	170.0717	0.753461	1.121718	1.185816	1.316056
198	-709.6356	-879.8255	170.1899	0.562548	1.071674	1.330881	1.278065
204	-718.6617	-887.4227	168.761	1.475555	1.694725	1.223021	1.332545
210	-704.4132	-873.8645	169.4513	0.7202155	1.635673	1.223021	1.413027
216	-714.4083	-884.3978	169.9895	0.6595085	1.404621	1.223021	1.195975
222	-719.2937	-889.3513	170.0576	0.8331068	0.9798563	1.111126	1.436456
228	-715.6308	-885.7596	170.1288	0.688173	1.165856	0.7842351	1.592038
234	-717.9409	-887.9347	169.9937	1.284289	0.8478061	1.158584	1.194304
240	-726.1959	-896.1289	169.933	0.75659	1.222271	1.062482	1.441373
246	-729.3587	-898.6779	169.3192	1.184775	1.255464	1.044836	1.572305
252	-715.5612	-885.6488	170.0876	0.8739602	0.9279687	1.089663	1.438775
258	-716.4504	-886.5895	170.1391	0.5668286	1.085788	1.10647	1.480539
264	-718.3944	-889.0975	170.7031	0.6286258	0.7846426	0.7912099	1.480539
270	-723.6951	-893.4541	169.759	0.8878591	1.057907	1.062463	1.597062
276	-727.2887	-896.9273	169.6386	0.6574527	1.61345	1.16079	1.375897
282	-724.5546	-893.8153	169.2608	0.7913015	1.61345	0.9166128	1.742646
288	-708.3846	-878.7792	170.3946	0.9087757	0.724818	0.9166128	1.461356
294	-704.7214	-874.7088	169.9874	0.9070066	1.112721	0.9531717	1.453583
300	-707.8262	-877.2548	169.4286	1.088139	1.112721	1.040876	1.667323
306	-711.6179	-881.299	169.6811	0.8788073	1.378723	1.163177	1.347909
312	-698.7145	-868.3244	169.6099	0.8788073	1.718992	0.8800088	1.378408
318	-710.3586	-880.0981	169.7396	1.049731	0.9828276	0.8865584	1.67538
324	-722.7441	-892.4649	169.7209	1.063669	0.9828276	0.818635	1.726889
330	-717.0481	-886.021	168.9729	1.342261	1.634348	1.060116	1.43653
336	-716.8507	-887.5358	170.6851	0.7712949	1.061575	0.8893097	1.080366
342	-702.541	-872.7286	170.1876	1.043287	0.8479441	1.10188	1.279091
348	-709.7808	-879.3117	169.5309	0.9938653	1.442831	1.10188	1.376105
354	-726.9321	-897.0264	170.0943	1.161093	0.8264424	0.868311	1.460877
360	-728.9217	-898.7111	169.7894	0.8364661	1.114347	1.041698	1.586026
366	-716.2391	-886.1569	169.9178	0.7385213	1.434258	1.089524	1.283629
372	-715.4479	-884.771	169.3231	0.8804495	1.553954	1.089524	1.550205
378	-722.2572	-891.448	169.1908	0.8343566	1.553954	1.037171	1.716142
384	-725.9191	-895.224	169.3049	1.082041	1.553954	0.8585435	1.585454
390	-720.6463	-891.1142	170.468	0.5544901	0.7451087	1.217045	1.409046
396	-716.5724	-886.6269	170.0544	0.5479291	1.390924	1.316289	1.148834
402	-712.616	-882.8206	170.2047	0.6895261	1.390924	1.045601	1.15101
408	-714.3353	-884.1953	169.86	1.068667	1.0669	1.110327	1.340222
414	-712.8866	-882.5543	169.6677	0.7726998	1.159028	1.037002	1.689674
420	-722.4333	-892.5821	170.1487	0.7726998	1.016521	0.8693332	1.565964
426	-720.2496	-890.159	169.9094	0.8988816	1.177738	1.064908	1.384054
432	-718.1698	-888.3672	170.1974	0.8988816	0.8887089	1.064908	1.384054
438	-716.0722	-885.6163	169.5442	0.6337184	1.350628	1.487752	1.403372
444	-722.6114	-892.9708	170.3594	0.5205137	0.9964677	1.569012	1.008271
450	-714.3989	-884.3797	169.9807	0.5761868	1.467937	1.421777	1.032199
456	-717.3937	-888.0179	170.6243	0.7684022	0.7252922	1.078663	1.259955
462	-718.1544	-887.5848	169.4304	0.7532984	1.156436	2.18131	0.9684103
468	-716.7181	-887.0015	170.2834	0.7121031	1.211916	1.379252	0.8961335
474	-720.3249	-889.9975	169.6726	1.44069	0.8581352	1.664294	0.854241
480	-722.1843	-891.5582	169.3738	0.7725639	1.71424	1.210775	1.388935
486	-723.0569	-893.502	170.4451	0.6621542	0.8067949	1.12859	1.380577
492	-711.0961	-880.6348	169.5386	1.080658	1.386573	1.132489	1.319271
498	-703.9998	-873.8058	169.806	0.6086193	1.316187	1.634135	1.108524
504	-704.0586	-873.7673	169.7087	0.8287825	1.271328	1.048878	1.53178
510	-702.302	-872.2941	169.9921	0.7323514	0.9852708	1.141931	1.53178
516	-709.5969	-879.435	169.8381	0.422224	1.405596	1.477809	1.243908
522	-705.299	-875.9395	170.6405	0.4853575	0.8860167	1.251659	1.164334
528	-726.4506	-897.4327	170.9822	0.3693834	0.9779245	1.017133	1.016057
534	-718.294	-887.7958	169.5018	0.8624564	1.272179	1.632021	1.207866
540	-711.7775	-881.8322	170.0547	0.7540303	1.256701	1.042048	1.337794
546	-707.1853	-878.0472	170.8619	0.5867052	0.8310238	1.025354	1.154361
552	-720.9683	-890.749	169.7807	0.8093085	1.493745	1.15997	1.236046
558	-717.4488	-887.2067	169.7578	0.783949	1.286699	1.102634	1.476169
564	-716.1179	-886.245	170.1271	0.4506679	1.080029	1.631456	1.12687
570	-724.3418	-894.5599	170.2181	0.4339221	1.064612	1.094095	1.506333
576	-721.2396	-890.6141	169.3745	0.7985789	1.457212	0.9051886	1.767817
582	-714.6656	-883.7158	169.0502	1.288787	1.457212	0.9051886	1.653924
588	-722.9055	-892.6928	169.7873	0.8201108	1.433974	0.6686899	1.643829
594	-717.5068	-887.2219	169.7151	0.8201108	0.9909999	0.7895802	1.91234
600	-715.5694	-885.7371	170.1677	0.6686487	0.9379367	0.7895802	1.735457
606	-720.1474	-890.1481	170.0007	0.8017671	1.152997	0.8763564	1.548969
612	-709.1158	-879.2915	170.1757	0.9322429	0.8836753	0.9008125	1.504575
618	-712.8075	-882.5547	169.7471	0.9555249	1.245205	1.300919	1.224514
624	-710.3761	-880.1491	169.7731	0.8569701	1.329692	1.295079	1.22086
630	-719.3819	-889.1138	169.7319	1.223466	0.8317079	1.494215	1.195642
636	-722.0466	-892.0195	169.9729	0.7614632	1.132035	1.490408	1.126428
642	-725.3421	-895.3651	170.023	0.6657574	0.8923522	1.490408	1.359207
648	-723.7346	-893.1394	169.4048	0.8375935	1.629375	1.494567	1.139293
654	-718.8303	-888.7571	169.9267	0.610373	1.015495	1.80946	1.108086
660	-710.3683	-880.3485	169.9802	0.8464816	1.150967	1.422369	1.089356
666	-731.3331	-901.4536	170.1205	0.7911202	1.134525	1.151465	1.264301
672	-741.277	-910.9135	169.6365	1.000146	1.042009	1.272794	1.46027
678	-738.789	-908.254	169.465	0.9627329	1.02327	1.085502	1.761567
684	-735.5092	-904.9562	169.4471	0.8065801	1.26062	0.8432566	1.885292
690	-714.8409	-883.7314	168.8905	1.290648	1.549941	1.265202	1.44032
696	-703.9516	-873.9931	170.0415	0.8810399	1.002991	1.051744	1.44032
702	-708.6514	-878.4465	169.7951	0.5970785	1.463235	1.121096	1.43347
708	-699.2558	-869.5611	170.3053	0.5878407	0.95612	0.9612018	1.54941
714	-699.8792	-869.6682	169.789	0.5878407	1.350874	1.300926	1.387614
720	-702.3787	-872.4331	170.0544	0.660484	1.336093	1.111407	1.289378
726	-701.471	-871.0047	169.5337	0.7046457	1.837439	1.040003	1.362025
732	-704.3972	-874.1885	169.7913	0.7937544	1.19101	1.170142	1.463511
738	-707.7452	-878.0349	170.2897	0.6423437	1.068773	1.096002	1.337059
744	-705.9205	-876.1011	170.1805	0.6423437	1.010252	1.073837	1.484136
750	-708.4398	-878.5138	170.0739	0.5322654	1.320965	1.021984	1.437546
756	-710.165	-879.3344	169.1693	0.9189342	1.607205	1.258138	1.473856
762	-711.494	-882.2364	170.7425	0.8134221	0.8067926	1.01522	1.107196
768	-723.5397	-894.1697	170.6301	0.577233	0.7298176	1.540366	0.9867595
774	-728.4232	-897.9425	169.5193	1.03216	1.129212	1.859051	0.9528299
780	-720.3536	-889.3546	169.001	1.141576	1.806029	1.130815	1.392983
786	-737.2104	-907.2056	169.9952	0.6265095	0.8959713	1.505726	1.392983
792	-713.0637	-883.0329	169.9692	0.7769207	1.274257	1.212995	1.235971
798	-707.5823	-878.0241	170.4419	0.5350051	1.146418	1.019663	1.282165
804	-714.4367	-884.2822	169.8455	0.8357843	1.104048	1.162326	1.462622
810	-719.4299	-889.1467	169.7168	0.7050283	1.239529	1.668007	1.149139
816	-721.0246	-891.4624	170.4378	0.5921131	0.9639231	1.278719	1.184502
822	-709.843	-879.5003	169.6572	0.7823786	1.418957	1.043772	1.501509
828	-713.9991	-884.0976	170.0985	0.8657005	1.205854	0.9692685	1.31385
834	-712.7353	-883.1044	170.3691	0.55264	1.228934	0.984753	1.293273
840	-713.1621	-883.566	170.4039	0.5069149	1.148901	0.984753	1.353967
846	-717.9195	-887.8173	169.8977	0.7383006	1.173661	0.984753	1.574719
852	-709.8174	-879.6292	169.8118	0.9204678	1.184121	0.7958241	1.637555
858	-698.206	-867.764	169.5581	0.7854267	1.316921	1.052598	1.637555
864	-711.4158	-881.2896	169.8738	0.6906679	1.304557	0.8522358	1.627372
870	-718.8864	-888.6312	169.7448	0.7941772	1.151805	0.9791936	1.666268
876	-716.7348	-886.7115	169.9767	0.834173	1.172059	0.7680612	1.608846
882	-715.0091	-884.8057	169.7965	0.834173	1.33677	0.925878	1.506721
888	-710.2123	-880.1546	169.9423	1.029446	1.27051	0.9564604	1.266807
894	-705.3634	-875.3409	169.9775	0.7475601	1.342488	1.011704	1.361882
900	-727.4903	-896.9493	169.4589	1.119248	1.32631	1.192591	1.35055
906	-721.8641	-891.5166	169.6525	1.119248	1.317289	1.405468	1.002871
912	-718.0314	-888.0612	170.0298	0.7790099	1.175208	0.7888572	1.591871
918	-711.2708	-880.867	169.5962	0.7790099	1.215404	1.182798	1.591871
924	-714.1104	-883.8263	169.7158	0.9266996	1.165573	1.457427	1.209196
930	-718.4404	-888.5337	170.0933	0.7484172	1.228341	1.396815	1.023983
936	-716.3952	-886.705	170.3099	0.5559501	1.159395	1.386061	1.05207
942	-714.2921	-884.2105	169.9183	0.6872639	1.316599	1.09354	1.407637
948	-718.4287	-888.5761	170.1474	0.6872639	1.251982	0.9850606	1.362474
954	-722.1527	-892.2861	170.1334	1.095231	0.9618785	0.7365868	1.478836
960	-722.3375	-891.2975	168.96	1.095231	1.480926	0.952603	1.802587
966	-716.3704	-886.1278	169.7574	1.062273	0.9115557	1.333383	1.372772
972	-711.415	-881.7055	170.2905	0.5871764	0.9211661	1.042714	1.526224
978	-718.6515	-888.7357	170.0842	0.9084769	1.065633	1.01666	1.36458
984	-720.5169	-890.1534	169.6365	0.9084769	1.125981	1.117127	1.58212
990	-719.5809	-889.2574	169.6765	0.7204469	1.393128	1.221169	1.415346
996	-719.4766	-889.858	170.3815	0.4742611	1.046882	1.182039	1.310648
1002	-721.1838	-891.1399	169.9561	0.54246	1.293529	1.680361	0.9909715
1008	-721.5792	-891.1911	169.6119	0.6143712	1.522963	1.680361	1.058834
1014	-724.2181	-894.0038	169.7857	1.050478	0.976256	1.204814	1.409825
1020	-712.4266	-882.6916	170.265	0.5727194	0.9823674	1.367815	1.252796
1026	-716.0054	-886.2668	170.2614	0.7667776	1.086841	0.9988868	1.331517
1032	-713.3371	-882.376	169.0389	1.308853	1.377415	1.082379	1.574674
1038	-715.262	-884.7812	169.5191	0.915033	1.395122	0.8837982	1.641146
1044	-719.7239	-889.7077	169.9838	0.6607832	1.155511	1.282615	1.350465
1050	-722.2936	-892.4625	170.1689	1.041565	0.7742962	1.105566	1.350465
1056	-708.1231	-878.3251	170.202	0.6568901	1.062188	1.159339	1.351564
1062	-718.1778	-888.3489	170.1711	0.497672	1.291365	1.290254	1.183025
1068	-716.0843	-886.095	170.0107	1.012832	1.127225	1.05291	1.260931
1074	-729.0198	-898.6854	169.6657	1.012832	1.285037	0.9989384	1.45403
1080	-732.8137	-903.2093	170.3956	0.6000633	0.915664	1.063581	1.427244
1086	-721.3341	-891.3224	169.9883	0.5640475	1.258953	1.589721	1.065254
1092	-718.0529	-887.9013	169.8485	0.6122316	1.50124	1.576333	0.9487078
1098	-730.221	-899.9334	169.7125	0.9709336	1.125331	1.662684	1.022043
1104	-718.2907	-888.3135	170.0228	0.7824574	1.289915	0.9708347	1.372212
1110	-727.0397	-896.5689	169.5292	1.076486	0.9226775	0.8831315	1.847982
1116	-734.1317	-903.6175	169.4858	0.9070412	1.322034	0.8831315	1.72102
1122	-722.5002	-892.3043	169.804	0.7035732	0.9936307	0.8280314	1.899544
1128	-716.0754	-885.8827	169.8073	0.9696683	0.9936307	0.9580711	1.625164
1134	-715.9868	-885.8265	169.8397	0.8653792	1.414459	1.133941	1.224964
1140	-702.0558	-871.6015	169.5457	0.698531	1.356357	1.241463	1.540856
1146	-709.6864	-879.6746	169.9882	0.7300664	1.223217	1.160168	1.340873
1152	-703.6463	-873.6781	170.0318	0.5749195	1.334343	0.9719391	1.47395
1158	-720.3536	-890.081	169.7274	0.8405382	1.334343	1.034649	1.47395
1164	-706.6969	-876.7009	170.004	0.5064379	1.136609	1.278085	1.446614
1170	-711.9415	-881.8841	169.9427	0.9489687	1.135283	1.074226	1.3442
1176	-714.5643	-884.4175	169.8532	1.165786	1.180174	0.9768572	1.284673
1182	-718.9727	-888.0099	169.0372	1.174662	1.757501	0.9768572	1.490996
1188	-718.8293	-888.4846	169.6552	1.069626	0.9184926	0.9263854	1.738252
1194	-715.043	-884.5041	169.4611	1.229131	1.244135	1.116937	1.385961
1200	-712.8733	-883.1165	170.2432	0.7390904	0.864244	1.221102	1.366661
1206	-717.0644	-887.3745	170.3101	0.801334	0.8499551	1.459944	1.067514
1212	-717.8026	-887.9695	170.1669	0.7370844	1.186965	1.028222	1.326745
1218	-712.4403	-882.6836	170.2433	0.7482241	0.9794347	1.408845	1.104677
1224	-720.0952	-890.0884	169.9932	1.078404	0.9746686	1.315983	1.124085
1230	-740.7789	-910.5289	169.75	1.293462	1.06525	0.7817698	1.508604
1236	-722.4295	-892.8959	170.4665	0.6139228	0.9275102	1.109496	1.317073
1242	-714.5183	-884.1849	169.6666	1.017048	1.245108	1.014112	1.468255
1248	-704.3793	-874.1093	169.7299	0.6479495	1.579316	1.062242	1.412479
1254	-706.1156	-875.9756	169.86	0.6468796	1.543666	1.21145	1.214169
1260	-718.6977	-887.8443	169.1466	0.8694919	1.787321	1.63498	1.088853
1266	-714.111	-883.4499	169.3389	0.9566128	1.257777	1.849679	1.088853
1272	-697.9291	-867.5835	169.6545	0.6309135	1.50425	1.300681	1.350972
1278	-712.9521	-883.2102	170.2581	0.7053834	0.8222087	1.300681	1.349521
1284	-712.4719	-883.0443	170.5724	0.7542143	0.736833	1.241615	1.167777
1290	-713.1015	-882.4055	169.304	0.6415672	2.12017	1.146569	1.313466
1296	-726.7386	-895.8806	169.1421	0.9988103	2.298947	0.9428379	1.211168
1302	-706.4076	-876.4952	170.0876	0.9988103	0.92904	1.212569	1.240372
1308	-710.9184	-880.9258	170.0074	0.9768787	1.12313	0.9849529	1.351094
1314	-713.162	-882.8294	169.6674	0.593524	1.199146	1.054032	1.763323
1320	-713.9264	-883.8771	169.9508	0.7898149	1.344747	0.7626642	1.539858
1326	-714.4851	-884.3687	169.8836	0.7898149	0.9542619	0.7626642	1.861037
1332	-714.9969	-884.4198	169.4229	0.8583957	1.567002	0.9099915	1.615623
1338	-712.8997	-883.0371	170.1374	0.5806256	1.335315	0.7788863	1.53543
1344	-706.9144	-877.0817	170.1674	0.8905593	1.075676	0.8015589	1.472525
1350	-715.706	-885.7226	170.0166	0.8563224	0.854706	0.8630534	1.722685
1356	-708.6204	-878.336	169.7156	0.8185282	0.9300976	1.01673	1.799219
1362	-715.2211	-885.4389	170.2178	0.9299549	0.8287631	1.151265	1.321729
1368	-714.7265	-883.9691	169.2426	1.237752	1.140808	1.593766	1.253081
1374	-715.2917	-884.7565	169.4648	1.107538	1.2363	1.287992	1.349021
1380	-708.619	-878.434	169.815	0.983041	1.270459	1.182015	1.223524
1386	-713.329	-882.3745	169.0455	1.538952	1.344142	0.8834426	1.578821
1392	-707.0334	-876.4931	169.4597	1.519299	0.9428818	0.968216	1.516693
1398	-716.1461	-885.386	169.2399	0.9449252	1.788035	1.194371	1.321493
1404	-719.2824	-889.4088	170.1264	0.6879348	1.176839	1.331491	1.152909
1410	-718.3818	-888.4149	170.0331	0.7864474	1.382089	1.168533	1.120436
1416	-718.2078	-887.6161	169.4082	1.168506	1.663767	1.094464	1.171038
1422	-703.9954	-873.7215	169.7261	0.8200504	1.157845	1.094464	1.573908
1428	-719.8031	-889.1659	169.3628	0.7085266	1.872597	1.095971	1.424926
1434	-716.1461	-886.6666	170.5205	0.585331	0.8667481	0.9182157	1.488818
1440	-722.9156	-892.345	169.4294	1.151614	1.197463	0.8675339	1.685454
1446	-720.8777	-890.8114	169.9337	0.8361711	1.179527	0.9191084	1.522597
1452	-706.6251	-876.7915	170.1664	0.6454132	1.292753	1.113428	1.240766
1458	-705.9306	-876.1434	170.2128	0.6374263	1.205308	1.260561	1.154035
1464	-706.215	-875.3093	169.0944	1.112922	1.670335	1.209639	1.375413
1470	-714.805	-884.8591	170.0542	0.8404429	1.178401	1.13128	1.260142
1476	-712.5796	-882.5617	169.9822	0.751703	1.178186	1.13128	1.387297
1482	-724.6352	-894.1651	169.5298	0.8652412	1.178186	1.13128	1.64277
1488	-716.272	-886.0095	169.7375	1.464011	0.8860041	1.067685	1.308468
1494	-717.6406	-887.0433	169.4027	1.223182	1.589378	1.139353	1.148853
1500	-713.4683	-884.0606	170.5923	0.4575032	0.8446167	1.139353	1.344208
1506	-709.297	-879.4179	170.1209	0.7959092	1.098875	1.158375	1.283696
1512	-708.8374	-878.6653	169.8279	0.6706348	1.398848	1.061015	1.452876
1518	-715.2095	-885.8193	170.6098	0.6349719	0.7945226	1.061015	1.331883
1524	-721.9398	-891.4109	169.4711	1.149194	1.242012	1.074472	1.473119
1530	-708.0519	-878.0717	170.0199	0.7850371	0.9967525	1.009708	1.563315
1536	-711.0217	-881.0812	170.0595	0.8786984	1.182913	0.8622951	1.436251
1542	-711.7995	-881.9119	170.1124	0.681694	1.228667	0.9532193	1.436251
1548	-721.9049	-891.8191	169.9142	0.7348067	1.196417	0.9484039	1.575226
1554	-709.7406	-879.6058	169.8652	0.7348067	1.192844	1.057351	1.533631
1560	-708.6528	-878.366	169.7133	0.7286615	1.152328	1.255123	1.533631
1566	-711.9262	-882.004	170.0779	0.7701964	1.259596	1.109297	1.249159
1572	-712.2534	-882.1938	169.9404	0.7760771	1.105375	1.346653	1.28768
1578	-726.0701	-895.9775	169.9074	0.5728215	1.411634	1.421088	1.152154
1584	-714.3376	-884.3791	170.0414	0.9910998	0.993704	1.093655	1.328952
1590	-717.506	-887.3311	169.8251	0.8450898	1.080713	1.182704	1.473347
1596	-715.7045	-885.0677	169.3632	1.356528	1.080713	1.253989	1.384857
1602	-709.9525	-880.0899	170.1374	0.7053229	1.19969	1.03587	1.357714
1608	-697.2283	-867.2265	169.9982	0.7693487	1.19969	1.019632	1.431886
1614	-712.2277	-881.88	169.6523	1.042871	1.441319	0.6814985	1.566649
1620	-712.6229	-882.269	169.6461	0.9858232	1.441319	0.7559925	1.558349
1626	-718.4588	-887.2941	168.8353	1.155805	2.143437	0.7766918	1.558349
1632	-731.3389	-901.0915	169.7525	1.080004	1.087399	0.9602375	1.514119
1638	-717.1003	-887.2995	170.1992	0.5087558	1.254708	1.455766	1.032669
1644	-725.9152	-895.7216	169.8064	0.7581083	1.159433	1.747571	1.018967
1650	-714.9888	-885.699	170.7103	0.740777	0.73619	0.9292234	1.324794
1656	-706.5656	-876.8584	170.2928	0.823837	0.9073968	1.283246	1.171599
1662	-707.2812	-877.1497	169.8684	0.7849629	1.407345	1.558158	0.8703287
1668	-710.1286	-880.211	170.0824	0.5142092	1.213086	1.379956	1.238559
1674	-718.8813	-888.4594	169.5781	1.133294	1.255571	1.265698	1.238559
1680	-724.9276	-894.161	169.2333	0.7045647	2.318143	0.8375077	1.441436
1686	-719.3633	-888.5076	169.1443	0.912204	1.657221	0.9080186	1.718852
1692	-719.7126	-889.977	170.2644	0.6439446	0.9609748	0.7725618	1.678211
1698	-725.6015	-895.244	169.6424	0.6948081	1.052957	0.8818749	1.937756
1704	-718.2598	-888.314	170.0542	0.8742124	1.052957	1.144057	1.324251
1710	-706.1172	-875.6814	169.5642	0.8378331	1.467042	1.144057	1.420318
1716	-712.8949	-882.2531	169.3582	0.7055509	1.511019	0.7648061	1.901542
1722	-724.7509	-894.0286	169.2777	0.7055509	1.854569	0.952656	1.609155
1728	-719.9564	-890.0107	170.0543	0.6054835	1.232995	0.9381186	1.537986
1734	-728.004	-897.9567	169.9527	0.6613965	1.283104	1.401321	1.173463
1740	-730.3454	-900.259	169.9136	0.6613965	1.251578	1.099135	1.473246
1746	-711.905	-881.9607	170.0557	0.8865676	0.9294875	1.064309	1.471737
1752	-709.5804	-879.4011	169.8208	0.6337698	1.312844	1.157614	1.472349
1758	-714.1339	-883.7837	169.6498	0.7932266	1.650618	0.9903159	1.374894
1764	-707.4236	-877.5661	170.1425	0.7932266	1.141286	0.9299109	1.416624
1770	-731.062	-900.8083	169.7463	1.064665	1.141286	0.7613798	1.636344
1776	-716.5752	-885.8268	169.2516	0.7436099	1.606101	0.9766061	1.743777
1782	-722.9011	-893.0809	170.1797	0.5996797	1.032903	1.120026	1.459848
1788	-715.7434	-886.1309	170.3875	0.4615632	1.174004	1.120026	1.258353
1794	-725.2058	-894.6302	169.4244	2.14363	0.7420619	1.188317	1.078356
1800	-715.1454	-884.7924	169.647	0.9667006	1.551583	1.096508	1.225339
1806	-721.3206	-891.3193	169.9987	1.013008	1.068934	0.9798255	1.376097
1812	-732.5153	-901.6613	169.146	0.5928458	1.524911	1.322647	1.721643
1818	-722.2996	-892.2013	169.9017	0.8105707	1.101225	0.9784276	1.578266
1824	-718.8107	-889.0161	170.2054	0.8105707	0.9885411	0.9784276	1.43511
1830	-719.5077	-889.7051	170.1974	0.6583489	1.079351	1.355251	1.177955
1836	-710.5338	-880.1187	169.5849	0.8416648	1.104913	1.03555	1.739733
1842	-702.4827	-872.2684	169.7857	0.8355363	1.399485	1.108585	1.32622
1848	-705.9179	-876.0102	170.0923	0.6120845	0.9920127	0.9864166	1.64558
1854	-712.3208	-882.1014	169.7806	0.5599538	1.349964	0.9864166	1.64558
1860	-719.384	-889.3408	169.9568	0.5356137	1.036037	1.248034	1.564897
1866	-722.2795	-891.6077	169.3282	0.8415065	1.698366	0.970926	1.564897
1872	-733.1411	-902.924	169.7829	0.7247008	1.427751	0.9962085	1.477717
1878	-727.6289	-897.2296	169.6007	0.7705785	1.313192	0.9660764	1.681793
1884	-722.6006	-892.8881	170.2876	0.6764633	1.122843	1.148623	1.226757
1890	-726.2832	-895.7733	169.4901	0.898726	1.124194	1.250123	1.600263
1896	-727.2186	-897.3994	170.1808	0.6136461	1.133867	0.8579868	1.570927
1902	-715.4373	-885.3741	169.9368	0.9395006	0.9835695	1.371445	1.237607
1908	-704.002	-874.6676	170.6656	0.4893717	0.7993236	1.371445	1.108975
1914	-720.4601	-890.5205	170.0604	0.6053919	1.187018	1.594251	1.028121
1920	-713.1902	-883.4831	170.293	0.5985423	0.9861973	1.104371	1.421607
1926	-713.7915	-882.8698	169.0783	1.548758	0.9438261	1.303318	1.530038
1932	-711.2745	-881.1815	169.9069	0.7878286	1.2843	1.199882	1.281612
1938	-706.2417	-876.2176	169.9759	0.752418	0.9407846	1.336209	1.416234
1944	-711.846	-882.1947	170.3487	0.752418	0.8711869	1.336209	1.16818
1950	-711.9888	-882.6988	170.7099	0.5985704	0.7804217	1.238814	1.135012
1956	-713.5199	-883.372	169.8522	0.8158118	1.37493	1.464687	0.9902626
1962	-712.1196	-882.9496	170.83	0.3957261	0.9979051	1.175653	0.9871055
1968	-714.8857	-885.118	170.2323	0.5084616	1.240175	1.222202	1.225864
1974	-707.1743	-877.5965	170.4223	0.4817026	0.8846172	1.40253	1.225255
1980	-701.6962	-871.4724	169.7762	1.005063	1.097611	1.40253	1.195239
1986	-706.7148	-876.2575	169.5426	1.311094	0.9782351	1.327553	1.299841
1992	-719.7903	-889.1312	169.3408	1.439653	0.9782351	1.59439	1.140163
1998	-705.1972	-875.2419	170.0447	0.729348	1.307892	1.020702	1.341655
2004	-714.938	-884.099	169.161	1.327058	1.317355	1.504416	1.177275
2010	-711.4148	-880.8457	169.4309	0.8394292	1.455882	1.310984	1.401231
2016	-711.0281	-880.7382	169.7101	0.7103334	1.455882	0.8700251	1.614988
2022	-709.6897	-879.4228	169.733	1.105096	1.038253	1.099065	1.442133
2028	-715.0217	-884.8724	169.8507	0.9619339	1.116473	1.334276	1.210731
2034	-714.0705	-884.1431	170.0726	0.9619339	0.91459	0.9532451	1.497264
2040	-709.6414	-879.9967	170.3554	0.4983682	1.058112	1.348259	1.172287
2046	-708.8255	-879.0355	170.21	1.017079	0.7763877	0.9876457	1.428053
2052	-721.6553	-892.5153	170.86	0.408252	0.7280418	0.9422186	1.391673
2058	-721.5612	-892.2209	170.6597	0.5009804	0.9055573	1.311739	1.066479
2064	-718.8334	-889.1535	170.3201	0.7379602	0.9055573	1.543221	0.9818705
2070	-705.9922	-876.153	170.1609	0.6943988	1.098866	1.397101	1.127437
2076	-720.0754	-890.0276	169.9522	0.4407341	1.416019	0.9368861	1.563188
2082	-711.1406	-881.1702	170.0296	0.7663882	0.7698405	0.8240014	1.858917
2088	-715.5832	-885.338	169.7548	0.5160286	1.550832	1.0842	1.475597
2094	-707.6073	-876.9798	169.3725	0.8779698	1.638976	1.153091	1.407675
2100	-727.098	-896.8339	169.7359	0.8000949	1.553387	1.335968	1.079292
2106	-721.1901	-890.9124	169.7223	0.6075725	1.475088	1.335968	1.306013
2112	-708.326	-878.9892	170.6632	0.5812137	1.031551	0.9757993	1.200519
2118	-719.4407	-888.7198	169.2791	0.9565536	1.650565	1.599999	1.030651
2124	-717.8368	-887.5309	169.6941	1.459271	1.126421	1.081595	1.133942
2130	-718.2594	-888.1986	169.9392	0.754022	1.126421	1.520147	1.141289
2136	-711.8069	-881.9237	170.1168	0.6808616	1.140341	1.188988	1.316636
2142	-716.572	-886.4429	169.8709	1.262848	0.9773304	1.188988	1.180933
2148	-714.7286	-884.681	169.9523	0.8198133	1.184111	1.355279	1.168668
2154	-713.3872	-883.2842	169.897	0.9234759	1.078155	1.496775	1.093871
2160	-720.8638	-890.4333	169.5695	1.457563	1.078155	0.9736514	1.369371
2166	-710.1139	-879.8172	169.7033	1.142875	1.287668	1.189928	1.161208
2172	-712.7434	-882.9055	170.1621	0.5315206	1.287668	1.495159	0.9835195
2178	-716.0036	-885.5303	169.5267	1.150718	0.941834	1.871565	1.003003
2184	-719.3446	-889.5283	170.1836	0.5337331	1.356184	1.386425	1.003003
2190	-720.9604	-891.1384	170.178	0.7611265	1.080674	1.196512	1.24758
2196	-721.5064	-890.8586	169.3522	1.009246	1.303932	1.196512	1.530058
2202	-719.2719	-888.5266	169.2547	1.204299	1.281388	1.196512	1.474223
2208	-718.2817	-887.5665	169.2848	1.289341	1.304052	1.185689	1.378322
2214	-731.2101	-901.4909	170.2807	1.082686	0.7897237	1.036414	1.270714
2220	-714.7641	-885.2222	170.4581	0.9051131	0.7897237	1.036414	1.270714
2226	-709.0764	-878.4798	169.4034	0.9051131	1.244159	0.7289473	1.937402
2232	-710.5067	-880.839	170.3324	1.012352	0.9610584	0.8881442	1.268762
2238	-720.5305	-890.1409	169.6104	0.6021761	1.437773	1.041474	1.644142
2244	-719.6834	-888.693	169.0097	1.204487	1.976391	0.9743839	1.344237
2250	-719.8308	-889.7556	169.9248	0.647992	1.404778	0.9131484	1.502255
2256	-710.9557	-880.3636	169.4079	1.025934	1.01233	0.8169474	1.948735
2262	-711.0189	-881.0488	170.0299	1.020229	1.03007	0.8169474	1.501314
2268	-719.4622	-889.901	170.4388	0.6371293	1.009536	1.044217	1.310037
2274	-717.8402	-886.7164	168.8762	1.109222	1.953456	1.041707	1.483548
2280	-719.9531	-889.8553	169.9022	0.9900813	0.9054119	0.8976361	1.649045
2286	-721.2389	-891.1306	169.8917	0.7005107	1.376174	1.029444	1.424043
2292	-714.5049	-884.387	169.8821	0.7213462	1.239778	1.219894	1.371154
2298	-715.9359	-885.5852	169.6493	0.7213462	1.291526	1.220876	1.510053
2304	-708.1081	-877.892	169.7839	0.6753208	1.351234	1.454711	1.205406
2310	-701.832	-871.9543	170.1224	0.6753208	1.084639	1.377981	1.205406
2316	-710.748	-880.8359	170.0879	0.6678308	1.233302	1.357149	1.130999
2322	-723.4596	-893.2289	169.7693	0.6266781	1.357157	1.357149	1.328628
2328	-711.9788	-881.6797	169.7009	0.9458565	1.357157	1.253274	1.220145
2334	-715.2462	-885.6958	170.4497	0.7635846	0.7959683	0.9741567	1.432126
2340	-717.928	-887.48	169.552	0.8690189	1.450208	1.03498	1.501228
2346	-717.8083	-887.4511	169.6427	0.7692356	1.338666	0.738115	1.795887
2352	-716.865	-886.935	170.0701	0.6789397	1.24691	0.7015941	1.642626
2358	-713.7515	-883.5208	169.7694	0.6789397	1.166101	1.086379	1.639382
2364	-719.113	-889.6051	170.4921	0.6734263	0.7078763	1.250489	1.313096
2370	-711.5108	-881.9326	170.4219	0.6364147	1.20606	0.8189003	1.348115
2376	-716.7007	-887.1702	170.4695	0.7256112	0.9077608	0.7823285	1.506347
2382	-714.3207	-884.459	170.1383	0.7482277	1.020232	1.066933	1.440462
2388	-713.3725	-883.5338	170.1613	0.5431819	1.174037	1.066933	1.440462
2394	-712.0722	-882.4843	170.4121	0.5662334	1.061754	1.00802	1.364759
2400	-711.3586	-881.0768	169.7182	0.9598273	1.196392	1.085985	1.454232
2406	-712.8844	-882.9515	170.0672	0.7682674	1.37411	1.242293	1.043592
2412	-724.9034	-894.4182	169.5148	0.8064497	1.285123	1.204916	1.565902
2418	-729.7293	-899.9907	170.2614	0.5000667	1.188205	1.261674	1.21555
2424	-724.2341	-894.0956	169.8614	0.7118835	1.047434	1.251496	1.51542
2430	-720.0779	-889.2007	169.1227	1.062497	1.670336	1.50752	1.146313
2436	-726.3705	-897.1627	170.7922	0.5667197	0.8575029	1.091504	1.148203
2442	-725.7736	-896.1678	170.3941	0.4978336	0.9700363	0.9966944	1.494192
2448	-732.1407	-902.1872	170.0466	0.5226418	0.973907	1.324488	1.494192
2454	-724.3632	-894.7245	170.3613	0.6227695	1.042141	1.137018	1.281014
2460	-718.5238	-887.6643	169.1405	1.365907	1.425847	1.01884	1.470929
2466	-722.6634	-892.38	169.7166	0.6176186	1.425847	1.60149	1.117004
2472	-721.6626	-890.6451	168.9826	1.346408	1.326052	1.050983	1.647808
2478	-711.9291	-881.6041	169.675	0.8042073	1.234564	1.117131	1.550548
2484	-723.0545	-892.8502	169.7957	0.994583	1.154981	1.276899	1.245788
2490	-720.2354	-889.8158	169.5804	0.7820107	1.299565	1.629537	1.187129
2496	-719.5851	-889.6158	170.0307	0.7542354	1.036361	1.390838	1.250782
2502	-715.7584	-886.015	170.2567	0.8769852	0.7087718	1.509359	1.127514
2508	-724.7945	-894.8377	170.0432	0.858271	1.283248	1.360099	0.949469
2514	-716.704	-886.6088	169.9048	0.836001	1.24246	1.123244	1.340368
2520	-734.1949	-903.2258	169.0309	1.542711	1.272264	1.259314	1.35476
2526	-718.7845	-888.7496	169.9651	0.7152049	1.015202	1.161002	1.527315
2532	-721.124	-890.7968	169.6728	0.4907145	1.625979	1.408197	1.241481
2538	-714.1887	-884.8683	170.6797	0.5405204	0.6483572	1.420995	1.148161
2544	-716.213	-887.0583	170.8453	0.5402417	0.7894712	1.171479	1.105962
2550	-720.401	-890.2518	169.8509	0.7885649	1.1005	1.290747	1.397864
2556	-713.582	-883.2658	169.6838	0.7885649	1.1005	0.858218	1.83322
2562	-716.5763	-885.9928	169.4165	0.8089026	1.1083	0.5769264	2.180523
2568	-723.3283	-892.6261	169.2978	0.6802698	1.503772	0.7240778	1.989686
2574	-712.4088	-882.0605	169.6517	1.017025	1.077915	1.09716	1.54105
2580	-706.7291	-876.5419	169.8127	1.087757	1.149135	0.9920454	1.391258
2586	-712.3194	-881.7435	169.4241	1.019846	1.271328	1.328268	1.391258
2592	-714.1506	-884.4586	170.308	0.4551955	1.190293	1.328268	1.136492
2598	-715.4561	-885.5474	170.0913	0.5387598	1.348284	1.340799	1.136492
2604	-719.8733	-890.0689	170.1957	0.729094	0.9114011	1.149836	1.430075
2610	-723.863	-894.144	170.281	0.7223313	1.014004	1.068581	1.351784
2616	-723.6479	-893.4809	169.8331	0.7929069	1.438874	1.033266	1.351784
2622	-726.8144	-896.4414	169.6269	0.8954064	1.09875	1.241601	1.526958
2628	-717.86	-887.9855	170.1255	0.9209172	0.8170507	1.269432	1.317403
2634	-727.0753	-897.2096	170.1343	0.6906754	1.081435	1.346149	1.213263
2640	-721.6334	-891.4382	169.8048	1.09015	0.9935399	1.346149	1.234942
2646	-722.2525	-892.5042	170.2516	0.8205337	0.8669787	1.126539	1.370661
2652	-723.0067	-892.2155	169.2088	0.8764125	1.564428	0.6667417	1.923895
2658	-728.5417	-898.6328	170.091	1.008647	0.7271297	0.7712333	1.714844
2664	-706.7678	-876.6996	169.9318	0.8703525	1.002449	1.253801	1.377367
2670	-712.5886	-882.4462	169.8576	0.8703525	1.002449	1.316462	1.386386
2676	-701.9477	-871.6076	169.6599	0.7017217	1.420634	1.130717	1.490265
2682	-708.4434	-877.9136	169.4702	0.7204574	1.647582	1.152827	1.443935
2688	-712.9409	-882.28	169.3391	0.8039739	1.393853	1.069234	1.716175
2694	-722.8925	-893.3838	170.4913	0.8619578	0.6961223	0.8151004	1.519889
2700	-713.7913	-883.3675	169.5762	1.049181	1.035443	1.230532	1.505656
2706	-713.7361	-883.454	169.7179	0.7053717	1.512023	1.040953	1.446401
2712	-709.6044	-879.2003	169.5959	0.8855908	1.60189	1.017891	1.359251
2718	-728.4656	-897.7365	169.2708	0.6343956	1.888365	1.017891	1.591582
2724	-721.4483	-891.6463	170.198	0.7996374	1.285736	0.8913663	1.285392
2730	-711.6239	-881.9715	170.3476	0.4933526	1.286711	1.034459	1.256277
2736	-711.917	-882.1946	170.2777	0.9297481	0.9206228	0.9121425	1.391853
2742	-721.4253	-891.4265	170.0012	1.105329	0.9211489	1.363895	1.097436
2748	-730.1773	-900.1315	169.9542	0.5416474	1.733135	1.238446	1.024471
2754	-714.1039	-884.0233	169.9194	0.5190528	1.233904	1.643697	1.130923
2760	-711.4316	-881.5638	170.1322	0.8514064	0.9714504	1.14543	1.343942
2766	-709.9297	-880.3532	170.4235	0.5587559	0.9513949	1.053777	1.410768
2772	-705.8381	-876.3276	170.4895	0.6928068	0.9513949	0.9903278	1.319563
2778	-710.0102	-879.9404	169.9302	0.5480546	1.527268	1.148723	1.287172
2784	-701.8507	-871.5054	169.6547	0.7906985	1.482847	1.171684	1.352203
2790	-713.22	-882.5866	169.3666	1.069431	1.482847	1.117543	1.403725
2796	-719.81	-889.8368	170.0268	0.770874	1.004824	1.002421	1.567652
2802	-716.5907	-886.8197	170.229	0.6706729	0.9815963	0.8311518	1.629919
2808	-725.8305	-894.9388	169.1084	1.166547	1.246408	0.7956087	1.91413
2814	-725.0955	-894.7671	169.6716	1.129854	1.212754	1.291584	1.175375
2820	-725.579	-895.6073	170.0282	0.7564739	1.255559	1.081335	1.326547
2826	-716.1312	-886.2786	170.1474	0.7564739	1.255559	1.195514	1.12941
2832	-753.2974	-923.1157	169.8182	0.709878	1.645446	0.863416	1.407894
2838	-730.0313	-899.2854	169.2541	1.084799	1.583884	1.026241	1.476048
2844	-727.3103	-896.6661	169.3558	1.208114	1.2887	1.148875	1.425109
2850	-720.4469	-890.2944	169.8475	0.6083805	0.9876269	0.9707283	1.833639
2856	-702.6922	-872.666	169.9738	0.9023348	1.211515	1.19084	1.198564
2862	-705.2159	-875.8239	170.608	0.4848293	0.9937281	1.166007	1.173985
2868	-719.1726	-889.2113	170.0387	0.6970581	0.9954516	1.597089	1.147974
2874	-724.4409	-894.1622	169.7212	0.6351716	1.207195	1.639993	1.250135
2880	-717.8202	-887.8483	170.0281	0.6704776	1.320424	1.361089	1.102563
2886	-722.8368	-892.2417	169.405	0.5068642	1.789475	1.348412	1.379624
2892	-701.9923	-871.9336	169.9413	0.8555107	1.185199	1.212835	1.268172
2898	-708.0531	-878.0237	169.9706	0.5620042	1.544759	1.086228	1.28344
2904	-707.9651	-878.2532	170.2881	0.6641405	0.905765	1.236956	1.340478
2910	-712.6523	-883.2088	170.5565	0.7084606	0.905765	1.072985	1.221806
2916	-709.4729	-879.0317	169.5587	0.9473645	1.554519	1.072985	1.330797
2922	-706.3016	-876.3703	170.0687	0.8512302	1.026195	1.341619	1.189108
2928	-718.0236	-888.3911	170.3675	0.6046233	1.026195	1.290555	1.172426
2934	-717.9469	-888.4084	170.4616	0.930383	1.015169	0.7804326	1.273969
2940	-714.8337	-884.9068	170.0731	0.7438617	0.9373423	0.9830553	1.61597
2946	-715.3849	-884.8586	169.4737	1.197661	1.03532	1.035342	1.616277
2952	-709.8491	-880.0722	170.223	0.5202802	1.112796	1.125948	1.406403
2958	-723.7892	-894.0612	170.272	0.6117889	0.9651609	1.125948	1.428922
2964	-728.8494	-899.7405	170.891	0.5076509	0.6457991	0.9025981	1.42018
2970	-728.1831	-897.8463	169.6631	1.014659	1.133654	0.7258302	1.761241
2976	-726.1726	-896.1158	169.9432	0.5917399	1.137566	0.8125478	1.782864
2982	-716.569	-886.396	169.827	0.886214	1.575531	0.7933608	1.372683
2988	-724.3745	-894.5148	170.1404	0.985543	1.095516	0.8435057	1.372683
2994	-718.7213	-888.8826	170.1613	0.7893484	1.099047	0.8728926	1.480714
3000	-724.1717	-894.0255	169.8538	0.7434779	1.134302	1.011003	1.612474
3006	-724.9355	-895.0762	170.1407	0.6069843	0.9634225	0.8649271	1.720947
3012	-710.7648	-879.897	169.1323	1.237975	1.405485	0.9194698	1.655629
3018	-704.744	-874.6583	169.9143	1.030292	0.811606	0.9194698	1.662236
3024	-703.2113	-873.2246	170.0133	0.8765952	1.04711	0.8418581	1.588461
3030	-715.0782	-884.389	169.3108	1.018422	1.402521	0.7186397	1.826139
3036	-712.7588	-882.8497	170.0909	0.8014809	0.9116183	0.7713667	1.733012
3042	-720.6329	-891.0322	170.3993	0.6352357	0.9116183	1.235642	1.267141
3048	-710.1215	-880.4393	170.3178	0.7063923	0.8633686	1.312448	1.257973
3054	-711.2726	-881.3878	170.1151	0.683771	1.144313	1.230788	1.278623
3060	-714.8477	-885.184	170.3363	0.4925006	1.023535	1.279573	1.278623
3066	-708.5115	-878.8418	170.3303	0.5272723	1.003554	1.438562	1.146462
3072	-710.5131	-880.039	169.5259	0.6481049	1.801078	1.389407	1.146462
3078	-719.4944	-888.8686	169.3742	1.13304	1.400723	1.284113	1.276292
3084	-706.6848	-876.398	169.7132	1.209988	1.073115	1.189716	1.276292
3090	-721.3185	-891.3281	170.0096	0.4983249	1.414839	1.468047	1.060746
3096	-712.6426	-882.0665	169.4239	1.690614	0.8949298	1.4611	1.049129
3102	-714.3963	-885.1168	170.7204	0.7162034	0.7283344	1.108117	1.193137
3108	-721.4546	-891.606	170.1513	0.5869433	1.04073	1.127223	1.477757
3114	-717.7857	-887.8394	170.0537	0.5688162	1.103231	1.051868	1.570646
3120	-723.8308	-893.9692	170.1384	0.6841723	1.103231	0.844677	1.588896
3126	-720.5268	-890.1035	169.5767	1.003844	1.064361	1.149404	1.577474
3132	-719.5867	-889.7804	170.1937	0.6744086	1.064361	1.149404	1.351941
3138	-717.2711	-887.5152	170.2441	0.894283	0.9691066	1.242177	1.135141
3144	-718.9577	-888.2045	169.2468	0.894283	1.739818	1.610041	1.034392
3150	-717.4265	-886.7115	169.2851	0.8940792	1.644296	1.438002	1.231744
3156	-717.8892	-887.7059	169.8167	0.8070953	1.644296	0.9349855	1.279164
3162	-716.801	-886.7695	169.9684	0.8390092	1.269607	0.9349855	1.415047
3168	-735.0131	-905.2152	170.2022	0.7369672	0.8081608	0.9790518	1.622573
3174	-725.0681	-894.0161	168.948	1.043352	1.736956	0.9015441	1.718764
3180	-724.5458	-894.0804	169.5346	0.8266544	1.634009	0.7116987	1.656142
3186	-729.2736	-899.0699	169.7962	0.6942693	0.9504632	0.7197235	2.012276
3192	-731.5297	-901.9287	170.399	0.8721215	0.8763804	0.8342557	1.436571
3198	-720.6091	-890.22	169.6109	0.8721215	1.061379	1.152347	1.647882
3204	-726.0195	-895.5417	169.5222	0.7601716	1.320255	1.164222	1.597959
3210	-717.2491	-887.1583	169.9092	0.7601716	0.9418958	1.330278	1.465322
3216	-717.6913	-887.5951	169.9038	0.535844	1.293395	1.280032	1.38825
3222	-728.9689	-899.3151	170.3462	0.5956734	1.276642	1.352336	0.8992318
3228	-732.4142	-901.9923	169.5782	0.7753816	1.555474	0.9299191	1.554597
3234	-726.4308	-896.3309	169.9	0.5774428	1.218146	1.403251	1.327488
3240	-720.2776	-889.915	169.6374	0.7151978	1.332455	1.073538	1.602356
3246	-709.9225	-879.5668	169.6442	0.9208285	1.326737	1.132175	1.40766
3252	-718.0647	-888.1857	170.121	0.9208285	0.985878	0.8166392	1.540541
3258	-716.8228	-886.6169	169.7941	0.7949032	1.336015	0.9554572	1.515622
3264	-713.1378	-882.6538	169.516	0.7344298	1.370342	1.228382	1.537875
3270	-717.1791	-887.2748	170.0957	0.6631283	1.188933	1.002322	1.454079
3276	-716.7422	-886.5361	169.7939	0.8625081	1.122141	1.080567	1.529497
3282	-721.2999	-891.2439	169.9441	0.7268963	1.254656	0.789405	1.632891
3288	-719.8214	-890.3161	170.4948	0.5388503	0.9409118	1.27002	1.197564
3294	-723.0414	-892.7611	169.7197	0.9297432	1.271058	1.189402	1.338873
3300	-712.5469	-882.5388	169.992	0.8275073	0.9388783	1.102904	1.527256
3306	-718.688	-888.6331	169.9452	0.733871	0.9882499	1.484422	1.299578
3312	-719.338	-889.0515	169.7134	0.733871	1.22138	1.484422	1.299578
3318	-724.5412	-894.2276	169.6865	0.733871	1.321678	1.031199	1.59236
3324	-709.2382	-879.2446	170.0064	0.9469618	0.8611517	0.8068515	1.701513
3330	-709.6669	-879.1728	169.5059	0.9414	1.451736	1.086137	1.441786
3336	-706.9019	-876.5853	169.6834	0.7377218	1.322219	1.20485	1.462442
3342	-714.5467	-883.9002	169.3536	0.910344	1.70712	1.060137	1.421593
3348	-713.8609	-883.2587	169.3977	0.9728189	1.492287	0.912206	1.600151
3354	-719.6501	-889.2921	169.642	1.052761	1.285225	0.912206	1.507123
3360	-715.4361	-885.087	169.6509	1.052761	1.303663	1.076798	1.36008
3366	-704.8906	-874.8596	169.9691	0.6741683	1.043948	1.237679	1.473433
3372	-722.4236	-892.7268	170.3032	0.7423949	0.9344365	0.99727	1.437358
3378	-721.6449	-891.3365	169.6916	0.6523707	1.785653	0.99727	1.344186
3384	-710.2903	-879.9221	169.6317	0.9578474	1.013196	1.52943	1.319041
3390	-702.1507	-871.696	169.5452	0.7407165	1.65724	1.014735	1.470806
3396	-707.8774	-877.6169	169.7395	0.5664244	1.552335	1.487172	1.129384
3402	-706.3048	-876.1499	169.845	0.7721944	1.517168	1.079059	1.26151
3408	-713.1756	-883.0547	169.8791	0.7554565	1.260613	0.9686215	1.525277
3414	-721.5333	-890.7763	169.243	0.992912	1.358373	0.9686215	1.746709
3420	-714.6972	-883.7999	169.1027	1.030209	1.222882	0.9206608	1.940748
3426	-711.4406	-881.6484	170.2078	0.6392808	1.216474	1.11048	1.275166
3432	-714.5141	-884.137	169.623	0.912002	1.348539	1.17627	1.380311
3438	-730.0313	-899.7965	169.7652	0.5878627	1.475583	1.238142	1.36234
3444	-709.5993	-879.1303	169.531	1.14518	1.388793	0.9341867	1.429075
3450	-715.9011	-885.3596	169.4585	0.9084112	1.596601	0.9611458	1.495
3456	-724.4348	-894.0614	169.6266	0.7423434	1.07256	0.9525134	1.857221
3462	-723.7351	-893.3026	169.5675	1.156165	1.060151	1.367244	1.304287
3468	-721.8159	-891.4972	169.6813	1.156165	1.206637	1.299796	1.141953
3474	-715.7077	-885.7112	170.0035	0.839851	1.103406	1.529053	1.01681
3480	-716.1158	-885.8753	169.7595	0.5640346	1.439137	1.695345	1.01681
3486	-709.0672	-879.4139	170.3467	0.4684322	1.135894	1.406986	1.072472
3492	-707.0127	-876.5523	169.5396	0.7107045	1.633807	1.42967	1.181226
3498	-707.9689	-878.1131	170.1442	0.5375988	1.065073	1.330855	1.335199
3504	-717.5075	-886.6298	169.1223	1.347937	1.388857	1.29712	1.308744
3510	-726.2815	-895.7909	169.5094	1.039499	1.24295	1.295778	1.356132
3516	-718.5712	-888.8537	170.2826	1.039499	0.818133	1.266508	1.082197
3522	-721.3609	-890.9015	169.5406	0.6709077	1.829942	1.075867	1.357665
3528	-712.0001	-882.4383	170.4382	0.5290735	1.046443	0.8564089	1.493891
3534	-721.5036	-891.1602	169.6566	1.164528	1.032046	1.008591	1.528159
3540	-728.1678	-897.5631	169.3953	0.8055629	1.533796	1.008591	1.624047
3546	-715.9449	-886.1146	170.1697	0.8055629	0.9090567	1.008591	1.503194
3552	-726.1906	-896.3977	170.2071	0.5837487	1.300346	0.9197724	1.399453
3558	-715.3176	-885.3186	170.001	0.5837487	1.365559	1.062877	1.399453
3564	-719.306	-889.2049	169.8989	1.080285	1.098068	1.28678	1.122664
3570	-715.2201	-885.1496	169.9296	1.036067	1.004288	1.250221	1.247003
3576	-718.7292	-887.6493	168.9201	0.810731	2.076399	1.218444	1.462709
3582	-722.1243	-891.7842	169.6599	0.9320485	1.301322	0.9635491	1.533727
3588	-728.6217	-898.1197	169.498	0.708005	1.514987	0.7473618	1.813691
3594	-721.1834	-890.7988	169.6154	0.7448596	0.9971783	1.099985	1.813691
3600	-716.9449	-886.7843	169.8394	0.8251544	1.174754	1.081783	1.483004
3606	-712.3428	-881.9774	169.6346	0.7038116	1.503261	1.085722	1.483004
3612	-710.1023	-880.1413	170.039	0.4683677	1.240647	1.182618	1.431102
3618	-703.4802	-873.6111	170.1308	0.7103435	1.104767	1.070706	1.40565
3624	-710.3235	-879.776	169.4525	0.9401198	1.392173	1.226551	1.419422
3630	-706.8931	-877.0457	170.1526	0.8234469	1.028724	1.226551	1.236683
3636	-717.8732	-887.759	169.8858	0.7048059	1.439794	0.8223103	1.536119
3642	-717.0809	-886.9254	169.8444	1.048057	0.9420563	1.398096	1.236525
3648	-710.4026	-880.2678	169.8652	0.6591312	1.197477	1.155468	1.508757
3654	-706.9368	-876.6481	169.7113	0.6591312	1.149445	1.191369	1.630236
3660	-711.0818	-880.4631	169.3813	1.061536	1.266631	1.181056	1.508038
3666	-719.1996	-888.4985	169.2989	1.536113	1.107877	1.03383	1.452416
3672	-713.1007	-883.621	170.5203	0.7467845	0.9883921	0.9970092	1.216553
3678	-718.0878	-888.6716	170.5838	0.7467845	0.651795	0.8715231	1.521897
3684	-714.2734	-884.7693	170.4959	0.6038711	0.8487258	0.7854791	1.607084
3690	-711.3826	-881.148	169.7653	0.7384403	1.371062	1.139109	1.413432
3696	-712.8176	-883.3669	170.5493	0.758852	0.8832539	1.319913	0.9782556
3702	-714.8028	-884.5636	169.7608	0.6863438	1.462572	1.466898	1.112897
3708	-706.4385	-876.6083	170.1698	0.8386235	0.9952005	1.01322	1.409474
3714	-705.8391	-875.6786	169.8395	0.8386235	1.265683	1.248843	1.271021
3720	-704.2802	-874.1365	169.8564	0.7551814	1.515258	1.074253	1.271021
3726	-714.9563	-885.1797	170.2234	0.6556737	0.9790696	1.194489	1.373386
3732	-723.3058	-893.5583	170.2526	0.579385	1.319023	0.9893176	1.296358
3738	-719.6924	-889.0037	169.3113	1.517292	1.138232	0.9893176	1.46724
3744	-708.3168	-878.3804	170.0636	0.7737809	0.99899	0.995801	1.547643
3750	-719.5244	-889.4936	169.9693	0.776661	1.047619	1.367786	1.293426
3756	-716.1335	-886.283	170.1494	0.9763064	1.043042	0.8946093	1.373812
3762	-713.6443	-883.2533	169.6091	1.086581	1.448422	0.9462458	1.360007
3768	-721.3806	-891.1184	169.7378	1.171441	1.01348	1.042948	1.45001
3774	-718.9381	-888.6253	169.6872	1.171441	0.806364	0.9880992	1.678721
3780	-717.049	-887.9228	170.8738	0.6474819	0.6615024	0.8992769	1.340867
3786	-718.4291	-888.2288	169.7997	0.6698479	1.047902	0.8635193	1.862267
3792	-718.5752	-888.953	170.3778	0.8567972	0.8982811	0.8635193	1.425297
3798	-726.3843	-896.6427	170.2584	0.6270081	1.134397	0.8463289	1.513401
3804	-712.7082	-883.2437	170.5354	0.6270081	0.8159924	1.148059	1.310363
3810	-723.9561	-894.5704	170.6143	0.6270081	0.9648837	0.9529018	1.284909
3816	-714.104	-884.0175	169.9135	0.5740973	1.370935	1.197958	1.364039
3822	-735.2447	-905.143	169.8983	0.7414374	1.315125	1.377496	1.150332
3828	-716.3442	-886.0853	169.7412	1.099646	1.271679	0.983157	1.350385
3834	-707.5025	-877.3045	169.802	0.7587435	1.500858	1.155375	1.257224
3840	-718.8219	-888.8962	170.0743	0.4499237	1.265611	1.354134	1.253789
3846	-730.061	-899.8281	169.7671	0.6248553	1.30673	1.83722	0.9438183
3852	-735.7669	-905.2196	169.4527	0.6946071	1.502471	1.761421	1.083951
3858	-716.704	-886.2305	169.5265	1.249627	1.224654	1.368924	1.120362
3864	-719.3486	-889.1438	169.7951	0.7634833	1.224654	1.368924	1.301589
3870	-723.0002	-893.4066	170.4065	0.7118881	1.02079	1.184555	1.153041
3876	-722.1721	-891.8856	169.7135	0.7118881	1.248626	1.65164	1.153041
3882	-722.3435	-892.1372	169.7938	0.9219256	1.378594	1.071075	1.297006
3888	-720.3237	-891.1854	170.8617	0.4999397	0.9095098	0.862449	1.279491
3894	-723.8132	-893.9558	170.1426	0.9687833	0.9095098	1.222221	1.227602
3900	-718.0954	-888.7704	170.675	0.6363877	0.8953521	1.022538	1.227602
3906	-708.9532	-878.956	170.0027	0.5695315	1.310877	1.403748	1.170952
3912	-715.361	-885.73	170.369	0.9232159	0.7370254	1.224331	1.21509
3918	-727.4916	-897.2555	169.7638	0.9530845	0.986794	1.719257	1.068187
3924	-715.3545	-886.0586	170.7041	0.4790972	0.8415049	1.457895	0.9530905
3930	-704.1104	-874.1501	170.0397	0.6440391	1.314995	1.572133	0.9090261
3936	-700.8357	-871.1276	170.2919	0.8526775	0.8245953	1.218608	1.272368
3942	-702.4474	-872.5412	170.0938	0.5831606	1.224506	1.266566	1.272368
3948	-709.9299	-879.887	169.9571	1.072272	1.048734	0.7225061	1.572896
3954	-723.5327	-892.9808	169.4482	0.8894736	1.135095	1.093099	1.741093
3960	-719.1303	-889.234	170.1036	0.80714	1.087433	0.9431461	1.466872
3966	-718.5309	-888.9801	170.4493	0.6341339	1.141938	0.9047005	1.309732
3972	-721.1652	-891.0137	169.8485	0.8473102	1.521021	1.299884	0.9896231
3978	-704.9481	-874.3126	169.3645	0.9524351	1.766117	0.835376	1.511966
3984	-714.7337	-884.3234	169.5897	0.5503908	1.543421	1.183821	1.511966
3990	-712.907	-883.2896	170.3827	0.5339293	0.9974817	1.372963	1.159426
3996	-719.0597	-888.5378	169.478	1.032622	1.304087	1.36294	1.284852
4002	-714.5576	-884.6278	170.0702	0.7198638	1.374803	0.7944391	1.454571
4008	-714.3829	-884.3021	169.9192	0.7450246	1.217918	0.8772793	1.600975
4014	-721.1472	-891.3676	170.2204	0.6385354	0.9449901	1.082459	1.499242
4020	-718.6308	-888.4526	169.8217	0.7938768	1.187263	1.327626	1.319584
4026	-715.9987	-886.1979	170.1992	0.5606745	1.296665	1.124103	1.259106
4032	-711.8656	-881.2766	169.411	0.7932303	1.665692	1.633165	1.01357
4038	-706.2462	-876.3128	170.0665	0.9431238	1.170124	1.300603	1.01357
4044	-706.888	-876.4477	169.5596	0.8116425	1.426261	1.553922	1.139747
4050	-713.9247	-884.3943	170.4696	0.5197368	0.8355075	1.035492	1.498225
4056	-707.4881	-876.7534	169.2654	1.289276	1.372343	1.035492	1.458486
4062	-705.1512	-874.3835	169.2322	1.283917	1.010479	1.084109	1.711364
4068	-706.1568	-875.8783	169.7216	0.8167475	1.064158	0.7841784	1.864131
4074	-701.4831	-871.6483	170.1652	0.8107991	1.058757	0.8288644	1.525246
4080	-713.0753	-882.3783	169.303	0.8107991	1.716254	1.069006	1.521345
4086	-708.587	-878.5541	169.9671	0.5453781	1.509045	1.277028	1.163566
4092	-714.777	-885.3088	170.5318	0.6686544	0.8138767	1.428746	1.038346
4098	-717.813	-887.2092	169.3962	1.069321	1.252386	1.123597	1.544267
4104	-720.8565	-890.2451	169.3886	1.782372	1.156962	0.8387481	1.32184
4110	-712.8939	-883.0077	170.1138	0.7103802	1.183482	0.9207493	1.473719
4116	-717.5047	-886.9359	169.4312	1.144683	0.9904402	1.316601	1.512225
4122	-716.3315	-885.3207	168.9892	1.182022	1.889561	1.083261	1.35082
4128	-721.9734	-891.8242	169.8508	0.6722403	1.211004	1.496935	1.230972
4134	-715.6622	-885.8423	170.1802	0.90801	0.7988952	1.320381	1.255975
4140	-709.6232	-879.7612	170.1381	0.90801	0.9805201	1.208836	1.234072
4146	-709.4367	-879.3195	169.8828	0.9786356	1.069151	1.136018	1.371326
4152	-717.7223	-887.4363	169.714	0.9071217	1.095324	1.333424	1.384377
4158	-711.3796	-881.5197	170.1401	0.5480599	1.193793	1.319569	1.23713
4164	-712.8216	-882.7024	169.8808	0.5021798	1.462118	1.350661	1.23713
4170	-703.3394	-872.8709	169.5315	1.254949	1.148708	1.223069	1.300053
4176	-706.2279	-876.9163	170.6884	0.7895374	0.720698	0.8704119	1.363426
4182	-712.4173	-882.5799	170.1626	0.8338094	0.8911054	0.7548003	1.68617
4188	-716.5541	-886.7364	170.1824	0.5952121	1.198749	1.26971	1.208716
4194	-712.5506	-883.1918	170.6412	0.5436281	1.013924	0.9436431	1.284323
4200	-715.9189	-885.637	169.7181	0.7910174	1.191022	1.099874	1.572495
4206	-722.9721	-892.66	169.6879	0.8521758	1.503877	0.9656743	1.424906
4212	-716.4848	-886.3347	169.8499	0.5819621	1.44242	1.113662	1.421454
4218	-715.5889	-885.5122	169.9233	0.6940443	1.164212	1.592291	1.107321
4224	-717.5902	-887.6473	170.0571	0.9481837	0.8630164	1.06756	1.471695
4230	-711.1623	-880.7697	169.6074	1.05197	1.030196	1.234925	1.480744
4236	-709.373	-879.3643	169.9913	0.9785681	0.9980848	0.9565341	1.480744
4242	-712.0612	-881.2266	169.1654	1.284559	1.053834	0.8992699	1.855679
4248	-717.0485	-886.389	169.3404	0.7215636	1.807894	0.7855137	1.702616
4254	-714.9706	-884.398	169.4274	0.7367627	1.430515	0.6487148	1.964619
4260	-734.1101	-904.3756	170.2654	0.7376736	0.8141596	0.6975147	1.772701
4266	-731.2985	-900.259	168.9605	1.132839	1.622063	1.077098	1.594654
4272	-726.4123	-896.343	169.9307	0.8030026	1.310289	1.217863	1.213454
4278	-731.7818	-901.2933	169.5115	1.271204	1.297698	0.7622263	1.546006
4284	-723.3394	-893.1856	169.8462	0.9195933	1.231563	0.9708142	1.448696
4290	-717.5692	-887.1963	169.6271	0.913403	1.717328	1.091347	1.16256
4296	-733.5429	-903.1564	169.6134	0.9022508	1.204987	1.764935	1.008715
4302	-723.5331	-893.4877	169.9546	0.7167422	1.196208	1.065865	1.470457
4308	-711.0031	-881.4457	170.4426	0.4652926	1.078202	1.16157	1.255554
4314	-712.5982	-882.364	169.7657	0.7609229	1.230274	1.16157	1.484014
4320	-714.4759	-884.3709	169.895	0.8340428	1.230274	0.850904	1.566236
4326	-711.7242	-881.6229	169.8987	0.7319268	1.388605	1.137227	1.300825
4332	-724.3933	-894.2228	169.8295	0.6757233	1.288549	1.090143	1.506525
4338	-717.0839	-887.0644	169.9805	0.5859614	1.065588	1.190149	1.540494
4344	-722.784	-892.4594	169.6754	0.8224016	1.29147	0.6882909	1.803757
4350	-714.7214	-884.539	169.8176	0.8224016	0.9163278	0.9891368	1.754395
4356	-717.4101	-887.6549	170.2448	0.5274265	1.335714	1.201031	1.14207
4362	-711.5066	-881.7142	170.2076	0.9133006	1.165807	1.104845	1.09785
4368	-718.1762	-888.7207	170.5445	0.4638837	0.9735299	1.104845	1.304913
4374	-718.9169	-889.0301	170.1133	0.8930777	0.8896176	1.210681	1.339154
4380	-714.4642	-883.9873	169.5232	0.8930777	1.669308	0.9394883	1.423405
4386	-732.3521	-901.9692	169.6171	0.6427994	1.826235	1.06004	1.331664
4392	-717.5194	-887.6066	170.0871	0.8013351	1.189227	0.9926744	1.367664
4398	-718.6321	-888.0439	169.4119	1.05138	1.661571	0.8564363	1.456578
4404	-723.5598	-893.317	169.7572	0.6684259	1.361526	1.29323	1.356795
4410	-737.0731	-906.6078	169.5347	0.6436485	1.212181	1.075781	1.80229
4416	-716.5471	-886.3664	169.8193	0.762226	1.105017	0.7973212	1.796084
4422	-724.2985	-893.7078	169.4093	0.9667454	1.342037	1.094998	1.567059
4428	-716.5588	-886.475	169.9162	1.085915	0.9208282	1.046761	1.446377
4434	-712.3493	-882.0678	169.7185	0.8204777	1.175454	0.9188368	1.693127
4440	-726.9708	-896.7762	169.8054	0.823572	1.161855	0.9340963	1.627469
4446	-722.8137	-892.4286	169.6149	0.909783	1.331058	1.126294	1.440072
4452	-714.481	-884.5669	170.0859	0.5265289	1.189581	1.656174	0.9983383
4458	-717.7275	-887.7753	170.0479	0.4630214	1.041239	1.877648	1.000203
4464	-705.8791	-876.1593	170.2803	0.4593027	0.9749634	1.562776	1.141591
4470	-721.7458	-892.0654	170.3197	0.8392356	0.9715145	1.062099	1.269216
4476	-714.9707	-885.6544	170.6837	0.5291865	1.046231	0.921668	1.249075
4482	-713.7017	-883.7976	170.0958	0.9240154	0.9338712	1.284156	1.232025
4488	-711.6443	-881.0575	169.4132	0.7996553	1.738785	1.064694	1.434252
4494	-712.0009	-881.8528	169.8519	1.000164	0.9729881	1.125296	1.461101
4500	-709.6426	-879.8353	170.1927	1.000164	0.9729881	0.7845118	1.461101
4506	-707.2493	-877.6209	170.3716	0.5587311	1.082659	1.189198	1.238155
4512	-713.5742	-883.6987	170.1245	0.6839214	0.9652334	1.448724	1.238155
4518	-707.8974	-877.7178	169.8204	0.8697629	1.186499	1.335523	1.253997
4524	-723.9336	-893.565	169.6314	0.5698828	1.334419	1.379911	1.471098
4530	-708.0406	-878.0775	170.0369	0.66193	1.235412	1.332114	1.20036
4536	-716.3293	-886.2454	169.9161	0.7911827	1.235412	1.287778	1.23802
4542	-715.0121	-884.9915	169.9794	0.5140599	1.234017	1.678093	1.046503
4548	-713.1557	-883.4951	170.3394	0.4662865	0.869718	1.708251	1.046503
4554	-721.438	-891.2222	169.7842	0.5071369	1.398333	1.708251	1.056424
4560	-705.304	-875.3799	170.0758	0.5071369	1.368268	1.29131	1.195149
4566	-713.8048	-883.6612	169.8564	0.6675452	1.368268	1.181676	1.362035
4572	-715.4043	-885.7468	170.3425	0.5626596	1.068094	1.101536	1.342931
4578	-715.1119	-884.99	169.8781	0.8159737	1.15508	0.9901824	1.543726
4584	-712.0477	-881.5711	169.5234	0.9007329	1.15508	1.142506	1.630444
4590	-706.3481	-877.0286	170.6805	0.7397968	0.6593989	1.080519	1.284068
4596	-719.3151	-889.3549	170.0398	0.8759496	1.229594	1.121126	1.208912
4602	-726.1866	-896.0108	169.8241	0.3905515	1.441338	1.251375	1.41566
4608	-722.1125	-891.7258	169.6133	0.9615958	1.425817	1.179856	1.286422
4614	-725.0163	-895.5709	170.5546	0.748082	0.8000788	0.6137699	1.629931
4620	-722.5372	-892.9181	170.3809	0.8819662	0.6477192	0.8904644	1.563248
4626	-731.2263	-901.3373	170.1111	0.9981779	0.6918127	0.9606104	1.595726
4632	-723.2483	-892.9359	169.6876	0.5872261	1.494339	1.160486	1.469141
4638	-729.3502	-898.4194	169.0692	0.8366159	1.803456	1.108797	1.588588
4644	-731.7764	-902.1178	170.3414	0.4632874	1.509036	1.174824	0.9533714
4650	-725.0102	-894.6132	169.6029	0.7678821	1.228132	1.664752	1.20911
4656	-710.9829	-881.1687	170.1858	0.8151615	0.9611939	1.114656	1.362121
4662	-718.4456	-887.73	169.2844	0.7770694	1.908738	1.355216	1.201001
4668	-714.1538	-884.5261	170.3723	0.4532508	1.262748	1.119931	1.201001
4674	-717.8163	-887.9022	170.0859	0.5246199	1.064245	1.761084	1.019056
4680	-723.0468	-893.0915	170.0447	0.5102529	1.204916	1.76713	0.9209566
4686	-734.8636	-904.6805	169.8169	0.2643109	1.524163	1.51194	1.095381
4692	-720.4537	-890.6439	170.1902	0.3405241	1.359198	1.51194	0.9318391
4698	-718.0081	-888.0187	170.0107	0.4735847	1.05836	1.84584	1.045645
4704	-713.9278	-883.5915	169.6637	0.510177	1.424478	1.84584	1.013936
4710	-709.9867	-879.4318	169.445	0.8656443	1.565	1.531869	1.097691
4716	-711.5548	-881.5323	169.9775	0.703959	1.108201	1.647505	1.048695
4722	-711.3853	-881.3098	169.9245	0.8366523	1.060827	1.257552	1.360393
4728	-717.599	-887.1678	169.5688	0.8541275	1.263832	1.201862	1.508907
4734	-719.7858	-889.2303	169.4445	1.137197	1.254007	1.212221	1.387775
4740	-720.8153	-890.0658	169.2505	0.8820993	1.508142	1.417333	1.387775
4746	-732.8602	-902.7863	169.9262	0.8984096	0.9210354	1.221518	1.448134
4752	-728.5826	-898.9005	170.3179	0.5579741	1.124624	0.9349078	1.450802
4758	-717.6359	-888.116	170.4801	0.6438384	0.8510677	1.087821	1.363629
4764	-727.0845	-897.5059	170.4214	0.4089585	1.088684	1.235969	1.220577
4770	-717.8188	-887.9932	170.1744	0.7193704	1.052609	0.8236242	1.5912
4776	-707.9843	-878.3659	170.3816	0.6194048	0.7115486	1.266984	1.421673
4782	-720.0152	-889.4694	169.4542	0.7617018	1.417397	1.804354	1.058679
4788	-724.2432	-893.8921	169.6489	0.972482	1.326313	1.253879	1.265752
4794	-714.5421	-884.7559	170.2138	0.9475702	0.9277043	1.157581	1.224623
4800	-732.6289	-902.6369	170.008	0.563662	1.360094	1.213189	1.290806
4806	-723.5663	-893.0652	169.4989	0.9288957	1.360094	0.9603873	1.614706
4812	-716.922	-886.2441	169.3222	1.412878	1.047835	1.036789	1.564379
4818	-713.235	-883.1484	169.9134	0.7956343	1.218198	1.216833	1.309051
4824	-721.1908	-891.3937	170.2029	0.9056306	0.8887867	1.20682	1.259954
4830	-707.1749	-877.0026	169.8277	0.758636	1.265193	1.368074	1.246627
4836	-707.6791	-877.7514	170.0723	0.5368075	1.079743	1.258839	1.436826
4842	-707.7557	-877.554	169.7984	0.9440209	0.8674142	0.9413287	1.750988
4848	-714.717	-884.4169	169.6999	0.6755017	1.405696	0.9210035	1.642921
4854	-710.4016	-880.354	169.9524	0.6094019	1.405696	0.8470172	1.554705
4860	-710.6042	-880.4	169.7958	0.7531882	1.107105	0.718514	1.870953
4866	-705.3951	-875.5798	170.1847	0.5787199	1.156208	0.82024	1.60008
4872	-710.0773	-879.7474	169.67	0.7358803	1.166628	0.8713939	1.823081
4878	-715.6746	-885.4065	169.7319	0.6013617	1.537202	1.050829	1.479704
4884	-706.4875	-876.2841	169.7967	1.185528	0.9612832	1.302123	1.226337
4890	-707.0242	-876.1185	169.0943	1.387963	1.423071	0.9277369	1.559565
4896	-715.8477	-884.247	168.3993	1.474514	1.808064	0.9277369	1.746236
4902	-710.4294	-880.6948	170.2654	0.8331652	0.9104573	1.139932	1.304657
4908	-712.0425	-881.7079	169.6654	0.6799636	1.26541	1.077793	1.649433
4914	-720.7583	-890.9387	170.1804	0.7433099	1.063248	1.394887	1.102587
4920	-713.4747	-883.4666	169.9919	0.5395343	1.434313	1.394887	1.102587
4926	-717.1479	-887.3118	170.1639	0.7997053	0.7904033	1.707086	1.028097
4932	-712.3851	-882.1257	169.7406	1.030225	1.216714	1.4787	1.028097
4938	-710.3895	-880.0231	169.6336	0.8352295	1.216714	1.643446	1.154057
4944	-712.7795	-883.0369	170.2575	0.7665579	1.075649	1.025827	1.322154
4950	-713.7062	-882.934	169.2279	0.7481142	1.804218	0.8607546	1.7136
4956	-709.9075	-879.105	169.1975	0.967278	1.864604	0.9819143	1.450837
4962	-712.965	-882.5138	169.5488	0.967278	1.251669	1.223108	1.431723
4968	-727.2962	-897.5711	170.2749	0.5363875	1.238993	0.8550003	1.470285
4974	-709.8652	-879.6951	169.8299	0.7789537	1.098274	0.9981761	1.640376
4980	-712.9768	-882.4501	169.4733	0.9974792	1.526747	1.210184	1.268973
4986	-705.5979	-875.2607	169.6628	0.7045031	1.2962	0.9178184	1.727737
4992	-721.1315	-891.0647	169.9332	0.7891052	1.078629	0.9546933	1.604173
4998	-727.0323	-897.2455	170.2132	0.9265168	0.6877402	0.642892	1.801898
5004	-715.3041	-885.2178	169.9137	0.8357323	1.415221	0.8938043	1.382956
5010	-717.2982	-886.7837	169.4855	0.9685299	1.193482	1.102722	1.610249
5016	-726.9977	-896.7724	169.7748	0.8520173	1.193482	1.058206	1.515483
5022	-733.1376	-902.8759	169.7384	0.8136302	1.406032	0.9259637	1.515483
5028	-721.2551	-891.65	170.3949	0.6260714	1.146898	0.9259637	1.33791
5034	-719.57	-889.3089	169.7389	0.7767354	1.146898	1.612082	1.199191
5040	-704.0281	-874.3116	170.2835	0.6081761	0.9181392	1.178713	1.417867
5046	-722.7432	-892.7928	170.0497	0.6081761	1.188889	1.181778	1.387574
5052	-736.1448	-905.8842	169.7394	0.6539084	1.188889	0.7323977	1.906775
5058	-725.8281	-895.8659	170.0378	0.8282811	1.015736	1.140085	1.405368
5064	-730.1969	-900.754	170.5571	0.5836273	0.8253016	1.364285	1.131158
5070	-720.1391	-890.5895	170.4504	0.7716778	0.8960868	1.100975	1.245379
5076	-716.5453	-886.3429	169.7975	1.039123	0.9260459	1.17143	1.473379
5082	-716.8609	-886.7449	169.884	0.8563427	1.108897	1.177389	1.402218
5088	-711.4135	-881.3092	169.8957	0.9922985	1.108897	1.260759	1.215573
5094	-719.1881	-889.1395	169.9513	0.7614222	1.575265	0.9147481	1.273363
5100	-700.4556	-870.6471	170.1914	0.8523889	0.9313874	1.06151	1.394119
5106	-709.6646	-879.2242	169.5595	0.7491871	1.37443	1.115074	1.576113
5112	-714.5065	-884.8361	170.3296	0.5562269	1.049773	0.7166666	1.659101
5118	-720.8706	-890.8221	169.9515	0.5612543	1.488884	0.7891035	1.568142
5124	-706.3535	-876.3309	169.9774	0.8157171	1.008792	1.068171	1.520533
5130	-708.9777	-878.3006	169.3228	0.8216291	1.612123	1.202208	1.469402
5136	-713.6638	-883.4689	169.8051	0.8216291	1.243047	1.335054	1.260241
5142	-725.1614	-894.8735	169.7121	0.6895411	1.432618	1.335054	1.289494
5148	-720.8523	-890.2976	169.4452	0.9539472	1.299282	1.072827	1.596574
5154	-714.7416	-884.3985	169.6569	0.95382	1.073775	1.117506	1.571816
5160	-713.7447	-883.5361	169.7914	0.8111994	1.339453	1.046171	1.434518
5166	-709.7193	-879.6397	169.9204	0.6744401	1.339453	1.046171	1.434518
5172	-719.8121	-889.8334	170.0213	0.8561105	0.9071461	1.199898	1.434518
5178	-727.6114	-897.6984	170.087	0.721676	0.9071461	1.127916	1.537008
5184	-735.3071	-905.1116	169.8044	1.038924	1.050075	1.123492	1.410084
5190	-730.2984	-900.0525	169.7541	0.8925253	0.7962002	0.9601628	1.852384
5196	-724.2518	-894.0349	169.7832	0.7016682	1.229825	0.958801	1.661097
5202	-739.6244	-909.015	169.3906	0.8044245	1.310276	1.214085	1.633257
5208	-729.7116	-898.5903	168.8787	1.707301	1.310276	1.189851	1.381724
5214	-715.2773	-885.9347	170.6575	0.7545116	0.7754611	0.9509308	1.309179
5220	-719.446	-889.6708	170.2248	0.9290927	0.7267558	0.9509308	1.546284
5226	-708.2037	-878.2848	170.081	0.5720337	1.179047	0.9799483	1.546284
5232	-708.333	-878.6035	170.2705	0.6795626	0.835759	0.9634546	1.603251
5238	-714.4277	-884.5479	170.1202	0.8542096	0.8612871	1.010035	1.538757
5244	-721.267	-890.6676	169.4006	0.9292833	1.358275	1.273243	1.456627
5250	-716.9284	-886.7908	169.8624	0.8438177	1.274114	1.127893	1.339699
5256	-719.3024	-889.3782	170.0758	0.8715156	0.9012038	1.127893	1.4408
5262	-724.2401	-894.089	169.8489	1.478762	0.7579762	1.3011	1.108861
5268	-722.0036	-892.2835	170.28	0.6134592	1.071232	1.263488	1.225815
5274	-724.633	-894.2697	169.6366	0.7772354	1.071232	0.8760008	1.880765
5280	-723.4592	-894.0139	170.5547	0.5681071	1.060595	0.7651664	1.442455
5286	-717.2224	-886.8422	169.6198	0.7868445	1.769749	1.037476	1.280199
5292	-718.5826	-888.6039	170.0213	0.7868445	1.218464	1.130987	1.297887
5298	-724.6372	-893.9552	169.318	0.8692385	1.742603	0.8678259	1.598784
5304	-722.8996	-891.91	169.0104	1.009516	1.887926	1.206751	1.373277
5310	-727.7665	-896.7832	169.0167	0.9444986	1.567217	1.443929	1.457326
5316	-717.0125	-887.1497	170.1372	0.8539023	1.07812	0.9609201	1.399383
5322	-718.9968	-889.0483	170.0515	0.6470991	1.381804	0.9440268	1.399383
5328	-719.1949	-889.4117	170.2168	0.873937	0.7404728	0.9100463	1.612782
5334	-724.1573	-894.4258	170.2686	0.7459763	0.9715277	1.175594	1.292013
5340	-740.6798	-909.8643	169.1845	1.045688	1.089893	1.175594	1.790017
5346	-733.1277	-903.2447	170.117	1.045688	0.728567	0.9345459	1.550715
5352	-727.1991	-896.4382	169.2391	0.5769605	1.833432	0.9345459	1.741714
5358	-721.2894	-890.6135	169.3241	0.8660666	1.401402	1.437225	1.405861
5364	-718.0993	-887.9969	169.8976	0.8660666	1.266791	0.9937377	1.405861
5370	-725.118	-895.0019	169.8839	0.8904727	1.075971	1.103934	1.45801
5376	-726.0866	-895.7339	169.6473	0.7705594	1.449299	1.134379	1.427051
5382	-733.8666	-903.7949	169.9283	0.4903112	1.206324	1.314306	1.431545
5388	-729.1965	-898.8713	169.6748	0.8947673	1.218309	1.232456	1.408304
5394	-731.7926	-901.3551	169.5625	0.6555684	1.218309	0.7955436	1.96298
5400	-729.9849	-899.6245	169.6396	1.158534	0.922855	0.7511579	1.806576
5406	-718.3911	-888.2015	169.8104	0.655801	1.100124	1.126903	1.642682
5412	-727.1678	-897.1402	169.9724	0.947317	0.9078185	1.126903	1.457895
5418	-717.7052	-887.6958	169.9906	0.6670022	1.333146	1.224964	1.245871
5424	-714.9031	-884.5994	169.6963	0.8639505	1.145918	1.011464	1.633062
5430	-718.4387	-888.7522	170.3135	0.5032479	1.414037	0.871998	1.311921
5436	-708.4978	-878.5465	170.0487	0.6909515	1.519445	0.8878897	1.311921
5442	-701.3284	-871.6852	170.3568	0.7514306	1.045692	0.8217232	1.439064
5448	-708.6037	-878.1304	169.5266	0.937407	1.163567	1.336468	1.451095
5454	-712.7415	-882.6316	169.8901	1.132549	1.043977	0.9243295	1.430391
5460	-712.6121	-882.0554	169.4433	0.9259054	1.507071	0.9583616	1.557139
5466	-708.1464	-877.8809	169.7345	1.278298	0.8805727	1.145344	1.394904
5472	-730.9064	-901.2398	170.3335	0.5321422	0.7422355	1.166944	1.562341
5478	-726.9715	-896.9746	170.0032	0.8720189	1.293056	0.8606809	1.402763
5484	-724.7633	-894.2691	169.5058	0.8143043	1.669584	0.9022556	1.523344
5490	-718.7937	-888.6721	169.8784	0.8143043	1.03701	1.067106	1.574594
5496	-727.8752	-897.3256	169.4504	0.81976	1.418104	1.488808	1.287963
5502	-713.5601	-883.9535	170.3935	0.7547142	0.8934402	1.131847	1.282549
5508	-718.559	-889.1683	170.6093	0.7023649	0.7998035	1.100385	1.246809
5514	-715.6201	-885.5089	169.8888	0.7795673	1.18112	1.310372	1.295371
5520	-707.2147	-876.7703	169.5556	1.01571	1.289421	1.12182	1.438796
5526	-714.4692	-884.6361	170.1669	0.8726466	0.7413746	1.606646	1.096864
5532	-733.5273	-903.6855	170.1582	0.4554385	1.280979	1.237852	1.266107
5538	-735.1601	-905.5049	170.3448	0.4500248	0.9623144	0.9283742	1.605498
5544	-721.2853	-891.1797	169.8944	1.002679	1.122427	1.285218	1.175205
5550	-724.5183	-894.8896	170.3713	0.4401131	1.04524	0.9313128	1.526111
5556	-729.0896	-898.1663	169.0767	0.8317257	1.921293	1.083519	1.529666
5562	-723.5165	-893.4773	169.9608	0.5679138	1.295431	1.083519	1.475824
5568	-715.6214	-885.7766	170.1552	0.8682303	0.8947991	1.182669	1.343594
5574	-721.1633	-891.0494	169.886	0.663196	1.208248	1.182669	1.461836
5580	-718.1914	-888.2026	170.0112	0.663196	1.208248	1.05747	1.461836
5586	-719.7651	-890.4846	170.7194	0.410397	1.07316	1.146763	1.047045
5592	-714.4811	-884.9498	170.4687	0.5271472	1.07316	1.002513	1.337651
5598	-713.5823	-883.6809	170.0986	0.8561552	0.9280187	1.306255	1.272255
5604	-711.5167	-881.6243	170.1076	0.9447376	0.9002318	1.131584	1.357243
5610	-707.1743	-877.1775	170.0031	0.555749	1.268249	1.181418	1.39559
5616	-705.8338	-876.2099	170.3761	0.4713423	1.121105	1.367416	1.094158
5622	-714.5464	-884.5954	170.049	0.7655902	0.9778498	1.360737	1.299672
5628	-720.2584	-889.9483	169.6899	0.8922622	1.079006	1.663606	1.15725
5634	-712.754	-882.7163	169.9623	0.7349851	1.071686	0.9389693	1.636922
5640	-713.3445	-882.9594	169.6149	0.7012329	1.789881	0.921177	1.426417
5646	-711.5653	-881.3614	169.7961	0.7657093	1.278851	1.125188	1.449088
5652	-713.5906	-883.6592	170.0687	0.5735989	1.393332	1.280299	1.148992
5658	-718.5309	-888.1368	169.6059	0.8549358	1.58713	0.9938505	1.404651
5664	-718.4839	-887.3925	168.9086	1.248905	1.955078	0.8984899	1.46201
5670	-716.6149	-886.5931	169.9781	0.6582064	1.040139	1.08982	1.589867
5676	-713.1661	-883.1083	169.9422	0.6582064	1.419114	0.8229417	1.539678
5682	-710.1618	-879.771	169.6091	0.6734081	1.419114	1.203498	1.494129
5688	-718.9471	-888.7998	169.8528	0.661799	1.307547	1.26941	1.345895
5694	-714.4097	-884.271	169.8612	0.8831215	1.147413	1.445918	1.146146
5700	-717.8088	-887.9315	170.1227	0.8640146	1.040846	1.470792	0.9945689
5706	-716.0872	-886.5171	170.4298	0.6780444	0.7460619	1.543631	1.079987
5712	-705.6544	-876.1999	170.5456	0.5346899	0.8098205	1.377025	1.175763
5718	-720.8909	-890.0966	169.2056	1.162214	1.504546	0.8257662	1.656623
5724	-719.5269	-889.2519	169.725	0.8122106	1.04133	1.130487	1.638329
5730	-716.1713	-886.106	169.9346	0.5212532	1.251291	0.9942673	1.617751
5736	-704.7383	-874.3426	169.6043	0.9241206	1.069681	1.20801	1.568755
5742	-709.2085	-879.2941	170.0856	0.8354113	1.245697	0.9324903	1.346219
5748	-717.2496	-887.2227	169.9731	0.6601811	1.204224	1.042965	1.506515
5754	-722.057	-891.8023	169.7453	0.547823	1.550268	1.080939	1.468982
5760	-720.4128	-889.9171	169.5042	1.025044	1.503076	0.967903	1.432571
5766	-719.5156	-890.0919	170.5763	0.9461387	0.725056	0.967903	1.246655
5772	-720.5628	-890.4009	169.8381	0.5728655	1.593308	0.9170319	1.478433
5778	-715.9584	-885.5593	169.6009	0.9656996	1.185662	1.157877	1.492177
5784	-714.8221	-884.4925	169.6704	0.5506923	1.467295	1.297221	1.418597
5790	-726.9499	-897.0966	170.1468	0.5461765	1.154686	1.257212	1.315803
5796	-731.1725	-900.2162	169.0437	0.9141314	1.678139	1.099684	1.63909
5802	-721.4041	-890.1048	168.7007	0.9141314	1.951723	1.202131	1.63909
5808	-709.0088	-879.7067	170.6979	0.5657264	0.7718107	0.8977889	1.451647
5814	-711.5437	-881.5233	169.9795	0.7493629	1.234675	0.9937547	1.454249
5820	-710.1189	-880.3402	170.2213	0.6381321	1.281085	1.014264	1.291938
5826	-717.0557	-886.9089	169.8532	0.9564958	1.169577	1.014264	1.428618
5832	-733.812	-903.4063	169.5943	0.814963	1.562507	0.9486567	1.495273
5838	-718.4268	-889.0012	170.5744	0.6490697	0.7784879	1.077065	1.349901
5844	-719.0517	-889.3704	170.3187	0.6490697	1.278394	1.077065	1.150388
5850	-727.9025	-897.6684	169.7659	1.091802	1.200003	1.014556	1.367754
5856	-725.5637	-894.9269	169.3632	0.8159005	1.200003	1.702989	1.358801
5862	-706.2664	-876.067	169.8006	1.026568	1.107422	1.399385	1.149419
5868	-718.1869	-887.9929	169.806	1.277665	0.7083542	1.399385	1.267783
5874	-717.5588	-887.7586	170.1998	0.5273856	1.12069	1.310026	1.267783
5880	-714.5257	-884.8099	170.2843	0.5273856	1.123887	1.25765	1.238428
5886	-720.7812	-889.8302	169.0489	0.7373327	1.550843	1.076399	1.854427
5892	-705.9321	-876.3609	170.4288	0.6626297	0.8292354	1.203753	1.316028
5898	-703.8389	-873.5972	169.7582	0.7306326	1.2813	1.304001	1.363689
5904	-714.2217	-884.4514	170.2297	0.6462676	1.129359	0.8440278	1.527867
5910	-701.369	-871.2142	169.8453	0.991503	1.129359	1.288557	1.218213
5916	-712.4232	-882.4254	170.0022	0.6390022	1.525815	0.944499	1.336142
5922	-716.1593	-886.3205	170.1612	0.7855989	0.9200328	1.305593	1.284535
5928	-726.1389	-896.7851	170.6463	0.5283536	0.9200328	1.20171	1.149583
5934	-719.7705	-890.1552	170.3847	0.5925173	0.9200328	1.082707	1.422296
5940	-723.2356	-892.1894	168.9538	0.962466	1.637865	1.091315	1.700957
5946	-719.5603	-888.8673	169.307	0.9373268	1.402828	1.516219	1.299474
5952	-711.2935	-881.2333	169.9398	0.8736116	1.402828	0.8510068	1.376025
5958	-722.3578	-891.6755	169.3177	0.8669943	1.402828	1.03522	1.705567
5964	-710.1571	-880.3614	170.2042	0.6641574	1.168368	1.03522	1.359375
5970	-699.9878	-870.1995	170.2117	0.6016689	1.17701	1.148598	1.29855
5976	-705.7402	-875.5887	169.8485	0.5973564	1.560225	1.248257	1.215137
5982	-701.337	-871.7799	170.4429	0.6174747	0.8390392	1.320821	1.232295
5988	-703.5929	-873.3717	169.7788	0.6174747	1.619167	1.320821	1.151216
5994	-713.3782	-883.3617	169.9836	0.6904519	1.284573	1.041877	1.418945
6000	-718.7197	-888.7808	170.0611	0.6905836	1.147492	1.714186	0.8623644
6006	-722.2176	-892.1229	169.9053	0.7037668	1.082037	1.658866	1.129205
6012	-719.8787	-889.9291	170.0504	0.6169322	1.102723	0.9775076	1.5995
6018	-727.59	-896.9331	169.3432	1.030317	1.369634	1.283835	1.406641
6024	-715.953	-886.0604	170.1074	0.6470671	1.13128	1.234521	1.318982
6030	-721.4462	-891.1339	169.6878	1.310702	0.7731472	1.361559	1.318982
6036	-708.5535	-878.6362	170.0826	0.7753653	1.083623	1.065374	1.415799
6042	-707.2258	-876.8634	169.6376	0.8543112	0.9772383	1.299515	1.595739
6048	-714.8443	-884.599	169.7547	0.8115934	1.322606	1.282249	1.289494
6054	-715.9136	-885.9238	170.0102	0.6594726	1.317501	1.373096	1.119408
6060	-709.8266	-879.3507	169.5241	0.6144052	1.426646	1.828396	1.08735
6066	-719.0459	-888.5642	169.5183	0.7763668	1.635714	1.454647	1.121556
6072	-713.2033	-882.6807	169.4774	0.772401	1.635714	0.7485327	1.706982
6078	-730.7444	-900.5838	169.8395	0.772401	1.019384	1.1176	1.608607
6084	-713.306	-883.0194	169.7134	0.8956237	1.286563	1.282173	1.284212
6090	-718.0985	-888.6698	170.5712	0.7928109	0.6827265	1.082109	1.313347
6096	-720.5135	-890.8264	170.3129	0.6745339	0.8751671	0.8813515	1.60713
6102	-723.7892	-893.4393	169.65	0.7736956	1.515404	1.555277	1.009649
6108	-715.9172	-885.9641	170.0469	0.7896283	1.178346	1.1473	1.293721
6114	-726.0301	-895.6748	169.6448	0.8440614	1.47654	1.257867	1.252857
6120	-729.147	-899.0735	169.9265	0.6428442	1.218119	1.188184	1.432959
6126	-717.092	-887.2211	170.1291	0.8302098	0.8790813	0.8015919	1.687687
6132	-718.7255	-888.5855	169.86	0.8302098	1.131305	0.8191844	1.687687
6138	-716.743	-886.7704	170.0274	0.4996591	1.469643	1.036406	1.368723
6144	-719.8389	-890.2545	170.4155	0.4119165	0.9106021	0.960445	1.578353
6150	-722.4192	-892.2229	169.8037	0.8359132	1.111904	0.9356667	1.654492
6156	-716.0322	-886.4437	170.4115	0.6116832	1.111904	1.048178	1.263202
6162	-722.6124	-892.5207	169.9082	0.5885339	1.265689	1.842952	0.8571558
6168	-731.8645	-901.9617	170.0972	0.7854478	1.160638	1.427295	1.020982
6174	-723.1961	-892.748	169.5519	1.158132	1.155286	1.364675	1.239624
6180	-720.2113	-889.3118	169.1005	1.158132	1.660856	1.456273	1.134697
6186	-701.8689	-872.1384	170.2695	0.5184308	1.05466	1.444275	1.155213
6192	-712.8397	-882.7383	169.8986	0.4880559	1.225819	1.499903	1.294288
6198	-715.6371	-885.6963	170.0591	0.8177518	1.16992	1.356903	1.085607
6204	-714.3148	-884.2675	169.9528	0.7801427	1.277455	1.444593	1.037955
6210	-703.942	-874.1709	170.2288	0.6806786	1.10127	1.029879	1.384972
6216	-715.266	-885.6336	170.3677	0.4941204	0.9384401	1.176736	1.40271
6222	-723.5878	-893.7314	170.1436	0.6992239	1.377498	1.115214	1.146995
6228	-707.0695	-877.277	170.2075	0.6775738	1.217394	0.9795601	1.353093
6234	-713.9951	-884.0282	170.0331	0.5895565	1.217394	1.436411	1.18189
6240	-711.6217	-881.347	169.7254	0.7559995	1.771954	0.8752095	1.348256
6246	-717.7741	-887.4139	169.6398	0.8448199	1.41893	1.189459	1.355996
6252	-719.2692	-888.8336	169.5643	0.9271067	1.285234	1.312037	1.355996
6258	-727.3199	-896.7801	169.4602	0.8964392	1.660773	0.9938973	1.433338
6264	-727.3653	-897.4625	170.0972	0.6614505	0.9600631	0.8354638	1.741705
6270	-731.2397	-901.0524	169.8127	0.841716	1.340711	1.192114	1.277341
6276	-728.2407	-898.2286	169.9879	0.841716	1.323032	0.8465052	1.426216
6282	-715.5699	-885.8139	170.244	0.841716	0.8865894	0.9984809	1.44472
6288	-722.8218	-892.7163	169.8945	1.055115	1.126712	1.143798	1.247265
6294	-717.8028	-887.4264	169.6236	0.6300739	2.144935	1.08815	1.079559
6300	-713.9494	-883.7287	169.7793	0.8450488	1.49017	1.091918	1.267519
6306	-709.8098	-879.3787	169.5689	0.6077143	1.27639	1.091918	1.744678
6312	-709.4626	-879.6416	170.179	0.5304728	1.333891	1.242581	1.163244
6318	-711.0296	-880.8205	169.7909	0.5304728	1.423058	1.146602	1.48444
6324	-717.4823	-886.9631	169.4808	0.7702751	1.658717	1.239268	1.323111
6330	-714.5676	-884.9314	170.3638	0.6690096	1.025875	1.239268	1.172329
6336	-715.4202	-885.058	169.6378	0.7632765	1.609235	1.210431	1.260835
6342	-722.5247	-892.344	169.8193	0.6743168	1.609235	1.341614	1.058335
6348	-720.0511	-889.7563	169.7052	0.9662633	1.267114	1.434411	1.116463
6354	-716.0313	-885.6256	169.5943	0.8007789	1.267114	1.434411	1.348052
6360	-717.0033	-886.7897	169.7864	0.5808644	1.493775	1.434411	1.173029
6366	-723.1874	-892.5442	169.3568	1.030748	1.493775	1.049939	1.484661
6372	-726.7319	-897.2188	170.4869	0.5670252	0.9794369	1.251206	1.169356
6378	-713.4433	-883.5015	170.0582	0.935091	1.13946	0.9867398	1.329535
6384	-723.6963	-893.6367	169.9404	0.9827969	1.029549	0.8578713	1.565502
6390	-717.7204	-887.9481	170.2277	0.7411431	1.029549	1.044272	1.386788
6396	-709.1987	-879.5137	170.3151	0.7330977	0.9883212	0.8892932	1.476254
6402	-718.8222	-889.3467	170.5245	0.6889404	0.8246353	0.8598515	1.493932
6408	-719.8012	-889.7032	169.9021	0.3450347	1.479572	1.019957	1.504734
6414	-725.0931	-895.7378	170.6447	0.2969873	1.224269	1.019957	1.079991
6420	-721.931	-891.351	169.4199	0.2969873	2.39396	1.31536	0.9810389
6426	-719.938	-890.3416	170.4036	0.8495243	0.8280931	1.396091	1.014256
6432	-717.0644	-886.4039	169.3395	0.9421599	1.22528	1.692687	1.265269
6438	-721.9095	-891.3535	169.444	0.556377	1.879193	1.202831	1.37472
6444	-710.8107	-880.8758	170.0651	0.556377	1.48388	1.299289	1.068629
6450	-716.4358	-886.0126	169.5767	0.8987061	1.373762	1.299289	1.310435
6456	-714.9952	-884.9392	169.944	0.6978036	1.076619	1.179258	1.495572
6462	-712.761	-882.4968	169.7359	0.9236996	1.389069	1.347188	1.099291
6468	-716.1148	-886.713	170.5982	0.6368965	0.8616301	1.080471	1.270774
6474	-717.2324	-887.4695	170.2371	0.4732613	0.9555983	1.181726	1.49451
6480	-717.386	-886.8871	169.5011	0.7280416	1.501903	0.9557626	1.660655
6486	-713.2246	-882.9618	169.7373	0.7280416	1.375342	0.9600686	1.573446
6492	-717.8968	-887.7817	169.8849	0.5320523	1.171068	1.68584	1.171086
6498	-728.0632	-897.3028	169.2396	0.7440398	1.49771	1.117874	1.72333
6504	-714.037	-883.9128	169.8758	0.6351754	1.128435	0.937904	1.72333
6510	-715.9891	-886.6507	170.6617	0.6351754	0.7704596	0.8247587	1.492556
6516	-716.1618	-885.7247	169.5629	0.6351754	1.33542	1.040678	1.7284
6522	-717.4663	-886.426	168.9597	1.009504	1.730079	0.9162272	1.7284
6528	-725.9529	-894.8023	168.8494	0.8685238	1.624734	1.049879	1.875465
6534	-729.7915	-899.117	169.3255	0.7662219	1.514866	1.036358	1.693897
6540	-727.2694	-897.1388	169.8694	0.6373075	1.207717	0.7347208	1.813489
6546	-717.0946	-886.603	169.5084	1.059416	1.335258	0.9848106	1.511488
6552	-709.9682	-880.4344	170.4662	0.6566364	0.8394898	1.314331	1.18887
6558	-714.71	-885.2883	170.5783	0.8256026	0.7916631	1.107385	1.173779
6564	-723.6229	-893.1442	169.5212	0.9002097	1.264331	1.075983	1.602723
6570	-719.9564	-889.7416	169.7853	0.5482912	1.34138	0.9432723	1.68513
6576	-725.7932	-895.6656	169.8725	1.30615	0.9178079	1.024486	1.330785
6582	-721.8908	-892.3748	170.484	0.5840299	1.162892	1.024486	1.198369
6588	-723.9988	-893.5839	169.5852	1.205539	0.9810654	1.537398	1.172084
6594	-709.3427	-879.0594	169.7167	0.7544049	1.426111	1.335563	1.240384
6600	-711.5927	-881.2474	169.6547	0.8233039	1.426111	1.295968	1.26944
6606	-716.2498	-886.1245	169.8747	1.110229	1.142012	1.20246	1.153867
6612	-714.0877	-883.1356	169.048	1.185232	1.454352	0.8550071	1.764638
6618	-711.5358	-881.1902	169.6544	0.8360922	1.454352	0.8778296	1.563037
6624	-709.1217	-878.924	169.8023	0.8360922	1.454352	0.9110741	1.426909
6630	-720.879	-890.4379	169.559	0.853796	1.453685	1.314919	1.286449
6636	-724.2909	-893.9641	169.6732	0.7276256	1.11526	1.106169	1.69793
6642	-719.2005	-889.0128	169.8123	0.9740135	1.11526	1.410559	1.168685
6648	-713.8798	-883.443	169.5632	0.9740135	1.282801	1.063606	1.513464
6654	-711.6744	-881.4322	169.7578	0.9585873	1.282801	1.063606	1.376431
6660	-719.7779	-889.2867	169.5089	0.7064254	1.833571	1.008441	1.407518
6666	-723.0262	-893.6872	170.661	0.4326252	0.9403294	1.008441	1.32652
6672	-723.9552	-893.9243	169.9691	0.8032752	1.118956	1.266005	1.297571
6678	-721.5847	-891.852	170.2673	0.8126645	0.8757398	1.557473	0.9781558
6684	-726.3007	-896.3791	170.0784	0.9422485	0.8757398	1.399443	1.182353
6690	-718.8534	-889.0189	170.1655	0.9422485	1.030415	1.236396	1.112882
6696	-709.5954	-879.7969	170.2015	0.8404785	0.9064821	1.143214	1.350665
6702	-712.1632	-882.2566	170.0934	0.9079181	0.9339415	0.7522457	1.654649
6708	-713.9931	-883.9362	169.9431	0.5191486	1.437006	1.289843	1.246701
6714	-714.0104	-884.0014	169.991	0.8485037	1.09068	1.387348	1.163226
6720	-711.6361	-881.3035	169.6674	1.201953	1.119707	1.388209	1.111633
6726	-708.4231	-877.8109	169.3878	1.132021	1.598471	1.468322	0.9233989
6732	-710.3851	-880.5094	170.1243	0.7194091	1.056317	0.9251758	1.550752
6738	-718.4147	-888.7883	170.3736	0.9630293	1.100168	0.9251758	1.124387
6744	-727.2801	-897.0229	169.7428	0.8191855	1.158252	0.9552474	1.662893
6750	-733.2914	-903.4869	170.1955	0.8096279	1.362623	0.8787387	1.228133
6756	-729.7071	-899.3294	169.6223	0.5820795	1.581947	1.038142	1.551547
6762	-713.5411	-883.3089	169.7678	1.039142	1.019447	1.300584	1.323248
6768	-713.8246	-883.3743	169.5497	0.8821262	1.412903	0.9112622	1.610633
6774	-716.0533	-885.8486	169.7953	0.769848	1.042848	0.8094103	1.842041
6780	-718.5471	-887.6831	169.1359	0.7488795	1.691085	0.8682574	1.842041
6786	-709.2709	-879.0399	169.7691	0.824771	1.425566	0.9483792	1.453199
6792	-712.7806	-882.2543	169.4737	0.994231	1.268399	0.9569389	1.652341
6798	-711.1465	-881.0059	169.8594	0.5566619	1.579491	1.481698	1.004941
6804	-708.1405	-877.604	169.4634	0.8897084	1.658651	1.199477	1.274541
6810	-709.2783	-879.0607	169.7824	0.7700041	1.588518	0.8355684	1.453286
6816	-713.5402	-883.5701	170.0299	1.037559	0.8453475	1.047113	1.453286
6822	-720.0652	-889.8563	169.7911	1.037559	1.186993	1.209215	1.24381
6828	-718.7793	-889.0528	170.2735	0.5764972	0.9489437	1.298955	1.326986
6834	-721.21	-890.8445	169.6346	0.9296471	1.436406	1.124306	1.331828
6840	-721.0628	-891.0271	169.9644	1.109418	1.073839	1.170976	1.163068
6846	-719.9327	-889.3484	169.4157	1.244836	1.260422	1.10601	1.405389
6852	-713.7667	-884.0541	170.2874	0.9728135	0.7528227	1.021721	1.393453
6858	-712.57	-882.4336	169.8636	0.7294453	1.560534	1.425824	0.9224872
6864	-713.6623	-883.97	170.3077	0.554579	1.07916	1.596727	0.9224872
6870	-708.312	-878.4396	170.1276	0.5130504	1.199104	1.686806	0.9224872
6876	-704.2166	-874.4556	170.239	0.5285413	1.199104	1.073793	1.3635
6882	-701.1636	-871.1167	169.9531	0.5068703	1.199104	1.429083	1.31957
6888	-711.8995	-881.8727	169.9732	0.7425573	1.184768	1.063665	1.448153
6894	-733.289	-902.6522	169.3632	0.6794701	1.788025	1.006296	1.567686
6900	-736.1343	-906.7927	170.6583	0.7425573	0.841837	0.8588679	1.339677
6906	-719.6939	-889.5523	169.8583	1.001136	0.8636821	0.7307739	1.81849
6912	-724.2568	-893.3606	169.1038	0.8391253	1.702425	0.772654	1.8627
6918	-711.5141	-881.7488	170.2347	0.8391253	0.8962512	0.772654	1.614255
6924	-726.3837	-896.0609	169.6772	0.5968874	1.272218	0.8754263	1.828793
6930	-728.8928	-898.7165	169.8237	0.4674927	1.529435	0.5970915	1.811416
6936	-724.2541	-894.0899	169.8358	0.4635063	1.529435	1.225314	1.342471
6942	-733.7701	-904.4948	170.7247	0.6855327	0.879185	1.075904	1.113542
6948	-728.1324	-897.8229	169.6905	0.7534133	1.46	1.166591	1.373274
6954	-719.2637	-889.1204	169.8568	0.6497793	1.17489	0.9387927	1.694681
6960	-716.1008	-885.7502	169.6494	0.7472395	1.201231	0.9387927	1.759521
6966	-725.409	-894.9068	169.4978	0.8309693	1.761423	0.9435602	1.423354
6972	-732.684	-902.6802	169.9962	1.00506	0.8383006	1.130882	1.445117
6978	-729.5423	-899.5906	170.0483	0.6203417	1.120389	1.500853	1.173984
6984	-718.4164	-887.3567	168.9403	0.9232003	2.191624	0.8232553	1.588401
6990	-715.2231	-885.1119	169.8888	0.7218521	1.638069	0.9895431	1.246445
6996	-723.1592	-892.596	169.4369	1.071627	1.437082	0.8148581	1.608537
7002	-719.8798	-889.6797	169.7998	0.8899439	1.134095	1.057371	1.513256
7008	-725.6347	-895.6321	169.9974	0.8826232	0.9880204	1.181412	1.384447
7014	-713.4625	-883.2488	169.7863	0.7312519	1.035409	1.094595	1.679959
7020	-713.3734	-883.5002	170.1268	0.7644005	1.016698	1.114333	1.403554
7026	-723.4642	-892.9605	169.4964	0.7142012	1.18778	0.8906918	1.927909
7032	-713.3366	-882.6752	169.3385	0.7142012	1.840509	0.8285656	1.657822
7038	-719.7296	-889.9326	170.203	0.6164162	1.058097	0.8285656	1.629389
7044	-737.6606	-907.3029	169.6423	0.7771973	1.365106	0.9829326	1.599113
7050	-723.6101	-893.3831	169.773	0.9442939	1.108453	1.146025	1.444916
7056	-716.7119	-886.8784	170.1665	0.6604245	1.084687	0.9099194	1.549571
7062	-705.707	-875.0289	169.322	0.9201534	1.475842	0.9882881	1.649076
7068	-709.693	-879.8716	170.1786	0.6449387	1.037708	0.9882881	1.527409
7074	-714.7317	-883.9416	169.2099	0.8294356	1.99807	1.135335	1.338869
7080	-709.4741	-879.32	169.8459	0.710229	1.267125	1.161288	1.432115
7086	-717.2973	-886.6819	169.3846	0.9757787	1.414024	1.12916	1.50218
7092	-710.7081	-879.7523	169.0442	1.547129	1.358047	1.12916	1.3781
7098	-716.5725	-886.1192	169.5466	0.7904444	1.091349	1.162892	1.721748
7104	-716.1582	-885.3337	169.1755	1.679681	1.159826	1.474389	1.030677
7110	-713.6157	-883.239	169.6233	0.6361118	1.418216	0.9839832	1.668939
7116	-710.1396	-879.5398	169.4003	0.8461499	1.729316	0.9275111	1.519786
7122	-712.9519	-883.0904	170.1384	0.7763143	1.017373	0.9776826	1.489869
7128	-701.2661	-871.7461	170.48	0.660417	0.8907361	1.449072	1.002114
7134	-706.8921	-876.6193	169.7272	0.844273	1.33223	1.359551	1.213624
7140	-708.1925	-878.7058	170.5133	0.7320215	0.6331115	1.043115	1.4686
7146	-718.725	-887.9948	169.2698	1.025111	1.427769	0.8958218	1.709751
7152	-723.6038	-892.5611	168.9574	0.9704098	1.293259	0.9609471	2.005049
7158	-712.7892	-882.564	169.7748	0.758608	1.293259	1.008311	1.547352
7164	-728.7969	-898.1928	169.396	0.909953	1.733237	0.9896972	1.425449
7170	-713.4256	-882.867	169.4415	1.211404	0.9890405	1.35633	1.425449
7176	-716.3083	-886.2085	169.9003	1.040712	0.9890405	1.066965	1.425449
7182	-726.4034	-896.1294	169.726	1.220735	0.89338	1.359184	1.265253
7188	-737.9181	-907.7016	169.7835	1.415159	0.8955647	1.044346	1.319901
7194	-718.1186	-887.3781	169.2595	1.096265	1.577726	1.479535	1.094139
7200	-719.5452	-889.4193	169.8741	0.570081	1.577726	1.440645	1.022538
7206	-708.3603	-878.1037	169.7434	0.6389847	1.505041	1.15854	1.386833
7212	-705.0604	-874.4708	169.4104	1.069938	1.405871	1.2347	1.333922
7218	-705.9351	-876.3684	170.4332	0.4084679	1.129401	1.184989	1.21956
7224	-714.6667	-885.0098	170.3431	0.9254218	0.800043	0.9546935	1.403711
7230	-716.5279	-887.1561	170.6282	0.5613444	0.8056877	0.9546935	1.438932
7236	-724.156	-894.2119	170.0559	0.8801172	0.979928	1.411814	1.154472
7242	-714.4344	-884.274	169.8396	0.8547733	1.215435	1.137631	1.386852
7248	-717.6261	-887.6316	170.0055	0.8406591	1.215435	1.255816	1.164321
7254	-734.2984	-904.4133	170.115	0.6489309	1.215435	1.480375	1.0226
7260	-728.7419	-898.6569	169.9151	0.9289175	1.390512	0.9286313	1.299252
7266	-721.7377	-891.3736	169.6358	1.22515	0.8878986	1.073976	1.557376
7272	-714.8585	-885.3517	170.4932	0.779069	0.916964	1.120377	1.168495
7278	-708.9452	-878.6578	169.7125	0.9091567	1.286571	1.104506	1.415383
7284	-708.6943	-878.8071	170.1127	0.5236968	1.478035	0.7601303	1.497448
7290	-706.9542	-876.8914	169.9372	0.6913228	1.361749	0.8088473	1.572217
7296	-710.7795	-880.3377	169.5582	0.5289529	1.688134	0.8570058	1.687344
7302	-705.7016	-876.0575	170.3559	0.4056347	0.9024261	1.301194	1.372942
7308	-704.3802	-874.1768	169.7966	0.7210331	1.366673	1.064767	1.462158
7314	-707.0954	-876.7801	169.6848	0.8266499	1.243673	1.222169	1.441173
7320	-709.2887	-879.0712	169.7826	0.6686419	1.370503	1.051005	1.51643
7326	-715.1017	-885.3961	170.2944	0.8277364	1.071522	1.051005	1.225584
7332	-713.6004	-883.6415	170.0411	0.9654691	1.039083	0.9007862	1.464119
7338	-709.9577	-879.2996	169.3419	0.752001	1.608136	1.017942	1.643369
7344	-712.4362	-881.9637	169.5275	1.129392	1.375458	1.180857	1.257872
7350	-710.9187	-880.6462	169.7276	1.082242	1.270638	1.296781	1.112779
7356	-710.0129	-879.9343	169.9215	0.6220215	1.314947	1.216026	1.355395
7362	-713.5035	-882.9802	169.4767	1.014283	1.314947	1.084343	1.509171
7368	-718.0909	-887.4093	169.3184	0.9946556	1.698837	1.301206	1.192357
7374	-722.3959	-891.448	169.0521	1.099768	1.683434	1.301206	1.337355
7380	-715.9009	-885.9659	170.065	0.7826418	1.103899	1.155699	1.337355
7386	-711.9626	-881.9746	170.012	0.7141706	1.286752	1.075384	1.351754
7392	-718.9534	-889.1775	170.224	0.8155123	1.00784	0.8133172	1.527493
7398	-736.9514	-906.9894	170.038	0.6393888	1.265322	0.800606	1.60655
7404	-721.1333	-890.9441	169.8108	0.6878757	1.459923	0.79776	1.60655
7410	-728.2149	-898.2398	170.0249	0.5676251	1.611536	1.139374	1.135564
7416	-728.6411	-898.588	169.9469	0.7337057	1.159195	1.587299	1.06053
7422	-711.0444	-880.4446	169.4002	1.171244	1.281185	1.587299	1.055339
7428	-711.0462	-880.4649	169.4187	1.243842	1.549127	0.942622	1.31536
7434	-709.0094	-878.6497	169.6403	1.135402	1.250753	1.168439	1.26988
7440	-719.3152	-889.664	170.3488	0.7667693	0.9651013	1.131651	1.251051
7446	-726.5369	-896.8153	170.2784	0.669432	0.7887791	1.227468	1.441571
7452	-710.1684	-880.3844	170.216	0.8716026	0.7887791	0.8810294	1.602505
7458	-710.6191	-880.1714	169.5523	0.8245183	1.528129	1.32523	1.249535
7464	-720.8723	-890.4683	169.596	0.8468848	1.994273	1.003824	1.11161
7470	-726.8708	-896.6653	169.7944	0.8523132	1.044607	0.7184862	1.848704
7476	-724.2541	-894.4418	170.1876	0.590051	1.044607	1.068587	1.489819
7482	-736.4614	-905.507	169.0456	1.268059	1.35529	1.382454	1.389011
7488	-723.7307	-894.096	170.3654	0.8439879	0.8901192	1.196119	1.181992
7494	-716.1143	-885.9649	169.8506	0.7980894	1.18549	1.346751	1.278668
7500	-726.6264	-896.4538	169.8274	0.7175266	0.9858684	1.346751	1.51173
7506	-716.3476	-886.3413	169.9937	0.6115733	1.23277	0.9796144	1.548506
7512	-708.1941	-878.3101	170.116	0.6075117	1.356903	1.158152	1.220479
7518	-720.5077	-890.2861	169.7784	0.7236344	1.450693	1.157867	1.339769
7524	-716.056	-885.6984	169.6424	0.5297455	1.612578	1.342661	1.309919
7530	-719.4214	-890.1097	170.6883	0.6963549	0.7251245	1.342661	1.028246
7536	-719.4228	-890.0105	170.5877	0.5256706	1.042522	0.9901804	1.276858
7542	-718.0545	-887.5714	169.5169	0.9552196	1.290429	1.34685	1.339718
7548	-712.8077	-883.1124	170.3047	0.745102	1.058764	1.049327	1.295054
7554	-718.0012	-887.9552	169.9541	0.745102	1.053697	1.129783	1.509205
7560	-723.733	-893.3719	169.6389	1.055638	1.053697	0.8956499	1.685983
7566	-722.6066	-892.0287	169.4221	1.055638	1.421672	1.294447	1.275377
7572	-720.7751	-889.9901	169.2149	1.25673	1.572607	1.057516	1.358901
7578	-712.895	-882.8894	169.9944	0.8308272	1.257458	1.156206	1.232256
7584	-716.6982	-886.6648	169.9666	0.8308272	1.257761	0.8373231	1.505579
7590	-719.5971	-890.1133	170.5162	0.6423207	1.011358	1.080969	1.210198
7596	-725.4004	-895.1975	169.7971	0.6989844	1.131432	1.492343	1.323631
7602	-723.7996	-893.4724	169.6728	0.6842586	1.169731	1.809025	1.140844
7608	-711.396	-881.5031	170.1071	0.8023007	1.094794	1.201889	1.257404
7614	-719.1661	-889.793	170.6269	0.6422443	0.7802257	1.142908	1.257404
7620	-719.4885	-889.392	169.9035	0.9081415	0.9561905	1.142908	1.490931
7626	-714.3485	-884.5761	170.2276	0.6627612	0.9279289	1.272765	1.343525
7632	-705.1573	-874.9567	169.7994	0.6627612	1.339966	1.212405	1.407255
7638	-720.2639	-890.3096	170.0457	0.8677193	1.020819	0.7981553	1.62219
7644	-710.2616	-880.0849	169.8233	0.6083824	1.535909	1.065997	1.394443
7650	-722.9929	-893.1412	170.1483	0.7209731	1.332533	0.8475345	1.383935
7656	-713.9362	-883.5093	169.5731	1.401551	1.030616	1.272651	1.204146
7662	-721.6488	-891.1351	169.4863	1.047906	1.474048	1.279001	1.199354
7668	-714.2639	-883.9776	169.7137	0.7764736	1.389666	0.8983555	1.592066
7674	-720.8874	-890.5086	169.6212	1.087985	1.38058	0.6703257	1.606862
7680	-720.3486	-889.0901	168.7416	1.274401	1.505019	1.336669	1.542009
7686	-728.1784	-897.9312	169.7528	1.131686	0.9515263	1.006766	1.542009
7692	-734.4576	-904.088	169.6304	1.131686	0.9616328	1.206752	1.476447
7698	-745.7931	-915.4136	169.6205	1.002924	1.232883	1.075425	1.476447
7704	-732.6485	-902.413	169.7645	0.5385966	1.610693	1.017267	1.465397
7710	-738.1573	-907.7564	169.5991	0.6065182	0.8432393	0.8130332	2.200463
7716	-719.8144	-889.4707	169.6563	0.6191392	1.151497	1.300526	1.614553
7722	-723.155	-892.8864	169.7314	0.8802087	1.503139	1.090926	1.269151
7728	-716.9907	-886.8463	169.8556	0.7409115	1.358261	0.8512408	1.569639
7734	-705.0116	-874.8258	169.8141	0.4021322	1.775813	1.181439	1.231456
7740	-708.9857	-879.1686	170.1829	0.6107279	1.182783	1.245387	1.231456
7746	-707.1363	-876.3432	169.2069	1.069496	1.550658	1.027502	1.544769
7752	-712.2337	-882.0125	169.7787	1.03545	1.060339	0.8969381	1.594162
7758	-718.7724	-888.5926	169.8202	0.7797492	1.128833	1.014676	1.612946
7764	-728.036	-897.5486	169.5125	0.9524428	1.558523	0.8886694	1.502252
7770	-736.6521	-906.0301	169.3781	1.182812	1.170975	1.234607	1.450008
7776	-729.1027	-899.7619	170.6592	0.396197	1.022613	1.15324	1.145918
7782	-734.3969	-903.7719	169.375	0.6698609	1.245661	0.8881921	1.999962
7788	-721.9234	-891.0903	169.1669	0.9094934	1.469385	0.9664218	1.785675
7794	-720.4991	-890.3543	169.8552	0.513188	1.072433	1.161563	1.685463
7800	-716.3623	-886.1164	169.7541	0.6968157	1.416807	1.216991	1.357379
7806	-715.4399	-885.2794	169.8395	0.7258746	1.185153	1.200886	1.457097
7812	-708.3683	-877.8988	169.5305	0.7091668	1.521455	1.112546	1.524447
7818	-712.6333	-882.3571	169.7238	0.6340996	1.549302	1.045712	1.460356
7824	-708.2878	-877.9227	169.6348	1.236952	0.9720557	1.090573	1.474495
7830	-708.8273	-878.2946	169.4673	0.9214296	1.440738	1.23299	1.381474
7836	-723.1287	-892.0373	168.9086	1.639863	1.324109	1.088067	1.473701
7842	-720.3923	-889.8786	169.4863	0.7404147	1.692768	1.053588	1.461882
7848	-724.6855	-894.936	170.2504	0.7524956	1.00241	0.9488779	1.455466
7854	-719.3091	-888.8017	169.4926	0.906294	1.66428	0.9488779	1.433059
7860	-725.3339	-895.6763	170.3423	0.5836656	0.8709722	0.9443323	1.599135
7866	-726.6323	-896.3945	169.7622	0.7912571	1.099166	0.7366246	1.861963
7872	-717.0753	-886.6065	169.5312	0.8300727	1.177829	0.9507376	1.793826
7878	-714.4375	-883.5953	169.1578	1.162305	1.876983	0.8100348	1.455721
7884	-718.8383	-887.9244	169.0861	0.918239	1.826486	0.9307638	1.632105
7890	-713.4187	-883.0051	169.5864	0.918239	1.104354	0.9307638	1.759351
7896	-724.4876	-895.1056	170.618	0.6496466	0.7730931	0.9307638	1.43372
7902	-717.0071	-886.569	169.562	1.005405	1.390377	1.034972	1.43372
7908	-718.7444	-888.775	170.0306	1.005405	1.235886	0.9368787	1.257841
7914	-721.3879	-890.7102	169.3223	0.8020003	1.729168	1.105037	1.477582
7920	-712.4274	-882.0354	169.6081	0.9228966	1.189521	0.8927344	1.708244
7926	-710.4467	-880.2005	169.7537	0.4640251	1.599488	1.472818	1.14971
7932	-721.0507	-890.4754	169.4248	0.4640251	2.030867	0.984292	1.502562
7938	-703.9407	-874.3627	170.4219	0.7215157	1.069036	1.111321	1.153575
7944	-717.8852	-887.8587	169.9735	0.9693794	1.069036	0.9033699	1.487733
7950	-716.6874	-886.1987	169.5112	0.8187941	1.377291	0.9876465	1.652785
7956	-721.0373	-891.0724	170.0351	0.5760485	1.124229	0.8108945	1.737724
7962	-723.6769	-893.1968	169.5198	0.8364726	1.342764	0.750009	1.824716
7968	-720.2077	-890.2442	170.0365	0.6741	1.342764	0.811284	1.522067
7974	-708.5258	-878.284	169.7582	1.130533	1.059601	0.9833409	1.475539
7980	-709.8362	-880.0055	170.1692	0.563629	1.415001	1.086672	1.21826
7986	-715.6881	-885.4988	169.8107	0.7749226	1.166485	1.015942	1.595231
7992	-730.5618	-900.4144	169.8526	0.7638788	0.9014768	0.9301286	1.820647
7998	-714.5792	-884.1905	169.6113	1.037638	1.255354	0.9293141	1.550134
