Iteration	Posterior	Likelihood	Prior	tree_length
0	-623.831	-797.2426	173.4115	0.916012
6	-630.4809	-803.9327	173.4518	0.8702567
12	-631.342	-804.4166	173.0746	1.233089
18	-625.0142	-798.1789	173.1647	1.155645
24	-620.6007	-793.8498	173.2491	1.079181
30	-623.5784	-796.5709	172.9925	1.300893
36	-620.6632	-793.6557	172.9925	1.300893
42	-626.6668	-799.5355	172.8686	1.399334
48	-624.8755	-797.6853	172.8098	1.444678
54	-622.9893	-796.409	173.4197	0.9070035
60	-621.4003	-794.8354	173.4351	0.8896534
66	-623.1394	-796.1009	172.9615	1.325943
72	-615.8031	-789.0024	173.1994	1.124734
78	-616.7238	-789.7547	173.0308	1.269551
84	-611.0991	-784.3115	173.2124	1.112941
90	-614.6991	-787.6787	172.9796	1.311393
96	-621.0322	-794.2736	173.2414	1.086358
102	-615.8316	-788.8635	173.0319	1.268674
108	-620.1379	-793.3311	173.1932	1.130257
114	-625.8922	-799.1847	173.2925	1.038114
120	-624.0698	-796.9946	172.9248	1.355222
126	-625.028	-797.9528	172.9248	1.355222
132	-625.5085	-798.8303	173.3218	1.009481
138	-635.2412	-808.4538	173.2126	1.112761
144	-620.7838	-793.9644	173.1805	1.14158
150	-608.8336	-782.0729	173.2393	1.088299
156	-617.094	-790.2302	173.1362	1.180542
162	-609.2256	-782.5925	173.3669	0.9637036
168	-611.4849	-784.7844	173.2996	1.031219
174	-609.6652	-782.8506	173.1854	1.13728
180	-613.119	-786.419	173.3	1.030791
186	-618.4746	-791.6182	173.1437	1.174014
192	-612.3436	-785.4837	173.1401	1.177111
198	-623.4772	-796.9186	173.4414	0.8823143
204	-618.4664	-791.8705	173.4042	0.9240952
210	-630.8957	-804.2205	173.3248	1.006428
216	-619.5892	-792.7659	173.1767	1.144971
222	-616.6919	-789.9756	173.2836	1.046626
228	-610.1681	-783.3935	173.2253	1.101161
234	-611.1377	-784.363	173.2253	1.101161
240	-612.1654	-785.042	172.8765	1.393169
246	-621.6306	-794.5071	172.8765	1.393169
252	-620.1852	-793.4474	173.2622	1.066962
258	-629.9333	-803.031	173.0976	1.213622
264	-620.7877	-794.0466	173.2589	1.07004
270	-627.5173	-800.7762	173.2589	1.07004
276	-623.0138	-796.3466	173.3328	0.9984485
282	-626.8997	-800.0915	173.1918	1.131488
288	-621.0542	-794.1165	173.0623	1.243426
294	-618.78	-792.0225	173.2425	1.085331
300	-618.3714	-791.5676	173.1962	1.127577
306	-629.1698	-802.4433	173.2735	1.056261
312	-637.6677	-810.9293	173.2616	1.067545
318	-632.8356	-805.9715	173.1359	1.180797
324	-634.9193	-808.0552	173.1359	1.180797
330	-632.58	-805.5705	172.9905	1.302542
336	-629.6688	-802.8489	173.1802	1.14192
342	-622.8021	-796.1225	173.3205	1.010756
348	-623.9853	-796.9244	172.9391	1.343839
354	-629.3721	-802.711	173.3389	0.992334
360	-624.4597	-797.6565	173.1968	1.127041
366	-633.4561	-806.6529	173.1968	1.127041
372	-630.7707	-803.5866	172.8158	1.440079
378	-625.0744	-798.4862	173.4118	0.9157302
384	-628.9498	-802.1043	173.1545	1.164533
390	-616.1338	-789.2229	173.0891	1.220844
396	-616.6314	-790.0637	173.4323	0.8927577
402	-618.1846	-791.6169	173.4323	0.8927577
408	-636.7729	-810.1066	173.3337	0.9975785
414	-614.9478	-788.3136	173.3659	0.9647792
420	-612.4223	-785.5892	173.167	1.153615
426	-615.7669	-788.9913	173.2244	1.102002
432	-611.5938	-785.0076	173.4138	0.9135162
438	-612.8848	-785.9567	173.072	1.235321
444	-616.5834	-789.4073	172.8239	1.433868
450	-614.5927	-787.8149	173.2222	1.104032
456	-622.4258	-795.2618	172.836	1.424555
462	-619.8951	-792.9622	173.0671	1.239436
468	-621.5735	-794.8192	173.2457	1.082378
474	-612.673	-785.9455	173.2725	1.057198
480	-624.3921	-797.4779	173.0858	1.223688
486	-616.1225	-789.3689	173.2464	1.081754
492	-634.6611	-808.0658	173.4047	0.9235478
498	-623.683	-796.9828	173.2998	1.031013
504	-624.3591	-797.3694	173.0103	1.286459
510	-623.8417	-797.0198	173.1781	1.143703
516	-630.047	-803.3036	173.2567	1.072141
522	-630.5236	-803.8252	173.3016	1.029223
528	-631.0215	-804.1489	173.1274	1.188141
534	-625.5064	-798.6221	173.1157	1.198242
540	-631.7995	-805.2489	173.4494	0.8730652
546	-620.8386	-793.8647	173.0261	1.273486
552	-614.3263	-787.6518	173.3254	1.005827
558	-612.3403	-785.4532	173.1129	1.200607
564	-612.2348	-785.3477	173.1129	1.200607
570	-603.6641	-776.9877	173.3236	1.007644
576	-614.4408	-787.7602	173.3194	1.01183
582	-628.8756	-802.1343	173.2588	1.070165
588	-628.3967	-801.2639	172.8672	1.400424
594	-628.5495	-801.3066	172.7571	1.484682
600	-620.2177	-793.3236	173.106	1.206531
606	-620.0885	-793.3455	173.257	1.071787
612	-618.5901	-791.5649	172.9748	1.315292
618	-616.9751	-790.2186	173.2435	1.084377
624	-622.0964	-795.1997	173.1033	1.208848
630	-617.2772	-790.3805	173.1033	1.208848
636	-617.966	-791.3537	173.3877	0.9417754
642	-610.4947	-783.5157	173.021	1.277667
648	-614.702	-787.8084	173.1063	1.206222
654	-626.2414	-799.3435	173.1021	1.20986
660	-616.1638	-789.2658	173.1021	1.20986
666	-614.0651	-787.4442	173.379	0.9509926
672	-612.0801	-785.1587	173.0787	1.229686
678	-611.8942	-785.0982	173.2041	1.120495
684	-608.2279	-781.4493	173.2214	1.104763
690	-622.3103	-795.3466	173.0364	1.264987
696	-617.1288	-790.1327	173.0038	1.291697
702	-612.3967	-785.6264	173.2297	1.097153
708	-617.4523	-790.682	173.2297	1.097153
714	-613.4229	-786.7069	173.2841	1.046189
720	-609.3771	-782.592	173.2148	1.110728
726	-610.4341	-783.7773	173.3432	0.9880168
732	-620.9677	-794.1987	173.231	1.095931
738	-610.3861	-783.6953	173.3092	1.021818
744	-625.0917	-798.4315	173.3398	0.991492
750	-613.7782	-786.9503	173.1721	1.149084
756	-615.9106	-789.1353	173.2247	1.101693
762	-617.2108	-790.5632	173.3523	0.9787295
768	-615.5316	-788.8128	173.2812	1.048905
774	-625.9815	-799.2319	173.2503	1.078049
780	-622.5238	-795.8018	173.278	1.051976
786	-629.6733	-802.9513	173.278	1.051976
792	-617.5461	-790.7841	173.238	1.089465
798	-612.4639	-785.7019	173.238	1.089465
804	-620.6731	-793.8348	173.1617	1.158202
810	-619.9551	-793.1862	173.2311	1.095881
816	-620.1978	-793.4288	173.2311	1.095881
822	-615.0167	-788.016	172.9993	1.295371
828	-613.2537	-786.3792	173.1255	1.189793
834	-620.1828	-793.5488	173.366	0.9646119
840	-620.3783	-793.8133	173.4351	0.8896353
846	-622.0544	-795.0271	172.9726	1.317004
852	-617.8065	-790.8369	173.0303	1.269966
858	-617.2531	-790.453	173.1999	1.124252
864	-617.3083	-790.6902	173.382	0.9478868
870	-619.0676	-792.4819	173.4144	0.912894
876	-617.3514	-790.6781	173.3267	1.004612
882	-621.4848	-794.8957	173.4109	0.9166825
888	-616.8579	-790.2688	173.4109	0.9166825
894	-621.8275	-795.1313	173.3038	1.027077
900	-624.7642	-798.1237	173.3595	0.971387
906	-617.0548	-790.2047	173.1499	1.16859
912	-627.9701	-801.2599	173.2898	1.040665
918	-615.5142	-788.804	173.2898	1.040665
924	-607.6255	-781.0116	173.3862	0.9434416
930	-612.6838	-785.916	173.2322	1.094805
936	-629.1055	-802.442	173.3366	0.9946785
942	-629.3583	-802.6949	173.3366	0.9946785
948	-620.5806	-793.9172	173.3366	0.9946785
954	-625.6598	-798.8802	173.2204	1.105626
960	-613.2766	-786.4971	173.2204	1.105626
966	-630.1707	-803.4615	173.2908	1.039752
972	-629.7509	-802.7828	173.0319	1.268714
978	-621.9678	-795.2506	173.2828	1.047372
984	-621.2936	-794.7121	173.4185	0.90826
990	-629.7809	-803.2393	173.4584	0.8624452
996	-629.9613	-802.8202	172.8588	1.406931
1002	-624.0332	-797.3251	173.2919	1.038625
1008	-607.8261	-781.0754	173.2492	1.079075
1014	-613.9912	-787.2404	173.2492	1.079075
1020	-630.8807	-804.0012	173.1206	1.194031
1026	-628.3139	-801.4344	173.1206	1.194031
1032	-627.0128	-800.1265	173.1137	1.199908
1038	-623.4235	-796.392	172.9684	1.320382
1044	-623.2996	-796.5522	173.2526	1.075923
1050	-621.1191	-794.2393	173.1202	1.194297
1056	-614.5157	-787.8571	173.3415	0.9897386
1062	-628.0492	-801.3577	173.3085	1.022498
1068	-625.1904	-798.5975	173.4072	0.9207731
1074	-621.667	-794.7781	173.1111	1.202121
1080	-627.4346	-800.4597	173.0251	1.274284
1086	-632.8931	-805.7457	172.8527	1.411706
1092	-633.2269	-806.6438	173.4169	0.910095
1098	-628.4601	-801.5032	173.0431	1.259393
1104	-613.8829	-786.8446	172.9617	1.325792
1110	-617.4134	-790.742	173.3286	1.002696
1116	-616.8905	-790.2064	173.3158	1.015326
1122	-608.7042	-781.9444	173.2402	1.087428
1128	-609.027	-781.9738	172.9468	1.337753
1134	-615.3243	-788.554	173.2297	1.097136
1140	-623.3353	-796.2929	172.9576	1.329082
1146	-606.3542	-779.8053	173.4511	0.8711281
1152	-608.1114	-781.2017	173.0904	1.219814
1158	-612.5791	-785.6695	173.0904	1.219814
1164	-626.3795	-799.3589	172.9794	1.311552
1170	-632.4702	-805.8196	173.3494	0.9817302
1176	-630.4131	-803.614	173.2009	1.123303
1182	-626.5627	-799.9446	173.382	0.9478866
1188	-614.2317	-787.5454	173.3137	1.01743
1194	-617.1796	-790.5083	173.3287	1.002581
1200	-622.1485	-795.3811	173.2326	1.094479
1206	-619.1183	-791.9671	172.8488	1.414739
1212	-624.4147	-797.2634	172.8488	1.414739
1218	-619.7318	-792.8863	173.1545	1.164583
1224	-613.1749	-786.4505	173.2756	1.054221
1230	-612.1364	-785.3141	173.1777	1.144081
1236	-603.4462	-776.7941	173.3479	0.9832701
1242	-610.9822	-784.2175	173.2354	1.091917
1248	-618.8518	-792.1341	173.2822	1.047939
1254	-623.4012	-796.7029	173.3017	1.029164
1260	-616.3274	-789.5646	173.2372	1.090214
1266	-616.7829	-790.0263	173.2434	1.084529
1272	-617.5811	-790.9289	173.3477	0.9834176
1278	-622.7619	-796.0057	173.2438	1.084109
1284	-616.6493	-789.8953	173.2459	1.082154
1290	-618.0749	-791.1718	173.0969	1.214263
1296	-613.4074	-786.6255	173.2181	1.107755
1302	-617.2611	-790.3448	173.0837	1.225468
1308	-616.6246	-789.9921	173.3675	0.9631169
1314	-629.7816	-803.0016	173.22	1.106061
1320	-627.3075	-800.4208	173.1133	1.200291
1326	-623.0435	-796.1809	173.1374	1.179484
1332	-631.5589	-804.802	173.2431	1.084778
1338	-627.1869	-800.43	173.2431	1.084778
1344	-629.2474	-802.4316	173.1842	1.138349
1350	-615.293	-788.5723	173.2793	1.050783
1356	-620.2564	-793.6229	173.3665	0.9640967
1362	-620.4292	-793.7286	173.2995	1.031345
1368	-624.6245	-798.0227	173.3981	0.9306159
1374	-625.2405	-798.3916	173.1512	1.167483
1380	-619.8997	-792.9598	173.0601	1.2453
1386	-614.2115	-787.4056	173.1941	1.129477
1392	-615.2509	-788.5255	173.2746	1.055222
1398	-624.7924	-797.6803	172.8879	1.384264
1404	-625.5822	-798.929	173.3468	0.9843589
1410	-615.758	-788.5626	172.8046	1.448687
1416	-614.2205	-787.349	173.1284	1.187245
1422	-609.2348	-782.604	173.3692	0.9613125
1428	-615.409	-788.7782	173.3692	0.9613125
1434	-615.7583	-789.164	173.4056	0.9224935
1440	-624.1468	-797.5139	173.3671	0.9635268
1446	-615.3564	-788.7654	173.409	0.9187767
1452	-616.0956	-789.2927	173.197	1.126844
1458	-613.2329	-786.276	173.0431	1.259418
1464	-618.0332	-791.2622	173.229	1.097757
1470	-621.5109	-794.7399	173.229	1.097757
1476	-613.0567	-786.2758	173.2191	1.106859
1482	-617.9758	-791.2187	173.2429	1.084967
1488	-619.5535	-792.8566	173.303	1.027883
1494	-617.6479	-790.8957	173.2478	1.080444
1500	-620.7658	-793.9004	173.1346	1.181903
1506	-613.4753	-786.2867	172.8114	1.443465
1512	-618.4295	-791.2409	172.8114	1.443465
1518	-609.9247	-783.0632	173.1385	1.178525
1524	-611.9658	-785.0239	173.0582	1.246886
1530	-619.5704	-792.4289	172.8585	1.407222
1536	-608.9313	-782.1377	173.2064	1.118401
1542	-623.2253	-796.3089	173.0835	1.225587
1548	-614.5401	-787.6189	173.0788	1.229577
1554	-623.3431	-796.5145	173.1714	1.14967
1560	-629.2279	-802.6731	173.4452	0.8779654
1566	-627.4549	-800.683	173.2282	1.09854
1572	-629.8216	-803.0123	173.1907	1.132497
1578	-617.5306	-790.9966	173.466	0.8533564
1584	-609.3745	-782.5514	173.1769	1.1448
1590	-615.5907	-788.6935	173.1029	1.209172
1596	-621.7603	-794.7533	172.993	1.300497
1602	-626.2288	-799.2875	173.0587	1.24645
1608	-613.7919	-786.9268	173.1349	1.181659
1614	-623.9215	-797.2324	173.3109	1.020177
1620	-626.5981	-799.719	173.1209	1.193732
1626	-629.5765	-802.846	173.2695	1.06002
1632	-628.9804	-802.0843	173.1039	1.208297
1638	-615.1827	-788.3366	173.1539	1.165098
1644	-619.0659	-792.4567	173.3908	0.9385194
1650	-630.0881	-803.1929	173.1047	1.207587
1656	-627.8562	-800.9842	173.128	1.187615
1662	-625.2557	-798.5177	173.262	1.067152
1668	-616.2222	-789.6069	173.3847	0.9449782
1674	-622.7197	-795.8083	173.0886	1.221301
1680	-616.4067	-789.4197	173.013	1.284223
1686	-618.2522	-791.5103	173.2581	1.070747
1692	-618.6902	-792.0313	173.341	0.9902192
1698	-615.6533	-788.7471	173.0938	1.216924
1704	-622.9927	-796.0792	173.0865	1.223078
1710	-605.6624	-778.6328	172.9703	1.318845
1716	-605.3198	-778.4989	173.1791	1.142865
1722	-612.0833	-785.3736	173.2903	1.04022
1728	-610.3044	-783.3919	173.0875	1.222202
1734	-624.2025	-797.384	173.1815	1.140713
1740	-622.1591	-795.4626	173.3035	1.027425
1746	-621.1556	-794.3573	173.2017	1.122636
1752	-620.9158	-794.0575	173.1417	1.175757
1758	-615.535	-788.6318	173.0968	1.214312
1764	-608.0201	-781.0981	173.0779	1.230318
1770	-614.9807	-788.2713	173.2906	1.03991
1776	-622.4403	-795.68	173.2397	1.08794
1782	-631.6216	-804.8687	173.2472	1.081002
1788	-614.5574	-787.6408	173.0834	1.225693
1794	-612.938	-786.3224	173.3844	0.9453304
1800	-609.2338	-782.5278	173.294	1.036651
1806	-611.3281	-784.5486	173.2205	1.105534
1812	-623.8976	-797.1244	173.2267	1.099856
1818	-612.9333	-786.0381	173.1049	1.207481
1824	-616.1978	-789.3027	173.1049	1.207481
1830	-616.0772	-789.2034	173.1261	1.189232
1836	-612.5932	-785.7193	173.1261	1.189232
1842	-608.5577	-781.6328	173.0751	1.2327
1848	-602.1796	-775.4328	173.2532	1.075363
1854	-607.7413	-781.0002	173.2589	1.07003
1860	-605.7892	-779.0481	173.2589	1.07003
1866	-611.7081	-784.7484	173.0402	1.26179
1872	-619.8532	-793.2092	173.356	0.9749448
1878	-611.3179	-784.5898	173.2719	1.057777
1884	-608.2065	-781.3564	173.1499	1.168568
1890	-610.646	-783.9484	173.3025	1.028428
1896	-608.0789	-781.3823	173.3034	1.027509
1902	-609.5501	-782.9242	173.3741	0.9561776
1908	-609.606	-782.6517	173.0457	1.257221
1914	-612.0619	-785.2355	173.1737	1.14768
1920	-611.9515	-785.228	173.2766	1.053336
1926	-616.0809	-789.1755	173.0946	1.216243
1932	-619.4932	-792.4673	172.9741	1.31583
1938	-616.213	-789.2666	173.0536	1.250717
1944	-622.0045	-795.2385	173.234	1.093206
1950	-617.4249	-790.8416	173.4167	0.9102905
1956	-626.344	-799.6371	173.2931	1.037525
1962	-615.4705	-788.8018	173.3313	0.9999757
1968	-614.3949	-787.4674	173.0725	1.234881
1974	-612.0918	-785.0397	172.9479	1.336879
1980	-619.1627	-792.6042	173.4415	0.8822899
1986	-617.8959	-791.1404	173.2445	1.083452
1992	-621.8035	-795.0457	173.2422	1.085634
1998	-618.1646	-791.4068	173.2422	1.085634
2004	-614.2144	-787.2564	173.042	1.260337
2010	-614.135	-787.4837	173.3487	0.9824116
2016	-615.1064	-788.4551	173.3487	0.9824116
2022	-618.6343	-791.8423	173.2079	1.117005
2028	-616.1296	-789.3375	173.2079	1.117005
2034	-602.5538	-775.9153	173.3615	0.969271
2040	-612.9479	-786.0367	173.0888	1.221108
2046	-615.2786	-788.2819	173.0033	1.292137
2052	-614.8234	-787.8955	173.0721	1.235243
2058	-615.7553	-788.5116	172.7562	1.485341
2064	-606.789	-780.0744	173.2855	1.044835
2070	-604.7458	-777.8512	173.1054	1.207019
2076	-605.8439	-779.2228	173.3789	0.9511353
2082	-605.2176	-778.2022	172.9845	1.307397
2088	-597.3842	-770.4172	173.033	1.267772
2094	-606.0722	-778.9596	172.8874	1.384654
2100	-614.8328	-788.0238	173.1911	1.132186
2106	-610.8431	-783.8096	172.9665	1.321954
2112	-623.4748	-796.9335	173.4586	0.8621785
2118	-630.2661	-803.7243	173.4582	0.8626907
2124	-624.6911	-798.0552	173.3642	0.9665525
2130	-611.8171	-785.1755	173.3585	0.9724459
2136	-617.7013	-791.0055	173.3043	1.026659
2142	-630.6206	-803.7933	173.1727	1.148502
2148	-625.263	-798.3862	173.1232	1.191726
2154	-620.4669	-793.7217	173.2549	1.073808
2160	-621.9812	-794.9924	173.0112	1.285653
2166	-629.8511	-802.9613	173.1102	1.202901
2172	-625.177	-798.2227	173.0456	1.257309
2178	-626.8628	-799.6587	172.7959	1.45533
2184	-619.6483	-792.6611	173.0127	1.284436
2190	-618.2549	-791.2609	173.006	1.289927
2196	-633.5858	-806.6941	173.1083	1.204582
2202	-623.7857	-796.894	173.1083	1.204582
2208	-621.518	-794.6948	173.1768	1.144867
2214	-620.3723	-793.5999	173.2276	1.099087
2220	-617.6072	-790.8946	173.2874	1.042939
2226	-621.7017	-795.0136	173.3119	1.019216
2232	-633.4363	-806.7481	173.3119	1.019216
2238	-626.2278	-799.1985	172.9707	1.318602
2244	-623.4784	-796.7276	173.2492	1.079118
2250	-624.8449	-797.8637	173.0188	1.279501
2256	-612.9176	-786.0727	173.155	1.164102
2262	-610.1604	-783.1877	173.0273	1.272482
2268	-612.0098	-785.2994	173.2896	1.040867
2274	-624.3144	-797.3769	173.0625	1.243286
2280	-621.9094	-795.1147	173.2053	1.119396
2286	-625.4707	-798.6884	173.2178	1.108048
2292	-611.1071	-784.3249	173.2178	1.108048
2298	-612.9082	-786.0578	173.1496	1.168809
2304	-618.063	-791.4117	173.3487	0.9824545
2310	-607.8375	-781.0641	173.2266	1.099989
2316	-613.7243	-786.9184	173.1941	1.129463
2322	-618.9471	-792.1412	173.1941	1.129463
2328	-622.0914	-795.0879	172.9964	1.297739
2334	-622.3365	-795.3479	173.0114	1.285511
2340	-617.9763	-791.0764	173.1001	1.211506
2346	-616.7972	-789.8937	173.0965	1.21462
2352	-606.1993	-779.4836	173.2843	1.045989
2358	-622.8718	-795.8827	173.0109	1.285909
2364	-626.3704	-799.6808	173.3104	1.020642
2370	-609.3288	-782.3389	173.0101	1.286626
2376	-614.8134	-788.0338	173.2204	1.105708
2382	-612.6675	-785.8879	173.2204	1.105708
2388	-623.6739	-796.7948	173.121	1.19368
2394	-626.0116	-799.4848	173.4732	0.8446061
2400	-621.5353	-794.7875	173.2522	1.076278
2406	-618.2835	-791.2907	173.0072	1.288987
2412	-612.7392	-785.8232	173.084	1.225185
2418	-613.4341	-786.593	173.1589	1.160667
2424	-627.1565	-800.4833	173.3268	1.00444
2430	-622.668	-795.5393	172.8713	1.397237
2436	-616.1403	-789.5173	173.3771	0.953048
2442	-616.9767	-790.0915	173.1148	1.198958
2448	-619.5127	-792.8497	173.337	0.9942509
2454	-616.1023	-789.3766	173.2743	1.055543
2460	-621.8277	-795.1718	173.3441	0.9870879
2466	-623.875	-797.2642	173.3892	0.9401685
2472	-619.1116	-792.2618	173.1502	1.168337
2478	-613.3725	-786.7385	173.366	0.9646519
2484	-614.5951	-787.9886	173.3935	0.9356506
2490	-619.8846	-793.2781	173.3935	0.9356506
2496	-621.9353	-795.1518	173.2166	1.109148
2502	-620.8967	-794.1133	173.2166	1.109148
2508	-612.0629	-785.198	173.1351	1.181472
2514	-623.897	-796.8699	172.9729	1.316789
2520	-616.8321	-790.3061	173.474	0.8435471
2526	-627.2603	-800.7343	173.474	0.8435471
2532	-624.7531	-798.1347	173.3816	0.9482987
2538	-613.5015	-786.8486	173.3472	0.9839697
2544	-613.689	-786.8298	173.1408	1.176508
2550	-613.5588	-786.7695	173.2107	1.114475
2556	-626.827	-800.0244	173.1974	1.126471
2562	-610.5016	-784.0029	173.5013	0.8090558
2568	-619.6773	-793.0577	173.3804	0.9495908
2574	-621.6664	-794.7237	173.0573	1.247578
2580	-616.6943	-789.8741	173.1799	1.14218
2586	-615.1656	-788.2939	173.1283	1.187349
2592	-618.4807	-791.6864	173.2057	1.119011
2598	-625.1743	-798.4737	173.2994	1.031372
2604	-616.8648	-790.0609	173.1962	1.127621
2610	-610.9559	-783.9996	173.0437	1.258929
2616	-614.5268	-787.7992	173.2724	1.05727
2622	-615.5566	-788.8916	173.335	0.9963054
2628	-613.5421	-786.786	173.2438	1.084127
2634	-615.8928	-788.9033	173.0105	1.286236
2640	-622.2475	-795.5814	173.3339	0.9973443
2646	-622.7543	-796.0427	173.2884	1.042068
2652	-605.2935	-778.6083	173.3148	1.016306
2658	-608.8304	-782.2294	173.3989	0.9297763
2664	-615.3766	-788.7755	173.3989	0.9297763
2670	-625.3043	-798.3226	173.0182	1.279917
2676	-626.3338	-799.7544	173.4206	0.9059131
2682	-619.9663	-793.1712	173.2049	1.11972
2688	-635.7495	-808.924	173.1745	1.146944
2694	-621.0648	-793.9341	172.8693	1.398791
2700	-626.7155	-799.6115	172.896	1.37791
2706	-617.0472	-790.2873	173.2401	1.087587
2712	-611.9283	-785.0092	173.0809	1.227847
2718	-615.9799	-789.5116	173.5318	0.7673653
2724	-613.9458	-787.123	173.1771	1.144591
2730	-619.1356	-792.1722	173.0366	1.264812
2736	-621.271	-794.2553	172.9843	1.307616
2742	-625.1231	-798.4324	173.3093	1.021731
2748	-618.1988	-791.2821	173.0833	1.225756
2754	-615.4023	-788.4856	173.0833	1.225756
2760	-612.6658	-786.0459	173.3801	0.949897
2766	-618.6886	-791.8665	173.1779	1.143954
2772	-632.0544	-805.3181	173.2637	1.06548
2778	-617.8084	-790.9319	173.1236	1.191417
2784	-618.9352	-792.3892	173.454	0.867664
2790	-615.3659	-788.6173	173.2514	1.077073
2796	-612.4445	-785.6287	173.1843	1.138244
2802	-617.8014	-790.7891	172.9877	1.304805
2808	-613.8699	-786.9514	173.0815	1.227291
2814	-612.917	-786.2707	173.3538	0.9772637
2820	-604.9128	-778.024	173.1112	1.20204
2826	-617.1584	-790.2951	173.1367	1.180051
2832	-616.6169	-789.7126	173.0956	1.215334
2838	-616.4707	-789.7293	173.2586	1.070317
2844	-615.2941	-788.5157	173.2216	1.10455
2850	-613.8151	-787.0436	173.2284	1.098328
2856	-620.6624	-793.8464	173.184	1.138502
2862	-623.571	-796.7954	173.2244	1.101995
2868	-629.4932	-802.6086	173.1154	1.198465
2874	-623.422	-796.4566	173.0346	1.266457
2880	-625.5466	-798.7244	173.1778	1.143997
2886	-612.9243	-786.1774	173.2531	1.075509
2892	-618.1175	-791.1884	173.0709	1.23621
2898	-619.544	-792.7706	173.2266	1.099956
2904	-612.7428	-785.9048	173.162	1.157989
2910	-611.619	-784.8709	173.2519	1.07661
2916	-620.9148	-794.0242	173.1095	1.203529
2922	-615.6571	-788.6127	172.9556	1.330677
2928	-618.6049	-791.5606	172.9556	1.330677
2934	-612.5662	-785.8509	173.2847	1.045532
2940	-606.7187	-780.0683	173.3496	0.981501
2946	-611.3082	-784.5437	173.2355	1.091847
2952	-616.6139	-789.8494	173.2355	1.091847
2958	-622.1806	-795.5238	173.3431	0.9880759
2964	-612.4701	-785.6147	173.1446	1.173208
2970	-621.5778	-794.7224	173.1446	1.173208
2976	-621.4779	-794.6626	173.1848	1.137806
2982	-614.4122	-787.5416	173.1294	1.186415
2988	-617.9762	-791.1056	173.1294	1.186415
2994	-612.6757	-785.8893	173.2136	1.111887
3000	-610.3707	-783.6685	173.2978	1.032982
3006	-611.6219	-784.7615	173.1396	1.177529
3012	-621.3411	-794.4557	173.1146	1.199105
3018	-616.3345	-789.576	173.2415	1.086268
3024	-618.4863	-791.7278	173.2415	1.086268
3030	-631.956	-805.0857	173.1297	1.186147
3036	-625.063	-798.1884	173.1254	1.189882
3042	-621.9137	-795.1695	173.2558	1.072963
3048	-615.205	-788.4607	173.2558	1.072963
3054	-614.0218	-787.2943	173.2726	1.057138
3060	-622.9887	-796.279	173.2904	1.040139
3066	-617.9948	-791.1582	173.1633	1.156796
3072	-607.5521	-781.0207	173.4686	0.8501589
3078	-602.2468	-775.2311	172.9843	1.307573
3084	-611.2785	-784.4516	173.1731	1.148208
3090	-612.5839	-786.0212	173.4373	0.8871002
3096	-606.476	-779.9034	173.4274	0.8983439
3102	-614.0307	-787.255	173.2243	1.102112
3108	-614.7426	-787.9669	173.2243	1.102112
3114	-610.3701	-783.6039	173.2338	1.093392
3120	-603.2835	-776.6036	173.3201	1.01114
3126	-610.8407	-784.178	173.3373	0.9939279
3132	-616.6003	-789.9377	173.3373	0.9939279
3138	-600.3932	-773.6053	173.2121	1.113211
3144	-612.442	-785.5226	173.0807	1.228011
3150	-613.5195	-786.642	173.1225	1.192353
3156	-612.9984	-786.2686	173.2702	1.059409
3162	-602.3582	-775.5477	173.1895	1.133603
3168	-606.0214	-779.2109	173.1895	1.133603
3174	-610.7292	-784.1167	173.3874	0.9421102
3180	-612.0885	-785.5171	173.4285	0.897053
3186	-605.7703	-779.1681	173.3978	0.931013
3192	-604.9667	-777.9762	173.0094	1.287142
3198	-614.8168	-788.1333	173.3165	1.014712
3204	-615.9619	-789.2034	173.2416	1.086196
3210	-618.2705	-791.5441	173.2736	1.056169
3216	-628.1052	-801.3788	173.2736	1.056169
3222	-626.2274	-799.7906	173.5632	0.7192851
3228	-614.0451	-787.2931	173.248	1.080231
3234	-616.2103	-789.5536	173.3433	0.987908
3240	-609.4069	-782.6105	173.2035	1.120961
3246	-617.5785	-790.9229	173.3444	0.9867936
3252	-630.7656	-803.8925	173.1269	1.188526
3258	-628.82	-802.0495	173.2295	1.097325
3264	-624.5574	-797.7658	173.2084	1.116598
3270	-628.1602	-801.5725	173.4122	0.9152497
3276	-620.822	-794.0736	173.2516	1.076826
3282	-628.7049	-801.9033	173.1984	1.125563
3288	-618.3474	-791.4254	173.0779	1.230329
3294	-615.5067	-788.7648	173.2581	1.07076
3300	-610.8925	-784.2017	173.3091	1.021917
3306	-612.3376	-785.5938	173.2562	1.07255
3312	-613.1123	-786.4554	173.3431	0.9881552
3318	-609.8529	-782.9274	173.0745	1.233198
3324	-616.2031	-789.5902	173.3871	0.9424329
3330	-604.0404	-777.1393	173.0989	1.212597
3336	-608.2529	-781.4848	173.2319	1.095104
3342	-626.0477	-799.4644	173.4167	0.9102689
3348	-620.0605	-793.2247	173.1642	1.156019
3354	-623.5368	-796.6676	173.1308	1.185161
3360	-616.8899	-790.1878	173.2978	1.032907
3366	-619.2629	-792.6276	173.3646	0.9660448
3372	-617.0286	-790.0955	173.0669	1.239593
3378	-612.7015	-785.8757	173.1742	1.147173
3384	-607.2379	-780.4122	173.1742	1.147173
3390	-611.2168	-784.5906	173.3737	0.9566088
3396	-612.5819	-786.0261	173.4442	0.8791828
3402	-616.1877	-789.6228	173.4352	0.8895214
3408	-601.18	-774.6152	173.4352	0.8895214
3414	-611.3782	-784.5382	173.16	1.159707
3420	-613.2336	-786.4846	173.251	1.077432
3426	-614.1094	-787.4999	173.3904	0.9388898
3432	-627.7431	-801.1401	173.397	0.9318582
3438	-623.4375	-796.3735	172.936	1.346337
3444	-620.6285	-793.9819	173.3534	0.9775919
3450	-608.9984	-782.2649	173.2665	1.062902
3456	-621.5365	-794.9423	173.4059	0.9222326
3462	-610.8047	-783.9419	173.1372	1.179611
3468	-607.9296	-781.3429	173.4133	0.9140721
3474	-621.6505	-794.9878	173.3373	0.9939986
3480	-629.6202	-802.9403	173.3201	1.011107
3486	-621.3747	-794.6863	173.3115	1.019561
3492	-615.9539	-789.1571	173.2032	1.121259
3498	-615.7779	-789.0274	173.2495	1.078843
3504	-618.4887	-791.6879	173.1992	1.124882
3510	-615.5698	-788.769	173.1992	1.124882
3516	-613.0696	-786.5282	173.4585	0.8622773
3522	-609.8771	-783.0695	173.1925	1.130914
3528	-621.7251	-794.9176	173.1925	1.130914
3534	-621.5045	-794.6972	173.1927	1.130724
3540	-626.2259	-799.3772	173.1513	1.167371
3546	-621.0082	-794.1273	173.1191	1.195273
3552	-620.0742	-793.1933	173.1191	1.195273
3558	-621.1335	-794.4249	173.2914	1.039152
3564	-619.2582	-792.2528	172.9946	1.299246
3570	-613.9952	-787.1649	173.1697	1.151217
3576	-621.9072	-795.0768	173.1697	1.151217
3582	-617.3161	-790.4574	173.1412	1.176155
3588	-624.9366	-797.9709	173.0342	1.266773
3594	-618.6603	-792.0943	173.434	0.8908142
3600	-613.2321	-786.7259	173.4938	0.8187632
3606	-618.7709	-791.8871	173.1161	1.197829
3612	-613.7385	-786.9796	173.2411	1.086639
3618	-616.9239	-790.165	173.2411	1.086639
3624	-615.6927	-788.8735	173.1808	1.141347
3630	-614.54	-787.6284	173.0884	1.221475
3636	-616.3173	-789.4348	173.1175	1.196674
3642	-603.4555	-776.6295	173.174	1.147354
3648	-606.6312	-779.9226	173.2914	1.039156
3654	-610.1448	-783.1933	173.0485	1.254895
3660	-605.4806	-778.5967	173.1162	1.197804
3666	-611.1932	-784.2363	173.0431	1.259439
3672	-619.3118	-792.4704	173.1585	1.161037
3678	-616.3259	-789.619	173.2931	1.037457
3684	-626.3611	-799.5099	173.1488	1.169568
3690	-613.2189	-786.3986	173.1797	1.142333
3696	-611.2688	-784.5623	173.2935	1.03708
3702	-617.1674	-790.4609	173.2935	1.03708
3708	-624.7142	-797.9026	173.1884	1.134558
3714	-609.4783	-782.861	173.3827	0.9471453
3720	-614.5687	-787.5758	173.0072	1.288982
3726	-614.5198	-787.8458	173.326	1.005315
3732	-610.5083	-783.5576	173.0493	1.25423
3738	-609.8075	-782.7738	172.9664	1.322053
3744	-614.1757	-787.3965	173.2208	1.105272
3750	-617.3104	-790.7728	173.4625	0.8576113
3756	-620.6084	-793.8548	173.2464	1.081711
3762	-616.0701	-789.2971	173.2271	1.099568
3768	-612.0533	-785.2804	173.2271	1.099568
3774	-610.4118	-783.8213	173.4095	0.9182854
3780	-620.9435	-794.3304	173.387	0.9426117
3786	-605.7935	-779.1709	173.3774	0.9527352
3792	-615.6161	-788.6631	173.0469	1.256241
3798	-624.8529	-798.1259	173.273	1.056714
3804	-621.4151	-794.6084	173.1932	1.130241
3810	-627.7077	-800.7711	173.0635	1.242457
3816	-628.3878	-801.3494	172.9616	1.325882
3822	-618.9007	-791.9508	173.0501	1.253593
3828	-611.9677	-785.23	173.2623	1.066861
3834	-611.8751	-784.8235	172.9483	1.3365
3840	-615.1506	-788.502	173.3514	0.979709
3846	-608.0709	-781.2669	173.196	1.127787
3852	-607.2372	-780.6312	173.394	0.9351181
3858	-613.7091	-786.876	173.1669	1.153656
3864	-611.3781	-784.6584	173.2804	1.04973
3870	-608.1606	-781.4046	173.2439	1.083991
3876	-613.9647	-786.9104	172.9457	1.338568
3882	-626.1161	-799.5308	173.4147	0.9125417
3888	-621.5256	-794.4729	172.9473	1.337337
3894	-626.7089	-799.719	173.0101	1.28658
3900	-622.95	-796.2858	173.3358	0.9954768
3906	-617.471	-790.816	173.345	0.9862177
3912	-616.2029	-789.4921	173.2892	1.041253
3918	-617.2508	-790.54	173.2892	1.041253
3924	-615.7228	-789.0549	173.332	0.999268
3930	-617.7564	-791.0378	173.2814	1.048743
3936	-627.3164	-800.6342	173.3179	1.013342
3942	-618.061	-791.1557	173.0947	1.216095
3948	-620.5968	-793.6915	173.0947	1.216095
3954	-616.7867	-790.0225	173.2358	1.091578
3960	-622.0156	-795.2514	173.2358	1.091578
3966	-611.2644	-784.5027	173.2383	1.089249
3972	-613.9129	-787.2409	173.328	1.003307
3978	-618.1075	-791.213	173.1055	1.206958
3984	-607.3054	-780.5607	173.2553	1.073393
3990	-618.7192	-791.988	173.2688	1.060682
3996	-625.953	-799.0917	173.1387	1.178336
4002	-622.5631	-795.7576	173.1945	1.129117
4008	-619.1959	-792.2926	173.0967	1.21443
4014	-631.7725	-804.7779	173.0054	1.290428
4020	-630.8165	-804.0963	173.2798	1.050254
4026	-635.5226	-808.9015	173.3789	0.9511383
4032	-614.6026	-787.8255	173.2229	1.103404
4038	-614.7506	-788.1646	173.414	0.9132803
4044	-616.1543	-789.4688	173.3145	1.01667
4050	-618.6264	-791.6782	173.0518	1.252205
4056	-614.305	-787.3955	173.0904	1.219734
4062	-617.26	-790.5095	173.2495	1.078859
4068	-610.1747	-783.4621	173.2874	1.042948
4074	-621.7092	-794.7562	173.047	1.256182
4080	-633.5044	-806.4319	172.9275	1.353095
4086	-629.2531	-802.1806	172.9275	1.353095
4092	-623.736	-796.8703	173.1344	1.182094
4098	-626.2747	-799.5261	173.2514	1.077032
4104	-626.8194	-800.0709	173.2514	1.077032
4110	-613.2835	-786.335	173.0515	1.25241
4116	-609.3849	-782.7413	173.3564	0.9745634
4122	-608.4315	-781.751	173.3195	1.011688
4128	-609.5103	-782.3301	172.8198	1.43705
4134	-612.5092	-785.7235	173.2143	1.111231
4140	-613.6534	-786.7997	173.1463	1.171732
4146	-614.3275	-787.6839	173.3563	0.9746288
4152	-609.8074	-783.0469	173.2395	1.088073
4158	-618.7741	-792.0137	173.2395	1.088073
4164	-614.1521	-787.3468	173.1946	1.128976
4170	-614.0467	-787.2006	173.1539	1.165112
4176	-623.1689	-796.3866	173.2177	1.108129
4182	-623.4005	-796.5416	173.1411	1.176281
4188	-617.4795	-790.6206	173.1411	1.176281
4194	-619.344	-792.0096	172.6656	1.552918
4200	-614.0623	-787.3265	173.2642	1.065039
4206	-609.8066	-783.0844	173.2778	1.052151
4212	-601.9891	-775.2204	173.2312	1.095733
4218	-609.805	-782.8376	173.0327	1.268034
4224	-615.465	-788.808	173.343	0.9882099
4230	-616.7251	-789.759	173.0338	1.267087
4236	-609.6818	-782.8579	173.1761	1.145517
4242	-610.5349	-783.7829	173.248	1.08022
4248	-623.6908	-796.5556	172.8648	1.402286
4254	-611.6228	-784.9033	173.2804	1.049663
4260	-617.3584	-790.454	173.0956	1.215345
4266	-613.0381	-786.4567	173.4186	0.9082323
4272	-623.9898	-797.2588	173.2691	1.060457
4278	-619.5919	-792.7968	173.2049	1.119764
4284	-620.5826	-793.8417	173.2591	1.069828
4290	-612.7396	-785.8404	173.1008	1.210919
4296	-617.9391	-791.2841	173.345	0.9861429
4302	-627.9301	-801.2281	173.298	1.032791
4308	-622.8365	-796.1267	173.2902	1.040247
4314	-622.689	-796.0047	173.3157	1.015419
4320	-621.0232	-794.2878	173.2646	1.064664
4326	-617.8282	-790.968	173.1398	1.177374
4332	-617.3813	-790.4484	173.0671	1.239427
4338	-631.702	-804.7217	173.0197	1.27869
4344	-627.3906	-800.5272	173.1366	1.180191
4350	-624.5123	-797.8042	173.2919	1.038641
4356	-613.5556	-786.7291	173.1734	1.147893
4362	-614.4528	-787.6877	173.2349	1.092329
4368	-616.9008	-790.1003	173.1995	1.124612
4374	-613.2695	-786.2609	172.9914	1.301858
4380	-617.3491	-790.3404	172.9914	1.301858
4386	-618.2896	-791.7445	173.4549	0.8665798
4392	-618.5299	-791.9175	173.3876	0.9419033
4398	-611.9416	-784.9859	173.0443	1.258431
4404	-613.3906	-786.7751	173.3845	0.9451822
4410	-620.0352	-793.3895	173.3543	0.9767266
4416	-633.4603	-806.7481	173.2878	1.042591
4422	-623.8692	-796.9741	173.1049	1.207431
4428	-616.9118	-790.0252	173.1134	1.200159
4434	-612.4705	-785.9165	173.4459	0.8771166
4440	-620.0101	-793.2734	173.2633	1.065908
4446	-612.4983	-785.8864	173.3882	0.9413412
4452	-611.0069	-784.0505	173.0437	1.258946
4458	-615.3994	-788.7213	173.3219	1.009334
4464	-617.0417	-789.9935	172.9518	1.333705
4470	-618.783	-792.0863	173.3033	1.027654
4476	-627.1986	-800.5018	173.3033	1.027654
4482	-623.6888	-796.8665	173.1777	1.144072
4488	-622.2539	-795.5512	173.2973	1.033424
4494	-619.7706	-793.2248	173.4542	0.8673853
4500	-617.2326	-790.4509	173.2183	1.107567
4506	-619.1673	-792.4031	173.2358	1.091534
4512	-627.473	-800.6998	173.2268	1.099797
4518	-623.9917	-797.1661	173.1744	1.147071
4524	-620.9292	-794.0861	173.157	1.162395
4530	-623.156	-796.4832	173.3272	1.004082
4536	-621.9855	-794.9843	172.9988	1.29582
4542	-616.5163	-789.8118	173.2955	1.035148
4548	-615.3985	-788.7007	173.3023	1.028595
4554	-623.9724	-797.2337	173.2613	1.06775
4560	-622.8086	-795.8469	173.0382	1.263454
4566	-619.4819	-792.7556	173.2736	1.05612
4572	-619.5418	-792.8878	173.346	0.9851484
4578	-622.4287	-795.6098	173.181	1.141126
4584	-620.9072	-793.9627	173.0555	1.249065
4590	-606.9022	-780.2174	173.3152	1.015936
4596	-614.0269	-787.1745	173.1476	1.170631
4602	-602.6555	-775.8031	173.1476	1.170631
4608	-609.9532	-783.0378	173.0846	1.224675
4614	-606.0502	-779.1404	173.0901	1.220012
4620	-611.3129	-784.5851	173.2722	1.057512
4626	-623.0982	-796.0791	172.9808	1.310376
4632	-622.4974	-795.9026	173.4052	0.9229336
4638	-627.7394	-800.7984	173.059	1.246181
4644	-613.2246	-786.4227	173.1981	1.125892
4650	-611.3247	-784.3309	173.0063	1.289699
4656	-615.5942	-788.9363	173.342	0.9891767
4662	-617.2535	-790.5213	173.2678	1.061612
4668	-620.1293	-792.9597	172.8304	1.428907
4674	-609.3206	-782.3877	173.0672	1.239364
4680	-622.6849	-795.9194	173.2345	1.092764
4686	-619.5605	-792.886	173.3255	1.005757
4692	-617.8231	-791.2906	173.4675	0.8515615
4698	-623.2548	-796.7151	173.4603	0.8601568
4704	-623.5278	-796.7788	173.251	1.077436
4710	-620.6707	-794.0121	173.3414	0.9898148
4716	-621.3965	-794.683	173.2865	1.043881
4722	-602.8433	-776.1669	173.3236	1.007687
4728	-604.9924	-778.2678	173.2755	1.054402
4734	-609.6535	-782.9002	173.2467	1.081413
4740	-613.2529	-786.4996	173.2467	1.081413
4746	-613.1293	-786.399	173.2697	1.059865
4752	-616.6601	-789.6365	172.9765	1.313913
4758	-613.4427	-786.6817	173.239	1.088615
4764	-618.1859	-791.3561	173.1702	1.150764
4770	-623.7666	-797.0461	173.2795	1.050526
4776	-617.4672	-790.6797	173.2125	1.112886
4782	-617.1996	-790.5224	173.3228	1.008437
4788	-611.722	-784.9491	173.2271	1.099513
4794	-616.7488	-790.1475	173.3986	0.930104
4800	-616.339	-789.5628	173.2237	1.102622
4806	-612.2578	-785.5816	173.3238	1.007452
4812	-618.1615	-791.4204	173.259	1.069972
4818	-617.1613	-790.304	173.1427	1.174851
4824	-630.9639	-804.091	173.1272	1.188329
4830	-628.1334	-801.3407	173.2073	1.117543
4836	-625.1686	-798.3759	173.2073	1.117576
4842	-618.9256	-792.2297	173.3041	1.026804
4848	-611.2566	-784.4393	173.1827	1.139638
4854	-612.3175	-785.4576	173.1401	1.17717
4860	-624.0737	-797.0951	173.0214	1.277353
4866	-624.9217	-798.2813	173.3596	0.9712552
4872	-613.6271	-786.8306	173.2035	1.121012
4878	-620.9489	-793.886	172.9372	1.345408
4884	-612.7437	-785.9524	173.2087	1.116346
4890	-619.9843	-792.9278	172.9436	1.340295
4896	-620.3712	-793.6936	173.3223	1.008913
4902	-613.338	-786.6866	173.3486	0.9825488
4908	-613.3974	-786.6494	173.252	1.076534
4914	-612.3195	-785.7034	173.3839	0.9458419
4920	-619.0969	-792.0127	172.9158	1.362338
4926	-623.2245	-796.2268	173.0023	1.292939
4932	-618.2256	-791.4125	173.1869	1.135866
4938	-621.0763	-794.2446	173.1683	1.152438
4944	-610.6248	-783.9357	173.3109	1.020181
4950	-612.0297	-785.0965	173.0669	1.239588
4956	-613.1906	-786.3569	173.1662	1.154254
4962	-622.8289	-796.1111	173.2822	1.047989
4968	-616.9124	-790.1993	173.2869	1.043461
4974	-611.6789	-784.7679	173.089	1.220923
4980	-611.5243	-784.601	173.0767	1.231308
4986	-627.4355	-800.5122	173.0767	1.231308
4992	-620.3621	-793.3134	172.9513	1.334093
4998	-635.3177	-808.2883	172.9706	1.318639
5004	-619.7824	-792.8902	173.1078	1.204949
5010	-616.4991	-789.6069	173.1078	1.204949
5016	-621.4217	-794.8255	173.4038	0.9244287
5022	-616.269	-789.7006	173.4316	0.8936019
5028	-619.4076	-792.7493	173.3417	0.98954
5034	-628.3434	-801.648	173.3046	1.026352
5040	-638.6542	-811.5594	172.9053	1.370638
5046	-634.8917	-807.9546	173.063	1.242846
5052	-619.2418	-792.4474	173.2056	1.119123
5058	-615.6233	-788.7877	173.1644	1.155835
5064	-613.8279	-787.0881	173.2602	1.06878
5070	-616.0278	-789.2758	173.248	1.080222
5076	-619.8631	-793.0467	173.1836	1.138818
5082	-616.6855	-789.7452	173.0597	1.245594
5088	-613.2245	-786.5061	173.2816	1.048527
5094	-620.1003	-793.1453	173.045	1.257845
5100	-629.6768	-803.151	173.4742	0.8433444
5106	-617.7133	-791.1667	173.4534	0.8684107
5112	-622.7868	-795.7898	173.003	1.29235
5118	-620.3645	-793.6133	173.2488	1.079483
5124	-633.7271	-806.9399	173.2128	1.112546
5130	-632.4666	-805.7789	173.3123	1.018806
5136	-624.6191	-797.8568	173.2377	1.089775
5142	-614.9994	-788.248	173.2486	1.079682
5148	-625.2796	-798.4929	173.2134	1.112084
5154	-615.6387	-788.6492	173.0104	1.286307
5160	-609.6832	-782.9593	173.2761	1.053814
5166	-609.9447	-783.2898	173.3451	0.9861117
5172	-616.2559	-789.5827	173.3267	1.004527
5178	-611.7095	-784.8501	173.1405	1.176743
5184	-615.0672	-788.5058	173.4387	0.8855236
5190	-609.3012	-782.4982	173.197	1.126866
5196	-614.849	-787.8464	172.9974	1.296929
5202	-614.9113	-788.1413	173.2301	1.096814
5208	-605.0362	-778.2663	173.2301	1.096814
5214	-615.146	-788.1537	173.0077	1.288565
5220	-614.8294	-788.2031	173.3738	0.9565553
5226	-612.9993	-785.8196	172.8203	1.43663
5232	-614.5296	-787.8073	173.2777	1.052258
5238	-611.7053	-784.9424	173.2371	1.090335
5244	-614.8581	-788.1993	173.3412	0.9900344
5250	-626.4109	-799.6493	173.2384	1.089117
5256	-626.1914	-799.4298	173.2384	1.089117
5262	-623.9104	-797.1488	173.2384	1.089117
5268	-618.2573	-791.3278	173.0706	1.236488
5274	-630.3287	-803.8384	173.5097	0.7978936
5280	-622.3526	-795.8204	173.4677	0.8512607
5286	-619.5816	-792.7835	173.2019	1.122487
5292	-623.7835	-796.9377	173.1542	1.164851
5298	-619.918	-793.0721	173.1542	1.164851
5304	-622.7193	-795.8734	173.1542	1.164851
5310	-610.8153	-783.9992	173.1839	1.138551
5316	-624.5599	-797.9442	173.3843	0.9454255
5322	-615.4794	-788.6827	173.2033	1.121187
5328	-611.1444	-784.4531	173.3087	1.022326
5334	-621.0606	-794.2735	173.2129	1.112506
5340	-620.4867	-793.6788	173.1921	1.131241
5346	-613.8943	-786.9868	173.0925	1.218027
5352	-616.3722	-789.5495	173.1773	1.144436
5358	-609.6224	-782.9808	173.3584	0.9724839
5364	-612.2937	-785.5203	173.2266	1.099995
5370	-624.1956	-797.209	173.0134	1.283894
5376	-602.5156	-775.9401	173.4245	0.9016187
5382	-603.8899	-777.0881	173.1982	1.125746
5388	-613.6435	-786.8417	173.1982	1.125746
5394	-614.5024	-787.573	173.0706	1.236476
5400	-619.0398	-792.3409	173.3011	1.029725
5406	-620.0014	-793.2421	173.2407	1.086965
5412	-612.7584	-785.9416	173.1832	1.139209
5418	-615.5286	-788.4532	172.9246	1.355392
5424	-625.1101	-798.2476	173.1375	1.179408
5430	-612.2777	-785.2582	172.9805	1.310676
5436	-624.0457	-797.0373	172.9916	1.301642
5442	-618.1896	-791.5895	173.3999	0.9287574
5448	-625.8595	-799.12	173.2605	1.068545
5454	-625.439	-798.6994	173.2605	1.068545
5460	-628.3554	-801.6159	173.2605	1.068545
5466	-618.7341	-792.0086	173.2745	1.055278
5472	-620.4504	-793.7247	173.2742	1.055579
5478	-606.5695	-779.8204	173.2508	1.077605
5484	-609.1618	-782.4126	173.2508	1.077605
5490	-620.6295	-793.6485	173.0189	1.279353
5496	-607.5329	-780.5519	173.0189	1.279353
5502	-624.1205	-797.5616	173.4411	0.8827696
5508	-614.9185	-788.3596	173.4411	0.8827696
5514	-617.8166	-791.1534	173.3368	0.9944505
5520	-620.0973	-793.4342	173.3368	0.9944505
5526	-623.9309	-796.9758	173.0449	1.257963
5532	-616.5806	-789.9894	173.4088	0.9190554
5538	-623.3699	-796.3864	173.0165	1.281345
5544	-632.1699	-805.1864	173.0165	1.281345
5550	-615.489	-788.5035	173.0145	1.283005
5556	-616.7865	-790.1444	173.3579	0.9730105
5562	-608.06	-781.3358	173.2758	1.054077
5568	-613.4577	-786.6348	173.1771	1.144652
5574	-635.5848	-808.8486	173.2638	1.065456
5580	-621.7251	-794.6977	172.9726	1.317
5586	-617.3244	-790.7132	173.3888	0.940684
5592	-621.4024	-794.5547	173.1523	1.166483
5598	-613.8754	-787.2821	173.4068	0.9212553
5604	-612.8895	-786.1448	173.2554	1.073342
5610	-616.4448	-789.5847	173.1399	1.177299
5616	-631.8657	-804.7891	172.9234	1.356331
5622	-621.258	-794.2659	173.0079	1.288391
5628	-635.0388	-808.4502	173.4114	0.9161633
5634	-617.5986	-790.9786	173.38	0.9500099
5640	-622.6739	-795.5308	172.8569	1.408447
5646	-620.4861	-793.605	173.1189	1.195423
5652	-618.6041	-791.6003	172.9961	1.297994
5658	-631.1174	-803.7233	172.6059	1.596653
5664	-621.455	-794.7602	173.3052	1.025743
5670	-622.4299	-795.7351	173.3052	1.025743
5676	-618.692	-791.6446	172.9527	1.33305
5682	-614.7647	-787.9841	173.2194	1.106607
5688	-605.1826	-778.5193	173.3367	0.9945694
5694	-607.1013	-780.2025	173.1012	1.210569
5700	-617.1462	-790.475	173.3288	1.002519
5706	-620.9264	-794.276	173.3496	0.9814918
5712	-617.5845	-790.7143	173.1297	1.186122
5718	-612.0096	-785.3852	173.3756	0.9545737
5724	-616.1154	-789.491	173.3756	0.9545737
5730	-610.2791	-783.6958	173.4167	0.9102827
5736	-607.1265	-780.3464	173.2199	1.106084
5742	-613.6886	-786.9428	173.2543	1.074391
5748	-610.6286	-783.9932	173.3646	0.9661155
5754	-600.6668	-774.0313	173.3646	0.9661155
5760	-607.2221	-780.559	173.3369	0.9943598
5766	-600.9771	-774.2338	173.2568	1.072029
5772	-613.8752	-787.3388	173.4636	0.8562455
5778	-620.3114	-793.5931	173.2818	1.048376
5784	-629.4779	-802.6586	173.1807	1.141454
5790	-620.7786	-793.9592	173.1807	1.141454
5796	-626.8797	-800.1988	173.3191	1.012137
5802	-616.5131	-789.688	173.1749	1.146609
5808	-617.1546	-790.5391	173.3845	0.9452323
5814	-618.9449	-792.3045	173.3597	0.9712087
5820	-618.9702	-792.3615	173.3913	0.9379927
5826	-617.2628	-790.5443	173.2816	1.048568
5832	-609.6451	-782.9266	173.2816	1.048568
5838	-623.4132	-796.7189	173.3057	1.025302
5844	-618.413	-791.7083	173.2953	1.03539
5850	-613.225	-786.5203	173.2953	1.03539
5856	-618.7162	-791.9371	173.2209	1.105222
5862	-620.6858	-793.9721	173.2863	1.043996
5868	-622.6981	-795.9671	173.269	1.060488
5874	-625.5811	-798.9718	173.3907	0.938568
5880	-626.9403	-800.331	173.3907	0.938568
5886	-626.6649	-799.509	172.8441	1.418319
5892	-626.9684	-800.0619	173.0936	1.217093
5898	-625.7535	-798.8471	173.0936	1.217093
5904	-618.0069	-791.1005	173.0936	1.217093
5910	-627.4692	-800.7019	173.2328	1.094326
5916	-628.5464	-801.9935	173.4471	0.8757521
5922	-629.0569	-802.1009	173.044	1.258654
5928	-619.6473	-792.4627	172.8154	1.440403
5934	-617.4527	-790.6545	173.2018	1.122506
5940	-615.5211	-788.8523	173.3312	1.00008
5946	-608.4539	-781.8564	173.4024	0.9259789
5952	-611.5324	-784.7433	173.2109	1.114346
5958	-610.9734	-784.1653	173.1919	1.131391
5964	-610.6751	-783.6065	172.9313	1.350034
5970	-611.4866	-784.6348	173.1482	1.170094
5976	-619.1123	-792.5243	173.4119	0.915589
5982	-616.1147	-789.2848	173.1701	1.150828
5988	-608.4133	-781.635	173.2217	1.104483
5994	-610.113	-783.3335	173.2205	1.105539
6000	-615.2263	-788.4142	173.1878	1.135082
6006	-618.3217	-791.3527	173.0311	1.269352
6012	-629.0661	-802.1982	173.1321	1.184069
6018	-625.3015	-798.6666	173.365	0.9656397
6024	-623.3432	-796.4429	173.0997	1.211865
6030	-623.5596	-796.8442	173.2846	1.045656
6036	-621.8898	-795.0804	173.1906	1.132595
6042	-617.3852	-790.5663	173.1811	1.141121
6048	-620.1534	-793.4684	173.3151	1.016104
6054	-623.6159	-796.9896	173.3737	0.956566
6060	-628.8985	-801.9465	173.0479	1.255405
6066	-617.1413	-790.4892	173.3478	0.9832962
6072	-610.9734	-784.2174	173.2441	1.083884
6078	-606.3335	-779.432	173.0985	1.212921
6084	-608.6612	-781.8862	173.2249	1.10152
6090	-619.4502	-792.6583	173.2081	1.116861
6096	-618.6888	-791.6292	172.9404	1.342833
6102	-623.0559	-796.0154	172.9595	1.327585
6108	-630.4336	-803.6943	173.2607	1.068314
6114	-622.3923	-795.6679	173.2756	1.05426
6120	-625.787	-798.914	173.127	1.188494
6126	-628.776	-802.0156	173.2396	1.088008
6132	-617.9892	-791.2218	173.2326	1.09451
6138	-628.4512	-801.817	173.3658	0.9648777
6144	-623.8146	-796.8653	173.0507	1.253062
6150	-630.6269	-804.0157	173.3888	0.9406699
6156	-608.4904	-781.6694	173.179	1.142964
6162	-610.8209	-783.9023	173.0815	1.227311
6168	-613.7077	-786.8944	173.1868	1.136028
6174	-612.3956	-785.5916	173.1959	1.127806
6180	-629.5022	-802.4916	172.9894	1.303476
6186	-611.2944	-784.4913	173.1969	1.126937
6192	-614.0442	-787.4387	173.3945	0.934591
6198	-610.6962	-783.8201	173.1239	1.19114
6204	-610.0706	-783.4259	173.3554	0.9756196
6210	-618.7671	-791.9654	173.1982	1.12574
6216	-623.5657	-796.915	173.3492	0.9818679
6222	-624.1218	-797.2206	173.0988	1.212679
6228	-624.5279	-797.6877	173.1598	1.159911
6234	-616.1328	-789.4424	173.3096	1.021462
6240	-621.5675	-794.5658	172.9983	1.296252
6246	-620.4267	-793.7943	173.3676	0.9629335
6252	-621.8396	-794.8622	173.0226	1.276352
6258	-614.6329	-788.0102	173.3773	0.9528471
6264	-609.2447	-782.696	173.4512	0.8709159
6270	-611.9978	-785.1774	173.1796	1.142449
6276	-619.455	-792.8876	173.4327	0.8923535
6282	-619.6288	-792.9313	173.3025	1.028399
6288	-618.5813	-791.8838	173.3025	1.028399
6294	-612.0145	-785.449	173.4345	0.8903369
6300	-607.7022	-781.1463	173.4441	0.879272
6306	-610.4558	-783.7406	173.2848	1.045495
6312	-612.4212	-785.4985	173.0772	1.230896
6318	-625.5927	-798.6699	173.0772	1.230896
6324	-622.442	-795.7801	173.3381	0.9931299
6330	-620.3359	-793.5399	173.204	1.120518
6336	-634.6313	-807.7165	173.0852	1.224177
6342	-624.9771	-798.0623	173.0852	1.224177
6348	-620.7777	-793.9411	173.1633	1.15681
6354	-615.2111	-788.5548	173.3437	0.9874906
6360	-621.4337	-794.7774	173.3437	0.9874906
6366	-607.7081	-781.0359	173.3278	1.003512
6372	-614.4297	-787.5925	173.1628	1.157242
6378	-618.1406	-791.3034	173.1628	1.157242
6384	-611.2135	-784.6479	173.4344	0.8903562
6390	-626.1706	-799.4071	173.2365	1.090912
6396	-624.4464	-797.6922	173.2458	1.082278
6402	-619.9472	-793.0109	173.0637	1.242258
6408	-620.6455	-794.0988	173.4533	0.8684712
6414	-609.2988	-782.4956	173.1967	1.127095
6420	-622.8874	-796.0841	173.1967	1.127095
6426	-620.9242	-793.77	172.8458	1.416999
6432	-623.8221	-797.073	173.2509	1.077564
6438	-610.0063	-783.3785	173.3723	0.9581123
6444	-613.1471	-786.4465	173.2994	1.031399
6450	-615.8853	-789.2344	173.3491	0.982069
6456	-616.226	-789.5788	173.3528	0.9782812
6462	-612.0765	-785.2108	173.1343	1.182186
6468	-612.3244	-785.4587	173.1343	1.182186
6474	-628.1691	-801.2961	173.127	1.188437
6480	-615.7775	-789.244	173.4665	0.8527228
6486	-621.1107	-794.2008	173.0901	1.220009
6492	-617.3984	-790.7112	173.3128	1.018334
6498	-620.2991	-793.6455	173.3465	0.9846989
6504	-628.2244	-801.3641	173.1397	1.177497
6510	-629.0847	-802.4156	173.3308	1.000475
6516	-626.1813	-799.577	173.3956	0.9333194
6522	-632.2595	-805.3276	173.0681	1.238534
6528	-627.1117	-800.3389	173.2272	1.099404
6534	-624.6053	-797.9818	173.3765	0.9536948
6540	-624.4574	-797.6196	173.1622	1.157806
6546	-622.6021	-795.9839	173.3818	0.9481319
6552	-621.9358	-795.3176	173.3818	0.9481319
6558	-615.2513	-788.6211	173.3697	0.96078
6564	-620.3178	-793.6875	173.3697	0.96078
6570	-631.4352	-804.6122	173.177	1.144679
6576	-616.0511	-789.4908	173.4397	0.8843099
6582	-609.8474	-783.0191	173.1718	1.149365
6588	-624.7615	-798.0638	173.3023	1.028591
6594	-607.0353	-780.1989	173.1636	1.156591
6600	-609.7707	-782.9523	173.1816	1.140629
6606	-614.267	-787.4486	173.1816	1.140629
6612	-623.845	-797.1158	173.2709	1.058751
6618	-625.4648	-798.7262	173.2614	1.067666
6624	-619.5056	-792.8989	173.3932	0.9359289
6630	-615.2379	-788.2312	172.9933	1.300245
6636	-609.8907	-783.1799	173.2891	1.04134
6642	-608.128	-781.3724	173.2444	1.08358
6648	-619.8906	-792.6713	172.7806	1.466889
6654	-619.6179	-792.9523	173.3345	0.9968248
6660	-610.8153	-783.9252	173.1099	1.203209
6666	-609.6777	-783.0106	173.3329	0.9983993
6672	-617.2363	-790.5692	173.3329	0.9983993
6678	-602.8551	-776.1655	173.3105	1.020607
6684	-604.3219	-777.4894	173.1675	1.153125
6690	-625.3965	-798.7613	173.3648	0.965894
6696	-621.4691	-794.6541	173.185	1.137593
6702	-624.0118	-797.1194	173.1076	1.205107
6708	-622.0631	-795.2447	173.1816	1.140597
6714	-620.6572	-793.9639	173.3068	1.024234
6720	-621.718	-794.9435	173.2255	1.101029
6726	-618.6005	-791.7639	173.1634	1.156746
6732	-631.1078	-804.5276	173.4198	0.9068809
6738	-633.7506	-806.7732	173.0225	1.276392
6744	-628.6048	-801.6274	173.0225	1.276392
6750	-619.5692	-792.842	173.2729	1.056853
6756	-621.4588	-794.6033	173.1445	1.173263
6762	-619.8017	-793.2126	173.4108	0.9167898
6768	-610.258	-783.6261	173.3681	0.9624913
6774	-607.788	-780.8827	173.0947	1.216139
6780	-612.633	-785.8851	173.2521	1.076375
6786	-609.7971	-782.77	172.9728	1.316837
6792	-605.527	-778.7514	173.2244	1.102
6798	-602.6319	-775.8563	173.2244	1.102
6804	-599.2316	-772.3201	173.0885	1.221404
6810	-602.9617	-776.0502	173.0885	1.221404
6816	-606.1837	-779.4097	173.226	1.100559
6822	-614.7183	-787.7638	173.0455	1.257447
6828	-620.0858	-793.3937	173.3079	1.023083
6834	-609.0818	-782.3164	173.2346	1.092657
6840	-608.3094	-781.5306	173.2212	1.104951
6846	-615.579	-788.66	173.0809	1.227783
6852	-620.5663	-793.6285	173.0622	1.243507
6858	-628.6304	-801.8992	173.2688	1.060722
6864	-623.2966	-796.4976	173.201	1.123294
6870	-620.8492	-793.9842	173.135	1.18153
6876	-623.1478	-796.2164	173.0687	1.238094
6882	-624.2187	-797.3181	173.0993	1.212175
6888	-629.5788	-802.8539	173.2751	1.05477
6894	-618.3315	-791.5777	173.2462	1.081919
6900	-622.3723	-795.5945	173.2222	1.103995
6906	-618.8073	-792.2504	173.4431	0.8803696
6912	-635.5445	-808.5777	173.0331	1.267679
6918	-627.2505	-799.9881	172.7376	1.499331
6924	-615.71	-788.8184	173.1083	1.204533
6930	-627.3295	-800.5804	173.2509	1.077488
6936	-625.4925	-798.7435	173.2509	1.077488
6942	-630.4636	-803.5129	173.0493	1.254269
6948	-622.1045	-795.3016	173.1971	1.126787
6954	-620.5805	-793.9302	173.3498	0.9813208
6960	-618.5415	-791.8913	173.3498	0.9813208
6966	-613.6285	-786.8672	173.2387	1.088863
6972	-617.9961	-791.0367	173.0406	1.261517
6978	-611.1378	-784.2921	173.1543	1.164762
6984	-625.7708	-798.9004	173.1297	1.186183
6990	-610.8322	-783.7406	172.9084	1.368202
6996	-618.4039	-791.6358	173.2319	1.095135
7002	-611.4852	-784.7719	173.2868	1.043603
7008	-608.2817	-781.4606	173.1789	1.142997
7014	-610.5782	-783.8673	173.2891	1.041399
7020	-604.3877	-777.7075	173.3199	1.011346
7026	-607.9563	-781.3102	173.3539	0.977086
7032	-604.511	-777.6849	173.1739	1.147428
7038	-606.2547	-779.4286	173.1739	1.147428
7044	-601.1431	-774.463	173.32	1.011257
7050	-602.5406	-775.9638	173.4232	0.9030056
7056	-598.5445	-771.8317	173.2873	1.043118
7062	-604.7743	-777.7457	172.9714	1.318013
7068	-615.3433	-788.8997	173.5564	0.7303125
7074	-617.4455	-790.6288	173.1834	1.139057
7080	-622.8192	-796.0026	173.1834	1.139057
7086	-605.5048	-778.6315	173.1267	1.188747
7092	-607.7948	-780.9215	173.1267	1.188747
7098	-605.9414	-778.9909	173.0495	1.254065
7104	-608.0868	-781.3917	173.3049	1.026016
7110	-607.4214	-780.7264	173.3049	1.026016
7116	-615.1572	-788.3747	173.2175	1.108285
7122	-630.6646	-804.0326	173.368	0.9625717
7128	-619.4701	-792.7069	173.2368	1.090604
7134	-615.0699	-788.279	173.2091	1.11597
7140	-615.084	-788.2152	173.1311	1.184917
7146	-608.7251	-781.6546	172.9295	1.351468
7152	-609.9821	-783.4762	173.4942	0.8182791
7158	-611.0942	-784.2456	173.1514	1.167261
7164	-605.0822	-778.4831	173.4009	0.9276573
7170	-613.3596	-786.4246	173.065	1.241132
7176	-606.6799	-779.7425	173.0626	1.243185
7182	-618.6567	-791.8736	173.2168	1.108912
7188	-621.7625	-794.9794	173.2168	1.108912
7194	-621.0449	-794.2505	173.2055	1.119158
7200	-621.4199	-794.3883	172.9684	1.320402
7206	-611.7139	-784.677	172.9631	1.324711
7212	-613.0855	-786.0109	172.9254	1.354777
7218	-617.5672	-790.8275	173.2603	1.068681
7224	-613.9943	-787.271	173.2767	1.053206
7230	-611.2091	-784.4841	173.2751	1.054773
7236	-612.0509	-785.0861	173.0352	1.265967
7242	-611.1383	-784.3964	173.2581	1.070797
7248	-614.7505	-788.17	173.4195	0.9072033
7254	-611.651	-784.6574	173.0063	1.289666
7260	-608.9766	-782.2306	173.2541	1.074571
7266	-620.9468	-794.2563	173.3096	1.021493
7272	-608.418	-781.4968	173.0788	1.229588
7278	-631.8279	-804.8613	173.0334	1.267401
7284	-622.7525	-795.786	173.0334	1.267401
7290	-627.0133	-800.0764	173.0631	1.242766
7296	-622.6531	-795.7162	173.0631	1.242766
7302	-621.931	-795.1603	173.2292	1.097594
7308	-618.8737	-791.758	172.8843	1.387121
7314	-612.9783	-786.0365	173.0582	1.24689
7320	-619.6332	-792.622	172.9888	1.303968
7326	-630.6479	-804.1449	173.497	0.8146573
7332	-628.6226	-801.7689	173.1463	1.171725
7338	-622.992	-796.113	173.121	1.193627
7344	-621.135	-794.4872	173.3522	0.9788338
7350	-628.6128	-801.8727	173.2599	1.069121
7356	-623.08	-796.3456	173.2656	1.063696
7362	-622.2784	-795.4946	173.2162	1.109466
7368	-617.6765	-790.8927	173.2162	1.109466
7374	-614.4531	-787.8147	173.3616	0.9691918
7380	-616.329	-789.2167	172.8877	1.38445
7386	-617.2078	-790.5257	173.3179	1.013294
7392	-616.5185	-789.8364	173.3179	1.013294
7398	-622.155	-795.3489	173.1939	1.129622
7404	-612.6852	-786.012	173.3268	1.004465
7410	-613.6968	-787.0498	173.3529	0.9781237
7416	-619.9032	-792.7475	172.8444	1.418131
7422	-629.0788	-801.6573	172.5784	1.616576
7428	-628.9781	-802.0541	173.076	1.231909
7434	-624.5537	-797.6624	173.1087	1.204205
7440	-615.8054	-789.0414	173.2361	1.091284
7446	-614.44	-787.676	173.2361	1.091284
7452	-611.6888	-784.9955	173.3067	1.024277
7458	-613.858	-786.9639	173.1059	1.206633
7464	-619.9192	-793.1652	173.246	1.082076
7470	-633.9044	-807.0486	173.1441	1.173608
7476	-621.8186	-794.899	173.0805	1.228156
7482	-624.8342	-797.9978	173.1635	1.156621
7488	-635.4568	-808.7751	173.3183	1.012948
7494	-617.8827	-790.8708	172.9881	1.304497
7500	-614.1606	-787.3912	173.2305	1.096378
7506	-617.0297	-790.1299	173.1002	1.211451
7512	-609.738	-782.9205	173.1825	1.13984
7518	-626.0765	-799.2537	173.1772	1.144544
7524	-627.8022	-800.9835	173.1813	1.140918
7530	-629.7439	-802.8621	173.1182	1.196071
7536	-619.4205	-792.6166	173.1961	1.127686
7542	-621.4375	-794.8401	173.4026	0.9257843
7548	-616.1619	-789.3225	173.1606	1.159205
7554	-617.4851	-790.6457	173.1606	1.159205
7560	-622.5797	-795.758	173.1783	1.143571
7566	-629.1147	-802.3756	173.2609	1.068146
7572	-614.2851	-787.4728	173.1877	1.135227
7578	-617.8481	-791.0358	173.1877	1.135227
7584	-620.2483	-793.5614	173.3131	1.01806
7590	-623.0405	-796.1016	173.0611	1.244429
7596	-611.4315	-784.506	173.0745	1.233188
7602	-610.7878	-783.7751	172.9873	1.305141
7608	-615.9152	-789.1952	173.28	1.050061
7614	-617.982	-791.1284	173.1464	1.171645
7620	-620.3704	-793.5168	173.1464	1.171645
7626	-620.563	-793.7854	173.2224	1.103861
7632	-613.575	-786.8328	173.2578	1.071099
7638	-611.4845	-784.9247	173.4402	0.8837153
7644	-608.1029	-781.1945	173.0916	1.218772
7650	-609.4178	-782.5691	173.1513	1.167385
7656	-606.0864	-779.4235	173.337	0.9942467
7662	-606.3402	-779.6572	173.317	1.014171
7668	-605.6171	-778.9341	173.317	1.014171
7674	-606.8642	-780.1624	173.2982	1.032587
7680	-619.2321	-792.4485	173.2164	1.109331
7686	-625.5757	-798.7921	173.2164	1.109331
7692	-619.8118	-793.0334	173.2216	1.104607
7698	-609.5386	-782.7216	173.183	1.139401
7704	-615.9466	-789.1271	173.1805	1.141621
7710	-607.1361	-780.25	173.1139	1.199735
7716	-617.0546	-790.1852	173.1306	1.185365
7722	-615.6743	-788.7794	173.1051	1.207276
7728	-606.2376	-779.3465	173.1089	1.204009
7734	-611.225	-784.4062	173.1812	1.140977
7740	-626.8964	-800.1038	173.2074	1.117505
7746	-624.0355	-797.4578	173.4223	0.9040263
7752	-621.0534	-794.0741	173.0207	1.277919
7758	-607.3896	-780.681	173.2914	1.039153
7764	-616.005	-789.2964	173.2914	1.039153
7770	-612.5304	-785.74	173.2096	1.11552
7776	-615.7974	-789.007	173.2096	1.11552
7782	-613.2286	-786.3356	173.107	1.205609
7788	-613.8841	-787.2249	173.3409	0.9903688
7794	-611.1812	-784.5394	173.3581	0.97276
7800	-618.4401	-791.7982	173.3581	0.97276
7806	-622.1599	-795.5479	173.388	0.9415174
7812	-624.0166	-797.3449	173.3283	1.002993
7818	-610.2101	-783.2381	173.0279	1.271946
7824	-627.1133	-800.1413	173.0279	1.271946
7830	-613.3133	-786.5187	173.2054	1.11926
7836	-612.6631	-785.5892	172.9261	1.354194
7842	-612.3762	-785.5072	173.131	1.184982
7848	-618.7152	-792.0393	173.3241	1.007121
7854	-609.5362	-782.7633	173.2271	1.099505
7860	-617.5918	-790.7714	173.1795	1.142484
7866	-622.831	-796.0105	173.1795	1.142484
7872	-616.8541	-790.0337	173.1795	1.142484
7878	-624.5406	-797.3714	172.8308	1.428548
7884	-624.8533	-797.8722	173.0189	1.27941
7890	-624.276	-797.2949	173.0189	1.27941
7896	-624.6293	-797.6824	173.0531	1.251085
