Iteration	Posterior	Likelihood	Prior	acrv_sd	tree_length
0	-1476.537	-1643.313	166.7765	0.04905541	5.06395
6	-1483.33	-1649.614	166.284	0.08539843	5.31635
12	-1477.674	-1644.541	166.8671	0.1378692	4.964288
18	-1488.976	-1655.24	166.2637	0.005629353	5.371556
24	-1497.902	-1665.067	167.1645	0.08097753	4.830344
30	-1498.656	-1665.783	167.1276	0.02721832	4.880878
36	-1493.904	-1660.657	166.7525	0.1060297	5.045634
42	-1485.704	-1652.423	166.7189	0.09719968	5.069199
48	-1483.351	-1650.505	167.1544	0.1102158	4.819693
54	-1488.646	-1655.762	167.1155	0.1598521	4.813721
60	-1483.424	-1650.519	167.0948	0.1804612	4.813721
66	-1482.262	-1647.826	165.5644	0.1804612	5.659922
72	-1486.773	-1652.895	166.1216	0.119836	5.386907
78	-1500.496	-1667.075	166.5789	0.2558339	5.058825
84	-1497.469	-1663.055	165.5858	0.3305782	5.565784
90	-1499.508	-1665.387	165.8787	0.0376921	5.565784
96	-1500.621	-1666.359	165.7382	0.1889053	5.559895
102	-1490.535	-1656.655	166.1199	0.1889053	5.349791
108	-1492.842	-1659.991	167.1489	0.2275161	4.757253
114	-1495.162	-1661.718	166.556	0.1025764	5.156506
120	-1488.246	-1653.337	165.091	0.1256792	5.948915
126	-1495.069	-1661.888	166.8194	0.08098201	5.02238
132	-1494.255	-1661.139	166.8835	0.07649764	4.989303
138	-1507.476	-1674.716	167.24	0.2102235	4.715993
144	-1505.172	-1670.395	165.2237	0.4083162	5.721762
150	-1512.794	-1679.561	166.7669	0.1713694	5.00135
156	-1511.567	-1678.378	166.8114	0.1269203	5.00135
162	-1504.914	-1671.829	166.9151	0.1617991	4.924303
168	-1499.785	-1666.538	166.753	0.277064	4.950344
174	-1497.029	-1662.953	165.9248	0.1553211	5.47572
180	-1501.949	-1668.58	166.6319	0.2802864	5.015865
186	-1504.541	-1670.363	165.8219	0.1647791	5.527156
192	-1495.697	-1661.401	165.7041	0.2461568	5.547157
198	-1504.989	-1670.747	165.7579	0.1923845	5.547157
204	-1496.916	-1663.359	166.443	0.3162767	5.100687
210	-1494.543	-1660.406	165.8623	0.2159894	5.476759
216	-1482.443	-1648.69	166.2475	0.2163623	5.26416
222	-1504.344	-1669.996	165.6526	0.05712973	5.679189
228	-1501.395	-1667.694	166.2986	0.1932987	5.248694
234	-1498.749	-1664.4	165.651	0.3132916	5.53945
240	-1490.865	-1656.065	165.2002	0.2218028	5.836743
246	-1486.603	-1653.935	167.3319	0.2036176	4.668279
252	-1491.041	-1657.141	166.0993	0.2036176	5.352985
258	-1485.458	-1651.943	166.4852	0.3312218	5.069001
264	-1483.641	-1650.181	166.5395	0.1920903	5.116018
270	-1484.679	-1650.309	165.6301	0.2665174	5.576605
276	-1495.112	-1662.356	167.2435	0.2831688	4.673249
282	-1491.364	-1657.609	166.2443	0.2438312	5.250744
288	-1489.047	-1655.382	166.3353	0.2513701	5.196261
294	-1503.163	-1669.738	166.5754	0.01129952	5.196261
300	-1509.311	-1676.023	166.7123	0.2456595	4.990436
306	-1487.922	-1654.55	166.6277	0.2011345	5.062135
312	-1494.534	-1660.924	166.3905	0.03484751	5.285428
318	-1486.86	-1653.076	166.2163	0.1346102	5.326557
324	-1486.412	-1652.555	166.1438	0.2311745	5.313249
330	-1486.842	-1652.899	166.0573	0.1843974	5.386788
336	-1483.718	-1649.951	166.2328	0.1843974	5.289946
342	-1494.368	-1660.839	166.4704	0.1843974	5.158582
348	-1494.807	-1660.485	165.678	0.02207157	5.684498
354	-1494.157	-1660.449	166.292	0.2483769	5.221909
360	-1489.858	-1656.992	167.1338	0.2483769	4.754031
366	-1489.167	-1654.983	165.8153	0.2002539	5.511244
372	-1481.379	-1647.826	166.4462	0.1893931	5.169223
378	-1489.044	-1656.012	166.9684	0.02570315	4.97035
384	-1489.07	-1656.046	166.9759	0.01812574	4.97035
390	-1482.361	-1648.598	166.2374	0.1245385	5.320429
396	-1489.448	-1656.408	166.9597	0.09692353	4.935582
402	-1488.169	-1655.194	167.0246	0.03194263	4.935582
408	-1488.997	-1654.843	165.8454	0.006726426	5.601043
414	-1484.023	-1651.519	167.4965	0.1466442	4.607968
420	-1486.129	-1653.471	167.3417	0.07148951	4.736697
426	-1494.463	-1661.258	166.7948	0.4445081	4.833789
432	-1493.025	-1659.097	166.0715	0.2004606	5.370077
438	-1492.015	-1658.276	166.2604	0.1076893	5.317068
444	-1497.882	-1663.839	165.9567	0.03232137	5.525848
450	-1497.077	-1663.776	166.6995	0.1553183	5.04768
456	-1495.278	-1660.621	165.3435	0.1375292	5.80445
462	-1490.634	-1657.102	166.4689	0.1198972	5.195079
468	-1491.745	-1657.818	166.0735	0.1985834	5.369998
474	-1491.464	-1657.589	166.1247	0.0891679	5.402083
480	-1489.921	-1656.138	166.2168	0.1920112	5.294562
486	-1491.936	-1657.352	165.4155	0.05732965	5.808901
492	-1484.159	-1650.099	165.94	0.23682	5.422488
498	-1485.514	-1651.495	165.9816	0.23682	5.399588
504	-1490.982	-1657.463	166.4808	0.09004103	5.205033
510	-1477.897	-1644.123	166.2257	0.1054939	5.337426
516	-1480.529	-1646.58	166.0513	0.2545788	5.351403
522	-1483.48	-1649.118	165.6378	0.1685671	5.626173
528	-1486.129	-1651.782	165.653	0.1534095	5.626173
534	-1493.949	-1659.615	165.6659	0.1404633	5.626173
540	-1498.11	-1664.6	166.4897	0.1404633	5.172202
546	-1501.723	-1667.46	165.7372	0.2007202	5.553923
552	-1488.634	-1654.44	165.8059	0.02628691	5.612007
558	-1497.958	-1664.502	166.5439	0.1396624	5.142638
564	-1486.541	-1652.367	165.8265	0.3079111	5.445875
570	-1503.311	-1668.927	165.6159	0.1210645	5.664248
576	-1493.336	-1659.217	165.8809	0.3829378	5.37457
582	-1503.452	-1670.069	166.6176	0.1178401	5.113878
588	-1502.411	-1668.86	166.4498	0.2856825	5.113878
594	-1496.545	-1662.29	165.7455	0.2600093	5.516798
600	-1499.013	-1664.273	165.2604	0.2298926	5.79936
606	-1506.471	-1671.131	164.6594	0.2665156	6.107439
612	-1495.416	-1661.368	165.9522	0.1051412	5.488271
618	-1496.318	-1662.234	165.9161	0.1836152	5.464975
624	-1490.55	-1656.94	166.3902	0.2814667	5.149229
630	-1493.01	-1659.209	166.1986	0.2814667	5.255225
636	-1507.527	-1673.761	166.2338	0.1795031	5.292075
642	-1498.807	-1665.265	166.4586	0.03668663	5.246791
648	-1507.717	-1674.148	166.4315	0.287266	5.123159
654	-1493.584	-1659.429	165.8459	0.03585595	5.584786
660	-1495.393	-1662.067	166.6736	0.1313988	5.075356
666	-1497.356	-1662.323	164.9666	0.2093822	5.971131
672	-1496.574	-1663.642	167.0673	0.1603772	4.840273
678	-1495.573	-1662.715	167.1421	0.1629911	4.797126
684	-1495.666	-1662.012	166.3458	0.1629911	5.239317
690	-1489.822	-1655.917	166.0952	0.3271931	5.287069
696	-1502.681	-1668.672	165.9906	0.421519	5.292741
702	-1499.389	-1665.132	165.7425	0.2763374	5.509477
708	-1502.47	-1668.405	165.9351	0.2640823	5.410168
714	-1499.733	-1667.042	167.3084	0.06765388	4.757457
720	-1498.356	-1664.976	166.6196	0.4310473	4.938864
726	-1495.65	-1661.11	165.4596	0.1169881	5.752158
732	-1498.158	-1665.091	166.933	0.3783328	4.793637
738	-1477.797	-1643.863	166.0668	0.1565037	5.396906
744	-1484.656	-1651.501	166.8449	0.2109982	4.935945
750	-1489.621	-1655.143	165.522	0.06397936	5.746973
756	-1482.676	-1649.095	166.4191	0.1779465	5.190526
762	-1491.113	-1658.088	166.9747	0.1779465	4.882131
768	-1498.853	-1665.627	166.7741	0.02918038	5.076307
774	-1477.698	-1644.089	166.3912	0.01929982	5.293632
780	-1490.667	-1658.443	167.7765	0.1735204	4.43547
786	-1488.302	-1655.091	166.7891	0.1812799	4.983522
792	-1493.837	-1659.833	165.9962	0.1314663	5.449567
798	-1485.899	-1651.902	166.0024	0.1870251	5.415568
804	-1484.754	-1650.813	166.0589	0.1304984	5.415568
810	-1485.548	-1652.231	166.683	0.007635223	5.138714
816	-1483.286	-1649.684	166.3987	0.133285	5.226529
822	-1490.424	-1656.643	166.2186	0.1811598	5.299564
828	-1481.711	-1647.111	165.4003	0.3154023	5.675907
834	-1496.133	-1662.308	166.1758	0.07777257	5.380236
840	-1495.94	-1661.775	165.8345	0.07934652	5.567143
846	-1502.616	-1668.67	166.0543	0.07934652	5.446291
852	-1496.637	-1662.622	165.9854	0.01727384	5.518363
858	-1502.857	-1667.697	164.8397	0.01545287	6.145977
864	-1507.641	-1674.148	166.5076	0.007974713	5.235568
870	-1492.267	-1659.21	166.9428	0.02423971	4.985364
876	-1493.254	-1659.271	166.0172	0.1788641	5.4119
882	-1492.751	-1658.764	166.0133	0.3751611	5.305831
888	-1491.602	-1658.356	166.7541	0.09747055	5.049505
894	-1494.441	-1659.956	165.5149	0.05369839	5.756494
900	-1501.043	-1667.246	166.2032	0.1069722	5.349038
906	-1491.133	-1657.835	166.7021	0.2090891	5.016393
912	-1492.21	-1659.044	166.8338	0.07739061	5.016393
918	-1502.846	-1668.619	165.7728	0.2890034	5.485829
924	-1493.259	-1659.868	166.6093	0.2487286	5.045926
930	-1505.304	-1671.573	166.2688	0.2511519	5.233149
936	-1508.751	-1675.033	166.2815	0.05193673	5.336197
942	-1508.325	-1674.322	165.9973	0.0296383	5.505015
948	-1498.491	-1665.518	167.0271	0.1990735	4.841139
954	-1501.063	-1667.197	166.1341	0.1970955	5.337425
960	-1507.691	-1674.255	166.5644	0.208841	5.092952
966	-1497.26	-1663.034	165.7738	0.1556308	5.558582
972	-1497.26	-1662.995	165.735	0.1556308	5.579896
978	-1487.445	-1653.597	166.1529	0.1395877	5.35875
984	-1484.422	-1650.291	165.8696	0.07099929	5.552466
990	-1484.849	-1651.465	166.6152	0.1690912	5.086829
996	-1491.332	-1657.353	166.0209	0.2438734	5.374056
1002	-1491.679	-1658.065	166.3863	0.1049568	5.249048
1008	-1501.294	-1667.143	165.8486	0.143623	5.524109
1014	-1512.685	-1679.883	167.1983	0.1850875	4.753393
1020	-1491.901	-1658.239	166.3375	0.4050248	5.109978
1026	-1495.515	-1661.26	165.7452	0.008347975	5.655145
1032	-1500.841	-1666.502	165.6615	0.05483627	5.67557
1038	-1502.117	-1668.243	166.1265	0.1864746	5.347491
1044	-1501.63	-1667.951	166.3211	0.2791842	5.188768
1050	-1497.361	-1663.437	166.076	0.2354983	5.348278
1056	-1504.083	-1671.087	167.0044	0.06022434	4.931121
1062	-1499.609	-1665.937	166.3279	0.02556403	5.325149
1068	-1501.65	-1668.048	166.3983	0.03371085	5.281755
1074	-1495.474	-1661.852	166.3786	0.05344231	5.281755
1080	-1501.543	-1667.495	165.9522	0.1812083	5.446422
1086	-1504.252	-1669.175	164.923	0.3027042	5.943978
1092	-1508.497	-1675.149	166.6518	0.02596343	5.145834
1098	-1516.302	-1683.532	167.2302	0.05103708	4.810422
1104	-1495.379	-1662.719	167.3401	0.01010698	4.771893
1110	-1504.489	-1670.5	166.0103	0.001648227	5.51324
1116	-1506.619	-1672.897	166.278	0.05146942	5.33838
1122	-1510.651	-1676.441	165.7907	0.03439076	5.61591
1128	-1497.547	-1664.087	166.5396	0.08591165	5.174788
1134	-1498.322	-1664.792	166.4707	0.1168407	5.195813
1140	-1491.469	-1657.374	165.9048	0.08581044	5.524968
1146	-1492.283	-1659.341	167.058	0.04086026	4.912065
1152	-1502.562	-1669.456	166.8933	0.04279268	5.002557
1158	-1499.073	-1665.894	166.821	0.115162	5.002557
1164	-1501.339	-1668.196	166.8576	0.1165975	4.981373
1170	-1497.272	-1663.663	166.3911	0.09390299	5.252497
1176	-1500.349	-1666.566	166.2168	0.3280968	5.219375
1182	-1498.539	-1664.666	166.1268	0.3280968	5.269133
1188	-1509.25	-1675.583	166.3334	0.1214453	5.269133
1194	-1497.67	-1663.683	166.0124	0.1065541	5.454377
1200	-1497.157	-1662.721	165.5633	0.3468926	5.569193
1206	-1501.667	-1667.581	165.9135	0.246571	5.431737
1212	-1507.159	-1673.957	166.798	0.1057118	5.020563
1218	-1502.009	-1668.811	166.802	0.1016961	5.020563
1224	-1488.23	-1655.002	166.7712	0.04306461	5.070204
1230	-1491.201	-1657.936	166.7351	0.07911152	5.070204
1236	-1486.073	-1652.867	166.7947	0.03479485	5.061778
1242	-1489.037	-1655.224	166.1874	0.311794	5.244644
1248	-1492.184	-1658.481	166.2961	0.2030784	5.244644
1254	-1489.929	-1656.351	166.4226	0.0766227	5.244644
1260	-1490.556	-1656.583	166.027	0.2357352	5.375186
1266	-1502.044	-1668.264	166.2202	0.06417002	5.363252
1272	-1490.227	-1656.846	166.6189	0.008600801	5.173692
1278	-1491.177	-1657.722	166.5454	0.01433396	5.211176
1284	-1492.523	-1659.287	166.7632	0.00637451	5.094985
1290	-1504.62	-1671.356	166.736	0.03359096	5.094985
1296	-1506.069	-1672.935	166.8659	0.1181192	4.975916
1302	-1502.397	-1669.126	166.7288	0.09502093	5.064881
1308	-1503.878	-1669.207	165.3283	0.1026328	5.831855
1314	-1495.857	-1662.615	166.758	0.04444866	5.076737
1320	-1488.66	-1654.439	165.7792	0.2038408	5.529161
1326	-1502.104	-1667.719	165.6149	0.2563477	5.590543
1332	-1503.067	-1669.803	166.7357	0.2440105	4.978349
1338	-1503.825	-1668.735	164.9105	0.1500666	6.034089
1344	-1493.42	-1659.566	166.1458	0.08729445	5.39153
1350	-1498.374	-1665.02	166.6458	0.1793455	5.064186
1356	-1482.923	-1648.924	166.001	0.1793455	5.420587
1362	-1486.799	-1652.866	166.067	0.1133444	5.420587
1368	-1491.65	-1657.68	166.0305	0.2716875	5.353399
1374	-1487.558	-1653.923	166.3648	0.04439329	5.294374
1380	-1486.467	-1652.648	166.1811	0.006191775	5.416715
1386	-1488.132	-1655.569	167.4371	0.07807114	4.67965
1392	-1497.503	-1662.832	165.3295	0.05518195	5.857154
1398	-1504.673	-1670.741	166.0688	0.06795065	5.444573
1404	-1499.811	-1666.508	166.6972	0.02864574	5.119229
1410	-1486.934	-1652.875	165.9416	0.02502796	5.538179
1416	-1488.38	-1653.992	165.6125	0.123081	5.664999
1422	-1490.876	-1656.621	165.7457	0.3247953	5.48105
1428	-1489.508	-1655.905	166.3964	0.06974941	5.262882
1434	-1490.261	-1655.777	165.5161	0.1596603	5.697799
1440	-1505.063	-1671.517	166.454	0.2268943	5.14414
1446	-1498.307	-1663.694	165.3872	0.3067116	5.68786
1452	-1491.049	-1657.242	166.1929	0.1246281	5.344953
1458	-1494.373	-1660.686	166.3136	0.1717358	5.252329
1464	-1497.994	-1664.285	166.2904	0.1268574	5.28989
1470	-1500.625	-1666.251	165.6256	0.1164286	5.661478
1476	-1496.22	-1662.117	165.8975	0.1934688	5.469803
1482	-1496.589	-1662.338	165.7482	0.3427192	5.469803
1488	-1488.098	-1654.223	166.1248	0.05259379	5.422175
1494	-1483.095	-1649.606	166.511	0.01317678	5.23083
1500	-1494.516	-1660.427	165.9104	0.2604267	5.425813
1506	-1478.965	-1645.492	166.5267	0.04883957	5.202425
1512	-1489.085	-1654.345	165.2606	0.3362653	5.741055
1518	-1488.842	-1654.942	166.1007	0.4070921	5.239921
1524	-1490.31	-1656.083	165.7731	0.2490722	5.507604
1530	-1493.486	-1659.235	165.7486	0.1723829	5.563254
1536	-1484.633	-1650.727	166.0937	0.1723829	5.373331
1542	-1479.514	-1645.387	165.8729	0.236492	5.459649
1548	-1484.799	-1650.659	165.8597	0.1381629	5.521003
1554	-1492.546	-1659.445	166.8996	0.1325091	4.949213
1560	-1483.711	-1650.301	166.5901	0.03143369	5.176975
1566	-1486.804	-1653.65	166.8461	0.004328345	5.050149
1572	-1482.26	-1649.348	167.088	0.01513872	4.909674
1578	-1477.564	-1644.286	166.7223	0.002530994	5.119793
1584	-1482.09	-1649.412	167.3216	0.006439188	4.784274
1590	-1480.364	-1646.729	166.3642	0.02676816	5.304402
1596	-1487.249	-1653.364	166.1149	0.2761483	5.304402
1602	-1485.909	-1652.129	166.2199	0.08480796	5.352015
1608	-1488.593	-1655.46	166.8675	0.216617	4.920274
1614	-1491.364	-1657.338	165.9743	0.1840482	5.432682
1620	-1489.604	-1655.501	165.8966	0.2068868	5.462872
1626	-1494.395	-1661.204	166.8082	0.1185592	5.007737
1632	-1496.425	-1662.193	165.7681	0.1962683	5.539404
1638	-1490.25	-1656.894	166.645	0.1538332	5.078774
1644	-1498.698	-1665.494	166.7958	0.0237587	5.067237
1650	-1496.645	-1663.714	167.0689	0.04218363	4.905262
1656	-1508.966	-1673.98	165.0138	0.3140402	5.888201
1662	-1498.833	-1665.714	166.8804	0.2869489	4.873943
1668	-1493.224	-1659.579	166.3544	0.2752142	5.172493
1674	-1490.843	-1656.864	166.0211	0.1296823	5.436834
1680	-1511.771	-1677.79	166.0189	0.1444626	5.4299
1686	-1506.521	-1673.324	166.8032	0.1126612	5.013831
1692	-1502.434	-1668.403	165.9693	0.04378157	5.512616
1698	-1498.139	-1663.464	165.3254	0.1456707	5.809901
1704	-1507.467	-1673.468	166.0011	0.3419613	5.330876
1710	-1490.014	-1656.82	166.8058	0.06474964	5.038993
1716	-1497.429	-1663.383	165.9547	0.1223076	5.477449
1722	-1503.594	-1669.672	166.0779	0.1064672	5.418342
1728	-1488.095	-1654.119	166.0235	0.06570037	5.470741
1734	-1497.526	-1663.99	166.4642	0.1732129	5.168186
1740	-1499.643	-1665.371	165.7277	0.09454376	5.617465
1746	-1489.153	-1654.976	165.8224	0.1876433	5.514315
1752	-1499.25	-1665.59	166.3401	0.3911543	5.116238
1758	-1487.839	-1654.771	166.9326	0.3088867	4.832583
1764	-1488.781	-1655.354	166.5732	0.08028798	5.159278
1770	-1487.861	-1653.654	165.793	0.3529061	5.439555
1776	-1484.486	-1650.264	165.7775	0.3192667	5.466569
1782	-1487.613	-1654.378	166.7653	0.2249891	4.972481
1788	-1489.337	-1655.277	165.9397	0.3783005	5.34471
1794	-1488.15	-1654.224	166.0745	0.1561345	5.392835
1800	-1488.499	-1655.085	166.5866	0.1381296	5.119832
1806	-1482.921	-1648.744	165.823	0.2204232	5.495953
1812	-1477.949	-1644.551	166.6025	0.2491849	5.049448
1818	-1483.554	-1650.34	166.7856	0.06608036	5.049448
1824	-1479.274	-1646.078	166.8039	0.1721739	4.980332
1830	-1483.022	-1649.694	166.6716	0.3044901	4.980332
1836	-1479.033	-1645.319	166.2864	0.12609	5.292537
1842	-1485.802	-1651.779	165.9767	0.07881508	5.489281
1848	-1486.782	-1652.032	165.2502	0.3718797	5.727238
1854	-1486.773	-1653.565	166.7924	0.113844	5.019143
1860	-1486.803	-1652.646	165.8429	0.1784503	5.508048
1866	-1488.065	-1654.415	166.3498	0.2121718	5.20995
1872	-1483.16	-1649.845	166.6858	0.03041921	5.124545
1878	-1482.557	-1648.93	166.3732	0.06345872	5.279219
1884	-1478.041	-1644.826	166.7844	0.1139291	5.023561
1890	-1485.501	-1651.832	166.331	0.03138863	5.320216
1896	-1489.565	-1655.828	166.2631	0.1163056	5.310826
1902	-1486.386	-1652.739	166.3536	0.02581529	5.310826
1908	-1495.147	-1662.473	167.3257	0.1715574	4.689722
1914	-1490.015	-1656.131	166.1164	0.07384236	5.415093
1920	-1480.366	-1647.122	166.7558	0.08167594	5.057326
1926	-1483.344	-1649.958	166.6139	0.2448059	5.045556
1932	-1490.795	-1657.106	166.3116	0.1378736	5.272131
1938	-1490.289	-1655.991	165.7014	0.02670387	5.669088
1944	-1494.593	-1660.965	166.3718	0.1684469	5.221955
1950	-1497.701	-1664.078	166.377	0.1684469	5.219085
1956	-1492.892	-1658.273	165.3809	0.2642063	5.714592
1962	-1490.557	-1657.535	166.9787	0.08127689	4.933686
1968	-1480.804	-1647.222	166.4181	0.2356235	5.159195
1974	-1496.338	-1663.216	166.8786	0.08094804	4.989563
1980	-1501.549	-1667.453	165.9033	0.2088589	5.458106
1986	-1506.489	-1671.849	165.3597	0.3200886	5.695569
1992	-1499.923	-1666.503	166.5799	0.3120437	5.027069
1998	-1499.985	-1666.489	166.5036	0.154255	5.156902
2004	-1497.889	-1663.802	165.9128	0.1249952	5.499034
2010	-1498.939	-1666.29	167.3511	0.131406	4.69795
2016	-1488.551	-1656.034	167.4824	0.2549693	4.555062
2022	-1477.008	-1642.91	165.902	0.1134282	5.51133
2028	-1486.36	-1652.932	166.5712	0.07169795	5.165161
2034	-1486.805	-1653.156	166.3502	0.02904967	5.310884
2040	-1486.414	-1652.652	166.2381	0.2561388	5.247381
2046	-1496.474	-1661.814	165.3395	0.3185204	5.707511
2052	-1497.1	-1663.502	166.4017	0.06101747	5.264793
2058	-1494.655	-1660.611	165.956	0.06101747	5.510475
2064	-1497.005	-1663.137	166.1321	0.1065429	5.388427
2070	-1493.945	-1660.112	166.1675	0.1415862	5.3496
2076	-1512.241	-1678.195	165.9543	0.09010667	5.495388
2082	-1499.816	-1666.274	166.4584	0.007384128	5.263127
2088	-1495.852	-1661.765	165.9139	0.1244648	5.498728
2094	-1496.919	-1663.658	166.7388	0.04695155	5.086036
2100	-1500.417	-1665.447	165.0299	0.2812945	5.897291
2106	-1489.051	-1655.46	166.4087	0.3911142	5.078229
2112	-1500.695	-1664.905	164.2093	0.4070227	6.275855
2118	-1487.153	-1653.222	166.0686	0.175893	5.385227
2124	-1502.747	-1669.565	166.8183	0.2188518	4.946414
2130	-1489.554	-1656.21	166.656	0.2589577	5.014291
2136	-1492.844	-1658.423	165.5793	0.07022598	5.712206
2142	-1488.744	-1654.307	165.5628	0.1571053	5.673579
2148	-1489.123	-1654.81	165.6872	0.2044736	5.579344
2154	-1494.08	-1660.098	166.0189	0.1892377	5.405275
2160	-1494.183	-1660.602	166.4195	0.07134652	5.249258
2166	-1484.9	-1650.794	165.8944	0.1665982	5.486245
2172	-1492.803	-1659.232	166.4283	0.2079825	5.168849
2178	-1501.899	-1668.253	166.3538	0.1209212	5.258146
2184	-1499.597	-1665.217	165.62	0.1620786	5.6395
2190	-1494.222	-1660.623	166.4001	0.1745602	5.202919
2196	-1494.149	-1659.248	165.0986	0.1447311	5.934346
2202	-1487.355	-1653.576	166.2204	0.1634801	5.308334
2208	-1479.458	-1645.249	165.7911	0.335939	5.449933
2214	-1497.059	-1664.471	167.412	0.2370952	4.604647
2220	-1497.794	-1663.759	165.965	0.1090685	5.479091
2226	-1502.381	-1668.647	166.267	0.03319281	5.354526
2232	-1498.351	-1664.59	166.2388	0.02243817	5.376008
2238	-1491.305	-1657.359	166.0534	0.2077814	5.376008
2244	-1497.323	-1663.115	165.7918	0.08641949	5.58672
2250	-1492.35	-1658.268	165.918	0.1648455	5.474264
2256	-1498.089	-1664.396	166.3073	0.1277314	5.280114
2262	-1508.109	-1674.995	166.8863	0.1111429	4.968487
2268	-1502.08	-1668.956	166.8765	0.1166592	4.970848
2274	-1511.714	-1677.733	166.0192	0.2539821	5.369389
2280	-1512.369	-1678.33	165.9617	0.05202038	5.512285
2286	-1501.621	-1667.946	166.325	0.1978843	5.23155
2292	-1486.308	-1652.663	166.3554	0.1675294	5.23155
2298	-1494.217	-1660.926	166.7089	0.09601276	5.075387
2304	-1491.391	-1657.621	166.2294	0.1346576	5.319309
2310	-1484.585	-1650.883	166.2987	0.211697	5.238471
2316	-1481.238	-1647.519	166.2813	0.2683959	5.216753
2322	-1499.721	-1665.939	166.2178	0.3117727	5.227869
2328	-1500.805	-1667.001	166.1955	0.01407735	5.404471
2334	-1494.436	-1661.754	167.3181	0.3999448	4.565937
2340	-1504.986	-1671.153	166.1669	0.06093514	5.394399
2346	-1500.193	-1665.976	165.7829	0.2069265	5.525406
2352	-1498.296	-1663.809	165.5128	0.1178512	5.722504
2358	-1501.822	-1668.331	166.5089	0.09301229	5.187847
2364	-1502.971	-1669.669	166.6984	0.09301229	5.082874
2370	-1502.948	-1668.439	165.4911	0.2673899	5.652424
2376	-1501.452	-1666.94	165.4882	0.2703141	5.652424
2382	-1489.884	-1656.664	166.7802	0.02527516	5.075063
2388	-1487.347	-1653.802	166.4546	0.05925453	5.236565
2394	-1476.754	-1642.741	165.9874	0.07654205	5.484672
2400	-1482.063	-1648.098	166.0349	0.02097558	5.489058
2406	-1493.052	-1659.588	166.5356	0.04273413	5.200883
2412	-1486.746	-1652.488	165.7417	0.3947916	5.444722
2418	-1479.714	-1645.657	165.9433	0.1931583	5.444722
2424	-1493.185	-1658.858	165.6729	0.1931583	5.593405
2430	-1502.925	-1670.423	167.4981	0.1931583	4.580989
2436	-1503.134	-1669.89	166.7564	0.2510487	4.962903
2442	-1493.511	-1659.101	165.5905	0.02652772	5.729974
2448	-1481.204	-1647.75	166.5459	0.1498334	5.135923
2454	-1486.462	-1652.94	166.4779	0.2178321	5.135923
2460	-1487.962	-1654.802	166.8398	0.2719797	4.904839
2466	-1490.541	-1656.535	165.9937	0.1050244	5.465493
2472	-1504.945	-1670.398	165.4532	0.1556498	5.734438
2478	-1506.317	-1672.588	166.2708	0.2375677	5.239555
2484	-1490.954	-1657.543	166.5888	0.1256312	5.125536
2490	-1485.456	-1651.67	166.2142	0.3335585	5.217826
2496	-1479.943	-1646.166	166.2231	0.1288638	5.325949
2502	-1486.125	-1653.408	167.2827	0.1288638	4.737643
2508	-1486.906	-1652.783	165.8771	0.3205071	5.411059
2514	-1489.218	-1655.46	166.2417	0.3497089	5.193663
2520	-1484.301	-1650.253	165.9523	0.2063663	5.432499
2526	-1476.711	-1643.332	166.6214	0.11211	5.114985
2532	-1477.046	-1643.632	166.5858	0.2187801	5.075572
2538	-1482.849	-1649.383	166.5337	0.142661	5.146644
2544	-1479.897	-1645.673	165.7763	0.01307133	5.635512
2550	-1487.22	-1653.162	165.9418	0.1730634	5.456631
2556	-1488.322	-1655.139	166.8178	0.0524311	5.039151
2562	-1494.383	-1660.944	166.5605	0.1096836	5.150028
2568	-1489.518	-1655.533	166.0154	0.0796406	5.467529
2574	-1490.82	-1657.298	166.4774	0.1554229	5.170762
2580	-1501.164	-1666.679	165.5146	0.1728988	5.691365
2586	-1493.824	-1659.955	166.1318	0.2714874	5.297654
2592	-1506.674	-1673.147	166.4729	0.2576086	5.116655
2598	-1494.377	-1660.431	166.0546	0.08437252	5.443352
2604	-1507.055	-1672.863	165.8085	0.3134514	5.452746
2610	-1506.516	-1672.151	165.6354	0.268713	5.572501
2616	-1511.402	-1677.081	165.6785	0.245484	5.561597
2622	-1496.567	-1662.931	166.3641	0.181166	5.219188
2628	-1492.383	-1657.804	165.4212	0.09019425	5.787839
2634	-1495.491	-1662.024	166.5324	0.1380357	5.149897
2640	-1490.42	-1656.031	165.6101	0.1380357	5.658121
2646	-1503.216	-1669.161	165.9445	0.1352528	5.475943
2652	-1506.053	-1672.941	166.8887	0.03489951	5.009522
2658	-1492.341	-1659.617	167.2755	0.1008385	4.757337
2664	-1507.641	-1673.694	166.0527	0.3127644	5.318503
2670	-1511.98	-1677.716	165.7364	0.1088936	5.604795
2676	-1511.118	-1678.605	167.4865	0.2701792	4.544223
2682	-1503.225	-1669.141	165.9157	0.1030024	5.509528
2688	-1500.584	-1667.007	166.4233	0.1226307	5.218833
2694	-1498.798	-1665.929	167.1307	0.2707518	4.74326
2700	-1494.339	-1661.297	166.9582	0.2484494	4.852008
2706	-1494.777	-1661.061	166.2838	0.2876809	5.204697
2712	-1492.084	-1658.615	166.5309	0.04052121	5.204697
2718	-1495.095	-1661.303	166.2076	0.01628813	5.396557
2724	-1493.382	-1659.792	166.4098	0.04601042	5.268607
2730	-1486.701	-1652.985	166.284	0.1718263	5.268607
2736	-1504.849	-1670.034	165.1856	0.1796163	5.867761
2742	-1486.016	-1652.983	166.9671	0.06082338	4.951547
2748	-1490.624	-1657.063	166.439	0.06890475	5.23984
2754	-1492.586	-1658.036	165.4503	0.1368756	5.746329
2760	-1494.433	-1659.772	165.3396	0.2475887	5.746329
2766	-1502.936	-1668.249	165.313	0.2741712	5.746329
2772	-1503.299	-1668.689	165.3902	0.02759682	5.839023
2778	-1488.816	-1655.214	166.3975	0.06418663	5.265392
2784	-1487.2	-1653.175	165.9743	0.01551707	5.525401
2790	-1497.445	-1663.618	166.1728	0.2777883	5.2715
2796	-1500.921	-1666.463	165.5421	0.03766248	5.750399
2802	-1495.941	-1661.925	165.9837	0.2415602	5.395799
2808	-1506.328	-1673.03	166.7028	0.02149616	5.120081
2814	-1508.503	-1673.209	164.7068	0.2933803	6.067001
2820	-1504.234	-1671.185	166.9517	0.09539865	4.940845
2826	-1499.848	-1666.193	166.3449	0.2176458	5.209637
2832	-1490.972	-1655.825	164.8534	0.2958967	5.985651
2838	-1480.19	-1645.997	165.8071	0.1374587	5.550286
2844	-1491.007	-1657.341	166.3338	0.183844	5.234448
2850	-1488.096	-1654.4	166.3034	0.0042795	5.350396
2856	-1482.145	-1648.967	166.8226	0.01684224	5.056225
2862	-1486.514	-1653.232	166.7178	0.01707771	5.114213
2868	-1498.23	-1664.808	166.5778	0.002683663	5.199717
2874	-1497.333	-1664.652	167.3187	0.002036306	4.788377
2880	-1488.7	-1655.119	166.419	0.01491473	5.2807
2886	-1488.262	-1654.607	166.345	0.1294858	5.258318
2892	-1506.695	-1672.708	166.0134	0.0237437	5.499398
2898	-1503.392	-1668.585	165.193	0.172729	5.867498
2904	-1498.214	-1664.974	166.76	0.07419539	5.059148
2910	-1501.12	-1667.003	165.8839	0.2341437	5.454868
2916	-1502.064	-1668.372	166.3082	0.3523141	5.155394
2922	-1494.799	-1661.02	166.2216	0.1870852	5.29465
2928	-1503.948	-1668.627	164.6787	0.3554435	6.048494
2934	-1494.956	-1660.706	165.7499	0.1313495	5.585056
2940	-1489.427	-1655.158	165.7309	0.1503197	5.585056
2946	-1502.734	-1668.413	165.679	0.2014928	5.585456
2952	-1501.379	-1667.731	166.3526	0.1498271	5.242856
2958	-1490.785	-1657.203	166.4178	0.1571985	5.202747
2964	-1489.695	-1655.33	165.6348	0.08357196	5.674415
2970	-1489.788	-1656.56	166.7716	0.2949635	4.93005
2976	-1476.322	-1642.593	166.2714	0.1513812	5.286871
2982	-1496.511	-1662.704	166.193	0.2297378	5.286871
2988	-1501.599	-1667.81	166.2112	0.2116073	5.286871
2994	-1491.595	-1658.013	166.4176	0.005144803	5.286871
3000	-1483.454	-1649.647	166.1929	0.0301142	5.397069
3006	-1487.366	-1653.818	166.4519	0.111048	5.209423
3012	-1488.119	-1654.228	166.1095	0.08762849	5.411339
3018	-1491.57	-1658.605	167.0351	0.0389071	4.925881
3024	-1494.624	-1660.247	165.6231	0.3947177	5.509994
3030	-1503.653	-1669.356	165.7035	0.02976963	5.666283
3036	-1485.965	-1652.585	166.6209	0.07073151	5.138184
3042	-1494.323	-1660.787	166.4639	0.1066468	5.205196
3048	-1492.779	-1659.641	166.8617	0.06276449	5.009029
3054	-1493.344	-1660.219	166.8747	0.04978883	5.009029
3060	-1492.493	-1658.534	166.0412	0.1593294	5.409432
3066	-1490.963	-1657.463	166.5004	0.02928602	5.22777
3072	-1483.885	-1651.159	167.2732	0.02651076	4.800124
3078	-1491.683	-1658.014	166.3309	0.3097318	5.166412
3084	-1493.368	-1660.035	166.6663	0.1320821	5.079
3090	-1494.735	-1660.479	165.7437	0.173819	5.565121
3096	-1507.792	-1673.185	165.3923	0.1698561	5.760016
3102	-1498.616	-1665.211	166.5953	0.1410606	5.113394
3108	-1496.938	-1664.009	167.0704	0.2105761	4.810552
3114	-1496.079	-1662.063	165.9835	0.2520398	5.390135
3120	-1504.652	-1670.675	166.0231	0.2124595	5.390135
3126	-1497.61	-1665.296	167.6865	0.1666137	4.490002
3132	-1491.089	-1657.465	166.376	0.1097953	5.252048
3138	-1494.393	-1660.568	166.1751	0.3106998	5.252048
3144	-1499.021	-1665.185	166.1646	0.143797	5.349984
3150	-1488.641	-1654.85	166.2091	0.0992838	5.349984
3156	-1488.952	-1655.02	166.0681	0.2026012	5.370777
3162	-1494.088	-1659.947	165.8593	0.06009114	5.564135
3168	-1500.37	-1666.399	166.0286	0.07742398	5.461475
3174	-1494.926	-1660.668	165.7416	0.2979745	5.498029
3180	-1485.848	-1652.333	166.4854	0.02987216	5.235758
3186	-1498.911	-1665.109	166.1973	0.2685776	5.263049
3192	-1494.813	-1661.079	166.2664	0.1009086	5.317509
3198	-1488.745	-1654.151	165.4059	0.3200413	5.670303
3204	-1497.504	-1663.638	166.1337	0.1716657	5.351687
3210	-1488.424	-1654.336	165.9114	0.2467425	5.432794
3216	-1483.5	-1649.13	165.63	0.02670562	5.708249
3222	-1495.409	-1661.301	165.8915	0.1972308	5.47101
3228	-1492.275	-1658.342	166.0669	0.02182606	5.47101
3234	-1502.434	-1668.11	165.6756	0.2514555	5.559926
3240	-1483.363	-1650.32	166.9569	0.06091303	4.957123
3246	-1492.921	-1660.204	167.2824	0.0275795	4.794395
3252	-1493.67	-1659.073	165.4033	0.253654	5.708116
3258	-1498.122	-1664.413	166.2916	0.1491044	5.276952
3264	-1500.615	-1666.7	166.0845	0.1654113	5.382212
3270	-1492.417	-1658.551	166.1343	0.01977824	5.435027
3276	-1490.501	-1656.282	165.7814	0.1232783	5.572222
3282	-1485.292	-1652.363	167.0715	0.009793418	4.921853
3288	-1486.267	-1651.702	165.4352	0.1412658	5.752182
3294	-1494.445	-1659.46	165.0142	0.2515168	5.922134
3300	-1495.611	-1662.577	166.966	0.1407655	4.907676
3306	-1497.877	-1665.401	167.5242	0.1523634	4.589228
3312	-1487.096	-1653.968	166.8715	0.1008639	4.982427
3318	-1501.837	-1668.364	166.5265	0.03678322	5.209214
3324	-1494.352	-1661.906	167.5549	0.05031963	4.629252
3330	-1481.807	-1648.078	166.2703	0.1006882	5.31547
3336	-1490.285	-1657.369	167.0841	0.02124006	4.908435
3342	-1492.811	-1658.964	166.1532	0.02755865	5.420324
3348	-1486.456	-1652.693	166.2369	0.2342282	5.260182
3354	-1488.246	-1653.997	165.7508	0.2475225	5.520734
3360	-1497.415	-1663.418	166.0029	0.08605697	5.470865
3366	-1502.515	-1667.845	165.3299	0.04243379	5.863893
3372	-1496.291	-1662.917	166.6257	0.1242165	5.105902
3378	-1502.683	-1669.685	167.0013	0.1317623	4.89304
3384	-1510.283	-1677.081	166.7984	0.05158784	5.050365
3390	-1508.396	-1674.417	166.021	0.4214767	5.275976
3396	-1509.157	-1674.087	164.9301	0.157902	6.019085
3402	-1498.535	-1665.382	166.8472	0.05197586	5.02308
3408	-1494.292	-1660.473	166.1811	0.1974762	5.311277
3414	-1499.983	-1666.048	166.0658	0.02093279	5.472081
3420	-1497.112	-1663.083	165.9706	0.116158	5.472081
3426	-1496.884	-1663.519	166.6355	0.2268322	5.043515
3432	-1493.404	-1660.65	167.2461	0.03453791	4.810723
3438	-1492.522	-1659.091	166.5697	0.1734102	5.109668
3444	-1497.151	-1663.602	166.4506	0.06929781	5.233227
3450	-1490.611	-1656.991	166.3802	0.1046105	5.252625
3456	-1494.167	-1660.698	166.5303	0.167277	5.134868
3462	-1491.605	-1657.613	166.008	0.08595545	5.468154
3468	-1494.501	-1661.878	167.3766	0.01462826	4.748999
3474	-1479.237	-1645.863	166.626	0.05387038	5.144667
3480	-1482.36	-1648.832	166.4717	0.2081963	5.144667
3486	-1498.29	-1664.757	166.4667	0.02980378	5.24611
3492	-1489.547	-1656.029	166.4817	0.07235061	5.214311
3498	-1490.07	-1655.65	165.5795	0.2471846	5.615049
3504	-1499.828	-1665.324	165.4959	0.273019	5.646706
3510	-1488.783	-1654.272	165.4894	0.07951593	5.756326
3516	-1488.423	-1654.822	166.3984	0.2842881	5.143154
3522	-1501.953	-1668.524	166.572	0.1415062	5.126065
3528	-1500.001	-1665.551	165.5508	0.08056772	5.722138
3534	-1486.618	-1652.404	165.7863	0.1949281	5.530139
3540	-1486.076	-1651.864	165.7883	0.01889404	5.625705
3546	-1481.883	-1647.671	165.7883	0.01889404	5.625705
3552	-1492.969	-1658.454	165.4849	0.01383824	5.794775
3558	-1487.292	-1652.346	165.0532	0.01329824	6.030856
3564	-1487.035	-1653.38	166.3449	0.2136326	5.211821
3570	-1496.099	-1661.578	165.4797	0.2062686	5.692229
3576	-1499.304	-1666.309	167.0046	0.05854559	4.931907
3582	-1492.63	-1659.528	166.898	0.1652225	4.931907
3588	-1493.928	-1659.837	165.9089	0.1925177	5.464016
3594	-1491.268	-1657.543	166.2746	0.13904	5.291887
3600	-1489.898	-1655.98	166.0822	0.09648475	5.421468
3606	-1495.83	-1662.427	166.5975	0.06819775	5.152533
3612	-1496.05	-1661.546	165.4957	0.008940454	5.791535
3618	-1497.379	-1663.48	166.1014	0.1137257	5.401389
3624	-1492.982	-1659.79	166.8082	0.09257463	5.02217
3630	-1490.819	-1657.411	166.5917	0.2150011	5.074413
3636	-1498.215	-1663.32	165.1051	0.1634339	5.920618
3642	-1487.341	-1653.883	166.5417	0.2103623	5.10467
3648	-1491.273	-1657.325	166.0515	0.01013382	5.485939
3654	-1512.206	-1679.716	167.5103	0.1240166	4.612917
3660	-1501.683	-1668.685	167.0019	0.4031639	4.741286
3666	-1493.648	-1660.647	166.9985	0.2995222	4.801035
3672	-1504.676	-1669.991	165.3154	0.2573788	5.754214
3678	-1510.602	-1675.567	164.9655	0.2158814	5.968181
3684	-1493.837	-1660.499	166.6615	0.2158814	5.035164
3690	-1504.857	-1671.719	166.8614	0.04588354	5.018573
3696	-1504.517	-1671.395	166.8783	0.03107083	5.017428
3702	-1492.427	-1659.237	166.8101	0.09923334	5.017428
3708	-1491.032	-1657.925	166.893	0.2345312	4.896116
3714	-1488.297	-1654.882	166.5844	0.09014511	5.147623
3720	-1492.248	-1658.797	166.5489	0.02881071	5.201252
3726	-1491.97	-1658.95	166.98	0.176163	4.880125
3732	-1486.711	-1652.622	165.911	0.05419865	5.538952
3738	-1488.423	-1654.322	165.8985	0.1214791	5.508823
3744	-1484.169	-1650.682	166.5135	0.03638564	5.216629
3750	-1502.219	-1668.484	166.265	0.02979235	5.357513
3756	-1495.887	-1661.494	165.6073	0.2536404	5.596205
3762	-1498.22	-1664.412	166.1925	0.09200048	5.363191
3768	-1493.108	-1659.279	166.1708	0.1137053	5.363191
3774	-1498.673	-1664.826	166.1525	0.1319673	5.363191
3780	-1494.455	-1660.543	166.0883	0.02946052	5.455053
3786	-1506.68	-1672.608	165.9288	0.1888796	5.455053
3792	-1512.76	-1678.843	166.0836	0.00504343	5.471056
3798	-1505.106	-1671.599	166.4927	0.01472752	5.240097
3804	-1510.972	-1677.173	166.2013	0.4181271	5.178179
3810	-1506.548	-1671.851	165.3038	0.1696643	5.8086
3816	-1503.159	-1669.57	166.4105	0.08527106	5.246561
3822	-1497.267	-1663.769	166.5022	0.1227577	5.175082
3828	-1483.996	-1650.505	166.5093	0.09330943	5.187441
3834	-1480.493	-1647.103	166.6093	0.1673941	5.091045
3840	-1482.937	-1649.526	166.5887	0.1952595	5.086997
3846	-1501.342	-1668.336	166.9938	0.1952595	4.86184
3852	-1492.597	-1658.681	166.0839	0.01519171	5.465287
3858	-1518.45	-1683.853	165.4036	0.08660472	5.799426
3864	-1505.494	-1671.672	166.1783	0.153223	5.337229
3870	-1495.721	-1662.153	166.4318	0.03653708	5.26171
3876	-1482.897	-1649.503	166.6064	0.01826591	5.175236
3882	-1478.088	-1644.433	166.3454	0.005568611	5.326487
3888	-1479.277	-1646.159	166.8818	0.0287096	5.016785
3894	-1487.953	-1654.784	166.8311	0.02313132	5.048003
3900	-1489.385	-1655.748	166.3636	0.3332558	5.135265
3906	-1481.768	-1647.978	166.2102	0.2539766	5.264003
3912	-1474.626	-1640.859	166.2332	0.2881306	5.23242
3918	-1484.659	-1650.331	165.6729	0.126764	5.629846
3924	-1479.893	-1644.818	164.9248	0.126764	6.038973
3930	-1489.275	-1655.466	166.1908	0.02871474	5.398973
3936	-1491.327	-1656.864	165.5366	0.2465228	5.638903
3942	-1507.018	-1672.722	165.7044	0.2320871	5.554719
3948	-1505.788	-1672.328	166.5402	0.04024501	5.199741
3954	-1499.479	-1664.832	165.3529	0.02780057	5.859298
3960	-1493.816	-1660.089	166.2734	0.1680509	5.276534
3966	-1495.476	-1661.523	166.0469	0.06291676	5.459381
3972	-1495.028	-1660.973	165.9446	0.1652735	5.459381
3978	-1513.392	-1679.127	165.7347	0.1600896	5.577629
3984	-1505	-1672.056	167.0556	0.04380984	4.911768
3990	-1504.438	-1670.568	166.13	0.0004507413	5.44804
3996	-1488.484	-1654.578	166.0932	0.004842684	5.465857
4002	-1495.722	-1662.999	167.2767	0.04469945	4.787989
4008	-1486.495	-1652.236	165.7411	0.1230168	5.594482
4014	-1478.921	-1645.122	166.2017	0.1841403	5.307234
4020	-1484.129	-1650.908	166.7792	0.01299086	5.082421
4026	-1481.377	-1647.422	166.0446	0.1527806	5.411188
4032	-1492.454	-1658.118	165.664	0.2111743	5.588382
4038	-1492.551	-1659.417	166.8657	0.1725117	4.945801
4044	-1479.592	-1645.552	165.9601	0.002638719	5.540271
4050	-1487.362	-1653.385	166.0221	0.03196267	5.490075
4056	-1495.673	-1661.776	166.103	0.07719954	5.420648
4062	-1493.352	-1658.514	165.1613	0.1399487	5.902707
4068	-1489.632	-1656.491	166.8586	0.1466464	4.964136
4074	-1500.302	-1666.859	166.5571	0.1532926	5.1278
4080	-1488.578	-1654.683	166.1047	0.1532926	5.377782
4086	-1488.312	-1654.088	165.7762	0.01305443	5.63556
4092	-1498.26	-1664.818	166.5577	0.319313	5.035396
4098	-1490.172	-1656.708	166.5353	0.1182034	5.159302
4104	-1495.154	-1662.168	167.0132	0.03224334	4.941794
4110	-1501.772	-1668.223	166.4508	0.1002721	5.215994
4116	-1493.345	-1658.99	165.6445	0.146534	5.634585
4122	-1500.908	-1667.305	166.3969	0.09546282	5.248432
4128	-1500.069	-1665.517	165.4484	0.0209205	5.810836
4134	-1507.982	-1673.568	165.5851	0.2128601	5.630784
4140	-1496.478	-1662.987	166.5091	0.0605465	5.205692
4146	-1494.226	-1660.334	166.1085	0.007885436	5.45578
4152	-1504.812	-1670.32	165.5089	0.02951838	5.773005
4158	-1504.431	-1670.701	166.2694	0.07379665	5.330818
4164	-1495.144	-1662.185	167.041	0.09743758	4.890027
4170	-1496.48	-1663.001	166.5216	0.2467812	5.09566
4176	-1504.823	-1671.51	166.6869	0.2467812	5.00393
4182	-1488.511	-1655.046	166.5347	0.2642451	5.078673
4188	-1492.504	-1658.348	165.8439	0.1546704	5.520611
4194	-1503.829	-1669.692	165.8629	0.1356296	5.520611
4200	-1494.959	-1660.87	165.9109	0.2525466	5.429901
4206	-1496.746	-1662.283	165.5374	0.1850075	5.672229
4212	-1500.749	-1667.181	166.4318	0.1762769	5.184441
4218	-1503.188	-1669.235	166.0466	0.3039725	5.326701
4224	-1489.448	-1655.384	165.9364	0.1562691	5.468841
4230	-1493.216	-1660.051	166.8351	0.1562691	4.971863
4236	-1483.555	-1649.408	165.8531	0.1511144	5.517476
4242	-1503.322	-1670.557	167.2351	0.06467707	4.800053
4248	-1492.22	-1658.796	166.5763	0.08109614	5.157146
4254	-1501.316	-1667.363	166.0465	0.1497905	5.411805
4260	-1502.953	-1669.096	166.1436	0.05268907	5.411805
4266	-1485.599	-1650.823	165.2239	0.3617058	5.747196
4272	-1490.63	-1655.681	165.0505	0.1410386	5.962636
4278	-1495.733	-1661.247	165.5148	0.06669251	5.749441
4284	-1486.595	-1652.203	165.6079	0.162832	5.645697
4290	-1490.305	-1656.54	166.2353	0.2163581	5.270924
4296	-1492.435	-1658.613	166.1778	0.1630381	5.332083
4302	-1479.461	-1645.665	166.2043	0.1359175	5.332425
4308	-1490.706	-1656.171	165.4654	0.2328596	5.685459
4314	-1485.144	-1651.498	166.3532	0.2371422	5.19424
4320	-1491.898	-1657.889	165.9912	0.1871133	5.421695
4326	-1496.903	-1662.818	165.9149	0.06579615	5.530411
4332	-1497.277	-1663.779	166.5023	0.1859041	5.140071
4338	-1501.387	-1667.268	165.8805	0.1859041	5.483278
4344	-1500.771	-1666.678	165.9076	0.1073323	5.511581
4350	-1509.454	-1675.743	166.2893	0.1636731	5.270208
4356	-1505.309	-1671.086	165.7777	0.1577398	5.555321
4362	-1497.7	-1665.122	167.4223	0.03049101	4.714567
4368	-1488.779	-1656.117	167.3387	0.04208111	4.754843
4374	-1496.257	-1661.506	165.2486	0.2361699	5.802369
4380	-1494.066	-1660.264	166.198	0.1991623	5.301001
4386	-1493.009	-1658.447	165.4375	0.04516922	5.803524
4392	-1494.701	-1661.434	166.733	0.1092744	5.054645
4398	-1491.319	-1657.428	166.1091	0.1572723	5.373163
4404	-1499.215	-1665.639	166.4239	0.0176714	5.276511
4410	-1489.752	-1656.244	166.4919	0.0718999	5.208929
4416	-1487.527	-1653.267	165.7408	0.04986174	5.634801
4422	-1496.774	-1663.478	166.7045	0.04641374	5.105354
4428	-1483.744	-1650.113	166.369	0.06698512	5.279583
4434	-1484.856	-1650.953	166.0972	0.1310267	5.394211
4440	-1481.642	-1648.05	166.408	0.127148	5.224767
4446	-1491.414	-1657.871	166.4568	0.07835366	5.224767
4452	-1491.221	-1657.97	166.7495	0.07787417	5.062915
4458	-1477.936	-1644.087	166.1514	0.02006123	5.425472
4464	-1489.497	-1655.618	166.121	0.1867117	5.350387
4470	-1496.617	-1662.939	166.3226	0.356071	5.145332
4476	-1489.856	-1655.711	165.855	0.139968	5.522592
4482	-1498.876	-1664.226	165.3496	0.3645511	5.676753
4488	-1490.667	-1656.874	166.2064	0.1627734	5.316438
4494	-1485.649	-1650.853	165.2031	0.1627734	5.867387
4500	-1485.425	-1652.46	167.0352	0.06509322	4.91126
4506	-1488.373	-1655.127	166.7545	0.1938523	4.995735
4512	-1481.174	-1647.595	166.4215	0.14417	5.207907
4518	-1484.674	-1651.22	166.5453	0.1658111	5.127369
4524	-1484.775	-1650.712	165.9374	0.1166722	5.490065
4530	-1481.107	-1647.583	166.4756	0.171106	5.163054
4536	-1495.669	-1661.386	165.7172	0.1034626	5.618312
4542	-1496.245	-1661.846	165.6014	0.2193304	5.618312
4548	-1500.307	-1665.444	165.1368	0.4610986	5.740483
4554	-1490.488	-1655.564	165.0756	0.1916009	5.921295
4560	-1494.84	-1660.635	165.7949	0.2918818	5.472078
4566	-1490.95	-1656.854	165.9041	0.1742628	5.47672
4572	-1492.857	-1658.495	165.6381	0.02546652	5.704467
4578	-1486.801	-1652.954	166.1536	0.03674501	5.415047
4584	-1481.506	-1647.762	166.2558	0.06087234	5.345412
4590	-1489.576	-1655.828	166.2516	0.00568412	5.378195
4596	-1485.153	-1650.773	165.6199	0.007324908	5.724376
4602	-1483.173	-1649.579	166.4068	0.01771126	5.285895
4608	-1486.677	-1652.98	166.3033	0.2289083	5.226378
4614	-1488.601	-1654.911	166.3096	0.2226171	5.226378
4620	-1488.114	-1652.629	164.5152	0.2226171	6.209802
4626	-1483.526	-1649.744	166.2182	0.04867934	5.372867
4632	-1482.205	-1649.374	167.1686	0.09543499	4.820004
4638	-1479.281	-1645.714	166.4325	0.04151151	5.258569
4644	-1476.507	-1642.364	165.8568	0.285338	5.441587
4650	-1487.304	-1653.302	165.9981	0.1069329	5.462025
4656	-1485.448	-1652.106	166.6571	0.1895259	5.052231
4662	-1490.9	-1657.772	166.8716	0.1728202	4.942345
4668	-1485.764	-1651	165.235	0.305754	5.771728
4674	-1490.923	-1656.348	165.425	0.1349199	5.761273
4680	-1490.104	-1656.054	165.9503	0.06180457	5.513167
4686	-1488.985	-1655.71	166.7252	0.004736308	5.116954
4692	-1499.124	-1665.583	166.4593	0.001329804	5.265958
4698	-1497.431	-1663.888	166.4575	0.00309142	5.265958
4704	-1498.77	-1664.545	165.7751	0.04570488	5.61824
4710	-1497.35	-1663.941	166.5907	0.264369	5.047555
4716	-1488.667	-1654.18	165.5129	0.02371035	5.774034
4722	-1478.324	-1644.926	166.6027	0.03550051	5.167754
4728	-1488.847	-1655.309	166.4619	0.04918049	5.238067
4734	-1488.192	-1655.105	166.9133	0.1092098	4.954559
4740	-1490.303	-1656.578	166.2748	0.1092098	5.30826
4746	-1491.854	-1657.917	166.063	0.1143281	5.422219
4752	-1494.955	-1661.281	166.3254	0.09224984	5.289681
4758	-1495.464	-1662.515	167.051	0.1142577	4.875062
4764	-1501.253	-1667.262	166.0086	0.08265154	5.469599
4770	-1490.599	-1657.064	166.4653	0.1639704	5.172729
4776	-1495.211	-1661.386	166.175	0.2580632	5.281202
4782	-1492.019	-1658.194	166.175	0.2580632	5.281202
4788	-1495.239	-1661.332	166.0936	0.1495881	5.385932
4794	-1499.285	-1665.145	165.8599	0.268303	5.449254
4800	-1504.958	-1672.06	167.102	0.310017	4.73736
4806	-1502.263	-1669.332	167.0692	0.1696872	4.834054
4812	-1504.009	-1670.812	166.8034	0.2846404	4.918094
4818	-1498.654	-1664.475	165.8213	0.2846404	5.461535
4824	-1519.112	-1685.413	166.3009	0.2601772	5.210458
4830	-1511.771	-1677.963	166.1922	0.2601772	5.270497
4836	-1500.588	-1665.9	165.3128	0.417596	5.667864
4842	-1492.682	-1658.66	165.9779	0.08403553	5.485745
4848	-1491.479	-1658.855	167.3755	0.2021796	4.644652
4854	-1493.421	-1660.461	167.04	0.03789705	4.923724
4860	-1493.255	-1659.468	166.2128	0.03789705	5.381794
4866	-1488.315	-1654.679	166.3638	0.01565094	5.31078
4872	-1490.533	-1656.631	166.0982	0.04966273	5.438445
4878	-1488.646	-1654.502	165.8561	0.03965185	5.577087
4884	-1489.693	-1656.096	166.4032	0.04726395	5.271574
4890	-1499.471	-1665.555	166.0849	0.1056591	5.414932
4896	-1491.188	-1658.032	166.8438	0.06474916	5.017862
4902	-1488.943	-1654.672	165.7294	0.005077805	5.665593
4908	-1491.07	-1657.179	166.1093	0.190736	5.354579
4914	-1491.879	-1658.365	166.4858	0.1409357	5.174081
4920	-1493.246	-1659.044	165.7983	0.2967307	5.467517
4926	-1490.816	-1657.922	167.1064	0.2035967	4.794344
4932	-1494.777	-1661.348	166.5709	0.1473739	5.123427
4938	-1495.266	-1661.491	166.2255	0.2441148	5.261
4944	-1490	-1657.456	167.4562	0.2832859	4.553899
4950	-1497.007	-1664.859	167.8518	0.1109474	4.428298
4956	-1498.884	-1665.888	167.0039	0.1437113	4.884904
4962	-1487.169	-1653.538	166.3692	0.05981462	5.283435
4968	-1487.559	-1653.558	165.9992	0.01351683	5.512802
4974	-1500.473	-1666.789	166.316	0.04429402	5.321341
4980	-1492.87	-1658.136	165.2659	0.3818754	5.713115
4986	-1490.927	-1657.306	166.3792	0.1435492	5.231604
4992	-1486.497	-1652.829	166.3326	0.096752	5.283223
4998	-1498.445	-1664.657	166.2127	0.2166527	5.283223
5004	-1489.97	-1656.022	166.0526	0.3554016	5.295045
5010	-1494.324	-1660.442	166.1182	0.2898113	5.295045
5016	-1508.258	-1674.138	165.8798	0.2898113	5.426496
5022	-1505.762	-1671.779	166.017	0.1095608	5.450199
5028	-1505.457	-1671.494	166.037	0.08951075	5.450199
5034	-1495.565	-1661.42	165.8548	0.2716961	5.450199
5040	-1484.938	-1650.97	166.0326	0.0939633	5.450199
5046	-1488.552	-1655.174	166.6223	0.04775814	5.150117
5052	-1492.841	-1659.705	166.8641	0.159241	4.954103
5058	-1490.507	-1656.151	165.6437	0.1496525	5.633289
5064	-1496.148	-1663.094	166.945	0.163636	4.906599
5070	-1496.939	-1663.739	166.8008	0.163636	4.986845
5076	-1494.587	-1661.35	166.7633	0.03698052	5.077978
5082	-1496.347	-1662.925	166.5781	0.1690943	5.107371
5088	-1496.146	-1662.701	166.5552	0.1920372	5.107371
5094	-1493.742	-1660.075	166.3325	0.04713889	5.310659
5100	-1493.864	-1660.525	166.6606	0.03581838	5.135526
5106	-1488.955	-1655.585	166.6298	0.03896936	5.150846
5112	-1490.165	-1656.399	166.2335	0.08728419	5.343163
5118	-1499.537	-1665.478	165.9409	0.2227288	5.429792
5124	-1503.109	-1668.611	165.5011	0.2608854	5.650539
5130	-1501.414	-1666.811	165.3973	0.0604171	5.81721
5136	-1501.413	-1667.457	166.0443	0.1025384	5.439011
5142	-1506.997	-1673.506	166.509	0.05862737	5.206825
5148	-1498.605	-1664.611	166.0063	0.08714885	5.468424
5154	-1503.602	-1671.061	167.4596	0.1842141	4.607571
5160	-1502.208	-1668.344	166.136	0.174715	5.348694
5166	-1491.831	-1657.738	165.9077	0.2752622	5.419113
5172	-1490.175	-1655.91	165.7349	0.3596334	5.467803
5178	-1487.736	-1652.915	165.1795	0.3596334	5.772613
5184	-1491.396	-1656.981	165.585	0.2270236	5.623058
5190	-1503.625	-1669.12	165.4947	0.05933486	5.764467
5196	-1505.837	-1670.769	164.9317	0.1301807	6.033355
5202	-1500.1	-1665.708	165.6089	0.1205765	5.668377
5208	-1499.489	-1666.143	166.6532	0.02305219	5.14669
5214	-1494.586	-1660.395	165.809	0.00921502	5.619653
5220	-1489.64	-1657.014	167.3741	0.05549546	4.72757
5226	-1487.407	-1653.532	166.1248	0.1672972	5.35897
5232	-1487.289	-1653.746	166.4571	0.1672972	5.175374
5238	-1494.595	-1661.046	166.4513	0.1731772	5.175374
5244	-1490.46	-1656.404	165.9437	0.1113005	5.489556
5250	-1483.549	-1649.57	166.0206	0.1113005	5.447266
5256	-1493.075	-1659.371	166.2955	0.1294811	5.285658
5262	-1504.284	-1669.627	165.3425	0.3316944	5.698657
5268	-1492.759	-1658.474	165.7155	0.1483637	5.594623
5274	-1492.473	-1659.262	166.7887	0.05950815	5.051393
5280	-1509.612	-1676.449	166.8376	0.1032623	4.999932
5286	-1500.401	-1667.239	166.838	0.02158494	5.045041
5292	-1495.198	-1660.78	165.5822	0.003054555	5.747365
5298	-1489.274	-1655.663	166.3889	0.005027111	5.302811
5304	-1483.077	-1648.71	165.6325	0.002350966	5.720208
5310	-1488.866	-1654.605	165.7389	0.0008748332	5.662726
5316	-1484.064	-1650.055	165.9908	0.004247099	5.522534
5322	-1481.631	-1647.869	166.2376	0.2493198	5.251447
5328	-1491.459	-1657.868	166.4097	0.07719853	5.251447
5334	-1493.74	-1660.132	166.3915	0.1543799	5.218866
5340	-1498.917	-1664.243	165.3268	0.1454266	5.809253
5346	-1485.053	-1651.293	166.2398	0.1803715	5.28828
5352	-1498.072	-1664.332	166.2595	0.1607162	5.28828
5358	-1497.981	-1664.092	166.1103	0.3099028	5.28828
5364	-1479.196	-1644.662	165.4662	0.2086654	5.698303
5370	-1481.972	-1648.84	166.8682	0.2086654	4.92429
5376	-1493.18	-1659.053	165.8733	0.05177828	5.560996
5382	-1500.8	-1666.295	165.4943	0.07101984	5.75831
5388	-1487.389	-1653.205	165.8158	0.2586746	5.478827
5394	-1494.526	-1661.229	166.7028	0.07099416	5.092664
5400	-1490.758	-1656.852	166.0935	0.1622664	5.379037
5406	-1484.277	-1650.596	166.3194	0.2294968	5.217172
5412	-1486.296	-1652.581	166.2845	0.1730416	5.267684
5418	-1498.878	-1665.629	166.7514	0.1437144	5.025325
5424	-1500.796	-1667.366	166.5703	0.2335644	5.075975
5430	-1495.689	-1662.391	166.7025	0.1013768	5.075975
5436	-1502.224	-1668.733	166.5084	0.05383874	5.209781
5442	-1494.961	-1661.097	166.1358	0.2742745	5.293888
5448	-1491.31	-1657.678	166.3676	0.04243553	5.293888
5454	-1480.615	-1646.737	166.1224	0.1053138	5.394475
5460	-1486.693	-1652.953	166.2594	0.1181643	5.311832
5466	-1488.869	-1654.473	165.6036	0.2259248	5.613471
5472	-1501.845	-1667.418	165.5733	0.2561898	5.613471
5478	-1488.714	-1655.208	166.4944	0.1998871	5.136717
5484	-1499.855	-1666.55	166.6946	0.07042607	5.097485
5490	-1488.389	-1655.36	166.9707	0.1353107	4.908103
5496	-1495.545	-1662.593	167.0484	0.02170708	4.928052
5502	-1494.086	-1659.67	165.5839	0.2856053	5.59151
5508	-1489.202	-1655.274	166.0725	0.2856053	5.32255
5514	-1492.75	-1658.951	166.2017	0.1564565	5.32255
5520	-1497.491	-1664.041	166.5505	0.1097642	5.155559
5526	-1493.744	-1660.334	166.5904	0.3806399	4.983153
5532	-1493.689	-1659.379	165.6895	0.2126105	5.573586
5538	-1510.092	-1675.881	165.7891	0.1982897	5.526771
5544	-1494.315	-1660.664	166.3492	0.0606277	5.294035
5550	-1508.084	-1673.508	165.4236	0.2049058	5.72371
5556	-1498.757	-1664.832	166.0751	0.2049058	5.365629
5562	-1501.131	-1667.725	166.5937	0.2619824	5.047217
5568	-1503.785	-1669.992	166.2063	0.3095559	5.235432
5574	-1492.444	-1658.327	165.8838	0.1136547	5.521189
5580	-1498.112	-1664.132	166.0191	0.09146052	5.458983
5586	-1496.379	-1662.872	166.4931	0.08154396	5.202936
5592	-1494.652	-1661.45	166.798	0.1433341	4.999662
5598	-1500.506	-1666.746	166.2403	0.2107605	5.27126
5604	-1495.386	-1662.141	166.7556	0.06438408	5.067011
5610	-1494.761	-1660.875	166.1141	0.04207602	5.433902
5616	-1490.893	-1657.786	166.8933	0.09931582	4.971171
5622	-1499.282	-1666.001	166.7192	0.08873235	5.073692
5628	-1491.732	-1658.121	166.3889	0.1981636	5.196037
5634	-1492.666	-1658.363	165.6975	0.3984236	5.467048
5640	-1497.255	-1664.137	166.8826	0.1979139	4.922273
5646	-1489.068	-1656.195	167.1269	0.1802359	4.795986
5652	-1493.107	-1660.08	166.9729	0.0896429	4.932266
5658	-1490.903	-1655.77	164.8671	0.3260158	5.961761
5664	-1482.847	-1647.697	164.8497	0.3406937	5.963272
5670	-1481.696	-1648.954	167.2585	0.0761874	4.780572
5676	-1490.853	-1657.96	167.1065	0.007460181	4.903677
5682	-1491.346	-1657.585	166.2384	0.2088255	5.273336
5688	-1496.642	-1663.002	166.3597	0.1446376	5.241793
5694	-1496.161	-1662.849	166.6884	0.3326663	4.955354
5700	-1492.35	-1658.731	166.3819	0.07856484	5.266063
5706	-1496.875	-1662.548	165.6732	0.3081474	5.530066
5712	-1493.684	-1660.295	166.6106	0.2739291	5.031229
5718	-1483.713	-1649.302	165.5892	0.07771287	5.702666
5724	-1485.515	-1651.328	165.8124	0.2956489	5.460377
5730	-1483.429	-1650.4	166.9715	0.2135767	4.864029
5736	-1486.807	-1652.823	166.0165	0.1232723	5.442927
5742	-1492.458	-1659.408	166.9499	0.1363705	4.919038
5748	-1496.357	-1660.715	164.3582	0.2263603	6.293089
5754	-1484.973	-1650.287	165.3147	0.2240952	5.772849
5760	-1490.115	-1656.25	166.1347	0.1551472	5.36022
5766	-1489.907	-1656.383	166.4758	0.08935898	5.208185
5772	-1480.675	-1646.915	166.2392	0.07021953	5.349443
5778	-1489.475	-1654.955	165.4802	0.03320115	5.786739
5784	-1489.36	-1655.501	166.1408	0.1158866	5.3785
5790	-1486.912	-1653.418	166.5068	0.1562527	5.154024
5796	-1498.975	-1664.991	166.0163	0.2787862	5.357326
5802	-1513.405	-1679.682	166.2778	0.02150858	5.354997
5808	-1511.088	-1677.045	165.9567	0.342635	5.354997
5814	-1505.351	-1671.927	166.576	0.1529843	5.117502
5820	-1501.619	-1667.873	166.2546	0.1519212	5.295839
5826	-1510.094	-1676.515	166.4216	0.1045883	5.229753
5832	-1506.265	-1672.47	166.2056	0.2238498	5.283205
5838	-1507.417	-1672.737	165.3205	0.1320685	5.81999
5844	-1498.42	-1663.852	165.432	0.1888333	5.727889
5850	-1505.277	-1671.444	166.1672	0.2074387	5.313464
5856	-1494.649	-1661.694	167.0455	0.06754064	4.904168
5862	-1498.468	-1664.391	165.9229	0.3176153	5.387409
5868	-1500.83	-1667.456	166.6262	0.2020549	5.062457
5874	-1503.468	-1669.172	165.7045	0.1624542	5.592891
5880	-1499.314	-1665.352	166.0379	0.07101462	5.459926
5886	-1488.505	-1653.341	164.8363	0.3477104	5.966756
5892	-1493.39	-1658.541	165.1516	0.03237655	5.966756
5898	-1497.289	-1662.815	165.5258	0.1920874	5.674724
5904	-1501.848	-1668.151	166.3034	0.1894573	5.248162
5910	-1493.272	-1659.429	166.1569	0.3460457	5.242587
5916	-1495.623	-1662.497	166.8743	0.1143044	4.973367
5922	-1489.863	-1656.818	166.955	0.1718244	4.896507
5928	-1480.08	-1647.248	167.1682	0.1209968	4.805988
5934	-1480.623	-1645.725	165.1021	0.1636692	5.9221
5940	-1485.105	-1651.808	166.703	0.2674939	4.98347
5946	-1492.89	-1659.557	166.6667	0.05032526	5.124099
5952	-1492.077	-1658.89	166.8134	0.06196583	5.036299
5958	-1507.642	-1673.804	166.1628	0.04752192	5.404053
5964	-1498.855	-1665.203	166.3478	0.1399397	5.250968
5970	-1491.287	-1658.049	166.7617	0.179412	4.999781
5976	-1502.929	-1668.961	166.0315	0.1133091	5.44012
5982	-1494.328	-1661.126	166.7978	0.1699379	4.984977
5988	-1498.656	-1664.672	166.0162	0.1087228	5.451064
5994	-1504.529	-1671.035	166.5066	0.1929901	5.133748
6000	-1502.541	-1668.899	166.3581	0.1330177	5.249096
6006	-1484.804	-1651.326	166.5224	0.05001926	5.204141
6012	-1491.337	-1657.71	166.3733	0.1799119	5.214767
6018	-1488.349	-1653.774	165.4251	0.1212061	5.768719
6024	-1500.165	-1666.557	166.3922	0.3274212	5.12267
6030	-1493.045	-1659.074	166.0295	0.2304098	5.376736
6036	-1495.187	-1661.674	166.4868	0.04041396	5.229172
6042	-1499.093	-1665.083	165.9902	0.1710399	5.431117
6048	-1502.434	-1668.072	165.6385	0.2263745	5.594051
6054	-1505.616	-1670.985	165.3682	0.3676807	5.664826
6060	-1493.371	-1659.03	165.6593	0.004872737	5.704155
6066	-1496.945	-1663.229	166.2839	0.01839591	5.353381
6072	-1491.456	-1657.501	166.0447	0.002766145	5.493726
6078	-1486.693	-1653.165	166.4718	0.003866938	5.257631
6084	-1480.393	-1646.8	166.407	0.06865697	5.257631
6090	-1496.063	-1661.433	165.3702	0.05306485	5.836051
6096	-1498.078	-1664.925	166.8469	0.108387	4.991927
6102	-1489.391	-1655.969	166.5786	0.01509983	5.192364
6108	-1495.172	-1662.42	167.2486	0.2399292	4.694575
6114	-1496.159	-1662.397	166.2377	0.1420682	5.310591
6120	-1492.083	-1657.284	165.2012	0.08679572	5.909958
6126	-1502.333	-1667.76	165.4269	0.3827754	5.624341
6132	-1495.506	-1661.861	166.3547	0.09199035	5.273667
6138	-1504.094	-1669.751	165.6574	0.1567995	5.621884
6144	-1504.695	-1670.386	165.6909	0.3336528	5.50633
6150	-1503.733	-1669.202	165.4691	0.1827011	5.710905
6156	-1496.964	-1663.303	166.339	0.1095281	5.272661
6162	-1508.732	-1673.527	164.7946	0.2602328	6.037191
6168	-1499.711	-1665.412	165.7007	0.2602328	5.541288
6174	-1512.049	-1677.8	165.7504	0.21051	5.541288
6180	-1510.579	-1676.396	165.8167	0.09164575	5.570164
6186	-1499.002	-1664.19	165.1878	0.3083528	5.796136
6192	-1505.568	-1671.082	165.5147	0.1705022	5.692629
6198	-1492.96	-1659.022	166.0615	0.1610932	5.397304
6204	-1490.692	-1655.154	164.4621	0.221025	6.239536
6210	-1505.433	-1670.897	165.4645	0.4093851	5.589116
6216	-1503.413	-1669.322	165.9091	0.4093851	5.344431
6222	-1512.887	-1677.833	164.9457	0.2279387	5.97238
6228	-1494.543	-1660.772	166.2286	0.2268926	5.268782
6234	-1489.768	-1655.953	166.1857	0.2697742	5.268782
6240	-1492.36	-1658.56	166.2004	0.140499	5.332086
6246	-1490.366	-1657.444	167.0783	0.01259409	4.916485
6252	-1500.132	-1667.445	167.3129	0.115055	4.728457
6258	-1487.711	-1654.606	166.8944	0.1750798	4.928399
6264	-1488.465	-1655.039	166.5739	0.3141866	5.029237
6270	-1485.769	-1651.953	166.1834	0.2532924	5.279191
6276	-1488.624	-1654.783	166.1589	0.2777859	5.279191
6282	-1489.279	-1653.638	164.3594	0.4320532	6.180631
6288	-1484.767	-1651.625	166.8585	0.1900215	4.940049
6294	-1477.757	-1643.905	166.1474	0.1900215	5.333993
6300	-1491.854	-1657.889	166.0359	0.2219196	5.377899
6306	-1480.266	-1646.349	166.0831	0.2219196	5.351841
6312	-1478.967	-1645.684	166.7175	0.1135815	5.06089
6318	-1482.147	-1648.1	165.9533	0.04616166	5.520136
6324	-1488.06	-1654.856	166.7955	0.3427079	4.890165
6330	-1489.806	-1655.784	165.9775	0.1964979	5.424063
6336	-1481.471	-1647.484	166.0126	0.1614502	5.424063
6342	-1478.02	-1644.985	166.9652	0.1422994	4.907261
6348	-1482.147	-1649.148	167.0009	0.0641475	4.930874
6354	-1477.878	-1644.873	166.9959	0.1608362	4.879831
6360	-1496.21	-1662.888	166.6775	0.2211379	5.023395
6366	-1492.728	-1659.125	166.3972	0.2211379	5.178774
6372	-1495.823	-1661.986	166.1637	0.1038686	5.37253
6378	-1494.53	-1660.186	165.6559	0.07815306	5.665842
6384	-1491.354	-1658.004	166.6505	0.08867731	5.111842
6390	-1491.412	-1658.31	166.898	0.0879906	4.974826
6396	-1502.948	-1668.944	165.9956	0.2735573	5.371621
6402	-1499.353	-1665.847	166.4937	0.2393545	5.11523
6408	-1502.767	-1668.776	166.0097	0.2401393	5.382288
6414	-1494.185	-1660.082	165.8974	0.3182309	5.401127
6420	-1489.857	-1656.168	166.3115	0.3182309	5.172432
6426	-1487.461	-1653.449	165.9878	0.298164	5.362351
6432	-1486.956	-1653.159	166.2025	0.08345818	5.362351
6438	-1485.75	-1651.504	165.7536	0.09860586	5.600993
6444	-1501.313	-1667.224	165.9103	0.2905916	5.409233
6450	-1489.044	-1656.085	167.0402	0.2509459	4.804885
6456	-1497.225	-1663.349	166.124	0.1707108	5.357518
6462	-1496.525	-1661.899	165.3739	0.1214126	5.796648
6468	-1484.926	-1650.449	165.5231	0.1274401	5.711612
6474	-1485.552	-1651.66	166.1073	0.2992418	5.295849
6480	-1492.364	-1659.092	166.7283	0.2992418	4.951712
6486	-1494.604	-1661.032	166.4276	0.01205026	5.277573
6492	-1507.891	-1674.443	166.5525	0.1874575	5.111418
6498	-1500.256	-1667.185	166.9289	0.07744717	4.963518
6504	-1492.312	-1658.704	166.3921	0.1472387	5.222467
6510	-1501.551	-1666.6	165.0491	0.1472387	5.960012
6516	-1506.213	-1672.999	166.786	0.3929759	4.86745
6522	-1494.54	-1661.278	166.7384	0.06871669	5.074172
6528	-1498.382	-1664.898	166.516	0.3024949	5.067845
6534	-1485.907	-1651.567	165.6603	0.3467458	5.515953
6540	-1485.134	-1650.794	165.6603	0.3467458	5.515953
6546	-1490.071	-1656.674	166.6024	0.2822368	5.031152
6552	-1494.517	-1660.508	165.9911	0.2210294	5.403077
6558	-1490.982	-1656.806	165.8242	0.2458924	5.48129
6564	-1497.504	-1663.454	165.9496	0.1203941	5.48129
6570	-1489.439	-1655.764	166.3249	0.1844156	5.239036
6576	-1503.859	-1670.152	166.2929	0.1844156	5.256736
6582	-1501.23	-1667.203	165.9734	0.1607962	5.445955
6588	-1494.427	-1660.353	165.9258	0.1142172	5.497787
6594	-1492.345	-1658.969	166.6243	0.1142172	5.112219
6600	-1488.154	-1655.26	167.1053	0.134134	4.833754
6606	-1487.516	-1654.672	167.1566	0.08542536	4.832307
6612	-1491.987	-1658.906	166.9195	0.3123791	4.837967
6618	-1485.074	-1651.765	166.691	0.1093029	5.077931
6624	-1479.337	-1646.002	166.6649	0.105891	5.094302
6630	-1483.68	-1650.077	166.3976	0.1278926	5.230132
6636	-1482.974	-1649.136	166.1626	0.2786807	5.276622
6642	-1484.545	-1650.671	166.1257	0.2111532	5.334269
6648	-1490.374	-1656.334	165.9598	0.07812927	5.498975
6654	-1484.501	-1651.415	166.9142	0.01103202	5.008578
6660	-1484.752	-1651.387	166.6353	0.2870946	5.010207
6666	-1481.605	-1648.486	166.8818	0.2166101	4.912335
6672	-1483.065	-1650.062	166.997	0.01581955	4.959906
6678	-1476.478	-1642.109	165.6316	0.1437354	5.643183
6684	-1492.221	-1657.77	165.5488	0.2265648	5.643183
6690	-1479.95	-1646.294	166.344	0.0640124	5.295009
6696	-1487.275	-1653.655	166.3797	0.02830185	5.295009
6702	-1499.672	-1665.798	166.1259	0.161743	5.361432
6708	-1495.582	-1662.128	166.5465	0.1045924	5.160599
6714	-1491.129	-1657.638	166.5089	0.1422366	5.160599
6720	-1501.94	-1667.546	165.6064	0.1898644	5.631703
6726	-1489.796	-1657.397	167.6007	0.07392749	4.590302
6732	-1492.289	-1659.729	167.4396	0.2349938	4.590302
6738	-1491.231	-1657.321	166.0899	0.05218142	5.441654
6744	-1487.769	-1654.854	167.0855	0.05574486	4.88844
6750	-1491.344	-1658.26	166.9158	0.0330637	4.995475
6756	-1488.708	-1653.719	165.0117	0.2641888	5.916602
6762	-1491.944	-1657.8	165.856	0.048632	5.572224
6768	-1494.163	-1660.133	165.9692	0.1789733	5.43827
6774	-1499.69	-1666.905	167.2154	0.05459154	4.816703
6780	-1501.815	-1667.611	165.7959	0.1128284	5.56995
6786	-1487.197	-1653.962	166.7651	0.04271841	5.073771
6792	-1490.397	-1656.338	165.9409	0.03981302	5.530441
6798	-1484.688	-1650.625	165.9365	0.1163277	5.490751
6804	-1499.046	-1663.996	164.9496	0.4032852	5.874508
6810	-1499.561	-1665.522	165.9606	0.04737417	5.515432
6816	-1492.14	-1658.422	166.2826	0.2623279	5.219391
6822	-1494.277	-1660.693	166.416	0.1491254	5.208189
6828	-1491.042	-1658.775	167.7337	0.1491254	4.473263
6834	-1491.388	-1656.938	165.5506	0.227388	5.641722
6840	-1499.871	-1666.2	166.3297	0.04452957	5.313675
6846	-1488.943	-1655.608	166.6652	0.1082559	5.092849
6852	-1491.252	-1656.406	165.1538	0.3312112	5.802265
6858	-1494.974	-1660.489	165.5151	0.07944234	5.742312
6864	-1491.079	-1657.395	166.3159	0.2465484	5.209689
6870	-1492.792	-1658.86	166.0676	0.2440303	5.348203
6876	-1497.021	-1662.411	165.3893	0.2428177	5.721732
6882	-1499.862	-1666.105	166.2425	0.09443717	5.334242
6888	-1508.28	-1674.578	166.2979	0.08672151	5.307953
6894	-1506.085	-1672.061	165.9758	0.3135284	5.360497
6900	-1503.708	-1669.935	166.2266	0.06271337	5.360497
6906	-1507.491	-1672.341	164.8504	0.3363083	5.965274
6912	-1507.473	-1673.602	166.1285	0.0878412	5.400751
6918	-1496.982	-1663.981	166.9996	0.07914255	4.92323
6924	-1500.504	-1665.748	165.2438	0.1030129	5.877849
6930	-1490.571	-1656.673	166.1016	0.1761747	5.366882
6936	-1486.3	-1652.021	165.7215	0.121734	5.60592
6942	-1500.055	-1665.591	165.5367	0.1360751	5.699463
6948	-1509.138	-1674.175	165.0376	0.2532006	5.908419
6954	-1507.372	-1673.814	166.4422	0.2492723	5.138281
6960	-1510.952	-1677.068	166.1167	0.07819314	5.412551
6966	-1509.945	-1676.621	166.6766	0.1766602	5.048541
6972	-1498.376	-1664.253	165.8773	0.08903458	5.538292
6978	-1496.529	-1663.899	167.3698	0.05163761	4.732095
6984	-1498.585	-1665.103	166.5185	0.04797685	5.207465
6990	-1498.284	-1664.47	166.1865	0.1732729	5.321637
6996	-1496.681	-1662.879	166.1979	0.1619117	5.321637
7002	-1501.305	-1667.495	166.1908	0.1689831	5.321637
7008	-1496.507	-1663.7	167.1925	0.07685478	4.817021
7014	-1503.045	-1670.376	167.3306	0.08377398	4.736031
7020	-1503.956	-1671.346	167.3903	0.2227195	4.624844
7026	-1501.022	-1666.861	165.8385	0.05176043	5.580109
7032	-1490.967	-1656.611	165.6441	0.0707109	5.676411
7038	-1477.114	-1643.165	166.0513	0.1791606	5.392983
7044	-1480	-1645.719	165.7199	0.1059051	5.615488
7050	-1480.924	-1647.321	166.3964	0.03096796	5.28431
7056	-1491.112	-1658.228	167.1165	0.09858429	4.847284
7062	-1492.632	-1658.97	166.3376	0.07791208	5.290882
7068	-1486.659	-1653.301	166.6417	0.1848969	5.063372
7074	-1484.47	-1651.033	166.5636	0.2629523	5.063372
7080	-1487.298	-1653.334	166.0362	0.1621526	5.410666
7086	-1493.279	-1658.98	165.7008	0.0731423	5.643938
7092	-1504.062	-1669.419	165.3574	0.27577	5.721155
7098	-1503.831	-1670.154	166.3228	0.1919588	5.236039
7104	-1502.149	-1668.771	166.6227	0.2314588	5.048046
7110	-1491.672	-1657.577	165.905	0.0636761	5.537054
7116	-1488.898	-1655.111	166.2133	0.1021591	5.346118
7122	-1487.421	-1654.34	166.9182	0.2326976	4.883076
7128	-1490.722	-1657.372	166.6506	0.2006724	5.049647
7134	-1487.628	-1653.393	165.765	0.1573009	5.562516
7140	-1497.22	-1662.936	165.7155	0.03287348	5.657988
7146	-1501.49	-1667.789	166.2988	0.03287348	5.337164
7152	-1501.823	-1667.523	165.6997	0.1841183	5.583679
7158	-1497.712	-1663.281	165.5685	0.2065061	5.643389
7164	-1495.287	-1661.55	166.2627	0.3219793	5.197401
7170	-1499.309	-1665.233	165.9244	0.1136656	5.498862
7176	-1502.541	-1668.829	166.2881	0.1167066	5.296787
7182	-1514.107	-1679.624	165.5179	0.09068034	5.734601
7188	-1508.493	-1674.161	165.6679	0.2029066	5.590781
7194	-1506.871	-1673.351	166.4798	0.2212616	5.132954
7200	-1483.877	-1650.321	166.4437	0.1295833	5.203689
7206	-1493.409	-1660.004	166.5951	0.1637545	5.10093
7212	-1496.042	-1662.342	166.3006	0.05720771	5.322754
7218	-1495.185	-1660.78	165.5945	0.1855638	5.640599
7224	-1489.51	-1655.189	165.6787	0.10134	5.640599
7230	-1491.537	-1657.638	166.1012	0.10134	5.408333
7236	-1491.222	-1658.379	167.1574	0.2246395	4.754115
7242	-1491.464	-1657.06	165.5959	0.1648186	5.651211
7248	-1486.234	-1652.292	166.0581	0.1693816	5.394624
7254	-1490.372	-1656.454	166.0824	0.1693816	5.38118
7260	-1489.599	-1655.819	166.2194	0.03246242	5.38118
7266	-1508.605	-1674.349	165.7438	0.09190968	5.61004
7272	-1501.928	-1667.295	165.3677	0.1398167	5.789933
7278	-1496.755	-1663.54	166.785	0.05412605	5.056387
7284	-1491.372	-1657.373	166.0014	0.2593719	5.376254
7290	-1489.646	-1656.514	166.868	0.0296739	5.023925
7296	-1491.113	-1658.698	167.5854	0.1002326	4.584146
7302	-1504.308	-1670.417	166.1095	0.1356539	5.38487
7308	-1506.906	-1673.726	166.8194	0.1356539	4.992025
7314	-1491.422	-1656.841	165.4186	0.248488	5.702535
7320	-1492.207	-1658.494	166.2872	0.2002039	5.251171
7326	-1499.279	-1665.362	166.0828	0.05643639	5.443213
7332	-1501.443	-1668.195	166.7527	0.3489639	4.910519
7338	-1494.228	-1660.703	166.475	0.2309535	5.130231
7344	-1489.64	-1655.897	166.2575	0.2309535	5.250559
7350	-1492.527	-1659.549	167.0218	0.0908847	4.904345
7356	-1488.032	-1654.669	166.637	0.08108057	5.123498
7362	-1497.035	-1663.949	166.9139	0.0656362	4.978437
7368	-1485.982	-1651.705	165.7237	0.09150291	5.621335
7374	-1485.565	-1651.673	166.1077	0.1440557	5.381217
7380	-1481.779	-1648.428	166.649	0.3308633	4.978273
7386	-1488.802	-1654.615	165.8129	0.1801791	5.523629
7392	-1485.949	-1652.293	166.3436	0.06526346	5.294537
7398	-1489.648	-1656.059	166.4104	0.002779235	5.292156
7404	-1487.584	-1654.701	167.1168	0.01504901	4.893665
7410	-1498.13	-1664.934	166.8045	0.1854232	4.972639
7416	-1495.595	-1663.392	167.7972	0.04133139	4.498205
7422	-1509.92	-1676.629	166.7096	0.1904134	5.02259
7428	-1506.235	-1672.732	166.4969	0.1619137	5.156365
7434	-1485.897	-1651.767	165.8699	0.1160328	5.527534
7440	-1482.308	-1648.235	165.9269	0.1299772	5.488533
7446	-1504.604	-1670.545	165.9407	0.1884267	5.448755
7452	-1499.049	-1665.963	166.9145	0.007276403	5.01052
7458	-1494.729	-1660.91	166.1812	0.1448804	5.340261
7464	-1505.068	-1671.929	166.8613	0.1159882	4.979654
7470	-1515.058	-1680.757	165.6994	0.09081437	5.635021
7476	-1495.69	-1661.238	165.5482	0.2197367	5.647233
7482	-1498.471	-1663.93	165.4582	0.005086976	5.814169
7488	-1508.16	-1673.501	165.3413	0.2501161	5.744001
7494	-1499.642	-1665.235	165.593	0.071772	5.703824
7500	-1480.746	-1646.972	166.2259	0.3497109	5.202415
7506	-1500.172	-1666.745	166.5723	0.1672457	5.111614
7512	-1496.436	-1661.914	165.4781	0.1066857	5.747644
7518	-1488.205	-1654.402	166.1969	0.1150837	5.348038
7524	-1501.58	-1667.945	166.3655	0.1553215	5.232704
7530	-1505.901	-1672.943	167.0419	0.1602539	4.854511
7536	-1503.794	-1669.463	165.6691	0.1498452	5.619296
7542	-1503.611	-1669.688	166.077	0.237556	5.3466
7548	-1496.512	-1662.74	166.2275	0.136618	5.319224
7554	-1488.781	-1654.979	166.1982	0.1659928	5.319224
7560	-1491.62	-1657.204	165.5837	0.03420275	5.729527
7566	-1493.494	-1659.902	166.4079	0.1501855	5.212104
7572	-1489.017	-1654.92	165.9036	0.1538863	5.488206
7578	-1492.087	-1658.336	166.2493	0.1252571	5.31349
7584	-1489.464	-1655.952	166.4878	0.1252571	5.181702
7590	-1489.065	-1655.947	166.8817	0.2656041	4.885095
7596	-1483.411	-1648.621	165.2098	0.1709712	5.859274
7602	-1485.447	-1652.515	167.0675	0.1420622	4.850378
7608	-1485.606	-1651.453	165.8468	0.08163496	5.55913
7614	-1490.298	-1655.801	165.5027	0.07374182	5.752206
7620	-1485.186	-1652.267	167.0809	0.01366609	4.914455
7626	-1495.966	-1662.725	166.7591	0.2829329	4.9437
7632	-1500.501	-1667.14	166.6398	0.0467795	5.140971
7638	-1506.071	-1671.132	165.0614	0.1974223	5.925922
7644	-1503.324	-1670.544	167.2198	0.0904791	4.794198
7650	-1493.911	-1659.927	166.016	0.03535283	5.491568
7656	-1496.606	-1662.832	166.2264	0.1531607	5.310743
7662	-1488.851	-1653.806	164.9549	0.1531607	6.008157
7668	-1495.585	-1661.835	166.2499	0.0155062	5.373673
7674	-1494.514	-1660.504	165.9896	0.04954757	5.498311
7680	-1502.425	-1667.608	165.1829	0.1110241	5.906735
7686	-1495.416	-1661.507	166.0909	0.1289953	5.398764
7692	-1500.218	-1666.429	166.2102	0.009750519	5.398764
7698	-1488.925	-1655.343	166.4179	0.01312437	5.282321
7704	-1478.999	-1646.072	167.0727	0.181282	4.825595
7710	-1492.512	-1658.899	166.3864	0.2229728	5.183694
7716	-1492.037	-1658.118	166.0807	0.09514001	5.423041
7722	-1486.322	-1652.925	166.6027	0.2243371	5.0631
7728	-1503.792	-1669.311	165.5187	0.4193418	5.553887
7734	-1495.718	-1662.205	166.4872	0.116107	5.187075
7740	-1513.383	-1679.556	166.1734	0.1609397	5.335705
7746	-1506.253	-1672.653	166.3996	0.03677744	5.279354
7752	-1503.391	-1670.048	166.6569	0.07655319	5.114983
7758	-1489.74	-1655.955	166.2143	0.1076262	5.342543
7764	-1494.825	-1661.066	166.2408	0.08112356	5.342543
7770	-1487.28	-1652.869	165.5889	0.1911161	5.640622
7776	-1489.391	-1655.816	166.4246	0.1065071	5.227013
7782	-1497.173	-1663.46	166.2869	0.09246609	5.310816
7788	-1491.756	-1657.664	165.9079	0.2402895	5.438296
7794	-1490.075	-1656.029	165.9536	0.08692032	5.497513
7800	-1505.213	-1671.33	166.1169	0.114716	5.392321
7806	-1496.061	-1662.852	166.7915	0.006648929	5.079148
7812	-1494.972	-1661.574	166.6021	0.006478353	5.184132
7818	-1488.443	-1654.648	166.2053	0.2575853	5.264714
7824	-1491.649	-1657.43	165.7806	0.1294179	5.569254
7830	-1487.544	-1653.389	165.8456	0.2180426	5.484808
7836	-1486.694	-1652.582	165.8885	0.01256375	5.574159
7842	-1491.616	-1657.999	166.3833	0.04064117	5.286201
7848	-1493.581	-1659.056	165.4756	0.2844656	5.651582
7854	-1491.781	-1658.488	166.7068	0.01818034	5.119699
7860	-1492.183	-1658.73	166.5465	0.1784619	5.119699
7866	-1496.348	-1662.976	166.6281	0.2753325	5.020737
7872	-1500.831	-1666.831	165.9993	0.1625749	5.430752
7878	-1504.505	-1670.216	165.7108	0.2282831	5.553314
7884	-1506.419	-1673.733	167.3137	0.2060791	4.6771
7890	-1501.055	-1667.196	166.1413	0.2588078	5.299402
7896	-1487.946	-1654.925	166.9792	0.183045	4.876766
7902	-1490.722	-1656.971	166.2491	0.183045	5.281694
7908	-1504.243	-1670.679	166.4361	0.03162573	5.262029
7914	-1494.516	-1660.576	166.0601	0.02241322	5.47441
7920	-1490.043	-1655.9	165.8572	0.07990625	5.554356
7926	-1491.786	-1657.14	165.3539	0.2889274	5.715855
7932	-1487.953	-1654.198	166.2449	0.08022846	5.340738
7938	-1497.92	-1663.275	165.3547	0.08022846	5.829632
7944	-1489.702	-1655.7	165.9976	0.02843627	5.505494
7950	-1493.746	-1659.019	165.2728	0.1631808	5.829079
7956	-1484.624	-1651.021	166.3972	0.08414503	5.254527
7962	-1481.755	-1647.838	166.0833	0.08722749	5.425998
7968	-1481.36	-1647.74	166.3806	0.07190258	5.270452
7974	-1493.414	-1659.784	166.3702	0.1270068	5.245771
7980	-1503.939	-1670.302	166.3634	0.1337343	5.245771
7986	-1497.103	-1662.916	165.8135	0.02248662	5.60994
7992	-1488.751	-1655.668	166.9177	0.05296689	4.983377
7998	-1487.727	-1653.375	165.6488	0.1897009	5.608555
8004	-1490.758	-1656.385	165.6265	0.3487095	5.533454
8010	-1485.43	-1650.653	165.2233	0.07081215	5.906605
8016	-1502.633	-1669.521	166.8879	0.154727	4.943334
8022	-1493.34	-1658.817	165.4765	0.1946611	5.7003
8028	-1484.523	-1650.07	165.5471	0.1399979	5.691609
8034	-1490.239	-1655.925	165.6863	0.1048591	5.634541
8040	-1498.339	-1663.653	165.3144	0.02829655	5.8801
8046	-1496.737	-1661.794	165.0572	0.3825239	5.827031
8052	-1500.934	-1668.047	167.1127	0.1006186	4.84827
8058	-1497.929	-1663.788	165.8587	0.2465145	5.461918
8064	-1494.34	-1660.04	165.6998	0.2823111	5.529671
8070	-1504.211	-1670.421	166.2108	0.08787473	5.355336
8076	-1501.715	-1667.998	166.2831	0.1972445	5.255091
8082	-1499.523	-1665.596	166.073	0.02475274	5.46604
8088	-1507.351	-1673.354	166.0023	0.09550345	5.46604
8094	-1517.131	-1683.19	166.0592	0.112656	5.425248
8100	-1511.837	-1678.13	166.2935	0.008888682	5.353294
8106	-1494.196	-1660.116	165.9199	0.005761618	5.560691
8112	-1493.373	-1658.956	165.5832	0.003703978	5.746496
8118	-1492.05	-1657.898	165.8481	0.03491326	5.584082
8124	-1499.302	-1664.534	165.2322	0.2308449	5.814287
8130	-1504.615	-1670.222	165.6071	0.1786816	5.637469
8136	-1502.937	-1669.66	166.723	0.2877368	4.961073
8142	-1500.229	-1666.312	166.0823	0.06995142	5.436027
8148	-1497.159	-1663.017	165.8585	0.3383972	5.411476
8154	-1492.528	-1659.039	166.5107	0.0135779	5.230783
8160	-1504.331	-1670.631	166.2996	0.1945255	5.247465
8166	-1493.436	-1659.957	166.5212	0.1595087	5.144234
8172	-1492.639	-1658.079	165.4399	0.2651278	5.681744
8178	-1487.049	-1653.363	166.3142	0.1622531	5.25722
8184	-1487.405	-1653.947	166.5416	0.1853071	5.118647
8190	-1490.983	-1657.311	166.3279	0.08264829	5.293594
8196	-1488.581	-1654.796	166.2145	0.1960605	5.293594
8202	-1490.835	-1657.216	166.3815	0.2005796	5.198804
8208	-1478.285	-1644.481	166.1966	0.1750609	5.315083
8214	-1488.517	-1654.484	165.9673	0.04196995	5.51469
8220	-1485.327	-1651.835	166.5085	0.1956306	5.131236
8226	-1481.46	-1648.028	166.568	0.05691669	5.175109
8232	-1477.569	-1644.106	166.5371	0.0878342	5.175109
8238	-1482.353	-1648.635	166.2818	0.220653	5.242863
8244	-1486.838	-1652.71	165.8716	0.1505418	5.507657
8250	-1492.725	-1659.569	166.8438	0.1279668	4.982738
8256	-1491.126	-1657.6	166.4736	0.2212611	5.136396
8262	-1482.786	-1648.984	166.198	0.09569426	5.358115
8268	-1486.998	-1653.069	166.0709	0.2753365	5.329134
8274	-1481.391	-1647.642	166.251	0.09517202	5.329134
8280	-1483.279	-1649.558	166.2788	0.1109854	5.305063
8286	-1490.652	-1656.218	165.5663	0.06358206	5.72293
8292	-1486.681	-1653.15	166.469	0.0776585	5.21839
8298	-1493.405	-1659.296	165.8905	0.2657178	5.43386
8304	-1486.125	-1652.133	166.0075	0.1487289	5.43386
8310	-1493.075	-1659.775	166.6998	0.03690611	5.113218
8316	-1494.291	-1659.989	165.6981	0.1198077	5.619833
8322	-1502.93	-1670.013	167.083	0.297952	4.754761
8328	-1501.416	-1667.46	166.0441	0.2467866	5.35963
8334	-1493.906	-1658.829	164.9231	0.1546491	6.024692
8340	-1491.554	-1657.763	166.2084	0.103311	5.348161
8346	-1489.026	-1655.487	166.4608	0.1230413	5.197853
8352	-1506.022	-1670.182	164.1608	0.03765878	6.502506
8358	-1487.273	-1653.858	166.5853	0.03735331	5.176379
8364	-1506.228	-1672.566	166.3376	0.0156248	5.325256
8370	-1493.551	-1659.77	166.219	0.1342236	5.325256
8376	-1502.305	-1668.121	165.8163	0.04103693	5.598171
8382	-1500.437	-1667.069	166.6323	0.2660341	5.023569
8388	-1502.826	-1669.268	166.4414	0.1132211	5.214017
8394	-1490.42	-1656.985	166.5651	0.005571451	5.205104
8400	-1489.706	-1656.33	166.6239	0.1420053	5.097026
8406	-1509.076	-1676.258	167.1829	0.08645946	4.817014
8412	-1494.793	-1661.373	166.5797	0.0363526	5.180047
8418	-1515.116	-1681.658	166.5421	0.07390001	5.180047
8424	-1511.817	-1678.69	166.8725	0.02331742	5.024952
8430	-1502.535	-1669.14	166.6052	0.006889676	5.182231
8436	-1505.833	-1671.936	166.1035	0.07094766	5.423805
8442	-1499.636	-1664.901	165.265	0.2025106	5.811854
8448	-1490.925	-1657.924	166.9992	0.1579045	4.879609
8454	-1504.545	-1669.828	165.2829	0.2654725	5.767572
8460	-1488.771	-1654.433	165.6622	0.2770919	5.553183
8466	-1493.915	-1658.302	164.3874	0.3898864	6.188334
8472	-1497.506	-1664.02	166.5138	0.0404911	5.214189
8478	-1497.902	-1663.944	166.042	0.09119557	5.446529
8484	-1502.356	-1668.303	165.9468	0.07447555	5.508101
8490	-1494.599	-1661.195	166.5957	0.2222239	5.068162
8496	-1491.201	-1657.336	166.1355	0.2222239	5.322764
8502	-1507.91	-1674.109	166.1993	0.2216478	5.287882
8508	-1497.8	-1663.545	165.7454	0.2529585	5.520699
8514	-1499.113	-1665.821	166.7083	0.2389226	4.996376
8520	-1489.633	-1657.024	167.391	0.2773523	4.593843
8526	-1490.304	-1657.341	167.0366	0.2191545	4.824648
8532	-1505.837	-1672.536	166.6994	0.1758105	5.036391
8538	-1503.187	-1669.89	166.7034	0.1717929	5.036391
8544	-1502.86	-1668.783	165.9233	0.1957555	5.454321
8550	-1493.763	-1659.804	166.0413	0.1160921	5.433197
8556	-1488.045	-1653.921	165.8755	0.2125223	5.47141
8562	-1487.942	-1654.836	166.8935	0.09696209	4.972349
8568	-1493.611	-1659.651	166.0399	0.0462009	5.472466
8574	-1497.854	-1664.265	166.4106	0.3359426	5.107763
8580	-1500.522	-1667.038	166.5153	0.1843533	5.133741
8586	-1491.945	-1657.682	165.7367	0.2485419	5.527945
8592	-1504.82	-1670.912	166.0923	0.08604024	5.421698
8598	-1495.376	-1662.31	166.934	0.1077762	4.943809
8604	-1504.202	-1670.018	165.8159	0.04638681	5.595482
8610	-1497.201	-1663.226	166.0252	0.08212666	5.460762
8616	-1487.475	-1654.136	166.6612	0.250454	5.016146
8622	-1487.198	-1652.324	165.1261	0.1909932	5.894049
8628	-1489.538	-1655.77	166.2318	0.08999969	5.342597
8634	-1492.563	-1659.85	167.2871	0.1753341	4.709154
8640	-1478.06	-1644.684	166.6238	0.04087404	5.153127
8646	-1484.961	-1651.389	166.428	0.1678667	5.191177
8652	-1487.269	-1653.365	166.0951	0.2010655	5.35672
8658	-1489.564	-1656.063	166.4988	0.05492968	5.21451
8664	-1498.664	-1664.996	166.3321	0.289444	5.176966
8670	-1486.78	-1652.693	165.9136	0.3423739	5.378869
8676	-1484.168	-1651.711	167.543	0.02597812	4.649526
8682	-1490.817	-1657.402	166.5845	0.01782961	5.187617
8688	-1495.891	-1663.136	167.2453	0.03656884	4.810071
8694	-1495.173	-1661.923	166.7499	0.3585011	4.906726
8700	-1504.007	-1669.86	165.8539	0.2413096	5.467434
8706	-1511.739	-1676.928	165.1887	0.3477701	5.774103
8712	-1504.007	-1669.595	165.588	0.3457054	5.556235
8718	-1498.852	-1665.418	166.566	0.1458504	5.126994
8724	-1512.45	-1677.059	164.6096	0.1740181	6.184878
8730	-1511.339	-1675.984	164.645	0.291694	6.101554
8736	-1508.492	-1675.114	166.622	0.1266652	5.106576
8742	-1502.93	-1669.664	166.7331	0.2298372	4.987648
8748	-1505.779	-1671.673	165.8935	0.2328908	5.4503
8754	-1505.106	-1671.329	166.2225	0.04174616	5.374362
8760	-1502.092	-1668.34	166.2478	0.3203153	5.206548
8766	-1499.603	-1665.922	166.3193	0.2493192	5.206265
8772	-1500.549	-1666.972	166.4224	0.09743953	5.233257
8778	-1495.07	-1661.688	166.6178	0.08544372	5.131721
8784	-1498.441	-1664.524	166.0831	0.1368623	5.398766
8790	-1502.97	-1668.633	165.663	0.3252316	5.526306
8796	-1507.382	-1672.408	165.0258	0.2504515	5.916404
8802	-1500.925	-1667.494	166.5687	0.2413256	5.072549
8808	-1515.833	-1682.045	166.2118	0.04210912	5.380034
8814	-1513.729	-1680.422	166.6926	0.178365	5.038716
8820	-1511.571	-1677.995	166.4246	0.07503728	5.244382
8826	-1496.041	-1662.508	166.4668	0.0328893	5.244382
8832	-1504.154	-1669.569	165.4152	0.06078252	5.807176
8838	-1497.59	-1662.852	165.2625	0.2681551	5.777289
8844	-1492.235	-1657.566	165.331	0.180108	5.787992
8850	-1487.925	-1654.646	166.7217	0.2078374	5.006223
8856	-1494.433	-1659.766	165.3328	0.2419011	5.753178
8862	-1495.192	-1661.381	166.1892	0.2419011	5.282285
8868	-1497.071	-1662.989	165.9176	0.2737179	5.414521
8874	-1486.83	-1653.031	166.2013	0.08952994	5.35968
8880	-1496.813	-1663.803	166.99	0.1858519	4.869157
8886	-1494.354	-1660.18	165.8265	0.22994	5.488784
8892	-1499.483	-1665.326	165.8436	0.2127943	5.488784
8898	-1500.819	-1667.247	166.4287	0.3080316	5.11318
8904	-1497.984	-1663.12	165.1364	0.3604967	5.795752
8910	-1500.202	-1666.335	166.1334	0.07456545	5.405355
8916	-1495.798	-1662.383	166.5842	0.2033453	5.084993
8922	-1494.966	-1660.608	165.6417	0.1836935	5.615711
8928	-1488.611	-1654.633	166.0224	0.2396068	5.375551
8934	-1488.31	-1654.09	165.7802	0.2396068	5.508945
8940	-1495.206	-1661.845	166.6391	0.2480284	5.029743
8946	-1501.272	-1666.913	165.6405	0.07484995	5.676082
8952	-1501.906	-1668.721	166.8153	0.07920313	5.025657
8958	-1492.223	-1657.922	165.6987	0.02428616	5.671911
8964	-1494.494	-1659.851	165.3569	0.4373814	5.632829
8970	-1483.454	-1650.455	167.0014	0.2030208	4.853231
8976	-1488.76	-1654.588	165.8276	0.1787199	5.516353
8982	-1490.694	-1656.289	165.5958	0.112365	5.680057
8988	-1490.325	-1656.33	166.0057	0.3823303	5.306073
8994	-1486.3	-1652.477	166.1765	0.2114916	5.306073
9000	-1491.78	-1657.95	166.1708	0.1358603	5.350969
9006	-1503.441	-1670.348	166.907	0.1619209	4.9287
9012	-1497.035	-1663.318	166.2826	0.08364079	5.318099
9018	-1492.92	-1658.195	165.2749	0.344968	5.728411
9024	-1514.307	-1680.326	166.0194	0.2127893	5.392018
9030	-1500.374	-1666.621	166.2473	0.1927549	5.277305
9036	-1491.087	-1657.844	166.7566	0.1447727	5.021856
9042	-1499.971	-1665.751	165.7795	0.2487439	5.504276
9048	-1489.52	-1655.167	165.6474	0.3262743	5.534307
9054	-1489.435	-1654.888	165.4534	0.2515725	5.681796
9060	-1485.679	-1651.73	166.051	0.2515725	5.353194
9066	-1495.36	-1661.647	166.2873	0.009353243	5.356485
9072	-1494.742	-1661.211	166.4692	0.0185227	5.251003
9078	-1485.324	-1651.616	166.2921	0.1955726	5.251003
9084	-1490.983	-1656.969	165.9855	0.1648354	5.437103
9090	-1493.581	-1659.34	165.7596	0.1100054	5.591434
9096	-1490.967	-1657.837	166.8695	0.153381	4.954312
9102	-1498.98	-1665.076	166.0967	0.2004386	5.356204
9108	-1485.65	-1651.99	166.3398	0.1522664	5.248596
9114	-1484.589	-1650.897	166.3083	0.1522664	5.265967
9120	-1494.808	-1661.293	166.4847	0.1522664	5.168459
9126	-1485.931	-1652.238	166.3071	0.2398799	5.218256
9132	-1491.391	-1657.673	166.2828	0.2641757	5.218256
9138	-1485.406	-1651.16	165.7538	0.07580552	5.613429
9144	-1487.188	-1652.437	165.2482	0.3776783	5.72512
9150	-1496.849	-1662.41	165.5613	0.1556697	5.67519
9156	-1496.218	-1662.593	166.3752	0.162634	5.223283
9162	-1497.012	-1663.452	166.4399	0.1719799	5.182348
9168	-1493.66	-1659.497	165.8376	0.02773936	5.593797
9174	-1499.189	-1665.619	166.4302	0.07298013	5.242461
9180	-1495.187	-1661.421	166.2335	0.143163	5.312349
9186	-1493.042	-1658.233	165.1916	0.08021343	5.918782
9192	-1495.106	-1659.883	164.777	0.08705436	6.141139
9198	-1490.617	-1656.574	165.9574	0.1254765	5.474222
9204	-1495.808	-1661.483	165.6749	0.1545821	5.613474
9210	-1496.018	-1661.738	165.7197	0.014027	5.665995
9216	-1491.716	-1658.413	166.6977	0.1351712	5.059852
9222	-1484.661	-1651.296	166.635	0.04345162	5.145485
9228	-1484.292	-1651.256	166.9636	0.04861412	4.960243
9234	-1488.233	-1655.111	166.8783	0.133934	4.960243
9240	-1492.074	-1658.308	166.2347	0.2084319	5.275597
9246	-1492.189	-1658.667	166.4778	0.2084319	5.141179
9252	-1481.112	-1647.572	166.46	0.2261941	5.141179
9258	-1499.319	-1665.236	165.9171	0.1005604	5.510111
9264	-1491.285	-1656.953	165.6682	0.08624242	5.654665
9270	-1492.595	-1658.202	165.6073	0.03341785	5.716981
9276	-1492.571	-1659.851	167.2798	0.004966091	4.808457
9282	-1489.473	-1656.36	166.8874	0.003195384	5.027831
9288	-1490.923	-1657.259	166.3366	0.02631041	5.31991
9294	-1489.319	-1655.357	166.0377	0.3251746	5.31991
9300	-1490.403	-1656.428	166.0256	0.1925079	5.399786
9306	-1489.879	-1655.972	166.0932	0.07091153	5.429528
9312	-1487.942	-1653.439	165.4967	0.1430166	5.717571
9318	-1497.365	-1663.508	166.1431	0.1539497	5.356245
9324	-1480.019	-1645.848	165.8296	0.1461835	5.533136
9330	-1480.668	-1646.395	165.7267	0.1997328	5.560249
9336	-1488.321	-1653.247	164.9262	0.3921336	5.893398
9342	-1484.706	-1651.283	166.5765	0.07608287	5.159809
9348	-1495.195	-1661.722	166.5271	0.2350473	5.099095
9354	-1488.568	-1653.998	165.43	0.08389389	5.786464
9360	-1479.708	-1645.623	165.9149	0.03038745	5.549864
9366	-1486.944	-1653.738	166.7942	0.08218907	5.035728
9372	-1485.828	-1652.56	166.732	0.2707289	4.96554
9378	-1489.347	-1656.432	167.0847	0.1142738	4.856285
9384	-1489.363	-1656.25	166.8866	0.07952793	4.985899
9390	-1491.332	-1658.119	166.7862	0.08736953	5.037294
9396	-1499.272	-1666.278	167.0061	0.2663915	4.815303
9402	-1498.875	-1664.848	165.9732	0.1288124	5.463683
9408	-1486.954	-1653.026	166.0719	0.2625716	5.335598
9414	-1478.749	-1645.417	166.6681	0.1313557	5.078398
9420	-1490.321	-1656.953	166.6326	0.1668435	5.078398
9426	-1485.545	-1651.605	166.0602	0.02381214	5.473588
9432	-1493.479	-1660.475	166.9954	0.04513006	4.944503
9438	-1491.098	-1656.655	165.5574	0.08355477	5.716878
9444	-1495.466	-1660.373	164.9066	0.05078578	6.090292
9450	-1489.169	-1655.065	165.8953	0.1083408	5.517809
9456	-1484.79	-1651.147	166.3579	0.1685302	5.229583
9462	-1488.65	-1655.04	166.3902	0.1110619	5.243516
9468	-1495.313	-1661.92	166.6079	0.001281616	5.183812
9474	-1501.106	-1667.926	166.8201	0.1082966	5.006844
9480	-1501.377	-1668.205	166.8282	0.0524729	5.033362
9486	-1497.739	-1664.051	166.3122	0.211945	5.230851
9492	-1498.29	-1664.67	166.3801	0.1440402	5.230851
9498	-1485.881	-1652.573	166.6918	0.039159	5.116401
9504	-1495.038	-1661.54	166.5017	0.1584869	5.155586
9510	-1491.752	-1657.425	165.6733	0.1094197	5.63913
9516	-1495.097	-1660.548	165.4509	0.03336474	5.80268
9522	-1505.756	-1671.338	165.5821	0.2430772	5.615827
9528	-1491.023	-1657.069	166.0454	0.2822452	5.33935
9534	-1492.431	-1657.902	165.4714	0.4196341	5.579703
9540	-1505.011	-1670.391	165.3794	0.4196341	5.630181
9546	-1491.038	-1657.519	166.481	0.1742786	5.158309
9552	-1483.708	-1649.695	165.9863	0.3242624	5.348781
9558	-1490.289	-1656.699	166.4097	0.03468051	5.274942
9564	-1482.072	-1648.638	166.5663	0.1916098	5.101463
9570	-1487.418	-1654.199	166.7814	0.08103881	5.043451
9576	-1490.655	-1656.381	165.7262	0.08103881	5.625676
9582	-1491.499	-1657.752	166.2534	0.3531279	5.185288
9588	-1491.266	-1656.722	165.4568	0.2844807	5.661858
9594	-1498.915	-1665.93	167.0153	0.1189537	4.892343
9600	-1504.829	-1671.105	166.2759	0.1945977	5.260494
9606	-1502.159	-1667.943	165.7835	0.1945977	5.531842
9612	-1502.694	-1669.14	166.4457	0.07725206	5.23153
9618	-1500.087	-1667.217	167.1308	0.01634915	4.885174
9624	-1503.225	-1669.73	166.5053	0.2092415	5.1255
9630	-1503.28	-1670.021	166.7419	0.1509425	5.026612
9636	-1496.759	-1663.098	166.3387	0.01501722	5.324961
9642	-1482.796	-1650.05	167.2544	0.06138862	4.791146
9648	-1493.742	-1659.692	165.9505	0.2380264	5.416045
9654	-1482.649	-1648.872	166.2222	0.08933257	5.348272
9660	-1491.593	-1657.717	166.1249	0.1966643	5.342707
9666	-1504.575	-1669.425	164.8508	0.3963585	5.932262
9672	-1488.928	-1655.768	166.8405	0.2470186	4.918377
9678	-1484.135	-1651.275	167.1394	0.2154906	4.769297
9684	-1481.517	-1647.411	165.894	0.1996069	5.468321
9690	-1481.811	-1647.875	166.0648	0.02884566	5.468321
9696	-1489.423	-1655.662	166.2389	0.002105916	5.387156
9702	-1506.067	-1671.789	165.7223	0.001978328	5.671219
9708	-1500.774	-1666.827	166.0523	0.000945511	5.490555
9714	-1496.336	-1662.513	166.1767	0.0007183157	5.422189
9720	-1491.062	-1655.887	164.8253	0.002577949	6.160783
9726	-1489.668	-1655.007	165.3396	0.1770053	5.784956
9732	-1485.371	-1650.858	165.4878	0.02878611	5.784956
9738	-1495.942	-1662.283	166.3402	0.01646456	5.323376
9744	-1507.61	-1674.195	166.5844	0.01128655	5.191289
9750	-1508.798	-1675.34	166.5419	0.03287639	5.202839
9756	-1502.975	-1669.852	166.877	0.1330501	4.961481
9762	-1503.711	-1669.967	166.2566	0.08944452	5.329223
9768	-1496.379	-1662.469	166.0894	0.1424582	5.392196
9774	-1485.069	-1651.126	166.0567	0.1130015	5.426443
9780	-1495.881	-1661.451	165.5695	0.3120195	5.584931
9786	-1490.672	-1655.844	165.1721	0.1649659	5.88315
9792	-1491.099	-1656.727	165.628	0.1516275	5.640837
9798	-1488.739	-1655.572	166.8323	0.1695627	4.966003
9804	-1489.914	-1656.079	166.1648	0.270276	5.28009
9810	-1497.352	-1663.243	165.891	0.2087022	5.464986
9816	-1490.959	-1656.659	165.7001	0.2438366	5.550609
9822	-1486.338	-1652.836	166.4979	0.08542314	5.198126
9828	-1486.851	-1653.07	166.2191	0.2993224	5.234004
9834	-1488.053	-1654.422	166.3688	0.1293416	5.245247
9840	-1492.507	-1658.338	165.831	0.1830508	5.512081
9846	-1493.217	-1659.489	166.2718	0.2413097	5.236934
9852	-1485.966	-1652.386	166.4195	0.1051863	5.230541
9858	-1486.829	-1653.264	166.4357	0.08902104	5.230541
9864	-1492.59	-1658.899	166.3097	0.07251997	5.309272
9870	-1493.298	-1660.011	166.7134	0.08108782	5.081174
9876	-1501.844	-1667.878	166.0345	0.1037805	5.443758
9882	-1501.005	-1666.83	165.8248	0.01193524	5.609518
9888	-1491.494	-1657.037	165.5432	0.191366	5.66558
9894	-1495.31	-1660.304	164.9941	0.3132706	5.899404
9900	-1506.192	-1671.481	165.2886	0.1687872	5.817394
9906	-1492.228	-1657.818	165.5901	0.3015665	5.579335
9912	-1486.035	-1652.836	166.8014	0.04055748	5.054857
9918	-1484.916	-1651.493	166.5773	0.2171285	5.081198
9924	-1490.757	-1657.262	166.5052	0.2892542	5.081198
9930	-1494.569	-1660.928	166.3586	0.2892542	5.162393
9936	-1476.908	-1643.408	166.5003	0.1475979	5.162393
9942	-1487.072	-1653.724	166.6523	0.05078736	5.131835
9948	-1493.588	-1660.137	166.5492	0.01658732	5.207843
9954	-1502.119	-1667.22	165.1011	0.01884623	6.001713
9960	-1498.004	-1665.046	167.0411	0.03910093	4.922446
9966	-1497.758	-1663.805	166.047	0.2030736	5.382162
9972	-1486.167	-1651.888	165.7206	0.1676438	5.581248
9978	-1494.26	-1660.149	165.8899	0.05983328	5.547455
9984	-1504.062	-1670.679	166.6169	0.1189713	5.113637
9990	-1502.084	-1668.008	165.9235	0.01321565	5.554599
9996	-1497.626	-1663.257	165.6315	0.305236	5.554599
10002	-1492.267	-1656.284	164.0166	0.3289781	6.422801
10008	-1507.915	-1673.5	165.5849	0.3191205	5.572538
10014	-1504.633	-1670.404	165.7708	0.1697635	5.552495
10020	-1498.803	-1665.233	166.4304	0.08809462	5.233973
10026	-1512.926	-1678.558	165.6316	0.4124037	5.495612
10032	-1490.12	-1657.672	167.552	0.09576149	4.605387
10038	-1498.102	-1664.672	166.5694	0.1342921	5.131499
10044	-1487.462	-1653.51	166.0475	0.2067505	5.379858
10050	-1484.677	-1649.536	164.8585	0.2123494	6.028473
10056	-1499.251	-1665.733	166.4825	0.1157651	5.189868
10062	-1507.061	-1672.976	165.9148	0.2822165	5.411361
10068	-1499.716	-1665.504	165.7883	0.2664443	5.489701
10074	-1499.142	-1663.899	164.7569	0.07941658	6.156195
10080	-1488.317	-1653.432	165.1157	0.1747995	5.90862
10086	-1479.055	-1645.086	166.031	0.188912	5.39879
10092	-1494.006	-1659.535	165.5292	0.2541899	5.638753
10098	-1502.621	-1669.12	166.4992	0.2541899	5.103981
