Iteration	Posterior	Likelihood	Prior	tree_length
0	-411.9751	-585.421	173.4459	0.8772058
6	-415.4618	-589.0891	173.6274	0.5769941
12	-416.0482	-589.5745	173.5264	0.7750032
18	-415.3964	-588.9846	173.5882	0.6750926
24	-413.546	-587.155	173.609	0.6306611
30	-412.4095	-585.8667	173.4573	0.8637925
36	-409.4386	-582.8816	173.443	0.8805717
42	-410.9658	-584.1599	173.1941	1.129435
48	-419.439	-592.684	173.245	1.082985
54	-419.0224	-592.2789	173.2565	1.072312
60	-416.5467	-590.1834	173.6367	0.4737685
66	-409.5806	-583.1074	173.5268	0.7743911
72	-416.0557	-589.5887	173.533	0.7655922
78	-418.0863	-591.6193	173.533	0.7655922
84	-421.5485	-595.0325	173.484	0.8312364
90	-418.2947	-591.7787	173.484	0.8312364
96	-421.7071	-594.5845	172.8774	1.392505
102	-413.199	-586.6575	173.4585	0.8623429
108	-406.0929	-579.6893	173.5964	0.6587051
114	-407.5888	-581.1766	173.5878	0.675823
120	-417.9164	-591.4515	173.5351	0.7626039
126	-421.3524	-594.8698	173.5174	0.7874881
132	-412.2074	-585.8075	173.6	0.6509964
138	-412.0817	-585.4972	173.4155	0.9116218
144	-418.3863	-591.9551	173.5688	0.7100715
150	-416.7536	-590.2168	173.4632	0.8567077
156	-410.0997	-583.5629	173.4632	0.8567077
162	-406.8915	-580.4383	173.5469	0.7450513
168	-417.2722	-590.7729	173.5006	0.8098857
174	-418.6118	-592.2216	173.6098	0.6285888
180	-422.262	-595.8999	173.6379	0.5112657
186	-419.2887	-592.6894	173.4007	0.927879
192	-421.961	-595.4431	173.482	0.8336488
198	-414.9459	-588.584	173.6381	0.5054071
204	-415.3421	-588.9301	173.5879	0.6755948
210	-422.5714	-596.1906	173.6192	0.6036949
216	-413.0476	-586.6125	173.5649	0.7165742
222	-413.7439	-587.3518	173.6079	0.6333422
228	-411.8615	-585.379	173.5175	0.7873545
234	-415.3536	-588.8391	173.4855	0.8293525
240	-406.6926	-580.1219	173.4293	0.8962085
246	-411.4772	-585.0256	173.5484	0.7427199
252	-418.8353	-592.3575	173.5222	0.7808823
258	-423.519	-596.8382	173.3192	1.011975
264	-418.4268	-591.9659	173.5391	0.756657
270	-417.361	-590.8647	173.5037	0.8059024
276	-414.2588	-587.664	173.4052	0.9229543
282	-421.4927	-594.995	173.5023	0.807757
288	-419.1846	-592.6075	173.4229	0.9033627
294	-416.8659	-590.4495	173.5836	0.6837759
300	-422.1011	-595.5694	173.4683	0.8505693
306	-416.7029	-590.2797	173.5768	0.69615
312	-420.8803	-594.4714	173.5911	0.6694959
318	-418.6535	-592.1206	173.4671	0.8520274
324	-416.6619	-590.2921	173.6302	0.5655912
330	-413.8685	-587.33	173.4615	0.858795
336	-419.7571	-593.2185	173.4615	0.858795
342	-418.0568	-591.5616	173.5048	0.8044634
348	-420.6662	-594.171	173.5048	0.8044634
354	-423.0213	-596.5177	173.4964	0.8153602
360	-418.7998	-592.1999	173.4001	0.9284563
366	-412.2943	-585.8307	173.5365	0.7605602
372	-408.2701	-581.801	173.5308	0.7686836
378	-409.8723	-583.4668	173.5944	0.6627623
384	-405.6576	-579.0798	173.4222	0.9041614
390	-401.8578	-575.2252	173.3674	0.9631861
396	-404.7464	-578.2583	173.5119	0.7949847
402	-404.2521	-577.677	173.4249	0.9011453
408	-407.0393	-580.6466	173.6073	0.6346152
414	-408.3032	-581.832	173.5288	0.7716523
420	-405.3297	-578.9549	173.6252	0.5848624
426	-403.2046	-576.7007	173.4961	0.8158482
432	-401.7701	-575.336	173.5659	0.7148626
438	-405.5726	-579.0238	173.4512	0.870939
444	-402.7533	-576.2823	173.5289	0.7713951
450	-406.6521	-579.964	173.3119	1.01923
456	-412.1478	-585.4568	173.309	1.022045
462	-405.9312	-579.2171	173.2859	1.044403
468	-404.5067	-578.0044	173.4977	0.813756
474	-411.3239	-584.8406	173.5167	0.7884549
480	-420.1639	-593.7193	173.5555	0.7317705
486	-415.9549	-589.3127	173.3577	0.9731682
492	-407.4265	-580.8654	173.4388	0.8853053
498	-408.4415	-581.9845	173.543	0.7508694
504	-409.0566	-582.5377	173.4811	0.8347867
510	-414.2654	-587.6325	173.367	0.9635699
516	-409.2199	-582.7559	173.536	0.7612098
522	-414.4966	-588.096	173.5994	0.6524414
528	-416.6694	-589.6169	172.9475	1.337172
534	-414.2217	-587.7104	173.4887	0.8252392
540	-413.6938	-587.1956	173.5017	0.8084476
546	-415.8897	-589.1594	173.2697	1.059891
552	-415.0463	-588.6611	173.6148	0.6160053
558	-411.8093	-585.4046	173.5954	0.660789
564	-420.4293	-594.0247	173.5954	0.660789
570	-417.7	-591.1943	173.4943	0.8181084
576	-410.4846	-584.1053	173.6208	0.5990571
582	-411.6027	-584.9528	173.3501	0.9810244
588	-424.3892	-597.6106	173.2214	1.10471
594	-422.6045	-595.7465	173.142	1.175501
600	-418.9594	-592.4842	173.5248	0.7772228
606	-419.8449	-593.3768	173.5319	0.7671438
612	-425.815	-599.1625	173.3475	0.9836721
618	-419.2925	-592.8662	173.5737	0.7015275
624	-408.5006	-582.0635	173.563	0.7196672
630	-418.08	-591.6978	173.6178	0.6076233
636	-416.2923	-589.8934	173.6011	0.6486672
642	-417.599	-591.1733	173.5743	0.7004619
648	-409.557	-582.9902	173.4332	0.8917918
654	-417.0106	-590.4274	173.4168	0.9101625
660	-417.2286	-590.6454	173.4168	0.9101625
666	-421.2351	-594.5867	173.3515	0.9795288
672	-412.4784	-585.9321	173.4538	0.867954
678	-410.906	-584.3498	173.4438	0.8795945
684	-418.7946	-592.4267	173.6321	0.5569761
690	-414.7972	-588.2815	173.4844	0.8307466
696	-411.7043	-585.2035	173.4992	0.8117112
702	-415.4112	-588.9105	173.4992	0.8117112
708	-416.7248	-590.0786	173.3538	0.9772077
714	-424.6977	-598.3125	173.6148	0.6159251
720	-419.2207	-592.7716	173.5509	0.7388918
726	-430.6012	-604.0901	173.4888	0.8251028
732	-413.8568	-587.4151	173.5583	0.7272026
738	-407.7696	-581.2852	173.5156	0.7899514
744	-406.7734	-580.289	173.5156	0.7899514
750	-405.2585	-578.8318	173.5733	0.7023348
756	-406.4415	-579.8846	173.4431	0.8803658
762	-422.9089	-596.1782	173.2693	1.060269
768	-423.1585	-596.4099	173.2513	1.077107
774	-418.437	-592.0259	173.5889	0.673695
780	-412.6224	-586.2541	173.6317	0.5588013
786	-417.0347	-590.551	173.5163	0.7889239
792	-416.1549	-589.7784	173.6234	0.5906549
798	-412.818	-586.3748	173.5568	0.7296888
804	-412.9053	-586.4565	173.5512	0.738381
810	-413.944	-587.5792	173.6352	0.539604
816	-407.5923	-581.1574	173.5651	0.7161723
822	-409.3939	-582.9539	173.56	0.7245092
828	-409.6736	-583.1142	173.4406	0.8833345
834	-412.9019	-586.3389	173.4371	0.8873251
840	-416.0868	-589.3664	173.2796	1.050481
846	-419.6493	-593.0757	173.4264	0.8994133
852	-424.0218	-597.6495	173.6277	0.5757787
858	-420.3054	-593.8909	173.5855	0.6802191
864	-417.8939	-591.3403	173.4464	0.8765173
870	-414.201	-587.6475	173.4464	0.8765173
876	-417.0256	-590.6355	173.6099	0.6283073
882	-416.2557	-589.872	173.6163	0.6119564
888	-411.2024	-584.6162	173.4138	0.9134777
894	-409.8898	-583.1003	173.2105	1.114649
900	-415.1113	-588.4358	173.3245	1.006795
906	-410.979	-584.3421	173.3631	0.9676525
912	-411.9158	-585.2092	173.2934	1.03724
918	-412.5356	-586.0427	173.5071	0.8014289
924	-406.0296	-579.5367	173.5071	0.8014289
930	-406.9746	-580.4499	173.4753	0.8419661
936	-408.7236	-582.3283	173.6047	0.6406321
942	-414.4521	-587.9731	173.521	0.7825369
948	-413.0367	-586.5906	173.5539	0.7341626
954	-417.2988	-590.8135	173.5147	0.791171
960	-413.9856	-587.4306	173.4449	0.8782926
966	-411.9657	-585.4836	173.5179	0.7868247
972	-410.1427	-583.5732	173.4305	0.8947772
978	-410.166	-583.6772	173.5112	0.7959668
984	-408.4123	-581.9439	173.5315	0.7676801
990	-414.9484	-588.443	173.4946	0.8177334
996	-410.9599	-584.5049	173.5449	0.7479738
1002	-412.0851	-585.4939	173.4088	0.9190292
1008	-411.9353	-585.5564	173.6211	0.5979379
1014	-416.0612	-589.347	173.2858	1.044563
1020	-414.9308	-588.3156	173.3847	0.9450037
1026	-419.418	-592.8701	173.4521	0.8698934
1032	-414.1503	-587.6455	173.4953	0.8168599
1038	-424.8533	-598.1598	173.3064	1.024553
1044	-428.0975	-601.6334	173.5359	0.7613971
1050	-416.4784	-589.9966	173.5182	0.7863962
1056	-413.4864	-586.9164	173.43	0.8954045
1062	-420.257	-593.8467	173.5897	0.6720979
1068	-410.9161	-584.533	173.6169	0.6102228
1074	-410.3281	-583.9401	173.612	0.6232528
1080	-410.6644	-584.239	173.5746	0.6999682
1086	-421.2494	-594.7696	173.5202	0.7836886
1092	-427.5249	-601.0565	173.5316	0.7676316
1098	-413.0128	-586.4143	173.4015	0.9270003
1104	-416.4276	-589.8428	173.4151	0.9120238
1110	-416.5566	-589.9955	173.4389	0.8852486
1116	-413.1344	-586.6194	173.485	0.8299706
1122	-428.4172	-601.9534	173.5362	0.7609908
1128	-427.8017	-601.3351	173.5335	0.7649028
1134	-420.1911	-593.6421	173.451	0.8712044
1140	-421.3604	-594.7693	173.4089	0.9189093
1146	-415.1518	-588.7374	173.5857	0.6798816
1152	-418.3335	-591.9192	173.5857	0.6798816
1158	-416.4204	-589.9082	173.4878	0.826413
1164	-413.6634	-587.1059	173.4424	0.8811638
1170	-419.696	-593.2981	173.6021	0.6465248
1176	-418.0477	-591.6505	173.6028	0.6449936
1182	-428.3766	-601.7068	173.3303	1.001022
1188	-416.9127	-590.5227	173.61	0.6280554
1194	-409.989	-583.3818	173.3929	0.9362848
1200	-423.905	-596.9144	173.0094	1.287182
1206	-419.2523	-592.2617	173.0094	1.287182
1212	-412.3972	-585.9825	173.5854	0.6804835
1218	-417.814	-591.2607	173.4468	0.8761551
1224	-419.5262	-592.9756	173.4494	0.8730909
1230	-416.3531	-589.8555	173.5024	0.8075455
1236	-421.6037	-595.0238	173.4201	0.9065362
1242	-430.6193	-603.8558	173.2364	1.090956
1248	-423.2089	-596.6378	173.4289	0.8966376
1254	-410.7351	-584.3493	173.6142	0.6174528
1260	-418.8431	-592.449	173.6058	0.6381238
1266	-413.3265	-586.8745	173.548	0.7433278
1272	-409.1948	-582.7531	173.5583	0.7272463
1278	-405.5429	-579.017	173.4741	0.8434656
1284	-415.6135	-589.1678	173.5543	0.7336445
1290	-406.7806	-580.3783	173.5977	0.6559815
1296	-412.173	-585.7877	173.6147	0.6162463
1302	-410.9235	-584.5463	173.6228	0.5927778
1308	-423.7599	-597.326	173.5661	0.7145445
1314	-413.6476	-587.0548	173.4072	0.9207381
1320	-425.7316	-599.2913	173.5598	0.7249143
1326	-420.1754	-593.7079	173.5325	0.7663278
1332	-409.9025	-583.4536	173.5511	0.7385325
1338	-413.4763	-586.8362	173.3599	0.9709751
1344	-415.8693	-589.1923	173.3231	1.008192
1350	-418.4269	-591.9005	173.4736	0.8441082
1356	-419.3743	-592.7273	173.353	0.9780214
1362	-419.4429	-592.9986	173.5557	0.7314175
1368	-426.8717	-599.4155	172.5438	1.641555
1374	-418.8734	-592.4283	173.5548	0.7327219
1380	-420.3842	-593.9048	173.5207	0.7829964
1386	-418.3676	-591.8883	173.5207	0.7829964
1392	-413.5194	-587.0532	173.5338	0.7644753
1398	-414.9399	-588.4704	173.5305	0.7691672
1404	-407.0893	-580.6188	173.5295	0.7705818
1410	-417.4822	-591.1193	173.6371	0.5230612
1416	-412.9535	-586.4961	173.5426	0.7515077
1422	-414.6047	-588.1473	173.5426	0.7515077
1428	-414.8521	-588.163	173.3109	1.020176
1434	-415.634	-589.2363	173.6023	0.6459571
1440	-412.8665	-586.4358	173.5694	0.7090435
1446	-416.0507	-589.6443	173.5936	0.6643756
1452	-413.3715	-586.8373	173.4657	0.8536505
1458	-415.6783	-589.1464	173.4681	0.8508582
1464	-410.7986	-584.1197	173.3212	1.010058
1470	-414.2657	-587.7821	173.5164	0.7887945
1476	-408.6702	-582.1775	173.5073	0.80115
1482	-406.3138	-579.8334	173.5195	0.7845422
1488	-407.7557	-581.3377	173.582	0.6867614
1494	-410.0715	-583.6283	173.5568	0.7296874
1500	-416.6932	-590.3312	173.6379	0.5103306
1506	-411.4389	-584.6647	173.2258	1.100736
1512	-414.9971	-588.6306	173.6335	0.549453
1518	-412.685	-586.0414	173.3563	0.9746146
1524	-414.5788	-587.9352	173.3563	0.9746146
1530	-410.2523	-583.6068	173.3545	0.976453
1536	-409.7248	-583.3022	173.5773	0.695176
1542	-415.322	-588.5336	173.2116	1.113711
1548	-412.4837	-585.94	173.4563	0.8649658
1554	-412.3513	-585.8552	173.5039	0.8056685
1560	-407.5158	-580.9463	173.4306	0.8947514
1566	-407.5099	-580.9405	173.4306	0.8947514
1572	-412.9733	-586.5549	173.5816	0.6874924
1578	-417.2746	-590.8795	173.6049	0.6401559
1584	-417.2386	-590.7603	173.5217	0.7815342
1590	-413.375	-587.0039	173.6289	0.571135
1596	-418.4873	-591.6957	173.2084	1.116617
1602	-425.5049	-598.683	173.178	1.143807
1608	-420.7749	-594.3233	173.5484	0.7427063
1614	-412.7746	-586.1074	173.3328	0.9984902
1620	-411.5186	-584.9287	173.4101	0.917591
1626	-422.2654	-595.7817	173.5164	0.788913
1632	-419.3141	-592.8304	173.5164	0.788913
1638	-416.5768	-590.1635	173.5867	0.6779036
1644	-407.2074	-580.7656	173.5583	0.7272992
1650	-422.0959	-595.641	173.5451	0.74776
1656	-417.1478	-590.713	173.5653	0.7159118
1662	-415.1987	-588.7128	173.5141	0.7919228
1668	-416.7317	-590.3502	173.6184	0.6059281
1674	-417.0278	-590.5435	173.5158	0.7897385
1680	-412.9024	-586.2483	173.3459	0.9853097
1686	-407.3454	-580.8889	173.5435	0.7501764
1692	-421.8003	-595.3152	173.5149	0.7909639
1698	-419.2103	-592.7819	173.5716	0.7052032
1704	-416.008	-589.5043	173.4964	0.8154703
1710	-419.9566	-593.4801	173.5235	0.7789867
1716	-412.8131	-586.4294	173.6163	0.6118572
1722	-420.8555	-594.1902	173.3346	0.9966367
1728	-411.3233	-584.7953	173.472	0.8460733
1734	-420.4621	-593.9341	173.472	0.8460733
1740	-423.4244	-596.886	173.4616	0.8585969
1746	-427.939	-601.4953	173.5563	0.7304992
1752	-428.0463	-601.3222	173.2759	1.053943
1758	-427.9643	-601.2339	173.2696	1.05999
1764	-429.9233	-603.5398	173.6165	0.6112501
1770	-426.3913	-599.8563	173.4649	0.8546517
1776	-422.0656	-595.688	173.6224	0.5940369
1782	-419.2125	-592.5722	173.3597	0.9711234
1788	-418.9501	-592.4876	173.5374	0.7591463
1794	-415.4382	-588.9756	173.5374	0.7591463
1800	-418.5143	-592.0896	173.5753	0.6988494
1806	-417.8343	-591.2887	173.4544	0.8672531
1812	-417.5468	-591.1231	173.5763	0.6970852
1818	-414.6625	-588.2584	173.5959	0.6597298
1824	-407.4963	-580.8067	173.3104	1.020721
1830	-409.4818	-582.8216	173.3397	0.991509
1836	-411.2119	-584.6959	173.484	0.831136
1842	-416.5132	-589.8777	173.3645	0.9662291
1848	-421.839	-595.3316	173.4927	0.8201944
1854	-418.6282	-592.2184	173.5902	0.6711317
1860	-409.6329	-583.133	173.5001	0.8106093
1866	-409.3968	-582.8968	173.5001	0.8106093
1872	-407.0098	-580.3778	173.368	0.9625266
1878	-403.8168	-577.3583	173.5415	0.7531294
1884	-407.6522	-581.1937	173.5415	0.7531294
1890	-415.378	-588.86	173.482	0.8337297
1896	-407.0175	-580.4591	173.4416	0.8821163
1902	-412.2511	-585.7046	173.4535	0.868218
1908	-413.2664	-586.8814	173.6151	0.6152531
1914	-422.0932	-595.6967	173.6035	0.6433682
1920	-410.042	-583.664	173.622	0.5953334
1926	-416.5113	-590.1321	173.6208	0.5988215
1932	-412.422	-585.8793	173.4573	0.8637517
1938	-414.9196	-588.3544	173.4349	0.8898644
1944	-423.7979	-597.2385	173.4407	0.883204
1950	-437.5515	-611.0938	173.5423	0.7519028
1956	-433.2771	-606.7059	173.4287	0.8968301
1962	-427.4778	-600.9463	173.4686	0.8502497
1968	-415.5346	-588.8114	173.2768	1.053128
1974	-412.042	-585.2448	173.2028	1.121616
1980	-408.8505	-582.3586	173.5081	0.8000433
1986	-413.7271	-587.2389	173.5117	0.7951831
1992	-413.7982	-587.2998	173.5016	0.8086167
1998	-415.4349	-589.066	173.6312	0.5613106
2004	-414.1756	-587.3772	173.2016	1.122723
2010	-415.8361	-589.3529	173.5167	0.7884094
2016	-414.3584	-587.901	173.5426	0.7514989
2022	-420.1689	-593.7277	173.5589	0.7263259
2028	-415.7275	-589.2476	173.52	0.783852
2034	-409.7978	-583.1917	173.3939	0.9351875
2040	-414.5104	-587.3902	172.8798	1.390586
2046	-411.145	-584.6981	173.5531	0.7354759
2052	-417.2154	-590.6343	173.4188	0.9079268
2058	-410.9577	-584.3766	173.4188	0.9079268
2064	-413.0582	-586.5466	173.4884	0.8256375
2070	-416.1948	-589.7838	173.5889	0.6736683
2076	-423.178	-596.7344	173.5564	0.730293
2082	-409.1156	-582.6254	173.5098	0.7977874
2088	-411.3613	-584.7975	173.4362	0.8883865
2094	-411.9237	-585.4689	173.5452	0.7476
2100	-410.8814	-584.1434	173.262	1.067135
2106	-407.3151	-580.8166	173.5015	0.8087548
2112	-424.0517	-597.6075	173.5558	0.7311525
2118	-420.9834	-594.4738	173.4904	0.823143
2124	-409.5104	-582.9963	173.4859	0.8288199
2130	-411.8271	-585.2609	173.4338	0.8910304
2136	-412.4669	-586.0579	173.591	0.6696349
2142	-425.7145	-599.3349	173.6203	0.6003785
2148	-419.4596	-593.0763	173.6167	0.610847
2154	-419.3383	-592.7591	173.4208	0.9056997
2160	-417.7112	-591.0967	173.3855	0.9441618
2166	-424.0848	-597.4644	173.3796	0.9504342
2172	-403.8183	-577.1514	173.333	0.9982716
2178	-403.6694	-577.148	173.4786	0.8379243
2184	-410.4163	-583.8976	173.4812	0.834642
2190	-404.2388	-577.8071	173.5683	0.7108574
2196	-403.9491	-577.4346	173.4856	0.8292269
2202	-416.4273	-589.9587	173.5314	0.7679259
2208	-415.0386	-588.4848	173.4462	0.876829
2214	-405.7153	-579.1639	173.4486	0.874064
2220	-415.8962	-589.3626	173.4665	0.8527694
2226	-406.1252	-579.4995	173.3743	0.9559584
2232	-411.5649	-585.0344	173.4695	0.8491003
2238	-415.8816	-589.2785	173.3968	0.9320176
2244	-407.9884	-581.4749	173.4865	0.8280024
2250	-420.8352	-593.9855	173.1503	1.168251
2256	-410.1009	-583.716	173.6151	0.6151806
2262	-415.8543	-589.4011	173.5468	0.7451344
2268	-409.8129	-583.3857	173.5729	0.7030371
2274	-409.6859	-583.2258	173.5399	0.7555507
2280	-416.0192	-589.4602	173.441	0.8828076
2286	-409.54	-583.0837	173.5438	0.7497219
2292	-414.9975	-588.4245	173.427	0.8987682
2298	-419.0318	-592.5032	173.4713	0.8468519
2304	-425.755	-599.2264	173.4713	0.8468519
2310	-420.3265	-593.8648	173.5383	0.7578099
2316	-410.9713	-584.4929	173.5216	0.7816681
2322	-418.2002	-591.7219	173.5216	0.7816681
2328	-416.5745	-589.861	173.2864	1.043908
2334	-409.3488	-582.7949	173.4461	0.8768861
2340	-407.6611	-581.0705	173.4094	0.9184062
2346	-408.1774	-581.6611	173.4837	0.8315337
2352	-409.3324	-582.7427	173.4103	0.9173943
2358	-421.8577	-595.3317	173.474	0.8436126
2364	-415.1473	-588.6922	173.5449	0.7480573
2370	-413.9405	-587.295	173.3545	0.9764769
2376	-425.6069	-598.9832	173.3763	0.9539168
2382	-416.6279	-590.0763	173.4484	0.8742569
2388	-411.6964	-585.3122	173.6158	0.6133551
2394	-416.5217	-590.0153	173.4935	0.8190918
2400	-416.808	-590.4028	173.5948	0.6620235
2406	-414.0187	-587.3594	173.3407	0.9905579
2412	-417.5459	-591.1345	173.5887	0.6742013
2418	-415.6765	-589.2676	173.5911	0.6693663
2424	-416.6173	-590.1368	173.5195	0.7846586
2430	-416.9749	-590.4944	173.5195	0.7846586
2436	-414.0325	-587.2838	173.2514	1.077089
2442	-403.1479	-576.618	173.4701	0.8483922
2448	-408.9636	-582.528	173.5643	0.7174335
2454	-415.7971	-589.3349	173.5378	0.7585527
2460	-410.1336	-583.6714	173.5378	0.7585527
2466	-421.5315	-595.0693	173.5378	0.7585527
2472	-422.066	-595.5588	173.4928	0.8200173
2478	-413.9406	-587.1367	173.1961	1.127633
2484	-417.5118	-591.0173	173.5055	0.803464
2490	-408.6884	-582.149	173.4607	0.8597606
2496	-412.8397	-586.4694	173.6297	0.567917
2502	-429.0152	-602.3822	173.367	0.9636499
2508	-414.7136	-588.2434	173.5297	0.77026
2514	-411.0535	-584.4955	173.442	0.8816603
2520	-404.629	-578.1304	173.5014	0.8088785
2526	-410.821	-583.9106	173.0897	1.220385
2532	-405.7236	-579.2227	173.4991	0.811879
2538	-401.4808	-575.06	173.5792	0.6918173
2544	-412.5928	-586.0709	173.4781	0.8385363
2550	-419.9477	-593.5219	173.5742	0.7006651
2556	-409.8375	-583.4543	173.6168	0.610625
2562	-407.5751	-580.9518	173.3767	0.9534743
2568	-409.5255	-582.9456	173.4201	0.9065424
2574	-406.7013	-580.2897	173.5884	0.674625
2580	-410.3317	-583.7842	173.4525	0.8694077
2586	-407.5572	-580.8707	173.3135	1.017586
2592	-411.407	-584.7071	173.3001	1.030696
2598	-412.7313	-586.266	173.5347	0.7630625
2604	-412.8295	-586.205	173.3756	0.9546552
2610	-409.9402	-583.5153	173.5751	0.6991452
2616	-421.3282	-594.8366	173.5084	0.7995902
2622	-416.1698	-589.5	173.3302	1.001043
2628	-413.236	-586.7057	173.4697	0.8488665
2634	-419.0394	-592.5844	173.5449	0.748007
2640	-415.7353	-589.1304	173.3952	0.9337995
2646	-416.4701	-590.1014	173.6313	0.5606633
2652	-432.0431	-605.3501	173.307	1.024024
2658	-423.733	-597.2349	173.5019	0.8082157
2664	-418.8816	-592.4799	173.5983	0.6547392
2670	-414.306	-587.6731	173.3671	0.9634755
2676	-416.7253	-590.2171	173.4917	0.8214
2682	-420.8223	-594.3423	173.5201	0.7838391
2688	-423.1691	-596.7871	173.618	0.607065
2694	-422.364	-596	173.6359	0.4675799
2700	-427.1499	-600.6712	173.5213	0.7821084
2706	-433.3763	-606.8976	173.5213	0.7821084
2712	-422.7716	-596.2929	173.5213	0.7821084
2718	-419.2323	-592.6504	173.418	0.9088065
2724	-416.9107	-590.4844	173.5737	0.7015382
2730	-422.5457	-596.1232	173.5775	0.6948469
2736	-419.1036	-592.6811	173.5775	0.6948469
2742	-424.6688	-598.2731	173.6043	0.6415213
2748	-421.1189	-594.6037	173.4849	0.8301158
2754	-420.6787	-594.2028	173.5242	0.7781259
2760	-427.7606	-601.1388	173.3781	0.9519461
2766	-414.7788	-588.2492	173.4705	0.8479234
2772	-425.4709	-598.8505	173.3796	0.9504181
2778	-423.9669	-597.3158	173.3488	0.9823068
2784	-431.0066	-604.4936	173.487	0.8274774
2790	-429.3977	-602.8536	173.4559	0.8653888
2796	-426.7967	-600.3219	173.5253	0.7765571
2802	-431.1983	-604.7296	173.5313	0.7680819
2808	-417.2299	-590.704	173.4741	0.8434953
2814	-422.2987	-595.8296	173.531	0.7684986
2820	-412.7265	-586.19	173.4635	0.8564153
2826	-412.6399	-586.0611	173.4213	0.9052357
2832	-410.2108	-583.4818	173.271	1.05861
2838	-411.2839	-584.6912	173.4073	0.920657
2844	-413.4625	-586.8207	173.3582	0.972666
2850	-409.5553	-583.0822	173.527	0.774201
2856	-412.6661	-586.2952	173.6291	0.4356333
2862	-403	-576.6045	173.6045	0.6412363
2868	-405.5948	-579.0861	173.4913	0.8220124
2874	-408.0837	-581.3129	173.2293	1.097551
2880	-406.4883	-579.7489	173.2607	1.068378
2886	-407.5642	-581.0286	173.4644	0.8552495
2892	-408.6675	-582.132	173.4644	0.8552495
2898	-415.2975	-588.7267	173.4291	0.8963734
2904	-414.1516	-587.6738	173.5221	0.7809524
2910	-415.0171	-588.6486	173.6315	0.5596744
2916	-411.0097	-584.5144	173.5047	0.8046193
2922	-413.5308	-586.7526	173.2218	1.104355
2928	-414.4403	-587.8517	173.4115	0.9160809
2934	-413.7173	-586.997	173.2797	1.050322
2940	-413.5915	-587.0316	173.4401	0.8838661
2946	-410.168	-583.6714	173.5034	0.8062451
2952	-408.5527	-582.0002	173.4475	0.8752792
2958	-406.7175	-579.9942	173.2767	1.053253
2964	-406.7619	-580.3843	173.6224	0.5941781
2970	-410.9555	-584.2237	173.2682	1.061298
2976	-414.6278	-588.1938	173.566	0.7147449
2982	-419.8502	-593.2373	173.3872	0.9424035
2988	-418.3074	-591.9105	173.6031	0.6442237
2994	-415.7908	-589.3202	173.5294	0.7708006
3000	-414.7058	-588.2234	173.5176	0.7872603
3006	-411.7908	-585.4142	173.6234	0.5906832
3012	-402.1057	-575.4127	173.307	1.024025
3018	-415.6434	-588.9718	173.3283	1.002968
3024	-414.6932	-588.0631	173.3699	0.9606012
3030	-425.3453	-598.6035	173.2582	1.07067
3036	-411.2233	-584.5758	173.3525	0.9785428
3042	-411.5562	-584.9406	173.3845	0.9452743
3048	-414.1865	-587.8241	173.6376	0.5168891
3054	-408.5709	-582.0137	173.4428	0.8807179
3060	-411.7391	-585.1473	173.4082	0.9196435
3066	-411.4714	-585.0631	173.5917	0.6681788
3072	-411.8137	-585.2503	173.4366	0.8878888
3078	-423.6139	-597.1685	173.5546	0.733049
3084	-425.4307	-598.9934	173.5627	0.7201455
3090	-417.4964	-590.8578	173.3614	0.9693845
3096	-425.0042	-598.5706	173.5664	0.7139704
3102	-424.2868	-597.737	173.4503	0.8720685
3108	-410.9715	-584.4201	173.4486	0.8740041
3114	-410.089	-583.6457	173.5566	0.7298964
3120	-401.2411	-574.8062	173.5651	0.7161712
3126	-420.8748	-594.3896	173.5147	0.7911273
3132	-415.1665	-588.7556	173.5891	0.6732688
3138	-415.812	-589.3048	173.4928	0.8200987
3144	-411.8731	-585.0579	173.1848	1.137742
3150	-424.4117	-597.9522	173.5405	0.7545671
3156	-425.6282	-599.2166	173.5884	0.6746618
3162	-412.2424	-585.7821	173.5397	0.7558684
3168	-417.7221	-591.0238	173.3017	1.029162
3174	-418.3202	-591.6887	173.3685	0.9619931
3180	-415.0891	-588.7222	173.6331	0.5520566
3186	-413.5071	-586.7285	173.2214	1.104783
3192	-411.0168	-584.5001	173.4833	0.8320358
3198	-417.5501	-591.0626	173.5124	0.7942265
3204	-409.3307	-582.864	173.5333	0.7651038
3210	-411.3697	-584.7721	173.4025	0.9259339
3216	-410.4519	-584.0623	173.6103	0.6273148
3222	-414.8706	-588.314	173.4434	0.8800596
3228	-414.109	-587.6394	173.5304	0.7693363
3234	-421.8937	-595.4241	173.5304	0.7693363
3240	-418.2438	-591.3697	173.1259	1.189406
3246	-415.1001	-588.4266	173.3265	1.004764
3252	-412.4325	-585.8174	173.3849	0.9447635
3258	-412.1812	-585.6782	173.4971	0.8145632
3264	-410.02	-583.2854	173.2655	1.06387
3270	-414.2446	-587.6274	173.3827	0.9470964
3276	-412.5685	-586.0213	173.4528	0.8690867
3282	-412.9002	-586.4901	173.5899	0.6716959
3288	-413.7342	-587.3242	173.5899	0.6716959
3294	-416.0178	-589.5654	173.5477	0.7438595
3300	-419.7867	-593.4149	173.6282	0.5736706
3306	-420.2223	-593.6271	173.4047	0.9234603
3312	-416.6165	-589.554	172.9375	1.345147
3318	-416.508	-589.8712	173.3632	0.9675157
3324	-422.6241	-595.9874	173.3632	0.9675157
3330	-420.1921	-593.819	173.6269	0.5785678
3336	-419.321	-592.7029	173.3819	0.9480117
3342	-423.346	-596.9288	173.5828	0.6852718
3348	-422.0849	-595.6271	173.5422	0.7521096
3354	-417.3981	-590.8403	173.4422	0.8814416
3360	-404.6668	-578.1148	173.448	0.8747223
3366	-405.3986	-578.9763	173.5777	0.6944472
3372	-403.8781	-577.4478	173.5697	0.7084398
3378	-408.9484	-582.5181	173.5697	0.7084398
3384	-425.1832	-598.7695	173.5862	0.6788189
3390	-417.8877	-591.2854	173.3977	0.9310769
3396	-412.3437	-585.4484	173.1047	1.207599
3402	-414.2375	-587.8307	173.5931	0.6653403
3408	-410.6203	-583.9085	173.2883	1.042134
3414	-416.7544	-590.3043	173.5499	0.7404969
3420	-418.8993	-592.2967	173.3974	0.9314392
3426	-423.5036	-597.1122	173.6086	0.6316318
3432	-413.4078	-586.8766	173.4688	0.8499884
3438	-413.9191	-587.5521	173.633	0.5522824
3444	-410.0863	-583.6657	173.5794	0.6914621
3450	-409.6722	-583.0257	173.3535	0.9775318
3456	-407.6206	-581.0248	173.4042	0.9239958
3462	-411.9283	-585.4376	173.5093	0.79844
3468	-411.5977	-585.0373	173.4396	0.8844628
3474	-414.4924	-587.932	173.4396	0.8844628
3480	-413.6729	-587.2321	173.5593	0.725705
3486	-413.8919	-587.1726	173.2808	1.049343
3492	-416.7234	-590.0893	173.3658	0.9648026
3498	-414.6207	-588.1822	173.5615	0.7220194
3504	-421.1602	-594.7797	173.6195	0.6029324
3510	-413.6801	-587.2548	173.5747	0.6998241
3516	-418.9124	-592.4976	173.5852	0.6807394
3522	-428.9651	-602.505	173.5399	0.7555072
3528	-430.0786	-603.3793	173.3007	1.030129
3534	-412.6238	-585.9393	173.3155	1.015686
3540	-410.4007	-583.8498	173.4492	0.87335
3546	-411.8829	-585.5146	173.6317	0.5589981
3552	-409.4886	-583.0473	173.5587	0.7266337
3558	-414.9389	-588.4218	173.4829	0.8325903
3564	-408.6689	-582.26	173.5911	0.6694682
3570	-408.81	-582.4201	173.6101	0.6278565
3576	-415.2903	-588.627	173.3367	0.99456
3582	-410.7424	-584.1244	173.382	0.9478596
3588	-411.43	-584.8501	173.4201	0.9065004
3594	-409.9505	-583.126	173.1756	1.145988
3600	-414.5423	-587.9226	173.3803	0.9496794
3606	-416.1919	-589.7511	173.5592	0.7257631
3612	-418.9246	-592.442	173.5174	0.7874709
3618	-408.7429	-582.2015	173.4587	0.8621529
3624	-408.8826	-582.348	173.4654	0.8540185
3630	-412.8818	-586.4732	173.5914	0.6688703
3636	-419.8404	-593.3825	173.5421	0.7522028
3642	-418.9162	-592.3572	173.4411	0.8827342
3648	-408.5536	-582.1043	173.5507	0.7392669
3654	-413.7094	-587.1957	173.4863	0.8283062
3660	-425.4318	-598.953	173.5212	0.7821908
3666	-417.3904	-590.9116	173.5212	0.7821908
3672	-408.6598	-582.1612	173.5014	0.8089221
3678	-417.002	-590.3084	173.3064	1.024556
3684	-409.5046	-582.8776	173.3731	0.9572677
3690	-410.9879	-584.48	173.4921	0.8209091
3696	-422.4223	-595.9145	173.4921	0.8209091
3702	-410.7671	-584.0979	173.3307	1.000576
3708	-422.9107	-596.5012	173.5904	0.6707395
3714	-420.3531	-593.5257	173.1726	1.148585
3720	-409.862	-583.3449	173.4829	0.8326174
3726	-414.6009	-588.1088	173.5079	0.8003256
3732	-417.633	-590.9066	173.2737	1.056092
3738	-417.3198	-590.5935	173.2737	1.056092
3744	-414.829	-588.3498	173.5208	0.7828392
3750	-412.7847	-586.3685	173.5838	0.6834094
3756	-412.5743	-586.0291	173.4548	0.866679
3762	-412.8959	-586.2336	173.3376	0.993616
3768	-417.6482	-591.2156	173.5674	0.7123782
3774	-414.3888	-587.8596	173.4708	0.8474783
3780	-410.2082	-583.6675	173.4593	0.8614175
3786	-417.0905	-590.7217	173.6312	0.5612433
3792	-413.1053	-586.4483	173.343	0.9881972
3798	-410.7882	-584.0511	173.2628	1.066333
3804	-407.9479	-581.3538	173.4059	0.9222072
3810	-411.4093	-584.9112	173.5019	0.8082336
3816	-408.0269	-581.5144	173.4875	0.8268156
3822	-412.4604	-585.9479	173.4875	0.8268156
3828	-421.6284	-595.2313	173.6029	0.64474
3834	-411.7991	-585.3159	173.5167	0.7883798
3840	-409.6936	-583.2103	173.5167	0.7883798
3846	-415.4417	-589.0352	173.5935	0.6645303
3852	-413.5703	-587.0743	173.504	0.8054967
3858	-421.6926	-594.8504	173.1579	1.161603
3864	-429.0817	-602.497	173.4153	0.9118284
3870	-428.12	-601.6898	173.5698	0.7083566
3876	-424.8478	-598.4278	173.5801	0.6902735
3882	-420.9581	-594.5517	173.5935	0.6645299
3888	-415.0447	-588.467	173.4223	0.9040532
3894	-417.4288	-590.8658	173.437	0.8874649
3900	-421.7715	-595.1769	173.4054	0.9227253
3906	-418.7214	-592.301	173.5796	0.6912027
3912	-418.3039	-591.7797	173.4759	0.8413244
3918	-412.7522	-585.9196	173.1674	1.153205
3924	-411.1756	-584.8079	173.6323	0.5559981
3930	-410.8988	-584.4549	173.5561	0.7307429
3936	-414.5393	-587.8507	173.3113	1.019741
3942	-422.491	-595.8024	173.3113	1.019741
3948	-419.2646	-592.8545	173.59	0.6716478
3954	-406.5193	-579.9262	173.4069	0.9211142
3960	-407.9742	-581.5237	173.5496	0.7409336
3966	-415.6612	-589.1696	173.5085	0.7995698
3972	-409.3842	-582.6794	173.2953	1.035409
3978	-406.6098	-580.0535	173.4437	0.8796924
3984	-410.7134	-584.3464	173.6329	0.5528872
3990	-406.902	-580.4892	173.5872	0.6769693
3996	-410.1191	-583.6104	173.4913	0.8219806
4002	-413.7179	-587.138	173.4201	0.9064718
4008	-418.3992	-591.8337	173.4346	0.8902127
4014	-411.022	-584.5621	173.5401	0.7552604
4020	-409.9777	-583.4211	173.4434	0.8800818
4026	-426.234	-599.4531	173.2192	1.106792
4032	-421.9056	-595.4384	173.5329	0.7657689
4038	-425.8534	-599.45	173.5966	0.658233
4044	-421.5105	-594.8687	173.3581	0.9727724
4050	-417.63	-590.9881	173.3581	0.9727724
4056	-423.8481	-597.3837	173.5356	0.7617884
4062	-420.5218	-594.0382	173.5163	0.788962
4068	-424.7742	-598.4013	173.6271	0.5778589
4074	-418.2351	-591.8264	173.5913	0.6690788
4080	-422.6012	-595.9978	173.3966	0.932269
4086	-407.897	-581.4892	173.5922	0.6673269
4092	-411.5148	-585.1139	173.5991	0.6529911
4098	-412.6786	-586.2353	173.5567	0.7297416
4104	-416.1787	-589.8122	173.6334	0.5500739
4110	-420.0397	-593.5097	173.47	0.8484574
4116	-421.0508	-594.5721	173.5213	0.7821478
4122	-411.6445	-585.1735	173.5289	0.7713864
4128	-407.1961	-580.8154	173.6194	0.6032504
4134	-413.6408	-587.08	173.4392	0.8849451
4140	-406.6824	-580.2147	173.5323	0.7666346
4146	-413.6841	-587.0453	173.3612	0.9696341
4152	-409.2094	-582.8093	173.5999	0.6512291
4158	-410.5515	-584.0101	173.4586	0.8621756
4164	-409.5178	-582.838	173.3202	1.011052
4170	-429.1611	-602.71	173.5489	0.7419954
4176	-418.7303	-592.2792	173.5489	0.7419954
4182	-418.1053	-591.2229	173.1176	1.196565
4188	-409.1499	-582.5975	173.4475	0.8752374
4194	-422.506	-596.1244	173.6184	0.6058862
4200	-410.8944	-584.3572	173.4628	0.8571577
4206	-420.5756	-594.0384	173.4628	0.8571577
4212	-413.9788	-587.6143	173.6354	0.4640127
4218	-412.868	-586.3032	173.4353	0.8894029
4224	-424.7283	-598.1937	173.4654	0.8540704
4230	-414.3444	-587.9592	173.6148	0.6159523
4236	-409.315	-582.8985	173.5834	0.6840789
4242	-417.8612	-591.3608	173.4996	0.8112896
4248	-415.4557	-588.8083	173.3526	0.9784554
4254	-420.2649	-593.8871	173.6222	0.5946474
4260	-415.7649	-589.2437	173.4788	0.8376928
4266	-409.9597	-583.4584	173.4987	0.8124441
4272	-414.7951	-588.3341	173.539	0.7568654
4278	-418.7818	-592.3207	173.539	0.7568654
4284	-414.7889	-588.0066	173.2176	1.108216
4290	-419.2455	-592.6669	173.4214	0.9050884
4296	-414.5259	-587.6922	173.1663	1.154178
4302	-414.0464	-587.5858	173.5394	0.7562547
4308	-419.6596	-592.9976	173.338	0.9932634
4314	-417.9633	-591.566	173.6027	0.6452283
4320	-421.7099	-595.1729	173.463	0.8569668
4326	-412.6951	-586.1581	173.463	0.8569668
4332	-421.4702	-594.8774	173.4072	0.9207494
4338	-413.5282	-586.9354	173.4072	0.9207494
4344	-414.4851	-587.9689	173.4838	0.8314272
4350	-408.2097	-581.7616	173.5519	0.7373535
4356	-411.1497	-584.6889	173.5392	0.7565005
4362	-417.2962	-590.7471	173.4509	0.8713515
4368	-416.3919	-589.9612	173.5693	0.7090611
4374	-424.8009	-598.3366	173.5357	0.7616991
4380	-420.0892	-593.5176	173.4285	0.8971344
4386	-423.7047	-597.3195	173.6148	0.6159197
4392	-407.8011	-581.1969	173.3958	0.9331266
4398	-413.0548	-586.687	173.6322	0.4474062
4404	-410.7301	-584.3551	173.625	0.585313
4410	-415.7577	-589.0545	173.2968	1.033901
4416	-411.7842	-585.3154	173.5311	0.7682706
4422	-412.0489	-585.5801	173.5311	0.7682706
4428	-412.9169	-586.4933	173.5764	0.6967921
4434	-411.2052	-584.7086	173.5034	0.8062766
4440	-418.1338	-591.491	173.3572	0.9737093
4446	-409.5363	-583.0736	173.5373	0.7593714
4452	-408.974	-582.5087	173.5348	0.7629962
4458	-417.0136	-590.4461	173.4325	0.8926173
4464	-415.6683	-589.0836	173.4153	0.9119026
4470	-417.9183	-591.5231	173.6048	0.6404821
4476	-422.1208	-595.4107	173.2899	1.04057
4482	-415.3954	-588.9864	173.591	0.6696711
4488	-412.6696	-586.2613	173.5917	0.6681722
4494	-414.5662	-588.193	173.6268	0.5790051
4500	-412.3748	-585.9718	173.597	0.6574071
4506	-411.9171	-585.5146	173.5975	0.6563517
4512	-411.9258	-585.3795	173.4537	0.8679888
4518	-416.3158	-589.9023	173.5865	0.6783257
4524	-418.0473	-591.6518	173.6045	0.6412321
4530	-414.1312	-587.6335	173.5023	0.8077643
4536	-411.2167	-584.7071	173.4904	0.8230742
4542	-413.4628	-586.974	173.5112	0.7958851
4548	-412.2478	-585.8339	173.586	0.6791957
4554	-411.7795	-585.3506	173.5711	0.7061139
4560	-420.0247	-593.3986	173.3739	0.9563753
4566	-414.0094	-587.3833	173.3739	0.9563753
4572	-422.4592	-595.6423	173.1831	1.139277
4578	-424.6632	-597.5851	172.9219	1.357504
4584	-415.1787	-588.781	173.6024	0.6458844
4590	-409.9825	-583.2342	173.2517	1.076809
4596	-418.2861	-591.8827	173.5966	0.6582693
4602	-428.1589	-601.7817	173.6228	0.5926629
4608	-425.4858	-598.6954	173.2096	1.115497
4614	-418.0532	-591.6556	173.6024	0.6459291
4620	-414.5734	-588.1831	173.6097	0.628878
4626	-417.9744	-591.1737	173.1993	1.124749
4632	-425.2406	-598.5574	173.3168	1.014385
4638	-417.8095	-591.1144	173.3049	1.026043
4644	-418.845	-592.3771	173.532	0.766996
4650	-421.2303	-594.7549	173.5246	0.7775634
4656	-409.9223	-583.4469	173.5246	0.7775634
4662	-407.6812	-581.171	173.4898	0.8239244
4668	-405.9012	-579.1683	173.2671	1.062309
4674	-420.2003	-593.8175	173.6172	0.6094479
4680	-418.8199	-592.4108	173.5909	0.6697618
4686	-406.8043	-580.2978	173.4935	0.8191605
4692	-408.6559	-582.1174	173.4615	0.8587737
4698	-410.8154	-584.2769	173.4615	0.8587737
4704	-416.4885	-590.0512	173.5628	0.7199971
4710	-408.521	-582.0771	173.5562	0.7306615
4716	-414.7276	-588.2837	173.5562	0.7306615
4722	-424.1568	-597.7837	173.6268	0.5789405
4728	-421.0912	-594.4758	173.3845	0.945189
4734	-418.8059	-592.3807	173.5748	0.6996071
4740	-415.6337	-589.136	173.5023	0.8077294
4746	-415.2591	-588.3382	173.0791	1.229321
4752	-419.0886	-592.5224	173.4337	0.8911774
4758	-411.5496	-585.1876	173.638	0.4921217
4764	-409.5515	-582.94	173.3885	0.9410014
4770	-416.2757	-589.8966	173.6208	0.5988512
4776	-410.6374	-584.2369	173.5996	0.6519805
4782	-411.5562	-585.1766	173.6203	0.600407
4788	-407.7799	-581.3728	173.5929	0.665922
4794	-411.636	-585.2405	173.6045	0.6411276
4800	-413.3033	-586.8638	173.5605	0.7237063
4806	-419.0776	-592.5427	173.4651	0.8544385
4812	-415.0923	-588.5574	173.4651	0.8544385
4818	-418.1544	-591.1927	173.0384	1.263347
4824	-419.4078	-592.7504	173.3426	0.9886301
4830	-411.8151	-585.1577	173.3426	0.9886301
4836	-408.8658	-582.26	173.3942	0.9348559
4842	-406.8197	-580.2741	173.4543	0.8673008
4848	-413.5336	-587.1641	173.6305	0.564357
4854	-422.3622	-595.9585	173.5963	0.6589645
4860	-420.2456	-593.742	173.4965	0.8153183
4866	-419.995	-593.5907	173.5958	0.6599582
4872	-410.9382	-584.4468	173.5086	0.7993813
4878	-407.8369	-581.4005	173.5635	0.718745
4884	-414.3003	-587.8624	173.5621	0.7211117
4890	-418.0064	-591.5308	173.5244	0.7778264
4896	-422.0793	-595.399	173.3196	1.011589
4902	-410.7613	-583.9838	173.2225	1.103749
4908	-416.1454	-589.6912	173.5458	0.7466976
4914	-416.7705	-590.1194	173.3489	0.9822224
4920	-422.2352	-595.746	173.5108	0.7964658
4926	-415.4694	-588.9442	173.4747	0.8427117
4932	-414.5585	-587.93	173.3715	0.9588765
4938	-420.485	-593.592	173.107	1.205692
4944	-423.8131	-597.2858	173.4727	0.8451587
4950	-423.4815	-597.0122	173.5307	0.7688671
4956	-420.5395	-593.9107	173.3712	0.959216
4962	-423.0329	-596.5688	173.536	0.7612765
4968	-430.7508	-604.0043	173.2535	1.07511
4974	-428.3257	-601.9017	173.576	0.697629
4980	-425.6831	-599.1202	173.4371	0.8872618
4986	-424.0738	-597.623	173.5492	0.7414564
4992	-428.9546	-602.4688	173.5142	0.7918336
4998	-433.6187	-607.1534	173.5347	0.763066
5004	-426.0854	-599.6461	173.5607	0.7233822
5010	-422.2122	-595.7157	173.5034	0.8062707
5016	-427.4554	-600.9588	173.5034	0.8062707
5022	-419.0374	-592.6507	173.6134	0.6197254
5028	-419.6495	-593.0327	173.3832	0.9466171
5034	-421.0936	-594.6913	173.5977	0.6560519
5040	-417.4498	-590.8549	173.405	0.9231187
5046	-417.7745	-591.3257	173.5512	0.7383864
5052	-424.0461	-597.5753	173.5292	0.7709979
5058	-421.0794	-594.4422	173.3628	0.9679175
5064	-416.5575	-590.1348	173.5773	0.6951824
5070	-416.0704	-589.5678	173.4974	0.8141251
5076	-416.7451	-590.2826	173.5375	0.7590525
5082	-413.9906	-587.5344	173.5437	0.7498206
5088	-418.2007	-591.5749	173.3741	0.9561784
5094	-421.3108	-594.758	173.4472	0.8756693
5100	-432.1796	-605.6956	173.5161	0.7893304
5106	-420.1142	-593.574	173.4598	0.8607729
5112	-411.2283	-584.6881	173.4598	0.8607729
5118	-407.9213	-581.4207	173.4994	0.8114808
5124	-413.8136	-587.4246	173.6111	0.625523
5130	-407.1184	-580.5094	173.391	0.9382966
5136	-407.0214	-580.6197	173.5984	0.6545569
5142	-407.7346	-581.1946	173.4599	0.8606433
5148	-409.2974	-582.7675	173.47	0.8484437
5154	-413.2673	-586.5149	173.2476	1.080613
5160	-411.1499	-584.5769	173.427	0.8987488
5166	-414.3299	-587.8817	173.5517	0.7375752
5172	-419.0242	-592.5049	173.4806	0.8354087
5178	-409.0724	-582.5635	173.4912	0.8221317
5184	-417.1095	-590.6173	173.5078	0.8004587
5190	-416.8625	-590.3178	173.4553	0.8661409
5196	-423.7561	-597.2221	173.466	0.853296
5202	-426.6242	-600.0889	173.4647	0.8549424
5208	-440.2923	-613.8957	173.6034	0.6435258
5214	-421.4076	-594.9015	173.4939	0.8186076
5220	-424.618	-598.1898	173.5717	0.7049862
5226	-415.3227	-588.6435	173.3208	1.010416
5232	-410.3001	-583.811	173.5109	0.7963328
5238	-410.9237	-584.4035	173.4798	0.8364943
5244	-409.2833	-582.8182	173.5349	0.7628514
5250	-413.1505	-586.6017	173.4512	0.8709332
5256	-411.8039	-585.2552	173.4512	0.8709332
5262	-404.8014	-578.2388	173.4374	0.8869734
5268	-409.9167	-583.3541	173.4374	0.8869734
5274	-418.6951	-592.2278	173.5327	0.7660019
5280	-412.8505	-586.4078	173.5573	0.7288578
5286	-423.735	-597.2061	173.4711	0.8471418
5292	-412.9773	-586.5573	173.58	0.6903268
5298	-405.4433	-578.992	173.5487	0.7422962
5304	-410.0564	-583.495	173.4386	0.8855971
5310	-421.3386	-594.8727	173.5341	0.7640442
5316	-420.9923	-594.5404	173.5481	0.7431518
5322	-417.1213	-590.6213	173.5001	0.8106512
5328	-418.0742	-591.5398	173.4656	0.8538678
5334	-426.6755	-600.0399	173.3644	0.9663078
5340	-426.9294	-600.502	173.5726	0.7035588
5346	-426.6269	-600.2533	173.6264	0.5805875
5352	-417.2636	-590.7558	173.4921	0.8208772
5358	-415.9206	-589.3594	173.4388	0.8853961
5364	-422.4275	-595.8455	173.418	0.9088908
5370	-414.9056	-588.4103	173.5047	0.8045616
5376	-416.3164	-589.9542	173.6377	0.5144687
5382	-417.0717	-590.3653	173.2935	1.037084
5388	-406.6182	-580.007	173.3888	0.9406372
5394	-423.218	-596.7296	173.5116	0.7953539
5400	-414.2948	-587.8064	173.5116	0.7953539
5406	-413.541	-587.1054	173.5644	0.717328
5412	-422.5884	-596.1311	173.5426	0.7514462
5418	-423.2342	-596.5397	173.3055	1.025462
5424	-417.4527	-591.0129	173.5602	0.7241896
5430	-419.1183	-592.3137	173.1954	1.128261
5436	-422.8406	-596.0019	173.1613	1.158619
5442	-420.2408	-593.4866	173.2458	1.082272
5448	-419.2549	-592.4693	173.2145	1.111085
5454	-417.7108	-591.2719	173.5612	0.7226192
5460	-418.6015	-591.8773	173.2758	1.054095
5466	-411.556	-585.0616	173.5056	0.8033637
5472	-411.6285	-585.0482	173.4197	0.9069714
5478	-408.1652	-581.8033	173.6381	0.5056231
5484	-413.6234	-587.2615	173.6381	0.5056231
5490	-408.1685	-581.7927	173.6242	0.5881143
5496	-412.7578	-586.393	173.6352	0.4626384
5502	-414.3424	-587.8364	173.4939	0.8185871
5508	-414.3783	-587.7289	173.3506	0.9805408
5514	-411.3523	-584.9033	173.551	0.7386921
5520	-413.464	-587.0788	173.6149	0.6157532
5526	-408.7526	-582.2083	173.4557	0.865661
5532	-414.0927	-587.3775	173.2848	1.045497
5538	-421.645	-595.2421	173.5971	0.6572596
5544	-415.4533	-589.0057	173.5524	0.736521
5550	-413.8962	-587.4821	173.5859	0.6794526
5556	-408.8904	-582.4716	173.5811	0.6883178
5562	-418.9177	-592.5264	173.6086	0.6314935
5568	-414.2371	-587.7549	173.5178	0.7869771
5574	-418.0497	-591.6437	173.594	0.6635253
5580	-417.5032	-591.0536	173.5505	0.7395722
5586	-411.1926	-584.6143	173.4217	0.9047574
5592	-411.5001	-584.7879	173.2878	1.042586
5598	-414.0802	-587.6872	173.607	0.6354213
5604	-415.8405	-589.3844	173.5439	0.7495078
5610	-405.0901	-578.5599	173.4698	0.8487067
5616	-402.1785	-575.7434	173.5648	0.7166074
5622	-409.5523	-583.1678	173.6154	0.6142314
5628	-413.4458	-586.924	173.4782	0.8384791
5634	-413.023	-586.5312	173.5082	0.7999274
5640	-414.6912	-588.2072	173.5159	0.7894793
5646	-419.8192	-593.1881	173.3689	0.961645
5652	-409.6594	-583.1191	173.4597	0.8609059
5658	-407.2561	-580.7496	173.4934	0.8192129
5664	-410.5095	-583.7077	173.1982	1.125782
5670	-410.5918	-583.9951	173.4034	0.924965
5676	-411.8713	-585.416	173.5447	0.7483261
5682	-407.1601	-580.6067	173.4466	0.8763542
5688	-408.8248	-582.1706	173.3458	0.985396
5694	-421.3129	-594.6267	173.3138	1.017352
5700	-416.6095	-589.9232	173.3138	1.017352
5706	-406.3707	-579.7692	173.3985	0.9302773
5712	-412.5696	-586.1821	173.6125	0.6219282
5718	-404.9828	-578.4735	173.4907	0.8227562
5724	-416.1409	-589.5821	173.4411	0.882706
5730	-410.0081	-583.6158	173.6078	0.6335863
5736	-405.0179	-578.5242	173.5063	0.8024653
5742	-404.2246	-577.7524	173.5278	0.772979
5748	-405.517	-579.1346	173.6175	0.608428
5754	-411.9741	-585.2513	173.2772	1.052765
5760	-417.3481	-590.8181	173.47	0.8484748
5766	-419.0308	-592.4145	173.3837	0.946071
5772	-420.4709	-593.9848	173.5139	0.7922888
5778	-421.4768	-595.0344	173.5576	0.7283347
5784	-413.2404	-586.7325	173.4922	0.8208141
5790	-412.8351	-586.3935	173.5584	0.7271546
5796	-426.0525	-599.1805	173.1279	1.187675
5802	-417.8429	-591.3302	173.4873	0.8270033
5808	-416.0769	-589.6644	173.5875	0.6763972
5814	-414.9554	-588.5665	173.6111	0.6253445
5820	-416.4959	-590.0497	173.5538	0.73435
5826	-415.1968	-588.6417	173.4449	0.8783092
5832	-413.175	-586.6291	173.454	0.8676297
5838	-412.4808	-586.0448	173.564	0.7179227
5844	-410.7108	-583.8955	173.1848	1.137799
5850	-409.9165	-583.486	173.5695	0.7087857
5856	-410.7945	-584.364	173.5695	0.7087857
5862	-413.3137	-586.912	173.5983	0.6547697
5868	-418.5578	-592.156	173.5983	0.6547697
5874	-414.1696	-587.7619	173.5923	0.6670979
5880	-412.1751	-585.7104	173.5353	0.7622945
5886	-414.7491	-588.3358	173.5867	0.6779236
5892	-427.045	-600.4007	173.3557	0.9752263
5898	-418.7333	-592.0891	173.3557	0.9752263
5904	-412.9687	-586.3116	173.3429	0.9883217
5910	-416.2025	-589.616	173.4135	0.913845
5916	-425.3754	-598.883	173.5076	0.8007749
5922	-408.4419	-581.9689	173.527	0.7741238
5928	-410.8839	-584.4627	173.5789	0.692455
5934	-403.9567	-577.3174	173.3607	0.9701097
5940	-410.5987	-583.7963	173.1975	1.126386
5946	-415.3362	-588.5002	173.164	1.156228
5952	-420.8897	-594.5143	173.6245	0.5870782
5958	-407.8804	-581.193	173.3126	1.01856
5964	-410.0312	-583.414	173.3828	0.9470696
5970	-419.2778	-592.8988	173.6211	0.5981226
5976	-412.4509	-586.004	173.5531	0.7354637
5982	-414.8533	-588.485	173.6317	0.559088
5988	-410.9514	-584.5535	173.6021	0.6465138
5994	-418.4903	-591.9468	173.4565	0.864725
6000	-415.9606	-589.5896	173.629	0.5708027
6006	-413.8845	-587.3784	173.4939	0.8186875
6012	-405.839	-578.9279	173.089	1.221
6018	-409.5379	-583.0997	173.5618	0.72164
6024	-411.1505	-584.6104	173.4599	0.8606571
6030	-414.2128	-587.7209	173.5081	0.8001092
6036	-416.9572	-590.5218	173.5646	0.7169253
6042	-422.8411	-596.4765	173.6354	0.5378917
6048	-420.3037	-593.5412	173.2375	1.089949
6054	-415.4867	-588.9874	173.5006	0.8099079
6060	-414.3094	-587.6919	173.3825	0.9473625
6066	-413.4496	-586.5021	173.0525	1.251567
6072	-411.2983	-584.7768	173.4785	0.838046
6078	-417.3116	-590.704	173.3923	0.9368641
6084	-415.8153	-589.312	173.4967	0.8150325
6090	-409.2654	-582.7621	173.4967	0.8150325
6096	-407.3639	-580.8925	173.5286	0.7719264
6102	-415.1387	-588.3758	173.2371	1.090324
6108	-418.8784	-592.5094	173.631	0.5619709
6114	-413.3044	-586.7959	173.4916	0.8216277
6120	-413.5169	-586.9071	173.3901	0.9392455
6126	-416.9172	-590.4878	173.5706	0.7070045
6132	-418.5115	-592.1173	173.6058	0.6380958
6138	-409.4719	-583.0382	173.5663	0.7141616
6144	-425.8911	-599.0817	173.1906	1.132554
6150	-419.9768	-593.2782	173.3014	1.029444
6156	-424.3465	-597.5999	173.2534	1.075188
6162	-416.5206	-590.0917	173.5711	0.706112
6168	-425.2712	-598.7444	173.4732	0.8446338
6174	-424.6648	-598.2099	173.5451	0.7477373
6180	-426.1605	-599.3136	173.1531	1.165787
6186	-420.3274	-593.8967	173.5694	0.7090442
6192	-416.1548	-589.6364	173.4816	0.8341898
6198	-414.596	-588.1438	173.5478	0.7436285
6204	-409.8575	-583.3256	173.4681	0.8507777
6210	-424.5583	-597.9389	173.3807	0.9492956
6216	-415.1897	-588.7222	173.5326	0.7662024
6222	-421.806	-595.397	173.591	0.6696193
6228	-419.5474	-593.0389	173.4915	0.8216868
6234	-405.8723	-579.3638	173.4915	0.8216868
6240	-407.0337	-580.6477	173.614	0.6181596
6246	-414.9684	-588.3065	173.3381	0.9931826
6252	-416.1803	-589.8163	173.636	0.5331276
6258	-412.5322	-586.0316	173.4994	0.8115368
6264	-404.7692	-578.186	173.4167	0.9102594
6270	-406.6117	-580.2336	173.6219	0.5956974
6276	-414.8218	-588.3149	173.4931	0.8196952
6282	-412.2264	-585.6614	173.435	0.8897168
6288	-411.5062	-584.9255	173.4193	0.907414
6294	-410.6965	-584.1018	173.4053	0.9228447
6300	-404.5746	-577.995	173.4204	0.9061802
6306	-410.3369	-583.8731	173.5362	0.7609366
6312	-405.3202	-578.7718	173.4516	0.8704571
6318	-407.4994	-580.9511	173.4516	0.8704571
6324	-413.2717	-586.8052	173.5335	0.7648295
6330	-411.5978	-585.1807	173.5829	0.6851312
6336	-417.909	-591.2825	173.3736	0.9567414
6342	-413.2767	-586.6253	173.3486	0.9825149
6348	-409.0672	-582.6673	173.6001	0.6508885
6354	-414.9923	-588.3686	173.3763	0.953886
6360	-413.3951	-586.7744	173.3792	0.9508154
6366	-418.0291	-591.6566	173.6275	0.5763944
6372	-414.1957	-587.739	173.5433	0.750463
6378	-419.5503	-593.0487	173.4985	0.8127423
6384	-420.691	-594.2378	173.5469	0.7450702
6390	-412.4207	-585.8335	173.4128	0.9145673
6396	-424.3218	-597.7346	173.4128	0.9145673
6402	-413.8246	-587.2374	173.4128	0.9145673
6408	-421.3533	-594.5696	173.2162	1.109455
6414	-407.2641	-580.7732	173.5091	0.7986632
6420	-409.9428	-583.5125	173.5697	0.7085164
6426	-416.6285	-590.0996	173.4712	0.8470769
6432	-408.9881	-582.446	173.4579	0.8630058
6438	-418.8384	-592.4222	173.5838	0.6834561
6444	-413.2281	-586.8333	173.6053	0.6393926
6450	-417.9317	-591.551	173.6193	0.6034298
6456	-410.5189	-583.9144	173.3955	0.9334396
6462	-412.9844	-586.5743	173.5898	0.6719072
6468	-416.8444	-590.3291	173.4847	0.8303282
6474	-413.2432	-586.741	173.4978	0.8136113
6480	-419.1448	-592.706	173.5612	0.7225603
6486	-411.7477	-585.1702	173.4225	0.9038078
6492	-416.8391	-590.4143	173.5752	0.6989017
6498	-421.8537	-595.3237	173.47	0.8485427
6504	-417.3884	-590.8172	173.4288	0.8967828
6510	-412.8079	-586.4411	173.6332	0.5513233
6516	-418.9713	-592.5603	173.589	0.6734866
6522	-403.9332	-577.2427	173.3095	1.021593
6528	-408.6931	-581.8211	173.128	1.18759
6534	-406.9317	-580.3146	173.3828	0.9469757
6540	-406.2141	-579.6751	173.461	0.8592986
6546	-403.0898	-576.6616	173.5718	0.7048766
6552	-406.7777	-580.2376	173.46	0.8605903
6558	-406.3407	-579.9666	173.6259	0.5823866
6564	-412.5983	-586.0825	173.4842	0.8310009
6570	-411.2372	-584.8476	173.6104	0.6271762
6576	-413.1224	-586.642	173.5195	0.7845391
6582	-410.4034	-583.6664	173.263	1.066209
6588	-424.6916	-598.256	173.5644	0.7173422
6594	-424.8637	-598.2768	173.4131	0.9142786
6600	-420.9217	-594.431	173.5093	0.7984199
6606	-418.9864	-592.507	173.5207	0.7829671
6612	-416.5103	-589.8228	173.3124	1.018661
6618	-408.938	-582.3175	173.3796	0.9504623
6624	-409.4998	-583.0308	173.531	0.7684374
6630	-405.7918	-579.1372	173.3454	0.9858298
6636	-407.964	-581.4559	173.4919	0.8211777
6642	-409.4266	-582.8284	173.4018	0.926654
6648	-413.2765	-586.9047	173.6281	0.5741311
6654	-414.0249	-587.3431	173.3182	1.013023
6660	-430.685	-603.9682	173.2832	1.046964
6666	-433.7806	-606.9361	173.1556	1.163626
6672	-418.7532	-592.253	173.4998	0.8109841
6678	-419.1442	-592.6711	173.5269	0.7742758
6684	-421.3431	-594.9549	173.6118	0.6236221
6690	-421.4814	-595.1172	173.6358	0.5349929
6696	-416.3105	-589.9242	173.6137	0.6187128
6702	-420.7246	-594.1226	173.398	0.9307165
6708	-417.8864	-591.2485	173.3621	0.968668
6714	-416.8826	-590.3883	173.5058	0.803155
6720	-411.0784	-584.6381	173.5596	0.7250828
6726	-407.1035	-580.5524	173.4489	0.8737125
6732	-415.4617	-589.0302	173.5684	0.7106171
6738	-410.7667	-584.2655	173.4988	0.8122681
6744	-410.7546	-584.1852	173.4307	0.8946361
6750	-410.263	-583.7875	173.5245	0.7776566
6756	-415.4939	-589.0184	173.5245	0.7776566
6762	-414.6275	-588.1568	173.5293	0.7708825
6768	-415.1163	-588.6897	173.5734	0.7021543
6774	-409.1389	-582.6079	173.469	0.8497431
6780	-413.9392	-587.5715	173.6323	0.5560741
6786	-413.7051	-587.113	173.4078	0.920101
6792	-415.1412	-588.6365	173.4953	0.8167895
6798	-420.025	-593.4846	173.4597	0.8609531
6804	-412.2156	-585.7676	173.552	0.7372403
6810	-423.8008	-597.0468	173.2461	1.082034
6816	-405.7354	-578.9814	173.2461	1.082034
6822	-406.4441	-579.9996	173.5555	0.7316611
6828	-408.1774	-581.733	173.5555	0.7316611
6834	-417.763	-590.8113	173.0483	1.255058
6840	-429.9668	-603.5531	173.5863	0.6787682
6846	-414.4564	-588.0886	173.6322	0.5566367
6852	-416.4715	-590.0125	173.541	0.7539217
6858	-416.8353	-590.0052	173.17	1.150959
6864	-425.7557	-598.8864	173.1307	1.185284
6870	-414.0974	-587.63	173.5327	0.7660715
6876	-418.1756	-591.7121	173.5365	0.7605041
6882	-423.8028	-597.2751	173.4723	0.84567
6888	-421.0006	-594.4729	173.4723	0.84567
6894	-410.0072	-583.5323	173.5251	0.7768791
6900	-410.8982	-584.3628	173.4646	0.8550157
6906	-416.2527	-589.8608	173.6081	0.6326881
6912	-427.6341	-601.1854	173.5514	0.7381541
6918	-423.495	-596.9105	173.4155	0.9116346
6924	-420.2623	-593.7033	173.4411	0.8827452
6930	-413.7628	-587.3817	173.6189	0.6046661
6936	-416.4518	-589.9971	173.5454	0.7473638
6942	-414.6545	-588.2833	173.6288	0.5715294
6948	-415.1268	-588.6913	173.5646	0.7170682
6954	-418.0722	-591.6065	173.5343	0.7636626
6960	-421.6229	-595.2579	173.6351	0.5400431
6966	-414.5223	-588.0356	173.5132	0.7931524
6972	-414.6386	-588.202	173.5634	0.7189896
6978	-417.7689	-591.2925	173.5236	0.778909
6984	-415.5587	-589.0418	173.4831	0.832288
6990	-415.9206	-589.3407	173.4201	0.9065712
6996	-418.2749	-591.7076	173.4328	0.8922545
7002	-414.6519	-588.1388	173.4869	0.827541
7008	-419.3301	-592.932	173.6019	0.6469215
7014	-418.7124	-592.0234	173.311	1.020069
7020	-428.8617	-602.2187	173.357	0.9738936
7026	-429.142	-602.5749	173.4329	0.8921608
7032	-423.3304	-596.685	173.3546	0.9764505
7038	-424.2921	-597.6252	173.3331	0.9982005
7044	-425.4472	-598.7713	173.3241	1.007133
7050	-423.7502	-597.2855	173.5353	0.7622604
7056	-419.4549	-592.8079	173.353	0.9780641
7062	-426.8098	-600.0924	173.2826	1.047577
7068	-410.7328	-584.1837	173.4508	0.8713928
7074	-424.6203	-598.2576	173.6373	0.4800818
7080	-432.228	-605.3803	173.1524	1.166446
7086	-416.7671	-590.3055	173.5384	0.7576905
7092	-415.3787	-588.743	173.3642	0.9664942
7098	-417.1656	-590.758	173.5924	0.6668319
7104	-415.9492	-589.3349	173.3857	0.9439919
7110	-412.4148	-585.9641	173.5492	0.7414287
7116	-411.473	-585.0222	173.5492	0.7414287
7122	-415.0177	-588.5877	173.5699	0.7080962
7128	-416.7567	-590.3266	173.5699	0.7080962
7134	-418.1177	-591.6937	173.576	0.6975399
7140	-409.9866	-583.4608	173.4742	0.8433344
7146	-410.6809	-584.1617	173.4808	0.8351565
7152	-412.9978	-586.5767	173.579	0.69227
7158	-412.5974	-586.0566	173.4593	0.8614406
7164	-422.0578	-595.4307	173.3729	0.9574654
7170	-414.1321	-587.6665	173.5343	0.7636385
7176	-413.2746	-586.8522	173.5776	0.6948025
7182	-415.6393	-589.2305	173.5912	0.6691942
7188	-417.1893	-590.685	173.4957	0.8162824
7194	-430.9597	-604.4554	173.4957	0.8162824
7200	-424.3037	-597.5302	173.2265	1.100095
7206	-413.5975	-587.1366	173.539	0.7567789
7212	-420.7498	-594.1858	173.436	0.888525
7218	-422.7538	-596.2905	173.5367	0.7602838
7224	-418.1941	-591.4424	173.2483	1.079982
7230	-410.8368	-584.4614	173.6246	0.5868722
7236	-411.179	-584.6743	173.4953	0.8168665
7242	-416.0128	-589.4612	173.4484	0.8742592
7248	-420.6677	-594.1161	173.4484	0.8742592
7254	-420.7521	-594.0733	173.3212	1.010042
7260	-413.3072	-586.9152	173.6079	0.6331795
7266	-419.8156	-593.2874	173.4718	0.8463187
7272	-413.1652	-586.7033	173.5381	0.7581422
7278	-415.437	-589.0041	173.5671	0.7128336
7284	-413.6405	-586.9724	173.3319	0.9993999
7290	-407.4886	-580.8987	173.4101	0.9175588
7296	-409.2688	-582.7312	173.4624	0.8576778
7302	-414.5873	-588.013	173.4257	0.9002042
7308	-409.3917	-582.9024	173.5107	0.7965202
7314	-405.9142	-579.425	173.5107	0.7965202
7320	-405.6465	-579.2273	173.5808	0.688972
7326	-403.0993	-576.6166	173.5173	0.7876512
7332	-412.6772	-586.1801	173.5029	0.8069344
7338	-410.5586	-584.1479	173.5893	0.6730126
7344	-421.3538	-594.9085	173.5546	0.7330815
7350	-417.5234	-590.8199	173.2965	1.034196
7356	-412.2636	-585.8602	173.5966	0.6582406
7362	-411.9052	-585.4499	173.5448	0.7482243
7368	-412.45	-585.9948	173.5448	0.7482243
7374	-411.7571	-585.1555	173.3985	0.9302591
7380	-407.2965	-580.8196	173.5231	0.7795701
7386	-407.169	-580.6921	173.5231	0.7795701
7392	-410.6923	-584.2154	173.5231	0.7795701
7398	-409.158	-582.5939	173.4359	0.8887054
7404	-410.8212	-584.452	173.6308	0.5631297
7410	-414.9384	-588.5713	173.6329	0.5528583
7416	-412.0152	-585.6528	173.6376	0.5171522
7422	-420.9116	-594.4344	173.5227	0.7801123
7428	-417.7443	-591.1389	173.3946	0.9344359
7434	-419.6516	-593.1413	173.4897	0.8240029
7440	-422.5652	-596.0318	173.4665	0.8527128
7446	-427.8548	-601.1345	173.2797	1.050344
7452	-430.6286	-604.1208	173.4922	0.8208016
7458	-424.8991	-598.2927	173.3936	0.9355552
7464	-414.7204	-588.2457	173.5253	0.7764694
7470	-416.0236	-589.6376	173.6139	0.6181735
7476	-408.0937	-581.5461	173.4524	0.8696021
7482	-419.0271	-592.5146	173.4874	0.8268875
7488	-417.2232	-590.7631	173.5398	0.7556109
7494	-416.3525	-589.9002	173.5477	0.7437246
7500	-410.0536	-583.5904	173.5368	0.7599952
7506	-414.1848	-587.7941	173.6093	0.6298806
7512	-410.8569	-584.3234	173.4665	0.8527498
7518	-417.4113	-590.8574	173.4461	0.876938
7524	-419.5945	-593.191	173.5965	0.6584272
7530	-421.1498	-594.567	173.4172	0.9097842
7536	-421.7834	-595.2232	173.4399	0.884132
7542	-414.7964	-588.1513	173.3549	0.9760544
7548	-414.5624	-588.1151	173.5527	0.736087
7554	-417.5535	-591.0787	173.5252	0.7766226
7560	-423.2397	-596.4187	173.1791	1.142885
7566	-418.8712	-592.4658	173.5947	0.6622772
7572	-418.3724	-591.9517	173.5792	0.6918208
7578	-407.8968	-581.5306	173.6338	0.5478141
7584	-419.226	-592.8135	173.5876	0.6762782
7590	-424.7183	-597.9579	173.2397	1.087964
7596	-423.8159	-597.3079	173.492	0.8210956
7602	-415.9039	-589.1238	173.2199	1.106119
7608	-413.5934	-587.2196	173.6262	0.5812479
7614	-416.4686	-589.8329	173.3643	0.9664088
7620	-409.7397	-583.0909	173.3512	0.9798598
7626	-415.2845	-588.4261	173.1416	1.175794
7632	-417.7637	-591.2653	173.5016	0.8086219
7638	-418.0335	-591.5659	173.5324	0.7664259
7644	-417.334	-590.8865	173.5524	0.7365083
7650	-419.5103	-593.1441	173.6338	0.4549259
7656	-421.7432	-595.105	173.3618	0.9689854
7662	-416.9	-590.3306	173.4306	0.8947294
7668	-424.2396	-597.2475	173.0079	1.288367
7674	-427.8226	-601.413	173.5904	0.6707447
7680	-421.531	-595.0394	173.5084	0.7997102
7686	-420.3004	-593.586	173.2855	1.044768
7692	-415.585	-589.0911	173.5061	0.8027354
7698	-417.5276	-591.1088	173.5811	0.6883756
7704	-413.7386	-587.3523	173.6137	0.6186978
7710	-419.9114	-593.2316	173.3202	1.011008
7716	-416.0257	-589.4643	173.4386	0.8856138
7722	-414.6127	-587.9971	173.3844	0.9452902
7728	-417.9251	-591.3989	173.4738	0.843892
7734	-412.7987	-585.9127	173.1141	1.199617
7740	-411.8075	-585.3033	173.4958	0.816203
7746	-412.7028	-586.0701	173.3673	0.9633258
7752	-414.8122	-588.4419	173.6297	0.5676236
7758	-414.9172	-588.554	173.6368	0.526116
7764	-415.6136	-589.2426	173.629	0.5705295
7770	-419.7733	-593.4023	173.629	0.5705295
7776	-428.312	-601.2586	172.9465	1.337934
7782	-421.1367	-594.2607	173.124	1.191093
7788	-424.7089	-598.2324	173.5236	0.7789466
7794	-421.4195	-594.7081	173.2886	1.041811
7800	-418.8691	-592.2495	173.3804	0.9495654
7806	-421.2	-594.6557	173.4557	0.8656642
7812	-418.4725	-592.0069	173.5344	0.7635855
7818	-419.0462	-592.448	173.4018	0.9266088
7824	-417.2549	-590.7705	173.5156	0.7899586
7830	-421.2762	-594.8184	173.5422	0.752158
7836	-422.1687	-595.7616	173.5929	0.6659105
7842	-423.1885	-596.7978	173.6093	0.6297857
7848	-414.9454	-588.4652	173.5198	0.7842155
7854	-415.7423	-589.254	173.5117	0.7952935
7860	-414.049	-587.4775	173.4286	0.8969996
7866	-413.7081	-587.0476	173.3395	0.9917975
7872	-412.8005	-586.2144	173.4139	0.9133958
7878	-421.3235	-594.7374	173.4139	0.9133958
7884	-418.9709	-592.5824	173.6115	0.6244025
7890	-422.2045	-595.7796	173.5751	0.6991196
7896	-403.1761	-576.534	173.3579	0.973036
7902	-415.4718	-588.9638	173.492	0.8210974
7908	-418.1413	-591.661	173.5198	0.7842301
7914	-422.5533	-596.1555	173.6023	0.6461384
7920	-420.0902	-593.5971	173.5069	0.8016844
7926	-419.0823	-592.3813	173.299	1.031827
7932	-415.7026	-589.1709	173.4682	0.8506422
7938	-415.2115	-588.8276	173.6161	0.6123714
7944	-417.773	-591.2196	173.4467	0.8762769
7950	-414.116	-587.6478	173.5318	0.767313
7956	-415.9389	-589.4463	173.5074	0.8010007
7962	-416.8644	-590.2175	173.3531	0.9779271
7968	-426.4342	-599.9356	173.5015	0.8088245
7974	-422.8952	-596.3483	173.4531	0.8686962
7980	-420.8428	-594.2535	173.4108	0.9168594
7986	-416.2687	-589.4997	173.231	1.095919
7992	-409.7042	-583.2186	173.5144	0.7916268
7998	-411.0851	-584.531	173.4459	0.8771998
8004	-411.8254	-585.3694	173.544	0.7493353
8010	-419.0458	-592.5532	173.5074	0.8010499
8016	-412.8037	-586.2875	173.4837	0.831512
8022	-415.7243	-589.3472	173.6229	0.5923923
8028	-414.0455	-587.5197	173.4741	0.843445
8034	-418.5145	-592.0623	173.5478	0.743606
8040	-436.5959	-609.9968	173.4009	0.9276681
8046	-410.5346	-583.9355	173.4009	0.9276681
8052	-416.4739	-589.8861	173.4123	0.9151879
8058	-413.7258	-587.1802	173.4544	0.8672065
8064	-420.5398	-594.1057	173.5659	0.7148455
8070	-417.6193	-591.2343	173.615	0.615386
8076	-421.6893	-595.0369	173.3477	0.9834865
8082	-416.8806	-590.3751	173.4945	0.8178284
8088	-411.6505	-585.0537	173.4031	0.9251938
8094	-403.4325	-576.8356	173.4031	0.9251938
8100	-404.3908	-577.9679	173.5771	0.6955465
8106	-413.2541	-586.8627	173.6086	0.6314562
8112	-411.9758	-585.4621	173.4863	0.828294
8118	-414.924	-588.3162	173.3922	0.9370223
8124	-413.8549	-587.4486	173.5937	0.6643002
8130	-414.204	-587.755	173.551	0.738761
8136	-422.1509	-595.7019	173.551	0.738761
8142	-420.6136	-594.0279	173.4143	0.9129429
8148	-419.934	-593.3483	173.4143	0.9129429
8154	-419.8315	-593.0535	173.2221	1.104137
8160	-416.2968	-589.857	173.5602	0.7242179
8166	-410.6242	-584.2279	173.6037	0.6429615
8172	-424.7147	-598.2972	173.5825	0.6858476
8178	-418.9371	-592.1484	173.2113	1.113912
8184	-418.9978	-592.5253	173.5275	0.7733735
8190	-415.4193	-588.7793	173.36	0.9708431
8196	-418.3917	-591.7517	173.36	0.9708431
8202	-415.1738	-588.6579	173.484	0.8311502
8208	-409.5651	-582.9375	173.3724	0.9579352
8214	-408.5966	-581.9691	173.3724	0.9579352
8220	-407.1429	-580.5086	173.3657	0.9649642
8226	-409.6319	-582.9975	173.3657	0.9649642
8232	-416.7154	-590.2637	173.5483	0.7428312
8238	-415.269	-588.7889	173.5199	0.7839877
8244	-416.0867	-589.6517	173.565	0.7162908
8250	-411.8318	-585.19	173.3583	0.9726465
8256	-418.2542	-591.8784	173.6242	0.5882626
8262	-418.6374	-592.1635	173.5261	0.7753397
8268	-415.9107	-589.4369	173.5261	0.7753397
8274	-416.4584	-590.0801	173.6216	0.5964273
8280	-418.3036	-591.9365	173.6328	0.553331
8286	-418.0303	-591.6406	173.6103	0.6273762
8292	-419.3411	-592.9011	173.56	0.7245327
8298	-420.4037	-593.8977	173.4941	0.818381
8304	-420.2729	-593.6103	173.3375	0.993798
8310	-414.0562	-587.5821	173.5258	0.7757922
8316	-412.8248	-585.8394	173.0146	1.282894
8322	-404.8236	-578.2607	173.4371	0.8873052
8328	-409.1745	-582.5872	173.4127	0.9147609
8334	-410.709	-584.181	173.4719	0.8461568
8340	-410.0128	-583.5469	173.5341	0.7640089
8346	-417.0594	-590.6726	173.6133	0.6199814
8352	-417.7582	-591.3714	173.6133	0.6199814
8358	-412.9145	-586.5277	173.6133	0.6199814
8364	-409.1589	-582.7361	173.5772	0.6953788
8370	-418.6793	-592.2143	173.5349	0.7628174
8376	-412.7341	-586.3412	173.6071	0.6350241
8382	-418.6412	-592.2484	173.6071	0.6350241
8388	-416.7148	-590.3065	173.5917	0.6682365
8394	-416.5698	-590.0672	173.4975	0.81403
8400	-419.544	-592.939	173.395	0.9339528
8406	-410.1251	-583.7491	173.624	0.5888209
8412	-420.5565	-593.8377	173.2813	1.048865
8418	-429.9848	-603.2091	173.2243	1.102122
8424	-415.9591	-589.4423	173.4832	0.8322526
8430	-415.0744	-588.6944	173.62	0.6013463
8436	-404.0912	-577.6346	173.5434	0.7503461
8442	-414.0019	-587.6293	173.6275	0.5765254
8448	-409.5475	-583.1045	173.557	0.7293842
8454	-415.6465	-589.1412	173.4947	0.8176578
8460	-426.6131	-600.221	173.6079	0.6332518
8466	-416.9906	-590.4327	173.4421	0.8815902
8472	-428.128	-601.5241	173.3961	0.9327684
8478	-413.4658	-586.8739	173.408	0.9198381
8484	-423.1476	-596.7717	173.6241	0.5884679
8490	-425.3196	-598.7214	173.4018	0.9266786
8496	-425.5593	-598.9245	173.3651	0.9655571
