Iteration	Posterior	Likelihood	Prior	tree_length
0	-30.35068	-203.5507	173.2	1.124142
6	-40.83925	-214.3082	173.4689	0.8497956
12	-38.14984	-211.1465	172.9967	1.297558
18	-33.33017	-206.3268	172.9967	1.297558
24	-39.9495	-212.8308	172.8813	1.389459
30	-45.31925	-218.0392	172.72	1.512569
36	-46.90514	-219.4113	172.5061	1.668545
42	-49.48501	-221.8187	172.3337	1.78989
48	-50.69003	-223.628	172.938	1.344779
54	-49.72684	-222.6406	172.9137	1.363987
60	-46.56851	-219.9085	173.34	0.9912767
66	-55.05961	-227.6169	172.5573	1.631819
72	-62.87698	-235.6147	172.7378	1.499247
78	-57.94202	-230.9387	172.9967	1.297534
84	-42.44786	-214.9662	172.5183	1.659856
90	-49.69144	-222.541	172.8495	1.414121
96	-46.55636	-219.4773	172.9209	1.358316
102	-52.52527	-225.7876	173.2623	1.066816
108	-47.62999	-220.4379	172.8079	1.446147
114	-44.916	-217.5119	172.5959	1.603902
120	-42.80945	-215.3454	172.5359	1.647219
126	-39.52097	-212.2242	172.7032	1.52507
132	-40.92318	-214.1693	173.2462	1.081934
138	-50.1888	-222.8677	172.6789	1.543112
144	-35.00794	-208.0039	172.9959	1.298142
150	-40.12141	-213.4979	173.3765	0.9536852
156	-44.61426	-217.5967	172.9825	1.309065
162	-35.65858	-208.7027	173.0441	1.258595
168	-34.49478	-207.6144	173.1196	1.194849
174	-33.96474	-207.0077	173.043	1.259488
180	-36.01577	-208.5907	172.5749	1.619146
186	-32.40016	-205.3806	172.9804	1.310745
192	-35.41675	-208.7467	173.3299	1.001339
198	-27.90795	-200.9116	173.0037	1.291844
204	-31.07742	-204.5233	173.4459	0.8771408
210	-35.21713	-207.7218	172.5046	1.669622
216	-35.86237	-208.736	172.8737	1.395403
222	-44.21304	-216.1469	171.9339	2.06006
228	-51.61251	-224.0422	172.4296	1.722794
234	-55.14225	-227.6677	172.5254	1.654752
240	-46.59903	-219.2329	172.6339	1.57619
246	-51.04173	-223.9446	172.9029	1.372504
252	-44.22632	-217.1292	172.9029	1.372504
258	-52.1039	-224.9556	172.8517	1.412439
264	-49.53198	-222.8024	173.2704	1.059183
270	-37.11198	-210.324	173.212	1.113324
276	-34.13401	-207.102	172.968	1.320731
282	-33.51998	-206.3079	172.7879	1.461405
288	-31.03798	-203.6158	172.5778	1.617034
294	-38.6671	-211.6693	173.0022	1.293049
300	-39.48627	-212.4868	173.0005	1.294419
306	-38.23321	-211.0428	172.8096	1.444853
312	-44.72706	-218.095	173.368	0.9625866
318	-35.84153	-208.3708	172.5292	1.652023
324	-33.08481	-205.7788	172.694	1.5319
330	-34.57605	-207.3054	172.7294	1.505532
336	-32.32043	-205.4528	173.1324	1.183814
342	-39.26522	-212.2964	173.0312	1.269293
348	-46.13852	-218.6222	172.4837	1.684557
354	-32.17521	-205.2537	173.0785	1.22985
360	-32.22505	-205.6667	173.4416	0.8820937
366	-28.71189	-202.0091	173.2972	1.033538
372	-31.50077	-204.1094	172.6086	1.594681
378	-37.30439	-209.9768	172.6724	1.547853
384	-39.39758	-212.5174	173.1198	1.194694
390	-29.22298	-202.5894	173.3664	0.9642328
396	-33.31845	-206.3416	173.0232	1.275883
402	-30.74717	-203.9842	173.2371	1.090368
408	-26.79074	-200.0278	173.2371	1.090368
414	-27.50526	-200.9938	173.4885	0.8255022
420	-27.56796	-201.0565	173.4885	0.8255022
426	-26.04645	-199.2719	173.2255	1.101041
432	-37.20458	-210.2323	173.0277	1.272151
438	-43.55495	-216.5969	173.042	1.260335
444	-40.78423	-213.9692	173.185	1.137614
450	-46.19905	-218.8392	172.6401	1.57164
456	-38.34504	-211.4155	173.0705	1.236576
462	-37.98701	-211.3054	173.3184	1.012776
468	-33.37443	-206.6929	173.3184	1.012776
474	-37.23952	-210.7528	173.5133	0.7930403
480	-45.02861	-217.6096	172.581	1.61472
486	-44.47822	-217.8814	173.4032	0.9251774
492	-45.36866	-218.2916	172.9229	1.356701
498	-48.59507	-221.5607	172.9657	1.322604
504	-47.66486	-220.1197	172.4549	1.704975
510	-49.51555	-222.0314	172.5158	1.661629
516	-51.95636	-224.7647	172.8083	1.445843
522	-42.32008	-215.4083	173.0882	1.221653
528	-47.36117	-220.7757	173.4146	0.9126627
534	-39.7968	-212.9021	173.1053	1.207073
540	-37.15763	-210.5413	173.3837	0.9461066
546	-50.78038	-224.3103	173.5299	0.7700464
552	-50.23017	-223.3336	173.1035	1.208678
558	-43.66166	-216.8098	173.1482	1.170113
564	-42.72537	-215.8735	173.1482	1.170113
570	-35.17086	-208.6231	173.4522	0.8697523
576	-39.45408	-212.1878	172.7337	1.502253
582	-36.45765	-209.9439	173.4862	0.8283702
588	-37.64977	-211.0264	173.3766	0.9535636
594	-32.63289	-205.4351	172.8022	1.450465
600	-38.23684	-211.6772	173.4404	0.8835632
606	-43.73948	-216.0488	172.3094	1.806716
612	-37.93267	-210.8706	172.9379	1.344797
618	-51.02198	-223.9599	172.9379	1.344797
624	-47.15622	-218.7848	171.6286	2.258775
630	-51.04107	-224.1431	173.102	1.209907
636	-56.03685	-228.8314	172.7946	1.456313
642	-52.83078	-225.8719	173.0412	1.261027
648	-37.67328	-210.8952	173.2219	1.104258
654	-37.27356	-209.9892	172.7156	1.515826
660	-34.9615	-208.3505	173.389	0.9404065
666	-41.33755	-214.2238	172.8862	1.385603
672	-38.69205	-212.0364	173.3444	0.986839
678	-47.34336	-220.1853	172.8419	1.419996
684	-40.7228	-214.2665	173.5437	0.7499172
690	-42.48472	-215.4693	172.9845	1.30738
696	-43.1778	-216.1211	172.9433	1.340514
702	-44.391	-217.7416	173.3506	0.9804728
708	-37.50299	-210.7984	173.2954	1.035249
714	-42.42418	-215.6586	173.2344	1.092784
720	-35.67408	-208.7947	173.1206	1.194008
726	-50.38752	-223.6156	173.2281	1.098643
732	-32.13422	-205.2742	173.14	1.177216
738	-34.66769	-207.9034	173.2358	1.091579
744	-33.08476	-206.3205	173.2358	1.091579
750	-33.47461	-206.5416	173.067	1.239466
756	-34.10765	-207.1105	173.0029	1.292504
762	-41.68449	-215.2335	173.549	0.7418409
768	-37.4401	-210.2447	172.8046	1.44863
774	-37.35697	-210.6084	173.2514	1.07702
780	-39.7388	-213.022	173.2832	1.047007
786	-45.59043	-218.3557	172.7653	1.478527
792	-41.90332	-214.5035	172.6001	1.600843
798	-35.95606	-209.1455	173.1895	1.133614
804	-43.66231	-216.5228	172.8604	1.405676
810	-45.0445	-217.9299	172.8854	1.386223
816	-38.45427	-211.4948	173.0405	1.261562
822	-43.9283	-217.2505	173.3222	1.009071
828	-46.33375	-219.499	173.1652	1.155149
834	-45.90349	-218.4735	172.57	1.622651
840	-48.85921	-221.6104	172.7512	1.489158
846	-41.88169	-215.159	173.2773	1.052641
852	-42.0628	-215.3719	173.3091	1.021914
858	-40.73572	-213.5929	172.8572	1.408202
864	-30.40625	-203.4368	173.0306	1.269782
870	-28.3041	-201.4788	173.1747	1.146773
876	-31.43024	-204.6049	173.1747	1.146773
882	-38.01257	-211.1767	173.1641	1.156091
888	-37.78178	-210.8954	173.1137	1.199945
894	-34.77998	-207.6864	172.9064	1.369736
900	-38.15411	-211.3997	173.2456	1.082434
906	-38.09375	-210.8952	172.8015	1.451034
912	-39.35214	-212.3191	172.967	1.321577
918	-36.07916	-209.3522	173.273	1.056703
924	-42.98084	-216.3954	173.4146	0.9126457
930	-40.58271	-213.6332	173.0505	1.253287
936	-37.36194	-210.5612	173.1993	1.1248
942	-28.40097	-201.5968	173.1958	1.127956
948	-29.09997	-202.197	173.097	1.214156
954	-29.97212	-203.5045	173.5324	0.7664739
960	-32.95103	-205.5663	172.6153	1.589786
966	-32.57697	-206.0671	173.4901	0.8234751
972	-32.34729	-205.433	173.0857	1.223724
978	-32.11326	-205.5137	173.4005	0.9280975
984	-34.78067	-207.8778	173.0971	1.214089
990	-42.32987	-215.9322	173.6024	0.6458809
996	-37.37558	-210.9027	173.5271	0.7739379
1002	-54.25763	-227.7848	173.5271	0.7739379
1008	-39.85964	-212.8585	172.9989	1.295718
1014	-42.82435	-215.8432	173.0189	1.279404
1020	-45.79619	-218.5206	172.7244	1.509234
1026	-50.54886	-223.3431	172.7943	1.456534
1032	-41.01215	-213.8227	172.8105	1.444134
1038	-42.08415	-215.2033	173.1191	1.195257
1044	-44.26278	-217.2332	172.9704	1.318809
1050	-39.48641	-212.5706	173.0842	1.225051
1056	-39.25733	-211.7612	172.5039	1.670136
1062	-45.1881	-217.692	172.5039	1.670136
1068	-48.80967	-222.1093	173.2997	1.031138
1074	-44.69034	-217.5167	172.8263	1.432032
1080	-41.63241	-214.8944	173.262	1.067166
1086	-27.55825	-200.6687	173.1105	1.202694
1092	-34.08707	-207.527	173.4399	0.8840869
1098	-32.27324	-205.5733	173.3001	1.030768
1104	-23.70944	-196.8549	173.1455	1.172465
1110	-35.55793	-208.893	173.3351	0.9962207
1116	-34.82453	-207.9261	173.1015	1.210315
1122	-35.78867	-208.9807	173.192	1.131313
1128	-47.44109	-220.5493	173.1082	1.204612
1134	-46.99189	-219.8399	172.8481	1.41527
1140	-48.18961	-220.6014	172.4118	1.735357
1146	-42.78704	-215.7744	172.9873	1.305117
1152	-51.33064	-224.3971	173.0665	1.239944
1158	-49.15372	-222.1785	173.0248	1.27454
1164	-46.81118	-219.5392	172.7281	1.506511
1170	-46.83445	-220.1812	173.3468	0.984365
1176	-38.45781	-211.8344	173.3766	0.9535868
1182	-36.94496	-210.2122	173.2673	1.06214
1188	-50.03355	-222.7096	172.6761	1.545156
1194	-60.45468	-233.4418	172.9871	1.305275
1200	-64.39782	-237.7099	173.3121	1.018981
1206	-59.69209	-232.5762	172.8841	1.387283
1212	-49.79215	-222.9088	173.1167	1.197352
1218	-55.62216	-228.6327	173.0105	1.286225
1224	-48.79247	-221.8178	173.0253	1.274086
1230	-52.63092	-226.0145	173.3836	0.94622
1236	-42.19062	-215.1751	172.9845	1.307457
1242	-44.79412	-218.2262	173.4321	0.8930043
1248	-46.9047	-219.9731	173.0684	1.238313
1254	-52.6346	-225.3211	172.6865	1.537472
1260	-42.22342	-214.7051	172.4817	1.685976
1266	-32.25238	-205.2855	173.0331	1.267655
1272	-41.73605	-214.4704	172.7344	1.501777
1278	-37.32288	-210.59	173.2671	1.062316
1284	-32.34666	-205.1429	172.7962	1.455051
1290	-37.90096	-210.8056	172.9047	1.371109
1296	-34.0395	-207.3486	173.3091	1.021948
1302	-37.54047	-210.599	173.0585	1.246594
1308	-53.86022	-226.1689	172.3087	1.807154
1314	-34.09748	-207.4828	173.3853	0.9443683
1320	-40.41465	-213.4722	173.0575	1.247418
1326	-40.78921	-213.6981	172.9089	1.367775
1332	-45.2841	-217.7695	172.4854	1.683337
1338	-40.24327	-213.3228	173.0795	1.228971
1344	-60.89484	-233.723	172.8282	1.430603
1350	-50.87126	-223.9121	173.0408	1.261309
1356	-51.15059	-223.6519	172.5013	1.671991
1362	-47.44456	-220.2341	172.7895	1.460159
1368	-52.0932	-224.7971	172.7039	1.524572
1374	-51.28534	-223.9892	172.7039	1.524572
1380	-43.61863	-216.6542	173.0356	1.265647
1386	-44.17132	-217.1759	173.0046	1.291095
1392	-36.49491	-209.3243	172.8294	1.429666
1398	-36.95993	-209.9247	172.9648	1.323324
1404	-37.20436	-210.1135	172.9092	1.36758
1410	-39.19425	-212.0306	172.8363	1.424337
1416	-45.33071	-217.9297	172.599	1.601644
1422	-39.92769	-212.9271	172.9995	1.295274
1428	-27.61391	-200.8609	173.247	1.081136
1434	-33.83167	-206.7242	172.8926	1.380626
1440	-32.86445	-205.757	172.8926	1.380626
1446	-32.97854	-206.369	173.3905	0.9388585
1452	-30.62349	-203.8007	173.1772	1.144551
1458	-32.65374	-205.1643	172.5106	1.665387
1464	-29.90489	-203.0158	173.1109	1.202321
1470	-38.81257	-211.7245	172.9119	1.365434
1476	-47.92724	-220.8391	172.9119	1.365434
1482	-43.10681	-215.8338	172.727	1.50733
1488	-40.04911	-212.8847	172.8356	1.424872
1494	-37.06624	-210.4149	173.3486	0.9824893
1500	-39.22183	-212.3296	173.1078	1.204983
1506	-34.2575	-207.2935	173.036	1.265325
1512	-40.09422	-212.8685	172.7742	1.471747
1518	-33.03887	-206.3524	173.3135	1.017646
1524	-37.56238	-210.7077	173.1453	1.172575
1530	-39.89965	-213.4353	173.5357	0.7617437
1536	-45.91035	-219.2706	173.3602	0.9706044
1542	-32.71648	-206.0105	173.294	1.036647
1548	-23.92105	-196.8824	172.9613	1.326097
1554	-31.88736	-204.8041	172.9168	1.361582
1560	-28.9916	-201.9084	172.9168	1.361582
1566	-39.76199	-212.6679	172.9059	1.370133
1572	-40.1451	-213.2298	173.0847	1.224634
1578	-43.21427	-215.4228	172.2085	1.87595
1584	-46.72322	-218.9942	172.271	1.833195
1590	-41.16414	-214.6346	173.4705	0.8479031
1596	-29.61504	-202.458	172.843	1.41922
1602	-30.01049	-203.2448	173.2344	1.092867
1608	-34.22381	-206.8154	172.5916	1.607054
1614	-33.26398	-206.5899	173.326	1.005309
1620	-34.18881	-206.7916	172.6028	1.598899
1626	-43.42493	-216.3898	172.9649	1.323258
1632	-49.24789	-222.2775	173.0296	1.27055
1638	-44.16081	-216.2675	172.1067	1.944873
1644	-41.93074	-214.8252	172.8944	1.379177
1650	-40.82301	-213.0781	172.2551	1.844103
1656	-33.33643	-206.1286	172.7921	1.458167
1662	-33.58175	-206.1586	172.5768	1.617761
1668	-33.31463	-206.7281	173.4135	0.913873
1674	-32.83161	-205.7805	172.9489	1.33605
1680	-26.06905	-199.1131	173.044	1.258633
1686	-35.12046	-208.0204	172.9	1.374824
1692	-33.2284	-206.151	172.9226	1.356989
1698	-30.21529	-203.4627	173.2474	1.080806
1704	-45.74394	-218.6777	172.9338	1.348101
1710	-49.02629	-222.3331	173.3068	1.02418
1716	-39.1384	-211.3845	172.2461	1.850235
1722	-38.1966	-211.4884	173.2918	1.038782
1728	-46.41494	-219.2195	172.8046	1.448668
1734	-46.32854	-219.1576	172.829	1.429944
1740	-47.63157	-221.1363	173.5048	0.8044909
1746	-39.74387	-212.0147	172.2709	1.833266
1752	-32.61475	-205.8968	173.2821	1.048077
1758	-36.35994	-209.6636	173.3037	1.027257
1764	-37.28422	-210.1514	172.8672	1.400436
1770	-40.59428	-213.4808	172.8865	1.385356
1776	-44.12811	-216.9533	172.8252	1.432869
1782	-42.35563	-215.4379	173.0823	1.226645
1788	-32.60629	-205.9007	173.2944	1.036281
1794	-31.19868	-204.0836	172.8849	1.386623
1800	-32.94133	-206.1797	173.2384	1.089153
1806	-40.06191	-212.866	172.8041	1.449056
1812	-40.1668	-213.0127	172.8459	1.416938
1818	-38.81644	-211.5589	172.7425	1.495697
1824	-41.30373	-214.817	173.5133	0.7930493
1830	-38.67199	-211.7652	173.0932	1.217403
1836	-35.95425	-209.3454	173.3912	0.9381089
1842	-40.78102	-213.2215	172.4405	1.71512
1848	-33.68221	-206.8118	173.1296	1.186206
1854	-41.54339	-214.331	172.7876	1.461623
1860	-44.09414	-216.9679	172.8738	1.395329
1866	-41.7717	-214.7129	172.9412	1.342188
1872	-40.53168	-213.7768	173.2451	1.082911
1878	-36.19146	-209.5051	173.3136	1.017504
1884	-31.55144	-204.7125	173.1611	1.158796
1890	-46.91334	-219.6914	172.778	1.468879
1896	-50.00909	-222.7871	172.778	1.468879
1902	-39.808	-213.1464	173.3384	0.992855
1908	-39.40758	-212.4671	173.0595	1.245769
1914	-37.56078	-210.6203	173.0595	1.245769
1920	-36.41244	-209.6042	173.1918	1.131549
1926	-46.25272	-219.0699	172.8172	1.439061
1932	-52.78628	-225.6302	172.8439	1.418479
1938	-41.02773	-213.7008	172.6731	1.547362
1944	-42.62839	-215.9428	173.3144	1.016695
1950	-41.89385	-214.2387	172.3449	1.782116
1956	-47.48185	-220.4472	172.9653	1.322886
1962	-43.37783	-215.8816	172.5038	1.670231
1968	-38.57069	-211.077	172.5064	1.668397
1974	-39.65435	-213.007	173.3527	0.9783556
1980	-36.08792	-208.9128	172.8249	1.433153
1986	-33.87406	-206.9754	173.1013	1.210477
1992	-32.15329	-205.4326	173.2793	1.050761
1998	-32.95954	-205.8562	172.8966	1.377432
2004	-35.3277	-208.5251	173.1974	1.126517
2010	-47.29201	-220.2527	172.9607	1.326601
2016	-43.40035	-216.4639	173.0636	1.242366
2022	-45.15677	-217.5575	172.4007	1.743107
2028	-46.81233	-219.1822	172.3699	1.764672
2034	-49.75848	-222.2858	172.5273	1.653391
2040	-53.86558	-226.8691	173.0035	1.291973
2046	-44.94073	-217.9061	172.9654	1.322821
2052	-36.49337	-209.454	172.9607	1.326629
2058	-36.29966	-209.2707	172.971	1.318313
2064	-40.26166	-212.9399	172.6783	1.543545
2070	-37.27815	-210.3318	173.0537	1.250623
2076	-49.47698	-222.1377	172.6607	1.5565
2082	-41.20411	-214.0128	172.8087	1.445507
2088	-41.76726	-214.9101	173.1429	1.174713
2094	-35.91302	-208.8991	172.9861	1.306162
2100	-38.26537	-211.1299	172.8646	1.40249
2106	-34.28232	-207.3561	173.0738	1.233775
2112	-41.22576	-213.2509	172.0252	1.999519
2118	-43.14053	-216.232	173.0914	1.218887
2124	-53.32749	-225.4755	172.148	1.91702
2130	-46.89429	-219.7918	172.8975	1.376742
2136	-43.83729	-216.2096	172.3723	1.76302
2142	-43.67626	-216.2941	172.6178	1.587962
2148	-33.9726	-206.7011	172.7285	1.506161
2154	-34.33803	-207.4029	173.0649	1.241273
2160	-33.58136	-206.3719	172.7905	1.459407
2166	-31.93936	-204.5657	172.6263	1.581763
2172	-44.89861	-218.1428	173.2442	1.083778
2178	-44.22004	-217.4642	173.2442	1.083778
2184	-40.2392	-213.4127	173.1735	1.147829
2190	-39.44826	-212.5923	173.1441	1.173691
2196	-46.01003	-218.9809	172.9708	1.318463
2202	-42.1919	-215.4843	173.2924	1.038191
2208	-41.07252	-214.1017	173.0292	1.270916
2214	-43.32702	-216.3562	173.0292	1.270916
2220	-33.57023	-206.4914	172.9211	1.358135
2226	-35.64877	-207.7972	172.1484	1.916758
2232	-36.65514	-209.7583	173.1032	1.208934
2238	-36.7347	-209.8953	173.1606	1.159194
2244	-34.68565	-207.6901	173.0045	1.291174
2250	-38.50498	-211.7498	173.2448	1.083157
2256	-51.15632	-223.3303	172.174	1.899435
2262	-54.89369	-227.6505	172.7568	1.484925
2268	-44.23234	-217.3014	173.0691	1.237772
2274	-40.35868	-213.0763	172.7176	1.514302
2280	-40.33293	-213.488	173.1551	1.164041
2286	-54.32497	-226.8883	172.5633	1.627509
2292	-52.19313	-225.4051	173.212	1.113297
2298	-40.16203	-213.0802	172.9182	1.360437
2304	-50.86115	-223.9868	173.1257	1.189597
2310	-53.69709	-226.6299	172.9328	1.348847
2316	-55.10062	-228.1819	173.0813	1.227471
2322	-52.73867	-226.0661	173.3274	1.003873
2328	-53.86721	-226.6718	172.8046	1.448668
2334	-44.23435	-216.6068	172.3725	1.762892
2340	-50.14819	-222.9724	172.8242	1.43367
2346	-44.84209	-217.2971	172.455	1.704918
2352	-40.25976	-212.1834	171.9236	2.066855
2358	-38.53137	-211.0167	172.4853	1.683367
2364	-36.92135	-209.8547	172.9334	1.348419
2370	-42.06323	-214.1877	172.1245	1.932891
2376	-40.95681	-214.2627	173.3059	1.025067
2382	-41.50638	-214.0569	172.5505	1.636734
2388	-41.79427	-214.7601	172.9658	1.32247
2394	-40.13271	-213.0986	172.9658	1.32247
2400	-38.4317	-211.5301	173.0984	1.213
2406	-41.10397	-214.2024	173.0984	1.213
2412	-40.58842	-213.0518	172.4633	1.698993
2418	-40.48647	-213.6802	173.1938	1.129753
2424	-29.20382	-202.3462	173.1424	1.175114
2430	-30.45229	-203.6742	173.2219	1.104331
2436	-35.33462	-208.4675	173.1329	1.183361
2442	-40.7058	-213.5021	172.7963	1.454962
2448	-30.46223	-203.5187	173.0564	1.248324
2454	-29.56617	-202.5203	172.9541	1.331908
2460	-35.29263	-208.664	173.3714	0.9590456
2466	-35.28978	-208.3056	173.0158	1.281924
2472	-31.83811	-205.2503	173.4122	0.9152393
2478	-35.35587	-207.9316	172.5758	1.618517
2484	-41.91519	-214.5322	172.617	1.58854
2490	-36.9973	-210.1679	173.1706	1.150359
2496	-33.36062	-206.5399	173.1793	1.142715
2502	-36.3143	-209.204	172.8897	1.382874
2508	-40.36331	-213.4001	173.0368	1.264651
2514	-40.09071	-213.013	172.9223	1.357195
2520	-44.42484	-216.9065	172.4816	1.686014
2526	-50.0523	-222.4238	172.3715	1.76355
2532	-32.51405	-205.4631	172.9491	1.335926
2538	-34.04877	-207.5765	173.5277	0.7731305
2544	-31.40239	-204.9301	173.5277	0.7731305
2550	-29.31117	-202.7489	173.4377	0.8865906
2556	-35.80778	-208.9254	173.1176	1.196545
2562	-34.03542	-207.2442	173.2088	1.116207
2568	-35.42824	-208.3678	172.9396	1.343465
2574	-28.57195	-201.5954	173.0234	1.275679
2580	-29.07965	-202.4139	173.3342	0.9970286
2586	-32.73577	-206.07	173.3342	0.9970286
2592	-31.51366	-205.0865	173.5728	0.7031134
2598	-27.70354	-200.8095	173.106	1.206511
2604	-36.15578	-209.3655	173.2097	1.115364
2610	-36.30908	-209.5188	173.2097	1.115364
2616	-40.88204	-213.1566	172.2745	1.830734
2622	-41.67838	-215.2535	173.5751	0.6990934
2628	-35.2646	-208.4176	173.153	1.165897
2634	-34.3928	-207.5574	173.1646	1.155721
2640	-35.64894	-208.466	172.817	1.43914
2646	-36.78169	-210.0237	173.242	1.085768
2652	-47.73465	-220.6475	172.9128	1.364702
2658	-53.33668	-226.0095	172.6728	1.547558
2664	-37.79668	-210.4695	172.6728	1.547558
2670	-39.23514	-212.5883	173.3532	0.977883
2676	-51.37504	-223.996	172.621	1.585642
2682	-45.30121	-218.4912	173.1899	1.133189
2688	-40.3167	-213.5066	173.1899	1.133189
2694	-37.5415	-210.933	173.3915	0.9378086
2700	-38.3187	-211.2758	172.9571	1.329496
2706	-32.05822	-204.4664	172.4082	1.737867
2712	-37.55638	-209.662	172.1056	1.945643
2718	-30.91864	-203.744	172.8253	1.432793
2724	-37.22978	-209.7028	172.473	1.692152
2730	-40.30602	-212.6849	172.3789	1.758421
2736	-36.94475	-209.4236	172.4788	1.687994
2742	-35.19358	-207.6564	172.4628	1.699339
2748	-49.74717	-222.4871	172.7399	1.497623
2754	-46.87522	-220.0073	173.1321	1.184107
2760	-48.92217	-221.5354	172.6132	1.591329
2766	-51.15039	-223.8362	172.6858	1.537945
2772	-47.54014	-220.1676	172.6274	1.58094
2778	-47.50538	-220.5654	173.06	1.245361
2784	-50.90382	-222.9861	172.0822	1.961332
2790	-38.65618	-211.6751	173.0189	1.279394
2796	-44.41837	-217.4724	173.054	1.250368
2802	-41.18545	-214.171	172.9856	1.306568
2808	-41.45726	-214.8555	173.3983	0.9304826
2814	-38.52322	-210.6734	172.1502	1.915541
2820	-39.34138	-212.5872	173.2458	1.082242
2826	-39.39478	-212.3681	172.9733	1.31643
2832	-42.37887	-215.1328	172.7539	1.487077
2838	-45.49905	-218.6046	173.1055	1.206932
2844	-40.78015	-214.1882	173.4081	0.9198044
2850	-38.74781	-211.9749	173.2271	1.099515
2856	-33.6437	-206.6709	173.0272	1.27259
2862	-33.60803	-206.8984	173.2903	1.040178
2868	-43.06778	-216.3647	173.2969	1.033851
2874	-42.29485	-215.4198	173.1249	1.190247
2880	-35.11237	-207.801	172.6886	1.535897
2886	-39.67051	-212.672	173.0014	1.293654
2892	-38.53074	-211.5322	173.0014	1.293654
2898	-30.53715	-203.4262	172.889	1.383415
2904	-26.52712	-199.2755	172.7484	1.491268
2910	-46.69509	-219.7738	173.0787	1.229661
2916	-52.16944	-224.1468	171.9773	2.031307
2922	-48.28832	-220.678	172.3897	1.750868
2928	-50.63818	-223.9629	173.3247	1.006587
2934	-40.22042	-213.1635	172.9431	1.340706
2940	-43.57186	-216.394	172.8221	1.435229
2946	-48.3177	-221.0036	172.6859	1.537928
2952	-53.27119	-225.3306	172.0594	1.976657
2958	-43.91561	-216.0015	172.0859	1.958886
2964	-34.88126	-208.0912	173.2099	1.115189
2970	-39.8833	-212.1466	172.2633	1.838437
2976	-38.94061	-212.1278	173.1872	1.135673
2982	-41.95561	-214.7633	172.8077	1.446277
2988	-41.26623	-213.948	172.6818	1.540951
2994	-30.97098	-204.118	173.147	1.171104
3000	-32.9403	-206.1911	173.2508	1.077606
3006	-33.24093	-206.2646	173.0236	1.275487
3012	-29.73802	-203.0044	173.2664	1.062966
3018	-29.71002	-202.5345	172.8245	1.433422
3024	-35.14142	-208.3636	173.2221	1.104079
3030	-37.86938	-211.0915	173.2221	1.104079
3036	-36.94437	-209.8628	172.9185	1.360243
3042	-41.28515	-213.9126	172.6275	1.580899
3048	-31.873	-205.1569	173.2839	1.046363
3054	-32.9927	-205.8093	172.8166	1.439482
3060	-35.53678	-208.3971	172.8603	1.405808
3066	-30.13129	-203.3727	173.2414	1.086326
3072	-33.76172	-206.7497	172.988	1.304613
3078	-33.2131	-206.3448	173.1317	1.184378
3084	-29.67456	-202.6785	173.0039	1.291622
3090	-35.22166	-207.6572	172.4356	1.718612
3096	-30.17968	-203.2739	173.0942	1.216558
3102	-27.97065	-201.0648	173.0942	1.216558
3108	-37.21795	-210.278	173.06	1.245317
3114	-40.75778	-213.8967	173.1389	1.178172
3120	-35.48206	-208.3937	172.9117	1.365598
3126	-36.59349	-209.4223	172.8288	1.430134
3132	-35.72726	-208.9471	173.2199	1.106153
3138	-47.45873	-220.7603	173.3016	1.029281
3144	-40.24565	-213.6006	173.355	0.9760393
3150	-35.83964	-208.6524	172.8128	1.442406
3156	-37.29799	-210.1525	172.8545	1.410301
3162	-30.28837	-203.5281	173.2397	1.087934
3168	-41.06666	-213.2725	172.2059	1.877741
3174	-41.39614	-214.4648	173.0686	1.238135
3180	-37.01879	-210.1737	173.1549	1.164244
3186	-45.02303	-217.5872	172.5641	1.626921
3192	-41.21867	-213.7858	172.5671	1.624786
3198	-38.94892	-212.1928	173.2439	1.084074
3204	-36.23951	-209.1101	172.8706	1.397773
3210	-46.36674	-219.4542	173.0875	1.222231
3216	-53.64399	-226.9636	173.3196	1.011629
3222	-39.43815	-211.8695	172.4313	1.721622
3228	-39.41322	-212.0356	172.6224	1.584643
3234	-33.26283	-206.4273	173.1645	1.155818
3240	-31.80591	-205.0433	173.2374	1.090026
3246	-33.65944	-206.8969	173.2374	1.090026
3252	-44.60294	-217.0765	172.4735	1.691771
3258	-33.51911	-206.8298	173.3107	1.020349
3264	-37.00579	-210.0712	173.0654	1.240842
3270	-37.86814	-210.9321	173.064	1.242017
3276	-38.80662	-211.4199	172.6133	1.591243
3282	-34.46413	-207.6002	173.1361	1.180634
3288	-35.3143	-208.5502	173.2359	1.091448
3294	-32.17852	-205.1394	172.9609	1.326477
3300	-30.6369	-204.1762	173.5393	0.7564327
3306	-35.30726	-208.1423	172.8351	1.425309
3312	-40.62342	-213.6782	173.0547	1.249743
3318	-37.23544	-209.6722	172.4368	1.717742
3324	-51.32192	-223.8887	172.5668	1.625028
3330	-48.0623	-220.8153	172.753	1.487802
3336	-50.16459	-222.7096	172.545	1.640675
3342	-46.19179	-218.7368	172.545	1.640675
3348	-52.45846	-225.422	172.9636	1.324296
3354	-45.75146	-218.6422	172.8907	1.382056
3360	-45.03327	-217.6578	172.6246	1.583024
3366	-39.75701	-212.3816	172.6246	1.583024
3372	-41.43578	-214.4865	173.0507	1.253075
3378	-52.95054	-225.9495	172.9989	1.295701
3384	-45.02069	-218.4602	173.4395	0.8845222
3390	-35.50048	-208.447	172.9465	1.337968
3396	-37.55188	-210.3167	172.7649	1.478835
3402	-45.11146	-218.32	173.2085	1.116453
3408	-50.85681	-223.5388	172.682	1.540787
3414	-51.83377	-224.7711	172.9373	1.345309
3420	-55.81796	-228.6838	172.8659	1.401454
3426	-56.83572	-229.7016	172.8659	1.401454
3432	-45.36159	-218.1032	172.7416	1.496322
3438	-50.10441	-223.0229	172.9185	1.360201
3444	-50.20668	-223.4116	173.2049	1.119712
3450	-49.99486	-222.7879	172.793	1.4575
3456	-45.42105	-217.9689	172.5478	1.638656
3462	-34.77711	-207.8401	173.063	1.242848
3468	-42.03308	-215.2425	173.2094	1.115659
3474	-38.71237	-211.9535	173.2412	1.086576
3480	-39.22211	-212.4447	173.2226	1.103636
3486	-37.32219	-210.6203	173.2981	1.032661
3492	-36.50268	-209.3674	172.8647	1.402342
3498	-41.55765	-214.7248	173.1671	1.153443
3504	-40.27246	-213.6065	173.3341	0.997228
3510	-43.58685	-217.03	173.4432	0.8802946
3516	-45.21552	-218.1055	172.89	1.382666
3522	-41.75232	-214.2854	172.5331	1.649278
3528	-43.08938	-215.5451	172.4558	1.70435
3534	-42.13899	-215.1185	172.9795	1.31144
3540	-39.31012	-212.0492	172.739	1.49828
3546	-50.11607	-223.6159	173.4998	0.8110119
3552	-41.90221	-214.7983	172.8961	1.377852
3558	-43.82427	-217.02	173.1957	1.127983
3564	-55.02657	-227.5705	172.5439	1.641485
3570	-56.06194	-228.3942	172.3323	1.790828
3576	-47.94412	-220.7306	172.7865	1.462478
3582	-50.03923	-222.7368	172.6976	1.529214
3588	-36.26864	-209.4055	173.1368	1.179964
3594	-41.28711	-213.6739	172.3868	1.752853
3600	-35.14788	-208.4306	173.2828	1.047441
3606	-35.73558	-209.2353	173.4997	0.8110802
3612	-38.80476	-212.3779	173.5731	0.7025902
3618	-40.13274	-213.3847	173.252	1.076503
3624	-43.13541	-216.4672	173.3318	0.9995232
3630	-32.97149	-206.3033	173.3318	0.9995232
3636	-34.56761	-207.5898	173.0222	1.27667
3642	-34.52241	-207.5236	173.0012	1.293822
3648	-34.24792	-207.2893	173.0414	1.260865
3654	-33.66054	-206.3384	172.6778	1.543863
3660	-44.56464	-217.264	172.6993	1.527931
3666	-39.89902	-212.4478	172.5488	1.637987
3672	-36.64781	-209.3771	172.7293	1.505573
3678	-29.92325	-203.0761	173.1528	1.166056
3684	-32.26465	-205.6498	173.3852	0.9445086
3690	-28.49286	-201.9568	173.4639	0.8558885
3696	-32.02617	-204.7487	172.7226	1.510617
3702	-37.43872	-210.8307	173.392	0.9372238
3708	-31.70362	-204.6354	172.9318	1.349691
3714	-55.59956	-227.9539	172.3544	1.775508
3720	-35.28957	-207.9755	172.686	1.537852
3726	-35.79093	-208.4671	172.6761	1.545117
3732	-34.01489	-207.1525	173.1376	1.179289
3738	-41.19483	-214.2806	173.0858	1.223678
3744	-41.27726	-214.4346	173.1573	1.16211
3750	-37.85552	-211.0248	173.1693	1.151535
3756	-30.51747	-203.5087	172.9913	1.301935
3762	-25.46891	-198.4602	172.9913	1.301935
3768	-34.34199	-207.6499	173.3079	1.023072
3774	-39.03824	-211.4059	172.3677	1.766242
3780	-25.00537	-198.3165	173.3112	1.019911
3786	-44.98882	-218.3	173.3112	1.019911
3792	-41.19379	-214.6102	173.4164	0.9106463
3798	-36.75096	-209.7113	172.9604	1.326863
3804	-39.51507	-212.6849	173.1699	1.151046
3810	-45.00553	-217.7333	172.7277	1.506751
3816	-47.72993	-220.4366	172.7067	1.522463
3822	-40.22597	-212.6594	172.4335	1.720099
3828	-42.12185	-214.5797	172.4579	1.702849
3834	-36.05976	-208.7348	172.675	1.545929
3840	-37.99809	-211.3953	173.3973	0.9315719
3846	-47.88924	-221.4462	173.557	0.729376
3852	-55.34628	-228.8344	173.4882	0.8259416
3858	-43.28207	-216.3677	173.0856	1.223823
3864	-45.38687	-218.4824	173.0956	1.215392
3870	-53.1432	-226.2388	173.0956	1.215392
3876	-51.97804	-225.0736	173.0956	1.215392
3882	-39.91249	-213.0648	173.1523	1.166474
3888	-38.83703	-211.9894	173.1523	1.166474
3894	-38.39265	-211.1263	172.7337	1.502321
3900	-30.94327	-204.4294	173.4861	0.8285552
3906	-31.36112	-204.2291	172.868	1.399835
3912	-29.06242	-202.2241	173.1617	1.158264
3918	-30.34373	-203.2324	172.8887	1.383654
3924	-32.44556	-205.4579	173.0124	1.284739
3930	-32.40967	-205.3755	172.9659	1.322454
3936	-42.80413	-215.6161	172.812	1.443001
3942	-30.86175	-204.1254	173.2636	1.065599
3948	-52.495	-225.3538	172.8588	1.406967
3954	-64.79163	-237.544	172.7523	1.488288
3960	-50.93912	-223.7948	172.8556	1.409414
3966	-44.07231	-216.7253	172.653	1.562192
3972	-39.6003	-212.7248	173.1245	1.190618
3978	-47.95801	-221.0039	173.0459	1.257108
3984	-45.82864	-218.7877	172.9591	1.327888
3990	-48.33401	-221.2931	172.9591	1.327888
3996	-45.80504	-218.4903	172.6853	1.538378
4002	-38.13915	-211.1015	172.9624	1.325276
4008	-32.88263	-205.9161	173.0335	1.267355
4014	-33.31337	-206.6294	173.316	1.015174
4020	-38.1724	-211.2982	173.1258	1.189502
4026	-46.30193	-218.201	171.899	2.083028
4032	-39.95673	-211.8558	171.899	2.083028
4038	-46.94817	-220.286	173.3378	0.993435
4044	-43.4944	-216.6989	173.2045	1.120076
4050	-41.51799	-214.7963	173.2783	1.051671
4056	-44.48365	-217.5679	173.0843	1.224939
4062	-45.9244	-219.2791	173.3547	0.9762734
4068	-47.01705	-219.6567	172.6397	1.571976
4074	-52.41725	-224.4595	172.0422	1.988116
4080	-54.17709	-227.2691	173.092	1.218445
4086	-41.70695	-214.7304	173.0234	1.275641
4092	-40.28143	-213.4144	173.133	1.183284
4098	-35.93724	-208.5489	172.6116	1.592465
4104	-39.47437	-212.8275	173.3532	0.9778642
4110	-46.13285	-218.6109	172.4781	1.688537
4116	-52.52023	-225.3855	172.8652	1.40196
4122	-39.48006	-212.292	172.8119	1.443055
4128	-45.93275	-218.7447	172.8119	1.443055
4134	-53.51699	-225.9181	172.4011	1.742839
4140	-45.41117	-218.0229	172.6117	1.592386
4146	-38.95036	-212.1741	173.2238	1.10258
4152	-38.08792	-211.3117	173.2238	1.10258
4158	-38.9023	-212.1261	173.2238	1.10258
4164	-41.43537	-214.3192	172.8838	1.387466
4170	-57.13872	-229.9126	172.7739	1.47199
4176	-50.19111	-223.1894	172.9983	1.296207
4182	-38.75539	-211.3627	172.6073	1.59563
4188	-41.79512	-214.5989	172.8038	1.449293
4194	-44.2753	-217.2492	172.9739	1.315971
4200	-42.39244	-215.102	172.7096	1.520297
4206	-40.75614	-213.6706	172.9145	1.363369
4212	-32.88888	-206.4638	173.5749	0.6994342
4218	-30.33734	-203.8569	173.5195	0.7845498
4224	-35.79743	-209.1984	173.4009	0.9275958
4230	-34.06869	-207.0385	172.9698	1.319319
4236	-35.02575	-207.2433	172.2175	1.869802
4242	-41.99014	-215.0505	173.0603	1.245084
4248	-38.48881	-212.0565	173.5677	0.7119189
4254	-42.0614	-214.805	172.7436	1.494848
4260	-50.84125	-223.7809	172.9397	1.343423
4266	-43.52065	-216.2389	172.7183	1.513805
4272	-46.40166	-219.0371	172.6354	1.575066
4278	-50.71357	-223.7154	173.0018	1.293372
4284	-37.66186	-210.9099	173.2481	1.080142
4290	-41.26053	-214.3279	173.0673	1.239212
4296	-37.27976	-209.7959	172.5161	1.661408
4302	-42.38993	-215.0986	172.7086	1.521003
4308	-45.39837	-218.107	172.7086	1.521003
4314	-41.87498	-214.0792	172.2042	1.878898
4320	-34.59437	-207.932	173.3377	0.993579
4326	-45.12248	-217.8048	172.6824	1.540524
4332	-52.40818	-225.5722	173.1641	1.15616
4338	-44.51895	-217.4429	172.9239	1.355926
4344	-46.17513	-219.2031	173.028	1.271931
4350	-38.71648	-211.919	173.2025	1.121902
4356	-43.10941	-216.1	172.9906	1.302477
4362	-37.67512	-211.0863	173.4112	0.9163764
4368	-33.23634	-206.2355	172.9992	1.295515
4374	-35.36942	-208.9122	173.5428	0.7511927
4380	-41.66672	-215.0884	173.4217	0.9047725
4386	-39.27858	-211.8837	172.6051	1.597191
4392	-37.37786	-210.3493	172.9714	1.317961
4398	-38.64582	-211.5005	172.8547	1.410111
4404	-42.70892	-215.0989	172.39	1.750609
4410	-48.69928	-221.5333	172.834	1.426107
4416	-46.74269	-219.5767	172.834	1.426107
4422	-48.05706	-220.8911	172.834	1.426107
4428	-49.38117	-222.0748	172.6936	1.532197
4434	-36.76496	-209.6145	172.8495	1.414127
4440	-35.74528	-209.2373	173.492	0.8210567
4446	-36.47767	-209.9751	173.4974	0.8140751
4452	-39.9876	-213.558	173.5704	0.70733
4458	-45.39036	-217.7179	172.3275	1.794145
4464	-34.17689	-207.6939	173.517	0.788005
4470	-47.75596	-221.1225	173.3665	0.9640835
4476	-44.05303	-217.4337	173.3807	0.9492658
4482	-42.36647	-214.7804	172.4139	1.733878
4488	-38.96325	-211.6746	172.7113	1.519014
4494	-33.76904	-206.8683	173.0993	1.212247
4500	-29.94858	-202.792	172.8434	1.418859
4506	-28.40561	-201.3909	172.9852	1.306819
4512	-29.40056	-202.2075	172.8069	1.446897
4518	-30.40656	-202.8422	172.4357	1.718554
4524	-31.70755	-204.7814	173.0739	1.233737
4530	-39.8783	-212.8009	172.9226	1.356965
4536	-41.63383	-214.3202	172.6864	1.537546
4542	-49.80456	-222.604	172.7994	1.452599
4548	-37.35001	-210.1225	172.7725	1.473044
4554	-37.3694	-210.5367	173.1673	1.153338
4560	-32.65898	-205.8263	173.1673	1.153338
4566	-42.69424	-215.9278	173.2335	1.093615
4572	-32.64541	-205.5495	172.9041	1.371589
4578	-33.53165	-206.8971	173.3654	0.9652296
4584	-32.70344	-206.0575	173.3541	0.9769532
4590	-40.43027	-213.3891	172.9589	1.328079
4596	-34.20875	-207.0179	172.8092	1.445177
4602	-33.84936	-206.6193	172.7699	1.474996
4608	-39.46297	-212.531	173.068	1.23863
4614	-41.27216	-214.6703	173.3981	0.9306118
4620	-48.18945	-220.6627	172.4732	1.691991
4626	-47.93128	-220.7833	172.852	1.412208
4632	-43.55579	-216.7567	173.2009	1.123345
4638	-36.60983	-208.9214	172.3116	1.805197
4644	-40.6781	-213.7681	173.09	1.220122
4650	-51.61393	-224.9128	173.2988	1.031943
4656	-57.38167	-230.7253	173.3436	0.9875829
4662	-52.71324	-225.4915	172.7782	1.468728
4668	-46.52128	-219.6221	173.1008	1.210967
4674	-47.69286	-220.7936	173.1008	1.210967
4680	-35.08095	-208.5078	173.4269	0.898905
4686	-43.01153	-216.2273	173.2158	1.109871
4692	-27.18762	-200.5243	173.3367	0.9945829
4698	-34.69927	-207.6229	172.9236	1.356183
4704	-29.11944	-202.2428	173.1234	1.191607
4710	-31.46066	-204.5655	173.1048	1.207525
4716	-33.16159	-206.6688	173.5072	0.8011933
4722	-30.66128	-203.8147	173.1535	1.165472
4728	-27.98555	-200.622	172.6364	1.574349
4734	-29.37134	-202.8246	173.4533	0.8685009
4740	-34.34838	-207.5569	173.2086	1.116427
4746	-36.35092	-209.0172	172.6663	1.552393
4752	-38.95821	-211.6245	172.6663	1.552393
4758	-30.7101	-203.7797	173.0696	1.237293
4764	-42.43135	-214.6899	172.2586	1.84171
4770	-36.16555	-209.3481	173.1826	1.139746
4776	-44.31856	-217.2274	172.9089	1.36782
4782	-33.0114	-206.5036	173.4922	0.8208533
4788	-40.25208	-212.7714	172.5193	1.659139
4794	-42.95315	-216.1329	173.1798	1.142265
4800	-42.8002	-215.7862	172.986	1.306191
4806	-49.27315	-222.2592	172.986	1.306191
4812	-44.06969	-217.4802	173.4105	0.9171259
4818	-39.22601	-212.171	172.945	1.339179
4824	-37.33502	-210.3881	173.053	1.25115
4830	-35.07206	-208.2504	173.1783	1.143559
4836	-50.70675	-224.0267	173.32	1.011222
4842	-34.0131	-207.2868	173.2737	1.05605
4848	-37.44996	-210.818	173.368	0.9625638
4854	-36.96651	-210.0575	173.0909	1.21931
4860	-43.62951	-216.2775	172.648	1.565867
4866	-34.57265	-207.8951	173.3225	1.008754
4872	-42.67548	-215.9733	173.2979	1.032887
4878	-51.49612	-224.8506	173.3545	0.9764744
4884	-46.94136	-219.704	172.7627	1.48049
4890	-47.889	-220.923	173.034	1.266924
4896	-44.24293	-217.3304	173.0874	1.22228
4902	-42.87819	-215.8397	172.9615	1.325938
4908	-41.61629	-214.6208	173.0045	1.291147
4914	-46.67136	-219.7678	173.0964	1.214677
4920	-32.53628	-205.5933	173.057	1.247876
4926	-37.86992	-211.0223	173.1524	1.166448
4932	-46.66671	-219.2625	172.5958	1.60398
4938	-46.50546	-219.5011	172.9956	1.298419
4944	-35.59825	-208.091	172.4927	1.678111
4950	-36.44482	-208.9709	172.5261	1.65426
4956	-38.1271	-210.727	172.5999	1.601041
4962	-43.68825	-216.9687	173.2805	1.049607
4968	-43.34724	-216.6819	173.3347	0.9966241
4974	-48.03323	-220.7205	172.6873	1.53689
4980	-43.82493	-216.2172	172.3922	1.749057
4986	-45.49731	-217.9848	172.4875	1.681855
4992	-33.44654	-206.1248	172.6783	1.543533
4998	-38.36337	-211.2822	172.9188	1.359955
5004	-40.67269	-213.6198	172.9471	1.337474
5010	-48.2613	-221.1013	172.84	1.421471
5016	-43.29307	-215.8906	172.5976	1.602715
5022	-40.1532	-212.7508	172.5976	1.602715
5028	-38.32795	-210.9725	172.6445	1.568407
5034	-41.07246	-213.717	172.6445	1.568407
5040	-52.36812	-224.9714	172.6033	1.598537
5046	-50.74395	-223.3282	172.5842	1.612377
5052	-47.38587	-220.3077	172.9218	1.357606
5058	-54.2809	-226.965	172.6841	1.539223
5064	-44.72117	-217.2601	172.539	1.645035
5070	-42.49619	-215.9195	173.4233	0.902952
5076	-44.28751	-217.2879	173.0004	1.294513
5082	-35.30975	-208.4945	173.1848	1.137817
5088	-30.89377	-204.3857	173.4919	0.8211944
5094	-30.18445	-203.0142	172.8297	1.429406
5100	-27.10752	-200.4731	173.3656	0.9650899
5106	-35.15046	-208.5551	173.4046	0.9235966
5112	-34.69289	-208.1284	173.4355	0.889183
5118	-38.16298	-211.012	172.849	1.414554
5124	-36.54802	-209.414	172.8659	1.401412
5130	-52.91344	-225.811	172.8975	1.376738
5136	-50.51803	-222.8468	172.3288	1.793277
5142	-46.35849	-219.5538	173.1953	1.12837
5148	-42.25391	-215.4492	173.1953	1.12837
5154	-42.30868	-215.4329	173.1242	1.190901
5160	-35.41042	-208.3397	172.9293	1.351689
5166	-39.14428	-212.0981	172.9539	1.332082
5172	-48.81658	-221.4982	172.6816	1.541069
5178	-48.59812	-221.5092	172.9111	1.366073
5184	-32.48094	-205.5864	173.1054	1.206981
5190	-30.34154	-203.6092	173.2676	1.061813
5196	-30.3154	-203.6903	173.3749	0.9553059
5202	-29.1699	-202.1267	172.9568	1.329725
5208	-30.6726	-203.9468	173.2742	1.055593
5214	-41.73179	-214.2436	172.5118	1.664514
5220	-49.16438	-221.5245	172.3601	1.771473
5226	-41.1843	-213.8098	172.6255	1.582312
5232	-35.75143	-208.6709	172.9195	1.359406
5238	-33.05635	-206.0326	172.9763	1.314064
5244	-43.30284	-216.224	172.9211	1.358123
5250	-42.44258	-214.8457	172.4032	1.741407
5256	-45.77735	-218.9333	173.1559	1.163328
5262	-44.34048	-217.059	172.7185	1.513645
5268	-37.18386	-209.6594	172.4756	1.690305
5274	-40.52691	-213.8724	173.3455	0.9856975
5280	-39.87094	-213.1408	173.2698	1.059718
5286	-40.85456	-213.5905	172.7359	1.500617
5292	-34.91121	-208.4537	173.5425	0.751624
5298	-32.32321	-204.6684	172.3452	1.781902
5304	-34.09441	-207.4772	173.3827	0.9470873
5310	-58.02615	-231.06	173.0338	1.267077
5316	-44.20576	-217.0192	172.8134	1.441916
5322	-50.66568	-223.7433	173.0776	1.230586
5328	-41.6842	-214.7618	173.0776	1.230586
5334	-34.10437	-207.0909	172.9866	1.305736
5340	-40.89438	-213.7151	172.8207	1.436343
5346	-35.99652	-208.7262	172.7296	1.505327
5352	-31.43604	-204.7554	173.3194	1.011826
5358	-36.35389	-209.5944	173.2405	1.087163
5364	-35.0291	-208.2484	173.2193	1.106705
5370	-41.45596	-213.9997	172.5437	1.641626
5376	-51.78163	-224.4957	172.7141	1.516972
5382	-42.01112	-215.2212	173.2101	1.115038
5388	-45.01971	-217.6397	172.62	1.586351
5394	-38.33237	-211.5441	173.2117	1.113586
5400	-41.09819	-214.3786	173.2804	1.049685
5406	-43.25754	-216.2447	172.9871	1.305286
5412	-48.37822	-221.6428	173.2646	1.064705
5418	-40.57015	-213.7881	173.218	1.107858
5424	-44.52259	-217.736	173.2135	1.11199
5430	-43.1845	-216.5504	173.3659	0.9647502
5436	-48.36621	-220.8803	172.5141	1.662887
5442	-48.69494	-221.7717	173.0767	1.231322
5448	-34.68751	-207.8968	173.2093	1.11578
5454	-26.71384	-199.9406	173.2267	1.099874
5460	-39.38478	-212.0629	172.6781	1.543649
5466	-42.32403	-215.3016	172.9776	1.313034
5472	-34.91249	-207.4729	172.5604	1.629637
5478	-38.49727	-211.481	172.9837	1.30804
5484	-38.70469	-211.9009	173.1962	1.12756
5490	-39.20441	-212.2128	173.0084	1.287987
5496	-32.90661	-206.0828	173.1761	1.145479
5502	-35.98843	-208.4057	172.4173	1.731476
5508	-34.97787	-207.8405	172.8627	1.403966
5514	-31.12962	-204.0922	172.9625	1.325124
5520	-24.38876	-197.9201	173.5314	0.7679487
5526	-25.78559	-198.8742	173.0886	1.22129
5532	-29.18279	-202.5272	173.3444	0.9868184
5538	-38.41157	-211.7679	173.3563	0.9746135
5544	-40.624	-214.0079	173.3839	0.9458807
5550	-39.35333	-211.9936	172.6402	1.571547
5556	-42.92579	-216.0969	173.1711	1.14994
5562	-37.75998	-210.9311	173.1711	1.14994
5568	-35.31378	-208.5961	173.2823	1.047828
5574	-39.41242	-212.343	172.9306	1.350633
5580	-39.43829	-212.2837	172.8454	1.417294
5586	-37.98818	-210.8336	172.8454	1.417294
5592	-44.03161	-216.8271	172.7955	1.455635
5598	-39.69743	-212.4929	172.7955	1.455635
5604	-46.16661	-219.4458	173.2792	1.050861
5610	-42.1236	-215.0037	172.8801	1.390373
5616	-35.16602	-208.326	173.16	1.159746
5622	-38.8145	-211.7231	172.9086	1.367996
5628	-35.52504	-208.4219	172.8969	1.377266
5634	-36.6845	-209.699	173.0145	1.283002
5640	-46.9516	-219.9661	173.0145	1.283002
5646	-43.393	-216.0425	172.6495	1.564774
5652	-44.21853	-216.4657	172.2471	1.849544
5658	-41.38882	-213.9277	172.5389	1.64509
5664	-36.60201	-209.6979	173.0959	1.215128
5670	-39.46963	-212.5006	173.0309	1.269484
5676	-44.82634	-218.1491	173.3228	1.008495
5682	-36.20466	-209.379	173.1743	1.147094
5688	-32.45762	-205.2159	172.7582	1.483842
5694	-40.53858	-213.4639	172.9254	1.354789
5700	-38.7975	-212.0775	173.28	1.050035
5706	-38.31192	-210.6746	172.3627	1.769715
5712	-64.23439	-237.2223	172.9879	1.304662
5718	-39.30868	-211.5828	172.2741	1.831025
5724	-38.04857	-210.9394	172.8908	1.382003
5730	-35.35595	-208.2284	172.8725	1.396339
5736	-41.7791	-214.8954	173.1163	1.197651
5742	-35.01407	-207.9149	172.9009	1.374103
5748	-53.9381	-226.7611	172.823	1.434549
5754	-55.84706	-228.5135	172.6664	1.552288
5760	-48.82005	-221.4665	172.6464	1.567018
5766	-47.77255	-220.4509	172.6784	1.543456
5772	-41.99608	-215.1273	173.1312	1.18483
5778	-31.48182	-204.1224	172.6406	1.571275
5784	-35.06848	-208.3571	173.2886	1.041851
5790	-35.5283	-208.4517	172.9234	1.356331
5796	-31.17644	-204.3939	173.2175	1.108336
5802	-31.45374	-204.6953	173.2415	1.086222
5808	-29.62786	-202.9188	173.2909	1.039603
5814	-28.11965	-201.5022	173.3825	0.947311
5820	-35.57183	-208.2392	172.6674	1.55157
5826	-44.13767	-216.8528	172.7152	1.516143
5832	-35.74797	-208.5837	172.8357	1.424813
5838	-31.87317	-205.3675	173.4943	0.8181174
5844	-28.56406	-201.7595	173.1955	1.128228
5850	-45.00583	-217.9337	172.9279	1.352764
5856	-25.6305	-199.0685	173.438	0.8862401
5862	-32.27148	-205.4201	173.1486	1.169694
5868	-36.46691	-209.7711	173.3042	1.026735
5874	-40.69519	-213.3192	172.6241	1.583404
5880	-38.68217	-212.0539	173.3718	0.9586333
5886	-35.07087	-207.5654	172.4945	1.676852
5892	-41.86161	-215.0087	173.147	1.171084
5898	-40.81594	-214.3079	173.492	0.8210654
5904	-47.49024	-221.0323	173.5421	0.7522917
5910	-33.47219	-206.627	173.1548	1.164321
5916	-35.97898	-209.3504	173.3714	0.9589834
5922	-33.71176	-206.3743	172.6626	1.555149
5928	-39.49865	-212.0505	172.5518	1.635804
5934	-53.61416	-226.06	172.4459	1.711356
5940	-56.00261	-228.9494	172.9468	1.337714
5946	-49.96922	-223.1532	173.184	1.138526
5952	-44.29109	-217.4509	173.1598	1.159895
5958	-46.60477	-219.5263	172.9215	1.357834
5964	-43.20996	-216.4665	173.2565	1.072251
5970	-37.75761	-211.0911	173.3335	0.9977519
5976	-38.79318	-212.2521	173.4589	0.8618742
5982	-29.98561	-203.178	173.1924	1.131021
5988	-28.2012	-201.4991	173.2979	1.032878
5994	-33.75802	-206.9793	173.2213	1.104875
6000	-35.42572	-208.6964	173.2706	1.058968
6006	-29.16199	-202.1234	172.9614	1.32601
6012	-26.2557	-199.6871	173.4314	0.8937626
6018	-27.09328	-200.5172	173.4239	0.9023048
6024	-37.23804	-210.0298	172.7918	1.458451
6030	-35.11692	-208.2501	173.1332	1.183101
6036	-28.40022	-201.9006	173.5004	0.8102707
6042	-28.2109	-201.7113	173.5004	0.8102707
6048	-30.76413	-203.592	172.8279	1.430851
6054	-34.57412	-207.8965	173.3223	1.008904
6060	-35.58101	-208.6571	173.0761	1.231845
6066	-34.93379	-208.2751	173.3413	0.989907
6072	-37.97235	-210.3667	172.3943	1.747585
6078	-42.55028	-215.0963	172.546	1.639994
6084	-44.21223	-216.2395	172.0273	1.998097
6090	-41.11126	-213.0916	171.9803	2.029341
6096	-31.96592	-205.3103	173.3443	0.9868459
6102	-24.06908	-197.3566	173.2875	1.042854
6108	-30.5214	-203.7673	173.2459	1.082207
6114	-28.06288	-201.3088	173.2459	1.082207
6120	-37.99091	-210.4988	172.5079	1.667269
6126	-40.57336	-213.4664	172.8931	1.380214
6132	-41.05548	-213.9149	172.8594	1.406501
6138	-34.21726	-207.0766	172.8594	1.406501
6144	-35.20137	-207.4979	172.2965	1.815566
6150	-38.59604	-211.1214	172.5253	1.654827
6156	-48.4487	-221.1385	172.6898	1.534986
6162	-55.74594	-228.9124	173.1664	1.154075
6168	-48.44193	-221.5304	173.0885	1.221405
6174	-42.37913	-214.6255	172.2464	1.850062
6180	-44.33005	-217.0256	172.6956	1.530733
6186	-48.23236	-221.0095	172.7772	1.469538
6192	-46.33969	-218.8371	172.4974	1.674784
6198	-53.96355	-226.1092	172.1456	1.918633
6204	-58.47654	-230.8726	172.3961	1.746372
6210	-58.82248	-231.4356	172.6131	1.591418
6216	-50.8207	-223.6346	172.8139	1.441572
6222	-49.88974	-222.8972	173.0074	1.288767
6228	-42.90075	-216.095	173.1942	1.129335
6234	-46.40154	-219.1128	172.7112	1.51909
6240	-51.25892	-224.5113	173.2524	1.076144
6246	-52.18359	-225.277	173.0934	1.217211
6252	-45.53856	-218.1053	172.5668	1.625011
6258	-47.6511	-220.9528	173.3017	1.029177
6264	-38.51022	-211.8119	173.3017	1.029177
6270	-39.5496	-212.9463	173.3967	0.9322027
6276	-35.42634	-208.692	173.2657	1.063637
6282	-27.54283	-200.7238	173.1809	1.141229
6288	-24.83367	-198.1119	173.2783	1.051735
6294	-26.515	-199.5198	173.0048	1.290888
6300	-33.27079	-206.2883	173.0175	1.280554
6306	-38.2219	-210.5618	172.3399	1.785549
6312	-40.61174	-213.9589	173.3471	0.9840385
6318	-30.50734	-202.8285	172.3212	1.798536
6324	-40.12976	-213.1519	173.0221	1.276754
6330	-41.38151	-214.62	173.2384	1.089086
6336	-39.66686	-213.0572	173.3903	0.9390425
6342	-38.45859	-211.7906	173.332	0.9992342
6348	-42.91815	-215.7181	172.7999	1.452225
6354	-44.41373	-217.8171	173.4034	0.9249504
6360	-47.39403	-220.4266	173.0325	1.26816
6366	-57.67192	-231.1813	173.5094	0.7983277
6372	-41.22163	-214.6021	173.3805	0.9495001
6378	-43.32162	-216.1942	172.8726	1.396244
6384	-47.191	-219.5026	172.3116	1.805167
6390	-53.89402	-227.0786	173.1846	1.137961
6396	-46.06928	-218.6113	172.5421	1.642817
6402	-49.20312	-222.1477	172.9446	1.339511
6408	-50.09649	-222.6869	172.5904	1.607912
6414	-54.7026	-227.6208	172.9182	1.360442
6420	-43.40042	-216.5527	173.1523	1.166513
6426	-51.94377	-224.1132	172.1694	1.902502
6432	-44.36064	-216.8956	172.535	1.647895
6438	-40.94707	-213.5092	172.5621	1.628377
6444	-47.797	-220.3725	172.5755	1.618736
6450	-40.48503	-213.7398	173.2548	1.073883
6456	-45.69117	-218.5122	172.821	1.436098
6462	-45.24924	-217.4994	172.2501	1.84749
6468	-42.44924	-215.0569	172.6076	1.595381
6474	-36.1558	-208.7634	172.6076	1.595381
6480	-34.85133	-208.1758	173.3245	1.006789
6486	-43.43783	-216.6634	173.2256	1.100902
6492	-44.6619	-217.1869	172.525	1.655043
6498	-40.04299	-213.0969	173.0539	1.250467
6504	-43.66312	-216.717	173.0539	1.250467
6510	-42.66565	-215.5555	172.8899	1.382725
6516	-47.49299	-220.292	172.799	1.452912
6522	-48.57867	-221.2124	172.6337	1.576314
6528	-52.0459	-224.3611	172.3152	1.802664
6534	-46.57011	-219.2252	172.6551	1.560611
6540	-38.09931	-211.1371	173.0378	1.263833
6546	-36.31864	-209.6369	173.3183	1.012947
6552	-39.75677	-213.075	173.3183	1.012947
6558	-39.422	-212.237	172.815	1.440691
6564	-44.18021	-216.9266	172.7463	1.492798
6570	-44.16034	-216.9686	172.8082	1.445902
6576	-46.5541	-219.7516	173.1975	1.126426
6582	-42.95115	-215.301	172.3498	1.778676
6588	-47.95948	-220.4312	172.4717	1.693033
6594	-65.20315	-238.2873	173.0842	1.225053
6600	-60.42363	-233.1425	172.7189	1.513382
6606	-47.9994	-221.1965	173.1971	1.12678
6612	-35.01458	-208.3881	173.3735	0.9568148
6618	-36.09673	-209.2047	173.1079	1.204845
6624	-30.46639	-203.6985	173.2321	1.094926
6630	-42.65916	-215.8071	173.1479	1.170339
6636	-38.60179	-210.7594	172.1576	1.910505
6642	-46.81507	-219.6036	172.7885	1.460901
6648	-37.21358	-209.9059	172.6923	1.533159
6654	-40.54229	-213.6636	173.1213	1.193348
6660	-44.79599	-217.7398	172.9438	1.340088
6666	-41.76974	-214.7136	172.9438	1.340088
6672	-40.05151	-212.6446	172.5931	1.605921
6678	-42.16692	-214.9004	172.7335	1.502471
6684	-48.45783	-221.4366	172.9788	1.312039
6690	-45.70818	-218.5364	172.8282	1.430601
6696	-50.92901	-224.3391	173.4101	0.9176295
6702	-45.80464	-219.2233	173.4186	0.9081569
6708	-37.3098	-209.9682	172.6584	1.558213
6714	-34.6879	-208.1204	173.4325	0.8925926
6720	-39.29841	-212.3581	173.0597	1.245589
6726	-39.559	-212.0184	172.4594	1.701775
6732	-29.451	-202.4898	173.0388	1.263013
6738	-30.5473	-203.4827	172.9353	1.346852
6744	-35.51034	-208.8234	173.3131	1.018057
6750	-38.08011	-211.2885	173.2084	1.116612
6756	-39.39152	-212.6652	173.2736	1.056124
6762	-35.42155	-208.4567	173.0352	1.265981
6768	-46.43129	-218.7468	172.3155	1.802455
6774	-45.83734	-218.5631	172.7258	1.508202
6780	-42.74434	-214.6093	171.865	2.105406
6786	-41.27927	-213.6329	172.3537	1.775995
6792	-45.98847	-218.5865	172.598	1.602357
6798	-44.28144	-217.525	173.2436	1.084362
6804	-40.62995	-214.0726	173.4427	0.8808781
6810	-36.85846	-210.1924	173.3339	0.9973394
6816	-31.3046	-204.0504	172.7458	1.493217
6822	-39.41053	-212.1051	172.6945	1.531489
6828	-27.7953	-200.7565	172.9612	1.326222
6834	-34.14479	-207.5482	173.4034	0.9248809
6840	-40.60471	-213.9681	173.3634	0.9673248
6846	-41.25646	-214.5827	173.3262	1.005069
6852	-40.56099	-213.792	173.2311	1.095907
6858	-36.8178	-210.111	173.2932	1.037418
6864	-37.79811	-211.3362	173.538	0.7582413
6870	-40.58094	-214.2054	173.6245	0.5871397
6876	-41.19515	-214.3804	173.1853	1.137347
6882	-46.50355	-218.7357	172.2322	1.859782
6888	-47.684	-220.2125	172.5285	1.65256
6894	-46.28906	-218.7218	172.4327	1.720613
6900	-49.39942	-222.8272	173.4278	0.897866
6906	-43.06049	-215.8724	172.8119	1.443046
6912	-42.02469	-214.3643	172.3396	1.785772
6918	-34.69094	-207.3648	172.6739	1.546788
6924	-35.79662	-209.0569	173.2602	1.068774
6930	-40.42782	-213.4111	172.9833	1.308386
6936	-48.51051	-221.734	173.2235	1.102848
6942	-36.26932	-209.4069	173.1376	1.17931
6948	-39.89111	-212.6923	172.8012	1.451238
6954	-38.95682	-212.0615	173.1047	1.207608
6960	-40.9538	-213.8006	172.8468	1.416225
6966	-43.02917	-214.784	171.7549	2.177243
6972	-37.83835	-210.6507	172.8123	1.442756
6978	-30.42534	-203.5078	173.0825	1.226479
6984	-35.63076	-208.4568	172.826	1.432259
6990	-33.44102	-206.6655	173.2245	1.101956
6996	-38.01855	-211.442	173.4234	0.9028075
7002	-43.76601	-216.6709	172.9049	1.370943
7008	-41.21859	-213.7241	172.5055	1.669022
7014	-45.30008	-217.5876	172.2875	1.821829
7020	-39.76056	-212.9919	173.2313	1.095641
7026	-47.0251	-220.3056	173.2805	1.049623
7032	-46.3067	-219.5969	173.2902	1.040278
7038	-42.21276	-215.1168	172.904	1.37164
7044	-46.24164	-218.8091	172.5674	1.624548
7050	-48.92414	-221.1387	172.2146	1.871798
7056	-46.18772	-219.4641	173.2764	1.0535
7062	-47.58215	-220.5194	172.9372	1.345362
7068	-51.07722	-223.8073	172.7301	1.504966
7074	-56.54809	-228.9336	172.3855	1.753796
7080	-67.2518	-239.6966	172.4448	1.712102
7086	-52.61167	-225.381	172.7693	1.47548
7092	-47.98244	-221.0583	173.0759	1.232023
7098	-44.46809	-217.599	173.1309	1.185143
7104	-47.12563	-220.1036	172.978	1.312689
7110	-56.46218	-229.7202	173.258	1.070903
7116	-47.09176	-220.3497	173.258	1.070903
7122	-52.29322	-224.2188	171.9256	2.065549
7128	-40.52689	-213.9986	173.4717	0.8464076
7134	-44.72105	-218.0433	173.3222	1.009021
7140	-41.53174	-214.854	173.3222	1.009021
7146	-39.39457	-212.2575	172.8629	1.403769
7152	-37.4631	-209.7948	172.3317	1.791237
7158	-31.52952	-203.8612	172.3317	1.791237
7164	-26.49523	-199.9862	173.491	0.8223634
7170	-30.38944	-203.4829	173.0934	1.21719
7176	-38.60935	-211.7612	173.1519	1.16685
7182	-44.39947	-217.3554	172.956	1.330395
7188	-38.9341	-212.3033	173.3692	0.9613538
7194	-48.25808	-221.4617	173.2037	1.120858
7200	-40.38707	-213.1159	172.7289	1.505906
7206	-45.98699	-218.8723	172.8853	1.386295
7212	-41.07194	-214.2945	173.2226	1.103676
7218	-41.54475	-214.7518	173.207	1.117827
7224	-39.93162	-212.9235	172.9919	1.301418
7230	-51.72734	-225.0512	173.3239	1.007351
7236	-46.0362	-218.554	172.5178	1.660195
7242	-44.10015	-216.9364	172.8362	1.424397
7248	-41.5305	-214.7409	173.2104	1.1148
7254	-42.21741	-215.2005	172.9831	1.308592
7260	-41.90359	-214.9946	173.091	1.219294
7266	-53.98263	-226.8847	172.9021	1.373175
7272	-42.83637	-215.6151	172.7787	1.468376
7278	-33.34439	-206.2991	172.9547	1.331425
7284	-45.2302	-218.3067	173.0765	1.231505
7290	-42.61109	-215.1984	172.5873	1.610124
7296	-33.29462	-206.1889	172.8943	1.379295
7302	-35.76135	-208.4959	172.7346	1.501615
7308	-57.28314	-229.7559	172.4727	1.692342
7314	-54.09737	-226.5285	172.4312	1.721731
7320	-57.10485	-229.5045	172.3997	1.743868
7326	-51.21666	-223.5902	172.3735	1.762141
7332	-49.41949	-222.5845	173.165	1.155349
7338	-45.6135	-218.7331	173.1196	1.194853
7344	-38.40094	-211.3744	172.9735	1.316334
7350	-39.74059	-212.0036	172.263	1.838637
7356	-42.84407	-215.8361	172.9921	1.301274
7362	-40.70315	-213.5418	172.8386	1.422568
7368	-34.16109	-207.5233	173.3622	0.9685562
7374	-49.03103	-221.9944	172.9634	1.324429
7380	-40.42597	-213.5271	173.1011	1.210661
7386	-48.7967	-221.7161	172.9194	1.359481
7392	-38.89419	-211.9288	173.0346	1.266433
7398	-33.85796	-207.3704	173.5125	0.7941975
7404	-38.65494	-212.098	173.443	0.8804711
7410	-39.37365	-211.7561	172.3824	1.755921
7416	-35.33468	-208.281	172.9463	1.338133
7422	-32.99846	-205.9548	172.9563	1.330126
7428	-36.24722	-208.6599	172.4127	1.734696
7434	-32.59279	-205.6219	173.0291	1.271011
7440	-35.88217	-209.192	173.3098	1.021211
7446	-38.27065	-211.4855	173.2148	1.110732
7452	-40.07538	-213.3791	173.3037	1.027171
7458	-35.51892	-208.6604	173.1414	1.175966
7464	-44.02871	-217.4285	173.3998	0.9288067
7470	-43.29603	-216.0573	172.7613	1.481533
7476	-36.68269	-209.7351	173.0524	1.251651
7482	-41.83314	-215.2326	173.3994	0.9292304
7488	-41.79832	-214.5951	172.7968	1.454592
7494	-54.54164	-226.8088	172.2672	1.835789
7500	-51.2052	-224.1078	172.9026	1.372753
7506	-48.22275	-221.1253	172.9026	1.372753
7512	-45.3675	-218.3846	173.0171	1.280846
7518	-45.59769	-218.462	172.8643	1.402655
7524	-36.20828	-208.8713	172.663	1.554846
7530	-40.47491	-213.1872	172.7123	1.518278
7536	-37.90543	-210.1336	172.2282	1.862496
7542	-42.97597	-216.3585	173.3825	0.9473594
7548	-51.60991	-224.3955	172.7856	1.463166
7554	-68.12723	-240.3633	172.236	1.857139
7560	-44.43951	-217.3208	172.8813	1.389443
7566	-47.32178	-220.414	173.0922	1.218267
7572	-49.85512	-222.9473	173.0922	1.218267
7578	-46.08119	-218.7355	172.6544	1.561186
7584	-59.79374	-232.7137	172.9199	1.359091
7590	-48.90783	-221.7191	172.8113	1.443562
7596	-29.14204	-202.3613	173.2193	1.106684
7602	-32.50582	-205.799	173.2932	1.037388
7608	-47.84994	-221.0405	173.1906	1.132631
7614	-35.32874	-208.655	173.3263	1.005001
7620	-43.6544	-217.0148	173.3604	0.9704707
7626	-40.71762	-213.6442	172.9266	1.353802
7632	-33.34077	-206.8137	173.4729	0.8449502
7638	-43.39381	-216.3535	172.9597	1.327413
7644	-44.74719	-217.8583	173.1111	1.20214
7650	-37.14732	-210.2584	173.1111	1.20214
7656	-45.01857	-218.2625	173.2439	1.084016
7662	-38.0802	-210.8604	172.7802	1.467247
7668	-35.01989	-208.4058	173.3859	0.9437353
7674	-32.4728	-206.0591	173.5863	0.6786267
7680	-40.11196	-212.6673	172.5554	1.633234
7686	-29.04533	-202.3213	173.2759	1.053958
7692	-31.57602	-204.5161	172.9401	1.343089
7698	-36.77049	-209.5436	172.7732	1.472567
7704	-34.08749	-206.8719	172.7844	1.464028
7710	-30.70399	-203.9115	173.2075	1.11742
7716	-39.2651	-211.6279	172.3628	1.769638
7722	-38.14041	-211.0859	172.9455	1.338753
7728	-50.59712	-223.3416	172.7445	1.494188
7734	-51.19619	-223.9407	172.7445	1.494188
7740	-47.20756	-219.952	172.7445	1.494188
7746	-41.3961	-214.113	172.7169	1.51483
7752	-31.95007	-205.3245	173.3744	0.9558336
7758	-35.29892	-208.5227	173.2238	1.102565
7764	-37.90329	-211.0723	173.169	1.151818
7770	-40.03928	-213.261	173.2217	1.104505
7776	-43.61974	-216.5918	172.9721	1.31747
7782	-56.19229	-228.7	172.5077	1.667419
7788	-45.90932	-218.8463	172.9369	1.345586
7794	-37.5838	-210.2351	172.6513	1.563428
7800	-40.15574	-213.1477	172.9919	1.3014
7806	-30.97058	-204.1434	173.1728	1.148408
7812	-36.57582	-209.7465	173.1707	1.150349
7818	-37.67829	-211.0533	173.375	0.955269
7824	-31.85137	-204.9196	173.0682	1.238498
7830	-35.35538	-208.4712	173.1159	1.198065
7836	-41.41124	-214.1807	172.7694	1.475385
7842	-47.29899	-220.1652	172.8662	1.40117
7848	-47.08865	-219.8126	172.724	1.509553
7854	-42.7568	-215.4808	172.724	1.509553
7860	-37.72115	-210.7657	173.0445	1.258251
7866	-31.5134	-204.5458	173.0324	1.268276
7872	-46.24721	-219.2796	173.0324	1.268276
7878	-41.87208	-214.5394	172.6674	1.551614
7884	-48.64382	-221.3227	172.6789	1.543103
7890	-47.38306	-220.7217	173.3387	0.9926008
7896	-35.08668	-207.9351	172.8485	1.414966
7902	-44.78394	-217.6581	172.8742	1.395017
7908	-40.75498	-213.7117	172.9568	1.329765
7914	-50.54116	-223.4942	172.9531	1.332718
7920	-40.84992	-214.0509	173.201	1.123253
7926	-48.99276	-221.9281	172.9354	1.346845
7932	-54.38168	-227.5287	173.147	1.171134
7938	-57.02903	-229.8547	172.8257	1.432496
7944	-55.92854	-228.2818	172.3533	1.776253
7950	-43.20958	-216.2027	172.9932	1.300398
7956	-49.02663	-222.0198	172.9932	1.300398
7962	-33.07429	-206.2646	173.1903	1.132829
7968	-34.31871	-207.5091	173.1903	1.132829
7974	-46.59366	-220.0481	173.4545	0.8671073
7980	-47.94346	-220.952	173.0086	1.287852
7986	-30.35318	-203.4704	173.1172	1.196893
7992	-30.7556	-203.8728	173.1172	1.196893
7998	-39.17158	-212.2494	173.0778	1.230428
8004	-42.24464	-215.3277	173.083	1.226022
8010	-34.98628	-207.7879	172.8016	1.450945
8016	-34.27768	-207.1144	172.8367	1.424045
8022	-32.80161	-205.778	172.9764	1.313977
8028	-37.32167	-210.3466	173.025	1.274399
8034	-42.89314	-215.864	172.9708	1.318446
8040	-37.04982	-210.1003	173.0505	1.253272
8046	-29.24003	-202.4275	173.1875	1.135383
8052	-32.76631	-206.1472	173.3809	0.949031
8058	-26.21279	-199.4784	173.2656	1.06371
8064	-30.13537	-203.1386	173.0032	1.29221
8070	-28.77972	-201.8934	173.1137	1.199913
8076	-24.03949	-196.9778	172.9383	1.344506
8082	-27.13629	-199.5744	172.4381	1.716829
8088	-27.24595	-200.3859	173.1399	1.177277
8094	-28.98576	-202.4616	173.4758	0.8413381
8100	-35.44001	-208.6386	173.1986	1.125404
8106	-35.12509	-208.1672	173.0421	1.260226
8112	-31.40524	-204.6812	173.276	1.053881
8118	-34.00301	-207.0504	173.0474	1.255847
8124	-25.41446	-198.3917	172.9773	1.313256
8130	-32.06517	-205.4646	173.3995	0.9291689
8136	-32.54304	-205.7742	173.2312	1.095797
8142	-39.62091	-212.5379	172.917	1.361419
8148	-42.7972	-215.9393	173.1421	1.175389
8154	-40.02885	-212.842	172.8131	1.442158
8160	-57.42541	-230.415	172.9896	1.303282
8166	-45.55108	-217.9153	172.3642	1.768616
8172	-47.55697	-220.3653	172.8083	1.445797
8178	-43.30987	-216.6853	173.3755	0.9547706
8184	-43.63525	-216.6088	172.9735	1.316296
8190	-46.07401	-218.8399	172.7659	1.478088
8196	-37.62798	-210.1931	172.5651	1.626188
8202	-38.44522	-211.5296	173.0844	1.224844
8208	-43.12777	-216.2686	173.1409	1.176467
8214	-46.06672	-219.2076	173.1409	1.176467
8220	-44.18856	-216.3091	172.1205	1.935581
8226	-46.64177	-219.5027	172.8609	1.405314
8232	-41.86546	-214.7264	172.8609	1.405314
8238	-39.1203	-211.9812	172.8609	1.405314
8244	-45.76439	-219.1762	173.4118	0.9157429
8250	-42.48465	-215.1122	172.6276	1.580833
8256	-34.02674	-206.6233	172.5966	1.603415
8262	-50.08744	-223.4446	173.3571	0.9738018
8268	-52.9144	-224.8529	171.9385	2.05704
8274	-45.63433	-218.8377	173.2034	1.121084
8280	-50.45276	-223.068	172.6152	1.589844
8286	-55.60813	-227.0419	171.4338	2.382898
8292	-45.1064	-218.1633	173.0568	1.24798
8298	-43.19678	-215.4569	172.2601	1.840622
8304	-43.99319	-216.9924	172.9992	1.295493
8310	-55.8452	-227.7776	171.9324	2.061072
8316	-53.49462	-225.9832	172.4885	1.68109
8322	-41.82064	-214.8034	172.9828	1.308798
8328	-46.36552	-219.3483	172.9828	1.308798
8334	-46.14934	-219.2828	173.1334	1.182907
8340	-50.08207	-222.9103	172.8282	1.430564
8346	-48.15608	-221.3303	173.1742	1.147162
8352	-53.05627	-225.4524	172.3962	1.746317
8358	-49.88575	-222.9664	173.0806	1.228047
8364	-50.54008	-224.0688	173.5287	0.7717027
8370	-46.06618	-219.0574	172.9912	1.301967
8376	-48.63607	-221.6273	172.9912	1.301967
8382	-46.19805	-219.1893	172.9912	1.301967
8388	-39.70381	-212.9109	173.2071	1.117721
8394	-33.44138	-206.7864	173.345	0.9861921
8400	-41.04227	-213.9563	172.914	1.363761
8406	-40.70751	-214.1543	173.4468	0.8761142
8412	-38.45129	-211.7861	173.3348	0.9964987
8418	-48.39237	-221.4504	173.058	1.247007
8424	-43.88181	-216.9059	173.0241	1.275092
8430	-49.46416	-222.5758	173.1116	1.201677
8436	-40.21632	-213.259	173.0427	1.259731
8442	-45.31918	-218.4035	173.0844	1.224893
8448	-41.11166	-214.2006	173.0889	1.22101
8454	-44.44844	-217.75	173.3016	1.02928
8460	-42.25508	-214.8635	172.6084	1.594843
8466	-51.94994	-224.5583	172.6084	1.594843
8472	-42.42333	-215.5634	173.1401	1.177137
8478	-52.63785	-224.728	172.0902	1.956014
8484	-39.50304	-212.5582	173.0551	1.249417
8490	-50.48278	-222.4911	172.0083	2.010731
8496	-53.3149	-226.1103	172.7954	1.455691
8502	-44.06627	-216.8922	172.8259	1.432358
8508	-45.37383	-217.7715	172.3977	1.745234
8514	-43.20693	-215.9195	172.7126	1.518079
8520	-43.68211	-216.5123	172.8302	1.42902
8526	-35.6303	-208.7987	173.1684	1.152365
8532	-36.88928	-210.3757	173.4865	0.8280911
8538	-39.59103	-213.0842	173.4931	0.8195972
8544	-36.0208	-209.2887	173.2679	1.061562
8550	-34.86418	-208.3495	173.4854	0.8294916
8556	-39.35427	-212.6608	173.3066	1.02443
8562	-33.54908	-206.8231	173.2741	1.05572
8568	-38.53475	-211.5978	173.063	1.242805
8574	-50.83274	-223.4157	172.583	1.613294
8580	-52.42765	-224.7956	172.368	1.766018
8586	-57.50721	-229.5659	172.0587	1.977142
8592	-60.89994	-233.2661	172.3662	1.76725
8598	-52.81058	-224.832	172.0214	2.002034
8604	-46.14978	-218.1712	172.0214	2.002034
8610	-45.57133	-218.1443	172.573	1.620516
8616	-44.04944	-216.1036	172.0541	1.980173
8622	-36.64195	-209.7379	173.096	1.215026
8628	-43.88505	-216.631	172.746	1.493075
8634	-46.79513	-219.355	172.5599	1.629977
8640	-43.13008	-216.3852	173.2552	1.073538
8646	-40.40634	-213.6402	173.2339	1.093306
8652	-39.12421	-212.0368	172.9126	1.364909
8658	-27.91615	-200.8287	172.9126	1.364909
8664	-29.51509	-202.5543	173.0392	1.262645
8670	-33.97124	-206.9324	172.9612	1.326236
8676	-37.85837	-211.1516	173.2933	1.037349
8682	-47.51777	-220.6829	173.1652	1.155204
8688	-37.89332	-211.2281	173.3348	0.9965041
8694	-35.72699	-208.3264	172.5994	1.601345
8700	-30.29379	-203.4271	173.1333	1.182989
8706	-37.04983	-209.6105	172.5607	1.629429
8712	-30.73926	-204.1697	173.4304	0.8948917
8718	-41.51859	-214.4678	172.9492	1.335836
8724	-42.14776	-215.0685	172.9208	1.358414
8730	-43.16449	-216.6488	173.4843	0.83077
8736	-50.37545	-222.4448	172.0694	1.969959
8742	-49.97375	-222.0431	172.0694	1.969959
8748	-46.57224	-219.3785	172.8063	1.447361
8754	-55.4416	-228.1906	172.749	1.490788
8760	-55.9035	-229.0343	173.1308	1.185157
8766	-56.1162	-228.4463	172.3301	1.792339
8772	-52.39904	-224.5378	172.1388	1.923246
8778	-49.14544	-221.2584	172.113	1.94068
8784	-48.0239	-221.2479	173.224	1.102405
8790	-41.29029	-213.8473	172.5571	1.632028
8796	-39.83916	-212.7843	172.9451	1.339055
8802	-45.23255	-218.1128	172.8803	1.390232
8808	-44.37366	-216.9646	172.591	1.607484
8814	-49.8103	-222.8022	172.9919	1.30145
8820	-48.09403	-220.6168	172.5228	1.656664
8826	-38.57528	-211.5393	172.964	1.323969
8832	-43.07717	-216.3983	173.3211	1.010123
8838	-37.24122	-209.984	172.7428	1.495469
8844	-33.34364	-206.7302	173.3865	0.9430736
8850	-28.7414	-202.0855	173.3441	0.9870866
8856	-39.4604	-212.0033	172.5429	1.642243
8862	-43.11906	-216.3467	173.2277	1.099005
8868	-39.54436	-212.3058	172.7614	1.481452
8874	-41.46372	-213.8967	172.433	1.720446
8880	-42.76152	-215.0034	172.2419	1.853118
8886	-41.91446	-214.7812	172.8668	1.400759
8892	-37.03014	-209.5983	172.5682	1.623997
8898	-47.71502	-219.7473	172.0323	1.994763
8904	-46.74095	-218.971	172.23	1.861241
8910	-38.8176	-211.9158	173.0982	1.213161
8916	-29.09758	-201.2166	172.1191	1.936562
8922	-32.77008	-205.5435	172.7735	1.472333
8928	-32.64238	-205.1078	172.4655	1.697477
8934	-38.20932	-210.9336	172.7243	1.509317
8940	-41.0706	-214.3768	173.3062	1.024739
8946	-46.31333	-218.0611	171.7478	2.181816
8952	-54.87188	-227.3241	172.4522	1.706879
8958	-51.48119	-224.3071	172.8259	1.432327
8964	-51.89095	-224.6876	172.7967	1.454706
8970	-42.28503	-215.139	172.854	1.410675
8976	-42.24267	-215.45	173.2073	1.117567
8982	-43.77712	-216.3132	172.5361	1.647129
8988	-41.11241	-213.5529	172.4404	1.715179
8994	-50.4962	-222.7964	172.3002	1.813073
9000	-50.79888	-223.4152	172.6163	1.589053
9006	-42.77487	-215.6541	172.8792	1.391053
9012	-47.37567	-220.5644	173.1888	1.134238
9018	-44.49037	-217.5914	173.101	1.210764
9024	-44.44761	-216.9435	172.4959	1.675833
9030	-44.49772	-217.734	173.2363	1.091047
9036	-43.03599	-215.8866	172.8506	1.413295
9042	-41.91719	-214.4843	172.5671	1.624774
9048	-48.67173	-221.4044	172.7327	1.503049
9054	-62.70499	-235.05	172.345	1.781994
9060	-53.23608	-226.3368	173.1007	1.211019
9066	-51.44612	-223.8387	172.3925	1.748859
9072	-47.70696	-221.1535	173.4466	0.8763852
9078	-52.96052	-225.1396	172.1791	1.895967
9084	-46.53999	-219.6836	173.1436	1.174065
9090	-40.29661	-212.7428	172.4461	1.711153
9096	-46.60157	-219.5678	172.9662	1.322171
9102	-52.20501	-224.6957	172.4907	1.679531
9108	-46.96654	-218.9484	171.9819	2.028315
9114	-39.96192	-213.0564	173.0945	1.216303
9120	-33.57656	-206.9756	173.399	0.9296726
9126	-43.48965	-216.1009	172.6112	1.592776
9132	-48.66752	-221.9123	173.2448	1.08321
9138	-59.18592	-232.2048	173.0189	1.279406
9144	-43.26232	-216.2812	173.0189	1.279406
9150	-44.12984	-217.1487	173.0189	1.279406
9156	-45.80485	-218.4689	172.664	1.554065
9162	-48.73469	-220.8588	172.1241	1.933145
9168	-43.69993	-216.8164	173.1164	1.197564
9174	-40.71969	-213.8361	173.1164	1.197564
9180	-42.11567	-215.1577	173.042	1.260334
9186	-52.19011	-225.2321	173.042	1.260334
9192	-55.69787	-228.1584	172.4605	1.700999
9198	-41.83025	-215.137	173.3068	1.024237
9204	-34.10877	-207.3349	173.2261	1.100434
9210	-37.42079	-210.662	173.2413	1.086492
9216	-40.11556	-212.9918	172.8762	1.393411
9222	-39.97331	-212.8417	172.8684	1.399492
9228	-34.86155	-208.3627	173.5011	0.8093017
9234	-33.37709	-206.8206	173.4435	0.8799595
9240	-47.49705	-220.1884	172.6914	1.533834
9246	-39.52187	-212.8146	173.2927	1.037903
9252	-30.80841	-203.7164	172.908	1.368529
9258	-33.98978	-206.6309	172.6411	1.570939
9264	-37.64695	-210.9106	173.2637	1.065539
9270	-49.45388	-222.733	173.2792	1.050878
9276	-48.60116	-220.9164	172.3152	1.802682
9282	-33.0552	-205.4953	172.4401	1.715411
9288	-33.2066	-205.8143	172.6077	1.595345
9294	-35.00774	-207.6154	172.6077	1.595345
9300	-44.41829	-217.4262	173.0079	1.28841
9306	-42.44771	-215.5607	173.113	1.200542
9312	-42.51848	-215.1334	172.6149	1.590053
9318	-40.67241	-213.4107	172.7383	1.498839
9324	-52.97671	-225.9569	172.9802	1.310889
9330	-56.81503	-229.7952	172.9802	1.310889
9336	-60.72663	-233.7068	172.9802	1.310889
9342	-41.44174	-214.6987	173.257	1.071815
9348	-40.56378	-213.6155	173.0517	1.252288
9354	-39.62973	-212.4174	172.7876	1.461578
9360	-37.31531	-210.3202	173.0049	1.290846
9366	-29.55544	-202.1933	172.6379	1.573305
9372	-32.15671	-205.3784	173.2217	1.10451
9378	-42.17607	-215.7865	173.6105	0.6270169
9384	-45.62834	-219.2423	173.614	0.6181606
9390	-33.44174	-206.736	173.2943	1.036384
9396	-27.47132	-200.505	173.0337	1.267191
9402	-37.1483	-210.5077	173.3594	0.9715029
9408	-30.80901	-204.0363	173.2273	1.099366
9414	-30.9758	-204.2403	173.2645	1.06474
9420	-31.96679	-205.393	173.4262	0.8997152
9426	-38.63229	-211.599	172.9667	1.321793
9432	-40.50129	-212.8933	172.392	1.749195
9438	-43.29271	-216.4909	173.1982	1.125793
9444	-39.10926	-212.0356	172.9264	1.353985
9450	-42.75103	-216.0946	173.3436	0.9875858
9456	-42.51706	-215.7901	173.273	1.056693
9462	-32.98189	-205.7483	172.7664	1.477704
9468	-33.54327	-206.7574	173.2141	1.111419
9474	-30.45957	-203.3923	172.9328	1.348902
9480	-33.50529	-205.8519	172.3466	1.780898
9486	-29.86794	-202.5703	172.7024	1.525652
9492	-53.18504	-225.8874	172.7024	1.525652
9498	-45.45754	-218.3566	172.8991	1.375507
9504	-48.16708	-221.1014	172.9344	1.347638
9510	-38.692	-211.6834	172.9914	1.301833
9516	-43.28774	-215.9364	172.6486	1.56539
9522	-44.56924	-217.6505	173.0813	1.227462
9528	-37.60643	-210.6161	173.0097	1.286929
9534	-37.0158	-209.3828	172.367	1.766716
9540	-48.57075	-221.3873	172.8165	1.439539
9546	-42.27315	-214.7228	172.4496	1.7087
9552	-50.72898	-223.656	172.927	1.353476
9558	-65.48098	-238.5934	173.1125	1.20097
9564	-45.42412	-218.5633	173.1392	1.177944
9570	-45.97781	-218.9562	172.9784	1.312328
9576	-49.3682	-222.1641	172.7959	1.455322
9582	-44.59996	-217.3958	172.7959	1.455322
9588	-49.34651	-222.1535	172.8069	1.446874
9594	-47.50004	-220.4617	172.9616	1.325856
9600	-39.6946	-212.9164	173.2218	1.10441
9606	-51.07945	-223.6894	172.61	1.593679
9612	-37.15436	-210.5362	173.3819	0.9480331
9618	-40.28747	-213.3009	173.0134	1.283857
9624	-40.30335	-213.885	173.5816	0.6874316
9630	-34.19202	-207.454	173.262	1.067167
9636	-32.13438	-205.4842	173.3498	0.9813152
9642	-32.99084	-205.8385	172.8477	1.415555
9648	-36.74859	-210.1807	173.4321	0.8929709
9654	-41.83794	-214.6862	172.8482	1.415153
9660	-43.64474	-216.8781	173.2334	1.093774
9666	-44.09746	-217.1262	173.0287	1.271311
9672	-49.19699	-222.4603	173.2633	1.065885
9678	-55.83751	-229.2868	173.4492	0.8732527
9684	-56.64003	-228.91	172.2699	1.833887
9690	-52.80034	-225.8389	173.0385	1.263187
9696	-50.58831	-223.6269	173.0385	1.263187
9702	-40.63815	-213.4025	172.7644	1.479204
9708	-43.32474	-216.6354	173.3106	1.020435
9714	-50.36641	-222.8638	172.4974	1.674759
9720	-51.24536	-224.4393	173.194	1.129579
9726	-38.41918	-211.4331	173.0139	1.283489
9732	-37.90828	-211.2609	173.3526	0.9784189
9738	-34.09505	-207.3026	173.2075	1.117357
9744	-37.50602	-210.7644	173.2584	1.0705
9750	-42.85418	-215.5246	172.6704	1.549379
9756	-45.7712	-218.0947	172.3235	1.796933
9762	-47.46055	-220.9704	173.5099	0.7976898
9768	-52.6025	-226.0641	173.4616	0.8586543
9774	-47.7529	-220.9002	173.1473	1.170897
9780	-38.82134	-211.9757	173.1544	1.164673
9786	-41.16047	-214.7088	173.5484	0.7427982
9792	-38.12363	-210.9693	172.8457	1.417135
9798	-40.29111	-212.1801	171.889	2.089641
