Iteration	Posterior	Likelihood	Prior	tree_length
0	-20.44775	-193.745	173.2972	1.033512
6	-21.06574	-194.144	173.0783	1.230017
12	-12.78942	-186.0165	173.2271	1.099563
18	-23.81727	-196.8893	173.072	1.235298
24	-25.52164	-198.4197	172.8981	1.376311
30	-37.4158	-210.5951	173.1793	1.142714
36	-31.55135	-204.1191	172.5678	1.624297
42	-30.63526	-203.484	172.8488	1.414708
48	-19.66359	-192.7269	173.0633	1.242559
54	-18.20305	-191.2664	173.0633	1.242559
60	-19.11084	-192.1675	173.0567	1.248135
66	-22.97465	-195.7434	172.7687	1.475918
72	-16.22141	-189.8193	173.5979	0.6556001
78	-19.16138	-192.3574	173.196	1.127756
84	-20.37214	-193.1402	172.768	1.476453
90	-26.51979	-199.6706	173.1508	1.167768
96	-35.4926	-208.9158	173.4232	0.9030185
102	-42.46194	-215.1568	172.6949	1.531257
108	-28.74037	-201.9357	173.1953	1.128402
114	-27.19136	-200.8294	173.638	0.4927624
120	-23.21485	-196.0718	172.8569	1.408423
126	-21.49573	-194.9887	173.493	0.8197637
132	-18.60465	-191.6024	172.9977	1.296672
138	-19.68236	-193.2104	173.5281	0.7726067
144	-29.12846	-201.996	172.8675	1.400169
150	-29.92912	-202.8853	172.9562	1.330239
156	-24.22561	-197.1138	172.8881	1.384096
162	-29.39204	-202.495	173.103	1.209077
168	-30.927	-204.1659	173.239	1.088622
174	-36.83025	-210.2713	173.441	0.8828095
180	-39.3816	-212.1137	172.7321	1.503482
186	-35.24534	-208.7263	173.481	0.8350071
192	-38.02015	-211.0757	173.0555	1.249078
198	-37.07301	-210.1285	173.0555	1.249078
204	-29.46954	-202.7472	173.2776	1.052338
210	-30.22153	-202.7512	172.5296	1.651729
216	-21.44216	-194.3314	172.8892	1.383233
222	-34.79522	-207.2967	172.5015	1.671889
228	-22.22449	-195.1457	172.9212	1.358079
234	-27.30321	-200.7804	173.4772	0.8396632
240	-37.96813	-210.6002	172.6321	1.577514
246	-21.42755	-194.4748	173.0472	1.255998
252	-24.23609	-196.6513	172.4152	1.732925
258	-12.13298	-185.7546	173.6216	0.596477
264	-15.22789	-188.2329	173.005	1.290753
270	-21.14962	-194.3477	173.1981	1.125854
276	-16.30337	-189.9115	173.6081	0.6327428
282	-14.28196	-187.5002	173.2183	1.107591
288	-22.9593	-196.3448	173.3855	0.9441686
294	-28.19943	-201.5849	173.3855	0.9441686
300	-25.03083	-198.3021	173.2713	1.05834
306	-28.27244	-201.2694	172.997	1.297279
312	-24.87503	-198.3503	173.4753	0.8420406
318	-22.43365	-194.9647	172.531	1.650736
324	-30.91765	-204.074	173.1564	1.162926
330	-33.6549	-206.5681	172.9132	1.364411
336	-27.10211	-199.7823	172.6802	1.542156
342	-39.94524	-212.4068	172.4615	1.700262
348	-33.19944	-205.81	172.6105	1.59328
354	-30.83945	-203.7242	172.8847	1.386757
360	-25.69985	-199.097	173.3971	0.9317141
366	-34.28702	-207.3998	173.1128	1.200702
372	-25.6748	-199.1886	173.5138	0.7923604
378	-36.86097	-210.1512	173.2903	1.040236
384	-31.61537	-204.7628	173.1475	1.170721
390	-35.67911	-208.8266	173.1475	1.170721
396	-30.79195	-204.0878	173.2958	1.034885
402	-22.39429	-195.8907	173.4964	0.8154337
408	-23.8762	-197.4296	173.5534	0.7349467
414	-17.71735	-190.7718	173.0544	1.250001
420	-22.43683	-195.9034	173.4665	0.8527095
426	-17.19092	-190.4337	173.2428	1.085032
432	-26.82384	-200.1405	173.3166	1.014551
438	-31.98447	-205.2821	173.2977	1.033091
444	-19.6437	-192.7477	173.104	1.208236
450	-23.88103	-196.9722	173.0912	1.219125
456	-33.28816	-206.1039	172.8158	1.440121
462	-42.63919	-214.8015	172.1623	1.907322
468	-26.64163	-199.4593	172.8177	1.43863
474	-30.64404	-203.5723	172.9283	1.352451
480	-17.74914	-191.1242	173.3751	0.9551521
486	-15.66784	-189.0429	173.3751	0.9551521
492	-27.71625	-200.4703	172.7541	1.486966
498	-20.05565	-193.6804	173.6248	0.5861618
504	-20.90981	-194.3014	173.3916	0.9376185
510	-21.84228	-195.3563	173.514	0.7920671
516	-13.25254	-186.2147	172.9622	1.325414
522	-19.96967	-193.2525	173.2828	1.047362
528	-15.21245	-188.8182	173.6057	0.6383435
534	-18.46995	-191.7489	173.279	1.05105
540	-29.01272	-201.7938	172.7811	1.466523
546	-28.68013	-202.2602	173.5801	0.6902304
552	-25.31084	-198.6319	173.321	1.010204
558	-18.00762	-191.5893	173.5817	0.6873527
564	-19.64149	-192.6813	173.0398	1.262179
570	-21.08704	-194.3967	173.3097	1.021383
576	-26.87135	-200.4047	173.5334	0.7650417
582	-30.22925	-203.0299	172.8006	1.451677
588	-35.60301	-208.3519	172.7489	1.490897
594	-19.20648	-192.5349	173.3284	1.002872
600	-13.16771	-186.7612	173.5935	0.6646502
606	-20.38668	-193.4673	173.0806	1.228079
612	-19.97413	-193.19	173.2159	1.109764
618	-17.55238	-190.384	172.8316	1.427964
624	-6.903738	-180.4323	173.5286	0.7719021
630	-11.45726	-185.0141	173.5569	0.7295365
636	-12.62169	-185.9571	173.3354	0.9958263
642	-20.84071	-194.4788	173.6381	0.5010177
648	-13.77647	-187.2453	173.4688	0.8499575
654	-23.42037	-197.0028	173.5824	0.6859435
660	-29.44918	-202.4905	173.0413	1.260917
666	-33.98975	-207.2402	173.2504	1.077962
672	-37.57237	-211.0513	173.4789	0.8375666
678	-29.90157	-202.8148	172.9133	1.364357
684	-35.31795	-207.6821	172.3642	1.768648
690	-40.82	-214.1784	173.3584	0.9725207
696	-30.66961	-203.7381	173.0685	1.238215
702	-38.95051	-211.7639	172.8134	1.441934
708	-35.26703	-208.3846	173.1176	1.196576
714	-34.96228	-207.9697	173.0074	1.288776
720	-18.93293	-192.1897	173.2568	1.072031
726	-12.70957	-185.9212	173.2117	1.113606
732	-20.85433	-194.3012	173.4468	0.8760732
738	-19.24583	-192.2376	172.9917	1.301565
744	-30.2139	-203.5203	173.3064	1.024623
750	-38.73066	-211.3501	172.6195	1.586753
756	-30.91451	-204.0905	173.176	1.145646
762	-18.33722	-191.6636	173.3264	1.004848
768	-31.34765	-204.7161	173.3685	0.9620508
774	-29.80949	-202.9903	173.1808	1.141335
780	-20.24684	-193.3005	173.0536	1.250652
786	-20.34092	-193.6755	173.3345	0.9967445
792	-24.42776	-197.3668	172.939	1.343947
798	-27.89545	-200.7606	172.8651	1.402058
804	-25.81596	-198.6811	172.8651	1.402058
810	-25.05828	-198.5633	173.505	0.8041441
816	-34.3828	-206.875	172.4922	1.678495
822	-28.75243	-202.165	173.4126	0.9148287
828	-27.03654	-200.0879	173.0513	1.252565
834	-27.11259	-200.1639	173.0513	1.252565
840	-22.00533	-195.385	173.3797	0.9503107
846	-19.9218	-193.4863	173.5645	0.7171704
852	-14.47011	-187.6391	173.169	1.151801
858	-24.93937	-197.7516	172.8122	1.442855
864	-25.40686	-198.7706	173.3637	0.9670238
870	-23.06902	-195.9391	172.8701	1.398206
876	-36.46918	-209.0193	172.5501	1.637002
882	-26.87964	-200.2821	173.4025	0.92589
888	-22.01769	-195.4961	173.4784	0.8381207
894	-17.47097	-190.6792	173.2083	1.116707
900	-21.44839	-194.7409	173.2925	1.038085
906	-23.03078	-196.5304	173.4996	0.8112716
912	-26.58244	-199.5466	172.9641	1.323865
918	-27.74673	-201.3009	173.5542	0.733808
924	-20.00013	-193.1715	173.1714	1.14972
930	-19.4096	-192.6002	173.1906	1.132598
936	-14.12241	-187.406	173.2836	1.046609
942	-36.44006	-208.7693	172.3292	1.792965
948	-22.9316	-196.2634	173.3318	0.9995294
954	-15.0282	-188.36	173.3318	0.9995294
960	-31.70326	-204.7909	173.0877	1.222071
966	-27.32764	-200.7405	173.4129	0.9145015
972	-19.36784	-191.9053	172.5374	1.646138
978	-20.68651	-193.9638	173.2773	1.052611
984	-15.78207	-189.2125	173.4305	0.8948633
990	-23.68337	-196.8185	173.1352	1.181406
996	-29.32622	-202.5826	173.2564	1.072401
1002	-19.10455	-192.5775	173.4729	0.8449259
1008	-24.51754	-197.4747	172.9572	1.329428
1014	-23.40076	-197.0229	173.6221	0.594923
1020	-27.73488	-201.1106	173.3757	0.9545035
1026	-18.26766	-191.6773	173.4096	0.918111
1032	-29.80236	-202.9234	173.121	1.193629
1038	-26.27351	-199.6428	173.3693	0.9612174
1044	-13.30853	-186.255	172.9465	1.337977
1050	-13.62067	-186.8049	173.1843	1.138249
1056	-18.06046	-191.2153	173.1548	1.164265
1062	-19.49486	-192.3445	172.8496	1.414051
1068	-13.47905	-187.0186	173.5396	0.7559597
1074	-13.23801	-186.624	173.386	0.9435913
1080	-17.38508	-190.5866	173.2016	1.122744
1086	-17.41292	-190.5472	173.1343	1.182199
1092	-26.80875	-199.3518	172.543	1.642113
1098	-27.22954	-200.3606	173.1311	1.184937
1104	-32.99962	-205.5077	172.5081	1.667161
1110	-22.31161	-195.8507	173.5391	0.7567509
1116	-21.0675	-193.9377	172.8702	1.398118
1122	-20.91402	-194.2046	173.2906	1.039945
1128	-15.46275	-188.7533	173.2906	1.039945
1134	-24.72267	-196.9032	172.1805	1.895011
1140	-23.46791	-196.9044	173.4365	0.8880302
1146	-27.48544	-200.9405	173.455	0.8664419
1152	-20.50921	-193.8569	173.3477	0.9834282
1158	-29.20896	-202.5567	173.3477	0.9834282
1164	-22.63364	-195.9951	173.3614	0.9693773
1170	-24.1236	-197.4775	173.3539	0.9771447
1176	-23.49096	-196.8234	173.3324	0.9988522
1182	-28.72799	-201.3681	172.6401	1.57167
1188	-27.16337	-200.5084	173.345	0.9861541
1194	-41.99529	-214.8817	172.8864	1.385443
1200	-27.35003	-199.7827	172.4327	1.720658
1206	-36.4005	-209.5289	173.1284	1.187254
1212	-28.67519	-201.9434	173.2682	1.061303
1218	-25.46584	-198.3836	172.9177	1.360821
1224	-28.73682	-201.9323	173.1955	1.128226
1230	-26.23971	-199.7289	173.4892	0.8246456
1236	-20.57839	-193.7523	173.174	1.147423
1242	-21.24201	-194.5967	173.3547	0.9762792
1248	-21.57615	-195.1433	173.5672	0.7127174
1254	-23.94601	-197.228	173.2819	1.048217
1260	-37.06543	-209.8111	172.7457	1.493285
1266	-27.92424	-200.9009	172.9767	1.31376
1272	-36.17713	-209.1538	172.9767	1.31376
1278	-16.91946	-190.1527	173.2332	1.093925
1284	-23.48935	-196.583	173.0936	1.217045
1290	-22.62273	-195.6763	173.0536	1.250682
1296	-31.01008	-204.3414	173.3313	1.000013
1302	-34.30917	-207.6783	173.3691	0.9614115
1308	-35.93797	-208.9105	172.9725	1.317078
1314	-33.65853	-206.9322	173.2736	1.056123
1320	-25.48191	-198.2543	172.7724	1.473164
1326	-19.80157	-192.8807	173.0791	1.229296
1332	-24.51688	-197.3432	172.8263	1.432053
1338	-30.18964	-203.4065	173.2169	1.108887
1344	-31.81757	-204.2293	172.4117	1.735425
1350	-45.61108	-218.6003	172.9892	1.303595
1356	-33.48903	-206.35	172.861	1.405245
1362	-34.46359	-207.7266	173.263	1.066153
1368	-29.79911	-202.912	173.1129	1.200602
1374	-33.63043	-206.7256	173.0952	1.215702
1380	-21.36369	-194.5038	173.1402	1.177084
1386	-6.844008	-180.2887	173.4447	0.8786057
1392	-2.473354	-175.816	173.3426	0.9885785
1398	-13.78029	-187.1229	173.3426	0.9885785
1404	-20.73822	-194.0372	173.299	1.031787
1410	-10.1862	-183.1659	172.9797	1.311295
1416	-16.07888	-189.5733	173.4944	0.8179613
1422	-17.80002	-190.7876	172.9875	1.304952
1428	-18.34791	-191.829	173.4811	0.834783
1434	-15.31418	-188.413	173.0989	1.212596
1440	-15.80666	-188.9456	173.139	1.17813
1446	-24.89939	-198.1815	173.2822	1.048006
1452	-19.1061	-192.237	173.1309	1.185135
1458	-18.64964	-192.0905	173.4408	0.8830443
1464	-14.88164	-188.0261	173.1445	1.17333
1470	-21.46341	-193.9206	172.4572	1.703327
1476	-29.08962	-201.9315	172.8418	1.420073
1482	-12.77675	-185.8063	173.0296	1.270592
1488	-32.02785	-204.9025	172.8747	1.394628
1494	-23.17343	-196.5103	173.3369	0.994406
1500	-19.89709	-193.1493	173.2522	1.076268
1506	-21.5819	-194.7311	173.1492	1.169213
1512	-21.90811	-195.2563	173.3481	0.982996
1518	-32.40955	-205.7577	173.3481	0.982996
1524	-39.17237	-211.9284	172.756	1.485499
1530	-24.61501	-197.8166	173.2016	1.122743
1536	-21.40992	-194.4477	173.0378	1.263845
1542	-15.78252	-189.3743	173.5917	0.6681498
1548	-12.09998	-185.1989	173.099	1.212513
1554	-25.58738	-198.2063	172.619	1.587122
1560	-29.41718	-202.3226	172.9054	1.370507
1566	-16.42177	-189.578	173.1562	1.163032
1572	-28.14798	-201.5991	173.4511	0.8710936
1578	-40.51989	-213.9472	173.4273	0.8983974
1584	-28.37886	-201.149	172.7701	1.474874
1590	-26.69432	-199.3106	172.6163	1.589089
1596	-37.31082	-209.997	172.6862	1.537683
1602	-31.3812	-203.8495	172.4683	1.695457
1608	-21.06314	-193.3665	172.3034	1.81084
1614	-16.00464	-189.1861	173.1815	1.14073
1620	-29.41164	-201.9993	172.5876	1.609924
1626	-21.63478	-195.0567	173.422	0.9044392
1632	-24.06735	-196.6325	172.5652	1.626147
1638	-17.38469	-190.7056	173.3209	1.010311
1644	-11.19142	-184.607	173.4156	0.9115536
1650	-20.83885	-193.2914	172.4526	1.706607
1656	-16.35852	-189.4421	173.0836	1.225515
1662	-18.93378	-191.7381	172.8043	1.448889
1668	-20.54935	-193.9726	173.4232	0.9030522
1674	-21.30576	-194.5036	173.1979	1.12608
1680	-9.677752	-182.7284	173.0506	1.253156
1686	-13.44736	-186.7528	173.3055	1.025502
1692	-20.30401	-193.3431	173.0391	1.2627
1698	-21.88639	-194.9255	173.0391	1.2627
1704	-30.32883	-203.368	173.0391	1.2627
1710	-27.82301	-200.8621	173.0391	1.2627
1716	-34.37561	-207.5841	173.2085	1.11648
1722	-31.00898	-204.1126	173.1036	1.208568
1728	-32.85539	-205.8424	172.987	1.305385
1734	-34.91972	-207.8859	172.9661	1.32223
1740	-34.00156	-207.2168	173.2152	1.110397
1746	-29.46964	-202.5278	173.0582	1.246855
1752	-33.86263	-205.4401	171.5774	2.291535
1758	-23.80703	-196.8098	173.0027	1.292611
1764	-30.89118	-204.243	173.3518	0.9792685
1770	-15.90733	-189.0201	173.1128	1.200678
1776	-13.39976	-186.7038	173.3041	1.026844
1782	-14.10299	-187.4071	173.3041	1.026844
1788	-16.50967	-189.5731	173.0634	1.242521
1794	-18.52525	-191.8376	173.3124	1.018753
1800	-24.38432	-197.2629	172.8786	1.391553
1806	-23.49856	-196.6825	173.184	1.13852
1812	-11.9459	-184.7081	172.7622	1.480858
1818	-17.77269	-191.024	173.2513	1.077129
1824	-17.10315	-190.1317	173.0286	1.271441
1830	-23.47925	-196.6426	173.1633	1.156803
1836	-21.94185	-195.1724	173.2305	1.096371
1842	-29.93488	-203.1762	173.2413	1.086416
1848	-17.7155	-191.0183	173.3028	1.028141
1854	-22.01645	-195.4105	173.3941	0.9349837
1860	-19.87748	-193.0791	173.2016	1.122725
1866	-22.39412	-195.3266	172.9325	1.349132
1872	-15.65156	-189.0147	173.3631	0.9676289
1878	-20.13075	-193.159	173.0282	1.271722
1884	-15.58708	-189.0245	173.4374	0.8869544
1890	-21.49455	-194.8978	173.4032	0.9251028
1896	-16.74699	-190.0536	173.3066	1.024391
1902	-9.413745	-182.2571	172.8433	1.418916
1908	-11.94365	-185.0276	173.0839	1.225241
1914	-11.6765	-184.7868	173.1103	1.202807
1920	-26.83117	-199.5978	172.7666	1.477512
1926	-23.44983	-196.2164	172.7666	1.477512
1932	-22.32813	-195.4916	173.1634	1.156728
1938	-33.88701	-207.0101	173.1231	1.19185
1944	-22.31655	-195.4873	173.1708	1.150254
1950	-21.00325	-193.3464	172.3431	1.783306
1956	-13.06539	-185.8757	172.8103	1.444274
1962	-7.32	-180.7145	173.3945	0.9345312
1968	-8.872926	-182.2674	173.3945	0.9345312
1974	-17.51271	-190.2502	172.7375	1.499434
1980	-31.57491	-204.5796	173.0047	1.290982
1986	-18.18602	-191.4205	173.2345	1.092737
1992	-24.16032	-197.1381	172.9778	1.31282
1998	-14.85115	-187.8875	173.0364	1.264994
2004	-14.17725	-187.7554	173.5781	0.6937919
2010	-19.13298	-192.5784	173.4454	0.877705
2016	-15.85303	-189.3884	173.5354	0.7621045
2022	-23.08135	-196.6871	173.6058	0.6382551
2028	-21.94725	-194.8286	172.8814	1.389373
2034	-16.77444	-189.335	172.5606	1.629504
2040	-24.11323	-197.0682	172.9549	1.331225
2046	-21.50627	-195.101	173.5948	0.6620573
2052	-18.86233	-192.3301	173.4678	0.851155
2058	-25.38338	-198.3612	172.9778	1.312812
2064	-26.99172	-200.4241	173.4324	0.8926572
2070	-24.07716	-197.4906	173.4134	0.9139599
2076	-20.65116	-193.7434	173.0923	1.218187
2082	-30.45564	-203.3581	172.9025	1.372845
2088	-30.14896	-203.5605	173.4115	0.9160161
2094	-31.55388	-204.9406	173.3867	0.9428652
2100	-38.99158	-211.7643	172.7727	1.472893
2106	-33.59238	-206.6074	173.0151	1.282535
2112	-41.67206	-214.9224	173.2503	1.078056
2118	-30.3841	-203.7037	173.3196	1.011647
2124	-28.21583	-201.2448	173.029	1.271063
2130	-15.58256	-188.988	173.4054	0.9226866
2136	-33.60995	-206.3643	172.7544	1.486761
2142	-21.10489	-194.1572	173.0523	1.251748
2148	-14.97771	-188.2169	173.2392	1.088356
2154	-19.92138	-193.0545	173.1331	1.183164
2160	-15.19328	-187.7152	172.5219	1.657279
2166	-29.66038	-203.038	173.3776	0.9525181
2172	-40.07832	-213.6248	173.5465	0.7456658
2178	-34.21348	-207.4918	173.2783	1.051675
2184	-31.31225	-204.7844	173.4722	0.8458654
2190	-20.41486	-193.254	172.8392	1.422133
2196	-24.28998	-196.9648	172.6748	1.546129
2202	-14.26522	-187.6914	173.4262	0.8996727
2208	-11.7752	-185.2014	173.4262	0.8996727
2214	-10.65122	-184.1988	173.5476	0.7439673
2220	-9.921583	-183.3995	173.4779	0.838765
2226	-13.76049	-187.1115	173.351	0.9800995
2232	-23.13775	-196.2603	173.1226	1.192287
2238	-31.04321	-204.5296	173.4864	0.8282259
2244	-48.5408	-221.5346	172.9938	1.29988
2250	-24.53862	-197.3834	172.8448	1.417803
2256	-20.4557	-194.0358	173.5801	0.6902489
2262	-23.49056	-197.0984	173.6078	0.6334501
2268	-21.56627	-194.9117	173.3454	0.9857625
2274	-15.41705	-188.314	172.897	1.377157
2280	-13.71664	-186.8622	173.1456	1.172358
2286	-18.60444	-191.935	173.3306	1.000687
2292	-26.15216	-198.9192	172.7671	1.477176
2298	-24.75142	-198.0301	173.2787	1.051282
2304	-31.84801	-204.4691	172.6211	1.585583
2310	-37.40447	-210.4716	173.0671	1.239417
2316	-22.08741	-195.1087	173.0213	1.277406
2322	-27.94112	-200.7307	172.7896	1.460076
2328	-26.28663	-199.3252	173.0386	1.263134
2334	-17.79459	-191.2372	173.4426	0.881002
2340	-12.72016	-185.9109	173.1907	1.132502
2346	-16.73737	-189.4398	172.7024	1.525627
2352	-31.66641	-204.2918	172.6253	1.582457
2358	-44.75071	-218.2575	173.5068	0.8017992
2364	-36.01964	-208.8645	172.8449	1.417735
2370	-24.70852	-197.5795	172.871	1.397481
2376	-25.94804	-199.0531	173.105	1.207344
2382	-23.90998	-197.1539	173.2439	1.083995
2388	-37.99744	-211.2468	173.2493	1.079001
2394	-35.82075	-208.572	172.7512	1.489115
2400	-26.42448	-199.4055	172.981	1.310274
2406	-23.75362	-197.2705	173.5169	0.7881823
2412	-31.56995	-204.8246	173.2546	1.07403
2418	-35.57923	-208.8781	173.2988	1.031948
2424	-36.94806	-210.4873	173.5393	0.7564497
2430	-35.50867	-208.7144	173.2058	1.118953
2436	-31.80999	-205.0224	173.2125	1.112901
2442	-29.9529	-203.1656	173.2127	1.112654
2448	-34.68687	-208.0196	173.3328	0.9985235
2454	-32.22312	-204.5313	172.3081	1.807564
2460	-27.9308	-201.3122	173.3814	0.94848
2466	-33.58926	-206.9069	173.3176	1.013564
2472	-31.79845	-204.7637	172.9653	1.322936
2478	-27.15529	-200.4076	173.2523	1.07623
2484	-24.13545	-197.5084	173.373	0.9573953
2490	-28.76797	-201.5882	172.8202	1.436709
2496	-36.76485	-209.6831	172.9183	1.360407
2502	-30.66448	-203.9559	173.2914	1.039152
2508	-32.98073	-206.4828	173.5021	0.8079901
2514	-24.92252	-198.3989	173.4764	0.8406877
2520	-26.11599	-199.542	173.426	0.8999452
2526	-25.01692	-198.4429	173.426	0.8999452
2532	-21.30408	-194.2502	172.9462	1.338241
2538	-33.2913	-206.4594	173.1681	1.152599
2544	-38.561	-212.0276	173.4666	0.8526338
2550	-28.67941	-202.0616	173.3822	0.9476287
2556	-21.30402	-194.6631	173.3591	0.9717778
2562	-18.68236	-191.8068	173.1244	1.190712
2568	-22.0653	-195.3677	173.3024	1.028533
2574	-21.89072	-195.0066	173.1159	1.198074
2580	-26.26614	-199.8738	173.6077	0.6337108
2586	-17.32363	-190.5144	173.1908	1.132441
2592	-21.10923	-193.8308	172.7215	1.511377
2598	-32.22637	-204.8805	172.6542	1.56133
2604	-31.31399	-204.523	173.209	1.116021
2610	-20.69612	-194.2792	173.5831	0.684791
2616	-17.48684	-190.7917	173.3049	1.026074
2622	-26.32841	-199.5886	173.2602	1.068864
2628	-20.3679	-193.6238	173.2559	1.072826
2634	-23.64588	-196.9037	173.2578	1.07107
2640	-25.76108	-198.9013	173.1403	1.176995
2646	-34.6743	-207.7541	173.0798	1.228719
2652	-34.13762	-206.8774	172.7398	1.497725
2658	-23.10799	-196.4315	173.3235	1.007716
2664	-28.21282	-201.5364	173.3235	1.007716
2670	-41.8151	-214.9825	173.1674	1.153246
2676	-32.18985	-205.6123	173.4225	0.9038551
2682	-31.17857	-204.2639	173.0853	1.224103
2688	-28.5695	-201.6155	173.046	1.257036
2694	-30.40802	-203.6869	173.2789	1.05111
2700	-25.7521	-198.7958	173.0437	1.258907
2706	-30.33449	-203.8208	173.4864	0.8282276
2712	-22.62677	-195.8919	173.2651	1.064221
2718	-23.17155	-196.6741	173.5025	0.8074011
2724	-40.58626	-213.5516	172.9653	1.322888
2730	-28.53756	-201.2108	172.6732	1.547265
2736	-19.20873	-191.5221	172.3133	1.803974
2742	-19.88026	-193.1848	173.3045	1.026449
2748	-18.79416	-192.0634	173.2692	1.060315
2754	-19.25683	-192.1509	172.894	1.379481
2760	-12.37311	-185.7234	173.3503	0.9808284
2766	-14.71612	-187.6773	172.9612	1.326224
2772	-9.003095	-182.4322	173.4291	0.8964199
2778	-11.90975	-185.4152	173.5054	0.8036169
2784	-24.60339	-198.0105	173.4071	0.9208271
2790	-21.05577	-194.0771	173.0213	1.277402
2796	-20.16399	-193.4476	173.2836	1.046647
2802	-29.46458	-202.3419	172.8774	1.392515
2808	-31.35908	-204.6129	173.2539	1.074752
2814	-14.28246	-187.404	173.1216	1.193171
2820	-20.42535	-193.3334	172.908	1.368477
2826	-22.97185	-196.556	173.5841	0.6828229
2832	-33.8735	-206.5612	172.6877	1.536578
2838	-33.52403	-206.243	172.719	1.513315
2844	-28.35478	-201.5741	173.2193	1.10667
2850	-25.49786	-198.7723	173.2745	1.055352
2856	-18.91685	-191.934	173.0172	1.280812
2862	-18.78003	-192.2486	173.4685	0.8502975
2868	-14.93927	-188.254	173.3148	1.016395
2874	-20.57767	-193.1957	172.6181	1.587768
2880	-24.77824	-197.6944	172.9161	1.36207
2886	-22.22421	-195.7365	173.5123	0.7944667
2892	-22.84173	-196.3084	173.4667	0.8524861
2898	-26.03084	-199.4973	173.4665	0.8527466
2904	-17.48476	-191.0905	173.6058	0.6382594
2910	-10.99647	-184.0435	173.0471	1.256133
2916	-19.30847	-192.6544	173.346	0.9851896
2922	-28.82322	-201.4888	172.6656	1.552893
2928	-16.80274	-190.104	173.3012	1.029607
2934	-23.89293	-197.0549	173.162	1.157988
2940	-23.3498	-195.6038	172.254	1.844826
2946	-27.61428	-199.8683	172.254	1.844826
2952	-22.42986	-195.0805	172.6506	1.563933
2958	-28.55281	-201.6702	173.1174	1.196722
2964	-13.24107	-186.3578	173.1167	1.197329
2970	-16.16993	-189.4002	173.2302	1.09665
2976	-12.02625	-185.3762	173.3499	0.9811579
2982	-18.02278	-190.8717	172.8489	1.414638
2988	-20.49588	-193.913	173.4171	0.9098315
2994	-25.26891	-198.5436	173.2747	1.055101
3000	-16.37693	-189.5873	173.2104	1.114804
3006	-20.57408	-194.1981	173.6241	0.588666
3012	-15.34411	-188.5084	173.1643	1.155989
3018	-22.92485	-195.6971	172.7723	1.47324
3024	-17.81341	-190.8336	173.0202	1.278323
3030	-14.98121	-188.4779	173.4967	0.8150665
3036	-12.36566	-185.9736	173.6079	0.6332205
3042	-10.27444	-183.8405	173.566	0.7146596
3048	-10.51561	-183.6209	173.1053	1.20714
3054	-9.056425	-182.419	173.3625	0.9682354
3060	-18.45636	-191.0335	172.5771	1.617526
3066	-11.34623	-184.3331	172.9868	1.305533
3072	-19.6334	-193.0593	173.4259	0.8999862
3078	-25.72829	-199.234	173.5057	0.8032517
3084	-45.64741	-217.7627	172.1153	1.939115
3090	-32.38131	-205.4353	173.054	1.25034
3096	-37.29107	-210.2041	172.9131	1.3645
3102	-20.96173	-193.7614	172.7997	1.452401
3108	-20.99717	-194.2792	173.282	1.048176
3114	-34.9539	-208.2221	173.2682	1.061234
3120	-30.27675	-202.6131	172.3363	1.788033
3126	-33.95486	-206.2912	172.3363	1.788033
3132	-25.18474	-198.5677	173.383	0.9468233
3138	-27.73676	-200.3043	172.5675	1.624491
3144	-26.6991	-199.6245	172.9254	1.354734
3150	-15.38192	-188.8241	173.4421	0.8815178
3156	-15.39996	-188.5929	173.193	1.130468
3162	-14.77115	-188.0158	173.2447	1.083299
3168	-20.0437	-193.5301	173.4864	0.8282313
3174	-21.04518	-194.4673	173.4221	0.9043015
3180	-14.64898	-188.0831	173.4341	0.8906847
3186	-19.88191	-193.4291	173.5472	0.7446319
3192	-17.65728	-190.9444	173.2871	1.043274
3198	-21.22834	-194.5154	173.2871	1.043274
3204	-22.51634	-195.963	173.4467	0.8762209
3210	-28.34295	-201.3554	173.0125	1.284659
3216	-27.80393	-200.5201	172.7162	1.515378
3222	-23.94227	-196.7127	172.7704	1.474635
3228	-21.31621	-194.3446	173.0284	1.271541
3234	-16.94071	-190.1188	173.1781	1.143788
3240	-9.89506	-183.2406	173.3456	0.985606
3246	-13.83708	-187.0265	173.1894	1.133688
3252	-19.21384	-192.8236	173.6098	0.6287631
3258	-18.02161	-191.5196	173.498	0.8133944
3264	-35.71593	-208.62	172.904	1.371608
3270	-26.89735	-200.3158	173.4184	0.9083804
3276	-28.06274	-200.74	172.6773	1.5443
3282	-15.68333	-189.0358	173.3525	0.9785814
3288	-23.07841	-196.5359	173.4574	0.8635877
3294	-21.68719	-195.0497	173.3625	0.9682253
3300	-34.8218	-207.65	172.8282	1.430613
3306	-34.70483	-207.8946	173.1897	1.133375
3312	-36.04096	-209.2307	173.1897	1.133375
3318	-47.04905	-218.9726	171.9235	2.066913
3324	-20.59465	-193.32	172.7254	1.508531
3330	-13.07303	-186.3264	173.2534	1.075173
3336	-15.83013	-189.2857	173.4556	0.8657907
3342	-25.40137	-198.3499	172.9485	1.33636
3348	-15.61362	-189.1983	173.5847	0.6817278
3354	-20.6989	-194.1166	173.4177	0.9092095
3360	-24.53336	-197.6555	173.1221	1.192667
3366	-31.33805	-204.6491	173.3111	1.02
3372	-27.77943	-201.3599	173.5805	0.6894528
3378	-20.40038	-193.7446	173.3442	0.9870067
3384	-18.78475	-191.9275	173.1427	1.174839
3390	-28.57177	-201.156	172.5842	1.612398
3396	-23.08853	-195.9997	172.9111	1.366016
3402	-30.59373	-203.8733	173.2795	1.050509
3408	-27.86106	-201.2112	173.3501	0.9809706
3414	-36.26839	-208.2797	172.0113	2.008723
3420	-30.55251	-203.6498	173.0973	1.213902
3426	-42.843	-215.7719	172.9289	1.351938
3432	-43.74394	-216.48	172.7361	1.500522
3438	-30.28399	-203.536	173.252	1.076524
3444	-28.74275	-202.1011	173.3583	0.9725907
3450	-24.39979	-197.687	173.2872	1.043154
3456	-26.31716	-199.2799	172.9628	1.324938
3462	-23.12255	-196.7154	173.5929	0.6658686
3468	-26.33339	-199.399	173.0656	1.240639
3474	-18.64606	-191.5361	172.89	1.382609
3480	-21.47581	-194.5628	173.087	1.222626
3486	-26.8315	-200.3013	173.4698	0.8487751
3492	-18.08024	-191.4281	173.3479	0.9832789
3498	-21.51071	-194.8449	173.3342	0.9970879
3504	-11.42249	-184.3954	172.9729	1.316786
3510	-12.7393	-185.7893	173.05	1.253661
3516	-22.67913	-195.7469	173.0678	1.238853
3522	-29.4661	-202.6934	173.2273	1.099383
3528	-15.84255	-189.4375	173.595	0.6616539
3534	-14.12914	-187.4244	173.2953	1.035361
3540	-20.34826	-193.6032	173.255	1.073737
3546	-23.92441	-197.2657	173.3413	0.9899113
3552	-25.55454	-198.9708	173.4162	0.9108442
3558	-25.63222	-198.9149	173.2827	1.047485
3564	-20.16144	-193.6996	173.5382	0.7580884
3570	-24.7215	-198.2155	173.494	0.8184781
3576	-30.71531	-204.1247	173.4094	0.9183804
3582	-15.43969	-188.832	173.3924	0.9368501
3588	-19.12923	-192.4288	173.2996	1.03125
3594	-16.28566	-189.7968	173.5111	0.7960006
3600	-24.14781	-197.5915	173.4437	0.8796844
3606	-19.59588	-193.1413	173.5454	0.7472282
3612	-31.57606	-203.5559	171.9798	2.029664
3618	-35.80913	-208.7653	172.9562	1.330208
3624	-26.53901	-199.2026	172.6636	1.554396
3630	-27.93329	-200.967	173.0337	1.267219
3636	-19.12247	-192.2764	173.1539	1.165079
3642	-20.36701	-193.63	173.263	1.066221
3648	-22.37548	-195.8987	173.5232	0.779464
3654	-27.33411	-200.4629	173.1288	1.186893
3660	-24.65935	-197.7189	173.0596	1.245691
3666	-15.37288	-188.5805	173.2076	1.117267
3672	-22.87583	-196.1085	173.2326	1.094442
3678	-31.17406	-204.0273	172.8532	1.411264
3684	-28.19734	-201.337	173.1397	1.177511
3690	-23.25586	-196.5076	173.2517	1.076766
3696	-29.94493	-203.1223	173.1774	1.144409
3702	-18.95398	-192.1435	173.1896	1.133519
3708	-26.51703	-199.7066	173.1896	1.133519
3714	-33.6915	-206.8944	173.2029	1.121516
3720	-25.38364	-198.6002	173.2166	1.10917
3726	-19.80062	-192.8606	173.06	1.245382
3732	-33.34696	-206.4069	173.06	1.245382
3738	-23.04497	-196.2062	173.1612	1.15867
3744	-35.03001	-208.0033	172.9733	1.316478
3750	-28.53188	-201.4785	172.9466	1.337884
3756	-27.05836	-200.005	172.9466	1.337884
3762	-41.36327	-214.8112	173.448	0.8747456
3768	-33.78032	-207.0074	173.227	1.099585
3774	-27.52946	-200.078	172.5485	1.638172
3780	-22.48807	-195.7195	173.2314	1.095579
3786	-33.5672	-206.6114	173.0442	1.258518
3792	-31.01861	-204.0628	173.0442	1.258518
3798	-27.53091	-200.5751	173.0442	1.258518
3804	-25.39406	-198.3291	172.935	1.347111
3810	-19.92989	-193.3198	173.3899	0.9394349
3816	-21.71591	-194.9342	173.2183	1.107555
3822	-27.03197	-200.2957	173.2638	1.065462
3828	-21.89282	-195.0971	173.2042	1.120341
3834	-16.81865	-189.8209	173.0022	1.293008
3840	-30.09818	-203.4288	173.3306	1.000642
3846	-16.67378	-190.104	173.4302	0.8951433
3852	-13.7913	-187.2736	173.4823	0.8333133
3858	-21.70764	-194.8335	173.1258	1.189475
3864	-16.29653	-189.3676	173.071	1.236117
3870	-19.9979	-193.2933	173.2954	1.035254
3876	-24.4875	-197.8213	173.3338	0.9975287
3882	-23.70886	-196.7737	173.0648	1.241319
3888	-22.34943	-195.4142	173.0648	1.241319
3894	-19.5535	-192.8175	173.264	1.065264
3900	-13.76545	-187.0456	173.2801	1.04996
3906	-21.11869	-194.1209	173.0022	1.293006
3912	-19.22325	-192.0044	172.7812	1.466503
3918	-30.29371	-203.2602	172.9665	1.321918
3924	-26.83451	-199.482	172.6475	1.566234
3930	-18.54736	-191.6994	173.152	1.166738
3936	-15.00097	-188.2726	173.2717	1.058008
3942	-18.9979	-191.8447	172.8468	1.416222
3948	-23.02911	-196.2147	173.1856	1.137041
3954	-24.12768	-196.8122	172.6845	1.538939
3960	-32.14037	-204.4687	172.3283	1.793598
3966	-28.10484	-200.8662	172.7613	1.481511
3972	-28.88969	-201.7555	172.8658	1.40149
3978	-28.19759	-201.4531	173.2555	1.07323
3984	-28.8684	-202.3133	173.4449	0.8783717
3990	-27.58592	-200.6863	173.1004	1.211319
3996	-34.29303	-206.592	172.299	1.813884
4002	-29.04653	-202.4514	173.4049	0.9232646
4008	-46.54165	-219.5024	172.9607	1.326596
4014	-37.57047	-210.7997	173.2293	1.097541
4020	-41.49618	-214.6309	173.1347	1.181805
4026	-28.38005	-201.7665	173.3864	0.943157
4032	-32.18045	-205.7629	173.5824	0.6860048
4038	-27.19209	-200.58	173.3879	0.9416478
4044	-21.24654	-194.5862	173.3396	0.9916261
4050	-17.43571	-190.4966	173.0609	1.244623
4056	-22.74613	-196.2811	173.5349	0.762793
4062	-26.58719	-199.727	173.1398	1.177409
4068	-33.8047	-207.1001	173.2954	1.035278
4074	-27.68393	-201.0687	173.3847	0.9449803
4080	-30.68368	-203.9117	173.228	1.098678
4086	-28.01554	-201.1675	173.152	1.16676
4092	-19.89529	-193.2073	173.312	1.019074
4098	-24.48753	-197.5363	173.0488	1.254668
4104	-36.28895	-209.5925	173.3035	1.027374
4110	-36.03947	-209.114	173.0745	1.233155
4116	-51.52826	-223.9404	172.4121	1.735138
4122	-35.5416	-208.3869	172.8453	1.417416
4128	-22.58407	-195.6129	173.0288	1.271202
4134	-30.0359	-203.0491	173.0132	1.284031
4140	-27.70272	-200.4235	172.7208	1.511924
4146	-33.49367	-206.1679	172.6742	1.546544
4152	-25.9232	-198.9206	172.9974	1.296941
4158	-27.14906	-200.1727	173.0236	1.275486
4164	-24.58095	-197.288	172.707	1.522195
4170	-29.08683	-201.9732	172.8864	1.385482
4176	-30.21065	-202.8013	172.5907	1.607699
4182	-25.1112	-198.2269	173.1157	1.198233
4188	-20.86493	-193.9806	173.1157	1.198233
4194	-25.72597	-199.1562	173.4302	0.8951167
4200	-27.08714	-200.0895	173.0023	1.292936
4206	-31.10408	-204.4788	173.3747	0.9555885
4212	-10.55857	-183.835	173.2765	1.053435
4218	-17.14828	-190.5488	173.4006	0.9279919
4224	-18.57956	-192.1553	173.5757	0.6980247
4230	-18.12849	-191.2655	173.137	1.179844
4236	-13.157	-186.4228	173.2658	1.063533
4242	-17.02222	-190.1519	173.1297	1.186167
4248	-13.35169	-186.4479	173.0962	1.214864
4254	-22.07933	-195.2007	173.1214	1.193326
4260	-20.75712	-193.7005	172.9434	1.340445
4266	-20.1606	-193.2744	173.1138	1.199791
4272	-9.792696	-183.0512	173.2585	1.070375
4278	-21.06759	-194.1682	173.1006	1.211094
4284	-27.21543	-200.3161	173.1006	1.211094
4290	-17.85509	-191.3625	173.5074	0.8009975
4296	-17.14011	-190.3845	173.2444	1.083605
4302	-20.76275	-194.2137	173.4509	0.8712598
4308	-14.42076	-187.8129	173.3921	0.937134
4314	-23.3348	-196.247	172.9122	1.365187
4320	-22.99293	-195.8315	172.8386	1.422584
4326	-25.16394	-198.3181	173.1542	1.164826
4332	-16.40755	-189.693	173.2855	1.044836
4338	-24.26053	-197.0014	172.7409	1.496918
4344	-18.39488	-191.3956	173.0007	1.294229
4350	-25.62762	-198.7876	173.16	1.159727
4356	-19.17812	-191.5321	172.354	1.775753
4362	-18.06927	-191.5837	173.5144	0.791513
4368	-32.94069	-205.9767	173.036	1.265272
4374	-29.21453	-202.1076	172.8931	1.380203
4380	-38.53157	-211.5687	173.0371	1.264391
4386	-23.84411	-196.7976	172.9535	1.332403
4392	-18.60588	-191.9397	173.3339	0.997419
4398	-23.6167	-196.5729	172.9562	1.33022
4404	-20.01616	-193.4973	173.4811	0.8347701
4410	-20.67352	-194.0158	173.3422	0.9889765
4416	-20.70626	-194.0226	173.3164	1.014803
4422	-26.98456	-200.5357	173.5512	0.7384923
4428	-14.91613	-188.296	173.3799	0.9500962
4434	-12.01653	-185.2488	173.2323	1.094767
4440	-13.65685	-186.1427	172.4859	1.682979
4446	-13.53759	-186.8874	173.3498	0.9812589
4452	-13.53778	-186.7424	173.2046	1.119989
4458	-18.60134	-192.0697	173.4683	0.850508
4464	-12.70523	-186.1244	173.4192	0.907564
4470	-16.94337	-190.452	173.5086	0.7993236
4476	-14.22473	-187.7334	173.5086	0.7993236
4482	-26.33231	-198.987	172.6547	1.560926
4488	-16.23013	-189.5141	173.284	1.046287
4494	-20.58933	-193.9998	173.4105	0.9171479
4500	-29.50754	-202.0514	172.5439	1.641529
4506	-32.68659	-206.1228	173.4363	0.8882826
4512	-20.70358	-193.7311	173.0276	1.272256
4518	-16.60987	-190.031	173.4211	0.9053673
4524	-21.19967	-193.7314	172.5318	1.650218
4530	-19.231	-192.1243	172.8933	1.380028
4536	-9.202495	-182.4959	173.2934	1.037174
4542	-12.02229	-185.2697	173.2474	1.080768
4548	-20.33997	-193.9078	173.5679	0.7115456
4554	-17.54068	-190.9927	173.452	0.870008
4560	-19.97516	-193.0952	173.1201	1.194433
4566	-18.31584	-191.3037	172.9878	1.304731
4572	-23.65252	-196.8663	173.2138	1.111673
4578	-16.79852	-190.1796	173.3811	0.9488558
4584	-18.52872	-191.3125	172.7837	1.464552
4590	-21.18427	-194.343	173.1587	1.160839
4596	-20.73215	-194.1412	173.4091	0.9186884
4602	-22.52439	-195.9953	173.4709	0.8473519
4608	-27.50259	-200.6301	173.1275	1.188059
4614	-24.92111	-198.0561	173.135	1.181581
4620	-30.693	-202.9227	172.2297	1.861444
4626	-27.42264	-200.5694	173.1467	1.171368
4632	-19.91673	-193.3403	173.4235	0.9026928
4638	-14.60739	-188.0754	173.468	0.8509164
4644	-17.07265	-190.2293	173.1567	1.16267
4650	-10.54573	-183.8731	173.3273	1.003927
4656	-16.06526	-189.3618	173.2965	1.034199
4662	-30.50172	-203.7001	173.1984	1.125614
4668	-30.73101	-203.9294	173.1984	1.125614
4674	-24.35905	-197.8238	173.4647	0.8548591
4680	-16.71452	-190.0852	173.3706	0.9598146
4686	-19.99429	-192.7131	172.7188	1.513462
4692	-20.59736	-193.9012	173.3039	1.02706
4698	-28.41328	-201.9261	173.5129	0.7936617
4704	-12.16137	-185.4335	173.2721	1.057555
4710	-20.14837	-193.7567	173.6083	0.6322816
4716	-17.92023	-191.0047	173.0845	1.224787
4722	-13.92744	-186.9637	173.0363	1.265073
4728	-21.92008	-195.2192	173.2991	1.031661
4734	-21.78389	-195.166	173.3821	0.9477555
4740	-23.74598	-196.6336	172.8876	1.384508
4746	-23.30406	-196.5683	173.2643	1.064981
4752	-21.58649	-195.0977	173.5112	0.7958437
4758	-26.62328	-199.3929	172.7696	1.475268
4764	-27.87994	-201.0527	173.1727	1.148522
4770	-24.65987	-197.8691	173.2092	1.115825
4776	-30.17873	-203.6678	173.4891	0.8247845
4782	-18.37762	-191.3364	172.9588	1.328136
4788	-16.23679	-189.1854	172.9486	1.336255
4794	-15.95443	-189.1985	173.244	1.083929
4800	-19.37184	-192.931	173.5592	0.7258522
4806	-13.9094	-187.5105	173.6011	0.6486576
4812	-17.41625	-191.003	173.5867	0.6779089
4818	-17.61591	-191.108	173.4921	0.8208812
4824	-10.13836	-183.6275	173.4891	0.8247512
4830	-16.60304	-190.1899	173.5869	0.6776494
4836	-21.49618	-194.7861	173.29	1.040529
4842	-22.49178	-195.9437	173.4519	0.8701252
4848	-27.56853	-200.8842	173.3157	1.015461
4854	-26.05967	-199.1639	173.1042	1.208008
4860	-18.00658	-191.0845	173.0779	1.230328
4866	-19.63344	-193.0949	173.4615	0.8587712
4872	-17.14196	-190.6074	173.4654	0.8540208
4878	-24.76676	-197.6902	172.9234	1.356333
4884	-16.87474	-190.1229	173.2481	1.080114
4890	-29.37328	-202.6214	173.2481	1.080114
4896	-30.70154	-203.6156	172.9141	1.363707
4902	-35.00563	-208.2929	173.2873	1.043088
4908	-30.06621	-203.1436	173.0774	1.230775
4914	-30.3904	-203.4678	173.0774	1.230775
4920	-32.64175	-205.3575	172.7157	1.515726
4926	-19.31722	-192.3658	173.0486	1.254847
4932	-18.74628	-191.8423	173.096	1.215
4938	-16.58603	-189.6395	173.0535	1.250774
4944	-15.49522	-188.7344	173.2392	1.088385
4950	-13.34118	-186.8247	173.4835	0.8317979
4956	-17.63519	-190.6599	173.0247	1.27459
4962	-25.89969	-198.7832	172.8835	1.387689
4968	-18.8564	-192.1704	173.314	1.017104
4974	-12.81591	-186.1121	173.2962	1.034515
4980	-23.88627	-196.4514	172.5651	1.626193
4986	-26.51814	-199.0833	172.5651	1.626193
4992	-18.04022	-191.2163	173.176	1.14558
4998	-25.96711	-199.1431	173.176	1.14558
5004	-26.07801	-199.2769	173.1989	1.125138
5010	-24.38406	-197.3422	172.9581	1.328685
5016	-28.5779	-202.0135	173.4356	0.8890098
5022	-31.79101	-205.3779	173.5868	0.6776747
5028	-25.97198	-198.7803	172.8083	1.445835
5034	-20.29683	-193.6454	173.3485	0.9825938
5040	-14.39432	-187.5577	173.1633	1.156793
5046	-14.82214	-187.6879	172.8657	1.40158
5052	-15.96325	-189.4214	173.4582	0.8627374
5058	-21.64931	-195.1183	173.469	0.849703
5064	-14.61532	-187.688	173.0727	1.234699
5070	-27.02911	-200.5322	173.5031	0.8067292
5076	-27.72628	-200.7312	173.005	1.290792
5082	-35.27559	-208.2323	172.9567	1.329798
5088	-30.85973	-204.1942	173.3345	0.9968072
5094	-31.99793	-205.3047	173.3067	1.02427
5100	-28.51506	-202.048	173.533	0.7656272
5106	-23.45728	-196.9902	173.533	0.7656272
5112	-14.27452	-187.5553	173.2808	1.049286
5118	-16.83111	-189.4128	172.5817	1.614251
5124	-12.09519	-185.6617	173.5665	0.7138325
5130	-13.95112	-187.3101	173.359	0.9719091
5136	-14.54364	-187.9839	173.4403	0.8836744
5142	-12.30997	-185.8206	173.5106	0.7966458
5148	-21.3665	-194.2001	172.8336	1.426457
5154	-17.40489	-190.8771	173.4722	0.8458434
5160	-19.91577	-193.3134	173.3977	0.9311252
5166	-9.066739	-182.4069	173.3402	0.9910523
5172	-16.11431	-189.0278	172.9134	1.364204
5178	-10.66169	-184.0088	173.3471	0.9840871
5184	-11.60772	-185.021	173.4133	0.9140769
5190	-17.89919	-190.7796	172.8804	1.390168
5196	-11.79577	-184.5746	172.7789	1.468235
5202	-22.16112	-194.94	172.7789	1.468235
5208	-22.23683	-195.7573	173.5205	0.7832878
5214	-29.47006	-202.6851	173.215	1.110565
5220	-32.05317	-205.2254	173.1722	1.148953
5226	-21.88975	-195.2031	173.3134	1.017744
5232	-19.34599	-192.9391	173.5932	0.6653296
5238	-15.94343	-189.2722	173.3287	1.002552
5244	-17.93522	-191.264	173.3287	1.002552
5250	-22.67501	-196.0037	173.3287	1.002552
5256	-20.20294	-193.2926	173.0896	1.220424
5262	-17.886	-190.8376	172.9516	1.333907
5268	-19.59803	-192.9373	173.3392	0.99201
5274	-30.39614	-203.2193	172.8231	1.43449
5280	-28.12283	-201.5464	173.4236	0.9026312
5286	-28.6067	-201.4328	172.8261	1.432189
5292	-31.52056	-204.7644	173.2439	1.084078
5298	-28.05863	-200.8114	172.7528	1.487961
5304	-25.64066	-198.5014	172.8608	1.405422
5310	-33.75789	-206.6187	172.8608	1.405422
5316	-17.59456	-190.8883	173.2938	1.036837
5322	-27.92754	-200.9881	173.0605	1.244901
5328	-22.65352	-195.7979	173.1444	1.173389
5334	-27.97688	-201.0221	173.0452	1.257682
5340	-42.77128	-215.0963	172.325	1.795899
5346	-46.21249	-218.765	172.5525	1.63533
5352	-37.89319	-211.2071	173.3139	1.017267
5358	-30.77248	-204.1481	173.3756	0.95463
5364	-19.80235	-192.8766	173.0743	1.233373
5370	-28.4223	-201.8677	173.4454	0.8776914
5376	-19.18527	-192.5696	173.3843	0.9454195
5382	-33.71369	-207.0907	173.377	0.9531536
5388	-14.35262	-187.6716	173.319	1.012231
5394	-15.30568	-188.4461	173.1404	1.176833
5400	-17.46279	-191.0244	173.5616	0.721931
5406	-20.78753	-194.2892	173.5017	0.8085358
5412	-20.60021	-193.7648	173.1646	1.155703
5418	-25.22195	-198.2442	173.0222	1.276645
5424	-14.94169	-188.2663	173.3247	1.006603
5430	-12.55654	-185.6821	173.1256	1.189718
5436	-14.40788	-187.8135	173.4056	0.922476
5442	-18.31998	-191.4089	173.089	1.220997
5448	-19.24979	-192.3555	173.1057	1.206753
5454	-26.89001	-199.6733	172.7833	1.464849
5460	-11.47179	-184.9434	173.4716	0.8465537
5466	-30.88272	-204.3937	173.511	0.7961986
5472	-29.28208	-201.761	172.4789	1.687921
5478	-27.85009	-200.6224	172.7723	1.473191
5484	-27.94887	-200.6094	172.6605	1.556646
5490	-19.56366	-192.689	173.1253	1.189945
5496	-21.62423	-194.9682	173.344	0.9872189
5502	-19.73085	-193.0623	173.3315	0.9998245
5508	-13.67999	-186.6998	173.0199	1.278596
5514	-18.35923	-191.8044	173.4451	0.8780552
5520	-14.29502	-187.6129	173.3178	1.01335
5526	-16.89686	-189.6536	172.7567	1.484969
5532	-21.46067	-194.5869	173.1262	1.189146
5538	-23.37339	-196.3462	172.9728	1.316847
5544	-25.98696	-199.3266	173.3396	0.9916191
5550	-15.89167	-189.1741	173.2825	1.047715
5556	-25.96828	-199.1691	173.2008	1.123416
5562	-16.63428	-190.0832	173.4489	0.8736535
5568	-27.03163	-199.5093	172.4777	1.688796
5574	-22.10023	-195.3182	173.218	1.10789
5580	-26.68557	-199.7907	173.1051	1.207248
5586	-20.958	-193.7685	172.8105	1.444118
5592	-21.34728	-194.8977	173.5504	0.7396708
5598	-20.26362	-193.495	173.2313	1.095632
5604	-27.77589	-201.0967	173.3208	1.010383
5610	-28.04527	-201.3149	173.2696	1.059925
5616	-21.94841	-195.1627	173.2143	1.111245
5622	-12.19015	-185.5976	173.4075	0.9204376
5628	-18.70318	-192.2082	173.505	0.8041328
5634	-17.57663	-191.1846	173.6079	0.6331203
5640	-17.70495	-190.4428	172.7379	1.499141
5646	-21.4852	-194.3794	172.8942	1.379327
5652	-22.05019	-195.4762	173.426	0.8998829
5658	-24.51093	-198.0071	173.4962	0.815686
5664	-20.801	-194.1339	173.3329	0.9983833
5670	-16.98261	-189.9152	172.9326	1.349023
5676	-26.53982	-199.6318	173.092	1.218396
5682	-22.1051	-194.8792	172.7741	1.471863
5688	-14.64078	-187.9483	173.3075	1.023515
5694	-22.41853	-195.7673	173.3488	0.9823064
5700	-19.44561	-192.9386	173.493	0.8197875
5706	-20.77652	-194.3119	173.5353	0.7622044
5712	-25.27343	-198.1892	172.9157	1.3624
5718	-27.58014	-200.6433	173.0631	1.242745
5724	-31.6515	-204.7721	173.1205	1.194037
5730	-32.89583	-206.0164	173.1205	1.194037
5736	-25.42836	-198.0303	172.6019	1.599528
5742	-23.34723	-196.7707	173.4235	0.9027523
5748	-27.87387	-201.4318	173.5579	0.7279167
5754	-10.64635	-183.8197	173.1734	1.147948
5760	-22.21944	-195.3572	173.1377	1.179195
5766	-9.960495	-183.4795	173.519	0.7852471
5772	-18.66187	-191.863	173.2011	1.123137
5778	-24.91294	-198.3152	173.4023	0.9261187
5784	-10.6271	-184.0128	173.3857	0.943994
5790	-14.41917	-187.8768	173.4576	0.8633688
5796	-8.77029	-182.3464	173.5761	0.6973339
5802	-14.88118	-187.9877	173.1065	1.206083
5808	-19.44847	-192.8742	173.4257	0.9002212
5814	-19.75247	-192.9617	173.2093	1.115795
5820	-19.18192	-192.307	173.125	1.190163
5826	-19.3552	-192.8298	173.4746	0.8428623
5832	-17.97431	-191.329	173.3547	0.9763194
5838	-22.62708	-195.8228	173.1957	1.128027
5844	-18.67148	-192.2607	173.5892	0.673191
5850	-28.35446	-201.4863	173.1318	1.18429
5856	-24.85054	-198.194	173.3435	0.987742
5862	-16.02455	-189.4882	173.4636	0.8562291
5868	-15.51924	-188.7345	173.2152	1.110377
5874	-15.77773	-189.1306	173.3529	0.9781897
5880	-20.37836	-193.7539	173.3755	0.9546843
5886	-13.45299	-186.9091	173.4561	0.8651489
5892	-20.35788	-193.1305	172.7726	1.472962
5898	-27.62707	-200.5819	172.9548	1.331346
5904	-22.91099	-195.5508	172.6398	1.571866
5910	-26.59328	-199.5969	173.0037	1.291849
5916	-22.54001	-195.6443	173.1043	1.207927
5922	-31.16081	-204.2651	173.1043	1.207927
5928	-17.45674	-190.8895	173.4328	0.892245
5934	-21.84593	-195.4002	173.5543	0.7335915
5940	-32.41552	-205.3962	172.9806	1.310544
5946	-26.87745	-199.7588	172.8813	1.389444
5952	-16.40072	-189.7929	173.3921	0.9370812
5958	-20.71382	-193.8999	173.1861	1.136592
5964	-24.10188	-197.5921	173.4902	0.8233442
5970	-24.54426	-197.735	173.1907	1.132516
5976	-20.83796	-194.0764	173.2385	1.089069
5982	-20.43402	-193.6213	173.1873	1.135592
5988	-22.66971	-196.065	173.3953	0.9336547
5994	-31.72681	-205.1693	173.4425	0.8811317
6000	-44.58233	-217.1375	172.5551	1.633407
6006	-47.55221	-219.6887	172.1365	1.924794
6012	-27.19835	-200.4801	173.2817	1.04843
6018	-26.56785	-199.2433	172.6755	1.545607
6024	-23.01642	-196.4995	173.4831	0.8323406
6030	-22.79616	-195.8589	173.0627	1.243052
6036	-24.84028	-198.2983	173.458	0.862878
6042	-21.40818	-194.2698	172.8616	1.404784
6048	-26.31168	-199.6626	173.351	0.9801228
6054	-23.39864	-196.0841	172.6855	1.538201
6060	-34.73851	-207.7246	172.9861	1.306129
6066	-38.38384	-211.2389	172.855	1.409875
6072	-29.13256	-202.4843	173.3517	0.9793263
6078	-24.66529	-197.9295	173.2642	1.065092
6084	-35.81794	-209.0234	173.2054	1.119262
6090	-46.55932	-219.7569	173.1976	1.126323
6096	-29.42945	-202.8489	173.4194	0.9072681
6102	-25.8839	-199.3688	173.4849	0.8300072
6108	-16.56338	-189.7516	173.1883	1.134692
6114	-33.57402	-206.7041	173.1301	1.18581
6120	-25.13157	-198.1484	173.0168	1.281088
6126	-23.04679	-196.5871	173.5403	0.7549592
6132	-17.4631	-191.0034	173.5403	0.7549592
6138	-14.81014	-188.2953	173.4851	0.8298007
6144	-21.75665	-195.1469	173.3903	0.9390719
6150	-20.29259	-193.3788	173.0862	1.223347
6156	-16.80087	-190.1088	173.3079	1.023092
6162	-17.0794	-190.5559	173.4765	0.840574
6168	-20.4114	-193.2683	172.8569	1.408465
6174	-16.73907	-189.9377	173.1987	1.125361
6180	-24.03374	-197.078	173.0443	1.258442
6186	-23.30275	-196.4072	173.1044	1.207848
6192	-23.73221	-197.2084	173.4762	0.8408523
6198	-29.01273	-202.6038	173.5911	0.6693787
6204	-20.20891	-193.7329	173.524	0.7783051
6210	-31.07271	-204.424	173.3513	0.9797948
6216	-34.74354	-207.5699	172.8263	1.432017
6222	-32.0167	-204.979	172.9623	1.325287
6228	-24.35934	-197.6261	173.2667	1.062689
6234	-27.82787	-201.2428	173.415	0.9122135
6240	-20.87677	-194.042	173.1652	1.155135
6246	-19.82244	-192.4894	172.667	1.551894
6252	-15.12096	-188.3522	173.2312	1.095742
6258	-15.64275	-188.9565	173.3137	1.017414
6264	-25.05074	-197.8485	172.7977	1.453917
6270	-19.00493	-192.4907	173.4858	0.8289341
6276	-19.21052	-192.7537	173.5432	0.7506657
6282	-25.78748	-199.2706	173.4831	0.8322667
6288	-20.82943	-194.1476	173.3181	1.013063
6294	-20.31044	-193.3494	173.0389	1.262881
6300	-32.02625	-205.1527	173.1264	1.188973
6306	-24.54664	-197.9922	173.4455	0.8775705
6312	-20.3767	-193.6742	173.2975	1.033216
6318	-24.36929	-197.5877	173.2185	1.107439
6324	-18.64236	-192.1327	173.4903	0.823188
6330	-21.7464	-195.1467	173.4003	0.9282276
6336	-25.50542	-199.0422	173.5368	0.7600459
6342	-25.20659	-198.3848	173.1782	1.143657
6348	-20.46907	-193.7869	173.3179	1.013326
6354	-17.09236	-190.6285	173.5361	0.761039
6360	-30.21166	-203.5584	173.3467	0.9844392
6366	-37.19611	-210.328	173.1319	1.184234
6372	-30.86852	-204.1936	173.3251	1.006187
6378	-31.7909	-204.7021	172.9112	1.365986
6384	-15.23262	-188.7309	173.4983	0.8129093
6390	-16.69738	-190.2214	173.524	0.7783319
6396	-18.77562	-191.8563	173.0807	1.227998
6402	-19.81389	-193.1637	173.3498	0.9813183
6408	-24.74821	-198.1495	173.4013	0.9272073
6414	-23.64927	-196.7464	173.0971	1.214105
6420	-26.10942	-199.3883	173.2789	1.05116
6426	-19.93339	-193.3562	173.4228	0.9035227
6432	-16.88365	-190.2992	173.4156	0.9115275
6438	-33.4076	-206.7526	173.345	0.9861599
6444	-18.35922	-191.2797	172.9205	1.358636
6450	-22.12523	-195.5237	173.3985	0.9302399
6456	-28.68452	-201.9619	173.2774	1.052524
6462	-34.96446	-207.8331	172.8686	1.399346
6468	-24.94691	-198.3893	173.4423	0.881277
6474	-46.03788	-218.7423	172.7044	1.52414
6480	-35.26879	-208.4021	173.1333	1.183067
6486	-34.80753	-207.7021	172.8945	1.379095
6492	-36.7877	-209.9969	173.2092	1.115812
6498	-20.03184	-193.0509	173.0191	1.279245
6504	-19.53589	-193.0158	173.4799	0.8363072
6510	-26.81433	-200.2605	173.4462	0.8768269
6516	-26.56443	-199.9207	173.3563	0.9746416
6522	-22.0118	-195.3676	173.3558	0.9751666
6528	-26.4494	-199.2869	172.8375	1.423412
6534	-30.40323	-203.3489	172.9457	1.338602
6540	-32.82891	-205.9153	173.0864	1.223148
6546	-29.26631	-202.5714	173.3051	1.02588
6552	-26.3036	-199.7722	173.4686	0.8501441
6558	-22.86462	-196.0309	173.1663	1.154211
6564	-22.46811	-195.4131	172.945	1.339149
6570	-34.00221	-206.5131	172.5109	1.665129
6576	-26.75293	-199.8206	173.0676	1.238954
6582	-26.1006	-198.928	172.8274	1.431202
6588	-17.83351	-191.0835	173.25	1.078336
6594	-14.54839	-187.5124	172.964	1.323953
6600	-18.60789	-191.6379	173.03	1.270257
6606	-20.18459	-192.9463	172.7617	1.4812
6612	-21.34434	-194.8663	173.522	0.7811522
6618	-23.30052	-196.5629	173.2624	1.066739
6624	-18.14936	-191.775	173.6257	0.5831555
6630	-13.93709	-187.2432	173.3061	1.024843
6636	-19.54465	-192.9967	173.4521	0.8699459
6642	-18.84958	-192.3908	173.5412	0.7535524
6648	-28.86559	-201.73	172.8644	1.402587
6654	-35.6467	-208.8975	173.2508	1.07764
6660	-20.05958	-193.4197	173.3601	0.9707412
6666	-19.15569	-192.5158	173.3601	0.9707412
6672	-20.53797	-193.3564	172.8184	1.438103
6678	-22.29234	-195.4979	173.2056	1.1191
6684	-25.45016	-198.7729	173.3227	1.008526
6690	-20.07578	-193.7109	173.6351	0.5401297
6696	-16.03817	-189.6237	173.5855	0.6801929
6702	-19.18274	-192.5008	173.3181	1.013138
6708	-14.132	-187.4501	173.3181	1.013138
6714	-7.565696	-180.8091	173.2434	1.084467
6720	-15.9719	-189.3381	173.3662	0.9644704
6726	-13.23947	-186.5721	173.3326	0.9986566
6732	-26.83691	-199.0927	172.2558	1.843584
6738	-41.07773	-213.3153	172.2376	1.856065
6744	-38.97313	-211.6967	172.7235	1.509906
6750	-23.10517	-196.0486	172.9435	1.340397
6756	-31.85892	-204.7839	172.925	1.355054
6762	-22.16001	-194.8989	172.7389	1.498364
6768	-14.85468	-187.5936	172.7389	1.498364
6774	-18.62116	-191.3789	172.7578	1.484196
6780	-12.8268	-186.3933	173.5665	0.7138222
6786	-21.47704	-194.3369	172.8598	1.406169
6792	-24.16412	-197.529	173.3649	0.9657679
6798	-13.00704	-186.2232	173.2161	1.109566
6804	-16.36498	-189.8505	173.4855	0.8293273
6810	-14.01261	-187.0111	172.9985	1.296078
6816	-19.52154	-192.6098	173.0882	1.221599
6822	-26.10269	-199.7176	173.6149	0.6157366
6828	-20.56246	-194.0727	173.5102	0.7972475
6834	-15.47865	-188.93	173.4513	0.8708293
6840	-22.48682	-195.8997	173.4129	0.9144951
6846	-24.73151	-198.0025	173.271	1.058672
6852	-35.57267	-208.5331	172.9605	1.326788
6858	-33.93563	-206.6134	172.6778	1.54391
6864	-36.11095	-209.2792	173.1682	1.152496
6870	-41.55508	-214.4973	172.9422	1.341401
6876	-42.87458	-215.812	172.9375	1.345176
6882	-30.40464	-202.9414	172.5367	1.646641
6888	-32.19977	-205.3128	173.113	1.200521
6894	-23.58362	-197.1071	173.5235	0.7790807
6900	-29.17422	-202.3847	173.2105	1.114698
6906	-30.34254	-203.4492	173.1067	1.205926
6912	-21.51964	-194.6875	173.1678	1.152835
6918	-18.91708	-192.2427	173.3256	1.005647
6924	-25.98215	-199.0098	173.0276	1.272196
6930	-30.17462	-203.554	173.3794	0.9506094
6936	-22.22281	-195.5213	173.2985	1.032249
6942	-34.57045	-207.7245	173.154	1.164963
6948	-25.2822	-198.2705	172.9883	1.304368
6954	-22.73576	-195.9468	173.2111	1.114143
6960	-33.47153	-206.7844	173.3128	1.018294
6966	-40.22422	-213.537	173.3128	1.018294
6972	-33.6961	-207.1538	173.4577	0.8632907
6978	-26.49511	-199.9807	173.4856	0.8291811
6984	-23.56362	-196.2623	172.6987	1.528401
6990	-31.09401	-204.1947	173.1007	1.211001
6996	-30.14021	-202.4868	172.3466	1.780879
7002	-30.65434	-203.6517	172.9973	1.297011
7008	-30.72293	-203.8074	173.0845	1.224748
7014	-18.47018	-191.7047	173.2345	1.09269
7020	-15.24635	-188.0701	172.8238	1.433999
7026	-21.23983	-193.8476	172.6077	1.595308
7032	-19.14989	-192.2352	173.0853	1.224051
7038	-21.33085	-194.5493	173.2185	1.107424
7044	-21.77956	-195.0712	173.2917	1.038889
7050	-18.95819	-192.2395	173.2813	1.048801
7056	-20.70034	-193.9796	173.2792	1.050805
7062	-32.01979	-205.6314	173.6116	0.624184
7068	-24.65669	-197.8039	173.1472	1.170934
7074	-20.54854	-193.47	172.9214	1.357895
7080	-17.56868	-190.8207	173.252	1.076494
7086	-27.81128	-200.5197	172.7084	1.521205
7092	-19.43802	-192.5864	173.1484	1.169889
7098	-26.24925	-199.705	173.4558	0.8655383
7104	-26.75436	-200.0494	173.295	1.035642
7110	-32.91457	-206.1721	173.2575	1.071366
7116	-37.28335	-210.2176	172.9343	1.347683
7122	-24.90278	-198.2821	173.3793	0.9507489
7128	-29.7144	-202.7953	173.0809	1.227817
7134	-27.13635	-199.8343	172.698	1.528958
7140	-19.65632	-193.1854	173.529	0.7712533
7146	-22.70761	-196.1199	173.4122	0.9152244
7152	-20.92933	-194.3112	173.3819	0.9479843
7158	-17.49791	-190.98	173.4821	0.8335409
7164	-23.99748	-197.4513	173.4538	0.867925
7170	-19.35905	-192.9351	173.5761	0.6974102
7176	-18.75679	-192.3002	173.5434	0.7502791
7182	-22.29845	-195.6105	173.3121	1.019023
7188	-18.73883	-192.0509	173.3121	1.019023
7194	-17.49211	-190.4084	172.9163	1.361973
7200	-28.95983	-202.4219	173.4621	0.8580526
7206	-30.91966	-203.6005	172.6808	1.541648
7212	-24.61347	-198.0919	173.4784	0.8381248
7218	-13.79945	-187.2636	173.4642	0.8555728
7224	-17.95912	-191.417	173.4579	0.8630219
7230	-29.51423	-202.2827	172.7685	1.47611
7236	-21.18471	-194.6927	173.508	0.8002181
7242	-24.83228	-198.3403	173.508	0.8002181
7248	-29.73511	-202.931	173.1959	1.127866
7254	-25.0973	-198.425	173.3277	1.003578
7260	-26.37689	-199.2206	172.8437	1.418664
7266	-26.79939	-200.2074	173.408	0.9198568
7272	-22.28168	-195.6668	173.3851	0.9445705
7278	-17.53181	-190.9378	173.4059	0.9221481
7284	-18.92037	-192.3691	173.4487	0.8738604
7290	-17.77551	-191.3561	173.5806	0.6892435
7296	-19.2111	-192.2206	173.0095	1.287061
7302	-30.85996	-204.2321	173.3722	0.9582353
7308	-39.17486	-212.204	173.0292	1.270937
7314	-31.62957	-204.7419	173.1123	1.201124
7320	-19.0523	-192.2421	173.1898	1.133296
7326	-18.887	-192.0159	173.1289	1.18683
7332	-21.89477	-194.8056	172.9108	1.366254
7338	-30.85054	-203.869	173.0184	1.27975
7344	-23.69482	-195.6507	171.9558	2.045552
7350	-18.41706	-191.7151	173.298	1.032754
7356	-19.25925	-192.6742	173.4149	0.9122621
7362	-30.53307	-203.7592	173.2261	1.100466
7368	-25.84256	-199.051	173.2085	1.116513
7374	-35.01139	-208.0297	173.0183	1.279891
7380	-31.583	-204.9529	173.3699	0.9606065
7386	-29.11449	-202.4779	173.3634	0.967364
7392	-30.28143	-203.0293	172.7478	1.491686
7398	-26.70609	-199.5816	172.8755	1.393981
7404	-40.41301	-212.2279	171.8149	2.138162
7410	-25.7965	-199.2624	173.4659	0.853515
7416	-30.34613	-202.7478	172.4017	1.742464
7422	-26.59311	-199.8441	173.251	1.077397
7428	-27.28643	-200.7622	173.4758	0.8413898
7434	-19.69853	-192.7174	173.0188	1.279426
7440	-18.48464	-191.111	172.6264	1.581689
7446	-13.56804	-186.8582	173.2901	1.040364
7452	-20.38424	-193.6957	173.3115	1.019612
7458	-21.94409	-195.0345	173.0904	1.219793
7464	-40.20825	-213.5182	173.3099	1.021161
7470	-34.22424	-206.5785	172.3543	1.775572
7476	-28.89636	-201.9128	173.0164	1.281424
7482	-16.03474	-189.2404	173.2056	1.119068
7488	-19.84325	-193.2494	173.4061	0.9219284
7494	-26.40273	-199.3774	172.9747	1.315378
7500	-25.44753	-199.0265	173.579	0.6922672
7506	-26.95099	-200.5168	173.5659	0.7149305
7512	-30.15623	-202.6291	172.4728	1.692245
7518	-33.73985	-207.0306	173.2907	1.03979
7524	-37.23809	-210.1268	172.8887	1.383631
7530	-23.40726	-196.296	172.8887	1.383631
7536	-21.30947	-194.0138	172.7043	1.524241
7542	-23.53196	-196.8013	173.2693	1.060212
7548	-19.18135	-191.9386	172.7573	1.484553
7554	-20.36391	-193.8822	173.5183	0.7862119
7560	-29.22712	-202.1981	172.971	1.31832
7566	-14.79005	-187.7611	172.971	1.31832
7572	-22.66744	-196.2648	173.5973	0.6567868
7578	-18.40138	-191.4538	173.0524	1.251665
7584	-26.63117	-199.3562	172.725	1.508777
7590	-26.38401	-199.6922	173.3081	1.022878
7596	-22.52536	-196.0528	173.5274	0.7735754
7602	-21.88749	-195.0762	173.1887	1.134321
7608	-26.5913	-199.6053	173.014	1.283359
7614	-18.92443	-192.1814	173.257	1.071806
7620	-24.57709	-197.8242	173.2471	1.081033
7626	-27.22876	-199.4436	172.2148	1.87166
7632	-26.33687	-199.6612	173.3244	1.006894
7638	-34.75573	-208.2257	173.4699	0.8485769
7644	-22.5553	-195.9009	173.3456	0.9855287
7650	-22.03316	-195.1344	173.1012	1.210608
7656	-23.04104	-195.3075	172.2665	1.836285
7662	-24.19024	-197.4439	173.2537	1.074948
7668	-21.608	-195.076	173.468	0.8508997
7674	-25.44134	-198.7797	173.3384	0.9928803
7680	-31.76955	-204.2826	172.513	1.663633
7686	-32.53062	-205.2635	172.7329	1.502874
7692	-25.54128	-198.4955	172.9543	1.331761
7698	-27.93403	-200.4785	172.5445	1.641075
7704	-24.9684	-197.5129	172.5445	1.641075
7710	-29.13824	-202.1827	173.0445	1.25825
7716	-27.93065	-200.828	172.8973	1.376894
7722	-37.14662	-210.0596	172.913	1.364543
7728	-24.63349	-197.9305	173.297	1.0337
7734	-20.01996	-193.3254	173.3054	1.025561
7740	-20.0181	-192.9865	172.9684	1.320399
7746	-22.37277	-195.0553	172.6825	1.540394
7752	-38.04809	-211.2245	173.1764	1.14524
7758	-32.71807	-205.2742	172.5561	1.632686
7764	-23.31552	-195.9682	172.6526	1.562449
7770	-26.59859	-200.0322	173.4336	0.891331
7776	-24.73046	-198.1454	173.4149	0.9122554
7782	-29.20656	-202.526	173.3195	1.011736
7788	-23.05267	-196.2454	173.1927	1.130714
7794	-23.58264	-196.9976	173.415	0.9122102
7800	-37.77544	-210.4173	172.6418	1.570396
7806	-18.57794	-191.8674	173.2894	1.041039
7812	-28.6564	-202.0028	173.3464	0.9847212
7818	-24.16831	-197.5079	173.3396	0.9916365
7824	-12.66896	-186.1894	173.5205	0.7832406
7830	-14.92714	-187.5818	172.6546	1.560982
7836	-22.35238	-195.7512	173.3989	0.9298334
7842	-23.65732	-196.9399	173.2826	1.047587
7848	-18.17162	-191.3587	173.1871	1.135725
7854	-24.97391	-198.5531	173.5792	0.6918568
7860	-26.9071	-200.1904	173.2833	1.046934
7866	-29.16726	-202.4505	173.2833	1.046934
7872	-23.96697	-197.2134	173.2464	1.08171
7878	-17.9072	-191.128	173.2208	1.105336
7884	-26.86956	-199.9794	173.1098	1.20325
7890	-24.68835	-197.5989	172.9105	1.366507
7896	-39.31044	-212.3322	173.0217	1.277062
7902	-24.5338	-197.6229	173.0891	1.2209
7908	-24.03945	-196.9684	172.929	1.351913
7914	-29.3977	-202.0442	172.6465	1.566992
7920	-22.13735	-194.7286	172.5912	1.607296
7926	-33.58429	-206.9004	173.3161	1.015109
7932	-36.46298	-209.5668	173.1038	1.208392
7938	-33.30734	-205.9508	172.6435	1.569177
7944	-35.89371	-208.6826	172.7889	1.460656
7950	-26.88082	-200.2098	173.329	1.00232
7956	-23.84306	-196.6395	172.7965	1.454868
7962	-25.10176	-198.3975	173.2957	1.034954
7968	-7.149296	-180.7056	173.5563	0.7304802
7974	-16.08692	-188.9881	172.9012	1.373867
7980	-15.78318	-188.5822	172.799	1.452925
7986	-22.10333	-195.5383	173.435	0.889722
7992	-26.24029	-199.7309	173.4906	0.8228931
7998	-15.0294	-187.9321	172.9027	1.372637
8004	-16.54187	-189.4446	172.9027	1.372637
8010	-17.47332	-191.0157	173.5424	0.7518668
8016	-19.3569	-192.0365	172.6796	1.542585
8022	-18.89504	-192.5147	173.6197	0.6023844
8028	-16.7877	-190.3059	173.5182	0.7863306
8034	-22.64168	-195.5762	172.9345	1.347513
8040	-11.93665	-185.4914	173.5547	0.7328967
8046	-11.23264	-184.8707	173.6381	0.4943481
8052	-11.58936	-185.2274	173.6381	0.4943481
8058	-9.286736	-182.7304	173.4437	0.8797238
8064	-12.42113	-185.7114	173.2903	1.040183
8070	-25.94013	-199.4118	173.4717	0.8464809
8076	-24.77198	-197.8022	173.0302	1.270067
8082	-37.32377	-210.4117	173.0879	1.221866
8088	-44.17745	-216.9114	172.734	1.502079
8094	-29.17811	-202.1722	172.9941	1.299606
8100	-40.60508	-211.8552	171.2501	2.498394
8106	-21.80607	-194.4534	172.6474	1.566317
8112	-15.5453	-189.1367	173.5914	0.668829
8118	-11.76679	-185.335	173.5682	0.7110419
8124	-13.51278	-186.7048	173.1921	1.131287
8130	-22.99837	-196.0297	173.0314	1.269128
8136	-15.22898	-188.5885	173.3595	0.9713749
8142	-10.09329	-182.9042	172.811	1.443808
8148	-23.1101	-196.16	173.0499	1.253761
8154	-20.45265	-193.6938	173.2412	1.08657
8160	-32.45141	-204.1639	171.7124	2.204721
8166	-31.00293	-203.8357	172.8328	1.427057
8172	-45.51112	-218.1572	172.6461	1.567255
8178	-30.71926	-203.7312	173.0119	1.285103
8184	-19.54216	-192.39	172.8478	1.415446
8190	-20.87585	-193.5774	172.7016	1.526259
8196	-22.7734	-195.7289	172.9555	1.330776
8202	-26.55387	-199.1933	172.6395	1.57213
8208	-24.57478	-196.9019	172.3271	1.794412
8214	-13.40843	-186.6933	173.2848	1.045443
8220	-21.41013	-194.2819	172.8718	1.396844
8226	-22.25887	-195.0444	172.7855	1.463169
8232	-21.55341	-194.8221	173.2686	1.060857
8238	-19.36927	-192.8107	173.4414	0.8823629
8244	-20.26103	-193.6784	173.4174	0.9095309
8250	-30.79531	-203.8325	173.0372	1.264271
8256	-19.56055	-193.0495	173.4889	0.8249693
8262	-20.86798	-194.3569	173.4889	0.8249693
8268	-18.55867	-192.1249	173.5662	0.7143402
8274	-16.7962	-189.8971	173.1009	1.210866
8280	-25.99894	-199.0753	173.0763	1.231668
8286	-23.07386	-196.052	172.9782	1.312535
8292	-18.59952	-191.7673	173.1678	1.152889
8298	-14.45546	-186.9857	172.5303	1.651293
8304	-16.24885	-189.3154	173.0666	1.239858
8310	-15.8503	-189.2894	173.4391	0.8850163
8316	-6.532726	-179.8664	173.3337	0.9975716
8322	-10.42262	-184.0607	173.6381	0.4963866
8328	-24.86009	-198.2624	173.4023	0.9260666
8334	-15.72837	-188.9708	173.2425	1.085365
8340	-10.87857	-184.1456	173.267	1.062399
8346	-19.13568	-192.121	172.9853	1.306748
8352	-26.90304	-199.8884	172.9853	1.306748
8358	-11.08148	-184.5129	173.4314	0.8937756
8364	-15.44506	-188.8526	173.4075	0.9203969
8370	-20.35108	-193.6876	173.3365	0.9947597
8376	-11.29291	-184.4141	173.1212	1.193475
8382	-21.20597	-194.494	173.288	1.042416
8388	-22.57071	-195.7268	173.1561	1.163198
8394	-17.81651	-190.5539	172.7374	1.499517
8400	-30.48836	-203.6325	173.1442	1.173583
8406	-25.79841	-198.9426	173.1442	1.173583
8412	-27.69603	-200.2506	172.5546	1.633788
8418	-22.91498	-195.8098	172.8949	1.378831
8424	-21.92055	-195.281	173.3605	0.970355
8430	-31.10462	-204.1611	173.0565	1.248309
8436	-28.60903	-201.6927	173.0837	1.225475
8442	-27.24189	-200.505	173.2631	1.066098
8448	-22.78866	-196.3875	173.5989	0.6534925
8454	-12.79223	-185.7693	172.977	1.313447
8460	-21.7288	-194.6571	172.9283	1.352424
8466	-12.83999	-186.3735	173.5335	0.7648556
8472	-15.9626	-189.5438	173.5812	0.6882563
8478	-17.83178	-191.1753	173.3435	0.9876831
8484	-24.01415	-197.1646	173.1505	1.168081
8490	-18.93898	-192.202	173.263	1.066164
8496	-16.77366	-190.0547	173.281	1.049122
8502	-19.12612	-192.0834	172.9573	1.329316
8508	-8.961557	-182.4417	173.4802	0.8359816
8514	-24.25662	-197.8423	173.5857	0.6798187
8520	-17.28053	-190.0882	172.8077	1.44633
8526	-26.3147	-198.881	172.5663	1.625337
8532	-13.24732	-186.5805	173.3332	0.9980676
8538	-15.53311	-188.4546	172.9215	1.357837
8544	-21.33572	-194.5336	173.1979	1.126062
8550	-22.98483	-196.1827	173.1979	1.126062
8556	-25.19308	-198.2302	173.0371	1.264344
8562	-21.98477	-195.3015	173.3168	1.014406
8568	-32.44072	-205.3308	172.89	1.382617
8574	-26.72571	-199.7919	173.0661	1.240212
8580	-29.15056	-202.6122	173.4617	0.8585344
8586	-32.42542	-205.898	173.4726	0.8453025
8592	-22.64313	-195.5087	172.8656	1.401696
8598	-17.51424	-190.815	173.3008	1.030082
8604	-19.04939	-191.974	172.9246	1.355366
8610	-16.64801	-189.5726	172.9246	1.355366
8616	-31.2342	-204.0466	172.8124	1.442693
8622	-19.70499	-192.5174	172.8124	1.442693
8628	-30.96251	-204.1847	173.2222	1.103981
8634	-50.10091	-223.2978	173.1969	1.126925
8640	-29.40137	-202.5521	173.1507	1.167906
8646	-22.40882	-195.2427	172.8338	1.426239
8652	-20.64461	-194.1598	173.5152	0.7905517
8658	-20.85344	-193.9615	173.1081	1.204751
8664	-24.01836	-197.0037	172.9853	1.306761
8670	-29.1236	-201.9434	172.8198	1.437038
8676	-30.97635	-203.9071	172.9307	1.350508
8682	-21.84266	-195.4772	173.6345	0.543875
8688	-21.51773	-194.5009	172.9831	1.308529
8694	-15.48905	-189.0161	173.527	0.774082
8700	-22.95759	-195.6463	172.6887	1.535817
8706	-25.99979	-199.5558	173.556	0.7308788
8712	-38.64267	-211.8138	173.1711	1.14994
8718	-34.10126	-207.0434	172.9421	1.341462
8724	-26.48267	-199.7693	173.2866	1.043724
8730	-35.25558	-208.8822	173.6267	0.579621
8736	-26.29087	-199.2562	172.9654	1.322847
8742	-42.90593	-215.3024	172.3964	1.746123
8748	-44.57864	-217.1881	172.6095	1.594025
8754	-38.97732	-212.2245	173.2472	1.080998
8760	-35.55923	-208.9005	173.3413	0.9899688
8766	-40.96239	-214.3129	173.3505	0.9805471
8772	-59.87443	-232.3945	172.5201	1.658594
8778	-54.27209	-227.163	172.8909	1.381916
8784	-35.44991	-208.0887	172.6388	1.572628
8790	-36.27733	-208.9257	172.6484	1.565586
8796	-42.88227	-215.8392	172.957	1.329603
8802	-46.78373	-218.8867	172.1029	1.94744
8808	-33.10559	-206.2291	173.1235	1.191461
8814	-28.56176	-201.6936	173.1318	1.18431
8820	-25.09186	-198.0755	172.9837	1.308102
8826	-15.83631	-189.4252	173.5888	0.673832
8832	-13.76141	-186.2098	172.4484	1.709545
8838	-16.85102	-189.7349	172.8839	1.387447
8844	-19.9911	-193.0769	173.0858	1.22365
8850	-22.30188	-195.3877	173.0858	1.22365
8856	-28.83437	-201.779	172.9446	1.339489
8862	-21.60898	-195.1249	173.5159	0.7894877
8868	-18.43973	-191.7802	173.3405	0.9907424
8874	-22.09462	-195.2395	173.1448	1.173012
8880	-30.36816	-203.8945	173.5263	0.7750908
8886	-26.67358	-199.3767	172.7031	1.52512
8892	-21.49308	-195.0698	173.5767	0.6962699
8898	-28.51045	-201.7647	173.2543	1.074374
8904	-16.15715	-189.6095	173.4523	0.869658
8910	-10.67924	-184.3039	173.6247	0.5865483
8916	-17.01775	-190.247	173.2292	1.097589
8922	-20.71544	-193.6405	172.925	1.35503
8928	-17.75149	-191.2851	173.5336	0.7647179
8934	-14.65696	-187.9374	173.2805	1.049638
8940	-26.0119	-199.3946	173.3827	0.9470908
8946	-22.83756	-196.0583	173.2207	1.105387
8952	-22.6212	-195.1728	172.5516	1.635925
8958	-26.04906	-198.5508	172.5017	1.671684
8964	-18.50998	-191.2922	172.7822	1.465699
8970	-34.06366	-207.3744	173.3108	1.020324
8976	-33.07293	-206.4127	173.3397	0.9915157
8982	-27.48551	-201.0534	173.5679	0.711457
8988	-33.63222	-207.0167	173.3845	0.9451961
8994	-26.362	-199.6268	173.2648	1.064464
9000	-28.59557	-202.0991	173.5035	0.8060844
9006	-28.5006	-201.6207	173.1201	1.194463
9012	-18.48239	-191.7142	173.2318	1.095249
9018	-21.75901	-194.9216	173.1626	1.15744
9024	-21.65737	-195.0638	173.4064	0.9216058
9030	-18.17507	-191.6873	173.5122	0.7945049
9036	-13.26123	-186.5011	173.2398	1.087802
9042	-28.93063	-201.1535	172.2229	1.866129
9048	-44.48136	-217.5794	173.098	1.213289
9054	-23.81515	-196.8736	173.0585	1.246628
9060	-27.06027	-200.3629	173.3027	1.02823
9066	-23.5502	-196.7947	173.2445	1.083522
9072	-27.68006	-201.1223	173.4423	0.8813617
9078	-19.52163	-192.7585	173.2369	1.090552
9084	-16.19555	-189.6074	173.4118	0.9156996
9090	-16.24136	-189.5915	173.3502	0.9809187
9096	-22.37238	-195.4491	173.0768	1.231294
9102	-24.44706	-196.9628	172.5158	1.661681
9108	-21.0856	-194.3194	173.2338	1.093415
9114	-20.41306	-193.7322	173.3191	1.01207
9120	-17.89421	-191.0891	173.1949	1.128728
9126	-20.15009	-193.242	173.0919	1.218507
9132	-21.42093	-194.5112	173.0903	1.219866
9138	-14.40267	-187.6722	173.2695	1.060022
9144	-15.1065	-188.2849	173.1784	1.1435
9150	-8.23731	-180.9067	172.6694	1.550089
9156	-13.72275	-187.0279	173.3052	1.025802
9162	-26.73761	-200.1362	173.3986	0.9301197
9168	-24.55932	-197.6743	173.115	1.198805
9174	-28.22672	-201.6044	173.3777	0.952441
9180	-20.67459	-194.0178	173.3432	0.9880507
9186	-23.24717	-196.6133	173.3662	0.964484
9192	-19.86559	-193.2331	173.3675	0.963035
9198	-25.21309	-198.301	173.0879	1.221904
9204	-31.69411	-204.6858	172.9917	1.301601
9210	-27.00058	-200.1117	173.1112	1.202099
9216	-26.67316	-199.7843	173.1112	1.202099
9222	-27.68553	-200.7967	173.1112	1.202099
9228	-23.2447	-196.5046	173.2599	1.069055
9234	-18.7549	-192.1674	173.4125	0.9149952
9240	-32.02114	-205.1321	173.1109	1.202274
9246	-33.65874	-206.9028	173.2441	1.083867
9252	-26.86731	-199.9513	173.084	1.22518
9258	-22.44746	-195.2853	172.8378	1.423184
9264	-21.9355	-195.3245	173.389	0.9404587
9270	-21.01473	-194.5693	173.5545	0.7332413
9276	-17.54239	-191.1802	173.6378	0.5127709
9282	-16.29389	-189.6396	173.3457	0.9854811
9288	-18.88941	-192.1168	173.2274	1.099276
9294	-27.66565	-200.3628	172.6971	1.529588
9300	-29.13715	-202.5603	173.4231	0.9031663
9306	-27.65116	-200.4968	172.8456	1.417176
9312	-24.53391	-197.7786	173.2446	1.083345
9318	-35.85011	-208.905	173.0549	1.249602
9324	-28.36046	-201.1052	172.7448	1.493988
9330	-24.1148	-197.2367	173.1219	1.19286
9336	-19.73782	-192.892	173.1542	1.164853
9342	-33.86658	-207.3232	173.4567	0.8645105
9348	-30.8716	-203.9894	173.1178	1.196417
9354	-27.63366	-200.8718	173.2381	1.089409
9360	-24.68889	-197.4925	172.8036	1.449449
9366	-23.24789	-196.3405	173.0926	1.217872
9372	-19.45937	-192.9192	173.4598	0.8607291
9378	-21.72406	-195.276	173.5519	0.7372801
9384	-29.26535	-202.464	173.1987	1.125365
9390	-28.11877	-201.1833	173.0646	1.241538
9396	-33.17674	-205.8758	172.6991	1.528132
9402	-26.01393	-199.5084	173.4945	0.8178958
9408	-33.90441	-206.9176	173.0132	1.284076
9414	-46.79489	-219.2679	172.473	1.692166
9420	-45.7129	-218.8012	173.0883	1.22159
9426	-49.63349	-222.4705	172.837	1.423821
9432	-37.61845	-210.6953	173.0768	1.231232
9438	-28.67606	-201.8587	173.1826	1.139746
9444	-20.38017	-193.5455	173.1654	1.155019
9450	-20.97167	-194.4646	173.4929	0.8198816
9456	-26.6411	-200.0958	173.4547	0.8668097
9462	-21.70762	-194.6428	172.9352	1.346952
9468	-28.00978	-201.5338	173.524	0.7783572
9474	-20.86704	-193.8802	173.0131	1.284119
9480	-26.31787	-199.5076	173.1897	1.133373
9486	-27.17641	-200.7089	173.5325	0.7663146
9492	-29.89886	-202.7925	172.8937	1.379765
9498	-32.68294	-206.1505	173.4676	0.851415
9504	-28.80921	-202.0033	173.194	1.129516
9510	-31.03163	-204.0028	172.9712	1.318165
9516	-21.91564	-194.7771	172.8614	1.40492
9522	-28.58641	-201.8197	173.2333	1.093812
9528	-25.21129	-198.1517	172.9404	1.342863
9534	-27.1542	-199.8067	172.6525	1.562562
9540	-20.32058	-193.3666	173.046	1.257025
9546	-24.99811	-198.0441	173.046	1.257025
9552	-24.47606	-197.1946	172.7186	1.513592
9558	-16.76918	-190.1553	173.3861	0.9435455
9564	-23.55062	-196.7643	173.2137	1.111787
9570	-25.02361	-197.889	172.8654	1.4018
9576	-25.78976	-198.9205	173.1307	1.185286
9582	-18.28742	-191.1588	172.8714	1.397168
9588	-15.98643	-188.8507	172.8643	1.40272
9594	-17.91374	-191.4387	173.525	0.7769651
9600	-20.65489	-193.9671	173.3122	1.018901
9606	-22.22447	-194.872	172.6475	1.56622
9612	-24.89067	-198.0744	173.1837	1.138769
9618	-19.78161	-193.025	173.2434	1.084547
9624	-19.13873	-192.5243	173.3856	0.9440675
9630	-14.92918	-188.3148	173.3856	0.9440675
9636	-13.63636	-186.9509	173.3146	1.016581
9642	-17.57717	-190.8397	173.2625	1.066611
9648	-26.87258	-200.132	173.2594	1.069553
9654	-32.38372	-205.475	173.0913	1.219044
9660	-22.80616	-195.8974	173.0913	1.219044
9666	-21.50839	-194.9698	173.4614	0.8588448
9672	-22.85033	-195.9692	173.1188	1.195522
9678	-30.50288	-203.4395	172.9366	1.345828
9684	-28.93799	-201.9835	173.0455	1.25741
9690	-19.99773	-193.0432	173.0455	1.25741
9696	-19.52474	-192.9007	173.3759	0.95426
9702	-23.21255	-196.6289	173.4163	0.910696
9708	-18.55793	-191.9217	173.3637	0.9670001
9714	-18.51276	-191.6157	173.1029	1.209132
9720	-19.38244	-192.2875	172.9051	1.370792
9726	-14.07984	-187.4105	173.3306	1.000659
9732	-15.51079	-188.433	172.9222	1.357296
9738	-17.46308	-190.4967	173.0336	1.267257
9744	-36.22773	-209.4273	173.1996	1.124507
9750	-26.81491	-200.1716	173.3567	0.9742605
9756	-24.94559	-198.5151	173.5695	0.7087665
9762	-18.97347	-192.19	173.2165	1.109232
9768	-28.7677	-201.536	172.7683	1.476233
9774	-34.63221	-207.737	173.1048	1.207532
9780	-33.24948	-206.3987	173.1492	1.169178
9786	-37.91935	-211.0686	173.1492	1.169178
9792	-35.09453	-208.5006	173.406	0.9220353
9798	-40.67706	-212.9004	172.2234	1.865795
9804	-34.70159	-206.925	172.2234	1.865795
9810	-31.89679	-204.5921	172.6953	1.530932
9816	-28.34318	-201.0694	172.7263	1.507852
9822	-27.6516	-200.8036	173.152	1.166793
9828	-17.49116	-190.5348	173.0436	1.258989
9834	-28.48926	-201.1775	172.6882	1.53616
9840	-27.51532	-200.8807	173.3654	0.9652783
9846	-28.68231	-201.5863	172.904	1.371628
9852	-23.21171	-196.5199	173.3082	1.022789
9858	-29.61944	-202.7672	173.1477	1.170498
9864	-34.31617	-207.236	172.9198	1.359191
9870	-20.55126	-193.4711	172.9198	1.359191
9876	-32.63581	-205.6984	173.0626	1.243193
9882	-41.35663	-214.4415	173.0849	1.224464
9888	-28.37497	-200.9777	172.6028	1.598916
9894	-20.71742	-194.0396	173.3222	1.009021
9900	-30.19882	-203.3088	173.11	1.20309
9906	-20.70327	-194.1238	173.4205	0.906056
9912	-25.53209	-199.1641	173.632	0.5575875
9918	-19.59686	-192.5224	172.9255	1.354654
9924	-23.72037	-197.0972	173.3769	0.9532977
9930	-26.29331	-199.5548	173.2615	1.067556
9936	-20.89834	-193.6153	172.7169	1.514834
9942	-19.18061	-192.4436	173.263	1.066199
9948	-23.23018	-196.1966	172.9664	1.321984
9954	-18.99669	-192.6183	173.6216	0.5965394
9960	-26.19162	-199.1697	172.9781	1.312608
9966	-26.7157	-199.6855	172.9698	1.319315
9972	-19.78084	-193.1745	173.3937	0.9354076
9978	-27.77221	-200.4343	172.6621	1.555463
9984	-23.45057	-196.5705	173.1199	1.194574
9990	-19.59031	-192.3275	172.7372	1.499659
9996	-15.28296	-188.4945	173.2115	1.113741
10002	-16.37391	-189.8108	173.4369	0.8875009
10008	-5.783884	-179.2208	173.4369	0.8875009
10014	-15.55069	-188.8257	173.275	1.054865
10020	-16.90043	-190.1754	173.275	1.054865
10026	-22.788	-195.8815	173.0935	1.217113
10032	-21.05944	-194.244	173.1846	1.137963
10038	-33.54515	-206.8678	173.3226	1.008626
10044	-27.53911	-200.6325	173.0934	1.217248
10050	-15.37423	-188.7535	173.3793	0.9507755
10056	-17.38907	-190.7088	173.3198	1.011444
10062	-21.63346	-194.9163	173.2828	1.047367
10068	-28.221	-201.217	172.996	1.298115
10074	-16.76867	-189.8886	173.12	1.194534
10080	-25.98441	-199.5089	173.5245	0.7777177
10086	-20.8907	-194.1169	173.2262	1.100355
10092	-23.93687	-197.1199	173.183	1.139407
10098	-20.75862	-193.9416	173.183	1.139407
