Iteration	Posterior	Likelihood	Prior	tree_length
0	-2997.739	-3164.614	166.8754	5.036286
6	-2993.314	-3160.19	166.8754	5.036286
12	-2985.503	-3152.374	166.8711	5.038648
18	-2994.794	-3161.387	166.5925	5.193043
24	-2990.336	-3156.983	166.6473	5.162724
30	-2990.906	-3157.78	166.8739	5.037125
36	-3005.294	-3171.845	166.5511	5.215965
42	-2990.609	-3157.79	167.1818	4.865883
48	-2988.571	-3155.753	167.1818	4.865883
54	-2997.529	-3163.964	166.4345	5.280406
60	-3003.587	-3170.375	166.7882	5.084655
66	-3000.272	-3167.291	167.0191	4.956422
72	-2993.861	-3160.59	166.7291	5.117393
78	-2990.469	-3158.155	167.6856	4.584142
84	-2994.439	-3162.038	167.5997	4.632334
90	-2987.795	-3154.531	166.7361	5.113552
96	-2995.949	-3162.392	166.4431	5.275661
102	-2995.233	-3162.721	167.4889	4.694395
108	-3001.688	-3168.794	167.1059	4.908139
114	-2995.438	-3162.362	166.924	5.009278
120	-2999.486	-3166.756	167.2693	4.817065
126	-3000.438	-3167.473	167.0348	4.947687
132	-3004.91	-3172.429	167.5189	4.677564
138	-3008.005	-3175.523	167.5189	4.677564
144	-2997.856	-3165.023	167.1673	4.873926
150	-2996.327	-3163.827	167.5002	4.688074
156	-2976.917	-3144.078	167.1608	4.877568
162	-2980.405	-3147.68	167.2751	4.813848
168	-2981.959	-3149.259	167.3005	4.799689
174	-2980.234	-3147.535	167.3005	4.799689
180	-2990.661	-3158.471	167.8098	4.514366
186	-2993.001	-3160.327	167.3263	4.785271
192	-2983.01	-3150.041	167.031	4.949835
198	-2995.693	-3162.873	167.1795	4.867127
204	-2997.312	-3164.306	166.9935	4.97066
210	-2986.463	-3153.213	166.7502	5.10575
216	-2986.222	-3153.766	167.544	4.663517
222	-2992.327	-3159.092	166.7656	5.097191
228	-3000.695	-3167.852	167.1574	4.879449
234	-3004.565	-3171.148	166.5838	5.197839
240	-3000.07	-3166.902	166.8321	5.060332
246	-2999.761	-3166.425	166.664	5.153473
252	-3003.01	-3169.861	166.8507	5.05001
258	-3006.509	-3173.36	166.8507	5.05001
264	-3003.157	-3169.913	166.7554	5.102855
270	-2993.418	-3160.548	167.1299	4.894762
276	-3005.271	-3171.941	166.6694	5.150493
282	-2997.421	-3164.605	167.1832	4.86511
288	-2994.879	-3162.04	167.1606	4.877657
294	-2999.637	-3166.884	167.2472	4.829396
300	-3000.726	-3168.143	167.417	4.734567
306	-3016.311	-3183.784	167.4735	4.702971
312	-2996.441	-3163.626	167.1846	4.8643
318	-2998.332	-3165.776	167.4442	4.719405
324	-2994.426	-3161.455	167.0285	4.951199
330	-2988.282	-3155.215	166.9333	5.004111
336	-2994.38	-3161.782	167.4016	4.74319
342	-2995.645	-3162.248	166.6032	5.187122
348	-2994.913	-3161.809	166.8965	5.024536
354	-2996.054	-3163.767	167.7136	4.568407
360	-3001.551	-3168.893	167.3419	4.776539
366	-3004.688	-3172.058	167.369	4.761394
372	-3001.571	-3169.181	167.6099	4.626581
378	-3006.017	-3173.294	167.2771	4.812698
384	-3008.592	-3175.4	166.8083	5.073519
390	-3004.681	-3171.49	166.8083	5.073519
396	-2996.993	-3163.775	166.7822	5.087987
402	-2997.627	-3164.409	166.7822	5.087987
408	-2994.007	-3160.839	166.8319	5.06039
414	-2994.307	-3161.224	166.9166	5.013385
420	-2983.933	-3151.118	167.1853	4.863907
426	-2990.554	-3157.705	167.1509	4.883065
432	-2989.866	-3156.932	167.0661	4.930276
438	-2994.513	-3161.579	167.0661	4.930276
444	-2984.744	-3151.81	167.0661	4.930276
450	-2986.221	-3153.295	167.0735	4.92619
456	-2991.79	-3158.679	166.8889	5.028756
462	-3005.004	-3172.187	167.1828	4.865287
468	-3006.863	-3174.045	167.1828	4.865287
474	-2986.239	-3153.086	166.8473	5.051857
480	-3002.107	-3169.1	166.9929	4.971027
486	-2992.485	-3159.228	166.7429	5.109769
492	-3002.277	-3169.063	166.7858	5.085966
498	-3002.507	-3169	166.4939	5.247581
504	-3000.873	-3167.44	166.5661	5.207658
510	-2984.698	-3151.029	166.3308	5.337626
516	-2986.233	-3153.653	167.4193	4.733291
522	-2988.034	-3154.942	166.9083	5.017988
528	-2984.7	-3151.152	166.4524	5.270497
534	-2990.151	-3157.312	167.1602	4.877917
540	-2979.74	-3146.9	167.1602	4.877917
546	-2987.087	-3153.846	166.7591	5.100775
552	-2992.083	-3159.416	167.3336	4.781185
558	-2991.866	-3158.82	166.9543	4.992462
564	-3008.324	-3175.538	167.214	4.847923
570	-3011.983	-3178.609	166.6264	5.17429
576	-3012.502	-3180.313	167.8108	4.513822
582	-3005.471	-3172.491	167.0197	4.956102
588	-2998.751	-3166.129	167.3773	4.756768
594	-2999.188	-3166.223	167.035	4.947582
600	-3001.581	-3168.607	167.0261	4.952569
606	-2986.038	-3153.182	167.1441	4.886846
612	-2988.117	-3154.85	166.733	5.115233
618	-2991.422	-3158.211	166.7891	5.084165
624	-2983.648	-3150.437	166.7891	5.084165
630	-2983.967	-3150.756	166.7891	5.084165
636	-3004.936	-3171.871	166.9353	5.003019
642	-2997.188	-3163.748	166.5602	5.210945
648	-2997.495	-3164.486	166.991	4.972056
654	-2997.602	-3163.948	166.3457	5.329417
660	-2993.373	-3160.119	166.7465	5.107766
666	-2987.582	-3154.636	167.0531	4.93752
672	-2999.757	-3166.702	166.9441	4.998118
678	-2998.328	-3165.138	166.8104	5.072323
684	-2993.271	-3160.192	166.9206	5.011181
690	-2994.294	-3161.081	166.7877	5.08495
696	-3000.101	-3167.442	167.3415	4.776765
702	-2992.894	-3159.793	166.8989	5.023231
708	-2997.641	-3164.224	166.5831	5.198253
714	-3003.98	-3170.616	166.6366	5.168645
720	-3005.478	-3172.175	166.6967	5.135375
726	-3002.219	-3168.915	166.6967	5.135375
732	-2997.414	-3164.451	167.0373	4.946335
738	-3013.945	-3180.675	166.7296	5.117156
744	-3006.911	-3173.23	166.319	5.344152
750	-3009.807	-3177.135	167.3281	4.784235
756	-3020.441	-3187.551	167.1105	4.905567
762	-3010.386	-3177.515	167.1291	4.895198
768	-2999.924	-3166.217	166.2929	5.358521
774	-3002.148	-3168.551	166.4029	5.297849
780	-2984.849	-3151.832	166.9829	4.976555
786	-2984.125	-3151.267	167.1426	4.8877
792	-2989.383	-3156.454	167.0705	4.927818
798	-2981.702	-3149.337	167.6352	4.612395
804	-2980.572	-3147.672	167.0999	4.911481
810	-2981.942	-3149.275	167.3332	4.78143
816	-2978.887	-3146.203	167.3163	4.790862
822	-2982.618	-3150.091	167.4734	4.703041
828	-2979.659	-3146.035	166.3765	5.312397
834	-2979.608	-3146.786	167.1782	4.867853
840	-2981.32	-3148.706	167.3853	4.752311
846	-2981.761	-3148.96	167.1996	4.855968
852	-2985.298	-3152.552	167.2546	4.825296
858	-2998.12	-3165.39	167.2696	4.816928
864	-2983.317	-3150.551	167.2345	4.836488
870	-2977.223	-3144.238	167.0154	4.958466
876	-2989.108	-3156.628	167.5208	4.676509
882	-2995.678	-3163.33	167.6522	4.602907
888	-2985.802	-3153.054	167.2522	4.826626
894	-2998.673	-3165.925	167.2522	4.826626
900	-3006.777	-3174.587	167.8101	4.514223
906	-2989.253	-3156.451	167.1985	4.856579
912	-2992.491	-3159.9	167.4092	4.738939
918	-2993.191	-3160.611	167.42	4.73293
924	-2996.376	-3163.288	166.9122	5.015815
930	-2998.024	-3165.194	167.1699	4.872476
936	-2999.234	-3166.226	166.9922	4.971416
942	-3006.291	-3174.283	167.9924	4.411562
948	-2998.217	-3166.234	168.0169	4.397735
954	-3001.969	-3168.219	166.2498	5.382324
960	-2987.315	-3154.178	166.8634	5.042933
966	-2984.39	-3151.452	167.0617	4.932723
972	-2989.095	-3156.218	167.1239	4.898139
978	-3001.844	-3168.992	167.1477	4.884872
984	-3000.314	-3167.059	166.7447	5.108761
990	-3003.455	-3170.967	167.5121	4.681391
996	-3017.945	-3185.271	167.3258	4.78554
1002	-3003.816	-3171.112	167.2956	4.802395
1008	-2997.382	-3164.461	167.0787	4.923288
1014	-2994.231	-3161.276	167.0453	4.941847
1020	-3003.288	-3170.767	167.4788	4.700037
1026	-2998.43	-3165.062	166.6328	5.170748
1032	-3001.822	-3168.455	166.6328	5.170748
1038	-3014.884	-3181.937	167.0525	4.937862
1044	-2994.334	-3161.576	167.2419	4.832383
1050	-2986.838	-3154.164	167.326	4.785449
1056	-2997.721	-3164.554	166.8332	5.059701
1062	-2999.649	-3166.482	166.8332	5.059701
1068	-2998.794	-3165.914	167.12	4.900302
1074	-2992.534	-3159.538	167.0042	4.964706
1080	-2997.477	-3164.247	166.7699	5.094827
1086	-2999.768	-3166.167	166.3992	5.299886
1092	-2999.145	-3166.676	167.531	4.670812
1098	-2994.229	-3161.503	167.2735	4.814729
1104	-2994.526	-3161.064	166.5377	5.223337
1110	-3002.639	-3169.617	166.9779	4.979365
1116	-3009.702	-3177.129	167.4272	4.728884
1122	-3008.097	-3174.919	166.8213	5.066318
1128	-2989.249	-3156.251	167.0027	4.965559
1134	-2999.221	-3166.199	166.9775	4.979536
1140	-2983.842	-3150.965	167.1222	4.899038
1146	-2983.04	-3149.726	166.6859	5.141323
1152	-2994.822	-3162.072	167.2501	4.827785
1158	-2988.415	-3155.432	167.0168	4.957717
1164	-2991.232	-3158.249	167.0168	4.957717
1170	-3007.43	-3174.442	167.0122	4.960279
1176	-2987.594	-3154.606	167.0122	4.960279
1182	-2978.294	-3145.522	167.2285	4.839815
1188	-2979.46	-3146.45	166.9896	4.972856
1194	-2984.885	-3151.874	166.9896	4.972856
1200	-2993.667	-3160.656	166.9896	4.972856
1206	-2990.52	-3157.396	166.8756	5.036159
1212	-3003.382	-3170.391	167.0091	4.961995
1218	-2993.27	-3160.707	167.4373	4.723253
1224	-2994.922	-3162.36	167.4373	4.723253
1230	-3006.295	-3172.83	166.5351	5.22478
1236	-3005.231	-3171.766	166.5351	5.22478
1242	-3002.961	-3170.031	167.0704	4.927917
1248	-2991.761	-3158.922	167.1613	4.877297
1254	-2993.457	-3160.618	167.1613	4.877297
1260	-2981.173	-3148.096	166.9235	5.009545
1266	-2997.538	-3163.97	166.4323	5.281626
1272	-2985.494	-3152.71	167.2155	4.847079
1278	-2983.369	-3150.584	167.2155	4.847079
1284	-2993.009	-3160.423	167.4145	4.735988
1290	-2991.426	-3158.259	166.8326	5.060045
1296	-2986.489	-3153.215	166.7258	5.11923
1302	-2996.235	-3163.691	167.4558	4.7129
1308	-2991.87	-3158.969	167.0984	4.912335
1314	-2988.837	-3155.936	167.0984	4.912335
1320	-3005.08	-3171.977	166.8968	5.024374
1326	-3007.93	-3175.415	167.4846	4.696772
1332	-3005.766	-3172.918	167.1517	4.882622
1338	-2988.179	-3154.835	166.6559	5.157977
1344	-2996.079	-3162.709	166.6304	5.172055
1350	-2999.377	-3166.33	166.9537	4.992807
1356	-2992.831	-3160.054	167.2233	4.842751
1362	-2987.982	-3154.989	167.0068	4.963291
1368	-2998.063	-3165.107	167.0439	4.94266
1374	-3002.935	-3169.829	166.8933	5.026311
1380	-2981.261	-3148.024	166.7632	5.098528
1386	-2984.113	-3150.904	166.7909	5.083157
1392	-2988.307	-3155.445	167.1383	4.890101
1398	-2994.413	-3161.198	166.7846	5.086634
1404	-3000.334	-3166.748	166.414	5.2917
1410	-2991.103	-3157.708	166.6059	5.185662
1416	-2983.628	-3150.49	166.8618	5.043808
1422	-2985.947	-3152.809	166.8618	5.043808
1428	-2995.071	-3161.645	166.5739	5.203366
1434	-2996.748	-3163.345	166.5963	5.190936
1440	-2995.438	-3162.388	166.9503	4.994661
1446	-2980.151	-3147.102	166.9503	4.994661
1452	-2988.601	-3155.261	166.6605	5.155409
1458	-2986.363	-3153.292	166.9293	5.006365
1464	-2984.184	-3151.113	166.9293	5.006365
1470	-2982.695	-3149.92	167.2253	4.841604
1476	-2980.01	-3146.741	166.7317	5.115989
1482	-2992.686	-3159.494	166.808	5.073674
1488	-2995.951	-3163.252	167.301	4.799371
1494	-2998.322	-3165.068	166.7453	5.10845
1500	-3003.474	-3170.239	166.7652	5.097429
1506	-3003.665	-3171.034	167.3689	4.76148
1512	-3000.743	-3168.061	167.3178	4.790019
1518	-2994.251	-3161.082	166.8315	5.060653
1524	-2995.346	-3162.259	166.9131	5.015343
1530	-3000.202	-3166.986	166.7838	5.087091
1536	-3001.567	-3168.521	166.9531	4.993107
1542	-2993.517	-3160.48	166.9631	4.987589
1548	-2992.153	-3159.482	167.3297	4.78334
1554	-3002.92	-3170.248	167.3274	4.784633
1560	-2999.587	-3166.937	167.3494	4.772372
1566	-2989.329	-3156.615	167.2854	4.808088
1572	-2988.614	-3156.152	167.5383	4.666705
1578	-2979.962	-3147.366	167.4041	4.741822
1584	-2993.516	-3160.108	166.5928	5.192909
1590	-2992.863	-3159.756	166.8926	5.026704
1596	-2986.121	-3153.288	167.1664	4.874454
1602	-2990.972	-3158.171	167.1986	4.856484
1608	-2995.056	-3161.872	166.8156	5.06944
1614	-2986.361	-3153.176	166.8156	5.06944
1620	-2983.32	-3149.986	166.6666	5.152034
1626	-2989.014	-3156.706	167.6922	4.580463
1632	-2990.874	-3158.375	167.5001	4.688099
1638	-2990.381	-3157.54	167.1595	4.87831
1644	-3009.521	-3176.799	167.2777	4.812385
1650	-2997.434	-3164.833	167.3995	4.744366
1656	-2990.197	-3157.027	166.8293	5.061864
1662	-2993.829	-3160.755	166.9261	5.008134
1668	-2993.834	-3160.687	166.853	5.048692
1674	-3003.933	-3170.786	166.853	5.048692
1680	-2999.113	-3166.56	167.4474	4.717584
1686	-3000.612	-3167.946	167.3341	4.780891
1692	-3002.462	-3169.533	167.0712	4.927459
1698	-2998.216	-3165.425	167.2098	4.85023
1704	-2991.378	-3158.588	167.2098	4.85023
1710	-2995.93	-3162.68	166.7498	5.105951
1716	-2995.57	-3162.432	166.8622	5.043628
1722	-3012.384	-3178.772	166.388	5.306062
1728	-3001.301	-3167.566	166.2654	5.373718
1734	-2996.433	-3162.879	166.4456	5.274287
1740	-2985.959	-3153.165	167.2062	4.852277
1746	-2994.596	-3161.344	166.748	5.106924
1752	-2986.479	-3153.532	167.053	4.937604
1758	-2990.45	-3157.616	167.1659	4.874714
1764	-2999.679	-3167.268	167.5892	4.638178
1770	-2996.468	-3163.483	167.0147	4.958903
1776	-2987.282	-3154.291	167.0095	4.96178
1782	-2996.64	-3163.367	166.7272	5.118466
1788	-3000.35	-3167.44	167.0904	4.916765
1794	-2991.424	-3157.554	166.1291	5.448777
1800	-2992.869	-3160.518	167.6495	4.604382
1806	-2985.747	-3152.45	166.7038	5.13145
1812	-2989.428	-3156.302	166.8735	5.037336
1818	-2994.912	-3162.286	167.3737	4.758813
1824	-2990.156	-3157.587	167.4314	4.726527
1830	-2988.041	-3154.712	166.6706	5.149822
1836	-2995.058	-3162.008	166.9495	4.995105
1842	-2997.256	-3163.93	166.6741	5.147899
1848	-2997.906	-3164.942	167.0362	4.946913
1854	-2994.446	-3161.907	167.4608	4.710121
1860	-3002.481	-3169.53	167.049	4.939813
1866	-3009.133	-3176.883	167.7502	4.547857
1872	-2987.909	-3155.37	167.4607	4.710139
1878	-2995.822	-3163.066	167.2442	4.831092
1884	-2989.826	-3156.948	167.1217	4.899367
1890	-2986.177	-3153.911	167.7337	4.55712
1896	-2989.702	-3157.133	167.4307	4.726918
1902	-2999.965	-3166.747	166.7823	5.087952
1908	-2987.269	-3154.586	167.3175	4.790196
1914	-2987.229	-3154.036	166.8073	5.074037
1920	-2991.601	-3158.6	166.9985	4.967899
1926	-2992.533	-3159.468	166.9352	5.003046
1932	-2991.786	-3158.68	166.8938	5.026038
1938	-2988.628	-3155.229	166.6013	5.188186
1944	-2993.833	-3160.723	166.8905	5.02787
1950	-2996.249	-3163.88	167.6306	4.614976
1956	-2992.386	-3159.38	166.9949	4.969892
1962	-2989.665	-3156.879	167.214	4.847901
1968	-2989.85	-3156.814	166.964	4.987078
1974	-2988.112	-3154.997	166.8846	5.031184
1980	-2995.082	-3162.217	167.1349	4.891984
1986	-2989.83	-3156.58	166.7503	5.10567
1992	-3003.919	-3170.864	166.9452	4.99751
1998	-2995.744	-3162.768	167.0242	4.953613
2004	-2990.526	-3157.55	167.0242	4.953613
2010	-2998.08	-3165.104	167.0242	4.953613
2016	-2987.064	-3153.803	166.7391	5.111883
2022	-2984.395	-3151.928	167.5328	4.669818
2028	-2990.167	-3157.423	167.256	4.824492
2034	-2992.436	-3159.692	167.256	4.824492
2040	-2994.043	-3161.274	167.231	4.838444
2046	-3009.92	-3176.655	166.7348	5.114231
2052	-2997.03	-3164.428	167.3971	4.74571
2058	-2993.607	-3160.63	167.023	4.954275
2064	-2990.83	-3157.53	166.6997	5.133732
2070	-2992.404	-3158.966	166.5613	5.210297
2076	-2997.749	-3164.769	167.0198	4.95602
2082	-2983.004	-3150.141	167.1363	4.891201
2088	-2988.934	-3155.866	166.9326	5.004534
2094	-2995.552	-3161.971	166.4191	5.288922
2100	-2982.594	-3149.473	166.8793	5.034101
2106	-2987.527	-3154.412	166.8851	5.030872
2112	-2990.09	-3157.092	167.0018	4.966074
2118	-2992.17	-3158.626	166.456	5.268501
2124	-2980.845	-3147.792	166.9462	4.996965
2130	-2983.794	-3150.741	166.9462	4.996965
2136	-2995.223	-3162.198	166.9748	4.981071
2142	-2996.014	-3162.989	166.9748	4.981071
2148	-2998.682	-3165.301	166.6197	5.178023
2154	-2991.715	-3157.946	166.2305	5.392959
2160	-2997.129	-3164.136	167.0072	4.963038
2166	-2991.324	-3158.083	166.7595	5.100557
2172	-2996.293	-3163.273	166.9805	4.977878
2178	-2988.448	-3154.857	166.4094	5.294244
2184	-2990.345	-3157.87	167.5254	4.673964
2190	-2997.452	-3164.781	167.329	4.783773
2196	-2998.466	-3165.652	167.1866	4.863191
2202	-2992.755	-3159.697	166.9422	4.999203
2208	-2990.858	-3158.081	167.2238	4.842472
2214	-2999.915	-3167.64	167.7247	4.562181
2220	-2990.979	-3157.252	166.273	5.369527
2226	-2987.811	-3155.231	167.4209	4.732392
2232	-2995.486	-3162.761	167.2741	4.814373
2238	-2984.598	-3151.522	166.9239	5.009323
2244	-2996.292	-3163.373	167.0816	4.921646
2250	-2991.078	-3158.565	167.4874	4.695241
2256	-3001.617	-3169.352	167.7353	4.55625
2262	-2982.254	-3149.55	167.2957	4.802319
2268	-2980.06	-3146.795	166.7354	5.113949
2274	-2978.35	-3144.617	166.2673	5.37264
2280	-2989.337	-3156.337	167.0002	4.966926
2286	-2989.621	-3156.247	166.6266	5.174166
2292	-2984.773	-3151.643	166.8696	5.039502
2298	-2993.788	-3160.519	166.7315	5.116069
2304	-2995.629	-3162.553	166.9241	5.00923
2310	-2989.277	-3156.703	167.4257	4.729737
2316	-2991.528	-3158.654	167.1259	4.896983
2322	-2990.123	-3156.94	166.8167	5.06883
2328	-3004.662	-3171.828	167.1659	4.874727
2334	-3001.183	-3167.799	166.616	5.180057
2340	-2996.951	-3164.123	167.1718	4.871448
2346	-2995.234	-3162.074	166.8399	5.055999
2352	-2992.527	-3159.635	167.1089	4.906483
2358	-2992.347	-3158.826	166.4786	5.256046
2364	-2995.981	-3163.569	167.5886	4.638544
2370	-2992.035	-3158.595	166.5595	5.211284
2376	-3001.662	-3168.021	166.3583	5.322458
2382	-3000.46	-3167.863	167.4034	4.742195
2388	-3005.705	-3172.853	167.1489	4.884171
2394	-2995.453	-3162.601	167.1489	4.884171
2400	-2996.52	-3164.005	167.4843	4.696925
2406	-3005.642	-3172.576	166.9331	5.004217
2412	-2998.672	-3166.04	167.3673	4.76234
2418	-3009.017	-3175.787	166.77	5.094743
2424	-2987.6	-3154.686	167.0859	4.919248
2430	-2987.733	-3154.926	167.1939	4.859127
2436	-2995.896	-3163.09	167.1939	4.859127
2442	-2989.558	-3156.751	167.1939	4.859127
2448	-2997.305	-3164.387	167.0817	4.921583
2454	-3003.657	-3170.129	166.4722	5.259574
2460	-2998.321	-3165.133	166.8122	5.071368
2466	-2999.244	-3166.057	166.8122	5.071368
2472	-2996.866	-3163.678	166.8122	5.071368
2478	-2997.781	-3164.472	166.6906	5.138733
2484	-3000.473	-3168.029	167.5561	4.656764
2490	-2997.855	-3164.989	167.1343	4.892349
2496	-3003.168	-3169.964	166.7954	5.080678
2502	-2999.108	-3166.392	167.2836	4.809085
2508	-3009.764	-3176.557	166.7922	5.082448
2514	-3001.279	-3168.473	167.1936	4.859311
2520	-2998.066	-3165.372	167.3059	4.796627
2526	-3008.275	-3175.186	166.9108	5.016642
2532	-3005.477	-3172.609	167.132	4.893601
2538	-2995.895	-3162.609	166.7143	5.125631
2544	-2984.098	-3150.796	166.6985	5.134348
2550	-2982.696	-3149.397	166.7017	5.132616
2556	-2985.305	-3152.028	166.7229	5.120827
2562	-2996.036	-3162.993	166.9576	4.990602
2568	-2986.991	-3153.683	166.692	5.137949
2574	-2984.09	-3150.43	166.3399	5.33263
2580	-2984.689	-3151.623	166.9334	5.004074
2586	-2994.955	-3161.838	166.8831	5.032014
2592	-2989.208	-3156.126	166.9173	5.013035
2598	-2986.199	-3153.116	166.9173	5.013035
2604	-2986.777	-3153.695	166.9173	5.013035
2610	-2982.234	-3149.848	167.6141	4.624266
2616	-2984.569	-3151.916	167.3468	4.7738
2622	-2991.335	-3158.012	166.6763	5.146641
2628	-2984.7	-3150.988	166.2881	5.361185
2634	-2985.032	-3151.302	166.2705	5.370863
2640	-2994.453	-3161.044	166.5911	5.193848
2646	-2983.445	-3150.774	167.329	4.783741
2652	-2980.385	-3147.714	167.329	4.783741
2658	-2981.166	-3148.366	167.1998	4.855815
2664	-2975.702	-3142.743	167.0414	4.944029
2670	-2981.551	-3148.856	167.305	4.797135
2676	-2994.411	-3161.268	166.8573	5.046336
2682	-2983.826	-3150.497	166.6707	5.149748
2688	-2999.447	-3166.574	167.1272	4.896291
2694	-2986.093	-3153.057	166.9634	4.987388
2700	-2993.494	-3160.933	167.4397	4.721913
2706	-2994.86	-3162.416	167.5565	4.656503
2712	-2992.94	-3160.178	167.2372	4.834956
2718	-3003.002	-3170.239	167.2372	4.834956
2724	-3002.34	-3169.111	166.7707	5.094359
2730	-2991.495	-3158.335	166.8393	5.056315
2736	-2997.346	-3164.22	166.8741	5.036994
2742	-3010.857	-3177.852	166.9952	4.969728
2748	-3000.673	-3167.976	167.3026	4.798474
2754	-3010.414	-3177.322	166.9084	5.017953
2760	-3006.904	-3174.748	167.8445	4.494886
2766	-3004.268	-3170.857	166.589	5.19497
2772	-2995.484	-3162.513	167.0293	4.950766
2778	-2994.315	-3161.032	166.7172	5.124001
2784	-2997.718	-3164.413	166.6951	5.136228
2790	-2997.676	-3165.324	167.6481	4.605198
2796	-2993.688	-3160.424	166.7362	5.113463
2802	-2991.171	-3158.672	167.5011	4.687571
2808	-2993.556	-3160.709	167.1529	4.881942
2814	-2997.886	-3165.125	167.2393	4.833812
2820	-2993.177	-3159.367	166.1909	5.414761
2826	-2993.605	-3160.589	166.9836	4.976145
2832	-2987.537	-3154.334	166.7965	5.080029
2838	-2987.861	-3154.879	167.0177	4.957204
2844	-2996.431	-3163.217	166.7855	5.086157
2850	-2990.917	-3157.903	166.9862	4.97474
2856	-2993.25	-3160.559	167.3087	4.795071
2862	-3002.926	-3170.235	167.3087	4.795071
2868	-3003.955	-3171.41	167.4547	4.713522
2874	-3005.276	-3172.773	167.4971	4.689789
2880	-3003.741	-3170.68	166.9394	5.000708
2886	-3010.645	-3177.068	166.4231	5.286672
2892	-3011.699	-3179.071	167.3722	4.75964
2898	-3015.322	-3182.861	167.5392	4.666227
2904	-2996.187	-3163.611	167.424	4.730653
2910	-2998.655	-3165.771	167.1158	4.902612
2916	-2999.125	-3166.119	166.9937	4.970553
2922	-3008.914	-3175.645	166.7309	5.116427
2928	-2998.957	-3166.166	167.2088	4.850841
2934	-3011.569	-3178.725	167.1562	4.880131
2940	-3006.314	-3173.723	167.409	4.739041
2946	-2996.53	-3163.642	167.112	4.904729
2952	-2998.164	-3165.051	166.8874	5.029635
2958	-3001.07	-3167.899	166.8287	5.062183
2964	-2997.683	-3164.81	167.1271	4.896332
2970	-3001.204	-3168.331	167.1271	4.896332
2976	-3000.418	-3167.545	167.1271	4.896332
2982	-3000.221	-3167.221	167.0002	4.96695
2988	-2986.307	-3153.198	166.8918	5.027163
2994	-2991.588	-3158.376	166.7881	5.084732
3000	-2997.008	-3164.046	167.0377	4.946111
3006	-2996.559	-3163.323	166.7641	5.097992
3012	-2983.169	-3150.352	167.1833	4.865055
3018	-2995.429	-3162.998	167.5683	4.649925
3024	-3001.532	-3168.891	167.3586	4.767209
3030	-2994.52	-3161.634	167.114	4.903618
3036	-2998.075	-3164.358	166.2832	5.363887
3042	-2998.029	-3164.888	166.8584	5.045699
3048	-3005.797	-3172.94	167.1432	4.887373
3054	-2993.829	-3161.426	167.596	4.634381
3060	-3003.115	-3170.763	167.6481	4.605183
3066	-3003.405	-3170.399	166.9942	4.970277
3072	-2988.764	-3155.18	166.416	5.290611
3078	-2990.692	-3157.897	167.2054	4.852737
3084	-2990.132	-3156.764	166.6319	5.171265
3090	-2993.047	-3160.149	167.1027	4.909943
3096	-2993.84	-3160.721	166.8805	5.033464
3102	-2990.736	-3157.898	167.1623	4.876747
3108	-2989.347	-3156.109	166.7617	5.099327
3114	-2980.455	-3146.925	166.4698	5.260896
3120	-2988.889	-3155.201	166.3128	5.347579
3126	-2988.553	-3155.753	167.1992	4.856177
3132	-2997.788	-3165.38	167.5916	4.636835
3138	-3003.72	-3170.896	167.1755	4.869353
3144	-2983.119	-3150.435	167.3161	4.790937
3150	-2983.68	-3151.221	167.5411	4.665134
3156	-3000.166	-3166.761	166.5951	5.191602
3162	-2988.606	-3155.521	166.9152	5.014203
3168	-2994.527	-3161.587	167.0601	4.933636
3174	-2990.564	-3157.916	167.3529	4.770385
3180	-2994.432	-3161.84	167.4074	4.739977
3186	-2994.796	-3162.22	167.4241	4.730609
3192	-2985.78	-3152.342	166.5621	5.209887
3198	-2987.051	-3154.592	167.5411	4.665137
3204	-2984.969	-3152.51	167.5411	4.665137
3210	-2982.543	-3149.846	167.303	4.798253
3216	-2988.254	-3155.461	167.207	4.851796
3222	-2995.842	-3163.181	167.3383	4.778556
3228	-3007.137	-3173.846	166.7097	5.128165
3234	-2996.728	-3164.23	167.5011	4.687549
3240	-2990.755	-3158.188	167.4324	4.725998
3246	-2992.873	-3159.313	166.4403	5.277211
3252	-2987.941	-3154.752	166.8107	5.072185
3258	-2996.6	-3163.485	166.8848	5.031081
3264	-3000.84	-3167.61	166.77	5.094763
3270	-2982.273	-3149.256	166.9835	4.976219
3276	-2987.825	-3155.253	167.428	4.728441
3282	-2988.436	-3155.691	167.2543	4.825419
3288	-2989.747	-3156.72	166.9727	4.982223
3294	-3006.736	-3174.003	167.2666	4.818564
3300	-3014.961	-3181.861	166.9002	5.022506
3306	-2999.477	-3166.768	167.2908	4.805061
3312	-3008.246	-3175.476	167.2297	4.839167
3318	-2991.589	-3158.407	166.8179	5.068168
3324	-2997.311	-3164.925	167.6131	4.624814
3330	-2985.695	-3153.053	167.3586	4.767249
3336	-2994.738	-3162.555	167.8169	4.510365
3342	-2989.892	-3156.657	166.7655	5.097226
3348	-2990.545	-3158.116	167.5718	4.647936
3354	-2981.871	-3149.443	167.5718	4.647936
3360	-2984.78	-3151.471	166.691	5.138515
3366	-2976.477	-3143.765	167.2879	4.806705
3372	-2983.461	-3150.099	166.6384	5.167648
3378	-2990.189	-3156.607	166.4184	5.289255
3384	-2981.47	-3148.47	167.0003	4.966885
3390	-2983.977	-3150.761	166.7837	5.087145
3396	-2984.499	-3152.03	167.5303	4.67121
3402	-2996.111	-3163.641	167.5303	4.67121
3408	-2990.695	-3157.699	167.0033	4.96523
3414	-3001.279	-3168.443	167.1645	4.875516
3420	-2999.964	-3167.464	167.4999	4.688193
3426	-2988.971	-3155.95	166.9797	4.978355
3432	-3000.25	-3167.445	167.1954	4.858305
3438	-3006.687	-3173.882	167.1954	4.858305
3444	-3008.036	-3174.583	166.5475	5.217965
3450	-2992.864	-3160.061	167.1971	4.857356
3456	-3004.542	-3171.697	167.1548	4.880904
3462	-3001.136	-3168.82	167.6836	4.585268
3468	-2985.642	-3152.699	167.0564	4.935672
3474	-2987.157	-3153.778	166.6214	5.17708
3480	-2981.244	-3148.522	167.2778	4.812315
3486	-2982.149	-3148.818	166.6688	5.150826
3492	-2980.952	-3147.62	166.6688	5.150826
3498	-2987.134	-3154.227	167.0926	4.915549
3504	-2991.163	-3158.022	166.8584	5.045704
3510	-2980.426	-3147.284	166.8584	5.045704
3516	-2977.533	-3144.383	166.8497	5.050549
3522	-2990.382	-3157.832	167.4506	4.715826
3528	-2982.876	-3150.282	167.4063	4.740591
3534	-2984.896	-3151.917	167.0209	4.95545
3540	-2991.835	-3158.807	166.9721	4.982564
3546	-2985.934	-3152.906	166.9721	4.982564
3552	-2993.577	-3160.261	166.6848	5.141973
3558	-2991.517	-3158.206	166.6886	5.139874
3564	-2999.73	-3166.575	166.8445	5.053415
3570	-2981.898	-3149.231	167.3327	4.781671
3576	-2990.992	-3157.612	166.6204	5.177629
3582	-2992.869	-3160.15	167.2812	4.810421
3588	-2993.629	-3161.252	167.6229	4.619298
3594	-2991.487	-3158.524	167.0368	4.946565
3600	-2977.241	-3143.89	166.649	5.161803
3606	-2989.871	-3156.52	166.649	5.161803
3612	-2988.138	-3155.026	166.8885	5.028986
3618	-2998.663	-3165.569	166.9058	5.01941
3624	-2992.574	-3159.824	167.2499	4.827879
3630	-2989.809	-3157.018	167.2093	4.85054
3636	-2992.691	-3158.88	166.1892	5.415673
3642	-2995.665	-3162.246	166.5815	5.199159
3648	-3009.095	-3176.621	167.5268	4.673164
3654	-2993.549	-3159.721	166.172	5.425151
3660	-3009.173	-3176.495	167.3226	4.787308
3666	-3016.454	-3183.512	167.0576	4.935001
3672	-3011.603	-3178.661	167.0576	4.935001
3678	-2996.81	-3164.091	167.2813	4.810363
3684	-2993.357	-3160.696	167.3395	4.777884
3690	-2997.742	-3165.362	167.6204	4.620692
3696	-2995.939	-3162.756	166.8175	5.068412
3702	-3000.566	-3167.391	166.8245	5.064504
3708	-2993.413	-3160.03	166.6177	5.179115
3714	-2990.919	-3158.228	167.3085	4.795178
3720	-2994.123	-3161.432	167.3085	4.795178
3726	-2991.109	-3157.67	166.561	5.210501
3732	-2991.847	-3158.835	166.9877	4.973877
3738	-2997.63	-3165.228	167.598	4.633276
3744	-2979.571	-3146.644	167.0727	4.92659
3750	-2978.624	-3145.817	167.1938	4.859156
3756	-2976.032	-3142.702	166.6698	5.150256
3762	-2978.513	-3145.696	167.1824	4.865553
3768	-2987.883	-3155.001	167.1179	4.90143
3774	-2985.967	-3153.085	167.1179	4.90143
3780	-2979.068	-3146.066	166.9973	4.968577
3786	-2988.288	-3155.428	167.1401	4.889085
3792	-2994.033	-3161.111	167.0782	4.92354
3798	-2985.341	-3152.419	167.0782	4.92354
3804	-2989.81	-3157.088	167.2779	4.812293
3810	-2994.544	-3161.444	166.8993	5.02301
3816	-2995.992	-3163.562	167.57	4.648983
3822	-2994.578	-3161.368	166.7906	5.083347
3828	-2996.848	-3164.386	167.5383	4.666725
3834	-2999.219	-3165.889	166.6698	5.150245
3840	-2997.43	-3164.079	166.6499	5.161287
3846	-3012.771	-3179.421	166.6499	5.161287
3852	-3002.601	-3169.52	166.9188	5.012163
3858	-3008.723	-3175.372	166.6488	5.161891
3864	-3009.513	-3176.951	167.4381	4.722768
3870	-3011.149	-3178.825	167.6766	4.589211
3876	-3004.47	-3172.147	167.6766	4.589211
3882	-3002.816	-3169.969	167.1527	4.882056
3888	-3011.339	-3178.428	167.0894	4.917315
3894	-3000.383	-3167.072	166.6887	5.139785
3900	-2997.479	-3165.153	167.674	4.590666
3906	-3000.237	-3167.767	167.5298	4.671469
3912	-3002.979	-3170.066	167.0875	4.918376
3918	-3006.68	-3173.964	167.2835	4.809132
3924	-3002.11	-3169.623	167.5129	4.680944
3930	-3013.707	-3180.513	166.8061	5.074748
3936	-3023.08	-3190.435	167.3544	4.769587
3942	-3003.032	-3169.872	166.84	5.055939
3948	-3005.701	-3173.035	167.3335	4.781245
3954	-2995.09	-3162.282	167.1917	4.860355
3960	-2991.829	-3159.329	167.5001	4.6881
3966	-2990.23	-3157.654	167.4237	4.730857
3972	-3004.015	-3171.361	167.3456	4.774484
3978	-2998.038	-3165.074	167.0354	4.947361
3984	-3002.632	-3169.269	166.6362	5.168874
3990	-2994.448	-3162.25	167.8022	4.518642
3996	-2991.279	-3159.081	167.8022	4.518642
4002	-3002.736	-3170.871	168.1353	4.33087
4008	-2989.797	-3156.858	167.0614	4.932909
4014	-3001.378	-3168.439	167.0614	4.932909
4020	-2992.598	-3159.66	167.0614	4.932909
4026	-2994.133	-3161.002	166.8692	5.039714
4032	-3006.966	-3174.096	167.1294	4.895035
4038	-3005.514	-3172.616	167.1022	4.910184
4044	-2988.654	-3156.019	167.3651	4.763599
4050	-3001.151	-3168.142	166.9914	4.971859
4056	-3002.615	-3169.638	167.0226	4.95449
4062	-2993.921	-3161.03	167.1095	4.906121
4068	-3002.486	-3169.595	167.1095	4.906121
4074	-3006.122	-3172.935	166.813	5.070882
4080	-2995.079	-3161.892	166.813	5.070882
4086	-2994.599	-3161.264	166.665	5.152915
4092	-2989.925	-3156.764	166.8393	5.056284
4098	-2999.234	-3166.825	167.5914	4.636981
4104	-2994.886	-3162.229	167.3439	4.775417
4110	-2991.106	-3158.45	167.3439	4.775417
4116	-3001.655	-3168.072	166.4168	5.290192
4122	-3000.598	-3166.161	165.5636	5.759235
4128	-3013.292	-3180.529	167.2364	4.835439
4134	-3008.42	-3175.656	167.2364	4.835439
4140	-2991.713	-3158.878	167.1643	4.875596
4146	-3000.76	-3167.344	166.5844	5.197526
4152	-2993.236	-3160.633	167.3973	4.745591
4158	-2995.261	-3162.355	167.0937	4.914909
4164	-2995.458	-3162.485	167.0274	4.951823
4170	-3004.115	-3171.469	167.3544	4.769556
4176	-3003.119	-3169.79	166.6709	5.149672
4182	-2998.51	-3165.615	167.1046	4.908875
4188	-3006.79	-3173.894	167.1046	4.908875
4194	-3005.01	-3171.953	166.9433	4.99854
4200	-3010.05	-3176.993	166.9433	4.99854
4206	-3001.202	-3168.145	166.9433	4.99854
4212	-3003.342	-3169.968	166.6254	5.174822
4218	-2995.769	-3162.973	167.204	4.853463
4224	-2991.062	-3158.266	167.204	4.853463
4230	-2983.154	-3150.109	166.9554	4.991864
4236	-2981.804	-3148.747	166.9428	4.998834
4242	-2986.96	-3154.291	167.3305	4.78294
4248	-2994.269	-3161.057	166.788	5.084758
4254	-2987.816	-3155.321	167.5043	4.685774
4260	-2991.927	-3158.35	166.4228	5.286829
4266	-3000.897	-3167.32	166.4228	5.286829
4272	-2998.521	-3164.875	166.3537	5.325022
4278	-2990.364	-3157.211	166.8475	5.051776
4284	-2998.597	-3165.52	166.9228	5.009972
4290	-3004.79	-3171.911	167.1214	4.899492
4296	-2995.778	-3163.298	167.5198	4.677093
4302	-2997.518	-3164.771	167.2535	4.825886
4308	-2994.407	-3161.041	166.6345	5.16981
4314	-2993.105	-3159.769	166.6647	5.153081
4320	-2988.241	-3154.795	166.554	5.214362
4326	-2981.629	-3149.016	167.3873	4.75121
4332	-2986.642	-3154.028	167.3858	4.752025
4338	-2993.601	-3160.643	167.0425	4.943421
4344	-3007.782	-3174.835	167.0525	4.937841
4350	-2996.67	-3163.929	167.259	4.82282
4356	-3001.4	-3169.369	167.9695	4.424455
4362	-2996.041	-3163.218	167.1766	4.868744
4368	-2998.654	-3165.83	167.1766	4.868744
4374	-3009.393	-3176.69	167.2968	4.801713
4380	-2993.985	-3161.38	167.3947	4.747044
4386	-2997.193	-3165.14	167.9471	4.437078
4392	-2985.855	-3153.127	167.272	4.81555
4398	-2998.402	-3165.293	166.8911	5.02757
4404	-3000.42	-3167.365	166.9442	4.998093
4410	-2986.693	-3153.466	166.7731	5.093024
4416	-2999.965	-3167.122	167.1568	4.879773
4422	-2986.359	-3153.315	166.9561	4.991466
4428	-2993.923	-3161.591	167.6677	4.594188
4434	-3004.831	-3172.389	167.5583	4.655494
4440	-2991.164	-3158.42	167.2561	4.82445
4446	-2987.86	-3155.116	167.2561	4.82445
4452	-2987.211	-3153.918	166.707	5.129686
4458	-2993.643	-3161.306	167.6628	4.596929
4464	-2990.775	-3158.669	167.8937	4.467169
4470	-2989.479	-3157.372	167.8937	4.467169
4476	-2983.914	-3151.671	167.7572	4.543964
4482	-2986.069	-3152.676	166.6074	5.184784
4488	-2984.794	-3151.752	166.9575	4.990679
4494	-2983.329	-3150.378	167.049	4.939788
4500	-2979.241	-3146.467	167.2253	4.841623
4506	-2973.586	-3140.812	167.2253	4.841623
4512	-2977.298	-3144.556	167.2584	4.823141
4518	-2977.318	-3144.432	167.1137	4.903823
4524	-2995.463	-3162.577	167.1137	4.903823
4530	-3003.055	-3170.211	167.1562	4.880141
4536	-2990.891	-3157.759	166.8686	5.040062
4542	-2997.272	-3164.933	167.6616	4.59762
4548	-2997.213	-3164.348	167.1356	4.891598
4554	-2989.205	-3156.089	166.8848	5.031073
4560	-2987.078	-3153.963	166.8848	5.031073
4566	-2984.958	-3151.842	166.8848	5.031073
4572	-2991.847	-3158.878	167.0313	4.949623
4578	-2991.589	-3159.043	167.4544	4.713701
4584	-2986.576	-3153.677	167.1017	4.910491
4590	-2990.502	-3157.715	167.213	4.848451
4596	-2990.482	-3157.612	167.1299	4.894766
4602	-2994.019	-3161.294	167.2753	4.813742
4608	-2997.708	-3164.577	166.8692	5.039738
4614	-3007.586	-3175.086	167.4997	4.688345
4620	-3001.414	-3168.014	166.6005	5.188613
4626	-3005.189	-3171.886	166.6967	5.135348
4632	-3016.734	-3183.487	166.7528	5.104274
4638	-3002.01	-3169.11	167.1	4.911438
4644	-3011.349	-3178.449	167.1	4.911438
4650	-3004.601	-3171.593	166.9928	4.971049
4656	-3006.009	-3173.45	167.4412	4.721058
4662	-2995.793	-3163.424	167.6316	4.614421
4668	-2989.699	-3156.713	167.0141	4.959227
4674	-2993.632	-3161.261	167.6296	4.61557
4680	-2988.473	-3155.448	166.975	4.980938
4686	-2987.28	-3154.552	167.2728	4.815115
4692	-2991.545	-3158.884	167.3387	4.778335
4698	-2988.712	-3156.375	167.6626	4.59707
4704	-2990.442	-3157.792	167.3492	4.772452
4710	-2990.527	-3157.571	167.0439	4.942623
4716	-2991.589	-3158.575	166.9858	4.974959
4722	-2989.842	-3157.406	167.5635	4.652622
4728	-2997.175	-3164.028	166.8528	5.048836
4734	-2999.507	-3166.476	166.9688	4.984382
4740	-3006.667	-3173.955	167.2886	4.806292
4746	-3002.687	-3170.38	167.693	4.580014
4752	-2995.348	-3162.261	166.9124	5.015744
4758	-3004.898	-3171.732	166.8342	5.05912
4764	-3006.184	-3174.28	168.0962	4.352945
4770	-2994.758	-3162.643	167.8845	4.472335
4776	-2993.366	-3160.646	167.2794	4.811457
4782	-2998.251	-3165.762	167.5106	4.682232
4788	-2995.106	-3161.888	166.7824	5.08786
4794	-2996.866	-3163.378	166.5123	5.237411
4800	-2989.188	-3156.362	167.1743	4.870015
4806	-2986.377	-3153.551	167.1743	4.870015
4812	-2981.536	-3148.626	167.0903	4.916811
4818	-2985.065	-3152.736	167.6708	4.592446
4824	-2985.746	-3153.063	167.317	4.790439
4830	-2991.243	-3158.56	167.317	4.790439
4836	-2995.785	-3162.928	167.1438	4.887055
4842	-2999.171	-3166.473	167.3026	4.798504
4848	-2993.294	-3160.521	167.2275	4.840407
4854	-2987.885	-3154.466	166.5811	5.199348
4860	-2982.657	-3149.38	166.7232	5.120675
4866	-2998.078	-3165.15	167.072	4.927034
4872	-2995.611	-3162.895	167.2846	4.80853
4878	-3000.927	-3167.473	166.5459	5.218805
4884	-2990.23	-3156.874	166.6441	5.164504
4890	-2986.154	-3153.004	166.8508	5.049901
4896	-2997.266	-3164.397	167.1306	4.894384
4902	-3004.348	-3171.778	167.4307	4.726953
4908	-2993.628	-3160.545	166.9164	5.013515
4914	-2982.063	-3149.269	167.2056	4.852607
4920	-2994.302	-3161.794	167.4916	4.692887
4926	-2984.271	-3151.027	166.756	5.102529
4932	-2995.602	-3162.358	166.756	5.102529
4938	-2988.854	-3156.161	167.307	4.796049
4944	-2993.286	-3160.395	167.109	4.906426
4950	-2997.353	-3164.481	167.1279	4.895876
4956	-2995.748	-3162.261	166.5129	5.237098
4962	-3003.139	-3170.444	167.3053	4.797003
4968	-2983.781	-3151.248	167.4665	4.706913
4974	-2992.962	-3160.201	167.2397	4.833583
4980	-2991.777	-3158.945	167.1686	4.873205
4986	-2991.853	-3158.958	167.1043	4.909029
4992	-2994.694	-3161.799	167.1043	4.909029
4998	-3002.227	-3169.714	167.4867	4.695598
5004	-3006.875	-3174.084	167.2085	4.851006
5010	-3005.449	-3172.312	166.8625	5.043428
5016	-3019.758	-3187.091	167.333	4.781497
5022	-3007.373	-3174.838	167.4649	4.707817
5028	-2999.953	-3167.054	167.1014	4.910638
5034	-2989.091	-3156.4	167.3091	4.794879
5040	-2985.317	-3152.725	167.4082	4.739504
5046	-2996.066	-3163.555	167.4894	4.694072
5052	-2980.892	-3147.961	167.0691	4.928594
5058	-2990.314	-3157.087	166.7728	5.093197
5064	-2996.639	-3163.918	167.2789	4.811744
5070	-2993.909	-3160.889	166.9794	4.978499
5076	-3010.397	-3177.102	166.7045	5.131071
5082	-2996.521	-3163.354	166.8329	5.05984
5088	-3001.02	-3168.236	167.2163	4.846609
5094	-2989.365	-3156.505	167.1396	4.889389
5100	-2992.876	-3160.015	167.1396	4.889389
5106	-3000.693	-3168.029	167.3361	4.77978
5112	-2992.63	-3159.56	166.9305	5.005688
5118	-2991.121	-3158.052	166.9305	5.005688
5124	-2995.355	-3162.975	167.6203	4.620779
5130	-2992.268	-3159.222	166.9536	4.992863
5136	-2994.568	-3161.416	166.8488	5.051063
5142	-2994.414	-3161.293	166.8791	5.034201
5148	-3004.783	-3171.783	167	4.967051
5154	-3004.007	-3171.103	167.0959	4.913709
5160	-3000.656	-3168.068	167.413	4.736836
5166	-3008.662	-3175.277	166.6149	5.180664
5172	-2999.377	-3165.729	166.352	5.325944
5178	-2999.994	-3167.063	167.0687	4.928826
5184	-2997.746	-3165.489	167.743	4.551901
5190	-2993.996	-3161.276	167.2798	4.811209
5196	-3002.896	-3169.371	166.4753	5.257828
5202	-2986.115	-3153.086	166.9713	4.98303
5208	-2984.464	-3151.698	167.2343	4.836596
5214	-2988.378	-3155.236	166.8575	5.046213
5220	-2982.839	-3150.171	167.3318	4.782179
5226	-2983.38	-3150.674	167.2939	4.803375
5232	-2991.122	-3158.316	167.1944	4.858837
5238	-2986.214	-3153.408	167.1944	4.858837
5244	-2991.1	-3158.185	167.0851	4.919699
5250	-2991.2	-3157.707	166.5066	5.240577
5256	-2988.467	-3155.942	167.4751	4.702089
5262	-2978.421	-3145.896	167.4751	4.702089
5268	-2979.117	-3145.856	166.7391	5.111897
5274	-2975.98	-3143.191	167.2108	4.8497
5280	-2984.13	-3150.92	166.7899	5.083704
5286	-2992.8	-3159.954	167.1543	4.881177
5292	-2989.849	-3156.665	166.8165	5.06897
5298	-2989.903	-3156.93	167.0274	4.951812
5304	-2992.459	-3159.736	167.277	4.812755
5310	-2997.368	-3164.297	166.9289	5.006566
5316	-2985.468	-3152.397	166.9289	5.006566
5322	-3002.262	-3169.479	167.2169	4.846299
5328	-3002.059	-3169.667	167.6086	4.627346
5334	-3005.861	-3173.483	167.6216	4.620021
5340	-2989.872	-3156.955	167.0826	4.921104
5346	-2997.084	-3164.166	167.0826	4.921104
5352	-2998.412	-3165.224	166.8122	5.071355
5358	-3001.737	-3168.838	167.1002	4.91133
5364	-3001.442	-3168.563	167.121	4.899717
5370	-2998.149	-3165.008	166.8586	5.04559
5376	-3003.29	-3170.228	166.9379	5.001593
5382	-2999.811	-3167.143	167.3314	4.782419
5388	-2986.944	-3153.569	166.6251	5.174986
5394	-2994.018	-3160.88	166.8616	5.04395
5400	-2993.266	-3160.528	167.2622	4.821058
5406	-3010.402	-3177.664	167.2622	4.821058
5412	-2999.508	-3166.488	166.9798	4.978275
5418	-3002.744	-3169.724	166.9798	4.978275
5424	-2988.973	-3156.423	167.4506	4.715815
5430	-2993.721	-3161.171	167.4506	4.715815
5436	-2995.15	-3162.034	166.8834	5.031838
5442	-2998.973	-3165.952	166.979	4.978721
5448	-2992.504	-3159.775	167.2707	4.816303
5454	-2996.498	-3163.768	167.2707	4.816303
5460	-2996.503	-3163.51	167.0066	4.963391
5466	-2995.357	-3162.95	167.5928	4.636163
5472	-2993.755	-3160.579	166.8241	5.064719
5478	-2991.953	-3158.72	166.7679	5.095935
5484	-3000.087	-3166.849	166.7625	5.098906
5490	-3010.196	-3177.016	166.8197	5.067211
5496	-2990.787	-3157.968	167.181	4.866282
5502	-2991.007	-3157.814	166.8075	5.073966
5508	-2993.394	-3160.372	166.9778	4.979406
5514	-2991.996	-3159.654	167.6578	4.599735
5520	-2994.06	-3161.186	167.1265	4.896697
5526	-2989.899	-3156.767	166.8683	5.040222
5532	-2996.155	-3162.754	166.5987	5.1896
5538	-2996.981	-3164.318	167.3369	4.779367
5544	-2994.646	-3161.983	167.3369	4.779367
5550	-3002.052	-3169.044	166.9923	4.971341
5556	-2998.099	-3165.649	167.5494	4.660485
5562	-2989.456	-3157.175	167.7197	4.564991
5568	-2997.082	-3163.953	166.8706	5.038959
5574	-2994.001	-3160.861	166.8601	5.044787
5580	-2980.2	-3147.172	166.9723	4.982456
5586	-2992.816	-3159.198	166.3813	5.309757
5592	-2995.726	-3162.878	167.1523	4.882309
5598	-2996.104	-3163.161	167.0577	4.93497
5604	-2992.881	-3160.055	167.1731	4.870714
5610	-2996.695	-3163.445	166.7503	5.105691
5616	-2992.45	-3159.416	166.9661	4.985906
5622	-3001.757	-3169.211	167.4533	4.714299
5628	-2983.609	-3151.274	167.6653	4.595541
5634	-2996.084	-3163.537	167.4533	4.714264
5640	-3006.469	-3174.064	167.5949	4.635018
5646	-3000.688	-3167.576	166.8879	5.029354
5652	-2995.127	-3162.188	167.0605	4.933416
5658	-2992.072	-3158.896	166.8246	5.064491
5664	-2993.677	-3161.229	167.5517	4.659205
5670	-2983.521	-3150.499	166.9782	4.979167
5676	-2996.268	-3163.514	167.2459	4.830133
5682	-2985.51	-3152.768	167.2575	4.823646
5688	-2996.328	-3163.643	167.3146	4.791771
5694	-2986.722	-3153.823	167.1007	4.91104
5700	-2991.458	-3158.19	166.732	5.115832
5706	-2982.824	-3149.755	166.9316	5.005084
5712	-2979.515	-3146.446	166.9316	5.005084
5718	-2984.991	-3151.912	166.9217	5.010557
5724	-2993.161	-3160.579	167.4176	4.734245
5730	-2983.892	-3151.372	167.4794	4.699671
5736	-2983.965	-3151.468	167.5037	4.686073
5742	-2984.405	-3151.957	167.5522	4.658932
5748	-2980.368	-3147.945	167.577	4.645034
5754	-2978.639	-3146.128	167.4893	4.694142
5760	-2981.544	-3148.713	167.1696	4.872679
5766	-2986.569	-3153.449	166.88	5.03372
5772	-2996.061	-3163.016	166.9547	4.992215
5778	-2991.428	-3159.019	167.5906	4.637441
5784	-2991.998	-3159.588	167.5906	4.637441
5790	-2993.767	-3161.446	167.6797	4.587462
5796	-2988.947	-3156.216	167.2695	4.816988
5802	-2991.574	-3157.797	166.2237	5.396707
5808	-2987.242	-3154.695	167.4531	4.714406
5814	-2987.539	-3154.596	167.0574	4.935133
5820	-2985.418	-3152.488	167.0697	4.928273
5826	-2994.225	-3161.871	167.6454	4.606707
5832	-2997.816	-3165.462	167.6454	4.606707
5838	-2988.822	-3155.563	166.7412	5.110689
5844	-2992.867	-3159.581	166.7132	5.126219
5850	-2985.218	-3151.606	166.388	5.306069
5856	-2980.025	-3147.133	167.1084	4.90674
5862	-2995.856	-3162.929	167.0728	4.926586
5868	-2996.455	-3163.131	166.676	5.146825
5874	-2988.572	-3155.248	166.676	5.146825
5880	-2990.555	-3157.664	167.1087	4.906588
5886	-3000.521	-3167.412	166.8904	5.02797
5892	-2991.962	-3159.212	167.2497	4.827982
5898	-2990.681	-3157.902	167.2212	4.843894
5904	-2999.308	-3167.155	167.8471	4.493407
5910	-2998.467	-3165.51	167.0435	4.942867
5916	-2998.097	-3165.14	167.0435	4.942867
5922	-2986.98	-3154.331	167.3506	4.771667
5928	-3002.003	-3169.365	167.3618	4.765415
5934	-3001.276	-3167.936	166.6606	5.155345
5940	-2996.306	-3163.403	167.0973	4.912934
5946	-3001.93	-3169.368	167.4381	4.72281
5952	-3003.605	-3171.043	167.4381	4.72281
5958	-3004.903	-3171.496	166.5929	5.192837
5964	-3016.838	-3184.569	167.7311	4.558614
5970	-3001.012	-3168.025	167.0126	4.960031
5976	-2994.036	-3160.637	166.6013	5.18821
5982	-2999.757	-3166.743	166.9863	4.974673
5988	-2989.808	-3157.154	167.3462	4.774174
5994	-2990.726	-3157.383	166.6568	5.157479
6000	-2995.666	-3163.146	167.4799	4.699383
6006	-3002.853	-3169.387	166.5337	5.225596
6012	-2994.627	-3160.642	166.0151	5.511508
6018	-2995.129	-3161.998	166.8687	5.040015
6024	-2983.22	-3149.878	166.6579	5.156861
6030	-2992.176	-3158.905	166.7285	5.117767
6036	-2990.746	-3157.865	167.1192	4.900724
6042	-2994.203	-3160.942	166.7385	5.112202
6048	-3001.227	-3168.6	167.3732	4.759065
6054	-2988.07	-3154.629	166.5585	5.211885
6060	-2997.34	-3164.058	166.7172	5.123998
6066	-2986.043	-3153.386	167.3429	4.775976
6072	-2996.306	-3162.772	166.4663	5.262831
6078	-2994.729	-3162.346	167.6178	4.622155
6084	-2993.746	-3160.838	167.0915	4.916158
6090	-2985.148	-3152.421	167.2733	4.814826
6096	-2977.996	-3145.224	167.2286	4.839748
6102	-2994.877	-3162.073	167.1965	4.857682
6108	-3004.853	-3172.496	167.6429	4.608118
6114	-3007.268	-3174.253	166.985	4.97539
6120	-3002.789	-3169.274	166.4855	5.252223
6126	-2994.063	-3161.498	167.4355	4.724264
6132	-2987.438	-3155.243	167.8054	4.516875
6138	-2981.373	-3148.498	167.1255	4.897244
6144	-3006.105	-3173.857	167.7517	4.547024
6150	-2996.975	-3164.642	167.6667	4.594741
6156	-2990.811	-3157.791	166.9799	4.978206
6162	-2992.376	-3159.356	166.9799	4.978206
6168	-2984.743	-3152.15	167.4066	4.740406
6174	-2994.315	-3161.476	167.1612	4.877324
6180	-3010.087	-3177.248	167.1612	4.877324
6186	-2995.422	-3162.303	166.8808	5.033284
6192	-2996.561	-3164.92	168.3585	4.204451
6198	-2992.653	-3160.584	167.9316	4.445819
6204	-2993.391	-3160.252	166.8607	5.044442
6210	-2991.161	-3158.209	167.0485	4.940056
6216	-2992.289	-3160.123	167.8345	4.500467
6222	-2984.883	-3151.836	166.9528	4.993301
6228	-2994.417	-3161.243	166.8258	5.063775
6234	-2996.975	-3164.229	167.2537	4.825782
6240	-2993.695	-3160.574	166.8795	5.033977
6246	-2999.316	-3165.943	166.6278	5.173536
6252	-2985.923	-3153.141	167.2174	4.84602
6258	-2992.021	-3159.689	167.6678	4.594147
6264	-2999.667	-3167.334	167.6678	4.594147
6270	-2997.931	-3165.448	167.5165	4.67891
6276	-3001.117	-3167.982	166.8652	5.041914
6282	-3001.026	-3167.413	166.3874	5.306415
6288	-2994.065	-3161.003	166.938	5.00149
6294	-2986.918	-3154.067	167.1485	4.884408
6300	-2990.468	-3157.617	167.1485	4.884408
6306	-2989.536	-3156.684	167.1485	4.884408
6312	-2982.324	-3149.724	167.4004	4.743867
6318	-2986.588	-3153.379	166.7904	5.083448
6324	-2996.412	-3163.932	167.5198	4.67709
6330	-2994.788	-3161.828	167.0398	4.944931
6336	-2999.386	-3166.098	166.7116	5.12713
6342	-2989.43	-3156.894	167.4638	4.708421
6348	-2987.346	-3154.81	167.4638	4.708421
6354	-2999.144	-3165.714	166.5706	5.205158
6360	-2999.16	-3165.773	166.6131	5.181661
6366	-2997.326	-3163.82	166.494	5.247496
6372	-3001.655	-3168.149	166.494	5.247496
6378	-3004.249	-3171.538	167.2895	4.805805
6384	-2992.522	-3159.812	167.2895	4.805805
6390	-2990.567	-3157.785	167.2179	4.845731
6396	-2989.25	-3156.606	167.356	4.768686
6402	-2998.643	-3165.986	167.343	4.775945
6408	-2983.158	-3149.713	166.5559	5.213302
6414	-2992.572	-3159.62	167.048	4.940365
6420	-2989.706	-3156.754	167.048	4.940365
6426	-2989.296	-3156.727	167.4313	4.726604
6432	-2990.608	-3157.507	166.8993	5.023022
6438	-3003.207	-3170.856	167.649	4.60469
6444	-2992.316	-3159.418	167.1021	4.910249
6450	-2992.224	-3159.326	167.1021	4.910249
6456	-2992.67	-3160.058	167.3887	4.750397
6462	-2998.122	-3165.646	167.524	4.674704
6468	-2999.631	-3166.873	167.2423	4.832113
6474	-3008.448	-3175.997	167.549	4.660744
6480	-2991.844	-3158.541	166.6969	5.135232
6486	-2986.85	-3154.035	167.185	4.864072
6492	-2993.057	-3160.194	167.1369	4.890859
6498	-2986.069	-3153.715	167.6461	4.60633
6504	-2984.219	-3151.865	167.6461	4.60633
6510	-2983.462	-3150.764	167.3022	4.798715
6516	-2984.976	-3152.278	167.3022	4.798715
6522	-2987.617	-3155.211	167.5937	4.635694
6528	-2998.927	-3166.057	167.1299	4.894784
6534	-2999.261	-3166.33	167.0687	4.928837
6540	-2993.658	-3160.539	166.8812	5.033062
6546	-2996.352	-3163.233	166.8812	5.033062
6552	-2990.269	-3156.825	166.556	5.213261
6558	-2991.128	-3158.002	166.8748	5.036617
6564	-2995.694	-3162.575	166.8814	5.03293
6570	-2992.087	-3158.937	166.8494	5.050699
6576	-2999.172	-3166.061	166.8891	5.028661
6582	-2998.094	-3164.895	166.8016	5.07725
6588	-2992.768	-3159.569	166.8016	5.07725
6594	-2991.241	-3158.043	166.8016	5.07725
6600	-2999.523	-3166.708	167.1849	4.864152
6606	-2986.181	-3153.156	166.9744	4.981263
6612	-2995.638	-3162.923	167.2847	4.808481
6618	-3004.251	-3171.742	167.4906	4.693442
6624	-3005.948	-3173.954	168.0059	4.403923
6630	-3002.401	-3169.653	167.2518	4.826861
6636	-2989.951	-3156.677	166.7257	5.119313
6642	-2990.355	-3157.789	167.4342	4.724978
6648	-2988.021	-3154.937	166.9152	5.014152
6654	-2987.036	-3154.604	167.5679	4.650128
6660	-2993.59	-3160.816	167.2262	4.841088
6666	-2993.944	-3161.17	167.2262	4.841088
6672	-2984.868	-3151.851	166.9831	4.97643
6678	-2985.46	-3152.759	167.2992	4.800376
6684	-2984.887	-3151.841	166.9537	4.992805
6690	-2986.235	-3153.302	167.0664	4.93014
6696	-2984.388	-3151.21	166.8214	5.066248
6702	-2992.03	-3159.043	167.0127	4.959974
6708	-2988.127	-3154.786	166.6583	5.156619
6714	-2984.808	-3151.83	167.0217	4.954976
6720	-2996.529	-3163.217	166.6884	5.13995
6726	-2999.789	-3167.617	167.8285	4.503855
6732	-2997.504	-3164.834	167.3297	4.783385
6738	-2986.366	-3153.696	167.3297	4.783385
6744	-2996.449	-3163.227	166.7772	5.090746
6750	-3004.996	-3171.778	166.7821	5.088015
6756	-2997.182	-3164.209	167.0268	4.952179
6762	-2987.219	-3154.104	166.8851	5.030879
6768	-2985.028	-3151.274	166.2455	5.384644
6774	-2984.491	-3151.627	167.1358	4.891489
6780	-2988.087	-3155.416	167.3286	4.783968
6786	-2981.871	-3148.934	167.0635	4.931719
6792	-2987.789	-3154.729	166.9402	5.000311
6798	-2994.671	-3162.204	167.5332	4.669558
6804	-3009.134	-3176.864	167.7301	4.559156
6810	-3012.71	-3179.417	166.7066	5.129876
6816	-3006.006	-3172.712	166.7066	5.129876
6822	-3006.455	-3172.383	165.9282	5.559277
6828	-3001.504	-3168.072	166.5679	5.206647
6834	-2992.295	-3159.835	167.5405	4.665497
6840	-2994.53	-3161.47	166.9395	5.000698
6846	-2988.739	-3155.578	166.8393	5.056331
6852	-2984.265	-3151.648	167.383	4.753609
6858	-2988.147	-3155.621	167.4739	4.702787
6864	-2998.487	-3165.906	167.4186	4.733693
6870	-2998.573	-3166.083	167.51	4.682542
6876	-2998.655	-3165.833	167.1786	4.867636
6882	-2987.363	-3154.316	166.9532	4.993082
6888	-2984.249	-3151.409	167.1606	4.877669
6894	-2991.466	-3159.041	167.5744	4.64648
6900	-2995.047	-3161.635	166.5878	5.19566
6906	-2999.022	-3165.668	166.6457	5.16359
6912	-2996.86	-3163.879	167.0189	4.956526
6918	-2997.586	-3164.68	167.0945	4.914511
6924	-3000.056	-3167.569	167.5131	4.680825
6930	-3020.625	-3186.91	166.2848	5.363028
6936	-3003.692	-3170.718	167.0256	4.952847
6942	-2984.028	-3151.054	167.0256	4.952847
6948	-2997.447	-3164.638	167.1907	4.860895
6954	-2997.646	-3164.43	166.7841	5.086914
6960	-2993.643	-3159.872	166.2291	5.393688
6966	-2995.384	-3162.012	166.6277	5.173576
6972	-2985.463	-3152.322	166.8592	5.045282
6978	-2992.864	-3160.018	167.154	4.881379
6984	-3004.845	-3172.349	167.5034	4.686273
6990	-2997.181	-3163.697	166.5164	5.23514
6996	-3002.15	-3168.893	166.7427	5.10988
7002	-3004.136	-3171.374	167.2377	4.834722
7008	-3001.809	-3169.052	167.243	4.831723
7014	-3004.926	-3172.399	167.4729	4.703315
7020	-2995.551	-3162.147	166.5957	5.191302
7026	-2985.697	-3152.293	166.5957	5.191302
7032	-2990.61	-3157.46	166.8504	5.050127
7038	-2991.93	-3158.887	166.9576	4.990608
7044	-2986.195	-3153.506	167.3106	4.794029
7050	-2988.704	-3155.838	167.1343	4.892334
7056	-2984.072	-3151.221	167.1495	4.883835
7062	-2991.476	-3158.757	167.2814	4.81035
7068	-2990.941	-3158.12	167.1783	4.867835
7074	-2986.996	-3153.721	166.7259	5.119183
7080	-2992.254	-3159.146	166.8919	5.027098
7086	-2991.042	-3157.981	166.9393	5.000794
7092	-3002.309	-3169.023	166.7138	5.125909
7098	-2989.246	-3155.918	166.672	5.149048
7104	-2988.777	-3155.773	166.9965	4.969019
7110	-2988.973	-3155.552	166.5795	5.200238
7116	-2993.776	-3161.072	167.2961	4.802131
7122	-2999.857	-3166.724	166.8676	5.040581
7128	-2991.372	-3159.166	167.7935	4.523544
7134	-2990.773	-3158.089	167.3163	4.790838
7140	-2984.927	-3151.873	166.9458	4.997181
7146	-2992.232	-3159.396	167.1633	4.876196
7152	-2993.058	-3159.75	166.6925	5.137697
7158	-2991.857	-3159.282	167.4258	4.729657
7164	-2997.16	-3164.435	167.2746	4.814121
7170	-2983.425	-3150.786	167.3611	4.765847
7176	-2992.467	-3159.693	167.226	4.841245
7182	-2983.66	-3151.156	167.4958	4.690514
7188	-2982.447	-3149.048	166.6003	5.18875
7194	-2988.11	-3155.421	167.3108	4.793929
7200	-2984.03	-3151.22	167.1904	4.861049
7206	-2984.88	-3151.594	166.7134	5.126105
7212	-2994.614	-3161.327	166.7134	5.126105
7218	-2988.84	-3155.751	166.9105	5.01679
7224	-2984.222	-3151.128	166.906	5.019289
7230	-2993.886	-3160.399	166.5125	5.237308
7236	-2987.814	-3155.157	167.3433	4.77576
7242	-2982.992	-3149.575	166.5826	5.198516
7248	-2984.47	-3151.053	166.5826	5.198516
7254	-2989.618	-3156.348	166.7307	5.116517
7260	-2987.76	-3154.781	167.0218	4.954934
7266	-2997.924	-3164.988	167.0638	4.931587
7272	-2999.992	-3167.102	167.1092	4.906276
7278	-3005.14	-3172.276	167.1355	4.891673
7284	-2986.521	-3154.073	167.5519	4.659112
7290	-2994.74	-3161.813	167.0729	4.92649
7296	-2996.522	-3162.945	166.4239	5.286269
7302	-2999.299	-3166.912	167.6129	4.624903
7308	-2988.283	-3155.402	167.1194	4.900616
7314	-2980.739	-3147.454	166.7146	5.125457
7320	-2997.055	-3163.927	166.8722	5.038054
7326	-3003.483	-3170.016	166.5331	5.225906
7332	-2999.539	-3167.142	167.603	4.630496
7338	-3011.595	-3177.493	165.8978	5.575992
7344	-3002.859	-3169.955	167.0955	4.913938
7350	-3010.509	-3177.333	166.8236	5.064999
7356	-3006.051	-3172.992	166.9408	4.999942
7362	-2996.035	-3162.987	166.9526	4.993384
7368	-3001.119	-3168.071	166.9526	4.993384
7374	-2992.355	-3159.274	166.9199	5.011587
7380	-3004.183	-3170.638	166.455	5.269059
7386	-2993.219	-3160.477	167.257	4.82391
7392	-3001.766	-3168.99	167.2245	4.842075
7398	-3003.23	-3170.346	167.116	4.902527
7404	-3001.099	-3168.398	167.2995	4.800214
7410	-2999.12	-3166.343	167.2232	4.842765
7416	-2992.711	-3159.896	167.1848	4.864173
7422	-3000.185	-3167.369	167.1848	4.864173
7428	-2996.2	-3163.544	167.3437	4.775563
7434	-2992.81	-3159.455	166.645	5.163978
7440	-2991.975	-3159.365	167.3902	4.749591
7446	-2978.433	-3145.679	167.2454	4.830431
7452	-2986.592	-3153.596	167.0046	4.96447
7458	-2982.044	-3148.969	166.925	5.008738
7464	-2990.336	-3157.349	167.0134	4.959585
7470	-2986.476	-3153.233	166.7579	5.101453
7476	-2988.201	-3154.6	166.3984	5.300306
7482	-2992.676	-3160.417	167.741	4.553032
7488	-2987.244	-3153.695	166.4514	5.271044
7494	-2988.023	-3154.778	166.7557	5.102701
7500	-2989.748	-3156.727	166.9791	4.978684
7506	-2986.498	-3153.617	167.1182	4.901271
7512	-2987.51	-3154.344	166.8339	5.059295
7518	-2984.08	-3151.565	167.4843	4.696927
7524	-2991.961	-3159.422	167.4609	4.710032
7530	-2992.94	-3159.422	166.4822	5.25406
7536	-2988.181	-3154.905	166.724	5.120225
7542	-2997.39	-3163.836	166.4457	5.274199
7548	-3001.45	-3169.102	167.6514	4.60333
7554	-2991.316	-3158.091	166.7743	5.092386
7560	-2994.639	-3161.499	166.8599	5.044896
7566	-2996.43	-3163.394	166.964	4.987085
7572	-2992.042	-3159.066	167.0238	4.953805
7578	-2997.328	-3163.431	166.1025	5.463444
7584	-3002.243	-3169.287	167.0446	4.942278
7590	-3002.836	-3170.242	167.4068	4.740281
7596	-2996.685	-3163.517	166.832	5.060348
7602	-2992.539	-3160.006	167.4667	4.706796
7608	-3001.622	-3168.52	166.8986	5.023415
7614	-3001.414	-3168.312	166.8986	5.023415
7620	-3006.411	-3173.309	166.8986	5.023415
7626	-3001.473	-3168.374	166.9013	5.021873
7632	-2995.695	-3163.04	167.3449	4.774903
7638	-3012.07	-3178.51	166.4393	5.277731
7644	-2999.655	-3167.249	167.5948	4.635067
7650	-2996.776	-3164.005	167.2291	4.839497
7656	-2996.678	-3163.577	166.8988	5.023295
7662	-2995.28	-3162.112	166.8323	5.060207
7668	-2997.967	-3165.189	167.2214	4.84378
7674	-2993.213	-3160.495	167.2826	4.809656
7680	-2993.937	-3161.558	167.6214	4.62017
7686	-2996.676	-3163.497	166.8212	5.066324
7692	-2987.985	-3154.807	166.8212	5.066324
7698	-2993.886	-3161.188	167.3019	4.798857
7704	-2997.43	-3164.579	167.1482	4.884561
7710	-2982.653	-3149.889	167.2363	4.835499
7716	-2991.928	-3158.384	166.4561	5.268455
7722	-2989.867	-3157.003	167.1355	4.891641
7728	-2987.616	-3154.247	166.6315	5.171443
7734	-2991.479	-3158.592	167.1135	4.903889
7740	-3018.553	-3185.505	166.9515	4.994025
7746	-3000.881	-3167.832	166.9515	4.994025
7752	-2993.867	-3161.396	167.5293	4.671756
7758	-2982.948	-3150.421	167.4736	4.702956
7764	-2989.973	-3157.036	167.0622	4.932444
7770	-2989.746	-3156.346	166.6	5.188918
7776	-2999.97	-3166.369	166.3989	5.300028
7782	-3009.023	-3176.109	167.0862	4.919085
7788	-3008.952	-3175.737	166.7843	5.086798
7794	-2998.965	-3166.312	167.3468	4.773815
7800	-2988.347	-3155.274	166.9268	5.007709
7806	-2989.102	-3156.21	167.1087	4.906591
7812	-3003.237	-3169.832	166.5947	5.191827
7818	-2991.06	-3158.007	166.9473	4.996333
7824	-2995.105	-3162.177	167.0727	4.926638
7830	-3001.663	-3168.736	167.0727	4.926638
7836	-2990.31	-3157.591	167.2812	4.810437
7842	-2996.433	-3163.237	166.8036	5.076096
7848	-2992.625	-3160.135	167.5098	4.682667
7854	-2996.96	-3164.142	167.1823	4.865577
7860	-2996.777	-3163.62	166.8429	5.054312
7866	-2994.584	-3161.558	166.9743	4.981363
7872	-2998.718	-3165.318	166.5997	5.189069
7878	-2990.735	-3157.745	167.0101	4.96145
7884	-2981.259	-3148.604	167.3448	4.774904
7890	-2983.915	-3150.685	166.7708	5.09431
7896	-2979.899	-3146.539	166.6403	5.16662
7902	-2994.435	-3161.372	166.9369	5.002104
7908	-3000.627	-3167.807	167.1795	4.867138
7914	-2994.841	-3161.955	167.1147	4.903261
7920	-3000.79	-3167.539	166.7491	5.106335
7926	-2994.423	-3161.919	167.4957	4.690564
7932	-3004.734	-3172.128	167.3944	4.747211
7938	-2998.153	-3165.379	167.2268	4.840786
7944	-2993.39	-3160.684	167.2947	4.802878
7950	-2990.06	-3156.282	166.2216	5.397818
7956	-2987.261	-3154.176	166.9154	5.014071
7962	-2988.311	-3155.226	166.9154	5.014071
7968	-2988.364	-3155.505	167.1401	4.889107
7974	-2989.091	-3155.884	166.7932	5.081895
7980	-2987.675	-3154.835	167.1597	4.878152
7986	-2989.7	-3157.218	167.5171	4.678604
7992	-2998.781	-3165.553	166.7715	5.093893
7998	-3002.948	-3169.719	166.7715	5.093893
8004	-3000.494	-3167	166.5058	5.241016
8010	-2996.493	-3163.978	167.4844	4.696907
8016	-2994.793	-3161.308	166.5152	5.235828
8022	-2983.923	-3151.164	167.2413	4.832719
8028	-2984.88	-3152.072	167.1914	4.860493
8034	-3003.294	-3170.262	166.9684	4.984594
8040	-3004.907	-3172.103	167.1966	4.85759
8046	-2990.884	-3157.871	166.987	4.974294
8052	-2984.322	-3151.356	167.0338	4.94825
8058	-2985.485	-3152.519	167.0338	4.94825
8064	-2990.302	-3157.674	167.3716	4.759971
8070	-2998.552	-3166.016	167.464	4.70829
8076	-2996.152	-3163.441	167.2894	4.805867
8082	-3004.218	-3171.628	167.4093	4.738888
8088	-2995.999	-3162.219	166.2196	5.398962
8094	-2994.191	-3161.232	167.0411	4.944201
8100	-2995.899	-3163.298	167.3989	4.744685
8106	-3005.035	-3172.281	167.2458	4.830162
8112	-3002.203	-3168.856	166.6524	5.159902
8118	-2997.287	-3164.762	167.4747	4.702334
8124	-2989.088	-3155.938	166.8494	5.050732
8130	-2992.11	-3159.057	166.947	4.996484
8136	-2999.054	-3166.001	166.947	4.996484
8142	-3006.012	-3172.421	166.4097	5.2941
8148	-3005.284	-3171.63	166.3461	5.329182
8154	-3000.502	-3166.94	166.4382	5.278333
8160	-2999.915	-3166.998	167.0826	4.921106
8166	-2993.197	-3160.279	167.0826	4.921106
8172	-2996.605	-3164.065	167.4595	4.710835
8178	-2992.785	-3159.634	166.8484	5.051243
8184	-2988.741	-3155.797	167.0556	4.936121
8190	-2990.884	-3158.102	167.2183	4.845514
8196	-2995.203	-3162.612	167.4095	4.738763
8202	-3001.009	-3168.424	167.4141	4.736192
8208	-2999.203	-3166.003	166.7996	5.078314
8214	-2992.646	-3159.427	166.781	5.088661
8220	-2985.018	-3151.542	166.5241	5.230901
8226	-2984.745	-3151.901	167.156	4.88022
8232	-2983.763	-3151.251	167.4871	4.695354
8238	-2989.829	-3156.6	166.771	5.094182
8244	-2987.13	-3154.305	167.1743	4.870035
8250	-2989.46	-3156.329	166.8689	5.03986
8256	-2994.785	-3161.84	167.0548	4.936557
8262	-2990.399	-3156.981	166.5818	5.198953
8268	-2985.727	-3152.739	167.0127	4.959993
8274	-2987.853	-3154.866	167.0127	4.959993
8280	-2985.951	-3153.467	167.5164	4.678987
8286	-2982.674	-3150.19	167.5164	4.678987
8292	-2988.299	-3155.171	166.8715	5.038436
8298	-2988.959	-3155.599	166.6404	5.166566
8304	-2988.644	-3156.005	167.3611	4.76583
8310	-2992.275	-3159.596	167.3217	4.787832
8316	-2999.904	-3167.09	167.1869	4.863026
8322	-2984.653	-3151.397	166.7445	5.108865
8328	-2980.289	-3147.859	167.5698	4.649053
8334	-2991.921	-3158.642	166.721	5.121915
8340	-2983.762	-3150.729	166.9664	4.985745
8346	-2985.325	-3151.985	166.6601	5.155621
8352	-2995.016	-3162.14	167.124	4.898067
8358	-2980.773	-3147.736	166.9624	4.987952
8364	-2985.29	-3151.959	166.6686	5.150927
8370	-2989.438	-3156.193	166.7547	5.103211
8376	-2989.392	-3156.081	166.6892	5.139525
8382	-2989.992	-3157.727	167.7344	4.556733
8388	-2983.385	-3150.61	167.2256	4.841425
8394	-2986.083	-3153.072	166.9884	4.973525
8400	-2995.344	-3161.638	166.2948	5.357473
8406	-2994.121	-3161.263	167.1426	4.887722
8412	-2982.457	-3149.081	166.6232	5.176089
8418	-2976.692	-3143.703	167.0107	4.961083
8424	-2982.418	-3150.182	167.764	4.540115
8430	-2985.561	-3153.21	167.649	4.604692
8436	-2989.12	-3156.524	167.4041	4.741804
8442	-2981.963	-3148.988	167.025	4.953173
8448	-2995.346	-3162.245	166.8993	5.023025
8454	-2991.665	-3158.28	166.6148	5.180693
8460	-3009.48	-3177.326	167.8457	4.494156
8466	-2997.502	-3164.495	166.9937	4.970536
8472	-3015.598	-3182.723	167.1248	4.897621
8478	-3004.567	-3171.864	167.2965	4.801912
8484	-2994.467	-3161.36	166.8932	5.026419
8490	-3000.167	-3167.574	167.407	4.74019
8496	-3008.443	-3175.309	166.8663	5.041302
8502	-2999.795	-3166.872	167.0773	4.924038
8508	-3001.285	-3168.362	167.0773	4.924038
8514	-2985.279	-3152.356	167.0773	4.924038
8520	-2990.02	-3157.238	167.2179	4.845722
8526	-2992.369	-3159.587	167.2179	4.845722
8532	-2994.304	-3161.589	167.2851	4.808263
8538	-2995.943	-3163.029	167.0855	4.919521
8544	-2979.729	-3146.974	167.2446	4.830877
8550	-2988.724	-3155.682	166.958	4.990424
8556	-2992.548	-3159.658	167.1099	4.905922
8562	-2985.126	-3152.291	167.1656	4.874906
8568	-2986.687	-3153.706	167.0194	4.956243
8574	-2989.321	-3156.254	166.9337	5.00392
8580	-2991.593	-3158.835	167.2418	4.832402
8586	-2990.702	-3156.893	166.1909	5.414763
8592	-2988.96	-3156.061	167.1013	4.910722
8598	-2997.197	-3164.094	166.8966	5.024505
8604	-2982.472	-3149.95	167.4777	4.700629
8610	-2990.762	-3157.404	166.6416	5.165885
8616	-2984.64	-3151.39	166.7497	5.105977
8622	-2986.763	-3154.109	167.3466	4.773911
8628	-3008.632	-3175.804	167.1723	4.871163
8634	-3000.482	-3167.412	166.9305	5.005686
8640	-2996.581	-3163.78	167.1985	4.856576
8646	-3000.711	-3167.835	167.1237	4.898232
8652	-2994.201	-3161.455	167.254	4.825589
8658	-2999.856	-3167.28	167.4239	4.730752
8664	-3004.504	-3171.928	167.4239	4.730752
8670	-2996.339	-3163.762	167.4239	4.730752
8676	-2995.275	-3161.794	166.5195	5.23344
8682	-2996.351	-3163.358	167.0067	4.963331
8688	-3004.358	-3172.369	168.0113	4.400915
8694	-3005.079	-3172.482	167.402	4.742954
8700	-3000.308	-3167.769	167.4606	4.710183
8706	-3010.269	-3177.214	166.9446	4.997861
8712	-2997.368	-3164.677	167.3087	4.795114
8718	-2993.496	-3160.58	167.0842	4.920226
8724	-3005.413	-3172.04	166.6266	5.174194
8730	-3010.99	-3177.342	166.3516	5.326167
8736	-2995.298	-3162.536	167.238	4.834524
8742	-2995.562	-3162.8	167.238	4.834524
8748	-2995.28	-3162.383	167.1038	4.909319
8754	-3006.151	-3174.227	168.0758	4.364467
8760	-2997.822	-3165.589	167.7676	4.538108
8766	-2992.905	-3159.865	166.9599	4.989333
8772	-3000.067	-3166.914	166.8475	5.051772
8778	-3005.51	-3172.977	167.4669	4.706674
8784	-3005.576	-3173.042	167.4669	4.706674
8790	-3008.807	-3176.173	167.3659	4.763137
8796	-3010.162	-3177.601	167.4394	4.722086
8802	-2995.491	-3162.93	167.4394	4.722086
8808	-3007.541	-3173.921	166.3793	5.310889
8814	-2993.366	-3160.558	167.1922	4.860092
8820	-2991.142	-3157.828	166.6854	5.141604
8826	-2999.099	-3166.691	167.5924	4.6364
8832	-2999.166	-3166.255	167.0897	4.917129
8838	-3001.954	-3169.044	167.0897	4.917129
8844	-2994.948	-3161.559	166.6101	5.183303
8850	-2994.185	-3160.97	166.7848	5.086562
8856	-3005.38	-3171.837	166.4568	5.268052
8862	-2995.226	-3162.112	166.8855	5.030669
8868	-2994.355	-3161.734	167.3792	4.755713
8874	-2999.813	-3166.806	166.9934	4.970724
8880	-2990.444	-3157.438	166.9934	4.970724
8886	-2983.881	-3150.738	166.8566	5.046695
8892	-2984.1	-3151.588	167.4874	4.695238
8898	-2988.859	-3155.766	166.9062	5.019157
8904	-2991.983	-3159.809	167.826	4.505255
8910	-2993.5	-3160.112	166.6119	5.182317
8916	-2991.794	-3158.406	166.6119	5.182317
8922	-2993.732	-3160.303	166.5713	5.204778
8928	-2993.492	-3160.262	166.7708	5.094312
8934	-2991.585	-3158.68	167.095	4.914191
8940	-3003.244	-3170.344	167.1008	4.910964
8946	-2993.191	-3160.143	166.9526	4.993419
8952	-2999.012	-3165.555	166.5434	5.220224
8958	-2998.864	-3165.514	166.6494	5.161559
8964	-2991.91	-3158.83	166.9203	5.011346
8970	-2992.682	-3159.95	167.2677	4.817976
8976	-2989.037	-3155.794	166.7562	5.102371
8982	-2992.08	-3159.237	167.1566	4.879928
8988	-2996.071	-3163.509	167.4381	4.722785
8994	-2998.449	-3165.488	167.0383	4.945753
9000	-2993.594	-3160.239	166.6446	5.164231
9006	-2991.997	-3158.642	166.6446	5.164231
9012	-2994.636	-3161.098	166.4622	5.265087
9018	-2991.608	-3158.528	166.9199	5.011544
9024	-2986.793	-3153.722	166.9287	5.006704
9030	-2992.654	-3159.988	167.3336	4.781211
9036	-2990.217	-3156.547	166.3294	5.338431
9042	-2987.347	-3153.676	166.3294	5.338431
9048	-2992.438	-3160.052	167.6147	4.623929
9054	-2988.947	-3155.717	166.7693	5.095124
9060	-2978.752	-3145.641	166.8891	5.028659
9066	-2990.439	-3157.818	167.3786	4.756041
9072	-2990.002	-3156.972	166.9693	4.984141
9078	-2987.091	-3153.696	166.6057	5.185758
9084	-2984.211	-3152.036	167.825	4.505836
9090	-2992.692	-3159.845	167.1527	4.88205
9096	-2983.416	-3150.042	166.6258	5.174637
9102	-2996.771	-3164.143	167.3724	4.759539
9108	-2989.045	-3155.892	166.8468	5.052136
9114	-2986.332	-3153.064	166.732	5.115808
9120	-2986	-3153.176	167.1758	4.86923
9126	-2980.425	-3146.63	166.2048	5.407087
9132	-2989.847	-3157.106	167.2587	4.822997
9138	-2982.043	-3148.761	166.7183	5.123421
9144	-2992.844	-3159.459	166.615	5.180581
9150	-2992.78	-3159.862	167.0815	4.921748
9156	-2991.506	-3158.588	167.0815	4.921748
9162	-2991.972	-3158.676	166.7041	5.131271
9168	-2997.164	-3163.868	166.7041	5.131271
9174	-2985.473	-3152.776	167.3032	4.798146
9180	-3002.672	-3169.842	167.1697	4.87263
9186	-2998.747	-3166.129	167.3815	4.754455
9192	-2995.223	-3162.196	166.9727	4.982229
9198	-2997.973	-3165.34	167.3675	4.762244
9204	-2996.6	-3163.268	166.668	5.15127
9210	-2987.536	-3154.431	166.8951	5.025364
9216	-2986.04	-3153.202	167.1618	4.876984
9222	-2992.84	-3160.002	167.1618	4.876984
9228	-2991.157	-3158.272	167.1154	4.902842
9234	-2995.059	-3162.427	167.3677	4.762138
9240	-2995.749	-3162.586	166.8372	5.057459
9246	-2986.376	-3153.168	166.7926	5.08223
9252	-3002.675	-3170.478	167.803	4.51818
9258	-2997.491	-3164.488	166.9969	4.968803
9264	-2993.7	-3160.947	167.2473	4.829358
9270	-2992.662	-3159.83	167.1682	4.873429
9276	-2994.376	-3160.631	166.2547	5.379623
9282	-2982.848	-3149.489	166.6411	5.166135
9288	-2983.442	-3150.454	167.0121	4.960304
9294	-2983.216	-3150.083	166.8662	5.041378
9300	-2986.733	-3153.615	166.8817	5.032796
9306	-2989.701	-3156.549	166.8481	5.051409
9312	-2986.774	-3153.368	166.5937	5.192386
9318	-2988.425	-3155.214	166.7891	5.084183
9324	-2992.445	-3159.863	167.4184	4.73381
9330	-3001.064	-3168.361	167.297	4.801614
9336	-2997.017	-3164.102	167.0855	4.919517
9342	-2989.889	-3156.766	166.8778	5.034935
9348	-2983.74	-3150.864	167.1238	4.898149
9354	-2973.194	-3139.777	166.5829	5.198358
9360	-2986.885	-3153.467	166.5829	5.198358
9366	-2985.676	-3152.83	167.1534	4.881691
9372	-2995.35	-3163.03	167.6797	4.587455
9378	-2982.667	-3149.722	167.0543	4.936833
9384	-2985.191	-3152.277	167.0856	4.919446
9390	-2989.882	-3157.162	167.2798	4.811215
9396	-2992.191	-3159.829	167.6381	4.610772
9402	-2981.66	-3148.636	166.9758	4.980484
9408	-2984.746	-3151.667	166.9209	5.010999
9414	-2991.878	-3158.914	167.036	4.947039
9420	-2986.531	-3153.062	166.531	5.227082
9426	-2987.499	-3155.149	167.6494	4.604429
9432	-2993.883	-3161.232	167.3485	4.772892
9438	-2996.551	-3163.636	167.0848	4.919911
9444	-2994.767	-3161.873	167.1068	4.907611
9450	-2989.102	-3156.607	167.5053	4.685201
9456	-2991.751	-3159.015	167.2641	4.819998
9462	-2987.245	-3154.509	167.2641	4.819998
9468	-2995.048	-3161.754	166.7058	5.13031
9474	-2987.646	-3154.94	167.2936	4.803496
9480	-2975.25	-3142.544	167.2936	4.803496
9486	-2987.717	-3154.324	166.6064	5.185352
9492	-2980.326	-3147.451	167.1252	4.897368
9498	-2993.914	-3160.77	166.8559	5.047123
9504	-2989.556	-3156.412	166.8559	5.047123
9510	-2993.391	-3160.785	167.3934	4.74776
9516	-2988.929	-3155.761	166.8322	5.060267
9522	-2988.234	-3155.501	167.2677	4.817959
9528	-2989.968	-3157.185	167.2165	4.846548
9534	-2987.425	-3154.489	167.0633	4.931859
9540	-2978.912	-3146.264	167.3521	4.770871
9546	-2981.165	-3148.342	167.1771	4.868459
9552	-2985.335	-3152.187	166.8522	5.049141
9558	-2991.766	-3158.86	167.0939	4.914797
9564	-2992.813	-3160.298	167.4847	4.696723
9570	-2993.95	-3161.279	167.3282	4.784211
9576	-2988.998	-3156.297	167.2982	4.800953
9582	-2994.938	-3162.338	167.4006	4.74377
9588	-3000.731	-3167.166	166.4352	5.279997
9594	-2983.953	-3151.009	167.0561	4.935873
9600	-2994.268	-3161.313	167.0452	4.941917
9606	-2992.25	-3159.667	167.4177	4.73422
9612	-2991.753	-3159.013	167.2601	4.822205
9618	-2997.242	-3164.718	167.4751	4.702068
9624	-3002.341	-3169.415	167.0737	4.926061
9630	-2998.471	-3165.545	167.0737	4.926061
9636	-2991.694	-3159.179	167.4845	4.696853
9642	-2985.909	-3152.939	167.0299	4.950402
9648	-3004.037	-3172.183	168.1463	4.324675
9654	-3003.07	-3169.774	166.7036	5.131557
9660	-3002.474	-3169.596	167.1221	4.899143
9666	-3014.902	-3181.968	167.066	4.930339
9672	-3013.628	-3179.585	165.957	5.543465
9678	-3006.655	-3173.673	167.0181	4.956977
9684	-2996.256	-3162.28	166.0241	5.506574
9690	-2986.974	-3154.225	167.2506	4.82748
9696	-3002.925	-3170.266	167.3407	4.777211
9702	-3001.397	-3167.934	166.5367	5.22389
9708	-3002.102	-3169.462	167.3609	4.765938
9714	-3003.259	-3170.178	166.9195	5.011779
9720	-3002.486	-3169.547	167.0613	4.932959
9726	-3001.102	-3168.473	167.3714	4.760048
9732	-2994.708	-3161.933	167.2245	4.842038
9738	-2985.437	-3152.175	166.7382	5.112359
9744	-2987.422	-3154.695	167.2729	4.815069
9750	-3002.119	-3169.392	167.2729	4.815069
9756	-2990.569	-3157.842	167.2729	4.815069
9762	-2996.327	-3162.637	166.3101	5.349076
9768	-2983.961	-3151.343	167.3819	4.754211
9774	-2990.955	-3158.311	167.3564	4.768468
9780	-3003.757	-3170.79	167.0322	4.949154
9786	-2993.469	-3160.909	167.4401	4.721686
9792	-3000.707	-3167.502	166.7948	5.080996
9798	-2994.04	-3160.77	166.73	5.116926
9804	-2990.175	-3156.835	166.6593	5.156086
9810	-2994.105	-3161.433	167.3278	4.784397
9816	-2996.51	-3162.951	166.4406	5.276995
9822	-2990.49	-3157.86	167.3696	4.761071
9828	-2988.928	-3155.899	166.971	4.983196
9834	-3003.722	-3170.362	166.6395	5.167038
9840	-2992.856	-3159.885	167.0288	4.951015
9846	-2994.185	-3161.342	167.1564	4.880009
9852	-2997.02	-3164.404	167.3838	4.753138
9858	-2995.015	-3161.912	166.8968	5.024375
9864	-2997.425	-3164.984	167.5583	4.655506
9870	-2998.871	-3166.072	167.2011	4.855088
9876	-2994.186	-3161.387	167.2011	4.855088
9882	-2998.014	-3165.208	167.1946	4.85871
9888	-2999.773	-3166.933	167.1607	4.877623
9894	-3009.876	-3176.775	166.8988	5.023285
9900	-2996.311	-3163.384	167.0734	4.926238
9906	-2989.524	-3157.1	167.5755	4.645908
9912	-2995.746	-3162.59	166.8447	5.053325
9918	-2995.716	-3162.674	166.9583	4.990223
9924	-3000.67	-3167.628	166.9583	4.990223
9930	-3007.371	-3174.045	166.6742	5.147813
9936	-2998.67	-3165.344	166.6742	5.147813
9942	-2982.24	-3149.119	166.8799	5.0338
9948	-2997.075	-3164.566	167.4907	4.693381
9954	-2993.944	-3161.091	167.1463	4.885656
9960	-2980.619	-3147.063	166.4441	5.275062
9966	-2983.473	-3150.5	167.027	4.95202
9972	-2989.479	-3156.419	166.9401	5.000359
9978	-2986.143	-3153.716	167.5732	4.647154
9984	-2993.704	-3160.392	166.6886	5.139869
9990	-2998.567	-3165.693	167.1253	4.897359
9996	-2992.959	-3159.579	166.62	5.177835
10002	-2992.642	-3159.515	166.8735	5.03732
10008	-2993.568	-3160.405	166.8367	5.057725
10014	-2994.609	-3161.602	166.9932	4.970849
10020	-2982.229	-3149.525	167.296	4.802159
10026	-2983.737	-3150.815	167.0774	4.924023
10032	-2993.458	-3160.449	166.991	4.972079
10038	-2994.125	-3160.342	166.2171	5.400315
10044	-2987.923	-3155.396	167.4727	4.70344
10050	-2995.556	-3162.193	166.6371	5.168368
10056	-2992.042	-3159.474	167.4324	4.725992
10062	-3006.659	-3173.754	167.0948	4.914307
10068	-2999.578	-3166.498	166.9199	5.011588
10074	-2995.377	-3162.322	166.9451	4.997545
10080	-2988.98	-3156.307	167.3264	4.785181
10086	-2992.33	-3159.708	167.3778	4.756494
10092	-2993.967	-3161.253	167.286	4.807766
10098	-2998.973	-3165.916	166.9434	4.998491
10104	-3010.82	-3177.603	166.7836	5.087233
10110	-3011.591	-3178.379	166.788	5.084747
10116	-3000.952	-3167.437	166.4857	5.252114
10122	-3013.153	-3179.241	166.0879	5.47147
10128	-3003.54	-3169.628	166.0879	5.47147
10134	-2999.277	-3166.058	166.7801	5.089139
10140	-2998.019	-3164.799	166.7801	5.089139
10146	-2999.949	-3166.246	166.2966	5.356481
10152	-2994.024	-3161.351	167.3264	4.785187
10158	-2993.542	-3160.35	166.8082	5.073574
10164	-2999.335	-3166.326	166.9906	4.972255
10170	-2996.979	-3163.592	166.6126	5.181913
10176	-2991.833	-3159.137	167.3047	4.797334
10182	-2996.183	-3163.768	167.5849	4.640605
10188	-2988.809	-3155.601	166.7921	5.082465
10194	-2980.111	-3147.015	166.9041	5.020339
10200	-2987.242	-3153.816	166.5742	5.203184
10206	-3000.2	-3167.499	167.2986	4.800712
10212	-2993.753	-3160.952	167.199	4.856299
10218	-3002.009	-3169.208	167.199	4.856299
10224	-2991.155	-3158.279	167.1245	4.897762
10230	-2997.842	-3164.896	167.0545	4.936757
10236	-2989.045	-3156.1	167.0545	4.936757
10242	-2982.768	-3150.058	167.2899	4.805587
10248	-3000.667	-3167.356	166.6888	5.139745
10254	-2996.072	-3162.17	166.0972	5.466344
10260	-2987.729	-3155.142	167.4127	4.737013
10266	-2979.711	-3146.759	167.0479	4.940419
10272	-2988.531	-3155.73	167.1992	4.856141
10278	-2986.819	-3153.723	166.9046	5.020066
10284	-2988.807	-3155.685	166.8779	5.034866
10290	-3000.648	-3167.77	167.1221	4.899096
10296	-2999.591	-3166.757	167.1669	4.87414
10302	-2998.086	-3164.743	166.6571	5.157302
10308	-2991.344	-3157.977	166.6334	5.170446
10314	-3000.838	-3167.935	167.0975	4.912787
10320	-2993.175	-3159.875	166.7007	5.133178
10326	-2997.095	-3163.761	166.6652	5.152821
10332	-2988.444	-3155.227	166.7824	5.087858
10338	-2989.246	-3156.443	167.1975	4.857116
10344	-2992.997	-3160.058	167.0609	4.933168
10350	-2987.608	-3154.669	167.0609	4.933168
10356	-2982.873	-3149.469	166.5962	5.191018
10362	-2989.591	-3156.838	167.2466	4.829744
10368	-2987.204	-3153.958	166.7532	5.104069
10374	-2981.894	-3148.647	166.7532	5.104069
10380	-2988.871	-3155.293	166.4218	5.28739
10386	-2986.372	-3152.794	166.4218	5.28739
10392	-2986.069	-3153.086	167.0178	4.957162
10398	-2991.802	-3158.82	167.0178	4.957162
10404	-2994.443	-3160.981	166.538	5.223208
10410	-3004.171	-3170.407	166.2354	5.390248
10416	-2998.769	-3165.688	166.9188	5.012153
10422	-3001.568	-3168.762	167.1942	4.858938
10428	-3000.006	-3167.613	167.6077	4.627831
10434	-3013.155	-3179.972	166.817	5.068675
10440	-3000.638	-3167.902	167.2643	4.819853
10446	-2993.772	-3161.037	167.2643	4.819853
10452	-2997.064	-3164.329	167.2643	4.819853
10458	-2996.946	-3164.096	167.15	4.88356
10464	-2991.568	-3158.723	167.1551	4.880725
10470	-2981.363	-3148.432	167.0689	4.928726
10476	-2982.321	-3148.97	166.6489	5.161855
10482	-2990.982	-3157.63	166.6489	5.161855
10488	-2988.562	-3155.332	166.7698	5.09484
10494	-2991.057	-3158.302	167.2457	4.830264
10500	-2987.153	-3154.951	167.7979	4.521082
10506	-2990.463	-3157.39	166.9278	5.007158
10512	-2984.17	-3150.823	166.6528	5.159661
10518	-2993.542	-3160.766	167.2238	4.842439
10524	-2987.179	-3154.877	167.6978	4.57727
10530	-2999.724	-3167.145	167.421	4.732333
10536	-2990.355	-3157.808	167.4526	4.714685
10542	-2997.628	-3165.31	167.6819	4.586214
10548	-3001.147	-3168.409	167.2624	4.820915
10554	-2998.084	-3165.312	167.228	4.840106
10560	-3007.835	-3174.927	167.092	4.915866
10566	-3002.694	-3169.711	167.0169	4.957648
10572	-2994.58	-3161.472	166.8923	5.026877
10578	-2981.318	-3148.013	166.6954	5.136113
10584	-2987.782	-3154.927	167.1446	4.886586
10590	-2984.812	-3151.892	167.0799	4.922589
10596	-2995.543	-3162.873	167.3299	4.783263
10602	-2995.236	-3162.774	167.5379	4.666943
10608	-3007.572	-3174.916	167.3446	4.77505
10614	-3000.68	-3167.634	166.9542	4.992535
10620	-2984.197	-3151.324	167.1267	4.896559
10626	-2984.173	-3151.244	167.071	4.927563
10632	-2988.056	-3155.115	167.0585	4.934505
10638	-2998.374	-3165.245	166.871	5.038739
10644	-2981.796	-3148.846	167.0496	4.939455
10650	-2993.916	-3161.025	167.1087	4.906587
10656	-2998.521	-3165.654	167.1333	4.892873
10662	-2995.531	-3162.312	166.7813	5.088462
10668	-2993.309	-3160.121	166.8116	5.07165
10674	-2984.038	-3150.98	166.9425	4.999038
10680	-2987.327	-3154.27	166.9425	4.999038
10686	-2990.418	-3158.052	167.634	4.613101
10692	-2987.168	-3154.096	166.928	5.007091
10698	-2972.345	-3139.778	167.4336	4.725304
10704	-2977.09	-3144.109	167.0189	4.956543
10710	-2984.926	-3152.056	167.1308	4.894253
10716	-2985.567	-3152.8	167.2326	4.837527
10722	-2995.204	-3162.948	167.7445	4.551088
10728	-2991.424	-3158.302	166.8779	5.034883
10734	-2992.732	-3159.374	166.6421	5.165597
10740	-2988.929	-3155.594	166.6654	5.152713
10746	-2995.359	-3162.69	167.3304	4.782999
10752	-3001.574	-3168.561	166.9872	4.974163
10758	-3001.022	-3167.763	166.7405	5.111107
10764	-2999.394	-3166.834	167.4401	4.721685
10770	-2994.786	-3161.846	167.0595	4.933944
10776	-2994.885	-3162.239	167.3539	4.769854
10782	-3002.825	-3169.575	166.7502	5.105741
10788	-2997.661	-3164.656	166.9951	4.969755
10794	-2982.539	-3149.414	166.8753	5.03632
10800	-2988.936	-3155.652	166.7169	5.124156
10806	-2987.641	-3154.306	166.6655	5.152621
10812	-3001.637	-3168.468	166.8309	5.060986
10818	-2991.563	-3158.607	167.0442	4.942459
10824	-2998.189	-3164.896	166.7074	5.129441
10830	-3000.484	-3167.261	166.7763	5.091275
10836	-3018.41	-3185.028	166.6177	5.179081
10842	-3006.362	-3173.505	167.1425	4.887754
10848	-3010.148	-3177.433	167.2854	4.808071
10854	-2996.399	-3163.305	166.9061	5.019222
10860	-2991.129	-3158.035	166.9061	5.019222
10866	-2996.035	-3163.024	166.9897	4.972764
10872	-2993.4	-3160.158	166.7571	5.101875
10878	-2995.799	-3163.528	167.7289	4.559849
10884	-3001.277	-3167.941	166.6642	5.153363
10890	-3000.538	-3167.431	166.893	5.02651
10896	-2995.6	-3162.936	167.3351	4.780329
10902	-2995.729	-3162.832	167.1032	4.90962
10908	-2993.639	-3160.415	166.7758	5.091548
10914	-2983.613	-3150.405	166.7916	5.082744
10920	-2988.095	-3154.941	166.8463	5.052419
10926	-2997.044	-3163.945	166.9009	5.022104
10932	-2988.419	-3155.647	167.2282	4.839982
10938	-2989.762	-3156.947	167.1855	4.863788
10944	-2986.814	-3154.229	167.4146	4.735933
10950	-2996.943	-3164.491	167.5479	4.661323
10956	-2984.501	-3151.577	167.0754	4.925118
10962	-2994.479	-3161.703	167.2242	4.842212
10968	-2992.876	-3159.586	166.7102	5.127915
10974	-2997.355	-3164.635	167.2802	4.811017
10980	-3011.236	-3178.062	166.8259	5.063751
10986	-3013.41	-3180.678	167.268	4.817815
10992	-3001.384	-3168.128	166.7433	5.109544
10998	-3005.441	-3172.184	166.7433	5.109544
11004	-3006.224	-3172.716	166.492	5.248613
11010	-3004.594	-3172.023	167.4287	4.72803
11016	-3002.862	-3169.903	167.0404	4.944593
11022	-2993.169	-3160.102	166.9334	5.004062
11028	-2999.265	-3166.382	167.1165	4.902232
11034	-2991.912	-3159.631	167.7188	4.565483
11040	-2993.608	-3160.662	167.0536	4.937271
11046	-3006.714	-3173.966	167.2521	4.82666
11052	-3015.972	-3183.193	167.2205	4.844296
11058	-3010.13	-3177.549	167.4188	4.733574
11064	-3002.759	-3170.178	167.4188	4.733574
11070	-2998.048	-3164.83	166.7827	5.087723
11076	-2990.026	-3156.666	166.6393	5.167144
11082	-2997.281	-3164.033	166.7513	5.105104
11088	-3006.592	-3173.54	166.948	4.995964
11094	-3000.366	-3167.62	167.2545	4.825303
11100	-2993.971	-3161.225	167.2545	4.825303
11106	-2993.792	-3161.256	167.4633	4.7087
11112	-2994.829	-3162.127	167.2974	4.801409
11118	-2995.785	-3163.147	167.3615	4.765607
11124	-2986.711	-3153.553	166.8424	5.054566
11130	-2997.551	-3164.754	167.2031	4.853971
11136	-3001.229	-3168.208	166.9786	4.978963
11142	-2988.74	-3155.931	167.1913	4.860542
11148	-2993.653	-3161.188	167.5346	4.668785
11154	-2992	-3159.096	167.0959	4.913696
11160	-2985.907	-3153.103	167.1964	4.857702
11166	-2990.471	-3157.294	166.8229	5.065418
11172	-2992.248	-3159.477	167.2288	4.839642
11178	-2992.279	-3159.129	166.8494	5.050733
11184	-2988.091	-3155.487	167.3958	4.746419
11190	-3003.07	-3169.819	166.7484	5.106732
11196	-3001.335	-3168.232	166.8969	5.024314
11202	-2989.179	-3156.376	167.1975	4.857088
11208	-2983.409	-3150.137	166.7275	5.118294
11214	-2991.004	-3158.184	167.1797	4.867046
11220	-2986.268	-3153.656	167.3882	4.750659
11226	-2992.617	-3159.313	166.6965	5.13549
11232	-2995.383	-3162.554	167.1714	4.871678
11238	-2986.337	-3152.654	166.317	5.345238
11244	-2988.539	-3154.856	166.317	5.345238
11250	-2986.968	-3154.458	167.49	4.693747
11256	-2994.697	-3161.739	167.042	4.943691
11262	-2989.683	-3156.969	167.2862	4.807668
11268	-2986.007	-3153.293	167.2862	4.807668
11274	-2986.76	-3153.687	166.9266	5.007818
11280	-2985.545	-3152.731	167.1858	4.863641
11286	-2981.234	-3148.42	167.1858	4.863641
11292	-2983.885	-3151.08	167.1948	4.858642
11298	-2991.733	-3159.188	167.4545	4.713633
11304	-2986.337	-3153.273	166.9357	5.002779
11310	-2990.166	-3157.444	167.2779	4.812278
11316	-2983.686	-3150.964	167.2779	4.812278
11322	-2984.119	-3151.403	167.2839	4.808929
11328	-2995.219	-3162.503	167.2839	4.808929
11334	-2988.765	-3155.289	166.5248	5.230514
11340	-2996.934	-3164.419	167.4855	4.696249
11346	-2995.095	-3161.965	166.8695	5.039563
11352	-2993.525	-3160.96	167.4355	4.724233
11358	-3004.955	-3171.846	166.8905	5.027877
11364	-3007.842	-3174.732	166.8905	5.027877
11370	-3003.62	-3170.889	167.2691	4.817209
11376	-2998.768	-3165.318	166.5502	5.216475
11382	-2991.182	-3158.261	167.0788	4.923243
11388	-2997.579	-3164.864	167.2857	4.807903
11394	-3003.545	-3170.414	166.8694	5.039618
11400	-2994.797	-3161.793	166.9957	4.969446
11406	-3001.745	-3169.409	167.6635	4.596536
11412	-2992.971	-3159.31	166.3382	5.33353
11418	-2988.827	-3155.573	166.7462	5.107918
11424	-2989.734	-3156.634	166.9003	5.022453
11430	-2989.868	-3156.702	166.8331	5.059737
11436	-2991.894	-3158.727	166.8331	5.059737
11442	-2989.194	-3156.318	167.1239	4.898142
11448	-2984.148	-3151.58	167.4316	4.726446
11454	-2974.98	-3141.957	166.9775	4.97956
11460	-2975.234	-3142.165	166.9304	5.005755
11466	-2973.149	-3140.08	166.9304	5.005755
11472	-2988.643	-3154.866	166.2232	5.396975
11478	-2986.18	-3153.219	167.039	4.945368
11484	-3001.416	-3169.068	167.6522	4.602875
11490	-2983.235	-3150.059	166.8247	5.064435
11496	-2983.258	-3150.356	167.0985	4.912277
11502	-2994.674	-3161.194	166.5204	5.232934
11508	-2985.768	-3152.398	166.6301	5.172241
11514	-2983.139	-3150.251	167.1118	4.90484
11520	-2976.077	-3143.179	167.1015	4.910603
11526	-2983.013	-3150.115	167.1015	4.910603
11532	-2990.241	-3157.391	167.1502	4.883465
11538	-2991.372	-3158.215	166.8435	5.053962
11544	-2982.987	-3150.186	167.1995	4.856026
11550	-2982.575	-3149.288	166.7126	5.126551
11556	-2993.158	-3160.281	167.123	4.898621
11562	-2995.331	-3162.682	167.3505	4.77172
11568	-2992.937	-3160.149	167.2123	4.848864
11574	-2985.286	-3152.498	167.2123	4.848864
11580	-2994.211	-3160.935	166.7241	5.12019
11586	-2988.991	-3155.715	166.7241	5.12019
11592	-2991.007	-3157.963	166.9566	4.99116
11598	-2988.166	-3155.316	167.15	4.883598
