Iteration	Posterior	Likelihood	Prior	tree_length
0	-1279.617	-1453.184	173.5667	0.7135686
6	-1281.293	-1454.882	173.5894	0.672795
12	-1283.942	-1457.385	173.4435	0.879988
18	-1281.039	-1454.595	173.5561	0.7307437
24	-1273.817	-1447.368	173.5512	0.7384228
30	-1275.996	-1449.482	173.4858	0.8288848
36	-1280.361	-1453.867	173.5055	0.8034484
42	-1283.788	-1457.216	173.4276	0.8981014
48	-1285.282	-1458.796	173.5135	0.7927303
54	-1294.34	-1467.695	173.3549	0.9760689
60	-1297.11	-1470.647	173.5372	0.7595086
66	-1287.741	-1461.283	173.5421	0.7522695
72	-1289.686	-1463.092	173.4059	0.9221521
78	-1289.169	-1462.623	173.4543	0.8673367
84	-1289.198	-1462.652	173.4543	0.8673367
90	-1288.943	-1462.545	173.6022	0.6462724
96	-1292.837	-1466.207	173.3697	0.9607486
102	-1304.168	-1477.665	173.4966	0.8150917
108	-1303.846	-1477.342	173.4966	0.8150917
114	-1299.304	-1472.772	173.4679	0.8510674
120	-1306.325	-1479.926	173.6011	0.6487647
126	-1295.5	-1469.051	173.5511	0.738633
132	-1301.55	-1475.023	173.473	0.8448103
138	-1277.306	-1450.796	173.4907	0.8226788
144	-1287.439	-1460.93	173.4916	0.8215564
150	-1290.584	-1464.095	173.5108	0.7963728
156	-1286.922	-1460.457	173.5348	0.7630227
162	-1282.524	-1456.066	173.5419	0.7524797
168	-1299.016	-1472.624	173.6071	0.6350519
174	-1292.761	-1466.368	173.6071	0.6350519
180	-1298.79	-1472.308	173.5185	0.7859976
186	-1300.791	-1474.279	173.4879	0.8262901
192	-1302.583	-1476.068	173.4851	0.8298376
198	-1293.003	-1466.488	173.4851	0.8298376
204	-1287.087	-1460.572	173.4851	0.8298376
210	-1286.95	-1460.522	173.5716	0.7051693
216	-1290.556	-1464.003	173.4474	0.8754106
222	-1279.029	-1452.532	173.5033	0.806456
228	-1282.505	-1456.029	173.5244	0.7777336
234	-1282.452	-1455.936	173.4845	0.8305282
240	-1298.586	-1472.07	173.4845	0.8305282
246	-1293.875	-1467.46	173.5848	0.6815597
252	-1279.215	-1452.728	173.513	0.7934472
258	-1285.053	-1458.532	173.479	0.8374693
264	-1287.751	-1461.154	173.4028	0.9255757
270	-1289.414	-1462.996	173.5817	0.6873405
276	-1285.985	-1459.444	173.4594	0.8613208
282	-1295.893	-1469.396	173.5025	0.8073993
288	-1291.187	-1464.73	173.5428	0.7512528
294	-1293.211	-1466.733	173.5217	0.7815337
300	-1306.994	-1480.481	173.4867	0.8278074
306	-1289.632	-1463.091	173.4593	0.8613714
312	-1287.987	-1461.58	173.5935	0.6646197
318	-1284.758	-1458.282	173.5245	0.7776116
324	-1285.667	-1459.102	173.4347	0.8900548
330	-1292.404	-1465.978	173.5738	0.7014613
336	-1292.568	-1466.042	173.4741	0.8435408
342	-1293.009	-1466.56	173.5508	0.7390141
348	-1280.772	-1454.275	173.5029	0.8069561
354	-1291.743	-1465.353	173.6095	0.6293917
360	-1288.923	-1462.353	173.4304	0.8949685
366	-1291.336	-1464.881	173.5451	0.7477345
372	-1288.382	-1461.92	173.5383	0.7579321
378	-1288.169	-1461.774	173.6046	0.6409298
384	-1297.371	-1470.987	173.6158	0.6132415
390	-1294	-1467.534	173.5344	0.7636047
396	-1286.377	-1459.892	173.5146	0.7912635
402	-1283.167	-1456.682	173.5146	0.7912635
408	-1280.373	-1453.965	173.5922	0.6672899
414	-1282.716	-1456.235	173.519	0.7852329
420	-1281.503	-1455.092	173.5888	0.6739158
426	-1277.109	-1450.649	173.5405	0.7545488
432	-1268.052	-1441.567	173.5157	0.7898558
438	-1271.31	-1444.845	173.5353	0.762318
444	-1279.229	-1452.764	173.5353	0.762318
450	-1281.884	-1455.451	173.5672	0.7126614
456	-1275.198	-1448.709	173.5106	0.7967473
462	-1280.461	-1454.062	173.6009	0.6491375
468	-1279.765	-1453.189	173.4234	0.9027901
474	-1277.299	-1450.818	173.5188	0.7855797
480	-1289.629	-1463.098	173.4681	0.8508578
486	-1282.994	-1456.519	173.5252	0.77672
492	-1282.11	-1455.594	173.4843	0.830823
498	-1287.246	-1460.793	173.5468	0.7452167
504	-1285.701	-1459.223	173.5221	0.7809389
510	-1289.451	-1463.055	173.6043	0.6415829
516	-1285.634	-1459.067	173.4329	0.8920704
522	-1289.881	-1463.293	173.4119	0.9156149
528	-1287.973	-1461.5	173.5269	0.7742487
534	-1282.634	-1456.172	173.538	0.758371
540	-1290.853	-1464.391	173.538	0.758371
546	-1282.947	-1456.418	173.4716	0.8465467
552	-1282.574	-1456.051	173.4773	0.8395025
558	-1279.425	-1452.929	173.5039	0.8055586
564	-1285.23	-1458.785	173.5544	0.7334132
570	-1285.166	-1458.665	173.4995	0.8113726
576	-1301.123	-1474.576	173.453	0.868834
582	-1290.648	-1464.143	173.4951	0.817095
588	-1281.133	-1454.585	173.4528	0.8690664
594	-1288.18	-1461.647	173.4674	0.8516766
600	-1289.285	-1462.85	173.5653	0.7157856
606	-1284.388	-1457.86	173.4722	0.845809
612	-1290.622	-1463.944	173.3222	1.009086
618	-1286.046	-1459.424	173.3786	0.9515107
624	-1292.429	-1466.006	173.5777	0.6944628
630	-1295.407	-1468.932	173.5254	0.7764154
636	-1291.524	-1465.049	173.5254	0.7764154
642	-1296.065	-1469.573	173.5084	0.7996643
648	-1299.181	-1472.654	173.4727	0.8451726
654	-1305.824	-1479.256	173.4317	0.8934188
660	-1291.442	-1464.956	173.5136	0.7926385
666	-1292	-1465.514	173.5136	0.7926385
672	-1291.743	-1465.257	173.5136	0.7926385
678	-1281.372	-1454.9	173.5277	0.7731049
684	-1284.1	-1457.628	173.5277	0.7731049
690	-1283.987	-1457.219	173.2318	1.095176
696	-1287.113	-1460.36	173.247	1.081176
702	-1280.244	-1453.722	173.4779	0.8388093
708	-1278.157	-1451.653	173.4955	0.816622
714	-1278.02	-1451.504	173.484	0.8312508
720	-1279.388	-1452.923	173.5343	0.7637092
726	-1276.273	-1449.786	173.5127	0.793909
732	-1277.236	-1450.741	173.5049	0.804234
738	-1279.202	-1452.732	173.5303	0.7694319
744	-1281.968	-1455.544	173.576	0.6975091
750	-1279.455	-1452.911	173.4568	0.8643301
756	-1267.267	-1440.716	173.4488	0.8737484
762	-1278.549	-1452.103	173.5547	0.7329654
768	-1283.741	-1457.27	173.5292	0.771085
774	-1288.196	-1461.681	173.4856	0.8291321
780	-1289.447	-1462.896	173.4497	0.8726702
786	-1286.11	-1459.662	173.5523	0.7367166
792	-1284.115	-1457.664	173.5494	0.741179
798	-1287.513	-1460.983	173.4699	0.8486275
804	-1289.062	-1462.496	173.434	0.8908322
810	-1273.591	-1447.052	173.4619	0.8583002
816	-1279.261	-1452.874	173.6131	0.6203588
822	-1275.229	-1448.794	173.5644	0.7173794
828	-1274.035	-1447.592	173.5575	0.7285765
834	-1288.232	-1461.644	173.4119	0.9155818
840	-1289.477	-1462.889	173.412	0.9154496
846	-1291.932	-1465.398	173.4659	0.8534394
852	-1291.968	-1465.526	173.5576	0.7283001
858	-1299.856	-1473.332	173.4752	0.8421884
864	-1297.956	-1471.452	173.496	0.8159877
870	-1295.578	-1468.974	173.3965	0.9324231
876	-1291.142	-1464.506	173.3642	0.9664729
882	-1290.972	-1464.543	173.5717	0.7049635
888	-1287.686	-1461.209	173.5226	0.7803585
894	-1286.618	-1460.218	173.6007	0.6495872
900	-1279.141	-1452.732	173.5908	0.669965
906	-1289.421	-1462.898	173.4769	0.8399911
912	-1282.321	-1455.798	173.4769	0.8399911
918	-1279.257	-1452.795	173.538	0.7582453
924	-1276.812	-1450.31	173.4981	0.8132193
930	-1297.157	-1470.665	173.5078	0.8004081
936	-1290.023	-1463.531	173.5078	0.8004081
942	-1287.459	-1460.9	173.4413	0.8825401
948	-1290.69	-1464.203	173.5124	0.7942382
954	-1288.964	-1462.483	173.5185	0.7859904
960	-1283.972	-1457.521	173.5492	0.7415397
966	-1294.808	-1468.339	173.5316	0.7675303
972	-1287.663	-1461.165	173.5015	0.8087085
978	-1283.764	-1457.26	173.4957	0.8163588
984	-1281.904	-1455.4	173.4957	0.8163588
990	-1277.9	-1451.435	173.5358	0.7615813
996	-1278.352	-1451.868	173.5159	0.7895738
1002	-1275.368	-1448.787	173.4183	0.9084731
1008	-1284.874	-1458.421	173.5473	0.7443731
1014	-1283.088	-1456.577	173.4887	0.8252075
1020	-1289.084	-1462.572	173.4887	0.8252075
1026	-1279.283	-1452.79	173.507	0.8015275
1032	-1290.248	-1463.761	173.5132	0.7932514
1038	-1281.799	-1455.301	173.5027	0.8071443
1044	-1276.46	-1449.968	173.5077	0.8006513
1050	-1284.616	-1458.191	173.575	0.6993606
1056	-1290.103	-1463.68	173.5772	0.6954655
1062	-1288.42	-1461.817	173.3962	0.9327434
1068	-1292.419	-1465.965	173.5464	0.7458253
1074	-1292.088	-1465.491	173.4025	0.9258753
1080	-1290.087	-1463.65	173.5631	0.7194156
1086	-1272.923	-1446.443	173.5192	0.7850595
1092	-1290.785	-1464.386	173.6015	0.6477272
1098	-1292.262	-1465.687	173.4256	0.9003879
1104	-1289.731	-1463.337	173.6059	0.6379309
1110	-1286.216	-1459.822	173.6059	0.6379309
1116	-1282.567	-1456.125	173.5584	0.7270125
1122	-1284.926	-1458.51	173.5843	0.6825464
1128	-1293.491	-1467.102	173.6109	0.6260258
1134	-1281.694	-1455.158	173.4641	0.8556296
1140	-1286.862	-1460.486	173.6238	0.5894133
1146	-1289.634	-1463.152	173.5182	0.7864403
1152	-1286.735	-1460.372	173.6367	0.5269591
1158	-1286.52	-1460.138	173.6185	0.6057648
1164	-1279.341	-1452.858	173.517	0.7880256
1170	-1281.651	-1455.065	173.4139	0.9133564
1176	-1274.654	-1448.07	173.4153	0.9118266
1182	-1272.195	-1445.655	173.4601	0.8604047
1188	-1277.447	-1450.907	173.4601	0.8604047
1194	-1284.791	-1458.318	173.5267	0.7745931
1200	-1286.042	-1459.493	173.4515	0.8706029
1206	-1286.012	-1459.514	173.5014	0.8088652
1212	-1280.043	-1453.55	173.507	0.801536
1218	-1285.448	-1458.945	173.4963	0.8155298
1224	-1291.234	-1464.682	173.4479	0.8747855
1230	-1289.114	-1462.6	173.4861	0.8285009
1236	-1293.199	-1466.718	173.5191	0.785093
1242	-1289.504	-1462.978	173.4742	0.8433229
1248	-1294.478	-1467.915	173.4373	0.8870518
1254	-1296.391	-1469.982	173.5911	0.6693977
1260	-1287.8	-1461.368	173.5684	0.7107022
1266	-1282.856	-1456.414	173.5574	0.7286867
1272	-1279.842	-1453.291	173.4495	0.8729646
1278	-1280.423	-1453.887	173.4645	0.8551119
1284	-1286.653	-1460.117	173.4645	0.8551119
1290	-1281.773	-1455.212	173.4389	0.8852194
1296	-1280.157	-1453.641	173.484	0.8312484
1302	-1288.135	-1461.726	173.59	0.6715166
1308	-1289.17	-1462.762	173.5918	0.6679693
1314	-1289.348	-1462.976	173.6283	0.5733494
1320	-1283.184	-1456.741	173.5578	0.7280388
1326	-1278.875	-1452.357	173.4817	0.8340392
1332	-1281.744	-1455.238	173.4942	0.8182817
1338	-1295.784	-1469.276	173.4914	0.8217723
1344	-1281.696	-1455.156	173.46	0.8605773
1350	-1294.778	-1468.286	173.5079	0.8003853
1356	-1300.532	-1474.045	173.5139	0.7922756
1362	-1289.955	-1463.469	173.5139	0.7922756
1368	-1278.237	-1451.795	173.5581	0.7275369
1374	-1288.827	-1462.361	173.5333	0.7651023
1380	-1293.056	-1466.587	173.5315	0.7677299
1386	-1287.258	-1460.764	173.5057	0.8032121
1392	-1290.629	-1464.106	173.4771	0.8398078
1398	-1286.543	-1460.115	173.572	0.7044704
1404	-1292.251	-1465.737	173.4862	0.8284693
1410	-1286.858	-1460.309	173.4507	0.8715406
1416	-1273.98	-1447.512	173.5316	0.7675424
1422	-1273.852	-1447.384	173.5316	0.7675424
1428	-1275.632	-1449.081	173.4498	0.8725678
1434	-1283.478	-1456.838	173.3604	0.9704764
1440	-1290.867	-1464.382	173.515	0.7907084
1446	-1285.747	-1459.217	173.4694	0.8491951
1452	-1286.644	-1460.251	173.6073	0.6346945
1458	-1285.152	-1458.716	173.5644	0.7173508
1464	-1287.862	-1461.438	173.5764	0.6968786
1470	-1294.962	-1468.478	173.5159	0.7894994
1476	-1289.604	-1463.06	173.4558	0.8655089
1482	-1286.915	-1460.395	173.4792	0.8371658
1488	-1279.22	-1452.817	173.5968	0.657863
1494	-1287.596	-1461.102	173.5067	0.8019233
1500	-1278.635	-1452.131	173.4964	0.8154246
1506	-1286.564	-1460.103	173.5393	0.7563856
1512	-1286.002	-1459.567	173.5647	0.7169223
1518	-1289.229	-1462.664	173.4349	0.8897812
1524	-1289.853	-1463.289	173.4362	0.8882974
1530	-1279.743	-1453.242	173.4986	0.8126115
1536	-1275.093	-1448.677	173.5837	0.6835666
1542	-1276.067	-1449.497	173.4296	0.8958416
1548	-1281.773	-1455.358	173.5851	0.6808869
1554	-1286.995	-1460.58	173.5851	0.6808869
1560	-1281.547	-1455.086	173.5391	0.7566518
1566	-1285.212	-1458.704	173.4918	0.8213494
1572	-1273.424	-1446.916	173.4918	0.8213494
1578	-1290.398	-1463.817	173.4197	0.9069154
1584	-1283.374	-1456.815	173.4412	0.8825842
1590	-1284.272	-1457.836	173.5643	0.7175723
1596	-1279.163	-1452.591	173.4281	0.8975225
1602	-1278.966	-1452.394	173.4281	0.8975225
1608	-1286.836	-1460.295	173.4586	0.8622293
1614	-1282.813	-1456.391	173.5786	0.693006
1620	-1282.796	-1456.347	173.5507	0.7391541
1626	-1278.613	-1452.038	173.4247	0.9013643
1632	-1276.737	-1450.269	173.5319	0.7670959
1638	-1295.372	-1468.871	173.4991	0.8119278
1644	-1282.232	-1455.728	173.496	0.8158793
1650	-1281.36	-1454.836	173.4759	0.8412945
1656	-1278.583	-1452.067	173.4835	0.8317959
1662	-1290.87	-1464.346	173.476	0.841111
1668	-1278.814	-1452.424	173.6097	0.6289689
1674	-1283.834	-1457.357	173.5229	0.7798386
1680	-1285.478	-1458.9	173.4219	0.9044938
1686	-1281.608	-1455.136	173.5275	0.7734789
1692	-1281.599	-1455.149	173.5498	0.7406225
1698	-1278.251	-1451.806	173.5552	0.7322261
1704	-1292.149	-1465.647	173.4983	0.8129646
1710	-1290.115	-1463.561	173.4459	0.8771701
1716	-1282.721	-1456.198	173.477	0.8398878
1722	-1286.773	-1460.289	173.5155	0.7900574
1728	-1272.177	-1445.582	173.4053	0.9227955
1734	-1288.429	-1461.851	173.4211	0.9053844
1740	-1283.88	-1457.317	173.4368	0.8877007
1746	-1293.662	-1467.099	173.4368	0.8877007
1752	-1299.232	-1472.669	173.4368	0.8877007
1758	-1301.869	-1475.334	173.4645	0.8551795
1764	-1300.146	-1473.696	173.5502	0.7400337
1770	-1299.818	-1473.367	173.5499	0.7403649
1776	-1298.085	-1471.488	173.4032	0.9250932
1782	-1294.166	-1467.692	173.526	0.7755719
1788	-1289.112	-1462.639	173.5275	0.7734125
1794	-1287.006	-1460.547	173.5417	0.7528497
1800	-1280.652	-1454.185	173.533	0.7656403
1806	-1277.231	-1450.736	173.5046	0.8046933
1812	-1272.94	-1446.534	173.5941	0.6635104
1818	-1279.785	-1453.319	173.534	0.7641557
1824	-1300.634	-1474.074	173.4404	0.8835541
1830	-1285.038	-1458.434	173.3964	0.932448
1836	-1281.997	-1455.47	173.4731	0.8446584
1842	-1283.659	-1457.083	173.4235	0.9027526
1848	-1292.697	-1466.274	173.577	0.6958649
1854	-1288.777	-1462.33	173.5525	0.7363746
1860	-1292.457	-1466.039	173.582	0.6867791
1866	-1298.945	-1472.416	173.4709	0.8474385
1872	-1288.361	-1461.819	173.4581	0.8628105
1878	-1284.489	-1457.944	173.455	0.8664574
1884	-1288.344	-1461.844	173.5004	0.8101779
1890	-1278.216	-1451.677	173.4618	0.858414
1896	-1283.931	-1457.449	173.5184	0.786172
1902	-1279.618	-1453.14	173.5215	0.7818423
1908	-1292.031	-1465.59	173.5588	0.726461
1914	-1280.98	-1454.508	173.5284	0.7721363
1920	-1285.077	-1458.652	173.5753	0.6988595
1926	-1274.293	-1447.692	173.3989	0.9297819
1932	-1278.537	-1452.026	173.4889	0.8250451
1938	-1277.585	-1451.1	173.5154	0.7902111
1944	-1283.525	-1457.077	173.5524	0.7365716
1950	-1280.753	-1454.286	173.5326	0.7661364
1956	-1286.561	-1460.165	173.6039	0.642453
1962	-1287.064	-1460.507	173.4435	0.8798873
1968	-1291.304	-1464.879	173.5745	0.7002558
1974	-1303.022	-1476.378	173.3559	0.9750347
1980	-1302.504	-1475.932	173.4281	0.8974987
1986	-1291.493	-1464.987	173.4949	0.8172853
1992	-1292.004	-1465.431	173.4276	0.8981406
1998	-1296.361	-1469.96	173.5988	0.6535476
2004	-1294.641	-1468.17	173.5291	0.7712153
2010	-1294.085	-1467.57	173.4848	0.8301548
2016	-1288.978	-1462.558	173.5797	0.6909029
2022	-1293.278	-1466.813	173.5351	0.7624733
2028	-1292.63	-1466.165	173.5354	0.7620979
2034	-1293.094	-1466.602	173.5077	0.8006012
2040	-1290.665	-1464.177	173.5119	0.7949151
2046	-1285.409	-1458.921	173.5119	0.7949151
2052	-1292.943	-1466.524	173.581	0.6886409
2058	-1294.875	-1468.422	173.5462	0.746126
2064	-1278.087	-1451.584	173.4967	0.8149972
2070	-1279.793	-1453.262	173.4686	0.8501797
2076	-1278.358	-1451.874	173.5158	0.7896616
2082	-1284.624	-1458.008	173.3841	0.9456605
2088	-1286.616	-1460.205	173.5894	0.6728375
2094	-1283.668	-1457.241	173.5733	0.7023335
2100	-1287.226	-1460.799	173.5733	0.7023335
2106	-1285.708	-1459.198	173.4894	0.8243475
2112	-1289.883	-1463.393	173.51	0.7974742
2118	-1290.207	-1463.703	173.4963	0.8155853
2124	-1280.035	-1453.558	173.5233	0.7793184
2130	-1292.581	-1466.104	173.523	0.7797221
2136	-1303.995	-1477.47	173.4746	0.8428839
2142	-1290.509	-1464.078	173.5687	0.7100894
2148	-1292.87	-1466.42	173.5493	0.7413766
2154	-1301.387	-1474.846	173.4594	0.8613017
2160	-1295.362	-1468.82	173.4574	0.8636924
2166	-1284.812	-1458.282	173.4701	0.8483686
2172	-1279.627	-1453.18	173.5525	0.736373
2178	-1297.428	-1470.974	173.5463	0.7458614
2184	-1291.548	-1465.082	173.5343	0.7636731
2190	-1296.69	-1470.247	173.5578	0.7280871
2196	-1284.222	-1457.79	173.5679	0.7115139
2202	-1291.482	-1465.046	173.5641	0.717748
2208	-1288.441	-1462.005	173.5641	0.717748
2214	-1288.027	-1461.577	173.5506	0.7393857
2220	-1281.042	-1454.566	173.5232	0.7795105
2226	-1286.018	-1459.522	173.5039	0.8055761
2232	-1285.419	-1458.914	173.4956	0.8164325
2238	-1280.642	-1454.191	173.5483	0.7428861
2244	-1287.197	-1460.752	173.5552	0.7322129
2250	-1293.413	-1466.772	173.3589	0.9719499
2256	-1282.696	-1456.155	173.459	0.8616851
2262	-1284.825	-1458.284	173.459	0.8616851
2268	-1281.433	-1454.911	173.4785	0.8380906
2274	-1291.409	-1464.99	173.581	0.6885523
2280	-1286.892	-1460.438	173.5459	0.7466022
2286	-1286.63	-1460.206	173.576	0.6975644
2292	-1287.433	-1460.867	173.4333	0.8916138
2298	-1291.502	-1464.96	173.4588	0.8620168
2304	-1289.379	-1462.848	173.4689	0.8498528
2310	-1288.813	-1462.282	173.4689	0.8498528
2316	-1293.558	-1467.026	173.4689	0.8498528
2322	-1276.924	-1450.441	173.5167	0.7884878
2328	-1273.938	-1447.516	173.5781	0.6937404
2334	-1278.95	-1452.552	173.6021	0.6465288
2340	-1293.489	-1467.026	173.5371	0.7596238
2346	-1298.301	-1471.745	173.4433	0.8801352
2352	-1291.614	-1465.047	173.4333	0.8916332
2358	-1282.471	-1456.025	173.5533	0.7351482
2364	-1279.528	-1453.072	173.5435	0.7501896
2370	-1281.155	-1454.702	173.5472	0.7446226
2376	-1298.321	-1471.792	173.4708	0.8474775
2382	-1301.216	-1474.829	173.6133	0.6199506
2388	-1294.146	-1467.722	173.5767	0.6962918
2394	-1295.808	-1469.354	173.5462	0.7460424
2400	-1289.175	-1462.703	173.5285	0.7719546
2406	-1288.185	-1461.617	173.4324	0.8926939
2412	-1289.657	-1463.059	173.4024	0.925969
2418	-1289.364	-1462.894	173.53	0.7699159
2424	-1285.581	-1459.117	173.5355	0.7619849
2430	-1283.49	-1456.879	173.3893	0.9401025
2436	-1287.608	-1461.077	173.4694	0.8492144
2442	-1287.002	-1460.538	173.5362	0.7609912
2448	-1280.057	-1453.572	173.5159	0.7895968
2454	-1275.607	-1449.18	173.5723	0.70404
2460	-1285.815	-1459.354	173.5392	0.7565221
2466	-1285.568	-1459.145	173.5773	0.6953138
2472	-1286.283	-1459.895	173.6115	0.6243629
2478	-1287.602	-1461.117	173.5149	0.7909119
2484	-1283.77	-1457.299	173.5284	0.7721159
2490	-1291.34	-1464.872	173.5321	0.7669417
2496	-1288.108	-1461.552	173.4439	0.8794271
2502	-1289.903	-1463.39	173.4868	0.8277278
2508	-1295.691	-1469.276	173.585	0.6812141
2514	-1277.507	-1451.018	173.511	0.796183
2520	-1271.274	-1444.785	173.511	0.796183
2526	-1280.55	-1454.049	173.4994	0.8114799
2532	-1287.705	-1461.129	173.4237	0.9025164
2538	-1280.149	-1453.575	173.4253	0.9007464
2544	-1285.737	-1459.247	173.51	0.7974782
2550	-1278.222	-1451.754	173.5321	0.7668203
2556	-1287.708	-1461.172	173.464	0.8557372
2562	-1285.817	-1459.388	173.5715	0.7054123
2568	-1275.256	-1448.776	173.52	0.7838582
2574	-1272.105	-1445.644	173.5384	0.7577074
2580	-1290.529	-1464.044	173.515	0.7907139
2586	-1289.008	-1462.503	173.4949	0.8173367
2592	-1296.221	-1469.622	173.4004	0.9281723
2598	-1297.169	-1470.635	173.4662	0.853116
2604	-1281.642	-1455.226	173.5836	0.683726
2610	-1300.867	-1474.343	173.4756	0.8416662
2616	-1293.747	-1467.203	173.4557	0.8657128
2622	-1291.995	-1465.509	173.5145	0.7914536
2628	-1286.229	-1459.755	173.5253	0.7765925
2634	-1287.643	-1461.2	173.5567	0.7298342
2640	-1283.729	-1457.24	173.5113	0.7957251
2646	-1280.068	-1453.622	173.5537	0.7345882
2652	-1290.242	-1463.778	173.5369	0.7599492
2658	-1286.264	-1459.803	173.5383	0.7578552
2664	-1295.564	-1469.074	173.5108	0.7964529
2670	-1298.896	-1472.474	173.5787	0.6927033
2676	-1303.135	-1476.531	173.3958	0.9331074
2682	-1291.161	-1464.598	173.4371	0.8873002
2688	-1278.364	-1451.811	173.4474	0.875455
2694	-1286.121	-1459.61	173.4886	0.8253351
2700	-1292.223	-1465.724	173.5007	0.8097801
2706	-1290.541	-1464.088	173.5472	0.7445784
2712	-1292.553	-1466.101	173.5472	0.7445784
2718	-1299.754	-1473.355	173.6008	0.649454
2724	-1288.519	-1462.098	173.5784	0.6932809
2730	-1295.919	-1469.389	173.4708	0.8474652
2736	-1283.149	-1456.649	173.4998	0.8110371
2742	-1285.094	-1458.505	173.4112	0.9164159
2748	-1285.33	-1458.859	173.5294	0.7707114
2754	-1294.802	-1468.332	173.5294	0.7707114
2760	-1292.24	-1465.77	173.5294	0.7707114
2766	-1295.954	-1469.369	173.4148	0.9123576
2772	-1288.894	-1462.429	173.5358	0.761591
2778	-1287.142	-1460.69	173.548	0.7433215
2784	-1300.49	-1474.066	173.576	0.6975527
2790	-1292.608	-1466.101	173.4932	0.819559
2796	-1285.754	-1459.327	173.5733	0.7022134
2802	-1290.46	-1464.013	173.5532	0.7352588
2808	-1291.524	-1464.938	173.4144	0.9128803
2814	-1277.392	-1450.911	173.5185	0.7860024
2820	-1281.964	-1455.459	173.4947	0.8175478
2826	-1277.92	-1451.42	173.5002	0.8105206
2832	-1289.505	-1463.034	173.5284	0.7722157
2838	-1284.988	-1458.443	173.4549	0.8666284
2844	-1289.482	-1462.898	173.4158	0.911266
2850	-1289.156	-1462.761	173.6049	0.6401801
2856	-1286.555	-1460.16	173.6049	0.6401801
2862	-1286.298	-1459.863	173.5642	0.7176049
2868	-1288.895	-1462.369	173.4741	0.8434801
2874	-1290.985	-1464.515	173.53	0.7698461
2880	-1284.963	-1458.473	173.51	0.7975741
2886	-1291.281	-1464.778	173.4972	0.8143876
2892	-1280.534	-1453.95	173.4153	0.91188
2898	-1282.495	-1456.024	173.5297	0.7702644
2904	-1277.486	-1451.019	173.5324	0.7665093
2910	-1287.823	-1461.325	173.5016	0.8085844
2916	-1286.5	-1460.027	173.5264	0.775051
2922	-1293.176	-1466.703	173.5264	0.775051
2928	-1292.908	-1466.471	173.5636	0.7186307
2934	-1301.862	-1475.368	173.5061	0.8027677
2940	-1298.359	-1471.866	173.5074	0.8010444
2946	-1295.212	-1468.778	173.5658	0.7149464
2952	-1285.716	-1459.198	173.4823	0.8333073
2958	-1293.491	-1466.891	173.3998	0.9288102
2964	-1295.723	-1469.307	173.5838	0.6833513
2970	-1292.188	-1465.655	173.4663	0.8529506
2976	-1296.555	-1470.113	173.558	0.7276933
2982	-1296.124	-1469.689	173.5651	0.7161319
2988	-1281.624	-1455.107	173.4827	0.8328137
2994	-1276.901	-1450.465	173.5646	0.7170097
3000	-1279.711	-1453.238	173.5277	0.7731
3006	-1286.092	-1459.515	173.4227	0.9036435
3012	-1283.586	-1457.102	173.5158	0.7897176
3018	-1284.503	-1458.087	173.5836	0.683705
3024	-1282.792	-1456.218	173.4255	0.9004676
3030	-1286.581	-1460.006	173.4255	0.9004676
3036	-1272.79	-1446.169	173.3792	0.9508482
3042	-1269.609	-1443.054	173.4457	0.877442
3048	-1278.701	-1452.192	173.4908	0.8226015
3054	-1272.976	-1446.528	173.5515	0.7379
3060	-1285.637	-1459.112	173.4754	0.8418544
3066	-1303.519	-1476.79	173.2709	1.058718
3072	-1293.254	-1466.66	173.406	0.9220635
3078	-1288.077	-1461.618	173.5416	0.7530512
3084	-1291.604	-1465.166	173.5614	0.7221779
3090	-1297.715	-1471.234	173.519	0.7852364
3096	-1289.735	-1463.169	173.4345	0.8902317
3102	-1282.698	-1456.126	173.428	0.8976786
3108	-1285.916	-1459.383	173.4672	0.8519288
3114	-1282.239	-1455.794	173.5543	0.7336412
3120	-1286.338	-1459.88	173.5418	0.7526772
3126	-1286.061	-1459.596	173.5348	0.7629896
3132	-1299.128	-1472.548	173.4197	0.9070122
3138	-1293.427	-1466.849	173.422	0.90436
3144	-1286.771	-1460.364	173.5931	0.6653843
3150	-1283.471	-1457.064	173.5931	0.6653843
3156	-1288.782	-1462.282	173.5005	0.8101316
3162	-1297.331	-1470.89	173.5592	0.7257915
3168	-1284.812	-1458.292	173.4807	0.8353416
3174	-1288.585	-1462.094	173.5095	0.7981987
3180	-1281.546	-1455.098	173.5519	0.7373797
3186	-1283.072	-1456.52	173.4478	0.8749953
3192	-1283.206	-1456.679	173.4731	0.8446965
3198	-1283.533	-1457.013	173.4801	0.836035
3204	-1290.038	-1463.524	173.4855	0.829361
3210	-1276.797	-1450.192	173.3946	0.9344033
3216	-1275.574	-1449.146	173.5724	0.7037738
3222	-1283.264	-1456.703	173.4389	0.8852479
3228	-1289.106	-1462.595	173.489	0.8248238
3234	-1289.004	-1462.557	173.5529	0.7358152
3240	-1285.242	-1458.583	173.3415	0.9897751
3246	-1281.661	-1455.236	173.5747	0.6997833
3252	-1286.173	-1459.676	173.5031	0.8066455
3258	-1292.244	-1465.714	173.4699	0.8485715
3264	-1291.237	-1464.786	173.5493	0.7413538
3270	-1300.457	-1474.08	173.6225	0.593715
3276	-1301.061	-1474.538	173.4763	0.8408002
3282	-1288.829	-1462.393	173.5646	0.7170151
3288	-1292.996	-1466.492	173.4961	0.815835
3294	-1283.363	-1456.926	173.5627	0.7201307
3300	-1295.81	-1469.138	173.328	1.003262
3306	-1286.166	-1459.741	173.5754	0.698689
3312	-1285.288	-1458.866	173.5779	0.6941792
3318	-1286.92	-1460.528	173.6081	0.6326514
3324	-1286.635	-1460.065	173.4296	0.8958593
3330	-1287.817	-1461.288	173.4717	0.8464618
3336	-1287.814	-1461.333	173.5184	0.786123
3342	-1291.374	-1464.883	173.5086	0.7993564
3348	-1288.986	-1462.466	173.4797	0.8366203
3354	-1284.535	-1458.034	173.4987	0.8123614
3360	-1279.001	-1452.542	173.5408	0.754211
3366	-1276.583	-1450.108	173.5253	0.7765829
3372	-1278.56	-1452.085	173.5244	0.7778098
3378	-1289.704	-1463.253	173.5485	0.7425723
3384	-1289.397	-1462.993	173.5963	0.6588434
3390	-1285.226	-1458.755	173.529	0.771322
3396	-1283.56	-1457.058	173.498	0.8133753
3402	-1283.648	-1457.224	173.5753	0.6987816
3408	-1278.097	-1451.581	173.4844	0.8306649
3414	-1283.35	-1456.887	173.5371	0.7595826
3420	-1288.016	-1461.513	173.4977	0.813776
3426	-1287.073	-1460.579	173.5064	0.802356
3432	-1285.578	-1459.097	173.5188	0.7855805
3438	-1277.336	-1450.851	173.5152	0.7905366
3444	-1285.077	-1458.656	173.579	0.6921736
3450	-1274.967	-1448.357	173.3904	0.9388895
3456	-1276.605	-1450.151	173.546	0.7463506
3462	-1273.39	-1446.907	173.5177	0.7871318
3468	-1280.97	-1454.449	173.4797	0.8365962
3474	-1278.165	-1451.614	173.449	0.8735888
3480	-1273.701	-1447.15	173.449	0.8735888
3486	-1288.684	-1462.138	173.4536	0.8681059
3492	-1285.656	-1459.142	173.4859	0.8288235
3498	-1277.917	-1451.348	173.4312	0.8940126
3504	-1287.338	-1460.556	173.2176	1.108182
3510	-1276.825	-1450.363	173.5374	0.7591485
3516	-1288.113	-1461.522	173.4086	0.9192086
3522	-1300.057	-1473.501	173.4435	0.879965
3528	-1297.688	-1471.132	173.4435	0.879965
3534	-1290.51	-1463.907	173.397	0.9318737
3540	-1287.747	-1461.311	173.564	0.7180445
3546	-1294.162	-1467.667	173.5051	0.8040568
3552	-1293.244	-1466.678	173.4345	0.8903129
3558	-1297.019	-1470.551	173.5319	0.7671055
3564	-1289.564	-1462.947	173.3833	0.9465325
3570	-1285.744	-1459.311	173.567	0.7129738
3576	-1281.457	-1454.995	173.5388	0.7570752
3582	-1290.34	-1463.563	173.2228	1.103472
3588	-1286.392	-1459.901	173.5089	0.798989
3594	-1275.799	-1449.352	173.5528	0.7359935
3600	-1288.886	-1462.368	173.4822	0.8334573
3606	-1282.135	-1455.595	173.4606	0.859863
3612	-1280.781	-1454.282	173.501	0.8094792
3618	-1282.128	-1455.61	173.4818	0.8339939
3624	-1271.304	-1444.721	173.4174	0.909557
3630	-1283.667	-1457.155	173.4875	0.8267486
3636	-1284.077	-1457.457	173.38	0.9499457
3642	-1284.572	-1458.001	173.4287	0.8968836
3648	-1289.399	-1462.901	173.5025	0.8074281
3654	-1279.461	-1453.005	173.5441	0.7492276
3660	-1295.667	-1469.102	173.4345	0.8902453
3666	-1289.195	-1462.676	173.4812	0.8346946
3672	-1283.779	-1457.223	173.4435	0.8799176
3678	-1285.675	-1459.062	173.3863	0.9433027
3684	-1287.201	-1460.727	173.5258	0.7758009
3690	-1280.695	-1454.233	173.5388	0.7572005
3696	-1287.622	-1460.97	173.3483	0.9828085
3702	-1282.824	-1456.251	173.4267	0.8991733
3708	-1287.178	-1460.587	173.409	0.9187822
3714	-1279.633	-1453.172	173.5385	0.7575079
3720	-1292.585	-1466.039	173.4535	0.8681999
3726	-1279.224	-1452.678	173.4535	0.8681999
3732	-1281.546	-1455.099	173.5528	0.7358855
3738	-1286.688	-1460.159	173.4718	0.8462831
3744	-1285.136	-1458.655	173.5193	0.784877
3750	-1283.572	-1457.091	173.5193	0.784877
3756	-1294.106	-1467.676	173.5694	0.7089973
3762	-1289.998	-1463.505	173.5073	0.8011304
3768	-1290.64	-1464.121	173.4817	0.834079
3774	-1296.932	-1470.392	173.4605	0.8600074
3780	-1285.717	-1459.233	173.5153	0.7903488
3786	-1284.609	-1458.104	173.4946	0.8177823
3792	-1281.57	-1455.022	173.4522	0.8697803
3798	-1277.496	-1450.899	173.4035	0.9248033
3804	-1282.535	-1456.137	173.6023	0.645981
3810	-1282.413	-1456.024	173.6114	0.6246829
3816	-1284.598	-1458.079	173.4808	0.8352559
3822	-1288.236	-1461.792	173.5566	0.7300309
3828	-1280.273	-1453.827	173.5532	0.7352567
3834	-1275.002	-1448.453	173.4505	0.871749
3840	-1277.216	-1450.777	173.5613	0.7224717
3846	-1275.732	-1449.331	173.5992	0.6526953
3852	-1278.881	-1452.438	173.5572	0.7289645
3858	-1279.622	-1453.106	173.4838	0.8315058
3864	-1278.024	-1451.551	173.5265	0.7747965
3870	-1283.991	-1457.515	173.5241	0.778197
3876	-1292.792	-1466.316	173.5241	0.778197
3882	-1293.447	-1466.92	173.473	0.8447985
3888	-1277.157	-1450.714	173.5568	0.7296454
3894	-1276.545	-1450.022	173.4774	0.8394749
3900	-1291.453	-1464.914	173.461	0.8594088
3906	-1281.369	-1454.808	173.4387	0.8854268
3912	-1285.139	-1458.631	173.4917	0.8214593
3918	-1283.923	-1457.55	173.6264	0.5805955
3924	-1282.135	-1455.672	173.5371	0.7596157
3930	-1277.616	-1451.148	173.5319	0.7672318
3936	-1282.536	-1456.053	173.5172	0.7877277
3942	-1275.027	-1448.605	173.5776	0.6946995
3948	-1292.298	-1465.849	173.5511	0.7385407
3954	-1279.312	-1452.913	173.6016	0.6475089
3960	-1279.984	-1453.566	173.5824	0.6859413
3966	-1285.844	-1459.372	173.5282	0.7724368
3972	-1280.884	-1454.383	173.4987	0.8124221
3978	-1277.186	-1450.731	173.5458	0.7466635
3984	-1283.758	-1457.256	173.4984	0.8128032
3990	-1279.224	-1452.722	173.4984	0.8128032
3996	-1285.946	-1459.462	173.516	0.7894197
4002	-1293.738	-1467.195	173.4571	0.8639521
4008	-1280.635	-1454.118	173.483	0.832506
4014	-1283.121	-1456.715	173.5945	0.6626717
4020	-1286.872	-1460.427	173.5545	0.7332615
4026	-1288.659	-1462.181	173.5218	0.7814728
4032	-1281.337	-1454.905	173.5682	0.7110023
4038	-1273.899	-1447.512	173.613	0.6206728
4044	-1281.862	-1455.345	173.4821	0.8335579
4050	-1286.359	-1459.928	173.5695	0.7088475
4056	-1288.003	-1461.542	173.5395	0.7561443
4062	-1282.904	-1456.447	173.5439	0.7494855
4068	-1283.868	-1457.433	173.5659	0.714839
4074	-1289.447	-1462.882	173.4352	0.8894553
4080	-1288.217	-1461.655	173.4383	0.8858998
4086	-1285.897	-1459.383	173.4859	0.8287984
4092	-1284.843	-1458.329	173.4859	0.8287984
4098	-1287.47	-1460.956	173.4859	0.8287984
4104	-1291.697	-1465.165	173.4677	0.8512537
4110	-1284.146	-1457.664	173.5181	0.7864924
4116	-1265.941	-1439.448	173.5066	0.8020184
4122	-1269.436	-1442.966	173.5298	0.7701998
4128	-1273.585	-1447.092	173.5071	0.801361
4134	-1284.038	-1457.546	173.5079	0.80028
4140	-1287.619	-1461.13	173.5105	0.7968475
4146	-1293.611	-1467.161	173.5502	0.7399627
4152	-1277.577	-1451.101	173.524	0.7783653
4158	-1277.844	-1451.38	173.5359	0.7613476
4164	-1282.933	-1456.475	173.5417	0.7528566
4170	-1281.271	-1454.805	173.5345	0.7633856
4176	-1283.836	-1457.413	173.5773	0.6952253
4182	-1277.95	-1451.538	173.5883	0.6748464
4188	-1281.877	-1455.373	173.4963	0.8155875
4194	-1286.295	-1459.894	173.5993	0.6525479
4200	-1289.19	-1462.674	173.4845	0.8305114
4206	-1301.524	-1475.053	173.5297	0.7702671
4212	-1291.619	-1465.091	173.4723	0.8457049
4218	-1283.123	-1456.699	173.5758	0.6978207
4224	-1286.649	-1460.223	173.5743	0.7004748
4230	-1291.557	-1465.172	173.615	0.6153998
4236	-1294.766	-1468.295	173.5286	0.7718791
4242	-1280.074	-1453.63	173.5558	0.7312874
4248	-1289.491	-1463.005	173.5135	0.792865
4254	-1288.921	-1462.443	173.5219	0.7812314
4260	-1277.626	-1451.043	173.4167	0.9102704
4266	-1284.131	-1457.614	173.4825	0.8330755
4272	-1291.198	-1464.752	173.5545	0.7331963
4278	-1286.441	-1459.993	173.5511	0.7386184
4284	-1290.141	-1463.639	173.4981	0.8132392
4290	-1277.535	-1451.092	173.5571	0.7291334
4296	-1268.998	-1442.495	173.4971	0.8145635
4302	-1278.63	-1452.184	173.5544	0.7334106
4308	-1279.005	-1452.601	173.5966	0.6581827
4314	-1288.778	-1462.319	173.5419	0.7525893
4320	-1284.773	-1458.222	173.4485	0.8741611
4326	-1281.037	-1454.635	173.598	0.6553342
4332	-1284.513	-1458.004	173.4913	0.8219642
4338	-1278.68	-1452.234	173.5543	0.7336399
4344	-1277.225	-1450.733	173.5076	0.8007146
4350	-1285.016	-1458.461	173.4453	0.8778381
4356	-1280.822	-1454.352	173.5295	0.7706639
4362	-1280.026	-1453.572	173.5455	0.7471043
4368	-1279.111	-1452.613	173.5024	0.8076272
4374	-1277.786	-1451.323	173.537	0.7598236
4380	-1288.537	-1462.116	173.5788	0.6926178
4386	-1295.941	-1469.41	173.4693	0.8492951
4392	-1282.256	-1455.726	173.4693	0.8492951
4398	-1293.51	-1466.989	173.4789	0.8376073
4404	-1282.729	-1456.319	173.5903	0.6710754
4410	-1290.577	-1464.127	173.5499	0.7404687
4416	-1285.137	-1458.655	173.5186	0.7858937
4422	-1283.075	-1456.667	173.5913	0.6690466
4428	-1290.121	-1463.68	173.5591	0.7260378
4434	-1283.6	-1457.133	173.5331	0.7654495
4440	-1286.187	-1459.737	173.5493	0.7413829
4446	-1289.072	-1462.651	173.5788	0.6925729
4452	-1291.318	-1464.779	173.4614	0.8589039
4458	-1286.671	-1460.244	173.5731	0.7026388
4464	-1286.25	-1459.786	173.5363	0.760744
4470	-1291.387	-1464.968	173.5814	0.6878942
4476	-1280.897	-1454.392	173.4945	0.817881
4482	-1276.216	-1449.704	173.4876	0.8266176
4488	-1273.257	-1446.789	173.5322	0.7667867
4494	-1277.897	-1451.379	173.4825	0.8330929
4500	-1276.705	-1450.274	173.569	0.7095853
4506	-1283.013	-1456.441	173.4284	0.8971507
4512	-1301.953	-1475.469	173.5157	0.7897935
4518	-1280.207	-1453.645	173.4373	0.8871167
4524	-1280.218	-1453.576	173.358	0.9728702
4530	-1279.786	-1453.337	173.5511	0.7385588
4536	-1288.655	-1462.206	173.5511	0.7385588
4542	-1284.843	-1458.451	173.6075	0.6342004
4548	-1288.226	-1461.81	173.5847	0.6816569
4554	-1294.265	-1467.799	173.534	0.7640926
4560	-1287.441	-1461.065	173.6239	0.5891383
4566	-1277.815	-1451.398	173.5828	0.6852562
4572	-1275.282	-1448.803	173.5209	0.7826006
4578	-1273.262	-1446.769	173.5064	0.8023385
4584	-1280.997	-1454.522	173.5243	0.7780042
4590	-1289.918	-1463.415	173.4972	0.8144071
4596	-1283.702	-1457.23	173.5283	0.7723096
4602	-1304.068	-1477.438	173.37	0.9605117
4608	-1302.907	-1476.352	173.4451	0.8781429
4614	-1280.408	-1453.947	173.5392	0.7565064
4620	-1279.364	-1452.914	173.5505	0.7395759
4626	-1287.373	-1460.826	173.4532	0.8686392
4632	-1284.435	-1457.965	173.53	0.7699075
4638	-1282.841	-1456.253	173.4126	0.9148541
4644	-1276.961	-1450.533	173.572	0.704537
4650	-1284.857	-1458.419	173.5623	0.7208548
4656	-1275.148	-1448.529	173.3815	0.9484249
4662	-1272.592	-1446.138	173.5469	0.7450339
4668	-1287.552	-1461.053	173.5004	0.8102288
4674	-1279.659	-1453.204	173.5441	0.7492932
4680	-1284.461	-1457.994	173.5325	0.7663117
4686	-1280.891	-1454.491	173.6003	0.6505214
4692	-1278.054	-1451.646	173.5921	0.6674012
4698	-1282.888	-1456.406	173.5172	0.7877338
4704	-1288.823	-1462.338	173.5153	0.7903333
4710	-1282.656	-1456.053	173.3968	0.9320697
4716	-1287.288	-1460.579	173.2907	1.039799
4722	-1282.762	-1456.122	173.3593	0.9715514
4728	-1290.184	-1463.727	173.5426	0.7515289
4734	-1283.093	-1456.597	173.5034	0.8062524
4740	-1287.856	-1461.398	173.5412	0.7536244
4746	-1299.01	-1472.436	173.4258	0.9001462
4752	-1305.304	-1478.659	173.3545	0.9764828
4758	-1288.937	-1462.453	173.5159	0.7895405
4764	-1288.361	-1461.884	173.5229	0.7798486
4770	-1285.669	-1459.258	173.5886	0.6742238
4776	-1286.941	-1460.466	173.5252	0.7766521
4782	-1282.884	-1456.343	173.4592	0.8614997
4788	-1279.147	-1452.592	173.4455	0.8776393
4794	-1286.805	-1460.246	173.4407	0.8831778
4800	-1288.117	-1461.572	173.4549	0.8666172
4806	-1289.588	-1463.089	173.5016	0.8086019
4812	-1291.892	-1465.359	173.467	0.8521596
4818	-1286.287	-1459.72	173.4328	0.8922643
4824	-1291.692	-1465.155	173.4634	0.8565363
4830	-1290.237	-1463.755	173.5178	0.7869175
4836	-1290.604	-1464.135	173.5307	0.7689476
4842	-1296.336	-1469.745	173.4097	0.9180774
4848	-1280.104	-1453.703	173.5988	0.6536707
4854	-1279.353	-1452.842	173.4889	0.8249596
4860	-1278.862	-1452.391	173.5288	0.7716535
4866	-1286.104	-1459.693	173.5889	0.6736479
4872	-1281.945	-1455.501	173.556	0.7309604
4878	-1282.235	-1455.846	173.6108	0.6260832
4884	-1279.077	-1452.612	173.535	0.7627413
4890	-1291.205	-1464.7	173.4951	0.8170518
4896	-1304.162	-1477.647	173.4852	0.8296732
4902	-1282.915	-1456.375	173.4603	0.8601897
4908	-1276.147	-1449.57	173.4237	0.9024552
4914	-1280.33	-1453.784	173.4534	0.8683917
4920	-1283.104	-1456.611	173.5064	0.8022883
4926	-1281.019	-1454.578	173.5591	0.7259462
4932	-1281.935	-1455.475	173.5393	0.7563586
4938	-1286.436	-1459.953	173.5175	0.7873401
4944	-1287.089	-1460.517	173.4273	0.8984575
4950	-1298.489	-1472.014	173.5249	0.777114
4956	-1305.894	-1479.365	173.4709	0.8473455
4962	-1282.274	-1455.775	173.5009	0.8095201
4968	-1281.589	-1455.087	173.4978	0.8136523
4974	-1284.393	-1457.964	173.5708	0.7066113
4980	-1285.755	-1459.322	173.567	0.7130621
4986	-1281.449	-1455.021	173.5715	0.7053277
4992	-1285.131	-1458.537	173.4055	0.9226199
4998	-1266.165	-1439.597	173.4323	0.8927427
5004	-1277.609	-1451.165	173.5564	0.730305
5010	-1271.528	-1445.03	173.5023	0.8076803
5016	-1278.881	-1452.395	173.5138	0.7924271
5022	-1279.674	-1453.106	173.4312	0.893992
5028	-1279.968	-1453.443	173.4751	0.8422347
5034	-1274.969	-1448.555	173.5861	0.6791473
5040	-1284.739	-1458.324	173.5854	0.6803518
5046	-1292.278	-1465.718	173.4403	0.8836835
5052	-1292.683	-1466.123	173.4403	0.8836835
5058	-1289.102	-1462.542	173.4403	0.8836835
5064	-1294.781	-1468.263	173.4812	0.8346437
5070	-1291.429	-1464.99	173.5606	0.7235473
5076	-1284.313	-1457.876	173.5629	0.7198069
5082	-1281.023	-1454.509	173.486	0.8287306
5088	-1275.209	-1448.783	173.5749	0.699514
5094	-1287.357	-1460.831	173.4737	0.8439208
5100	-1284.097	-1457.46	173.3634	0.9673788
5106	-1283.006	-1456.525	173.519	0.7852811
5112	-1291.373	-1464.848	173.4743	0.8431993
5118	-1286.333	-1459.885	173.5521	0.7369996
5124	-1282.356	-1455.908	173.5521	0.7369996
5130	-1279.557	-1453.054	173.4976	0.8138905
5136	-1285.474	-1459.054	173.5801	0.6901501
5142	-1287.193	-1460.667	173.4743	0.8432186
5148	-1293.142	-1466.754	173.6122	0.6227861
5154	-1278.796	-1452.15	173.3545	0.9764782
5160	-1290.77	-1464.132	173.3624	0.9683573
5166	-1281.428	-1455.015	173.5872	0.6769985
5172	-1290.322	-1463.909	173.5872	0.6769985
5178	-1288.756	-1462.291	173.5356	0.7618395
5184	-1283.166	-1456.708	173.5414	0.7533105
5190	-1281.274	-1454.839	173.5643	0.7174845
5196	-1293.023	-1466.568	173.5444	0.7487658
5202	-1292.32	-1465.88	173.5605	0.7236579
5208	-1290.051	-1463.576	173.5247	0.7773711
5214	-1297.134	-1470.597	173.4632	0.8566617
5220	-1284.019	-1457.58	173.5609	0.7231049
5226	-1290.131	-1463.674	173.543	0.750887
5232	-1289.376	-1462.97	173.5948	0.6620735
5238	-1285.454	-1459.053	173.5991	0.6529592
5244	-1277.492	-1451.042	173.5501	0.7400512
5250	-1279.686	-1453.186	173.4999	0.8108944
5256	-1284.534	-1458.102	173.5675	0.7122528
5262	-1283.551	-1457.119	173.5675	0.7122528
5268	-1281.927	-1455.384	173.4566	0.8646435
5274	-1276.106	-1449.565	173.4585	0.8623343
5280	-1291.377	-1464.825	173.4472	0.8756498
5286	-1284.554	-1458.069	173.5148	0.7910021
5292	-1282.169	-1455.738	173.5689	0.7098095
5298	-1286.335	-1459.835	173.4999	0.8108633
5304	-1285.677	-1459.067	173.3899	0.9394208
5310	-1287.351	-1460.852	173.5008	0.8097281
5316	-1277.861	-1451.381	173.52	0.7838885
5322	-1282.148	-1455.718	173.57	0.7078781
5328	-1282.289	-1455.68	173.3906	0.9387228
5334	-1287.054	-1460.478	173.4239	0.9023239
5340	-1281.241	-1454.733	173.4921	0.8208836
5346	-1281.463	-1454.958	173.495	0.8172418
5352	-1282.53	-1455.95	173.4207	0.9058635
5358	-1289.778	-1463.332	173.5544	0.7334178
5364	-1286.023	-1459.407	173.3831	0.9466646
5370	-1290.889	-1464.262	173.373	0.9573835
5376	-1295.052	-1468.573	173.5208	0.7828171
5382	-1301.074	-1474.569	173.4954	0.8167348
5388	-1296.855	-1470.359	173.5046	0.8047005
5394	-1297.463	-1470.949	173.4863	0.8283261
5400	-1297.326	-1470.832	173.5055	0.8035111
5406	-1282.112	-1455.562	173.4502	0.8721819
5412	-1280.865	-1454.423	173.5579	0.7279011
5418	-1288.799	-1462.28	173.4808	0.8351401
5424	-1284.855	-1458.38	173.5246	0.7775399
5430	-1288.673	-1462.198	173.5248	0.7772479
5436	-1285.835	-1459.334	173.4981	0.8131622
5442	-1284.974	-1458.473	173.4981	0.8131622
5448	-1275.553	-1449.051	173.4981	0.8131622
5454	-1274.849	-1448.363	173.5147	0.7912062
5460	-1282.953	-1456.467	173.5147	0.7912062
5466	-1289.914	-1463.411	173.4969	0.8148167
5472	-1291.199	-1464.586	173.3871	0.942504
5478	-1290.117	-1463.692	173.5745	0.7002037
5484	-1298.994	-1472.386	173.3929	0.9362994
5490	-1286.448	-1460.017	173.5686	0.7103796
5496	-1285.032	-1458.486	173.4535	0.8682702
5502	-1287.66	-1461.261	173.601	0.648927
5508	-1289.384	-1462.83	173.4456	0.8774612
5514	-1279.456	-1452.934	173.4781	0.8386107
5520	-1295.187	-1468.709	173.522	0.7810998
5526	-1291.294	-1464.805	173.5105	0.7968624
5532	-1281.69	-1455.305	173.6145	0.616858
5538	-1284.103	-1457.656	173.5528	0.7359928
5544	-1291.417	-1464.941	173.5238	0.7786319
5550	-1294.212	-1467.681	173.4685	0.8503149
5556	-1289.098	-1462.61	173.512	0.7948807
5562	-1297.417	-1470.979	173.5625	0.7204124
5568	-1306.541	-1480.033	173.492	0.8210178
5574	-1299.949	-1473.459	173.5102	0.7972605
5580	-1299.056	-1472.577	173.5218	0.781453
5586	-1308.292	-1481.885	173.5925	0.6665624
5592	-1296.347	-1469.826	173.4798	0.8364527
5598	-1291.376	-1464.973	173.5968	0.6579286
5604	-1295.811	-1469.342	173.5309	0.7685608
5610	-1297.059	-1470.556	173.4968	0.8149311
5616	-1287.847	-1461.307	173.4601	0.8604021
5622	-1280.654	-1454.14	173.4857	0.8290827
5628	-1278.398	-1451.913	173.5151	0.7906442
5634	-1294.597	-1468.157	173.5592	0.7258661
5640	-1281.045	-1454.537	173.4921	0.82089
5646	-1279.05	-1452.583	173.5338	0.7644581
5652	-1280.877	-1454.396	173.5195	0.7845905
5658	-1277.717	-1451.209	173.4917	0.8215092
5664	-1273.439	-1446.935	173.4957	0.8162932
5670	-1286.983	-1460.479	173.4957	0.8162932
5676	-1291.541	-1464.998	173.4564	0.864818
5682	-1295.932	-1469.412	173.4801	0.8361137
5688	-1283.148	-1456.619	173.471	0.8472394
5694	-1289.256	-1462.76	173.5039	0.8056645
5700	-1288.795	-1462.227	173.432	0.8931167
5706	-1279.532	-1453.003	173.4705	0.8478966
5712	-1285.17	-1458.641	173.4705	0.8478966
5718	-1291.869	-1465.453	173.584	0.683122
5724	-1279.797	-1453.277	173.4802	0.8358905
5730	-1282.84	-1456.419	173.5786	0.6929211
5736	-1287.947	-1461.395	173.4481	0.8745672
5742	-1287.993	-1461.563	173.5699	0.7080857
5748	-1284.324	-1457.814	173.4905	0.8229198
5754	-1281.527	-1455.104	173.5768	0.6961293
5760	-1284.628	-1458.157	173.5295	0.770621
5766	-1282.324	-1455.871	173.547	0.7448389
5772	-1294.462	-1468.067	173.6049	0.6402223
5778	-1303.843	-1477.445	173.6015	0.6479221
5784	-1291.029	-1464.572	173.5435	0.750157
5790	-1302.459	-1475.913	173.4539	0.8677746
5796	-1295.098	-1468.673	173.5747	0.6997583
5802	-1293.065	-1466.636	173.5704	0.7072875
5808	-1282.538	-1456.15	173.6121	0.6228674
5814	-1276.333	-1449.848	173.5148	0.7909963
5820	-1295.232	-1468.626	173.3933	0.935847
5826	-1286.354	-1459.84	173.486	0.8286926
5832	-1289.639	-1463.054	173.4149	0.9123104
5838	-1285.267	-1458.838	173.5701	0.707825
5844	-1286.919	-1460.348	173.4293	0.8961841
5850	-1290.352	-1463.924	173.5721	0.7043459
5856	-1284.632	-1458.204	173.5727	0.7032988
5862	-1294.382	-1467.837	173.4549	0.8665658
5868	-1293.926	-1467.497	173.5716	0.7051831
5874	-1288.118	-1461.622	173.5047	0.8045883
5880	-1294.395	-1467.988	173.5926	0.6663871
5886	-1287.786	-1461.208	173.4219	0.9044862
5892	-1289.917	-1463.349	173.4329	0.8921093
5898	-1292.353	-1465.891	173.5378	0.7586612
5904	-1292.233	-1465.795	173.5618	0.7215968
5910	-1282.664	-1456.178	173.514	0.7921307
5916	-1291.688	-1465.119	173.4306	0.8947684
5922	-1291.393	-1464.981	173.5882	0.6751508
5928	-1272.054	-1445.605	173.5508	0.7390797
5934	-1278.819	-1452.337	173.5176	0.7872644
5940	-1283.899	-1457.416	173.5176	0.7872644
5946	-1280.709	-1454.242	173.533	0.7656495
5952	-1274.36	-1447.813	173.4532	0.8685978
5958	-1289.599	-1463.052	173.4532	0.8685978
5964	-1278.507	-1452.017	173.5096	0.7980754
5970	-1280.805	-1454.315	173.5096	0.7980754
5976	-1286.712	-1460.194	173.4824	0.8331963
5982	-1288.664	-1462.166	173.5021	0.8079683
5988	-1298.163	-1471.664	173.5012	0.8091052
5994	-1299.863	-1473.38	173.5167	0.7884186
6000	-1290.634	-1464.105	173.4704	0.8479625
6006	-1289.359	-1462.949	173.5895	0.6726208
6012	-1285.23	-1458.807	173.5765	0.696728
6018	-1285.08	-1458.508	173.428	0.8976893
6024	-1281.635	-1455.205	173.57	0.7079517
6030	-1280.249	-1453.819	173.57	0.7079517
6036	-1278.058	-1451.656	173.5976	0.6561598
6042	-1284.255	-1457.785	173.5299	0.7700696
6048	-1287.636	-1461.106	173.4705	0.8478977
6054	-1287.256	-1460.673	173.4172	0.9097273
6060	-1292.032	-1465.472	173.4399	0.8841517
6066	-1293.527	-1467.035	173.5074	0.8010457
6072	-1290.749	-1464.257	173.5074	0.8010457
6078	-1277.191	-1450.699	173.5086	0.7993478
6084	-1283.658	-1457.173	173.5145	0.7913909
6090	-1285.706	-1459.088	173.3824	0.9474486
6096	-1277.833	-1451.398	173.5658	0.7149992
6102	-1272.725	-1446.189	173.4634	0.8564878
6108	-1279.179	-1452.74	173.561	0.7229656
6114	-1276.323	-1449.841	173.5179	0.7868668
6120	-1279.794	-1453.32	173.5254	0.7764587
6126	-1279.413	-1452.938	173.5254	0.7764587
6132	-1280.138	-1453.554	173.4162	0.9108887
6138	-1283.634	-1457.168	173.5346	0.7632905
6144	-1289.366	-1462.918	173.552	0.7372511
6150	-1287.483	-1461.015	173.5316	0.7676628
6156	-1290.473	-1463.944	173.4711	0.8471619
6162	-1298.841	-1472.25	173.4088	0.9190459
6168	-1294.923	-1468.51	173.5872	0.6770159
6174	-1295.593	-1469.122	173.5288	0.7715505
6180	-1296.949	-1470.538	173.5893	0.6729307
6186	-1293.487	-1467.042	173.5551	0.7323063
6192	-1282.644	-1456.123	173.4789	0.8375006
6198	-1289.808	-1463.183	173.3747	0.955609
6204	-1289.824	-1463.199	173.3747	0.955609
6210	-1292.737	-1466.099	173.3629	0.967847
6216	-1291.998	-1465.497	173.4985	0.8126853
6222	-1290.733	-1464.29	173.5562	0.7305994
6228	-1294.529	-1467.976	173.4465	0.8764633
6234	-1293.889	-1467.419	173.53	0.769898
6240	-1296.797	-1470.381	173.5831	0.6846493
6246	-1281.186	-1454.706	173.52	0.7839356
6252	-1279.638	-1453.097	173.4594	0.8612465
6258	-1285.168	-1458.681	173.5125	0.7941297
6264	-1279.452	-1452.978	173.526	0.7754825
6270	-1284.428	-1457.925	173.4969	0.8146972
6276	-1292.31	-1465.716	173.4064	0.9216718
6282	-1290.767	-1464.31	173.5436	0.7499761
6288	-1283.929	-1457.473	173.5436	0.7499761
6294	-1290.618	-1464.168	173.5499	0.7404121
6300	-1279.505	-1453.061	173.5559	0.7310417
6306	-1271.518	-1445.044	173.5256	0.7760952
6312	-1290.866	-1464.391	173.5251	0.7768453
6318	-1286.947	-1460.444	173.4973	0.8142511
6324	-1283.866	-1457.319	173.4529	0.8690226
6330	-1292.524	-1466.066	173.5423	0.7519876
6336	-1283.44	-1456.894	173.4539	0.8677518
6342	-1287.955	-1461.464	173.509	0.798816
6348	-1287.671	-1461.136	173.4644	0.8552227
6354	-1285.689	-1459.065	173.3756	0.9546254
6360	-1289.042	-1462.469	173.4269	0.898931
6366	-1281.342	-1454.884	173.5416	0.7530286
6372	-1296.838	-1470.341	173.5025	0.8074051
6378	-1283.302	-1456.768	173.4656	0.8538519
6384	-1290.738	-1464.325	173.5872	0.6770852
6390	-1293.216	-1466.626	173.4099	0.9177611
6396	-1281.961	-1455.491	173.5301	0.7697841
6402	-1279.174	-1452.722	173.5481	0.7431384
6408	-1285.085	-1458.492	173.406	0.9220405
6414	-1279.521	-1452.916	173.3947	0.9343155
6420	-1279.542	-1452.872	173.3297	1.001616
6426	-1298.65	-1472.128	173.478	0.8387095
6432	-1294.873	-1468.294	173.4206	0.905992
6438	-1292.6	-1466.161	173.5605	0.7237593
6444	-1291.425	-1464.933	173.5083	0.7997459
6450	-1287.134	-1460.642	173.5083	0.7997459
6456	-1296.605	-1470.068	173.4626	0.8574545
6462	-1305.637	-1479.097	173.4606	0.8598006
6468	-1299.056	-1472.608	173.5512	0.7383432
6474	-1279.596	-1453.135	173.5391	0.7566536
6480	-1286.705	-1460.102	173.3968	0.9321081
6486	-1280.776	-1454.326	173.5504	0.7396684
6492	-1284.184	-1457.737	173.553	0.7356341
6498	-1287.743	-1461.164	173.4205	0.906128
6504	-1283.402	-1456.941	173.5388	0.7571599
6510	-1289.854	-1463.371	173.517	0.7879991
6516	-1285.832	-1459.288	173.456	0.8652538
6522	-1289.906	-1463.418	173.5116	0.7952984
6528	-1298.878	-1472.354	173.4765	0.8404725
6534	-1295.152	-1468.691	173.5391	0.7567568
6540	-1273.754	-1447.218	173.4642	0.8554841
6546	-1283.095	-1456.528	173.4328	0.8922444
6552	-1290.036	-1463.488	173.4522	0.8698473
6558	-1285.544	-1459.141	173.5965	0.6584023
6564	-1277.801	-1451.342	173.5407	0.7543025
6570	-1289.175	-1462.736	173.5608	0.7231723
6576	-1279.889	-1453.45	173.5608	0.7231723
6582	-1285.934	-1459.493	173.559	0.7261842
6588	-1294.153	-1467.557	173.4035	0.9247732
6594	-1291.213	-1464.654	173.4413	0.8824494
6600	-1280.953	-1454.469	173.5155	0.7900623
6606	-1273.355	-1446.894	173.5386	0.7574196
6612	-1274.657	-1448.134	173.4768	0.8401435
6618	-1278.793	-1452.089	173.2964	1.034338
6624	-1283.012	-1456.592	173.5798	0.6908052
6630	-1278.514	-1452.119	173.6058	0.6381536
6636	-1272.805	-1446.337	173.5323	0.7665812
6642	-1273.383	-1446.879	173.4963	0.8155218
6648	-1289.027	-1462.463	173.4355	0.8891205
6654	-1282.072	-1455.593	173.5203	0.7834378
6660	-1287.066	-1460.642	173.5759	0.6977105
6666	-1285.454	-1458.982	173.5275	0.7734827
6672	-1290.633	-1464.219	173.586	0.6793709
6678	-1284.203	-1457.797	173.5945	0.6625932
6684	-1290.651	-1464.215	173.564	0.7180083
6690	-1286.934	-1460.486	173.5516	0.7377686
6696	-1285.832	-1459.338	173.5065	0.8021679
6702	-1285.014	-1458.454	173.4394	0.8846898
6708	-1288.208	-1461.647	173.4394	0.8846898
6714	-1290.076	-1463.639	173.5636	0.7186854
6720	-1279.488	-1453.051	173.5627	0.7201678
6726	-1270.448	-1443.991	173.5432	0.7506051
6732	-1282.726	-1456.296	173.5692	0.709303
6738	-1280.39	-1453.855	173.4647	0.8549403
6744	-1291.152	-1464.734	173.5819	0.6869437
6750	-1290.116	-1463.637	173.5211	0.7823373
6756	-1288.083	-1461.604	173.5211	0.7823373
6762	-1281.535	-1455.031	173.4962	0.8156476
6768	-1287.775	-1461.3	173.5246	0.7774687
6774	-1285.704	-1459.19	173.4862	0.8284229
6780	-1291.604	-1465.161	173.5576	0.7283515
6786	-1292.993	-1466.393	173.3998	0.9288576
6792	-1289.098	-1462.627	173.5295	0.7706541
6798	-1283.933	-1457.394	173.4607	0.8596663
6804	-1282.93	-1456.461	173.5316	0.7676148
6810	-1290.911	-1464.5	173.589	0.6735741
6816	-1290.295	-1463.767	173.4718	0.846306
6822	-1289.719	-1463.254	173.5346	0.7632389
6828	-1299.391	-1472.972	173.5804	0.689677
6834	-1289.768	-1463.286	173.5179	0.7867923
6840	-1293.924	-1467.394	173.4705	0.8479402
6846	-1283.365	-1456.865	173.4998	0.8109574
6852	-1291.321	-1464.845	173.5243	0.7779695
6858	-1292.176	-1465.754	173.578	0.6940859
6864	-1287.967	-1461.457	173.4899	0.82372
6870	-1294.476	-1468.029	173.5526	0.7362251
6876	-1289.605	-1463.158	173.5526	0.7362251
6882	-1290.727	-1464.274	173.5472	0.7445997
6888	-1292.757	-1466.383	173.6256	0.5832583
6894	-1288.186	-1461.673	173.4862	0.8284135
6900	-1279.401	-1452.939	173.5377	0.7587215
6906	-1283.36	-1456.887	173.5264	0.7749208
6912	-1290.118	-1463.608	173.4898	0.8238757
6918	-1286.958	-1460.502	173.544	0.7493565
6924	-1288.15	-1461.681	173.5306	0.7690401
6930	-1296.085	-1469.657	173.5729	0.7030127
6936	-1274.198	-1447.717	173.5189	0.7854566
6942	-1286.542	-1460.053	173.5105	0.7967803
6948	-1284.428	-1457.924	173.4954	0.8166576
6954	-1292.177	-1465.673	173.4954	0.8166576
6960	-1286.203	-1459.723	173.5205	0.7832027
6966	-1284.942	-1458.427	173.4845	0.8305594
6972	-1282.135	-1455.542	173.4065	0.9215705
6978	-1278.79	-1452.294	173.5037	0.8059269
6984	-1273.575	-1447.067	173.4922	0.8208725
6990	-1272.976	-1446.449	173.4728	0.8451057
6996	-1278.934	-1452.361	173.4272	0.8985111
7002	-1286.547	-1459.843	173.296	1.034669
7008	-1279.975	-1453.398	173.4225	0.903795
7014	-1282.182	-1455.51	173.3277	1.003574
7020	-1282.028	-1455.502	173.474	0.8435909
7026	-1281.193	-1454.667	173.474	0.8435909
7032	-1281.412	-1454.817	173.4051	0.923053
7038	-1285.723	-1459.156	173.4332	0.8917238
7044	-1280.968	-1454.363	173.3951	0.9339116
7050	-1289.018	-1462.576	173.5581	0.7275179
7056	-1283.67	-1457.128	173.4582	0.8627509
7062	-1292.51	-1465.968	173.4582	0.8627509
7068	-1279.853	-1453.374	173.5209	0.7827315
7074	-1285.283	-1458.684	173.4007	0.9278512
7080	-1278.054	-1451.504	173.4497	0.8727413
7086	-1273.189	-1446.663	173.4741	0.8435438
7092	-1295.357	-1468.873	173.5155	0.7900883
7098	-1293.568	-1467.083	173.5155	0.7900883
7104	-1283.636	-1457.107	173.4716	0.8465316
7110	-1283.831	-1457.366	173.5356	0.7618146
7116	-1285.717	-1459.301	173.5835	0.6839939
7122	-1285.617	-1459.024	173.4067	0.9212721
7128	-1292.168	-1465.713	173.5449	0.7480457
7134	-1293.758	-1467.161	173.4037	0.9245613
7140	-1305.048	-1478.518	173.4702	0.8482382
7146	-1297.267	-1470.793	173.526	0.7754957
7152	-1291.917	-1465.38	173.4634	0.8565157
7158	-1292.093	-1465.466	173.3733	0.9570437
7164	-1293.823	-1467.326	173.5032	0.806483
7170	-1297.465	-1471.011	173.5465	0.7455713
7176	-1290.627	-1464.115	173.488	0.8261867
7182	-1293.784	-1467.247	173.4635	0.8563923
7188	-1292.652	-1466.262	173.6102	0.6277857
7194	-1303.96	-1477.562	173.6022	0.6463831
7200	-1293.636	-1467.091	173.4547	0.8667916
7206	-1288.082	-1461.511	173.429	0.8964935
7212	-1288.273	-1461.856	173.5831	0.6846881
7218	-1287.653	-1461.095	173.4423	0.8813444
7224	-1287.822	-1461.361	173.5395	0.7561081
7230	-1286.404	-1459.943	173.5395	0.7561081
7236	-1287.016	-1460.496	173.4804	0.8357381
7242	-1283.263	-1456.76	173.4969	0.8147302
7248	-1285.283	-1458.907	173.6242	0.5882126
7254	-1279.405	-1452.93	173.5247	0.7774313
7260	-1285.785	-1459.303	173.5188	0.7855695
7266	-1293.668	-1467.191	173.5227	0.7801151
7272	-1283.652	-1457.134	173.4817	0.8340753
7278	-1283.023	-1456.605	173.5821	0.6866317
7284	-1286.777	-1460.311	173.5345	0.7634655
7290	-1305.132	-1478.539	173.4073	0.9206744
7296	-1297.693	-1471.174	173.4809	0.8351167
7302	-1284.727	-1458.244	173.5167	0.7884445
7308	-1281.477	-1454.923	173.446	0.8770293
7314	-1276.449	-1449.931	173.4817	0.8340762
7320	-1278.505	-1451.968	173.463	0.8569037
7326	-1279.252	-1452.693	173.4402	0.88375
7332	-1276.437	-1449.875	173.438	0.8862655
7338	-1290.007	-1463.468	173.4616	0.8586163
7344	-1292.849	-1466.219	173.3699	0.9606187
7350	-1290.879	-1464.441	173.5612	0.722558
7356	-1288.429	-1462.051	173.6212	0.5977878
7362	-1302.508	-1476.067	173.5587	0.7266549
7368	-1277.79	-1451.296	173.5063	0.8024415
7374	-1282.99	-1456.502	173.512	0.7948789
7380	-1287.274	-1460.701	173.4271	0.8986242
7386	-1282.009	-1455.603	173.5938	0.6639584
7392	-1293.941	-1467.338	173.397	0.9318992
7398	-1299.125	-1472.649	173.5237	0.7787525
7404	-1293.283	-1466.793	173.5098	0.7977455
7410	-1288.948	-1462.435	173.4864	0.828213
7416	-1290.101	-1463.648	173.5471	0.7446704
7422	-1285.371	-1458.885	173.5138	0.7923907
7428	-1287.785	-1461.217	173.4326	0.8923908
7434	-1278.163	-1451.636	173.4736	0.8440616
7440	-1282.84	-1456.423	173.5831	0.6846444
7446	-1284.954	-1458.349	173.3945	0.9345945
7452	-1280.712	-1454.298	173.586	0.679266
7458	-1288.274	-1461.797	173.5229	0.7798882
7464	-1290.155	-1463.678	173.5229	0.7798882
7470	-1283.731	-1457.196	173.4647	0.8549032
7476	-1296.101	-1469.645	173.5446	0.748539
7482	-1291.087	-1464.646	173.5584	0.7271087
7488	-1290.423	-1463.805	173.3815	0.948425
7494	-1287.907	-1461.339	173.4315	0.8936415
7500	-1292.685	-1466.188	173.5027	0.8072168
7506	-1283.461	-1457.026	173.5654	0.7156715
7512	-1292.409	-1465.986	173.5772	0.6954913
7518	-1294.361	-1467.822	173.4615	0.8587963
7524	-1289.017	-1462.609	173.5917	0.6681627
7530	-1279.86	-1453.288	173.4276	0.8981133
7536	-1281.579	-1455.102	173.5232	0.779494
7542	-1279.032	-1452.477	173.4454	0.8777209
7548	-1292.392	-1465.965	173.5733	0.7022517
7554	-1300.162	-1473.733	173.5704	0.7072542
7560	-1284.513	-1458.032	173.5181	0.7865086
7566	-1293.76	-1467.278	173.5181	0.7865086
7572	-1280.397	-1453.893	173.4966	0.8150898
7578	-1281.853	-1455.359	173.5057	0.8032833
7584	-1291.223	-1464.497	173.2739	1.055859
7590	-1280.097	-1453.592	173.495	0.8171944
7596	-1295.518	-1469.067	173.5481	0.7431334
7602	-1284.227	-1457.792	173.5656	0.715308
7608	-1291.853	-1465.391	173.5372	0.7594331
7614	-1288.15	-1461.593	173.4432	0.8802838
7620	-1279.811	-1453.32	173.5091	0.7986645
7626	-1271.348	-1444.764	173.4163	0.9107692
7632	-1271.084	-1444.574	173.4897	0.8239635
7638	-1271.73	-1445.266	173.5365	0.7605074
7644	-1280.689	-1454.225	173.5365	0.7605074
7650	-1278.52	-1452.109	173.589	0.6735282
7656	-1277.496	-1450.968	173.4714	0.8467982
7662	-1282.111	-1455.584	173.4725	0.845497
7668	-1282.968	-1456.441	173.4725	0.845497
7674	-1295.731	-1469.331	173.6	0.6511006
7680	-1291.385	-1464.97	173.5851	0.6809871
7686	-1279.279	-1452.773	173.4947	0.8175439
7692	-1279.839	-1453.209	173.3706	0.9598901
7698	-1281.547	-1455.145	173.5978	0.6557489
7704	-1273.151	-1446.702	173.5508	0.7390286
7710	-1280.286	-1453.852	173.5662	0.7143821
7716	-1277.288	-1450.847	173.5588	0.7263931
7722	-1276.85	-1450.39	173.5402	0.7550781
7728	-1282.224	-1455.791	173.5662	0.7143188
7734	-1277.723	-1451.304	173.5818	0.687095
7740	-1281.798	-1455.366	173.5681	0.7111006
7746	-1279.875	-1453.39	173.5147	0.7911127
7752	-1284.916	-1458.408	173.4923	0.8206518
7758	-1281.512	-1455.044	173.5322	0.7668044
7764	-1297.53	-1470.946	173.4156	0.9114814
7770	-1291.093	-1464.609	173.5161	0.7892232
7776	-1297.077	-1470.649	173.5721	0.7042778
7782	-1281.866	-1455.38	173.5137	0.7925724
7788	-1278.265	-1451.769	173.5048	0.8044871
7794	-1275.693	-1449.265	173.5716	0.7052425
7800	-1286.812	-1460.255	173.4424	0.8812515
7806	-1280.975	-1454.478	173.5028	0.8070803
7812	-1283.855	-1457.434	173.579	0.6922939
7818	-1283.61	-1457.127	173.5168	0.7883749
7824	-1280.481	-1453.937	173.4566	0.8646327
7830	-1290.352	-1463.839	173.487	0.8274427
7836	-1287.939	-1461.46	173.5203	0.7835567
7842	-1281.63	-1455.176	173.5458	0.7466748
7848	-1283.483	-1457.03	173.5468	0.7451227
7854	-1294.291	-1467.697	173.4064	0.9216139
7860	-1276.12	-1449.487	173.3668	0.9638308
7866	-1285.113	-1458.678	173.5645	0.7171892
7872	-1282.425	-1455.89	173.4654	0.8540321
7878	-1290.664	-1464.167	173.5031	0.8066254
7884	-1292.34	-1465.706	173.3652	0.9654749
7890	-1292.517	-1466.046	173.5283	0.7722686
7896	-1293.426	-1466.91	173.484	0.8312561
