Iteration	Posterior	Likelihood	Prior	tree_length
0	-236.7446	-408.8058	172.0612	1.975454
6	-233.8876	-405.5236	171.636	2.253978
12	-244.9073	-417.536	172.6287	1.580012
18	-238.8248	-411.6842	172.8594	1.406476
24	-249.6833	-422.7668	173.0835	1.225633
30	-240.1935	-412.6537	172.4603	1.701165
36	-247.3011	-418.8	171.4989	2.341604
42	-240.4525	-412.7398	172.2873	1.821947
48	-244.2041	-416.1303	171.9262	2.065126
54	-239.8652	-411.5453	171.6801	2.22563
60	-247.0685	-419.1568	172.0883	1.957243
66	-241.4377	-414.3624	172.9248	1.355263
72	-245.3106	-417.6295	172.3189	1.800109
78	-243.1438	-415.0663	171.9224	2.06762
84	-239.6126	-411.7319	172.1193	1.936405
90	-246.1014	-418.2207	172.1193	1.936405
96	-256.6146	-427.0587	170.4441	2.991461
102	-241.1201	-413.1486	172.0285	1.997314
108	-244.4749	-417.0878	172.6129	1.591577
114	-253.5429	-425.9335	172.3906	1.750201
120	-252.7289	-424.714	171.9851	2.026158
126	-258.3677	-430.6976	172.3299	1.792525
132	-241.0261	-413.356	172.3299	1.792525
138	-236.4702	-408.5908	172.1206	1.935532
144	-241.2854	-413.2511	171.9657	2.039017
150	-247.4024	-419.1671	171.7647	2.170845
156	-240.9811	-412.5331	171.552	2.307793
162	-237.3988	-409.1085	171.7097	2.206512
168	-239.8851	-411.8369	171.9518	2.048237
174	-242.234	-415.3638	173.1298	1.186101
180	-246.0708	-418.4257	172.3549	1.775146
186	-251.276	-422.6444	171.3684	2.424162
192	-245.7034	-417.4001	171.6967	2.214912
198	-238.6732	-411.4178	172.7446	1.494097
204	-242.8161	-415.1157	172.2996	1.813465
210	-236.9069	-409.708	172.8011	1.451357
216	-239.9141	-411.9349	172.0208	2.00243
222	-237.5722	-410.1731	172.6008	1.600327
228	-246.6977	-418.8374	172.1397	1.922634
234	-236.6557	-409.3033	172.6476	1.566172
240	-239.2202	-411.664	172.4437	1.712865
246	-237.1676	-409.7074	172.5398	1.64447
252	-241.5372	-413.9774	172.4401	1.715416
258	-249.0019	-421.1418	172.14	1.922457
264	-272.2655	-444.2765	172.011	2.008973
270	-245.7177	-418.4039	172.6863	1.537631
276	-246.9872	-417.6728	170.6856	2.84573
282	-241.8005	-412.4862	170.6856	2.84573
288	-240.4593	-413.2409	172.7816	1.466153
294	-242.0556	-414.2815	172.2259	1.864086
300	-234.3267	-406.5526	172.2259	1.864086
306	-234.5307	-406.9274	172.3967	1.745943
312	-233.7471	-406.3184	172.5713	1.621759
318	-233.8783	-407.0125	173.1342	1.182275
324	-237.9798	-410.2579	172.2782	1.828224
330	-245.6119	-418.0094	172.3974	1.74542
336	-247.5648	-419.2616	171.6968	2.214807
342	-250.0454	-422.6812	172.6358	1.574821
348	-241.6815	-414.0936	172.4121	1.735122
354	-237.9965	-409.9827	171.9862	2.025404
360	-247.6354	-419.06	171.4246	2.388732
366	-244.0057	-416.6129	172.6071	1.595749
372	-240.5786	-412.9296	172.351	1.777838
378	-236.2022	-408.846	172.6438	1.568964
384	-234.1847	-406.4067	172.222	1.866737
390	-237.5085	-409.7354	172.227	1.863342
396	-242.0888	-414.2158	172.127	1.931202
402	-244.8135	-416.2976	171.4841	2.351026
408	-230.973	-403.4512	172.4782	1.688454
414	-232.4184	-405.2066	172.7882	1.461156
420	-237.403	-409.4654	172.0624	1.974627
426	-232.8042	-405.1691	172.3649	1.768167
432	-234.6129	-406.1309	171.518	2.32948
438	-246.2925	-418.3118	172.0194	2.003357
444	-250.9197	-423.1129	172.1932	1.886357
450	-240.3054	-412.6338	172.3284	1.793521
456	-248.6443	-420.4896	171.8453	2.118272
462	-248.8177	-421.1825	172.3649	1.768171
468	-243.2759	-415.5882	172.3123	1.804668
474	-236.064	-408.3844	172.3204	1.799109
480	-232.3167	-404.6104	172.2938	1.817465
486	-236.6495	-408.2837	171.6342	2.25514
492	-243.3718	-414.8685	171.4967	2.342996
498	-235.434	-407.3993	171.9653	2.03927
504	-235.4904	-407.1573	171.6669	2.234119
510	-234.4363	-406.8311	172.3948	1.747247
516	-238.7493	-410.8673	172.118	1.93726
522	-250.1371	-423.1878	173.0506	1.253147
528	-251.2182	-423.4701	172.2519	1.846283
534	-250.4609	-421.742	171.2812	2.478986
540	-244.82	-417.4351	172.6151	1.589938
546	-249.2815	-421.7464	172.465	1.697834
552	-248.4969	-420.2915	171.7946	2.151373
558	-255.5203	-428.2383	172.718	1.514045
564	-251.0644	-423.6821	172.6176	1.588081
570	-249.4519	-421.9234	172.4716	1.693151
576	-248.7031	-420.6422	171.939	2.056676
582	-251.4729	-422.8953	171.4224	2.390099
588	-262.8	-433.8193	171.0193	2.64172
594	-258.8354	-430.0322	171.1967	2.531726
600	-249.6445	-420.8413	171.1967	2.531726
606	-254.3605	-427.1501	172.7896	1.460123
612	-243.0514	-414.4671	171.4157	2.394317
618	-242.8858	-415.149	172.2632	1.838508
624	-243.2749	-416.0313	172.7564	1.485227
630	-245.1155	-416.5083	171.3928	2.408792
636	-235.4573	-407.7498	172.2925	1.818369
642	-236.1929	-408.513	172.3201	1.7993
648	-235.2544	-407.6951	172.4407	1.714963
654	-236.5091	-408.2634	171.7543	2.177595
660	-238.8406	-410.595	171.7543	2.177595
666	-246.0842	-418.2567	172.1726	1.900369
672	-245.3071	-417.7905	172.4834	1.684759
678	-235.9109	-408.0619	172.151	1.914977
684	-243.7949	-416.3985	172.6036	1.598301
690	-243.9676	-415.6271	171.6595	2.238855
696	-237.7868	-410.1269	172.3401	1.785401
702	-238.9537	-411.2938	172.3401	1.785401
708	-242.8375	-414.5893	171.7517	2.179275
714	-237.9526	-409.2951	171.3424	2.440524
720	-237.9868	-410.4616	172.4748	1.690853
726	-240.2204	-411.6877	171.4674	2.361645
732	-242.4765	-413.9438	171.4674	2.361645
738	-251.5495	-424.3631	172.8137	1.441714
744	-246.0116	-417.9214	171.9098	2.075927
750	-239.055	-411.702	172.6471	1.566542
756	-237.6117	-408.985	171.3734	2.421057
762	-244.8149	-416.94	172.1251	1.932526
768	-246.4887	-418.3265	171.8378	2.12318
774	-243.4662	-416.3186	172.8524	1.411925
780	-239.0891	-411.4616	172.3725	1.762861
786	-243.0621	-415.8293	172.7672	1.477097
792	-249.5043	-422.456	172.9518	1.333755
798	-240.9609	-413.5705	172.6096	1.593913
804	-239.633	-411.3502	171.7172	2.201661
810	-237.8866	-411.0016	173.115	1.19883
816	-239.1144	-411.0131	171.8987	2.083256
822	-242.6345	-414.7208	172.0863	1.958614
828	-233.641	-406.4832	172.8421	1.419848
834	-241.0498	-412.9823	171.9325	2.060966
840	-241.8031	-413.7433	171.9403	2.055837
846	-245.492	-416.8457	171.3537	2.433425
852	-240.0503	-411.7114	171.6611	2.237818
858	-249.2193	-421.4063	172.1869	1.890636
864	-252.69	-424.858	172.1679	1.90352
870	-249.4211	-420.9759	171.5548	2.305997
876	-250.9126	-423.4926	172.58	1.615454
882	-248.018	-420.8429	172.8249	1.433134
888	-254.0267	-426.9507	172.9239	1.3559
894	-251.8554	-424.1598	172.3044	1.810115
900	-250.4319	-422.3477	171.9158	2.071973
906	-237.7364	-410.4399	172.7035	1.524822
912	-234.5344	-406.5868	172.0524	1.98134
918	-237.381	-409.6046	172.2236	1.865661
924	-238.655	-410.5632	171.9082	2.076976
930	-244.4551	-416.579	172.1239	1.933313
936	-241.6187	-414.2106	172.5919	1.606812
942	-233.8862	-406.6595	172.7733	1.472459
948	-243.1196	-415.8378	172.7182	1.51389
954	-241.8833	-414.6983	172.815	1.440699
960	-237.8797	-410.9707	173.091	1.219279
966	-242.0479	-414.2601	172.2122	1.873431
972	-244.6092	-417.2867	172.6775	1.544125
978	-238.8803	-411.3444	172.4641	1.69846
984	-243.5552	-415.1356	171.5804	2.28961
990	-249.7821	-421.7972	172.0151	2.006238
996	-245.0559	-417.2864	172.2304	1.860964
1002	-245.9739	-417.7832	171.8093	2.141842
1008	-246.0783	-418.5821	172.5038	1.67025
1014	-246.5004	-418.7702	172.2698	1.833976
1020	-244.7274	-417.2109	172.4834	1.684741
1026	-239.5251	-412.0086	172.4834	1.684741
1032	-242.3119	-414.0329	171.721	2.199212
1038	-250.1065	-421.7974	171.6909	2.218619
1044	-245.1489	-417.3786	172.2296	1.861519
1050	-257.2747	-429.6928	172.4182	1.730861
1056	-248.9376	-421.3558	172.4182	1.730861
1062	-243.9401	-416.9693	173.0291	1.270968
1068	-243.5573	-416.2798	172.7225	1.510698
1074	-251.4556	-423.3052	171.8496	2.115481
1080	-254.527	-426.9023	172.3753	1.760887
1086	-238.9733	-411.2405	172.2672	1.835754
1092	-253.0225	-425.3358	172.3133	1.803996
1098	-241.1667	-413.0017	171.835	2.125051
1104	-242.6762	-415.174	172.4978	1.674492
1110	-241.3978	-413.8103	172.4126	1.734816
1116	-244.0222	-416.6163	172.5941	1.605248
1122	-236.2909	-408.4634	172.1725	1.900443
1128	-243.4998	-415.8721	172.3724	1.762951
1134	-242.1154	-414.5911	172.4758	1.690185
1140	-240.6069	-412.5197	171.9127	2.074029
1146	-239.6016	-412.1907	172.5891	1.608868
1152	-239.4145	-412.0036	172.5891	1.608868
1158	-237.7448	-409.9229	172.1782	1.896594
1164	-244.7845	-417.1689	172.3844	1.754517
1170	-247.3983	-420.3278	172.9296	1.351455
1176	-249.6123	-422.5452	172.933	1.348756
1182	-252.7273	-424.5725	171.8452	2.118382
1188	-244.8662	-417.2972	172.431	1.721848
1194	-242.9902	-414.9483	171.9581	2.044029
1200	-258.3563	-428.6821	170.3258	3.062315
1206	-244.1956	-416.5626	172.367	1.766684
1212	-235.0816	-407.2377	172.1561	1.911525
1218	-242.505	-414.5759	172.0709	1.96897
1224	-245.2271	-417.6269	172.3997	1.7438
1230	-248.1435	-419.9454	171.8019	2.146626
1236	-240.1311	-412.4999	172.3688	1.765429
1242	-237.9955	-409.9239	171.9284	2.063689
1248	-240.6199	-412.5483	171.9284	2.063689
1254	-240.9763	-412.9197	171.9435	2.053732
1260	-249.7668	-422.5475	172.7808	1.466811
1266	-250.7629	-422.7008	171.9379	2.057445
1272	-246.6275	-418.5654	171.9379	2.057445
1278	-241.1565	-413.0763	171.9199	2.069317
1284	-242.9954	-415.2382	172.2429	1.852476
1290	-243.6958	-416.4119	172.7161	1.515454
1296	-233.716	-406.1637	172.4477	1.710029
1302	-237.3195	-409.7643	172.4448	1.712069
1308	-245.25	-418.0127	172.7626	1.480539
1314	-238.6574	-411.2208	172.5634	1.627459
1320	-238.2847	-410.2513	171.9666	2.038412
1326	-239.8643	-411.6823	171.818	2.136147
1332	-236.4751	-409.2711	172.796	1.455239
1338	-245.3674	-417.639	172.2715	1.832787
1344	-252.8939	-424.785	171.8911	2.088227
1350	-242.7233	-414.6655	171.9422	2.054555
1356	-249.7038	-421.0816	171.3778	2.418275
1362	-244.5854	-416.7689	172.1835	1.892939
1368	-247.4676	-418.5562	171.0886	2.598887
1374	-250.5483	-423.0717	172.5233	1.656265
1380	-241.6052	-413.9939	172.3887	1.751559
1386	-241.5528	-413.3693	171.8166	2.137083
1392	-241.3308	-413.7114	172.3806	1.757236
1398	-238.2578	-410.6253	172.3675	1.766323
1404	-241.4371	-413.796	172.3589	1.772356
1410	-235.8019	-407.9109	172.109	1.943344
1416	-237.413	-409.9152	172.5022	1.671367
1422	-248.3928	-421.0889	172.6961	1.530345
1428	-251.1684	-423.2226	172.0542	1.980101
1434	-259.1275	-431.0256	171.898	2.0837
1440	-256.1691	-427.3644	171.1953	2.532622
1446	-254.3018	-425.4971	171.1953	2.532622
1452	-248.5315	-420.554	172.0225	2.001319
1458	-248.237	-418.9582	170.7212	2.824151
1464	-242.094	-414.4907	172.3967	1.745969
1470	-246.5782	-418.8258	172.2476	1.849214
1476	-246.2357	-418.4476	172.2119	1.873601
1482	-250.0765	-422.1039	172.0274	1.99804
1488	-239.8363	-412.6817	172.8453	1.417391
1494	-236.7342	-409.0313	172.2971	1.815163
1500	-236.926	-409.3628	172.4368	1.717766
1506	-233.4785	-405.5848	172.1063	1.945181
1512	-235.57	-407.8974	172.3275	1.794179
1518	-245.5139	-416.9456	171.4317	2.38425
1524	-247.6948	-420.3985	172.7037	1.524673
1530	-240.4235	-412.5791	172.1556	1.91186
1536	-236.9646	-409.1203	172.1556	1.91186
1542	-243.7635	-415.5866	171.8231	2.132802
1548	-244.1709	-415.7072	171.5362	2.317844
1554	-245.6577	-417.638	171.9804	2.029305
1560	-245.288	-417.4165	172.1285	1.930214
1566	-233.8406	-405.9691	172.1285	1.930214
1572	-239.7796	-411.9301	172.1505	1.915339
1578	-235.1785	-407.5826	172.4041	1.740765
1584	-244.4344	-416.1784	171.744	2.184307
1590	-242.3252	-414.571	172.2458	1.850468
1596	-252.6168	-425.3401	172.7233	1.510061
1602	-240.0795	-411.8154	171.7359	2.18952
1608	-246.1797	-417.8751	171.6954	2.215723
1614	-242.9653	-414.6607	171.6954	2.215723
1620	-240.7081	-413.2628	172.5547	1.633701
1626	-253.0532	-425.3482	172.295	1.816631
1632	-242.6918	-414.9868	172.295	1.816631
1638	-245.0115	-417.1644	172.1529	1.913729
1644	-244.2834	-416.2618	171.9784	2.030623
1650	-252.496	-425.003	172.5071	1.667891
1656	-248.6557	-421.2414	172.5857	1.611289
1662	-241.2136	-413.5982	172.3847	1.754347
1668	-247.1105	-419.9783	172.8678	1.399941
1674	-241.5975	-414.3412	172.7437	1.49478
1680	-239.4513	-411.8232	172.3719	1.763302
1686	-237.2247	-409.2255	172.0008	2.015732
1692	-239.867	-411.5935	171.7265	2.195629
1698	-239.061	-411.3852	172.3243	1.796403
1704	-233.598	-405.3337	171.7357	2.189689
1710	-232.4957	-404.4428	171.9471	2.051319
1716	-234.1138	-406.5201	172.4063	1.739203
1722	-239.3394	-411.2532	171.9138	2.073309
1728	-233.7668	-406.2053	172.4385	1.71653
1734	-240.184	-412.9895	172.8055	1.447958
1740	-244.0251	-415.2307	171.2056	2.526197
1746	-240.1619	-412.7868	172.6249	1.582755
1752	-246.8379	-419.3529	172.515	1.662222
1758	-242.294	-415.0433	172.7492	1.490624
1764	-247.6763	-420.4255	172.7492	1.490624
1770	-232.6003	-404.1761	171.5757	2.292621
1776	-229.3018	-401.6111	172.3093	1.806732
1782	-239.6089	-411.4323	171.8235	2.132581
1788	-244.7738	-417.1892	172.4154	1.732807
1794	-239.9438	-413.0391	173.0953	1.215613
1800	-243.0538	-415.5237	172.4699	1.694366
1806	-245.3633	-417.8331	172.4699	1.694366
1812	-245.1963	-417.5341	172.3378	1.787039
1818	-239.6528	-412.1172	172.4644	1.698234
1824	-247.4075	-419.7177	172.3102	1.806153
1830	-240.5485	-412.7483	172.1998	1.881879
1836	-244.2339	-416.3794	172.1455	1.918703
1842	-246.6444	-419.1931	172.5487	1.638051
1848	-244.2983	-415.8671	171.5688	2.297064
1854	-239.5859	-411.4829	171.897	2.084396
1860	-239.0271	-410.924	171.897	2.084396
1866	-240.7533	-412.5702	171.8169	2.136887
1872	-241.7897	-413.182	171.3922	2.409168
1878	-238.5331	-411.1958	172.6628	1.554993
1884	-237.6506	-410.3134	172.6628	1.554993
1890	-241.6063	-414.3445	172.7382	1.498909
1896	-239.4796	-411.1525	171.6729	2.230229
1902	-230.7351	-403.1916	172.4565	1.703834
1908	-231.6647	-404.2416	172.5769	1.617692
1914	-233.0607	-405.651	172.5903	1.608009
1920	-235.9276	-408.3914	172.4638	1.698636
1926	-236.9936	-410.0288	173.0352	1.265959
1932	-241.2533	-413.5799	172.3266	1.794757
1938	-240.6333	-412.7212	172.0878	1.957569
1944	-245.5647	-418.1687	172.6039	1.598066
1950	-253.636	-426.251	172.615	1.590022
1956	-250.6919	-421.9603	171.2684	2.486979
1962	-252.4931	-423.7615	171.2684	2.486979
1968	-247.9367	-418.7524	170.8156	2.766641
1974	-240.9149	-412.6157	171.7008	2.212229
1980	-241.7851	-414.3773	172.5921	1.606647
1986	-237.843	-410.4351	172.5921	1.606647
1992	-239.6643	-411.7557	172.0914	1.95521
1998	-240.1847	-413.0414	172.8567	1.408551
2004	-241.2728	-413.4501	172.1773	1.8972
2010	-243.5822	-416.0968	172.5146	1.66248
2016	-241.8386	-414.4446	172.6059	1.596624
2022	-235.6313	-408.2695	172.6382	1.573029
2028	-234.0289	-406.4331	172.4043	1.740628
2034	-240.6762	-411.6585	170.9823	2.664518
2040	-239.966	-410.9483	170.9823	2.664518
2046	-241.7829	-413.0324	171.2496	2.498762
2052	-239.0456	-411.4313	172.3856	1.753687
2058	-251.4342	-423.2586	171.8244	2.131975
2064	-251.2342	-423.2704	172.0362	1.992135
2070	-242.9811	-415.4737	172.4926	1.678215
2076	-231.7082	-404.0693	172.3612	1.770775
2082	-237.0966	-409.1837	172.0872	1.958032
2088	-236.3051	-408.7399	172.4348	1.719131
2094	-248.8105	-421.7834	172.9729	1.31681
2100	-247.0645	-419.416	172.3515	1.77748
2106	-239.6591	-411.2939	171.6347	2.254806
2112	-237.7647	-409.9797	172.215	1.871523
2118	-240.6288	-412.8769	172.2481	1.848872
2124	-233.9272	-405.7918	171.8646	2.105644
2130	-230.0583	-402.4645	172.4062	1.73926
2136	-236.814	-409.7238	172.9098	1.367067
2142	-241.1143	-414.0241	172.9098	1.367067
2148	-239.0594	-410.5581	171.4987	2.341719
2154	-234.0389	-406.1628	172.1238	1.93335
2160	-240.5292	-412.5501	172.0209	2.002334
2166	-250.0367	-421.7517	171.715	2.203075
2172	-240.3032	-411.8734	171.5702	2.296186
2178	-233.0241	-405.5513	172.5272	1.653489
2184	-237.2153	-409.3006	172.0852	1.959322
2190	-241.3981	-413.3504	171.9524	2.047858
2196	-234.8419	-407.0781	172.2362	1.857054
2202	-234.4899	-406.848	172.3581	1.77292
2208	-244.6554	-416.9694	172.314	1.803505
2214	-237.1215	-409.4424	172.3209	1.79871
2220	-238.971	-410.4684	171.4974	2.342583
2226	-243.0989	-415.2683	172.1695	1.902488
2232	-243.0947	-414.6547	171.5599	2.302728
2238	-246.2517	-417.6544	171.4027	2.402567
2244	-247.7337	-419.3557	171.622	2.263009
2250	-247.6088	-419.0945	171.4857	2.350003
2256	-240.1649	-412.7889	172.6241	1.583401
2262	-231.2164	-403.4467	172.2304	1.861029
2268	-243.0616	-415.421	172.3594	1.771996
2274	-238.6088	-411.0749	172.4661	1.697028
2280	-243.0613	-415.1827	172.1214	1.934979
2286	-239.6796	-411.9849	172.3053	1.809526
2292	-244.0378	-417.1389	173.1011	1.210673
2298	-245.1256	-417.5487	172.4231	1.727412
2304	-248.8969	-421.32	172.4231	1.727412
2310	-251.049	-423.3815	172.3324	1.790757
2316	-248.6062	-420.1403	171.5341	2.319212
2322	-256.2394	-427.7735	171.5341	2.319212
2328	-243.2891	-415.0604	171.7713	2.166542
2334	-240.0895	-412.0907	172.0012	2.015497
2340	-243.8757	-416.5265	172.6509	1.563761
2346	-240.3726	-412.391	172.0184	2.004005
2352	-247.5308	-420.0022	172.4714	1.69326
2358	-248.2756	-420.514	172.2384	1.855526
2364	-249.4152	-421.235	171.8198	2.134992
2370	-239.6205	-411.9446	172.3241	1.796541
2376	-241.1503	-413.0777	171.9273	2.064383
2382	-244.9798	-416.9612	171.9814	2.028596
2388	-242.0718	-414.5	172.4281	1.72385
2394	-241.7932	-414.2731	172.4798	1.687278
2400	-247.7856	-420.1611	172.3756	1.760707
2406	-247.5113	-419.8702	172.3589	1.772342
2412	-248.8821	-421.3492	172.4671	1.696324
2418	-247.2891	-419.3252	172.0361	1.992183
2424	-252.7665	-425.2946	172.5281	1.652844
2430	-245.6929	-418.2939	172.601	1.600194
2436	-240.4593	-413.1838	172.7245	1.509164
2442	-238.4435	-410.7204	172.2769	1.829116
2448	-238.3008	-410.0383	171.7375	2.188521
2454	-244.0183	-416.4261	172.4078	1.738184
2460	-244.4793	-416.8871	172.4078	1.738184
2466	-235.3779	-407.566	172.1881	1.889858
2472	-238.3393	-410.8479	172.5086	1.666807
2478	-251.4378	-422.4129	170.9751	2.668928
2484	-254.07	-426.2525	172.1825	1.893644
2490	-241.0708	-413.1357	172.0649	1.972957
2496	-242.2338	-415.0175	172.7837	1.464587
2502	-243.5073	-414.9494	171.4421	2.377666
2508	-239.2125	-411.6294	172.417	1.731715
2514	-239.428	-411.9197	172.4917	1.678812
2520	-240.9452	-413.3224	172.3772	1.759551
2526	-237.6548	-410.3993	172.7445	1.494174
2532	-236.9913	-409.8125	172.8211	1.436003
2538	-235.6524	-407.0407	171.3884	2.411606
2544	-237.5663	-409.4991	171.9329	2.060733
2550	-236.9826	-409.3432	172.3606	1.77117
2556	-231.3914	-404.0238	172.6324	1.577264
2562	-237.9122	-410.5673	172.6551	1.560608
2568	-248.1668	-419.9928	171.826	2.130946
2574	-237.5247	-409.8119	172.2873	1.821977
2580	-235.0992	-407.6002	172.501	1.672215
2586	-242.9712	-414.9496	171.9784	2.03059
2592	-239.1471	-411.0923	171.9452	2.052621
2598	-237.1491	-409.6703	172.5212	1.657799
2604	-242.4369	-414.5405	172.1036	1.94698
2610	-244.8729	-417.3413	172.4684	1.695425
2616	-239.1699	-411.5326	172.3627	1.769726
2622	-249.3154	-420.1456	170.8301	2.757798
2628	-249.0924	-421.6398	172.5474	1.638956
2634	-249.7254	-422.2293	172.5039	1.670154
2640	-241.9706	-414.1183	172.1477	1.917241
2646	-239.8179	-412.5688	172.7509	1.489374
2652	-236.0833	-408.0125	171.9292	2.063189
2658	-239.7557	-411.6849	171.9292	2.063189
2664	-236.2758	-408.4024	172.1266	1.931474
2670	-241.208	-413.3346	172.1266	1.931474
2676	-240.1567	-412.0003	171.8436	2.119403
2682	-241.2394	-413.7991	172.5598	1.630076
2688	-240.4019	-413.5034	173.1015	1.210372
2694	-242.4005	-415.3344	172.9339	1.347989
2700	-248.6625	-420.8834	172.221	1.867449
2706	-244.3258	-417.2157	172.8899	1.382704
2712	-246.249	-419.1389	172.8899	1.382704
2718	-246.234	-418.6022	172.3681	1.765917
2724	-241.5159	-413.5671	172.0512	1.982158
2730	-246.9901	-419.3676	172.3774	1.759409
2736	-244.3965	-416.7739	172.3774	1.759409
2742	-248.5929	-420.9272	172.3342	1.789491
2748	-239.5219	-411.0909	171.5691	2.296889
2754	-246.6296	-419.0453	172.4157	1.732589
2760	-252.1268	-424.7708	172.6439	1.568842
2766	-245.8414	-417.8212	171.9799	2.029624
2772	-237.9514	-409.7916	171.8401	2.121668
2778	-237.8829	-410.2199	172.3371	1.787508
2784	-247.9044	-419.962	172.0576	1.977835
2790	-247.2929	-419.6003	172.3074	1.808074
2796	-245.8399	-418.0376	172.1977	1.883326
2802	-245.5507	-418.0412	172.4905	1.679687
2808	-245.6838	-417.8618	172.178	1.896708
2814	-244.9206	-417.1997	172.2792	1.827547
2820	-237.315	-409.7655	172.4505	1.708077
2826	-232.9354	-405.2692	172.3338	1.789798
2832	-233.4885	-405.8223	172.3338	1.789798
2838	-233.4672	-405.4951	172.028	1.997639
2844	-244.0252	-415.91	171.8849	2.092355
2850	-248.2224	-420.6472	172.4248	1.726188
2856	-242.5549	-415.4202	172.8654	1.401858
2862	-249.0103	-421.9009	172.8906	1.382198
2868	-250.1081	-422.5642	172.4561	1.704094
2874	-257.9886	-429.2742	171.2856	2.476204
2880	-258.6375	-429.8497	171.2122	2.52206
2886	-250.8865	-423.0613	172.1748	1.89886
2892	-245.6728	-417.571	171.8982	2.083555
2898	-247.2525	-419.022	171.7696	2.167696
2904	-252.2049	-424.3339	172.129	1.929897
2910	-254.8533	-427.6465	172.7932	1.457354
2916	-254.6412	-426.5802	171.9391	2.056634
2922	-238.7592	-410.1163	171.3571	2.431323
2928	-235.9764	-407.7906	171.8143	2.13856
2934	-244.3761	-416.1454	171.7693	2.167893
2940	-241.8503	-414.2599	172.4096	1.736892
2946	-249.7166	-422.3077	172.5911	1.607391
2952	-245.1143	-417.0596	171.9453	2.052522
2958	-249.6561	-421.4113	171.7552	2.176999
2964	-247.2435	-420.0977	172.8541	1.41056
2970	-246.6426	-419.1234	172.4808	1.686604
2976	-243.8388	-416.0149	172.1761	1.897964
2982	-241.52	-413.9496	172.4296	1.722822
2988	-240.3628	-412.6688	172.306	1.809011
2994	-236.6187	-408.905	172.2863	1.822647
3000	-238.5026	-410.8692	172.3666	1.766969
3006	-241.5555	-413.4071	171.8516	2.114199
3012	-234.8765	-407.4653	172.5888	1.609042
3018	-236.9404	-408.3681	171.4277	2.386784
3024	-239.9568	-412.6243	172.6675	1.551503
3030	-241.723	-413.973	172.2501	1.847543
3036	-238.4153	-411.1327	172.7174	1.514496
3042	-241.6672	-413.3938	171.7266	2.195557
3048	-239.1946	-412.4059	173.2112	1.114009
3054	-240.9828	-412.3546	171.3719	2.422013
3060	-236.0117	-407.5859	171.5742	2.293605
3066	-239.0068	-411.7497	172.7429	1.495362
3072	-238.4753	-410.4455	171.9702	2.036028
3078	-240.3673	-412.493	172.1257	1.932091
3084	-249.6766	-421.9129	172.2363	1.856931
3090	-240.959	-413.1746	172.2156	1.871121
3096	-241.1698	-413.4258	172.2559	1.8435
3102	-239.0967	-411.3023	172.2057	1.877872
3108	-238.8974	-410.467	171.5697	2.296496
3114	-233.4846	-405.8688	172.3841	1.754741
3120	-241.6108	-414.3002	172.6894	1.535289
3126	-241.3264	-412.9246	171.5982	2.27826
3132	-234.9378	-407.2115	172.2737	1.831298
3138	-236.3353	-408.1606	171.8253	2.131375
3144	-249.4205	-420.7475	171.3271	2.450199
3150	-240.1128	-412.4857	172.3729	1.762562
3156	-245.4263	-418.0223	172.596	1.603858
3162	-254.9098	-426.4659	171.5561	2.305177
3168	-249.5084	-421.1986	171.6902	2.219096
3174	-239.937	-412.4598	172.5228	1.656615
3180	-240.4894	-413.1807	172.6913	1.533921
3186	-243.6915	-416.3622	172.6708	1.549075
3192	-239.1374	-411.449	172.3117	1.805132
3198	-242.873	-415.0126	172.1396	1.922719
3204	-244.3944	-417.1224	172.728	1.506582
3210	-240.5132	-412.8762	172.363	1.769462
3216	-245.9062	-418.0629	172.1567	1.911115
3222	-240.1695	-412.0838	171.9143	2.072958
3228	-232.0412	-404.2865	172.2453	1.85082
3234	-237.8658	-409.6222	171.7564	2.176241
3240	-239.4492	-411.6252	172.176	1.898076
3246	-238.9673	-411.3584	172.3911	1.749853
3252	-244.2799	-416.6322	172.3522	1.77699
3258	-242.6838	-415.2116	172.5278	1.653055
3264	-250.0773	-422.1333	172.056	1.978885
3270	-240.4277	-412.9585	172.5308	1.65093
3276	-242.0644	-414.1573	172.0929	1.954197
3282	-236.6666	-409.4994	172.8329	1.427005
3288	-245.2197	-418.2524	173.0327	1.26804
3294	-234.6492	-406.5377	171.8886	2.089925
3300	-242.522	-414.2197	171.6977	2.214235
3306	-242.8282	-414.6487	171.8205	2.134508
3312	-245.2891	-417.0056	171.7165	2.202084
3318	-243.6831	-416.19	172.5069	1.667994
3324	-241.1135	-413.6205	172.5069	1.667994
3330	-246.4143	-419.1368	172.7225	1.510664
3336	-242.103	-414.0091	171.9061	2.078388
3342	-241.0868	-413.7142	172.6275	1.580916
3348	-232.9415	-405.2112	172.2697	1.834034
3354	-228.4311	-400.7008	172.2697	1.834034
3360	-238.8075	-411.7312	172.9236	1.356154
3366	-237.4249	-410.2401	172.8153	1.440516
3372	-240.2163	-412.8635	172.6472	1.566441
3378	-237.6752	-409.8254	172.1502	1.915569
3384	-240.2866	-412.7291	172.4425	1.71373
3390	-247.3964	-419.8389	172.4425	1.71373
3396	-247.5904	-419.8032	172.2128	1.87304
3402	-230.3868	-402.5243	172.1375	1.92411
3408	-234.939	-406.9059	171.9669	2.038258
3414	-243.6447	-416.3229	172.6782	1.543614
3420	-240.717	-412.7231	172.006	2.012252
3426	-246.0024	-418.1991	172.1967	1.883992
3432	-253.5486	-426.1955	172.647	1.566616
3438	-248.1667	-420.4445	172.2778	1.828469
3444	-249.4729	-420.9212	171.4483	2.373749
3450	-251.9092	-424.4582	172.549	1.637806
3456	-249.0451	-420.883	171.8379	2.12313
3462	-241.695	-414.3618	172.6669	1.551958
3468	-237.7717	-410.4081	172.6364	1.574363
3474	-239.1005	-411.5879	172.4873	1.681943
3480	-238.2697	-410.4767	172.207	1.876959
3486	-239.9673	-411.8569	171.8896	2.089214
3492	-235.5903	-408.1706	172.5803	1.615253
3498	-232.7943	-404.918	172.1237	1.933432
3504	-240.8051	-412.7751	171.9701	2.036131
3510	-243.5631	-416.4742	172.9112	1.365999
3516	-247.5123	-420.3565	172.8442	1.418271
3522	-245.3091	-417.1071	171.7981	2.14913
3528	-251.6971	-423.3213	171.6242	2.26159
3534	-230.3706	-401.9947	171.6242	2.26159
3540	-235.0928	-407.1303	172.0375	1.991312
3546	-240.6428	-413.5526	172.9098	1.367065
3552	-247.8381	-420.2925	172.4544	1.70533
3558	-240.1485	-412.3029	172.1544	1.912677
3564	-266.3089	-437.3478	171.0388	2.629651
3570	-240.8758	-413.1065	172.2307	1.86078
3576	-245.8005	-417.7547	171.9542	2.046653
3582	-241.3201	-412.9998	171.6797	2.225877
3588	-237.1975	-408.3295	171.132	2.571981
3594	-237.5459	-408.7119	171.166	2.550862
3600	-238.7793	-411.1865	172.4072	1.738602
3606	-244.6608	-417.8031	173.1423	1.175228
3612	-253.9008	-426.1217	172.2209	1.867502
3618	-250.6169	-422.8324	172.2156	1.871138
3624	-237.3999	-409.6154	172.2156	1.871138
3630	-240.8372	-412.5409	171.7037	2.210389
3636	-249.247	-421.4331	172.1861	1.891195
3642	-240.0212	-412.4956	172.4745	1.691108
3648	-243.8885	-415.663	171.7745	2.164499
3654	-244.203	-416.7598	172.5568	1.632193
3660	-249.1578	-421.5171	172.3593	1.772075
3666	-246.0792	-418.4385	172.3593	1.772075
3672	-252.6325	-423.6627	171.0301	2.635012
3678	-247.2928	-419.2386	171.9459	2.052156
3684	-239.7531	-411.8854	172.1323	1.92764
3690	-238.5218	-410.7506	172.2288	1.862076
3696	-246.2479	-418.4767	172.2288	1.862076
3702	-235.7477	-408.4726	172.725	1.508834
3708	-240.9831	-412.9667	171.9836	2.027183
3714	-238.1137	-409.4856	171.372	2.421942
3720	-235.2384	-407.4897	172.2514	1.846652
3726	-234.5624	-407.0217	172.4593	1.701866
3732	-239.4	-412.2812	172.8813	1.389479
3738	-241.3124	-412.9074	171.595	2.280289
3744	-229.7466	-402.1065	172.3599	1.771653
3750	-244.2218	-416.3437	172.1219	1.934682
3756	-248.7267	-421.6665	172.9398	1.343295
3762	-246.0713	-418.3301	172.2588	1.841562
3768	-237.0053	-408.9276	171.9222	2.067762
3774	-244.9743	-416.7028	171.7286	2.194276
3780	-243.9795	-415.9257	171.9462	2.051937
3786	-242.4559	-414.5402	172.0844	1.959903
3792	-253.6381	-425.1334	171.4952	2.343935
3798	-245.5773	-417.6497	172.0723	1.967994
3804	-247.8698	-420.175	172.3052	1.809598
3810	-249.0969	-420.4068	171.31	2.460914
3816	-240.7901	-412.9859	172.1958	1.884581
3822	-246.4091	-418.6049	172.1958	1.884581
3828	-245.6744	-418.1362	172.4617	1.700142
3834	-247.7633	-420.4036	172.6403	1.571543
3840	-252.8931	-425.141	172.2479	1.849036
3846	-250.1508	-421.876	171.7252	2.196491
3852	-256.7259	-427.8619	171.1361	2.56946
3858	-250.1114	-421.0099	170.8985	2.715958
3864	-239.3923	-411.4362	172.044	1.986957
3870	-249.2077	-421.6458	172.438	1.71689
3876	-239.0875	-410.9269	171.8394	2.122135
3882	-241.7718	-413.9423	172.1705	1.901792
3888	-240.6755	-412.846	172.1705	1.901792
3894	-242.5052	-414.4189	171.9137	2.073379
3900	-248.1141	-419.899	171.7849	2.157701
3906	-256.4619	-428.9162	172.4543	1.705372
3912	-258.0464	-429.422	171.3756	2.419657
3918	-252.665	-424.6703	172.0054	2.012676
3924	-249.5737	-421.8665	172.2928	1.818149
3930	-248.0492	-420.7659	172.7167	1.515001
3936	-245.1442	-417.1591	172.0149	2.006379
3942	-238.1243	-409.4539	171.3295	2.44865
3948	-231.4415	-403.9361	172.4946	1.676771
3954	-231.3906	-402.455	171.0644	2.613862
3960	-240.4703	-412.6847	172.2144	1.871899
3966	-255.5454	-427.7598	172.2144	1.871899
3972	-235.7857	-407.3066	171.5209	2.327615
3978	-238.9024	-411.1907	172.2883	1.82125
3984	-250.2897	-422.114	171.8243	2.132046
3990	-253.3398	-425.5473	172.2075	1.876626
3996	-249.6416	-421.3455	171.7039	2.210213
4002	-242.7557	-414.1621	171.4064	2.400239
4008	-238.3814	-411.0656	172.6842	1.539162
4014	-236.4853	-409.1695	172.6842	1.539162
4020	-234.0572	-405.9795	171.9223	2.067696
4026	-243.9986	-415.5789	171.5803	2.289703
4032	-236.8633	-409.1768	172.3136	1.803818
4038	-233.9401	-405.7122	171.7721	2.166058
4044	-232.9231	-405.5	172.5769	1.617683
4050	-238.1191	-410.696	172.5769	1.617683
4056	-236.7763	-408.7095	171.9332	2.060513
4062	-239.0284	-410.8676	171.8392	2.122301
4068	-243.8571	-415.2988	171.4417	2.37789
4074	-243.5456	-415.0099	171.4643	2.363558
4080	-241.1628	-413.4408	172.2779	1.828395
4086	-240.4024	-413.0133	172.6108	1.593059
4092	-236.6804	-409.3307	172.6503	1.564161
4098	-233.5692	-406.006	172.4368	1.71777
4104	-237.5592	-410.4861	172.9268	1.353604
4110	-238.8247	-410.9323	172.1075	1.944335
4116	-243.5232	-415.6553	172.1321	1.927745
4122	-237.3027	-409.1269	171.8241	2.132132
4128	-247.8041	-420.5101	172.706	1.522996
4134	-248.9672	-420.6854	171.7183	2.200947
4140	-249.3377	-422.0052	172.6675	1.551483
4146	-249.6469	-421.6523	172.0054	2.012694
4152	-252.2152	-424.9016	172.6864	1.537533
4158	-244.4087	-417.1948	172.7861	1.462765
4164	-247.0965	-418.3694	171.2729	2.484182
4170	-246.7903	-418.7508	171.9605	2.042453
4176	-242.9948	-415.4682	172.4734	1.691841
4182	-245.3217	-417.5089	172.1873	1.890413
4188	-246.9082	-419.0154	172.1072	1.944561
4194	-236.7235	-409.3758	172.6524	1.562651
4200	-233.3926	-405.8663	172.4737	1.691645
4206	-243.4941	-415.8006	172.3065	1.808662
4212	-247.5359	-420.7213	173.1854	1.137223
4218	-243.1164	-415.9894	172.873	1.395956
4224	-237.7712	-410.3517	172.5806	1.615022
4230	-237.8012	-410.2464	172.4452	1.711837
4236	-245.0289	-417.5173	172.4884	1.681168
4242	-248.7012	-421.0187	172.3175	1.801115
4248	-253.1972	-424.4849	171.2877	2.474902
4254	-250.001	-422.5658	172.5648	1.626441
4260	-257.7827	-429.241	171.4583	2.367398
4266	-260.1091	-432.306	172.1969	1.883877
4272	-249.5112	-422.1578	172.6466	1.566879
4278	-254.5698	-426.3954	171.8255	2.131213
4284	-250.6179	-422.0482	171.4303	2.385122
4290	-246.705	-419.0884	172.3834	1.755234
4296	-241.7674	-413.5573	171.7899	2.154456
4302	-244.1453	-416.469	172.3237	1.796817
4308	-249.3237	-420.9488	171.625	2.261044
4314	-242.2227	-414.577	172.3544	1.775505
4320	-245.9685	-417.8115	171.8429	2.119853
4326	-251.1535	-423.7989	172.6454	1.567778
4332	-242.225	-414.7353	172.5103	1.665583
4338	-244.2329	-416.7432	172.5103	1.665583
4344	-249.759	-421.7134	171.9544	2.046492
4350	-246.4623	-419.0173	172.5551	1.633451
4356	-245.4694	-417.7855	172.3161	1.802088
4362	-250.5957	-422.8507	172.255	1.844122
4368	-247.6089	-419.6987	172.0898	1.956273
4374	-250.2354	-422.5742	172.3388	1.78631
4380	-236.6353	-409.4056	172.7703	1.474746
4386	-242.0023	-414.8026	172.8003	1.451912
4392	-240.0076	-412.9245	172.9169	1.361503
4398	-242.8346	-415.9561	173.1215	1.193191
4404	-247.0025	-418.7926	171.7901	2.154332
4410	-243.1369	-414.7604	171.6235	2.262021
4416	-245.3822	-417.9966	172.6143	1.590491
4422	-241.62	-413.995	172.375	1.761094
4428	-242.3078	-414.4882	172.1804	1.89509
4434	-243.4788	-415.1345	171.6557	2.241329
4440	-251.2172	-423.4855	172.2683	1.835029
4446	-244.6294	-416.5542	171.9248	2.066076
4452	-256.4046	-428.1251	171.7206	2.19946
4458	-256.4018	-427.9665	171.5647	2.299675
4464	-252.5378	-425.299	172.7612	1.481625
4470	-245.5066	-417.5016	171.995	2.019562
4476	-249.9721	-421.5695	171.5974	2.278738
4482	-250.4217	-422.7401	172.3183	1.800509
4488	-246.7984	-418.4489	171.6506	2.244637
4494	-251.6636	-424.4568	172.7932	1.457358
4500	-244.6938	-417.6739	172.9801	1.311002
4506	-246.6326	-418.6893	172.0567	1.978473
4512	-245.4362	-417.1898	171.7536	2.178054
4518	-238.7221	-410.8364	172.1144	1.939719
4524	-242.8332	-415.4286	172.5953	1.604339
4530	-246.1106	-418.5878	172.4772	1.689154
4536	-247.0547	-419.5342	172.4795	1.687546
4542	-247.4664	-419.6771	172.2107	1.874441
4548	-245.0415	-416.8381	171.7967	2.150045
4554	-247.1125	-419.5711	172.4587	1.702285
4560	-248.4703	-420.4609	171.9906	2.022492
4566	-243.2836	-414.8421	171.5585	2.303632
4572	-239.4721	-411.0306	171.5585	2.303632
4578	-240.6216	-412.1552	171.5336	2.319521
4584	-237.0854	-409.8504	172.7651	1.47869
4590	-235.2172	-406.9843	171.7671	2.169285
4596	-231.9016	-403.6687	171.7671	2.169285
4602	-234.9345	-407.2092	172.2746	1.830653
4608	-234.2317	-406.795	172.5634	1.62748
4614	-234.2015	-406.6671	172.4656	1.69741
4620	-233.9983	-406.1398	172.1415	1.921451
4626	-237.2392	-409.3807	172.1415	1.921451
4632	-241.8812	-413.8692	171.988	2.024252
4638	-243.6377	-415.5962	171.9584	2.043846
4644	-240.9857	-413.7287	172.743	1.495322
4650	-239.1006	-411.7586	172.658	1.558498
4656	-241.178	-412.4472	171.2692	2.486468
4662	-243.7725	-415.2093	171.4368	2.381023
4668	-237.9478	-410.4545	172.5067	1.668129
4674	-238.4892	-411.2136	172.7244	1.50927
4680	-239.6029	-412.1569	172.554	1.634238
4686	-231.6724	-403.5871	171.9147	2.072751
4692	-243.7336	-415.7443	172.0107	2.009175
4698	-247.7531	-419.7638	172.0107	2.009175
4704	-250.2661	-422.683	172.4169	1.731769
4710	-241.1331	-413.7851	172.652	1.562912
4716	-246.9144	-419.5664	172.652	1.562912
4722	-237.256	-409.908	172.652	1.562912
4728	-239.6086	-411.0744	171.4658	2.362603
4734	-237.8486	-410.6446	172.796	1.455227
4740	-234.0168	-406.3696	172.3528	1.776589
4746	-243.6355	-415.8667	172.2313	1.860398
4752	-244.6703	-416.3836	171.7134	2.204106
4758	-254.4247	-426.703	172.2783	1.828148
4764	-249.7888	-422.3347	172.5459	1.640031
4770	-245.7636	-417.7869	172.0233	2.000749
4776	-248.2501	-420.4751	172.225	1.864671
4782	-248.0997	-420.136	172.0362	1.992116
4788	-257.2905	-430.0275	172.737	1.499802
4794	-253.5139	-426.2495	172.7357	1.500812
4800	-252.6586	-425.464	172.8054	1.448036
4806	-250.9281	-422.5525	171.6244	2.261428
4812	-248.381	-420.0054	171.6244	2.261428
4818	-251.0787	-422.414	171.3353	2.444992
4824	-246.2436	-418.2853	172.0418	1.988429
4830	-244.8605	-417.2917	172.4312	1.721676
4836	-250.2933	-421.6435	171.3502	2.435673
4842	-241.3814	-413.7027	172.3213	1.798488
4848	-242.8181	-415.3672	172.5491	1.637775
4854	-243.9405	-416.229	172.2885	1.821135
4860	-245.5422	-417.9337	172.3916	1.749543
4866	-239.0966	-410.3595	171.263	2.49038
4872	-252.2622	-423.5252	171.263	2.49038
4878	-242.6734	-414.9651	172.2918	1.818875
4884	-246.3847	-417.2481	170.8634	2.737459
4890	-253.4991	-424.8098	171.3107	2.460491
4896	-249.616	-421.0184	171.4024	2.402758
4902	-244.2017	-415.72	171.5183	2.329262
4908	-255.3835	-426.194	170.8105	2.769791
4914	-247.8738	-419.2831	171.4093	2.398386
4920	-242.2905	-413.4087	171.1182	2.580517
4926	-240.9676	-413.4405	172.473	1.69217
4932	-240.9882	-413.4612	172.473	1.69217
4938	-241.5744	-412.5811	171.0067	2.649471
4944	-245.6327	-417.5511	171.9183	2.07034
4950	-240.5122	-412.808	172.2958	1.816086
4956	-245.3032	-417.41	172.1067	1.944877
4962	-238.4098	-411.1558	172.746	1.493029
4968	-235.9255	-407.7857	171.8602	2.108545
4974	-234.848	-407.1222	172.2742	1.830985
4980	-233.6091	-406.3363	172.7273	1.507101
4986	-240.8591	-413.1033	172.2441	1.851611
4992	-240.163	-411.6937	171.5308	2.32133
4998	-240.8592	-412.39	171.5308	2.32133
5004	-240.0555	-411.6592	171.6037	2.274729
5010	-231.7724	-404.0755	172.3031	1.811059
5016	-238.3678	-410.9304	172.5625	1.628074
5022	-229.2345	-402.0363	172.8018	1.450762
5028	-236.6493	-407.8262	171.1769	2.544099
5034	-243.7248	-415.1994	171.4746	2.357065
5040	-242.9539	-414.6595	171.7056	2.209161
5046	-251.7196	-424.3983	172.6787	1.543244
5052	-247.9248	-420.1429	172.2181	1.869424
5058	-249.4043	-421.6223	172.2181	1.869424
5064	-246.7783	-418.5566	171.7783	2.161988
5070	-250.6453	-422.5468	171.9015	2.081403
5076	-239.9064	-412.2903	172.3839	1.754925
5082	-240.0845	-412.3878	172.3033	1.810902
5088	-243.7325	-416.6663	172.9339	1.348043
5094	-252.4853	-424.1724	171.6871	2.221082
5100	-246.0732	-418.4651	172.3918	1.74934
5106	-242.7412	-414.3152	171.574	2.293726
5112	-235.1736	-406.7476	171.574	2.293726
5118	-248.405	-421.1445	172.7395	1.49791
5124	-250.0641	-422.6036	172.5395	1.644681
5130	-240.2088	-412.7591	172.5503	1.636886
5136	-237.3413	-409.6267	172.2853	1.823306
5142	-243.0739	-415.7798	172.7059	1.523029
5148	-241.5713	-413.9688	172.3975	1.74541
5154	-249.5655	-420.6591	171.0936	2.595776
5160	-240.6619	-412.3471	171.6852	2.222298
5166	-248.034	-420.2347	172.2007	1.881257
5172	-240.3586	-412.0026	171.6441	2.248805
5178	-243.2479	-415.8863	172.6384	1.572924
5184	-241.9782	-414.2584	172.2802	1.826865
5190	-237.9123	-410.0078	172.0955	1.952442
5196	-235.5942	-407.726	172.1318	1.928005
5202	-248.677	-421.7951	173.1182	1.196084
5208	-238.8391	-411.706	172.8669	1.400665
5214	-237.7336	-409.7602	172.0266	1.998562
5220	-252.242	-424.7694	172.5273	1.653376
5226	-247.3717	-419.0055	171.6338	2.255413
5232	-252.3226	-424.576	172.2534	1.845262
5238	-244.3193	-416.8535	172.5343	1.648409
5244	-243.9401	-415.7441	171.804	2.145283
5250	-245.9892	-417.7932	171.804	2.145283
5256	-250.9577	-422.7617	171.804	2.145283
5262	-253.8673	-425.6201	171.7529	2.178541
5268	-246.7271	-418.7479	172.0208	2.002426
5274	-245.3812	-417.8984	172.5172	1.66064
5280	-246.3319	-418.7142	172.3823	1.756043
5286	-245.141	-417.5514	172.4104	1.736337
5292	-243.4106	-415.5854	172.1749	1.898824
5298	-242.3916	-413.2035	170.812	2.76888
5304	-236.3412	-408.1614	171.8202	2.134698
5310	-242.9331	-415.1285	172.1954	1.884894
5316	-242.5125	-414.7716	172.2591	1.841351
5322	-241.5832	-413.6355	172.0523	1.981365
5328	-250.7564	-422.6751	171.9188	2.070041
5334	-243.3116	-414.7014	171.3897	2.410739
5340	-237.4427	-409.6699	172.2271	1.86323
5346	-236.6362	-408.8633	172.2271	1.86323
5352	-236.7144	-408.952	172.2377	1.856012
5358	-244.3981	-416.7062	172.3081	1.807563
5364	-238.1515	-410.2423	172.0908	1.955617
5370	-236.025	-408.395	172.37	1.7646
5376	-247.2733	-419.9913	172.718	1.51402
5382	-254.1106	-426.061	171.9505	2.049114
5388	-239.1271	-411.2296	172.1025	1.947716
5394	-238.0094	-409.9653	171.9559	2.045543
5400	-237.8516	-409.476	171.6244	2.261461
5406	-243.1316	-415.7324	172.6008	1.600333
5412	-239.5096	-412.3009	172.7913	1.458795
5418	-237.582	-409.7612	172.1792	1.895895
5424	-242.2511	-413.5639	171.3128	2.45914
5430	-242.0737	-414.4806	172.4069	1.73879
5436	-240.9882	-413.2448	172.2565	1.843108
5442	-241.8304	-413.2667	171.4362	2.381363
5448	-234.5087	-406.5517	172.0431	1.987571
5454	-237.3034	-409.5245	172.2211	1.867356
5460	-255.7427	-427.7679	172.0252	1.999508
5466	-246.5342	-418.774	172.2398	1.854577
5472	-244.7088	-416.5711	171.8623	2.107172
5478	-250.2416	-422.5873	172.3457	1.781534
5484	-246.9024	-419.4248	172.5223	1.65697
5490	-249.3813	-420.9298	171.5486	2.309977
5496	-245.7257	-418.3104	172.5847	1.612042
5502	-243.3835	-416.2627	172.8792	1.391095
5508	-240.9072	-412.5112	171.604	2.274536
5514	-242.9346	-415.266	172.3314	1.791452
5520	-242.5967	-415.2844	172.6876	1.536605
5526	-244.21	-416.1521	171.9421	2.054653
5532	-237.7152	-409.1573	171.4421	2.377644
5538	-240.0069	-412.2425	172.2356	1.857469
5544	-242.0061	-414.7931	172.787	1.462063
5550	-236.204	-407.3661	171.1621	2.553265
5556	-232.9816	-405.2019	172.2203	1.86791
5562	-241.3229	-413.6477	172.3248	1.796014
5568	-241.6567	-414.0309	172.3743	1.76163
5574	-240.7616	-413.6542	172.8925	1.380671
5580	-233.0765	-405.6722	172.5957	1.604072
5586	-237.9155	-409.3771	171.4616	2.365264
5592	-241.0378	-413.0392	172.0014	2.015318
5598	-240.2059	-412.8082	172.6023	1.599295
5604	-239.7547	-412.0184	172.2637	1.838155
5610	-235.2036	-406.9882	171.7846	2.157904
5616	-242.617	-415.0412	172.4242	1.726609
