Iteration	Posterior	Likelihood	Prior	tree_length
0	-591.9787	-760.2776	168.2988	4.238313
6	-611.5338	-780.6085	169.0747	3.795164
12	-615.0598	-782.5345	167.4747	4.702329
18	-615.1611	-783.3425	168.1814	4.304813
24	-610.6755	-778.7152	168.0397	4.384868
30	-604.8184	-772.5078	167.6895	4.581977
36	-608.8958	-777.6818	168.786	3.960876
42	-605.9067	-773.7199	167.8132	4.512438
48	-606.7902	-774.6035	167.8132	4.512438
54	-611.3283	-778.8649	167.5367	4.66764
60	-619.1551	-786.5102	167.3551	4.769172
66	-608.2477	-776.3947	168.147	4.324282
72	-611.4288	-779.5149	168.0862	4.358625
78	-610.0191	-779.2301	169.2111	3.716495
84	-604.5226	-771.2583	166.7357	5.113748
90	-614.9026	-783.0382	168.1356	4.330683
96	-615.0611	-783.2673	168.2063	4.290742
102	-603.7648	-770.5049	166.7401	5.111328
108	-611.3003	-779.4105	168.1102	4.345036
114	-609.7046	-778.3593	168.6546	4.035956
120	-606.8372	-774.6708	167.8335	4.50102
126	-613.0979	-780.9376	167.8397	4.497551
132	-614.0141	-782.6415	168.6273	4.05152
138	-630.7516	-798.0983	167.3467	4.773852
144	-605.2041	-772.6655	167.4614	4.709734
150	-598.9634	-766.0738	167.1104	4.905649
156	-605.4408	-772.4584	167.0176	4.95729
162	-610.7727	-777.7623	166.9895	4.972889
168	-600.666	-768.8743	168.2083	4.289565
174	-613.0741	-780.495	167.4209	4.732402
180	-609.6095	-776.908	167.2985	4.800761
186	-602.4228	-769.365	166.9422	4.9992
192	-610.812	-778.3999	167.5879	4.638935
198	-609.6593	-776.6896	167.0303	4.950212
204	-610.4122	-779.206	168.7938	3.95642
210	-595.7041	-764.2474	168.5433	4.099417
216	-599.2579	-766.7125	167.4547	4.713533
222	-601.8388	-770.2537	168.4148	4.17249
228	-617.4593	-785.8741	168.4148	4.17249
234	-605.2515	-772.3739	167.1224	4.898944
240	-603.7933	-770.9157	167.1224	4.898944
246	-597.8107	-765.1729	167.3622	4.765236
252	-615.0008	-783.0513	168.0505	4.37876
258	-608.5914	-776.0967	167.5053	4.685201
264	-612.8786	-778.9092	166.0306	5.50297
270	-611.4009	-779.0871	167.6861	4.583849
276	-611.8752	-779.5613	167.6861	4.583849
282	-604.3684	-772.6493	168.2809	4.248479
288	-606.0414	-773.0347	166.9932	4.970825
294	-599.8352	-767.1065	167.2713	4.815956
300	-607.7885	-775.3032	167.5147	4.679909
306	-599.639	-767.248	167.609	4.627114
312	-610.8414	-778.6313	167.7899	4.525553
318	-605.1622	-772.9645	167.8023	4.518618
324	-612.6136	-780.4988	167.8853	4.471925
330	-617.7023	-785.2692	167.567	4.650672
336	-611.1931	-778.7601	167.567	4.650672
342	-609.3372	-777.6899	168.3527	4.207783
348	-610.1415	-778.277	168.1356	4.330726
354	-624.9588	-792.1505	167.1916	4.860376
360	-612.5683	-780.9437	168.3754	4.194871
366	-596.3396	-763.958	167.6184	4.621811
372	-603.4905	-771.2658	167.7754	4.533737
378	-609.6572	-777.3095	167.6522	4.602857
384	-610.0255	-777.0717	167.0462	4.941376
390	-606.8318	-774.7307	167.8989	4.464246
396	-595.6289	-764.193	168.5642	4.087526
402	-600.0872	-768.1889	168.1018	4.349829
408	-588.1186	-755.717	167.5984	4.633035
414	-599.6373	-769.2176	169.5803	3.502196
420	-594.7878	-763.0463	168.2585	4.261185
426	-607.1189	-775.508	168.3892	4.187043
432	-610.3995	-779.7028	169.3033	3.663173
438	-624.6333	-791.6551	167.0218	4.95493
444	-622.1367	-789.3589	167.2222	4.843354
450	-618.9273	-787.5534	168.6262	4.052195
456	-615.2455	-783.7032	168.4577	4.148108
462	-613.9876	-781.8322	167.8446	4.4948
468	-622.9896	-791.2128	168.2232	4.281159
474	-610.3144	-778.907	168.5925	4.071363
480	-607.9748	-776.7076	168.7328	3.991315
486	-610.0137	-778.4777	168.464	4.144536
492	-604.35	-772.814	168.464	4.144536
498	-613.3101	-781.1054	167.7954	4.522484
504	-601.5138	-769.3092	167.7954	4.522484
510	-615.2133	-783.7935	168.5803	4.078362
516	-607.4187	-775.4228	168.0042	4.404919
522	-609.0933	-776.9525	167.8592	4.486571
528	-602.6806	-770.8318	168.1512	4.32188
534	-605.2271	-771.8561	166.629	5.172859
540	-606.4526	-774.4963	168.0437	4.382612
546	-607.9927	-776.4534	168.4608	4.14638
552	-603.349	-772.175	168.826	3.937972
558	-599.3213	-766.4978	167.1765	4.868807
564	-606.5004	-773.761	167.2606	4.821947
570	-604.5838	-771.9528	167.3689	4.76145
576	-596.8662	-764.5865	167.7203	4.564665
582	-600.9295	-768.8151	167.8856	4.471714
588	-605.327	-774.1803	168.8534	3.922301
594	-599.4552	-766.5542	167.099	4.911999
600	-607.1002	-775.1449	168.0448	4.382016
606	-597.9988	-764.9907	166.9919	4.971534
612	-605.9088	-773.2759	167.3671	4.762488
618	-607.7057	-776.5349	168.8292	3.936126
624	-611.65	-779.4324	167.7824	4.529772
630	-607.1755	-775.3793	168.2038	4.292118
636	-607.2252	-775.429	168.2038	4.292118
642	-600.6749	-768.6876	168.0127	4.400124
648	-616.1347	-783.8802	167.7455	4.550486
654	-601.3704	-769.81	168.4396	4.158389
660	-608.8406	-776.354	167.5134	4.680638
666	-609.9015	-777.4149	167.5134	4.680638
672	-620.7199	-788.5234	167.8035	4.517925
678	-613.1388	-780.6871	167.5483	4.66112
684	-604.3945	-773.4937	169.0993	3.781005
690	-622.1937	-789.3048	167.1111	4.905256
696	-613.8626	-780.9737	167.1111	4.905256
702	-622.3662	-790.1894	167.8231	4.506868
708	-613.8646	-782.0197	168.1552	4.319639
714	-597.2037	-765.3589	168.1552	4.319639
720	-608.8193	-777.391	168.5717	4.083234
726	-596.7995	-764.6277	167.8282	4.504033
732	-613.0701	-780.9474	167.8774	4.47637
738	-617.8245	-785.4734	167.649	4.604705
744	-613.6084	-781.4099	167.8015	4.519055
750	-623.9367	-791.8975	167.9608	4.429347
756	-610.5243	-777.9265	167.4022	4.74285
762	-613.376	-781.2576	167.8816	4.473972
768	-601.6782	-769.903	168.2248	4.280241
774	-615.2971	-782.5462	167.2491	4.828336
780	-611.7158	-779.156	167.4402	4.721591
786	-604.7105	-773.5818	168.8713	3.911991
792	-608.433	-776.7463	168.3132	4.230144
798	-602.1414	-769.4692	167.3278	4.784443
804	-601.9548	-770.4163	168.4615	4.145985
810	-615.8145	-781.5026	165.6881	5.691012
816	-616.3522	-784.8869	168.5346	4.104342
822	-602.4697	-770.0766	167.6069	4.628264
828	-607.5173	-774.5004	166.9831	4.976428
834	-595.26	-762.1899	166.9299	5.006017
840	-598.5482	-766.1807	167.6325	4.613916
846	-603.0744	-770.2658	167.1913	4.860547
852	-609.9063	-777.0976	167.1913	4.860547
858	-606.5983	-773.7828	167.1845	4.864378
864	-608.357	-776.4193	168.0623	4.372142
870	-610.2663	-778.4717	168.2054	4.291252
876	-611.5077	-779.3957	167.888	4.470399
882	-620.3384	-787.1907	166.8524	5.049068
888	-603.7687	-771.5831	167.8144	4.511816
894	-614.5777	-782.2592	167.6814	4.586475
900	-612.3636	-781.3805	169.0169	3.828407
906	-625.4743	-794.3241	168.8499	3.924308
912	-602.4138	-771.0365	168.6227	4.054187
918	-608.5971	-776.9354	168.3383	4.215904
924	-598.1043	-766.7125	168.6083	4.062402
930	-603.5249	-771.6867	168.1618	4.315915
936	-606.0282	-773.6173	167.5891	4.63824
942	-607.3601	-774.9279	167.5678	4.650186
948	-602.1235	-769.6913	167.5678	4.650186
954	-606.8696	-774.9866	168.117	4.341232
960	-609.385	-777.7489	168.3639	4.201388
966	-624.2878	-791.2771	166.9893	4.973003
972	-637.0526	-803.9275	166.8749	5.036557
978	-612.2917	-779.1837	166.892	5.027065
984	-607.889	-775.2383	167.3493	4.772424
990	-607.5151	-776.1156	168.6005	4.066827
996	-598.7176	-766.132	167.4143	4.736093
1002	-614.6616	-781.9898	167.3282	4.784196
1008	-613.5479	-780.8761	167.3282	4.784196
1014	-610.8513	-777.6064	166.755	5.103043
1020	-607.0338	-774.0279	166.9941	4.970325
1026	-605.8056	-773.5568	167.7512	4.547311
1032	-613.0128	-781.1526	168.1398	4.328325
1038	-611.4047	-779.5528	168.1481	4.32364
1044	-600.1425	-767.8655	167.723	4.563165
1050	-598.2036	-765.5582	167.3546	4.76947
1056	-615.7926	-782.8076	167.015	4.958713
1062	-603.2427	-771.7153	168.4725	4.139677
1068	-612.1385	-780.6111	168.4725	4.139677
1074	-613.3326	-781.8051	168.4725	4.139677
1080	-605.2085	-772.8444	167.6359	4.612033
1086	-594.6733	-762.1014	167.4281	4.728405
1092	-612.0383	-780.0301	167.9918	4.411897
1098	-609.6727	-776.988	167.3153	4.791407
1104	-620.6071	-788.3721	167.765	4.539532
1110	-615.8111	-783.5761	167.765	4.539532
1116	-604.7422	-772.5072	167.765	4.539532
1122	-608.6486	-776.4137	167.765	4.539532
1128	-625.2846	-791.1623	165.8777	5.587009
1134	-621.2809	-789.2525	167.9716	4.423289
1140	-617.665	-785.0285	167.3635	4.764494
1146	-616.7102	-784.2596	167.5495	4.66047
1152	-616.8799	-785.459	168.5791	4.079015
1158	-607.5431	-775.816	168.2729	4.252997
1164	-607.9471	-776.2064	168.2592	4.260742
1170	-620.172	-788.0685	167.8965	4.465604
1176	-607.5406	-776.1352	168.5946	4.070194
1182	-610.5918	-778.4891	167.8973	4.465136
1188	-608.8753	-777.7716	168.8963	3.897682
1194	-604.8556	-772.6047	167.7491	4.548475
1200	-616.1217	-783.5714	167.4498	4.716272
1206	-610.7789	-779.3452	168.5663	4.086295
1212	-603.6369	-771.9952	168.3584	4.204538
1218	-619.4056	-786.9266	167.5211	4.676362
1224	-607.1994	-775.1971	167.9977	4.408561
1230	-602.6663	-770.5977	167.9314	4.445924
1236	-620.3456	-787.2767	166.9312	5.005301
1242	-608.7105	-776.4236	167.7131	4.568711
1248	-597.978	-766.1843	168.2063	4.290708
1254	-616.2844	-784.1089	167.8245	4.506119
1260	-615.0961	-783.2142	168.1181	4.340592
1266	-609.6878	-778.219	168.5312	4.106295
1272	-617.776	-785.4919	167.7159	4.567133
1278	-615.7583	-784.8158	169.0575	3.805074
1284	-616.4883	-784.2617	167.7733	4.534873
1290	-623.7446	-790.8642	167.1196	4.900532
1296	-621.0125	-789.1857	168.1733	4.309412
1302	-613.3082	-782.1525	168.8443	3.927509
1308	-620.6596	-788.4331	167.7735	4.534771
1314	-614.313	-781.5361	167.223	4.842876
1320	-609.2653	-777.7193	168.454	4.150244
1326	-610.1454	-778.636	168.4906	4.129414
1332	-614.6018	-781.96	167.3582	4.767424
1338	-628.1662	-796.0853	167.9191	4.45285
1344	-605.2411	-772.9965	167.7554	4.544951
1350	-614.3219	-782.0773	167.7554	4.544951
1356	-616.1717	-783.5564	167.3847	4.752638
1362	-605.9834	-773.7567	167.7734	4.534851
1368	-603.4701	-771.8185	168.3484	4.210191
1374	-602.648	-770.2118	167.5638	4.652456
1380	-617.1169	-784.8637	167.7468	4.5498
1386	-601.5465	-769.2932	167.7468	4.5498
1392	-589.5521	-756.9367	167.3846	4.752723
1398	-601.7308	-768.4989	166.7681	5.095812
1404	-608.4372	-776.297	167.8597	4.48628
1410	-607.4812	-775.0959	167.6147	4.623934
1416	-610.7817	-778.0067	167.225	4.841775
1422	-604.6177	-771.6771	167.0594	4.93402
1428	-620.6631	-788.0107	167.3476	4.773363
1434	-610.2744	-776.9261	166.6517	5.160274
1440	-610.6866	-777.7579	167.0713	4.927424
1446	-609.9521	-777.0301	167.078	4.923656
1452	-620.2228	-788.4464	168.2236	4.280944
1458	-624.1756	-791.04	166.8644	5.042375
1464	-628.0505	-794.9149	166.8644	5.042375
1470	-625.6883	-793.1973	167.5089	4.683162
1476	-610.1819	-778.2994	168.1175	4.340936
1482	-612.7737	-780.8912	168.1175	4.340936
1488	-613.5394	-781.4517	167.9123	4.456707
1494	-618.7279	-786.6068	167.8789	4.47548
1500	-607.3225	-773.8541	166.5316	5.226746
1506	-600.1445	-768.3291	168.1847	4.302953
1512	-612.1719	-779.2511	167.0792	4.922994
1518	-602.2804	-769.8699	167.5895	4.63803
1524	-604.8114	-773.6532	168.8418	3.928945
1530	-608.2062	-776.8315	168.6253	4.052678
1536	-601.25	-769.4653	168.2153	4.285646
1542	-603.6729	-770.6331	166.9602	4.989165
1548	-610.871	-778.6691	167.7981	4.520945
1554	-606.186	-774.4817	168.2957	4.240095
1560	-605.5782	-772.9612	167.383	4.753616
1566	-601.4507	-770.4898	169.0391	3.815618
1572	-598.8805	-766.8658	167.9854	4.415522
1578	-611.3286	-779.1022	167.7736	4.534704
1584	-609.2435	-777.0171	167.7736	4.534704
1590	-607.0387	-774.5426	167.5039	4.68598
1596	-606.7547	-774.991	168.2364	4.273693
1602	-601.4433	-769.5987	168.1553	4.319546
1608	-606.1798	-774.6985	168.5187	4.113429
1614	-611.9453	-779.6796	167.7343	4.556823
1620	-604.0702	-771.0358	166.9656	4.986183
1626	-609.407	-777.507	168.1	4.350813
1632	-619.8226	-788.1755	168.3529	4.207642
1638	-609.6448	-777.3215	167.6767	4.589118
1644	-610.5997	-777.9922	167.3925	4.748302
1650	-612.7401	-780.3858	167.6457	4.606523
1656	-621.9733	-791.1427	169.1693	3.740595
1662	-601.8866	-769.7762	167.8896	4.469479
1668	-609.1431	-777.0327	167.8896	4.469479
1674	-610.6496	-779.3469	168.6973	4.011571
1680	-606.2822	-774.7195	168.4373	4.159694
1686	-603.4293	-771.0715	167.6423	4.608462
1692	-622.3732	-791.3095	168.9363	3.874738
1698	-609.779	-777.237	167.458	4.711658
1704	-614.7216	-782.972	168.2504	4.265738
1710	-622.4599	-790.2076	167.7476	4.54931
1716	-618.027	-786.8564	168.8294	3.936027
1722	-602.883	-770.6117	167.7287	4.55997
1728	-604.5911	-772.3198	167.7287	4.55997
1734	-606.0481	-774.0455	167.9974	4.408761
1740	-611.0891	-777.7753	166.6862	5.141201
1746	-609.293	-776.3368	167.0439	4.942652
1752	-606.4932	-774.1373	167.6442	4.607387
1758	-612.2354	-779.3933	167.1579	4.879173
1764	-609.5722	-777.9991	168.4269	4.165635
1770	-614.2604	-781.2084	166.948	4.995931
1776	-614.9973	-783.3354	168.3381	4.216018
1782	-610.3333	-778.0097	167.6764	4.589315
1788	-622.7135	-788.7011	165.9876	5.526642
1794	-637.5249	-804.1798	166.6549	5.158504
1800	-622.3923	-789.0944	166.7021	5.13239
1806	-622.8444	-790.8728	168.0284	4.391275
1812	-613.5822	-780.7508	167.1685	4.873253
1818	-605.4361	-773.1774	167.7414	4.552839
1824	-610.5792	-778.9996	168.4204	4.169318
1830	-609.4363	-777.3198	167.8835	4.472916
1836	-613.6596	-781.1836	167.5239	4.674757
1842	-603.3131	-770.837	167.5239	4.674757
1848	-618.2293	-785.4199	167.1906	4.860965
1854	-615.8212	-782.7814	166.9602	4.989186
1860	-611.6575	-779.536	167.8785	4.475745
1866	-608.3554	-776.1548	167.7994	4.520248
1872	-596.2506	-763.637	167.3863	4.751743
1878	-602.8083	-770.9564	168.1481	4.323647
1884	-599.8306	-767.1028	167.2722	4.815464
1890	-617.9721	-785.4407	167.4686	4.705741
1896	-611.7347	-780.0148	168.28	4.24896
1902	-609.6319	-776.3294	166.6975	5.134937
1908	-607.849	-775.4994	167.6504	4.603913
1914	-603.1708	-770.8212	167.6504	4.603913
1920	-599	-767.3174	168.3175	4.227739
1926	-609.349	-776.7903	167.4413	4.721014
1932	-611.767	-777.4504	165.6834	5.693613
1938	-610.1519	-777.5905	167.4387	4.722468
1944	-602.183	-770.578	168.395	4.183752
1950	-596.3591	-765.1558	168.7967	3.954748
1956	-618.6539	-785.7432	167.0892	4.917407
1962	-603.0546	-771.2587	168.204	4.291994
1968	-603.1302	-771.4446	168.3144	4.229507
1974	-611.795	-780.1093	168.3144	4.229507
1980	-611.5869	-779.2716	167.6847	4.584644
1986	-608.9383	-777.0497	168.1115	4.344355
1992	-613.9502	-780.8338	166.8836	5.03172
1998	-609.6669	-777.3384	167.6715	4.592044
2004	-604.8022	-772.6063	167.8041	4.517592
2010	-613.447	-781.9741	168.5272	4.108597
2016	-616.694	-784.2929	167.5989	4.632746
2022	-616.8183	-783.9227	167.1045	4.908933
2028	-620.0247	-786.4955	166.4707	5.260374
2034	-613.3551	-780.9382	167.5831	4.641599
2040	-612.4987	-779.203	166.7044	5.131117
2046	-598.8021	-767.2449	168.4428	4.156604
2052	-602.8069	-771.0133	168.2064	4.290674
2058	-600.4346	-768.2516	167.817	4.510325
2064	-604.4115	-774.0721	169.6606	3.4553
2070	-613.9048	-783.1925	169.2876	3.672218
2076	-588.2402	-756.6975	168.4572	4.148385
2082	-592.6294	-759.989	167.3597	4.766632
2088	-617.9378	-785.2162	167.2784	4.811976
2094	-607.0498	-774.5408	167.4909	4.693235
2100	-622.7213	-790.574	167.8527	4.490254
2106	-608.8543	-775.9174	167.0631	4.931964
2112	-619.871	-787.6359	167.7649	4.539601
2118	-612.6209	-780.6197	167.9988	4.407953
2124	-615.3339	-784.0871	168.7532	3.979643
2130	-607.09	-774.8749	167.785	4.52834
2136	-612.995	-780.7799	167.785	4.52834
2142	-590.9603	-758.3678	167.4075	4.739893
2148	-605.9632	-773.4106	167.4474	4.717591
2154	-595.0654	-763.1978	168.1324	4.332522
2160	-613.477	-781.126	167.6489	4.604726
2166	-602.5943	-770.2432	167.6489	4.604726
2172	-611.2376	-778.058	166.8204	5.066799
2178	-601.9775	-769.9781	168.0006	4.406906
2184	-607.2079	-774.4805	167.2726	4.815212
2190	-597.5964	-764.8628	167.2664	4.81868
2196	-588.3103	-755.109	166.7986	5.078864
2202	-591.3824	-759.6369	168.2545	4.263455
2208	-592.0338	-759.8515	167.8178	4.509899
2214	-608.5942	-775.5697	166.9755	4.980678
2220	-615.1555	-782.8595	167.7041	4.573786
2226	-599.1852	-766.1609	166.9758	4.980517
2232	-608.4282	-777.2824	168.8542	3.921791
2238	-609.8287	-777.4868	167.6581	4.599586
2244	-593.7648	-761.8235	168.0588	4.374112
2250	-588.6434	-756.6366	167.9933	4.411071
2256	-608.3269	-776.4313	168.1043	4.34838
2262	-603.6878	-771.7975	168.1097	4.345339
2268	-610.9573	-779.9353	168.978	3.850804
2274	-597.1956	-765.9168	168.7212	3.99795
2280	-598.8514	-767.3592	168.5079	4.119591
2286	-601.4477	-770.306	168.8583	3.919443
2292	-616.8136	-785.6237	168.8101	3.947108
2298	-607.8945	-775.6625	167.768	4.537866
2304	-608.7659	-776.6419	167.8759	4.477173
2310	-619.0746	-788.3619	169.2873	3.672409
2316	-606.3667	-774.8641	168.4973	4.125572
2322	-607.0819	-775.1211	168.0392	4.385135
2328	-608.8235	-777.0103	168.1869	4.301715
2334	-599.8461	-768.033	168.1869	4.301715
2340	-595.2007	-763.1748	167.9741	4.421873
2346	-609.046	-775.7028	166.6568	5.157491
2352	-601.2714	-767.9282	166.6568	5.157491
2358	-601.2682	-768.6137	167.3455	4.774525
2364	-598.938	-766.931	167.9931	4.411169
2370	-614.7111	-781.3766	166.6655	5.152641
2376	-612.934	-780.5171	167.5831	4.641623
2382	-610.0181	-776.9996	166.9815	4.977354
2388	-599.9702	-766.9918	167.0216	4.955052
2394	-603.2084	-770.0701	166.8617	5.043907
2400	-604.8372	-773.0989	168.2617	4.259378
2406	-604.8993	-772.4115	167.5122	4.681343
2412	-613.4872	-781.725	168.2378	4.2729
2418	-610.4781	-777.9119	167.4338	4.7252
2424	-611.6311	-778.0129	166.3818	5.309466
2430	-619.2173	-786.5921	167.3748	4.758149
2436	-618.9255	-785.5576	166.632	5.171178
2442	-618.1875	-785.0962	166.9087	5.017786
2448	-614.7269	-783.1878	168.4609	4.146279
2454	-615.0514	-783.5123	168.4609	4.146279
2460	-618.0777	-785.3494	167.2717	4.815753
2466	-615.2645	-782.5362	167.2717	4.815753
2472	-617.4434	-784.6305	167.1872	4.86288
2478	-614.9785	-783.9524	168.9739	3.853122
2484	-604.0368	-772.7297	168.693	4.014049
2490	-615.4822	-783.7759	168.2937	4.241232
2496	-606.9022	-773.6127	166.7105	5.127738
2502	-611.4721	-779.3359	167.8638	4.483985
2508	-615.7094	-782.91	167.2005	4.85543
2514	-605.2473	-772.8995	167.6523	4.602845
2520	-612.204	-779.8563	167.6523	4.602845
2526	-621.5483	-789.2924	167.7441	4.551305
2532	-609.3625	-777.5663	168.2038	4.292109
2538	-605.4349	-773.6388	168.2038	4.292109
2544	-607.4034	-775.3763	167.973	4.422511
2550	-595.8907	-763.3548	167.4641	4.708255
2556	-593.9291	-761.5253	167.5962	4.634301
2562	-610.6556	-778.4162	167.7605	4.542061
2568	-600.5222	-767.9665	167.4443	4.71934
2574	-606.146	-773.8161	167.6702	4.592793
2580	-608.904	-776.5234	167.6194	4.621294
2586	-615.8138	-783.1309	167.3171	4.790382
2592	-609.5557	-777.9478	168.3921	4.185402
2598	-610.8343	-778.3211	167.4869	4.695517
2604	-619.8426	-786.8463	167.0037	4.965004
2610	-617.5945	-785.2756	167.6812	4.58664
2616	-620.4665	-787.7477	167.2812	4.810429
2622	-621.2723	-788.5209	167.2486	4.828621
2628	-608.2491	-776.3477	168.0986	4.351608
2634	-597.9468	-765.0908	167.144	4.886897
2640	-613.7504	-782.5297	168.7793	3.964703
2646	-605.641	-774.316	168.675	4.024315
2652	-606.0083	-773.4316	167.4233	4.731039
2658	-610.8873	-777.1151	166.2278	5.394443
2664	-606.5214	-774.1949	167.6735	4.590941
2670	-612.6155	-780.7447	168.1292	4.334301
2676	-615.0628	-781.8136	166.7508	5.105387
2682	-608.3258	-775.147	166.8212	5.066348
2688	-607.2714	-773.8868	166.6155	5.180341
2694	-605.5759	-773.0167	167.4408	4.721258
2700	-608.5172	-775.6457	167.1285	4.895565
2706	-609.5416	-777.576	168.0344	4.387863
2712	-624.2915	-792.0966	167.8051	4.517003
2718	-609.7939	-777.74	167.9461	4.43763
2724	-607.9386	-776.1328	168.1942	4.29759
2730	-621.6557	-790.4303	168.7747	3.967358
2736	-608.0704	-775.7416	167.6712	4.59223
2742	-624.4514	-792.4207	167.9692	4.424611
2748	-608.6699	-776.536	167.8661	4.482709
2754	-605.7772	-774.9513	169.1741	3.737835
2760	-605.7862	-773.6625	167.8763	4.476968
2766	-603.9404	-772.7462	168.8058	3.949542
2772	-600.7703	-769.1941	168.4238	4.167396
2778	-605.8355	-773.1724	167.3368	4.779388
2784	-602.7986	-770.8112	168.0125	4.400201
2790	-598.3799	-766.938	168.5581	4.090967
2796	-605.9138	-773.9753	168.0615	4.372565
2802	-606.2112	-773.2663	167.0551	4.936409
2808	-619.6607	-786.5334	166.8727	5.037773
2814	-610.1132	-777.7733	167.6602	4.598423
2820	-614.2646	-781.4543	167.1896	4.861498
2826	-600.8459	-768.6157	167.7699	4.536825
2832	-610.6712	-779.1527	168.4814	4.134615
2838	-600.3557	-768.8372	168.4814	4.134615
2844	-607.1046	-775.1967	168.0922	4.355257
2850	-604.1822	-772.224	168.0418	4.383696
2856	-614.3963	-783.3531	168.9567	3.862994
2862	-607.6321	-775.8226	168.1905	4.29965
2868	-609.5658	-776.8679	167.3021	4.798759
2874	-620.1991	-787.2175	167.0184	4.956823
2880	-600.9962	-769.6767	168.6806	4.021146
2886	-618.3315	-785.0645	166.7329	5.115291
2892	-619.2223	-785.8053	166.583	5.198297
2898	-604.7592	-772.5394	167.7802	4.531009
2904	-604.0118	-771.3892	167.3774	4.756701
2910	-622.4566	-790.6463	168.1897	4.300102
2916	-619.6367	-787.3507	167.714	4.56819
2922	-628.1614	-795.4387	167.2773	4.812638
2928	-616.2549	-782.5498	166.2949	5.357415
2934	-608.5424	-775.4541	166.9117	5.016122
2940	-613.8129	-780.6718	166.8589	5.045436
2946	-613.3544	-780.6344	167.28	4.811115
2952	-614.8951	-782.6013	167.7062	4.572603
2958	-608.1427	-774.5602	166.4175	5.289784
2964	-605.1944	-772.3548	167.1604	4.877803
2970	-614.3376	-781.4979	167.1604	4.877803
2976	-611.5161	-778.4886	166.9724	4.98238
2982	-608.5636	-776.5186	167.955	4.432657
2988	-611.0634	-778.5364	167.473	4.70326
2994	-615.5563	-783.8585	168.3022	4.236385
3000	-618.1002	-785.7348	167.6346	4.612728
3006	-623.6973	-792.4137	168.7164	4.00068
3012	-623.6511	-792.2187	168.5675	4.085604
3018	-623.5691	-790.2083	166.6392	5.167212
3024	-611.182	-779.4544	168.2724	4.25327
3030	-608.3524	-775.9589	167.6065	4.628504
3036	-613.5516	-781.2308	167.6792	4.587744
3042	-611.4408	-779.7748	168.334	4.218372
3048	-612.6472	-780.48	167.8327	4.501469
3054	-625.0691	-792.4754	167.4064	4.740541
3060	-629.1841	-796.3813	167.1972	4.857287
3066	-624.2027	-791.7342	167.5315	4.670517
3072	-626.7985	-794.3956	167.5971	4.633776
3078	-624.5198	-791.9871	167.4673	4.706446
3084	-620.3614	-787.62	167.2586	4.823053
3090	-619.457	-787.0392	167.5822	4.642147
3096	-623.8445	-791.8819	168.0374	4.386165
3102	-615.3103	-782.6779	167.3676	4.76221
3108	-613.8187	-781.1862	167.3676	4.76221
3114	-608.4127	-775.8477	167.435	4.724528
3120	-604.0133	-772.5244	168.5111	4.117748
3126	-601.6525	-769.5468	167.8943	4.466838
3132	-606.6541	-774.4342	167.7801	4.53105
3138	-604.1818	-771.9619	167.7801	4.53105
3144	-610.3761	-778.3496	167.9735	4.422211
3150	-598.64	-766.917	168.277	4.250679
3156	-600.932	-769.4031	168.4711	4.140508
3162	-604.9322	-772.8513	167.9191	4.452879
3168	-611.3234	-779.027	167.7036	4.574027
3174	-604.9666	-773.0995	168.1329	4.332212
3180	-606.4699	-774.6029	168.1329	4.332212
3186	-619.9374	-787.6769	167.7394	4.553912
3192	-605.1244	-772.3296	167.2052	4.852824
3198	-613.1221	-780.7893	167.6672	4.594482
3204	-605.5684	-773.4045	167.8361	4.499582
3210	-606.9273	-773.9537	167.0265	4.952328
3216	-590.8109	-758.9155	168.1046	4.348227
3222	-610.7108	-779.0914	168.3806	4.191936
3228	-605.5099	-773.1913	167.6814	4.586516
3234	-610.9293	-779.2506	168.3214	4.225527
3240	-615.4986	-783.2331	167.7345	4.556699
3246	-612.3163	-779.7571	167.4407	4.721314
3252	-606.1681	-773.5881	167.4201	4.732875
3258	-608.7573	-776.7352	167.9779	4.419759
3264	-613.7161	-780.1588	166.4427	5.275844
3270	-611.3849	-778.991	167.6061	4.62873
3276	-616.0959	-784.1669	168.071	4.367218
3282	-613.1704	-780.6091	167.4387	4.722437
3288	-609.364	-777.1817	167.8177	4.509953
3294	-604.5967	-773.0885	168.4918	4.128721
3300	-605.7395	-772.9356	167.1961	4.857895
3306	-606.3981	-774.5931	168.195	4.297124
3312	-602.4616	-770.8381	168.3765	4.194272
3318	-619.4057	-787.1591	167.7534	4.546099
3324	-621.8308	-789.5841	167.7534	4.546099
3330	-610.1132	-778.0152	167.902	4.462508
3336	-603.3888	-772.4332	169.0443	3.812644
3342	-614.7299	-783.5012	168.7713	3.96929
3348	-606.1678	-773.4173	167.2495	4.828102
3354	-597.7725	-764.2104	166.4379	5.278509
3360	-609.5129	-777.9146	168.4017	4.179945
3366	-604.5123	-773.151	168.6387	4.045044
3372	-617.1425	-785.1538	168.0113	4.400873
3378	-616.6665	-784.6941	168.0276	4.39171
3384	-608.9865	-776.9374	167.951	4.434909
3390	-615.3491	-783.0512	167.7021	4.574858
3396	-609.7434	-777.5439	167.8004	4.519634
3402	-611.0704	-778.4294	167.359	4.766997
3408	-612.1949	-779.5539	167.359	4.766997
3414	-615.5031	-783.3177	167.8145	4.511716
3420	-603.4556	-771.7779	168.3223	4.224989
3426	-596.6508	-764.5318	167.881	4.474337
3432	-601.2564	-769.1374	167.881	4.474337
3438	-595.8144	-764.6991	168.8847	3.904358
3444	-605.5305	-772.8855	167.355	4.769235
3450	-601.0329	-769.6328	168.5999	4.067183
3456	-603.0443	-770.6921	167.6478	4.605361
3462	-608.5877	-776.6871	168.0994	4.351163
3468	-611.4861	-778.8926	167.4065	4.740446
3474	-624.2939	-791.1964	166.9025	5.021212
3480	-611.2382	-778.6781	167.4399	4.721803
3486	-613.831	-781.6996	167.8686	4.481323
3492	-621.2192	-787.6423	166.423	5.286736
3498	-605.4341	-773.7482	168.3141	4.229661
3504	-607.0132	-774.848	167.8348	4.50032
3510	-610.4521	-779.1749	168.7228	3.99704
3516	-608.8709	-778.2195	169.3485	3.636949
3522	-604.4446	-771.4888	167.0442	4.942494
3528	-619.776	-786.8432	167.0673	4.929629
3534	-616.7935	-785.3243	168.5308	4.106542
3540	-611.8371	-778.982	167.1449	4.886425
3546	-608.5847	-776.9105	168.3259	4.222986
3552	-617.1264	-785.1758	168.0494	4.379399
3558	-614.173	-781.9004	167.7274	4.560659
3564	-597.0645	-765.4357	168.3712	4.197271
3570	-602.2324	-770.6036	168.3712	4.197271
3576	-608.5143	-775.8875	167.3732	4.759072
3582	-624.0188	-792.2852	168.2664	4.256669
3588	-606.7582	-774.813	168.0548	4.37636
3594	-591.9454	-760.4208	168.4754	4.138069
3600	-606.2636	-774.351	168.0874	4.357924
3606	-594.1888	-761.571	167.3821	4.754079
3612	-600.4921	-768.4955	168.0033	4.405385
3618	-589.7213	-757.8244	168.1031	4.349072
3624	-605.3257	-773.4288	168.1031	4.349072
3630	-603.3108	-771.0419	167.7311	4.55858
3636	-612.251	-779.9822	167.7311	4.55858
3642	-611.4734	-779.7345	168.261	4.25972
3648	-593.4494	-761.7105	168.261	4.25972
3654	-601.3085	-769.8934	168.585	4.075682
3660	-611.2287	-779.6206	168.392	4.185459
3666	-591.7824	-759.4376	167.6552	4.601183
3672	-605.5426	-774.0085	168.4658	4.143485
3678	-606.8125	-773.291	166.4785	5.256061
3684	-607.0339	-776.425	169.391	3.612303
3690	-613.0393	-780.8058	167.7665	4.538725
3696	-609.1746	-777.9905	168.8159	3.943765
3702	-612.7992	-781.5268	168.7276	3.994266
3708	-618.8663	-786.4233	167.557	4.656273
3714	-616.6576	-783.2722	166.6146	5.180842
3720	-603.7985	-771.8916	168.0932	4.354669
3726	-607.3297	-774.0294	166.6997	5.13368
3732	-603.4219	-770.6032	167.1812	4.866174
3738	-610.7235	-778.2229	167.4994	4.688493
3744	-615.2192	-782.4947	167.2755	4.813617
3750	-608.8839	-777.875	168.9911	3.843242
3756	-615.4198	-784.1465	168.7267	3.99479
3762	-608.4457	-776.86	168.4142	4.17283
3768	-609.6447	-778.059	168.4142	4.17283
3774	-610.6036	-778.8932	168.2896	4.243546
3780	-608.2334	-777.3342	169.1008	3.780108
3786	-624.8675	-790.2395	165.372	5.864049
3792	-611.5327	-779.8959	168.3632	4.201809
3798	-609.2349	-777.5614	168.3264	4.222659
3804	-609.9946	-778.0921	168.0975	4.35222
3810	-601.4701	-768.7904	167.3202	4.788664
3816	-605.8622	-774.1915	168.3293	4.221035
3822	-606.3162	-774.3755	168.0593	4.373783
3828	-608.018	-776.7569	168.7389	3.987815
3834	-609.2888	-777.834	168.5452	4.098341
3840	-612.1399	-779.9637	167.8238	4.506509
3846	-621.1069	-788.2552	167.1483	4.884524
3852	-611.389	-778.5373	167.1483	4.884524
3858	-608.18	-775.4408	167.2608	4.821844
3864	-597.0737	-766.0315	168.9578	3.862409
3870	-600.0901	-768.8503	168.7602	3.975631
3876	-604.517	-772.8712	168.3542	4.206893
3882	-600.4273	-766.9582	166.5309	5.227115
3888	-606.0038	-773.1144	167.1105	4.905562
3894	-599.2688	-767.3764	168.1076	4.346531
3900	-605.6407	-773.928	168.2873	4.244816
3906	-613.1871	-780.7235	167.5364	4.667791
3912	-593.3483	-761.7633	168.415	4.172396
3918	-606.7006	-774.9342	168.2336	4.275274
3924	-606.2628	-774.3194	168.0567	4.375303
3930	-607.0423	-774.1731	167.1308	4.89429
3936	-610.7949	-777.9099	167.115	4.903053
3942	-598.7861	-766.5665	167.7803	4.530948
3948	-597.8636	-765.9829	168.1192	4.339951
3954	-606.9583	-775.0776	168.1192	4.339951
3960	-619.7026	-788.2356	168.533	4.105302
3966	-608.0165	-777.2472	169.2307	3.705141
3972	-602.9484	-772.1792	169.2307	3.705141
3978	-589.5374	-757.7571	168.2197	4.283139
3984	-600.4604	-768.0316	167.5712	4.648284
3990	-596.6895	-764.8049	168.1154	4.342098
3996	-604.6939	-772.9108	168.2168	4.284758
4002	-608.3749	-776.1469	167.7719	4.535656
4008	-612.0086	-779.7992	167.7906	4.52518
4014	-611.41	-779.4222	168.0121	4.400426
4020	-619.4376	-786.6402	167.2026	4.854257
4026	-612.704	-779.4325	166.7285	5.117736
4032	-615.257	-782.9933	167.7363	4.555701
4038	-618.5611	-785.4453	166.8842	5.031378
4044	-621.7029	-788.8034	167.1005	4.911145
4050	-624.4286	-792.6161	168.1875	4.301341
4056	-613.7533	-781.9896	168.2363	4.273736
4062	-619.3336	-785.9868	166.6532	5.159479
4068	-611.0404	-778.8917	167.8514	4.490986
4074	-606.4409	-775.0703	168.6294	4.050369
4080	-621.3311	-788.2745	166.9434	4.998516
4086	-612.5795	-779.4976	166.9181	5.012581
4092	-611.483	-779.6981	168.2151	4.285726
4098	-610.4875	-778.8988	168.4113	4.174481
4104	-610.8685	-777.9407	167.0722	4.926913
4110	-604.2004	-771.8979	167.6974	4.577494
4116	-614.4978	-780.3986	165.9008	5.574317
4122	-602.2227	-770.346	168.1233	4.337666
4128	-621.6577	-788.8713	167.2136	4.848123
4134	-615.6918	-782.3809	166.6891	5.13958
4140	-619.3754	-787.3347	167.9593	4.430243
4146	-608.8057	-777.0258	168.2201	4.282922
4152	-615.1818	-782.8253	167.6435	4.607738
4158	-622.9315	-791.0259	168.0944	4.354003
4164	-636.9958	-802.8473	165.8515	5.601401
4170	-614.7344	-782.6586	167.9242	4.449966
4176	-609.9633	-777.8876	167.9242	4.449966
4182	-607.0884	-774.8404	167.752	4.546864
4188	-601.203	-769.4182	168.2152	4.285678
4194	-605.5062	-774.2889	168.7828	3.962728
4200	-602.5947	-769.6721	167.0774	4.923978
4206	-602.4053	-769.806	167.4008	4.743664
4212	-595.9953	-764.471	168.4758	4.137837
4218	-607.1053	-775.3186	168.2133	4.286754
4224	-608.9872	-776.7285	167.7413	4.552866
4230	-605.7044	-773.5013	167.7969	4.521622
4236	-608.4058	-776.3596	167.9537	4.433359
4242	-617.0044	-785.1872	168.1828	4.304021
4248	-609.3991	-777.1706	167.7715	4.535878
4254	-597.7676	-764.9128	167.1451	4.886293
4260	-605.4573	-773.5792	168.1218	4.338489
4266	-610.7929	-778.1823	167.3895	4.749971
4272	-597.163	-765.3188	168.1558	4.319314
4278	-601.6605	-769.632	167.9715	4.423346
4284	-603.5018	-771.6812	168.1794	4.305943
4290	-630.8616	-799.0406	168.179	4.306146
4296	-622.0546	-790.4362	168.3816	4.191358
4302	-612.7086	-780.0071	167.2985	4.800794
4308	-605.268	-772.5665	167.2985	4.800794
4314	-600.4276	-767.9897	167.5621	4.653366
4320	-623.5837	-790.45	166.8662	5.041372
4326	-611.6166	-778.8681	167.2515	4.827027
4332	-592.589	-761.2931	168.704	4.00775
4338	-606.4597	-774.1055	167.6458	4.606484
4344	-608.64	-776.4701	167.83	4.502989
4350	-615.9095	-784.2346	168.3251	4.223417
4356	-603.8591	-772.2205	168.3614	4.202822
4362	-614.2748	-781.0338	166.759	5.100845
4368	-611.5091	-779.1449	167.6359	4.612052
4374	-607.6984	-776.0009	168.3025	4.236223
4380	-610.7167	-777.6038	166.8871	5.029771
4386	-590.8599	-758.9219	168.062	4.372264
4392	-594.6678	-761.669	167.0011	4.966427
4398	-607.467	-774.1625	166.6956	5.135998
4404	-601.1503	-769.6746	168.5243	4.110235
4410	-605.4975	-774.3307	168.8332	3.933854
4416	-601.6815	-770.4649	168.7835	3.962308
4422	-606.1125	-775.3654	169.2528	3.692349
4428	-605.411	-773.5035	168.0925	4.355047
4434	-594.1891	-762.1078	167.9187	4.453097
4440	-601.9144	-769.2992	167.3848	4.752583
4446	-598.797	-767.1275	168.3306	4.220319
4452	-599.5736	-767.034	167.4604	4.710323
4458	-610.691	-778.2616	167.5706	4.648653
4464	-602.4776	-770.0481	167.5706	4.648653
4470	-614.1975	-782.5712	168.3737	4.19584
4476	-611.5578	-778.5129	166.9551	4.992032
4482	-604.4788	-772.531	168.0522	4.377818
4488	-624.246	-791.1828	166.9368	5.002177
4494	-620.3047	-787.5437	167.239	4.833975
4500	-606.6979	-774.6772	167.9793	4.418956
4506	-603.0265	-770.3278	167.3013	4.799232
4512	-603.5151	-770.8172	167.3021	4.798757
4518	-608.668	-776.1168	167.4488	4.7168
4524	-612.7692	-780.8326	168.0634	4.371468
4530	-619.8931	-788.7678	168.8747	3.910066
4536	-616.4001	-784.2838	167.8837	4.472814
4542	-606.1046	-773.8494	167.7448	4.550884
4548	-606.1938	-774.1661	167.9723	4.422878
4554	-611.1824	-778.9863	167.8039	4.51767
4560	-615.6902	-782.7552	167.065	4.930893
4566	-605.1629	-773.2974	168.1345	4.331328
4572	-593.9104	-761.54	167.6296	4.615539
4578	-616.6834	-784.7488	168.0655	4.370327
4584	-609.7516	-777.3738	167.6222	4.619707
4590	-607.5421	-775.7225	168.1804	4.305372
4596	-604.5237	-772.8982	168.3745	4.195362
4602	-609.8471	-778.2385	168.3914	4.185809
4608	-615.0293	-783.7372	168.708	4.005485
4614	-616.851	-784.8208	167.9698	4.424269
4620	-613.4279	-780.1021	166.6742	5.147821
4626	-608.628	-776.3587	167.7307	4.558807
4632	-604.2919	-772.4114	168.1195	4.33981
4638	-605.1881	-773.3076	168.1195	4.33981
4644	-610.7585	-777.8374	167.079	4.923132
4650	-601.3645	-770.108	168.7435	3.985168
4656	-594.9929	-763.21	168.2171	4.284612
4662	-605.7188	-773.794	168.0752	4.364844
4668	-603.3457	-771.6998	168.3541	4.20699
4674	-600.9229	-770.2331	169.3102	3.659171
4680	-605.5242	-772.7496	167.2254	4.84158
4686	-604.3315	-771.6233	167.2918	4.804517
4692	-620.8687	-790.2112	169.3425	3.640445
4698	-608.1441	-777.1915	169.0474	3.810898
4704	-610.9302	-778.9353	168.0051	4.40439
4710	-613.5483	-780.7078	167.1595	4.878298
4716	-600.9307	-769.3573	168.4265	4.165836
4722	-597.2517	-766.0264	168.7747	3.967328
4728	-601.4597	-768.8545	167.3949	4.746964
4734	-593.9876	-760.5879	166.6003	5.188757
4740	-599.1801	-767.0349	167.8548	4.489048
4746	-602.2665	-770.5129	168.2463	4.26806
4752	-610.5972	-778.7068	168.1096	4.345387
4758	-601.3895	-769.0982	167.7087	4.571164
4764	-602.6062	-770.6445	168.0383	4.38568
4770	-599.7101	-766.5495	166.8395	5.056223
4776	-595.0309	-762.357	167.3262	4.785324
4782	-590.8307	-760.7853	169.9546	3.28267
4788	-592.6284	-761.3606	168.7322	3.991614
4794	-606.4274	-774.879	168.4516	4.151609
4800	-605.1859	-772.9163	167.7304	4.558974
4806	-622.573	-789.6047	167.0318	4.949386
4812	-598.7901	-766.1881	167.398	4.745203
4818	-598.4914	-765.8894	167.398	4.745203
4824	-608.9514	-776.0101	167.0586	4.934442
4830	-599.2155	-766.2256	167.0101	4.961434
4836	-611.9644	-779.2444	167.28	4.811121
4842	-612.3586	-780.5361	168.1775	4.307022
4848	-608.6938	-777.5456	168.8518	3.923205
4854	-610.2049	-777.5589	167.354	4.769798
4860	-615.1454	-783.9261	168.7807	3.96393
4866	-614.6477	-782.3018	167.6541	4.601823
4872	-613.5473	-781.2014	167.6541	4.601823
4878	-599.9192	-767.3168	167.3976	4.74542
4884	-600.2509	-768.418	168.1671	4.312885
4890	-597.5339	-765.9824	168.4485	4.153324
4896	-608.8283	-776.5501	167.7218	4.563819
4902	-599.2854	-767.2466	167.9611	4.429175
4908	-609.4358	-776.7553	167.3194	4.789094
4914	-605.5875	-773.8391	168.2516	4.265081
4920	-614.6601	-782.8384	168.1783	4.306571
4926	-610.7018	-778.88	168.1783	4.306571
4932	-603.1964	-771.0135	167.8171	4.510287
4938	-612.2407	-780.0199	167.7792	4.531603
4944	-599.664	-767.7738	168.1098	4.345271
4950	-598.9049	-767.0147	168.1098	4.345271
4956	-613.2944	-780.8371	167.5427	4.664242
4962	-613.4599	-780.4725	167.0126	4.960077
4968	-608.9359	-777.6782	168.7423	3.985888
4974	-628.2913	-794.8568	166.5655	5.208011
4980	-629.4201	-796.664	167.2439	4.831264
4986	-612.9941	-780.1317	167.1376	4.890463
4992	-611.5084	-779.8236	168.3152	4.229014
4998	-605.4021	-773.7371	168.3351	4.217764
5004	-609.3506	-777.4707	168.1201	4.339462
5010	-606.5628	-774.8376	168.2748	4.251924
5016	-609.3021	-777.762	168.4599	4.146866
5022	-607.5503	-776.2256	168.6753	4.024155
5028	-612.7296	-780.6161	167.8866	4.471193
5034	-601.4406	-768.5612	167.1206	4.899948
5040	-599.5592	-767.9856	168.4264	4.165889
5046	-602.0343	-769.7047	167.6703	4.592701
5052	-603.1894	-770.9602	167.7707	4.536332
5058	-609.3227	-776.4384	167.1157	4.902668
5064	-615.748	-783.1322	167.3842	4.752904
5070	-608.1004	-776.0061	167.9058	4.460377
5076	-601.6531	-769.4263	167.7733	4.534895
5082	-607.3672	-775.5924	168.2253	4.279972
5088	-621.2065	-789.4318	168.2253	4.279972
5094	-618.1014	-785.189	167.0876	4.918324
5100	-606.4204	-773.5565	167.1361	4.891334
5106	-610.1339	-777.0584	166.9245	5.009025
5112	-617.4607	-785.1315	167.6708	4.592461
5118	-614.2698	-781.9406	167.6708	4.592461
5124	-623.1043	-790.5165	167.4122	4.737253
5130	-642.7145	-809.2594	166.5448	5.219434
5136	-617.1665	-784.9768	167.8103	4.514108
5142	-623.4684	-790.6408	167.1724	4.871108
5148	-607.2791	-775.1618	167.8826	4.473405
5154	-613.2931	-779.9228	166.6297	5.17245
5160	-628.7442	-794.7529	166.0087	5.515029
5166	-616.3997	-784.7084	168.3086	4.232742
5172	-606.0764	-773.965	167.8886	4.470029
5178	-614.4558	-781.7607	167.3049	4.797193
5184	-608.9167	-776.416	167.4993	4.688571
5190	-596.1215	-763.7456	167.6241	4.618632
5196	-599.6866	-768.0182	168.3316	4.219718
5202	-591.2453	-759.0213	167.776	4.533368
5208	-599.7043	-768.0986	168.3943	4.184133
5214	-617.2685	-785.6628	168.3943	4.184133
5220	-604.4647	-773.0428	168.5781	4.079607
5226	-608.2805	-775.6129	167.3324	4.781883
5232	-599.9991	-769.1172	169.1181	3.770154
5238	-608.1615	-775.919	167.7574	4.543804
5244	-597.3701	-765.8343	168.4642	4.144407
5250	-612.9522	-780.3965	167.4443	4.719341
5256	-604.6356	-773.173	168.5374	4.102755
5262	-605.4155	-773.0543	167.6389	4.610354
5268	-614.1145	-782.4953	168.3807	4.191841
5274	-612.2063	-780.587	168.3807	4.191841
5280	-618.6679	-784.4197	165.7518	5.656088
5286	-610.3066	-779.2445	168.9379	3.873799
5292	-617.4851	-786.3529	168.8678	3.914012
5298	-601.8181	-769.7788	167.9607	4.42944
5304	-613.1153	-780.5105	167.3952	4.746776
5310	-615.4378	-782.5372	167.0994	4.911753
5316	-615.303	-782.8942	167.5912	4.637092
5322	-610.0459	-777.637	167.5912	4.637092
5328	-600.2617	-767.8176	167.5559	4.656859
5334	-606.8305	-774.5874	167.7569	4.544084
5340	-611.5999	-779.0332	167.4333	4.725461
5346	-624.2362	-791.6696	167.4333	4.725461
5352	-626.7475	-794.7312	167.9837	4.416446
5358	-615.1696	-783.1658	167.9962	4.409435
5364	-614.8339	-782.2521	167.4181	4.733967
5370	-619.4832	-787.2081	167.7249	4.562109
5376	-624.9013	-792.5689	167.6676	4.594263
5382	-616.8875	-783.996	167.1085	4.906711
5388	-618.8052	-787.0289	168.2237	4.280859
5394	-616.582	-782.726	166.144	5.440568
5400	-612.6056	-780.155	167.5494	4.660519
5406	-602.3726	-769.922	167.5494	4.660519
5412	-612.4618	-778.7918	166.33	5.338089
5418	-607.6571	-776.5127	168.8556	3.921036
5424	-608.0529	-775.509	167.4562	4.71268
5430	-614.7019	-781.7377	167.0358	4.947143
5436	-616.7829	-784.1714	167.3884	4.750564
5442	-610.8695	-778.4343	167.5648	4.6519
5448	-616.1936	-783.3027	167.1091	4.906366
5454	-607.8355	-775.0937	167.2582	4.823271
5460	-610.962	-778.3051	167.3431	4.77589
5466	-603.5461	-770.7001	167.154	4.881367
5472	-615.2502	-783.4981	168.2478	4.267196
5478	-618.9145	-786.6895	167.775	4.533949
5484	-622.379	-790.0043	167.6253	4.617969
5490	-608.61	-776.6948	168.0848	4.359414
5496	-612.0251	-778.9961	166.9711	4.983133
5502	-608.0785	-775.5435	167.4649	4.707776
5508	-605.3842	-773.1849	167.8007	4.519492
5514	-610.3644	-778.1651	167.8007	4.519492
5520	-614.3883	-781.4987	167.1104	4.905634
5526	-607.4232	-776.2417	168.8185	3.942273
5532	-605.6821	-772.6489	166.9668	4.985489
5538	-601.9148	-771.2088	169.2941	3.668485
5544	-608.004	-775.677	167.673	4.591236
5550	-604.0801	-770.8111	166.7311	5.11633
5556	-610.1319	-777.3644	167.2325	4.837587
5562	-614.8848	-782.1173	167.2325	4.837587
5568	-613.8655	-782.1842	168.3188	4.227013
5574	-603.1485	-771.5986	168.4501	4.152425
5580	-600.4249	-768.6439	168.2189	4.283564
5586	-598.6986	-767.4781	168.7795	3.964571
5592	-598.9518	-766.6262	167.6744	4.590453
5598	-607.7412	-774.9534	167.2122	4.848934
5604	-607.4575	-776.025	168.5674	4.085662
5610	-609.9285	-777.3649	167.4364	4.723724
5616	-617.2273	-784.1639	166.9365	5.002321
5622	-614.9617	-783.1364	168.1747	4.308582
5628	-617.5313	-785.6179	168.0867	4.358365
5634	-607.8546	-776.0257	168.171	4.310662
5640	-604.8961	-772.1581	167.262	4.821146
5646	-589.0925	-757.7332	168.6407	4.043891
5652	-600.3117	-768.9605	168.6487	4.039306
5658	-610.2311	-777.6032	167.3722	4.759648
5664	-608.2058	-775.7443	167.5385	4.666617
5670	-616.7372	-782.9525	166.2153	5.401328
5676	-597.0431	-764.9705	167.9274	4.448213
5682	-601.1354	-769.297	168.1616	4.315999
5688	-595.162	-763.7506	168.5886	4.073592
5694	-596.5622	-764.5478	167.9857	4.415351
5700	-595.9586	-763.9442	167.9857	4.415351
5706	-605.9463	-773.4627	167.5164	4.67896
5712	-602.0625	-770.3302	168.2677	4.255934
5718	-605.2606	-773.9091	168.6485	4.039441
5724	-603.8222	-772.0297	168.2075	4.290053
5730	-603.4788	-771.6479	168.1691	4.311747
5736	-599.2136	-767.2274	168.0139	4.399456
5742	-599.4163	-767.4301	168.0139	4.399456
5748	-606.602	-773.3793	166.7773	5.090717
5754	-602.1886	-769.2987	167.1102	4.905765
5760	-589.1586	-757.806	168.6474	4.040045
5766	-591.094	-760.1639	169.0698	3.797967
5772	-600.9272	-768.7162	167.789	4.526067
5778	-607.1615	-775.3933	168.2318	4.27629
5784	-610.868	-779.0301	168.1621	4.315705
5790	-604.3993	-772.2688	167.8695	4.480765
5796	-617.3342	-785.7915	168.4573	4.148362
5802	-626.0412	-793.1108	167.0696	4.928343
5808	-609.1997	-777.0958	167.8961	4.465795
5814	-611.4502	-779.4709	168.0207	4.395584
5820	-609.8048	-777.9351	168.1303	4.333686
5826	-608.5897	-776.7141	168.1245	4.337001
5832	-608.1064	-775.7216	167.6153	4.623597
5838	-603.4759	-771.28	167.8041	4.517572
5844	-626.4798	-794.387	167.9072	4.459574
5850	-608.0494	-775.6624	167.613	4.624866
5856	-609.9071	-777.5201	167.613	4.624866
5862	-603.936	-771.0217	167.0857	4.919387
5868	-603.0449	-770.6259	167.581	4.642773
5874	-604.1215	-772.0006	167.8791	4.475394
5880	-603.6512	-771.8514	168.2002	4.294189
5886	-612.1479	-780.151	168.0032	4.40549
5892	-603.2435	-771.8197	168.5762	4.080655
5898	-610.7588	-779.2103	168.4514	4.151686
5904	-598.9363	-766.463	167.5267	4.67321
5910	-600.4097	-768.4707	168.0609	4.372901
5916	-607.6549	-774.2454	166.5905	5.194153
5922	-612.3936	-778.8855	166.4919	5.248688
5928	-616.3671	-784.0046	167.6375	4.611121
5934	-605.1609	-772.8116	167.6507	4.603751
5940	-606.733	-774.2274	167.4943	4.691331
5946	-608.3615	-775.667	167.3055	4.79686
5952	-600.5102	-768.1869	167.6767	4.589152
5958	-593.906	-761.5827	167.6767	4.589152
5964	-606.9642	-773.4586	166.4944	5.247273
5970	-601.8124	-770.4784	168.666	4.029471
5976	-595.4604	-762.4305	166.9701	4.983682
5982	-601.2903	-768.0197	166.7293	5.117278
5988	-602.7533	-771.0706	168.3173	4.227857
5994	-609.6111	-776.6338	167.0227	4.954406
6000	-596.7416	-764.9846	168.243	4.269913
6006	-590.2629	-759.2103	168.9475	3.868322
6012	-594.0877	-761.9849	167.8972	4.465203
6018	-590.9326	-758.294	167.3614	4.765681
6024	-595.6421	-763.9649	168.3228	4.2247
6030	-604.1617	-772.4846	168.3228	4.2247
6036	-604.7124	-771.1322	166.4198	5.288491
6042	-609.0747	-776.2473	167.1726	4.870984
6048	-608.0599	-776.2124	168.1525	4.321167
6054	-599.5896	-767.2827	167.6931	4.579913
6060	-609.5005	-777.5456	168.0451	4.381824
6066	-621.5465	-788.0956	166.5491	5.217067
6072	-620.3998	-789.3987	168.9989	3.838743
6078	-618.1141	-786.3751	168.261	4.259733
6084	-618.4418	-785.3054	166.8636	5.042841
6090	-620.1836	-788.1875	168.0039	4.405094
6096	-615.1881	-783.2265	168.0385	4.385572
6102	-605.9265	-774.0561	168.1296	4.334087
6108	-599.7168	-767.0834	167.3666	4.762752
6114	-600.1249	-767.7977	167.6729	4.591288
6120	-605.732	-772.7061	166.9741	4.981455
6126	-608.796	-776.5828	167.7868	4.527291
6132	-607.7739	-774.6105	166.8366	5.057805
6138	-614.9493	-781.6469	166.6975	5.134899
6144	-612.147	-780.86	168.7129	4.002656
6150	-607.8881	-776.5237	168.6356	4.046831
6156	-624.5304	-792.502	167.9716	4.423273
6162	-618.5912	-787.8035	169.2122	3.71584
6168	-603.1459	-771.7173	168.5714	4.083415
6174	-610.3779	-776.8901	166.5122	5.237455
6180	-604.0054	-772.5503	168.545	4.098454
6186	-607.7712	-775.6932	167.9219	4.451272
6192	-617.02	-785.4149	168.3949	4.183821
6198	-606.6992	-774.5517	167.8525	4.49038
6204	-614.9496	-781.7394	166.7898	5.083774
6210	-609.5093	-777.0151	167.5059	4.684874
6216	-616.4243	-783.9302	167.5059	4.684874
6222	-610.6176	-779.0144	168.3968	4.182732
6228	-610.9662	-779.2808	168.3147	4.229332
6234	-616.8407	-783.316	166.4752	5.25789
6240	-619.4054	-787.5246	168.1192	4.340002
6246	-609.0784	-775.9596	166.8812	5.033028
6252	-602.3503	-769.8514	167.501	4.68759
6258	-598.4836	-766.3525	167.8689	4.481139
6264	-600.7589	-768.3522	167.5934	4.635862
6270	-605.0684	-771.8397	166.7713	5.094046
6276	-605.0346	-772.2812	167.2466	4.829744
6282	-616.4378	-785.4215	168.9837	3.847487
6288	-615.2761	-783.5261	168.25	4.265964
6294	-603.8151	-772.5582	168.7431	3.985436
6300	-607.2475	-774.7817	167.5343	4.668985
6306	-606.4302	-775.1777	168.7475	3.982888
6312	-598.8079	-767.5554	168.7475	3.982888
6318	-607.68	-774.7507	167.0707	4.927741
6324	-608.8581	-777.1198	168.2618	4.259314
6330	-628.9922	-796.9297	167.9375	4.442503
6336	-617.6866	-785.9901	168.3035	4.235669
6342	-624.3232	-791.6319	167.3087	4.795068
6348	-628.665	-796.3511	167.6861	4.583865
6354	-623.7266	-792.1168	168.3901	4.186509
6360	-608.964	-775.9699	167.0059	4.963777
6366	-611.7146	-778.1658	166.4512	5.271161
6372	-614.4878	-783.3094	168.8215	3.94053
6378	-607.4087	-775.4087	168	4.407265
6384	-609.0132	-778.3964	169.3832	3.616813
6390	-606.9463	-774.9472	168.001	4.40673
6396	-625.0918	-791.8866	166.7948	5.08097
6402	-617.4464	-785.3547	167.9083	4.458962
6408	-612.903	-780.6015	167.6985	4.576893
6414	-611.6114	-779.8584	168.247	4.267651
6420	-612.7123	-780.4185	167.7062	4.572594
6426	-593.8996	-762.4406	168.541	4.100742
6432	-615.1822	-784.1198	168.9376	3.873986
6438	-609.2669	-776.275	167.0081	4.962558
6444	-605.2522	-772.8934	167.6411	4.609097
6450	-598.3644	-766.1152	167.7507	4.547563
6456	-616.5025	-784.2532	167.7507	4.547563
6462	-615.0814	-782.8321	167.7507	4.547563
6468	-610.6041	-778.6458	168.0417	4.383748
6474	-605.6187	-772.8613	167.2426	4.831954
6480	-611.5498	-779.108	167.5582	4.655561
6486	-624.9818	-793.0014	168.0196	4.396193
6492	-626.3438	-792.7915	166.4477	5.273076
6498	-620.1527	-788.3289	168.1762	4.307738
6504	-622.6434	-791.5707	168.9273	3.879887
6510	-609.2044	-777.9755	168.7711	3.96939
6516	-602.3696	-770.5557	168.1861	4.302151
6522	-606.6352	-775.1836	168.5483	4.096546
6528	-609.8239	-777.62	167.7961	4.522069
6534	-605.8621	-773.4545	167.5924	4.636412
6540	-607.6242	-774.811	167.1868	4.86307
6546	-611.2977	-779.7404	168.4427	4.15666
6552	-611.094	-777.6681	166.5741	5.203221
6558	-603.3773	-770.3177	166.9404	5.00016
6564	-619.9733	-787.671	167.6977	4.577333
6570	-624.7763	-793.0912	168.3149	4.229212
6576	-633.3085	-801.6234	168.3149	4.229212
6582	-619.3633	-787.7956	168.4322	4.162601
6588	-622.8557	-791.2879	168.4322	4.162601
6594	-611.5525	-780.0576	168.5051	4.121163
6600	-616.7179	-784.6288	167.9109	4.457465
6606	-628.5318	-794.9899	166.4581	5.267338
6612	-624.5324	-791.7505	167.218	4.845677
6618	-632.1981	-799.9061	167.708	4.571576
6624	-606.4703	-774.0342	167.564	4.652342
6630	-628.0096	-796.0746	168.065	4.370581
6636	-609.3222	-777.4825	168.1603	4.316764
6642	-614.1845	-782.4562	168.2717	4.253693
6648	-617.1184	-783.8234	166.7051	5.130728
6654	-602.5788	-770.1807	167.6019	4.631101
6660	-594.9583	-762.5395	167.5813	4.642657
6666	-605.8986	-774.0602	168.1616	4.316002
6672	-603.708	-771.2808	167.5728	4.647388
6678	-609.3948	-777.2724	167.8775	4.476266
6684	-612.2274	-779.1084	166.881	5.033162
6690	-614.7906	-783.0454	168.2548	4.263272
6696	-617.6116	-785.884	168.2725	4.25325
6702	-622.0154	-790.0672	168.0519	4.377989
6708	-617.2955	-785.9757	168.6802	4.021363
6714	-607.2159	-775.0079	167.792	4.524378
6720	-608.3027	-775.6352	167.3325	4.781774
6726	-615.3804	-782.8688	167.4884	4.694629
6732	-606.5136	-775.9347	169.421	3.594872
6738	-608.8101	-777.0252	168.2151	4.285723
6744	-618.3695	-786.4701	168.1006	4.350474
6750	-614.8486	-783.7806	168.932	3.87719
6756	-605.7899	-772.734	166.9441	4.998103
6762	-619.712	-788.1623	168.4504	4.152297
6768	-620.4455	-787.8002	167.3547	4.769375
6774	-600.6704	-768.9338	168.2634	4.258401
6780	-592.763	-760.56	167.797	4.521564
6786	-607.4027	-775.1997	167.797	4.521564
6792	-605.7772	-772.3014	166.5242	5.230814
6798	-615.6221	-782.6123	166.9902	4.972486
6804	-612.5147	-780.4897	167.975	4.421381
6810	-615.9432	-783.3133	167.3702	4.760761
6816	-612.0066	-778.6002	166.5936	5.192428
6822	-615.1901	-782.0223	166.8323	5.060221
6828	-590.3958	-758.236	167.8403	4.497235
6834	-595.9342	-763.1237	167.1895	4.861571
6840	-604.6294	-772.0567	167.4272	4.728864
6846	-599.3966	-768.2063	168.8097	3.947293
6852	-600.5967	-768.7519	168.1552	4.319621
6858	-618.7719	-785.8457	167.0738	4.925991
6864	-605.5682	-772.6343	167.0661	4.930278
6870	-601.1435	-768.1379	166.9944	4.97018
6876	-613.8839	-780.8782	166.9944	4.97018
6882	-616.1511	-784.0555	167.9044	4.461169
6888	-630.3565	-799.3947	169.0382	3.81615
6894	-602.9876	-771.8944	168.9067	3.891696
6900	-603.1797	-772.0186	168.8388	3.930615
6906	-609.8765	-778.2758	168.3993	4.181317
6912	-613.8665	-782.4118	168.5453	4.098294
6918	-631.6798	-799.5811	167.9013	4.462892
6924	-617.231	-784.9751	167.7441	4.551292
6930	-622.6142	-790.2265	167.6124	4.625223
6936	-624.3404	-791.5015	167.1611	4.87739
6942	-616.2892	-783.521	167.2318	4.837989
6948	-615.0382	-782.4982	167.46	4.710536
6954	-612.6422	-779.9328	167.2906	4.80521
6960	-612.2811	-780.5721	168.291	4.242745
6966	-609.5646	-778.1073	168.5427	4.099741
6972	-608.3036	-775.6605	167.3569	4.768195
6978	-606.3017	-772.7885	166.4868	5.251503
6984	-599.1411	-767.0554	167.9143	4.455543
6990	-600.9825	-769.3726	168.3902	4.186486
6996	-597.5669	-765.3441	167.7772	4.532704
7002	-602.5264	-770.5503	168.0239	4.393775
7008	-605.0107	-771.4438	166.4332	5.281124
7014	-604.8203	-771.4386	166.6183	5.178775
7020	-600.8288	-768.1601	167.3312	4.782503
7026	-597.0922	-765.9411	168.8489	3.924867
7032	-596.0293	-764.0323	168.003	4.405564
7038	-596.0841	-763.8332	167.7491	4.548503
7044	-610.5098	-778.6194	168.1097	4.345361
7050	-602.8922	-769.8745	166.9823	4.976878
7056	-588.4358	-756.3122	167.8764	4.476883
7062	-588.5103	-756.3204	167.8102	4.514167
7068	-593.0128	-760.1297	167.1169	4.902042
7074	-589.5756	-757.6759	168.1003	4.350679
7080	-590.6638	-757.9795	167.3158	4.79114
7086	-601.1689	-769.3989	168.2301	4.277263
7092	-604.9134	-773.6371	168.7237	3.996488
7098	-615.6736	-783.593	167.9194	4.452682
7104	-609.3732	-777.7756	168.4024	4.179528
7110	-613.231	-781.4393	168.2083	4.28959
7116	-615.1401	-783.3484	168.2083	4.28959
7122	-601.2187	-768.8091	167.5904	4.637523
7128	-598.6245	-766.2149	167.5904	4.637523
7134	-600.4894	-769.1899	168.7005	4.009747
7140	-605.0043	-773.1763	168.172	4.310116
7146	-614.841	-782.4786	167.6376	4.611087
7152	-603.8841	-772.774	168.8899	3.901364
7158	-617.1099	-785.9497	168.8398	3.930082
7164	-596.3351	-764.848	168.5128	4.116769
7170	-617.7409	-786.0864	168.3455	4.21184
7176	-608.9495	-777.295	168.3455	4.21184
7182	-613.3376	-781.6846	168.347	4.210965
7188	-605.6458	-773.484	167.8382	4.498376
7194	-610.3827	-777.8746	167.4919	4.692698
7200	-621.3854	-788.8948	167.5095	4.682867
7206	-620.8789	-788.6475	167.7687	4.537497
7212	-615.1525	-783.2559	168.1034	4.348915
7218	-621.8269	-788.8932	167.0663	4.930189
7224	-624.8759	-792.6031	167.7272	4.560791
7230	-621.3208	-787.8082	166.4874	5.251149
7236	-617.7872	-786.0935	168.3063	4.234047
7242	-608.2991	-776.2362	167.9371	4.442722
7248	-621.8645	-789.8016	167.9371	4.442722
7254	-611.5581	-779.3218	167.7637	4.540301
7260	-608.9673	-776.4447	167.4774	4.700829
7266	-612.8581	-781.2315	168.3734	4.195981
7272	-624.2155	-792.589	168.3734	4.195981
7278	-622.0453	-790.7842	168.7389	3.987801
7284	-621.7495	-789.1409	167.3914	4.748894
7290	-615.2488	-783.5842	168.3354	4.21758
7296	-605.0531	-773.2176	168.1645	4.314388
7302	-618.3467	-785.7869	167.4402	4.72162
7308	-607.6318	-776.2952	168.6634	4.030945
7314	-605.3217	-773.0815	167.7598	4.54245
7320	-589.6214	-757.3097	167.6883	4.582638
7326	-598.5356	-767.5914	169.0558	3.806044
7332	-604.8564	-773.0746	168.2181	4.284025
7338	-605.6962	-773.5311	167.8349	4.500256
7344	-613.8387	-781.2602	167.4215	4.732091
7350	-611.5622	-778.2295	166.6674	5.151605
7356	-605.8991	-773.7276	167.8285	4.50385
7362	-601.5332	-769.1904	167.6573	4.600025
7368	-603.8503	-771.0873	167.237	4.835085
7374	-616.7734	-784.0104	167.237	4.835085
7380	-616.2532	-784.3002	168.047	4.380748
7386	-627.4371	-794.6524	167.2153	4.847195
7392	-623.6615	-792.1282	168.4666	4.143046
7398	-615.0395	-782.5177	167.4782	4.700343
7404	-605.3085	-774.2456	168.9371	3.874253
7410	-600.0181	-768.9553	168.9371	3.874253
7416	-609.934	-776.1667	166.2327	5.391736
7422	-604.675	-772.7701	168.0951	4.353582
7428	-607.8141	-776.0175	168.2034	4.292374
7434	-608.3486	-777.1435	168.7949	3.955768
7440	-598.4528	-766.8983	168.4455	4.155054
7446	-617.0019	-784.1263	167.1244	4.897811
7452	-621.6809	-788.9607	167.2798	4.811196
7458	-616.0304	-783.9334	167.903	4.461937
7464	-619.0588	-786.2405	167.1817	4.865904
7470	-623.9496	-790.1384	166.1887	5.415953
7476	-610.7725	-777.1668	166.3943	5.302599
7482	-591.9292	-760.1162	168.187	4.301639
7488	-594.2312	-762.4182	168.187	4.301639
7494	-595.16	-763.0173	167.8573	4.487645
7500	-600.4684	-768.3257	167.8573	4.487645
7506	-601.3112	-768.2801	166.9689	4.984319
7512	-597.5962	-764.5652	166.9689	4.984319
7518	-596.1763	-765.2539	169.0775	3.793531
7524	-590.7856	-759.1986	168.413	4.173531
7530	-595.8551	-763.9897	168.1346	4.331282
7536	-598.391	-766.8206	168.4296	4.164102
7542	-598.9268	-767.38	168.4532	4.150661
7548	-608.8257	-776.8983	168.0726	4.366288
7554	-610.5381	-778.6492	168.1111	4.344564
7560	-604.56	-770.8649	166.3049	5.351916
7566	-602.5606	-770.9365	168.3759	4.19459
7572	-603.0831	-768.8022	165.719	5.674073
7578	-598.6034	-765.975	167.3716	4.759968
7584	-590.8231	-758.781	167.9579	4.431009
7590	-590.7227	-759.0213	168.2985	4.238471
7596	-599.7517	-768.4224	168.6707	4.026759
7602	-590.9353	-758.7674	167.832	4.501862
7608	-592.5018	-759.9824	167.4806	4.699003
7614	-593.3524	-761.8489	168.4965	4.126053
7620	-601.5991	-768.9446	167.3455	4.774555
7626	-601.3336	-769.33	167.9964	4.409306
7632	-605.8913	-773.1971	167.3058	4.796689
7638	-618.697	-786.471	167.7739	4.534538
7644	-603.6496	-771.921	168.2713	4.253899
7650	-598.5739	-767.108	168.5341	4.10463
7656	-614.8531	-782.9999	168.1468	4.324376
7662	-617.7644	-785.4808	167.7164	4.566873
7668	-613.8746	-781.5311	167.6565	4.600464
7674	-621.6881	-788.9291	167.241	4.832841
7680	-604.0576	-771.8771	167.8194	4.50895
7686	-609.1476	-778.0151	168.8675	3.914185
7692	-606.1308	-774.2033	168.0725	4.36637
7698	-601.5462	-768.9081	167.3619	4.765377
7704	-612.2578	-780.0504	167.7926	4.524065
7710	-593.4685	-762.2707	168.8022	3.951611
7716	-603.5378	-770.5313	166.9935	4.970675
7722	-611.418	-780.1188	168.7008	4.009613
7728	-600.034	-768.0339	167.9999	4.4073
7734	-607.2515	-775.1319	167.8804	4.474656
7740	-609.0887	-776.9835	167.8948	4.466528
7746	-606.3131	-774.9175	168.6044	4.064589
7752	-605.8511	-773.4821	167.631	4.614759
7758	-599.239	-767.5604	168.3214	4.225493
7764	-616.8078	-784.479	167.6712	4.59221
7770	-620.4051	-789.4935	169.0883	3.787304
7776	-604.218	-772.7735	168.5555	4.092452
7782	-602.0874	-768.8316	166.7442	5.109051
7788	-599.4143	-768.2403	168.826	3.937983
7794	-598.0439	-765.2664	167.2226	4.843142
7800	-620.0537	-788.1788	168.1251	4.336636
7806	-620.9788	-788.633	167.6542	4.601788
7812	-614.2431	-781.5164	167.2733	4.81486
7818	-611.767	-779.0403	167.2733	4.81486
7824	-598.002	-766.1298	168.1278	4.335133
7830	-593.8292	-762.5526	168.7234	3.996675
7836	-599.7237	-768.5651	168.8414	3.929155
7842	-608.4885	-776.3862	167.8976	4.464956
7848	-595.1508	-763.0405	167.8896	4.469454
7854	-606.8271	-775.0568	168.2297	4.277458
7860	-600.1392	-767.304	167.1649	4.875304
7866	-607.1755	-775.1431	167.9676	4.425535
7872	-611.4251	-779.7141	168.289	4.243858
7878	-608.5469	-776.1149	167.568	4.650093
7884	-598.7086	-766.3323	167.6238	4.618818
7890	-594.0163	-762.4524	168.4361	4.16042
7896	-602.8355	-770.7074	167.8719	4.479434
7902	-604.2244	-772.7559	168.5316	4.106094
7908	-599.1406	-767.7368	168.5962	4.069252
7914	-600.1247	-768.7486	168.6239	4.05347
7920	-594.3019	-762.9258	168.6239	4.05347
7926	-602.2869	-771.0587	168.7718	3.969023
7932	-593.5878	-761.6594	168.0716	4.36684
7938	-592.8606	-760.676	167.8153	4.511256
7944	-608.3165	-776.067	167.7505	4.547684
7950	-591.6307	-760.4031	168.7724	3.968681
7956	-598.0927	-764.9801	166.8874	5.029611
7962	-604.9143	-772.9664	168.0521	4.377887
7968	-622.2749	-790.258	167.9831	4.416804
7974	-621.8178	-789.8009	167.9831	4.416804
7980	-609.6227	-778.1023	168.4796	4.135679
7986	-597.1984	-765.5029	168.3045	4.235114
7992	-594.5639	-762.2913	167.7274	4.560665
7998	-603.9866	-771.3623	167.3757	4.757643
8004	-607.1978	-775.0586	167.8608	4.485675
8010	-604.6033	-772.5568	167.9535	4.433493
8016	-610.4929	-778.3922	167.8993	4.464027
8022	-619.2346	-787.2685	168.0339	4.388129
8028	-612.4345	-780.8082	168.3737	4.195821
8034	-597.6392	-766.3218	168.6826	4.019996
8040	-609.0496	-777.5195	168.4699	4.141201
8046	-612.5403	-780.4888	167.9485	4.436296
8052	-597.3403	-765.1663	167.826	4.505262
8058	-603.4072	-771.576	168.1688	4.311963
8064	-596.1822	-764.3796	168.1974	4.295738
8070	-606.8797	-773.7322	166.8526	5.048949
8076	-601.9608	-769.1898	167.229	4.839559
8082	-600.3485	-768.3249	167.9764	4.420603
8088	-600.9145	-768.5144	167.5999	4.6322
8094	-600.7479	-768.3478	167.5999	4.6322
8100	-612.9516	-781.551	168.5994	4.067459
8106	-617.0161	-786.071	169.0549	3.806548
8112	-623.847	-791.6479	167.8009	4.519376
8118	-621.3869	-789.2165	167.8296	4.503251
8124	-616.3306	-783.8605	167.53	4.671391
8130	-612.0125	-778.1279	166.1154	5.456353
8136	-603.5623	-771.5245	167.9622	4.428576
8142	-599.2599	-767.0374	167.7774	4.532568
8148	-595.8449	-763.1934	167.3485	4.772866
8154	-604.9936	-772.4912	167.4976	4.68952
8160	-608.6545	-776.8694	168.2149	4.28584
8166	-619.2206	-787.4355	168.2149	4.28584
8172	-618.1963	-786.2403	168.0439	4.382496
8178	-609.8388	-777.5752	167.7363	4.555653
8184	-597.2449	-764.7891	167.5442	4.663407
8190	-605.4391	-773.6015	168.1624	4.315559
8196	-597.2314	-764.6336	167.4022	4.742835
8202	-596.2199	-762.9419	166.722	5.121332
8208	-602.4541	-770.0587	167.6046	4.629599
8214	-617.7086	-786.4438	168.7353	3.989877
8220	-613.9293	-780.9563	167.027	4.952058
8226	-603.5001	-771.1897	167.6897	4.581848
8232	-606.1313	-774.5786	168.4473	4.154021
8238	-605.6629	-773.7613	168.0985	4.351675
8244	-604.8603	-773.0703	168.21	4.288632
8250	-600.9364	-769.0815	168.1451	4.325347
8256	-601.7138	-769.7007	167.9869	4.41464
8262	-602.388	-770.588	168.2001	4.294243
8268	-606.7335	-773.777	167.0434	4.942913
8274	-599.3627	-766.0145	166.6518	5.160216
8280	-608.438	-774.8093	166.3713	5.315277
8286	-610.1813	-779.0782	168.8969	3.897319
8292	-611.2832	-779.9211	168.6379	4.045521
8298	-614.2512	-781.7138	167.4625	4.709125
8304	-620.324	-788.2353	167.9113	4.457244
8310	-601.4342	-770.2289	168.7947	3.955882
8316	-609.5666	-778.0681	168.5015	4.123208
8322	-614.9199	-782.7272	167.8073	4.515803
8328	-623.317	-791.7069	168.3898	4.186673
8334	-619.0544	-787.4442	168.3898	4.186673
8340	-600.6277	-769.2943	168.6666	4.029119
8346	-600.986	-768.6091	167.6231	4.61921
8352	-599.1634	-766.6973	167.5338	4.669222
8358	-609.0585	-775.9912	166.9327	5.004471
8364	-605.5413	-773.0724	167.531	4.670801
8370	-607.3845	-775.4374	168.0529	4.377445
8376	-611.3634	-779.4672	168.1038	4.348681
8382	-601.5836	-769.6874	168.1038	4.348681
8388	-606.6012	-774.1482	167.547	4.66184
8394	-604.1636	-772.5987	168.4351	4.160953
8400	-610.467	-778.5214	168.0544	4.37657
8406	-600.4678	-768.5222	168.0544	4.37657
8412	-594.0823	-762.4181	168.3358	4.217361
8418	-589.8778	-758.2821	168.4044	4.178435
8424	-599.0264	-767.6907	168.6643	4.030447
8430	-604.6274	-771.8668	167.2394	4.833766
8436	-602.4394	-769.6787	167.2394	4.833766
8442	-599.1331	-766.1933	167.0603	4.933537
8448	-598.2577	-765.7494	167.4917	4.692796
8454	-593.7977	-762.6988	168.9011	3.894935
8460	-603.8948	-771.9686	168.0738	4.365615
8466	-601.1416	-768.9734	167.8318	4.501977
8472	-594.9824	-762.5307	167.5483	4.661124
8478	-606.9881	-773.6527	166.6647	5.153113
8484	-599.9582	-768.0532	168.095	4.35362
8490	-610.9717	-778.5637	167.592	4.636651
8496	-614.6691	-781.3927	166.7236	5.12046
8502	-619.9304	-789.3409	169.4105	3.601
8508	-610.1128	-777.3943	167.2814	4.8103
8514	-603.4891	-771.371	167.8819	4.473838
8520	-613.8816	-780.6329	166.7512	5.105148
8526	-596.446	-764.7866	168.3407	4.214588
8532	-604.1941	-771.8077	167.6135	4.624559
8538	-601.8691	-769.7745	167.9054	4.460604
8544	-599.7502	-766.684	166.9339	5.003816
8550	-609.3076	-777.3705	168.0629	4.371803
8556	-597.0488	-765.2425	168.1936	4.29789
8562	-600.9874	-769.7215	168.7341	3.990571
8568	-596.949	-764.702	167.753	4.546322
8574	-603.2534	-770.5906	167.3372	4.779148
8580	-597.2409	-765.2578	168.0169	4.397748
8586	-615.4315	-782.8174	167.3859	4.751965
8592	-596.6461	-764.4406	167.7946	4.522945
8598	-595.7793	-763.7092	167.9299	4.446807
8604	-594.9733	-762.9214	167.9481	4.436542
8610	-599.0307	-766.995	167.9643	4.427403
8616	-599.536	-767.714	168.178	4.306754
8622	-618.061	-786.7728	168.7118	4.003303
8628	-606.5656	-775.1078	168.5422	4.100043
8634	-606.6956	-774.7283	168.0327	4.388815
8640	-608.2328	-777.2548	169.022	3.825497
8646	-612.7277	-778.9339	166.2062	5.406314
8652	-610.835	-777.3083	166.4733	5.258971
8658	-609.2246	-778.029	168.8043	3.950376
8664	-611.9245	-780.7289	168.8043	3.950376
8670	-609.2166	-776.789	167.5723	4.647654
8676	-608.2927	-775.6894	167.3967	4.745933
8682	-612.8663	-779.7522	166.8858	5.030485
8688	-620.3124	-787.5433	167.2309	4.838477
8694	-606.3754	-775.5617	169.1863	3.730825
8700	-596.6124	-764.8574	168.2449	4.268847
8706	-593.1163	-761.0636	167.9473	4.437004
8712	-606.6793	-775.271	168.5917	4.07186
8718	-603.601	-772.1926	168.5917	4.07186
8724	-595.3496	-764.056	168.7064	4.006372
8730	-607.5732	-774.5297	166.9565	4.991227
8736	-596.3723	-764.609	168.2367	4.273516
8742	-602.1201	-769.4277	167.3076	4.795689
8748	-611.0946	-778.7989	167.7043	4.57366
8754	-613.3536	-780.7316	167.378	4.756375
8760	-624.4802	-790.1481	165.6679	5.702132
8766	-609.3509	-776.7886	167.4377	4.723013
8772	-603.9944	-772.6256	168.6312	4.049311
8778	-595.8369	-764.0645	168.2275	4.278696
8784	-600.1242	-767.9542	167.8301	4.502976
8790	-626.0826	-792.9682	166.8855	5.030662
8796	-625.0112	-792.5176	167.5064	4.684578
8802	-601.2526	-769.2516	167.999	4.407851
8808	-602.1268	-770.0117	167.8849	4.472139
8814	-605.4454	-773.4895	168.0441	4.382415
8820	-602.9271	-771.5966	168.6696	4.027425
8826	-607.039	-774.5612	167.5222	4.675729
8832	-601.7704	-770.0358	168.2654	4.257262
8838	-608.7587	-777.7171	168.9583	3.862088
8844	-602.7716	-769.3004	166.5288	5.228285
8850	-609.1832	-777.0402	167.857	4.487841
8856	-614.377	-782.234	167.857	4.487841
8862	-608.7973	-777.4348	168.6375	4.045702
8868	-621.3877	-789.7232	168.3355	4.217488
8874	-619.4994	-787.835	168.3355	4.217488
8880	-604.7819	-772.6911	167.9091	4.458473
8886	-600.1333	-768.2514	168.1181	4.340615
8892	-607.944	-776.0954	168.1514	4.321775
8898	-609.6467	-777.3578	167.7111	4.569825
8904	-608.2709	-776.4504	168.1796	4.305844
8910	-618.5091	-785.9517	167.4426	4.720277
8916	-625.0829	-791.8751	166.7922	5.082425
8922	-608.3498	-775.142	166.7922	5.082425
8928	-616.4069	-784.1192	167.7123	4.569143
8934	-615.4816	-783.2076	167.726	4.561458
8940	-614.6646	-782.832	168.1674	4.312742
8946	-609.2941	-777.4615	168.1674	4.312742
8952	-605.0671	-773.0177	167.9506	4.435131
8958	-604.171	-773.0404	168.8693	3.913148
8964	-614.596	-783.3646	168.7686	3.970827
8970	-618.2943	-786.7402	168.4459	4.154834
8976	-612.6089	-780.6111	168.0021	4.406065
8982	-605.4025	-774.9164	169.5139	3.540874
8988	-611.3732	-778.8131	167.44	4.721739
8994	-605.2799	-772.9128	167.633	4.613667
9000	-605.9432	-773.3399	167.3968	4.745894
9006	-623.2845	-790.0941	166.8096	5.072785
9012	-615.5065	-783.1524	167.6458	4.606449
9018	-606.9367	-775.3074	168.3707	4.197553
9024	-605.4334	-773.3091	167.8757	4.477329
9030	-592.6449	-760.5206	167.8757	4.477329
9036	-600.247	-768.0053	167.7583	4.543306
9042	-596.6348	-764.7163	168.0815	4.361283
9048	-602.7097	-771.6714	168.9617	3.860126
9054	-607.9286	-776.4731	168.5445	4.098738
9060	-613.9962	-780.5191	166.5229	5.231558
9066	-599.8655	-768.8256	168.9601	3.861074
9072	-604.1106	-771.9696	167.859	4.486703
9078	-601.6637	-769.2901	167.6264	4.617362
9084	-602.2623	-769.2529	166.9906	4.972302
9090	-607.0732	-775.3491	168.2759	4.251305
9096	-605.7082	-773.6581	167.9498	4.435547
9102	-603.3223	-772.0386	168.7163	4.000719
9108	-612.2055	-780.9402	168.7347	3.990206
9114	-604.1146	-772.5629	168.4483	4.153435
9120	-592.9164	-760.9564	168.04	4.384718
9126	-596.9573	-765.1491	168.1919	4.298893
9132	-601.2339	-768.9983	167.7644	4.539883
9138	-604.5468	-773.0188	168.472	4.139994
9144	-618.5128	-786.7752	168.2623	4.258984
9150	-608.6943	-776.9567	168.2623	4.258984
9156	-616.3938	-784.3815	167.9877	4.414195
9162	-613.1982	-781.8769	168.6786	4.022258
9168	-625.2459	-793.5025	168.2566	4.262221
9174	-618.2667	-786.9486	168.6819	4.020359
9180	-618.5049	-786.0265	167.5215	4.676102
9186	-607.4514	-774.973	167.5215	4.676102
9192	-613.9729	-780.7414	166.7685	5.095562
9198	-613.9356	-781.1283	167.1928	4.859759
9204	-605.9106	-774.3694	168.4588	4.147484
9210	-597.1054	-765.432	168.3266	4.22258
9216	-605.7622	-774.0888	168.3266	4.22258
9222	-604.8351	-772.9156	168.0805	4.361831
9228	-608.694	-776.489	167.795	4.522698
9234	-608.3316	-776.2217	167.8901	4.469222
9240	-607.7867	-774.9951	167.2085	4.851002
9246	-608.6612	-776.7258	168.0647	4.370788
9252	-619.9798	-787.9675	167.9877	4.414186
9258	-618.7691	-786.2384	167.4693	4.705367
9264	-623.0383	-790.6895	167.6511	4.60349
9270	-616.704	-785.3809	168.6769	4.023247
9276	-601.0704	-769.1072	168.0369	4.386467
9282	-598.744	-767.0376	168.2937	4.241232
9288	-599.7099	-767.0348	167.3249	4.786025
9294	-598.919	-766.2707	167.3518	4.771041
9300	-611.8075	-779.7735	167.9659	4.42649
