Iteration	Posterior	Likelihood	Prior	tree_length
0	-3058.136	-3225.214	167.0782	4.923576
6	-3059.155	-3226.517	167.3625	4.765073
12	-3069.004	-3236.394	167.3901	4.749637
18	-3071.536	-3238.926	167.3901	4.749637
24	-3074.792	-3241.969	167.1761	4.869024
30	-3075.942	-3243.344	167.402	4.742977
36	-3088.941	-3256.188	167.2475	4.829209
42	-3087.356	-3254.452	167.0958	4.913755
48	-3085.908	-3252.846	166.9381	5.001464
54	-3072.295	-3239.261	166.9658	4.986077
60	-3084.443	-3251.351	166.9078	5.01831
66	-3081.857	-3248.958	167.1014	4.910638
72	-3081.407	-3248.219	166.8127	5.071093
78	-3074.734	-3241.848	167.1133	4.904002
84	-3070.956	-3238.026	167.0695	4.928376
90	-3074.151	-3241.379	167.228	4.840132
96	-3073.792	-3240.747	166.9548	4.992169
102	-3075.059	-3242.097	167.0381	4.945889
108	-3066.746	-3234.088	167.3423	4.776329
114	-3057.244	-3224.645	167.4008	4.743616
120	-3074.711	-3242.118	167.4068	4.740275
126	-3065.73	-3232.795	167.0649	4.930985
132	-3069.78	-3236.759	166.9784	4.979042
138	-3075.786	-3242.689	166.9029	5.021018
144	-3081.076	-3247.813	166.7369	5.113092
150	-3075.295	-3242.473	167.1774	4.868337
156	-3073.126	-3240.304	167.1774	4.868337
162	-3065.538	-3232.668	167.1297	4.894868
168	-3073.847	-3241.489	167.6417	4.608771
174	-3076.949	-3244.443	167.4943	4.691355
180	-3078.959	-3246.294	167.3354	4.780178
186	-3079.629	-3246.58	166.9507	4.99444
192	-3090.073	-3257.575	167.5015	4.687336
198	-3083.199	-3250.701	167.5015	4.687336
204	-3068.401	-3235.903	167.5015	4.687336
210	-3067.111	-3234.325	167.2141	4.847874
216	-3073.304	-3240.432	167.1274	4.896181
222	-3072.734	-3240.178	167.4438	4.719617
228	-3075.196	-3242.903	167.7066	4.572383
234	-3086.12	-3252.966	166.8462	5.052487
240	-3079.804	-3246.339	166.5345	5.225149
246	-3075.965	-3242.157	166.1927	5.413774
252	-3081.48	-3249.082	167.6021	4.630987
258	-3080.868	-3248.078	167.2097	4.850286
264	-3075.831	-3243.062	167.231	4.838459
270	-3068.701	-3234.988	166.2871	5.361748
276	-3068.625	-3235.627	167.0021	4.965868
282	-3079.76	-3247.168	167.408	4.739614
288	-3062.121	-3229.857	167.7365	4.555548
294	-3070.356	-3237.02	166.6643	5.153288
300	-3070.877	-3237.375	166.4977	5.245453
306	-3060.723	-3228.227	167.504	4.685945
312	-3063.826	-3230.963	167.1364	4.891147
318	-3068.464	-3235.298	166.8344	5.059023
324	-3071.59	-3239.213	167.6229	4.619331
330	-3069.86	-3237.325	167.4648	4.707867
336	-3069.077	-3236.366	167.2895	4.805824
342	-3060.169	-3227.357	167.188	4.86241
348	-3061.481	-3228.953	167.4723	4.703656
354	-3061.88	-3229.353	167.4723	4.703656
360	-3066.956	-3233.807	166.8517	5.049446
366	-3062.476	-3229.778	167.3018	4.798933
372	-3075.331	-3243.272	167.9416	4.440199
378	-3067.592	-3234.972	167.3802	4.75518
384	-3082.396	-3249.835	167.4391	4.722248
390	-3073.699	-3240.963	167.2647	4.819635
396	-3080.251	-3246.996	166.7449	5.108645
402	-3081.507	-3248.588	167.0807	4.922173
408	-3078.754	-3245.165	166.4107	5.293509
414	-3064.013	-3230.871	166.8581	5.045865
420	-3066.176	-3233.582	167.407	4.740203
426	-3063.963	-3231.217	167.2534	4.825966
432	-3059.107	-3226.635	167.5279	4.672528
438	-3076.221	-3242.924	166.7036	5.131524
444	-3067.468	-3234.801	167.3325	4.78178
450	-3064.454	-3231.953	167.4988	4.688843
456	-3062.609	-3230.002	167.3925	4.74826
462	-3079.497	-3246.244	166.7467	5.107666
468	-3070.13	-3237.086	166.9566	4.991193
474	-3082.562	-3249.85	167.2882	4.806555
480	-3071.915	-3239.289	167.3746	4.758299
486	-3073.233	-3240.406	167.1726	4.870998
492	-3071.193	-3239.035	167.8416	4.496497
498	-3071.803	-3238.984	167.1811	4.866258
504	-3080.981	-3247.927	166.946	4.997045
510	-3074.782	-3241.761	166.9788	4.978817
516	-3077.787	-3244.507	166.7197	5.122645
522	-3083.397	-3251.201	167.8032	4.518102
528	-3078.87	-3245.785	166.9149	5.014342
534	-3069.227	-3236.588	167.3609	4.765912
540	-3069.628	-3236.902	167.2743	4.814276
546	-3058.695	-3225.97	167.2745	4.814182
552	-3077.814	-3244.414	166.6002	5.188804
558	-3075.719	-3242.319	166.6002	5.188804
564	-3068.725	-3236.216	167.4908	4.693333
570	-3067.685	-3235.194	167.5093	4.682973
576	-3074.561	-3242.003	167.4424	4.720393
582	-3078.778	-3245.58	166.8024	5.076753
588	-3073.688	-3241.257	167.5687	4.649685
594	-3070.586	-3237.866	167.28	4.811127
600	-3072.073	-3239.63	167.5566	4.656466
606	-3066.559	-3233.825	167.2666	4.818596
612	-3069.844	-3237.05	167.206	4.852374
618	-3072.666	-3239.736	167.0697	4.928271
624	-3074.523	-3242.083	167.56	4.654577
630	-3082.537	-3249.453	166.9157	5.01389
636	-3081.159	-3248.996	167.8365	4.499338
642	-3078.406	-3245.852	167.4456	4.718574
648	-3069.771	-3237.217	167.4456	4.718574
654	-3085.799	-3253.502	167.7034	4.57416
660	-3094.089	-3261.937	167.8474	4.493252
666	-3078.302	-3244.975	166.673	5.148473
672	-3082.885	-3249.968	167.0831	4.920836
678	-3072.868	-3239.951	167.0831	4.920836
684	-3074.43	-3241.536	167.1065	4.907804
690	-3084.406	-3252.093	167.6864	4.583691
696	-3070.944	-3238.62	167.6755	4.589809
702	-3073.578	-3240.77	167.1917	4.860324
708	-3085.173	-3252.059	166.8858	5.030517
714	-3088.243	-3255.029	166.7856	5.086105
720	-3078.324	-3246.17	167.8461	4.49397
726	-3085.203	-3252.51	167.3071	4.795953
732	-3082.562	-3249.446	166.8845	5.031205
738	-3079.424	-3246.587	167.163	4.876365
744	-3072.822	-3239.82	166.9982	4.968047
750	-3067.758	-3235.547	167.7888	4.526207
756	-3078.056	-3244.616	166.5601	5.210993
762	-3071.569	-3238.766	167.1962	4.857847
768	-3072.091	-3239.34	167.2489	4.828431
774	-3070.503	-3237.129	166.6263	5.174337
780	-3065.493	-3232.219	166.7257	5.11928
786	-3067.514	-3234.24	166.7257	5.11928
792	-3074.414	-3241.565	167.1507	4.883166
798	-3073.985	-3241.136	167.1507	4.883166
804	-3087.013	-3253.948	166.9347	5.00332
810	-3089.079	-3256.496	167.4169	4.73464
816	-3092.661	-3260.078	167.4169	4.73464
822	-3093.586	-3261.088	167.5029	4.686564
828	-3085.394	-3252.708	167.3143	4.791988
834	-3083.897	-3251.163	167.2657	4.81911
840	-3096.505	-3263.453	166.9476	4.996159
846	-3081.55	-3248.328	166.7776	5.090519
852	-3082.228	-3249.384	167.1558	4.880343
858	-3076.994	-3244.432	167.4386	4.722527
864	-3068.477	-3235.915	167.4386	4.722527
870	-3075.517	-3242.213	166.6958	5.135884
876	-3069.17	-3236.016	166.846	5.052565
882	-3075.906	-3242.869	166.963	4.987602
888	-3067.979	-3235.323	167.3442	4.775284
894	-3076.958	-3244.709	167.7515	4.547145
900	-3091.003	-3258.53	167.5273	4.672856
906	-3072.429	-3239.517	167.0882	4.917991
912	-3081.608	-3248.933	167.3246	4.786191
918	-3078.682	-3245.908	167.2259	4.841262
924	-3078.888	-3246.297	167.409	4.739065
930	-3085.281	-3252.48	167.199	4.856281
936	-3073.393	-3240.166	166.773	5.093066
942	-3078.004	-3244.887	166.8838	5.031598
948	-3068.779	-3235.903	167.1247	4.897652
954	-3078.821	-3246.525	167.7048	4.573381
960	-3075.531	-3242.351	166.8203	5.06684
966	-3075.788	-3242.913	167.125	4.897491
972	-3072.462	-3239.746	167.284	4.808869
978	-3080.018	-3247.068	167.0497	4.939394
984	-3077.782	-3244.711	166.9296	5.006178
990	-3078.538	-3245.765	167.2269	4.840719
996	-3078.549	-3245.638	167.0883	4.917958
1002	-3074.482	-3241.949	167.4673	4.706474
1008	-3065.68	-3233.147	167.4673	4.706474
1014	-3081.339	-3248.132	166.7937	5.081601
1020	-3067.183	-3234.969	167.7861	4.527708
1026	-3085.598	-3252.994	167.3964	4.746115
1032	-3076.463	-3244.041	167.5781	4.644444
1038	-3074.071	-3241.051	166.9796	4.97838
1044	-3070.437	-3237.617	167.1801	4.866786
1050	-3090.184	-3257.361	167.1771	4.868476
1056	-3071.757	-3239.446	167.6892	4.58214
1062	-3079.968	-3247.372	167.4031	4.742374
1068	-3073.658	-3241.052	167.3936	4.747671
1074	-3077.931	-3245.07	167.1386	4.889911
1080	-3078.804	-3246.585	167.7809	4.530596
1086	-3071.791	-3239.09	167.2985	4.800786
1092	-3076.171	-3243.924	167.7526	4.546549
1098	-3070.319	-3237.316	166.9979	4.968208
1104	-3073.578	-3240.618	167.0403	4.944657
1110	-3071.978	-3239.018	167.0403	4.944657
1116	-3071.632	-3238.672	167.0403	4.944657
1122	-3082.889	-3250.535	167.6457	4.606546
1128	-3081.837	-3249.483	167.6457	4.606546
1134	-3081.74	-3248.995	167.2542	4.825512
1140	-3087.614	-3254.977	167.363	4.764779
1146	-3074.917	-3241.937	167.0202	4.9558
1152	-3078.477	-3245.366	166.8889	5.028761
1158	-3076.166	-3243.148	166.9816	4.977262
1164	-3077.234	-3244.459	167.2255	4.841496
1170	-3077.277	-3244.866	167.589	4.63832
1176	-3076.757	-3243.284	166.5274	5.229057
1182	-3068.42	-3235.248	166.8282	5.062494
1188	-3064.568	-3231.396	166.8282	5.062494
1194	-3077.464	-3244.607	167.1427	4.887625
1200	-3075.465	-3242.761	167.296	4.802153
1206	-3067.998	-3235.982	167.9836	4.416513
1212	-3069.913	-3237.897	167.9836	4.416513
1218	-3071.489	-3239.268	167.7792	4.531602
1224	-3065.974	-3232.492	166.518	5.234264
1230	-3074.071	-3241.165	167.0938	4.914885
1236	-3082.107	-3249.008	166.9005	5.022326
1242	-3085.036	-3252.25	167.2145	4.847638
1248	-3076.815	-3243.968	167.1526	4.88216
1254	-3072.923	-3240.076	167.1526	4.88216
1260	-3069.216	-3236.923	167.7077	4.571762
1266	-3067.811	-3235.39	167.5794	4.643714
1272	-3069.965	-3237.544	167.5794	4.643714
1278	-3069.665	-3236.726	167.0609	4.933189
1284	-3081.097	-3248.676	167.579	4.643925
1290	-3072.933	-3240.512	167.579	4.643925
1296	-3075.486	-3242.534	167.0475	4.940621
1302	-3078.467	-3245.514	167.0475	4.940621
1308	-3072.728	-3239.682	166.9532	4.993075
1314	-3090.678	-3258.393	167.7154	4.567412
1320	-3087.881	-3255.87	167.9888	4.413597
1326	-3073.74	-3240.655	166.9152	5.014185
1332	-3071.118	-3238.288	167.1697	4.872633
1338	-3079.956	-3247.229	167.2732	4.814913
1344	-3073.651	-3241.359	167.7074	4.571884
1350	-3084.805	-3252.054	167.249	4.828413
1356	-3067.833	-3235.09	167.2574	4.823726
1362	-3074.925	-3242.398	167.4728	4.703368
1368	-3079.272	-3246.671	167.3993	4.744468
1374	-3093.325	-3260.899	167.574	4.646704
1380	-3080.212	-3247.13	166.9178	5.012743
1386	-3067.893	-3235.104	167.2112	4.849464
1392	-3072.226	-3239.63	167.4038	4.741946
1398	-3072.176	-3239.207	167.0312	4.949732
1404	-3077.96	-3245.334	167.3742	4.75849
1410	-3069.173	-3236.202	167.029	4.950922
1416	-3069.472	-3236.501	167.029	4.950922
1422	-3067.198	-3234.227	167.029	4.950922
1428	-3065.69	-3232.813	167.1229	4.898683
1434	-3079.384	-3246.715	167.3306	4.782881
1440	-3069.722	-3236.819	167.0973	4.912937
1446	-3080.273	-3247.37	167.0973	4.912937
1452	-3060.884	-3228.243	167.3591	4.766946
1458	-3076.035	-3243.394	167.3591	4.766946
1464	-3068.645	-3235.572	166.9271	5.007557
1470	-3074.731	-3242.004	167.2724	4.815336
1476	-3083.174	-3249.864	166.6901	5.139022
1482	-3076.602	-3243.837	167.2351	4.836149
1488	-3066.749	-3234.362	167.613	4.62487
1494	-3067.98	-3235.637	167.6572	4.600076
1500	-3062.453	-3229.347	166.8935	5.026249
1506	-3075.17	-3242.177	167.0065	4.963435
1512	-3074.998	-3242.585	167.5867	4.639606
1518	-3076.636	-3243.827	167.1903	4.861112
1524	-3072.987	-3240.156	167.1684	4.873326
1530	-3078.79	-3245.958	167.1684	4.873326
1536	-3074.711	-3242.138	167.4262	4.729427
1542	-3072.988	-3240.111	167.1224	4.898937
1548	-3074.172	-3241.586	167.414	4.736254
1554	-3076.104	-3243.553	167.4489	4.716727
1560	-3074.044	-3241.648	167.6036	4.630149
1566	-3079.633	-3246.565	166.9317	5.005009
1572	-3077.982	-3244.714	166.7327	5.115414
1578	-3080.962	-3247.962	166.9994	4.967394
1584	-3078.622	-3245.487	166.865	5.042032
1590	-3096.27	-3263.763	167.493	4.692058
1596	-3103.862	-3271.08	167.2177	4.845856
1602	-3077.533	-3244.696	167.1628	4.876459
1608	-3076.576	-3243.739	167.1628	4.876459
1614	-3079.166	-3246.402	167.2364	4.835405
1620	-3077.045	-3244.713	167.6681	4.593967
1626	-3074.914	-3242.021	167.1073	4.90735
1632	-3079.593	-3246.605	167.0122	4.960281
1638	-3079.184	-3246.556	167.3717	4.759898
1644	-3067.988	-3235.287	167.2999	4.800003
1650	-3074.391	-3241.875	167.484	4.697139
1656	-3078.05	-3245.104	167.0541	4.936983
1662	-3085.076	-3251.915	166.8393	5.056284
1668	-3078.984	-3245.824	166.8393	5.056284
1674	-3072.473	-3239.607	167.1339	4.892575
1680	-3066.048	-3233.712	167.6647	4.595853
1686	-3079.598	-3246.502	166.9044	5.020169
1692	-3072.45	-3239.706	167.2555	4.824761
1698	-3070.169	-3237.425	167.2555	4.824761
1704	-3068.259	-3235.514	167.2555	4.824761
1710	-3063.267	-3230.523	167.2555	4.824761
1716	-3074.871	-3241.991	167.1203	4.900114
1722	-3068.967	-3235.775	166.8074	5.074013
1728	-3067.931	-3235.06	167.1286	4.895508
1734	-3073.648	-3240.537	166.8886	5.028923
1740	-3074.917	-3242.604	167.6862	4.583791
1746	-3063.476	-3231.116	167.6406	4.609412
1752	-3071.703	-3238.925	167.2215	4.843726
1758	-3080.102	-3246.741	166.6387	5.167505
1764	-3085.56	-3253.027	167.4671	4.706574
1770	-3079.846	-3246.962	167.1157	4.90271
1776	-3074.272	-3241.468	167.1957	4.858094
1782	-3078.537	-3245.468	166.9318	5.004964
1788	-3080.926	-3248.167	167.2406	4.83309
1794	-3082.781	-3249.632	166.8513	5.049653
1800	-3081.693	-3248.544	166.8513	5.049653
1806	-3080.827	-3247.59	166.7637	5.098256
1812	-3087.852	-3255.168	167.3156	4.791258
1818	-3075.811	-3242.976	167.1647	4.875417
1824	-3078.99	-3246.155	167.1647	4.875417
1830	-3083.653	-3250.724	167.0719	4.927082
1836	-3093.551	-3261.219	167.6684	4.593822
1842	-3086.84	-3254.24	167.4006	4.743759
1848	-3085.162	-3252.563	167.4006	4.743759
1854	-3095.142	-3261.974	166.8317	5.060523
1860	-3089.619	-3256.976	167.3569	4.768179
1866	-3088.553	-3255.91	167.3569	4.768179
1872	-3071.868	-3238.794	166.9263	5.008001
1878	-3075.832	-3243.106	167.2734	4.814804
1884	-3080.765	-3248.038	167.2734	4.814804
1890	-3090.594	-3257.628	167.0333	4.94855
1896	-3081.354	-3248.132	166.7772	5.090727
1902	-3081.969	-3249.278	167.3089	4.794989
1908	-3075.607	-3243.046	167.4386	4.722485
1914	-3075.926	-3243.524	167.5981	4.633199
1920	-3060.224	-3227.145	166.9208	5.011065
1926	-3077.023	-3243.552	166.5295	5.227918
1932	-3074.128	-3241.228	167.1002	4.911322
1938	-3066.864	-3234.613	167.749	4.548547
1944	-3072.445	-3239.595	167.1499	4.883618
1950	-3074.604	-3241.852	167.2479	4.829013
1956	-3083.523	-3250.614	167.091	4.916441
1962	-3073.186	-3240.891	167.7044	4.573581
1968	-3072.916	-3240.688	167.7721	4.535568
1974	-3079.545	-3246.871	167.3258	4.785561
1980	-3074.822	-3241.689	166.8668	5.041041
1986	-3085.455	-3252.837	167.3826	4.753796
1992	-3090.468	-3257.619	167.1511	4.882954
1998	-3077.274	-3244.271	166.9966	4.968919
2004	-3079.332	-3245.981	166.6495	5.161499
2010	-3077.72	-3244.66	166.9404	5.000179
2016	-3074.445	-3241.748	167.303	4.798266
2022	-3066.708	-3234.072	167.3645	4.763939
2028	-3069.672	-3236.599	166.927	5.007624
2034	-3073.446	-3241.151	167.7051	4.573195
2040	-3071.287	-3238.992	167.7051	4.573195
2046	-3067.835	-3234.923	167.0883	4.917916
2052	-3064.572	-3231.442	166.87	5.039287
2058	-3067.89	-3234.753	166.8628	5.043245
2064	-3077.893	-3245.479	167.5863	4.639837
2070	-3066.719	-3234.305	167.5863	4.639837
2076	-3071.485	-3238.235	166.7502	5.105728
2082	-3073.613	-3241.09	167.4763	4.701419
2088	-3090.356	-3257.937	167.5806	4.643016
2094	-3069.316	-3236.569	167.253	4.826176
2100	-3071.971	-3239.224	167.253	4.826176
2106	-3074.953	-3242.207	167.2548	4.825138
2112	-3087.346	-3254.794	167.4475	4.717545
2118	-3088.514	-3255.666	167.1518	4.882567
2124	-3073.871	-3241.023	167.1518	4.882567
2130	-3071.572	-3238.564	166.9918	4.971624
2136	-3073.901	-3241.412	167.5107	4.682157
2142	-3072.374	-3239.242	166.8687	5.039988
2148	-3073.226	-3240.037	166.811	5.071994
2154	-3074.68	-3241.976	167.2964	4.801956
2160	-3074.553	-3241.867	167.3136	4.792326
2166	-3074.331	-3241.887	167.5562	4.656697
2172	-3072.993	-3240.146	167.1529	4.881991
2178	-3081.27	-3248.324	167.0539	4.937092
2184	-3072.022	-3239.422	167.4002	4.743982
2190	-3075.173	-3242.484	167.3113	4.793641
2196	-3070.077	-3237.142	167.0659	4.9304
2202	-3088.668	-3256.124	167.4567	4.712386
2208	-3088.018	-3255.454	167.4359	4.724027
2214	-3079.477	-3246.402	166.9256	5.008392
2220	-3086.006	-3253.122	167.1163	4.902367
2226	-3091.931	-3259.089	167.1576	4.879362
2232	-3072.245	-3239.481	167.2364	4.835413
2238	-3073.023	-3240.261	167.2373	4.83492
2244	-3077.26	-3244.389	167.1292	4.895169
2250	-3072.051	-3239.256	167.2052	4.852849
2256	-3066.966	-3234.443	167.4771	4.700988
2262	-3078.325	-3245.811	167.4868	4.695567
2268	-3071.446	-3238.628	167.1822	4.865659
2274	-3070.842	-3237.995	167.1527	4.882053
2280	-3079.116	-3246.208	167.0919	4.915956
2286	-3071.636	-3239.252	167.6156	4.623382
2292	-3067.684	-3234.69	167.0061	4.963663
2298	-3081.3	-3248.029	166.7293	5.117289
2304	-3078.409	-3246.141	167.7313	4.55851
2310	-3080.843	-3247.821	166.9774	4.979632
2316	-3090.317	-3257.641	167.3247	4.786152
2322	-3089.753	-3257.123	167.3698	4.760953
2328	-3085.062	-3252.432	167.3698	4.760953
2334	-3075.921	-3243.055	167.1349	4.891993
2340	-3076.197	-3243.483	167.2858	4.807877
2346	-3078.185	-3245.918	167.7331	4.557485
2352	-3075.534	-3242.996	167.4613	4.709818
2358	-3074.947	-3242.081	167.1341	4.892435
2364	-3075.254	-3242.388	167.1341	4.892435
2370	-3067.727	-3234.862	167.1341	4.892435
2376	-3072.235	-3239.329	167.0941	4.914684
2382	-3076.386	-3243.501	167.115	4.903054
2388	-3080.72	-3247.835	167.115	4.903054
2394	-3085.404	-3252.325	166.9214	5.010708
2400	-3085.511	-3252.772	167.2606	4.821948
2406	-3077.809	-3245.142	167.3324	4.781869
2412	-3088.518	-3255.483	166.9642	4.986968
2418	-3087.248	-3255.253	168.0049	4.404483
2424	-3090.612	-3257.838	167.2261	4.841157
2430	-3087.277	-3254.426	167.1496	4.883804
2436	-3072.355	-3239.307	166.9522	4.993618
2442	-3068.078	-3235.115	167.0365	4.946737
2448	-3065.137	-3232.573	167.4358	4.724097
2454	-3072.03	-3239.895	167.8642	4.483787
2460	-3090.673	-3257.987	167.3147	4.791713
2466	-3096.186	-3262.647	166.4609	5.265783
2472	-3094.049	-3261.037	166.9874	4.974078
2478	-3073.927	-3241.308	167.3802	4.755159
2484	-3066.479	-3233.805	167.3257	4.785614
2490	-3073.205	-3240.058	166.8529	5.048736
2496	-3073.999	-3241.142	167.1429	4.887532
2502	-3079.26	-3246.772	167.5117	4.68159
2508	-3080.244	-3246.984	166.7399	5.111458
2514	-3076.628	-3244.437	167.8091	4.514763
2520	-3085.835	-3253.611	167.7764	4.533159
2526	-3084.062	-3251.612	167.5495	4.660437
2532	-3082.987	-3250.506	167.5181	4.678008
2538	-3073.78	-3241.184	167.4037	4.742016
2544	-3062.425	-3229.505	167.0797	4.922718
2550	-3062.406	-3229.37	166.9641	4.986999
2556	-3068.258	-3235.874	167.6156	4.623412
2562	-3076.514	-3243.732	167.2177	4.845842
2568	-3071.679	-3238.865	167.1854	4.863878
2574	-3076.931	-3244.256	167.3248	4.786104
2580	-3074.437	-3240.957	166.5203	5.232974
2586	-3071.823	-3238.343	166.5203	5.232974
2592	-3081.958	-3249.763	167.8057	4.516697
2598	-3082.814	-3250.414	167.5995	4.632428
2604	-3085.166	-3252.497	167.3312	4.7825
2610	-3084.705	-3251.747	167.042	4.943691
2616	-3081.178	-3248.136	166.958	4.990376
2622	-3077.26	-3244.799	167.5395	4.66603
2628	-3074.845	-3242.492	167.6477	4.605386
2634	-3074.935	-3242.583	167.6477	4.605386
2640	-3071.892	-3238.944	167.0518	4.938252
2646	-3061.782	-3228.703	166.9205	5.011206
2652	-3062.686	-3229.752	167.0665	4.930073
2658	-3070.503	-3237.804	167.3016	4.799032
2664	-3082.5	-3250.396	167.8965	4.465596
2670	-3083.797	-3251.135	167.3387	4.778326
2676	-3075.768	-3243.359	167.591	4.637196
2682	-3069.422	-3237.023	167.6007	4.631787
2688	-3068.113	-3235.975	167.8625	4.484711
2694	-3092.362	-3258.893	166.5314	5.22687
2700	-3076.638	-3243.519	166.8805	5.033471
2706	-3073.287	-3240.378	167.0912	4.916336
2712	-3076.263	-3243.327	167.0639	4.931492
2718	-3066.911	-3234.224	167.3127	4.792877
2724	-3068.968	-3236.042	167.074	4.925892
2730	-3070.02	-3237.418	167.398	4.745214
2736	-3066.42	-3233.768	167.3483	4.772985
2742	-3070.93	-3238.16	167.23	4.838987
2748	-3081.834	-3249.064	167.23	4.838987
2754	-3094.983	-3262.029	167.0456	4.941713
2760	-3083.441	-3251.126	167.6848	4.584591
2766	-3082.646	-3250.055	167.4089	4.739142
2772	-3081.986	-3249.109	167.123	4.898637
2778	-3082.001	-3248.602	166.6012	5.188216
2784	-3090.288	-3257.954	167.6657	4.595313
2790	-3077.565	-3245.079	167.5133	4.680689
2796	-3064.658	-3231.831	167.1724	4.871119
2802	-3070.892	-3237.649	166.7572	5.101857
2808	-3066.686	-3233.923	167.2376	4.834783
2814	-3070.521	-3237.669	167.1479	4.884759
2820	-3070.835	-3237.897	167.0626	4.932236
2826	-3076.836	-3244.328	167.4923	4.692455
2832	-3087.219	-3253.871	166.6526	5.159791
2838	-3085.043	-3252.163	167.1201	4.900208
2844	-3077.047	-3244.129	167.082	4.921416
2850	-3082.276	-3249.416	167.1403	4.888961
2856	-3071.705	-3238.846	167.1403	4.888961
2862	-3078.825	-3245.477	166.6515	5.16042
2868	-3078.418	-3246.225	167.8075	4.515681
2874	-3078.345	-3245.874	167.5293	4.671776
2880	-3074.767	-3242.296	167.5293	4.671776
2886	-3078.659	-3246.197	167.5379	4.666958
2892	-3077.981	-3245.534	167.5529	4.658531
2898	-3075.414	-3243.051	167.6367	4.61158
2904	-3069.085	-3236.652	167.5665	4.6509
2910	-3071.808	-3239.32	167.5118	4.681537
2916	-3065.326	-3232.587	167.2612	4.821582
2922	-3058.401	-3225.537	167.1363	4.891211
2928	-3060.367	-3227.173	166.8059	5.074855
2934	-3063.185	-3230	166.8149	5.069825
2940	-3085.482	-3252.564	167.0813	4.921808
2946	-3084.62	-3251.581	166.9612	4.988641
2952	-3077.85	-3244.811	166.9612	4.988641
2958	-3073.224	-3240.928	167.7034	4.574179
2964	-3075.164	-3242.521	167.3577	4.767714
2970	-3082.427	-3249.16	166.7332	5.115123
2976	-3068.319	-3234.989	166.6694	5.150492
2982	-3068.668	-3235.503	166.8347	5.058855
2988	-3074.303	-3241.051	166.7484	5.106728
2994	-3072.815	-3239.961	167.1454	4.886122
3000	-3073.717	-3241.241	167.5237	4.674906
3006	-3080.212	-3247.214	167.0021	4.965906
3012	-3086.947	-3253.764	166.8169	5.068748
3018	-3069.421	-3236.776	167.3556	4.768888
3024	-3077.348	-3244.704	167.3556	4.768888
3030	-3084.196	-3251.672	167.4765	4.701312
3036	-3090.057	-3257.164	167.1068	4.907664
3042	-3080.384	-3247.42	167.0367	4.946642
3048	-3080.102	-3247.892	167.79	4.525489
3054	-3070.17	-3238.029	167.8591	4.486663
3060	-3062.691	-3229.901	167.2102	4.850037
3066	-3074.246	-3241.101	166.8546	5.04784
3072	-3082.84	-3250.127	167.2871	4.807136
3078	-3083.205	-3250.505	167.2997	4.800138
3084	-3080.158	-3247.015	166.8565	5.046792
3090	-3085.473	-3252.715	167.2422	4.832183
3096	-3083.377	-3250.415	167.0377	4.94609
3102	-3070.661	-3237.966	167.3051	4.797111
3108	-3076.049	-3243.712	167.663	4.59682
3114	-3077.821	-3244.643	166.8221	5.065837
3120	-3079.215	-3246.584	167.3691	4.761361
3126	-3084.367	-3251.877	167.5097	4.682741
3132	-3084.441	-3252.034	167.5931	4.635996
3138	-3082.978	-3249.646	166.669	5.150734
3144	-3089.468	-3257.398	167.9294	4.447071
3150	-3080.338	-3247.276	166.9385	5.001246
3156	-3072.789	-3240.15	167.3605	4.766163
3162	-3064.767	-3232.859	168.0924	4.355112
3168	-3066.256	-3234.072	167.8155	4.511196
3174	-3082.802	-3249.715	166.913	5.015374
3180	-3085.416	-3252.764	167.3481	4.773067
3186	-3076.107	-3243.428	167.3212	4.788125
3192	-3082.049	-3249.371	167.3212	4.788125
3198	-3071.207	-3238.129	166.9212	5.010845
3204	-3071.322	-3238.354	167.0322	4.949165
3210	-3076.007	-3243.079	167.0723	4.92686
3216	-3085.761	-3252.913	167.1518	4.882594
3222	-3068.959	-3235.983	167.0241	4.95367
3228	-3072.826	-3240.465	167.6391	4.610252
3234	-3071.936	-3238.619	166.6831	5.142897
3240	-3082.848	-3250.126	167.278	4.812207
3246	-3085.779	-3253.264	167.4849	4.696616
3252	-3079.741	-3247.63	167.8882	4.470276
3258	-3076.605	-3244.133	167.5279	4.672536
3264	-3073.638	-3240.726	167.0887	4.917721
3270	-3067.167	-3234.473	167.3066	4.796253
3276	-3073.933	-3241.651	167.7178	4.566051
3282	-3077.624	-3244.894	167.2699	4.816732
3288	-3073.575	-3240.859	167.2839	4.808918
3294	-3075.016	-3242.622	167.6054	4.629105
3300	-3080.283	-3247.018	166.7344	5.114486
3306	-3072.246	-3239.177	166.9304	5.005744
3312	-3086.628	-3253.407	166.779	5.089781
3318	-3078.008	-3244.866	166.8576	5.046182
3324	-3082.187	-3248.75	166.5621	5.209859
3330	-3087.73	-3254.116	166.3853	5.307563
3336	-3078.456	-3245.909	167.4529	4.714496
3342	-3076.692	-3243.921	167.229	4.839532
3348	-3068.233	-3235.843	167.6103	4.626393
3354	-3078.413	-3245.189	166.7766	5.091069
3360	-3076.187	-3243.426	167.2387	4.834146
3366	-3073.133	-3240.193	167.0604	4.933479
3372	-3070.684	-3237.778	167.0933	4.915151
3378	-3073.888	-3241.585	167.6966	4.577951
3384	-3087.956	-3255.213	167.2572	4.823809
3390	-3086.388	-3253.308	166.9201	5.011471
3396	-3074.296	-3241.837	167.5419	4.664695
3402	-3073.009	-3239.795	166.7855	5.086143
3408	-3074.872	-3241.574	166.7014	5.132766
3414	-3084.797	-3251.746	166.9484	4.995755
3420	-3077.63	-3244.776	167.1462	4.885671
3426	-3070.015	-3237.673	167.6584	4.599389
3432	-3069.492	-3237.151	167.6584	4.599389
3438	-3075.786	-3242.666	166.88	5.03374
3444	-3084.321	-3251.201	166.88	5.03374
3450	-3086.585	-3253.159	166.5745	5.202989
3456	-3085.088	-3251.547	166.4589	5.266921
3462	-3072.763	-3239.995	167.2319	4.837924
3468	-3074.991	-3242.358	167.3669	4.762595
3474	-3074.425	-3242.234	167.8091	4.514754
3480	-3061.395	-3228.452	167.057	4.935364
3486	-3056.925	-3224.559	167.6338	4.613222
3492	-3055.656	-3223.183	167.5274	4.672831
3498	-3067.963	-3234.919	166.9556	4.991715
3504	-3062.509	-3229.824	167.3148	4.791663
3510	-3061.904	-3229.219	167.3148	4.791663
3516	-3062.745	-3229.424	166.6797	5.144771
3522	-3079.167	-3246.888	167.7215	4.56397
3528	-3086.714	-3253.136	166.422	5.287307
3534	-3077.082	-3243.914	166.8326	5.060043
3540	-3077.538	-3244.97	167.4325	4.725921
3546	-3082.256	-3249.193	166.9363	5.002442
3552	-3077.355	-3244.792	167.4365	4.723711
3558	-3081.76	-3248.252	166.4924	5.248424
3564	-3090.572	-3258.135	167.5631	4.652846
3570	-3093.038	-3261	167.9618	4.428786
3576	-3080.92	-3248.09	167.1701	4.872403
3582	-3077.515	-3244.86	167.3451	4.774743
3588	-3082.043	-3249.187	167.1449	4.886408
3594	-3076.535	-3243.361	166.8257	5.063855
3600	-3078.875	-3246.333	167.4578	4.71177
3606	-3070.736	-3237.932	167.196	4.857933
3612	-3081.195	-3248.666	167.4713	4.704225
3618	-3084.728	-3251.979	167.2509	4.827313
3624	-3078.173	-3245.583	167.4104	4.738265
3630	-3075.344	-3242.235	166.8908	5.027711
3636	-3074.966	-3242.528	167.5628	4.653009
3642	-3074.596	-3241.722	167.1255	4.897224
3648	-3074.585	-3241.72	167.1345	4.892236
3654	-3083.426	-3250.925	167.4984	4.689036
3660	-3066.556	-3234.055	167.4984	4.689036
3666	-3060.856	-3228.355	167.4984	4.689036
3672	-3063.422	-3230.461	167.039	4.945384
3678	-3076.669	-3243.708	167.039	4.945384
3684	-3071.647	-3238.855	167.2081	4.851197
3690	-3085.76	-3253.43	167.67	4.592905
3696	-3083.436	-3250.391	166.9547	4.992247
3702	-3064.277	-3231.475	167.1983	4.85665
3708	-3073.7	-3241.003	167.3031	4.798196
3714	-3075.249	-3241.638	166.3883	5.305888
3720	-3067.412	-3234.24	166.8278	5.062705
3726	-3070.864	-3238.997	168.1322	4.332631
3732	-3073.723	-3241.288	167.5656	4.651441
3738	-3069.434	-3236.255	166.8216	5.06612
3744	-3069.936	-3237.108	167.1724	4.87111
3750	-3074.231	-3241.467	167.2358	4.835736
3756	-3071.409	-3238.403	166.9945	4.970126
3762	-3068.855	-3235.85	166.9945	4.970126
3768	-3073.883	-3241.33	167.4468	4.717904
3774	-3069.999	-3237.367	167.3674	4.762325
3780	-3071.697	-3238.902	167.2046	4.853139
3786	-3072.172	-3239.601	167.4295	4.727586
3792	-3076.425	-3243.854	167.4295	4.727586
3798	-3074.859	-3242.305	167.4459	4.718456
3804	-3075.073	-3242.21	167.1371	4.890784
3810	-3081.184	-3248.321	167.1371	4.890784
3816	-3071.881	-3238.697	166.8165	5.068944
3822	-3077.932	-3245.145	167.2137	4.848064
3828	-3069.615	-3236.828	167.2137	4.848064
3834	-3080.059	-3247.252	167.1928	4.859744
3840	-3074.021	-3241.454	167.4335	4.725372
3846	-3074.615	-3241.923	167.3085	4.79522
3852	-3094.241	-3260.974	166.7329	5.115297
3858	-3086.564	-3253.535	166.9714	4.982973
3864	-3088.451	-3256.013	167.5622	4.653334
3870	-3075.301	-3242.466	167.1654	4.874996
3876	-3088.404	-3255.538	167.1337	4.89264
3882	-3083.869	-3251.014	167.1443	4.886765
3888	-3077.967	-3244.817	166.8504	5.050162
3894	-3074.27	-3241.111	166.8412	5.055236
3900	-3067.828	-3235.177	167.3491	4.77254
3906	-3068.442	-3235.791	167.3491	4.77254
3912	-3070.118	-3237.345	167.2273	4.840504
3918	-3074.249	-3241.477	167.2273	4.840504
3924	-3079.046	-3246.81	167.7636	4.540316
3930	-3075.2	-3242.532	167.3312	4.782507
3936	-3082.279	-3249.058	166.7793	5.089608
3942	-3090.121	-3257.522	167.4013	4.743382
3948	-3084.923	-3252.617	167.6941	4.579395
3954	-3079.546	-3246.761	167.2142	4.847777
3960	-3076.474	-3243.654	167.1805	4.866581
3966	-3085.014	-3252.194	167.1805	4.866581
3972	-3087.433	-3254.621	167.1878	4.86253
3978	-3085.096	-3252.345	167.2487	4.828573
3984	-3071.012	-3238.328	167.316	4.791025
3990	-3073.358	-3240.542	167.1837	4.864796
3996	-3077.5	-3244.783	167.2823	4.809828
4002	-3091.729	-3258.844	167.1144	4.903428
4008	-3084.179	-3251.293	167.1144	4.903428
4014	-3087.232	-3254.246	167.0135	4.959574
4020	-3093.508	-3260.944	167.4363	4.723777
4026	-3086.166	-3253.961	167.7955	4.522391
4032	-3088.829	-3256.383	167.5541	4.657868
4038	-3080.596	-3248.15	167.5541	4.657868
4044	-3079.394	-3247.222	167.8278	4.50428
4050	-3076.791	-3243.713	166.9223	5.010251
4056	-3066.674	-3233.868	167.1943	4.858877
4062	-3083.2	-3250.106	166.9057	5.019426
4068	-3062.6	-3229.679	167.0797	4.922736
4074	-3066.036	-3233.448	167.4115	4.737653
4080	-3083.919	-3250.946	167.0268	4.952133
4086	-3066.08	-3233.635	167.5557	4.656988
4092	-3061.317	-3228.578	167.261	4.821718
4098	-3062.243	-3229.183	166.9401	5.000355
4104	-3059.236	-3226.244	167.0085	4.962324
4110	-3075.521	-3242.771	167.2496	4.828079
4116	-3080.454	-3247.527	167.0724	4.926808
4122	-3075.129	-3241.745	166.6155	5.18033
4128	-3062.7	-3229.845	167.145	4.886348
4134	-3089.434	-3256.321	166.8871	5.029758
4140	-3098.172	-3265.665	167.4925	4.692331
4146	-3078.592	-3245.219	166.627	5.17396
4152	-3077.53	-3244.901	167.3712	4.760175
4158	-3081.659	-3248.851	167.1922	4.860048
4164	-3072.197	-3239.496	167.2991	4.800437
4170	-3078.288	-3245.501	167.2127	4.848664
4176	-3078.293	-3245.415	167.1212	4.899646
4182	-3072.19	-3239.134	166.9439	4.998206
4188	-3074.329	-3241.51	167.1805	4.866588
4194	-3072.404	-3239.43	167.0255	4.952885
4200	-3075.377	-3242.642	167.2657	4.819068
4206	-3078.121	-3245.378	167.2566	4.82417
4212	-3077.124	-3244.224	167.0998	4.911531
4218	-3088.505	-3255.755	167.2509	4.827351
4224	-3071.987	-3239.5	167.5133	4.680697
4230	-3065.079	-3232.284	167.2051	4.852868
4236	-3067.157	-3234.697	167.54	4.665744
4242	-3072.559	-3239.916	167.3569	4.768201
4248	-3069.447	-3236.106	166.6591	5.156195
4254	-3081.496	-3248.174	166.6783	5.145584
4260	-3077.808	-3245.331	167.5227	4.675469
4266	-3070.798	-3238.052	167.2543	4.825461
4272	-3071.546	-3238.956	167.4107	4.738118
4278	-3075.153	-3241.799	166.6455	5.163704
4284	-3068.859	-3235.892	167.0332	4.948608
4290	-3069.447	-3237.202	167.7545	4.545455
4296	-3073.888	-3241.059	167.1716	4.871564
4302	-3066.704	-3233.961	167.2575	4.823673
4308	-3071.969	-3239.449	167.4799	4.699402
4314	-3074.08	-3241.89	167.8101	4.514205
4320	-3073.984	-3241.067	167.0829	4.920939
4326	-3071.438	-3238.75	167.3112	4.793667
4332	-3072.716	-3238.984	166.2679	5.372301
4338	-3074.069	-3241.098	167.0293	4.950781
4344	-3066.026	-3232.749	166.7224	5.121134
4350	-3065.287	-3232.323	167.0359	4.947115
4356	-3063.973	-3231.373	167.3994	4.744434
4362	-3066.14	-3233.382	167.2422	4.832186
4368	-3087.43	-3255.288	167.8579	4.487344
4374	-3070.291	-3237.381	167.0898	4.917128
4380	-3072.18	-3238.944	166.7642	5.097974
4386	-3071.977	-3238.317	166.3397	5.332739
4392	-3091.371	-3259.233	167.8616	4.485228
4398	-3081.902	-3249.075	167.1724	4.871113
4404	-3067.142	-3234.729	167.5877	4.639035
4410	-3068.581	-3236.103	167.522	4.675843
4416	-3082.468	-3249.616	167.1486	4.88435
4422	-3069.632	-3236.983	167.3509	4.771516
4428	-3067.39	-3233.942	166.5521	5.215408
4434	-3069.357	-3237.13	167.7734	4.534831
4440	-3070.133	-3236.775	166.6426	5.165343
4446	-3074.669	-3242.528	167.8586	4.486928
4452	-3066.426	-3234.022	167.5966	4.634055
4458	-3077.165	-3244.687	167.5223	4.675689
4464	-3073.594	-3240.874	167.28	4.811103
4470	-3071.548	-3238.526	166.9779	4.979313
4476	-3070.285	-3237.426	167.1417	4.888196
4482	-3068.536	-3235.678	167.1417	4.888196
4488	-3076.998	-3244.006	167.0082	4.962471
4494	-3067.912	-3235.179	167.2669	4.818402
4500	-3078.198	-3245.775	167.5766	4.64527
4506	-3076.273	-3243.105	166.8329	5.05986
4512	-3079.811	-3247.404	167.5923	4.636443
4518	-3069.89	-3236.827	166.9376	5.001736
4524	-3066.58	-3233.417	166.8366	5.057814
4530	-3070.224	-3237.057	166.8334	5.059584
4536	-3066.448	-3233.759	167.3104	4.794129
4542	-3064.559	-3232.398	167.8392	4.497837
4548	-3053.958	-3221.353	167.3946	4.747106
4554	-3071.362	-3238.361	166.9992	4.967474
4560	-3072.146	-3239.145	166.9992	4.967474
4566	-3083.047	-3250.099	167.0514	4.938481
4572	-3069.841	-3236.892	167.0514	4.938481
4578	-3071.38	-3238.404	167.0241	4.953658
4584	-3079.716	-3247.055	167.3397	4.777765
4590	-3089.787	-3257.766	167.9788	4.419231
4596	-3077.058	-3244.117	167.0593	4.934052
4602	-3064.916	-3232.013	167.0964	4.913402
4608	-3064.413	-3231.345	166.9316	5.005091
4614	-3068.73	-3235.476	166.7462	5.107932
4620	-3075.858	-3243.644	167.786	4.527752
4626	-3075.027	-3241.827	166.8004	5.077897
4632	-3087.727	-3254.687	166.9603	4.989108
4638	-3083.799	-3250.701	166.9011	5.02199
4644	-3080.865	-3248.415	167.55	4.660173
4650	-3075.091	-3242.622	167.5317	4.670434
4656	-3082.338	-3249.267	166.9294	5.006268
4662	-3087.76	-3254.783	167.0228	4.954362
4668	-3086.387	-3253.41	167.0228	4.954362
4674	-3085.905	-3252.886	166.981	4.977608
4680	-3068.939	-3235.746	166.8066	5.074453
4686	-3064.03	-3231.156	167.1268	4.896482
4692	-3059.469	-3226.618	167.1485	4.884398
4698	-3073.04	-3239.953	166.9132	5.015314
4704	-3073.375	-3240.377	167.0028	4.9655
4710	-3069.167	-3236.17	167.0028	4.9655
4716	-3070.943	-3238.259	167.3154	4.791367
4722	-3084.367	-3251.663	167.2956	4.802398
4728	-3079.961	-3247.689	167.7275	4.560634
4734	-3073.484	-3240.565	167.0812	4.921887
4740	-3068.777	-3235.881	167.1042	4.909072
4746	-3075.611	-3242.68	167.0695	4.928418
4752	-3081.265	-3248.449	167.1837	4.864823
4758	-3069.379	-3236.563	167.1837	4.864823
4764	-3070.783	-3237.967	167.1837	4.864823
4770	-3075.109	-3242.698	167.5889	4.638366
4776	-3075.062	-3242.65	167.5889	4.638366
4782	-3072.295	-3239.858	167.5636	4.652523
4788	-3074.114	-3241.626	167.5124	4.681216
4794	-3076.189	-3243.594	167.4052	4.741183
4800	-3083.178	-3250.327	167.1495	4.883846
4806	-3100.194	-3267.344	167.1495	4.883846
4812	-3099.67	-3267.394	167.7239	4.562665
4818	-3084.729	-3251.755	167.0256	4.952821
4824	-3083.806	-3251.5	167.6942	4.579297
4830	-3076.894	-3245.005	168.1111	4.344531
4836	-3071.435	-3238.908	167.4731	4.703232
4842	-3076.017	-3242.747	166.7308	5.1165
4848	-3074.089	-3241.176	167.087	4.918686
4854	-3080.409	-3247.933	167.5241	4.674691
4860	-3076.065	-3243.566	167.5007	4.687796
4866	-3089.664	-3256.21	166.5459	5.218827
4872	-3087.772	-3255.88	168.1084	4.346089
4878	-3079.533	-3247.891	168.358	4.20475
4884	-3072.296	-3239.716	167.4206	4.732567
4890	-3071.96	-3238.183	166.2232	5.396975
4896	-3067.785	-3234.752	166.9679	4.984882
4902	-3068.265	-3235.392	167.1273	4.896223
4908	-3069.305	-3236.578	167.2723	4.815419
4914	-3068.875	-3236.147	167.2723	4.815419
4920	-3086.508	-3253.561	167.0536	4.937257
4926	-3089.963	-3256.784	166.8205	5.066758
4932	-3077.974	-3245.192	167.2182	4.845579
4938	-3078.731	-3245.929	167.1979	4.856878
4944	-3075.784	-3242.838	167.0543	4.936873
4950	-3071.721	-3239.218	167.4966	4.690057
4956	-3089.613	-3257.272	167.6591	4.599019
4962	-3074.539	-3241.8	167.2607	4.821889
4968	-3072.501	-3239.446	166.9446	4.997831
4974	-3071.915	-3239.294	167.3792	4.755699
4980	-3069.419	-3236.622	167.2031	4.854002
4986	-3072.906	-3240.035	167.1292	4.895151
4992	-3081.488	-3249.401	167.9123	4.456704
4998	-3080.209	-3247.682	167.4736	4.702908
5004	-3079.351	-3246.212	166.861	5.044269
5010	-3071.974	-3238.835	166.861	5.044269
5016	-3073.182	-3240.043	166.861	5.044269
5022	-3074.809	-3242.385	167.5755	4.645883
5028	-3078.338	-3245.135	166.7964	5.080135
5034	-3068.167	-3235.523	167.356	4.768689
5040	-3065.66	-3233.293	167.6329	4.613702
5046	-3068.318	-3235.487	167.1694	4.872778
5052	-3087.695	-3255.473	167.7778	4.532349
5058	-3085.02	-3252.366	167.3458	4.774378
5064	-3087.467	-3254.925	167.4588	4.711237
5070	-3077.977	-3245.83	167.8525	4.490366
5076	-3083.77	-3251.031	167.2608	4.821792
5082	-3071.696	-3238.957	167.2608	4.821792
5088	-3071.683	-3238.642	166.9599	4.98937
5094	-3066.853	-3234.057	167.2046	4.853183
5100	-3069.258	-3236.642	167.384	4.753017
5106	-3068.999	-3235.973	166.9738	4.98163
5112	-3068.738	-3235.603	166.865	5.042037
5118	-3071.121	-3238.818	167.698	4.577203
5124	-3079.642	-3246.141	166.4984	5.245097
5130	-3077.128	-3244.559	167.431	4.726762
5136	-3069.712	-3236.868	167.1561	4.880169
5142	-3072.198	-3239.639	167.4406	4.72142
5148	-3086.839	-3254.148	167.3098	4.794463
5154	-3063.943	-3231.346	167.4033	4.742219
5160	-3079.687	-3247.283	167.5955	4.634685
5166	-3085.966	-3253.376	167.4094	4.738838
5172	-3074.212	-3241.465	167.2535	4.825901
5178	-3076.49	-3243.747	167.257	4.823941
5184	-3077.712	-3244.759	167.0469	4.940984
5190	-3072.018	-3238.957	166.9393	5.000774
5196	-3071.781	-3239.115	167.3338	4.781086
5202	-3070.359	-3237.885	167.5263	4.673419
5208	-3073.285	-3240.589	167.3039	4.797772
5214	-3072.9	-3240.288	167.3878	4.750909
5220	-3073.62	-3241.318	167.6975	4.577486
5226	-3080.794	-3247.802	167.0083	4.962455
5232	-3075.411	-3243.223	167.8113	4.513547
5238	-3076.813	-3244.266	167.4533	4.714264
5244	-3065.857	-3232.755	166.8975	5.024028
5250	-3065.117	-3232.861	167.7434	4.551696
5256	-3072.69	-3239.377	166.6871	5.140705
5262	-3080.878	-3248.219	167.3418	4.776597
5268	-3082.189	-3249.531	167.3418	4.776597
5274	-3077.631	-3245.664	168.0337	4.38823
5280	-3075.177	-3242.62	167.4436	4.719707
5286	-3072.648	-3239.409	166.7615	5.099478
5292	-3074.068	-3241.275	167.2064	4.852151
5298	-3081.076	-3247.952	166.8759	5.035975
5304	-3082.933	-3250.648	167.7156	4.567323
5310	-3072.025	-3239.185	167.1604	4.877772
5316	-3072.509	-3239.431	166.9221	5.010344
5322	-3071.269	-3238.558	167.2883	4.806449
5328	-3076.075	-3243.363	167.2883	4.806449
5334	-3069.437	-3236.596	167.1593	4.878408
5340	-3085.414	-3252.678	167.2634	4.820347
5346	-3096.998	-3264.024	167.027	4.952069
5352	-3087.691	-3254.537	166.8461	5.052545
5358	-3080.123	-3247.548	167.4256	4.729779
5364	-3076.615	-3244.55	167.9345	4.444176
5370	-3069.915	-3236.777	166.8619	5.043773
5376	-3066.528	-3233.902	167.3746	4.758262
5382	-3076.463	-3243.617	167.1541	4.881269
5388	-3074.988	-3242.112	167.1238	4.898197
5394	-3067.057	-3234.934	167.8763	4.476951
5400	-3070.813	-3237.668	166.8556	5.047237
5406	-3082.672	-3249.527	166.8556	5.047237
5412	-3074.103	-3240.772	166.6695	5.150428
5418	-3086.773	-3253.717	166.9438	4.998266
5424	-3082.805	-3249.862	167.0563	4.935746
5430	-3100.733	-3268.244	167.5118	4.681574
5436	-3074.397	-3240.865	166.4678	5.261979
5442	-3085.104	-3251.701	166.5967	5.190719
5448	-3070.635	-3237.798	167.1629	4.876383
5454	-3079.165	-3246.294	167.1289	4.895355
5460	-3073.634	-3241.137	167.5028	4.686614
5466	-3071.055	-3238.182	167.1269	4.896426
5472	-3077.944	-3245.248	167.3044	4.797485
5478	-3075.222	-3242.266	167.0441	4.94253
5484	-3078.853	-3245.897	167.0441	4.94253
5490	-3082.544	-3249.837	167.2937	4.803487
5496	-3081.025	-3248.578	167.5526	4.658694
5502	-3079.414	-3246.508	167.0938	4.914853
5508	-3080.143	-3247.237	167.0938	4.914853
5514	-3091.646	-3259.163	167.5163	4.679021
5520	-3085.037	-3252.884	167.8472	4.493321
5526	-3081.463	-3248.824	167.3604	4.766195
5532	-3076.675	-3244.65	167.9748	4.421488
5538	-3076.022	-3243.001	166.9792	4.978626
5544	-3072.449	-3239.556	167.1072	4.907421
5550	-3089.838	-3257.473	167.635	4.612546
5556	-3072.206	-3239.13	166.9246	5.008943
5562	-3073.8	-3240.988	167.1879	4.862454
5568	-3089.818	-3256.815	166.9963	4.969107
5574	-3079.44	-3246.568	167.1282	4.895726
5580	-3088.572	-3255.725	167.153	4.881892
5586	-3078.9	-3245.972	167.072	4.927007
5592	-3073.42	-3240.942	167.5221	4.67577
5598	-3073.402	-3240.272	166.8699	5.039353
5604	-3076.278	-3243.654	167.3761	4.757432
5610	-3071.088	-3238.431	167.3425	4.776213
5616	-3083.567	-3250.859	167.2922	4.804312
5622	-3071.206	-3237.883	166.6768	5.146395
5628	-3067.202	-3234.131	166.9291	5.006462
5634	-3081.053	-3247.982	166.9291	5.006462
5640	-3069.41	-3236.846	167.4361	4.723914
5646	-3077.582	-3244.834	167.2517	4.82688
5652	-3076.031	-3243.326	167.2951	4.802695
5658	-3075.169	-3242.064	166.8956	5.025066
5664	-3069.073	-3236.126	167.0531	4.937528
5670	-3074.54	-3241.793	167.253	4.826193
5676	-3073.354	-3240.532	167.1785	4.867695
5682	-3081.824	-3249.177	167.3533	4.7702
5688	-3083.104	-3250.289	167.1856	4.863738
5694	-3075.044	-3242.739	167.6943	4.579254
5700	-3076.08	-3243.43	167.3495	4.772304
5706	-3078.908	-3246.156	167.2484	4.828754
5712	-3070.178	-3237.184	167.0058	4.963806
5718	-3064.992	-3231.916	166.9242	5.009158
5724	-3073.523	-3240.169	166.6459	5.163508
5730	-3071.864	-3238.645	166.7809	5.088688
5736	-3067.599	-3234.279	166.6792	5.145085
5742	-3062.529	-3229.632	167.1036	4.909435
5748	-3075.419	-3242.576	167.1562	4.880127
5754	-3086.208	-3253.776	167.5682	4.649983
5760	-3088.679	-3255.897	167.2179	4.845748
5766	-3095.102	-3262.065	166.963	4.98762
5772	-3079.44	-3246.857	167.4168	4.734704
5778	-3072.015	-3239.53	167.5145	4.680063
5784	-3084.341	-3251.544	167.2025	4.854354
5790	-3071.724	-3238.637	166.913	5.015423
5796	-3067.975	-3235.851	167.8761	4.477069
5802	-3075.501	-3242.272	166.7707	5.094354
5808	-3082.935	-3250.639	167.7036	4.574055
5814	-3077.565	-3244.726	167.1607	4.877641
5820	-3086.637	-3253.985	167.3481	4.773099
5826	-3084.807	-3252.107	167.3002	4.799856
5832	-3077.538	-3244.465	166.9273	5.007439
5838	-3073.612	-3240.539	166.9273	5.007439
5844	-3066.638	-3233.565	166.9273	5.007439
5850	-3068.883	-3236.077	167.1938	4.859168
5856	-3066.577	-3234.104	167.5278	4.672616
5862	-3065.45	-3232.716	167.2656	4.819126
5868	-3082.303	-3249.553	167.2501	4.827763
5874	-3079.554	-3246.772	167.2178	4.845769
5880	-3073.698	-3240.916	167.2178	4.845769
5886	-3072.64	-3239.858	167.2178	4.845769
5892	-3089.165	-3256.323	167.1585	4.878867
5898	-3066.311	-3233.771	167.46	4.71052
5904	-3082.227	-3249.413	167.1863	4.86333
5910	-3084.222	-3251.806	167.5842	4.640989
5916	-3086.145	-3253.314	167.1686	4.87323
5922	-3076.4	-3243.669	167.2687	4.817384
5928	-3087.746	-3255.159	167.4136	4.736514
5934	-3083.774	-3250.584	166.8103	5.072403
5940	-3083.324	-3250.281	166.9577	4.990593
5946	-3086.705	-3253.185	166.4802	5.255134
5952	-3076.073	-3243.025	166.9518	4.993824
5958	-3079.283	-3246.206	166.9225	5.010109
5964	-3072.588	-3239.993	167.4058	4.740877
5970	-3064.079	-3231.122	167.043	4.943159
5976	-3066.675	-3234.089	167.4148	4.73583
5982	-3063.318	-3230.83	167.5125	4.681168
5988	-3066.796	-3233.829	167.0332	4.948586
5994	-3066.314	-3233.448	167.1331	4.89297
6000	-3068.012	-3234.973	166.9616	4.988414
6006	-3077.943	-3245.109	167.1666	4.874342
6012	-3070.362	-3237.335	166.9733	4.981915
6018	-3070.203	-3237.281	167.0772	4.924106
6024	-3072.696	-3239.879	167.1838	4.864764
6030	-3068.715	-3236.343	167.6279	4.61651
6036	-3067.525	-3234.193	166.6681	5.151228
6042	-3086.109	-3252.777	166.6681	5.151228
6048	-3071.233	-3238.57	167.3372	4.779174
6054	-3077.395	-3244.917	167.5221	4.675818
6060	-3083.03	-3250.477	167.4467	4.717984
6066	-3085.266	-3251.745	166.479	5.255817
6072	-3090.613	-3257.7	167.087	4.918679
6078	-3082.137	-3248.587	166.4504	5.271588
6084	-3081.756	-3248.396	166.6401	5.166706
6090	-3090.501	-3258.142	167.6414	4.608944
6096	-3081.32	-3248.107	166.7872	5.085199
6102	-3065.652	-3232.784	167.1319	4.893665
6108	-3069.66	-3237.151	167.4911	4.693127
6114	-3068.963	-3236.65	167.6864	4.583698
6120	-3077.469	-3244.857	167.3877	4.750971
6126	-3070.586	-3238.1	167.5146	4.680007
6132	-3079.973	-3247.362	167.3896	4.749926
6138	-3072.442	-3239.719	167.2775	4.812516
6144	-3066.292	-3233.924	167.6314	4.614529
6150	-3066.438	-3233.634	167.1966	4.857627
6156	-3084.048	-3251.353	167.3047	4.797332
6162	-3076.142	-3243.804	167.6618	4.59747
6168	-3073.137	-3240.276	167.1389	4.889745
6174	-3080.84	-3246.838	165.9976	5.521118
6180	-3079.763	-3246.805	167.0427	4.9433
6186	-3071.74	-3238.783	167.0427	4.9433
6192	-3071.104	-3237.945	166.8414	5.055119
6198	-3079.587	-3246.796	167.2091	4.850648
6204	-3090.462	-3258.093	167.631	4.614751
6210	-3082.33	-3249.296	166.9665	4.985702
6216	-3082.587	-3249.922	167.3349	4.780439
6222	-3072.804	-3240.168	167.3638	4.764336
6228	-3077.816	-3244.428	166.6119	5.182314
6234	-3071.932	-3238.477	166.545	5.219341
6240	-3078.886	-3246.282	167.3954	4.746654
6246	-3079.785	-3247.015	167.2299	4.839041
6252	-3089.857	-3258.049	168.1918	4.298912
6258	-3079.489	-3247.023	167.5342	4.668997
6264	-3062.891	-3229.967	167.0756	4.924979
6270	-3065.489	-3232.84	167.3504	4.771779
6276	-3065.215	-3232.565	167.3504	4.771779
6282	-3076.626	-3243.856	167.2305	4.838697
6288	-3059.34	-3226.985	167.6456	4.606581
6294	-3068.234	-3235.242	167.008	4.962631
6300	-3068.634	-3235.856	167.2214	4.843768
6306	-3063.738	-3230.87	167.1322	4.89351
6312	-3071.665	-3239.116	167.4515	4.715302
6318	-3077.369	-3244.237	166.8673	5.040765
6324	-3081.336	-3248.3	166.964	4.987043
6330	-3079.29	-3246.92	167.6296	4.615555
6336	-3073.739	-3241.369	167.6296	4.615555
6342	-3067.524	-3235.129	167.6048	4.629465
6348	-3083.686	-3251.106	167.4201	4.732879
6354	-3079.66	-3247.309	167.6494	4.604474
6360	-3066.181	-3232.848	166.6676	5.151496
6366	-3068.168	-3234.997	166.8285	5.062284
6372	-3073.163	-3240.374	167.2104	4.849937
6378	-3076.6	-3244.062	167.4625	4.709139
6384	-3075.488	-3243.282	167.7941	4.523197
6390	-3065.462	-3233.366	167.9046	4.461055
6396	-3072.915	-3240.339	167.4239	4.730758
6402	-3073.425	-3240.916	167.4902	4.693631
6408	-3072.367	-3240.394	168.0268	4.392164
6414	-3075.24	-3242.51	167.2704	4.81646
6420	-3071.879	-3239.044	167.1644	4.875543
6426	-3067.734	-3235.302	167.5685	4.649825
6432	-3075.607	-3242.634	167.0273	4.951862
6438	-3078.375	-3245.914	167.5397	4.66591
6444	-3066.103	-3233.149	167.0459	4.94155
6450	-3072.294	-3239.42	167.1251	4.897451
6456	-3069.333	-3236.458	167.1251	4.897451
6462	-3069.909	-3237.76	167.8509	4.491285
6468	-3069.439	-3236.4	166.961	4.988755
6474	-3080.88	-3247.989	167.1084	4.906755
6480	-3071.664	-3238.819	167.1546	4.881036
6486	-3064.521	-3231.725	167.2035	4.853766
6492	-3078.192	-3245.876	167.6842	4.584916
6498	-3075.334	-3242.161	166.8263	5.063495
6504	-3067.55	-3234.653	167.1026	4.909961
6510	-3075.87	-3243.758	167.8886	4.470051
6516	-3076.325	-3243.42	167.0944	4.914533
6522	-3082.978	-3250.413	167.4351	4.724465
6528	-3073.815	-3240.51	166.6951	5.136227
6534	-3067.192	-3234.701	167.5092	4.683022
6540	-3073.531	-3240.443	166.9116	5.016174
6546	-3078.242	-3246.074	167.8317	4.502067
6552	-3066.766	-3234.468	167.7018	4.575057
6558	-3069.689	-3236.754	167.0648	4.931041
6564	-3069.194	-3236.181	166.9865	4.974563
6570	-3075.527	-3242.669	167.1425	4.887761
6576	-3082.749	-3249.489	166.7398	5.111497
6582	-3075.871	-3243.73	167.859	4.486716
6588	-3067.35	-3234.714	167.3642	4.76409
6594	-3074.466	-3241.081	166.6145	5.180862
6600	-3073.919	-3241.064	167.1455	4.886074
6606	-3074.143	-3241.024	166.8812	5.033034
6612	-3077.012	-3244.533	167.5213	4.676233
6618	-3080.131	-3247.32	167.1886	4.862085
6624	-3070.03	-3236.872	166.8424	5.054603
6630	-3072.791	-3240.582	167.7907	4.525092
6636	-3075.994	-3243.069	167.075	4.925347
6642	-3077.56	-3244.717	167.1572	4.879572
6648	-3070.083	-3236.82	166.737	5.113063
6654	-3073.975	-3241.066	167.0914	4.916222
6660	-3074.105	-3241.335	167.2302	4.838862
6666	-3070.428	-3237.035	166.6063	5.18543
6672	-3075.037	-3242.291	167.2545	4.825321
6678	-3071.944	-3239.199	167.2545	4.825321
6684	-3068.668	-3235.691	167.0231	4.954228
6690	-3069.868	-3236.57	166.7017	5.132571
6696	-3076.927	-3244.07	167.1425	4.887749
6702	-3076.251	-3243.157	166.9059	5.019332
6708	-3066.865	-3233.481	166.6164	5.17982
6714	-3070.907	-3237.763	166.8566	5.046709
6720	-3060.416	-3227.351	166.935	5.003181
6726	-3073.206	-3240.204	166.9984	4.967969
6732	-3062.662	-3229.661	166.9984	4.967969
6738	-3058.797	-3226.479	167.6814	4.586515
6744	-3072.192	-3239.552	167.3598	4.76654
6750	-3070.801	-3237.781	166.9798	4.978308
6756	-3072.201	-3239.251	167.0499	4.939316
6762	-3075.651	-3242.873	167.2212	4.843914
6768	-3071.719	-3239.457	167.738	4.554737
6774	-3072.945	-3240.482	167.5367	4.667613
6780	-3069.801	-3237.39	167.589	4.638337
6786	-3076.261	-3243.354	167.0927	4.915501
6792	-3077.21	-3244.574	167.3638	4.764312
6798	-3078.524	-3245.888	167.3638	4.764312
6804	-3079.314	-3246.58	167.2661	4.818833
6810	-3075.825	-3243.416	167.5913	4.637002
6816	-3083.513	-3250.529	167.0161	4.958111
6822	-3073.722	-3241.348	167.6254	4.617905
6828	-3081.63	-3248.913	167.2822	4.809862
6834	-3066.256	-3233.544	167.2878	4.806765
6840	-3099.538	-3266.548	167.0102	4.961386
6846	-3093.145	-3260.538	167.3929	4.748051
6852	-3093.278	-3260.692	167.4148	4.735793
6858	-3081.667	-3249.082	167.4148	4.735793
6864	-3082.339	-3249.599	167.2601	4.822214
6870	-3093.792	-3260.581	166.789	5.084206
6876	-3086.968	-3254.693	167.7245	4.56231
6882	-3077.992	-3245.809	167.817	4.510353
6888	-3085.126	-3252.188	167.0629	4.932076
6894	-3089.909	-3257.343	167.4343	4.724914
6900	-3083.772	-3251.382	167.61	4.626571
6906	-3080.572	-3247.434	166.862	5.043712
6912	-3091.206	-3258.405	167.1994	4.85607
6918	-3086.943	-3254.487	167.5433	4.663933
6924	-3072.522	-3239.933	167.4111	4.737895
6930	-3077.275	-3244.33	167.0551	4.936433
6936	-3073.243	-3240.093	166.8498	5.050456
6942	-3071.002	-3238.037	167.0349	4.947671
6948	-3071.689	-3239.216	167.527	4.673046
6954	-3071.728	-3239.255	167.527	4.673046
6960	-3078.28	-3245.855	167.575	4.64619
6966	-3066.182	-3233.222	167.0409	4.94433
6972	-3063.87	-3231.117	167.2471	4.829453
6978	-3069.819	-3236.54	166.7206	5.122139
6984	-3071.168	-3237.714	166.5459	5.218851
6990	-3081.103	-3248.327	167.2246	4.842028
6996	-3070.368	-3237.465	167.0971	4.913061
7002	-3061.507	-3228.244	166.7366	5.113281
7008	-3068.304	-3235.447	167.1431	4.887426
7014	-3070.988	-3238.296	167.3081	4.795409
7020	-3086.141	-3253.149	167.0079	4.962684
7026	-3074.111	-3240.791	166.6793	5.144979
7032	-3088.887	-3256.509	167.6223	4.619632
7038	-3090.463	-3257.968	167.5045	4.685658
7044	-3086.491	-3253.996	167.5045	4.685658
7050	-3078.584	-3246.174	167.5902	4.637633
7056	-3073.617	-3240.811	167.1941	4.858984
7062	-3066.442	-3233.513	167.0717	4.927188
7068	-3064.963	-3232.109	167.1468	4.885367
7074	-3067.544	-3234.628	167.084	4.920328
7080	-3067.673	-3235.128	167.4553	4.71316
7086	-3066.334	-3233.141	166.8069	5.074262
7092	-3067.317	-3234.451	167.1338	4.892593
7098	-3070.867	-3237.912	167.0444	4.942341
7104	-3072.079	-3239.446	167.3664	4.762862
7110	-3068.291	-3235.441	167.1495	4.883867
7116	-3065.034	-3232.183	167.1495	4.883867
7122	-3067.937	-3235.196	167.2583	4.823234
7128	-3079.416	-3246.7	167.2842	4.808777
7134	-3082.766	-3249.814	167.0477	4.940548
7140	-3073.92	-3241.402	167.4827	4.697857
7146	-3089.584	-3256.723	167.1387	4.889888
7152	-3067.799	-3235.146	167.3474	4.773472
7158	-3069.008	-3236.143	167.1347	4.892098
7164	-3073.707	-3241.038	167.3305	4.782895
7170	-3075.225	-3241.983	166.7584	5.101179
7176	-3076.543	-3243.001	166.4579	5.267458
7182	-3080.814	-3247.435	166.6214	5.177035
7188	-3079.936	-3247.387	167.4508	4.715666
7194	-3097.363	-3264.701	167.3373	4.779095
7200	-3079.011	-3246.633	167.6217	4.619977
7206	-3073.345	-3240.659	167.3144	4.791915
7212	-3069.07	-3235.783	166.7134	5.126136
7218	-3079.761	-3246.51	166.7489	5.106423
7224	-3083.331	-3250.141	166.8105	5.072302
7230	-3080.225	-3247.278	167.0529	4.937617
7236	-3086.08	-3253.071	166.9909	4.972096
7242	-3074.894	-3242.457	167.5631	4.652811
7248	-3080.646	-3247.927	167.2809	4.810603
7254	-3084.35	-3251.619	167.2688	4.817364
7260	-3061.236	-3228.68	167.4439	4.71955
7266	-3067.559	-3235.231	167.6721	4.591737
7272	-3063.182	-3230.653	167.4704	4.704707
7278	-3073.263	-3240.668	167.4053	4.741136
7284	-3093.071	-3259.653	166.5815	5.199161
7290	-3084.553	-3252.125	167.572	4.647837
7296	-3084.367	-3251.946	167.5789	4.643969
7302	-3070.057	-3237.654	167.5971	4.63377
7308	-3067.413	-3234.393	166.9796	4.978392
7314	-3074.739	-3242.254	167.5144	4.680086
7320	-3080.309	-3247.213	166.9045	5.020117
7326	-3071.265	-3237.971	166.7054	5.130534
7332	-3083.488	-3250.642	167.1541	4.881271
7338	-3084.521	-3251.675	167.1541	4.881271
7344	-3085.684	-3252.829	167.1451	4.886317
7350	-3082.296	-3249.441	167.1451	4.886317
7356	-3080.802	-3247.947	167.1451	4.886317
7362	-3068.432	-3235.368	166.9368	5.002171
7368	-3086.106	-3253.622	167.5169	4.678726
7374	-3079.32	-3246.574	167.2533	4.825977
7380	-3076.947	-3244.252	167.3043	4.797561
7386	-3077.385	-3244.198	166.813	5.070881
7392	-3078.491	-3245.546	167.0551	4.936391
7398	-3078.607	-3245.344	166.7374	5.112837
7404	-3069.122	-3236.954	167.8323	4.5017
7410	-3069.814	-3236.785	166.9702	4.983612
7416	-3065.793	-3232.576	166.7836	5.087202
7422	-3072.423	-3239.452	167.0286	4.951131
7428	-3068.607	-3236.023	167.4165	4.734868
7434	-3070.198	-3237.615	167.4165	4.734868
7440	-3066.071	-3233.771	167.6996	4.576275
7446	-3067.975	-3234.891	166.9161	5.013681
7452	-3066.242	-3233.8	167.5578	4.655821
7458	-3064.091	-3230.999	166.9072	5.018591
7464	-3082.882	-3249.997	167.1156	4.902763
7470	-3077.485	-3244.376	166.8914	5.02739
7476	-3071.922	-3239.325	167.4023	4.742801
7482	-3079.978	-3246.309	166.3315	5.337243
7488	-3084.17	-3251.695	167.5252	4.674055
7494	-3085.691	-3252.249	166.5583	5.211997
7500	-3082.08	-3249.195	167.1149	4.903115
7506	-3068.156	-3235.524	167.3682	4.761867
7512	-3087.302	-3253.97	166.6684	5.151039
7518	-3078.489	-3245.682	167.193	4.859635
7524	-3078.009	-3245.261	167.2522	4.826628
7530	-3074.751	-3241.952	167.2006	4.85537
7536	-3075.167	-3242.772	167.6053	4.629154
7542	-3068.313	-3235.605	167.2924	4.804178
7548	-3080.397	-3247.635	167.2384	4.834296
7554	-3071.438	-3238.782	167.3441	4.775318
7560	-3081.853	-3249.08	167.2277	4.840282
7566	-3082.193	-3249.42	167.2277	4.840282
7572	-3072.536	-3240.35	167.8142	4.511886
7578	-3073.245	-3240.565	167.3204	4.788575
7584	-3076.8	-3244.121	167.3204	4.788575
7590	-3085.47	-3252.477	167.0071	4.963101
7596	-3097.023	-3264.532	167.5095	4.682837
7602	-3083.069	-3250.345	167.2754	4.813655
7608	-3076.55	-3243.89	167.3402	4.777501
7614	-3090.562	-3257.566	167.0042	4.964702
7620	-3070.568	-3237.698	167.1305	4.894416
7626	-3073.375	-3239.935	166.56	5.211037
7632	-3085.05	-3252.4	167.3498	4.772157
7638	-3078.147	-3245.497	167.3498	4.772157
7644	-3078.259	-3245.393	167.1333	4.892876
7650	-3070.91	-3238.817	167.9064	4.46001
7656	-3064.282	-3231.459	167.1769	4.868594
7662	-3073.486	-3240.662	167.1769	4.868594
7668	-3086.194	-3252.736	166.5421	5.220908
7674	-3084.964	-3252.239	167.2749	4.813938
7680	-3080.929	-3247.896	166.9673	4.985235
7686	-3076.3	-3243.691	167.3907	4.749297
7692	-3078.171	-3245.196	167.0252	4.953048
7698	-3078.066	-3244.499	166.433	5.281202
7704	-3089.749	-3257.634	167.8849	4.472138
7710	-3086.573	-3254.133	167.5605	4.654268
7716	-3072.19	-3239.318	167.1276	4.89606
7722	-3073.062	-3240.599	167.5369	4.667482
7728	-3076.029	-3242.734	166.7053	5.13058
7734	-3070.908	-3238.236	167.3277	4.784487
7740	-3079.052	-3246.025	166.9726	4.982269
7746	-3082.084	-3249.492	167.4081	4.73956
7752	-3077.647	-3244.588	166.9407	5.000019
7758	-3078.632	-3245.617	166.9843	4.975789
7764	-3067.965	-3234.744	166.7799	5.089262
7770	-3077.72	-3244.697	166.9771	4.979759
7776	-3073.337	-3240.314	166.9771	4.979759
7782	-3062.015	-3229.185	167.1705	4.872138
7788	-3064.987	-3232.158	167.1705	4.872138
7794	-3065.108	-3231.532	166.424	5.286199
7800	-3062.389	-3229.248	166.8586	5.0456
7806	-3074.992	-3242.261	167.2688	4.817353
7812	-3066.347	-3233.86	167.5131	4.680856
7818	-3072.484	-3240.397	167.9129	4.456353
7824	-3082.513	-3250.363	167.8505	4.491489
7830	-3076.993	-3244.455	167.4611	4.709902
7836	-3075.312	-3242.086	166.7742	5.092433
7842	-3079.721	-3246.255	166.534	5.225395
7848	-3080.666	-3248.146	167.4806	4.699025
7854	-3066.677	-3234.158	167.4806	4.699025
7860	-3069.795	-3236.972	167.1773	4.868381
7866	-3065.393	-3233.252	167.8594	4.486464
7872	-3067.015	-3234.581	167.5668	4.650758
7878	-3065.616	-3232.403	166.7866	5.085515
7884	-3077.745	-3244.752	167.0069	4.963212
7890	-3076.451	-3243.984	167.5333	4.669511
7896	-3076.106	-3242.859	166.7533	5.104012
7902	-3066.882	-3233.908	167.026	4.95259
7908	-3074.228	-3241.578	167.3501	4.771948
7914	-3078.574	-3245.502	166.9286	5.006723
7920	-3073.841	-3240.785	166.944	4.998156
7926	-3071.911	-3239.181	167.27	4.816708
7932	-3075.969	-3243.104	167.1354	4.8917
7938	-3077.255	-3244.957	167.7014	4.575253
7944	-3064.062	-3231.38	167.3177	4.790035
7950	-3073.109	-3240.226	167.1165	4.902245
7956	-3066.145	-3233.207	167.0625	4.932292
7962	-3075.488	-3242.489	167.0007	4.966643
7968	-3061.584	-3228.957	167.3739	4.758698
7974	-3072.914	-3239.62	166.7061	5.130176
7980	-3077.924	-3245.76	167.8362	4.499512
7986	-3074.98	-3242.322	167.3416	4.776719
7992	-3073.133	-3240.474	167.3416	4.776719
7998	-3068.24	-3235.282	167.0422	4.943582
8004	-3074.768	-3242.62	167.8525	4.490379
8010	-3065.64	-3231.739	166.0998	5.464899
8016	-3070.139	-3237.965	167.8264	4.505048
8022	-3069.131	-3236.24	167.1094	4.906204
8028	-3084.567	-3251.829	167.2616	4.821398
8034	-3079.416	-3246.677	167.2616	4.821398
8040	-3084.049	-3251.199	167.1494	4.883937
8046	-3073.013	-3240.162	167.1494	4.883937
8052	-3076.498	-3243.343	166.8452	5.053018
8058	-3075.429	-3242.274	166.8452	5.053018
8064	-3077.036	-3243.835	166.7989	5.078739
8070	-3080.83	-3247.747	166.9176	5.012816
8076	-3068.438	-3236.001	167.5625	4.653168
8082	-3077.204	-3244.701	167.4964	4.690165
8088	-3073.635	-3241.12	167.4853	4.696399
8094	-3066.429	-3233.941	167.512	4.681447
8100	-3070.782	-3238.16	167.3785	4.756102
8106	-3080.687	-3247.263	166.5769	5.201703
8112	-3074.083	-3241.807	167.7247	4.562219
8118	-3078.552	-3246.087	167.5355	4.668302
8124	-3083.761	-3250.468	166.707	5.129663
8130	-3080.595	-3248.373	167.7781	4.532222
8136	-3083.679	-3250.856	167.177	4.868543
8142	-3073.125	-3240.302	167.177	4.868543
8148	-3076.122	-3242.99	166.8679	5.040442
8154	-3076.075	-3243.294	167.2194	4.844883
8160	-3087.919	-3255.575	167.6561	4.600672
8166	-3071.134	-3239.219	168.0845	4.359565
8172	-3081.349	-3248.685	167.3359	4.77992
8178	-3074.289	-3241.398	167.109	4.90644
8184	-3077.928	-3245.46	167.5321	4.670176
8190	-3076.867	-3244.624	167.7575	4.543786
8196	-3088.465	-3256.08	167.6158	4.623319
8202	-3087.02	-3254.649	167.6298	4.615454
8208	-3086.147	-3253.353	167.2061	4.852334
8214	-3081.63	-3248.255	166.6244	5.175397
8220	-3070.346	-3236.889	166.543	5.22041
8226	-3072.322	-3239.875	167.5529	4.658521
8232	-3071.837	-3239.221	167.384	4.753059
8238	-3074.158	-3241.679	167.5212	4.676318
8244	-3073.725	-3240.361	166.6358	5.169068
8250	-3071.616	-3238.526	166.9104	5.016825
8256	-3076.555	-3243.643	167.0881	4.918044
8262	-3079.083	-3246.77	167.6877	4.582983
8268	-3080.756	-3247.6	166.8442	5.053593
8274	-3072.197	-3239.381	167.184	4.864645
8280	-3069.598	-3236.777	167.1788	4.867524
8286	-3064.67	-3231.522	166.8517	5.049402
8292	-3065.952	-3233.119	167.1663	4.87452
8298	-3071.719	-3239.357	167.638	4.610848
8304	-3064.239	-3230.977	166.738	5.112473
8310	-3065.667	-3232.841	167.1736	4.870406
8316	-3077.694	-3244.629	166.9355	5.002878
8322	-3069.891	-3237.589	167.6982	4.577043
8328	-3077.121	-3244.798	167.6769	4.589025
8334	-3066.498	-3233.589	167.0913	4.916281
8340	-3060.221	-3227.617	167.3961	4.746271
8346	-3067.388	-3234.635	167.2473	4.82933
8352	-3072.767	-3240.073	167.3067	4.796191
8358	-3074.64	-3241.657	167.0176	4.957251
8364	-3076.784	-3244.139	167.3554	4.769001
8370	-3073.478	-3241.32	167.8422	4.496147
8376	-3075.997	-3243.839	167.8422	4.496147
8382	-3070.704	-3237.506	166.8021	5.076922
8388	-3070.46	-3237.708	167.2479	4.828993
8394	-3083.8	-3250.902	167.1017	4.910474
8400	-3089.066	-3256.109	167.0429	4.943172
8406	-3101.558	-3268.319	166.7615	5.09948
8412	-3075.598	-3243.289	167.6908	4.581216
8418	-3082.401	-3250.178	167.777	4.532824
8424	-3071.501	-3238.015	166.514	5.236455
8430	-3081.595	-3248.925	167.3296	4.783441
8436	-3081.195	-3247.918	166.7225	5.12107
8442	-3070.767	-3237.892	167.1243	4.897918
8448	-3086.837	-3253.83	166.9927	4.971121
8454	-3079.539	-3247.149	167.6104	4.626326
8460	-3074.482	-3241.379	166.8967	5.024474
8466	-3080.86	-3247.934	167.0733	4.926269
8472	-3065.371	-3232.744	167.3728	4.759292
8478	-3066.46	-3233.833	167.3728	4.759292
8484	-3082.354	-3249.651	167.2969	4.801681
8490	-3087.095	-3253.928	166.8331	5.059733
8496	-3094.798	-3261.802	167.004	4.964818
