Iteration	Posterior	Likelihood	Prior	tree_length
0	-952.7377	-1123.656	170.9186	2.70366
6	-948.059	-1119.07	171.0107	2.647024
12	-959.0736	-1129.847	170.7738	2.792171
18	-962.3953	-1133.492	171.0964	2.594028
24	-958.4244	-1129.636	171.2121	2.522168
30	-943.6723	-1114.987	171.3145	2.458101
36	-955.9774	-1127.378	171.4006	2.403886
42	-952.0187	-1122.897	170.8784	2.728251
48	-951.4468	-1122.325	170.8784	2.728251
54	-951.0651	-1121.508	170.4431	2.992102
60	-954.4222	-1125.378	170.9555	2.680991
66	-962.7633	-1133.701	170.9376	2.691975
72	-967.1367	-1138.612	171.4752	2.356669
78	-955.2733	-1126.903	171.6296	2.258113
84	-956.8685	-1128.704	171.8359	2.124472
90	-945.8147	-1117.493	171.6788	2.22647
96	-944.27	-1115.332	171.0621	2.615286
102	-948.1439	-1118.618	170.4737	2.973665
108	-962.2221	-1132.696	170.4737	2.973665
114	-952.1999	-1123.154	170.9545	2.681572
120	-947.6245	-1119.067	171.4429	2.377139
126	-949.1147	-1120.219	171.1039	2.589409
132	-956.2589	-1126.859	170.5999	2.89766
138	-946.8005	-1118.02	171.2197	2.517403
144	-944.3944	-1115.535	171.1404	2.566782
150	-949.053	-1119.932	170.8789	2.727954
156	-949.4816	-1120.316	170.8348	2.754909
162	-965.315	-1136.689	171.3738	2.420783
168	-965.227	-1136.57	171.3426	2.440445
174	-962.0347	-1133.225	171.19	2.535906
180	-964.4058	-1135.109	170.7031	2.835161
186	-954.5943	-1125.739	171.145	2.563921
192	-954.9731	-1125.755	170.7817	2.787304
198	-958.4426	-1129.433	170.9902	2.659649
204	-949.6705	-1120.707	171.0363	2.631226
210	-957.2907	-1127.959	170.6678	2.856537
216	-946.8421	-1118.4	171.558	2.303955
222	-962.7937	-1134.18	171.3859	2.413151
228	-965.8592	-1136.862	171.0029	2.651829
234	-953.7086	-1124.321	170.6128	2.889872
240	-955.829	-1126.562	170.7333	2.816804
246	-951.8864	-1123.024	171.138	2.568249
252	-952.8383	-1124.155	171.3171	2.456476
258	-956.725	-1126.912	170.1867	3.145236
264	-957.0952	-1128.295	171.1996	2.529925
270	-964.892	-1136.158	171.2661	2.488398
276	-962.3621	-1133.5	171.1382	2.56814
282	-956.769	-1127.945	171.1758	2.544729
288	-947.8108	-1119.288	171.4773	2.355359
294	-967.9446	-1138.824	170.8795	2.727578
300	-963.0948	-1134.458	171.3629	2.427678
306	-960.4404	-1131.419	170.9787	2.666719
312	-948.0728	-1119.051	170.9787	2.666719
318	-943.4345	-1114.675	171.2409	2.50414
324	-950.6343	-1121.953	171.3189	2.455291
330	-941.2896	-1112.237	170.9475	2.685878
336	-965.2225	-1136.53	171.3071	2.462757
342	-965.5875	-1136.826	171.2387	2.505544
348	-970.4074	-1141.646	171.2387	2.505544
354	-979.9425	-1150.897	170.955	2.681312
360	-966.3916	-1137.928	171.5361	2.317952
366	-966.2651	-1136.851	170.5859	2.906123
372	-957.2299	-1128.676	171.4459	2.37525
378	-956.6205	-1127.904	171.2835	2.477508
384	-957.7281	-1128.077	170.3486	3.048671
390	-969.6355	-1141.25	171.6145	2.267773
396	-965.2465	-1136.259	171.0127	2.645744
402	-954.5486	-1125.863	171.3142	2.458259
408	-963.6052	-1134.783	171.1782	2.543248
414	-946.4919	-1117.978	171.486	2.349836
420	-965.6297	-1137.153	171.5229	2.32632
426	-958.9529	-1130.449	171.4958	2.343607
432	-949.282	-1120.287	171.0049	2.650565
438	-957.2265	-1128.103	170.8768	2.729286
444	-949.9071	-1120.691	170.7843	2.785742
450	-955.4046	-1126.506	171.1012	2.591101
456	-957.9382	-1129.111	171.1725	2.546788
462	-954.6992	-1125.617	170.9179	2.704074
468	-956.7704	-1127.71	170.9401	2.690444
474	-957.2407	-1128.313	171.0726	2.608772
480	-971.1599	-1142.516	171.3557	2.432182
486	-945.3378	-1116.667	171.3288	2.449081
492	-948.4834	-1119.232	170.7481	2.807809
498	-944.1508	-1115.038	170.8876	2.722634
504	-956.2572	-1127.722	171.4643	2.363562
510	-955.0634	-1126.528	171.4643	2.363562
516	-951.5505	-1123.13	171.5798	2.290015
522	-953.7679	-1125.017	171.2488	2.49926
528	-961.1161	-1132.365	171.2488	2.49926
534	-956.1121	-1127.701	171.589	2.284146
540	-957.3609	-1128.948	171.5867	2.285614
546	-946.2411	-1117.523	171.2821	2.478425
552	-952.255	-1124.236	171.9809	2.028964
558	-949.2688	-1121.238	171.9695	2.036478
564	-939.9109	-1110.853	170.9425	2.68896
570	-942.6321	-1113.853	171.2211	2.516559
576	-949.7931	-1121.048	171.2554	2.495116
582	-945.3939	-1116.25	170.8566	2.741614
588	-942.6043	-1113.322	170.7176	2.826344
594	-946.9635	-1118.169	171.2054	2.526336
600	-949.6771	-1120.9	171.2229	2.51544
606	-948.6204	-1119.843	171.2229	2.51544
612	-938.3133	-1110.039	171.7254	2.196321
618	-945.2605	-1117.193	171.9325	2.061
624	-954.8234	-1126.266	171.4427	2.377295
630	-954.15	-1125.593	171.4427	2.377295
636	-951.3223	-1122.265	170.9426	2.688894
642	-955.5094	-1126.903	171.3939	2.408127
648	-954.5062	-1126.041	171.5348	2.318749
654	-952.8496	-1124.48	171.6303	2.257655
660	-947.7527	-1118.966	171.2133	2.521415
666	-944.0341	-1115.238	171.204	2.527221
672	-945.371	-1116.575	171.204	2.527221
678	-957.4454	-1128.945	171.4991	2.341459
684	-957.2202	-1128.942	171.7214	2.198956
690	-957.5464	-1128.838	171.2916	2.472417
696	-953.1807	-1124.024	170.8429	2.750019
702	-940.2497	-1111.788	171.5383	2.316528
708	-957.9641	-1129.502	171.5383	2.316528
714	-948.6126	-1120.183	171.5701	2.296206
720	-954.6177	-1126.32	171.7027	2.211013
726	-953.4665	-1124.326	170.8596	2.739789
732	-935.4899	-1106.952	171.4622	2.364889
738	-946.4826	-1117.587	171.1039	2.589412
744	-951.2901	-1123.037	171.7473	2.182171
750	-953.5503	-1124.977	171.4269	2.387271
756	-959.4778	-1130.48	171.0026	2.651981
762	-945.8506	-1117.327	171.4762	2.356013
768	-948.5816	-1119.815	171.2334	2.508838
774	-955.8218	-1126.542	170.7203	2.824667
780	-949.3656	-1119.89	170.5247	2.942984
786	-954.2407	-1125.697	171.4559	2.368929
792	-952.1418	-1123.067	170.9251	2.699655
798	-951.8036	-1123.005	171.2012	2.528955
804	-950.1298	-1121.36	171.2299	2.51105
810	-949.9113	-1121.632	171.7204	2.199561
816	-952.0772	-1122.91	170.8325	2.756332
822	-941.7368	-1112.496	170.7593	2.800955
828	-937.9654	-1108.912	170.9462	2.686685
834	-945.6745	-1116.85	171.1757	2.544812
840	-960.0775	-1131.328	171.2508	2.497954
846	-951.3815	-1122.54	171.1582	2.555701
852	-946.4074	-1117.298	170.8903	2.721003
858	-951.334	-1122.352	171.018	2.642531
864	-952.578	-1124.235	171.6572	2.240349
870	-951.3097	-1121.994	170.684	2.846725
876	-946.9212	-1118.177	171.2561	2.4947
882	-955.8393	-1126.432	170.5922	2.902274
888	-948.0493	-1119.577	171.5276	2.32336
894	-951.2718	-1122.023	170.7514	2.805778
900	-946.4399	-1117.191	170.7514	2.805778
906	-941.394	-1112.625	171.2314	2.510109
912	-945.0998	-1116.11	171.0102	2.647286
918	-944.5086	-1116.037	171.5285	2.322784
924	-948.6123	-1119.647	171.0346	2.632268
930	-958.2947	-1129.248	170.9537	2.682081
936	-960.5799	-1131.534	170.9537	2.682081
942	-962.8486	-1134.272	171.4237	2.389312
948	-959.6804	-1131.104	171.4237	2.389312
954	-956.003	-1127.465	171.4617	2.365224
960	-956.5547	-1127.816	171.2616	2.491211
966	-948.5193	-1120.019	171.4999	2.340967
972	-943.7986	-1114.514	170.7151	2.827829
978	-945.1885	-1116.388	171.2	2.52972
984	-948.5359	-1120.131	171.5954	2.28005
990	-940.1411	-1111.136	170.9947	2.656893
996	-946.9511	-1118.212	171.2608	2.491759
1002	-947.1087	-1117.404	170.2952	3.080579
1008	-957.0668	-1128.319	171.2524	2.496963
1014	-951.0264	-1121.892	170.8654	2.736262
1020	-948.3195	-1119.343	171.0233	2.639253
1026	-958.5492	-1129.972	171.4229	2.389785
1032	-955.5691	-1126.852	171.2824	2.478211
1038	-947.0787	-1118.404	171.325	2.451506
1044	-950.0368	-1120.915	170.878	2.728509
1050	-961.6014	-1132.36	170.7587	2.801354
1056	-964.6843	-1135.443	170.7587	2.801354
1062	-958.5688	-1129.564	170.9956	2.656293
1068	-951.4454	-1122.082	170.6366	2.87546
1074	-945.6422	-1116.878	171.2359	2.507282
1080	-953.3485	-1124.584	171.2359	2.507282
1086	-962.5498	-1133.435	170.8853	2.724024
1092	-958.4235	-1129.597	171.173	2.546489
1098	-952.1081	-1123.135	171.0269	2.637018
1104	-961.4125	-1132.555	171.1423	2.565596
1110	-949.172	-1120.714	171.5423	2.313976
1116	-955.5571	-1126.319	170.7614	2.799686
1122	-943.9383	-1114.899	170.9611	2.677571
1128	-951.5939	-1122.318	170.7239	2.822503
1134	-952.8353	-1124.254	171.4184	2.392628
1140	-942.2064	-1113.423	171.2167	2.519254
1146	-945.5985	-1116.815	171.2167	2.519254
1152	-951.0353	-1122.27	171.2349	2.507927
1158	-948.7441	-1120.087	171.343	2.440161
1164	-944.6132	-1115.664	171.0506	2.622399
1170	-949.8986	-1120.701	170.8028	2.774446
1176	-944.5117	-1115.414	170.9026	2.713426
1182	-938.4153	-1109.513	171.0978	2.593202
1188	-936.421	-1107.377	170.9559	2.680754
1194	-944.5243	-1115.487	170.9623	2.676822
1200	-935.99	-1106.952	170.9623	2.676822
1206	-950.8227	-1122.185	171.3627	2.427778
1212	-942.2487	-1114.047	171.7985	2.14883
1218	-941.2449	-1112.07	170.8256	2.760532
1224	-941.9308	-1113.736	171.8055	2.144306
1230	-956.8367	-1127.924	171.0878	2.599404
1236	-944.9088	-1115.829	170.92	2.702766
1242	-944.2931	-1115.852	171.5587	2.303512
1248	-949.6125	-1120.418	170.8052	2.77298
1254	-942.1727	-1113.265	171.0922	2.596665
1260	-944.6908	-1115.182	170.4912	2.963158
1266	-954.003	-1124.676	170.6729	2.853483
1272	-954.2371	-1125.153	170.9163	2.705062
1278	-951.7083	-1123.227	171.5188	2.328956
1284	-952.0062	-1123.156	171.1494	2.561189
1290	-953.6402	-1124.307	170.6664	2.857411
1296	-936.8136	-1107.48	170.6664	2.857411
1302	-940.3334	-1111.82	171.4861	2.349753
1308	-952.2492	-1123.1	170.8513	2.74488
1314	-954.7598	-1126.12	171.3605	2.429164
1320	-945.8243	-1117.017	171.1922	2.53455
1326	-955.8908	-1127.104	171.2131	2.521493
1332	-951.5937	-1122.525	170.9311	2.695971
1338	-951.2804	-1122.754	171.4736	2.357668
1344	-950.5717	-1121.967	171.3953	2.407218
1350	-957.8833	-1129.123	171.2395	2.505056
1356	-955.4104	-1126.805	171.395	2.407407
1362	-953.4824	-1124.45	170.9678	2.673422
1368	-958.2865	-1129.676	171.3896	2.410815
1374	-950.5719	-1122.136	171.5639	2.300197
1380	-956.0133	-1126.27	170.2562	3.103876
1386	-962.1282	-1133.525	171.3969	2.406202
1392	-957.5589	-1128.956	171.3969	2.406202
1398	-966.0057	-1137.215	171.2097	2.523632
1404	-954.7812	-1126.152	171.371	2.422583
1410	-956.8066	-1127.869	171.0624	2.615104
1416	-945.0083	-1116.651	171.6431	2.249412
1422	-950.672	-1121.832	171.1596	2.554838
1428	-945.3928	-1116.8	171.4076	2.399451
1434	-947.8506	-1118.703	170.8521	2.744357
1440	-952.2524	-1123.663	171.4106	2.397596
1446	-962.9884	-1133.882	170.8932	2.719194
1452	-954.6143	-1125.839	171.2246	2.514366
1458	-963.3122	-1134.5	171.1875	2.537446
1464	-961.957	-1132.772	170.815	2.767004
1470	-950.5	-1121.957	171.4565	2.368521
1476	-958.2585	-1129.396	171.1371	2.568792
1482	-947.9494	-1119.087	171.1371	2.568792
1488	-953.5356	-1124.98	171.4446	2.37604
1494	-953.82	-1125.234	171.4144	2.395193
1500	-948.9358	-1119.716	170.7806	2.788027
1506	-956.6456	-1128.07	171.4243	2.388925
1512	-942.908	-1114.144	171.2356	2.507509
1518	-943.9678	-1115.41	171.4424	2.377464
1524	-944.953	-1116.148	171.1947	2.532979
1530	-947.6871	-1118.466	170.7792	2.788836
1536	-943.9215	-1114.804	170.8828	2.725607
1542	-959.0992	-1130.471	171.3721	2.42184
1548	-952.2017	-1123.552	171.3504	2.435494
1554	-947.1514	-1118.347	171.1957	2.532388
1560	-949.3639	-1120.156	170.7918	2.781184
1566	-949.0935	-1120.249	171.1553	2.557539
1572	-954.2752	-1125.658	171.3832	2.41488
1578	-957.4894	-1128.728	171.2387	2.505534
1584	-966.182	-1137.507	171.3252	2.451343
1590	-959.8124	-1130.804	170.9915	2.658811
1596	-967.3575	-1138.207	170.849	2.746251
1602	-956.4458	-1127.466	171.0205	2.640937
1608	-971.7029	-1142.64	170.9366	2.692567
1614	-960.6318	-1131.885	171.2533	2.496425
1620	-954.4318	-1125.598	171.1666	2.550456
1626	-950.2104	-1121.485	171.2751	2.482786
1632	-950.2039	-1121.479	171.2751	2.482786
1638	-940.8609	-1111.914	171.0526	2.621163
1644	-947.544	-1118.746	171.2019	2.52849
1650	-943.4307	-1114.419	170.9886	2.660631
1656	-949.7475	-1120.926	171.1788	2.542919
1662	-941.0585	-1112.237	171.1788	2.542919
1668	-940.339	-1111.471	171.1321	2.571923
1674	-961.9317	-1133.064	171.1321	2.571923
1680	-955.655	-1126.97	171.3152	2.457622
1686	-969.2928	-1140.443	171.1503	2.560585
1692	-955.3352	-1126.903	171.5677	2.297742
1698	-960.8234	-1132.127	171.3034	2.46507
1704	-948.139	-1119.576	171.4371	2.380822
1710	-953.5154	-1124.638	171.1222	2.578084
1716	-949.8485	-1120.683	170.834	2.755407
1722	-956.0086	-1126.843	170.834	2.755407
1728	-946.7168	-1118.293	171.5761	2.292403
1734	-945.3496	-1116.71	171.3607	2.42903
1740	-942.0313	-1113.025	170.9935	2.657588
1746	-939.4429	-1110.44	170.9966	2.655703
1752	-976.928	-1147.854	170.9264	2.698864
1758	-970.6743	-1141.601	170.9264	2.698864
1764	-965.7256	-1136.675	170.9495	2.684677
1770	-954.1898	-1125.794	171.6038	2.274672
1776	-949.3875	-1120.811	171.4239	2.389132
1782	-956.6421	-1128.238	171.5959	2.279743
1788	-944.6684	-1115.818	171.1499	2.560872
1794	-944.332	-1115.482	171.1499	2.560872
1800	-950.0751	-1121.441	171.3659	2.425748
1806	-977.5479	-1148.895	171.3473	2.437482
1812	-959.7131	-1131.06	171.3473	2.437482
1818	-967.5143	-1139.51	171.9961	2.018854
1824	-966.4235	-1138.05	171.6265	2.260086
1830	-967.122	-1138.273	171.1508	2.560335
1836	-953.327	-1124.478	171.1508	2.560335
1842	-959.3266	-1130.828	171.5016	2.339887
1848	-947.7665	-1119.375	171.6089	2.27141
1854	-954.8249	-1126.106	171.281	2.479093
1860	-958.7502	-1129.714	170.9639	2.675831
1866	-949.1601	-1119.991	170.8312	2.757167
1872	-945.4571	-1117.127	171.6695	2.232441
1878	-941.5393	-1112.751	171.2113	2.522621
1884	-941.907	-1113.118	171.2113	2.522621
1890	-942.8924	-1114.104	171.2113	2.522621
1896	-951.3627	-1123.009	171.6463	2.247374
1902	-944.6225	-1116.033	171.4109	2.397392
1908	-952.9511	-1123.658	170.7064	2.833123
1914	-953.8337	-1125.562	171.728	2.194645
1920	-962.1563	-1133.095	170.9388	2.691236
1926	-953.84	-1125.613	171.7729	2.16554
1932	-955.8023	-1126.638	170.8361	2.754125
1938	-962.81	-1134.633	171.8226	2.133155
1944	-960.7584	-1131.701	170.9426	2.688891
1950	-968.7064	-1139.953	171.2471	2.500312
1956	-958.6399	-1130	171.3603	2.42929
1962	-962.3094	-1133.483	171.1741	2.545845
1968	-955.5957	-1127.248	171.6527	2.24325
1974	-961.2407	-1131.829	170.588	2.904834
1980	-961.0392	-1132.069	171.0298	2.635242
1986	-958.9259	-1130.192	171.2663	2.488319
1992	-957.0359	-1127.587	170.5508	2.927289
1998	-953.8693	-1125.364	171.4945	2.344388
2004	-964.9514	-1136.13	171.1783	2.543192
2010	-964.5561	-1135.826	171.2701	2.485918
2016	-967.358	-1138.628	171.2701	2.485918
2022	-954.1459	-1125.508	171.3624	2.427938
2028	-966.2088	-1137.564	171.3549	2.432719
2034	-957.667	-1128.567	170.9003	2.714875
2040	-954.8809	-1126.355	171.4739	2.357495
2046	-952.2447	-1123.526	171.2809	2.479172
2052	-937.6373	-1108.231	170.594	2.901186
2058	-944.9358	-1116.438	171.5022	2.339522
2064	-945.2531	-1116.427	171.1744	2.545627
2070	-959.2362	-1130.096	170.8597	2.739721
2076	-962.3575	-1133.812	171.4546	2.369729
2082	-960.6856	-1131.73	171.0447	2.626028
2088	-957.7032	-1129.099	171.396	2.406812
2094	-952.8876	-1123.852	170.9642	2.675611
2100	-948.0827	-1119.528	171.4456	2.375422
2106	-955.0202	-1126.532	171.5118	2.333406
2112	-955.3693	-1126.942	171.5731	2.294335
2118	-959.3795	-1130.415	171.0352	2.631871
2124	-954.6004	-1126.291	171.6906	2.218828
2130	-953.9801	-1125.656	171.6763	2.228063
2136	-952.3345	-1123.633	171.2982	2.468329
2142	-939.2291	-1110.527	171.2982	2.468329
2148	-944.2951	-1115.63	171.3348	2.44533
2154	-947.6606	-1119.245	171.5843	2.287136
2160	-946.7028	-1117.712	171.0096	2.647677
2166	-957.5856	-1129.465	171.8797	2.095757
2172	-957.0024	-1128.366	171.364	2.426949
2178	-963.967	-1135.382	171.4145	2.395126
2184	-950.9733	-1122.125	171.152	2.559565
2190	-968.3785	-1139.531	171.152	2.559565
2196	-967.9392	-1139.52	171.5804	2.289624
2202	-966.8037	-1137.925	171.1208	2.578909
2208	-950.8141	-1121.853	171.039	2.629527
2214	-943.9314	-1115.165	171.2331	2.509029
2220	-957.4625	-1128.58	171.1174	2.581015
2226	-950.363	-1121.589	171.2257	2.513652
2232	-959.8081	-1130.36	170.5519	2.926587
2238	-945.8079	-1117.177	171.3689	2.423894
2244	-960.1332	-1130.816	170.6825	2.847651
2250	-962.9313	-1133.614	170.6825	2.847651
2256	-958.3157	-1129.693	171.3773	2.418606
2262	-944.9283	-1116.379	171.4503	2.372443
2268	-950.0515	-1120.991	170.9396	2.690759
2274	-953.8695	-1125.279	171.4091	2.398547
2280	-964.7704	-1136.077	171.3069	2.462859
2286	-954.886	-1125.978	171.0918	2.596904
2292	-952.9584	-1123.709	170.7508	2.806164
2298	-956.1343	-1127.221	171.0864	2.60022
2304	-953.789	-1125.309	171.5195	2.328474
2310	-953.5795	-1125.114	171.534	2.31927
2316	-949.093	-1120.212	171.1191	2.579967
2322	-935.602	-1106.884	171.2817	2.478642
2328	-943.4757	-1114.628	171.1524	2.559304
2334	-941.9976	-1113.252	171.2547	2.495537
2340	-935.0015	-1106.22	171.2188	2.517983
2346	-942.4792	-1113.239	170.76	2.80053
2352	-947.0508	-1118.233	171.1821	2.540859
2358	-950.2173	-1121.211	170.9933	2.657697
2364	-940.0036	-1111.046	171.0421	2.627653
2370	-941.0627	-1112.082	171.0197	2.641454
2376	-952.494	-1123.556	171.0621	2.615271
2382	-946.6654	-1117.728	171.0621	2.615271
2388	-956.2881	-1127.299	171.0105	2.647104
2394	-946.0069	-1117.327	171.32	2.45462
2400	-964.7093	-1134.944	170.2345	3.116804
2406	-956.705	-1126.939	170.2345	3.116804
2412	-972.8507	-1143.8	170.949	2.684988
2418	-960.0853	-1130.94	170.8546	2.742836
2424	-962.8972	-1134.336	171.439	2.379638
2430	-952.4483	-1123.691	171.2426	2.50308
2436	-957.7422	-1128.931	171.1889	2.536634
2442	-968.5003	-1139.774	171.2741	2.48342
2448	-951.3435	-1122.618	171.2741	2.48342
2454	-950.1297	-1120.862	170.7326	2.817205
2460	-946.801	-1117.728	170.9271	2.698407
2466	-947.671	-1118.665	170.9937	2.657451
2472	-946.7663	-1117.157	170.3903	3.023764
2478	-949.2907	-1120.667	171.3767	2.418952
2484	-944.7109	-1115.189	170.4784	2.970897
2490	-958.023	-1129.202	171.1793	2.542554
2496	-957.964	-1129.353	171.3887	2.411425
2502	-958.8821	-1129.854	170.9722	2.670735
2508	-948.4516	-1119.561	171.1095	2.58593
2514	-956.0559	-1127.596	171.5405	2.315153
2520	-953.4824	-1124.903	171.421	2.390984
2526	-962.0501	-1133.192	171.1418	2.565891
2532	-961.2277	-1132.12	170.8921	2.719891
2538	-957.7612	-1128.394	170.6331	2.877553
2544	-965.6587	-1136.735	171.0765	2.606365
2550	-967.4113	-1138.818	171.4071	2.399802
2556	-962.004	-1133.711	171.707	2.208243
2562	-953.4384	-1124.642	171.2036	2.527433
2568	-958.0412	-1129.315	171.2743	2.483282
2574	-955.1079	-1125.837	170.729	2.819409
2580	-961.2255	-1132.76	171.5347	2.318829
2586	-955.9921	-1127.527	171.5347	2.318829
2592	-946.3126	-1117.586	171.2729	2.484164
2598	-941.0697	-1112.354	171.2841	2.477123
2604	-949.8495	-1120.735	170.8855	2.72391
2610	-955.0661	-1125.975	170.9092	2.709421
2616	-946.9087	-1117.933	171.0242	2.638667
2622	-953.462	-1124.486	171.0242	2.638667
2628	-966.7551	-1138.582	171.8273	2.130062
2634	-961.0466	-1131.897	170.8504	2.745386
2640	-960.2313	-1131.82	171.5884	2.284547
2646	-958.8321	-1130.003	171.1712	2.547629
2652	-951.0395	-1122.364	171.3248	2.451629
2658	-948.4681	-1119.793	171.3248	2.451629
2664	-944.3296	-1115.654	171.3248	2.451629
2670	-950.5151	-1121.348	170.8333	2.755845
2676	-950.4843	-1121.318	170.8333	2.755845
2682	-948.6985	-1119.948	171.2495	2.498779
2688	-947.4008	-1118.617	171.2167	2.519283
2694	-945.8835	-1117.347	171.4633	2.364244
2700	-966.3973	-1137.699	171.3021	2.465849
2706	-950.6634	-1121.965	171.3021	2.465849
2712	-947.8952	-1119.197	171.3021	2.465849
2718	-952.5264	-1123.948	171.4212	2.390839
2724	-949.2972	-1120.814	171.5166	2.330324
2730	-943.1579	-1114.431	171.2731	2.484057
2736	-953.4403	-1124.394	170.9541	2.681863
2742	-949.1849	-1120.601	171.4157	2.394355
2748	-952.2185	-1123.577	171.3581	2.430671
2754	-955.4004	-1126.052	170.6518	2.86626
2760	-944.2178	-1115.715	171.4974	2.342571
2766	-953.6441	-1124.845	171.2011	2.528979
2772	-955.5153	-1126.813	171.2978	2.468553
2778	-962.575	-1133.676	171.1009	2.59128
2784	-942.926	-1114.197	171.2709	2.485384
2790	-954.3896	-1125.098	170.7086	2.831827
2796	-950.9551	-1121.628	170.6729	2.853428
2802	-964.0166	-1135.365	171.3485	2.436707
2808	-939.8311	-1111.18	171.3485	2.436707
2814	-941.7842	-1113.133	171.3485	2.436707
2820	-939.1191	-1110.269	171.1496	2.561077
2826	-940.361	-1111.864	171.5032	2.338884
2832	-950.7333	-1122.237	171.5032	2.338884
2838	-956.0325	-1127.371	171.3381	2.443281
2844	-960.7052	-1132.588	171.8826	2.093872
2850	-957.8059	-1129.237	171.4308	2.384773
2856	-959.3427	-1130.774	171.4308	2.384773
2862	-951.9421	-1123.125	171.1827	2.540478
2868	-955.134	-1126.197	171.0625	2.615038
2874	-949.7808	-1121.027	171.2459	2.501018
2880	-946.9709	-1118.217	171.2459	2.501018
2886	-951.1851	-1121.982	170.7965	2.77833
2892	-946.525	-1118.189	171.6639	2.23605
2898	-952.0674	-1123.341	171.2732	2.483953
2904	-967.1551	-1137.563	170.4082	3.013021
2910	-952.5725	-1123.633	171.061	2.615975
2916	-966.24	-1136.395	170.1548	3.164179
2922	-964.1484	-1135.635	171.4867	2.349346
2928	-942.2518	-1113.731	171.4789	2.354287
2934	-966.3203	-1137.227	170.9065	2.71105
2940	-961.0883	-1131.995	170.9065	2.71105
2946	-948.7945	-1120.604	171.8091	2.141977
2952	-964.0194	-1134.982	170.9624	2.676736
2958	-949.1414	-1119.847	170.7059	2.833454
2964	-944.7608	-1115.67	170.9092	2.709392
2970	-946.3281	-1117.176	170.8476	2.747111
2976	-951.4816	-1122.432	170.9506	2.684014
2982	-945.0425	-1115.993	170.9506	2.684014
2988	-941.7275	-1112.839	171.1116	2.584618
2994	-944.5115	-1114.937	170.4253	3.00275
3000	-949.0353	-1120.143	171.1073	2.587297
3006	-941.9538	-1113.38	171.4258	2.387934
3012	-944.8484	-1115.608	170.7596	2.800784
3018	-941.5982	-1112.358	170.7596	2.800784
3024	-954.5997	-1125.67	171.0702	2.610248
3030	-962.2315	-1132.999	170.7676	2.795915
3036	-956.3176	-1127.315	170.9975	2.655123
3042	-958.4174	-1129.439	171.0218	2.640175
3048	-958.6271	-1129.895	171.2678	2.487369
3054	-947.2783	-1118.455	171.177	2.543985
3060	-965.2697	-1136.243	170.9735	2.669913
3066	-956.4913	-1127.465	170.9735	2.669913
3072	-960.091	-1131.419	171.3281	2.449549
3078	-955.7422	-1126.709	170.9671	2.67384
3084	-946.1695	-1117.392	171.2224	2.51575
3090	-953.1743	-1124.23	171.0555	2.619328
3096	-945.6605	-1116.613	170.9529	2.682609
3102	-943.6152	-1115.047	171.4323	2.383881
3108	-968.9492	-1139.62	170.6709	2.854659
3114	-952.7996	-1124.528	171.7286	2.19428
3120	-951.1149	-1122.424	171.3088	2.461675
3126	-945.2052	-1116.514	171.3088	2.461675
3132	-954.2271	-1125.552	171.3249	2.451564
3138	-954.5082	-1125.511	171.0028	2.651894
3144	-957.9222	-1129.406	171.4837	2.351249
3150	-953.7677	-1125.036	171.268	2.487245
3156	-953.3118	-1124.548	171.2359	2.507279
3162	-954.4261	-1125.57	171.1437	2.564702
3168	-949.8467	-1120.99	171.1437	2.564702
3174	-948.1445	-1119.288	171.1437	2.564702
3180	-951.3265	-1122.507	171.1809	2.541601
3186	-959.2445	-1130.41	171.165	2.551452
3192	-963.5226	-1135.212	171.6896	2.21949
3198	-957.2256	-1128.191	170.965	2.675156
3204	-953.3917	-1124.357	170.965	2.675156
3210	-961.5	-1132.639	171.1393	2.567451
3216	-952.9994	-1124.139	171.1393	2.567451
3222	-972.8903	-1144.424	171.5337	2.319443
3228	-960.0387	-1130.946	170.9068	2.710848
3234	-953.529	-1124.255	170.7258	2.821368
3240	-957.1235	-1127.883	170.7595	2.800835
3246	-972.7001	-1143.078	170.3777	3.031268
3252	-955.8136	-1127.008	171.1948	2.532947
3258	-965.5335	-1136.345	170.8119	2.768926
3264	-953.8099	-1125.211	171.4014	2.403371
3270	-957.639	-1128.711	171.0722	2.609001
3276	-948.2841	-1119.361	171.0771	2.60602
3282	-938.2295	-1109.155	170.9257	2.69931
3288	-961.9445	-1132.631	170.6865	2.845182
3294	-950.7262	-1121.693	170.9665	2.674239
3300	-956.842	-1128.362	171.5198	2.328299
3306	-961.5419	-1132.394	170.8519	2.744468
3312	-958.5972	-1130.193	171.5961	2.279617
3318	-963.38	-1134.657	171.2769	2.481648
3324	-963.7073	-1134.192	170.4852	2.966773
3330	-963.5815	-1134.499	170.9171	2.704562
3336	-970.1437	-1141.295	171.1516	2.559789
3342	-961.796	-1133.225	171.4289	2.386029
3348	-953.8294	-1125.258	171.4289	2.386029
3354	-952.2219	-1123.567	171.3455	2.438613
3360	-940.9358	-1112.223	171.2872	2.475185
3366	-947.7085	-1118.383	170.675	2.85221
3372	-950.8801	-1122.503	171.6225	2.262672
3378	-951.6991	-1122.763	171.0636	2.614339
3384	-945.0622	-1116.209	171.1471	2.562579
3390	-953.3734	-1124.734	171.3604	2.429253
3396	-952.0565	-1123.148	171.0915	2.597091
3402	-950.3521	-1121.178	170.8257	2.760495
3408	-970.9036	-1142.364	171.4605	2.365997
3414	-967.3152	-1138.776	171.4605	2.365997
3420	-962.395	-1133.774	171.3795	2.417215
3426	-974.5992	-1146.422	171.8232	2.132737
3432	-958.8069	-1129.827	171.0203	2.641077
3438	-965.7688	-1136.473	170.7045	2.834303
3444	-956.3428	-1127.324	170.9812	2.665168
3450	-957.3132	-1128.294	170.9812	2.665168
3456	-948.3385	-1119.198	170.8598	2.739678
3462	-957.9278	-1129.109	171.1808	2.54162
3468	-953.118	-1124.299	171.1808	2.54162
3474	-946.4595	-1117.367	170.9072	2.710611
3480	-959.9842	-1130.642	170.6577	2.862684
3486	-967.5643	-1138.678	171.1141	2.583078
3492	-943.8753	-1115.549	171.6739	2.229603
3498	-958.5043	-1130.566	172.0614	1.975281
3504	-941.5541	-1112.859	171.3045	2.464353
3510	-959.8849	-1131.062	171.1774	2.543737
3516	-970.5056	-1142.035	171.529	2.322467
3522	-956.5149	-1127.171	170.6558	2.8638
3528	-949.6126	-1120.8	171.187	2.537773
3534	-945.6883	-1117.218	171.5294	2.322217
3540	-948.3539	-1119.486	171.1326	2.571618
3546	-956.3609	-1127.372	171.0113	2.646622
3552	-957.3605	-1128.689	171.3287	2.449155
3558	-963.5208	-1135.011	171.4898	2.347417
3564	-959.1706	-1129.937	170.7668	2.796383
3570	-942.3144	-1113.514	171.1997	2.529889
3576	-941.0079	-1112.215	171.2073	2.525117
3582	-945.0025	-1116.315	171.3125	2.459341
3588	-962.934	-1133.993	171.0591	2.617149
3594	-951.6734	-1123.163	171.4897	2.347474
3600	-938.5305	-1109.914	171.3836	2.414626
3606	-944.5064	-1115.61	171.104	2.589363
3612	-947.3413	-1119.109	171.7676	2.168975
3618	-943.2347	-1114.023	170.7885	2.783176
3624	-954.3706	-1125.35	170.9794	2.666306
3630	-957.2362	-1128.68	171.4441	2.376356
3636	-959.1233	-1129.788	170.6651	2.858172
3642	-953.6043	-1124.724	171.1201	2.579385
3648	-950.9038	-1122.577	171.6731	2.230147
3654	-953.0435	-1123.604	170.5606	2.921356
3660	-965.7264	-1137.041	171.3148	2.457874
3666	-963.5283	-1134.878	171.3499	2.435835
3672	-965.36	-1136.264	170.9036	2.712868
3678	-960.0258	-1131.146	171.12	2.579394
3684	-946.6952	-1117.73	171.0345	2.632316
3690	-961.7351	-1132.581	170.8459	2.748179
3696	-968.5708	-1139.417	170.8459	2.748179
3702	-958.5831	-1129.969	171.3859	2.413138
3708	-962.8393	-1134.589	171.7501	2.180327
3714	-958.7902	-1130.233	171.4426	2.377353
3720	-960.3047	-1131.149	170.8438	2.749418
3726	-949.1621	-1120.167	171.0054	2.650268
3732	-956.4131	-1127.692	171.2793	2.480124
3738	-961.9501	-1133.622	171.6721	2.230758
3744	-959.6487	-1130.756	171.1072	2.58738
3750	-961.7254	-1132.833	171.1072	2.58738
3756	-952.4015	-1123.645	171.2438	2.502379
3762	-961.8199	-1132.43	170.6099	2.891602
3768	-957.6955	-1128.737	171.0418	2.627813
3774	-954.724	-1125.761	171.0369	2.630818
3780	-958.9412	-1129.853	170.9122	2.707559
3786	-956.3115	-1127.068	170.7561	2.802898
3792	-957.7237	-1128.48	170.7561	2.802898
3798	-959.252	-1130.352	171.1002	2.591694
3804	-948.9619	-1120.419	171.4571	2.368148
3810	-943.8917	-1115.121	171.2291	2.511561
3816	-953.6171	-1124.199	170.5821	2.908365
3822	-967.8809	-1139.066	171.1852	2.538886
3828	-963.8417	-1135.591	171.7496	2.180649
3834	-959.0651	-1130.401	171.3361	2.444521
3840	-966.5148	-1138.22	171.7051	2.209463
3846	-957.7031	-1128.84	171.1371	2.568782
3852	-950.4958	-1121.667	171.1716	2.547378
3858	-966.5771	-1137.749	171.1716	2.547378
3864	-954.167	-1125.435	171.2683	2.487037
3870	-954.1956	-1125.5	171.3041	2.464598
3876	-952.3892	-1123.524	171.1345	2.570432
3882	-950.98	-1122.219	171.2388	2.505452
3888	-950.9031	-1121.685	170.782	2.787156
3894	-953.815	-1124.78	170.9655	2.674837
3900	-950.3246	-1121.29	170.9655	2.674837
3906	-962.2956	-1133.057	170.7619	2.799422
3912	-955.6421	-1127.028	171.386	2.413126
3918	-953.1659	-1124.397	171.2314	2.5101
3924	-949.1111	-1120.199	171.0884	2.599022
3930	-954.451	-1126.017	171.5658	2.29899
3936	-947.6505	-1118.472	170.8213	2.7632
3942	-966.9144	-1137.736	170.8213	2.7632
3948	-962.6575	-1133.739	171.0813	2.603426
3954	-952.0606	-1123.492	171.431	2.384642
3960	-967.1857	-1138.216	171.0303	2.634914
3966	-948.2009	-1119.574	171.3734	2.421028
3972	-955.711	-1127.241	171.5303	2.321635
3978	-957.2002	-1128.283	171.083	2.602337
3984	-950.5125	-1121.998	171.4857	2.349992
3990	-955.7154	-1127.077	171.3618	2.428344
3996	-949.2924	-1120.674	171.3818	2.415714
4002	-945.8593	-1117.049	171.1896	2.536175
4008	-961.2512	-1132.407	171.156	2.5571
4014	-946.4079	-1117.983	171.5753	2.292881
4020	-947.011	-1118.262	171.2507	2.498036
4026	-950.1668	-1121.609	171.4422	2.377576
4032	-955.1917	-1125.658	170.4668	2.97787
4038	-954.6567	-1125.229	170.5727	2.914057
4044	-952.0855	-1123.328	171.2423	2.503323
4050	-957.8049	-1128.647	170.8423	2.75037
4056	-941.2923	-1112.415	171.1224	2.577955
4062	-952.5907	-1123.602	171.0116	2.646459
4068	-951.9582	-1123.183	171.2248	2.514247
4074	-971.4402	-1142.775	171.3349	2.445251
4080	-957.5235	-1128.752	171.2284	2.511982
4086	-955.6727	-1126.923	171.2499	2.498526
4092	-963.031	-1133.959	170.9276	2.698146
4098	-953.6799	-1125.312	171.6317	2.256776
4104	-952.2506	-1123.081	170.8304	2.757627
4110	-941.1511	-1112.251	171.1003	2.591651
4116	-943.1455	-1114.605	171.4594	2.366672
4122	-948.5413	-1119.545	171.0032	2.651607
4128	-955.6551	-1126.568	170.9126	2.707314
4134	-952.8092	-1123.722	170.9126	2.707314
4140	-969.0847	-1140.861	171.776	2.163512
4146	-948.5067	-1119.751	171.2447	2.501774
4152	-957.1168	-1127.784	170.6677	2.856634
4158	-949.1057	-1119.944	170.838	2.752988
4164	-945.6647	-1117.543	171.8787	2.096426
4170	-951.7462	-1123.625	171.8787	2.096426
4176	-956.6165	-1127.851	171.2343	2.508301
4182	-964.0125	-1134.301	170.2881	3.084846
4188	-958.0858	-1129.098	171.0122	2.646065
4194	-945.2846	-1116.661	171.3762	2.419277
4200	-957.2436	-1128.62	171.3762	2.419277
4206	-951.5848	-1123.101	171.516	2.330709
4212	-950.1234	-1121.235	171.112	2.584373
4218	-948.5318	-1120.159	171.6274	2.259493
4224	-955.3844	-1126.253	170.869	2.734018
4230	-960.8746	-1131.637	170.7622	2.799231
4236	-953.8915	-1124.963	171.0711	2.609738
4242	-964.8957	-1136.963	172.0675	1.971228
4248	-953.4788	-1124.903	171.4237	2.389281
4254	-967.9882	-1139.318	171.3294	2.448705
4260	-961.0829	-1132.636	171.5529	2.307181
4266	-969.9079	-1141.442	171.534	2.319262
4272	-954.5424	-1125.851	171.3085	2.461838
4278	-959.684	-1131.031	171.347	2.437664
4284	-949.8623	-1120.85	170.9878	2.661086
4290	-946.2659	-1117.413	171.1468	2.562777
4296	-947.4491	-1118.909	171.4597	2.366469
4302	-954.4937	-1125.999	171.505	2.337757
4308	-963.1443	-1133.895	170.7509	2.806073
4314	-962.6664	-1133.516	170.8497	2.745822
4320	-961.8809	-1132.731	170.8497	2.745822
4326	-946.0419	-1117.352	171.3101	2.460832
4332	-954.2362	-1125.202	170.9656	2.674765
4338	-948.7528	-1120.217	171.4641	2.363682
4344	-961.4268	-1132.242	170.8153	2.76684
4350	-966.2261	-1137.301	171.0751	2.607235
4356	-950.7269	-1121.793	171.0663	2.612649
4362	-954.674	-1126.323	171.649	2.245641
4368	-961.2411	-1132.89	171.649	2.245641
4374	-954.5528	-1125.897	171.3438	2.439671
4380	-949.8759	-1121.223	171.3475	2.437353
4386	-942.4824	-1113.54	171.0575	2.618148
4392	-950.3811	-1121.177	170.7961	2.778561
4398	-958.32	-1128.976	170.6558	2.863793
4404	-950.9032	-1122.363	171.4595	2.366592
4410	-955.2501	-1126.894	171.6436	2.249119
4416	-950.4893	-1121.638	171.1489	2.561468
4422	-953.6506	-1125.242	171.5918	2.28234
4428	-957.5979	-1128.678	171.0799	2.604255
4434	-962.1193	-1132.81	170.6903	2.842931
4440	-964.4377	-1135.347	170.909	2.709509
4446	-959.7603	-1130.814	171.0541	2.620211
4452	-952.7044	-1123.753	171.0487	2.623566
4458	-954.603	-1125.86	171.2568	2.494253
4464	-937.9006	-1109.338	171.4372	2.380739
4470	-942.3049	-1113.882	171.5775	2.291475
4476	-946.8852	-1118.032	171.1466	2.562942
4482	-946.4074	-1117.539	171.1314	2.572332
4488	-942.4124	-1113.21	170.7981	2.777335
4494	-949.5924	-1120.391	170.7981	2.777335
4500	-953.7722	-1125.184	171.4123	2.396515
4506	-943.6573	-1115.477	171.8193	2.135285
4512	-940.1087	-1111.104	170.995	2.656665
4518	-962.62	-1133.497	170.8766	2.729406
4524	-953.3115	-1124.433	171.1215	2.578489
4530	-954.9891	-1126.131	171.1419	2.56581
4536	-955.0182	-1126.185	171.167	2.55026
4542	-945.5322	-1116.641	171.1089	2.586315
4548	-952.5327	-1123.945	171.4126	2.396309
4554	-943.7881	-1114.863	171.0751	2.607265
4560	-941.9253	-1112.786	170.8609	2.738977
4566	-949.0809	-1119.824	170.7433	2.810738
4572	-949.5521	-1120.563	171.0107	2.646979
4578	-949.7583	-1120.742	170.9837	2.66365
4584	-954.5702	-1124.991	170.4212	3.00521
4590	-953.4165	-1124.602	171.1852	2.538896
4596	-954.3998	-1125.836	171.436	2.381516
4602	-956.1409	-1127.39	171.2489	2.499144
4608	-961.1152	-1131.725	170.6094	2.891908
4614	-953.0742	-1124.195	171.1207	2.578984
4620	-934.3844	-1105.726	171.3417	2.440996
4626	-944.0873	-1115.475	171.3876	2.412058
4632	-951.1352	-1122.366	171.2311	2.5103
4638	-956.3771	-1127.657	171.2802	2.479577
4644	-945.6877	-1116.905	171.2168	2.519184
4650	-951.9765	-1122.473	170.4966	2.959896
4656	-961.2714	-1131.945	170.6738	2.852884
4662	-957.9178	-1129.383	171.465	2.363129
4668	-953.5911	-1124.292	170.7008	2.836538
4674	-951.881	-1122.582	170.7008	2.836538
4680	-947.3932	-1118.889	171.4958	2.343577
4686	-942.5894	-1113.528	170.9391	2.691089
4692	-952.3677	-1123.619	171.2513	2.497683
4698	-947.6833	-1118.907	171.2238	2.514824
4704	-958.85	-1130.241	171.3913	2.409724
4710	-943.039	-1114.171	171.1325	2.571699
4716	-947.4196	-1119.125	171.7058	2.209038
4722	-945.017	-1116.482	171.4649	2.363224
4728	-941.3893	-1112.811	171.4221	2.390327
4734	-952.3082	-1123.15	170.8421	2.750451
4740	-956.4346	-1127.388	170.9532	2.682416
4746	-948.6509	-1119.836	171.1848	2.539147
4752	-958.2194	-1129.404	171.1848	2.539147
4758	-943.3828	-1114.818	171.4349	2.382183
4764	-953.6674	-1125.516	171.8488	2.115996
4770	-956.6847	-1127.791	171.106	2.588119
4776	-962.8724	-1134.318	171.4452	2.375714
4782	-943.1276	-1114.533	171.4058	2.400632
4788	-948.6416	-1120.162	171.5203	2.328006
4794	-937.4664	-1108.747	171.2805	2.479382
4800	-938.9589	-1110.32	171.3615	2.428551
4806	-940.4833	-1111.65	171.1666	2.550472
4812	-956.745	-1128.191	171.4456	2.375451
4818	-945.7059	-1117.151	171.4456	2.375451
4824	-938.9921	-1109.98	170.9882	2.660837
4830	-949.5515	-1120.349	170.7974	2.777734
4836	-947.9625	-1119.151	171.1885	2.53686
4842	-972.6486	-1144.21	171.5615	2.301718
4848	-964.3811	-1135.636	171.2551	2.495302
4854	-957.2813	-1128.37	171.0892	2.598529
4860	-958.1189	-1129.208	171.0892	2.598529
4866	-953.8914	-1125.662	171.7711	2.166682
4872	-949.1063	-1120.402	171.2962	2.469574
4878	-952.8062	-1123.961	171.1548	2.557845
4884	-946.82	-1118.631	171.8112	2.140565
4890	-942.1385	-1113.147	171.0089	2.648107
4896	-948.6482	-1119.803	171.1545	2.557984
4902	-955.215	-1126.535	171.3196	2.454856
4908	-947.4796	-1119.148	171.6681	2.233342
4914	-949.6333	-1121.129	171.4962	2.343353
4920	-948.8464	-1119.78	170.9335	2.694511
4926	-943.9113	-1115.087	171.176	2.544623
4932	-942.4647	-1113.5	171.0356	2.631626
4938	-947.685	-1119.313	171.6282	2.259024
4944	-958.1784	-1129.203	171.025	2.638211
4950	-959.8366	-1131.408	171.5713	2.295436
4956	-955.0055	-1126.003	170.9975	2.655169
4962	-951.6814	-1122.83	171.1484	2.561791
4968	-942.1804	-1113.329	171.1484	2.561791
4974	-941.5904	-1112.367	170.7767	2.790398
4980	-943.7255	-1114.765	171.0397	2.629129
4986	-942.8264	-1114.221	171.3942	2.407914
4992	-943.9042	-1115.223	171.3185	2.455563
4998	-936.3624	-1107.87	171.5079	2.335868
5004	-953.71	-1124.903	171.1931	2.533983
5010	-948.842	-1120.55	171.7078	2.207751
5016	-949.2737	-1120.384	171.1107	2.585189
5022	-949.2627	-1120.546	171.2838	2.477361
5028	-951.9563	-1123.103	171.1465	2.562981
5034	-944.6459	-1115.792	171.1465	2.562981
5040	-949.3261	-1120.473	171.1465	2.562981
5046	-951.5352	-1122.494	170.9586	2.679094
5052	-950.9481	-1122.135	171.1864	2.53819
5058	-947.5157	-1118.702	171.1864	2.53819
5064	-946.7219	-1117.888	171.1658	2.550977
5070	-953.7665	-1125.247	171.4804	2.353336
5076	-953.2923	-1124.925	171.6326	2.256159
5082	-955.9444	-1126.996	171.0512	2.621984
5088	-950.9661	-1122.298	171.3317	2.447255
5094	-956.2476	-1127.636	171.3888	2.411339
5100	-958.2898	-1129.638	171.3487	2.436591
5106	-961.7617	-1132.307	170.5451	2.930722
5112	-958.8023	-1129.595	170.7927	2.780606
5118	-949.9364	-1121.208	171.2717	2.484909
5124	-954.1223	-1125.137	171.015	2.644325
5130	-956.0862	-1127.101	171.015	2.644325
5136	-961.8454	-1133.443	171.5974	2.278787
5142	-961.0724	-1132.004	170.9313	2.695833
5148	-955.4436	-1126.603	171.1597	2.554779
5154	-957.6221	-1128.429	170.8069	2.771983
5160	-950.3311	-1121.706	171.3748	2.420132
5166	-947.2372	-1118.19	170.9531	2.682447
5172	-944.6425	-1115.85	171.207	2.525317
5178	-952.6375	-1123.827	171.1899	2.536
5184	-961.0068	-1132.389	171.3824	2.415343
5190	-959.6869	-1130.993	171.3061	2.46336
5196	-960.6707	-1132.035	171.3639	2.426994
5202	-956.7157	-1128.401	171.6851	2.22241
5208	-952.2444	-1123.738	171.4932	2.345217
5214	-958.2904	-1128.89	170.5999	2.89766
5220	-951.8503	-1123.131	171.2804	2.47944
5226	-954.6921	-1126.027	171.3348	2.445326
5232	-956.2734	-1127.684	171.4101	2.397881
5238	-958.3013	-1129.142	170.8407	2.751316
5244	-951.6663	-1123.237	171.5707	2.295818
5250	-945.6068	-1115.894	170.2876	3.085161
5256	-955.4549	-1125.845	170.3896	3.024172
5262	-965.5672	-1136.584	171.0166	2.643392
5268	-967.3469	-1138.856	171.5089	2.335261
5274	-963.5699	-1134.721	171.1515	2.559843
5280	-950.5398	-1121.679	171.1393	2.567425
5286	-949.6569	-1120.632	170.9751	2.66896
5292	-953.1585	-1124.016	170.8571	2.741308
5298	-948.7226	-1119.994	171.2715	2.485032
5304	-949.5684	-1120.84	171.2715	2.485032
5310	-963.4551	-1134.917	171.4622	2.364929
5316	-950.9884	-1121.809	170.8204	2.76374
5322	-942.9517	-1114.539	171.5871	2.285341
5328	-942.9163	-1113.823	170.9068	2.710864
5334	-955.9966	-1127.451	171.454	2.370138
5340	-963.4267	-1134.91	171.4833	2.351509
5346	-955.1874	-1126.671	171.4833	2.351509
5352	-954.6892	-1125.646	170.9571	2.679987
5358	-947.3704	-1118.405	171.0341	2.632543
5364	-944.6569	-1116.131	171.4738	2.357585
5370	-946.8535	-1118.619	171.7651	2.170604
5376	-950.094	-1121.225	171.1311	2.572526
5382	-960.7791	-1131.523	170.7437	2.810478
5388	-954.7517	-1125.443	170.6916	2.842103
5394	-952.395	-1124.072	171.6765	2.227924
5400	-957.1744	-1128.013	170.8382	2.752836
5406	-952.1682	-1123.213	171.0448	2.625955
5412	-958.9086	-1129.77	170.8616	2.738574
5418	-962.1798	-1133.962	171.7827	2.159151
5424	-957.1065	-1128.178	171.072	2.609157
5430	-950.4129	-1121.684	171.2715	2.485058
5436	-944.8267	-1116.402	171.5754	2.292823
5442	-947.2939	-1118.716	171.4217	2.390535
5448	-949.7005	-1120.876	171.1754	2.544994
5454	-954.551	-1125.521	170.9698	2.672203
5460	-946.0013	-1117.325	171.3238	2.452238
5466	-955.3482	-1126.637	171.2887	2.474261
5472	-956.7488	-1127.942	171.1929	2.534112
5478	-951.0939	-1122.221	171.1268	2.575194
5484	-961.8532	-1132.967	171.1141	2.58309
5490	-963.1319	-1134.335	171.2031	2.52776
5496	-961.8929	-1133.11	171.2175	2.518809
5502	-959.4602	-1130.437	170.9769	2.667836
5508	-953.0048	-1124.035	171.0298	2.635236
5514	-953.7768	-1125.205	171.4281	2.386476
5520	-957.2949	-1128.713	171.4182	2.392743
5526	-953.8616	-1125.332	171.4706	2.359564
5532	-960.1722	-1131.415	171.2426	2.503114
5538	-945.7709	-1116.984	171.2134	2.521324
5544	-946.5292	-1117.743	171.2137	2.521138
5550	-948.2668	-1119.067	170.7998	2.776288
5556	-946.8748	-1118.095	171.2198	2.51736
5562	-957.2083	-1128.552	171.3441	2.439486
5568	-952.6681	-1123.944	171.2756	2.482485
5574	-948.3722	-1119.955	171.5824	2.288353
5580	-972.8505	-1144.272	171.4216	2.390642
5586	-963.4063	-1134.917	171.5104	2.334318
5592	-948.7431	-1120.253	171.5104	2.334318
5598	-959.0174	-1130.125	171.108	2.586852
5604	-954.9	-1126.212	171.3116	2.459923
5610	-959.5094	-1130.628	171.1187	2.580237
5616	-953.9199	-1125.078	171.1582	2.555703
5622	-947.9115	-1119.094	171.1825	2.540587
5628	-949.4184	-1120.589	171.1709	2.547823
5634	-949.7407	-1121.285	171.5447	2.312452
5640	-946.6629	-1118.081	171.4178	2.393038
5646	-946.0953	-1117.438	171.3424	2.440555
5652	-955.7728	-1126.944	171.1714	2.547466
5658	-958.4263	-1129.211	170.785	2.785351
5664	-960.5064	-1131.291	170.785	2.785351
5670	-949.5017	-1120.348	170.8461	2.74802
5676	-944.9489	-1115.661	170.7122	2.829632
5682	-955.6561	-1126.129	170.4732	2.97398
5688	-951.0625	-1122.248	171.1858	2.538505
5694	-945.294	-1116.48	171.1858	2.538505
5700	-946.3974	-1117.658	171.2605	2.491911
5706	-949.9109	-1120.509	170.5982	2.898674
5712	-954.1075	-1124.761	170.6533	2.865331
5718	-962.1754	-1132.874	170.6987	2.837829
5724	-956.0079	-1127.158	171.1501	2.560744
5730	-958.5931	-1130.072	171.4785	2.354556
5736	-958.6392	-1129.76	171.1203	2.579217
5742	-951.8822	-1123.418	171.5361	2.317909
5748	-955.2889	-1125.841	170.5521	2.926519
5754	-961.7431	-1132.92	171.1767	2.544174
5760	-963.1672	-1134.465	171.2974	2.468821
5766	-962.1006	-1133.53	171.429	2.385961
5772	-953.4432	-1124.714	171.2707	2.485563
5778	-947.3098	-1118.819	171.5096	2.334823
5784	-942.3723	-1114.083	171.7106	2.205897
5790	-947.9046	-1119.057	171.1527	2.559122
5796	-967.9697	-1138.73	170.76	2.800547
5802	-965.6913	-1136.617	170.9258	2.699206
5808	-965.3461	-1136.155	170.8085	2.770995
5814	-969.1139	-1140.332	171.2184	2.518226
5820	-972.5238	-1143.398	170.8737	2.731126
5826	-962.6546	-1133.715	171.0607	2.616128
5832	-958.7347	-1129.818	171.0832	2.602238
5838	-954.9743	-1126.285	171.3108	2.460408
5844	-950.7609	-1121.937	171.1758	2.544763
5850	-955.5947	-1126.693	171.0986	2.59269
5856	-960.1075	-1131.206	171.0986	2.59269
5862	-946.5443	-1117.878	171.3336	2.446112
5868	-948.5916	-1120.225	171.633	2.255896
5874	-949.499	-1120.896	171.3969	2.406244
5880	-949.2849	-1120.964	171.6793	2.226136
5886	-951.191	-1122.516	171.3249	2.451559
5892	-960.9942	-1131.578	170.5837	2.907443
5898	-963.9484	-1134.702	170.7532	2.804662
5904	-942.4585	-1113.746	171.2874	2.475073
5910	-948.6167	-1120.124	171.5069	2.336546
5916	-943.7267	-1114.786	171.0591	2.617135
5922	-950.4709	-1121.276	170.805	2.773116
5928	-952.9108	-1123.664	170.7531	2.804731
5934	-952.1833	-1122.995	170.8118	2.768988
5940	-941.2407	-1112.211	170.9706	2.671707
5946	-950.9336	-1122.213	171.2793	2.480145
5952	-953.7951	-1125.14	171.3446	2.439157
5958	-947.3485	-1118.803	171.4545	2.369766
5964	-947.3492	-1118.717	171.3675	2.424768
5970	-946.6445	-1117.553	170.9084	2.709882
5976	-960.7054	-1131.923	171.2179	2.518537
5982	-963.5105	-1134.876	171.3653	2.426115
5988	-961.7293	-1133.51	171.7803	2.160692
5994	-955.2279	-1126.462	171.2337	2.508663
6000	-946.1321	-1117.326	171.1942	2.533295
6006	-946.7554	-1117.915	171.16	2.554559
6012	-954.9966	-1126.265	171.2682	2.487111
6018	-962.7373	-1134.117	171.3795	2.417172
6024	-966.4057	-1137.408	171.0023	2.652198
6030	-959.5683	-1130.774	171.206	2.525931
6036	-955.3986	-1126.493	171.0947	2.59511
6042	-960.9729	-1131.894	170.9208	2.702301
6048	-981.2803	-1152.802	171.522	2.32689
6054	-979.9497	-1150.369	170.4189	3.006572
6060	-972.2622	-1143.154	170.8923	2.719757
6066	-972.5489	-1143.554	171.0055	2.650188
6072	-958.6541	-1129.73	171.0763	2.60652
6078	-957.3553	-1128.831	171.4759	2.356212
6084	-958.85	-1130.328	171.4783	2.35472
6090	-958.6913	-1130.169	171.4779	2.354939
6096	-956.1696	-1127.25	171.0806	2.603833
6102	-952.3071	-1123.817	171.5097	2.334772
6108	-954.1236	-1125.195	171.0713	2.609578
6114	-943.8198	-1115.416	171.5961	2.279581
6120	-947.6237	-1118.792	171.1682	2.549495
6126	-944.1292	-1115.521	171.3923	2.409133
6132	-958.6552	-1129.439	170.7836	2.78619
6138	-951.3248	-1122.58	171.2553	2.495178
6144	-957.036	-1128.453	171.4165	2.393814
6150	-948.2748	-1119.543	171.268	2.487196
6156	-964.1992	-1135.301	171.102	2.590554
6162	-960.3927	-1131.395	171.0021	2.652314
6168	-968.6749	-1139.965	171.2904	2.473177
6174	-967.8838	-1139.174	171.2904	2.473177
6180	-975.4343	-1146.506	171.0713	2.609606
6186	-965.0809	-1137.054	171.9732	2.034066
6192	-957.538	-1129.176	171.6382	2.252552
6198	-948.8073	-1120.084	171.2769	2.481653
6204	-953.2327	-1124.656	171.4229	2.389771
6210	-952.1914	-1123.434	171.243	2.502864
6216	-950.6755	-1121.918	171.243	2.502864
6222	-948.0118	-1119.284	171.2724	2.484452
6228	-954.9982	-1126.831	171.8325	2.126646
6234	-956.7543	-1128.587	171.8325	2.126646
6240	-955.4856	-1126.391	170.9057	2.711525
6246	-935.1267	-1106.413	171.2859	2.475998
6252	-936.4322	-1107.774	171.3417	2.441025
6258	-951.1535	-1121.901	170.7472	2.808367
6264	-953.155	-1123.895	170.7397	2.812916
6270	-944.5809	-1115.267	170.6865	2.845229
6276	-948.6001	-1119.772	171.172	2.547106
6282	-943.9	-1115.507	171.6066	2.272839
6288	-943.394	-1114.745	171.3507	2.435361
6294	-953.682	-1124.806	171.1237	2.577114
6300	-947.4752	-1118.487	171.0121	2.646159
6306	-955.3978	-1127.205	171.8077	2.142877
6312	-951.4394	-1122.898	171.459	2.366913
6318	-959.6112	-1130.884	171.2728	2.484237
6324	-967.9663	-1139.239	171.2728	2.484237
6330	-974.2472	-1145.358	171.1109	2.585038
6336	-951.3978	-1122.741	171.3432	2.44005
6342	-956.0179	-1126.802	170.7841	2.785856
6348	-952.105	-1122.956	170.8509	2.745104
6354	-946.4447	-1117.648	171.2035	2.527516
6360	-965.0327	-1136.056	171.0232	2.639272
6366	-964.5344	-1135.663	171.1291	2.57379
6372	-952.1912	-1123.342	171.1505	2.560505
6378	-963.195	-1134.068	170.8734	2.731336
6384	-955.1371	-1125.974	170.8372	2.75346
6390	-959.3483	-1129.914	170.5661	2.918051
6396	-948.8551	-1120.478	171.6227	2.262554
