Iteration	Posterior	Likelihood	Prior	tree_length
0	-179.5635	-353.1455	173.582	0.6867139
6	-175.6762	-349.3089	173.6327	0.5541162
12	-178.4855	-352.0778	173.5922	0.6671976
18	-174.129	-347.7583	173.6293	0.5695897
24	-171.5727	-345.1403	173.5677	0.7119134
30	-188.6517	-362.2867	173.635	0.5403551
36	-189.0574	-362.6777	173.6203	0.6003543
42	-189.2924	-362.5295	173.2371	1.09037
48	-197.4811	-371.1159	173.6348	0.4603451
54	-188.1273	-361.6764	173.5492	0.7415606
60	-189.3808	-362.9527	173.5719	0.7047578
66	-195.2981	-368.8828	173.5847	0.6817219
72	-186.85	-360.4744	173.6244	0.5876023
78	-182.1362	-355.7197	173.5835	0.6839042
84	-190.5706	-364.1299	173.5592	0.7257278
90	-198.8381	-372.4465	173.6084	0.6319449
96	-191.7475	-365.3837	173.6362	0.5321257
102	-182.174	-355.7228	173.5488	0.7420924
108	-187.1891	-360.5949	173.4058	0.9223405
114	-189.3293	-362.9612	173.6319	0.446126
120	-187.136	-360.744	173.608	0.6330328
126	-184.0224	-357.6596	173.6372	0.521471
132	-185.2088	-358.7205	173.5118	0.795122
138	-185.7178	-359.2296	173.5118	0.795122
144	-185.9603	-359.4264	173.4661	0.8532442
150	-184.4668	-357.9948	173.5279	0.7728466
156	-187.1777	-360.8153	173.6376	0.5170113
162	-183.7025	-357.2417	173.5392	0.7565115
168	-183.3461	-356.9797	173.6336	0.5490026
174	-187.9564	-361.5882	173.6317	0.5587419
180	-187.826	-361.3319	173.5059	0.8029113
186	-189.2472	-362.7266	173.4793	0.8370092
192	-182.422	-356.006	173.584	0.6830546
198	-186.7378	-360.1772	173.4394	0.8847123
204	-181.3129	-354.7943	173.4813	0.8345675
210	-180.4433	-353.9291	173.4858	0.8288725
216	-177.2568	-350.8907	173.6339	0.547535
222	-185.3292	-358.92	173.5908	0.6699903
228	-182.1669	-355.5829	173.416	0.9110791
234	-186.8991	-360.3745	173.4754	0.8419129
240	-195.1223	-368.6522	173.5299	0.7700229
246	-192.16	-365.6899	173.5299	0.7700229
252	-211.249	-384.8871	173.6381	0.4942287
258	-196.261	-369.4906	173.2296	1.097265
264	-195.3685	-368.751	173.3825	0.947331
270	-197.3131	-370.9148	173.6017	0.6473261
276	-197.6591	-371.2585	173.5994	0.6523225
282	-188.136	-361.311	173.175	1.146502
288	-205.142	-378.7757	173.6337	0.5483113
294	-186.4711	-359.8392	173.3681	0.9624788
300	-182.6924	-356.319	173.6266	0.5797807
306	-177.5	-351.0466	173.5466	0.745476
312	-179.2517	-352.8192	173.5675	0.7121628
318	-187.3543	-360.9322	173.5779	0.6941973
324	-188.7742	-362.2677	173.4935	0.8191684
330	-192.1825	-365.3906	173.2082	1.116796
336	-192.7792	-366.4173	173.6381	0.5056935
342	-185.7465	-359.2961	173.5497	0.7407782
348	-184.3455	-357.8589	173.5134	0.7928804
354	-177.3909	-350.8348	173.4439	0.879448
360	-184.742	-358.1315	173.3895	0.9399486
366	-196.1325	-369.6953	173.5628	0.3301612
372	-176.6519	-350.2005	173.5487	0.742295
378	-173.7824	-347.3465	173.5641	0.7178046
384	-173.5247	-347.0888	173.5641	0.7178046
390	-181.4929	-355.0809	173.588	0.6754095
396	-187.7491	-361.1479	173.3988	0.9298707
402	-174.0101	-347.6459	173.6358	0.5348246
408	-193.5301	-366.7966	173.2665	1.06289
414	-181.7267	-355.1997	173.4729	0.844896
420	-179.702	-353.3227	173.6207	0.5992709
426	-176.6748	-350.0582	173.3833	0.9464493
432	-170.7468	-344.3831	173.6363	0.5304907
438	-172.1751	-345.7714	173.5963	0.658949
444	-184.2598	-357.687	173.4272	0.8985434
450	-184.6008	-358.231	173.6302	0.5658219
456	-173.3532	-346.9056	173.5525	0.7364486
462	-176.5859	-350.1384	173.5525	0.7364486
468	-175.7179	-349.2048	173.4869	0.8274836
474	-184.5041	-358.1032	173.599	0.6531365
480	-177.3718	-351.0023	173.6304	0.5645883
486	-177.0699	-350.5532	173.4833	0.8320804
492	-181.0878	-354.7031	173.6154	0.6143944
498	-174.6365	-348.1602	173.5237	0.7787704
504	-180.2876	-353.7507	173.4631	0.8568178
510	-179.4043	-352.6626	173.2583	1.070648
516	-179.4535	-353.0513	173.5979	0.6556533
522	-181.9418	-355.5796	173.6378	0.4865658
528	-188.1258	-361.6888	173.5631	0.7195468
534	-190.4936	-364.0959	173.6023	0.6461111
540	-186.3205	-359.8169	173.4965	0.8153122
546	-177.7318	-351.2283	173.4965	0.8153122
552	-186.6737	-359.8975	173.2237	1.102627
558	-184.4972	-357.7062	173.209	1.116004
564	-183.7222	-356.9312	173.209	1.116004
570	-183.0115	-356.3325	173.321	1.010226
576	-182.3294	-355.9528	173.6234	0.5908652
582	-186.4109	-359.9682	173.5572	0.7289602
588	-186.0882	-359.6762	173.5881	0.6753216
594	-190.3195	-363.9076	173.5881	0.6753216
600	-181.0728	-354.5933	173.5205	0.7832669
606	-188.33	-361.9515	173.6215	0.5967208
612	-183.5998	-357.2167	173.6169	0.610279
618	-182.5701	-356.2006	173.6305	0.5641414
624	-186.2472	-359.8613	173.6141	0.6176648
630	-194.9034	-368.3394	173.4361	0.8885091
636	-191.6577	-365.1583	173.5006	0.8100116
642	-190.1681	-363.3225	173.1544	1.164651
648	-184.4108	-357.8657	173.4549	0.8666119
654	-191.4455	-364.6105	173.1651	1.155273
660	-189.3763	-362.5413	173.1651	1.155273
666	-187.5378	-361.0486	173.5108	0.7964411
672	-192.5164	-365.8755	173.3591	0.9718038
678	-197.0321	-370.5489	173.5168	0.7883719
684	-207.2391	-380.7347	173.4956	0.8163926
690	-187.7161	-361.1551	173.439	0.8851684
696	-184.8685	-358.3188	173.4503	0.8720323
702	-188.3929	-361.6868	173.2939	1.036712
708	-200.1951	-373.5332	173.338	0.9932299
714	-186.205	-359.7879	173.5829	0.6850417
720	-176.231	-349.7686	173.5376	0.7588435
726	-180.0751	-353.3963	173.3211	1.010085
732	-190.91	-364.2844	173.3744	0.9558548
738	-186.5784	-359.8186	173.2401	1.087531
744	-194.7206	-368.3094	173.5889	0.6737846
750	-197.2439	-370.6421	173.3982	0.9305336
756	-183.7366	-357.1348	173.3982	0.9305336
762	-192.0776	-365.5929	173.5154	0.7902389
768	-196.0105	-369.5551	173.5447	0.7484129
774	-188.0805	-361.6873	173.6068	0.6358747
780	-188.341	-361.6814	173.3405	0.9907656
786	-185.3792	-358.942	173.5628	0.7200382
792	-182.5447	-356.0315	173.4868	0.827638
798	-176.2549	-349.8072	173.5523	0.7367886
804	-186.9716	-360.3897	173.4181	0.9087959
810	-189.4383	-362.9235	173.4852	0.8297334
816	-198.4934	-372.1224	173.629	0.5707455
822	-190.7854	-364.4047	173.6193	0.6033981
828	-187.9088	-361.4067	173.4979	0.8134712
834	-184.3004	-357.9378	173.6374	0.4811018
840	-187.8776	-361.4196	173.542	0.7523812
846	-179.9728	-353.5148	173.542	0.7523812
852	-181.208	-354.75	173.542	0.7523812
858	-180.9104	-354.4524	173.542	0.7523812
864	-187.2443	-360.8723	173.628	0.5746762
870	-191.7949	-365.1797	173.3848	0.9449305
876	-182.309	-355.9123	173.6033	0.6438029
882	-181.9169	-355.5015	173.5846	0.6819991
888	-187.2882	-360.9184	173.6301	0.5658941
894	-178.9867	-352.6233	173.6366	0.4723969
900	-176.6605	-350.2837	173.6232	0.5916086
906	-173.174	-346.6909	173.5169	0.7881663
912	-178.0785	-351.4546	173.3761	0.9541349
918	-178.9587	-352.4935	173.5349	0.7628887
924	-176.2202	-349.8569	173.6367	0.5270043
930	-171.3901	-344.9674	173.5772	0.6953384
936	-180.5877	-353.9884	173.4007	0.9278316
942	-176.9908	-350.5713	173.5805	0.6894589
948	-181.4171	-355.0546	173.6374	0.4816992
954	-183.1317	-356.6252	173.4935	0.8191311
960	-177.016	-350.5182	173.5022	0.8078904
966	-176.5132	-350.0154	173.5022	0.8078904
972	-191.617	-365.1389	173.5219	0.7812997
978	-182.9565	-356.3561	173.3996	0.9290872
984	-193.959	-367.0672	173.1082	1.204648
990	-193.7158	-367.3189	173.6031	0.6442096
996	-193.4937	-367.1263	173.6327	0.5542115
1002	-185.5227	-358.998	173.4752	0.8421172
1008	-179.6915	-353.1645	173.473	0.8447782
1014	-182.2046	-355.8287	173.6241	0.5885724
1020	-174.1844	-347.7864	173.6019	0.6468338
1026	-179.7834	-353.2387	173.4553	0.8661381
1032	-185.5737	-358.9041	173.3305	1.000818
1038	-185.5482	-359.1161	173.5679	0.7115769
1044	-186.7265	-360.3151	173.5886	0.6743645
1050	-190.5071	-363.9065	173.3994	0.9292288
1056	-196.1249	-369.7522	173.6273	0.577085
1062	-193.1333	-366.7255	173.5922	0.6672316
1068	-193.8218	-367.1465	173.3248	1.006486
1074	-200.1963	-373.8161	173.6198	0.601944
1080	-179.6803	-353.1793	173.499	0.8120037
1086	-185.5984	-359.1707	173.5723	0.7040614
1092	-176.8487	-350.4194	173.5708	0.7066304
1098	-185.0111	-358.5178	173.5066	0.8019887
1104	-186.1873	-359.4541	173.2668	1.062567
1110	-184.1935	-357.7297	173.5362	0.7609195
1116	-184.0218	-357.6599	173.6381	0.4939816
1122	-192.0996	-365.6537	173.5542	0.7338002
1128	-178.7691	-352.3233	173.5542	0.7338002
1134	-182.7587	-356.3762	173.6175	0.6086229
1140	-185.0941	-358.5053	173.4112	0.916368
1146	-185.0828	-358.3663	173.2836	1.046647
1152	-192.4237	-365.9231	173.4994	0.8115372
1158	-200.1435	-373.6874	173.544	0.7494609
1164	-202.3729	-375.5322	173.1594	1.160288
1170	-198.6308	-372.2106	173.5798	0.6908107
1176	-193.0303	-366.1825	173.1522	1.166559
1182	-189.7625	-363.2778	173.5154	0.7902776
1188	-196.4656	-369.8347	173.3691	0.9614026
1194	-194.5962	-368.0334	173.4371	0.8872858
1200	-194.1682	-367.6782	173.5099	0.7975822
1206	-196.0532	-369.5631	173.5099	0.7975822
1212	-183.1038	-356.5644	173.4607	0.8597447
1218	-186.0406	-359.6638	173.6232	0.5913586
1224	-187.9671	-361.5699	173.6028	0.6450229
1230	-179.9352	-353.5232	173.5881	0.6753381
1236	-182.2108	-355.6676	173.4568	0.8644136
1242	-183.9593	-357.2961	173.3368	0.9944614
1248	-187.4395	-360.7336	173.2941	1.036567
1254	-179.1359	-352.7503	173.6145	0.6167557
1260	-184.2468	-357.7276	173.4808	0.8352156
1266	-181.4903	-355.004	173.5137	0.792461
1272	-180.9477	-354.5202	173.5726	0.7035588
1278	-181.3601	-354.8864	173.5263	0.7751817
1284	-180.0478	-353.2652	173.2174	1.10843
1290	-176.8134	-350.4377	173.6243	0.5879775
1296	-184.4672	-358.0058	173.5386	0.7574378
1302	-190.8215	-364.4553	173.6337	0.5484803
1308	-184.9589	-358.4299	173.471	0.8472311
1314	-179.1554	-352.7473	173.5919	0.6678635
1320	-187.713	-361.34	173.627	0.5783752
1326	-180.9203	-354.4603	173.54	0.7553309
1332	-186.1433	-359.554	173.4107	0.9169544
1338	-176.3973	-350.0149	173.6176	0.6084139
1344	-175.607	-348.936	173.329	1.002259
1350	-179.3183	-352.7127	173.3944	0.9346307
1356	-185.9064	-359.4777	173.5713	0.7056579
1362	-189.8629	-363.3083	173.4455	0.8776642
1368	-184.7159	-358.1743	173.4584	0.8624279
1374	-181.109	-354.6331	173.5242	0.7781303
1380	-179.4051	-353.0306	173.6255	0.424686
1386	-178.3065	-351.795	173.4884	0.8256095
1392	-178.9141	-352.3834	173.4693	0.8492945
1398	-183.6807	-357.2919	173.6111	0.6253898
1404	-189.9647	-363.5758	173.6111	0.6253898
1410	-186.574	-360.0985	173.5244	0.7777442
1416	-184.0008	-357.5252	173.5244	0.7777442
1422	-181.652	-355.1744	173.5224	0.7805266
1428	-175.9759	-349.5646	173.5887	0.6741746
1434	-180.7836	-354.3221	173.5385	0.7575245
1440	-194.463	-368.0779	173.6149	0.6157864
1446	-184.7225	-358.3605	173.638	0.5081746
1452	-181.6021	-355.0217	173.4197	0.9070221
1458	-175.0155	-348.6258	173.6102	0.6276149
1464	-185.6655	-359.1814	173.5159	0.7895571
1470	-169.8416	-343.4024	173.5609	0.7231041
1476	-180.982	-354.5864	173.6044	0.6414112
1482	-187.29	-360.6439	173.3539	0.9771544
1488	-181.9635	-355.4483	173.4848	0.8302073
1494	-181.3717	-355.0089	173.6371	0.4777333
1500	-190.9956	-364.5297	173.5341	0.7639856
1506	-191.4435	-364.8551	173.4117	0.9158448
1512	-185.9578	-359.4859	173.5281	0.7725693
1518	-198.6727	-372.219	173.5463	0.7459359
1524	-189.5437	-363.09	173.5463	0.7459359
1530	-190.0856	-363.3102	173.2246	1.101821
1536	-181.9718	-355.5612	173.5894	0.6726581
1542	-179.737	-353.25	173.513	0.793537
1548	-183.0675	-356.7056	173.6381	0.4990222
1554	-183.1808	-356.7927	173.6119	0.6234853
1560	-187.8221	-361.2983	173.4762	0.8409461
1566	-183.8627	-357.4339	173.5712	0.7058253
1572	-178.6101	-352.2228	173.6127	0.621283
1578	-193.0446	-366.5789	173.5343	0.7636573
1584	-187.8977	-361.2776	173.3799	0.9500461
1590	-195.4738	-368.8902	173.4164	0.9106001
1596	-193.2209	-366.2623	173.0414	1.260848
1602	-196.2995	-369.9221	173.6226	0.5934086
1608	-199.7254	-373.1729	173.4475	0.8752756
1614	-192.2392	-365.4313	173.1921	1.131283
1620	-179.1602	-352.7641	173.6039	0.6424631
1626	-189.2069	-362.6731	173.4662	0.8531237
1632	-193.3698	-366.7883	173.4185	0.9083322
1638	-187.422	-361.0419	173.6199	0.6015742
1644	-185.1326	-358.7549	173.6223	0.5942047
1650	-191.6896	-365.3263	173.6367	0.4737507
1656	-174.1996	-347.7558	173.5562	0.7305776
1662	-187.1908	-360.747	173.5562	0.7305776
1668	-187.9043	-361.4812	173.5768	0.6961064
1674	-193.3321	-366.8117	173.4796	0.8366736
1680	-184.8219	-358.3563	173.5344	0.7635713
1686	-185.7913	-359.3394	173.5481	0.7431911
1692	-195.6884	-369.1525	173.4642	0.8555626
1698	-191.6791	-365.2053	173.5262	0.7752121
1704	-195.1274	-368.7437	173.6163	0.6118725
1710	-183.8062	-357.3525	173.5462	0.7460121
1716	-190.9933	-364.363	173.3697	0.9607996
1722	-187.6086	-361.1298	173.5212	0.7822961
1728	-205.5621	-378.9317	173.3696	0.9608789
1734	-195.1249	-368.3294	173.2045	1.120095
1740	-188.8751	-362.4848	173.6097	0.6288595
1746	-191.0584	-364.479	173.4206	0.9059537
1752	-189.5028	-363.0678	173.565	0.7163357
1758	-188.1279	-361.5313	173.4034	0.9249372
1764	-188.4195	-362.0049	173.5855	0.6802489
1770	-196.3858	-369.9386	173.5528	0.73599
1776	-191.0546	-364.6281	173.5735	0.7019626
1782	-175.2633	-348.8739	173.6106	0.6265758
1788	-178.1513	-351.7525	173.6012	0.6485413
1794	-180.3052	-353.6853	173.3801	0.9499124
1800	-198.2119	-371.8475	173.6357	0.5359431
1806	-196.6295	-369.8752	173.2457	1.082378
1812	-189.3082	-362.6332	173.3251	1.006212
1818	-188.2619	-361.887	173.6251	0.5851213
1824	-176.937	-350.5719	173.635	0.5409604
1830	-170.5218	-344.1408	173.6189	0.6045443
1836	-175.2331	-348.6772	173.4442	0.8791802
1842	-177.4958	-351.0376	173.5417	0.7527926
1848	-180.5793	-354.1928	173.6135	0.6192727
1854	-180.8147	-354.4465	173.6318	0.5581828
1860	-187.4258	-360.6954	173.2696	1.05993
1866	-183.8315	-357.4695	173.6381	0.4936926
1872	-181.4315	-354.9402	173.5087	0.7991856
1878	-190.5888	-364.0752	173.4864	0.8281727
1884	-178.9706	-352.6008	173.6301	0.5658934
1890	-182.5432	-356.1402	173.597	0.6573724
1896	-186.024	-359.6556	173.6316	0.5592385
1902	-189.5357	-363.1666	173.6309	0.5626951
1908	-181.878	-355.4095	173.5315	0.7677289
1914	-184.3351	-357.8387	173.5036	0.8060568
1920	-181.271	-354.8625	173.5915	0.6686104
1926	-190.0594	-363.3895	173.3301	1.00114
1932	-177.8897	-351.5074	173.6177	0.6080896
1938	-173.0086	-346.5407	173.5321	0.7668634
1944	-195.9795	-369.4863	173.5068	0.8017502
1950	-183.5705	-357.2073	173.6368	0.5258672
1956	-183.681	-357.3176	173.6366	0.5283056
1962	-185.3172	-358.9207	173.6035	0.6433978
1968	-180.977	-354.5805	173.6035	0.6433978
1974	-188.3723	-361.9758	173.6035	0.6433978
1980	-198.235	-371.5921	173.3571	0.9738474
1986	-176.7936	-350.377	173.5833	0.684277
1992	-176.5733	-350.079	173.5058	0.8031202
1998	-192.3764	-365.8857	173.5093	0.7983882
2004	-198.9464	-372.5069	173.5605	0.7236563
2010	-199.4066	-372.8771	173.4705	0.8478612
2016	-195.3535	-368.7192	173.3657	0.9649746
2022	-190.3797	-363.9275	173.5478	0.7435743
2028	-184.3743	-357.918	173.5437	0.7498421
2034	-183.2328	-356.83	173.5973	0.656888
2040	-187.3873	-360.9845	173.5973	0.656888
2046	-186.0988	-359.7253	173.6266	0.5800186
2052	-179.8525	-353.479	173.6266	0.5800186
2058	-189.9951	-363.4883	173.4932	0.8195771
2064	-182.9771	-356.5891	173.612	0.6232962
2070	-178.9027	-352.4589	173.5562	0.7306465
2076	-183.7486	-357.3866	173.638	0.5076703
2082	-174.3517	-347.9671	173.6153	0.614483
2088	-176.8623	-350.4776	173.6153	0.614483
2094	-187.71	-361.2887	173.5788	0.6926012
2100	-176.9561	-350.5659	173.6098	0.6287495
2106	-186.2474	-359.8846	173.6372	0.5219841
2112	-183.1956	-356.6912	173.4956	0.816466
2118	-188.6413	-362.1362	173.4949	0.8173599
2124	-184.6677	-358.245	173.5773	0.6953233
2130	-183.0945	-356.532	173.4375	0.8868411
2136	-195.4354	-369.0245	173.5891	0.6733118
2142	-181.0412	-354.5381	173.4969	0.814703
2148	-187.4195	-360.7715	173.352	0.979063
2154	-191.3308	-364.6828	173.352	0.979063
2160	-192.0563	-365.427	173.3707	0.9597445
2166	-189.4186	-362.9203	173.5017	0.808521
2172	-181.0322	-354.3984	173.3661	0.964494
2178	-190.7596	-363.8757	173.1161	1.197854
2184	-185.285	-358.7329	173.4479	0.874809
2190	-178.6274	-352.2649	173.6375	0.4823699
2196	-183.0983	-356.6947	173.5964	0.3690836
2202	-188.2266	-361.823	173.5964	0.3690836
2208	-197.0306	-370.5134	173.4828	0.8326856
2214	-188.1263	-361.664	173.5377	0.7586966
2220	-179.9685	-353.6057	173.6372	0.5218115
2226	-181.2985	-354.8299	173.5313	0.7679635
2232	-185.7957	-359.3274	173.5317	0.7674864
2238	-181.4777	-355.0094	173.5317	0.7674864
2244	-173.2415	-346.8065	173.5649	0.7164372
2250	-176.0688	-349.6185	173.5497	0.7407785
2256	-179.0843	-352.7204	173.6361	0.5322752
2262	-188.3741	-361.924	173.5499	0.7404365
2268	-184.8666	-358.4236	173.557	0.7292827
2274	-177.9193	-351.4196	173.5003	0.8103149
2280	-183.2998	-356.8345	173.5347	0.7631184
2286	-174.3191	-347.8538	173.5347	0.7631184
2292	-187.6407	-361.1206	173.4799	0.8363091
2298	-181.5957	-355.114	173.5183	0.7862202
2304	-184.9571	-358.4096	173.4525	0.8694199
2310	-197.8067	-371.4428	173.6361	0.5322196
2316	-185.8222	-359.4364	173.6142	0.6174874
2322	-190.1211	-363.7353	173.6142	0.6174874
2328	-178.0227	-351.4691	173.4465	0.876494
2334	-187.5347	-360.8767	173.342	0.9892416
2340	-182.6992	-356.1796	173.4805	0.835599
2346	-188.1738	-361.1034	172.9297	1.351355
2352	-174.5604	-348.1898	173.6294	0.569063
2358	-169.7485	-343.3017	173.5532	0.7352552
2364	-174.9434	-348.57	173.6266	0.4279157
2370	-174.8188	-348.441	173.6222	0.4160054
2376	-189.7798	-363.3617	173.5819	0.6869315
2382	-197.631	-370.9263	173.2953	1.035374
2388	-196.7588	-370.1081	173.3494	0.98175
2394	-209.0828	-382.1411	173.0584	1.246725
2400	-189.0172	-362.5504	173.5332	0.7653001
2406	-184.2535	-357.635	173.3815	0.9483757
2412	-186.5601	-360.1711	173.611	0.6256599
2418	-184.8801	-358.3167	173.4365	0.8879544
2424	-178.8632	-352.3273	173.4641	0.8556572
2430	-192.9179	-366.4447	173.5268	0.7744079
2436	-189.6143	-363.1682	173.5539	0.7342292
2442	-182.2596	-355.7411	173.4815	0.8343837
2448	-174.006	-347.5109	173.5049	0.8043212
2454	-176.5418	-350.1733	173.6315	0.5599669
2460	-172.9247	-346.5576	173.6329	0.4503802
2466	-178.759	-352.3951	173.6361	0.4684844
2472	-179.2104	-352.8479	173.6375	0.5181928
2478	-189.6407	-363.2717	173.631	0.5622274
2484	-206.48	-380.0003	173.5203	0.7835218
2490	-210.576	-384.018	173.442	0.8816854
2496	-196.8755	-370.3175	173.442	0.8816854
2502	-193.2785	-366.8565	173.578	0.693988
2508	-189.2371	-362.5282	173.2911	1.039432
2514	-183.619	-356.9803	173.3613	0.9695537
2520	-181.6367	-355.2574	173.6207	0.5993308
2526	-177.3217	-350.8163	173.4946	0.8177545
2532	-183.2086	-356.8467	173.6381	0.5020688
2538	-198.0035	-371.3314	173.3279	1.003379
2544	-185.8719	-359.4277	173.5557	0.7313535
2550	-190.851	-364.2976	173.4466	0.8763592
2556	-183.7871	-357.3058	173.5187	0.7856508
2562	-186.9959	-360.3895	173.3935	0.9355727
2568	-187.7428	-361.0122	173.2694	1.060183
2574	-183.8514	-357.2202	173.3688	0.9617348
2580	-179.6313	-353.2411	173.6098	0.6286041
2586	-178.844	-352.3892	173.5452	0.7475205
2592	-179.9115	-353.4744	173.5629	0.7197935
2598	-188.295	-361.9266	173.6315	0.5597312
2604	-175.8852	-349.5101	173.625	0.5855358
2610	-176.262	-349.8931	173.6311	0.5615612
2616	-178.702	-352.3012	173.5992	0.6527904
2622	-183.8258	-357.3258	173.5	0.81078
2628	-176.4666	-350.0985	173.6319	0.4461913
2634	-185.8428	-359.3479	173.5052	0.8039608
2640	-188.2961	-361.7408	173.4448	0.878491
2646	-185.1946	-358.7021	173.5075	0.8009051
2652	-193.0253	-366.5484	173.5231	0.7796518
2658	-197.4186	-370.8444	173.4258	0.9001001
2664	-188.3427	-361.8838	173.5411	0.7537902
2670	-196.6819	-370.2103	173.5285	0.7720798
2676	-195.6625	-369.191	173.5285	0.7720798
2682	-187.5577	-361.0018	173.4441	0.8792312
2688	-181.024	-354.4702	173.4462	0.8768095
2694	-189.5733	-362.85	173.2767	1.053209
2700	-180.1601	-353.5033	173.3432	0.9880166
2706	-177.1041	-350.7225	173.6185	0.6058389
2712	-182.5154	-356.14	173.6246	0.5869448
2718	-184.2221	-357.838	173.6159	0.6129988
2724	-186.3223	-359.946	173.6236	0.5900561
2730	-191.9234	-365.5073	173.5839	0.6832893
2736	-184.4333	-358.0504	173.6171	0.4043838
2742	-188.1843	-361.6291	173.4448	0.8784172
2748	-193.7512	-367.2618	173.5107	0.7966338
2754	-196.1951	-369.4621	173.267	1.062403
2760	-178.4991	-352.0743	173.5752	0.6988838
2766	-176.1832	-349.764	173.5808	0.688987
2772	-180.3486	-353.9597	173.6112	0.6252422
2778	-180.1723	-353.8045	173.6322	0.5564334
2784	-174.0666	-347.7041	173.6375	0.5177514
2790	-184.6668	-358.2131	173.5463	0.7458656
2796	-179.1855	-352.7569	173.5714	0.7055522
2802	-177.9465	-351.519	173.5725	0.703695
2808	-173.174	-346.7338	173.5598	0.7247883
2814	-174.535	-348.0577	173.5227	0.780182
2820	-190.9274	-364.4501	173.5227	0.780182
2826	-184.5657	-358.1701	173.6044	0.6414628
2832	-197.8758	-371.2786	173.4028	0.9255445
2838	-197.9299	-371.3327	173.4028	0.9255445
2844	-189.6969	-363.1575	173.4605	0.8599144
2850	-188.7066	-361.9288	173.2222	1.104035
2856	-187.7352	-361.2543	173.5192	0.785062
2862	-179.6976	-353.3297	173.6321	0.5567851
2868	-179.8978	-353.4745	173.5767	0.696398
2874	-176.2109	-349.8476	173.6367	0.5269407
2880	-178.8562	-352.4203	173.5641	0.7178775
2886	-187.8014	-361.1482	173.3468	0.9843355
2892	-189.6903	-363.2484	173.5581	0.7276166
2898	-192.5105	-365.8805	173.37	0.9605247
2904	-184.4063	-358.0204	173.6141	0.6178354
2910	-185.313	-358.8117	173.4987	0.8124677
2916	-182.5398	-355.7428	173.203	1.121473
2922	-186.8633	-360.3328	173.4695	0.8490598
2928	-198.0503	-371.6103	173.56	0.7244465
2934	-195.1095	-368.6307	173.5212	0.7821883
2940	-187.6318	-361.0602	173.4284	0.8972003
2946	-185.6143	-358.9499	173.3357	0.9956175
2952	-184.8205	-358.381	173.5604	0.7237897
2958	-185.6206	-358.926	173.3054	1.025534
2964	-180.7285	-354.1944	173.4659	0.8535245
2970	-176.0967	-349.691	173.5943	0.6630556
2976	-174.9495	-348.5438	173.5943	0.6630556
2982	-173.2712	-346.9039	173.6327	0.5539328
2988	-178.7989	-352.2681	173.4692	0.8495226
2994	-183.2159	-356.691	173.475	0.8423252
3000	-189.0767	-362.6167	173.54	0.7553346
3006	-190.2386	-363.8505	173.612	0.6233079
3012	-190.3094	-363.7076	173.3982	0.9305236
3018	-200.501	-373.8628	173.3618	0.9689919
3024	-194.8862	-367.9811	173.0949	1.215968
3030	-198.3543	-371.4949	173.1407	1.176637
3036	-202.0905	-375.6207	173.5302	0.7695397
3042	-196.3197	-369.6924	173.3727	0.9576308
3048	-192.4553	-366.0799	173.6246	0.5868517
3054	-189.4977	-363.1223	173.6246	0.5868517
3060	-182.565	-355.9886	173.4237	0.9025064
3066	-190.5739	-363.6786	173.1047	1.207627
3072	-176.8918	-350.5213	173.6295	0.568538
3078	-180.028	-353.6604	173.6324	0.5554849
3084	-177.4073	-351.0452	173.638	0.5096836
3090	-175.2068	-348.5909	173.3841	0.945668
3096	-178.2433	-351.8556	173.6123	0.6223554
3102	-186.8881	-360.49	173.602	0.6468185
3108	-173.466	-347.0627	173.5967	0.6580206
3114	-182.7842	-356.3211	173.5369	0.7599584
3120	-187.2613	-360.717	173.4557	0.8656553
3126	-187.673	-361.086	173.413	0.9144114
3132	-180.1458	-353.5868	173.441	0.8828614
3138	-186.9052	-360.3379	173.4327	0.8923421
3144	-187.1546	-360.6266	173.472	0.8460014
3150	-190.1258	-363.7001	173.5743	0.7004898
3156	-184.0625	-357.6589	173.5964	0.6586625
3162	-179.2213	-352.6044	173.3831	0.9467119
3168	-185.1041	-358.2601	173.156	1.163242
3174	-193.472	-366.9262	173.4542	0.8674385
3180	-184.3504	-357.8461	173.4957	0.8163462
3186	-173.4572	-347.094	173.6368	0.4741501
3192	-179.7731	-353.3999	173.6268	0.5791678
3198	-173.7171	-347.246	173.529	0.7713533
3204	-192.6277	-366.1127	173.485	0.8300035
3210	-195.9412	-369.2344	173.2932	1.03744
3216	-191.6967	-365.3268	173.6302	0.4394501
3222	-185.6385	-359.1883	173.5497	0.7406732
3228	-195.7955	-369.1822	173.3868	0.9428081
3234	-187.3501	-360.9652	173.6151	0.6150559
3240	-174.5623	-348.1411	173.5787	0.6926716
3246	-180.0512	-353.606	173.5548	0.7327832
3252	-185.6216	-359.1636	173.542	0.752344
3258	-184.4198	-357.7586	173.3388	0.9924419
3264	-182.5752	-356.0994	173.5242	0.7780421
3270	-185.5668	-359.1665	173.5997	0.6516385
3276	-183.1632	-356.587	173.4238	0.9023314
3282	-184.6087	-358.1586	173.5499	0.7404784
3288	-184.2772	-357.8826	173.6054	0.6390222
3294	-183.8325	-357.4682	173.6358	0.4663473
3300	-182.0146	-355.6526	173.638	0.5070354
3306	-183.5586	-357.09	173.5314	0.767844
3312	-183.3201	-356.9218	173.6017	0.6473509
3318	-192.9661	-366.5678	173.6017	0.6473509
3324	-187.1863	-360.7687	173.5824	0.3511183
3330	-177.8358	-351.1057	173.2699	1.059676
3336	-178.9541	-352.224	173.2699	1.059676
3342	-194.7509	-368.2844	173.5334	0.7649648
3348	-186.837	-360.068	173.231	1.095939
3354	-186.8369	-360.4688	173.6318	0.558325
3360	-181.6365	-355.0873	173.4508	0.8713755
3366	-193.3077	-366.9048	173.5971	0.6571675
3372	-189.1981	-362.6453	173.4471	0.8757294
3378	-195.0007	-368.4478	173.4471	0.8757294
3384	-197.5175	-370.9646	173.4471	0.8757294
3390	-196.5872	-370.1853	173.598	0.6552456
3396	-186.29	-359.8271	173.5371	0.7596712
3402	-189.626	-363.2173	173.5913	0.6690208
3408	-180.1003	-353.6615	173.5612	0.7225833
3414	-184.1925	-357.6425	173.4501	0.8723068
3420	-199.8376	-373.3512	173.5136	0.7926761
3426	-187.8814	-361.4355	173.5541	0.7339498
3432	-189.7458	-363.1992	173.4534	0.8683913
3438	-189.1006	-362.5481	173.4475	0.8752464
3444	-183.5956	-357.1012	173.5056	0.8033636
3450	-200.0131	-373.5333	173.5201	0.7837123
3456	-193.9864	-367.4895	173.5031	0.8066173
3462	-196.5453	-370.0485	173.5031	0.8066173
3468	-203.1187	-376.6218	173.5031	0.8066173
3474	-209.258	-382.6271	173.3692	0.9613456
3480	-200.8659	-374.3259	173.46	0.8605275
3486	-205.0465	-378.2775	173.231	1.095973
3492	-199.4032	-372.5861	173.1829	1.139464
3498	-181.2148	-354.663	173.4481	0.8745348
3504	-186.6504	-360.2526	173.6023	0.6461602
3510	-184.0648	-357.6811	173.6163	0.612013
3516	-175.9367	-349.5448	173.6081	0.6328335
3522	-173.3655	-346.9358	173.5703	0.707476
3528	-173.5468	-347.0741	173.5272	0.7738354
3534	-178.838	-352.3169	173.4789	0.8375594
3540	-176.9869	-350.5835	173.5966	0.6583305
3546	-170.6201	-344.1633	173.5433	0.7505004
3552	-183.4267	-356.8023	173.3756	0.9545874
3558	-180.0063	-353.5834	173.5771	0.6955306
3564	-189.0648	-362.6425	173.5777	0.6944734
3570	-184.3032	-357.8963	173.5931	0.6653967
3576	-178.0725	-351.537	173.4644	0.8552248
3582	-182.6761	-356.1519	173.4757	0.8414554
3588	-186.6945	-360.2964	173.6019	0.6470345
3594	-186.8904	-360.4787	173.5883	0.6749472
3600	-192.4588	-366.0639	173.6052	0.6395835
3606	-183.2487	-356.8539	173.6052	0.6395835
3612	-198.5507	-372.1782	173.6275	0.5764697
3618	-182.2354	-355.8265	173.5911	0.669339
3624	-185.6563	-359.2474	173.5911	0.669339
3630	-192.2618	-365.8996	173.6378	0.5131052
3636	-191.3572	-364.9954	173.6381	0.497853
3642	-187.3558	-360.9619	173.6061	0.6374623
3648	-203.9185	-377.3092	173.3907	0.9385807
3654	-204.5721	-378.0686	173.4965	0.8153369
3660	-185.9428	-359.4509	173.508	0.8001297
3666	-184.2724	-357.8466	173.5742	0.7006609
3672	-188.302	-361.9181	173.6161	0.6124982
3678	-185.9105	-359.263	173.3525	0.9785542
3684	-182.0013	-355.6193	173.618	0.6071093
3690	-185.9183	-359.2218	173.3035	1.027408
3696	-182.1061	-355.5259	173.4197	0.9069142
3702	-182.4347	-356.0666	173.6318	0.5583323
3708	-183.7145	-357.2611	173.5466	0.7454643
3714	-182.0046	-355.5045	173.4999	0.8108891
3720	-179.7955	-353.1822	173.3867	0.9429012
3726	-172.6525	-346.2458	173.5933	0.6650183
3732	-183.9953	-357.167	173.1717	1.149429
3738	-182.3618	-355.944	173.5822	0.6864636
3744	-180.9542	-354.4194	173.4651	0.8543872
3750	-188.0815	-361.7156	173.6341	0.4564384
3756	-193.0737	-366.4378	173.364	0.9666665
3762	-184.508	-358.0496	173.5417	0.7529068
3768	-186.6189	-360.2533	173.6344	0.5446391
3774	-187.2517	-360.8882	173.6365	0.4721214
3780	-185.5036	-358.9789	173.4752	0.8420904
3786	-180.7717	-354.386	173.6143	0.617221
3792	-183.3926	-356.9348	173.5421	0.7521806
3798	-187.0133	-360.5976	173.5843	0.68239
3804	-186.3044	-359.9037	173.5993	0.6525268
3810	-181.3423	-354.6941	173.3518	0.9792372
3816	-184.772	-358.2283	173.4563	0.8649963
3822	-186.8738	-360.4342	173.5604	0.7239
3828	-179.2192	-352.7163	173.497	0.8146173
3834	-185.1498	-358.7759	173.6261	0.5815739
3840	-190.4786	-364.1017	173.6231	0.5916519
3846	-191.5976	-365.0797	173.4821	0.8336074
3852	-196.8688	-370.3706	173.5018	0.8084412
3858	-196.4462	-369.9738	173.5275	0.7733914
3864	-182.0685	-355.6529	173.5844	0.682275
3870	-185.1726	-358.801	173.6285	0.572705
3876	-182.1754	-355.8039	173.6285	0.572705
3882	-180.6899	-354.2984	173.6085	0.631692
3888	-174.9217	-348.4454	173.5238	0.7786807
3894	-186.887	-360.3341	173.4471	0.8757983
3900	-191.937	-365.3841	173.4471	0.8757983
3906	-190.0236	-363.6461	173.6225	0.4166341
3912	-186.5166	-360.1122	173.5956	0.6603267
3918	-187.2786	-360.6276	173.349	0.9821166
3924	-178.6367	-352.2359	173.5993	0.6526524
3930	-180.8876	-354.448	173.5604	0.7238877
3936	-175.1215	-348.6787	173.5573	0.7289132
3942	-177.3161	-350.8834	173.5673	0.7125502
3948	-187.3322	-360.8657	173.5335	0.7648403
3954	-188.0106	-361.3852	173.3747	0.9556028
3960	-184.9987	-358.4746	173.4759	0.8412262
3966	-177.5538	-351.1091	173.5553	0.7320261
3972	-180.2771	-353.5703	173.2931	1.037451
3978	-173.7117	-347.3486	173.6369	0.4760026
3984	-185.824	-359.356	173.532	0.7670613
3990	-180.5136	-353.9903	173.4767	0.8402485
3996	-181.7022	-354.9857	173.2835	1.046688
4002	-186.6768	-360.2826	173.6057	0.638286
4008	-190.4283	-363.9685	173.5402	0.7550427
4014	-187.3806	-360.9898	173.6091	0.6302405
4020	-185.8715	-359.4807	173.6091	0.6302405
4026	-190.8109	-364.2332	173.4223	0.9040864
4032	-195.1346	-368.7255	173.5909	0.6698206
4038	-191.1863	-364.7929	173.6065	0.6364679
4044	-193.3559	-366.7218	173.3659	0.9647211
4050	-201.1792	-374.4407	173.2615	1.067561
4056	-188.3117	-361.5943	173.2826	1.047569
4062	-190.7616	-364.2551	173.4935	0.8191685
4068	-182.4399	-355.6843	173.2444	1.083538
4074	-191.6566	-364.9614	173.3048	1.026162
4080	-187.3439	-360.8583	173.5144	0.7916126
4086	-189.0112	-362.5256	173.5144	0.7916126
4092	-188.1571	-361.7753	173.6182	0.6065084
4098	-179.2523	-352.6958	173.4436	0.8798414
4104	-182.2392	-355.7194	173.4802	0.8359978
4110	-187.0388	-360.4555	173.4167	0.9103296
4116	-186.4368	-360.0022	173.5654	0.7157444
4122	-195.4596	-368.7953	173.3358	0.9955077
4128	-190.0184	-363.6281	173.6097	0.6289877
4134	-189.0864	-362.7064	173.6201	0.6011779
4140	-189.1925	-362.6616	173.469	0.849672
4146	-191.9424	-365.3844	173.4421	0.88159
4152	-185.8098	-359.4098	173.6	0.6510146
4158	-185.9035	-359.5036	173.6	0.6510146
4164	-186.9781	-360.5524	173.5743	0.7005459
4170	-183.0186	-356.2785	173.2599	1.069144
4176	-185.1952	-358.8285	173.6333	0.4524514
4182	-196.1723	-369.6874	173.5152	0.7905215
4188	-198.307	-371.8365	173.5295	0.7706146
4194	-185.0369	-358.5277	173.4908	0.822592
4200	-186.22	-359.6622	173.4421	0.8815088
4206	-179.6504	-353.0447	173.3944	0.9347031
4212	-181.9486	-355.4652	173.5166	0.7886171
4218	-183.4536	-356.9792	173.5256	0.7761162
4224	-178.6202	-352.2308	173.6106	0.6266167
4230	-179.2042	-352.7327	173.5285	0.7720353
4236	-175.2538	-348.8377	173.5839	0.6832602
4242	-181.6074	-354.9571	173.3496	0.981459
4248	-180.8322	-354.4591	173.6268	0.5789347
4254	-180.2763	-353.9133	173.6371	0.4774091
4260	-186.5417	-360.0793	173.5376	0.7589186
4266	-185.9389	-359.4271	173.4882	0.825844
4272	-187.0411	-360.5293	173.4882	0.825844
4278	-189.8556	-363.3479	173.4923	0.8207194
4284	-187.9386	-361.5235	173.5849	0.6813642
4290	-183.3298	-356.9147	173.5849	0.6813642
4296	-180.8064	-354.2513	173.4448	0.8783914
4302	-184.2571	-357.4123	173.1552	1.163954
4308	-175.7855	-349.3502	173.5647	0.7167698
4314	-181.9118	-355.5173	173.6056	0.3830343
4320	-185.5697	-359.1773	173.6076	0.3863963
4326	-185.118	-358.7224	173.6044	0.6414366
4332	-178.5808	-351.9756	173.3948	0.9342698
4338	-174.4134	-348.0037	173.5903	0.6709684
4344	-180.2606	-353.8299	173.5694	0.7090244
4350	-171.7354	-345.3413	173.6059	0.6379533
4356	-175.2433	-348.7219	173.4786	0.8379023
4362	-177.4587	-351.0605	173.6018	0.6471006
4368	-187.1184	-360.583	173.4647	0.8549644
4374	-192.8999	-366.1415	173.2416	1.086163
4380	-197.8014	-371.1067	173.3053	1.025638
4386	-179.7166	-353.3111	173.5944	0.6627195
4392	-176.2953	-349.9269	173.6316	0.4450778
4398	-181.2948	-354.8609	173.5661	0.71459
4404	-181.829	-355.395	173.5661	0.71459
4410	-190.4688	-363.7327	173.2639	1.065355
4416	-191.6431	-365.0661	173.4229	0.9033751
4422	-185.592	-359.2301	173.6381	0.5063616
4428	-172.1344	-345.5957	173.4613	0.8590008
4434	-178.9083	-352.4627	173.5544	0.7334074
4440	-177.7264	-351.2263	173.4998	0.8109745
4446	-182.7706	-356.4049	173.6343	0.5450855
4452	-186.3872	-360.0163	173.6292	0.4359367
4458	-191.4105	-365.0334	173.6229	0.4176371
4464	-189.0562	-362.3564	173.3002	1.030616
4470	-182.8745	-356.5065	173.632	0.557393
4476	-176.9169	-350.5272	173.6102	0.6275744
4482	-182.3508	-355.9348	173.5841	0.6829035
4488	-180.5193	-353.9754	173.4561	0.8651271
4494	-184.8342	-358.3577	173.5235	0.7790472
4500	-187.8046	-361.4123	173.6077	0.6336712
4506	-181.5251	-354.917	173.3918	0.9374015
4512	-196.5271	-369.9386	173.4115	0.9160096
4518	-195.3204	-368.7448	173.4244	0.901686
4524	-192.7967	-366.3082	173.5115	0.7955024
4530	-187.6683	-361.2797	173.6114	0.624739
4536	-182.6131	-356.2511	173.6381	0.4943198
4542	-176.5805	-350.2137	173.6333	0.4522448
4548	-176.9983	-350.5495	173.5512	0.7383937
4554	-175.0918	-348.7143	173.6226	0.5934768
4560	-170.5844	-344.0244	173.44	0.8840146
4566	-187.8742	-361.4945	173.6203	0.4114247
4572	-183.6756	-357.2145	173.5388	0.7570753
4578	-189.802	-363.438	173.636	0.4680749
4584	-185.96	-359.5905	173.6305	0.5645231
4590	-191.0086	-363.9463	172.9377	1.345008
4596	-194.0898	-367.6644	173.5746	0.7000093
4602	-194.639	-368.1311	173.4921	0.8209388
4608	-189.1059	-362.7055	173.5996	0.6519344
4614	-190.2191	-363.8524	173.6334	0.4526715
4620	-187.0418	-360.6665	173.6248	0.4226298
4626	-183.3363	-356.9216	173.5853	0.6806579
4632	-182.65	-356.2833	173.6333	0.5508128
4638	-188.9609	-362.5471	173.5863	0.6787482
4644	-182.0777	-355.6271	173.5494	0.7412112
4650	-187.4493	-361.0209	173.5716	0.705228
4656	-177.9714	-351.6068	173.6354	0.5381683
4662	-172.4651	-346.1031	173.638	0.5070558
4668	-173.7241	-347.2737	173.5495	0.7409873
4674	-174.8257	-348.4555	173.6297	0.4379617
4680	-184.9412	-358.4999	173.5587	0.7266282
4686	-182.6633	-356.2176	173.5543	0.7335187
4692	-179.8951	-353.4279	173.5328	0.7658738
4698	-184.4781	-358.0109	173.5328	0.7658738
4704	-181.7499	-355.0967	173.3467	0.9844282
4710	-180.5562	-354.1882	173.632	0.5574174
4716	-182.7187	-356.2544	173.5357	0.7616872
4722	-174.1087	-347.7138	173.6051	0.6396764
4728	-179.7551	-353.3445	173.5894	0.6728205
4734	-169.949	-343.5513	173.6024	0.6459053
4740	-168.9646	-342.5244	173.5598	0.7248411
4746	-172.8365	-346.4282	173.5917	0.6682423
4752	-175.0431	-348.6348	173.5917	0.6682423
4758	-190.6121	-364.197	173.5849	0.6813348
4764	-183.7093	-357.2703	173.561	0.7228907
4770	-187.8605	-361.4571	173.5966	0.6582513
4776	-197.7051	-371.0748	173.3697	0.9607978
4782	-188.346	-361.7157	173.3697	0.9607978
4788	-187.4985	-360.8336	173.3352	0.9961151
4794	-182.8827	-356.3551	173.4724	0.8455604
4800	-175.226	-348.8161	173.5901	0.6713
4806	-183.6203	-357.0403	173.42	0.9066209
4812	-177.5194	-351.0833	173.5639	0.7181389
4818	-174.755	-348.3829	173.628	0.5747434
4824	-182.1751	-355.6347	173.4596	0.8610802
4830	-191.9619	-365.5633	173.6014	0.6480713
4836	-180.7339	-354.3251	173.5912	0.6691575
4842	-185.2964	-358.6921	173.3957	0.933257
4848	-187.441	-361.0164	173.5754	0.6985616
4854	-178.8732	-352.4861	173.6129	0.6209302
4860	-178.7995	-352.436	173.6365	0.5289128
4866	-187.7645	-361.3856	173.6211	0.5981121
4872	-177.89	-351.4411	173.5511	0.7386109
4878	-182.167	-355.7308	173.5638	0.7183546
4884	-174.7513	-348.2704	173.5191	0.7852086
4890	-175.5252	-349.0794	173.5542	0.7338192
4896	-174.027	-347.6208	173.5938	0.6640278
4902	-184.61	-358.0738	173.4639	0.8559163
4908	-174.4318	-348.0456	173.6138	0.6186109
4914	-187.8894	-361.3023	173.4129	0.9144995
4920	-180.8588	-354.3419	173.4831	0.8323297
4926	-182.2985	-355.6979	173.3994	0.9292214
4932	-179.1103	-352.7484	173.6381	0.500743
4938	-183.2739	-356.9113	173.6374	0.5191799
4944	-180.8313	-354.361	173.5296	0.7704367
4950	-181.0544	-354.6016	173.5472	0.7445534
4956	-172.8738	-346.4927	173.6189	0.6046175
4962	-177.7453	-351.3792	173.6338	0.4551262
4968	-172.5848	-345.978	173.3932	0.935937
4974	-179.84	-353.3972	173.5573	0.7289207
4980	-187.3621	-360.9736	173.6115	0.6244989
4986	-185.3779	-358.9894	173.6115	0.6244989
4992	-194.2326	-367.5814	173.3488	0.9823172
4998	-183.4354	-357.0154	173.58	0.6903416
5004	-190.297	-363.8806	173.5836	0.6837647
5010	-185.0569	-358.6903	173.6334	0.4530821
5016	-189.7402	-363.3679	173.6276	0.4309999
5022	-179.0583	-352.6249	173.5665	0.7138027
5028	-186.3591	-359.8038	173.4447	0.8785945
5034	-192.9094	-366.0713	173.1619	1.158092
5040	-199.0659	-372.1782	173.1122	1.201182
5046	-190.573	-364.1896	173.6166	0.6110531
5052	-181.2129	-354.7675	173.5546	0.7330997
5058	-174.4515	-347.878	173.4265	0.8993998
5064	-171.9998	-345.3896	173.3898	0.9396157
5070	-175.3571	-348.9311	173.5739	0.7011892
5076	-193.3262	-366.9086	173.5824	0.6860205
5082	-191.858	-365.4961	173.6381	0.5024293
5088	-191.007	-364.5985	173.5915	0.6686867
5094	-195.0631	-368.5669	173.5038	0.8058034
5100	-186.5528	-360.1517	173.599	0.6532673
5106	-201.43	-374.9949	173.5649	0.7164497
5112	-194.2225	-367.8043	173.5818	0.6871324
5118	-196.4491	-369.9358	173.4867	0.8277409
5124	-194.9899	-368.5638	173.5739	0.701301
5130	-182.6703	-356.2422	173.5719	0.704741
5136	-193.5359	-367.013	173.4772	0.8396854
5142	-184.5229	-358.0685	173.5456	0.746968
5148	-177.343	-350.9735	173.6305	0.5644372
5154	-182.8487	-356.4348	173.5861	0.6791005
5160	-199.1537	-372.6631	173.5094	0.7982806
5166	-189.7062	-363.0464	173.3402	0.9910492
5172	-188.1649	-361.5348	173.3699	0.9605626
5178	-190.1419	-363.7563	173.6144	0.6169953
5184	-191.3154	-364.8798	173.5644	0.7172913
5190	-199.1885	-372.6637	173.4752	0.8421522
5196	-192.0056	-365.4487	173.4431	0.8804486
5202	-203.9895	-377.4326	173.4431	0.8804486
5208	-200.5493	-374.0325	173.4832	0.8321688
5214	-196.8643	-370.4835	173.6192	0.6037456
5220	-184.6399	-358.0406	173.4007	0.927862
5226	-185.6204	-358.9789	173.3585	0.9723975
5232	-188.1099	-361.738	173.6281	0.5741622
5238	-188.2148	-361.8444	173.6296	0.5683338
5244	-181.7582	-355.2221	173.4639	0.8559046
5250	-178.2506	-351.8796	173.629	0.5707791
5256	-182.0714	-355.6532	173.5818	0.6870725
5262	-182.3158	-355.8242	173.5084	0.7996265
5268	-171.5679	-345.2056	173.6377	0.5145825
5274	-176.7529	-350.3658	173.6128	0.3957991
5280	-176.3228	-349.8332	173.5104	0.7970249
5286	-184.9133	-358.4547	173.5413	0.7533949
5292	-172.2046	-345.8411	173.6365	0.4718949
5298	-171.881	-345.4459	173.5648	0.7166129
5304	-180.802	-354.1267	173.3247	1.006587
5310	-180.7458	-354.3229	173.5772	0.6954818
5316	-179.2047	-352.6193	173.4145	0.9127303
5322	-180.8757	-354.494	173.6183	0.6063382
5328	-182.4068	-355.8615	173.4547	0.8668806
5334	-189.9592	-363.4139	173.4547	0.8668806
5340	-177.6966	-351.1512	173.4547	0.8668806
5346	-175.4441	-349.0313	173.5872	0.6770357
5352	-174.7688	-348.3124	173.5435	0.750126
5358	-176.5022	-350.1369	173.6347	0.5426653
5364	-183.7006	-357.3352	173.6347	0.5426653
5370	-191.2392	-364.7868	173.5476	0.7439672
5376	-188.0674	-361.6299	173.5625	0.7204427
5382	-170.5311	-344.1299	173.5988	0.6536977
5388	-178.503	-352.039	173.5359	0.7613219
5394	-185.8941	-359.343	173.4489	0.8736783
5400	-188.4579	-361.8397	173.3817	0.9481729
5406	-190.3828	-363.8075	173.4247	0.9013441
5412	-204.0142	-377.597	173.5828	0.6853066
5418	-214.1712	-387.7908	173.6196	0.6024043
5424	-204.2281	-377.6889	173.4608	0.859611
5430	-200.4632	-373.7808	173.3176	1.013609
5436	-206.9943	-380.5309	173.5366	0.7603696
5442	-193.2233	-366.6107	173.3874	0.9421477
5448	-181.8921	-355.3829	173.4908	0.8226123
5454	-180.9329	-354.4237	173.4908	0.8226123
5460	-178.5806	-352.1025	173.522	0.7811996
5466	-182.9798	-356.5018	173.522	0.7811996
5472	-179.6212	-353.1048	173.4836	0.8316974
5478	-189.6943	-363.266	173.5717	0.7050283
5484	-181.0351	-354.5472	173.5121	0.7946328
5490	-180.1247	-353.6212	173.4965	0.8153308
5496	-175.5289	-348.8582	173.3293	1.001978
5502	-176.4246	-349.8693	173.4447	0.8785747
5508	-173.0047	-346.5434	173.5387	0.7572808
5514	-176.2779	-349.6256	173.3477	0.9834394
5520	-177.9637	-351.598	173.6343	0.5453152
5526	-172.8572	-346.3721	173.5149	0.7908326
5532	-172.1794	-345.6943	173.5149	0.7908326
5538	-178.9053	-352.5126	173.6073	0.6346614
5544	-186.4869	-359.9992	173.5123	0.7944621
5550	-183.7797	-357.3056	173.5259	0.775697
5556	-183.5914	-357.2294	173.638	0.5069701
5562	-179.6135	-353.2466	173.6331	0.5517348
5568	-181.441	-355.0591	173.6181	0.6069884
5574	-176.3241	-349.8879	173.5638	0.7183928
5580	-179.6027	-353.1664	173.5638	0.7183928
5586	-189.1791	-362.7429	173.5638	0.7183928
5592	-184.7834	-358.4197	173.6363	0.5309269
5598	-178.0552	-351.6883	173.6332	0.5514912
5604	-180.8725	-354.4466	173.5742	0.7007888
5610	-190.1833	-363.8005	173.6172	0.4046261
5616	-178.9385	-352.5754	173.6369	0.5251463
5622	-182.1152	-355.6007	173.4854	0.8293893
5628	-183.5387	-357.031	173.4922	0.8208019
5634	-177.8353	-351.42	173.5846	0.6818681
5640	-185.3245	-358.7428	173.4184	0.908434
5646	-173.29	-346.8735	173.5835	0.684004
5652	-182.5394	-356.072	173.5326	0.7661144
5658	-187.8329	-361.3777	173.5448	0.7481944
5664	-183.2042	-356.6272	173.423	0.9032778
5670	-178.0969	-351.5326	173.4357	0.8888774
5676	-182.4272	-355.9648	173.5377	0.7587727
5682	-178.1929	-351.7202	173.5273	0.7737226
5688	-181.846	-355.2874	173.4413	0.8824477
5694	-180.9253	-354.5613	173.636	0.5335449
5700	-186.0873	-359.3856	173.2984	1.032397
5706	-179.8702	-353.308	173.4378	0.886519
5712	-175.9565	-349.4893	173.5327	0.7659524
5718	-182.587	-356.1748	173.5878	0.6758634
5724	-174.8786	-348.5101	173.6315	0.5596991
5730	-175.8925	-349.3894	173.4969	0.8147614
5736	-185.1404	-358.5998	173.4594	0.861315
5742	-180.6242	-354.2161	173.5919	0.6678172
5748	-182.3237	-355.9337	173.61	0.6281738
5754	-185.8913	-359.4029	173.5116	0.7953811
5760	-197.0177	-370.4644	173.4467	0.8762053
5766	-178.8752	-352.3676	173.4924	0.8206058
5772	-202.4001	-375.6897	173.2895	1.040931
5778	-186.8233	-360.4563	173.6331	0.5521091
5784	-185.3113	-358.8009	173.4896	0.8240774
5790	-183.3669	-356.8035	173.4366	0.8878337
5796	-181.166	-354.7149	173.5489	0.7419349
5802	-177.0192	-350.4384	173.4192	0.9074794
5808	-193.7803	-367.4054	173.6251	0.5852321
5814	-195.2062	-368.7223	173.5161	0.7892869
5820	-188.0434	-361.68	173.6366	0.5278674
5826	-193.8479	-367.486	173.6381	0.495472
5832	-186.6736	-360.1254	173.4519	0.8701708
5838	-186.0314	-359.4161	173.3848	0.9449337
5844	-184.3486	-357.9658	173.6172	0.6094244
5850	-180.9126	-354.5506	173.6381	0.4952057
5856	-180.6491	-353.8485	173.1995	1.124642
5862	-190.1464	-363.3459	173.1995	1.124642
5868	-195.6186	-368.818	173.1995	1.124642
5874	-192.1167	-365.5548	173.4381	0.8861723
5880	-180.1344	-353.6846	173.5501	0.740114
5886	-181.9747	-355.4939	173.5193	0.7849367
5892	-175.289	-348.9109	173.622	0.5954022
5898	-181.9663	-355.4856	173.5194	0.7847911
5904	-190.237	-363.8068	173.5698	0.7082926
5910	-194.3981	-367.9628	173.5647	0.7168446
5916	-189.9615	-363.5707	173.6091	0.6303465
5922	-191.818	-365.2571	173.4391	0.8850336
5928	-199.5136	-373.0249	173.5113	0.7957489
5934	-193.5457	-367.057	173.5113	0.7957489
5940	-187.7556	-361.0259	173.2704	1.059231
5946	-190.9342	-364.4338	173.4996	0.8112656
5952	-182.7594	-356.3412	173.5819	0.687014
5958	-188.47	-362.0911	173.6212	0.5978129
5964	-192.1233	-365.5043	173.381	0.9489155
5970	-189.976	-363.457	173.481	0.8349988
5976	-197.1096	-370.5923	173.4827	0.8328159
5982	-179.3074	-352.763	173.4556	0.865821
5988	-174.7777	-348.1534	173.3757	0.9545415
5994	-181.0047	-354.3453	173.3406	0.9905928
6000	-180.233	-353.8472	173.6142	0.617591
6006	-190.4553	-363.8492	173.3938	0.9352798
6012	-191.6442	-364.6821	173.0379	1.263737
6018	-182.6815	-356.2507	173.5692	0.7093698
6024	-187.2121	-360.5249	173.3127	1.018387
6030	-186.0061	-359.6217	173.6156	0.6138016
6036	-182.5763	-356.2105	173.6342	0.54571
6042	-179.1997	-352.6719	173.4722	0.8457732
6048	-177.5626	-351.1884	173.6258	0.5827408
6054	-183.3913	-356.9829	173.5915	0.6685697
6060	-182.199	-355.7246	173.5256	0.7761798
6066	-184.4751	-358.0218	173.5467	0.7453448
6072	-179.4835	-353.1091	173.6256	0.5834266
6078	-194.3335	-367.9664	173.6328	0.5533269
6084	-192.308	-365.8165	173.5086	0.7994369
6090	-191.8016	-365.158	173.3564	0.9745644
6096	-192.2139	-365.8487	173.6348	0.5418744
6102	-195.3716	-368.6747	173.3031	1.027795
6108	-192.631	-366.2367	173.6058	0.6382384
6114	-181.9449	-355.5828	173.6379	0.5106563
6120	-181.5498	-355.1315	173.5817	0.6873376
6126	-189.7197	-363.3175	173.5977	0.655937
6132	-183.5072	-356.8516	173.3444	0.9868009
6138	-182.9538	-356.5677	173.6139	0.6182467
6144	-181.2723	-354.854	173.5817	0.6872556
6150	-183.0218	-356.6329	173.611	0.6256302
6156	-179.1174	-352.716	173.5986	0.6540133
6162	-182.5774	-356.1237	173.5463	0.745941
6168	-183.7797	-357.2122	173.4325	0.8925801
6174	-183.3171	-356.8941	173.577	0.695838
6180	-186.4241	-360.0299	173.6058	0.6381281
6186	-185.8902	-359.3167	173.4266	0.8992552
6192	-180.44	-354.0043	173.5643	0.7174455
6198	-180.6074	-354.1717	173.5643	0.7174455
6204	-179.6997	-353.1734	173.4737	0.84399
6210	-180.5322	-353.9496	173.4174	0.9095053
6216	-187.1993	-360.643	173.4437	0.8797635
6222	-184.1741	-357.7592	173.5851	0.6809021
6228	-178.932	-352.5572	173.6251	0.584988
6234	-180.0859	-353.6302	173.5443	0.7489598
6240	-179.6711	-353.2457	173.5746	0.7000544
6246	-178.4798	-352.0452	173.5654	0.7156724
6252	-175.5707	-348.821	173.2503	1.078095
6258	-183.6428	-357.2502	173.6074	0.6345063
6264	-174.2568	-347.7863	173.5295	0.7706269
6270	-174.465	-348.103	173.638	0.5093761
6276	-176.2378	-349.6064	173.3687	0.9618436
6282	-180.9465	-354.2588	173.3123	1.018812
6288	-180.7387	-354.3643	173.6256	0.5833466
6294	-186.3773	-359.882	173.5047	0.804509
6300	-180.8924	-354.4864	173.594	0.6637069
6306	-181.2914	-354.6591	173.3677	0.9628549
6312	-185.8946	-359.4641	173.5694	0.708923
6318	-199.2735	-372.8825	173.6091	0.6304564
6324	-179.455	-353.0033	173.5483	0.7428986
6330	-176.484	-350.0967	173.6126	0.6215739
6336	-176.6095	-350.1742	173.5647	0.7169016
6342	-179.3951	-352.8673	173.4722	0.8458194
6348	-183.951	-357.217	173.2661	1.063283
6354	-179.5165	-352.9866	173.4701	0.8483472
6360	-183.9649	-357.4625	173.4976	0.8138414
6366	-180.0978	-353.5545	173.4567	0.8644999
6372	-184.3812	-357.8991	173.5178	0.7868788
6378	-191.4645	-364.9931	173.5286	0.7718898
6384	-191.7919	-365.3383	173.5464	0.7457913
6390	-200.5042	-373.9587	173.4546	0.8670003
6396	-188.6656	-362.0484	173.3828	0.9470607
6402	-188.6678	-362.1977	173.5299	0.7700443
6408	-172.9273	-346.517	173.5898	0.6720539
6414	-183.7767	-357.3513	173.5746	0.6999915
6420	-184.1673	-357.7084	173.5411	0.7537275
6426	-188.3808	-361.8814	173.5006	0.809998
6432	-182.9677	-356.6055	173.6379	0.5115146
6438	-185.9358	-359.4514	173.5156	0.7899377
6444	-193.0691	-366.6717	173.6026	0.6453838
6450	-195.279	-368.8424	173.5633	0.719076
6456	-190.1364	-363.7635	173.6271	0.5781194
6462	-191.9744	-365.5505	173.5761	0.6973996
6468	-191.7957	-365.3678	173.5721	0.7043171
6474	-195.4907	-369.0824	173.5918	0.6681163
6480	-199.298	-372.7938	173.4958	0.8161903
6486	-181.1966	-354.819	173.6224	0.5940823
6492	-184.7577	-358.3232	173.5655	0.7155442
6498	-182.7679	-356.3228	173.5549	0.7327196
6504	-183.895	-357.4896	173.5945	0.6625634
6510	-176.7625	-350.393	173.6304	0.5647049
6516	-176.0315	-349.6478	173.6163	0.6117616
6522	-176.658	-350.2171	173.5591	0.7260142
6528	-182.7544	-356.255	173.5006	0.8099153
6534	-175.3771	-348.9131	173.536	0.7611907
6540	-172.4811	-345.974	173.493	0.8198421
6546	-169.6231	-343.1907	173.5676	0.712071
6552	-183.0292	-356.5737	173.5445	0.748576
6558	-185.3343	-358.6906	173.3563	0.9746557
6564	-192.1413	-365.703	173.5617	0.7218259
6570	-187.3104	-360.896	173.5855	0.6801431
6576	-173.9619	-347.4918	173.5299	0.7700375
6582	-183.3306	-356.9304	173.5999	0.6513869
6588	-188.3542	-361.9474	173.5932	0.6652625
6594	-195.2731	-368.7561	173.483	0.8324165
6600	-190.749	-364.0451	173.2962	1.034547
6606	-192.573	-365.9524	173.3794	0.9506594
6612	-181.729	-355.3045	173.5754	0.6985411
6618	-194.6375	-368.0709	173.4334	0.8915637
6624	-194.016	-367.6161	173.6001	0.650933
6630	-193.6242	-367.1996	173.5754	0.6986513
6636	-186.0311	-359.5837	173.5526	0.7362631
6642	-181.6571	-355.2787	173.6216	0.5965395
6648	-192.9865	-366.2059	173.2194	1.106533
6654	-195.7096	-369.3179	173.6083	0.6321858
6660	-191.3527	-364.6083	173.2556	1.073139
6666	-192.9363	-366.5132	173.577	0.6958192
6672	-196.8603	-370.4051	173.5448	0.7481866
6678	-196.8698	-370.4873	173.6175	0.608454
6684	-192.2291	-365.6538	173.4247	0.901392
6690	-194.6886	-368.1133	173.4247	0.901392
6696	-183.8049	-357.3518	173.5469	0.7449499
6702	-191.9303	-365.479	173.5487	0.7422883
6708	-196.7933	-370.194	173.4007	0.9278281
6714	-202.8368	-376.4369	173.6001	0.6508649
6720	-183.0549	-356.4821	173.4272	0.8985802
6726	-188.5456	-362.0713	173.5257	0.7760146
6732	-183.9012	-357.4269	173.5257	0.7760146
6738	-184.1395	-357.7755	173.6359	0.5340344
6744	-187.069	-360.7067	173.6377	0.4858538
6750	-184.1375	-357.5197	173.3822	0.9477053
6756	-188.0698	-361.5908	173.521	0.782489
6762	-192.3853	-365.7431	173.3578	0.9731384
6768	-182.1317	-355.6036	173.4719	0.8461949
6774	-172.8687	-346.4572	173.5885	0.6745002
6780	-186.4949	-359.9826	173.4877	0.8264723
6786	-177.8328	-351.4602	173.6274	0.5768978
6792	-170.7399	-344.3519	173.6119	0.3941002
6798	-173.9292	-347.5671	173.6379	0.4894421
6804	-184.0823	-357.6717	173.5894	0.6727218
6810	-179.9374	-353.4764	173.5389	0.7569356
6816	-187.715	-361.3086	173.5936	0.6643847
6822	-188.5358	-361.7888	173.2531	1.07551
6828	-179.764	-353.3261	173.5622	0.7209739
6834	-201.5756	-374.9623	173.3867	0.9428368
6840	-192.2538	-365.3395	173.0857	1.223788
6846	-183.9551	-357.588	173.633	0.4508589
6852	-184.5475	-358.165	173.6175	0.6085991
6858	-185.6494	-359.2859	173.6364	0.5296846
6864	-191.8964	-365.0244	173.128	1.187606
6870	-181.078	-354.5808	173.5029	0.8069982
6876	-189.297	-362.7749	173.478	0.8387327
6882	-184.8055	-358.3592	173.5537	0.7345946
6888	-189.9118	-363.4301	173.5183	0.7862959
6894	-175.2521	-348.8839	173.6318	0.5585094
6900	-191.1671	-364.562	173.3949	0.9341218
6906	-178.1064	-351.6875	173.5811	0.6883994
6912	-181.1403	-354.7727	173.6324	0.5557246
6918	-190.8718	-364.4794	173.6076	0.3864174
6924	-188.2119	-361.7692	173.5573	0.7288129
6930	-184.4998	-357.8493	173.3495	0.9816091
6936	-183.6489	-357.1751	173.5262	0.775292
6942	-189.9226	-363.3286	173.406	0.922096
6948	-189.3671	-362.8478	173.4808	0.8352423
6954	-184.1477	-357.7432	173.5955	0.6605375
6960	-179.4262	-352.9894	173.5632	0.7192515
6966	-177.4836	-350.595	173.1114	1.201867
6972	-197.9654	-371.383	173.4176	0.9093501
6978	-190.8336	-364.4714	173.6377	0.5143649
6984	-187.0906	-360.703	173.6124	0.395049
6990	-188.7958	-362.4286	173.6328	0.450013
6996	-190.7931	-364.1955	173.4024	0.9260066
7002	-175.7028	-349.1467	173.444	0.8793856
7008	-178.1757	-351.7061	173.5304	0.7693364
7014	-183.0968	-356.7172	173.6205	0.6000206
7020	-178.8694	-352.3707	173.5013	0.8090788
7026	-180.6698	-354.0685	173.3987	0.9300264
7032	-174.0215	-347.5256	173.5041	0.8053648
7038	-175.3304	-348.946	173.6157	0.6135617
7044	-186.5909	-360.1901	173.5992	0.6527288
7050	-181.3661	-354.9653	173.5992	0.6527288
7056	-193.4027	-366.9376	173.5348	0.7629064
7062	-194.4375	-367.837	173.3995	0.9291657
7068	-181.4713	-354.9409	173.4696	0.848954
7074	-190.767	-364.067	173.3	1.03079
7080	-187.5376	-361.166	173.6284	0.5729298
7086	-186.0426	-359.4859	173.4433	0.8801624
7092	-179.9356	-353.2376	173.302	1.028921
7098	-189.2797	-362.5816	173.302	1.028921
7104	-179.8731	-353.3729	173.4998	0.8109818
7110	-179.8363	-353.458	173.6217	0.5962809
7116	-182.4526	-355.9144	173.4618	0.8584092
7122	-182.116	-355.7359	173.62	0.6014901
7128	-178.3932	-351.8666	173.4735	0.84426
7134	-182.8303	-356.3154	173.4851	0.8298159
7140	-181.8643	-355.4144	173.55	0.7402179
7146	-177.5363	-351.14	173.6037	0.6429272
7152	-176.9883	-350.5801	173.5918	0.668025
7158	-185.3492	-358.941	173.5918	0.668025
7164	-179.9885	-353.6266	173.6381	0.5058993
7170	-189.4488	-362.9746	173.5258	0.7758807
7176	-185.5689	-359.1187	173.5498	0.7406021
7182	-191.0957	-364.6455	173.5498	0.7406021
7188	-177.4855	-351.0871	173.6017	0.6474878
7194	-183.2445	-356.804	173.5595	0.7253649
7200	-174.8481	-348.4764	173.6283	0.573452
7206	-170.8185	-344.4188	173.6003	0.6503247
7212	-168.0712	-341.6753	173.6041	0.6419406
7218	-172.5613	-346.1722	173.611	0.6257659
7224	-169.0706	-342.5288	173.4582	0.8626859
7230	-187.0315	-360.6376	173.606	0.6376043
7236	-179.1459	-352.7757	173.6298	0.5672183
7242	-182.9953	-356.6251	173.6298	0.5672183
7248	-193.3572	-366.9823	173.6251	0.5852392
7254	-191.2818	-364.7951	173.5133	0.793088
7260	-190.1115	-363.5838	173.4723	0.8456982
7266	-194.5603	-368.1896	173.6293	0.569614
7272	-179.9253	-353.4013	173.4761	0.8410806
7278	-178.2038	-351.792	173.5882	0.675062
7284	-191.9346	-365.3543	173.4197	0.9069613
7290	-196.2046	-369.7533	173.5487	0.7423123
7296	-186.154	-359.0783	172.9243	1.355629
7302	-179.604	-353.0727	173.4687	0.8500865
7308	-179.0295	-352.6391	173.6096	0.6292602
7314	-186.5715	-360.0276	173.456	0.8652766
7320	-171.9096	-345.4145	173.505	0.8042003
7326	-186.3295	-359.8102	173.4807	0.8353043
7332	-190.0095	-363.5632	173.5537	0.7345661
7338	-198.8817	-372.4663	173.5846	0.6819833
7344	-185.6569	-359.2862	173.6293	0.5694655
7350	-185.4145	-358.9425	173.528	0.7727883
7356	-175.8777	-349.4939	173.6163	0.611954
7362	-181.2384	-354.8167	173.5783	0.693474
7368	-179.9538	-353.5799	173.6261	0.5816323
7374	-180.4558	-353.9827	173.5269	0.7743181
7380	-172.9768	-346.5037	173.5269	0.7743181
7386	-173.4176	-347.0004	173.5828	0.6853149
7392	-172.5742	-346.2091	173.6349	0.5413738
7398	-182.3764	-355.982	173.6055	0.6387408
7404	-180.1284	-353.657	173.5286	0.7719033
7410	-183.1307	-356.7075	173.5767	0.6962878
7416	-183.2003	-356.8356	173.6353	0.5383053
7422	-182.5155	-356.1524	173.6369	0.4757031
7428	-171.764	-345.4	173.636	0.5331601
7434	-180.3817	-353.9769	173.5952	0.6611212
7440	-175.4946	-349.0767	173.5821	0.686518
7446	-191.1262	-364.7083	173.5821	0.686518
7452	-175.2635	-348.8868	173.6233	0.5912185
7458	-174.731	-348.286	173.555	0.7324556
7464	-177.2893	-350.8383	173.549	0.741859
7470	-193.803	-366.9192	173.1162	1.197769
7476	-174.9786	-348.5925	173.6139	0.6182601
7482	-181.8092	-355.442	173.6328	0.5537012
7488	-180.7602	-354.0997	173.3396	0.9916746
7494	-186.5102	-359.9968	173.4866	0.8278993
7500	-181.935	-355.4834	173.5485	0.7425969
7506	-189.4866	-363.0437	173.5571	0.7291691
7512	-181.29	-354.8254	173.5354	0.7620777
7518	-185.8903	-359.5033	173.613	0.6207086
7524	-187.988	-361.6089	173.6209	0.598624
7530	-181.2101	-354.7288	173.5187	0.7856975
7536	-180.9697	-354.5411	173.5714	0.7056328
7542	-183.9895	-357.6061	173.6166	0.6110052
7548	-184.7279	-358.3445	173.6166	0.6110052
7554	-176.1823	-349.6149	173.4326	0.8924496
7560	-177.4208	-350.99	173.5692	0.7092795
7566	-184.6759	-358.2917	173.6159	0.61304
7572	-170.0481	-343.6715	173.6233	0.5909826
7578	-171.4365	-345.0235	173.587	0.6773277
7584	-179.0427	-352.5394	173.4968	0.814946
7590	-170.4548	-344.032	173.5772	0.6954809
7596	-168.0207	-341.59	173.5692	0.7092476
7602	-176.618	-350.2555	173.6375	0.5176616
7608	-185.0284	-358.6501	173.6217	0.5963098
7614	-185.1472	-358.7391	173.5919	0.6677328
7620	-187.6187	-361.0557	173.4371	0.8873395
7626	-181.9189	-355.2186	173.2996	1.031184
7632	-175.5087	-349.1377	173.6291	0.570349
7638	-180.7293	-354.134	173.4047	0.9235051
7644	-180.6978	-354.1501	173.4524	0.8696114
7650	-189.4914	-363.0397	173.5483	0.7428969
7656	-184.7344	-358.2898	173.5555	0.7317543
7662	-188.5853	-362.1158	173.5306	0.7690736
7668	-194.779	-368.3104	173.5314	0.7678311
7674	-181.8346	-355.3399	173.5053	0.8037967
7680	-186.3553	-359.8059	173.4507	0.8715938
7686	-171.181	-344.6829	173.5019	0.808288
7692	-181.241	-354.8137	173.5726	0.7034356
7698	-186.406	-359.9514	173.5454	0.7472683
7704	-183.2007	-356.7461	173.5454	0.7472683
7710	-179.6776	-353.0805	173.4028	0.9255311
7716	-181.0611	-354.4732	173.4121	0.9153433
7722	-181.4618	-354.9523	173.4905	0.8229867
7728	-192.1308	-365.661	173.5302	0.7695792
7734	-198.2864	-371.8044	173.518	0.7867047
7740	-198.4403	-371.9583	173.518	0.7867047
7746	-204.1316	-377.2157	173.0841	1.225141
7752	-199.2653	-372.5349	173.2696	1.05994
7758	-185.4126	-358.7253	173.3127	1.018434
7764	-190.8633	-364.3611	173.4977	0.8136987
7770	-200.3715	-373.9975	173.626	0.5818919
7776	-197.7357	-370.9965	173.2608	1.068233
7782	-187.1197	-360.6222	173.5025	0.8074294
7788	-185.0889	-358.4845	173.3957	0.9333042
7794	-180.8619	-354.3783	173.5163	0.7889611
7800	-181.675	-355.2793	173.6043	0.6414818
7806	-188.8218	-362.3168	173.495	0.817211
7812	-177.6716	-351.2547	173.5831	0.6847889
7818	-184.7018	-358.2978	173.596	0.3684761
7824	-188.6497	-362.1082	173.4585	0.8623726
7830	-179.3466	-352.8051	173.4585	0.8623726
7836	-175.5402	-349.161	173.6208	0.5989478
7842	-178.8251	-352.4526	173.6275	0.5765321
7848	-177.7329	-351.1874	173.4545	0.8670586
7854	-178.389	-351.8769	173.4879	0.8262525
7860	-179.752	-353.24	173.4879	0.8262525
7866	-184.6334	-357.9308	173.2974	1.033319
7872	-179.7485	-353.369	173.6204	0.6000467
7878	-190.3207	-363.9566	173.636	0.5335672
7884	-181.2189	-354.8562	173.6373	0.4796115
7890	-188.5545	-362.1634	173.609	0.6306321
7896	-182.3706	-356.0062	173.6357	0.4656106
7902	-179.5816	-353.2065	173.6249	0.4231281
7908	-185.0378	-358.5452	173.5074	0.800956
7914	-185.1538	-358.5772	173.4234	0.9028503
7920	-188.7899	-362.2543	173.4644	0.8552951
7926	-184.6106	-358.0041	173.3935	0.9355989
7932	-188.699	-362.219	173.52	0.7839718
7938	-177.0637	-350.5786	173.5149	0.7909137
7944	-182.2766	-355.7953	173.5187	0.7857165
7950	-195.3109	-368.8747	173.5638	0.7183841
7956	-184.2006	-357.677	173.4765	0.8405773
7962	-185.7347	-359.3713	173.6366	0.4727413
7968	-185.2804	-358.9186	173.6381	0.5025139
7974	-179.0623	-352.5281	173.4659	0.8534986
7980	-186.41	-360.0178	173.6078	0.63358
7986	-180.9404	-354.4752	173.5347	0.7630645
7992	-184.9748	-358.5113	173.5365	0.7604694
7998	-183.8143	-357.3601	173.5458	0.7467561
8004	-171.4303	-345.0378	173.6076	0.6339928
8010	-169.8092	-343.4325	173.6233	0.5911718
8016	-185.7281	-359.1734	173.4453	0.8778213
8022	-190.3375	-363.9669	173.6295	0.5686604
8028	-192.78	-366.1052	173.3252	1.006059
8034	-182.4674	-355.7577	173.2904	1.040112
8040	-175.8636	-349.2671	173.4035	0.9247735
8046	-175.3206	-348.9558	173.6352	0.5394059
8052	-184.3879	-357.6032	173.2153	1.110335
8058	-187.4032	-361.0042	173.601	0.6488951
8064	-192.4559	-366.0938	173.6379	0.5108145
8070	-186.8023	-360.245	173.4426	0.880953
8076	-191.3596	-364.6248	173.2652	1.064145
8082	-193.7283	-367.0208	173.2925	1.038083
8088	-178.5229	-352.1378	173.6149	0.6155621
8094	-180.6744	-354.2889	173.6145	0.6168307
8100	-179.9113	-353.5036	173.5922	0.6671609
8106	-176.871	-350.4633	173.5922	0.6671609
8112	-190.8234	-364.1507	173.3273	1.003971
8118	-194.758	-368	173.2419	1.085856
8124	-192.218	-365.4511	173.233	1.094073
8130	-189.8018	-363.1545	173.3527	0.9783768
8136	-185.5321	-359.0146	173.4824	0.8331683
8142	-184.0973	-357.6541	173.5569	0.7295175
8148	-189.193	-362.5054	173.3125	1.018621
8154	-181.9703	-355.4513	173.481	0.8349444
8160	-182.9887	-356.6266	173.6379	0.4882896
8166	-180.7241	-354.2956	173.5715	0.7054428
8172	-184.3527	-357.9241	173.5715	0.7054428
8178	-183.8604	-357.3593	173.4988	0.8122402
8184	-177.8267	-351.4634	173.6367	0.4739943
8190	-182.9187	-356.3992	173.4805	0.8355868
8196	-185.7439	-359.3221	173.5782	0.693704
8202	-183.8098	-357.4438	173.634	0.5468799
8208	-183.9138	-357.5491	173.6352	0.5391029
8214	-178.6049	-351.9641	173.3593	0.971617
8220	-176.2715	-349.9016	173.6301	0.5658901
8226	-182.3832	-355.9792	173.596	0.6594711
8232	-184.3023	-357.8919	173.5896	0.6723039
8238	-187.2642	-360.7031	173.4389	0.8853025
8244	-185.1971	-358.7883	173.5912	0.6691524
8250	-177.1032	-350.6944	173.5912	0.6691524
8256	-186.7007	-360.2433	173.5426	0.7514272
8262	-183.9835	-357.6038	173.6204	0.600286
8268	-188.6118	-362.2497	173.6379	0.4882676
8274	-189.6094	-363.0286	173.4193	0.9074652
8280	-182.8171	-356.4314	173.6143	0.6172118
8286	-187.3377	-360.8208	173.4831	0.8323559
8292	-188.528	-361.9357	173.4077	0.9201735
8298	-181.6573	-355.2843	173.6269	0.57864
8304	-185.7993	-359.3459	173.5466	0.7454903
8310	-183.4738	-356.9511	173.4774	0.8394738
8316	-183.1032	-356.5646	173.4614	0.8589337
8322	-181.0917	-354.5523	173.4606	0.8598517
8328	-185.8303	-359.3719	173.5416	0.7529399
8334	-186.4165	-359.5889	173.1724	1.148783
8340	-180.9557	-354.4364	173.4808	0.8352441
8346	-187.7325	-361.3072	173.5746	0.699943
8352	-198.1604	-371.7269	173.5665	0.7138807
8358	-189.6452	-363.2535	173.6083	0.6323722
8364	-189.4605	-362.8244	173.3639	0.9668401
8370	-195.7977	-369.2618	173.4641	0.855658
8376	-202.0568	-375.5217	173.4649	0.8546721
8382	-196.0815	-369.4108	173.3293	1.001943
8388	-190.2441	-363.6881	173.4441	0.879284
8394	-193.4786	-367.0071	173.5285	0.7719623
8400	-188.1299	-361.617	173.4871	0.8272495
