Iteration	Posterior	Likelihood	Prior	acrv_sd	tree_length
0	-694.9251	-867.1515	172.2264	0.3678193	1.605105
6	-692.9642	-865.0826	172.1184	0.9583011	1.231336
12	-693.9294	-866.5792	172.6499	0.6898698	0.9915264
18	-698.7606	-870.1845	171.4239	1.692583	1.197529
24	-689.0241	-860.6729	171.6488	1.484666	1.182908
30	-695.7381	-868.5484	172.8103	0.4233171	1.093525
36	-682.5725	-855.423	172.8505	0.09650476	1.337564
42	-686.3568	-856.9918	170.635	2.18193	1.439258
48	-689.3171	-861.4704	172.1533	0.6669662	1.436669
54	-687.1689	-859.4264	172.2575	0.6669662	1.355494
60	-693.4411	-866.1746	172.7335	0.292516	1.273519
66	-692.2105	-864.4325	172.222	0.6977192	1.359231
72	-688.4172	-860.8159	172.3987	0.7232282	1.192876
78	-695.6227	-867.7173	172.0946	1.027271	1.192876
84	-707.5178	-879.4782	171.9604	1.41241	0.9575918
90	-700.2327	-872.8473	172.6146	0.3716022	1.306051
96	-696.4807	-868.8725	172.3918	0.2590757	1.563769
102	-696.7038	-869.1682	172.4644	0.2485312	1.51784
108	-690.5881	-863.3	172.7119	0.05151352	1.47993
114	-696.6625	-869.3859	172.7235	0.0801468	1.449423
120	-696.0897	-868.8485	172.7588	0.01369897	1.473064
126	-703.0269	-875.7832	172.7564	0.01613174	1.473064
132	-691.1546	-863.7729	172.6183	0.3759297	1.29951
138	-695.1889	-867.0371	171.8481	1.239162	1.222394
144	-687.3975	-859.7715	172.374	1.155245	0.770954
150	-694.5448	-866.7225	172.1777	1.118931	1.03405
156	-678.8763	-851.3012	172.4249	0.9014716	1.004946
162	-683.5627	-855.2657	171.7029	1.623396	1.004946
168	-677.125	-849.1519	172.027	0.9664748	1.300168
174	-678.7845	-851.1543	172.3697	0.4393525	1.445224
180	-687.1387	-859.5542	172.4156	0.587987	1.291928
186	-699.4415	-872.2336	172.7921	0.3767216	1.151976
192	-692.9651	-865.2782	172.3131	0.9248507	1.089587
198	-686.7983	-859.2364	172.4381	0.6591402	1.213969
204	-681.9689	-853.9266	171.9577	1.144182	1.210055
210	-674.6134	-846.9995	172.3861	0.9008576	1.043378
216	-676.1943	-848.1475	171.9532	1.431398	0.9451332
222	-678.0044	-849.9134	171.909	1.431398	0.9908534
228	-687.4265	-859.2302	171.8037	1.504904	1.022425
234	-700.7651	-872.6689	171.9038	1.504904	0.9190995
240	-694.4473	-867.0079	172.5606	0.7450951	1.025279
246	-688.6606	-860.8913	172.2306	0.9028237	1.182894
252	-694.5587	-866.7826	172.2238	0.8948742	1.195623
258	-681.1807	-853.5286	172.3479	0.5984893	1.338072
264	-687.878	-859.1309	171.2528	1.98647	1.088294
270	-686.9587	-859.0652	172.1065	1.021383	1.187746
276	-697.9271	-870.0226	172.0955	1.147223	1.085173
282	-689.0464	-861.0479	172.0015	1.081243	1.226239
288	-689.8114	-862.6206	172.8092	0.2576799	1.239632
294	-687.9493	-860.2132	172.2639	0.5780921	1.419951
300	-691.7996	-864.3694	172.5699	0.3872427	1.329486
306	-686.0572	-858.5978	172.5406	0.4164828	1.329486
312	-693.9674	-865.9118	171.9444	1.248299	1.130727
318	-698.7886	-870.4438	171.6553	1.563959	1.106743
324	-692.4717	-864.5081	172.0363	0.8885427	1.355168
330	-686.0216	-857.3259	171.3042	1.412907	1.514671
336	-692.3642	-864.7362	172.372	1.036424	0.9193742
342	-687.0314	-859.1662	172.1348	1.036424	1.149832
348	-703.6255	-875.4973	171.8718	0.6144943	1.682724
354	-705.2123	-876.6086	171.3963	1.490831	1.384913
360	-694.2241	-866.0477	171.8236	1.107621	1.350155
366	-697.8289	-868.6039	170.7751	2.115653	1.382083
372	-701.4163	-872.3015	170.8852	2.115653	1.294155
378	-691.9143	-864.3325	172.4182	0.3244265	1.49558
384	-686.0772	-858.6007	172.5235	0.5284672	1.252058
390	-685.2903	-857.8521	172.5618	0.2607511	1.434893
396	-694.2333	-866.5433	172.3099	0.5722196	1.388774
402	-700.4565	-872.4335	171.9769	0.804802	1.466064
408	-691.9688	-864.0549	172.0861	0.8746799	1.326508
414	-689.7452	-861.9754	172.2302	0.648437	1.391494
420	-694.9816	-867.0898	172.1082	1.033947	1.175358
426	-703.6766	-876.1781	172.5014	0.6381455	1.177577
432	-695.3866	-867.2921	171.9055	1.054869	1.3269
438	-687.2179	-859.4427	172.2248	0.7196438	1.339624
444	-690.8825	-862.9036	172.0211	1.123824	1.17294
450	-690.4062	-862.2716	171.8655	1.123824	1.303543
456	-702.0816	-874.1634	172.0819	1.110953	1.130605
462	-705.9268	-878.1587	172.2319	0.9609135	1.130605
468	-704.7675	-876.8489	172.0813	0.7681823	1.414157
474	-692.2421	-864.2307	171.9885	1.129406	1.196283
480	-693.5862	-865.9292	172.343	1.046558	0.9398327
486	-685.8468	-857.9019	172.055	1.228756	1.04646
492	-677.2113	-849.1352	171.9239	1.35818	1.048061
498	-680.1013	-852.4919	172.3906	0.6335844	1.275057
504	-689.9242	-862.1012	172.1769	0.7587938	1.346552
510	-687.8493	-860.0591	172.2098	0.9295513	1.177806
516	-684.1336	-856.0662	171.9326	1.059856	1.30099
522	-696.0975	-868.9756	172.8782	0.2254791	1.208514
528	-701.1011	-874.0603	172.9592	0.3023061	1.067577
534	-689.1403	-861.4142	172.2739	1.032106	1.025007
540	-694.0983	-865.2769	171.1786	1.955186	1.182653
546	-687.3991	-859.546	172.147	0.8414121	1.304258
552	-692.3074	-863.3786	171.0713	1.952177	1.275645
558	-695.6057	-867.1804	171.5747	1.49567	1.236699
564	-681.7393	-853.5495	171.8101	1.49567	1.025163
570	-697.9921	-867.9031	169.9109	2.479418	1.750375
576	-696.3194	-868.5192	172.1998	0.8702028	1.236983
582	-698.13	-870.237	172.107	1.026219	1.183116
588	-695.5636	-867.9048	172.3412	1.026219	0.9631289
594	-687.8214	-860.241	172.4196	0.8694954	1.041338
600	-690.6856	-863.4271	172.7415	0.5069584	1.079847
606	-717.5275	-889.4246	171.8971	0.8129966	1.51995
612	-691.2024	-864.3196	173.1171	0.03647981	1.165336
618	-695.6718	-868.548	172.8762	0.1558024	1.268617
624	-706.9533	-878.2681	171.3147	1.584553	1.375346
630	-702.4727	-872.9335	170.4607	2.089	1.637301
636	-697.0197	-869.0388	172.0191	0.5929745	1.592135
642	-689.7933	-861.8376	172.0443	0.5975412	1.570361
648	-688.7699	-861.3314	172.5614	0.4540178	1.282198
654	-694.6016	-867.4371	172.8355	0.4473115	1.047344
660	-692.4786	-864.1776	171.699	1.429242	1.187445
666	-711.7803	-884.6823	172.902	0.2262002	1.187445
672	-699.9317	-872.2515	172.3197	0.8067766	1.188896
678	-707.0727	-879.1547	172.082	0.8067766	1.383595
684	-689.6716	-862.0982	172.4266	0.7332277	1.159861
690	-697.7657	-870.0987	172.3331	0.694877	1.271937
696	-684.5226	-857.0321	172.5094	0.7727252	1.047996
702	-703.6697	-875.4038	171.7341	0.8097612	1.641495
708	-706.1045	-877.7253	171.6208	0.9230692	1.641495
714	-693.6774	-865.8693	172.1918	0.6959596	1.384373
720	-706.1191	-878.63	172.5109	0.7040125	1.110685
726	-712.7188	-883.6561	170.9373	1.764037	1.526427
732	-690.7948	-863.0861	172.2913	0.7348265	1.273406
738	-695.3365	-867.5103	172.1739	0.8523079	1.273406
744	-683.872	-856.2141	172.3421	0.8919996	1.093119
750	-696.2666	-868.6624	172.3958	0.7879568	1.138702
756	-688.8006	-861.0501	172.2495	0.7879568	1.264102
762	-683.5695	-855.7227	172.1532	0.7879568	1.342209
768	-685.163	-857.7139	172.5509	0.3763822	1.353247
774	-690.0462	-861.1776	171.1313	1.74695	1.3918
780	-698.2187	-870.4264	172.2078	0.9612678	1.151787
786	-686.0876	-858.4128	172.3253	0.9612678	1.043813
792	-693.3427	-865.241	171.8983	0.9612678	1.406366
798	-701.3121	-873.7664	172.4543	0.9612678	0.9115547
804	-695.268	-867.091	171.823	1.336724	1.159964
810	-691.8492	-864.3829	172.5337	0.6740016	1.117175
816	-688.345	-860.3498	172.0049	0.7627077	1.476793
822	-687.7813	-859.6477	171.8665	1.108667	1.314995
828	-687.6948	-859.873	172.1782	0.796912	1.314995
834	-692.2688	-865.0104	172.7416	0.3004037	1.260319
840	-687.2315	-859.8686	172.6371	0.4545814	1.218719
846	-698.9571	-870.7752	171.818	0.9359819	1.487017
852	-686.8462	-859.5276	172.6815	0.4889254	1.150586
858	-695.5986	-867.3279	171.7293	1.441094	1.150586
864	-687.844	-858.1496	170.3056	2.113317	1.73036
870	-683.3218	-854.9565	171.6347	1.421881	1.248207
876	-694.1589	-867.1191	172.9603	0.09631451	1.248207
882	-688.9941	-862.0476	173.0534	0.0371117	1.219674
888	-695.3822	-868.173	172.7907	0.2068539	1.29679
894	-693.603	-865.6632	172.0602	1.164735	1.101562
900	-691.2599	-863.5485	172.2886	1.040982	1.00168
906	-699.1677	-871.864	172.6964	0.06800878	1.479215
912	-681.8644	-854.2998	172.4354	0.6997615	1.18145
918	-688.689	-860.8397	172.1507	0.7932438	1.34004
924	-681.6023	-853.8485	172.2462	0.8613429	1.20517
930	-680.2207	-852.6405	172.4198	0.7060204	1.189474
936	-694.2254	-864.5514	170.326	2.277364	1.598468
942	-679.8067	-852.122	172.3152	0.6769323	1.30121
948	-684.9129	-857.3932	172.4803	0.6769323	1.162142
954	-685.2977	-857.6535	172.3558	0.9710486	1.004431
960	-689.4742	-861.7803	172.3062	0.9825127	1.041748
966	-691.8398	-863.6499	171.8101	1.313593	1.191351
972	-685.4019	-857.2668	171.865	1.114565	1.311435
978	-677.6873	-849.9658	172.2785	0.778538	1.247786
984	-673.9889	-846.6558	172.6669	0.5009933	1.152776
990	-686.6718	-859.2406	172.5688	0.07847874	1.566353
996	-689.4903	-862.4312	172.9409	0.05467794	1.298425
1002	-683.7579	-856.2052	172.4473	0.513508	1.326502
1008	-687.5567	-860.1804	172.6237	0.05908125	1.540222
1014	-694.1844	-867.33	173.1457	0.06242206	1.116869
1020	-696.2617	-868.6743	172.4126	0.360637	1.472534
1026	-689.5174	-861.6351	172.1177	0.4122276	1.65154
1032	-695.7506	-867.0002	171.2496	1.797931	1.255719
1038	-691.3442	-863.6057	172.2615	0.971738	1.093856
1044	-696.2528	-868.0817	171.829	1.397965	1.099693
1050	-697.2781	-869.7645	172.4864	0.7696138	1.072744
1056	-700.8747	-872.618	171.7434	1.402971	1.171714
1062	-705.3628	-876.2851	170.9223	2.049536	1.317672
1068	-699.571	-872.0492	172.4782	0.4627614	1.342355
1074	-697.0111	-868.9411	171.93	1.011012	1.342355
1080	-705.1033	-876.8531	171.7498	1.208831	1.328272
1086	-697.1192	-868.8187	171.6995	1.587239	1.043609
1092	-690.7434	-862.3086	171.5652	1.333493	1.375811
1098	-689.7789	-862.3671	172.5882	0.5745243	1.157309
1104	-687.9185	-859.6917	171.7732	1.39862	1.14928
1110	-682.6633	-855.5526	172.8893	0.4173272	1.024412
1116	-682.0972	-854.7876	172.6904	0.5338851	1.102123
1122	-683.5612	-856.1941	172.6329	0.4706991	1.208533
1128	-682.2802	-853.7623	171.4821	1.88681	0.9615914
1134	-694.2603	-866.7705	172.5102	0.89069	0.9276691
1140	-698.8218	-870.8873	172.0655	0.9875893	1.251087
1146	-698.1574	-870.5239	172.3665	1.028721	0.9337361
1152	-689.5038	-861.9548	172.451	0.6461615	1.214053
1158	-695.9586	-868.3937	172.4351	0.7661156	1.123027
1164	-691.263	-863.2777	172.0147	0.8808239	1.378281
1170	-685.392	-857.7227	172.3307	0.7273706	1.246971
1176	-684.2959	-855.9448	171.6489	1.409153	1.246971
1182	-688.2917	-860.4984	172.2068	0.6445117	1.412781
1188	-694.5281	-867.2761	172.748	0.1101363	1.40749
1194	-681.7023	-854.102	172.3997	0.4583751	1.40749
1200	-680.0658	-851.4357	171.3699	1.42748	1.45418
1206	-682.4945	-855.0366	172.5421	0.7898138	0.9994037
1212	-687.3034	-859.3351	172.0317	1.043804	1.232319
1218	-697.3171	-869.2569	171.9398	1.282425	1.104011
1224	-697.7226	-868.2278	170.5053	2.319203	1.433438
1230	-690.9171	-862.9769	172.0598	1.148882	1.116358
1236	-688.8691	-860.6139	171.7449	1.449627	1.129089
1242	-678.059	-850.4498	172.3908	0.6291288	1.278564
1248	-690.2948	-861.6902	171.3953	1.585821	1.310151
1254	-701.6794	-873.6627	171.9833	0.9058529	1.383265
1260	-686.991	-858.512	171.521	0.9889614	1.665791
1266	-692.4157	-864.9808	172.5651	0.3284603	1.379856
1272	-693.1309	-865.1959	172.065	0.8285291	1.379856
1278	-702.914	-875.009	172.0949	0.7986071	1.379856
1284	-694.0885	-866.5276	172.439	0.5170007	1.330347
1290	-691.0747	-863.0211	171.9464	0.8182924	1.478972
1296	-692.4868	-863.3617	170.8749	1.890331	1.478593
1302	-684.4094	-856.9924	172.583	0.3014512	1.386982
1308	-691.116	-863.4978	172.3818	0.8037176	1.137159
1314	-682.6243	-854.7413	172.1169	0.7710937	1.38418
1320	-687.1711	-859.5908	172.4197	0.7340878	1.165176
1326	-702.0634	-874.3199	172.2564	0.6500056	1.369729
1332	-704.3471	-876.873	172.526	0.6516799	1.14415
1338	-693.9649	-866.3837	172.4188	0.4317521	1.413321
1344	-705.6836	-877.6823	171.9987	0.8096264	1.445808
1350	-700.5284	-871.2363	170.7078	2.015923	1.509719
1356	-690.0632	-861.9458	171.8826	0.8120973	1.531378
1362	-691.5579	-862.7976	171.2397	1.854468	1.216607
1368	-692.1695	-863.5084	171.3389	1.854468	1.130132
1374	-685.4022	-857.4169	172.0147	1.098186	1.2006
1380	-692.8465	-865.2947	172.4481	0.7082237	1.162929
1386	-695.7659	-868.0775	172.3116	0.6677441	1.311575
1392	-699.1672	-871.7667	172.5995	0.5323592	1.184285
1398	-692.5629	-864.6108	172.0479	1.186709	1.092616
1404	-690.4583	-862.7293	172.271	0.8732242	1.173532
1410	-692.6973	-865.3841	172.6869	0.2780793	1.323192
1416	-688.1571	-860.3767	172.2196	0.8043212	1.275245
1422	-685.9891	-857.9047	171.9156	0.716655	1.57741
1428	-686.9235	-858.8538	171.9303	0.901652	1.427734
1434	-685.2806	-857.4072	172.1266	0.6665209	1.457399
1440	-697.9393	-870.3069	172.3676	0.585486	1.332695
1446	-685.8841	-858.0186	172.1344	1.036571	1.150033
1452	-687.3763	-860.1422	172.7659	0.3454991	1.20188
1458	-695.6284	-866.6313	171.0029	1.915608	1.360224
1464	-700.8298	-872.1204	171.2906	1.735066	1.273831
1470	-701.0251	-872.6798	171.6547	1.270357	1.354995
1476	-693.3467	-865.1187	171.7721	1.421455	1.129979
1482	-700.6323	-872.398	171.7657	1.421455	1.135636
1488	-706.1455	-878.475	172.3296	0.5659944	1.378285
1494	-686.1964	-858.7245	172.5281	0.3540635	1.388742
1500	-680.3508	-852.7631	172.4123	0.3243802	1.500021
1506	-676.9854	-849.1988	172.2134	0.8284305	1.260482
1512	-688.4315	-860.6174	172.1859	0.6682572	1.410569
1518	-685.9907	-858.0408	172.05	0.9834467	1.267369
1524	-683.2502	-855.8686	172.6184	0.5940716	1.112849
1530	-683.1859	-855.2937	172.1078	0.9801498	1.221823
1536	-687.7046	-860.0407	172.3361	0.6009955	1.345442
1542	-681.6549	-853.5027	171.8477	1.514105	0.9689435
1548	-684.6955	-857.3311	172.6356	0.4738996	1.203512
1554	-692.6228	-865.4443	172.8215	0.4314293	1.075673
1560	-695.0305	-866.8575	171.827	1.33849	1.154921
1566	-689.6023	-861.9889	172.3866	0.9053006	1.038694
1572	-695.9309	-868.0157	172.0849	1.016149	1.210753
1578	-690.9654	-862.9544	171.989	1.036759	1.273726
1584	-692.627	-864.6324	172.0054	1.18625	1.131674
1590	-690.1067	-862.0652	171.9585	1.288866	1.080785
1596	-684.6428	-857.1537	172.5108	0.5745938	1.223986
1602	-688.5433	-861.1372	172.5939	0.6408241	1.092524
1608	-685.7575	-858.0253	172.2678	0.5182649	1.462779
1614	-688.7851	-861.213	172.4279	0.6457009	1.233913
1620	-683.6072	-856.1868	172.5797	0.643355	1.103272
1626	-693.0497	-865.2745	172.2247	0.6723856	1.377049
1632	-687.6404	-860.8649	173.2245	0.1579902	0.9473274
1638	-689.7795	-862.7582	172.9786	0.09191112	1.23652
1644	-693.0188	-865.6499	172.6311	0.1344776	1.478271
1650	-702.9755	-875.0106	172.0352	1.100395	1.18108
1656	-697.0471	-869.1028	172.0557	1.129771	1.137218
1662	-687.0125	-859.3506	172.3381	0.4854275	1.434163
1668	-689.0895	-860.6201	171.5306	0.9784358	1.666451
1674	-687.5578	-860.1104	172.5526	0.6211647	1.147633
1680	-681.828	-854.2201	172.3921	0.7255182	1.196571
1686	-706.7323	-878.2842	171.5519	1.456991	1.287541
1692	-697.8643	-869.7788	171.9145	1.367466	1.048236
1698	-691.8553	-864.0087	172.1534	0.7281004	1.389273
1704	-694.9267	-867.4509	172.5242	0.5051684	1.270746
1710	-692.5647	-864.9361	172.3714	0.6580449	1.270746
1716	-700.5699	-872.3713	171.8014	0.7616203	1.627705
1722	-717.8853	-890.1904	172.3051	0.4508821	1.485527
1728	-696.658	-868.839	172.181	0.991716	1.148502
1734	-688.7259	-861.4213	172.6955	0.5936455	1.041341
1740	-686.5663	-858.0282	171.462	1.311259	1.472506
1746	-682.1428	-854.7165	172.5738	0.4715984	1.257525
1752	-680.2536	-852.184	171.9304	0.7761195	1.522592
1758	-683.7188	-855.776	172.0572	0.6493385	1.522592
1764	-691.8291	-863.3986	171.5695	1.632959	1.121899
1770	-691.8114	-864.4448	172.6333	0.3985549	1.268678
1776	-689.7967	-861.7704	171.9737	1.193321	1.153549
1782	-692.1532	-864.3678	172.2146	1.023327	1.089549
1788	-683.7163	-855.8488	172.1325	1.105405	1.089549
1794	-681.7383	-854.1554	172.4171	0.6738912	1.219238
1800	-687.2275	-859.6868	172.4593	0.8041605	1.065771
1806	-686.2517	-858.6473	172.3956	0.9372372	0.9984794
1812	-688.8104	-861.154	172.3437	0.9372372	1.049196
1818	-693.6167	-865.6476	172.0309	0.7854186	1.439699
1824	-701.4659	-873.0052	171.5392	1.396662	1.346411
1830	-705.6251	-877.6345	172.0093	0.7368675	1.492897
1836	-702.3054	-874.1881	171.8827	0.9707381	1.411117
1842	-699.8724	-872.2842	172.4118	0.3561636	1.476499
1848	-700.7726	-873.176	172.4034	0.8075467	1.114254
1854	-692.907	-865.7283	172.8214	0.08909762	1.366568
1860	-689.5762	-862.2139	172.6377	0.4891054	1.188612
1866	-689.8373	-862.0752	172.2379	0.5759532	1.441591
1872	-703.2876	-875.2589	171.9713	0.7282925	1.527768
1878	-689.0969	-861.3561	172.2592	0.9464035	1.119122
1884	-689.1863	-861.0525	171.8662	0.9891484	1.409609
1890	-685.8056	-857.0546	171.249	1.826274	1.232502
1896	-687.4766	-858.8192	171.3426	1.826274	1.151939
1902	-696.923	-868.9769	172.0539	1.114982	1.151939
1908	-710.5578	-881.9729	171.4151	1.753798	1.151939
1914	-700.2435	-871.8023	171.5588	1.541772	1.21113
1920	-700.7165	-872.7188	172.0023	1.039047	1.260858
1926	-694.3271	-866.4742	172.1471	0.7395292	1.38531
1932	-691.8201	-862.8853	171.0652	1.552728	1.58791
1938	-703.594	-875.9429	172.3489	0.9641123	1.018134
1944	-689.56	-861.7602	172.2002	0.8625649	1.242998
1950	-690.936	-863.1669	172.2309	0.9406721	1.149572
1956	-690.9654	-862.9388	171.9734	1.282876	1.072483
1962	-690.7774	-862.8771	172.0997	0.9975736	1.213945
1968	-696.4921	-868.6523	172.1602	0.8206411	1.310396
1974	-694.8775	-867.3906	172.5131	0.6475463	1.159185
1980	-695.0401	-865.6096	170.5695	2.171587	1.496713
1986	-689.247	-862.0724	172.8254	0.2939358	1.19512
1992	-688.9819	-861.5872	172.6052	0.2873541	1.380611
1998	-692.1441	-864.5655	172.4214	0.4712098	1.380611
2004	-694.1809	-866.3234	172.1424	0.7738632	1.361941
2010	-705.8837	-878.0056	172.122	1.046266	1.152477
2016	-699.7414	-871.8717	172.1303	1.082321	1.112754
2022	-704.8602	-876.9919	172.1317	1.082321	1.111464
2028	-700.896	-872.9687	172.0727	1.141346	1.111464
2034	-702.3971	-873.8411	171.444	1.765583	1.115515
2040	-689.7388	-860.9692	171.2304	1.803383	1.267133
2046	-688.3832	-859.6401	171.2569	1.803383	1.245145
2052	-700.1582	-871.0016	170.8434	2.072112	1.362551
2058	-697.8037	-868.7192	170.9154	2.072112	1.304954
2064	-706.317	-878.2054	171.8883	1.099239	1.304954
2070	-700.8711	-872.5629	171.6918	1.546997	1.088758
2076	-693.0295	-865.1238	172.0942	1.042951	1.179662
2082	-688.4717	-860.7492	172.2775	0.7067585	1.307629
2088	-682.8585	-855.3356	172.4771	0.4146833	1.381215
2094	-695.9126	-867.9901	172.0775	1.049727	1.188303
2100	-695.0671	-866.2738	171.2067	1.878784	1.223932
2106	-687.5828	-859.8342	172.2513	0.8117797	1.242736
2112	-683.0799	-855.1978	172.1179	0.9452074	1.242736
2118	-682.8373	-855.1026	172.2653	0.6686756	1.347945
2124	-692.1597	-864.6378	172.4781	0.7597753	1.089611
2130	-701.7176	-874.2962	172.5786	0.4927099	1.235876
2136	-704.2372	-876.623	172.3858	0.5371007	1.356734
2142	-702.449	-873.7884	171.3393	1.879569	1.107024
2148	-693.3475	-865.4511	172.1036	0.840453	1.339946
2154	-687.1073	-859.503	172.3957	0.7581727	1.165084
2160	-682.8719	-855.1809	172.3089	0.844978	1.165084
2166	-687.9562	-860.4945	172.5383	0.844978	0.94651
2172	-694.5498	-865.541	170.9912	1.924803	1.362182
2178	-698.0724	-870.4614	172.389	0.9287143	1.013489
2184	-692.5882	-864.5838	171.9956	0.9287143	1.355599
2190	-695.7141	-866.9537	171.2396	1.665431	1.370823
2196	-680.7401	-852.7456	172.0055	1.027235	1.267964
2202	-684.8554	-857.496	172.6406	0.6456732	1.04403
2208	-679.6075	-851.3597	171.7522	1.519609	1.057877
2214	-689.3776	-862.0464	172.6688	0.6507288	1.011718
2220	-679.6671	-852.396	172.7289	0.3401444	1.237784
2226	-689.9112	-862.5109	172.5997	0.4157825	1.282194
2232	-694.7286	-865.4494	170.7208	1.976985	1.529098
2238	-697.7686	-870.5579	172.7893	0.3512017	1.176756
2244	-692.2638	-864.1206	171.8568	0.974137	1.428447
2250	-689.4561	-861.645	172.1888	0.8126811	1.293619
2256	-695.8896	-868.1358	172.2462	0.7552681	1.293619
2262	-699.0514	-871.4935	172.4421	0.3931944	1.425127
2268	-696.6779	-868.9704	172.2925	0.5472776	1.421663
2274	-695.0616	-867.2492	172.1877	0.9687402	1.162892
2280	-698.2602	-871.1149	172.8547	0.01400703	1.399267
2286	-691.4456	-864.3295	172.8839	0.008499522	1.38076
2292	-696.0507	-868.873	172.8223	0.01697765	1.422063
2298	-696.1064	-868.9626	172.8561	0.0586807	1.363112
2304	-708.271	-880.2853	172.0143	0.8100623	1.433522
2310	-696.5801	-867.6309	171.0507	1.765277	1.439934
2316	-687.9156	-859.9161	172.0006	0.8154607	1.439934
2322	-681.4897	-853.5551	172.0654	1.264345	1.001534
2328	-694.3208	-866.4371	172.1162	0.6138294	1.505012
2334	-702.4573	-875.1309	172.6737	0.6185272	1.038367
2340	-697.3621	-869.8652	172.503	0.4769038	1.311118
2346	-691.1644	-863.0751	171.9107	1.325034	1.091601
2352	-693.947	-865.98	172.033	1.325034	0.9728748
2358	-688.787	-860.7609	171.9738	1.355641	1.001817
2364	-693.8232	-865.8211	171.9979	1.372884	0.9596689
2370	-679.5186	-851.7941	172.2755	0.8136908	1.220834
2376	-688.899	-860.8314	171.9324	1.14441	1.231273
2382	-686.7579	-858.987	172.2292	0.7116197	1.342503
2388	-692.5614	-864.1794	171.618	1.477019	1.215821
2394	-693.0637	-864.6466	171.5829	1.216229	1.452856
2400	-688.4096	-861.055	172.6454	0.5912417	1.09076
2406	-688.9924	-860.7902	171.7977	1.280014	1.230451
2412	-695.4301	-867.2598	171.8296	1.543932	0.9567509
2418	-691.3198	-863.2963	171.9766	0.3692209	1.781476
2424	-693.104	-865.8117	172.7077	0.03204212	1.497733
2430	-701.3468	-873.7899	172.4431	0.2249577	1.551128
2436	-694.4009	-865.4224	171.0215	1.963754	1.306827
2442	-690.0791	-862.166	172.0869	1.211861	1.032061
2448	-695.3622	-867.6688	172.3066	0.9921626	1.032061
2454	-685.6634	-858.0727	172.4093	0.4653573	1.394603
2460	-678.8213	-851.2455	172.4242	0.519563	1.340133
2466	-691.0005	-863.5677	172.5672	0.5218012	1.22095
2472	-691.069	-863.4152	172.3463	0.5822484	1.352271
2478	-698.1128	-869.8275	171.7147	1.644291	0.9719226
2484	-695.664	-867.7839	172.1199	1.218474	0.9928622
2490	-693.6953	-865.5705	171.8752	1.160487	1.265551
2496	-703.2543	-875.0078	171.7534	1.212504	1.322389
2502	-705.8061	-878.3268	172.5207	0.9505136	0.847062
2508	-686.2414	-858.5894	172.348	0.8892351	1.09022
2514	-691.1156	-863.2614	172.1458	0.7461394	1.381122
2520	-688.158	-860.0745	171.9165	0.7671159	1.539577
2526	-693.609	-866.2003	172.5913	0.4147714	1.289899
2532	-680.2366	-852.8812	172.6446	0.3892004	1.267117
2538	-692.2904	-864.134	171.8436	0.9484756	1.458239
2544	-690.2916	-862.6497	172.3581	0.9205499	1.051377
2550	-696.4204	-868.6342	172.2138	0.9321335	1.172057
2556	-693.1301	-865.2092	172.0792	1.018555	1.213551
2562	-688.2979	-860.3485	172.0506	1.128983	1.142415
2568	-688.8074	-861.0752	172.2678	1.128983	0.9321166
2574	-678.597	-850.9684	172.3715	0.8655207	1.09045
2580	-685.1699	-857.2037	172.0339	0.9075126	1.342044
2586	-694.4483	-866.5991	172.1508	0.9774252	1.187443
2592	-695.1139	-867.346	172.2321	0.6384581	1.397805
2598	-689.5195	-861.5269	172.0074	1.218119	1.100983
2604	-692.8177	-863.6377	170.82	1.99094	1.44381
2610	-690.7574	-863.362	172.6045	0.594849	1.124717
2616	-697.6415	-868.8689	171.2274	1.755529	1.308654
2622	-700.4827	-872.5724	172.0897	0.583279	1.547458
2628	-695.1718	-866.9722	171.8004	1.185251	1.306454
2634	-693.7761	-865.8717	172.0956	1.152158	1.080462
2640	-697.5539	-869.3045	171.7506	0.8776657	1.580335
2646	-704.2472	-876.229	171.9818	0.8776657	1.406466
2652	-709.4969	-881.3224	171.8255	1.283925	1.203573
2658	-702.4421	-874.5571	172.1151	1.283925	0.9296967
2664	-698.3427	-870.9408	172.5982	0.5687759	1.153637
2670	-694.4938	-866.6704	172.1766	0.6728907	1.414193
2676	-689.513	-861.2631	171.75	1.358245	1.204562
2682	-711.5583	-883.8013	172.243	1.086358	1.001885
2688	-697.5975	-870.1467	172.5491	0.7508713	1.030844
2694	-705.2279	-878.0804	172.8525	0.2429447	1.215486
2700	-690.3458	-863.3744	173.0286	0.2350702	1.065582
2706	-690.2055	-862.8609	172.6554	0.4901548	1.17241
2712	-685.6161	-857.6126	171.9965	1.102692	1.212313
2718	-690.9435	-863.43	172.4865	0.654884	1.176053
2724	-689.6864	-860.6952	171.0088	2.071575	1.228248
2730	-698.7867	-871.5411	172.7543	0.2258089	1.310934
2736	-701.0373	-873.7415	172.7042	0.2015961	1.370196
2742	-713.3993	-886.1474	172.748	0.007645587	1.485787
2748	-704.703	-877.6062	172.9032	0.1204532	1.275474
2754	-708.0384	-880.7874	172.7491	0.04794164	1.45444
2760	-703.4786	-876.1982	172.7196	0.07737603	1.45444
2766	-691.9251	-864.0111	172.086	0.7674556	1.411113
2772	-699.9462	-872.5571	172.6109	0.7079942	1.012311
2778	-701.1502	-873.4241	172.2738	0.6002546	1.395058
2784	-705.0501	-877.3029	172.2528	0.7330927	1.306319
2790	-691.8143	-864.1458	172.3315	0.8676363	1.124913
2796	-677.6638	-849.8922	172.2283	1.196919	0.9007494
2802	-692.3301	-864.5786	172.2485	0.7233492	1.31764
2808	-701.5512	-873.565	172.0138	0.8803585	1.379343
2814	-703.3956	-875.5519	172.1562	1.020047	1.145354
2820	-690.1469	-861.9875	171.8406	1.334781	1.146162
2826	-690.3839	-861.9798	171.5959	1.401838	1.296653
2832	-700.648	-871.7932	171.1452	1.852535	1.296653
2838	-699.8857	-872.0892	172.2035	0.6455976	1.41445
2844	-711.0687	-883.2921	172.2234	0.7585567	1.309478
2850	-693.7794	-866.0011	172.2218	0.6650747	1.385123
2856	-686.1921	-858.1662	171.9741	0.7079659	1.54076
2862	-697.5164	-869.4817	171.9653	0.8239739	1.46031
2868	-683.7065	-856.4678	172.7613	0.3366858	1.21337
2874	-701.8872	-874.3577	172.4705	0.5839072	1.25002
2880	-695.009	-867.5651	172.5561	0.2073937	1.47984
2886	-687.3941	-859.8473	172.4532	0.5759108	1.270945
2892	-695.8918	-867.7155	171.8237	1.192305	1.281745
2898	-708.3153	-880.271	171.9557	1.011135	1.321651
2904	-700.5314	-872.9243	172.3929	0.6564715	1.254186
2910	-702.7177	-874.9937	172.2759	0.9074032	1.139105
2916	-710.7839	-883.295	172.5111	0.3556155	1.400835
2922	-696.3592	-868.3528	171.9936	1.220737	1.111221
2928	-691.9897	-864.5891	172.5994	0.7618145	0.9695835
2934	-691.6348	-864.1635	172.5287	0.6036399	1.183892
2940	-701.9995	-873.6931	171.6937	0.9848326	1.543386
2946	-698.7906	-869.8076	171.017	1.979562	1.297627
2952	-695.1168	-867.4544	172.3375	0.8883713	1.100618
2958	-700.2357	-872.1201	171.8844	1.330593	1.110553
2964	-704.0474	-876.0276	171.9802	1.234809	1.110553
2970	-693.4537	-865.3494	171.8957	1.394954	1.039877
2976	-692.3821	-864.718	172.336	0.7967537	1.183525
2982	-704.7072	-877.2433	172.5362	0.7728417	1.022047
2988	-703.0422	-875.4424	172.4003	0.7185191	1.195562
2994	-699.1471	-871.5275	172.3804	0.650406	1.2696
3000	-693.712	-865.4433	171.7312	1.410538	1.175693
3006	-681.0975	-853.5482	172.4507	0.5931851	1.258761
3012	-681.2295	-853.7383	172.5088	0.5688729	1.230509
3018	-701.4182	-873.8605	172.4423	0.5384824	1.310423
3024	-699.2534	-871.4131	172.1597	0.8210652	1.310423
3030	-692.7427	-865.0121	172.2695	1.024895	1.036293
3036	-690.093	-861.8496	171.7566	1.313807	1.236631
3042	-678.661	-851.0943	172.4333	0.5716957	1.29078
3048	-683.5822	-855.3368	171.7546	1.501577	1.072591
3054	-702.4223	-874.218	171.7957	1.35281	1.169809
3060	-695.4128	-867.2626	171.8498	1.35281	1.121818
3066	-696.3254	-868.405	172.0797	1.261696	0.989842
3072	-689.1615	-861.3829	172.2214	1.058206	1.050456
3078	-691.2439	-863.294	172.05	0.7385666	1.460843
3084	-699.2717	-871.3938	172.122	1.250649	0.9576759
3090	-703.3467	-875.6226	172.2759	0.9677925	1.084275
3096	-699.2544	-871.5061	172.2517	0.9390371	1.132452
3102	-693.7521	-865.8995	172.1474	0.7665653	1.363782
3108	-692.2907	-864.5617	172.271	0.8906415	1.158269
3114	-688.3859	-860.5536	172.1677	0.9939537	1.158269
3120	-696.2755	-868.5272	172.2517	1.037628	1.04115
3126	-700.514	-872.8488	172.3348	1.037628	0.9579132
3132	-694.813	-866.6333	171.8202	1.295892	1.197841
3138	-690.253	-862.6843	172.4314	0.4041053	1.424977
3144	-686.881	-859.638	172.757	0.534385	1.039153
3150	-680.1665	-852.4256	172.2591	0.8170424	1.231793
3156	-687.6415	-859.7716	172.1301	0.971638	1.210136
3162	-690.7387	-863.2442	172.5056	0.7454827	1.077367
3168	-687.3667	-859.777	172.4103	0.4016389	1.443074
3174	-690.9244	-862.0736	171.1492	1.7412	1.382286
3180	-683.5939	-855.8918	172.2978	0.6687592	1.321872
3186	-695.5276	-867.7401	172.2126	0.6687592	1.389431
3192	-702.8027	-875.1191	172.3164	0.6687592	1.306877
3198	-694.5116	-866.206	171.6945	1.017267	1.518694
3204	-684.5674	-855.9804	171.413	1.704357	1.19678
3210	-689.6199	-861.5164	171.8965	0.9435956	1.421444
3216	-672.6764	-844.6051	171.9287	0.9435956	1.396493
3222	-675.7986	-848.4225	172.6238	0.1794811	1.449633
3228	-674.628	-847.0059	172.3779	0.5339799	1.365431
3234	-687.3698	-859.849	172.4792	0.2382728	1.514429
3240	-694.6014	-866.8994	172.298	0.7242255	1.276617
3246	-686.4714	-859.0477	172.5763	0.2508527	1.431389
3252	-686.6346	-858.7248	172.0902	0.8450498	1.346943
3258	-689.2298	-861.6728	172.443	0.7935622	1.090796
3264	-687.4107	-859.5043	172.0937	0.8080717	1.373413
3270	-683.642	-856.08	172.4379	0.687339	1.18996
3276	-693.7104	-866.0619	172.3515	0.8174818	1.151852
3282	-700.2591	-871.4117	171.1525	1.902759	1.249269
3288	-693.4201	-864.408	170.9879	1.991656	1.311443
3294	-685.2752	-857.2871	172.0119	0.9671682	1.311794
3300	-681.3412	-853.2958	171.9546	0.6176665	1.621061
3306	-689.1043	-860.967	171.8627	0.6999108	1.628001
3312	-688.7552	-860.9308	172.1756	1.057898	1.093644
3318	-698.7899	-870.914	172.1241	0.8256011	1.335421
3324	-696.806	-868.7332	171.9273	1.266793	1.129472
3330	-695.3814	-867.414	172.0325	1.266793	1.031483
3336	-696.2319	-868.5883	172.3563	0.827761	1.138413
3342	-694.7226	-867.3219	172.5993	0.5414791	1.17655
3348	-694.971	-867.4821	172.511	0.3027274	1.441647
3354	-694.0905	-866.8599	172.7694	0.3672106	1.180149
3360	-690.8382	-863.4048	172.5666	0.5700175	1.180149
3366	-700.4225	-871.7197	171.2972	1.862203	1.160225
3372	-697.0479	-868.9616	171.9137	1.529143	0.8807232
3378	-690.6549	-863.0407	172.3858	0.4758353	1.404747
3384	-692.9202	-865.4816	172.5613	0.4688213	1.270114
3390	-698.0077	-870.8376	172.8299	0.2197955	1.253965
3396	-695.1545	-866.0541	170.8996	2.032441	1.349487
3402	-688.5278	-860.86	172.3322	1.023493	0.9753236
3408	-695.8398	-866.9763	171.1365	1.815796	1.333316
3414	-696.5365	-868.5072	171.9707	1.026301	1.297253
3420	-693.9172	-865.9409	172.0237	1.025853	1.254048
3426	-698.2406	-870.6983	172.4577	0.2814007	1.498234
3432	-696.0843	-868.5546	172.4703	0.6263389	1.214494
3438	-683.0063	-855.4677	172.4614	0.8809339	0.9888735
3444	-691.9703	-863.7517	171.7813	0.8809339	1.555369
3450	-709.1076	-879.4381	170.3306	2.032533	1.769424
3456	-692.2327	-864.297	172.0643	0.9386314	1.292408
3462	-691.9321	-864.0796	172.1476	1.12549	1.056692
3468	-694.8849	-867.5065	172.6216	0.5700185	1.131707
3474	-683.5968	-855.9829	172.3861	0.9038287	1.040598
3480	-690.4624	-862.906	172.4436	0.2409041	1.53894
3486	-690.9578	-862.6055	171.6478	1.396542	1.258397
3492	-702.0624	-872.9876	170.9253	2.145697	1.23618
3498	-684.1782	-856.1408	171.9626	1.12718	1.220326
3504	-689.8627	-861.8304	171.9677	1.476739	0.8788436
3510	-691.7002	-863.4015	171.7014	1.467614	1.151827
3516	-696.2464	-868.1878	171.9414	0.9565297	1.376436
3522	-695.6569	-868.2107	172.5538	0.6982921	1.076384
3528	-690.7252	-863.3284	172.6032	0.5584765	1.158287
3534	-687.2871	-858.7904	171.5033	1.531689	1.266141
3540	-692.8084	-864.9285	172.1201	1.053522	1.147739
3546	-690.3879	-863.0029	172.6151	0.5548941	1.150961
3552	-694.5223	-866.593	172.0707	1.211899	1.047601
3558	-689.4467	-861.6003	172.1536	1.336684	0.8232601
3564	-695.7415	-867.8931	172.1517	1.029865	1.140707
3570	-703.7834	-874.5211	170.7378	2.166587	1.371374
3576	-702.619	-874.7963	172.1774	0.8895025	1.239591
3582	-691.8477	-863.6894	171.8418	1.394582	1.091039
3588	-690.56	-862.7436	172.1836	0.8483633	1.268617
3594	-694.2214	-866.9174	172.696	0.3602829	1.248411
3600	-701.1795	-873.1397	171.9602	1.096128	1.248411
3606	-699.4318	-871.7707	172.339	0.5653998	1.37137
3612	-695.8496	-867.9397	172.0901	0.968931	1.246163
3618	-688.8813	-861.1122	172.2309	0.7867513	1.280393
3624	-678.26	-850.4331	172.1731	1.003155	1.145361
3630	-692.2575	-862.7235	170.466	2.048632	1.662504
3636	-685.6685	-856.6326	170.9641	1.990431	1.331556
3642	-674.4082	-845.8488	171.4406	1.266594	1.522087
3648	-686.4421	-858.6643	172.2222	0.8410446	1.242675
3654	-687.5873	-859.3112	171.7238	1.509195	1.094077
3660	-702.5295	-874.6644	172.1349	0.8866952	1.277148
3666	-697.9719	-869.8697	171.8979	1.353071	1.077493
3672	-705.7504	-876.5317	170.7813	2.11593	1.376962
3678	-702.3657	-874.5839	172.2182	0.9610279	1.142744
3684	-687.5665	-859.805	172.2384	1.018304	1.072084
3690	-689.1638	-861.2544	172.0906	1.119656	1.114925
3696	-691.9055	-864.4208	172.5153	0.694904	1.114925
3702	-694.0307	-866.1164	172.0857	0.9636926	1.254165
3708	-695.7297	-867.6314	171.9017	0.945321	1.416096
3714	-694.1312	-866.9802	172.849	0.441381	1.040115
3720	-713.2726	-885.3361	172.0635	0.6577829	1.511599
3726	-703.2351	-873.7324	170.4973	2.223922	1.511599
3732	-699.9233	-872.7929	172.8696	0.3839896	1.075059
3738	-689.0697	-861.6469	172.5772	0.6763439	1.075059
3744	-689.5991	-861.3453	171.7462	0.906627	1.562282
3750	-689.4942	-862.0503	172.5561	0.2803822	1.424217
3756	-688.8199	-861.7297	172.9098	0.1294077	1.262663
3762	-688.8965	-860.9246	172.0281	0.4902397	1.659797
3768	-694.8452	-866.8228	171.9777	1.422144	0.9288151
3774	-693.6342	-865.8332	172.199	0.9166282	1.198254
3780	-702.7845	-873.1398	170.3553	2.104406	1.701551
3786	-699.3579	-870.2338	170.8759	2.001654	1.392358
3792	-702.3787	-874.8218	172.4431	0.8260229	1.060438
3798	-695.4957	-867.5338	172.0381	1.157722	1.127951
3804	-701.3033	-872.8963	171.593	1.457897	1.25295
3810	-689.1255	-861.3978	172.2723	1.060766	0.9982149
3816	-683.6313	-856.02	172.3887	0.6658217	1.249919
3822	-690.9535	-863.298	172.3444	0.6658217	1.286486
3828	-690.9896	-863.3507	172.3611	0.8316344	1.13067
3834	-689.1731	-860.7874	171.6143	1.690583	1.026033
3840	-693.1208	-865.6186	172.4977	0.7550628	1.075763
3846	-688.4363	-860.3925	171.9562	0.986913	1.340651
3852	-688.8815	-861.268	172.3865	0.774024	1.159269
3858	-691.8417	-863.5774	171.7357	1.248354	1.307766
3864	-699.1215	-871.6781	172.5566	0.3990549	1.330669
3870	-688.3991	-860.5391	172.14	1.063552	1.120995
3876	-685.7493	-858.0983	172.349	1.063552	0.9148839
3882	-699.9226	-872.1293	172.2067	0.482996	1.53508
3888	-693.5273	-866.2474	172.7201	0.5747957	1.035781
3894	-688.3412	-860.9357	172.5944	0.6449627	1.088216
3900	-693.479	-865.6374	172.1584	1.078067	1.090903
3906	-697.2667	-869.3893	172.1225	1.171576	1.036517
3912	-683.28	-855.8963	172.6163	0.5693687	1.137022
3918	-678.4777	-850.8068	172.3291	0.8901003	1.106754
3924	-689.2717	-860.8324	171.5607	1.494759	1.249121
3930	-679.3988	-851.7273	172.3285	0.7546054	1.225907
3936	-688.2198	-860.2861	172.0663	1.290938	0.9737305
3942	-700.7397	-873.1045	172.3649	0.7076188	1.234867
3948	-691.2297	-863.3195	172.0899	1.14775	1.089838
3954	-694.9534	-867.243	172.2896	0.6886614	1.312456
3960	-700.9316	-872.4266	171.495	1.489082	1.30775
3966	-687.0019	-858.8749	171.873	1.289012	1.157926
3972	-682.7595	-855.1152	172.3556	0.5204424	1.393523
3978	-684.2633	-856.8789	172.6156	0.4732517	1.221081
3984	-685.5549	-857.9043	172.3493	0.9294255	1.051238
3990	-688.2905	-860.4119	172.1214	0.7811675	1.372791
3996	-699.9478	-872.009	172.0611	1.332393	0.9355725
4002	-696.4866	-868.9366	172.4499	0.8270111	1.05299
4008	-697.9808	-870.7153	172.7344	0.1448848	1.390983
4014	-695.137	-867.4654	172.3284	0.550965	1.390983
4020	-692.3951	-864.6763	172.2811	0.7432965	1.274831
4026	-691.5223	-863.928	172.4057	0.6623972	1.23854
4032	-694.7307	-866.751	172.0203	1.425486	0.8772519
4038	-686.558	-858.0753	171.5173	1.393527	1.366264
4044	-691.0343	-863.678	172.6438	0.4684232	1.201216
4050	-684.6171	-856.1388	171.5217	1.546928	1.238119
4056	-688.9715	-861.3125	172.341	0.8422148	1.139189
4062	-685.6265	-857.274	171.6475	1.385093	1.26812
4068	-684.7383	-855.6873	170.949	1.975461	1.355472
4074	-693.7963	-865.9128	172.1165	1.140497	1.071817
4080	-688.0905	-860.3916	172.3012	0.7534513	1.249849
4086	-695.3222	-867.386	172.0638	0.971119	1.266151
4092	-707.4296	-879.8544	172.4249	0.7710316	1.127862
4098	-706.6549	-878.546	171.8911	1.54549	0.8878397
4104	-694.6178	-866.7122	172.0944	1.131537	1.100611
4110	-702.83	-874.9692	172.1392	1.131537	1.058839
4116	-705.6582	-877.6689	172.0107	0.6832462	1.531924
4122	-702.015	-873.4195	171.4045	1.559908	1.323605
4128	-697.3022	-868.531	171.2289	1.559908	1.460716
4134	-687.8353	-859.8178	171.9825	0.8008424	1.464808
4140	-687.7929	-859.9461	172.1532	0.6302218	1.464808
4146	-687.7522	-859.7348	171.9825	0.7049855	1.536694
4152	-702.3815	-874.4582	172.0768	0.7761748	1.411491
4158	-689.0264	-860.445	171.4186	1.678325	1.214214
4164	-697.1185	-868.7324	171.6138	1.550799	1.155671
4170	-681.4427	-853.7019	172.2592	0.6709307	1.351025
4176	-683.029	-854.9862	171.9573	0.9828713	1.343035
4182	-693.0581	-864.9533	171.8952	1.127976	1.275896
4188	-706.2276	-877.7492	171.5215	1.569689	1.219075
4194	-697.6902	-869.8354	172.1452	0.8703519	1.282154
4200	-698.7567	-870.8149	172.0582	1.006225	1.241668
4206	-687.613	-860.0231	172.4101	0.2219546	1.577539
4212	-681.9273	-854.8758	172.9485	0.05257601	1.293926
4218	-682.969	-855.1968	172.2278	0.9767608	1.120074
4224	-682.5199	-855.024	172.5041	0.7004395	1.120074
4230	-682.275	-854.4732	172.1982	1.015038	1.112215
4236	-689.266	-861.465	172.199	1.014247	1.112215
4242	-696.6817	-869.0352	172.3535	0.5471671	1.37426
4248	-693.3985	-866.1687	172.7702	0.2819654	1.251884
4254	-697.3461	-869.7276	172.3815	0.4346939	1.439822
4260	-684.9006	-857.4849	172.5843	0.5171227	1.210427
4266	-680.5708	-852.8561	172.2853	0.8919707	1.144524
4272	-682.9187	-855.1951	172.2764	0.9008663	1.144524
4278	-677.3231	-849.5099	172.1868	0.8429868	1.270452
4284	-677.0252	-849.3186	172.2934	0.7363461	1.270452
4290	-678.5032	-850.0868	171.5836	1.532834	1.197613
4296	-685.2251	-857.3426	172.1176	1.270773	0.941157
4302	-689.0915	-861.7694	172.6779	0.5555792	1.093693
4308	-691.7842	-863.9224	172.1382	0.6325496	1.474393
4314	-686.7411	-858.8207	172.0796	0.6325496	1.518396
4320	-679.9103	-852.4433	172.533	0.80789	0.9903126
4326	-686.5917	-858.8231	172.2314	0.7876072	1.279291
4332	-678.2459	-849.1961	170.9502	1.943487	1.379737
4338	-685.914	-858.5917	172.6776	0.2160671	1.379737
4344	-690.7886	-863.1775	172.3888	0.5784207	1.32133
4350	-687.4668	-859.9455	172.4787	0.8740611	0.9783007
4356	-688.9293	-861.0325	172.1033	1.06251	1.154667
4362	-687.9053	-860.0354	172.1301	0.9779847	1.20476
4368	-691.9645	-863.7472	171.7826	1.182564	1.32298
4374	-698.0135	-870.6426	172.6291	0.9159436	0.7478274
4380	-693.9904	-866.3841	172.3937	0.9159436	1.02144
4386	-696.1023	-868.4723	172.37	0.9310398	1.02984
4392	-686.8849	-859.0573	172.1724	1.016811	1.133866
4398	-688.7279	-861.0627	172.3348	0.6330272	1.320839
4404	-691.1371	-863.8666	172.7295	0.2383466	1.320839
4410	-697.5313	-868.6966	171.1653	1.802553	1.320839
4416	-692.5302	-864.6927	172.1625	0.5328026	1.53092
4422	-695.3155	-867.594	172.2785	0.8497116	1.18743
4428	-701.0886	-873.3789	172.2903	0.8475644	1.179102
4434	-694.7149	-866.872	172.1572	0.8465655	1.291796
4440	-688.7138	-861.1862	172.4724	0.7453888	1.108079
4446	-686.2676	-857.6662	171.3986	1.820403	1.106917
4452	-705.7397	-877.6935	171.9538	1.196994	1.167777
4458	-696.1242	-868.1508	172.0266	0.7231781	1.490198
4464	-700.9925	-873.6853	172.6928	0.4309879	1.191221
4470	-707.8569	-879.7153	171.8584	0.8461258	1.524066
4476	-701.1588	-873.0322	171.8734	0.8497619	1.510209
4482	-705.888	-878.6057	172.7177	0.2709165	1.304096
4488	-702.9672	-875.5699	172.6027	0.5137717	1.197551
4494	-696.4456	-868.8532	172.4076	0.708878	1.197551
4500	-692.8178	-864.2601	171.4424	1.608866	1.252658
4506	-700.9378	-873.3103	172.3725	0.7427504	1.198575
4512	-699.3913	-871.884	172.4928	0.5514632	1.258473
4518	-690.6379	-863.1337	172.4958	0.5105658	1.289606
4524	-693.1389	-864.7728	171.6339	1.370249	1.291437
4530	-693.6625	-865.4855	171.823	1.370249	1.130237
4536	-698.0744	-870.1382	172.0638	1.159195	1.103261
4542	-695.4811	-867.0373	171.5563	1.757793	1.017085
4548	-701.5463	-873.6831	172.1367	0.8461728	1.30872
4554	-689.8223	-862.2009	172.3786	0.6696464	1.255114
4560	-689.2808	-861.8685	172.5877	0.5847975	1.148748
4566	-698.6805	-871.1399	172.4594	1.010194	0.8489997
4572	-695.3321	-866.703	171.3708	1.88174	1.075963
4578	-679.6935	-852.2387	172.5452	0.6006117	1.17219
4584	-693.4375	-865.1679	171.7304	1.585631	1.015093
4590	-691.7647	-863.8293	172.0645	1.109193	1.147612
4596	-696.5292	-867.9568	171.4276	1.667186	1.216029
4602	-683.0728	-855.6334	172.5606	0.5150679	1.232206
4608	-690.5984	-862.8378	172.2393	1.082759	1.009165
4614	-683.3051	-855.272	171.967	1.337619	1.02635
4620	-695.8555	-867.4095	171.5539	1.482327	1.2651
4626	-693.1769	-865.4176	172.2407	0.7085507	1.335759
4632	-690.0159	-862.0812	172.0653	1.44635	0.7953199
4638	-674.3373	-846.5002	172.1628	1.062967	1.100727
4644	-676.3255	-848.8204	172.4948	0.7193963	1.111274
4650	-680.5161	-852.5678	172.0517	0.9879309	1.262275
4656	-678.2969	-849.8677	171.5708	1.37997	1.334572
4662	-681.299	-852.8617	171.5627	1.244138	1.446939
4668	-688.2506	-860.4544	172.2038	0.821446	1.274196
4674	-687.4705	-859.7929	172.3223	1.051543	0.9564302
4680	-685.5598	-858.2088	172.6491	0.5161873	1.155128
4686	-685.0775	-857.5306	172.4532	0.7440523	1.126667
4692	-682.6083	-854.1885	171.5802	0.8591881	1.715914
4698	-678.2174	-849.9355	171.7181	1.262845	1.310321
4704	-690.2001	-862.6154	172.4154	0.7307507	1.171902
4710	-693.2325	-865.6209	172.3884	0.8561241	1.083475
4716	-698.2811	-870.8575	172.5764	0.4319907	1.288017
4722	-691.9707	-864.4723	172.5016	0.4319907	1.348218
4728	-694.2326	-865.8116	171.5791	1.786326	0.965278
4734	-685.2409	-857.3394	172.0984	0.9683757	1.239645
4740	-687.42	-859.6903	172.2703	1.03389	1.026742
4746	-676.0999	-848.7027	172.6027	0.3288655	1.349823
4752	-692.2078	-863.6048	171.397	1.496953	1.379515
4758	-699.0041	-870.5327	171.5286	1.496953	1.273948
4764	-681.0278	-853.5536	172.5259	0.6819774	1.117078
4770	-687.3975	-859.9818	172.5843	0.03809476	1.58464
4776	-684.407	-857.4187	173.0117	0.1929115	1.11998
4782	-697.1768	-869.5832	172.4064	0.07097726	1.689039
4788	-685.8233	-858.6339	172.8106	0.04851973	1.406687
4794	-703.0436	-876.0642	173.0207	0.04546966	1.240218
4800	-702.498	-874.8559	172.3578	0.2579934	1.589398
4806	-698.7953	-870.7195	171.9242	1.212701	1.179904
4812	-684.1987	-856.849	172.6503	0.2929274	1.340567
4818	-679.7017	-851.5439	171.8422	1.433175	1.054463
4824	-686.8029	-859.1123	172.3094	1.005984	1.015776
4830	-692.4092	-864.2916	171.8823	1.375619	1.070933
4836	-690.5706	-862.3952	171.8247	1.188003	1.28446
4842	-687.3376	-858.7868	171.4493	1.763278	1.112829
4848	-683.7786	-855.2558	171.4772	1.545283	1.276414
4854	-695.856	-868.2037	172.3477	0.7941678	1.175579
4860	-687.7332	-860.081	172.3477	0.6244237	1.317387
4866	-675.5531	-847.962	172.4089	0.6602987	1.237674
4872	-682.0823	-853.9686	171.8864	1.229618	1.197963
4878	-686.5005	-858.8553	172.3549	0.4605146	1.440415
4884	-692.7018	-864.6917	171.9899	0.9615629	1.334002
4890	-688.1721	-860.5901	172.4181	0.7504167	1.152277
4896	-698.0148	-869.0427	171.0279	2.030238	1.246874
4902	-688.9196	-860.6708	171.7512	1.173644	1.355162
4908	-694.2999	-866.4908	172.1909	0.8854721	1.231598
4914	-697.8366	-869.0854	171.2488	1.450526	1.527929
4920	-689.3747	-860.8111	171.4364	1.811096	1.080669
4926	-691.0619	-863.9071	172.8452	0.5375164	0.9471214
4932	-693.4916	-865.1849	171.6933	1.6326	1.005371
4938	-699.9905	-871.9409	171.9504	0.9620645	1.364978
4944	-703.3216	-875.8614	172.5398	0.8035778	0.9878401
4950	-695.443	-867.5949	172.1519	0.9441231	1.215043
4956	-691.0236	-863.5259	172.5023	0.7582432	1.068516
4962	-687.5196	-859.755	172.2354	0.8538756	1.220692
4968	-703.6284	-875.5158	171.8873	1.53943	0.8990781
4974	-699.1079	-870.6589	171.551	1.632789	1.138675
4980	-698.6405	-871.0815	172.4411	0.5785813	1.278775
4986	-692.7725	-865.0825	172.31	0.7096163	1.278775
4992	-685.1158	-857.4071	172.2912	0.6781453	1.319641
4998	-687.7864	-859.7231	171.9367	1.3964	0.9981712
5004	-690.7458	-863.0863	172.3404	0.6615194	1.293239
5010	-697.3347	-869.5026	172.1679	1.07048	1.089175
5016	-698.2894	-870.6585	172.369	0.8169672	1.136736
5022	-706.3412	-878.5078	172.1666	1.104631	1.058414
5028	-692.6854	-864.8305	172.1451	0.7574913	1.372761
5034	-694.2226	-866.4917	172.2692	0.7204395	1.303291
5040	-689.7874	-862.3708	172.5834	0.6990721	1.047725
5046	-687.0899	-859.1627	172.0728	1.327265	0.928585
5052	-693.0947	-865.5614	172.4667	0.9025942	0.9612182
5058	-697.7744	-869.7876	172.0132	1.34242	0.9753233
5064	-692.8083	-864.5004	171.6922	1.22519	1.361105
5070	-697.7241	-869.8599	172.1358	0.7444495	1.39029
5076	-688.7026	-861.1328	172.4302	0.9958236	0.8999022
5082	-696.347	-868.5386	172.1917	0.6484147	1.421434
5088	-698.3468	-871.196	172.8492	0.2980072	1.170975
5094	-684.966	-857.2458	172.2798	0.5944895	1.394942
5100	-694.0853	-865.9593	171.874	1.396959	1.058668
5106	-689.3847	-861.3341	171.9494	1.078049	1.272372
5112	-680.2967	-852.7032	172.4065	1.03459	0.8826929
5118	-679.7345	-851.4348	171.7003	1.472226	1.148691
5124	-699.7168	-871.8643	172.1475	0.7558166	1.372198
5130	-682.0616	-854.02	171.9584	0.5650605	1.656144
5136	-696.0104	-867.31	171.2996	1.845708	1.172636
5142	-686.7066	-858.6771	171.9705	0.9141682	1.386843
5148	-702.9326	-875.0256	172.093	1.100907	1.129601
5154	-694.3166	-866.4494	172.1329	0.8808902	1.283601
5160	-697.3266	-868.7912	171.4646	1.681401	1.172002
5166	-700.4636	-872.3095	171.846	0.9086999	1.486541
5172	-693.7907	-866.2157	172.425	0.4959065	1.358326
5178	-685.6506	-857.7922	172.1417	1.126625	1.061185
5184	-688.2112	-860.4237	172.2125	1.055779	1.061185
5190	-689.9797	-861.9425	171.9628	1.255993	1.107119
5196	-696.457	-868.5905	172.1335	0.8013774	1.347196
5202	-696.0556	-867.415	171.3594	1.598486	1.328891
5208	-690.4814	-862.5988	172.1173	0.9563761	1.233863
5214	-696.7084	-868.3938	171.6854	1.388299	1.233863
5220	-690.295	-862.7978	172.5028	0.6558593	1.160875
5226	-694.879	-866.5308	171.6519	1.506855	1.160875
5232	-694.8821	-867.1831	172.301	0.8577145	1.160875
5238	-691.4584	-863.4053	171.9469	1.426162	0.9572294
5244	-689.0212	-860.7125	171.6914	1.265203	1.329922
5250	-691.5451	-863.9564	172.4113	0.8108659	1.104064
5256	-698.6487	-870.7091	172.0604	0.8190917	1.390886
5262	-689.4652	-861.8559	172.3907	0.5928939	1.308143
5268	-687.5911	-860.1295	172.5384	0.7441107	1.047686
5274	-694.4819	-867.215	172.7331	0.290306	1.275682
5280	-698.41	-870.9201	172.5101	0.006965619	1.660719
5286	-691.7113	-864.2081	172.4967	0.03550871	1.649873
5292	-692.249	-864.7174	172.4684	0.2113837	1.542422
5298	-691.2233	-863.8778	172.6545	0.3820931	1.264786
5304	-701.4869	-873.7255	172.2386	0.8783814	1.197116
5310	-681.0884	-853.047	171.9586	1.281996	1.087071
5316	-688.2689	-859.9893	171.7204	1.520207	1.087071
5322	-689.5825	-862.3677	172.7852	0.4242979	1.11558
5328	-681.7022	-853.1427	171.4405	1.403795	1.418204
5334	-685.6666	-858.2231	172.5564	0.2878465	1.418204
5340	-690.1532	-862.5999	172.4467	0.6904343	1.179689
5346	-688.9364	-861.3016	172.3652	0.6904343	1.249008
5352	-676.7143	-849.2621	172.5478	0.3339584	1.389101
5358	-687.8552	-860.8244	172.9692	0.1138574	1.22599
5364	-683.6254	-856.0463	172.4208	0.7638769	1.137849
5370	-686.4248	-858.8605	172.4357	0.6766565	1.201106
5376	-689.8475	-862.2434	172.3959	0.8141688	1.115094
5382	-684.529	-857.1968	172.6678	0.5707239	1.089059
5388	-687.7821	-859.5298	171.7477	1.041498	1.460378
5394	-695.7025	-868.2786	172.5762	0.4097538	1.306262
5400	-699.2285	-871.4711	172.2426	0.8480638	1.219516
5406	-698.7506	-870.5773	171.8267	1.515513	0.9889656
5412	-698.8236	-870.1046	171.281	1.822964	1.208246
5418	-698.1366	-870.9221	172.7855	0.2404225	1.273625
5424	-710.4256	-882.8776	172.452	0.4690043	1.358253
5430	-696.0788	-867.923	171.8442	1.521813	0.9646293
5436	-697.2124	-869.4863	172.2739	0.9094708	1.139011
5442	-699.9929	-872.1621	172.1692	1.091197	1.068636
5448	-688.6842	-861.1361	172.4519	0.8649585	1.014299
5454	-681.8542	-854.5096	172.6554	0.5328506	1.134702
5460	-685.2197	-857.5884	172.3687	0.936741	1.02555
5466	-678.5591	-850.9355	172.3764	0.8140296	1.132767
5472	-679.4724	-851.6834	172.211	1.089653	1.030215
5478	-685.1283	-857.4569	172.3286	0.8534601	1.140254
5484	-692.5116	-863.8526	171.3409	1.61597	1.32965
5490	-686.6986	-858.3475	171.6489	1.782895	0.89334
5496	-697.7568	-869.9034	172.1466	1.190868	0.9937845
5502	-694.1444	-866.3278	172.1834	1.009845	1.130228
5508	-694.1565	-865.837	171.6805	1.247916	1.352379
5514	-699.2636	-871.3238	172.0602	1.247916	1.022935
5520	-687.3466	-859.0587	171.7121	1.34854	1.244833
5526	-687.8763	-860.1302	172.2539	0.8066977	1.244833
5532	-686.2805	-858.2303	171.9498	1.11084	1.244833
5538	-675.9071	-848.0074	172.1003	1.081294	1.140618
5544	-684.6916	-856.2762	171.5847	1.651631	1.091078
5550	-691.1187	-862.8709	171.7523	1.236706	1.303779
5556	-690.3069	-862.2886	171.9817	1.236706	1.107469
5562	-690.9843	-862.8931	171.9089	1.250299	1.160459
5568	-685.71	-858.1595	172.4496	0.848947	1.032263
5574	-692.8641	-865.2636	172.3995	0.3290528	1.506121
5580	-677.7882	-849.8033	172.0151	1.044968	1.245306
5586	-687.6953	-859.306	171.6107	1.597717	1.116602
5592	-680.4562	-852.6549	172.1986	0.7193964	1.360597
5598	-676.1004	-848.1094	172.0091	1.085917	1.21586
5604	-675.8485	-848.0728	172.2244	0.820159	1.258227
5610	-676.9295	-849.2646	172.3351	1.051863	0.9425606
5616	-673.1121	-845.3616	172.2494	1.051863	1.029565
5622	-674.0596	-846.9426	172.883	0.3605677	1.084378
5628	-688.2056	-860.4602	172.2545	0.3605677	1.589931
5634	-682.1852	-853.5836	171.3984	1.775173	1.14776
5640	-694.8664	-866.634	171.7676	1.352592	1.194369
5646	-691.1945	-863.9162	172.7218	0.4996769	1.104723
5652	-683.0345	-855.8421	172.8076	0.2357671	1.259184
5658	-677.4453	-850.2838	172.8386	0.4025375	1.086639
5664	-686.1553	-858.4041	172.2488	0.6925409	1.342119
5670	-690.5667	-863.181	172.6143	0.3269506	1.342119
5676	-692.6536	-865.0804	172.4268	0.5379727	1.323313
5682	-694.6448	-866.8938	172.249	0.6958712	1.339306
5688	-690.6367	-862.8754	172.2387	0.706124	1.339306
5694	-692.4757	-864.413	171.9373	1.289216	1.10003
5700	-690.1819	-862.2159	172.034	1.232038	1.063335
5706	-678.7935	-851.0931	172.2996	0.7177053	1.280652
5712	-678.4537	-850.4853	172.0316	1.080739	1.201086
5718	-674.6707	-844.6623	169.9916	2.431176	1.727654
5724	-677.1766	-849.3868	172.2102	0.6674557	1.39227
5730	-681.184	-853.7151	172.5311	0.5147181	1.257189
5736	-681.7871	-854.3876	172.6005	0.4452549	1.257189
5742	-681.6032	-853.8373	172.2341	0.7193709	1.33237
5748	-691.4441	-863.9047	172.4606	0.712025	1.148611
5754	-697.4003	-869.8745	172.4742	0.4000083	1.395001
5760	-681.1184	-853.3648	172.2465	0.8145936	1.244469
5766	-685.5452	-857.1355	171.5903	1.470708	1.244469
5772	-684.2371	-856.2957	172.0586	1.002464	1.244469
5778	-690.0917	-861.8658	171.7741	1.35465	1.186968
5784	-688.4762	-860.2529	171.7767	0.9821976	1.483323
5790	-684.6726	-856.9898	172.3172	1.037115	0.9766458
5796	-678.8315	-850.8129	171.9813	1.217346	1.125337
5802	-685.0902	-857.0803	171.9901	1.260542	1.077749
5808	-683.5668	-855.9456	172.3787	0.4733417	1.412179
5814	-689.2864	-861.3248	172.0383	1.124641	1.157123
5820	-693.0947	-865.3809	172.2862	0.9584305	1.083399
5826	-691.3009	-864.2595	172.9586	0.2469181	1.119202
5832	-685.5186	-857.4625	171.9439	1.202973	1.171209
5838	-699.2685	-871.3733	172.1048	0.6900679	1.456087
5844	-693.4271	-865.8016	172.3744	0.7049551	1.229067
5850	-691.3784	-863.5228	172.1445	0.4835193	1.58054
5856	-698.2689	-869.6461	171.3773	1.414556	1.458407
5862	-694.1876	-866.1502	171.9625	0.7912235	1.487206
5868	-695.4732	-868.1239	172.6506	0.5078556	1.161056
5874	-686.6265	-858.9034	172.2769	0.9376264	1.111058
5880	-707.7352	-879.8939	172.1588	1.085562	1.083626
5886	-699.5227	-871.6587	172.136	1.126898	1.066251
5892	-696.2992	-868.4098	172.1106	1.166369	1.053002
5898	-684.6686	-857.1386	172.47	0.8672202	0.9940005
5904	-687.5749	-860.0365	172.4616	0.7952154	1.071965
5910	-683.8784	-856.084	172.2056	0.8242889	1.270357
5916	-688.119	-859.9398	171.8208	1.164723	1.306553
5922	-681.6531	-853.872	172.2189	0.8627451	1.227139
5928	-698.0195	-869.9767	171.9572	0.7823547	1.497915
5934	-694.2329	-866.6394	172.4065	0.8114966	1.107863
5940	-696.9225	-868.939	172.0166	1.289915	1.024512
5946	-685.6802	-857.9879	172.3078	1.061432	0.961328
5952	-686.8837	-859.2043	172.3205	0.5934273	1.363818
5958	-693.8272	-865.4623	171.635	1.522404	1.161981
5964	-694.6543	-866.6359	171.9816	1.076691	1.246762
5970	-690.0832	-863.0829	172.9997	0.08533536	1.224329
5976	-687.9909	-859.4051	171.4142	1.957473	0.9587476
5982	-693.1368	-865.5776	172.4408	0.624958	1.240557
5988	-690.688	-863.2148	172.5268	0.6471344	1.14748
5994	-691.1202	-863.6393	172.519	0.7397858	1.070106
6000	-689.9836	-862.1425	172.1589	0.6710337	1.429223
6006	-690.7152	-863.2413	172.5262	0.5355008	1.243958
6012	-693.1307	-865.1885	172.0578	1.312734	0.9598957
6018	-693.5719	-865.4909	171.919	1.508115	0.8986828
6024	-691.7163	-864.4305	172.7141	0.5409396	1.073638
6030	-700.7987	-872.91	172.1113	0.9213647	1.26804
6036	-694.2832	-866.6674	172.3842	0.9032889	1.042926
6042	-697.1344	-869.4014	172.2671	0.7153907	1.30908
6048	-692.5908	-865.2321	172.6414	0.5064001	1.17045
6054	-691.1789	-863.5209	172.342	0.7413188	1.225766
6060	-687.5902	-860.0508	172.4607	0.6519477	1.200858
6066	-695.0217	-866.2567	171.2351	1.257301	1.678369
6072	-689.9971	-861.7423	171.7452	1.345589	1.219439
6078	-682.7027	-855.0828	172.3801	0.6927751	1.234533
6084	-680.4404	-852.7999	172.3595	0.4544876	1.441508
6090	-686.2538	-858.16	171.9062	1.353918	1.06886
6096	-694.6445	-866.8955	172.251	1.03488	1.044411
6102	-693.0864	-864.3861	171.2997	1.738183	1.263733
6108	-690.123	-861.825	171.702	1.56077	1.066378
6114	-691.197	-862.7488	171.5518	1.56077	1.200861
6120	-681.4599	-853.3327	171.8728	1.493112	0.9647754
6126	-690.4932	-862.5616	172.0684	1.13682	1.119462
6132	-694.0835	-866.1384	172.0549	1.13682	1.131641
6138	-690.1165	-862.4121	172.2956	0.65954	1.331056
6144	-691.7583	-863.3656	171.6073	1.042339	1.564658
6150	-691.8815	-863.9192	172.0376	1.074854	1.200949
6156	-701.2138	-873.0383	171.8246	1.368064	1.130783
6162	-685.0962	-856.9944	171.8982	1.294426	1.130783
6168	-675.455	-847.7666	172.3116	0.9077419	1.106661
6174	-685.9588	-858.0756	172.1169	1.154061	1.058677
6180	-687.3738	-858.9296	171.5558	1.373375	1.351768
6186	-698.2215	-869.6635	171.442	1.553901	1.298199
6192	-691.6996	-863.8929	172.1933	1.04246	1.091601
6198	-699.7104	-871.7715	172.061	0.960379	1.277309
6204	-694.199	-864.9021	170.7031	1.968738	1.548296
6210	-687.9391	-860.335	172.3959	0.9474457	0.9878576
6216	-683.8932	-856.1457	172.2524	0.3671732	1.586652
6222	-684.4534	-857.4244	172.9709	0.1745239	1.172459
6228	-690.4773	-862.9724	172.4952	0.6756951	1.150171
6234	-686.5415	-858.9107	172.3693	0.5444406	1.364009
6240	-687.9527	-860.4229	172.4702	0.760701	1.096057
6246	-690.5101	-862.4627	171.9526	1.171191	1.191283
6252	-695.0485	-867.3046	172.2561	0.7111455	1.321349
6258	-692.8143	-865.2271	172.4128	0.7562885	1.151727
6264	-691.2526	-863.0075	171.755	1.41414	1.151727
6270	-686.0107	-858.2202	172.2095	0.9595813	1.151727
6276	-690.9552	-863.2804	172.3252	0.811067	1.180465
6282	-686.0675	-858.6306	172.5631	0.5731944	1.180465
6288	-702.4572	-873.8449	171.3877	1.61246	1.294729
6294	-698.7567	-870.0827	171.3259	1.674211	1.294729
6300	-688.5922	-860.9018	172.3096	0.6977571	1.288842
6306	-697.1078	-868.1438	171.036	1.971329	1.288842
6312	-695.3497	-866.978	171.6282	1.546108	1.147089
6318	-696.7394	-869.3165	172.5771	0.5600135	1.179756
6324	-694.6657	-866.7061	172.0404	1.269983	1.020721
6330	-705.7298	-878.2151	172.4854	0.3792085	1.402483
6336	-692.3858	-864.0289	171.643	1.557244	1.123901
6342	-693.7959	-865.7161	171.9202	1.308873	1.097752
6348	-690.4251	-862.5954	172.1703	0.9462195	1.197491
6354	-690.7375	-862.7571	172.0195	0.8970329	1.361731
6360	-686.3732	-858.3289	171.9557	1.385543	0.9899713
6366	-692.3359	-864.2529	171.9169	1.287341	1.120306
6372	-683.4511	-855.6637	172.2126	1.032885	1.082535
6378	-695.1072	-867.3879	172.2807	0.8763507	1.162304
6384	-694.6804	-867.464	172.7837	0.5115588	1.03546
6390	-699.7956	-871.5008	171.7053	1.313925	1.27913
6396	-685.2759	-857.5907	172.3147	0.8385992	1.165585
6402	-688.7665	-861.2346	172.4681	0.6517395	1.194671
6408	-687.8543	-860.4543	172.6	0.3017793	1.373384
6414	-691.0378	-861.6144	170.5767	1.999031	1.618539
6420	-686.8832	-859.2848	172.4017	0.7499588	1.167093
6426	-682.3421	-854.6018	172.2598	0.8918406	1.167093
6432	-680.3074	-851.255	170.9476	1.929612	1.392598
6438	-682.4406	-854.5472	172.1066	0.7912109	1.376512
6444	-694.015	-866.1974	172.1825	0.9150665	1.213731
6450	-692.6229	-865.4275	172.8045	0.4097267	1.111267
6456	-690.3342	-862.6951	172.3609	0.6175471	1.312294
6462	-693.4676	-865.7801	172.3125	0.624669	1.345385
6468	-692.3669	-864.7712	172.4042	0.8241082	1.098394
6474	-693.827	-865.9081	172.0811	0.8329911	1.363696
6480	-703.4804	-876.1602	172.6798	0.2342421	1.363696
6486	-698.8454	-871.7191	172.8737	0.04036971	1.363696
6492	-684.6731	-857.6517	172.9786	0.05469073	1.267525
6498	-686.5353	-859.513	172.9777	0.05556198	1.267525
6504	-691.8291	-864.6712	172.8421	0.01323193	1.409644
6510	-684.3875	-857.3327	172.9452	0.01829867	1.324352
6516	-680.0084	-853.0861	173.0777	0.03749466	1.198667
6522	-682.7412	-855.7186	172.9774	0.03810078	1.282178
6528	-682.6679	-855.6917	173.0238	0.01486513	1.263115
6534	-682.5985	-854.6464	172.0479	1.207403	1.073407
6540	-680.7265	-853.3114	172.5849	0.6407238	1.100884
6546	-691.877	-864.208	172.331	0.7180263	1.254471
6552	-691.279	-863.426	172.147	1.273123	0.9065315
6558	-693.0537	-864.7772	171.7235	1.696609	0.9065315
6564	-690.923	-863.3431	172.4201	0.5238333	1.340053
6570	-691.926	-863.2495	171.3234	1.517872	1.420485
6576	-702.9761	-872.9106	169.9345	2.229563	1.906122
6582	-692.9137	-862.3424	169.4286	2.476926	2.078736
6588	-689.444	-859.0326	169.5886	2.476926	1.972539
6594	-689.1711	-858.9123	169.7413	2.41985	1.908161
6600	-684.9343	-854.7004	169.7662	2.394951	1.908161
6606	-684.8717	-857.3295	172.4578	0.8120516	1.059687
6612	-691.5064	-864.2154	172.709	0.7442927	0.8685613
6618	-699.6799	-872.353	172.6731	0.5923894	1.063853
6624	-684.0882	-856.1981	172.1099	1.226447	0.9949273
6630	-690.0622	-862.3322	172.27	0.9603621	1.096559
6636	-696.7991	-868.9033	172.1042	1.32201	0.8996734
6642	-690.8599	-863.5172	172.6573	0.4741972	1.184624
6648	-690.0671	-862.7029	172.6358	0.4956809	1.184624
6654	-690.626	-863.1334	172.5074	0.4377877	1.338997
6660	-684.0625	-856.2621	172.1996	0.7455629	1.338997
6666	-686.3703	-858.311	171.9407	1.072347	1.284158
6672	-687.2678	-859.0213	171.7535	1.587897	0.9898056
6678	-688.3444	-860.9136	172.5692	0.7384367	1.023391
6684	-710.0188	-882.4198	172.4011	1.102231	0.806394
6690	-704.3478	-875.7641	171.4163	1.311688	1.506582
6696	-700.1022	-872.1159	172.0136	0.935423	1.335935
6702	-684.9692	-857.4466	172.4774	0.5362781	1.283643
6708	-683.1426	-854.829	171.6865	1.387506	1.233647
6714	-692.8432	-864.5999	171.7567	1.357356	1.199649
6720	-696.3354	-868.8288	172.4934	0.6206612	1.199649
6726	-691.2385	-864.0505	172.812	0.3043514	1.197678
6732	-692.6856	-864.9576	172.272	0.7315928	1.291898
6738	-702.4346	-874.9018	172.4672	0.4890437	1.33019
6744	-700.8499	-872.956	172.1061	0.9469861	1.251084
6750	-706.9827	-879.1	172.1173	0.6497125	1.477189
6756	-694.2386	-866.2304	171.9918	0.6370172	1.579891
6762	-687.8975	-860.6878	172.7903	0.08706088	1.392521
6768	-684.4904	-856.9335	172.4432	0.6731798	1.197659
6774	-682.2665	-853.066	170.7994	1.878501	1.5438
6780	-683.0592	-855.2022	172.1429	0.9633532	1.206253
6786	-683.0313	-855.117	172.0857	0.8534121	1.343818
6792	-690.728	-861.956	171.228	1.839728	1.238842
6798	-690.2188	-860.4959	170.2771	2.190376	1.696038
6804	-704.5738	-875.2043	170.6305	2.190376	1.436205
6810	-688.3774	-860.3674	171.99	1.227801	1.108
6816	-694.0446	-865.6857	171.6411	1.256466	1.376695
6822	-700.6769	-872.7962	172.1192	1.173549	1.037804
6828	-694.2892	-866.1786	171.8894	1.173549	1.242908
6834	-698.8415	-870.7694	171.9279	0.8294258	1.484519
6840	-694.5235	-866.2471	171.7236	1.314814	1.263292
6846	-689.9224	-862.3758	172.4534	0.7103971	1.156387
6852	-701.623	-872.397	170.774	2.006541	1.466982
6858	-700.0698	-872.14	172.0701	0.7895238	1.406297
6864	-697.8278	-869.5811	171.7532	1.254307	1.288687
6870	-690.5516	-862.3413	171.7897	1.361772	1.167191
6876	-699.8532	-872.2496	172.3964	0.8779028	1.055495
6882	-693.8789	-866.003	172.1242	0.8779028	1.293127
6888	-696.6394	-868.8828	172.2434	0.983841	1.09945
6894	-691.9543	-864.0046	172.0503	0.983841	1.266857
6900	-695.9868	-868.1919	172.2051	1.059709	1.064465
6906	-687.4432	-859.1522	171.709	1.464571	1.147773
6912	-685.0856	-856.8901	171.8045	1.369054	1.147773
6918	-691.9075	-863.7306	171.8231	1.369054	1.131229
6924	-695.8302	-867.5472	171.717	1.27809	1.298808
6930	-694.3306	-865.6688	171.3382	1.168653	1.668045
6936	-698.9325	-870.8489	171.9163	1.10543	1.277044
6942	-694.9153	-866.3008	171.3855	1.810494	1.127799
6948	-697.2085	-869.1593	171.9508	1.343467	1.036377
6954	-692.0966	-864.3747	172.2782	0.4642006	1.495775
6960	-685.0277	-857.1497	172.122	0.9515534	1.233999
6966	-689.4342	-861.2207	171.7865	1.249973	1.264866
6972	-687.931	-860.1848	172.2538	0.8957487	1.168915
6978	-691.4421	-863.637	172.1949	1.088357	1.046952
6984	-683.0599	-855.1003	172.0404	1.15953	1.124256
6990	-695.6474	-867.3518	171.7044	1.2859	1.302753
6996	-702.8808	-874.4552	171.5744	1.552794	1.1883
7002	-699.7995	-871.6937	171.8941	1.243056	1.179662
7008	-700.4832	-872.9519	172.4688	0.551472	1.278281
7014	-688.5681	-861.0077	172.4396	0.8213275	1.068115
7020	-690.7685	-862.9243	172.1558	0.6962701	1.412176
7026	-689.6494	-861.6192	171.9699	1.368967	0.9924198
7032	-682.7	-854.6194	171.9194	1.365775	1.045156
7038	-682.3169	-854.5451	172.2282	1.045637	1.055975
7044	-689.3768	-860.4929	171.1161	1.82865	1.339377
7050	-684.2039	-856.5763	172.3724	0.5544021	1.353601
7056	-678.8985	-850.7491	171.8506	1.074757	1.354816
7062	-685.8016	-858.1446	172.3431	0.3708405	1.51708
7068	-680.1204	-852.7904	172.67	0.2132032	1.387934
7074	-685.4353	-857.9688	172.5335	0.9216963	0.8662764
7080	-693.2457	-865.9332	172.6874	0.5063536	1.129749
7086	-699.511	-871.9698	172.4588	0.8629394	1.009483
7092	-685.3044	-857.5805	172.2762	1.108635	0.9449186
7098	-691.8628	-864.1714	172.3085	0.6374695	1.338368
7104	-697.0104	-868.519	171.5086	1.091693	1.600697
7110	-703.2903	-874.9238	171.6335	1.150885	1.46409
7116	-708.41	-881.2118	172.8018	0.4428379	1.08332
7122	-706.0385	-878.8284	172.7899	0.4428379	1.094342
7128	-706.8031	-879.5727	172.7696	0.4799792	1.078776
7134	-689.2752	-861.6093	172.3342	0.8929831	1.099497
7140	-682.3099	-854.355	172.0452	0.8929831	1.344628
7146	-681.3834	-853.2484	171.865	1.153918	1.279385
7152	-683.5771	-855.4574	171.8802	1.153918	1.266824
7158	-686.9117	-858.7122	171.8005	1.593749	0.9347879
7164	-687.4766	-859.8699	172.3934	0.4462269	1.421794
7170	-685.7885	-858.1071	172.3187	0.847277	1.15452
7176	-678.9397	-850.6579	171.7183	1.496632	1.110667
7182	-676.6973	-848.5599	171.8627	1.259253	1.192848
7188	-681.5036	-853.5597	172.056	1.493314	0.7412718
7194	-686.3798	-858.2933	171.9135	1.402127	1.015582
7200	-700.4141	-872.0142	171.6001	1.402127	1.293008
7206	-696.5919	-869.0538	172.4619	0.7346642	1.127263
7212	-700.1405	-872.4576	172.3171	0.652017	1.319836
7218	-701.4329	-873.6208	172.1879	0.8214834	1.287138
7224	-700.7571	-872.8851	172.1281	0.8971455	1.274201
7230	-698.7625	-869.393	170.6306	1.935418	1.625581
7236	-703.6083	-875.6622	172.054	1.224126	1.051885
7242	-720.39	-892.6033	172.2134	0.5684321	1.466019
7248	-689.8114	-862.3268	172.5154	0.5600948	1.232332
7254	-690.998	-863.0796	172.0815	1.13239	1.11155
7260	-691.2559	-863.4237	172.1677	1.13239	1.030687
7266	-690.2793	-862.2058	171.9265	1.191918	1.195878
7272	-693.3204	-865.6229	172.3025	0.7632232	1.240537
7278	-704.2409	-875.8759	171.635	1.15877	1.456949
7284	-698.8657	-870.8159	171.9502	1.270289	1.105558
7290	-686.0697	-858.3667	172.2969	0.6618652	1.328132
7296	-688.6741	-861.1643	172.4902	0.6687499	1.160647
7302	-694.0026	-866.7019	172.6993	0.5308512	1.096737
7308	-700.8199	-873.4591	172.6392	0.1720763	1.443547
7314	-710.8153	-883.7624	172.9471	0.1317531	1.229548
7320	-702.5333	-875.3978	172.8645	0.1521807	1.281235
7326	-694.3873	-866.3028	171.9155	1.168804	1.224937
7332	-693.6987	-866.1068	172.4081	0.3777643	1.462958
7338	-691.8705	-864.4875	172.617	0.3594903	1.3139
7344	-682.5917	-855.5122	172.9205	0.06961751	1.302868
7350	-693.7508	-866.6704	172.9196	0.1909721	1.202623
7356	-685.9796	-858.4361	172.4565	0.6712882	1.187819
7362	-677.1079	-848.9944	171.8864	1.424414	1.020218
7368	-677.9872	-850.4652	172.4781	0.8496462	1.003562
7374	-683.2444	-855.6647	172.4203	0.8496462	1.0596
7380	-687.2667	-859.6144	172.3476	0.5262442	1.395228
7386	-706.1827	-878.2869	172.1042	1.018864	1.191871
7392	-693.9909	-866.4989	172.5081	0.6149786	1.191871
7398	-683.2961	-855.4572	172.1611	0.9664171	1.188059
7404	-690.2024	-862.3103	172.1079	1.246842	0.976302
7410	-683.9875	-856.0458	172.0583	0.754821	1.442119
7416	-686.3829	-858.7843	172.4014	0.3733009	1.47141
7422	-684.5167	-856.6033	172.0866	1.191677	1.051692
7428	-690.9578	-863.4924	172.5347	0.6737145	1.116594
7434	-691.2775	-863.5452	172.2677	0.4313035	1.528199
7440	-694.364	-865.8283	171.4643	1.221935	1.537679
7446	-685.5486	-857.5238	171.9752	0.9741439	1.335659
7452	-685.2425	-856.7483	171.5059	1.384287	1.382508
7458	-691.074	-863.4169	172.343	0.8849817	1.098742
7464	-694.8424	-867.742	172.8996	0.03763517	1.345362
7470	-690.8587	-861.5574	170.6988	2.050867	1.490313
7476	-686.9166	-858.9145	171.9979	1.094781	1.217827
7482	-695.7747	-868.112	172.3373	1.021083	0.9725371
7488	-693.9398	-866.3613	172.4215	0.9490929	0.9598429
7494	-689.9847	-861.8643	171.8796	1.003983	1.387673
7500	-685.0972	-857.7448	172.6476	0.4348815	1.226507
7506	-700.8536	-872.781	171.9273	1.454213	0.948362
7512	-702.3944	-874.4106	172.0162	0.8575148	1.395331
7518	-699.1264	-871.4558	172.3294	1.04764	0.9530662
7524	-702.0344	-874.4788	172.4444	0.3660417	1.444182
7530	-691.4716	-864.0181	172.5465	0.3660417	1.364886
7536	-693.1286	-865.377	172.2484	0.8251016	1.234009
7542	-687.967	-860.1414	172.1744	0.8997853	1.233469
7548	-692.3489	-864.8542	172.5053	0.7446476	1.078434
7554	-689.935	-862.6246	172.6896	0.568281	1.070975
7560	-689.5366	-862.3453	172.8087	0.1394887	1.336609
7566	-694.7624	-866.1299	171.3675	1.728025	1.21542
7572	-683.9459	-856.3093	172.3634	0.4083127	1.473649
7578	-683.0904	-855.7995	172.7091	0.4544742	1.156565
7584	-683.5002	-855.984	172.4838	0.6818632	1.154738
7590	-685.3631	-857.8015	172.4384	0.7221119	1.159272
7596	-688.1326	-859.0344	170.9019	1.964056	1.401431
7602	-691.8269	-863.6966	171.8697	0.814183	1.539413
7608	-683.0972	-855.1233	172.0261	0.7099506	1.500526
7614	-688.3279	-860.1051	171.7772	1.528564	1.025198
7620	-691.618	-863.8472	172.2291	0.9849378	1.111442
7626	-701.2496	-873.8143	172.5646	0.7264975	1.039391
7632	-699.0101	-871.3988	172.3887	0.6196819	1.288026
7638	-689.745	-861.8619	172.1169	0.8486425	1.322719
7644	-683.0669	-855.0284	171.9615	0.6490893	1.59323
7650	-692.4283	-864.6878	172.2595	0.6026527	1.404335
7656	-682.2375	-854.2818	172.0443	0.81791	1.404335
7662	-685.0256	-857.7106	172.685	0.4404775	1.189814
7668	-685.415	-858.2651	172.8501	0.04716003	1.376936
7674	-694.3437	-867.2768	172.933	0.1113652	1.258326
7680	-683.2399	-856.1086	172.8687	0.06225845	1.350373
7686	-680.9043	-853.6157	172.7114	0.2101112	1.357795
7692	-687.8038	-860.0072	172.2034	1.019575	1.103343
7698	-693.7008	-866.1706	172.4699	0.4484297	1.360377
7704	-685.9223	-858.3108	172.3885	0.6504922	1.262781
7710	-693.6385	-865.9704	172.3318	1.042339	0.9561024
7716	-708.6209	-880.7774	172.1565	1.042339	1.125208
7722	-689.3145	-861.7328	172.4183	0.8873699	1.025338
7728	-690.2043	-862.6919	172.4876	0.6331501	1.193881
7734	-693.6953	-866.1736	172.4783	0.6708053	1.169318
7740	-689.4421	-861.2806	171.8386	1.217979	1.248244
7746	-687.5817	-859.8862	172.3045	0.7088864	1.283907
7752	-679.8876	-851.4491	171.5615	1.605391	1.153675
7758	-677.6794	-849.7603	172.081	0.6803734	1.481481
7764	-686.3611	-859.2934	172.9323	0.2079304	1.177033
7770	-691.3828	-862.8881	171.5053	1.462335	1.321015
7776	-694.2759	-866.466	172.1901	1.031139	1.104909
7782	-687.7376	-859.7781	172.0405	1.102358	1.174771
7788	-686.1491	-858.5759	172.4268	0.459178	1.385783
7794	-680.5141	-852.5839	172.0699	0.7848479	1.410122
7800	-683.403	-856.0464	172.6434	0.5407676	1.138357
7806	-687.5203	-858.8569	171.3366	1.910526	1.081001
7812	-680.2501	-852.6822	172.4321	0.6251794	1.247594
7818	-700.9962	-873.1344	172.1382	1.30299	0.8826152
7824	-703.1385	-874.5788	171.4403	1.741615	1.140336
7830	-695.3345	-867.4824	172.1479	0.7460141	1.379561
7836	-712.988	-884.6533	171.6653	1.461588	1.188553
7842	-710.5946	-882.9544	172.3598	0.797612	1.16203
7848	-706.2442	-878.1898	171.9456	1.061771	1.288854
7854	-696.5157	-868.6244	172.1086	1.073986	1.139722
7860	-697.3248	-869.7128	172.3879	0.1561449	1.64136
7866	-698.6404	-870.7368	172.0964	0.7715847	1.399801
7872	-694.7822	-866.8775	172.0953	1.188165	1.04676
7878	-690.9437	-863.281	172.3373	1.012912	0.980865
7884	-691.8849	-864.0885	172.2036	1.012912	1.109232
7890	-718.0721	-890.2326	172.1605	1.143446	1.026979
7896	-698.4258	-870.9583	172.5324	0.3076052	1.421455
7902	-691.9492	-864.7952	172.846	0.06790979	1.363821
7908	-682.5762	-855.4577	172.8815	0.03725994	1.35999
7914	-681.4785	-854.5618	173.0833	0.03341411	1.197324
7920	-695.6581	-867.5998	171.9417	1.056388	1.296418
7926	-701.6902	-874.6144	172.9242	0.4029589	1.004106
7932	-689.3381	-861.7656	172.4275	0.6386131	1.240251
7938	-684.7036	-856.5425	171.839	1.297682	1.18014
7944	-685.2588	-857.5438	172.285	0.7576432	1.25981
7950	-691.5749	-863.9699	172.3949	0.6477184	1.25981
7956	-693.9259	-866.3324	172.4066	0.6477184	1.250123
7962	-686.0724	-858.3353	172.2628	0.7076525	1.318742
7968	-695.6847	-868.4756	172.7909	0.4654111	1.072485
7974	-704.8538	-875.6758	170.822	1.855447	1.544127
7980	-695.3463	-866.5098	171.1635	1.990063	1.165344
7986	-689.4018	-861.7938	172.392	0.6578627	1.253768
7992	-692.4947	-863.8245	171.3298	1.544943	1.394556
7998	-692.2811	-864.4472	172.1661	0.9241552	1.219897
8004	-701.8505	-873.9629	172.1124	1.004947	1.196751
8010	-689.9379	-861.7973	171.8594	1.444189	1.027369
8016	-702.6936	-875.2217	172.5281	0.8502318	0.9517073
8022	-712.5063	-884.9439	172.4376	0.9407495	0.9517073
8028	-695.3547	-867.7161	172.3614	0.8248298	1.136495
8034	-706.0626	-876.9355	170.8729	1.782632	1.560339
8040	-690.6367	-862.2319	171.5953	1.227708	1.434596
8046	-690.791	-861.9886	171.1976	1.98914	1.136036
8052	-684.1524	-855.9144	171.762	1.157473	1.359481
8058	-690.4508	-862.2803	171.8295	0.8274603	1.559263
8064	-679.5829	-852.2819	172.6989	0.1699844	1.3991
8070	-681.2798	-853.9002	172.6204	0.1756342	1.455211
8076	-691.0725	-863.1335	172.0609	1.099212	1.159612
8082	-694.8072	-866.3511	171.5438	0.9446698	1.681109
8088	-687.053	-859.1608	172.1078	0.9378227	1.257347
8094	-692.7529	-864.8197	172.0669	1.088407	1.163866
8100	-678.7675	-850.8634	172.0958	0.7164836	1.44275
8106	-698.6909	-870.3284	171.6375	1.677665	1.016008
8112	-703.1988	-875.3514	172.1525	1.257479	0.9176977
8118	-692.7189	-864.6143	171.8954	1.514578	0.9176977
8124	-700.0933	-872.289	172.1957	0.6633529	1.406761
8130	-698.8104	-871.5094	172.6991	0.4543856	1.165496
8136	-700.8045	-873.3317	172.5273	0.7380873	1.063967
8142	-703.4558	-876.0938	172.6381	0.8714261	0.7981961
8148	-696.548	-868.8394	172.2914	0.9957048	1.043237
8154	-695.6824	-868.0402	172.3578	0.6929804	1.253063
8160	-702.4341	-874.2968	171.8627	1.275368	1.17889
8166	-696.1724	-868.2443	172.0719	0.7212042	1.457393
8172	-693.1157	-865.2466	172.1309	1.222094	0.9779954
8178	-685.2933	-857.6796	172.3862	0.9023289	1.041865
8184	-693.2377	-863.9831	170.7454	2.08822	1.42643
8190	-692.7482	-865.1395	172.3913	0.7057847	1.214088
8196	-685.1288	-857.6962	172.5675	0.8695903	0.8873503
8202	-683.5849	-855.7505	172.1656	0.8695903	1.265981
8208	-684.8148	-856.7938	171.979	1.194937	1.147449
8214	-682.1152	-854.1827	172.0676	1.009569	1.230957
8220	-683.0895	-855.4576	172.3681	0.6778283	1.257078
8226	-687.0127	-859.758	172.7453	0.6018003	0.9840753
8232	-685.7747	-857.7771	172.0024	1.293567	1.034705
8238	-685.2332	-857.7972	172.564	0.8053428	0.961187
8244	-696.9038	-868.1623	171.2585	1.964021	1.103742
8250	-696.7537	-869.6306	172.8769	0.3455979	1.103742
8256	-685.4555	-858.0429	172.5874	0.04686332	1.575929
8262	-680.655	-853.4696	172.8146	0.2679508	1.226436
8268	-676.8441	-849.3078	172.4637	0.4659917	1.35131
8274	-690.6595	-863.6853	173.0258	0.2089	1.092585
8280	-692.903	-865.4093	172.5063	0.8936285	0.9286658
8286	-695.8808	-868.4524	172.5716	0.5653325	1.179879
8292	-686.6722	-858.9913	172.3191	0.7524221	1.235698
8298	-682.4368	-854.6928	172.256	0.7524221	1.287954
8304	-681.9846	-853.9389	171.9542	1.392071	0.9848654
8310	-692.8214	-865.4336	172.6122	0.6661548	1.051655
8316	-697.9936	-870.2038	172.2102	1.068149	1.051655
8322	-696.4449	-868.8172	172.3723	0.6150539	1.305099
8328	-696.7985	-868.5292	171.7307	1.196916	1.353031
8334	-703.4022	-876.38	172.9778	0.1576653	1.181156
8340	-678.2272	-850.8268	172.5996	0.68025	1.050231
8346	-696.6332	-869.0637	172.4304	0.5802957	1.286078
8352	-695.8187	-867.743	171.9242	1.280815	1.11959
8358	-695.4945	-868.1431	172.6486	0.5564418	1.11959
8364	-695.4525	-867.8184	172.3658	0.7748888	1.176577
8370	-703.5689	-876.2461	172.6772	0.3356323	1.284322
8376	-706.1405	-878.4193	172.2788	0.6038066	1.38841
8382	-695.8405	-867.9262	172.0857	0.6382954	1.509554
8388	-691.4936	-863.5933	172.0997	1.029375	1.186651
8394	-688.668	-860.7774	172.1094	0.8662223	1.314588
8400	-699.1824	-871.096	171.9135	1.000455	1.363769
8406	-688.0173	-860.5638	172.5465	0.5769103	1.191543
8412	-698.3895	-869.208	170.8185	1.944155	1.480537
8418	-690.6247	-861.81	171.1853	2.004599	1.133259
8424	-687.0291	-859.6109	172.5818	0.4103229	1.301217
8430	-676.5974	-848.8228	172.2254	0.9105039	1.18077
8436	-682.7662	-854.5112	171.745	1.495823	1.086909
8442	-687.7503	-859.4588	171.7085	1.59547	1.026986
8448	-682.0968	-854.4738	172.3771	0.8497854	1.099753
8454	-704.1884	-876.1069	171.9185	1.353368	1.057781
8460	-711.2285	-882.4006	171.1721	1.625425	1.454084
8466	-693.316	-865.4649	172.1488	0.9970514	1.172089
8472	-688.6888	-860.0059	171.3171	1.671446	1.304149
8478	-685.347	-857.8196	172.4726	0.8666781	0.9919553
8484	-707.878	-879.5096	171.6316	1.416194	1.255552
8490	-697.0132	-869.1148	172.1016	1.06117	1.157292
8496	-704.5435	-876.9526	172.409	0.7537439	1.157292
8502	-698.5293	-871.1805	172.6512	0.3827989	1.266937
8508	-700.2784	-872.3493	172.0709	0.7119922	1.465185
8514	-705.806	-878.1082	172.3023	0.5210259	1.434358
8520	-704.4098	-877.0491	172.6393	0.2417434	1.389665
8526	-707.3079	-879.7605	172.4526	0.7273407	1.142141
8532	-695.2473	-867.4564	172.2091	0.9929568	1.12231
8538	-685.1518	-857.2786	172.1267	1.049229	1.145663
8544	-684.3704	-856.5203	172.15	1.049229	1.124888
8550	-685.9976	-858.2594	172.2618	0.9374185	1.124888
8556	-686.5202	-858.7328	172.2126	0.8348652	1.25578
8562	-687.8683	-860.1658	172.2974	0.9791027	1.05338
8568	-687.9061	-860.5318	172.6258	0.5424716	1.152478
8574	-704.3627	-875.7449	171.3822	1.569261	1.334027
8580	-694.4613	-866.1996	171.7383	1.560695	1.031816
8586	-690.6038	-862.8979	172.2941	0.7428004	1.264544
8592	-698.148	-870.3658	172.2178	0.6321414	1.413836
8598	-708.6	-880.9326	172.3326	0.5173221	1.413836
8604	-688.6605	-860.8262	172.1657	1.126184	1.038673
8610	-688.8329	-861.2072	172.3743	0.9321604	1.024515
8616	-688.6383	-860.6126	171.9743	1.401513	0.9544121
8622	-680.7416	-853.7254	172.9838	0.3920271	0.9544121
8628	-685.26	-858.1575	172.8975	0.3920271	1.040931
8634	-679.9869	-852.418	172.4311	0.8584036	1.040931
8640	-689.3948	-862.171	172.7761	0.3074168	1.22556
8646	-696.7662	-869.2052	172.439	0.6073655	1.256745
8652	-692.2902	-864.3717	172.0815	0.7658222	1.415854
8658	-691.1401	-863.2785	172.1384	1.002909	1.176116
8664	-700.0987	-872.2144	172.1158	1.025518	1.176116
8670	-687.846	-860.7112	172.8652	0.3526038	1.108017
8676	-690.2537	-862.8347	172.581	0.3185341	1.375156
8682	-689.3466	-860.8429	171.4963	1.474911	1.318167
8688	-685.2541	-857.5118	172.2578	0.8149646	1.234693
8694	-692.442	-863.8564	171.4144	1.744009	1.161176
8700	-694.5842	-866.588	172.0038	0.8978426	1.37347
8706	-701.7884	-873.5122	171.7238	1.363089	1.222731
8712	-690.3367	-861.7564	171.4197	0.8994837	1.799922
8718	-687.4076	-859.3894	171.9818	0.5923676	1.619696
8724	-684.9081	-857.0888	172.1807	0.678782	1.406414
8730	-679.4706	-851.5297	172.0591	0.9938187	1.25124
8736	-681.784	-853.0227	171.2387	1.943555	1.140091
8742	-683.6442	-856.231	172.5868	0.3150202	1.373342
8748	-686.9383	-858.9638	172.0255	0.9492594	1.315284
8754	-686.3749	-858.9922	172.6173	0.6114416	1.098051
8760	-695.9274	-868.2491	172.3217	0.7863747	1.204766
8766	-700.8831	-873.2721	172.389	0.6261083	1.282472
8772	-706.4032	-878.3168	171.9137	0.9695432	1.387962
8778	-687.1975	-859.3844	172.1869	1.050632	1.089977
8784	-675.6955	-847.7392	172.0437	1.193793	1.089977
8790	-686.4795	-858.844	172.3645	0.9923454	0.9740995
8796	-691.8331	-864.4445	172.6114	0.8280163	0.8846739
8802	-686.2557	-858.0045	171.7489	1.079125	1.43075
8808	-680.5562	-852.9484	172.3923	0.8262944	1.107355
8814	-688.2134	-860.3412	172.1278	0.6427928	1.474509
8820	-683.9974	-856.5632	172.5658	0.1973618	1.480146
8826	-681.4689	-853.8836	172.4147	0.5700945	1.307177
8832	-690.0265	-861.9739	171.9475	1.180641	1.187516
8838	-695.3361	-867.2891	171.953	1.218489	1.149604
8844	-692.2615	-864.2077	171.9462	1.344422	1.039839
8850	-692.6123	-864.6322	172.0199	1.31993	0.9913989
8856	-697.159	-869.2009	172.0418	1.288855	1.00058
8862	-687.524	-859.8934	172.3693	0.892088	1.067666
8868	-693.6699	-866.0518	172.3819	0.6464502	1.271616
8874	-697.4158	-869.8867	172.4709	0.8284724	1.031458
8880	-695.0642	-867.2057	172.1415	0.6959466	1.423462
8886	-692.0693	-864.1877	172.1185	1.230563	0.9820928
8892	-679.212	-851.5836	172.3716	1.01295	0.9451831
8898	-685.1311	-857.2976	172.1665	1.051926	1.107437
8904	-687.8839	-859.6145	171.7306	1.191183	1.357598
8910	-687.3568	-859.2585	171.9017	1.39798	1.031154
8916	-698.0579	-870.3076	172.2497	1.101351	0.9800288
8922	-692.9846	-865.3533	172.3686	0.9534908	1.009109
8928	-692.7856	-865.2614	172.4757	0.4461061	1.357564
8934	-695.6696	-868.0403	172.3707	1.042714	0.9139183
8940	-705.1879	-876.7631	171.5752	1.726525	1.029146
8946	-701.9677	-874.0809	172.1131	0.9402237	1.25088
8952	-700.2901	-872.4355	172.1454	1.029691	1.146374
8958	-703.5932	-875.7386	172.1454	1.029691	1.146374
8964	-696.4255	-869.1299	172.7044	0.7724806	0.8401177
8970	-696.2579	-868.3272	172.0693	1.154236	1.102826
8976	-692.4466	-864.3604	171.9137	0.9912668	1.370874
8982	-693.234	-865.4166	172.1827	0.9912668	1.147436
8988	-687.9796	-860.1741	172.1945	0.8957989	1.219882
8994	-689.548	-862.3668	172.8188	0.203002	1.276981
9000	-689.939	-862.7015	172.7625	0.0677784	1.428954
