Iteration	Posterior	Likelihood	Prior	acrv_sd	tree_length
0	-616.9592	-789.3606	172.4015	0.9333527	0.9964408
6	-617.9433	-790.8431	172.8998	0.421214	1.01021
12	-615.4156	-787.6475	172.2318	1.318853	0.7391909
18	-620.3929	-793.5086	173.1157	0.2265091	0.9890053
24	-624.5063	-797.3398	172.8335	0.4256508	1.069808
30	-624.6963	-797.5558	172.8595	0.4636672	1.00808
36	-632.6512	-805.7972	173.1461	0.3641785	0.797203
42	-631.5404	-804.3299	172.7895	0.5387439	1.003051
48	-633.7978	-806.1649	172.3671	0.8387343	1.11891
54	-636.0794	-808.5661	172.4867	0.8579539	0.986506
60	-631.3205	-802.8855	171.565	1.786576	0.9794528
66	-629.0869	-800.1058	171.0189	2.070747	1.220377
72	-623.4866	-796.6398	173.1532	0.01218222	1.15502
78	-635.39	-808.2605	172.8705	0.1247534	1.298707
84	-639.2559	-811.642	172.3861	1.150936	0.7597026
90	-633.1169	-805.6434	172.5265	0.9514118	0.8387715
96	-635.4476	-807.87	172.4223	0.8924603	1.01635
102	-623.6866	-794.2194	170.5328	2.309981	1.41934
108	-623.9283	-797.2631	173.3349	0.1118009	0.8762523
114	-624.7209	-797.4049	172.6839	0.7627663	0.8762523
120	-625.0094	-797.5053	172.4959	0.9213347	0.9097169
126	-624.051	-796.5758	172.5248	0.8827407	0.9203629
132	-636.6831	-809.6501	172.967	0.1844365	1.167281
138	-620.6729	-793.7929	173.12	0.1137291	1.093402
144	-615.3266	-788.1782	172.8516	0.4773125	1.002326
150	-625.2462	-798.2843	173.0381	0.3068765	0.9862323
156	-621.5753	-794.2084	172.6331	0.8091839	0.8813657
162	-625.3018	-798.2423	172.9405	0.1286101	1.237705
168	-623.394	-796.4772	173.0832	0.08390168	1.153489
174	-625.7284	-798.789	173.0606	0.03356066	1.216586
180	-627.6917	-800.8773	173.1856	0.03283643	1.107439
186	-616.0332	-789.3021	173.2689	0.07630529	0.9859864
192	-626.4259	-799.5285	173.1026	0.2425795	0.9859864
198	-626.3872	-799.1108	172.7236	0.4169755	1.176723
204	-622.9905	-795.5413	172.5508	0.7977551	0.9825702
210	-619.1975	-792.2484	173.0508	0.3707597	0.9048404
216	-618.9843	-792.1936	173.2093	0.2080306	0.9095905
222	-619.4041	-792.184	172.7799	0.5835352	0.9672565
228	-617.6071	-789.8508	172.2438	1.294202	0.7583597
234	-630.2602	-802.5786	172.3184	1.294202	0.6216215
240	-627.0015	-799.8288	172.8273	0.262349	1.220394
246	-624.8286	-797.9391	173.1105	0.06968397	1.141882
252	-616.5838	-789.6841	173.1004	0.0603209	1.159144
258	-615.4345	-788.7201	173.2856	0.1003327	0.9437469
264	-620.863	-793.6864	172.8234	0.1666909	1.302886
270	-634.884	-807.4167	172.5327	0.5445245	1.230928
276	-643.6403	-815.4891	171.8488	1.270086	1.195492
282	-643.2342	-815.5096	172.2754	1.210178	0.8292575
288	-641.9283	-814.8723	172.9441	0.2685674	1.112739
294	-631.6953	-804.8315	173.1363	0.2150574	0.9797671
300	-626.1174	-799.2721	173.1547	0.1525032	1.023752
306	-620.7471	-793.7626	173.0155	0.352856	0.9621957
312	-620.7823	-793.5129	172.7306	0.3009617	1.268996
318	-632.6427	-805.6625	173.0198	0.3439425	0.9669941
324	-616.8367	-789.6331	172.7964	0.5673253	0.9669941
330	-636.0368	-808.9043	172.8675	0.5818054	0.8731998
336	-627.945	-800.783	172.838	0.4005095	1.089057
342	-624.0985	-795.9632	171.8647	1.55224	0.9099926
348	-625.9086	-797.887	171.9783	1.55224	0.7690422
354	-628.1544	-801.0493	172.895	0.2892479	1.138317
360	-633.6746	-806.7159	173.0412	0.1982202	1.088157
366	-643.0958	-816.1448	173.049	0.1814875	1.096419
372	-629.6619	-802.238	172.5761	0.6544219	1.096419
378	-627.3303	-798.1354	170.8051	2.050784	1.409193
384	-626.9858	-799.611	172.6253	0.4898585	1.198702
390	-632.4055	-805.661	173.2555	0.07654079	0.9992834
396	-628.8777	-801.8233	172.9455	0.0267327	1.317291
402	-631.7474	-804.6889	172.9416	0.3737536	1.015841
408	-635.9365	-808.7676	172.8311	0.3737536	1.119782
414	-620.4759	-793.6527	173.1768	0.04661681	1.102911
420	-627.5424	-800.8545	173.3121	0.00214462	1.016894
426	-631.1331	-804.3111	173.178	0.213369	0.9378513
432	-633.1999	-806.1012	172.9013	0.4740175	0.9548823
438	-628.2359	-799.3102	171.0742	2.099633	1.147488
444	-617.8005	-789.7997	171.9992	1.518323	0.7873203
450	-619.916	-792.94	173.024	0.298324	1.008936
456	-619.2776	-792.0578	172.7802	0.3590157	1.177906
462	-625.6492	-798.7839	173.1347	0.3590157	0.818881
468	-623.7138	-796.2061	172.4923	0.8649911	0.9736356
474	-619.7123	-792.7014	172.9891	0.2432658	1.094671
480	-621.6918	-794.7249	173.0331	0.2432658	1.053544
486	-620.4808	-793.2939	172.8131	0.494389	1.023549
492	-627.968	-801.2051	173.2371	0.2543453	0.8218121
498	-634.9508	-807.5809	172.63	0.7622967	0.9368688
504	-619.3645	-792.1595	172.7949	0.5468428	0.9894457
510	-621.9431	-795.0599	173.1168	0.08999963	1.118033
516	-626.0364	-798.885	172.8486	0.5299204	0.9515131
522	-622.7943	-795.7677	172.9734	0.3230227	1.034284
528	-611.9383	-784.1002	172.162	1.373043	0.762674
534	-609.0159	-781.9664	172.9505	0.3177235	1.061272
540	-613.1082	-786.2052	173.097	0.06677198	1.156423
546	-617.0989	-790.2953	173.1964	0.1616603	0.9728552
552	-630.8469	-803.8669	173.02	0.1755333	1.128173
558	-631.995	-804.5096	172.5146	0.3843794	1.375597
564	-621.2807	-794.2375	172.9568	0.1827725	1.177606
570	-616.0106	-789.1936	173.183	0.175664	0.9722169
576	-622.6595	-795.506	172.8466	0.576737	0.9029397
582	-640.0456	-812.4492	172.4036	0.8898641	1.037103
588	-630.0502	-801.9108	171.8606	1.569308	0.8955213
594	-621.7341	-794.3004	172.5663	0.9396186	0.8029602
600	-632.5176	-804.5208	172.0032	1.247575	1.077625
606	-635.6631	-807.8951	172.232	1.247575	0.8366743
612	-628.2622	-800.254	171.9918	1.410886	0.9256824
618	-624.2729	-796.8835	172.6106	0.7920555	0.9256824
624	-628.471	-799.1407	170.6696	2.234177	1.371804
630	-616.7376	-789.5531	172.8155	0.3449281	1.159362
636	-623.4393	-796.1713	172.732	0.6191583	0.9799134
642	-616.8824	-789.6275	172.7451	0.6060688	0.9799134
648	-622.4735	-795.2797	172.8061	0.6351682	0.8824723
654	-636.1666	-809.2072	173.0406	0.06414168	1.207577
660	-618.8968	-792.2593	173.3626	0.02339007	0.9436795
666	-609.0406	-782.4094	173.3688	0.01714704	0.9436795
672	-611.7446	-785.0442	173.2996	0.1231596	0.903567
678	-615.7048	-789.1977	173.4928	0.05217864	0.7479044
684	-629.0692	-800.4796	171.4104	1.921826	0.9990158
690	-621.1485	-793.6599	172.5114	0.9276918	0.8850151
696	-622.4366	-794.9934	172.5568	0.8822655	0.8850151
702	-643.9312	-816.4834	172.5522	0.6849078	1.090326
708	-630.8922	-803.3092	172.417	1.091817	0.7990909
714	-638.4318	-810.7225	172.2907	1.2317	0.7805622
720	-633.8063	-806.7602	172.9538	0.5320433	0.8288212
726	-636.0442	-808.3313	172.2871	1.181644	0.8499861
732	-631.9372	-805.0846	173.1474	0.224356	0.9586786
738	-640.5187	-813.4362	172.9175	0.4542671	0.9586786
744	-638.2787	-810.9495	172.6708	0.5513823	1.104059
750	-622.0719	-794.4359	172.364	1.018179	0.9476619
756	-623.516	-795.5664	172.0504	1.331819	0.9476619
762	-619.9135	-790.4524	170.5388	2.279837	1.437886
768	-621.9673	-793.0307	171.0634	2.279837	0.9879745
774	-626.9958	-799.7443	172.7486	0.7426821	0.8220199
780	-635.7536	-808.7171	172.9635	0.5253269	0.8251673
786	-628.735	-801.7185	172.9835	0.2704345	1.0747
792	-626.9983	-800.0412	173.0429	0.2152268	1.070741
798	-615.6471	-788.7784	173.1312	0.1400496	1.058372
804	-631.4985	-803.7667	172.2682	0.9553291	1.10277
810	-623.254	-795.6873	172.4333	0.9873319	0.9058972
816	-620.4946	-792.0586	171.5641	1.856604	0.9058972
822	-626.7152	-798.9614	172.2462	1.164018	0.9174351
828	-615.4826	-788.016	172.5334	0.9335965	0.8521357
834	-623.9316	-796.1725	172.2409	1.043058	1.046322
840	-634.9651	-807.394	172.4288	0.6158195	1.258122
846	-636.6755	-809.1873	172.5117	0.5329321	1.258122
852	-644.9764	-817.5953	172.6189	0.8620462	0.8349923
858	-632.9156	-805.2473	172.3317	1.13721	0.8498758
864	-626.7775	-799.5875	172.81	0.7530293	0.7195813
870	-615.4215	-788.1673	172.7458	0.4329227	1.143203
876	-619.0288	-792.0252	172.9965	0.184454	1.141249
882	-632.7316	-804.727	171.9954	1.553252	0.7424046
888	-622.0186	-793.2064	171.1877	2.193521	0.9486517
894	-623.0676	-796.1054	173.0378	0.1087696	1.171464
900	-633.617	-806.7654	173.1483	0.1859062	0.9970299
906	-623.8186	-797.0571	173.2385	0.06223554	1.030119
912	-618.3694	-791.3831	173.0137	0.1821746	1.127866
918	-621.8223	-793.0295	171.2072	1.988637	1.127866
924	-630.2841	-802.7987	172.5146	0.9085607	0.903071
930	-625.5532	-798.1139	172.5608	0.7592944	1.011133
936	-626.9896	-797.9164	170.9268	2.11392	1.261413
942	-626.9864	-799.89	172.9036	0.411965	1.015628
948	-616.1624	-787.9358	171.7734	1.542104	1.015628
954	-621.8682	-794.793	172.9247	0.2492466	1.147422
960	-634.9591	-808.167	173.2079	0.06135705	1.060319
966	-628.3321	-801.1049	172.7728	0.5349283	1.02324
972	-629.3015	-802.0983	172.7968	0.5467566	0.9876727
978	-628.3501	-800.8968	172.5467	0.5824295	1.186624
984	-615.8577	-789.0386	173.1808	0.1881042	0.9616069
990	-614.3665	-787.3231	172.9566	0.4955744	0.8698347
996	-620.267	-792.6454	172.3784	0.9919639	0.960092
1002	-615.3079	-788.6386	173.3307	0.03970087	0.960092
1008	-615.9775	-788.9807	173.0032	0.3379341	0.9901253
1014	-618.3034	-791.476	173.1726	0.1084013	1.049095
1020	-617.6926	-790.9642	173.2716	0.04347173	1.016067
1026	-624.5519	-797.3513	172.7994	0.3167093	1.19785
1032	-618.0882	-791.0017	172.9134	0.1913842	1.207512
1038	-617.4736	-790.2751	172.8015	0.5637969	0.9653405
1044	-615.929	-788.7699	172.841	0.5533655	0.9347002
1050	-613.1129	-786.1162	173.0034	0.3679471	0.9591105
1056	-613.7437	-786.4457	172.702	0.7606291	0.857405
1062	-639.2234	-811.5271	172.3037	0.8580126	1.158244
1068	-637.5057	-810.5003	172.9946	0.4823008	0.8400645
1074	-629.1304	-801.963	172.8326	0.378817	1.113858
1080	-620.7543	-794.0847	173.3304	0.108919	0.8847372
1086	-622.7679	-795.5985	172.8307	0.4692199	1.030928
1092	-629.72	-802.2759	172.5559	0.6836737	1.088018
1098	-618.6485	-791.4643	172.8158	0.6836737	0.8114536
1104	-623.8387	-796.0671	172.2285	1.264306	0.8200688
1110	-617.9056	-790.185	172.2793	1.197763	0.8397863
1116	-629.0071	-801.3125	172.3053	1.197763	0.8066761
1122	-639.6951	-812.5546	172.8595	0.4501046	1.021444
1128	-629.7856	-801.9877	172.2021	1.118906	1.010223
1134	-620.5732	-792.6808	172.1076	1.310975	0.9081873
1140	-617.6692	-789.3251	171.6559	1.699594	0.9755031
1146	-622.2296	-794.7559	172.5263	0.9145887	0.8829866
1152	-623.6447	-796.2002	172.5555	0.9818648	0.7592583
1158	-625.0531	-797.4603	172.4072	0.7859464	1.13032
1164	-619.8714	-791.0347	171.1632	2.052546	1.10989
1170	-613.9986	-786.7343	172.7357	0.5965302	0.999085
1176	-624.3468	-796.9185	172.5718	0.7756165	0.9837827
1182	-632.8497	-804.0986	171.249	2.077653	1.004664
1188	-629.6631	-802.2808	172.6177	0.7075982	1.00596
1194	-623.172	-793.9577	170.7857	2.277448	1.242683
1200	-621.3296	-792.432	171.1024	2.010068	1.200991
1206	-614.4397	-787.5758	173.1361	0.2979637	0.8907941
1212	-621.2063	-793.827	172.6207	0.446187	1.239591
1218	-629.7045	-802.3284	172.6239	0.8772656	0.8092072
1224	-623.8211	-796.2662	172.4451	0.9540959	0.9294535
1230	-635.9805	-809.05	173.0695	0.3260808	0.9333584
1236	-632.3784	-804.5969	172.2185	1.175104	0.9355477
1242	-622.0131	-794.5582	172.5452	0.9212268	0.8528799
1248	-628.9572	-801.1885	172.2313	1.176031	0.9205792
1254	-621.4478	-794.4574	173.0096	0.3865154	0.932813
1260	-630.1413	-801.871	171.7297	1.593253	1.008267
1266	-625.0827	-798.1706	173.0879	0.235121	1.008267
1272	-624.3641	-796.3508	171.9867	1.617135	0.6425873
1278	-619.1597	-791.1272	171.9675	1.443334	0.9167794
1284	-623.5084	-796.646	173.1376	0.1284722	1.063315
1290	-634.0533	-806.5863	172.533	0.8010316	0.9972168
1296	-632.1529	-804.2325	172.0796	1.435672	0.7903408
1302	-636.6793	-809.4396	172.7602	0.01169187	1.473494
1308	-622.0903	-795.1389	173.0486	0.2440088	1.037997
1314	-631.5674	-803.8827	172.3153	1.269269	0.6820159
1320	-619.4195	-792.0603	172.6409	0.7790679	0.9067065
1326	-621.1571	-793.7678	172.6107	0.7957079	0.9216119
1332	-613.8507	-786.6976	172.8469	0.4441942	1.039454
1338	-634.9871	-807.8552	172.8681	0.422978	1.039454
1344	-626.9681	-799.5854	172.6173	0.7758074	0.9359995
1350	-616.4449	-789.3905	172.9456	0.210256	1.1634
1356	-616.8055	-790.0575	173.252	0.06143493	1.017706
1362	-621.2204	-794.402	173.1816	0.1268626	1.02261
1368	-613.5137	-786.6319	173.1181	0.06297077	1.14109
1374	-626.1945	-799.4112	173.2167	0.05172698	1.061092
1380	-629.8763	-802.4034	172.5272	0.7587863	1.044379
1386	-627.7853	-800.4256	172.6403	0.6456205	1.044379
1392	-627.0252	-799.0358	172.0107	1.472112	0.8327394
1398	-623.5347	-796.0946	172.5599	0.922878	0.8327394
1404	-620.2699	-792.8934	172.6235	0.7074071	1.000417
1410	-637.1858	-809.0941	171.9083	1.602796	0.7960157
1416	-632.8287	-804.2617	171.4329	1.850911	1.046416
1422	-629.9927	-802.1973	172.2046	1.199208	0.9244418
1428	-621.7731	-794.0497	172.2767	1.273403	0.7401901
1434	-626.3313	-798.6222	172.2909	1.259138	0.7401901
1440	-625.3926	-797.2694	171.8767	1.613233	0.8236756
1446	-619.3727	-792.3433	172.9706	0.4142936	0.944834
1452	-618.5492	-790.5384	171.9891	1.543129	0.7666528
1458	-617.808	-789.5047	171.6966	1.742132	0.8853893
1464	-621.3026	-792.9978	171.6952	1.749306	0.8787428
1470	-616.329	-788.0497	171.7206	1.749306	0.8485759
1476	-609.0114	-782.1336	173.1221	0.1004965	1.103622
1482	-619.7545	-792.7768	173.0222	0.4814557	0.8058784
1488	-619.8442	-792.6975	172.8532	0.4206259	1.055919
1494	-633.1967	-806.1652	172.9684	0.4039493	0.9580073
1500	-635.5338	-808.4484	172.9147	0.1634191	1.230165
1506	-624.5609	-797.1715	172.6107	0.4674283	1.230165
1512	-621.571	-792.435	170.864	2.175749	1.262156
1518	-628.8656	-801.1065	172.2409	1.15463	0.9334248
1524	-613.4007	-786.6301	173.2294	0.03239188	1.067338
1530	-625.8294	-798.8531	173.0237	0.008516533	1.268405
1536	-625.9549	-799.2629	173.308	0.0009944529	1.022031
1542	-626.9474	-800.3736	173.4262	0.0123491	0.8856333
1548	-626.4172	-799.3742	172.957	0.1282375	1.224131
1554	-626.4457	-799.3226	172.8769	0.2083085	1.224131
1560	-614.4259	-787.127	172.7012	0.3947793	1.215049
1566	-621.0124	-793.747	172.7347	0.3612775	1.215049
1572	-612.865	-785.6053	172.7404	0.6015938	0.9892732
1578	-629.3271	-801.9681	172.641	0.1907876	1.427823
1584	-620.0174	-792.5956	172.5782	0.8558972	0.8907212
1590	-615.2561	-788.0161	172.76	0.5802375	0.9910287
1596	-618.6536	-791.6589	173.0053	0.1912444	1.127238
1602	-615.1539	-787.8242	172.6704	0.5250378	1.12829
1608	-627.7573	-799.5279	171.7706	1.73708	0.800655
1614	-632.2023	-804.6551	172.4528	0.9616286	0.9128228
1620	-625.6001	-798.1646	172.5645	0.6597069	1.102155
1626	-640.6439	-813.5173	172.8734	0.4782381	0.9794731
1632	-639.4614	-811.2208	171.7594	1.651362	0.9168075
1638	-638.9691	-810.8035	171.8344	1.57641	0.9168075
1644	-628.3549	-800.6897	172.3347	1.167142	0.8082889
1650	-633.2982	-804.3691	171.071	2.196089	1.062348
1656	-630.1613	-802.5498	172.3885	1.080839	0.8493426
1662	-625.7274	-797.8951	172.1677	1.060276	1.098694
1668	-624.3134	-797.3167	173.0033	0.3702494	0.956743
1674	-636.9108	-809.5703	172.6595	0.5867324	1.081826
1680	-632.4736	-803.8597	171.3862	2.040174	0.8995257
1686	-626.6125	-798.2283	171.6158	1.829449	0.8779082
1692	-625.419	-798.3045	172.8855	0.4362266	1.009551
1698	-629.9547	-803.069	173.1143	0.1043928	1.107249
1704	-628.2021	-801.1965	172.9944	0.2259552	1.105733
1710	-630.7574	-803.7151	172.9576	0.06394494	1.277182
1716	-631.1433	-804.1966	173.0532	0.3941515	0.8754227
1722	-625.7273	-798.544	172.8167	0.5827319	0.9292059
1728	-627.7257	-800.2756	172.5499	0.849562	0.9292059
1734	-630.6171	-803.5805	172.9634	0.3917063	0.9758437
1740	-628.5585	-801.445	172.8865	0.1718851	1.246683
1746	-639.7682	-812.6635	172.8953	0.147137	1.259988
1752	-638.2112	-810.8984	172.6872	0.3656316	1.251365
1758	-627.7618	-800.5166	172.7548	0.3100888	1.241296
1764	-630.5807	-803.6096	173.0289	0.3244564	0.9776717
1770	-626.8544	-799.8195	172.9651	0.3882726	0.9776717
1776	-632.2021	-804.868	172.6659	0.6042864	1.059368
1782	-625.2627	-797.7256	172.4629	0.8635233	1.004859
1788	-625.8625	-798.6844	172.8218	0.3763223	1.125806
1794	-613.481	-786.0995	172.6185	0.6135736	1.094928
1800	-611.9841	-784.9529	172.9688	0.4312499	0.9285485
1806	-612.7333	-785.5783	172.845	0.3149233	1.15983
1812	-612.9858	-785.9481	172.9623	0.1030105	1.240887
1818	-618.6788	-791.7761	173.0973	0.128903	1.100374
1824	-616.705	-789.8772	173.1722	0.2163313	0.9409857
1830	-615.9081	-788.6373	172.7292	0.2428181	1.317465
1836	-620.8875	-792.2201	171.3326	1.930255	1.066354
1842	-640.1134	-813.3941	173.2807	0.07965915	0.9704755
1848	-632.934	-805.0571	172.1231	1.184947	1.022952
1854	-626.6508	-799.4701	172.8193	0.6719524	0.8220507
1860	-629.2426	-801.8366	172.5941	0.8159436	0.9176863
1866	-630.6521	-803.3025	172.6504	0.7796033	0.8953878
1872	-632.318	-805.2423	172.9244	0.2974395	1.10438
1878	-635.7722	-808.1582	172.386	0.942702	1.002563
1884	-637.4243	-809.6823	172.258	1.265479	0.7791041
1890	-619.11	-791.4303	172.3203	0.8764465	1.127093
1896	-618.2668	-791.3028	173.0361	0.2409438	1.052912
1902	-627.0883	-800.3618	173.2735	0.09184926	0.9653293
1908	-630.6718	-804.0993	173.4275	0.0323178	0.8607951
1914	-636.4343	-809.699	173.2648	0.1494544	0.9130343
1920	-631.3941	-802.4086	171.0145	2.172347	1.135936
1926	-624.7871	-797.8594	173.0723	0.1543373	1.099953
1932	-626.5159	-799.138	172.6221	0.8937346	0.7895798
1938	-627.457	-800.654	173.197	0.3248152	0.7813626
1944	-628.1008	-800.3924	172.2916	0.9796678	1.058383
1950	-628.3743	-800.8842	172.5099	0.6256158	1.181143
1956	-622.8652	-795.8676	173.0024	0.1812834	1.138773
1962	-616.057	-789.0786	173.0216	0.2034845	1.101385
1968	-614.5203	-787.7113	173.191	0.154743	0.9854707
1974	-611.5003	-784.502	173.0017	0.264434	1.063245
1980	-624.6313	-797.6173	172.9861	0.06035003	1.256664
1986	-628.4757	-801.8661	173.3904	0.03065398	0.9054619
1992	-624.5783	-797.7022	173.1239	0.1980168	1.009369
1998	-630.5439	-803.2898	172.7459	0.519828	1.063614
2004	-638.8771	-811.5705	172.6934	0.4695199	1.157141
2010	-637.4793	-810.4022	172.9229	0.2024672	1.189925
2016	-634.1985	-807.0161	172.8175	0.2131519	1.269669
2022	-625.2899	-797.8177	172.5279	0.6412172	1.151727
2028	-627.7102	-800.4909	172.7807	0.4906988	1.058227
2034	-626.5648	-799.5063	172.9415	0.5603558	0.8083162
2040	-625.4866	-796.7154	171.2288	2.116101	0.9863368
2046	-624.054	-794.977	170.923	2.116101	1.262757
2052	-632.3236	-805.1052	172.7816	0.5333574	1.016225
2058	-621.3478	-794.2575	172.9097	0.2684899	1.143654
2064	-631.8658	-804.4557	172.5899	0.9901689	0.6902668
2070	-610.8879	-783.6718	172.784	0.4484116	1.094674
2076	-612.7194	-785.7299	173.0105	0.2218514	1.094674
2082	-615.8479	-788.521	172.673	0.3746219	1.255622
2088	-636.9848	-809.7417	172.757	0.8337167	0.6702712
2094	-632.7476	-805.5358	172.7882	0.7020467	0.823346
2100	-624.7418	-797.7438	173.002	0.2187169	1.105377
2106	-621.1753	-794.044	172.8687	0.4262201	1.03576
2112	-631.1741	-804.1516	172.9775	0.4160579	0.9356019
2118	-627.832	-799.8905	172.0585	1.378382	0.887575
2124	-633.1866	-806.1818	172.9952	0.4220685	0.9096613
2130	-632.2755	-805.4192	173.1437	0.05862519	1.122082
2136	-621.8011	-794.6192	172.8181	0.3842295	1.122082
2142	-620.5897	-793.3889	172.7992	0.3038114	1.209024
2148	-617.323	-790.1349	172.8119	0.3673094	1.142781
2154	-623.9242	-796.9723	173.0482	0.1854555	1.093548
2160	-638.2272	-811.1602	172.933	0.4346602	0.9629088
2166	-627.5038	-800.4101	172.9063	0.4148667	1.010041
2172	-627.0307	-798.3561	171.3253	1.957232	1.047607
2178	-614.7401	-787.8488	173.1087	0.212626	1.009948
2184	-623.3939	-796.5575	173.1636	0.09482006	1.070536
2190	-622.996	-795.6893	172.6933	0.2859493	1.311631
2196	-628.6098	-801.4556	172.8458	0.1754003	1.2775
2202	-634.9304	-808.0624	173.132	0.2826789	0.9125409
2208	-638.19	-811.2195	173.0295	0.1836588	1.112232
2214	-642.7637	-813.7786	171.0149	2.217386	1.094753
2220	-636.3169	-807.9793	171.6624	1.84091	0.8063566
2226	-630.0089	-802.8042	172.7953	0.6728493	0.8507209
2232	-630.5977	-803.3966	172.7989	0.396341	1.128467
2238	-621.2509	-794.2001	172.9492	0.1816842	1.18512
2244	-614.8479	-787.674	172.8261	0.5340937	0.9706342
2250	-620.6257	-792.8845	172.2588	1.21956	0.8382816
2256	-621.3564	-793.5248	172.1684	1.126035	1.036189
2262	-630.7372	-803.8876	173.1505	0.130379	1.049277
2268	-633.7819	-807.0534	173.2715	0.1115824	0.9467789
2274	-620.7029	-793.333	172.6301	0.7529672	0.9467789
2280	-632.0006	-804.43	172.4294	0.9659448	0.9336619
2286	-633.9704	-805.7792	171.8088	1.674684	0.8318614
2292	-624.8363	-797.8026	172.9663	0.1981232	1.155825
2298	-634.591	-807.5511	172.9601	0.1904242	1.168036
2304	-636.3121	-809.6988	173.3867	0.0368251	0.9026891
2310	-626.9617	-799.1119	172.1502	1.144318	1.036101
2316	-626.0945	-798.7221	172.6276	0.6918597	1.011708
2322	-615.78	-788.4878	172.7078	0.3335175	1.260896
2328	-629.2971	-802.3203	173.0232	0.1695187	1.130715
2334	-630.4271	-801.2248	170.7977	2.138545	1.346126
2340	-626.2771	-797.5711	171.294	2.138545	0.8924765
2346	-617.6667	-790.5315	172.8648	0.4949357	0.9711418
2352	-635.9362	-807.8929	171.9568	1.497882	0.8669002
2358	-632.8049	-805.3345	172.5295	1.012349	0.752591
2364	-629.0099	-801.8842	172.8743	0.3044952	1.143112
2370	-632.3458	-804.8646	172.5188	0.9606266	0.8369062
2376	-639.1961	-811.607	172.4109	1.068561	0.8369062
2382	-634.083	-806.7003	172.6173	0.3374901	1.331346
2388	-631.5458	-804.4387	172.8929	0.1564911	1.254175
2394	-635.6676	-807.6924	172.0248	1.315114	0.9913714
2400	-634.3879	-806.9183	172.5304	0.8573105	0.9418536
2406	-628.0319	-801.0305	172.9986	0.3890842	0.9418536
2412	-630.7946	-804.1823	173.3877	0.06530317	0.8688634
2418	-623.4393	-796.4152	172.9759	0.1637191	1.177523
2424	-629.1306	-801.6433	172.5127	0.7242421	1.09045
2430	-626.107	-799.2045	173.0975	0.4212938	0.7856343
2436	-629.5512	-802.3844	172.8332	0.3396894	1.148333
2442	-625.8201	-798.9455	173.1255	0.3396894	0.8543671
2448	-629.3858	-801.643	172.2572	1.085487	0.9885503
2454	-636.7701	-809.1554	172.3853	0.8558779	1.086538
2460	-629.7225	-802.1235	172.401	0.8558779	1.071941
2466	-624.2848	-796.5861	172.3013	0.8558779	1.162225
2472	-623.6964	-796.011	172.3146	0.8558779	1.150468
2478	-632.4683	-804.8486	172.3803	0.7869615	1.15333
2484	-628.4925	-801.2764	172.784	0.3784925	1.157567
2490	-635.7364	-808.9657	173.2293	0.1794018	0.9191655
2496	-642.7248	-815.5137	172.7889	0.620224	0.9186591
2502	-631.1939	-803.899	172.7051	0.5802814	1.044909
2508	-625.698	-796.9663	171.2683	2.045366	1.017453
2514	-630.6597	-802.3388	171.6791	1.695955	0.9552018
2520	-626.9543	-800.0358	173.0815	0.2915276	0.9573022
2526	-619.4582	-791.9655	172.5073	0.7778134	1.045141
2532	-626.2559	-799.3745	173.1187	0.3685096	0.8272114
2538	-622.3355	-794.8526	172.5171	0.5876136	1.207608
2544	-628.4395	-799.2138	170.7743	2.213292	1.304948
2550	-617.2851	-790.2629	172.9779	0.3867396	0.9660861
2556	-624.9082	-797.0054	172.0972	1.267389	0.9660861
2562	-628.8689	-801.2868	172.4178	1.125069	0.7510371
2568	-630.1985	-803.165	172.9666	0.2842323	1.077618
2574	-627.4937	-800.3068	172.8132	0.2538561	1.239469
2580	-626.2384	-799.2288	172.9904	0.1632357	1.165322
2586	-617.7798	-790.8844	173.1046	0.0733124	1.143913
2592	-614.6335	-787.5989	172.9654	0.2125349	1.143913
2598	-625.1353	-798.0297	172.8944	0.1590807	1.250827
2604	-630.1082	-802.1541	172.0459	1.371271	0.909736
2610	-619.2347	-792.5262	173.2915	0.05968617	0.979869
2616	-630.1524	-802.7872	172.6348	0.6338202	1.060895
2622	-631.4716	-804.2833	172.8117	0.2189773	1.269714
2628	-636.5262	-808.5864	172.0602	1.478977	0.7566238
2634	-628.7542	-799.9343	171.1801	2.037908	1.107847
2640	-623.5251	-796.062	172.5369	0.6883941	1.101212
2646	-622.1655	-795.1465	172.981	0.4828795	0.855884
2652	-615.4996	-788.4743	172.9748	0.2684682	1.084652
2658	-609.5056	-782.6814	173.1759	0.3506532	0.7748286
2664	-634.3959	-807.2078	172.8119	0.4770064	1.041523
2670	-639.6582	-812.7846	173.1263	0.06476127	1.13215
2676	-631.2009	-804.1158	172.9149	0.1176081	1.268165
2682	-632.2518	-805.3873	173.1355	0.05696645	1.130944
2688	-627.1272	-800.1628	173.0356	0.2040952	1.087974
2694	-622.1238	-795.3221	173.1983	0.06186811	1.068811
2700	-631.25	-804.322	173.072	0.08855921	1.159238
2706	-637.7052	-810.8413	173.1361	0.06205831	1.125797
2712	-634.3472	-806.762	172.4148	0.9138649	1.002583
2718	-635.3593	-807.75	172.3908	0.8973113	1.042329
2724	-632.4701	-805.145	172.6749	0.6726195	0.9836023
2730	-632.8197	-806.0077	173.1881	0.3032332	0.8219763
2736	-630.2042	-803.0335	172.8293	0.4282121	1.071367
2742	-624.195	-797.2098	173.0149	0.2642106	1.050959
2748	-632.6632	-804.2892	171.626	1.858645	0.830352
2754	-624.5051	-797.1185	172.6134	0.3878945	1.293745
2760	-618.0051	-790.6722	172.6671	0.5334776	1.123649
2766	-621.0201	-792.228	171.2079	2.0844	1.038276
2772	-619.9387	-792.8072	172.8684	0.5286658	0.9317591
2778	-620.8928	-793.9442	173.0514	0.3663309	0.9091446
2784	-634.0268	-806.8655	172.8387	0.2521542	1.219352
2790	-628.3371	-798.9712	170.6341	2.313374	1.337164
2796	-616.5938	-787.5601	170.9663	2.190211	1.162773
2802	-629.5745	-800.5508	170.9763	2.190211	1.154007
2808	-628.402	-801.148	172.746	0.6132861	0.9715873
2814	-628.8268	-801.7038	172.877	0.7000225	0.6957677
2820	-628.3453	-801.0348	172.6895	0.7155362	0.9231383
2826	-626.5584	-799.2793	172.721	0.7267783	0.8750254
2832	-622.6503	-794.7485	172.0981	1.399935	0.8132364
2838	-628.2918	-800.9615	172.6697	0.3953043	1.241173
2844	-620.7017	-793.6768	172.9751	0.2531054	1.098519
2850	-624.9764	-797.5777	172.6013	0.554217	1.163673
2856	-631.8044	-804.2744	172.47	0.6994751	1.151429
2862	-621.2649	-794.0568	172.7918	0.4050333	1.126974
2868	-641.7195	-814.6354	172.9159	0.4087297	1.006644
2874	-616.4968	-789.5521	173.0554	0.09580147	1.167494
2880	-623.7691	-795.8421	172.073	1.359546	0.8924733
2886	-624.6266	-797.6504	173.0238	0.5094778	0.7651258
2892	-631.9672	-803.4531	171.4859	1.772543	1.070482
2898	-622.0583	-794.8859	172.8276	0.4308122	1.070482
2904	-636.6387	-809.6232	172.9845	0.2492143	1.093486
2910	-634.8252	-807.9027	173.0774	0.1032681	1.141448
2916	-634.8571	-806.4358	171.5787	1.686857	1.063764
2922	-630.4135	-802.3351	171.9217	1.522086	0.8796651
2928	-627.9861	-799.942	171.9559	1.522086	0.8387439
2934	-617.9531	-790.637	172.6839	0.7774408	0.8588959
2940	-620.5236	-793.3946	172.871	0.2196601	1.219581
2946	-611.1974	-784.139	172.9416	0.2059282	1.170662
2952	-623.9181	-796.6012	172.683	0.5874139	1.059155
2958	-626.6838	-799.6588	172.975	0.2954267	1.059155
2964	-620.5477	-793.7684	173.2207	0.01632902	1.090362
2970	-619.0811	-792.3459	173.2649	0.01067081	1.054328
2976	-616.7269	-789.7935	173.0666	0.001896871	1.238266
2982	-613.39	-786.8002	173.4103	0.01089693	0.90535
2988	-613.5969	-786.6837	173.0868	0.01201791	1.212668
2994	-635.1948	-807.7347	172.5399	0.4972151	1.264374
3000	-629.276	-801.9425	172.6665	0.7521705	0.908067
3006	-636.629	-809.4109	172.7819	0.7521705	0.7640874
3012	-621.5024	-794.5896	173.0872	0.2127984	1.030806
3018	-629.0286	-800.5166	171.4879	1.80148	1.041051
3024	-621.0753	-794.1805	173.1052	0.1562142	1.067686
3030	-626.2769	-799.2893	173.0124	0.3310205	0.9878148
3036	-632.2445	-805.2295	172.985	0.4344845	0.9072609
3042	-649.0682	-821.9046	172.8364	0.05967925	1.377864
3048	-644.4941	-817.583	173.0889	0.2200862	1.022043
3054	-638.7098	-811.7196	173.0099	0.2409361	1.077619
3060	-633.6941	-806.8161	173.122	0.06352649	1.137141
3066	-636.1549	-808.1706	172.0157	1.299782	1.015656
3072	-626.3768	-798.9295	172.5527	0.932345	0.8298378
3078	-624.668	-797.7367	173.0687	0.395805	0.8551207
3084	-622.4378	-794.9555	172.5177	0.9468701	0.8551207
3090	-619.6028	-792.5704	172.9677	0.2077427	1.146127
3096	-618.1662	-790.9998	172.8336	0.5161683	0.9813083
3102	-616.7067	-789.8037	173.097	0.2527774	0.9813083
3108	-625.6304	-798.4604	172.83	0.5122583	0.9889266
3114	-627.8217	-800.9382	173.1165	0.07171589	1.134695
3120	-624.6923	-797.2844	172.592	0.7796384	0.9587215
3126	-626.3956	-798.3269	171.9313	1.594504	0.7757955
3132	-631.1817	-803.4832	172.3015	1.224914	0.7750263
3138	-628.6589	-799.8881	171.2292	2.165598	0.934229
3144	-618.2347	-790.5577	172.3231	1.147952	0.8472418
3150	-626.931	-800.1095	173.1785	0.2856607	0.8555605
3156	-636.6194	-809.5341	172.9147	0.2856607	1.1238
3162	-637.2836	-809.9524	172.6688	0.5058648	1.14681
3168	-625.8021	-798.4368	172.6347	0.4059105	1.261461
3174	-639.3529	-810.8098	171.4569	1.823324	1.049858
3180	-622.1449	-793.3378	171.1929	2.099459	1.038196
3186	-618.2272	-788.3862	170.159	2.440606	1.601241
3192	-619.5833	-790.2	170.6167	2.322851	1.343506
3198	-624.3809	-796.0637	171.6828	1.753736	0.8879177
3204	-627.9224	-800.3412	172.4187	0.8292451	1.080247
3210	-624.0904	-796.9348	172.8444	0.1917108	1.265185
3216	-617.3569	-790.4987	173.1418	0.1902431	0.9992053
3222	-623.0468	-796.3053	173.2585	0.1787897	0.8870445
3228	-624.0349	-797.1402	173.1052	0.1878867	1.037499
3234	-630.9473	-803.9027	172.9554	0.4939749	0.8731337
3240	-631.6578	-802.9254	171.2675	2.092264	0.9710582
3246	-623.7558	-796.577	172.8211	0.4507814	1.057761
3252	-625.5996	-798.689	173.0894	0.01852395	1.204886
3258	-620.6625	-793.6824	173.0199	0.08799919	1.204886
3264	-616.6566	-789.6997	173.0431	0.1093275	1.166361
3270	-614.9203	-787.902	172.9817	0.1122437	1.216784
3276	-625.1745	-798.4258	173.2513	0.09271135	0.9872041
3282	-625.2895	-797.9824	172.6929	0.4451889	1.178852
3288	-636.0713	-808.9748	172.9035	0.2345921	1.178852
3294	-627.3935	-800.3364	172.9429	0.06810731	1.285845
3300	-629.375	-802.7825	173.4075	0.04029957	0.874912
3306	-625.2872	-797.9132	172.626	0.5698911	1.127872
3312	-625.8216	-797.0521	171.2304	2.099639	1.001209
3318	-618.4718	-788.4679	169.996	2.535628	1.650288
3324	-622.9502	-793.2745	170.3243	2.535628	1.406067
3330	-633.1917	-802.9124	169.7207	2.545119	1.836713
3336	-624.8311	-794.493	169.6619	2.556056	1.869467
3342	-631.7027	-802.1107	170.408	2.556056	1.323898
3348	-620.6019	-791.7031	171.1011	2.081285	1.139915
3354	-625.5803	-798.875	173.2947	0.1488866	0.8798455
3360	-634.1881	-806.8225	172.6345	0.4416927	1.231801
3366	-634.3668	-807.1734	172.8066	0.4070559	1.111799
3372	-629.0553	-802.2719	173.2166	0.1347739	0.9796733
3378	-622.8197	-795.5061	172.6864	0.4149237	1.210505
3384	-621.6848	-794.6788	172.994	0.2304745	1.101959
3390	-620.76	-793.8609	173.101	0.2084855	1.021615
3396	-615.7183	-788.9629	173.2446	0.0163476	1.06807
3402	-621.8829	-795.0747	173.1918	0.03346457	1.101194
3408	-629.8809	-802.9417	173.0608	0.1644807	1.101194
3414	-619.5949	-792.4736	172.8786	0.2298436	1.204382
3420	-625.3334	-798.6566	173.3231	0.04889507	0.9583459
3426	-620.6809	-793.7987	173.1178	0.05923087	1.144731
3432	-625.2844	-798.4575	173.1731	0.003923592	1.144731
3438	-620.0239	-793.0359	173.0121	0.008062734	1.278362
3444	-624.215	-797.4465	173.2314	0.02740939	1.070086
3450	-625.4569	-798.1358	172.6789	0.767352	0.8766919
3456	-628.103	-801.1813	173.0783	0.384507	0.8571655
3462	-624.5309	-797.1169	172.5859	0.7177813	1.027221
3468	-627.2359	-800.2137	172.9778	0.124162	1.209914
3474	-637.5096	-809.7969	172.2873	0.9752495	1.066642
3480	-626.3197	-798.7353	172.4157	0.9752495	0.9383604
3486	-632.4657	-805.3715	172.9059	0.2035065	1.203617
3492	-641.6573	-813.4943	171.837	1.608459	0.877724
3498	-641.6126	-814.5707	172.9581	0.4211722	0.9507736
3504	-640.4448	-813.0628	172.6179	0.8110854	0.8964923
3510	-630.0385	-801.4883	171.4498	1.876566	1.004888
3516	-626.3104	-799.4176	173.1073	0.1046444	1.113394
3522	-630.1381	-803.1637	173.0256	0.1972599	1.103395
3528	-620.1774	-793.2234	173.0459	0.2468992	1.037755
3534	-624.5946	-797.8321	173.2375	0.08342436	1.010283
3540	-610.3783	-783.4645	173.0862	0.1003347	1.136207
3546	-617.203	-790.3516	173.1486	0.1434699	1.038466
3552	-612.9608	-785.4549	172.4942	0.7616837	1.072886
3558	-623.1161	-795.934	172.8179	0.2546619	1.234802
3564	-626.0629	-798.8592	172.7963	0.364867	1.158684
3570	-635.1666	-807.8248	172.6582	0.4435817	1.210086
3576	-636.4491	-809.2367	172.7876	0.5608475	0.982669
3582	-631.5222	-804.0659	172.5437	0.7088556	1.075947
3588	-635.0883	-806.8086	171.7203	1.746228	0.8527306
3594	-632.8243	-805.5131	172.6888	0.4357427	1.190587
3600	-633.447	-806.7097	173.2627	0.02416835	1.043505
3606	-636.7763	-810.1001	173.3238	0.08927556	0.9143034
3612	-622.9375	-794.9312	171.9937	1.438316	0.8931458
3618	-622.4201	-794.5024	172.0824	1.438316	0.7829815
3624	-613.3431	-786.4264	173.0833	0.1491649	1.094619
3630	-617.1907	-790.3186	173.1279	0.1045994	1.094619
3636	-634.9009	-808.117	173.2161	0.01637199	1.094619
3642	-623.281	-796.2956	173.0147	0.125421	1.177153
3648	-621.1344	-794.2832	173.1488	0.2441709	0.9361565
3654	-622.1957	-795.0563	172.8606	0.486797	0.9837295
3660	-632.527	-805.5466	173.0196	0.2108559	1.096433
3666	-636.9786	-810.0304	173.0518	0.2528608	1.026284
3672	-646.6137	-818.1637	171.55	1.820651	0.9597527
3678	-628.4264	-801.5408	173.1144	0.1515344	1.063445
3684	-625.9485	-798.8282	172.8797	0.4295541	1.021792
3690	-624.7964	-797.1974	172.401	0.8184342	1.106535
3696	-619.9804	-792.5219	172.5416	0.8184342	0.9708269
3702	-618.2224	-789.8754	171.653	1.757519	0.9171036
3708	-631.4793	-804.5822	173.1029	0.3433502	0.8767401
3714	-623.1486	-796.0438	172.8951	0.226738	1.192887
3720	-633.1666	-806.2448	173.0781	0.1537893	1.09511
3726	-623.6892	-796.694	173.0048	0.2490925	1.074725
3732	-625.228	-796.4505	171.2225	1.983607	1.118621
3738	-622.64	-795.5903	172.9503	0.4985058	0.8737636
3744	-614.4025	-787.3278	172.9253	0.2095856	1.181625
3750	-632.6635	-805.9836	173.32	0.06194614	0.9478792
3756	-621.2642	-794.1908	172.9266	0.2859532	1.112781
3762	-615.5516	-788.9395	173.3879	0.09158615	0.8368316
3768	-616.7341	-790.1136	173.3795	0.01697492	0.9324326
3774	-622.5737	-795.0697	172.4961	0.9549737	0.8711284
3780	-625.5862	-798.2852	172.699	0.8561936	0.7322282
3786	-622.7967	-795.3074	172.5107	0.4364877	1.337455
3792	-622.2272	-795.2095	172.9823	0.2329521	1.110357
3798	-635.8652	-808.8536	172.9884	0.2756394	1.06521
3804	-637.0789	-810.0288	172.9498	0.4277937	0.9524812
3810	-629.2841	-801.9884	172.7043	0.676453	0.9491957
3816	-623.5014	-795.872	172.3706	1.195922	0.7138178
3822	-620.1105	-793.3042	173.1937	0.2293354	0.9032469
3828	-620.638	-793.4099	172.772	0.3509812	1.191985
3834	-627.9178	-800.3857	172.4679	0.9487644	0.9103196
3840	-632.7185	-805.6741	172.9557	0.4610254	0.9103196
3846	-624.7232	-797.902	173.1788	0.1790216	0.9730983
3852	-627.3641	-800.1713	172.8072	0.6185137	0.9002543
3858	-623.8018	-796.3218	172.52	1.076495	0.6584509
3864	-627.8708	-800.6152	172.7444	0.4732318	1.108162
3870	-625.2436	-796.7464	171.5028	1.883181	0.9437008
3876	-625.4556	-798.2757	172.8201	0.3608352	1.141259
3882	-621.0237	-794.3096	173.2858	0.2006132	0.8281118
3888	-619.0419	-791.4433	172.4014	0.929076	1.00079
3894	-620.9695	-794.1306	173.1611	0.1693906	1.00079
3900	-624.721	-797.8029	173.0819	0.262763	0.9865158
3906	-626.1969	-799.3823	173.1854	0.09409565	1.050555
3912	-628.8112	-801.837	173.0258	0.08479799	1.202596
3918	-622.5235	-795.5318	173.0083	0.4613936	0.8488325
3924	-619.2094	-791.7554	172.546	0.5395379	1.22386
3930	-621.8442	-794.2766	172.4324	1.159704	0.6674757
3936	-617.8686	-790.3851	172.5164	0.9071126	0.9026933
3942	-618.9345	-791.4964	172.562	0.9902346	0.7368519
3948	-622.1448	-795.0541	172.9093	0.427379	0.9945488
3954	-621.6548	-794.6479	172.9931	0.2670827	1.06885
3960	-631.353	-804.5037	173.1507	0.2484268	0.929545
3966	-628.7635	-801.5639	172.8003	0.5668297	0.9634547
3972	-632.4079	-805.5886	173.1807	0.1366795	1.013829
3978	-635.1496	-808.1487	172.9991	0.3830807	0.9477347
3984	-642.6211	-815.3845	172.7634	0.5802676	0.9875312
3990	-629.0434	-801.847	172.8036	0.517411	1.01021
3996	-637.3132	-809.6372	172.324	0.9970307	1.01021
4002	-649.0419	-821.8838	172.8419	0.5318628	0.9565089
4008	-625.4088	-798.7533	173.3445	0.1481061	0.8203335
4014	-633.857	-805.8982	172.0413	1.256487	1.03301
4020	-640.2514	-813.3176	173.0662	0.05919618	1.189834
4026	-642.8856	-815.6713	172.7857	0.3275804	1.200267
4032	-631.2532	-804.2759	173.0227	0.09062082	1.200267
4038	-630.3447	-803.4088	173.0641	0.04922066	1.200267
4044	-631.3891	-804.2191	172.83	0.2150514	1.257813
4050	-632.1487	-805.147	172.9982	0.2747306	1.056759
4056	-624.1596	-796.6528	172.4933	0.7611513	1.074242
4062	-624.2491	-797.4092	173.16	0.09437728	1.074242
4068	-633.2685	-805.3224	172.0538	1.200579	1.074242
4074	-635.7275	-806.9916	171.2641	2.100565	0.9660497
4080	-632.586	-805.1848	172.5988	0.6175088	1.109388
4086	-636.5526	-807.7087	171.1561	1.933633	1.220327
4092	-627.2815	-799.6883	172.4068	0.7448942	1.167001
4098	-627.1318	-798.3159	171.1841	2.070774	1.07383
4104	-633.116	-804.7743	171.6583	1.666699	1.006311
4110	-641.5579	-813.4322	171.8743	1.450614	1.006311
4116	-623.0878	-796.1544	173.0666	0.3289661	0.9333431
4122	-633.4677	-806.4247	172.957	0.3375079	1.036115
4128	-627.9538	-800.6409	172.6871	0.512761	1.124259
4134	-639.1681	-811.5359	172.3678	0.7111105	1.229511
4140	-643.4306	-814.5432	171.1126	1.79198	1.37117
4146	-636.5666	-808.8754	172.3088	0.5538137	1.403987
4152	-619.8208	-792.8644	173.0435	0.1028178	1.171677
4158	-627.2602	-799.9809	172.7206	0.7863444	0.8015426
4164	-624.7046	-797.2972	172.5925	0.8944247	0.8274739
4170	-638.0569	-810.0236	171.9667	1.420553	0.9423149
4176	-622.0424	-794.6127	172.5703	0.9585795	0.7714564
4182	-620.1024	-792.2901	172.1878	1.15319	0.9902942
4188	-618.8149	-791.6471	172.8322	0.3692672	1.122866
4194	-613.3096	-786.5605	173.2509	0.09882975	0.9813703
4200	-626.5052	-798.8873	172.3821	0.7640139	1.171925
4206	-616.5562	-789.2193	172.6631	0.6071078	1.059346
4212	-613.1912	-786.4331	173.2419	0.2417903	0.8316351
4218	-618.9347	-791.4389	172.5042	0.9163632	0.905989
4224	-611.1271	-783.6969	172.5699	0.5196988	1.220494
4230	-614.1724	-787.1184	172.9459	0.163102	1.203902
4236	-626.1713	-799.4888	173.3175	0.01688389	0.9968622
4242	-621.0253	-794.0573	173.032	0.3664844	0.930287
4248	-619.273	-791.9472	172.6742	0.70964	0.9459489
4254	-624.0733	-796.5042	172.4309	1.200435	0.560697
4260	-633.0582	-805.9261	172.8679	0.555249	0.9031014
4266	-618.2729	-789.7632	171.4903	1.927291	0.9093061
4272	-624.9186	-797.8635	172.9449	0.5711753	0.7893398
4278	-627.68	-800.6726	172.9926	0.2443806	1.09048
4284	-623.9908	-797.1898	173.199	0.1488357	0.9833506
4290	-618.0167	-791.1145	173.0978	0.1018159	1.124485
4296	-620.1999	-793.372	173.1722	0.1018159	1.055798
4302	-615.5048	-788.3251	172.8202	0.4088064	1.097749
4308	-623.448	-795.4954	172.0474	1.255123	1.028364
4314	-621.8223	-793.4161	171.5938	1.758263	0.978966
4320	-618.8706	-791.7081	172.8375	0.487389	1.006413
4326	-615.7972	-788.847	173.0498	0.2032412	1.075524
4332	-614.231	-787.2863	173.0553	0.1977686	1.075524
4338	-615.3534	-788.2483	172.8949	0.3118157	1.11811
4344	-618.9144	-791.5148	172.6005	0.3118157	1.365122
4350	-611.8339	-784.4613	172.6274	0.5903823	1.10804
4356	-606.0912	-779.2165	173.1253	0.2773221	0.9257762
4362	-616.5754	-789.6695	173.0941	0.2297044	1.007412
4368	-618.9347	-791.4821	172.5474	0.292166	1.421819
4374	-630.9162	-803.2852	172.369	1.094875	0.8558778
4380	-618.971	-792.0743	173.1034	0.1852528	1.041808
4386	-633.4187	-806.4865	173.0678	0.1312085	1.125045
4392	-625.3223	-798.7588	173.4365	0.03563007	0.8458723
4398	-636.4273	-809.288	172.8607	0.2438258	1.207771
4404	-624.88	-795.8005	170.9205	2.184027	1.207771
4410	-627.755	-800.7651	173.0101	0.1864963	1.127227
4416	-633.8347	-806.759	172.9244	0.383707	1.022934
4422	-624.6771	-797.1344	172.4573	1.036739	0.818392
4428	-624.6169	-797.1402	172.5232	0.7968242	1.011159
4434	-624.93	-796.5437	171.6137	1.872685	0.8281885
4440	-617.1068	-790.2421	173.1353	0.144277	1.050479
4446	-614.6755	-787.4288	172.7533	0.6883709	0.8820944
4452	-619.3004	-791.3879	172.0875	1.426593	0.791985
4458	-623.9236	-795.4583	171.5347	1.613872	1.169787
4464	-631.7291	-804.3291	172.6001	0.8261069	0.8997259
4470	-629.5321	-802.5351	173.0031	0.2667062	1.059804
4476	-622.7731	-796.1029	173.3298	0.06568989	0.9334737
4482	-624.6049	-796.7943	172.1894	1.262155	0.8705115
4488	-615.6572	-788.4684	172.8112	0.3835472	1.128852
4494	-621.714	-794.4868	172.7728	0.2814798	1.250127
4500	-633.0195	-805.0101	171.9906	1.476057	0.8525228
4506	-633.1812	-805.3588	172.1776	1.296463	0.8435046
4512	-618.3781	-791.2836	172.9055	0.3924612	1.032829
4518	-613.3144	-785.9574	172.643	0.7560872	0.9296341
4524	-629.3834	-802.1127	172.7292	0.1630146	1.380882
4530	-623.5747	-795.0986	171.5238	1.718646	1.08534
4536	-630.8773	-803.0922	172.2148	1.16593	0.94919
4542	-626.9278	-799.6247	172.697	0.2416091	1.344268
4548	-621.5481	-794.5042	172.9561	0.02979716	1.306327
4554	-626.6944	-800.0197	173.3253	0.003707439	1.002296
4560	-618.9348	-792.2275	173.2926	0.00951184	1.028725
4566	-611.6715	-784.694	173.0225	0.2796364	1.028725
4572	-622.2828	-795.0808	172.7979	0.5751794	0.9572296
4578	-622.0863	-794.6934	172.6072	0.6327879	1.087689
4584	-619.868	-792.6674	172.7994	0.5376857	0.9942182
4590	-636.9891	-809.704	172.7148	0.5117415	1.100023
4596	-633.7105	-805.8811	172.1706	1.256473	0.8986926
4602	-624.9017	-797.6342	172.7325	0.7064448	0.8852108
4608	-627.2897	-800.0177	172.728	0.5038744	1.095152
4614	-633.1892	-806.0966	172.9073	0.4272697	0.996671
4620	-626.281	-799.3195	173.0385	0.1632967	1.122574
4626	-637.7615	-810.4151	172.6535	0.2653133	1.359935
4632	-629.6053	-802.1579	172.5526	0.3550964	1.368729
4638	-626.2636	-799.2022	172.9385	0.166683	1.207183
4644	-638.9117	-812.1877	173.276	0.04674483	1.008518
4650	-635.8514	-808.8888	173.0374	0.1441965	1.140652
4656	-623.9516	-797.1807	173.2291	0.07259047	1.029167
4662	-624.0027	-796.9434	172.9407	0.154415	1.215759
4668	-632.4764	-805.0803	172.6039	0.6544486	1.070519
4674	-624.9694	-798.1635	173.1942	0.03085737	1.101442
4680	-618.7473	-791.785	173.0377	0.03085737	1.238169
4686	-623.243	-796.2112	172.9682	0.1869707	1.164012
4692	-625.9359	-797.8782	171.9423	1.662961	0.6394039
4698	-619.7947	-790.9085	171.1138	2.155434	1.060285
4704	-616.5979	-789.3611	172.7632	0.7293021	0.8204668
4710	-611.3942	-783.9447	172.5505	0.9180876	0.8502492
4716	-611.8174	-784.9755	173.1581	0.1211463	1.050776
4722	-617.8135	-790.8239	173.0104	0.1991908	1.115511
4728	-620.6642	-793.7844	173.1202	0.08934496	1.115511
4734	-618.9168	-791.9983	173.0815	0.2088509	1.040132
4740	-633.5908	-806.5611	172.9703	0.1912858	1.158314
4746	-635.6331	-808.3364	172.7032	0.7804329	0.8316191
4752	-626.0029	-798.0299	172.027	1.512974	0.7554005
4758	-625.923	-797.9605	172.0375	1.407216	0.8785629
4764	-635.7732	-808.573	172.7998	0.339394	1.177953
4770	-632.8955	-806.2123	173.3167	0.177982	0.8175686
4776	-627.2047	-800.4023	173.1976	0.2524275	0.8723466
4782	-621.5728	-794.1296	172.5568	0.9661775	0.7798431
4788	-623.6271	-796.3654	172.7383	0.7882385	0.7748237
4794	-625.8589	-798.5085	172.6496	0.6684865	1.013065
4800	-624.4548	-796.783	172.3282	1.15444	0.8329078
4806	-624.0366	-796.8458	172.8092	0.6734791	0.8329078
4812	-617.0762	-790.2452	173.169	0.06756054	1.090824
4818	-620.4878	-793.6516	173.1637	0.01773766	1.140735
4824	-628.3975	-801.8376	173.4402	0.01576246	0.8654009
4830	-627.8809	-801.253	173.3721	0.0327171	0.9233832
4836	-626.8549	-799.7237	172.8687	0.1319022	1.294305
4842	-626.9024	-799.6257	172.7233	0.6856542	0.9188402
4848	-633.2451	-805.7397	172.4946	0.9512499	0.8771965
4854	-626.1559	-798.7702	172.6143	0.6050892	1.106631
4860	-630.566	-803.0702	172.5042	0.8133846	1.013617
4866	-626.3685	-799.7162	173.3478	0.08323761	0.8942766
4872	-623.14	-796.2784	173.1384	0.08732292	1.100791
4878	-632.9618	-805.6196	172.6578	0.6096414	1.061998
4884	-633.1444	-805.7746	172.6302	0.7840397	0.9129988
4890	-626.0113	-798.8859	172.8745	0.1467261	1.277467
4896	-637.6973	-810.962	173.2647	0.1158986	0.9493039
4902	-631.1077	-803.7964	172.6887	0.7282338	0.9100778
4908	-631.5375	-804.2862	172.7487	0.8129735	0.7217455
4914	-630.7864	-803.3419	172.5555	0.9255974	0.8347673
4920	-640.2593	-812.003	171.7438	1.771304	0.7906283
4926	-639.4402	-811.3104	171.8702	1.623955	0.8182476
4932	-638.4319	-810.5694	172.1374	0.9157919	1.250997
4938	-631.8559	-804.8346	172.9787	0.07452642	1.250997
4944	-619.0623	-791.3489	172.2865	1.121758	0.9195885
4950	-622.623	-795.5678	172.9447	0.2913635	1.091254
4956	-619.4498	-792.4949	173.045	0.2383746	1.046797
4962	-623.8216	-797.2569	173.4353	0.03260998	0.8510153
4968	-618.1064	-791.1554	173.049	0.2922998	0.9899761
4974	-616.417	-789.2148	172.7978	0.1513904	1.335799
4980	-615.7055	-789.0132	173.3077	0.2258827	0.764725
4986	-619.117	-792.2895	173.1725	0.06921941	1.086057
4992	-618.6826	-791.9668	173.2843	0.04813857	0.9988788
4998	-631.378	-804.8208	173.4429	0.06410074	0.8015661
5004	-614.8325	-787.7558	172.9232	0.2752299	1.125536
5010	-618.4965	-791.7762	173.2797	0.1365337	0.9108317
5016	-627.938	-799.58	171.642	1.72114	0.9676257
5022	-626.3488	-798.5439	172.1951	1.067414	1.066666
5028	-628.4876	-801.4997	173.0121	0.1712564	1.139048
5034	-631.4487	-804.3908	172.9422	0.5510524	0.8194865
5040	-624.2882	-796.6088	172.3206	1.205026	0.776019
5046	-624.7055	-797.021	172.3155	1.221591	0.7596709
5052	-630.7532	-803.2952	172.542	0.9172997	0.861415
5058	-626.7388	-799.322	172.5832	0.5009174	1.225086
5064	-631.8538	-803.1895	171.3357	1.912197	1.080302
5070	-629.3114	-801.4406	172.1292	1.293707	0.903398
5076	-629.9777	-802.9418	172.9641	0.5373836	0.8087399
5082	-627.1678	-800.2106	173.0428	0.193904	1.090671
5088	-620.0175	-793.1338	173.1163	0.193904	1.020849
5094	-629.1478	-801.8843	172.7365	0.0252213	1.481229
5100	-616.5	-788.56	172.06	1.220716	1.049356
5106	-617.306	-790.1979	172.8919	0.1648515	1.248088
5112	-612.7655	-785.632	172.8664	0.2565802	1.191918
5118	-620.4859	-791.6142	171.1283	2.16501	1.037293
5124	-617.6602	-790.5956	172.9354	0.5796948	0.7906668
5130	-620.6989	-793.419	172.7201	0.6191788	0.9919348
5136	-617.4863	-790.6448	173.1585	0.2247623	0.9465506
5142	-621.0155	-794.145	173.1295	0.179358	1.022185
5148	-627.4356	-799.7592	172.3236	1.206634	0.7695379
5154	-640.8163	-812.6239	171.8076	1.486412	1.036575
5160	-629.6962	-802.6083	172.9121	0.621883	0.764167
5166	-625.3234	-798.2831	172.9597	0.2002583	1.159734
5172	-630.3978	-803.3569	172.9592	0.1724776	1.184462
5178	-624.7207	-797.3255	172.6049	0.5092549	1.199555
5184	-627.224	-800.3242	173.1002	0.3114251	0.9158977
5190	-622.5973	-795.1892	172.592	0.9182064	0.7972762
5196	-622.4007	-795.2759	172.8752	0.4274693	1.028195
5202	-620.7908	-793.4224	172.6315	0.5163043	1.17038
5208	-621.6487	-793.1868	171.538	1.882916	0.9055554
5214	-627.5807	-800.2363	172.6555	0.6540732	1.021439
5220	-619.3021	-792.3407	173.0386	0.2239369	1.066588
5226	-621.7865	-795.2225	173.436	0.02322786	0.8615164
5232	-626.6825	-799.8196	173.1371	0.001735767	1.178229
5238	-629.2089	-802.4069	173.198	0.005837213	1.120679
5244	-624.5666	-797.3239	172.7573	0.1562508	1.364138
5250	-625.0987	-798.0372	172.9384	0.1151923	1.250664
5256	-613.0579	-786.2344	173.1766	0.1151146	1.038872
5262	-630.2974	-803.1169	172.8195	0.6266782	0.8768204
5268	-622.1315	-795.2864	173.1548	0.215874	0.959768
5274	-625.7184	-798.9091	173.1907	0.1743626	0.9655981
5280	-619.3471	-791.9015	172.5544	0.8470918	0.926966
5286	-622.0857	-793.8976	171.8118	1.557604	0.9610795
5292	-624.7019	-796.0279	171.326	1.823908	1.168615
5298	-629.5852	-801.9766	172.3915	0.869129	1.068461
5304	-626.5299	-798.4592	171.9293	1.434104	0.9673818
5310	-633.4083	-805.3121	171.9038	1.524987	0.8967632
5316	-625.97	-798.79	172.82	0.4568086	1.053151
5322	-626.6152	-799.2841	172.6689	0.674948	0.9873659
5328	-620.7114	-793.8617	173.1503	0.009486382	1.159941
5334	-629.5675	-802.7349	173.1674	0.156851	1.006977
5340	-620.3275	-793.052	172.7245	0.5415137	1.063381
5346	-625.3004	-798.1842	172.8838	0.5423737	0.8997299
5352	-622.9895	-796.1471	173.1577	0.4169117	0.700049
5358	-625.4873	-798.1352	172.6479	0.4805556	1.187205
5364	-621.2657	-794.2001	172.9344	0.1189984	1.250882
5370	-619.2749	-792.556	173.2811	0.1413083	0.9039126
5376	-620.2392	-792.5279	172.2887	1.112831	0.9269478
5382	-621.8003	-794.4351	172.6348	0.7667025	0.9269478
5388	-616.9849	-789.8817	172.8968	0.4626238	0.9713929
5394	-624.4074	-797.3458	172.9384	0.3549859	1.03718
5400	-611.6074	-784.7464	173.139	0.2227072	0.9691143
5406	-614.6658	-787.9625	173.2967	0.04622817	0.9882992
5412	-618.3538	-791.2499	172.8961	0.1887189	1.224502
5418	-624.9092	-797.7381	172.8288	0.2559821	1.224502
5424	-618.5854	-791.5626	172.9772	0.2846638	1.067258
5430	-634.476	-805.9067	171.4307	1.768978	1.124442
5436	-635.9592	-807.9555	171.9963	1.389466	0.9438986
5442	-624.8676	-797.8348	172.9671	0.2131857	1.141759
5448	-621.1599	-794.1062	172.9463	0.2679547	1.111238
5454	-620.7736	-793.7198	172.9462	0.2679547	1.111362
5460	-626.4706	-799.459	172.9884	0.2257625	1.111362
5466	-621.3628	-793.8988	172.536	0.7979324	0.9973874
5472	-619.2264	-792.2134	172.987	0.5240861	0.7961007
5478	-635.8027	-808.9045	173.1018	0.2454821	0.9838956
5484	-630.0004	-802.8794	172.879	0.3437569	1.103483
5490	-625.2964	-798.4018	173.1054	0.2608824	0.964368
5496	-621.8138	-795.1091	173.2953	0.03961742	0.9963561
5502	-631.5182	-804.8627	173.3445	0.006758582	0.9797723
5508	-631.217	-804.0821	172.8651	0.005742582	1.397579
5514	-630.197	-803.5618	173.3648	0.004414718	0.9613454
5520	-633.8733	-807.175	173.3017	0.03709464	0.9924567
5526	-631.3544	-804.6979	173.3435	0.07038013	0.9134745
5532	-623.0451	-796.156	173.1109	0.03044037	1.176092
5538	-627.5351	-800.7742	173.2392	0.03304028	1.057487
5544	-645.2306	-817.9933	172.7627	0.6642035	0.8989457
5550	-632.2492	-805.0032	172.754	0.5993678	0.9776464
5556	-629.502	-800.6623	171.1603	2.095414	1.073002
5562	-620.3948	-793.209	172.8142	0.5808823	0.933913
5568	-629.1546	-801.8911	172.7365	0.2843344	1.277788
5574	-621.6783	-794.2052	172.5269	0.9355904	0.8575532
5580	-624.792	-797.4687	172.6767	0.6842575	0.9698817
5586	-623.1882	-796.0762	172.8879	0.02694782	1.363078
5592	-622.1942	-795.3067	173.1125	0.02127584	1.182636
5598	-621.9629	-795.0945	173.1315	0.06362295	1.128507
5604	-624.1312	-797.198	173.0667	0.07377947	1.176791
5610	-630.0116	-801.8906	171.879	1.579431	0.8624056
5616	-625.0361	-797.7376	172.7014	0.7778557	0.8370966
5622	-639.8276	-811.4684	171.6407	1.851651	0.820555
5628	-616.4828	-789.4543	172.9715	0.5082834	0.8364776
5634	-621.8559	-794.3599	172.504	1.035582	0.7559253
5640	-630.5736	-803.6712	173.0976	0.2623757	0.9708431
5646	-636.345	-809.2277	172.8827	0.3761897	1.070082
5652	-627.9918	-800.8649	172.873	0.3761897	1.079094
5658	-631.6142	-803.6593	172.0452	1.577024	0.5946947
5664	-641.1246	-812.7104	171.5858	1.701585	1.042998
5670	-640.1597	-812.803	172.6432	0.9336602	0.6959698
5676	-631.3785	-804.0389	172.6604	0.7739438	0.890408
5682	-624.0467	-797.3294	173.2827	0.2018577	0.8305394
5688	-628.3943	-801.4368	173.0426	0.393993	0.8879467
5694	-630.5017	-803.0912	172.5895	0.7753149	0.9658923
5700	-629.5162	-802.4303	172.9141	0.3302416	1.083609
5706	-624.7527	-796.0823	171.3297	1.950982	1.049461
5712	-617.5619	-790.1771	172.6152	0.6654647	1.049461
5718	-621.692	-794.6049	172.913	0.3188342	1.095202
5724	-623.7115	-796.6613	172.9498	0.2965609	1.081724
5730	-626.1003	-799.0682	172.9679	0.1496238	1.196648
5736	-626.0589	-799.1266	173.0678	0.2129077	1.049441
5742	-621.7155	-794.723	173.0075	0.1926083	1.124077
5748	-619.3918	-792.3956	173.0038	0.1526772	1.162858
5754	-625.7217	-798.5723	172.8506	0.3509762	1.12274
5760	-627.3424	-798.8563	171.5139	1.894506	0.9194202
5766	-637.1518	-808.7894	171.6376	1.60771	1.082703
5772	-633.3057	-804.9889	171.6832	1.60771	1.039582
5778	-622.1853	-795.1217	172.9364	0.3898545	1.004977
5784	-624.5933	-797.7632	173.1699	0.1563831	1.004977
5790	-628.4218	-801.0757	172.6539	0.9360383	0.6717626
5796	-625.3438	-798.1031	172.7593	0.57865	0.9932865
5802	-624.1951	-796.728	172.5329	0.175971	1.520862
5808	-626.6542	-799.5304	172.8763	0.2406118	1.197199
5814	-626.4673	-799.6725	173.2052	0.03229151	1.090004
5820	-630.645	-803.8077	173.1627	0.07472516	1.090004
5826	-631.9682	-802.7039	170.7356	2.35103	1.22293
5832	-629.0341	-799.4365	170.4024	2.444131	1.416456
5838	-639.9403	-810.1892	170.2488	2.444131	1.532663
5844	-627.6627	-800.9544	173.2917	0.1915712	0.8321055
5850	-634.0237	-806.9639	172.9402	0.3198851	1.068894
5856	-633.5132	-806.0615	172.5483	0.7118121	1.068894
5862	-628.973	-802.0669	173.094	0.124978	1.107002
5868	-625.6341	-798.7423	173.1082	0.18073	1.041555
5874	-637.91	-810.6488	172.7388	0.6668428	0.9224307
5880	-639.4043	-811.6802	172.2759	1.129766	0.9224307
5886	-628.1519	-800.7546	172.6026	0.9469072	0.7409745
5892	-636.5477	-809.268	172.7203	0.697099	0.9095384
5898	-619.7382	-792.4703	172.7322	0.5568445	1.041422
5904	-615.4836	-788.5067	173.0231	0.2659185	1.041422
5910	-626.0065	-798.9058	172.8993	0.5268486	0.8997093
5916	-624.979	-797.8494	172.8704	0.4105946	1.049079
5922	-634.5636	-805.0308	170.4672	2.315547	1.465281
5928	-636.5061	-806.9733	170.4672	2.315547	1.465281
5934	-633.4983	-806.7347	173.2364	0.06746792	1.027033
5940	-643.0818	-813.5921	170.5103	2.315547	1.432414
5946	-640.5157	-811.2356	170.7199	2.303537	1.275683
5952	-621.9611	-792.6895	170.7284	2.303537	1.268666
5958	-637.7224	-808.3695	170.6471	2.279423	1.353885
5964	-641.0097	-811.6631	170.6534	2.279423	1.348824
5970	-627.0263	-799.845	172.8187	0.4356734	1.074248
5976	-628.2013	-800.8762	172.6748	0.7427065	0.9093696
5982	-625.5295	-798.3428	172.8133	0.6111069	0.901699
5988	-624.4644	-797.4684	173.004	0.3061577	1.020883
5994	-622.065	-794.4643	172.3992	1.000683	0.9286799
6000	-630.0873	-803.3316	173.2443	0.001862824	1.08194
6006	-626.4865	-799.5	173.0136	0.009354163	1.276081
6012	-618.2916	-791.2863	172.9947	0.02820752	1.276081
6018	-637.6287	-810.7544	173.1257	0.1502969	1.053917
6024	-634.2894	-807.1693	172.8799	0.1694002	1.254293
6030	-628.6633	-801.5454	172.8821	0.1852591	1.239195
6036	-611.3285	-784.3247	172.9962	0.255235	1.077028
6042	-627.0977	-799.7511	172.6534	0.5241481	1.144193
6048	-639.5718	-812.4527	172.8809	0.2288189	1.203361
6054	-648.7564	-822.0223	173.2659	0.02077931	1.043644
6060	-640.7688	-813.6318	172.863	0.2080169	1.236138
6066	-629.5411	-802.2982	172.7571	0.6593777	0.9105487
6072	-625.2336	-796.1225	170.8889	2.126693	1.282063
6078	-617.5217	-787.9101	170.3884	2.324439	1.517895
6084	-618.8253	-789.2675	170.4422	2.324439	1.47751
6090	-620.4868	-791.0505	170.5637	2.324439	1.384088
6096	-619.6473	-790.4769	170.8297	2.324439	1.164895
6102	-621.106	-792.2613	171.1552	2.088928	1.083788
6108	-628.2628	-800.9867	172.7239	0.5930583	1.014209
6114	-622.8922	-794.6997	171.8074	1.693141	0.809995
6120	-629.8195	-801.8123	171.9928	1.48076	0.8441642
6126	-636.0109	-809.1012	173.0903	0.1597948	1.078233
6132	-635.4817	-808.3821	172.9003	0.5494197	0.8726441
6138	-626.5092	-799.5261	173.0169	0.09493325	1.201475
6144	-622.0121	-794.8639	172.8519	0.03243259	1.387088
6150	-627.5069	-800.5768	173.0699	0.07603693	1.172032
6156	-614.4114	-787.5708	173.1594	0.2443971	0.9244534
6162	-621.128	-793.8417	172.7138	0.6046211	1.01282
6168	-635.39	-808.4263	173.0363	0.179953	1.109415
6174	-627.0114	-799.8844	172.8729	0.325542	1.125524
6180	-632.5706	-805.4436	172.8729	0.325542	1.125524
6186	-623.6654	-796.6355	172.9701	0.4371621	0.920655
6192	-628.0085	-800.6756	172.6671	0.8585074	0.7760525
6198	-644.3185	-816.3704	172.0519	1.473752	0.7760525
6204	-630.9047	-803.5813	172.6766	0.6776694	0.976764
6210	-629.9578	-803.0055	173.0477	0.1981589	1.082257
6216	-635.2647	-807.9012	172.6365	0.544346	1.141301
6222	-635.7697	-808.8916	173.1219	0.293686	0.9114867
6228	-635.2389	-808.4009	173.162	0.165994	1.003274
6234	-624.5072	-797.6759	173.1687	0.01410945	1.139569
6240	-625.6931	-798.785	173.0919	0.003222476	1.215743
6246	-622.0513	-795.2591	173.2078	0.02868944	1.090894
6252	-622.8024	-795.9455	173.1432	0.04374924	1.13588
6258	-628.6105	-800.9406	172.3302	0.6087713	1.34399
6264	-626.056	-798.2003	172.1443	1.229697	0.9563056
6270	-638.243	-809.8799	171.6369	1.858897	0.8161457
6276	-619.2374	-792.401	173.1637	0.2083797	0.9583556
6282	-629.2835	-802.3684	173.085	0.307386	0.9368434
6288	-625.564	-798.4929	172.9288	0.2609681	1.133307
6294	-626.1954	-798.8845	172.6892	0.6391617	1.002929
6300	-625.6224	-798.2091	172.5868	0.7791224	0.9647697
6306	-625.9846	-798.3821	172.3976	0.5204325	1.360599
6312	-619.9774	-792.3769	172.3995	1.17448	0.7011319
6318	-621.049	-793.7623	172.7132	0.7992311	0.7942156
6324	-633.3718	-805.8149	172.4431	1.069384	0.7942156
6330	-622.9798	-795.9344	172.9546	0.4852438	0.8841674
6336	-620.416	-793.4738	173.0577	0.1647925	1.103712
6342	-618.8438	-791.7091	172.8654	0.3571642	1.103712
6348	-635.4254	-807.6834	172.2579	0.3322125	1.608104
6354	-638.6949	-811.9273	173.2324	0.06673073	1.031665
6360	-639.2313	-811.7782	172.547	0.8387865	0.9438784
6366	-640.5901	-813.5914	173.0012	0.1252747	1.188916
6372	-632.2811	-805.1135	172.8323	0.07648878	1.367845
6378	-628.245	-801.1279	172.8829	0.02803421	1.366207
6384	-634.2431	-806.6708	172.4277	0.02808143	1.704311
6390	-629.2762	-802.553	173.2767	0.06755782	0.9869189
6396	-630.5781	-803.4695	172.8914	0.4317226	1.008174
6402	-627.1144	-799.1624	172.0479	1.415152	0.8568476
6408	-617.6034	-790.6685	173.0651	0.2207436	1.0445
6414	-617.9486	-790.9139	172.9653	0.3187321	1.046191
6420	-630.0004	-802.8407	172.8403	0.07363513	1.3638
6426	-634.2709	-807.1577	172.8868	0.4656448	0.9786203
6432	-625.5254	-798.7089	173.1835	0.208768	0.9369473
6438	-615.8329	-788.6752	172.8423	0.2490424	1.219013
6444	-617.8117	-790.1355	172.3238	1.136634	0.8600236
6450	-618.3706	-791.084	172.7134	0.6069378	1.010849
6456	-624.3879	-796.895	172.5071	0.7727583	1.050227
6462	-630.4781	-803.2943	172.8161	0.1769812	1.300435
6468	-630.3036	-803.243	172.9393	0.165317	1.207671
6474	-624.7054	-797.6872	172.9818	0.1301496	1.20138
6480	-621.4347	-794.4099	172.9752	0.2747372	1.078416
6486	-624.3714	-797.0333	172.662	0.5879735	1.078416
6492	-639.4948	-812.3118	172.817	0.3122708	1.186544
6498	-639.8391	-812.5069	172.6678	0.7679152	0.8889317
6504	-629.8954	-802.5156	172.6202	0.7679152	0.9413709
6510	-633.3127	-804.015	170.7023	2.289655	1.301402
6516	-620.4025	-791.14	170.7375	2.289655	1.272577
6522	-629.0138	-800.0768	171.0629	2.289655	0.9784599
6528	-624.9106	-796.9021	171.9916	1.41296	0.9236882
6534	-619.2447	-790.6594	171.4147	1.967057	0.948125
6540	-620.8096	-792.8761	172.0665	1.278749	0.9859757
6546	-624.37	-797.1332	172.7632	0.2518485	1.282534
6552	-627.6454	-800.4382	172.7928	0.2262771	1.27923
6558	-620.713	-793.4575	172.7445	0.5368846	1.048775
6564	-609.8662	-782.748	172.8819	0.3995011	1.048775
6570	-622.6849	-793.4407	170.7558	2.130684	1.385398
6576	-621.7136	-792.9142	171.2006	2.130684	1.00002
6582	-624.6942	-797.0211	172.3269	0.8265901	1.165426
6588	-627.0493	-799.6696	172.6203	0.9362372	0.7300402
6594	-625.6692	-798.0591	172.3899	0.9941024	0.9457013
6600	-628.2965	-800.7458	172.4493	0.6818434	1.184898
6606	-620.3365	-791.3882	171.0517	2.003129	1.249659
6612	-634.3574	-806.4839	172.1265	1.310375	0.887574
6618	-624.2378	-796.79	172.5522	0.9540941	0.8023911
6624	-624.3561	-796.9672	172.611	0.9540941	0.7161087
6630	-619.8185	-792.295	172.4765	0.7270385	1.121008
6636	-620.6999	-793.7871	173.0872	0.1413038	1.098245
6642	-618.6986	-791.8065	173.108	0.3063533	0.9129346
6648	-633.0866	-804.8768	171.7902	1.716044	0.8025182
6654	-637.5592	-810.8071	173.2479	0.1023091	0.9808747
6660	-629.4907	-802.6324	173.1418	0.3190477	0.8595544
6666	-627.0159	-799.7603	172.7444	0.2103729	1.331362
6672	-624.2532	-797.1161	172.8629	0.5542029	0.9098466
6678	-618.9617	-791.6832	172.7215	0.6577643	0.9507917
6684	-623.0747	-795.8358	172.7612	0.6180747	0.9507917
6690	-628.0116	-801.0831	173.0714	0.1892199	1.068393
6696	-631.3377	-804.4457	173.108	0.1335229	1.086206
6702	-630.1599	-803.4601	173.3002	0.201548	0.8084757
6708	-625.3684	-798.0713	172.7029	0.6862711	0.9402536
6714	-614.2977	-787.4435	173.1459	0.2880492	0.8909531
6720	-619.997	-792.2472	172.2502	1.019763	1.059635
6726	-624.0312	-796.7377	172.7064	0.718318	0.9013255
6732	-622.5855	-795.7247	173.1392	0.2325443	0.9586657
6738	-622.6908	-795.6944	173.0036	0.3681089	0.9586657
6744	-624.8111	-798.1027	173.2917	0.02404953	1.015436
6750	-627.5825	-800.5271	172.9445	0.006900187	1.334022
6756	-625.2728	-798.0592	172.7865	0.006444662	1.457566
6762	-616.2175	-789.254	173.0365	0.01342874	1.253767
6768	-621.7261	-794.8744	173.1483	0.1292164	1.052455
6774	-634.69	-807.859	173.1691	0.05223142	1.10485
6780	-622.7659	-795.5856	172.8197	0.4385579	1.070673
6786	-628.052	-800.9883	172.9363	0.3219075	1.070673
6792	-620.8858	-793.5381	172.6523	0.7230806	0.9548173
6798	-617.8061	-790.5625	172.7563	0.3393835	1.215269
6804	-613.5804	-786.421	172.8406	0.2111094	1.252271
6810	-628.0759	-799.9508	171.8748	1.530423	0.9228827
6816	-617.3979	-790.5406	173.1427	0.2625901	0.9228827
6822	-630.3918	-802.7823	172.3905	0.9972191	0.9418236
6828	-624.6244	-797.2143	172.5899	0.768346	0.9726795
6834	-645.6545	-818.1305	172.476	1.068896	0.7480546
6840	-623.4025	-796.4609	173.0583	0.1598253	1.107723
6846	-627.5008	-800.391	172.8902	0.4955734	0.9438935
6852	-622.3882	-794.8943	172.506	0.8352816	0.9899013
6858	-620.853	-793.8746	173.0216	0.3197107	0.9899013
6864	-619.659	-792.4535	172.7944	0.3729084	1.15326
6870	-626.556	-799.5394	172.9833	0.1840186	1.15326
6876	-629.6984	-802.6736	172.9752	0.1840186	1.16039
6882	-630.4815	-803.6483	173.1668	0.2467927	0.9137045
6888	-614.1445	-787.292	173.1475	0.06782524	1.110318
6894	-626.98	-797.3691	170.3891	2.35839	1.491963
6900	-638.9788	-812.0221	173.0433	0.09215102	1.181124
6906	-619.5994	-792.245	172.6456	0.720391	0.9646498
6912	-617.4187	-790.1742	172.7556	0.7461526	0.8084676
6918	-626.6446	-799.5401	172.8956	0.4058388	1.029446
6924	-627.4259	-800.1939	172.768	0.269956	1.2637
6930	-615.984	-788.6373	172.6533	0.6693253	1.008596
6936	-614.2076	-787.2669	173.0593	0.1097147	1.151785
6942	-617.046	-790.053	173.007	0.2094249	1.109277
6948	-618.8825	-790.2972	171.4147	2.057296	0.8460614
6954	-620.2863	-793.1207	172.8344	0.3134427	1.170422
6960	-625.0695	-798.0635	172.994	0.3134427	1.023596
6966	-629.0725	-801.9131	172.8406	0.466831	1.023596
6972	-640.4098	-812.5614	172.1516	1.440345	0.6677009
6978	-629.6838	-802.6901	173.0062	0.3456566	0.9791742
6984	-632.1521	-803.4507	171.2986	2.078698	0.952884
6990	-616.4655	-789.7091	173.2437	0.002654186	1.081784
6996	-619.5797	-792.9966	173.4169	0.0009420164	0.9090432
7002	-619.6968	-793.051	173.3542	0.0009420164	0.9758719
7008	-617.1103	-790.2356	173.1253	0.01237103	1.179237
7014	-615.9726	-789.1898	173.2172	0.03796724	1.073575
7020	-627.2119	-800.1172	172.9053	0.2920954	1.126532
7026	-615.3598	-788.4333	173.0735	0.05859208	1.184078
7032	-620.7129	-793.05	172.3371	0.2556677	1.606171
7038	-612.2213	-785.2208	172.9995	0.2223298	1.104345
7044	-617.2764	-790.2969	173.0204	0.2377895	1.070684
7050	-616.9977	-789.9958	172.9981	0.2667711	1.064388
7056	-619.9745	-792.3615	172.387	0.980451	0.9630932
7062	-621.0938	-793.9731	172.8794	0.2071301	1.22307
7068	-623.2384	-795.881	172.6426	0.7387044	0.9486265
7074	-619.9707	-792.4162	172.4455	1.080949	0.774915
7080	-618.1047	-791.1838	173.0791	0.3147412	0.9352542
7086	-611.2985	-783.7489	172.4503	0.7305768	1.14124
7092	-619.4444	-792.369	172.9246	0.4755263	0.9284238
7098	-629.7572	-802.3786	172.6213	0.3065774	1.352752
