Iteration	Posterior	Likelihood	Prior	acrv_sd	part_rate_trans	tree_length
0	-418.8824	-588.5402	169.6579	0.4399779	0.9326927	2.634777
6	-420.7553	-589.9199	169.1645	0.4399779	0.8685634	2.974073
12	-416.4367	-586.3308	169.8941	0.04964575	0.9836677	2.698222
18	-417.3465	-586.4888	169.1423	0.4108047	1.153043	2.833309
24	-412.0962	-582.3524	170.2562	0.2354093	1.077812	2.296676
30	-425.7824	-595.419	169.6365	0.4025113	1.715164	2.177668
36	-415.2832	-585.4148	170.1316	0.4025113	1.220061	2.177668
42	-420.9673	-589.7453	168.7779	0.5803909	1.16399	2.944456
48	-423.6958	-593.5225	169.8267	0.05603041	1.083952	2.674102
54	-426.7445	-596.066	169.3215	0.5546782	1.090559	2.674102
60	-424.3635	-594.1525	169.789	0.07249517	1.105214	2.674102
66	-416.0612	-585.9261	169.8649	0.2068365	0.9765028	2.62385
72	-407.2526	-577.5855	170.3329	0.2505883	0.7722967	2.432121
78	-417.7945	-588.0302	170.2358	0.4516839	1.19242	2.095645
84	-416.692	-585.8924	169.2004	0.3727492	0.768676	3.052769
90	-412.7224	-582.8466	170.1242	0.1290733	0.8387003	2.596784
96	-412.6203	-582.619	169.9986	0.4193991	0.9521753	2.42305
102	-419.417	-589.1262	169.7092	0.4766719	1.066279	2.497128
108	-411.9427	-581.5838	169.6411	0.9148656	1.187138	2.184862
114	-427.0383	-596.0832	169.0448	0.3420859	1.306762	2.840859
120	-421.9043	-591.7909	169.8865	1.139583	1.342837	1.765338
126	-433.2699	-602.8674	169.5975	0.5262402	0.6924	2.766322
132	-427.6563	-596.9631	169.3068	0.5562444	0.9531411	2.766322
138	-417.699	-585.868	168.169	0.5562444	1.288844	3.247554
144	-410.0488	-579.6964	169.6476	0.3861477	1.086937	2.57899
150	-416.1353	-585.4501	169.3147	0.4531444	0.7787762	2.929775
156	-431.0572	-599.4951	168.4379	0.3600664	0.8578483	3.45809
162	-421.8168	-591.9929	170.1761	0.3702592	0.8704684	2.393619
168	-425.8771	-596.0762	170.1991	1.269199	1.313514	1.46599
174	-424.5194	-592.878	168.3586	1.842612	0.7561549	2.679826
180	-431.0716	-600.5303	169.4587	0.768587	0.7300881	2.679826
186	-423.0424	-593.1775	170.135	0.1608715	1.388816	2.222633
192	-414.0928	-582.7891	168.6964	1.329618	0.9572953	2.663906
198	-405.7462	-575.2688	169.5226	0.5522025	1.168462	2.502694
204	-399.0663	-569.2991	170.2327	0.2398263	1.170833	2.249236
210	-396.5795	-566.4139	169.8344	0.4624477	1.376288	2.230074
216	-397.0688	-567.256	170.1872	0.4103564	1.05454	2.243665
222	-403.8666	-573.3715	169.5048	0.4103564	0.8054687	2.824491
228	-412.0466	-580.9983	168.9518	0.4103564	0.786494	3.167857
234	-409.5925	-579.0619	169.4694	0.2516565	0.6842595	3.014738
240	-410.6089	-579.2789	168.6699	0.5630468	0.8027315	3.234756
246	-421.7919	-590.2272	168.4354	0.2438948	0.824109	3.547012
252	-425.1036	-594.9416	169.838	0.8943385	1.11703	2.115644
258	-419.6956	-588.9258	169.2302	0.1566108	1.005073	3.022804
264	-415.0303	-585.4695	170.4392	0.328143	0.8844133	2.243868
270	-418.4583	-588.0587	169.6004	0.1523058	0.8844133	2.875158
276	-414.0241	-583.9371	169.913	0.2854297	1.235434	2.382843
282	-405.124	-574.9046	169.7806	0.7177817	1.001493	2.34102
288	-414.4513	-584.7775	170.3261	0.08362976	0.8326374	2.503241
294	-413.973	-584.1323	170.1593	0.6047839	0.9593079	2.197616
300	-400.4749	-570.2849	169.81	0.2237072	0.7882358	2.762801
306	-417.735	-586.8359	169.1009	0.5327589	0.8097831	2.991879
312	-419.7101	-589.183	169.4728	0.1949576	0.9349537	2.895922
318	-411.3961	-581.3941	169.998	0.3409483	0.7213725	2.616374
324	-410.7406	-580.6512	169.9106	0.3556512	0.6754734	2.689463
330	-412.874	-581.0896	168.2157	0.2578299	0.8153786	3.671502
336	-413.0922	-581.2127	168.1205	0.2607088	0.9076757	3.671502
342	-409.2718	-579.646	170.3741	0.6176868	0.9198145	2.074753
348	-413.0613	-583.3877	170.3264	0.5473281	0.9877858	2.107697
354	-420.8714	-590.523	169.6515	0.5710811	0.7536403	2.668237
360	-420.732	-590.4879	169.7559	0.1108113	0.9747107	2.750883
366	-428.8249	-598.31	169.4851	0.1203264	0.7301245	3.056482
372	-430.3593	-599.5813	169.222	0.8347635	0.8390319	2.717651
378	-429.5441	-598.9623	169.4182	0.4040449	0.8520631	2.852622
384	-427.6229	-597.0677	169.4448	0.306065	0.6352264	3.026275
390	-427.2784	-595.9665	168.688	1.267547	0.7826215	2.8138
396	-419.2093	-589.1406	169.9313	0.1191463	1.172488	2.515368
402	-418.8658	-588.5934	169.7277	0.1601695	0.7510641	2.874042
408	-412.1834	-581.1816	168.9982	0.1273947	0.8073345	3.295437
414	-415.8215	-584.9815	169.1601	0.4053926	0.8912825	2.983884
420	-416.7404	-587.1091	170.3688	0.2312268	0.8488603	2.373378
426	-428.3197	-597.5089	169.1893	0.6095052	1.123495	2.701393
432	-431.4679	-601.2754	169.8076	0.8901881	1.020871	2.200728
438	-417.3734	-586.5166	169.1433	0.4694088	1.065112	2.850489
444	-412.1834	-582.3706	170.1872	0.3961393	1.024854	2.271815
450	-418.7751	-586.748	167.9729	0.9171533	0.4562627	3.638233
456	-420.1333	-587.6131	167.4798	0.197589	0.6378124	4.229022
462	-407.9819	-577.4959	169.5139	0.4531471	0.8051668	2.793084
468	-408.5567	-578.28	169.7233	0.09620614	1.095729	2.705679
474	-414.5468	-584.5579	170.0111	0.2627163	1.02612	2.467205
480	-409.0076	-578.6708	169.6632	0.08749877	0.832933	2.907469
486	-417.7763	-585.2476	167.4713	0.6497315	0.4707889	4.071761
492	-405.1092	-575.2264	170.1172	0.07119375	1.101515	2.47353
498	-408.8813	-578.5512	169.6699	0.3219111	1.000978	2.658044
504	-407.7097	-577.8057	170.096	0.2847448	1.182042	2.300878
510	-402.5883	-572.0298	169.4416	0.4676961	1.061031	2.671874
516	-422.7917	-592.5175	169.7258	0.03021095	0.8715028	2.88094
522	-414.278	-584.0758	169.7978	0.02633535	0.7223824	2.929871
528	-411.2025	-580.725	169.5224	0.1513181	0.8727387	2.929871
534	-417.276	-586.933	169.657	0.2091758	0.9467391	2.768322
540	-426.1569	-596.2312	170.0744	0.05141586	1.117344	2.502783
546	-424.5138	-593.8754	169.3616	1.393069	0.8471654	2.275898
552	-414.5067	-583.5167	169.01	0.1558616	0.8478065	3.247815
558	-415.4744	-584.4505	168.9761	0.4433284	0.9299018	3.048262
564	-413.1436	-583.1134	169.9698	0.1519718	1.021372	2.56506
570	-408.8225	-578.8627	170.0402	1.107408	0.8978227	1.985969
576	-415.5633	-584.885	169.3216	1.107408	1.616429	1.985969
582	-420.6906	-591.1206	170.4299	0.05545176	1.410061	2.085395
588	-413.0634	-582.2387	169.1752	0.4753317	1.230952	2.72636
594	-402.1103	-572.4324	170.3221	0.1902628	1.276963	2.154823
600	-417.8925	-587.9766	170.0841	0.3918447	1.278027	2.177848
606	-421.9409	-591.7673	169.8264	0.8160338	1.11153	2.177848
612	-423.8254	-593.1074	169.282	0.110149	0.9643416	3.043953
618	-419.4438	-589.6906	170.2469	0.2123257	0.7419255	2.528997
624	-410.1888	-580.6849	170.4961	0.2575422	0.9628035	2.202149
630	-428.1402	-598.2099	170.0697	0.578879	1.067792	2.202149
636	-432.6032	-602.8063	170.2031	0.917363	0.9366783	1.978159
642	-422.9183	-592.9173	169.9989	0.2766068	0.8144566	2.59802
648	-416.5035	-585.5991	169.0956	0.3320956	0.8144566	3.112233
654	-415.4213	-585.5343	170.113	0.263424	1.127783	2.33826
660	-412.8248	-581.8231	168.9983	0.3227125	1.211514	2.938296
666	-407.5534	-578.0006	170.4472	0.1858373	0.9928334	2.260492
672	-394.7621	-564.7142	169.9521	0.03279205	0.7721733	2.802314
678	-414.8305	-584.5885	169.758	0.06139841	0.9377059	2.802314
684	-413.8236	-582.8563	169.0327	0.3258404	1.105183	2.979687
690	-409.7201	-580.2884	170.5683	0.2755944	1.096288	2.055915
696	-410.0731	-580.0358	169.9627	0.7322254	0.9927175	2.220732
702	-402.9449	-573.3317	170.3868	0.8376797	1.019587	1.851662
708	-407.4496	-577.6746	170.225	0.9100781	0.9069418	1.988276
714	-422.0638	-592.1292	170.0655	0.233289	1.253396	2.307696
720	-408.9074	-579.2048	170.2974	0.0492604	1.211291	2.303997
726	-425.6167	-595.0906	169.4739	0.5232211	1.059033	2.618942
732	-417.9439	-586.9923	169.0484	0.1677627	0.8257401	3.231109
738	-420.8103	-589.2328	168.4225	0.3159468	0.6384037	3.620536
744	-422.3476	-591.1671	168.8196	0.2475811	1.108048	3.152071
750	-419.0261	-588.8423	169.8162	0.2551692	0.9588636	2.634985
756	-419.0432	-587.6889	168.6457	0.2912785	0.8050928	3.407626
762	-423.973	-593.027	169.054	0.04737846	0.6947158	3.375957
768	-405.1551	-574.6142	169.4591	0.03264522	0.7859799	3.091023
774	-419.3079	-588.5233	169.2154	0.5630911	0.9829083	2.799727
780	-408.5526	-578.2293	169.6767	0.6017442	1.088236	2.425282
786	-422.4499	-592.441	169.991	0.4783549	0.897267	2.425282
792	-416.1735	-586.4016	170.2281	0.3501007	0.9043291	2.351998
798	-411.654	-581.6504	169.9964	0.3699948	1.021631	2.411815
804	-410.5567	-580.0362	169.4795	0.7360097	0.9165132	2.571974
810	-397.3941	-566.9152	169.5211	0.1947743	0.877975	2.901318
816	-396.2539	-565.1814	168.9274	0.02402972	0.877975	3.356345
822	-417.7486	-587.2092	169.4607	0.4615556	0.9220749	2.749122
828	-404.4322	-574.6768	170.2446	0.03450976	0.9825573	2.491168
834	-411.1923	-581.3041	170.1118	0.2362435	0.9825573	2.447959
840	-412.0102	-582.3619	170.3517	0.2158658	1.260915	2.129288
846	-414.4525	-584.1885	169.736	0.3381029	0.9921689	2.612678
852	-419.4259	-588.1933	168.7674	0.3744361	0.9114587	3.224367
858	-416.4875	-586.4903	170.0028	0.469183	1.009452	2.352739
864	-407.2856	-576.9909	169.7053	0.3550319	0.9583364	2.642097
870	-409.8712	-579.333	169.4618	0.3550319	0.9265906	2.810635
876	-407.0739	-575.3744	168.3005	0.763212	0.7803708	3.347718
882	-408.2066	-578.2111	170.0045	0.08758162	0.9397453	2.63399
888	-404.4958	-574.6905	170.1947	0.02957979	0.9324702	2.556618
894	-419.4204	-589.0225	169.6021	0.07523394	1.02891	2.833258
900	-415.0836	-585.0218	169.9382	0.07128719	1.078493	2.599241
906	-410.1588	-580.0173	169.8585	0.1172386	1.112327	2.599241
912	-416.3732	-586.434	170.0607	0.4764633	1.112327	2.245311
918	-415.2332	-585.8013	170.568	0.2029896	1.132887	2.079831
924	-419.4292	-588.5909	169.1617	0.0233068	0.8255643	3.249618
930	-414.0274	-584.3669	170.3394	0.11532	0.7334325	2.53705
936	-413.6899	-583.1827	169.4928	0.224429	1.107165	2.761322
942	-404.0021	-573.4949	169.4928	0.224429	1.107165	2.761322
948	-420.5193	-589.861	169.3416	0.100124	1.010628	2.986497
954	-414.013	-583.2048	169.1917	0.3230308	0.8711135	3.026391
960	-417.4774	-587.4438	169.9664	0.3082557	0.8711135	2.563416
966	-415.5345	-585.6702	170.1357	0.3075696	1.23503	2.226777
972	-433.7454	-603.5873	169.8419	0.5705433	1.064536	2.355551
978	-419.5969	-589.8829	170.286	0.1017611	1.308569	2.215163
984	-423.0152	-592.169	169.1538	0.3373782	1.004937	2.960217
990	-416.4587	-585.7518	169.2931	0.3444961	0.9098227	2.929327
996	-421.2019	-590.8193	169.6173	0.3289475	0.8016123	2.807917
1002	-415.7004	-585.0822	169.3818	0.1046037	0.8987052	3.026835
1008	-428.9845	-598.3205	169.336	0.221308	0.803967	3.041125
1014	-430.8523	-600.5086	169.6563	0.02154007	0.6833852	3.041125
1020	-418.1708	-587.6513	169.4806	0.03708984	0.9863389	2.955472
1026	-423.4112	-593.9644	170.5533	0.005920431	1.098164	2.240266
1032	-411.9971	-581.6622	169.6651	0.08699778	0.833693	2.906174
1038	-421.2001	-591.3467	170.1466	0.3309569	1.202525	2.225596
1044	-427.1055	-596.8502	169.7446	0.2289949	0.7808775	2.803903
1050	-413.5199	-584.0804	170.5605	0.191931	0.8794932	2.256608
1056	-422.6241	-592.4921	169.868	0.7000105	1.063961	2.256608
1062	-420.8695	-591.0717	170.2022	0.02779962	1.218799	2.373421
1068	-405.1841	-575.5985	170.4145	0.008984486	1.14127	2.299654
1074	-404.2894	-574.3824	170.0929	0.004541031	0.8856084	2.66403
1080	-418.9916	-588.8348	169.8432	0.004128005	0.9184946	2.797028
1086	-422.0866	-591.3051	169.2184	0.837517	0.709821	2.797028
1092	-407.8169	-577.4278	169.6109	0.837517	1.553279	2.015136
1098	-425.7943	-596.5024	170.7081	0.7466911	1.026764	1.686049
1104	-412.332	-582.5329	170.2009	0.01402992	0.8390915	2.620276
1110	-407.766	-577.4698	169.7037	0.01082703	0.8390915	2.92555
1116	-421.6763	-591.301	169.6247	0.04500873	1.216257	2.723616
1122	-415.5265	-585.368	169.8415	0.2063558	1.211505	2.492612
1128	-414.4308	-584.2333	169.8026	0.04266897	1.142923	2.660897
1134	-412.2295	-582.1507	169.9211	0.1103994	0.8780229	2.709196
1140	-420.5636	-590.987	170.4234	0.08127863	1.512984	2.004498
1146	-430.9046	-600.0858	169.1812	0.6828577	1.323008	2.537741
1152	-421.3462	-590.4739	169.1276	0.3291453	0.9551636	3.010779
1158	-418.994	-588.2875	169.2935	0.7559376	0.9551636	2.650768
1164	-418.4299	-588.1316	169.7017	1.506199	0.8865914	1.953101
1170	-413.3797	-584.0158	170.6361	0.5309045	0.5514914	2.200773
1176	-407.7764	-578.0068	170.2303	0.1419091	0.9378106	2.460872
1182	-418.1525	-587.436	169.2835	0.4340365	0.827072	2.931032
1188	-420.1158	-590.21	170.0942	0.5384791	1.226034	2.109494
1194	-426.3397	-595.9594	169.6197	0.1024175	1.099179	2.763161
1200	-427.7542	-598.3434	170.5892	0.02583848	0.9770669	2.282139
1206	-435.7848	-605.8611	170.0763	1.117192	0.7917304	2.026055
1212	-425.6631	-595.4585	169.7954	0.2731297	0.8543527	2.701017
1218	-410.0215	-580.1189	170.0974	0.5065786	1.079519	2.223427
1224	-412.297	-581.8661	169.569	0.8251768	1.289275	2.223427
1230	-403.6855	-574.1459	170.4605	0.2393154	1.503529	1.879491
1236	-406.3481	-576.4498	170.1017	0.3785475	1.497839	2.030817
1242	-407.0138	-577.0884	170.0746	0.6620427	1.241482	2.030817
1248	-409.6507	-579.5457	169.895	0.9687353	0.9962169	2.108679
1254	-416.4408	-586.1729	169.7321	0.4585223	1.323264	2.332073
1260	-414.8385	-584.9683	170.1298	0.4585223	1.690916	1.827519
1266	-412.3354	-582.4158	170.0805	0.413002	1.488334	2.028352
1272	-409.4164	-579.4381	170.0218	0.6704914	1.297965	2.022766
1278	-417.7012	-588.1758	170.4745	0.4849716	0.9545457	2.073155
1284	-422.0546	-592.5633	170.5087	0.5724795	1.2271	1.807481
1290	-405.1265	-575.2078	170.0813	0.4842708	1.205773	2.166508
1296	-415.1296	-584.8195	169.6899	0.1792545	1.205773	2.607345
1302	-410.7464	-580.5015	169.7551	0.5541109	0.8980898	2.525163
1308	-418.4853	-587.3751	168.8898	0.2796569	0.83731	3.251896
1314	-411.125	-580.902	169.7771	0.05897875	0.9068768	2.810946
1320	-401.3645	-571.0636	169.6991	0.3723028	0.6890293	2.800304
1326	-414.2097	-583.5204	169.3107	0.4460707	0.9922157	2.807246
1332	-423.2345	-592.9147	169.6802	0.3706251	1.124409	2.545116
1338	-425.703	-595.8449	170.1419	0.3706251	1.440876	2.047194
1344	-415.3616	-585.3039	169.9422	0.3706251	1.164025	2.355588
1350	-418.1708	-588.1873	170.0165	0.09651195	1.143124	2.494661
1356	-417.704	-587.9668	170.2629	0.05429149	1.30158	2.265082
1362	-417.62	-587.5443	169.9243	1.133802	1.404024	1.699831
1368	-400.8865	-570.7584	169.8718	1.111224	0.9910355	2.033477
1374	-410.6694	-579.5889	168.9195	1.001199	0.5514769	2.974607
1380	-419.6197	-588.9333	169.3135	0.5725466	0.9640281	2.745578
1386	-423.5437	-593.8983	170.3546	0.1037036	1.115843	2.293627
1392	-439.1813	-610.1967	171.0154	0.3166107	0.9258859	1.842145
1398	-431.2356	-600.2787	169.0431	0.7481692	0.9582313	2.806935
1404	-425.32	-593.9278	168.6078	0.1357604	0.8165854	3.513957
1410	-427.4297	-597.2954	169.8657	0.4863229	0.8539318	2.525969
1416	-416.9368	-586.7826	169.8459	0.09524068	0.9665627	2.710349
1422	-413.1538	-582.9528	169.799	0.4691595	0.9665627	2.508049
1428	-423.8643	-593.5859	169.7216	0.08231343	0.9986282	2.774623
1434	-416.8465	-586.6661	169.8196	0.2120128	0.9287165	2.678038
1440	-429.9181	-599.6108	169.6927	0.06716499	1.194211	2.681858
1446	-421.444	-591.3344	169.8904	0.07786963	1.141418	2.585823
1452	-413.7348	-583.9084	170.1736	0.1432032	0.9373327	2.495914
1458	-415.5683	-585.4837	169.9154	0.05733283	1.139624	2.584152
1464	-407.7171	-577.5242	169.8071	0.2425017	0.8571077	2.710949
1470	-422.8058	-592.2772	169.4714	1.053923	1.466004	2.022041
1476	-409.8575	-580.4082	170.5506	0.2520449	1.290613	1.953913
1482	-426.852	-596.6148	169.7628	0.3805314	0.8811985	2.63848
1488	-432.0304	-601.9859	169.9555	0.3805314	1.290712	2.259955
1494	-416.854	-586.9426	170.0886	0.4109305	1.173201	2.23033
1500	-411.659	-581.9043	170.2453	0.2539814	1.445498	2.052885
1506	-408.6355	-578.8921	170.2566	0.5296517	1.174886	2.042027
1512	-399.3051	-569.5782	170.2731	0.5296517	1.601385	1.740749
1518	-421.4528	-591.4226	169.9698	0.1420132	1.275719	2.412129
1524	-413.0984	-583.4149	170.3165	0.3053182	1.275719	2.084003
1530	-416.6151	-586.5851	169.97	0.9824902	1.228088	1.894974
1536	-429.4061	-596.3557	166.9496	2.402331	1.519987	2.732252
1542	-425.1378	-593.0985	167.9607	0.9492116	1.170328	3.20841
1548	-412.8676	-582.4722	169.6046	0.816993	0.5812868	2.651825
1554	-415.528	-584.6656	169.1376	0.3288773	0.8967617	3.039924
1560	-422.4444	-592.1263	169.6819	0.2492812	1.262242	2.53379
1566	-420.4483	-590.0418	169.5935	0.3944327	1.266702	2.495614
1572	-412.3626	-581.9088	169.5462	0.7117729	0.9890578	2.500343
1578	-413.0265	-583.2739	170.2474	0.3293367	1.220815	2.149463
1584	-403.8548	-573.228	169.3732	0.3909324	0.9963369	2.800269
1590	-405.2546	-575.2818	170.0272	0.2235494	1.029019	2.47983
1596	-426.2572	-595.5647	169.3076	0.8228119	1.619084	2.180738
1602	-416.3866	-586.4919	170.1053	0.7804244	1.682688	1.62382
1608	-425.3985	-594.8821	169.4836	0.7818935	1.776227	1.988454
1614	-418.2974	-588.1332	169.8358	0.05925678	0.6914446	2.905709
1620	-421.4904	-590.2562	168.7658	0.4487135	0.859687	3.212006
1626	-412.8327	-582.885	170.0523	0.755573	0.6980954	2.337088
1632	-412.7482	-583.433	170.6848	0.06256548	1.301328	1.983806
1638	-412.2821	-582.7089	170.4268	0.06256548	1.287907	2.162673
1644	-415.9606	-586.2548	170.2942	0.03657714	1.287907	2.265128
1650	-421.4252	-591.3482	169.923	0.1266708	1.20444	2.495922
1656	-407.7341	-577.8686	170.1346	0.09140897	1.028112	2.495922
1662	-411.2449	-579.821	168.5762	0.2694302	0.8555309	3.431591
1668	-411.7	-581.8152	170.1153	0.05411123	1.318137	2.348843
1674	-407.1516	-577.7426	170.5909	0.02788831	1.077754	2.214965
1680	-412.0983	-582.1849	170.0867	0.1871599	0.8967706	2.548002
1686	-418.5721	-588.4299	169.8578	0.1559455	1.076154	2.598059
1692	-419.1134	-589.062	169.9486	0.1989742	1.455161	2.275341
1698	-428.8096	-598.9367	170.1271	0.2158325	1.692132	1.992889
1704	-410.0021	-579.4003	169.3982	0.7210361	1.083401	2.528049
1710	-419.1443	-589.4217	170.2773	0.440376	1.007764	2.196282
1716	-411.0158	-581.3241	170.3082	0.1089502	1.100363	2.329746
1722	-432.2591	-602.4605	170.2014	0.02250288	0.7817161	2.650117
1728	-411.887	-581.8754	169.9883	0.1162962	0.9010278	2.650117
1734	-408.761	-578.4483	169.6873	0.3019415	0.8926726	2.726126
1740	-414.824	-584.7062	169.8822	0.1395569	0.8616616	2.725217
1746	-415.5753	-586.0147	170.4394	0.1372393	1.258853	2.124716
1752	-416.3344	-586.3719	170.0375	0.2940681	1.46253	2.151712
1758	-430.0796	-599.7819	169.7023	0.2128825	1.379402	2.470575
1764	-419.3467	-589.3589	170.0122	0.2321535	1.041672	2.475927
1770	-412.4699	-582.6933	170.2234	0.3095166	0.8320496	2.426361
1776	-422.2906	-592.3518	170.0612	0.5919564	1.502058	1.912137
1782	-420.5973	-590.1974	169.6001	0.5183277	1.560528	2.226314
1788	-415.0269	-585.2034	170.1765	0.4360802	1.26371	2.097963
1794	-407.7631	-577.6071	169.844	0.1926034	0.8268495	2.73741
1800	-412.6821	-582.7201	170.038	0.09460933	0.8056288	2.691573
1806	-406.1564	-576.1333	169.9769	0.1123639	0.8489689	2.691573
1812	-403.5301	-573.5869	170.0568	0.1724355	0.8003457	2.635367
1818	-420.245	-589.6248	169.3799	0.08708708	0.8699186	3.055707
1824	-412.5143	-582.7524	170.2382	0.1485979	1.002101	2.411283
1830	-400.3609	-570.0807	169.7198	0.4118926	0.9847406	2.581635
1836	-411.0469	-580.2985	169.2517	0.4706942	1.583812	2.463299
1842	-399.1381	-569.8403	170.7022	0.4158726	1.150532	1.834793
1848	-405.0643	-574.0842	169.0199	0.7892003	1.197072	2.649769
1854	-404.4817	-573.4227	168.941	0.5593187	1.114816	2.888425
1860	-418.8999	-589.1588	170.2589	0.6031712	1.558495	1.729188
1866	-406.8197	-576.9557	170.1359	0.7379008	1.014688	2.089941
1872	-419.0166	-589.7226	170.7059	0.5415833	1.255978	1.67045
1878	-422.903	-592.8569	169.9539	0.5124501	1.93604	1.741957
1884	-419.5352	-589.7594	170.2242	0.1620786	1.176679	2.300771
1890	-414.477	-584.8263	170.3493	0.0849893	1.386296	2.134422
1896	-419.531	-589.7058	170.1748	0.4431826	1.202682	2.134422
1902	-411.6989	-581.7945	170.0956	0.1588505	0.9061579	2.5542
1908	-413.076	-583.1572	170.0812	0.1370226	0.9743921	2.534284
1914	-420.414	-590.0171	169.603	0.009619012	0.9743921	2.905399
1920	-419.5921	-589.5377	169.9456	0.02087116	1.26505	2.510033
1926	-411.4207	-581.3678	169.9471	0.2588723	1.188938	2.407497
1932	-409.4135	-579.1624	169.7489	0.1869329	1.459042	2.407497
1938	-423.5323	-589.8708	166.3385	2.465264	1.51465	3.066729
1944	-417.6098	-587.9597	170.3499	0.2689644	1.232319	2.114475
1950	-427.7198	-597.5511	169.8313	0.475394	1.105408	2.396592
1956	-415.4251	-585.6515	170.2264	0.2586363	1.037859	2.326345
1962	-418.7218	-589.0831	170.3614	0.1304193	0.8969193	2.411392
1968	-404.4616	-574.2479	169.7863	0.0726092	0.8339653	2.841353
1974	-415.4512	-585.1664	169.7152	0.1338426	0.8438204	2.841353
1980	-414.4953	-582.79	168.2947	0.7853953	0.675431	3.39973
1986	-412.368	-581.7871	169.4191	0.1424985	0.9378236	2.958215
1992	-413.6598	-582.4362	168.7764	0.6418431	1.04991	2.977031
1998	-405.7238	-575.8192	170.0954	0.3093685	1.121259	2.32435
2004	-399.1341	-569.5393	170.4052	0.2337884	1.143299	2.159421
2010	-405.1886	-575.445	170.2563	0.1814024	1.818894	1.843032
2016	-407.1922	-576.5271	169.3349	0.1097166	1.482683	2.698315
2022	-430.0752	-599.8569	169.7817	1.009731	0.861341	2.24322
2028	-409.5164	-579.1024	169.586	0.09080275	1.353133	2.63516
2034	-418.4203	-588.3806	169.9602	0.380558	1.121662	2.364757
2040	-413.6909	-583.7631	170.0722	0.4842021	1.046063	2.275484
2046	-413.0449	-583.4668	170.4219	0.06946257	1.223804	2.202976
2052	-414.8361	-585.1019	170.2658	0.6987139	1.214255	1.896171
2058	-426.0523	-595.5072	169.4549	0.8670571	1.284742	2.272768
2064	-410.2153	-578.9311	168.7158	1.018962	0.8578894	2.901993
2070	-408.0752	-577.2164	169.1412	0.3427698	0.7051535	3.143818
2076	-413.9482	-583.3209	169.3726	0.0319704	0.5678341	3.272153
2082	-412.3135	-581.4112	169.0977	0.090873	0.5890743	3.386757
2088	-414.7686	-583.9847	169.2161	0.05428413	0.5652129	3.352724
2094	-405.9077	-574.3308	168.4231	0.4487707	0.9637062	3.352724
2100	-403.2109	-572.4371	169.2262	0.4487707	0.6080942	3.087873
2106	-412.0419	-581.2384	169.1965	0.8755834	0.9032839	2.668757
2112	-416.1852	-585.6674	169.4821	0.647257	0.7321882	2.738567
2118	-416.1346	-585.5368	169.4021	0.4646808	0.9947557	2.738567
2124	-421.0834	-590.1858	169.1024	1.222102	0.6949867	2.641592
2130	-416.6084	-586.5406	169.9322	0.6935708	1.515433	1.921624
2136	-426.0786	-596.3174	170.2389	0.04786343	1.212342	2.341509
2142	-417.8431	-586.5583	168.7152	0.03021384	1.004121	3.403255
2148	-411.3471	-580.949	169.6019	0.09897701	0.909916	2.891049
2154	-417.3129	-587.3113	169.9985	0.7823267	1.275387	1.978781
2160	-422.3459	-591.7432	169.3972	0.3614846	1.13639	2.718056
2166	-415.8897	-585.4296	169.5399	0.4963797	0.8457035	2.726089
2172	-418.5857	-588.4981	169.9125	0.6327831	0.8260256	2.42238
2178	-419.9463	-589.4929	169.5466	0.3998764	1.286578	2.509093
2184	-418.3173	-587.5194	169.2022	0.3698012	1.186378	2.801551
2190	-419.8828	-588.9726	169.0898	0.2900361	0.5618573	3.290254
2196	-434.8064	-603.525	168.7185	0.5014892	0.9362689	3.163317
2202	-423.7026	-593.4668	169.7641	0.9575183	1.066606	2.15554
2208	-415.7505	-584.7681	169.0176	0.9575183	1.513965	2.347877
2214	-414.4081	-585.1433	170.7351	0.146927	0.8824339	2.170983
2220	-421.5188	-591.8982	170.3795	0.2244702	1.151216	2.177048
2226	-421.2863	-590.7143	169.428	0.5692016	1.169519	2.550427
2232	-423.4559	-593.0383	169.5825	0.9116753	0.965929	2.366263
2238	-420.6115	-590.8107	170.1992	0.2598383	1.343883	2.145954
2244	-411.7478	-581.6168	169.869	0.184118	1.340875	2.408053
2250	-406.6516	-576.6369	169.9853	0.2653518	0.8062423	2.618499
2256	-404.549	-574.8249	170.276	0.3858782	1.275883	2.057538
2262	-411.3209	-580.6227	169.3018	0.323333	0.8216317	2.989898
2268	-425.6999	-595.0527	169.3528	0.5056872	0.8786863	2.81442
2274	-416.3646	-585.1757	168.8111	0.40726	0.7507249	3.274132
2280	-417.7981	-587.722	169.9239	0.2104021	0.7503334	2.72444
2286	-417.311	-586.7165	169.4055	0.6790866	1.100106	2.539243
2292	-419.7698	-589.7607	169.9909	0.3975565	1.100106	2.348174
2298	-420.0171	-589.7982	169.7812	0.8081879	0.9336311	2.326281
2304	-435.0169	-602.8225	167.8057	1.853712	0.7373604	3.019869
2310	-417.4947	-587.1004	169.6057	0.5358642	0.9136218	2.619545
2316	-409.7296	-579.3451	169.6155	0.5260985	0.9136218	2.619545
2322	-405.128	-574.3073	169.1793	0.5260985	1.114948	2.763735
2328	-425.1542	-594.9586	169.8045	0.3553295	0.6605748	2.763735
2334	-413.4938	-583.6412	170.1473	0.6484336	0.8353735	2.257107
2340	-410.8512	-580.9297	170.0785	0.6484336	1.107719	2.125247
2346	-410.4962	-580.2285	169.7323	0.9643416	0.8472659	2.312922
2352	-412.8322	-583.1082	170.276	0.2227171	0.918437	2.39342
2358	-405.5783	-574.0516	168.4732	1.359661	0.9654479	2.7772
2364	-414.0325	-583.3414	169.3089	0.8550215	0.8924654	2.618823
2370	-405.8245	-575.3376	169.5131	0.7045198	0.8080199	2.637803
2376	-419.2192	-589.2232	170.004	0.3957991	0.6892779	2.598589
2382	-423.578	-593.4983	169.9204	0.4770051	1.380473	2.162316
2388	-420.7253	-590.9299	170.2046	0.4577791	1.201262	2.106253
2394	-423.5647	-592.9444	169.3797	1.130902	1.186594	2.214589
2400	-428.8947	-597.288	168.3933	1.433335	0.9343484	2.799936
2406	-425.1244	-594.7668	169.6425	0.625624	1.057262	2.451263
2412	-422.1371	-591.0494	168.9122	0.1987778	0.6379814	3.403556
2418	-419.5668	-589.0931	169.5263	0.2418337	0.6715828	2.994079
2424	-424.4681	-594.2466	169.7785	0.08252273	0.7749444	2.875853
2430	-411.7753	-580.9447	169.1694	0.3187102	0.6863835	3.152496
2436	-418.6564	-588.4001	169.7437	0.1696103	0.6533151	2.917741
2442	-412.1902	-582.2432	170.053	0.02386472	0.9073912	2.66329
2448	-410.1902	-578.0482	167.858	0.3775755	0.8323105	3.799051
2454	-407.6426	-576.6197	168.9771	0.2979521	0.7304773	3.252591
2460	-405.1394	-574.1966	169.0572	0.295691	0.8941372	3.109338
2466	-407.4781	-577.7693	170.2912	0.01824742	1.016109	2.451155
2472	-415.9574	-585.5013	169.5439	0.0005333179	0.7390291	3.087611
2478	-416.8069	-587.0188	170.2119	0.003665839	0.9886232	2.527073
2484	-409.6597	-579.6787	170.019	0.2319864	0.8895787	2.566689
2490	-410.5774	-580.8669	170.2895	0.519995	0.9299503	2.187242
2496	-418.1365	-587.818	169.6815	0.4759621	0.9299503	2.599588
2502	-426.7176	-597.2417	170.5241	0.770047	1.003111	1.815049
2508	-429.5072	-599.6586	170.1514	0.4095573	1.025201	2.28593
2514	-430.4382	-599.6266	169.1884	0.894878	0.8327522	2.70521
2520	-417.4388	-586.9791	169.5403	0.7406342	0.6350666	2.70521
2526	-405.724	-574.5002	168.7762	0.3053429	0.8999396	3.266807
2532	-419.0648	-589.4429	170.3782	0.9231968	0.8380904	1.922814
2538	-405.3771	-575.4538	170.0767	0.7631049	1.737711	1.617246
2544	-403.9157	-573.9705	170.0547	0.80967	1.563645	1.723914
2550	-405.2946	-575.5553	170.2607	0.6211714	0.9575896	2.122119
2556	-407.9366	-578.3471	170.4105	0.2133753	1.186999	2.140814
2562	-413.0671	-582.3097	169.2425	0.4205025	1.186999	2.745639
2568	-409.2046	-578.7686	169.564	0.5512631	0.7347087	2.745639
2574	-411.4052	-581.0169	169.6117	0.5512631	0.7347087	2.716474
2580	-421.4247	-590.4465	169.0219	0.0880416	0.8725886	3.266206
2586	-424.6296	-593.212	168.5824	0.6406639	0.7594749	3.266206
2592	-414.187	-584.5619	170.3749	0.2422976	1.122197	2.187283
2598	-414.5576	-584.2096	169.652	0.5894095	1.467953	2.206717
2604	-409.5152	-579.9855	170.4703	0.6110205	1.154343	1.857421
2610	-410.6427	-581.395	170.7523	0.3106017	1.185625	1.848578
2616	-417.2929	-586.3436	169.0508	1.163015	1.608199	2.133552
2622	-431.6397	-601.5128	169.8731	0.7886852	1.311054	2.034265
2628	-429.279	-598.311	169.032	0.9464515	0.9852783	2.675922
2634	-412.5373	-583.2638	170.7265	0.56018	1.297552	1.612406
2640	-422.9922	-593.3944	170.4022	0.06040065	1.145788	2.271691
2646	-418.9296	-588.79	169.8604	0.4208141	0.829205	2.585396
2652	-425.5275	-594.8103	169.2828	0.554225	1.356073	2.533961
2658	-416.9022	-586.8079	169.9057	0.554225	1.099438	2.303065
2664	-421.4735	-591.3511	169.8776	0.2770443	0.9590861	2.58332
2670	-420.491	-589.7371	169.2461	0.4235327	1.016797	2.845238
2676	-413.7251	-582.2734	168.5483	0.1751784	1.016797	3.408669
2682	-419.5846	-588.8921	169.3075	0.4549273	0.8601977	2.883896
2688	-421.1279	-590.6236	169.4956	0.5946073	0.8097699	2.715047
2694	-426.6667	-595.9484	169.2817	0.4098512	0.7418757	2.997871
2700	-422.7781	-591.788	169.0099	0.5319008	0.8002495	3.05259
2706	-418.1901	-587.1908	169.0007	0.48366	0.8862635	3.035498
2712	-418.0588	-588.6693	170.6105	0.1162093	1.097523	2.132042
2718	-410.4203	-579.2114	168.791	0.07291307	0.859067	3.418775
2724	-413.571	-582.5772	169.0062	0.1258927	1.042656	3.152367
2730	-407.6	-576.8178	169.2178	0.5664566	0.7738612	2.922839
2736	-411.7478	-581.7331	169.9852	0.4226801	1.019805	2.386744
2742	-414.4309	-584.4609	170.0299	0.7295947	1.020323	2.160995
2748	-422.0354	-591.0333	168.9979	0.3810797	1.448824	2.759191
2754	-427.9355	-597.3782	169.4427	0.6072649	1.294209	2.439455
2760	-410.0067	-580.1752	170.1685	0.6479692	0.9932961	2.141512
2766	-412.385	-581.7125	169.3276	0.6981111	0.871223	2.716939
2772	-410.9359	-580.7193	169.7834	0.365876	0.871223	2.640977
2778	-406.6693	-575.7718	169.1025	0.1102086	0.7995841	3.248635
2784	-405.6908	-574.7438	169.053	0.12389	0.761892	3.291996
2790	-405.8276	-573.9486	168.121	0.7045765	0.5803813	3.60366
2796	-409.6344	-579.4202	169.7858	0.4675601	1.512791	2.169919
2802	-402.3487	-571.1884	168.8397	0.4341367	0.9651513	3.11412
2808	-407.9864	-577.8521	169.8657	0.645678	1.343553	2.112008
2814	-415.647	-585.1186	169.4716	0.3435061	0.8939447	2.831504
2820	-410.5595	-579.8625	169.303	0.4826461	0.9234529	2.831504
2826	-414.4424	-584.1268	169.6844	0.9632336	0.9670154	2.267681
2832	-409.7556	-579.7905	170.0349	0.3158278	1.275278	2.260382
2838	-409.3486	-578.7531	169.4045	0.3887011	0.7159086	2.952397
2844	-401.7427	-571.1734	169.4306	0.4092043	0.732324	2.914382
2850	-407.4963	-577.7092	170.2129	0.7542174	0.8998682	2.104084
2856	-408.4361	-577.611	169.1749	0.2389398	0.8998682	3.069535
2862	-404.5091	-574.061	169.5519	0.1949253	0.7535764	2.95764
2868	-401.403	-571.0301	169.627	0.3106295	0.7037838	2.872504
2874	-406.9198	-576.6537	169.7339	0.09205018	0.815491	2.872504
2880	-415.6645	-584.5854	168.9209	0.03108549	0.7843755	3.410985
2886	-419.9447	-589.435	169.4903	0.005860366	0.9325093	3.000709
2892	-410.9566	-581.1423	170.1857	0.002396555	0.8563369	2.626212
2898	-406.433	-576.6604	170.2274	0.001637504	1.018203	2.500216
2904	-405.0012	-575.335	170.3338	0.001637504	0.8806569	2.519664
2910	-417.4613	-586.8422	169.3809	0.5696901	0.8068155	2.802129
2916	-417.3173	-587.814	170.4967	0.3424367	0.9989785	2.123008
2922	-414.4455	-584.3365	169.891	0.2507748	1.218835	2.429126
2928	-405.8808	-576.485	170.6042	0.132	1.099771	2.12439
2934	-399.2347	-569.057	169.8223	0.1895721	1.05604	2.611685
2940	-397.3142	-567.8828	170.5686	0.01616749	0.8945891	2.354016
2946	-410.4428	-580.4478	170.005	0.01619117	1.126112	2.562484
2952	-412.5984	-582.4003	169.802	0.02459911	0.8670197	2.840921
2958	-416.1493	-585.6574	169.508	0.1049091	1.154273	2.796161
2964	-409.7153	-579.7906	170.0753	0.01096896	0.8749163	2.677467
2970	-412.6455	-582.5476	169.9021	0.05804617	0.9319639	2.719891
2976	-419.0501	-587.8058	168.7557	0.3500116	0.7164121	3.360647
2982	-411.2644	-581.2757	170.0113	0.215357	1.078431	2.463979
2988	-418.9864	-587.6602	168.6739	0.4903022	0.90885	3.212692
2994	-416.4907	-586.7076	170.217	0.2147727	0.8316839	2.490079
3000	-423.0607	-593.1175	170.0568	0.2390911	0.9675025	2.490079
3006	-429.1245	-599.6776	170.5531	0.307614	1.03806	2.083212
3012	-435.3908	-604.7802	169.3895	1.601567	1.248208	1.854935
3018	-415.7301	-585.1138	169.3837	1.601567	1.253948	1.854935
3024	-419.7592	-590.0388	170.2796	1.177035	0.7826429	1.854935
3030	-410.7599	-579.8396	169.0797	0.5507135	1.053852	2.846577
3036	-412.0096	-581.2631	169.2535	0.3760475	0.8978065	2.94143
3042	-418.0024	-587.7925	169.7901	0.2784376	1.111137	2.542378
3048	-416.7298	-586.4905	169.7607	0.7971995	1.117509	2.228635
3054	-423.6644	-593.3964	169.732	0.4678904	1.091175	2.472799
3060	-416.5801	-586.0036	169.4235	0.08808971	0.8642637	3.032377
3066	-416.2929	-586.4827	170.1897	0.07584717	0.955199	2.516736
3072	-418.6775	-587.9901	169.3127	0.4589942	0.7881583	2.921827
3078	-406.4901	-575.8332	169.3431	0.3812046	0.6738111	3.019078
3084	-411.7727	-581.3819	169.6093	0.1214894	0.8077301	2.934699
3090	-419.8903	-589.3061	169.4158	0.06233111	0.8333673	3.070858
3096	-408.8897	-578.8858	169.9961	0.1269523	0.8615951	2.663029
3102	-417.7664	-587.6022	169.8358	0.05030516	1.098541	2.663029
3108	-412.388	-582.1768	169.7888	0.2211754	0.9746931	2.663029
3114	-403.7006	-573.5069	169.8063	0.4346726	0.7437487	2.663029
3120	-411.5518	-580.2855	168.7337	0.356313	0.808207	3.315873
3126	-415.1573	-584.4178	169.2605	0.5164242	0.7930168	2.915716
3132	-415.3333	-585.0992	169.7659	0.6556532	1.202847	2.26147
3138	-410.1482	-579.8313	169.6831	0.5754916	1.491573	2.180271
3144	-416.5662	-587.0098	170.4436	0.2363228	1.122646	2.146212
3150	-406.4938	-576.9227	170.4289	0.1691041	1.204531	2.146212
3156	-409.5791	-579.3134	169.7343	0.1815126	1.24791	2.552277
3162	-414.4028	-584.9591	170.5563	0.4703329	0.9950654	2.001832
3168	-401.4548	-571.1991	169.7443	0.3469278	0.895761	2.661599
3174	-406.7378	-576.3046	169.5668	0.526443	0.8937844	2.661599
3180	-407.2823	-577.1007	169.8184	0.3974922	0.7710953	2.661599
3186	-416.3117	-586.2038	169.8921	0.3238049	0.7710953	2.661599
3192	-406.9332	-576.4282	169.4951	0.4312713	0.8557093	2.787104
3198	-417.1271	-585.6716	168.5445	0.3745587	0.7961757	3.423342
3204	-424.7134	-594.3559	169.6425	0.8668861	1.057214	2.29847
3210	-405.1613	-575.1498	169.9884	0.2582679	0.8004205	2.624542
3216	-409.5473	-579.0124	169.4651	0.4483199	1.117625	2.634457
3222	-407.7005	-577.5096	169.8091	0.4483199	0.7736231	2.634457
3228	-401.397	-571.2947	169.8977	0.174537	1.120712	2.534087
3234	-406.1924	-576.1533	169.9609	0.1109741	1.204776	2.48179
3240	-405.8448	-575.2821	169.4373	0.7018442	1.443397	2.288263
3246	-406.4699	-576.01	169.5401	0.272996	1.098572	2.70791
3252	-409.2243	-579.1754	169.9511	0.1169147	0.8494108	2.704356
3258	-412.6903	-581.8647	169.1744	0.1710438	0.8494108	3.140399
3264	-412.623	-582.6109	169.9879	0.2159119	1.3449	2.309884
3270	-407.0502	-576.9765	169.9263	0.1319644	1.061114	2.579818
3276	-409.0328	-577.6496	168.6168	0.6921242	0.630745	3.291498
3282	-406.7557	-575.5971	168.8414	0.345926	0.7610372	3.286322
3288	-416.781	-585.3357	168.5548	0.7194112	0.6582689	3.29574
3294	-412.2791	-581.2804	169.0012	0.682023	0.8283146	2.950912
3300	-421.222	-590.9676	169.7457	0.4628958	0.5920951	2.77577
3306	-408.4464	-577.9373	169.4909	0.4628958	1.009431	2.676208
3312	-417.962	-587.1703	169.2084	0.5059411	0.814807	2.940343
3318	-411.9475	-581.5766	169.6291	0.6405234	0.535252	2.773183
3324	-414.6917	-583.7021	169.0104	0.6405234	0.6270921	3.090843
3330	-402.5601	-572.223	169.6629	0.4298419	0.9674741	2.616453
3336	-412.0272	-581.3056	169.2784	0.2428788	0.9227753	2.99148
3342	-421.9485	-590.7094	168.7609	0.7470091	1.081702	2.90385
3348	-411.819	-582.3759	170.5569	0.1434861	0.9088651	2.271145
3354	-414.795	-584.6175	169.8225	0.09217552	1.389733	2.464413
3360	-411.7953	-581.254	169.4587	0.1625763	1.053019	2.852605
3366	-419.9294	-590.5798	170.6505	0.4108947	0.9924848	1.980352
3372	-423.3073	-592.9194	169.6121	0.7074837	1.043904	2.427261
3378	-423.0787	-592.8146	169.7359	0.2970194	0.8038688	2.753729
3384	-418.7207	-588.1768	169.4561	0.2570175	1.123689	2.753729
3390	-420.7895	-590.4193	169.6298	0.4238701	0.8882734	2.689342
3396	-414.231	-584.4334	170.2023	0.3502038	0.8882734	2.378467
3402	-408.1597	-578.7874	170.6277	0.3425977	0.9212375	2.087967
3408	-413.4821	-583.2754	169.7934	0.02103164	1.006358	2.763513
3414	-408.2175	-578.9837	170.7662	0.007092605	1.465158	1.855522
3420	-403.1548	-573.7052	170.5504	0.0225167	1.465158	1.990914
3426	-411.6679	-581.2727	169.6048	0.7491912	1.684008	1.990914
3432	-418.1963	-587.5295	169.3332	0.4808709	1.234635	2.623573
3438	-415.4751	-584.2955	168.8204	0.1585235	0.8090843	3.380663
3444	-410.349	-579.9122	169.5632	0.1436536	0.9447786	2.866341
3450	-406.5949	-575.5899	168.995	0.3164494	0.6273298	3.291983
3456	-404.0902	-571.6589	167.5686	0.4600131	0.4571064	4.132165
3462	-409.596	-578.4884	168.8924	0.4787636	0.5848308	3.281845
3468	-406.2184	-575.9881	169.7696	0.5285373	0.9652043	2.490131
3474	-396.4603	-565.785	169.3247	0.4292527	0.9652043	2.825376
3480	-408.2671	-578.331	170.0639	0.3591389	0.8108592	2.50857
3486	-408.2683	-578.1425	169.8743	0.3042167	1.105069	2.477492
3492	-420.7015	-590.3131	169.6116	0.4486993	1.122649	2.540331
3498	-422.011	-589.7516	167.7406	1.949618	1.089815	2.788379
3504	-421.7111	-591.6504	169.9394	0.8103574	1.213904	2.040405
3510	-415.5004	-585.6909	170.1905	0.4708149	1.313243	2.033154
3516	-418.2751	-587.597	169.3219	0.5298666	1.476041	2.449711
3522	-410.3656	-580.3034	169.9379	0.6120233	1.052724	2.275422
3528	-414.1605	-583.3366	169.1762	0.3382393	0.8265203	3.053287
3534	-414.5458	-584.1312	169.5854	0.2470526	0.8265203	2.861905
3540	-412.4886	-582.0848	169.5962	0.09072758	0.9221457	2.892104
3546	-418.6007	-588.2693	169.6686	0.1128742	0.8275846	2.892104
3552	-408.4408	-578.5582	170.1174	0.3321089	0.988821	2.380029
3558	-405.2475	-575.1051	169.8576	0.7522079	0.988821	2.277947
3564	-418.6098	-588.6949	170.085	0.5601101	0.9775369	2.262546
3570	-405.0193	-575.0504	170.0311	0.129316	0.9348297	2.594743
3576	-407.7222	-577.7557	170.0336	0.3778623	0.8618407	2.483911
3582	-411.9561	-581.7268	169.7707	0.3778623	0.705281	2.743287
3588	-413.1478	-583.0994	169.9517	0.1798002	1.067747	2.53017
3594	-424.9509	-594.6811	169.7302	1.618972	1.039088	1.751842
3600	-423.543	-593.4054	169.8624	0.4263728	0.9853728	2.483407
3606	-438.6145	-608.4211	169.8066	0.4464429	1.054946	2.462163
3612	-434.8646	-604.1016	169.237	0.5104754	1.229276	2.667895
3618	-419.1635	-588.3236	169.16	0.1978101	0.6577008	3.246678
3624	-426.7888	-595.3729	168.5841	0.3268212	0.7505081	3.454819
3630	-426.2902	-595.9966	169.7064	0.3268212	0.8026659	2.754258
3636	-426.908	-597.2047	170.2967	0.03650798	1.241593	2.293194
3642	-420.3507	-590.1844	169.8337	0.4351768	1.332368	2.276293
3648	-414.7447	-584.1167	169.3721	0.3357186	0.7699319	2.971286
3654	-413.3609	-581.7194	168.3585	0.7336987	0.8064902	3.315612
3660	-433.9169	-600.6987	166.7818	2.213078	0.7237041	3.42136
3666	-434.6244	-603.333	168.7086	1.002371	0.9567611	2.856574
3672	-421.4238	-591.2765	169.8528	0.1857409	1.105767	2.564357
3678	-425.7246	-595.4789	169.7544	0.07001613	1.172776	2.655342
3684	-430.2633	-599.0652	168.8019	0.9771818	1.322809	2.590627
3690	-427.0749	-596.3004	169.2255	1.869899	0.9621401	1.97791
3696	-415.7555	-585.1583	169.4028	0.7226521	0.9621401	2.599504
3702	-405.1473	-574.6015	169.4542	0.1657437	0.9325102	2.926251
3708	-415.3705	-584.051	168.6805	0.3962271	0.8339354	3.308572
3714	-429.2652	-596.1309	166.8657	2.197233	0.8477361	3.308572
3720	-421.9182	-591.0768	169.1586	1.190972	0.7239067	2.608248
3726	-414.6564	-584.9314	170.275	0.09303202	0.7054095	2.608248
3732	-412.8085	-581.7278	168.9193	0.4941145	0.7630037	3.151348
3738	-404.5892	-574.4802	169.891	0.1843794	0.8697761	2.68732
3744	-408.8577	-578.102	169.2443	0.7539673	1.010786	2.648035
3750	-418.7471	-588.1972	169.4501	0.7539673	1.264348	2.360954
3756	-428.667	-598.1349	169.4679	0.4237178	1.168447	2.61652
3762	-419.1852	-588.7193	169.5341	0.6399391	0.886034	2.61652
3768	-431.986	-602.6139	170.6278	0.2551857	1.010575	2.086608
3774	-421.9694	-591.4094	169.44	1.015308	1.543951	2.016778
3780	-423.5854	-592.7371	169.1517	0.7474397	1.836459	2.189715
3786	-430.0909	-600.293	170.2021	1.248703	1.254355	1.523602
3792	-419.2446	-588.6838	169.4391	1.874626	1.254355	1.624036
3798	-424.1213	-594.6013	170.48	0.6614096	1.445921	1.610143
3804	-412.9947	-583.4256	170.4309	0.1436437	1.181576	2.176441
3810	-417.1459	-587.9353	170.7894	0.01456961	0.9520854	2.176441
3816	-420.1869	-589.8293	169.6425	0.3206926	1.071632	2.632152
3822	-413.9818	-584.1567	170.1749	0.6763861	0.9831172	2.125442
3828	-413.9277	-584.3243	170.3966	0.3242177	0.8919577	2.268912
3834	-418.849	-589.0024	170.1534	0.4624712	1.235475	2.114328
3840	-415.3279	-585.3383	170.0104	0.08742355	1.496616	2.28065
3846	-413.3013	-583.7901	170.4888	0.04297472	1.062697	2.28065
3852	-407.0948	-576.616	169.5211	0.399609	1.092592	2.645376
3858	-407.1438	-576.6848	169.541	0.4827486	0.8650841	2.721915
3864	-409.1961	-578.7949	169.5988	0.3201688	0.9698109	2.721915
3870	-422.7307	-591.9569	169.2262	0.9347567	1.160865	2.453487
3876	-424.1292	-593.2322	169.103	0.9347567	1.284046	2.453487
3882	-420.063	-590.2432	170.1802	0.3802014	1.011638	2.294982
3888	-419.7741	-588.556	168.782	0.8549446	0.6747187	3.0708
3894	-408.3563	-578.5759	170.2196	0.1686367	0.9938047	2.415575
3900	-412.2883	-582.252	169.9637	0.8966935	1.223138	1.960491
3906	-412.8811	-583.0256	170.1445	0.05457568	1.330255	2.322256
3912	-410.7862	-581.1175	170.3313	0.140758	1.027311	2.341324
3918	-418.5327	-589.0061	170.4733	0.1801656	1.190482	2.119176
3924	-425.9948	-596.2915	170.2967	0.4806116	1.066678	2.119176
3930	-430.3426	-600.5927	170.25	0.1921856	1.040163	2.352099
3936	-414.1868	-582.8675	168.6807	0.4041729	1.022152	3.192515
3942	-409.9556	-579.9668	170.0112	0.06948339	0.9727897	2.620609
3948	-419.933	-590.2913	170.3583	0.3287784	0.9218211	2.271377
3954	-411.3707	-580.1743	168.8036	0.7462169	0.754863	3.074932
3960	-412.9501	-581.0348	168.0848	0.3701711	0.7009093	3.748377
3966	-413.2862	-581.7892	168.5031	0.4267356	0.7009093	3.47275
3972	-410.2989	-579.9648	169.666	0.2032853	1.306154	2.545014
3978	-411.1513	-580.6477	169.4965	0.3335549	0.6726785	2.956261
3984	-419.2162	-588.182	168.9658	0.8090948	0.6663054	2.993203
3990	-413.4443	-581.7816	168.3373	1.513101	0.4220848	3.094175
3996	-419.5745	-589.6152	170.0407	0.4532222	0.7180225	2.522242
4002	-423.749	-593.4254	169.6764	0.8151649	1.100709	2.282041
4008	-408.5794	-578.8228	170.2434	0.267023	1.04068	2.308328
4014	-415.9338	-585.1024	169.1686	0.0978982	0.9918062	3.10263
4020	-398.5374	-568.7131	170.1756	0.5055624	0.7977892	2.354254
4026	-407.3619	-577.7859	170.4239	0.4726801	0.7703959	2.234034
4032	-411.8466	-581.1738	169.3272	0.3824693	1.185165	2.718208
4038	-407.8082	-578.2517	170.4435	0.1149156	1.319193	2.09714
4044	-430.1692	-600.1901	170.0209	0.3222131	1.572793	2.07196
4050	-425.7941	-595.6714	169.8773	0.4841823	1.136591	2.342131
4056	-425.2383	-594.8546	169.6163	0.1832071	1.159956	2.678573
4062	-423.6739	-592.9909	169.3171	0.7297529	0.7911612	2.753
4068	-428.4615	-597.993	169.5315	0.9484984	0.7798502	2.492323
4074	-420.4145	-590.2633	169.8488	0.7175449	0.6935166	2.492323
4080	-420.3077	-590.1039	169.7962	0.9204148	0.8188201	2.318341
4086	-410.2494	-579.9824	169.733	0.1098995	0.7974134	2.873209
4092	-411.8743	-580.878	169.0037	0.02856663	0.7437613	3.387698
4098	-426.269	-595.1391	168.8701	0.369292	0.9045674	3.170627
4104	-416.764	-587.0043	170.2403	0.02895712	0.7572806	2.637247
4110	-415.2718	-584.3599	169.0882	0.04678035	0.7857129	3.302669
4116	-417.6152	-587.1614	169.5462	0.3219964	1.03819	2.711119
4122	-415.1719	-584.5327	169.3608	0.109501	0.9206042	3.023353
4128	-417.4462	-587.3384	169.8922	0.2705935	0.7716732	2.693896
4134	-410.7693	-580.6728	169.9035	0.2122464	0.8658165	2.664972
4140	-410.038	-579.8202	169.7822	0.1059438	0.6567387	2.930851
4146	-410.6845	-580.1911	169.5066	0.8995456	0.9034496	2.461141
4152	-416.5443	-586.7145	170.1702	0.3438951	0.8033707	2.456214
4158	-413.6896	-583.4317	169.7421	0.483922	0.8678192	2.59563
4164	-417.1744	-586.9896	169.8152	0.3623886	1.06824	2.50109
4170	-420.826	-591.135	170.309	0.05099224	0.9682333	2.449485
4176	-412.138	-581.7409	169.6029	0.8343016	0.8910358	2.449485
4182	-407.1944	-576.4308	169.2364	0.4899491	0.7487268	2.972872
4188	-410.6974	-580.0512	169.3538	0.3488307	0.7724217	2.972872
4194	-421.3518	-591.1921	169.8403	0.6554078	0.7724217	2.487166
4200	-414.066	-583.959	169.893	0.7785463	1.269735	2.055207
4206	-405.1423	-574.9425	169.8003	0.51667	1.120195	2.380795
4212	-410.4449	-579.2656	168.8207	0.6775766	0.832528	3.059353
4218	-417.2374	-586.8813	169.6439	0.4102768	0.8447646	2.715681
4224	-404.7118	-574.5133	169.8015	0.3111962	1.151086	2.489876
4230	-415.5081	-585.17	169.6619	0.8358956	1.360811	2.109554
4236	-429.7699	-598.3488	168.5789	0.5183403	0.8720067	3.274042
4242	-411.9763	-581.9288	169.9525	0.1197161	1.266255	2.443016
4248	-419.1124	-588.0378	168.9254	0.6075049	1.327048	2.739555
4254	-425.0557	-595.2115	170.1558	0.4045623	0.804672	2.426325
4260	-422.7005	-591.8196	169.1192	0.6163783	1.098531	2.755381
4266	-416.9207	-586.6258	169.7051	0.5492895	1.068304	2.452941
4272	-415.5362	-585.6641	170.1279	0.1223034	0.8949561	2.563804
4278	-408.9927	-578.3798	169.3871	0.3101975	0.8949561	2.902242
4284	-416.7211	-586.5482	169.8271	0.4340703	1.125714	2.412563
4290	-423.8837	-594.0287	170.145	0.3778796	1.2555	2.161985
4296	-412.1892	-581.7499	169.5607	1.172174	1.001964	2.190248
4302	-409.4435	-579.4224	169.9789	0.4917792	0.8197201	2.473187
4308	-414.0539	-583.1048	169.0509	0.3809617	0.7782106	3.131337
4314	-426.4462	-595.4309	168.9847	0.6393281	0.8533334	2.971489
4320	-435.2836	-604.8739	169.5904	0.8372192	1.239177	2.234193
4326	-422.973	-593.1362	170.1632	0.2308061	1.035425	2.385648
4332	-431.0076	-600.899	169.8914	0.1663411	0.9216802	2.666262
4338	-427.4478	-597.037	169.5892	0.3160288	0.7286376	2.877104
4344	-419.8912	-589.3926	169.5014	0.9542754	0.7684606	2.514638
4350	-426.1982	-595.6007	169.4024	0.6949838	1.067418	2.551572
4356	-431.902	-599.4553	167.5533	2.010678	0.999068	2.919877
4362	-431.6798	-600.4587	168.7789	0.7129091	1.067489	2.922159
4368	-429.9197	-599.213	169.2933	0.4239416	0.7990439	2.948072
4374	-403.5672	-573.8326	170.2654	0.1229404	0.9695955	2.430799
4380	-414.5746	-583.3764	168.8018	0.1319336	0.7638656	3.433639
4386	-406.0501	-576.3628	170.3128	0.3653373	1.376368	1.979949
4392	-413.2176	-583.4615	170.2439	0.4169671	1.376368	1.991472
4398	-409.6973	-579.3874	169.6901	0.8876393	1.298321	2.098119
4404	-413.3931	-582.227	168.8339	0.5124263	0.9859102	3.058478
4410	-411.751	-581.3312	169.5802	0.5428552	0.8922469	2.644167
4416	-418.2259	-588.0818	169.8559	0.1606085	1.006093	2.63969
4422	-419.0719	-588.3501	169.2781	0.161982	0.5747879	3.247074
4428	-415.677	-585.7059	170.0289	0.3574747	0.9706065	2.43141
4434	-404.3241	-573.6974	169.3733	0.7231736	1.176766	2.483942
4440	-416.5522	-586.4385	169.8863	0.6306967	1.443901	2.042188
4446	-427.8172	-598.1469	170.3297	0.4383645	1.094911	2.106718
4452	-421.1808	-591.6676	170.4867	0.203285	0.9270682	2.26615
4458	-413.3588	-583.6435	170.2847	0.3161917	0.9562278	2.304526
4464	-418.3458	-587.7498	169.404	0.4547015	1.018486	2.729006
4470	-410.5008	-580.197	169.6962	0.2937171	1.026386	2.643558
4476	-421.0199	-591.5325	170.5126	0.1376679	1.341891	2.02146
4482	-411.37	-581.4916	170.1216	0.01746902	1.016615	2.557277
4488	-407.9698	-577.6957	169.7259	0.6657241	1.432064	2.132405
4494	-404.6391	-574.3364	169.6974	0.4505193	1.206224	2.433197
4500	-400.3346	-570.2132	169.8787	0.1246833	1.282744	2.475888
4506	-397.9789	-568.1259	170.147	0.1565026	1.366848	2.231888
4512	-413.2179	-583.1947	169.9768	0.3798988	1.133291	2.347264
4518	-410.8526	-581.1594	170.3069	0.3274531	0.88505	2.328596
4524	-403.3845	-572.84	169.4555	0.4792584	1.003494	2.691596
4530	-411.6682	-581.9244	170.2562	0.07421509	0.9316019	2.49097
4536	-415.3025	-584.9368	169.6343	0.4285705	1.064609	2.574803
4542	-410.6851	-580.5604	169.8753	0.6206389	1.064609	2.302349
4548	-413.9738	-584.2338	170.26	0.2081404	1.272735	2.186343
4554	-423.6464	-593.649	170.0026	0.5338049	0.8663335	2.402508
4560	-408.3619	-577.5118	169.1499	0.5338049	1.099804	2.786243
4566	-413.9496	-584.1485	170.1989	0.3624091	1.3955	2.044937
4572	-418.8081	-589.1525	170.3444	0.1905916	1.421801	2.044937
4578	-405.8037	-576.038	170.2343	0.4261999	0.9289629	2.283825
4584	-418.3168	-588.1413	169.8245	0.3427557	0.9742679	2.566072
4590	-410.4533	-580.2778	169.8245	0.3427557	0.9742679	2.566072
4596	-399.65	-569.4404	169.7904	0.1287848	0.9949377	2.706374
4602	-400.6323	-570.447	169.8147	0.1167937	0.9826573	2.706374
4608	-424.2332	-593.9109	169.6776	0.6409352	0.8378062	2.556845
4614	-431.3791	-599.4481	168.069	2.135564	0.6816549	2.723461
4620	-417.0673	-584.7161	167.6488	2.135564	1.102767	2.722949
4626	-424.7392	-593.9702	169.231	0.4898938	0.9343875	2.864131
4632	-412.0262	-582.359	170.3328	0.0326104	1.012571	2.418129
4638	-419.454	-588.2043	168.7503	0.4774324	0.826573	3.223741
4644	-419.2886	-588.5456	169.2571	0.07055632	1.073706	3.017139
4650	-423.7924	-593.9883	170.1959	0.04033407	1.046753	2.477829
4656	-408.0391	-578.4613	170.4221	0.1518877	1.254046	2.129576
4662	-412.4463	-582.0536	169.6073	0.03338182	0.7120129	3.046261
4668	-411.4638	-579.4543	167.9906	0.129475	0.7207727	3.929495
4674	-410.8729	-580.0759	169.2029	0.865479	1.136856	2.526398
4680	-413.5784	-584.1961	170.6177	0.1298273	0.8559043	2.274899
4686	-408.776	-578.2435	169.4676	0.4001406	0.8291796	2.838908
4692	-408.1086	-578.5372	170.4286	0.45627	0.9647428	2.11545
4698	-400.8975	-570.3696	169.4721	0.1273034	0.9087738	2.952982
4704	-399.7635	-570.691	170.9275	0.3407887	1.060099	1.793523
4710	-419.1781	-589.078	169.8999	0.5655633	1.374414	2.12185
4716	-412.6538	-583.0124	170.3587	0.5655633	1.876368	1.451724
4722	-418.3122	-589.0126	170.7003	0.6979164	1.188592	1.610492
4728	-422.1414	-591.4483	169.307	1.654606	1.625277	1.610492
4734	-405.899	-576.3506	170.4516	0.3077902	1.893183	1.562532
4740	-408.7909	-577.9123	169.1214	0.9250743	1.802551	2.115871
4746	-404.5876	-575.4314	170.8438	0.1281281	1.113847	1.958992
4752	-408.4414	-577.8685	169.4271	0.4612497	0.9957882	2.724752
4758	-413.4519	-583.8761	170.4242	0.1583071	1.059955	2.249863
4764	-408.8618	-578.9729	170.111	0.6494802	1.163969	2.066272
4770	-403.0173	-572.6175	169.6001	1.144686	0.9112197	2.241101
4776	-411.1381	-581.4859	170.3478	0.7696671	1.182921	1.812946
4782	-416.4713	-586.6837	170.2124	1.296731	1.02374	1.649426
4788	-412.7895	-582.186	169.3966	1.663033	1.016744	1.965299
4794	-410.5208	-579.8354	169.3146	1.660409	0.5752583	2.308904
4800	-404.2651	-573.7623	169.4971	0.1722534	0.8350155	2.955235
4806	-417.5174	-587.5511	170.0337	0.09225716	1.229095	2.432565
4812	-410.6978	-580.4474	169.7496	0.2618389	1.491319	2.339144
4818	-408.9977	-578.9116	169.9138	0.4034358	1.088117	2.400861
4824	-413.7797	-583.4636	169.6839	0.2712011	0.9566151	2.707859
4830	-408.1474	-577.8776	169.7302	0.05109499	1.041159	2.762488
4836	-410.5549	-580.3767	169.8218	0.3959971	1.174248	2.409291
4842	-422.0013	-591.9467	169.9454	0.06647748	1.137937	2.560908
4848	-417.6351	-587.9329	170.2979	0.525117	1.410776	1.858703
4854	-427.2687	-596.9493	169.6807	0.4729746	1.290756	2.376202
4860	-426.7335	-596.9205	170.187	0.05437243	0.9710873	2.5219
4866	-422.5141	-591.6621	169.148	0.3564528	1.113069	2.886966
4872	-417.0657	-587.4146	170.3489	0.3204176	1.163722	2.126345
4878	-407.9128	-578.1752	170.2623	0.4597023	1.110964	2.126345
4884	-403.916	-573.9274	170.0114	0.3166795	1.16295	2.346632
4890	-409.1195	-578.6839	169.5645	0.4064609	0.9529057	2.700436
4896	-407.7454	-578.0508	170.3054	0.01136996	1.202372	2.328736
4902	-406.2424	-577.3917	171.1493	0.06345266	0.9907235	1.879352
4908	-396.7458	-567.0551	170.3093	0.1424355	1.167805	2.26456
4914	-408.602	-578.3478	169.7458	0.3582341	1.167805	2.484836
4920	-418.7187	-588.6131	169.8944	1.037561	0.778361	2.206067
4926	-416.6732	-584.7539	168.0806	0.2677795	0.6321966	3.849277
4932	-405.2956	-574.4424	169.1469	0.2086505	0.7592625	3.187947
4938	-411.7406	-581.9844	170.2437	0.2454253	0.8791281	2.424261
4944	-428.2076	-597.426	169.2184	1.607074	0.8026666	2.259064
4950	-436.4153	-606.4824	170.0671	1.329386	1.450063	1.416408
4956	-420.889	-590.5323	169.6433	1.329386	1.09335	1.972178
4962	-415.9493	-585.9864	170.0371	0.5965756	1.047015	2.225208
4968	-398.6933	-568.9331	170.2399	0.4213499	1.047015	2.20745
4974	-411.8316	-582.3531	170.5214	0.3320379	1.453709	1.808229
4980	-417.6822	-587.5515	169.8694	1.362101	1.086461	1.80079
4986	-424.4916	-594.6409	170.1493	1.098625	1.313049	1.629225
4992	-417.5011	-587.7307	170.2296	0.1226887	1.114245	2.362195
4998	-417.1061	-587.4025	170.2964	0.06519026	1.104936	2.362195
5004	-417.1728	-586.2111	169.0383	0.3249513	1.067026	2.999767
5010	-401.171	-571.1232	169.9521	0.3445134	0.9701399	2.487987
5016	-405.7965	-575.6719	169.8754	0.2273227	1.164014	2.487987
5022	-401.529	-571.1775	169.6485	0.2250684	0.7877843	2.860472
5028	-426.1752	-594.9844	168.8093	0.5853472	0.7473479	3.171821
5034	-417.5547	-587.7022	170.1475	0.2709736	0.9041047	2.453001
5040	-418.1229	-588.2789	170.156	0.4382538	1.310457	2.079318
5046	-424.7725	-595.4715	170.6991	0.2717029	1.34161	1.804617
5052	-416.4521	-586.9786	170.5265	0.1244672	0.9109726	2.301414
5058	-416.4158	-585.3737	168.9579	0.5849448	1.104652	2.868852
5064	-413.5534	-582.8006	169.2472	0.08478219	0.6388767	3.273086
5070	-426.5329	-594.3854	167.8525	0.3178155	0.6005298	3.969524
5076	-418.6013	-587.5642	168.9629	0.5308668	0.7776647	3.094798
5082	-420.0509	-589.5544	169.5035	0.6796035	1.699989	2.093542
5088	-419.9526	-589.106	169.1534	0.5648386	1.012104	2.818589
5094	-416.6728	-586.5627	169.8899	0.4640176	1.558881	2.073973
5100	-406.8298	-577.1402	170.3103	0.1792089	1.006943	2.343158
5106	-414.4905	-584.3398	169.8493	0.8065883	1.192059	2.11655
5112	-402.6684	-572.4038	169.7354	1.605128	0.81318	1.913165
5118	-413.7748	-582.8518	169.077	1.26622	1.09031	2.383073
5124	-423.4749	-594.2929	170.818	0.3854484	0.8525717	1.978905
5130	-421.0073	-591.5799	170.5726	0.5737706	1.102178	1.848556
5136	-425.7861	-595.4083	169.6222	0.1420813	1.071213	2.754538
5142	-416.6765	-586.0735	169.397	0.5398022	1.071213	2.64863
5148	-424.6148	-594.8524	170.2376	0.09790523	1.403787	2.18735
5154	-414.8437	-584.484	169.6403	0.3525901	1.098589	2.597083
5160	-407.2934	-576.8232	169.5298	0.3229604	0.6535299	2.954098
5166	-409.8407	-578.7333	168.8926	0.3990046	1.014593	3.074009
5172	-401.7069	-572.1705	170.4636	0.06510665	0.8831625	2.396791
5178	-412.4562	-582.0444	169.5883	0.110142	0.8200965	2.946734
5184	-411.9619	-582.4555	170.4936	0.1249145	0.9508743	2.29668
5190	-423.529	-593.6446	170.1156	0.5009951	0.7268079	2.439915
5196	-414.6091	-584.7773	170.1682	0.6810219	1.053272	2.080792
5202	-420.1404	-588.3616	168.2212	0.7155295	0.8160998	3.401321
5208	-416.0754	-585.4404	169.3651	0.4916312	0.6442051	2.957337
5214	-425.9882	-596.2966	170.3084	0.6264003	0.975243	2.0758
5220	-409.2417	-578.9805	169.7388	0.263978	0.8042347	2.771921
5226	-409.8029	-579.0625	169.2596	0.3803553	0.6225191	3.100138
5232	-411.2771	-580.8868	169.6097	0.3016238	0.5943175	2.95448
5238	-419.8099	-586.9281	167.1183	1.066542	0.5943175	3.96481
5244	-403.6432	-573.714	170.0708	0.1455199	0.7393476	2.680888
5250	-417.5924	-588.1244	170.532	0.3138548	1.03489	2.095069
5256	-411.1488	-580.5787	169.4299	0.3406094	0.9249863	2.839737
5262	-412.2506	-582.0661	169.8155	0.3850962	1.043933	2.501909
5268	-415.5465	-584.5673	169.0207	0.1943691	0.882111	3.198365
5274	-413.5002	-582.5339	169.0336	0.154917	0.9086308	3.198365
5280	-411.5964	-581.0591	169.4627	0.2070895	0.6572269	3.061626
5286	-413.4787	-583.7677	170.289	0.01070356	1.076707	2.419143
5292	-405.6158	-575.5542	169.9384	0.02938031	1.076917	2.626042
5298	-415.4916	-585.1914	169.6999	0.06896123	0.6449954	3.009646
5304	-415.0852	-584.6168	169.5316	0.6806239	0.7212615	2.694498
5310	-407.219	-576.5089	169.2899	0.6109407	1.005807	2.710984
5316	-411.9056	-581.648	169.7424	0.6109407	0.806722	2.554555
5322	-420.2308	-589.8196	169.5888	1.131269	0.8944809	2.267764
5328	-416.4631	-586.0112	169.5481	0.5597069	1.226692	2.445501
5334	-419.5509	-590.0031	170.4523	0.6159462	0.740975	2.141902
5340	-422.4625	-592.7833	170.3208	0.3659153	0.6639508	2.435324
5346	-429.1005	-598.8534	169.7528	0.4651604	1.107489	2.451186
5352	-418.4682	-588.712	170.2438	0.4479677	1.067529	2.174388
5358	-417.8552	-587.7807	169.9255	0.3262525	1.372114	2.261784
5364	-415.392	-585.1099	169.7179	0.4902254	1.2558	2.363802
5370	-419.1299	-589.3262	170.1964	0.6326872	1.00732	2.124148
5376	-423.0486	-593.4326	170.384	0.2646048	0.9369256	2.286381
5382	-415.1777	-585.2221	170.0444	0.5395495	1.001532	2.286381
5388	-416.5689	-586.1301	169.5612	0.45157	0.9897362	2.652045
5394	-417.1211	-587.2305	170.1095	0.6169556	1.044247	2.166973
5400	-415.9672	-586.2469	170.2796	0.5579312	1.542379	1.757659
5406	-413.4388	-584.3498	170.911	0.04092492	1.542379	1.676994
5412	-417.0562	-587.1548	170.0986	0.1986624	1.199152	2.343171
5418	-413.1702	-582.5912	169.4211	0.5797164	1.384693	2.413424
5424	-412.0723	-581.1517	169.0794	0.2590142	0.8660177	3.134673
5430	-416.0689	-585.215	169.1461	1.56238	0.9629282	2.231218
5436	-410.9719	-581.1431	170.1712	0.3769045	0.887472	2.381779
5442	-413.3719	-582.8997	169.5278	0.3946942	1.179239	2.590721
5448	-419.0369	-588.3218	169.285	0.4153233	1.283954	2.663313
5454	-431.2874	-601.2184	169.931	0.2167561	1.283954	2.38425
5460	-424.0666	-593.9102	169.8435	0.3041651	1.283954	2.38425
5466	-420.3345	-590.0363	169.7018	1.028498	1.128538	2.109416
5472	-430.3119	-600.0213	169.7094	1.028498	1.452399	1.888346
5478	-429.2419	-598.5754	169.3335	0.6603098	1.076352	2.610276
5484	-431.7354	-601.3977	169.6623	0.5515811	0.9589384	2.546633
5490	-431.5864	-600.9652	169.3787	0.5468866	1.163784	2.598374
5496	-415.7412	-585.4463	169.7051	0.353475	0.9360355	2.656911
5502	-419.3459	-588.8551	169.5092	0.353475	0.898622	2.799754
5508	-440.7489	-610.7137	169.9649	0.07945169	0.7676841	2.768843
5514	-419.9516	-589.5419	169.5904	0.1823758	1.024087	2.778122
5520	-414.063	-583.5977	169.5347	0.5884182	1.237079	2.429329
5526	-412.3102	-581.8903	169.5801	0.2761479	0.864992	2.824132
5532	-399.6764	-569.8376	170.1612	0.1441826	1.26211	2.297863
5538	-417.8241	-588.5097	170.6856	0.9521679	0.9255839	1.627454
5544	-412.1171	-581.3742	169.257	0.8296365	1.21166	2.468216
5550	-419.9037	-589.0786	169.1749	0.6589986	1.11448	2.685363
5556	-414.0731	-584.1048	170.0317	0.08797431	0.8287309	2.685363
5562	-415.3516	-585.2447	169.8931	0.0765587	0.9445725	2.706312
5568	-417.2916	-587.276	169.9844	0.118225	0.9486973	2.621957
5574	-429.4189	-598.5767	169.1578	0.3054121	1.222174	2.845875
5580	-415.0028	-584.345	169.3423	0.3013243	1.041827	2.845875
5586	-422.0094	-590.9087	168.8993	0.631895	0.6819974	3.129492
5592	-427.0856	-596.3984	169.3128	0.1637031	0.8326027	3.072289
5598	-396.915	-567.0819	170.1669	0.130946	0.7511098	2.623412
5604	-413.1411	-582.5706	169.4295	0.1960659	0.8540781	2.970118
5610	-423.3954	-593.1921	169.7967	0.5863823	0.6962976	2.604589
5616	-420.2796	-589.5039	169.2243	0.5824409	0.6496525	2.984086
5622	-409.8754	-580.1227	170.2473	0.47804	0.8487452	2.293702
5628	-410.4542	-581.0071	170.5529	0.1033228	0.8746479	2.321258
5634	-416.235	-586.1415	169.9065	0.1858357	1.23062	2.4528
5640	-409.8473	-580.248	170.4007	0.3673245	0.8048729	2.294453
5646	-410.9585	-580.8261	169.8676	0.5611308	0.8719752	2.466712
5652	-419.0768	-586.3198	167.2431	0.5057185	0.6061608	4.206483
5658	-417.9583	-582.6345	164.6762	2.270182	0.4436955	4.74962
5664	-417.254	-583.9402	166.6862	0.5866045	0.6256326	4.464497
5670	-429.6946	-597.7143	168.0197	0.1484854	0.6573119	3.938266
5676	-421.8786	-590.475	168.5964	0.3834283	0.7432158	3.418766
5682	-421.1104	-590.2568	169.1464	0.41264	0.6784672	3.115002
5688	-426.919	-593.9551	167.0361	2.085951	0.5698344	3.43698
5694	-438.6527	-607.1334	168.4807	0.1363495	0.7244492	3.640999
5700	-417.0577	-585.9779	168.9202	0.2456658	0.9891967	3.164056
5706	-418.6275	-586.0837	167.4562	2.055552	0.7269491	3.114278
5712	-426.4057	-596.2925	169.8868	0.2303828	1.069326	2.538089
5718	-421.5159	-591.7389	170.2231	0.4058181	1.023021	2.243771
5724	-425.8743	-594.7427	168.8684	1.076594	1.47096	2.394182
5730	-426.1288	-596.275	170.1462	1.076594	1.089336	1.804813
5736	-428.1906	-598.0739	169.8834	0.5723425	1.179489	2.254517
5742	-413.4814	-583.299	169.8176	0.7368278	1.049731	2.274436
5748	-424.2698	-594.0623	169.7925	0.1416249	0.805661	2.812829
5754	-417.3603	-586.6386	169.2784	0.5215595	0.8155273	2.888247
5760	-421.3095	-590.5197	169.2102	1.65641	0.7614529	2.259075
5766	-409.3583	-578.755	169.3967	1.11519	0.8765751	2.411568
5772	-435.5507	-605.0251	169.4744	1.074128	1.186938	2.189813
5778	-434.1537	-603.5275	169.3738	0.7602924	2.051336	1.891643
5784	-431.029	-601.2828	170.2538	0.7602924	1.380929	1.747134
5790	-425.372	-594.2507	168.8787	0.6820105	0.9381248	2.958569
5796	-417.536	-587.3124	169.7764	0.255066	0.6809686	2.829473
5802	-420.1426	-590.0598	169.9173	0.1466976	0.648451	2.829473
5808	-421.3673	-591.4318	170.0646	0.4107235	1.343867	2.135374
5814	-420.1991	-590.5137	170.3147	0.2847629	1.219763	2.135374
5820	-423.8064	-593.613	169.8066	0.2847629	0.7826411	2.73096
5826	-421.2106	-590.8691	169.6585	0.5923053	0.8171209	2.611663
5832	-412.4121	-581.893	169.481	0.2744564	0.9500215	2.833719
5838	-416.2794	-585.3543	169.0749	0.4153217	0.736059	3.121663
5844	-420.0588	-589.963	169.9042	0.3805006	0.9968667	2.478708
5850	-428.5823	-598.8283	170.246	0.06651009	1.049782	2.428035
5856	-418.2647	-587.4383	169.1736	0.9504944	0.7832721	2.710546
5862	-408.2272	-577.5733	169.3461	0.4600675	0.829909	2.875757
5868	-416.9765	-587.2196	170.2431	0.3405633	0.5813658	2.551429
5874	-414.6953	-584.0942	169.3989	0.406748	0.7188619	2.943095
5880	-415.4791	-585.2501	169.771	0.3368534	0.7477815	2.742196
5886	-410.0582	-579.2563	169.1981	0.1380156	1.137535	2.973725
5892	-412.1714	-582.0672	169.8959	0.5148519	1.105834	2.330373
5898	-418.6071	-587.5727	168.9656	1.078266	1.252002	2.469778
5904	-425.2654	-593.7211	168.4557	0.2199589	0.912494	3.497582
5910	-420.5699	-591.1917	170.6218	0.2271742	1.040409	2.089393
5916	-427.1267	-596.9319	169.8052	0.9434163	1.146494	2.085641
5922	-421.166	-591.1253	169.9593	0.5521405	1.04489	2.305026
5928	-425.4508	-594.7214	169.2706	1.51411	1.031613	2.137208
5934	-415.6515	-586.3937	170.7422	0.2038026	0.9413942	2.090711
5940	-421.1496	-590.4207	169.2711	0.4274322	0.6491874	3.049216
5946	-410.2086	-578.2133	168.0047	1.590652	0.6554501	3.107103
5952	-404.9628	-574.3758	169.4129	0.1375457	0.7002782	3.107103
5958	-407.7023	-577.55	169.8477	0.5671906	1.258457	2.229983
5964	-411.2359	-580.9684	169.7325	0.9293539	1.160392	2.133382
5970	-428.0481	-597.6865	169.6383	0.424529	1.014739	2.605705
5976	-418.038	-587.8799	169.842	0.1781662	0.9838865	2.651111
5982	-434.5927	-604.1746	169.5818	0.5604355	1.039911	2.540803
5988	-420.7251	-589.2015	168.4764	0.3385218	0.7787528	3.494395
5994	-417.6783	-586.7186	169.0403	0.3589877	0.6001377	3.256225
6000	-421.2197	-590.7667	169.5469	0.6765494	0.9302931	2.558471
6006	-413.5651	-583.4433	169.8781	0.3954302	0.9618856	2.50757
6012	-425.81	-596.3273	170.5173	0.4186798	1.154046	1.956081
6018	-414.7831	-585.3796	170.5966	0.1572092	1.536127	1.820158
6024	-423.401	-593.2586	169.8576	0.1753236	1.221772	2.495574
6030	-414.5915	-583.9257	169.3341	0.4443538	1.016939	2.778961
6036	-413.3062	-583.409	170.1028	0.4604752	0.8312755	2.407707
6042	-409.9681	-580.1227	170.1546	0.6323619	1.021994	2.142042
6048	-412.028	-582.1536	170.1257	0.4566032	1.216171	2.148904
6054	-412.9671	-583.9122	170.9451	0.0525514	1.066346	1.973557
6060	-399.8554	-569.8802	170.0248	0.2208759	0.9844276	2.510926
6066	-414.8559	-583.2757	168.4198	0.3606089	0.6769427	3.573783
6072	-422.0944	-591.2082	169.1138	1.255059	0.8240909	2.534061
6078	-414.3092	-585.0839	170.7746	0.1841801	0.9339479	2.087182
6084	-422.7382	-592.8624	170.1242	0.5842405	1.49963	1.876259
6090	-411.9364	-581.9971	170.0607	0.03472698	0.6713849	2.796408
6096	-406.3241	-576.7083	170.3842	0.2005312	1.04105	2.260565
6102	-416.7149	-586.2745	169.5596	0.7554321	1.658953	2.033505
6108	-401.9625	-572.5347	170.5723	0.2562354	1.541381	1.764688
6114	-406.2402	-576.5105	170.2703	0.9346073	1.439343	1.568608
6120	-414.0148	-582.6818	168.667	0.9346073	1.871546	2.357974
6126	-407.3389	-577.2828	169.9439	0.9346073	1.450248	1.793285
6132	-420.1371	-590.1701	170.033	0.122554	1.057521	2.521555
6138	-415.4839	-584.4202	168.9363	0.3303533	0.773851	3.231912
6144	-413.5341	-582.8326	169.2985	0.6295857	0.7323357	2.861029
6150	-408.088	-577.5598	169.4718	0.6292325	1.044139	2.563797
6156	-412.3261	-581.7384	169.4123	0.5183307	0.8228009	2.804559
6162	-415.2322	-585.5278	170.2957	0.8737784	1.031354	1.881202
6168	-415.1921	-585.0762	169.8841	0.7690159	1.080038	2.191327
6174	-419.7569	-589.9459	170.189	0.4499744	1.094142	2.191327
6180	-415.6611	-585.7503	170.0893	0.2597588	1.210437	2.303022
6186	-413.9284	-584.0314	170.103	0.1006824	1.173908	2.418396
6192	-412.3692	-582.9347	170.5655	0.2549531	1.065411	2.091673
6198	-413.0183	-581.9475	168.9292	0.6384355	1.041693	2.891953
6204	-415.3595	-584.6663	169.3068	0.2048941	0.9638091	2.972608
6210	-420.3096	-590.0408	169.7312	0.5864517	1.202322	2.328211
6216	-413.5259	-583.8106	170.2847	0.5864517	1.371769	1.852452
6222	-427.999	-598.0069	170.0078	0.1540269	1.057979	2.517309
6228	-414.0043	-584.8866	170.8823	0.154431	1.258373	1.816591
6234	-411.1221	-581.9853	170.8632	0.233442	1.19846	1.816591
6240	-406.7189	-576.404	169.6852	0.3804255	1.348764	2.395188
6246	-419.6878	-590.2453	170.5575	0.3764232	1.348764	1.825098
6252	-418.5336	-588.8135	170.28	0.3764232	1.348764	2.012843
6258	-414.643	-584.5727	169.9298	0.1204651	1.016916	2.612163
6264	-421.8815	-592.3034	170.4219	0.06410194	1.044908	2.32123
6270	-417.0874	-587.0027	169.9153	0.6288043	1.647568	1.887439
6276	-419.4462	-588.9931	169.547	0.4651814	1.324255	2.444314
6282	-427.957	-597.8983	169.9413	0.2439873	0.7840531	2.672474
6288	-427.2366	-597.1224	169.8859	1.105802	1.090654	1.961286
6294	-420.5597	-590.0977	169.538	1.158669	0.7481379	2.375933
6300	-422.5902	-592.3088	169.7187	0.03437279	0.9795809	2.817206
6306	-412.7925	-582.6031	169.8106	0.02872823	0.8933061	2.817206
6312	-408.6113	-578.452	169.8407	0.1515024	0.7404395	2.817206
6318	-426.6889	-595.8115	169.1226	0.8160463	0.7940178	2.817206
6324	-413.419	-582.4296	169.0106	0.6729367	0.9549834	2.874274
6330	-416.8754	-586.0773	169.202	0.2491083	0.9549834	3.014289
6336	-420.9003	-590.4791	169.5787	0.6629313	1.15339	2.407384
6342	-434.5291	-603.7995	169.2704	0.9365913	1.501397	2.207333
6348	-430.8741	-600.5854	169.7113	0.8745767	1.000664	2.285739
6354	-428.848	-597.9281	169.0801	0.5039986	0.6611239	3.110391
6360	-429.2456	-598.453	169.2074	0.5631084	0.6971977	2.977289
6366	-428.0501	-597.2468	169.1967	0.536035	0.6344438	3.03758
6372	-436.8095	-605.9065	169.0969	0.5144398	0.9318655	2.931836
6378	-429.6532	-598.2504	168.5972	0.5252298	0.9318655	3.223744
6384	-434.9901	-604.1481	169.158	0.347712	0.5486507	3.223744
6390	-420.8535	-590.0874	169.2339	0.1188061	0.8016864	3.164422
6396	-417.8781	-587.8168	169.9387	0.1685275	0.9906699	2.59311
6402	-409.8323	-578.832	168.9997	0.2455698	0.8468224	3.201407
6408	-405.8792	-575.2594	169.3803	0.04105289	0.8476366	3.096255
6414	-402.7472	-571.7292	168.9819	0.04596744	0.8815933	3.309247
6420	-413.694	-581.8719	168.1778	0.4875848	0.6631185	3.648535
6426	-405.268	-574.0067	168.7387	0.2687832	0.7117964	3.420958
6432	-402.024	-571.2351	169.2111	0.2838243	0.6978252	3.141661
6438	-415.2264	-585.287	170.0607	0.004255417	0.9951977	2.616487
6444	-399.4162	-568.1697	168.7534	0.4936079	0.663677	3.308542
6450	-410.2476	-578.8465	168.5989	0.8223578	0.6557302	3.210318
6456	-408.7143	-578.7456	170.0312	0.1526603	1.286858	2.359481
6462	-410.4834	-580.5976	170.1142	0.2339702	1.286858	2.254611
6468	-413.7147	-584.1078	170.3931	0.2514828	1.257466	2.081033
6474	-406.8137	-576.1738	169.3601	0.6396584	1.20649	2.525765
6480	-421.9947	-591.2244	169.2298	1.594998	1.097396	2.067796
6486	-415.2934	-585.3042	170.0108	0.3675636	1.193634	2.29501
6492	-419.4094	-589.1165	169.7071	0.1878784	0.807139	2.835716
6498	-427.2345	-597.08	169.8455	0.6484254	1.605539	1.949757
6504	-417.748	-587.3212	169.5732	0.1130128	0.7202484	3.014047
6510	-421.0232	-591.0583	170.035	0.5761092	1.275427	2.091227
6516	-422.9309	-592.9058	169.9749	1.079006	0.8326441	2.091227
6522	-431.5299	-600.7725	169.2426	0.6950375	0.8402569	2.789643
6528	-424.9089	-594.6646	169.7557	0.8272141	1.277057	2.108699
6534	-422.3839	-592.2051	169.8212	0.4022946	0.7778819	2.652735
6540	-423.207	-592.6029	169.3959	0.6594671	1.116041	2.547487
6546	-423.4286	-593.0429	169.6143	0.4553751	0.802452	2.732135
6552	-422.423	-590.9032	168.4801	0.5519065	0.9856914	3.245388
6558	-413.1668	-583.127	169.9602	0.2623938	1.264763	2.348943
6564	-409.4454	-579.3739	169.9285	0.4896763	0.8786795	2.469171
6570	-420.5996	-590.2601	169.6605	0.5011393	0.9566925	2.580446
6576	-422.6549	-592.5471	169.8922	0.2997727	1.401511	2.281239
6582	-415.585	-584.7783	169.1932	0.2922446	0.8755201	3.041273
6588	-408.353	-578.0122	169.6592	1.460942	1.309307	1.722959
6594	-411.8931	-581.1056	169.2125	1.544751	0.8414582	2.277925
6600	-398.5591	-568.6871	170.128	0.1989337	1.271796	2.277925
6606	-406.9627	-576.8352	169.8724	0.5045806	1.111408	2.348262
6612	-405.5679	-575.2879	169.72	0.5382751	1.077945	2.444446
6618	-399.9103	-569.5377	169.6274	0.2077133	1.074071	2.709443
6624	-407.0778	-577.6258	170.5481	0.3514616	1.083518	2.027512
6630	-400.5477	-570.9353	170.3876	0.4006147	1.198503	2.02508
6636	-408.6597	-578.5534	169.8937	0.566376	1.005513	2.362764
6642	-404.7917	-574.9903	170.1986	0.09942764	1.538503	2.124043
6648	-401.9153	-571.8551	169.9398	0.1197827	1.043991	2.589593
6654	-403.8262	-573.2612	169.4349	0.2197363	0.9182368	2.913947
6660	-409.3783	-578.8336	169.4553	0.1817584	0.9358277	2.913947
6666	-410.7051	-581.0723	170.3672	0.2172558	1.191879	2.163297
6672	-412.2061	-581.7467	169.5406	0.4034998	1.028074	2.670741
6678	-412.6744	-582.3265	169.6522	0.2908307	0.8858121	2.758604
6684	-419.6164	-589.8941	170.2777	0.1170016	0.767224	2.553374
6690	-413.1602	-581.8481	168.6879	0.5273843	0.8782825	3.200525
6696	-412.2522	-582.5711	170.3189	0.5645192	1.153711	1.99151
6702	-424.301	-593.7263	169.4252	1.707459	1.080548	1.872708
6708	-423.4407	-593.0058	169.5651	1.687783	1.011032	1.838044
6714	-417.803	-588.0223	170.2193	0.7750713	0.8955903	2.089017
6720	-414.6378	-585.055	170.4172	0.410889	1.205063	1.994174
6726	-419.6732	-589.3392	169.666	0.3357699	0.9369837	2.691256
6732	-409.5658	-579.6113	170.0455	0.3357699	0.8096686	2.535351
6738	-411.7259	-581.3299	169.6039	1.097136	0.8273135	2.322849
6744	-408.8255	-578.7114	169.8859	0.6951328	1.870528	1.707318
6750	-413.7568	-584.2914	170.5345	0.5074712	1.304355	1.781065
6756	-419.384	-589.455	170.071	0.1177534	1.532334	2.199098
6762	-430.5657	-601.1594	170.5937	0.06798136	1.1979	2.108961
6768	-419.714	-589.8162	170.1021	0.08912421	0.9282505	2.57974
6774	-409.272	-578.8089	169.5369	0.1158421	0.6398273	3.082197
6780	-419.8742	-589.733	169.8588	1.193454	1.298054	1.778339
6786	-409.9532	-579.0679	169.1147	0.7437259	0.8096838	2.856384
6792	-422.3856	-591.8387	169.453	0.7437259	1.185508	2.415466
6798	-423.9721	-593.5732	169.6011	0.6724299	0.9622191	2.507388
6804	-416.9484	-586.8119	169.8635	0.2545739	0.7690665	2.722947
6810	-419.5162	-588.4936	168.9774	0.3305117	0.7274296	3.234993
6816	-420.1505	-590.03	169.8795	0.1508704	0.9321388	2.676646
6822	-422.7218	-592.1385	169.4167	0.03132695	0.7755571	3.123276
6828	-411.3059	-581.8504	170.5445	0.4564566	0.9763474	2.031351
6834	-410.4171	-581.1054	170.6883	0.08462326	0.8909157	2.236105
6840	-415.7354	-585.3565	169.6211	0.2445732	1.102786	2.673015
6846	-422.8471	-592.6201	169.7731	0.5863048	0.8615677	2.516642
6852	-412.4019	-581.9332	169.5313	0.4760086	0.7928042	2.776092
6858	-410.7502	-580.2919	169.5416	0.4078234	0.7928042	2.811333
6864	-416.0542	-585.7138	169.6596	0.2238097	0.8588981	2.811333
6870	-409.5397	-580.034	170.4944	0.2130725	1.059771	2.16923
6876	-416.7238	-586.8497	170.1259	0.4184903	0.9719844	2.330504
6882	-407.4746	-577.8935	170.4189	0.2077985	1.262574	2.089428
6888	-404.5465	-574.1228	169.5764	0.9498514	0.8778183	2.401723
6894	-400.2797	-569.2343	168.9546	0.4008963	0.6862789	3.231206
6900	-405.204	-574.7436	169.5397	0.1464636	0.5948704	3.089076
6906	-394.638	-564.4201	169.7821	0.03512927	0.5948704	3.010684
6912	-409.1542	-579.3018	170.1477	0.5411323	0.8373798	2.324254
6918	-412.8013	-582.2231	169.4218	0.5577449	0.9956418	2.668861
6924	-436.913	-606.6558	169.7428	0.481903	1.029845	2.495657
6930	-422.7267	-591.7223	168.9956	0.563435	0.7775063	3.055899
6936	-432.6081	-599.6861	167.078	0.563435	0.698693	4.214897
6942	-415.2404	-584.7863	169.5459	0.9327064	0.826164	2.464182
6948	-417.7985	-587.6727	169.8742	1.338572	1.060349	1.831696
6954	-415.6582	-585.6233	169.9651	1.152987	1.155013	1.831696
6960	-419.089	-588.7403	169.6512	0.4802173	1.22935	2.428971
6966	-407.6102	-577.8207	170.2105	0.4802173	1.127707	2.135885
6972	-416.3984	-586.721	170.3225	0.3165376	1.265257	2.079561
6978	-406.3786	-576.4353	170.0567	0.627368	1.22025	2.079561
6984	-429.7929	-598.941	169.1481	0.6148824	1.22025	2.663912
6990	-426.3871	-595.2291	168.842	0.3715806	0.9352866	3.167734
6996	-422.2365	-591.3772	169.1408	0.6607188	0.9892048	2.781858
7002	-422.0542	-591.3315	169.2773	0.4674486	0.8805222	2.882308
7008	-426.3872	-594.9543	168.5671	0.4238742	0.6823928	3.447833
7014	-421.0156	-591.3796	170.3639	0.1069109	1.11755	2.284518
7020	-414.9358	-585.4624	170.5265	0.5100991	1.093248	1.929267
7026	-407.5862	-577.4187	169.8325	0.2996593	0.7972608	2.697001
7032	-427.4588	-597.9419	170.4832	0.2323077	1.031382	2.182428
7038	-410.4932	-580.1708	169.6776	0.5117016	1.031382	2.51679
7044	-405.8011	-575.8937	170.0926	0.1243363	1.003768	2.51679
7050	-405.2067	-574.5883	169.3816	0.1124413	0.7925655	3.08574
7056	-403.8481	-573.9051	170.057	0.2095544	1.085543	2.434478
7062	-417.4908	-587.1127	169.6219	0.5829992	1.085543	2.473174
7068	-412.3121	-582.6908	170.3787	0.6949014	1.16531	1.855154
7074	-413.0981	-581.422	168.3239	0.6949014	1.182277	3.136666
7080	-409.854	-579.5498	169.6958	0.5147091	0.7854688	2.656077
7086	-407.9642	-578.8683	170.9041	0.1382225	1.092372	1.926042
7092	-396.5425	-566.6759	170.1334	0.03657683	1.093442	2.490095
7098	-402.6971	-572.9965	170.2995	0.09690124	1.343714	2.186835
7104	-406.1136	-576.2801	170.1664	0.4776589	1.343714	2.024374
7110	-403.7796	-573.3567	169.5771	0.5699984	1.840661	2.024374
7116	-404.4175	-574.4637	170.0462	0.3623773	1.341637	2.180237
7122	-406.1597	-575.9453	169.7857	1.138994	1.591738	1.661219
7128	-404.812	-574.4615	169.6495	0.9481318	0.7452983	2.440233
7134	-411.3974	-581.0341	169.6367	0.2332399	0.9906963	2.73913
7140	-414.1381	-582.989	168.8509	1.747682	0.8541778	2.37087
7146	-411.5837	-581.0261	169.4424	0.7390713	0.8850944	2.612529
7152	-434.3813	-603.8061	169.4248	0.8753545	0.9310766	2.510221
7158	-421.6684	-591.5714	169.903	0.3971667	0.9310766	2.510221
7164	-428.9552	-599.1011	170.1459	1.392062	0.9105195	1.709504
7170	-420.6869	-590.7808	170.0939	0.7805729	0.9796184	2.112572
7176	-417.159	-586.1839	169.0249	0.6652318	0.9415979	2.878364
7182	-414.3382	-584.6748	170.3366	0.2661858	0.9351678	2.316715
7188	-418.167	-587.528	169.361	1.545311	1.090422	2.018452
7194	-417.1825	-587.7375	170.555	0.2961144	1.145556	2.018452
7200	-419.1	-588.1506	169.0506	0.3613441	1.164095	2.912073
7206	-410.0238	-580.3983	170.3745	0.3613441	1.164095	2.082437
7212	-409.7471	-579.9158	170.1687	0.4183452	1.413742	2.015717
7218	-412.5341	-582.2471	169.713	1.0464	0.9708308	2.193182
7224	-426.3317	-594.8425	168.5108	1.792184	1.427322	2.193182
7230	-417.7342	-587.2922	169.558	0.8810883	1.880227	1.79983
7236	-412.6538	-583.2566	170.6028	0.4041318	1.246574	1.845176
7242	-405.7034	-575.27	169.5666	0.8192045	1.404129	2.154438
7248	-401.2911	-571.3598	170.0688	0.6842777	1.171743	2.066074
7254	-407.5864	-577.3324	169.7461	0.1894377	0.952386	2.72246
7260	-409.7585	-580.0285	170.2701	0.5493288	0.9044506	2.197347
7266	-406.4944	-575.3643	168.8698	0.8623726	0.9044506	2.875424
7272	-417.0532	-586.4345	169.3813	0.4833709	0.4824421	3.049589
7278	-423.1598	-591.1622	168.0025	0.6227222	0.7210134	3.638305
7284	-416.7643	-587.2184	170.4541	0.5161052	1.215166	1.891696
7290	-418.9781	-588.1277	169.1496	1.32564	0.9291734	2.401486
7296	-417.7527	-587.5902	169.8375	0.6401936	0.7815091	2.492709
7302	-423.1427	-593.3803	170.2376	0.4722789	1.265553	2.032577
7308	-426.5557	-596.3114	169.7557	1.090386	1.129353	2.032577
7314	-419.1596	-588.4971	169.3375	0.7761893	0.7210304	2.755016
7320	-431.7227	-601.4963	169.7736	1.479699	1.026775	1.826911
7326	-414.5654	-584.2361	169.6707	0.6982229	1.439599	2.142323
7332	-415.5834	-585.6419	170.0585	0.02589038	1.687569	2.166128
7338	-407.8697	-578.621	170.7513	0.01314652	1.414518	1.896017
7344	-413.4268	-584.4759	171.049	0.03559394	1.094376	1.896017
7350	-426.1384	-595.8865	169.7481	0.06504372	0.9284228	2.811769
7356	-422.3138	-592.4048	170.0911	0.05903887	1.090894	2.504114
7362	-429.4717	-599.4706	169.9988	0.7389461	0.7550752	2.345453
7368	-419.4069	-589.4892	170.0823	0.6047115	0.8058421	2.345453
7374	-426.7725	-596.9503	170.1778	0.6047115	0.9242406	2.208393
7380	-436.4416	-606.5979	170.1563	0.2706466	1.40868	2.124601
7386	-429.1841	-599.0504	169.8663	0.2881171	1.571665	2.195875
7392	-428.1861	-597.9245	169.7384	0.3314418	1.357975	2.386715
7398	-412.7214	-582.4415	169.72	0.1545698	0.8039204	2.850041
7404	-420.0745	-590.5021	170.4276	0.6254037	0.8373124	2.088793
7410	-413.2631	-582.6888	169.4257	0.4082396	0.8411567	2.852132
7416	-416.6488	-586.1454	169.4966	0.468707	0.8589551	2.761388
7422	-419.794	-589.5057	169.7117	0.468707	0.8589551	2.629323
7428	-415.6369	-585.2323	169.5954	0.468707	1.088259	2.559361
7434	-417.4344	-586.1595	168.7251	1.569721	0.7463464	2.628222
7440	-410.321	-579.6629	169.3419	1.569721	0.8607352	2.165879
7446	-418.6644	-587.339	168.6746	1.776425	0.6802668	2.572442
7452	-417.6422	-586.978	169.3358	0.8760409	0.919396	2.572442
7458	-408.9636	-579.0769	170.1133	0.1196451	0.9505271	2.539998
7464	-410.6643	-580.6034	169.9392	0.2922235	0.9520518	2.539998
7470	-405.5658	-575.698	170.1321	0.09925279	0.9520518	2.539998
7476	-411.0599	-580.2248	169.165	0.340335	0.9648414	2.975829
7482	-417.4811	-587.7087	170.2276	0.006355335	1.130009	2.427007
7488	-409.9925	-579.3479	169.3554	0.009229287	1.133637	2.958921
7494	-412.4256	-582.9193	170.4938	0.1786743	1.005747	2.226838
7500	-409.7449	-579.3625	169.6176	0.7864448	1.285896	2.219273
7506	-408.733	-579.1001	170.3671	0.304284	1.040943	2.204808
7512	-422.3274	-590.9901	168.6626	1.126355	0.803519	2.902117
7518	-415.6158	-584.8472	169.2314	0.5049711	0.8019922	2.934749
7524	-413.9227	-583.3849	169.4622	0.2726386	1.027225	2.799282
7530	-419.2212	-589.795	170.5738	0.1473521	0.8546245	2.292621
7536	-409.4192	-579.7744	170.3552	0.1959314	1.123812	2.228915
7542	-413.4965	-582.3561	168.8596	0.4781177	0.7849344	3.183269
7548	-411.7389	-582.0227	170.2838	0.04908256	0.9590023	2.472287
7554	-409.2643	-579.3385	170.0742	0.7064376	0.9590023	2.187114
7560	-410.1934	-580.3285	170.1351	0.7064376	1.033433	2.09882
7566	-407.988	-577.7928	169.8048	0.1305337	1.052699	2.660949
7572	-419.6236	-589.7556	170.1319	0.4520858	0.9186607	2.339203
7578	-416.4206	-586.1	169.6794	1.1485	1.329333	1.910754
7584	-416.1732	-585.6878	169.5145	1.184457	0.7768836	2.356235
7590	-421.4051	-590.6855	169.2805	0.4984198	0.7974997	2.91183
7596	-425.8043	-594.193	168.3887	0.7235251	1.464171	2.91183
7602	-424.188	-593.1455	168.9575	0.6509524	1.041813	2.867165
7608	-428.1345	-597.0621	168.9276	0.2843563	0.710648	3.30152
7614	-411.2554	-580.832	169.5766	0.5916828	0.7239888	2.719774
7620	-415.0833	-584.5058	169.4225	0.06067246	1.237314	2.824583
7626	-428.9581	-599.3088	170.3507	0.01089243	1.162329	2.325668
7632	-421.3426	-591.5438	170.2012	0.1964014	1.103598	2.340165
7638	-429.3836	-599.4844	170.1008	0.1639446	1.665408	2.062521
7644	-414.0528	-583.1403	169.0874	0.5588689	0.9982118	2.870646
7650	-432.7983	-601.3216	168.5232	0.4833744	0.8648497	3.331646
7656	-427.5858	-596.9315	169.3458	0.492574	0.953384	2.781235
7662	-418.7312	-588.1249	169.3937	0.2096929	0.7947196	3.019047
7668	-423.6499	-592.1541	168.5042	0.7938532	0.898307	3.139487
7674	-433.594	-602.8793	169.2853	0.2970303	0.9593617	2.932765
7680	-426.3412	-596.1955	169.8542	0.330845	1.076201	2.491431
7686	-437.4617	-606.3009	168.8392	1.606198	0.8158703	2.491431
7692	-422.2729	-591.469	169.1961	0.3846046	0.7527694	3.057725
7698	-408.5275	-577.8709	169.3434	0.3846046	0.6054941	3.057725
7704	-414.6852	-584.6316	169.9464	0.08048484	0.984096	2.646814
7710	-415.7478	-585.5534	169.8056	0.13595	1.113129	2.619873
7716	-408.1115	-577.8783	169.7668	0.06189968	0.9015913	2.818648
7722	-410.8343	-580.7222	169.888	0.2098305	1.036501	2.570548
7728	-411.0446	-580.6464	169.6018	0.1455362	0.795763	2.931902
7734	-420.7265	-588.8428	168.1164	0.8825415	0.9178733	3.304958
7740	-412.4043	-581.6052	169.2009	0.6205662	0.8004521	2.88433
7746	-420.4816	-589.7539	169.2723	0.5729749	0.9670145	2.768713
7752	-425.2815	-595.1046	169.8231	0.5729749	1.387633	2.158481
7758	-424.1701	-593.9932	169.8231	0.5729749	1.387633	2.158481
7764	-417.8123	-588.1414	170.3291	0.4585585	1.20512	2.021039
7770	-405.9415	-576.3215	170.3801	0.4076248	1.20512	2.021039
7776	-407.0382	-576.1057	169.0675	0.778841	1.210676	2.618444
7782	-400.975	-570.613	169.6379	0.898302	1.333571	2.102247
7788	-415.8015	-584.8514	169.0499	0.898302	1.435588	2.414486
7794	-401.7237	-571.2362	169.5125	0.3381413	1.347118	2.53109
7800	-405.2637	-575.1962	169.9325	0.3381413	1.115653	2.412907
