Iteration	Posterior	Likelihood	Prior	acrv_sd	tree_length
0	-365.8513	-535.7463	169.895	0.4112786	3.074014
6	-370.1863	-540.6764	170.4901	0.1851838	2.852021
12	-373.3768	-544.2764	170.8997	0.0547712	2.681644
18	-363.3937	-534.9674	171.5737	0.1367238	2.206044
24	-376.9584	-548.3068	171.3485	0.5243343	2.100255
30	-368.7495	-539.1095	170.3599	0.3454975	2.833717
36	-366.145	-536.8046	170.6597	0.6090959	2.486751
42	-363.2384	-534.5151	171.2768	0.08458032	2.428628
48	-368.5202	-540.0786	171.5584	0.09305948	2.244066
54	-371.1127	-542.3664	171.2537	0.7461952	2.01635
60	-362.5693	-533.7013	171.132	0.1584361	2.473182
66	-370.8715	-542.2228	171.3513	0.5978559	2.049968
72	-363.163	-535.068	171.905	0.5978559	1.670911
78	-366.1284	-537.2989	171.1705	0.5396055	2.206216
84	-374.0461	-545.0142	170.9681	0.3872256	2.432434
90	-366.986	-538.6327	171.6467	0.2206469	2.10387
96	-366.7357	-537.993	171.2573	0.7340422	2.022006
102	-365.0545	-536.4956	171.4412	0.3409351	2.159529
108	-381.2003	-553.0119	171.8116	0.9733784	1.46362
114	-362.6479	-533.8778	171.2299	0.009756064	2.504955
120	-364.0463	-535.3982	171.3519	0.0102287	2.428144
126	-362.4809	-534.2331	171.7522	0.02146843	2.165018
132	-374.2644	-545.1903	170.9259	0.9505753	2.097871
138	-370.7106	-541.6528	170.9421	0.2000272	2.565671
144	-374.056	-544.9949	170.9389	0.203301	2.565671
150	-372.2183	-543.263	171.0447	0.1771703	2.516022
156	-365.3217	-536.6358	171.3141	0.1094938	2.389329
162	-367.7628	-539.4764	171.7137	0.006829996	2.199491
168	-366.7116	-538.6238	171.9123	0.08772443	2.016276
174	-362.706	-534.0877	171.3818	0.06362641	2.375562
180	-372.1307	-543.3095	171.1788	0.2665974	2.375562
186	-366.6353	-537.6232	170.9879	0.29218	2.479658
192	-375.2942	-546.4168	171.1226	0.1794726	2.465857
198	-361.4675	-532.6535	171.1859	0.11617	2.465857
204	-374.8829	-546.6845	171.8016	0.2246555	1.998815
210	-369.9551	-541.1886	171.2335	0.2277023	2.365559
216	-365.1509	-536.5213	171.3705	0.355843	2.195758
222	-358.0157	-529.2947	171.279	0.3575437	2.253634
228	-365.6445	-536.7352	171.0907	0.06898191	2.554772
234	-374.2902	-544.9643	170.6741	0.2082333	2.725845
240	-384.5098	-556.2572	171.7475	0.1150059	2.107044
246	-373.3139	-544.3627	171.0488	0.394444	2.376937
252	-378.9406	-550.6607	171.7201	0.05031089	2.167133
258	-390.2788	-561.6391	171.3603	0.3302932	2.218831
264	-381.4304	-551.9485	170.5181	0.2341369	2.805295
270	-376.9377	-547.3278	170.3901	0.3620813	2.805295
276	-368.3996	-540.0933	171.6937	0.1030911	2.150002
282	-370.5479	-541.6434	171.0955	0.2217563	2.456336
288	-374.3495	-545.6626	171.3131	0.2217563	2.318724
294	-377.2241	-548.3867	171.1625	0.1725895	2.445121
300	-379.1775	-550.419	171.2415	0.09367497	2.445121
306	-381.8826	-553.032	171.1493	0.1090586	2.493231
312	-375.128	-546.3126	171.1846	0.4281957	2.268891
318	-392.3654	-564.0151	171.6497	0.3963434	1.985607
324	-372.9605	-544.5523	171.5917	0.1591312	2.179828
330	-382.7691	-554.2377	171.4686	0.1795785	2.246153
336	-379.5438	-551.3566	171.8128	0.04234378	2.111871
342	-371.247	-542.9465	171.6995	0.1555796	2.111871
348	-362.7331	-533.8319	171.0987	0.1800786	2.480457
354	-368.4227	-539.9174	171.4947	0.3054557	2.147803
360	-372.3601	-544.3958	172.0357	0.07789777	1.940258
366	-371.7019	-543.3208	171.6189	0.2952322	2.073109
372	-379.9422	-551.2858	171.3436	0.2952322	2.252192
378	-378.3399	-549.6208	171.2809	0.2848131	2.299036
384	-375.0077	-546.584	171.5763	0.09113765	2.233756
390	-381.7167	-552.0421	170.3254	0.06230757	3.025279
396	-358.541	-529.6311	171.0901	0.03961	2.573375
402	-370.2533	-541.6263	171.3731	0.004985379	2.418101
408	-364.4965	-535.3315	170.8349	0.2864718	2.578547
414	-367.7775	-539.1229	171.3454	0.6166271	2.041466
420	-374.0852	-545.6727	171.5875	0.4330628	2.002571
426	-370.3276	-540.9005	170.5729	0.4330628	2.649921
432	-369.832	-540.5685	170.7365	0.5908036	2.450073
438	-375.0149	-546.8477	171.8329	0.3491909	1.893938
444	-374.0773	-545.3221	171.2448	0.1536605	2.405249
450	-364.9281	-535.9173	170.9892	0.0866993	2.606731
456	-368.4387	-539.47	171.0314	0.3853193	2.39373
462	-369.3048	-539.8641	170.5593	0.3498444	2.709443
468	-363.651	-534.8689	171.2179	0.4073623	2.260865
474	-360.6455	-532.2034	171.5579	0.3824319	2.055789
480	-372.8683	-543.1513	170.283	0.4058389	2.843799
486	-372.1628	-542.4244	170.2616	0.4272064	2.843799
492	-374.7926	-546.2563	171.4636	0.3897086	2.113033
498	-359.2621	-530.9889	171.7269	0.1529829	2.095651
504	-365.8169	-536.2592	170.4423	1.437557	2.095651
510	-363.5325	-535.0932	171.5606	0.4056879	2.038629
516	-366.9988	-538.3192	171.3204	0.02810805	2.436703
522	-356.7857	-528.5812	171.7955	0.1491445	2.052958
528	-370.7508	-541.377	170.6262	0.4009426	2.636895
534	-374.936	-545.5534	170.6174	0.5802189	2.531153
540	-365.4681	-537.4346	171.9666	0.203883	1.90183
546	-365.8585	-536.8925	171.034	0.7739696	2.142657
552	-362.0114	-533.4334	171.422	0.6661014	1.9574
558	-366.6118	-538.0493	171.4374	0.2180007	2.241498
564	-370.6379	-542.0955	171.4576	0.1978275	2.241498
570	-376.3198	-546.5209	170.2011	0.2363545	2.995465
576	-365.777	-537.1095	171.3325	0.1349651	2.361571
582	-372.2875	-544.1998	171.9123	0.0591716	2.035216
588	-375.1017	-546.1075	171.0058	0.006671463	2.645913
594	-372.6057	-543.3488	170.7431	0.2422015	2.662646
600	-358.7791	-530.1489	171.3698	0.0127903	2.415225
606	-362.254	-534.1389	171.885	0.009509837	2.086036
612	-365.0953	-537.2401	172.1448	0.09396835	1.855274
618	-379.0062	-549.6062	170.6	0.4892141	2.598523
624	-380.8476	-550.5983	169.7507	0.5106971	3.100753
630	-388.9033	-560.4892	171.5859	0.03160966	2.265863
636	-396.4301	-567.3393	170.9091	0.08442164	2.657571
642	-372.9111	-544.2643	171.3532	0.1942358	2.310711
648	-374.5608	-545.9407	171.3799	0.1858542	2.298996
654	-385.5216	-556.2878	170.7661	0.3819757	2.561982
660	-372.8494	-543.5255	170.6761	0.2681621	2.68789
666	-375.6879	-546.7225	171.0347	0.4379942	2.358276
672	-368.8021	-538.8215	170.0194	0.4328063	2.986636
678	-376.6759	-546.9201	170.2442	0.06655962	3.071311
684	-383.5743	-554.2918	170.7175	0.07515482	2.780648
690	-380.9986	-552.5697	171.5711	0.4100815	2.028786
696	-379.353	-550.2729	170.9199	0.5517809	2.358898
702	-374.1201	-544.783	170.6629	0.2468275	2.709101
708	-368.8547	-540.1302	171.2755	0.2769087	2.307555
714	-378.9187	-549.1298	170.2111	0.3265126	2.935214
720	-378.5072	-549.6116	171.1044	0.02335942	2.574593
726	-367.0964	-538.2203	171.1239	0.02367584	2.562309
732	-377.7067	-548.4497	170.7429	0.4046322	2.562309
738	-367.4648	-538.9561	171.4913	0.6489298	1.922275
744	-367.5719	-538.1973	170.6253	0.1830876	2.771052
750	-363.521	-534.3532	170.8322	0.3305425	2.552871
756	-364.9044	-535.3543	170.4499	0.3239748	2.792129
762	-368.737	-541.0316	172.2946	0.02356768	1.800598
768	-365.7035	-536.265	170.5615	0.09896005	2.860987
774	-367.3225	-539.5474	172.2249	0.147708	1.762802
780	-359.9848	-532.2891	172.3044	0.06821639	1.762802
786	-385.7254	-556.9826	171.2572	0.1325054	2.410733
792	-368.4507	-539.6509	171.2002	0.1055579	2.463555
798	-381.5646	-552.4641	170.8995	0.2646102	2.552017
804	-374.179	-545.3451	171.1661	0.4397075	2.273362
810	-383.6885	-555.5007	171.8122	0.1438399	2.045395
816	-371.1689	-541.8636	170.6947	0.5257869	2.516929
822	-365.7211	-537.5487	171.8277	0.06088304	2.08994
828	-367.9207	-539.7814	171.8606	0.02792602	2.08994
834	-380.4343	-551.5596	171.1253	0.2135557	2.442765
840	-376.5089	-547.7465	171.2375	0.09370445	2.447567
846	-375.0662	-546.1893	171.1232	0.09570905	2.517907
852	-373.8588	-545.1211	171.2623	0.3188964	2.289111
858	-379.9578	-551.333	171.3752	0.2060591	2.289111
864	-374.5756	-546.0788	171.5032	0.08300775	2.285935
870	-364.9576	-536.6493	171.6917	0.09290087	2.157912
876	-389.1753	-560.6385	171.4632	0.05830261	2.327256
882	-381.574	-552.7761	171.2021	0.3680132	2.296211
888	-372.1417	-543.9696	171.8279	0.3250958	1.913627
894	-377.3893	-548.3175	170.9282	0.2815514	2.523619
900	-373.2049	-544.0159	170.811	0.398695	2.523619
906	-366.0354	-537.1169	171.0814	0.3612429	2.377287
912	-367.4106	-538.6555	171.2449	0.1978153	2.377287
918	-364.6536	-536.3601	171.7065	0.01422874	2.199344
924	-353.0611	-524.5486	171.4876	0.2657662	2.178234
930	-373.0859	-543.6488	170.5629	0.2916025	2.742902
936	-361.2162	-532.4416	171.2254	0.08830915	2.458581
942	-366.9176	-538.1926	171.2749	0.03876705	2.458581
948	-367.1825	-538.3947	171.2122	0.1015032	2.458581
954	-361.6472	-532.8146	171.1675	0.2813063	2.373418
960	-366.0279	-537.2075	171.1796	0.2813063	2.365701
966	-368.7482	-540.1504	171.4021	0.2501295	2.243547
972	-383.9105	-555.3257	171.4152	0.02145825	2.381116
978	-373.7462	-544.7406	170.9944	0.2165944	2.522861
984	-366.4305	-538.7884	172.3579	0.0910244	1.709203
990	-378.4787	-550.3728	171.8941	0.2420271	1.925077
996	-366.5412	-537.9128	171.3716	0.2420271	2.268345
1002	-365.3214	-536.4361	171.1147	0.2420271	2.431525
1008	-379.4017	-550.4559	171.0542	0.03389075	2.599173
1014	-361.367	-532.7918	171.4248	0.02036935	2.375702
1020	-358.5021	-529.7232	171.2211	0.05718686	2.48079
1026	-357.4684	-529.2397	171.7713	0.06717911	2.122764
1032	-362.0402	-533.5547	171.5144	0.1531353	2.233674
1038	-365.4203	-536.2609	170.8406	0.581063	2.390555
1044	-360.0382	-531.7415	171.7033	0.3488615	1.981457
1050	-367.8734	-539.1861	171.3127	0.1798411	2.345635
1056	-370.3963	-542.1635	171.7672	0.07705479	2.118987
1062	-361.7906	-533.422	171.6314	0.04556475	2.227641
1068	-368.9329	-540.4804	171.5476	0.4311035	2.030413
1074	-376.132	-547.3452	171.2133	0.4311035	2.248612
1080	-368.1906	-539.1028	170.9121	0.03734105	2.684705
1086	-374.3115	-545.0717	170.7601	0.2519905	2.646134
1092	-368.4288	-539.7342	171.3054	0.5520576	2.110336
1098	-359.9259	-531.7049	171.779	0.3235976	1.947644
1104	-372.5274	-543.7777	171.2503	0.5264997	2.162987
1110	-385.8616	-557.2733	171.4117	0.414593	2.130727
1116	-382.8124	-553.3637	170.5513	0.765907	2.456385
1122	-361.4757	-533.4009	171.9251	0.1478574	1.96753
1128	-365.2708	-537.4008	172.13	0.1383404	1.834999
1134	-379.2344	-551.7472	172.5129	0.176024	1.53569
1140	-368.3168	-540.1925	171.8757	0.8131522	1.53569
1146	-361.6548	-532.9188	171.264	0.3284794	2.281893
1152	-360.5801	-532.0112	171.4311	0.1255338	2.304849
1158	-370.6211	-541.6098	170.9887	0.4511772	2.379053
1164	-392.9373	-563.8579	170.9206	0.5192458	2.379053
1170	-379.6476	-550.1561	170.5084	0.17038	2.849871
1176	-380.448	-551.824	171.376	0.2311847	2.272466
1182	-376.8386	-548.323	171.4845	0.114584	2.277709
1188	-377.0012	-548.0494	171.0482	0.2330775	2.478925
1194	-385.6883	-556.5003	170.812	0.1895675	2.652606
1200	-371.2457	-541.8177	170.572	0.1618761	2.816445
1206	-366.2664	-537.7221	171.4557	0.07772433	2.319622
1212	-363.2455	-534.4906	171.2451	0.2883688	2.319622
1218	-367.8708	-538.8227	170.952	0.5814931	2.319622
1224	-365.5182	-537.1612	171.643	0.4000488	1.987572
1230	-378.7616	-549.6526	170.8911	0.03786723	2.697304
1236	-372.1164	-543.3792	171.2629	0.2749497	2.316836
1242	-363.6482	-534.6786	171.0304	0.4351571	2.362793
1248	-367.4146	-538.0957	170.6812	0.4203875	2.590843
1254	-366.4258	-537.0118	170.586	0.3778441	2.675871
1260	-379.1093	-550.609	171.4996	0.1635432	2.236521
1266	-372.1665	-543.5312	171.3648	0.02795039	2.408858
1272	-371.7935	-543.0952	171.3018	0.09095898	2.408858
1278	-373.4551	-544.7685	171.3134	0.1524472	2.362611
1284	-373.0355	-543.6115	170.576	0.2196373	2.778824
1290	-372.6195	-542.8415	170.222	0.57366	2.778824
1296	-360.7508	-532.1138	171.3631	0.0931224	2.368716
1302	-375.4061	-547.4836	172.0775	0.05231641	1.929286
1308	-375.5011	-546.6807	171.1795	0.3552672	2.318751
1314	-379.6473	-551.3758	171.7285	0.8646447	1.6059
1320	-386.1413	-557.6457	171.5043	0.1202869	2.261311
1326	-379.6123	-550.9486	171.3363	0.2883315	2.261311
1332	-374.333	-545.7192	171.3862	0.1172008	2.338748
1338	-378.8475	-550.4383	171.5908	0.04655058	2.253147
1344	-387.4151	-558.4966	171.0816	0.2128793	2.470657
1350	-380.0381	-550.6516	170.6134	0.2963907	2.709014
1356	-382.5827	-553.4827	170.9	0.009847167	2.709014
1362	-374.1477	-545.3016	171.1539	0.04734486	2.528931
1368	-374.2711	-544.6365	170.3654	0.4661725	2.756926
1374	-370.6435	-542.0536	171.4101	0.4661725	2.097986
1380	-369.0537	-540.1362	171.0825	0.1032367	2.538577
1386	-367.861	-539.4267	171.5657	0.6727992	1.85548
1392	-366.8947	-538.2332	171.3385	0.6452019	2.027072
1398	-368.7836	-540.5456	171.762	0.2583666	2.002712
1404	-365.4393	-536.6158	171.1766	0.2842887	2.36576
1410	-370.5927	-542.0854	171.4927	0.6972144	1.888615
1416	-376.5846	-548.4032	171.8186	0.8294424	1.565842
1422	-369.4617	-540.5809	171.1191	1.022293	1.921483
1428	-368.5132	-538.5124	169.9993	1.818885	2.136045
1434	-380.3481	-551.0389	170.6908	1.818885	1.666016
1440	-379.9722	-550.9395	170.9673	0.4442163	2.396999
1446	-364.3122	-535.6361	171.3239	0.2641498	2.28476
1452	-361.8672	-532.921	171.0538	0.3676254	2.390721
1458	-368.7287	-539.9957	171.2671	0.1543423	2.390721
1464	-377.3275	-548.6462	171.3186	0.0362722	2.432679
1470	-372.801	-544.2182	171.4172	0.3873102	2.144937
1476	-373.5891	-545.234	171.6449	0.2603784	2.078909
1482	-372.0792	-543.5407	171.4615	0.5139145	2.032593
1488	-377.7812	-549.0705	171.2893	0.1549056	2.376322
1494	-373.039	-544.5831	171.5441	0.2787957	2.13297
1500	-373.5422	-544.9537	171.4115	0.3675049	2.16155
1506	-367.1126	-538.445	171.3325	0.3631212	2.215607
1512	-384.189	-555.0309	170.8418	0.5743335	2.394059
1518	-370.5896	-542.3199	171.7303	0.1942542	2.066231
1524	-375.6506	-546.8529	171.2023	0.1023263	2.464267
1530	-374.7768	-545.6604	170.8836	0.2389651	2.577832
1536	-370.1661	-541.1671	171.001	0.1215183	2.577832
1542	-367.736	-539.8055	172.0695	0.385211	1.705069
1548	-379.3832	-550.89	171.5068	0.2974559	2.145084
1554	-394.6545	-565.3236	170.6691	0.4725872	2.565981
1560	-390.1474	-561.284	171.1366	0.0050895	2.565981
1566	-368.1279	-539.2533	171.1254	0.01625601	2.565981
1572	-388.4761	-556.3806	167.9046	2.372055	3.091691
1578	-381.1658	-549.7187	168.5528	2.372055	2.699787
1584	-381.4499	-549.5746	168.1247	2.372055	2.959801
1590	-384.4493	-554.5262	170.0769	0.4198845	2.959801
1596	-366.5522	-538.1982	171.6459	0.3963735	1.988071
1602	-372.3612	-544.0202	171.659	0.4058456	1.972975
1608	-370.084	-540.6932	170.6092	0.5626586	2.547219
1614	-367.3738	-538.1709	170.7971	0.3747216	2.547219
1620	-359.24	-530.7472	171.5072	0.1077876	2.267467
1626	-374.1509	-545.6787	171.5279	0.1876564	2.202737
1632	-373.071	-544.3214	171.2504	0.0150705	2.488802
1638	-376.3339	-548.2525	171.9186	0.03277521	2.04852
1644	-368.88	-540.1796	171.2996	0.5347154	2.125475
1650	-374.7748	-545.235	170.4602	0.454267	2.706179
1656	-373.6406	-544.8469	171.2063	0.77421	2.0292
1662	-369.8789	-541.0853	171.2063	0.77421	2.0292
1668	-381.1602	-552.6152	171.455	0.8477383	1.811301
1674	-367.7599	-539.8156	172.0557	0.2030613	1.841597
1680	-371.7402	-541.5431	169.803	0.6684197	2.97509
1686	-367.8732	-539.8637	171.9906	0.2550921	1.850556
1692	-374.8619	-546.3842	171.5223	0.7233834	1.850556
1698	-372.2695	-544.1852	171.9156	0.7175075	1.576767
1704	-363.6434	-535.052	171.4086	0.0791042	2.348714
1710	-369.436	-540.8272	171.3912	0.1128827	2.338333
1716	-376.3182	-547.6493	171.3311	0.5396152	2.101619
1722	-376.1131	-547.749	171.6359	0.226886	2.106846
1728	-367.0561	-538.5867	171.5306	0.3119284	2.120115
1734	-371.952	-541.473	169.521	0.7387116	3.101798
1740	-366.5993	-537.8344	171.2351	0.6811098	2.071732
1746	-370.0388	-540.6642	170.6254	0.1305146	2.803031
1752	-364.5564	-534.9926	170.4362	0.415277	2.744731
1758	-372.7467	-543.9073	171.1606	0.2474662	2.399157
1764	-367.4292	-539.206	171.7768	0.1575113	2.059802
1770	-391.5138	-562.68	171.1661	0.4448381	2.270067
1776	-379.6771	-550.2147	170.5376	0.3362748	2.731031
1782	-378.6431	-550.3243	171.6813	0.6704623	1.777345
1788	-379.2643	-551.0668	171.8024	0.6704623	1.692225
1794	-376.4296	-547.5817	171.1521	0.156688	2.461672
1800	-376.8955	-548.4244	171.5288	0.3084001	2.123585
1806	-380.1053	-550.6616	170.5564	0.437364	2.657464
1812	-375.2842	-546.6328	171.3486	0.08008933	2.386104
1818	-373.8225	-545.1556	171.3331	0.07615159	2.39839
1824	-367.1907	-538.4967	171.306	0.603796	2.075972
1830	-374.9273	-546.1102	171.1829	0.5866087	2.167735
1836	-368.0023	-539.1852	171.183	0.3234066	2.336867
1842	-366.4523	-537.757	171.3047	0.4458756	2.180042
1848	-356.091	-527.8502	171.7591	0.253311	2.007983
1854	-371.4485	-542.468	171.0196	0.2324872	2.4972
1860	-375.2591	-546.2009	170.9418	0.5797383	2.327232
1866	-369.6342	-541.4995	171.8653	0.06593655	2.061819
1872	-359.849	-531.8634	172.0144	0.09259207	1.9447
1878	-368.592	-539.814	171.222	0.3813338	2.274973
1884	-373.5538	-545.361	171.8071	0.3584823	1.905097
1890	-395.9249	-566.6556	170.7307	0.3230799	2.620419
1896	-384.96	-556.0277	171.0676	0.06830899	2.569523
1902	-375.8658	-546.4338	170.5681	0.2226198	2.781855
1908	-381.2778	-551.7314	170.4536	0.09545124	2.928312
1914	-379.3209	-551.2622	171.9413	0.05477809	2.01887
1920	-383.1645	-555.0843	171.9198	0.07629241	2.01887
1926	-379.932	-550.3583	170.4262	0.7927589	2.517843
1932	-377.7325	-548.949	171.2165	0.772441	2.023602
1938	-369.224	-540.2404	171.0164	0.4623801	2.354406
1944	-382.2964	-552.9552	170.6588	0.3272841	2.662165
1950	-369.6699	-540.8928	171.2228	0.09130807	2.458318
1956	-383.6635	-554.2553	170.5919	0.4453181	2.630663
1962	-374.0628	-545.0638	171.001	0.1866835	2.537375
1968	-387.0117	-557.5087	170.497	0.9499404	2.374585
1974	-389.1314	-560.1487	171.0173	0.7860903	2.145684
1980	-373.7647	-545.6077	171.843	0.377107	1.868055
1986	-374.7911	-546.4101	171.619	0.1199824	2.187533
1992	-367.715	-539.2504	171.5354	0.1345595	2.232136
1998	-367.3079	-538.3623	171.0545	0.4694263	2.325705
2004	-366.7803	-537.9701	171.1898	0.212755	2.402629
2010	-367.0512	-538.96	171.9088	0.1398874	1.983786
2016	-367.2564	-539.0958	171.8394	0.1547281	2.020182
2022	-371.7715	-542.1884	170.4169	0.587334	2.650992
2028	-371.6219	-542.4546	170.8327	0.1715437	2.650992
2034	-374.1251	-545.3868	171.2617	0.04789233	2.46116
2040	-373.1283	-544.1617	171.0334	0.142843	2.544487
2046	-366.5306	-537.955	171.4244	0.04421646	2.360823
2052	-363.1368	-533.392	170.2552	0.5399114	2.77915
2058	-373.9859	-544.9095	170.9236	0.7268389	2.244733
2064	-377.8542	-549.7269	171.8727	0.3471996	1.868157
2070	-377.0503	-547.8748	170.8245	0.0940499	2.703659
2076	-363.9918	-534.9594	170.9676	0.3709271	2.442984
2082	-375.1936	-546.3668	171.1732	0.1653005	2.442984
2088	-374.8684	-546.1212	171.2527	0.1799236	2.383622
2094	-378.2683	-549.9546	171.6863	0.01124336	2.214352
2100	-366.8018	-537.8251	171.0233	0.1421476	2.551182
2106	-366.4118	-537.1542	170.7424	0.2461644	2.660662
2112	-391.0159	-561.9515	170.9356	0.3556859	2.47263
2118	-372.5743	-543.4114	170.8371	0.3686662	2.526098
2124	-376.6813	-548.5122	171.8309	0.4757888	1.808577
2130	-383.8351	-554.803	170.9679	1.056694	1.999902
2136	-371.2433	-542.2954	171.0522	0.7616472	2.138865
2142	-380.5217	-551.3071	170.7854	0.4220048	2.525086
2148	-385.5511	-556.1563	170.6051	0.1714959	2.790426
2154	-363.8329	-535.045	171.2121	0.1575007	2.423427
2160	-367.6717	-538.9099	171.2382	0.1313801	2.423427
2166	-378.15	-548.4621	170.3121	0.4832196	2.779007
2172	-382.1834	-554.1825	171.9991	0.3063867	1.80938
2178	-373.4423	-544.0606	170.6182	0.3063867	2.699952
2184	-359.5398	-531.2199	171.6802	0.0448375	2.196593
2190	-360.8309	-532.3846	171.5536	0.1908031	2.183997
2196	-382.0366	-553.5353	171.4987	0.6205043	1.936482
2202	-372.6038	-544.3342	171.7304	0.0512902	2.159785
2208	-364.2754	-535.2233	170.9479	0.1234044	2.609583
2214	-357.7906	-529.2199	171.4293	0.2312481	2.238211
2220	-358.033	-528.448	170.4151	0.2078122	2.883752
2226	-359.9393	-531.6554	171.7161	0.04637568	2.172297
2232	-359.5127	-531.0555	171.5428	0.2196896	2.172297
2238	-359.2074	-530.5956	171.3883	0.3742125	2.172297
2244	-360.5819	-532.2565	171.6746	0.2260706	2.081937
2250	-371.0363	-542.3784	171.3421	0.212363	2.306218
2256	-367.598	-539.7451	172.1472	0.1054929	1.845766
2262	-362.563	-534.0264	171.4634	0.06113235	2.325276
2268	-371.3406	-542.5235	171.1829	0.08051141	2.490102
2274	-363.5664	-535.23	171.6636	0.1681545	2.127143
2280	-377.3286	-547.4947	170.1662	0.6326375	2.776911
2286	-372.9072	-544.9771	172.0699	0.1183645	1.889711
2292	-369.5241	-540.6886	171.1646	0.198964	2.42725
2298	-365.8027	-537.572	171.7693	0.05243319	2.133689
2304	-379.8347	-551.4657	171.631	0.1367416	2.168845
2310	-385.2346	-556.2829	171.0483	0.3977398	2.375147
2316	-393.753	-565.0214	171.2685	0.2726711	2.314711
2322	-376.4042	-547.884	171.4797	0.06139943	2.314711
2328	-365.4441	-537.1582	171.7141	0.1587393	2.100251
2334	-373.0464	-545.1005	172.0541	0.07633155	1.928879
2340	-368.2548	-539.5916	171.3368	0.234914	2.295176
2346	-363.3442	-534.792	171.4478	0.4850203	2.060799
2352	-357.1128	-528.0103	170.8975	0.3423737	2.504816
2358	-361.0749	-532.2302	171.1554	0.1647507	2.454552
2364	-360.8668	-531.9758	171.1089	0.2111731	2.454552
2370	-375.583	-546.4855	170.9025	0.05236471	2.681393
2376	-371.6394	-542.4313	170.792	0.1628699	2.681393
2382	-369.8941	-541.0169	171.1229	0.3982564	2.327456
2388	-374.7165	-545.3561	170.6396	0.2241514	2.737212
2394	-360.8013	-532.1807	171.3793	0.5495969	2.063338
2400	-355.5231	-527.1034	171.5802	0.4645066	1.986461
2406	-358.4301	-530.1471	171.717	0.4164154	1.926919
2412	-365.6066	-536.7899	171.1833	0.2683429	2.371597
2418	-362.8052	-534.4177	171.6125	0.1867251	2.14837
2424	-365.5539	-536.8412	171.2873	0.5894243	2.097691
2430	-373.8685	-545.0993	171.2308	0.3897095	2.263965
2436	-369.8533	-541.371	171.5177	0.1492895	2.234058
2442	-369.1074	-540.7078	171.6005	0.5427108	1.920296
2448	-358.6555	-529.8439	171.1884	0.4190508	2.272342
2454	-357.5188	-528.9488	171.43	0.1624701	2.281934
2460	-364.303	-536.2583	171.9553	0.0280199	2.027323
2466	-365.1709	-536.791	171.62	0.5877345	1.876447
2472	-364.3974	-535.4423	171.0449	0.5877345	2.25615
2478	-385.3677	-556.098	170.7304	0.5409622	2.485147
2484	-390.3543	-561.6868	171.3326	0.8906314	1.865911
2490	-375.4457	-546.7351	171.2894	0.3987281	2.220412
2496	-381.7077	-552.1661	170.4584	1.389201	2.116823
2502	-380.6423	-551.4187	170.7764	1.389201	1.905087
2508	-363.7843	-535.1809	171.3965	0.4687873	2.105191
2514	-371.0475	-542.8417	171.7943	0.1495427	2.053523
2520	-364.9531	-536.8731	171.9199	0.02387177	2.053523
2526	-366.4378	-538.1129	171.6751	0.1722799	2.116929
2532	-367.0679	-538.295	171.2271	0.8274367	1.979899
2538	-360.5189	-531.8497	171.3308	0.1516434	2.352059
2544	-372.0754	-542.9033	170.8279	0.6545517	2.352059
2550	-362.7957	-533.556	170.7603	0.2413942	2.65254
2556	-365.7694	-536.4665	170.6971	0.4729351	2.548333
2562	-371.6935	-542.3317	170.6382	0.4729351	2.584902
2568	-372.2658	-544.1695	171.9037	0.1674287	1.968776
2574	-363.5714	-535.3223	171.7509	0.284522	1.992673
2580	-371.9018	-543.4631	171.5613	0.7168555	1.828238
2586	-367.9762	-539.518	171.5418	0.979988	1.657366
2592	-370.3552	-539.9717	169.6165	1.872101	2.34818
2598	-367.5811	-538.701	171.1199	0.04683219	2.550429
2604	-377.1557	-547.3166	170.1609	0.1909258	3.046761
2610	-366.2472	-538.0363	171.789	0.1492837	2.057135
2616	-372.6219	-544.1588	171.5369	0.2803276	2.136667
2622	-360.3594	-532.0669	171.7075	0.2803276	2.024353
2628	-367.0617	-538.314	171.2522	0.06893233	2.453898
2634	-370.6543	-542.1037	171.4494	0.08436332	2.319393
2640	-369.3453	-540.4407	171.0954	0.3338833	2.385782
2646	-377.5413	-549.0926	171.5513	0.2421174	2.152151
2652	-378.543	-549.7121	171.1691	0.5741225	2.184787
2658	-367.6927	-539.4894	171.7967	0.0981163	2.085824
2664	-390.0565	-560.2655	170.209	0.2021314	3.011278
2670	-387.6993	-559.1813	171.482	0.3410338	2.132861
2676	-370.6628	-542.2616	171.5988	0.4157889	2.006536
2682	-368.0149	-538.5274	170.5125	0.5655756	2.605366
2688	-376.3767	-548.1517	171.775	0.6969758	1.692863
2694	-375.5137	-546.56	171.0463	1.157096	1.879449
2700	-376.9633	-547.4447	170.4814	0.6222586	2.589532
2706	-370.1134	-540.8515	170.7381	0.06385595	2.77499
2712	-368.3684	-540.4572	172.0887	0.12091	1.875163
2718	-370.3653	-541.0837	170.7183	0.03043192	2.807381
2724	-374.868	-546.6631	171.7951	0.01213795	2.143159
2730	-376.846	-548.5559	171.7099	0.4139462	1.93333
2736	-364.2206	-535.8203	171.5997	0.1554816	2.17704
2742	-379.1657	-550.0618	170.8961	0.3691138	2.488994
2748	-373.5735	-544.0385	170.465	0.1241337	2.904127
2754	-370.9311	-542.4359	171.5048	0.5447062	1.983285
2760	-364.5633	-535.9851	171.4218	0.5447062	2.038474
2766	-370.4419	-541.6157	171.1738	0.2864293	2.366183
2772	-376.2942	-547.0764	170.7823	0.05143012	2.755609
2778	-374.4252	-545.7248	171.2996	0.1929509	2.345652
2784	-379.6479	-550.6203	170.9725	0.2119084	2.539432
2790	-376.215	-547.5315	171.3165	0.2817107	2.278259
2796	-387.6187	-558.5528	170.9341	0.05477758	2.660463
2802	-387.5262	-559.2218	171.6956	0.4488606	1.919446
2808	-378.8842	-549.5721	170.6878	0.4488606	2.569078
2814	-374.5577	-545.6857	171.128	0.07691558	2.526599
2820	-373.8821	-545.4631	171.581	0.1089516	2.219265
2826	-368.6743	-539.3797	170.7054	0.3766931	2.602926
2832	-359.2721	-530.556	171.2839	0.2721042	2.305261
2838	-372.582	-543.6021	171.0202	0.5357968	2.305261
2844	-371.0001	-541.9941	170.994	0.1689938	2.552722
2850	-379.9789	-551.8488	171.8698	0.5163452	1.753306
2856	-387.046	-558.335	171.2889	0.9105994	1.882077
2862	-379.3561	-551.0025	171.6464	0.5622695	1.875833
2868	-385.1135	-554.5754	169.4619	0.4143852	3.328797
2874	-367.0857	-538.4108	171.3251	0.3623481	2.220845
2880	-368.7977	-539.4259	170.6282	0.4279689	2.618954
2886	-371.0473	-542.5108	171.4635	0.8974061	1.770969
2892	-374.2601	-544.8897	170.6297	0.8081028	2.380395
2898	-375.2634	-546.1409	170.8775	0.499953	2.418507
2904	-369.5696	-541.0679	171.4983	0.2242283	2.198183
2910	-372.239	-543.928	171.689	0.09976402	2.155169
2916	-367.702	-539.4998	171.7978	0.1409643	2.056851
2922	-369.1615	-540.5512	171.3897	0.1661711	2.305292
2928	-372.9687	-543.7494	170.7806	0.8491064	2.258012
2934	-376.2141	-547.4153	171.2012	1.571596	1.472855
2940	-381.7103	-551.9958	170.2855	1.542332	2.129694
2946	-373.0914	-544.1828	171.0915	0.1981949	2.473662
2952	-364.5229	-536.2012	171.6783	0.09604051	2.164558
2958	-372.2749	-544.5621	172.2871	0.07449681	1.770435
2964	-370.0262	-541.4611	171.4348	0.02929709	2.363702
2970	-373.8835	-545.4349	171.5513	0.02717516	2.290855
2976	-364.4547	-535.5153	171.0606	0.1856924	2.500774
2982	-361.3987	-532.2952	170.8964	0.07550243	2.670878
2988	-369.6491	-541.6923	172.0431	0.05182723	1.952789
2994	-373.9549	-545.385	171.4301	1.060645	1.679489
3000	-379.9	-550.8136	170.9135	0.02381247	2.692128
3006	-375.6986	-546.9413	171.2427	0.1486898	2.409696
3012	-359.6077	-530.9093	171.3017	0.08972183	2.409696
3018	-367.3992	-538.9639	171.5646	0.4438565	2.010624
3024	-373.8538	-545.2451	171.3912	0.4414168	2.126582
3030	-367.4626	-538.8402	171.3776	0.1587037	2.317781
3036	-367.4718	-539.1208	171.649	0.02011874	2.232686
3042	-365.3345	-536.1515	170.817	0.06917055	2.723522
3048	-373.9869	-545.3874	171.4005	0.367146	2.168952
3054	-399.9682	-570.7087	170.7405	0.4687384	2.523906
3060	-375.2781	-546.7185	171.4403	0.1588728	2.277614
3066	-381.842	-553.0488	171.2067	0.04290448	2.498705
3072	-394.6543	-565.6055	170.9511	0.2380983	2.536408
3078	-375.4799	-546.5522	171.0723	0.145662	2.518479
3084	-376.9517	-547.6794	170.7277	0.1719585	2.715283
3090	-380.4026	-552.0243	171.6217	0.009952468	2.256809
3096	-371.4782	-542.9193	171.441	0.08563799	2.323938
3102	-380.8388	-552.0845	171.2458	0.5611175	2.143376
3108	-367.4895	-538.9364	171.4469	0.05950984	2.336855
3114	-366.7995	-538.2839	171.4844	0.06626111	2.308654
3120	-370.9293	-541.9177	170.9884	0.3033141	2.472354
3126	-373.6863	-544.4528	170.7665	0.1677885	2.694001
3132	-375.3633	-545.4061	170.0428	1.964392	2.011514
3138	-374.888	-546.3921	171.5041	0.1236401	2.259294
3144	-369.7474	-541.3814	171.634	0.8253549	1.701791
3150	-365.0927	-536.6693	171.5766	0.2379586	2.138372
3156	-365.2043	-536.6468	171.4425	0.3952849	2.123217
3162	-379.467	-550.9966	171.5296	0.2300786	2.174116
3168	-373.6251	-545.1547	171.5296	0.2300786	2.174116
3174	-376.3095	-547.8651	171.5556	0.3252273	2.095028
3180	-386.4881	-558.1327	171.6446	0.8103935	1.704904
3186	-373.486	-544.5147	171.0287	0.8103935	2.122369
3192	-376.3644	-548.1463	171.7819	0.1657538	2.050982
3198	-371.0166	-542.5653	171.5487	0.2774852	2.130797
3204	-363.2483	-535.4252	172.1768	0.05516147	1.859908
3210	-357.4873	-528.1303	170.643	0.6715435	2.458026
3216	-380.9187	-551.1317	170.213	1.841208	1.980107
3222	-378.4549	-549.341	170.886	0.6804914	2.298508
3228	-374.6895	-545.5432	170.8536	1.10382	2.04449
3234	-365.0334	-535.8474	170.814	0.1528333	2.674037
3240	-367.3754	-538.9466	171.5712	0.3615197	2.060848
3246	-377.0207	-548.3404	171.3197	0.5200817	2.121917
3252	-367.9375	-538.8013	170.8638	0.03153495	2.717876
3258	-381.4957	-552.4774	170.9817	0.2569337	2.505572
3264	-378.7043	-548.5493	169.845	0.5847285	3.000077
3270	-367.4213	-537.5774	170.1561	0.6995083	2.74222
3276	-363.6498	-535.5188	171.869	0.100921	2.036255
3282	-366.7585	-537.3993	170.6408	0.3927055	2.632924
3288	-371.0186	-542.1173	171.0986	0.04529557	2.564568
3294	-367.5613	-538.6728	171.1115	0.0324246	2.564568
3300	-372.8037	-544.4544	171.6508	0.0304536	2.22489
3306	-370.0467	-541.6116	171.5649	0.1443203	2.206808
3312	-379.1098	-550.7537	171.6439	0.500881	1.919195
3318	-371.4942	-542.617	171.1228	0.3447992	2.361471
3324	-365.1867	-536.1216	170.9348	0.2288941	2.552285
3330	-369.7891	-541.3022	171.5131	0.0507276	2.300208
3336	-365.0039	-536.7591	171.7551	0.149601	2.079283
3342	-364.2671	-535.2797	171.0125	0.06220893	2.607465
3348	-369.5476	-541.4442	171.8966	0.02363555	2.06907
3354	-365.6643	-536.9542	171.2899	0.4826499	2.165765
3360	-361.2424	-533.0428	171.8004	0.09359995	2.086377
3366	-359.9256	-531.747	171.8214	0.02976561	2.114459
3372	-363.5813	-534.7179	171.1366	0.3452901	2.352413
3378	-361.463	-532.7642	171.3012	0.2959894	2.278894
3384	-369.1901	-540.8884	171.6983	0.7651423	1.69895
3390	-353.2628	-525.0926	171.8299	0.3124298	1.920877
3396	-364.4922	-536.0448	171.5525	0.5543961	1.944734
3402	-369.3856	-541.5018	172.1161	0.6513063	1.476883
3408	-376.4986	-547.197	170.6984	1.370437	1.970295
3414	-364.3164	-535.6487	171.3323	1.370437	1.525395
3420	-366.4273	-538.3961	171.9688	0.09431807	1.974161
3426	-371.0142	-542.3296	171.3153	0.7498353	1.972787
3432	-372.8899	-543.9344	171.0445	0.4082075	2.370929
3438	-377.1419	-548.3503	171.2083	0.1760624	2.414104
3444	-381.376	-552.1006	170.7246	0.4055778	2.573111
3450	-369.2014	-539.6241	170.4227	0.2252702	2.868564
3456	-378.5841	-550.0928	171.5087	0.4415196	2.049302
3462	-371.1995	-542.5731	171.3736	0.4415196	2.138052
3468	-364.5159	-535.5937	171.0778	0.1525984	2.510747
3474	-370.1535	-541.7111	171.5576	0.3269679	2.092561
3480	-378.5312	-548.4199	169.8886	1.995907	2.092561
3486	-377.2695	-546.8321	169.5626	1.995907	2.30361
3492	-369.5757	-539.6714	170.0956	1.949462	1.986222
3498	-373.2153	-543.5473	170.332	0.682071	2.644929
3504	-364.6752	-536.3253	171.6501	0.2170438	2.103983
3510	-362.2323	-533.693	171.4606	0.3362212	2.149926
3516	-366.7367	-537.8849	171.1482	0.1114029	2.492504
3522	-369.852	-540.6572	170.8051	0.27378	2.604882
3528	-377.6738	-549.8314	172.1576	0.6916403	1.414358
3534	-403.7935	-576.1286	172.3351	0.5141434	1.414358
3540	-373.4442	-545.3018	171.8577	0.9687053	1.431987
3546	-377.1894	-549.4509	172.2616	0.1013033	1.769576
3552	-375.1519	-545.82	170.668	0.08651114	2.80387
3558	-369.4625	-541.0351	171.5726	0.2353166	2.142748
3564	-368.9075	-540.7831	171.8756	0.08665967	2.041308
3570	-376.2761	-548.092	171.8159	0.1278166	2.053599
3576	-377.6427	-549.1693	171.5266	0.07611908	2.27537
3582	-369.3243	-540.7051	171.3808	0.1319893	2.332797
3588	-384.0019	-556.3278	172.326	0.1319893	1.702796
3594	-385.6535	-557.474	171.8204	0.4639446	1.823952
3600	-387.1639	-558.6925	171.5285	0.02209079	2.308658
3606	-405.5644	-576.811	171.2466	0.3040214	2.308658
3612	-375.9937	-546.9074	170.9137	0.4618294	2.419699
3618	-373.4166	-544.9441	171.5275	0.3534821	2.094895
3624	-378.4435	-550.4275	171.984	0.2599083	1.851721
3630	-358.8709	-529.9077	171.0368	0.0506367	2.599611
3636	-368.0848	-538.5943	170.5095	0.2815339	2.781643
3642	-369.0586	-539.6644	170.6058	0.01047714	2.887757
3648	-370.8241	-541.124	170.2999	0.2455005	2.930553
3654	-364.5119	-536.0965	171.5846	0.3144209	2.083049
3660	-358.6192	-529.4037	170.7845	0.1820831	2.674154
3666	-373.4913	-544.3202	170.8289	0.1842219	2.645511
3672	-356.3518	-527.6468	171.295	0.5038966	2.148602
3678	-361.385	-533.4543	172.0693	0.05646086	1.932083
3684	-370.1681	-542.2432	172.0752	0.05056236	1.932083
3690	-369.2392	-540.7758	171.5366	0.271405	2.142635
3696	-377.5981	-548.6997	171.1016	0.01750796	2.579972
3702	-371.5652	-542.5029	170.9377	0.1806518	2.580425
3708	-373.3398	-544.5872	171.2474	0.5538044	2.147097
3714	-376.4727	-548.1389	171.6661	0.1071593	2.16526
3720	-367.2476	-537.9006	170.653	0.6519246	2.464084
3726	-363.0088	-533.8596	170.8507	1.513259	1.768799
3732	-370.4752	-541.0693	170.5941	1.513259	1.944455
3738	-370.5902	-540.4528	169.8626	1.24489	2.587195
3744	-363.648	-535.2784	171.6304	0.03705954	2.233752
3750	-369.5305	-540.9925	171.462	0.1554192	2.265914
3756	-371.6285	-543.018	171.3895	0.5659691	2.045819
3762	-380.1918	-551.8216	171.6299	0.6893162	1.799926
3768	-372.5446	-543.427	170.8824	0.1275181	2.647483
3774	-371.6592	-543.6176	171.9584	0.03092318	2.023386
3780	-377.4969	-547.496	169.9991	0.5914673	2.903252
3786	-377.0216	-548.1913	171.1697	0.06637294	2.507159
3792	-374.688	-545.6619	170.974	0.04411801	2.642457
3798	-382.0006	-552.5379	170.5373	0.3055056	2.750066
3804	-380.8622	-551.9888	171.1265	0.4718659	2.278117
3810	-388.1536	-557.8868	169.7331	0.513421	3.109619
3816	-377.0029	-547.8697	170.8668	0.3395681	2.525725
3822	-382.163	-552.8282	170.6652	0.1387962	2.773753
3828	-376.7217	-548.6034	171.8817	0.1206859	2.01467
3834	-366.751	-537.563	170.812	0.01175191	2.761691
3840	-362.6966	-533.0972	170.4006	0.08031289	2.969366
3846	-365.7746	-537.061	171.2864	0.05333909	2.44223
3852	-378.9057	-550.5172	171.6115	0.04140603	2.243096
3858	-366.6768	-538.3497	171.6728	0.05787119	2.192901
3864	-370.0915	-541.194	171.1024	0.06791835	2.548143
3870	-371.8591	-543.0851	171.226	0.8885399	1.939646
3876	-367.0326	-538.636	171.6034	0.3859369	2.023329
3882	-377.7532	-549.3566	171.6034	0.3859369	2.023329
3888	-366.9721	-538.5547	171.5826	0.1372408	2.199965
3894	-361.072	-531.803	170.731	0.1715139	2.713518
3900	-365.1588	-536.042	170.8832	0.01932311	2.713518
3906	-366.0573	-537.5558	171.4984	0.0008067633	2.3414
3912	-365.1864	-537.0113	171.825	0.0482699	2.099993
3918	-380.5407	-552.2766	171.7359	0.47748	1.872632
3924	-376.3308	-547.3416	171.0108	0.2742504	2.476576
3930	-382.3238	-553.6397	171.3159	0.2272772	2.313385
3936	-393.2634	-564.5566	171.2932	0.2223843	2.331024
3942	-373.2781	-544.3996	171.1215	0.394026	2.331024
3948	-376.6602	-548.9214	172.2611	0.2327496	1.677291
3954	-389.8509	-560.6211	170.7703	1.789838	1.629833
3960	-375.8673	-547.7085	171.8412	0.3005955	1.921255
3966	-381.7787	-553.2263	171.4476	0.09478435	2.313923
3972	-373.5971	-544.6191	171.022	0.5204215	2.313923
3978	-373.045	-544.0678	171.0228	0.3201322	2.4402
3984	-380.1303	-552.0243	171.894	0.1746904	1.970444
3990	-365.3414	-537.0531	171.7117	0.07968522	2.153491
3996	-368.309	-539.6735	171.3644	0.124536	2.347913
4002	-370.2146	-541.3458	171.1312	0.05018249	2.541258
4008	-368.0474	-539.5403	171.4929	0.04142869	2.319046
4014	-370.7214	-541.4466	170.7253	0.4211256	2.563052
4020	-381.6233	-553.6134	171.9901	0.06022099	1.982708
4026	-379.2211	-549.614	170.3929	0.3316225	2.822107
4032	-383.8227	-555.5786	171.7559	0.03280316	2.15526
4038	-386.2912	-556.4349	170.1437	0.5455054	2.843577
4044	-380.7318	-552.2195	171.4877	0.2218538	2.206616
4050	-391.8997	-563.9395	172.0398	0.09176828	1.92816
4056	-371.186	-542.4155	171.2294	0.02283679	2.497072
4062	-377.9451	-549.2965	171.3514	0.2724388	2.26179
4068	-374.5304	-545.6468	171.1163	0.1209457	2.506424
4074	-367.9252	-537.7328	169.8076	0.4245869	3.118157
4080	-360.491	-532.4603	171.9693	0.2646276	1.858575
4086	-358.5662	-530.7774	172.2112	0.02277509	1.858575
4092	-358.5888	-530.4881	171.8993	0.007131931	2.078183
4098	-357.9914	-529.3669	171.3756	0.0608396	2.381251
4104	-355.6167	-527.2255	171.6087	0.0688275	2.227253
4110	-361.8878	-533.4778	171.59	0.1985532	2.155361
4116	-364.107	-535.6633	171.5563	0.3089238	2.105252
4122	-358.2637	-529.7196	171.4559	0.1264573	2.288405
4128	-360.0136	-531.6156	171.602	0.09790941	2.212847
4134	-363.969	-536.2276	172.2586	0.1347196	1.748275
4140	-367.6333	-538.9823	171.3489	0.4544624	2.145671
4146	-364.0454	-535.2468	171.2015	0.8525931	1.98022
4152	-376.8106	-547.6304	170.8198	0.253317	2.608492
4158	-381.7509	-553.5698	171.8189	0.2713126	1.955978
4164	-377.7558	-549.1146	171.3588	0.01683599	2.419644
4170	-379.7288	-550.9128	171.184	0.05711598	2.504061
4176	-376.9081	-548.797	171.8889	0.3316547	1.867731
4182	-384.6186	-556.2239	171.6053	0.9866477	1.606783
4188	-383.7955	-555.2201	171.4247	1.025803	1.708104
4194	-383.2183	-554.5115	171.2931	0.290121	2.287813
4200	-381.1639	-552.1454	170.9815	0.2938689	2.482634
4206	-365.6628	-537.1558	171.493	0.4122553	2.078935
4212	-368.517	-539.8282	171.3112	0.1718719	2.351648
4218	-365.0682	-535.9974	170.9292	0.1104325	2.62916
4224	-361.8915	-533.1164	171.2249	0.2357388	2.365923
4230	-361.3876	-532.7803	171.3927	0.2764691	2.232654
4236	-374.5356	-545.739	171.2034	0.3348074	2.316588
4242	-362.3283	-533.7236	171.3952	0.6791274	1.966609
4248	-372.9419	-544.5715	171.6296	0.1485923	2.162057
4254	-375.6659	-546.76	171.0941	0.2758894	2.423215
4260	-367.7991	-538.8297	171.0306	0.3393579	2.423215
4266	-369.1436	-540.7677	171.6241	0.2062787	2.128073
4272	-358.0474	-529.5122	171.4648	0.1514308	2.266716
4278	-370.0631	-540.2874	170.2243	0.3035554	2.941083
4284	-378.1425	-548.2677	170.1253	0.1614858	3.08564
4290	-373.8214	-544.7846	170.9632	0.3155384	2.480474
4296	-375.1419	-546.0863	170.9444	0.2771924	2.516228
4302	-375.1679	-546.7594	171.5914	0.150932	2.18535
4308	-376.5547	-548.396	171.8414	0.11982	2.042007
4314	-383.7469	-555.8292	172.0823	0.3149369	1.745588
4320	-368.1103	-539.2852	171.1749	0.3149369	2.347366
4326	-363.8971	-535.2229	171.3258	0.3286024	2.24217
4332	-363.5743	-535.3837	171.8094	0.362512	1.900845
4338	-364.0262	-534.6486	170.6224	0.3935293	2.643756
4344	-372.5448	-543.3556	170.8108	0.5909012	2.403164
4350	-369.4347	-541.181	171.7463	0.09044786	2.123888
4356	-367.1575	-538.4818	171.3243	0.2190996	2.313247
4362	-377.3052	-548.5435	171.2382	0.2190996	2.367989
4368	-383.5596	-555.0562	171.4966	0.2002142	2.214828
4374	-379.7881	-550.6482	170.8601	0.7071853	2.298042
4380	-373.262	-544.2792	171.0172	0.550028	2.298042
4386	-380.6497	-551.7768	171.1271	0.1407618	2.487319
4392	-373.8909	-545.0465	171.1556	0.09203897	2.499967
4398	-369.7914	-541.2211	171.4297	0.4166735	2.117598
4404	-378.6056	-550.2241	171.6185	0.5233424	1.92119
4410	-364.4954	-535.4134	170.9179	0.1839346	2.590674
4416	-365.1727	-536.9048	171.7321	0.2175181	2.049674
4422	-371.7671	-542.8204	171.0533	0.0315272	2.601235
4428	-383.5182	-554.5965	171.0783	0.006494006	2.601235
4434	-377.4607	-548.7268	171.266	0.1374269	2.402075
4440	-371.7208	-543.0777	171.3569	0.126641	2.351353
4446	-366.6728	-538.0304	171.3576	0.07486601	2.383756
4452	-367.1657	-539.0962	171.9305	0.3898541	1.799115
4458	-367.0017	-537.5974	170.5956	0.3790903	2.669165
4464	-373.926	-545.5309	171.6049	0.3790903	2.026929
4470	-370.1323	-541.6968	171.5645	0.2546912	2.135367
4476	-370.9614	-542.6406	171.6792	0.139968	2.135367
4482	-374.0689	-545.5457	171.4768	0.006073887	2.351767
4488	-374.4893	-546.3235	171.8342	0.02300995	2.110524
4494	-356.7506	-528.0652	171.3146	0.5374797	2.113837
4500	-366.2704	-537.0921	170.8218	0.8684619	2.219073
4506	-356.4971	-527.5015	171.0043	0.7117316	2.202374
4512	-362.7926	-533.7418	170.9492	0.4118367	2.428809
4518	-357.9169	-529.4001	171.4832	0.2200149	2.21068
4524	-361.6694	-532.5909	170.9215	0.2390731	2.554211
4530	-365.1644	-536.8398	171.6754	0.2938659	2.036671
4536	-368.698	-540.3144	171.6164	0.1241243	2.186571
4542	-361.3931	-533.0869	171.6938	0.03484966	2.194235
4548	-370.7016	-542.3141	171.6125	0.34334	2.045562
4554	-382.4003	-552.2723	169.8719	2.056045	2.063963
4560	-369.5304	-540.8076	171.2772	0.7156795	2.021009
4566	-371.1599	-542.4722	171.3123	0.6805384	2.021009
4572	-367.7186	-539.0136	171.295	0.04928352	2.439342
4578	-369.0942	-540.0812	170.987	0.04068938	2.636543
4584	-366.9286	-538.1304	171.2019	0.1945492	2.406519
4590	-368.4162	-539.5786	171.1623	0.1403588	2.465499
4596	-365.4485	-536.9103	171.4619	0.150437	2.269213
4602	-361.1711	-532.2153	171.0442	0.3183789	2.427888
4608	-372.0546	-542.8657	170.8112	0.1662177	2.66751
4614	-375.9254	-546.6435	170.7181	0.1752218	2.719156
4620	-362.889	-533.9296	171.0407	0.1014978	2.565659
4626	-364.8094	-536.8619	172.0525	0.3754271	1.723994
4632	-363.6644	-534.4822	170.8178	1.590226	1.737998
4638	-367.0802	-537.2652	170.185	1.852825	1.991074
4644	-381.1499	-552.2957	171.1458	1.474677	1.586001
4650	-366.3091	-537.7259	171.4168	0.1048884	2.327085
4656	-367.1889	-538.3256	171.1367	0.2765294	2.395937
4662	-373.4092	-544.9107	171.5016	0.6358778	1.924164
4668	-376.9345	-547.3899	170.4554	0.3816372	2.753595
4674	-372.4171	-543.7344	171.3173	0.2972896	2.267729
4680	-370.4084	-540.7428	170.3345	0.09986812	2.997342
4686	-375.6078	-546.1786	170.5709	0.3545782	2.699447
4692	-390.8219	-562.1166	171.2947	1.005725	1.81291
4698	-381.0576	-550.7258	169.6682	1.856278	2.325311
4704	-376.8657	-548.8127	171.947	0.05867096	2.012485
4710	-381.3353	-552.9427	171.6074	0.410557	2.004301
4716	-384.2977	-554.8239	170.5262	0.4381026	2.675584
4722	-381.0089	-552.5698	171.5609	0.1590011	2.19988
4728	-373.9717	-545.247	171.2753	0.04262883	2.455907
4734	-382.954	-554.9857	172.0318	0.04067911	1.967903
4740	-387.3577	-558.8202	171.4625	0.3082461	2.166934
4746	-368.682	-540.1101	171.4281	0.2045707	2.256114
4752	-361.5683	-532.79	171.2217	0.5798863	2.146861
4758	-368.7602	-539.9197	171.1595	0.7319636	2.088019
4764	-368.6949	-539.6192	170.9243	0.7039334	2.25898
4770	-363.4564	-534.7593	171.3029	0.5510032	2.112657
4776	-369.7302	-541.5732	171.843	0.4371859	1.826839
4782	-379.0688	-550.1409	171.0721	1.208133	1.826839
4788	-370.666	-541.7526	171.0866	1.208133	1.81683
4794	-362.0016	-533.1873	171.1858	0.2930568	2.354372
4800	-370.4607	-541.8064	171.3457	0.1331556	2.354372
4806	-376.3761	-547.7364	171.3602	0.1185721	2.354372
4812	-379.9938	-551.4248	171.4309	0.02454796	2.36917
4818	-371.4737	-542.4833	171.0096	0.01003509	2.64151
4824	-377.0326	-548.0793	171.0467	0.103461	2.560697
4830	-376.0291	-546.4984	170.4692	0.3636133	2.756148
4836	-391.2263	-560.2623	169.0359	1.890542	2.698811
4842	-373.2871	-544.4595	171.1724	0.2616713	2.382749
4848	-369.284	-540.0741	170.7901	0.3591159	2.561268
4854	-359.5078	-530.6725	171.1648	0.8504802	2.006109
4860	-362.3032	-533.1378	170.8346	0.476016	2.460489
4866	-367.5894	-538.1533	170.5638	0.338824	2.713414
4872	-373.8519	-545.0381	171.1862	0.1144897	2.466737
4878	-391.4087	-562.2446	170.8359	0.05382474	2.721333
4884	-387.1916	-557.9259	170.7343	0.0610275	2.779041
4890	-387.4289	-558.117	170.688	0.1072666	2.779041
4896	-386.2124	-558.1521	171.9397	0.2023811	1.92103
4902	-381.6954	-553.6864	171.991	0.3606651	1.777346
4908	-374.8164	-545.7244	170.908	0.1614494	2.610746
4914	-371.2923	-542.5586	171.2663	0.5082435	2.164453
4920	-364.5513	-535.8176	171.2663	0.5082435	2.164453
4926	-367.7545	-539.1191	171.3646	0.4099225	2.164453
4932	-373.2248	-544.4168	171.192	0.1706959	2.42777
4938	-368.2251	-539.1332	170.9081	0.2749349	2.540252
4944	-378.3733	-549.8482	171.475	0.37084	2.117975
4950	-372.8587	-544.6681	171.8094	0.197142	2.011937
4956	-371.3113	-542.1764	170.8651	0.3006881	2.550976
4962	-375.2719	-546.542	171.27	0.09802942	2.4244
4968	-368.6783	-539.296	170.6177	0.1995636	2.765675
4974	-384.1351	-555.1864	171.0513	0.1480511	2.530107
4980	-357.4773	-529.3014	171.8241	0.1439198	2.037503
4986	-372.6836	-543.7979	171.1143	0.1439198	2.493373
4992	-369.1416	-540.1618	171.0202	0.237979	2.493373
4998	-366.8971	-537.8791	170.982	0.3544579	2.444289
5004	-370.4282	-542.6837	172.2555	0.1277491	1.755323
5010	-354.6895	-525.4919	170.8024	0.4712017	2.48371
5016	-367.3292	-538.3605	171.0313	0.5320126	2.300588
5022	-385.292	-556.7394	171.4474	1.67716	1.190599
5028	-380.2389	-551.9491	171.7102	0.4150516	1.932413
5034	-360.2325	-531.9861	171.7536	0.6101606	1.768954
5040	-362.0834	-533.0222	170.9388	0.4439575	2.415118
5046	-353.1934	-524.1296	170.9362	0.03258883	2.672843
5052	-364.4112	-536.275	171.8638	0.1097547	2.033835
5058	-368.4282	-539.9624	171.5342	0.3711657	2.078859
5064	-367.2437	-538.5758	171.3321	0.2990972	2.257048
5070	-364.1845	-535.6203	171.4358	0.4971758	2.060662
5076	-378.8644	-549.5104	170.646	0.5446664	2.535495
5082	-372.2468	-542.9664	170.7196	0.6321466	2.434697
5088	-368.1167	-539.3265	171.2098	0.05548955	2.488902
5094	-376.3033	-547.735	171.4316	0.009914705	2.377999
5100	-376.3304	-547.3833	171.0529	0.005536293	2.617539
5106	-374.5317	-545.5808	171.0491	0.009384613	2.617539
5112	-365.9321	-536.9929	171.0607	0.00839603	2.610931
5118	-364.8585	-536.694	171.8354	0.1565039	2.021639
5124	-365.0617	-536.8341	171.7724	0.08015632	2.113565
5130	-355.5851	-527.0319	171.4468	0.466377	2.073718
5136	-366.4469	-538.0551	171.6081	0.2686749	2.097653
5142	-358.6513	-529.2886	170.6373	0.08781039	2.821772
5148	-364.8	-536.5166	171.7167	0.05379924	2.167104
5154	-367.1091	-539.0679	171.9588	0.1409606	1.949553
5160	-371.4067	-541.9036	170.4969	0.4373728	2.69405
5166	-374.7811	-546.7171	171.936	0.1369096	1.967568
5172	-363.5728	-534.733	171.1602	0.193508	2.433456
5178	-372.0763	-542.6846	170.6083	0.3424567	2.683897
5184	-376.5859	-548.1689	171.5829	0.1036409	2.221428
5190	-376.5	-548.2363	171.7363	0.2126283	2.050116
5196	-385.834	-555.1552	169.3212	2.075061	2.406651
5202	-383.3991	-554.1432	170.7441	0.1563746	2.714748
5208	-391.2566	-562.2573	171.0008	0.3630406	2.427079
5214	-373.4222	-544.3012	170.879	0.2462677	2.576146
5220	-376.0645	-547.0038	170.9392	0.04298238	2.664543
5226	-377.4618	-548.3245	170.8627	0.2698494	2.571639
5232	-379.012	-550.9998	171.9878	0.07973229	1.97118
5238	-373.3236	-545.4142	172.0906	0.0976828	1.889692
5244	-384.3615	-555.2145	170.853	0.1740206	2.636932
5250	-385.2225	-556.4082	171.1857	0.1717812	2.431082
5256	-377.6176	-548.7716	171.154	0.2502395	2.401556
5262	-377.5969	-547.8659	170.269	0.0380728	3.073507
5268	-383.1089	-554.1934	171.0845	0.172416	2.494166
5274	-383.3032	-554.6679	171.3648	0.3596874	2.196942
5280	-376.5506	-548.1358	171.5852	0.09290682	2.226914
5286	-370.4085	-541.647	171.2385	0.2662762	2.337895
5292	-373.1599	-544.7643	171.6044	0.1156274	2.199846
5298	-384.9073	-554.8783	169.9709	0.3193274	3.083547
5304	-381.3098	-551.82	170.5102	0.0676882	2.910949
5310	-384.0775	-554.9547	170.8772	0.1589232	2.631299
5316	-389.5913	-560.1338	170.5425	0.3680065	2.708632
5322	-377.2901	-548.0124	170.7223	0.1249758	2.747288
5328	-381.9043	-553.4128	171.5085	0.2490622	2.17546
5334	-378.3718	-549.2997	170.9279	0.8296642	2.17546
5340	-371.0699	-542.3882	171.3182	0.4393568	2.17546
5346	-380.0503	-551.7937	171.7433	0.3147384	1.977524
5352	-384.7877	-556.2365	171.4488	0.3059368	2.177295
5358	-386.9613	-558.2087	171.2474	0.123596	2.422544
5364	-400.8525	-572.3762	171.5238	0.1655388	2.21966
5370	-401.8355	-573.4338	171.5983	0.01724918	2.267122
5376	-378.9923	-550.4365	171.4442	0.0352024	2.354027
5382	-374.3646	-545.8115	171.447	0.03239735	2.354027
5388	-371.4236	-542.8563	171.4327	0.04664634	2.354027
5394	-368.4869	-539.5734	171.0865	0.3681203	2.369703
5400	-369.2312	-540.6023	171.3711	0.08353042	2.369703
5406	-374.3233	-545.769	171.4457	0.008975893	2.369703
5412	-373.0465	-544.1318	171.0853	0.3735408	2.36703
5418	-366.8585	-538.0968	171.2383	0.2205916	2.36703
5424	-368.3593	-539.1744	170.8151	0.2357224	2.62224
5430	-367.1485	-538.1529	171.0043	0.4301571	2.382457
5436	-370.7327	-542.0346	171.3019	0.523105	2.13157
5442	-365.9271	-537.1856	171.2585	0.1835052	2.377716
5448	-372.1375	-544.0961	171.9586	0.07771058	1.992073
5454	-377.1945	-548.4141	171.2196	0.01993563	2.505015
5460	-382.6019	-553.279	170.6771	0.06255587	2.812946
5466	-383.9289	-555.36	171.4311	0.13996	2.295583
5472	-376.2651	-548.0457	171.7806	0.3517908	1.927554
5478	-370.3369	-541.1291	170.7922	0.2313147	2.639091
5484	-374.9038	-546.0589	171.1551	0.2313147	2.412849
5490	-373.8068	-545.2492	171.4424	0.0311929	2.357668
5496	-379.9458	-551.8691	171.9233	0.03193454	2.045956
5502	-377.9611	-550.011	172.0499	0.006313418	1.978799
5508	-370.2558	-541.6162	171.3604	0.06631601	2.387386
5514	-362.1826	-533.3971	171.2145	0.02313634	2.506207
5520	-360.9321	-532.1392	171.2071	0.2428252	2.372671
5526	-367.1701	-539.0529	171.8828	0.1970613	1.962913
5532	-361.7055	-532.5786	170.8731	0.237349	2.585334
5538	-359.1337	-530.9219	171.7882	0.2593544	1.98453
5544	-363.3418	-535.0768	171.735	0.1306549	2.104975
5550	-368.9773	-540.1473	171.17	0.3391888	2.335068
5556	-374.3834	-545.942	171.5586	0.3674836	2.065203
5562	-365.9465	-537.8829	171.9364	0.1291975	1.972524
5568	-369.7989	-541.5042	171.7053	0.3602483	1.972524
5574	-373.2581	-545.1503	171.8922	0.2121244	1.946514
5580	-368.0033	-539.5234	171.5201	0.5080934	1.997509
5586	-359.0435	-530.6516	171.608	0.3778906	2.025614
5592	-371.4507	-543.2411	171.7904	0.04631402	2.123929
5598	-381.7841	-553.9472	172.1631	0.08138322	1.851377
5604	-363.4482	-534.9426	171.4944	0.3638527	2.109823
5610	-372.2246	-542.657	170.4324	0.04659543	2.970527
5616	-376.8905	-548.9601	172.0696	0.05546562	1.932551
5622	-369.5432	-540.4957	170.9525	0.6350957	2.285013
5628	-367.9007	-539.3663	171.4655	0.04683583	2.333047
5634	-369.9062	-541.3223	171.4162	0.3264975	2.185161
5640	-374.9033	-545.327	170.4236	0.6330176	2.618654
5646	-378.4286	-549.6614	171.2328	0.2745097	2.336259
5652	-372.9499	-543.2863	170.3364	0.298129	2.876672
5658	-378.9179	-550.6099	171.692	0.157597	2.115479
5664	-365.2418	-535.9454	170.7037	0.02960212	2.816812
5670	-371.5564	-543.2845	171.7281	0.001884231	2.193359
5676	-371.7574	-543.6798	171.9224	0.004561235	2.064611
5682	-365.9972	-537.642	171.6448	0.01410511	2.239266
5688	-364.5532	-536.2052	171.652	0.006871215	2.239266
5694	-357.7099	-528.7004	170.9905	0.02009992	2.647049
5700	-369.1664	-540.1047	170.9382	0.2881775	2.513224
5706	-371.992	-542.6981	170.7061	0.5361774	2.5033
5712	-365.4703	-536.8453	171.375	0.3882462	2.171793
5718	-368.3434	-539.257	170.9136	0.4148488	2.449343
5724	-369.3601	-539.8108	170.4506	0.4083507	2.740152
5730	-370.2731	-541.0822	170.8091	0.07732792	2.723336
5736	-372.5192	-544.4158	171.8966	0.07732792	2.033578
5742	-371.8461	-542.9143	171.0683	0.02403687	2.596585
5748	-384.6283	-556.0815	171.4532	0.06465624	2.329576
5754	-372.481	-543.9695	171.4886	0.3998895	2.090005
5760	-368.1873	-539.2662	171.0789	0.2101696	2.47402
5766	-371.957	-542.9343	170.9773	0.387096	2.426739
5772	-375.2602	-546.4512	171.191	0.10221	2.471432
5778	-366.9563	-538.6005	171.6442	0.1390239	2.158836
5784	-370.6	-542.4854	171.8853	0.08910575	2.033247
5790	-361.642	-532.8573	171.2153	0.04619478	2.491299
5796	-371.9052	-542.8581	170.953	0.69476	2.246447
5802	-377.4016	-549.0375	171.6359	0.7032208	1.786077
5808	-376.2253	-547.5941	171.3688	0.3078217	2.227827
5814	-363.2418	-534.5201	171.2783	0.2090239	2.348937
5820	-373.8172	-545.2839	171.4667	0.0207017	2.348937
5826	-369.1837	-540.1796	170.9959	0.07904398	2.607357
5832	-366.5507	-537.7868	171.2361	0.01448185	2.498109
5838	-378.6533	-549.614	170.9607	0.0007200584	2.677358
5844	-362.926	-534.4164	171.4905	0.002145446	2.345604
5850	-366.4529	-537.8926	171.4397	0.005433296	2.37572
5856	-371.4138	-541.8088	170.395	0.6390659	2.632602
5862	-372.8651	-544.4526	171.5874	0.1221253	2.206586
5868	-364.241	-535.5308	171.2897	0.2167276	2.336794
5874	-375.5885	-546.1947	170.6062	0.08166854	2.844369
5880	-379.5328	-550.0153	170.4826	0.6699013	2.559266
5886	-387.9416	-557.9107	169.9691	0.03497306	3.253488
5892	-392.4842	-563.5408	171.0566	0.07752548	2.570676
5898	-379.95	-550.9505	171.0004	0.1336651	2.570676
5904	-393.474	-563.3827	169.9088	1.890089	2.148628
5910	-392.5883	-563.6012	171.013	0.1460926	2.555166
5916	-393.1746	-564.0908	170.9162	0.1433723	2.616843
5922	-385.8102	-556.6214	170.8112	0.1079858	2.703294
5928	-373.5646	-544.7726	171.208	0.3860588	2.280902
5934	-375.6569	-546.4855	170.8286	0.7654255	2.280902
5940	-373.3428	-543.9909	170.648	0.6737722	2.453486
5946	-390.0879	-561.0413	170.9534	0.2409572	2.533204
5952	-386.3354	-557.0578	170.7223	0.3011499	2.639128
5958	-387.2187	-558.839	171.6203	0.3775746	2.017656
5964	-375.658	-546.7461	171.0881	0.6997557	2.155781
5970	-367.9677	-538.6505	170.6828	0.1228472	2.772714
5976	-377.9772	-548.1766	170.1994	0.1603406	3.042036
5982	-377.2115	-548.3302	171.1187	0.1603406	2.480324
5988	-381.8406	-553.3361	171.4955	0.2220386	2.201424
5994	-378.9234	-550.2133	171.29	0.182049	2.358694
6000	-369.4617	-540.1677	170.706	0.5370409	2.502829
6006	-368.826	-539.5524	170.7264	0.2791527	2.650193
6012	-361.4458	-532.6344	171.1886	0.1113309	2.467211
6018	-372.2665	-543.3544	171.0879	0.03342935	2.578626
6024	-368.4211	-540.4655	172.0444	0.2719941	1.801853
6030	-370.7259	-541.727	171.0011	0.1565888	2.556036
6036	-371.4813	-543.1973	171.7161	0.680176	1.746257
6042	-371.591	-543.313	171.722	0.204924	2.064691
6048	-361.3539	-533.2235	171.8695	0.9888876	1.407251
6054	-388.4978	-560.3517	171.8539	0.03722376	2.088236
6060	-390.7039	-560.6876	169.9837	1.676726	2.238301
6066	-381.8418	-553.5077	171.6659	0.1946501	2.108341
6072	-379.4535	-550.7937	171.3402	0.3260516	2.234503
6078	-386.0835	-557.2157	171.1322	0.3025767	2.382261
6084	-388.1735	-559.5658	171.3923	0.04249591	2.382261
6090	-379.6247	-550.9302	171.3055	0.0840144	2.410878
6096	-359.0271	-530.3384	171.3113	0.07821955	2.410878
6102	-354.4263	-525.6986	171.2723	0.2661799	2.316393
6108	-364.439	-536.2445	171.8055	0.03876868	2.118983
6114	-371.0995	-542.4959	171.3964	0.04700816	2.376839
6120	-364.7368	-536.0013	171.2645	0.4371197	2.211707
6126	-370.6517	-541.5785	170.9268	0.5350214	2.365182
6132	-372.7675	-543.6523	170.8848	0.2885957	2.546274
6138	-364.8931	-535.7259	170.8328	0.17441	2.649155
6144	-375.3373	-546.2246	170.8873	0.1199258	2.649155
6150	-382.9499	-553.5573	170.6074	0.488756	2.594217
6156	-366.0058	-537.7129	171.7071	0.2091233	2.071703
6162	-364.9158	-535.7253	170.8095	0.4939103	2.465048
6168	-366.7106	-537.587	170.8763	0.4822701	2.430354
6174	-367.1948	-538.7307	171.5358	0.07466078	2.270368
6180	-366.1996	-537.5368	171.3371	0.2048308	2.314188
6186	-362.2733	-534.1354	171.8621	0.05121613	2.073634
6192	-372.8731	-544.2875	171.4144	0.4989197	2.073634
6198	-370.8741	-542.3968	171.5227	0.3906358	2.073634
6204	-363.5317	-535.2356	171.704	0.3906358	1.953034
6210	-364.5368	-536.2476	171.7108	0.1700709	2.094953
6216	-373.7361	-544.9706	171.2345	0.4967873	2.192548
6222	-362.0328	-533.3585	171.3257	0.4967873	2.133217
6228	-363.8032	-535.1796	171.3765	0.3255071	2.211482
6234	-372.6325	-543.7676	171.1351	0.5782234	2.204136
6240	-380.5069	-551.8653	171.3584	0.1566741	2.331315
6246	-366.7348	-537.1649	170.4301	0.4380377	2.734587
6252	-370.9302	-541.7365	170.8063	0.439816	2.500908
6258	-357.8971	-527.7976	169.9005	1.991231	2.087828
6264	-353.8557	-523.8623	170.0066	1.991231	2.017712
6270	-362.6562	-533.4924	170.8362	0.6676617	2.33848
6276	-364.1075	-535.3496	171.2422	0.2001105	2.377525
6282	-357.3037	-528.922	171.6183	0.1637162	2.159596
6288	-360.5053	-531.7719	171.2666	0.4837167	2.180202
6294	-384.7619	-556.1358	171.374	0.3763454	2.180202
6300	-376.0903	-546.6884	170.5982	0.1936784	2.781147
6306	-376.933	-548.3352	171.4023	0.4297039	2.127022
6312	-367.4559	-539.1447	171.6888	0.1273198	2.137386
6318	-377.4081	-547.9186	170.5104	0.2718542	2.786967
6324	-373.3702	-544.5867	171.2165	0.3250947	2.314419
6330	-378.1406	-549.5485	171.408	0.3085431	2.202089
6336	-365.5389	-537.3191	171.7802	0.2829792	1.97412
6342	-375.667	-547.017	171.35	0.3740038	2.197243
6348	-367.2675	-538.1434	170.8758	0.1020339	2.667217
6354	-380.0196	-551.9901	171.9705	0.1536056	1.93315
6360	-372.4963	-544.112	171.6157	0.3296596	2.052512
6366	-371.5148	-543.2798	171.7649	0.2480311	2.007638
6372	-368.6409	-536.8304	168.1895	2.356371	2.930269
6378	-368.0073	-539.0152	171.0079	0.3315153	2.442421
6384	-370.9116	-542.6245	171.7129	0.1269638	2.121878
6390	-363.5021	-534.8202	171.3181	0.1833057	2.340026
6396	-365.8325	-537.1863	171.3538	0.2594613	2.268585
6402	-361.7376	-533.5419	171.8043	0.06286518	2.103986
6408	-376.7756	-548.0918	171.3162	1.303423	1.586636
6414	-369.8784	-541.386	171.5076	0.555248	1.974364
6420	-366.4663	-537.4435	170.9772	0.26058	2.506134
6426	-370.3208	-541.715	171.3942	0.2861603	2.225408
6432	-363.6954	-535.5152	171.8198	0.05468237	2.099159
6438	-363.6334	-535.2385	171.6052	0.01406842	2.264743
6444	-369.1893	-540.2545	171.0652	0.02969754	2.594957
6450	-376.9744	-548.2527	171.2783	0.2394588	2.329589
6456	-388.0766	-558.7719	170.6954	0.2394588	2.693692
6462	-365.376	-536.975	171.5991	0.2962828	2.085452
6468	-370.8751	-541.5595	170.6844	0.6052117	2.473677
6474	-373.7139	-544.3531	170.6392	1.104967	2.184192
6480	-369.9635	-541.0432	171.0797	0.3679534	2.374119
6486	-368.3211	-539.1236	170.8025	0.1449143	2.685963
6492	-382.2547	-553.1138	170.8591	0.5625294	2.390588
6498	-387.9374	-558.7528	170.8154	0.04933363	2.736649
6504	-369.3632	-540.6304	171.2672	0.7289326	2.018811
6510	-372.4969	-543.4356	170.9386	0.04580298	2.663187
6516	-380.4145	-551.7682	171.3537	0.3781253	2.192154
6522	-377.1334	-547.8715	170.7381	0.1963807	2.693898
6528	-373.9626	-544.809	170.8464	0.2327143	2.604761
6534	-369.8083	-541.5559	171.7476	0.1400296	2.09054
6540	-363.0956	-534.0482	170.9526	0.1400296	2.596412
6546	-366.7216	-537.4005	170.6789	0.1209444	2.776282
6552	-363.7116	-535.036	171.3243	0.2418911	2.298696
6558	-363.8918	-535.116	171.2242	0.3420347	2.298696
6564	-358.7079	-530.0165	171.3086	0.03036244	2.442715
6570	-361.4638	-533.2568	171.793	0.1031757	2.084933
6576	-365.2173	-536.8997	171.6824	0.02655414	2.206962
6582	-364.9108	-536.4872	171.5763	0.01940237	2.279819
6588	-373.8153	-545.3531	171.5378	0.1431675	2.225023
6594	-359.0884	-530.4427	171.3542	0.3749291	2.193913
6600	-366.8302	-536.7293	169.8991	0.6934653	2.902061
6606	-379.9818	-548.7118	168.73	2.010773	2.812245
6612	-373.7896	-544.4514	170.6619	0.9320762	2.280968
6618	-363.6587	-535.3892	171.7305	0.345751	1.965376
6624	-378.09	-548.8557	170.7657	0.6576698	2.389505
6630	-377.1945	-548.1447	170.9502	0.466699	2.393604
6636	-376.369	-548.2416	171.8726	0.466699	1.785943
6642	-376.7402	-547.6376	170.8974	0.2108261	2.586717
6648	-371.1235	-542.3369	171.2134	0.1819345	2.407184
6654	-362.1047	-533.7599	171.6552	0.1698811	2.131509
6660	-373.0134	-544.7527	171.7393	0.5526741	1.818697
6666	-374.4928	-545.672	171.1792	0.3462777	2.324689
6672	-372.6249	-543.7973	171.1724	0.3531113	2.324689
6678	-378.0548	-549.4713	171.4165	0.1089898	2.324689
6684	-382.4186	-554.0424	171.6238	0.1998025	2.132501
6690	-387.9197	-558.6978	170.7781	0.1998025	2.667233
6696	-385.9191	-557.0772	171.1581	0.06872691	2.51295
6702	-378.474	-549.6188	171.1448	0.2013317	2.438177
6708	-375.234	-546.8147	171.5807	0.8647794	1.711588
6714	-368.7228	-539.62	170.8972	0.5447446	2.377747
6720	-369.2008	-539.8475	170.6467	0.3483798	2.656622
6726	-367.3074	-537.9418	170.6345	0.3606106	2.656622
6732	-372.7677	-543.4643	170.6966	0.2984856	2.656622
6738	-375.8463	-547.2795	171.4332	0.8422449	1.830115
6744	-379.3569	-549.7935	170.4366	0.2795534	2.827204
6750	-380.2207	-551.4352	171.2144	0.2681629	2.351981
6756	-375.9505	-546.7704	170.82	0.6626144	2.351981
6762	-377.4946	-548.7858	171.2913	0.02962847	2.454072
6768	-371.0404	-542.6051	171.5647	0.260321	2.131555
6774	-372.636	-544.3505	171.7145	0.03807107	2.17873
6780	-371.1674	-541.9754	170.808	0.9445617	2.17873
6786	-372.8017	-543.8576	171.0559	0.206422	2.490774
6792	-375.1372	-546.7558	171.6187	0.10379	2.19824
6798	-377.2988	-547.7986	170.4998	0.3123906	2.768743
6804	-367.6672	-538.6895	171.0222	0.06052619	2.602488
6810	-361.784	-533.1562	171.3721	0.01398154	2.413018
6816	-372.6545	-543.9256	171.2711	0.2632237	2.319074
6822	-393.9537	-564.2716	170.318	0.3211262	2.873939
6828	-378.7469	-549.0817	170.3348	0.3366122	2.854381
6834	-374.6068	-545.5317	170.9249	0.3086255	2.508752
6840	-380.3261	-550.6095	170.2834	0.658566	2.689284
6846	-374.5506	-545.6338	171.0833	0.6054338	2.220066
6852	-383.306	-553.6932	170.3872	0.1878917	2.912615
6858	-378.3226	-549.6067	171.2841	0.8152306	1.949863
6864	-365.2205	-536.4895	171.269	0.4410443	2.206301
6870	-363.1303	-534.4358	171.3055	0.1314542	2.380911
6876	-372.4418	-543.3692	170.9274	0.06566853	2.657865
6882	-368.531	-540.478	171.9471	0.1323956	1.963199
6888	-371.8351	-543.187	171.3519	0.1983382	2.308915
6894	-387.1994	-559.0192	171.8199	0.541836	1.770397
6900	-384.9587	-556.4097	171.451	0.3146598	2.170235
6906	-376.4425	-547.4974	171.0549	0.1594982	2.520697
6912	-389.5943	-561.042	171.4476	0.1280445	2.292657
6918	-367.7937	-539.7378	171.9441	0.2186559	1.907021
6924	-370.1381	-541.2418	171.1037	0.1454273	2.499059
6930	-378.6674	-549.8392	171.1718	0.0320461	2.527309
6936	-373.0874	-544.0219	170.9345	0.2693163	2.527309
6942	-375.173	-546.5196	171.3466	0.4440169	2.153964
6948	-365.8739	-537.1259	171.252	0.08485998	2.444034
6954	-365.7677	-537.1177	171.3501	0.2298441	2.289956
6960	-379.6514	-550.4616	170.8102	1.097014	2.07765
6966	-365.5597	-537.0274	171.4677	0.294907	2.17223
6972	-372.7535	-543.4227	170.6692	0.303787	2.670211
6978	-376.4821	-547.1529	170.6709	0.3021624	2.670211
6984	-368.5852	-539.6186	171.0333	0.3566527	2.410595
6990	-377.305	-548.6209	171.3159	0.2516946	2.297805
6996	-373.9165	-545.3828	171.4664	0.2197491	2.221728
7002	-371.1347	-541.8978	170.7632	1.521459	1.823776
7008	-375.2921	-545.814	170.522	1.394214	2.071753
7014	-380.9396	-552.3755	171.4358	1.091872	1.653118
7020	-386.3768	-557.1183	170.7415	1.091872	2.126071
7026	-381.8459	-552.5763	170.7305	0.6016224	2.447042
7032	-371.1786	-542.0814	170.9029	0.1892954	2.596673
7038	-369.4142	-539.8749	170.4607	0.319663	2.78816
7044	-370.5285	-540.9705	170.442	0.4186629	2.739131
7050	-354.9723	-526.3187	171.3464	0.4186629	2.17061
7056	-368.6267	-539.587	170.9604	0.3867677	2.437577
7062	-364.677	-535.6795	171.0024	0.258353	2.491754
7068	-365.0771	-536.1498	171.0728	0.1320714	2.526672
7074	-352.0369	-523.8807	171.8437	0.3268095	1.901752
7080	-365.0072	-536.3842	171.377	0.5058206	2.093691
7086	-357.6283	-528.8557	171.2275	0.4897537	2.201634
7092	-359.8912	-530.3078	170.4165	0.4417286	2.74059
7098	-365.7363	-536.634	170.8977	0.2125586	2.585435
7104	-363.7424	-535.5128	171.7704	0.1111145	2.094576
7110	-366.3726	-536.9659	170.5933	0.7165255	2.461016
7116	-360.7716	-532.5106	171.739	0.0143976	2.178217
7122	-362.6641	-533.9192	171.2551	0.1990002	2.370017
7128	-363.1964	-534.5015	171.3051	0.3097105	2.267616
7134	-364.1163	-535.4796	171.3634	0.2513825	2.267616
7140	-365.0444	-536.3434	171.299	0.01232648	2.460096
7146	-367.1348	-538.545	171.4102	0.005720765	2.394216
7152	-373.5504	-544.7719	171.2215	0.2811873	2.339216
7158	-381.7925	-553.2228	171.4304	1.098336	1.652406
7164	-382.4503	-552.8133	170.363	1.285434	2.245996
7170	-386.1487	-557.2931	171.1444	0.387012	2.320931
7176	-378.4279	-549.5774	171.1495	0.05530039	2.526677
7182	-363.318	-534.7202	171.4022	0.09619831	2.341922
7188	-372.948	-544.3146	171.3666	0.6754835	1.988203
7194	-373.1983	-544.3143	171.1161	0.6701119	2.156871
7200	-363.8259	-534.5606	170.7347	0.3386817	2.608326
7206	-372.6998	-544.4549	171.7552	0.04417594	2.148302
7212	-363.33	-534.5934	171.2633	0.01034472	2.483665
7218	-364.4841	-535.9848	171.5007	0.1888792	2.219479
7224	-373.2479	-543.7483	170.5004	0.4689293	2.672501
7230	-371.3955	-542.821	171.4256	0.08795445	2.33231
7236	-375.9815	-547.7473	171.7657	0.04952892	2.13792
7242	-369.5458	-541.409	171.8632	0.3632174	1.863714
7248	-376.2984	-546.9824	170.684	0.4061583	2.597929
7254	-367.6094	-538.7863	171.177	0.08519303	2.490886
7260	-369.7353	-541.1339	171.3986	0.1941419	2.281751
7266	-361.1299	-532.5653	171.4354	0.3185177	2.177849
7272	-365.4307	-536.9787	171.5481	0.1247084	2.230323
7278	-366.6983	-538.6504	171.9521	0.3311999	1.824717
7284	-368.6779	-540.3143	171.6364	0.04516481	2.22467
7290	-372.4211	-544.0522	171.6311	0.2222482	2.113041
7296	-372.9088	-544.3881	171.4793	0.1606016	2.251478
7302	-358.2393	-529.3366	171.0974	0.1220753	2.517573
7308	-360.7121	-531.8544	171.1423	0.07711778	2.517573
7314	-374.1661	-546.0877	171.9216	0.2611568	1.893496
7320	-383.0601	-554.575	171.515	0.4460454	2.04214
7326	-379.1895	-551.0035	171.814	0.4637903	1.828502
7332	-377.6512	-549.3508	171.6996	0.1802147	2.095699
7338	-386.8229	-556.6007	169.7778	0.4739607	3.106521
7344	-376.7832	-548.2336	171.4505	0.2379563	2.220244
7350	-380.7272	-552.2083	171.4811	0.09535949	2.292134
7356	-368.1462	-539.5324	171.3862	0.3223152	2.207238
7362	-369.2159	-540.4063	171.1905	0.3877573	2.291031
7368	-379.5723	-549.5028	169.9305	0.2726123	3.135447
7374	-376.7403	-547.2061	170.4658	0.2726123	2.813661
7380	-375.3998	-547.3168	171.9171	0.2477687	1.90562
7386	-377.7582	-548.6167	170.8585	0.2367471	2.594789
7392	-379.8186	-551.2469	171.4283	0.07992685	2.335672
7398	-384.6684	-555.235	170.5666	0.1920315	2.801392
7404	-375.6825	-546.5585	170.8759	0.1544715	2.634851
7410	-374.0506	-545.1921	171.1415	0.2979828	2.379324
7416	-370.8545	-542.6256	171.7711	0.1033939	2.099176
7422	-368.2848	-539.6204	171.3356	0.200418	2.31795
7428	-368.5345	-540.6705	172.1361	0.1078136	1.851765
7434	-361.7385	-533.9348	172.1963	0.04441117	1.853925
7440	-363.9351	-535.6402	171.7052	0.0973114	2.146269
7446	-374.6074	-545.1254	170.5181	0.3319704	2.745608
7452	-376.2037	-546.8725	170.6688	0.3571268	2.637595
7458	-382.6827	-553.429	170.7463	0.07170578	2.765215
7464	-383.0792	-554.7356	171.6563	0.1254169	2.159765
7470	-393.0957	-565.4848	172.3891	0.02445832	1.734094
7476	-377.7166	-548.6481	170.9315	0.03134564	2.676455
7482	-372.6414	-544.3908	171.7494	0.02811073	2.16252
7488	-379.484	-550.6173	171.1333	0.01463411	2.562111
7494	-369.4953	-541.3083	171.813	0.03771831	2.114776
7500	-377.6167	-549.267	171.6503	0.2577304	2.077138
7506	-371.6751	-543.2757	171.6006	0.2451858	2.118007
7512	-379.2969	-550.2732	170.9763	0.2766063	2.496658
7518	-387.846	-558.5738	170.7277	0.2926707	2.64102
7524	-375.4257	-542.462	167.0363	2.413142	3.578397
7530	-366.7377	-537.4713	170.7336	0.4656558	2.530134
7536	-352.2111	-523.6544	171.4433	0.2659636	2.206791
7542	-365.6784	-536.8314	171.153	0.1522086	2.463912
7548	-358.6136	-530.3472	171.7336	0.2477148	2.028652
7554	-364.4078	-535.6178	171.21	0.2072456	2.393363
7560	-366.2521	-537.0617	170.8097	0.1376054	2.686042
7566	-364.8965	-535.7844	170.8879	0.2603829	2.561868
7572	-371.7478	-542.7271	170.9792	0.2164893	2.532362
7578	-380.1118	-551.5131	171.4013	0.09568087	2.34281
7584	-385.6688	-556.7152	171.0465	0.4061037	2.371022
7590	-381.6443	-552.7857	171.1414	0.3983395	2.315594
7596	-381.8817	-553.2916	171.4099	0.1872833	2.278901
