Iteration	Posterior	Likelihood	Prior	acrv_sd	tree_length
0	1.111287	-172.2524	173.3637	0.1047986	0.8502972
6	-3.983144	-176.8397	172.8565	0.2533165	1.203218
12	1.831538	-171.5396	173.3711	0.1876821	0.7264101
18	7.337832	-165.8589	173.1967	0.2600261	0.8644514
24	7.456887	-164.933	172.3899	1.22894	0.4080348
30	6.408427	-166.2991	172.7076	0.7351298	0.8808778
36	6.462955	-165.8303	172.2933	1.196187	0.8242695
42	1.843675	-169.5876	171.4313	2.058203	0.8242695
48	8.097609	-165.129	173.2266	0.2754831	0.807959
54	7.6573	-165.2823	172.9396	0.6891957	0.5715558
60	4.082643	-168.9777	173.0603	0.4911891	0.737932
66	-5.04947	-177.22	172.1705	1.215616	0.9435244
72	1.241461	-171.4745	172.716	0.9194211	0.4640946
78	4.458466	-167.3222	171.7807	1.733022	0.2901865
84	5.611676	-166.2868	171.8985	1.733022	0.4445553
90	10.51717	-162.2638	172.781	0.8570973	0.4939582
96	12.1231	-160.6886	172.8117	0.8121941	0.4203668
102	-5.893782	-178.5503	172.6565	0.9774139	0.5473152
108	-5.70918	-179.1088	173.3996	0.2254849	0.5850782
114	-1.046381	-173.7554	172.709	0.9271017	0.532526
120	-6.802025	-179.9331	173.1311	0.4981594	0.4363025
126	0.6646813	-172.6771	173.3418	0.2396922	0.3499951
132	2.193181	-170.5022	172.6954	0.9356521	0.5620171
138	-0.6089566	-173.5373	172.9284	0.7097616	0.4971454
144	1.985534	-169.4389	171.4245	2.207101	0.559486
150	5.754035	-167.608	173.362	0.2625451	0.4220186
156	1.651944	-171.6642	173.3161	0.09861212	0.9124727
162	-12.42911	-185.5529	173.1238	0.1244846	1.079946
168	-2.987941	-176.4806	173.4927	0.08949018	0.6863961
174	-7.017459	-179.4828	172.4653	1.006682	0.8460519
180	-2.595773	-175.0563	172.4605	1.002895	0.856466
186	-8.360786	-180.7064	172.3456	1.269304	0.6156987
192	1.332092	-171.9081	173.2402	0.3746759	0.6157831
198	8.709307	-164.5892	173.2985	0.1652301	0.8560956
204	7.054597	-166.3556	173.4102	0.05355342	0.8560956
210	5.848816	-167.6596	173.5084	0.007668639	0.7893123
216	5.3065	-168.0588	173.3653	0.1508	0.7893123
222	9.328331	-163.9247	173.253	0.3288979	0.6868578
228	8.600476	-164.3533	172.9538	0.6636269	0.4050264
234	2.6784	-169.3809	172.0593	1.528409	0.3575819
240	3.339741	-169.4553	172.795	0.8211278	0.4022987
246	-1.656066	-174.3901	172.7341	0.8211278	0.3230054
252	3.660959	-168.1149	171.7759	1.774803	0.3189834
258	-1.503548	-174.4539	172.9504	0.338803	1.041252
264	-7.695111	-180.9079	173.2127	0.3213473	0.7640068
270	-2.676505	-175.7265	173.05	0.5742891	0.4213342
276	-3.956113	-177.2949	173.3387	0.2754027	0.3983229
282	2.737188	-170.1846	172.9218	0.6335861	0.7318177
288	3.582003	-169.4099	172.992	0.6335861	0.5836153
294	-3.515583	-176.5828	173.0672	0.1639979	1.095728
300	4.824557	-168.7317	173.5563	0.04743289	0.6429434
306	6.95403	-166.5154	173.4694	0.1369375	0.636942
312	10.45581	-160.9907	171.4465	2.133819	0.6897983
318	11.52493	-161.7432	173.2682	0.3650482	0.551325
324	-3.602884	-176.8633	173.2604	0.288908	0.3177813
330	1.478202	-171.3501	172.8283	0.6884536	0.7883108
336	-2.994344	-176.2246	173.2303	0.2536656	0.831281
342	-1.435454	-174.0572	172.6218	0.8680805	0.8237796
348	6.822023	-166.522	173.344	0.1979468	0.7525035
354	10.26209	-161.0047	171.2668	2.227441	0.8181762
360	-0.5057688	-173.4439	172.9382	0.5560956	0.8181762
366	-1.578466	-174.6755	173.097	0.1253376	1.103888
372	-2.415967	-175.8919	173.476	0.06588425	0.7525932
378	0.6232628	-172.2939	172.9171	0.5350617	0.8698116
384	-1.197714	-174.087	172.8892	0.6308225	0.7838123
390	-5.03148	-176.6689	171.6374	1.823433	0.8595866
396	-4.12738	-176.0249	171.8975	1.598871	0.8153884
402	-5.95933	-178.4806	172.5213	1.012267	0.7647937
408	0.106378	-172.6792	172.7856	0.8358112	0.597236
414	-15.08065	-186.4443	171.3637	1.944193	1.023158
420	-16.18461	-189.08	172.8954	0.5760414	0.846715
426	-0.1387415	-172.9618	172.8231	0.8046905	0.5753864
432	-0.5460842	-173.2986	172.7525	0.8601079	0.6216089
438	-2.93778	-176.4707	173.5329	0.07972395	0.6216089
444	-2.386736	-175.6574	173.2706	0.1633122	0.8909275
450	-5.63665	-177.2078	171.5712	1.988201	0.7255279
456	-11.47092	-183.6563	172.1854	1.042061	1.099214
462	-7.890619	-180.9996	173.1089	0.4832279	0.6672853
468	-0.3627695	-172.1667	171.8039	1.794879	0.6536669
474	-0.8879549	-174.1895	173.3016	0.09257257	0.9349147
480	-1.979758	-174.5758	172.596	1.039957	0.467763
486	-1.844377	-173.7458	171.9014	1.68371	0.6809616
492	6.499747	-166.4472	172.947	0.6668672	0.6184998
498	3.234232	-169.3726	172.6068	0.8752295	0.8336222
504	-4.077777	-176.6787	172.601	0.7981755	0.9295509
510	-4.082714	-175.1179	171.0352	2.378885	0.9132156
516	-4.012465	-175.9489	171.9364	1.044741	1.310122
522	-1.274527	-174.3777	173.1032	0.183621	1.043524
528	-5.914492	-178.0928	172.1783	1.389173	0.3347764
534	-8.762327	-181.4181	172.6558	0.7348754	0.9386864
540	-5.721121	-177.1747	171.4536	2.067398	0.7825465
546	-0.9623134	-173.3263	172.364	1.074618	0.8855827
552	-9.786779	-183.2122	173.4254	0.0889795	0.7915983
558	0.6373095	-172.2918	172.9291	0.640288	0.7090276
564	-2.759431	-175.4378	172.6784	0.3951712	1.233993
570	4.832364	-168.453	173.2854	0.3202399	0.3830999
576	8.635201	-164.7	173.3352	0.2944201	0.4376266
582	0.1057023	-173.1423	173.248	0.1523462	0.9282559
588	0.8115765	-172.5461	173.3577	0.0426602	0.9282559
594	-11.78384	-183.338	171.5542	1.846135	0.9282559
600	3.792356	-168.9977	172.7901	0.738688	0.7716638
606	-4.111092	-175.3448	171.2337	2.309235	0.7510467
612	-2.628246	-175.2559	172.6277	0.980017	0.6337433
618	-1.589876	-174.8524	173.2625	0.3561123	0.6052755
624	3.314671	-169.3464	172.661	0.9770852	0.4973953
630	0.2187663	-172.9636	173.1824	0.1256928	1.022963
636	-3.323481	-175.8841	172.5606	0.7474221	1.022963
642	-6.286546	-179.5572	173.2707	0.007504837	1.051821
648	-2.042119	-174.9174	172.8753	0.402865	1.051821
654	5.543587	-167.7679	173.3115	0.3265532	0.5076294
660	6.762123	-166.5834	173.3455	0.1751928	0.7829783
666	-2.398027	-175.695	173.297	0.2455012	0.3119817
672	-2.836245	-174.7882	171.9519	1.51237	0.2600415
678	-1.725211	-174.1243	172.3991	1.146458	0.314553
684	-10.05235	-183.0814	173.029	0.5165432	0.314553
690	-23.70541	-196.5788	172.8734	0.1821412	1.249057
696	-27.80257	-200.7467	172.9441	0.6650766	0.6301457
702	-2.316325	-175.5159	173.1996	0.4364025	0.4677594
708	-1.796902	-174.2347	172.4378	1.199025	0.5255795
714	2.536623	-169.7201	172.2567	1.375311	0.5571885
720	-6.019762	-177.6289	171.6091	2.023331	0.4484458
726	-2.041167	-174.5717	172.5305	1.107579	0.5051712
732	4.108391	-168.3181	172.4265	1.107579	0.7640344
738	8.547419	-163.7744	172.3218	1.058647	0.9495074
744	2.324596	-169.4718	171.7964	1.828756	0.5850728
750	-1.729757	-174.6213	172.8916	0.7313042	0.5924756
756	-5.544235	-178.5666	173.0223	0.3814962	0.9244581
762	-2.336832	-175.1912	172.8544	0.613371	0.8511894
768	-1.093517	-174.3478	173.2543	0.289884	0.7490875
774	1.10374	-172.4397	173.5434	0.09108497	0.4584694
780	-4.199034	-176.569	172.37	1.171114	0.3108094
786	-2.041627	-175.205	173.1633	0.4732147	0.5287191
792	-6.23736	-178.7947	172.5573	0.7767385	0.9971942
798	-4.302079	-177.7096	173.4075	0.2239442	0.5599003
804	2.527348	-170.2798	172.8071	0.5205204	1.003655
810	-0.5791361	-174.0165	173.4373	0.1191407	0.730169
816	1.701438	-171.3432	173.0447	0.434051	0.837797
822	-0.8096748	-172.8129	172.0033	1.629979	0.4522014
828	-0.5999278	-172.4079	171.808	1.814511	0.5937533
834	-5.31615	-177.7819	172.4657	1.01721	0.8325191
840	-8.189772	-181.3231	173.1333	0.4999641	0.4522304
846	3.27043	-169.717	172.9874	0.4999641	0.8269322
852	-0.6862227	-173.1105	172.4243	1.149004	0.3408694
858	-1.242638	-174.297	173.0543	0.5189564	0.3408694
864	-2.239251	-175.591	173.3518	0.1595425	0.795774
870	-6.737119	-179.5635	172.8264	0.5765263	0.9254338
876	-1.874872	-174.4785	172.6036	1.025525	0.5701213
882	-4.719221	-177.937	173.2177	0.3682382	0.6793276
888	-8.489187	-180.8593	172.3701	1.031323	0.92705
894	-2.304449	-175.5839	173.2794	0.3229913	0.6457474
900	2.92775	-169.7948	172.7225	0.9011214	0.4196081
906	4.804648	-168.6699	173.4745	0.1194552	0.663666
912	4.516719	-168.3476	172.8644	0.7577316	0.4156903
918	4.085529	-168.618	172.7035	0.9315642	0.4617463
924	0.7326816	-171.4623	172.1949	1.43902	0.5470408
930	2.157033	-170.9129	173.0699	0.5367519	0.6361196
936	-6.181751	-179.5539	173.3721	0.2345674	0.6361196
942	-3.094563	-176.3882	173.2937	0.2345674	0.7724166
948	-5.266861	-177.3749	172.108	1.179333	1.04305
954	-0.739303	-172.3557	171.6164	1.904052	0.783234
960	-0.6567528	-173.9815	173.3247	0.3088575	0.4536595
966	3.776102	-168.8877	172.6638	0.8891592	0.7357314
972	4.484738	-167.4983	171.983	1.650642	0.4541894
978	2.370182	-170.1112	172.4814	1.100941	0.6861728
984	1.058757	-171.8692	172.9279	0.6955952	0.5904455
990	4.531742	-169.0394	173.5711	0.05744245	0.5723947
996	-2.398979	-175.0695	172.6705	0.7249192	0.9335253
1002	-2.101792	-175.1732	173.0714	0.3667462	0.8860969
1008	-0.995601	-173.6219	172.6263	0.9132411	0.7560176
1014	-1.036454	-174.0315	172.995	0.6392666	0.4575276
1020	0.7484702	-172.748	173.4964	0.05053916	0.7449188
1026	-0.7224742	-172.6709	171.9485	1.575546	0.2975556
1032	-16.50228	-188.2056	171.7033	1.377397	1.228
1038	-2.43552	-174.3166	171.881	1.552569	0.8913044
1044	-4.739925	-177.0803	172.3404	1.231456	0.70475
1050	5.047853	-167.9982	173.0461	0.2934394	0.9917151
1056	-8.531284	-182.1041	173.5728	0.06492866	0.5139469
1062	-6.790772	-180.1894	173.3986	0.09642602	0.8171522
1068	-2.985677	-176.4675	173.4818	0.01323107	0.8171522
1074	2.067923	-171.2424	173.3103	0.0758498	0.9434719
1080	0.1786656	-171.9806	172.1592	1.314247	0.8442401
1086	4.316324	-168.9956	173.312	0.2628537	0.6996538
1092	14.65868	-158.5675	173.2262	0.3962661	0.5939377
1098	9.892022	-161.4508	171.3428	2.212116	0.7326094
1104	10.73094	-162.7187	173.4496	0.1053198	0.7326094
1110	6.292722	-166.9696	173.2623	0.2267628	0.8248081
1116	3.917112	-169.48	173.3971	0.09195355	0.8248081
1122	-5.116905	-177.5449	172.428	1.061101	0.8248081
1128	-7.092417	-180.4924	173.4	0.1507308	0.7392138
1134	4.77446	-167.8729	172.6473	0.9406994	0.6754279
1140	5.703144	-167.1038	172.8069	0.746845	0.7344006
1146	-3.828851	-176.0986	172.2697	1.352772	0.5937875
1152	-2.067339	-174.2594	172.1921	1.429217	0.5975119
1158	-4.918038	-177.491	172.5729	0.8777122	0.8716074
1164	-10.53556	-180.3478	169.8122	2.736231	1.638216
1170	-8.297738	-181.1785	172.8808	0.424661	1.025499
1176	-3.041273	-176.5779	173.5366	0.08456472	0.4135349
1182	-2.425993	-175.1905	172.7645	0.7596859	0.7780401
1188	6.287479	-166.219	172.5065	1.13006	0.52839
1194	3.797369	-167.7855	171.5828	1.875161	0.8629227
1200	12.18647	-160.0081	172.1945	1.403911	0.3720305
1206	12.50032	-160.4968	172.9971	0.6306098	0.575806
1212	7.993161	-165.423	173.4162	0.1400451	0.730585
1218	6.483377	-166.479	172.9623	0.6710574	0.5503237
1224	4.016841	-168.5598	172.5766	1.057163	0.5481374
1230	-0.7019935	-173.9003	173.1983	0.4335733	0.5580073
1236	-14.33149	-187.2636	172.9321	0.0991242	1.269239
1242	-12.04821	-185.5834	173.5352	0.03368547	0.709889
1248	-3.466307	-176.7707	173.3044	0.1030558	0.9204524
1254	-11.26047	-184.3281	173.0677	0.2273367	1.035667
1260	-2.432999	-175.5246	173.0916	0.08050196	1.149088
1266	-0.6666471	-173.9586	173.292	0.05901296	0.9801111
1272	1.850013	-171.4092	173.2592	0.3763481	0.5369532
1278	2.943536	-169.7642	172.7077	0.7642441	0.846085
1284	-3.239527	-176.1127	172.8732	0.7512938	0.4217805
1290	-1.140505	-173.7081	172.5676	1.021017	0.3586782
1296	-10.31141	-183.8247	173.5133	0.09146959	0.6406288
1302	-14.57569	-185.9786	171.4029	2.09507	0.8133978
1308	-8.115079	-181.3385	173.2234	0.1446828	0.9624287
1314	0.2081591	-172.644	172.8522	0.6164643	0.8501556
1320	-4.119568	-176.7842	172.6647	0.8039737	0.8501556
1326	-0.3711021	-173.6869	173.3158	0.26276	0.6930492
1332	1.540136	-169.7405	171.2806	2.030068	1.020385
1338	1.76931	-170.8561	172.6254	0.8143888	0.8842631
1344	-3.274554	-176.3504	173.0759	0.4457958	0.7815966
1350	-3.931213	-177.2164	173.2852	0.2937236	0.6923514
1356	-0.3628106	-173.6388	173.2759	0.3620372	0.5086759
1362	0.9003696	-170.3566	171.257	2.224596	0.8342629
1368	-1.047294	-172.2736	171.2263	2.224596	0.871283
1374	-4.605994	-176.9516	172.3456	0.6763283	1.276866
1380	1.061529	-172.1311	173.1927	0.3052357	0.8134838
1386	-6.420337	-179.3073	172.887	0.5938703	0.8351228
1392	-4.802694	-176.6435	171.8408	1.758144	0.6532516
1398	0.8602985	-170.8212	171.6815	1.899735	0.6881157
1404	-3.304485	-175.9042	172.5997	1.036582	0.4703178
1410	6.509335	-166.2049	172.7142	0.8141589	0.7722293
1416	-5.870443	-179.0508	173.1804	0.1810333	0.969369
1422	-1.73994	-172.8369	171.0969	2.356303	0.8685764
1428	6.127998	-166.9603	173.0883	0.5072326	0.660586
1434	6.613233	-166.8239	173.4371	0.1848879	0.5953335
1440	-3.295405	-176.5278	173.2324	0.08961088	1.009196
1446	-1.325604	-172.3249	170.9993	2.363782	0.9676859
1452	6.41475	-165.8199	172.2346	1.270117	0.2841736
1458	-1.498548	-174.391	172.8925	0.7134841	0.637806
1464	-6.436476	-178.211	171.7746	1.726845	0.8088926
1470	1.538528	-171.5636	173.1021	0.5180931	0.4111764
1476	5.857636	-167.1318	172.9895	0.5335799	0.7796761
1482	3.964852	-168.6993	172.6641	0.9140656	0.3462488
1488	0.8362609	-172.5056	173.3419	0.1255128	0.2617409
1494	6.735171	-166.4656	173.2007	0.2455036	0.8767717
1500	-0.2825767	-173.6366	173.354	0.2180153	0.7044396
1506	-1.263728	-174.7726	173.5089	0.1227073	0.559484
1512	-9.630657	-183.1598	173.5292	0.04310677	0.7040343
1518	-7.442501	-178.4999	171.0574	2.464503	0.7812328
1524	-11.13764	-183.9202	172.7826	0.7198035	0.8075742
1530	-1.430381	-173.5295	172.0992	1.469405	0.710371
1536	4.334209	-169.0562	173.3904	0.1030077	0.8192858
1542	-1.245403	-172.6443	171.3989	2.201816	0.6494952
1548	-0.08773059	-173.0045	172.9168	0.4165703	0.9979462
1554	-3.242677	-174.9361	171.6934	1.944663	0.5060661
1560	-5.671083	-178.7772	173.1061	0.04251942	1.16968
1566	10.10753	-163.19	173.2975	0.3398664	0.4809456
1572	11.11047	-161.1177	172.2281	1.358184	0.6786636
1578	9.735576	-163.747	173.4826	0.1527658	0.5383682
1584	-1.758232	-174.5013	172.7431	0.8707139	0.3976514
1590	-6.636591	-178.7244	172.0879	1.525618	0.6194253
1596	2.152001	-170.6595	172.8115	0.8019193	0.6194253
1602	-4.347442	-174.7728	170.4254	2.204969	1.57878
1608	-12.91888	-185.079	172.1602	0.4702148	1.57878
1614	-8.876708	-181.5887	172.712	0.9260729	0.4941725
1620	-2.39788	-175.1099	172.712	0.9260729	0.4941725
1626	-0.2147974	-173.1732	172.9584	0.6715222	0.4386192
1632	0.7350074	-171.9873	172.7223	0.9063462	0.5719102
1638	-1.063909	-173.231	172.1671	0.9063462	0.1377367
1644	-0.2019808	-172.5775	172.3755	1.075158	0.8716205
1650	3.806539	-169.7214	173.5279	0.1026679	0.563994
1656	4.850995	-167.4622	172.3132	1.301358	0.6166747
1662	2.151352	-171.1962	173.3476	0.09331768	0.2479713
1668	3.790908	-169.5757	173.3666	0.2705997	0.5222101
1674	6.106916	-167.3618	173.4687	0.1452308	0.6182703
1680	9.353457	-163.4871	172.8406	0.752045	0.6664412
1686	1.187328	-171.6942	172.8816	0.6506913	0.7666657
1692	3.030055	-169.903	172.9331	0.6847106	0.6077941
1698	-7.318442	-180.6958	173.3774	0.1721172	0.7410678
1704	4.417969	-168.953	173.371	0.25584	0.5791144
1710	10.12461	-163.0691	173.1937	0.4443798	0.4977768
1716	13.78997	-158.9116	172.7015	0.8933131	0.6619058
1722	7.356418	-165.2948	172.6513	0.8926121	0.7495889
1728	0.5888933	-172.5778	173.1667	0.3772066	0.7495889
1734	0.5963372	-171.8166	172.413	1.148086	0.7228046
1740	1.233796	-171.1165	172.3503	1.277459	0.5755141
1746	-9.939693	-183.2791	173.3394	0.2569578	0.6588319
1752	-9.410324	-180.6221	171.2118	1.963119	1.146601
1758	-12.05252	-184.2797	172.2272	1.410758	0.5106234
1764	-0.5244386	-173.2842	172.7597	0.743039	0.8071245
1770	3.511383	-169.217	172.7284	0.742416	0.8475545
1776	-9.093846	-181.721	172.6272	0.8435708	0.8475545
1782	-15.88781	-186.4434	170.5556	2.363449	1.359778
1788	-8.056579	-180.4595	172.403	1.230213	0.5514233
1794	-7.928531	-181.3631	173.4346	0.009099956	0.8797246
1800	-6.399992	-178.9923	172.5923	1.044407	0.5273615
1806	-13.91755	-185.0752	171.1577	2.158106	1.015373
1812	-14.56223	-187.279	172.7168	0.5700972	1.043456
1818	-4.626382	-176.839	172.2126	1.096547	1.021869
1824	3.975681	-168.2358	172.2115	1.402397	0.3978167
1830	3.758209	-168.6206	172.3788	1.259343	0.5003607
1836	10.61956	-162.7706	173.3902	0.1187208	0.2869157
1842	14.86934	-157.6631	172.5325	1.028432	0.7230669
1848	5.179397	-167.3508	172.5302	1.102823	0.4512653
1854	5.447609	-167.256	172.7036	0.8811246	0.6816629
1860	2.008732	-170.8919	172.9006	0.2287668	1.186432
1866	0.9968163	-171.1817	172.1785	0.9280766	1.205975
1872	4.753024	-168.373	173.126	0.3765695	0.8073072
1878	1.882376	-171.7118	173.5942	0.03028848	0.5873017
1884	0.005294775	-172.8722	172.8775	0.1703481	1.255472
1890	-2.606346	-174.9657	172.3594	1.193589	0.7356392
1896	4.366814	-168.5683	172.9351	0.4621656	0.9315349
1902	5.142792	-165.9476	171.0904	2.184391	1.055013
1908	-10.11837	-182.3796	172.2612	0.9274672	1.134301
1914	-6.552827	-179.1662	172.6134	1.024563	0.4902855
1920	-1.66584	-172.6053	170.9394	2.476914	0.9106807
1926	-4.963945	-178.2377	173.2738	0.1382346	0.9154898
1932	-4.304727	-177.7362	173.4314	0.0609149	0.8206029
1938	-1.44536	-174.6987	173.2534	0.245086	0.8127456
1944	-6.464083	-178.3917	171.9276	1.632373	0.7244941
1950	-5.545237	-177.5386	171.9934	1.632373	0.5828257
1956	-22.66337	-195.9668	173.3034	0.08345402	0.9426814
1962	-13.8142	-187.068	173.2538	0.3711456	0.5856526
1968	-10.05455	-183.3815	173.327	0.222746	0.7407025
1974	-14.45859	-187.5659	173.1073	0.4489716	0.7304079
1980	-6.841397	-180.0295	173.1882	0.3713076	0.7253855
1986	-2.0754	-174.0776	172.0022	1.60449	0.6361262
1992	-7.414812	-180.1478	172.733	0.9050328	0.5074779
1998	-7.884278	-181.4315	173.5472	0.09084711	0.5074779
2004	-14.47361	-185.0914	170.6178	2.978743	0.6583565
2010	-11.20809	-184.7467	173.5386	0.08605504	0.422241
2016	-7.528354	-179.665	172.1367	1.494872	0.4447156
2022	8.501937	-164.7368	173.2387	0.3984482	0.5225556
2028	3.296484	-167.7855	171.082	2.392182	0.8433965
2034	5.899764	-164.5039	170.4037	2.392182	1.455338
2040	6.26104	-164.8253	171.0863	2.392182	0.8380407
2046	1.743937	-171.6642	173.4082	0.2297977	0.5095743
2052	6.30181	-167.1955	173.4973	0.04011108	0.7591196
2058	2.309876	-170.5641	172.874	0.6881088	0.7210734
2064	1.381618	-171.7534	173.135	0.4017809	0.7600619
2070	-6.832201	-180.1623	173.3301	0.141634	0.8464383
2076	-5.389117	-178.2063	172.8172	0.7353469	0.7363927
2082	3.299426	-169.3012	172.6007	1.016961	0.6082566
2088	-5.386529	-178.5125	173.126	0.5069712	0.5526693
2094	-4.14947	-177.6217	173.4723	0.1621009	0.4578251
2100	2.655112	-170.2322	172.8873	0.5373155	0.9014976
2106	1.421573	-171.97	173.3916	0.03298173	0.9014976
2112	-3.084437	-176.5801	173.4957	0.1073219	0.6445327
2118	-7.726857	-179.3183	171.5914	1.92337	0.7910255
2124	-7.425415	-180.1312	172.7058	0.7280851	0.8909901
2130	-5.251798	-178.4282	173.1764	0.3428375	0.7849912
2136	2.814846	-170.3298	173.1446	0.249255	0.9352327
2142	4.852568	-167.5423	172.3948	1.233703	0.4339139
2148	2.704512	-169.6275	172.332	1.288692	0.4123171
2154	0.3774504	-171.6967	172.0741	1.381441	0.2553968
2160	-1.363494	-174.0482	172.6847	0.9465938	0.4438618
2166	-9.861794	-181.7907	171.9289	1.602088	0.7684078
2172	-2.927428	-173.9778	171.0504	2.392897	0.8801804
2178	-2.539508	-175.3255	172.7859	0.6015275	0.942059
2184	7.631176	-164.5026	172.1338	1.498873	0.4493718
2190	7.510023	-164.8107	172.3207	1.317415	0.4967899
2196	-5.08964	-178.5275	173.4379	0.1189151	0.3245055
2202	3.59675	-169.0736	172.6704	0.874301	0.3138054
2208	1.517756	-171.2252	172.7429	0.874301	0.4046297
2214	3.806178	-169.2159	173.0221	0.5867812	0.3886153
2220	-1.679856	-173.4013	171.7214	1.915789	0.4791051
2226	-4.002954	-177.2016	173.1986	0.3497979	0.7426722
2232	0.8453864	-172.7284	173.5738	0.04668797	0.6000042
2238	-0.07246958	-173.6891	173.6166	0.02113883	0.4868904
2244	6.249223	-166.823	173.0722	0.5658962	0.500105
2250	10.73809	-161.9719	172.71	0.8476745	0.3252875
2256	0.6463939	-172.2852	172.9316	0.6313364	0.7197593
2262	1.469673	-171.5134	172.9831	0.5865842	0.7084733
2268	-4.949334	-177.3935	172.4442	0.8212789	1.063889
2274	-7.028609	-177.9985	170.9699	2.295582	1.063889
2280	-1.553099	-175.0979	173.5448	0.0504872	0.6610727
2286	-5.850681	-179.1706	173.32	0.1498932	0.8486748
2292	-2.980215	-175.037	172.0568	1.568683	0.5838985
2298	6.329907	-164.5985	170.9284	2.548187	0.840391
2304	4.27069	-166.3134	170.5841	2.548187	1.18389
2310	4.374457	-166.2093	170.5838	2.624984	1.116246
2316	-5.808383	-176.3896	170.5813	2.624984	1.118522
2322	-0.6083964	-173.3623	172.7539	0.6545725	0.9193707
2328	-0.2504396	-173.2238	172.9733	0.664179	0.482439
2334	-2.598485	-174.7893	172.1908	1.397136	0.6756189
2340	-3.010148	-174.0794	171.0692	2.46649	0.7616558
2346	-1.3555	-173.246	171.8905	1.747467	0.4898384
2352	-4.106246	-173.3959	169.2896	3.259992	1.637388
2358	-1.151523	-170.4411	169.2896	3.259992	1.637388
2364	3.502204	-165.9057	169.4079	3.15728	1.626147
2370	0.522455	-168.9046	169.4271	2.658745	1.958924
2376	-3.217717	-172.4095	169.1918	2.658745	2.114848
2382	-11.0611	-181.2511	170.19	3.23234	0.904023
2388	-1.40204	-173.854	172.452	0.9281601	0.949854
2394	-0.6055433	-172.698	172.0925	1.39284	0.8295758
2400	1.288653	-169.8428	171.1315	2.149421	1.049213
2406	1.849991	-171.5724	173.4224	0.202169	0.5868359
2412	4.942448	-167.139	172.0815	1.556272	0.4862498
2418	4.909262	-168.335	173.2443	0.366463	0.6262733
2424	7.414842	-165.8418	173.2566	0.366463	0.5917711
2430	-8.01359	-180.6338	172.6202	0.807352	0.8981846
2436	-12.60358	-185.051	172.4474	1.09564	0.750778
2442	-3.523033	-176.4896	172.9666	0.5668686	0.764883
2448	-5.57628	-178.8578	173.2816	0.3433529	0.5857468
2454	-2.449672	-175.4347	172.985	0.6348132	0.4103461
2460	0.9109711	-172.2448	173.1558	0.2868729	0.8808906
2466	-2.238181	-174.8058	172.5676	1.070381	0.5075465
2472	-0.1924413	-173.0583	172.8659	0.7621798	0.5742904
2478	2.837298	-169.6241	172.4613	1.101549	0.3302702
2484	5.821635	-167.4874	173.309	0.1294164	0.8857684
2490	-0.003429184	-173.0879	173.0844	0.4658777	0.7397898
2496	-0.9728398	-173.9879	173.015	0.5904498	0.6389344
2502	3.986793	-168.9342	172.921	0.6137655	0.7630654
2508	8.130225	-164.9943	173.1245	0.4725105	0.6573843
2514	4.843422	-167.681	172.5244	1.103294	0.5756592
2520	2.371817	-171.2441	173.6159	0.02189718	0.4865139
2526	0.1861933	-173.1972	173.3833	0.2375191	0.4127442
2532	1.369496	-172.2392	173.6087	0.01243277	0.5978241
2538	5.148211	-168.2688	173.417	0.006386535	0.2396633
2544	4.70456	-168.4062	173.1108	0.06377586	1.146904
2550	2.992727	-170.2337	173.2264	0.3776765	0.6420488
2556	-4.336173	-177.2302	172.894	0.6454177	0.7561664
2562	-16.7001	-189.4451	172.745	0.824511	0.7088174
2568	-11.26487	-184.0039	172.739	0.8735631	0.6216788
2574	4.484403	-168.1029	172.5873	1.037357	0.5866008
2580	-2.871377	-175.9616	173.0902	0.4828151	0.7027657
2586	1.901124	-170.5938	172.4949	1.107286	0.3776676
2592	-4.58697	-176.3924	171.8055	1.752467	0.7278255
2598	1.76329	-169.5727	171.336	1.946019	1.04815
2604	-4.789589	-174.4446	169.6551	3.036603	1.533633
2610	-4.495499	-173.3058	168.8103	3.036603	2.117225
2616	-11.3335	-178.7214	167.3879	3.036603	3.003233
2622	-0.3710536	-168.7802	168.4091	3.036603	2.375358
2628	3.340897	-166.4024	169.7433	3.036603	1.467463
2634	-10.02871	-182.2621	172.2333	0.16454	1.745105
2640	-9.293347	-181.9374	172.6441	0.9585745	0.3783744
2646	-12.59376	-184.7386	172.1448	1.470182	0.40003
2652	-16.64569	-189.5002	172.8545	0.7442918	0.6536158
2658	-4.207257	-177.2879	173.0807	0.3511198	0.8933487
2664	-2.537218	-175.372	172.8348	0.5969802	0.8933487
2670	-8.968222	-181.3231	172.3549	0.8609977	1.109747
2676	-9.520889	-182.3524	172.8315	0.349836	1.140876
2682	-1.791758	-174.9203	173.1286	0.5058574	0.5442385
2688	-2.371003	-175.6078	173.2368	0.3450623	0.6870363
2694	-7.778954	-180.4956	172.7166	0.9148023	0.5603
2700	0.7991531	-172.4815	173.2807	0.2805353	0.7225122
2706	-8.466114	-180.9641	172.498	0.9356539	0.8912955
2712	-4.758241	-176.8683	172.11	1.321496	0.8936596
2718	1.744693	-171.398	173.1426	0.2888859	0.8936596
2724	-3.56916	-176.2942	172.725	0.3968214	1.192902
2730	-3.897077	-173.9929	170.0958	2.938202	1.266955
2736	2.976595	-167.1116	170.0882	2.945816	1.266955
2742	1.586092	-165.7179	167.304	3.405983	2.830962
2748	-9.135672	-176.4397	167.304	3.405983	2.830962
2754	2.070082	-165.9926	168.0627	3.067251	2.573261
2760	1.323669	-170.0501	171.3738	2.138159	0.7949166
2766	9.162653	-163.8062	172.9688	0.6342793	0.3790715
2772	1.4898	-171.621	173.1108	0.4180435	0.7715138
2778	-5.622796	-177.1536	171.5308	1.827574	0.9725126
2784	5.155684	-166.1878	171.3435	2.285112	0.5721785
2790	-7.499543	-180.4873	172.9878	0.1615437	1.169103
2796	-5.865659	-178.8591	172.9934	0.5728536	0.7142494
2802	-1.573578	-175.0724	173.4988	0.05176156	0.7394503
2808	0.4262188	-172.6088	173.0351	0.5966332	0.5589264
2814	-3.787262	-177.3073	173.52	0.07308793	0.6654219
2820	4.887238	-168.0597	172.947	0.6386247	0.680058
2826	4.793385	-168.2438	173.0372	0.5208569	0.727686
2832	6.249145	-167.335	173.5842	0.04874544	0.5528383
2838	-3.140186	-175.7936	172.6534	0.9831924	0.5282595
2844	-3.008053	-175.0059	171.9979	1.358127	0.9749768
2850	-4.130918	-176.7943	172.6634	0.913986	0.6951459
2856	2.404679	-170.6607	173.0654	0.5469182	0.6224968
2862	-13.84311	-185.6823	171.8392	1.788751	0.4320193
2868	-7.624084	-179.308	171.6839	1.6327	1.014597
2874	-17.08081	-188.7939	171.713	1.6327	0.985435
2880	-8.002265	-181.3999	173.3977	0.08650515	0.8309743
2886	1.82559	-171.521	173.3466	0.1943009	0.7540427
2892	-7.974356	-180.681	172.7066	0.5456579	1.07624
2898	-2.139037	-174.7409	172.6019	1.036162	0.5055149
2904	1.177495	-171.8359	173.0134	0.6064116	0.601823
2910	0.8660973	-171.5518	172.4179	1.205516	0.5908819
2916	8.303009	-164.8472	173.1502	0.404446	0.733028
2922	-1.547888	-173.6264	172.0786	1.193678	1.057461
2928	-2.536028	-175.7516	173.2156	0.4225494	0.5035499
2934	-2.478371	-174.331	171.8527	1.781201	0.5476061
2940	-5.785077	-178.0603	172.2752	1.358637	0.5476061
2946	-9.723252	-182.8322	173.109	0.4754381	0.682264
2952	-10.33009	-183.5402	173.2101	0.06288692	1.056757
2958	-6.463807	-179.5765	173.1127	0.4070658	0.7843042
2964	-6.271069	-179.1248	172.8537	0.6334874	0.8271616
2970	0.6718475	-172.7066	173.3785	0.1871977	0.7152309
2976	3.599365	-169.5659	173.1652	0.1886253	0.9771764
2982	10.89842	-162.2841	173.1825	0.4439291	0.5802793
2988	9.937672	-161.8758	171.8135	1.679172	0.8202105
2994	7.487019	-165.2309	172.7179	0.8821553	0.3744295
3000	1.060059	-171.3019	172.362	1.207466	0.7089258
3006	0.7408143	-172.7839	173.5247	0.1110223	0.5352187
3012	-2.158678	-175.4982	173.3395	0.2130901	0.7362846
3018	-3.913903	-177.1202	173.2063	0.06535366	1.05798
3024	-1.394728	-174.6483	173.2536	0.1479254	0.9269745
3030	2.739899	-168.8044	171.5443	1.871014	0.9118564
3036	-0.005220175	-172.7296	172.7244	0.7560738	0.8356281
3042	-2.580805	-175.619	173.0382	0.5912633	0.5686213
3048	-1.611488	-174.4959	172.8844	0.7291739	0.6190305
3054	1.21071	-172.2947	173.5055	0.08696755	0.6667935
3060	-1.464519	-173.1184	171.6539	1.784302	0.8860582
3066	-4.172338	-177.1266	172.9542	0.5490839	0.8063968
3072	4.168002	-168.4915	172.6595	0.8835862	0.7508414
3078	1.72875	-170.9492	172.6779	0.9553514	0.5508126
3084	-1.009187	-173.1599	172.1507	1.324577	0.2661539
3090	1.94207	-170.1691	172.1111	1.324577	0.8889171
3096	1.069437	-171.3689	172.4383	0.6556024	1.216802
3102	3.771745	-168.7209	172.4927	1.138509	0.5613891
3108	-0.9007185	-173.3956	172.4948	1.143183	0.4927128
3114	0.3567967	-172.5892	172.946	0.559641	0.8033093
3120	-3.277978	-176.6231	173.3452	0.1470175	0.8208503
3126	0.4465967	-173.0497	173.4963	0.1409607	0.4793188
3132	1.402149	-168.8707	170.2729	2.709335	1.309254
3138	3.509482	-167.2729	170.7824	2.709335	0.8213848
3144	6.999557	-164.7532	171.7527	1.853916	0.6361434
3150	-4.077667	-175.8276	171.75	1.790018	0.7553634
3156	-1.843149	-174.4817	172.6385	0.9144094	0.7357435
3162	-5.223361	-178.3701	173.1467	0.4848186	0.5596234
3168	-4.215104	-176.6073	172.3922	1.236727	0.4351233
3174	-11.94178	-184.8436	172.9019	0.5564606	0.8625604
3180	-9.923342	-182.5847	172.6614	0.9752219	0.5280369
3186	-12.52793	-185.6093	173.0814	0.1977282	1.050888
3192	-9.669514	-183.1997	173.5302	0.1074232	0.4836817
3198	-5.229435	-178.4505	173.2211	0.2978364	0.7854035
3204	-1.464916	-173.701	172.2361	1.385461	0.4144369
3210	-2.508994	-173.1863	170.6773	2.594279	1.058113
3216	-1.613462	-171.1502	169.5367	2.594279	1.928503
3222	3.575792	-166.9246	170.5004	2.594279	1.216129
3228	1.685794	-171.0623	172.7481	0.8885324	0.473318
3234	1.845395	-171.4958	173.3412	0.2954427	0.473318
3240	6.665195	-166.318	172.9832	0.3739559	0.9737541
3246	6.47425	-166.0503	172.5245	1.113536	0.507097
3252	5.525334	-166.7094	172.2347	1.382339	0.4042356
3258	7.836346	-164.225	172.0613	1.555743	0.4042356
3264	10.39876	-162.5674	172.9661	0.6719552	0.5059423
3270	-1.00344	-173.4095	172.4061	0.8195742	1.100868
3276	7.406471	-164.0974	171.5039	1.979624	0.8318018
3282	7.131748	-165.9706	173.1024	0.3060297	0.9194377
3288	-2.207833	-175.3084	173.1005	0.4836654	0.6826478
3294	-1.334798	-173.8308	172.496	1.120446	0.4029831
3300	-12.24126	-184.4097	172.1685	0.9238105	1.218182
3306	-5.76156	-179.2544	173.4929	0.143412	0.5309519
3312	3.921545	-169.3162	173.2378	0.3931328	0.562497
3318	-10.93703	-183.5478	172.6108	1.022903	0.4543735
3324	-16.46759	-189.5438	173.0762	0.5234549	0.6517355
3330	-11.42063	-184.0915	172.6709	0.9666345	0.4829433
3336	-0.6805437	-173.2074	172.5269	1.10777	0.4595551
3342	1.263674	-171.0988	172.3625	1.10777	0.8481807
3348	-5.004675	-178.5672	173.5626	0.07197856	0.5436019
3354	-0.02851535	-173.0524	173.0239	0.4621671	0.2724189
3360	-3.843469	-177.0359	173.1924	0.3561788	0.3171175
3366	2.044726	-170.2253	172.27	1.36723	0.521747
3372	2.494579	-169.9312	172.4258	1.177244	0.6443695
3378	1.332654	-171.1298	172.4625	1.151319	0.3976611
3384	8.351622	-164.6566	173.0082	0.6055792	0.3976611
3390	3.240986	-169.5505	172.7915	0.3734265	1.155436
3396	7.555871	-165.5883	173.1442	0.3734265	0.7871524
3402	9.73551	-163.7159	173.4514	0.1866532	0.4947238
3408	11.81092	-160.637	172.448	1.188171	0.4690421
3414	10.42593	-161.8741	172.3	1.188171	0.8259011
3420	1.097367	-172.1244	173.2217	0.4127955	0.4588168
3426	1.54938	-170.4903	172.0397	1.590343	0.4389901
3432	0.08642332	-173.2289	173.3153	0.2063415	0.7816177
3438	0.9314821	-172.0545	172.986	0.1748143	1.15903
3444	-1.743675	-174.0665	172.3229	0.8379362	1.15903
3450	-2.647322	-175.8272	173.1799	0.3963217	0.6972201
3456	-2.431067	-174.0695	171.6384	1.967986	0.6368218
3462	1.927713	-169.8373	171.765	1.854325	0.4091962
3468	-9.863021	-183.1489	173.2859	0.2400866	0.7755761
3474	-6.565275	-179.1128	172.5475	0.895033	0.8810451
3480	4.509854	-168.0695	172.5793	0.9213911	0.8097958
3486	2.65594	-170.1228	172.7788	0.5665556	0.9858655
3492	-3.284049	-175.3907	172.1067	1.055376	1.157951
3498	6.263592	-166.6835	172.9471	0.1847592	1.184313
3504	11.52333	-161.8748	173.3981	0.1689269	0.7129383
3510	13.43172	-159.7838	173.2156	0.4053975	0.5984765
3516	4.498452	-168.0769	172.5754	1.062757	0.5030979
3522	-0.8699548	-172.6067	171.7368	1.793212	0.7699189
3528	2.362013	-170.6258	172.9878	0.6427711	0.5638718
3534	9.336605	-163.7268	173.0634	0.4780979	0.7532037
3540	-1.447804	-174.9623	173.5145	0.04626165	0.7233196
3546	2.63081	-170.9204	173.5512	0.08673152	0.4909914
3552	-3.068482	-174.8262	171.7577	1.775902	0.7647483
3558	-8.082881	-180.6656	172.5827	0.997996	0.6891726
3564	1.759191	-171.7805	173.5397	0.041019	0.6891726
3570	0.781725	-172.8508	173.6325	0.00537474	0.48872
3576	0.6393875	-172.7088	173.3482	0.2718514	0.601339
3582	-1.339508	-174.7102	173.3707	0.2366717	0.6345877
3588	0.0990365	-172.9051	173.0041	0.1347406	1.178204
3594	2.436393	-170.6988	173.1351	0.2108661	0.9851587
3600	0.5148112	-172.431	172.9458	0.4428311	0.9408314
3606	1.123403	-171.176	172.2995	0.7722836	1.235519
3612	2.195642	-168.2679	170.4636	2.677236	1.176535
3618	1.521132	-168.236	169.7572	2.87121	1.580252
3624	5.893952	-163.8632	169.7572	2.87121	1.580252
3630	0.05520627	-168.6771	168.7323	3.00179	2.190689
3636	-0.1737858	-167.108	166.9342	3.478454	3.010342
3642	1.975621	-164.1183	166.0939	3.226383	3.653304
3648	-10.56845	-178.4652	167.8967	3.226383	2.5775
3654	-1.540101	-174.9392	173.3991	0.1198312	0.7854299
3660	0.8311943	-172.3758	173.207	0.09029031	1.033413
3666	4.412656	-168.3021	172.7148	0.6861657	0.9275971
3672	8.625808	-164.5161	173.142	0.4866271	0.5723337
3678	13.14152	-160.0408	173.1823	0.3930276	0.6986508
3684	11.50774	-159.9764	171.4841	2.153883	0.4917053
3690	13.8139	-157.4677	171.2816	2.179481	0.8592697
3696	10.70641	-162.5866	173.2931	0.1563736	0.8730433
3702	10.47043	-162.3498	172.8202	0.6999084	0.7837797
3708	4.985419	-167.6712	172.6566	0.8553783	0.2890116
3714	12.1335	-160.1738	172.3073	1.285281	0.3638555
3720	10.13377	-162.5393	172.673	0.9195509	0.3638555
3726	8.211794	-163.6764	171.8881	1.704426	0.3638555
3732	12.67798	-160.4357	173.1137	0.4958252	0.6293461
3738	11.90782	-159.4137	171.3215	2.267639	0.6732098
3744	9.493108	-164.0749	173.568	0.0655636	0.5492286
3750	13.94442	-159.3006	173.245	0.354578	0.6519542
3756	10.79611	-162.4971	173.2932	0.2622475	0.7317191
3762	8.026677	-165.4872	173.5139	0.1207863	0.542633
3768	11.12829	-162.3715	173.4997	0.1349492	0.542633
3774	7.340122	-165.5551	172.8952	0.4753173	0.9598969
3780	9.835112	-163.4045	173.2396	0.3981286	0.5142479
3786	2.791278	-169.9743	172.7656	0.8680279	0.5492223
3792	4.891984	-168.6557	173.5477	0.06135127	0.3889205
3798	4.758977	-168.8111	173.5701	0.06027647	0.5649798
3804	-6.97534	-178.491	171.5157	2.079151	0.6618823
3810	0.5542832	-170.8268	171.3811	2.213723	0.6618823
3816	3.536481	-169.094	172.6305	0.9144319	0.7480621
3822	4.96399	-166.3226	171.2866	2.348836	0.5374552
3828	-1.491651	-172.3408	170.8492	2.348836	1.125931
3834	-6.057162	-176.9375	170.8803	2.270199	1.168029
3840	-5.374106	-178.0709	172.6967	0.5579615	1.073968
3846	-4.465648	-177.1259	172.6602	0.7216547	0.9479787
3852	2.366372	-170.7625	173.1289	0.3887166	0.7872339
3858	2.818145	-170.2839	173.102	0.413926	0.7894959
3864	1.046189	-170.0777	171.1239	2.428054	0.7372098
3870	-6.791875	-177.61	170.8181	2.428054	1.081917
3876	-4.64055	-175.6627	171.0222	2.428054	0.8721127
3882	5.080195	-168.0507	173.1309	0.2470682	0.9521585
3888	1.342451	-172.0887	173.4312	0.1121102	0.7504376
3894	0.5135345	-173.1016	173.6151	0.02295979	0.5038853
3900	-10.74021	-184.3746	173.6344	0.003747001	0.5038853
3906	-7.559764	-180.8181	173.2583	0.200139	0.8623852
3912	-14.59887	-187.8176	173.2187	0.3409395	0.725097
3918	-12.45072	-185.5265	173.0758	0.1494543	1.101272
3924	-11.95938	-184.1757	172.2163	1.389508	0.3834545
3930	-7.273553	-178.1837	170.9101	2.236473	1.171486
3936	-7.801288	-180.5499	172.7486	0.526975	1.05426
3942	-6.362628	-177.4933	171.1307	2.257409	0.9414381
3948	-14.03302	-186.6254	172.5924	1.004199	0.6582441
3954	-17.4325	-188.8352	171.4027	1.94406	0.9843729
3960	-11.52752	-184.0874	172.5599	0.9992719	0.7258616
3966	-9.444728	-180.8956	171.4509	2.024208	0.8423062
3972	-0.2942006	-173.5471	173.2529	0.2990992	0.7371508
3978	7.211047	-166.3135	173.5246	0.1132842	0.5117296
3984	11.93683	-161.1822	173.119	0.5188327	0.5117296
3990	12.97595	-160.3839	173.3599	0.08412048	0.8793744
3996	8.585347	-164.6495	173.2349	0.3224454	0.7287866
4002	7.619141	-165.2406	172.8597	0.6208865	0.2691995
4008	3.594784	-169.3473	172.9421	0.5404392	0.8330294
4014	1.117814	-172.1349	173.2527	0.3417178	0.6628245
4020	0.1840082	-172.5524	172.7365	0.8676694	0.6419852
4026	3.872601	-168.5052	172.3778	1.215729	0.3650941
4032	5.365925	-167.9643	173.3302	0.2717783	0.6467066
4038	-0.1118503	-173.2289	173.117	0.4945838	0.6241723
4044	-7.320661	-179.3103	171.9896	1.55966	0.7413721
4050	-9.404274	-181.9348	172.5305	0.764588	1.035534
4056	-8.299216	-179.7336	171.4343	1.896297	1.000638
4062	-11.34137	-184.543	173.2017	0.2253857	0.8987265
4068	-12.5585	-185.1703	172.6118	0.9522531	0.7178386
4074	-6.353529	-179.4082	173.0546	0.351972	0.9214001
4080	-3.552357	-175.1135	171.5611	1.804413	0.9651187
4086	-3.224539	-176.1081	172.8835	0.6063852	0.823734
4092	-1.079525	-171.4737	170.3942	2.374778	1.475732
4098	-3.593204	-176.7478	173.1546	0.4781898	0.4499666
4104	4.211267	-169.0847	173.296	0.3378979	0.547465
4110	6.106678	-167.1309	173.2376	0.3763088	0.6183446
4116	4.569167	-168.6684	173.2376	0.3763088	0.6183446
4122	7.773528	-165.4112	173.1847	0.3763088	0.328464
4128	11.62625	-160.2461	171.8723	1.748295	0.4121074
4134	2.494821	-170.1563	172.6511	0.98254	0.5489746
4140	-1.501264	-174.696	173.1947	0.4391869	0.5474091
4146	4.007083	-168.8959	172.903	0.646969	0.3183149
4152	13.74536	-159.1688	172.9142	0.6875475	0.6473235
4158	2.38281	-170.3347	172.7175	0.537225	1.073909
4164	4.317065	-169.2527	173.5698	0.03217615	0.6467647
4170	5.23422	-167.8481	173.0824	0.4497506	0.3036553
4176	6.18746	-163.9243	170.1118	2.696707	1.4457
4182	1.88095	-167.8832	169.7641	2.696707	1.700776
4188	3.175244	-170.0659	173.2412	0.3838829	0.5853183
4194	-7.757942	-179.6836	171.9256	1.711709	0.4801327
4200	0.6704287	-172.1498	172.8203	0.8176068	0.5117865
4206	1.928713	-171.2362	173.1649	0.4327699	0.6559846
4212	-1.564207	-174.9689	173.4047	0.1272973	0.767027
4218	-7.561476	-180.8765	173.315	0.03372536	0.9824174
4224	3.746786	-167.8037	171.5505	2.066611	0.6096599
4230	1.685883	-169.602	171.2879	2.066611	0.9765216
4236	2.105956	-169.0755	171.1814	2.016734	1.125811
4242	7.274866	-166.0106	173.2855	0.3462235	0.4453449
4248	7.829288	-163.5704	171.3997	2.083551	0.832135
4254	6.579643	-166.9203	173.4999	0.1103014	0.3910207
4260	0.4066165	-172.9331	173.3397	0.2170396	0.7296766
4266	0.936173	-172.343	173.2792	0.3440674	0.5912473
4272	-5.400674	-177.0796	171.679	1.944308	0.5912473
4278	4.38471	-167.4134	171.7981	1.839976	0.4966987
4284	-1.622371	-174.7869	173.1645	0.387947	0.736479
4290	8.902194	-164.4938	173.396	0.2326481	0.5719901
4296	6.806084	-166.2029	173.009	0.6289112	0.511066
4302	-1.321732	-173.3561	172.0344	1.547949	0.6861439
4308	4.288905	-168.8598	173.1487	0.2414177	0.9392373
4314	4.781995	-168.6557	173.4377	0.1336634	0.70559
4320	-3.097275	-176.3194	173.2221	0.2816178	0.8058569
4326	-0.7252674	-173.9835	173.2582	0.3707946	0.5705123
4332	-3.479937	-176.9853	173.5054	0.07509036	0.6895952
4338	-7.675335	-180.5755	172.9002	0.6836081	0.3527224
4344	-8.001532	-180.5391	172.5376	1.013505	0.3193311
4350	-2.233504	-174.9146	172.6811	0.8618491	0.7509443
4356	0.1389329	-172.8591	172.998	0.5403894	0.757682
4362	-6.908915	-179.6131	172.7042	0.7687974	0.8448926
4368	-5.786704	-178.8513	173.0646	0.5720441	0.4735775
4374	-3.584917	-176.4767	172.8918	0.5450879	0.8876091
4380	0.386376	-173.0293	173.4157	0.220815	0.5290083
4386	3.215397	-168.9304	172.1458	1.474295	0.6012122
4392	-5.405985	-177.8053	172.3993	1.088444	0.8264913
4398	-8.187933	-181.3025	173.1145	0.128624	1.084724
4404	-15.11938	-185.8209	170.7016	2.271809	1.316412
4410	-12.50064	-185.5518	173.0511	0.5789398	0.4392165
4416	-2.478497	-175.7864	173.3079	0.24838	0.730519
4422	-2.825792	-175.2376	172.4118	1.21973	0.5596072
4428	-8.455959	-181.6638	173.2079	0.1405179	0.9827462
4434	-14.65889	-187.5139	172.855	0.7121811	0.7127549
4440	-4.781898	-176.0225	171.2406	2.19869	0.8847902
4446	-2.530292	-175.9514	173.4211	0.01820242	0.8847902
4452	-5.157578	-178.6085	173.4509	0.1834705	0.5448102
4458	-8.170823	-179.9424	171.7715	1.615316	0.9427153
4464	4.74265	-167.6409	172.3836	1.21438	0.3713354
4470	-3.694103	-176.2735	172.5794	1.025814	0.3823847
4476	-6.586146	-179.1587	172.5725	1.025814	0.3718972
4482	-1.188	-173.8513	172.6633	0.7545685	0.9089816
4488	-3.572806	-175.1492	171.5764	1.802296	0.9514127
4494	-6.355019	-178.095	171.74	1.63394	0.9563727
4500	-5.416135	-178.1573	172.7411	0.8301452	0.7057554
4506	2.207067	-170.9828	173.1898	0.3814524	0.7057554
4512	2.499954	-170.7154	173.2154	0.4069066	0.5943696
4518	-5.310973	-178.5961	173.2851	0.3323308	0.6088191
4524	-8.587146	-178.8847	170.2976	2.652264	1.335318
4530	-5.398587	-178.2488	172.8502	0.4137992	1.065274
4536	-9.070327	-181.2855	172.2152	1.372018	0.6770023
4542	-3.861324	-177.0288	173.1675	0.2692635	0.887731
4548	-2.618323	-175.1308	172.5124	0.9242935	0.887731
4554	-1.986825	-174.8555	172.8686	0.7686766	0.479911
4560	-0.4091587	-172.5414	172.1323	1.483069	0.400718
4566	-0.967686	-171.607	170.6393	2.549477	1.134207
4572	2.329864	-168.5237	170.8536	2.549477	0.9252634
4578	0.2623181	-171.3361	171.5984	1.998205	0.6583156
4584	-2.578559	-176.1427	173.5641	0.07331811	0.5188053
4590	2.776624	-169.9703	172.7469	0.8865937	0.4532907
4596	-5.593013	-178.3251	172.7321	0.9024885	0.543291
4602	-3.581744	-176.2713	172.6895	0.7078921	0.9314067
4608	6.816793	-166.3576	173.1744	0.4006044	0.6993855
4614	8.727204	-164.7747	173.5019	0.07304893	0.6993855
4620	10.64781	-162.8708	173.5186	0.1184154	0.5244707
4626	1.03271	-172.4626	173.4953	0.07337462	0.7101585
4632	6.255508	-167.1111	173.3666	0.1658168	0.7664641
4638	4.476264	-168.6155	173.0918	0.4832906	0.6991951
4644	-0.002174142	-173.0014	172.9992	0.5453254	0.7486387
4650	2.707706	-167.8822	170.5899	2.646572	1.090936
4656	8.25146	-162.7657	171.0172	2.47168	0.8250754
4662	5.146532	-164.9385	170.085	2.866678	1.333804
4668	9.395494	-160.4193	169.8148	2.866678	1.541157
4674	8.129681	-162.1221	170.2518	2.895977	1.170483
4680	-0.4980745	-173.4197	172.9216	0.6077794	0.7707321
4686	-6.758012	-179.5819	172.8239	0.7744656	0.6546506
4692	2.030851	-171.2387	173.2696	0.2181306	0.8265454
4698	-0.9643801	-171.6312	170.6668	2.627767	1.036039
4704	-2.191133	-172.038	169.8469	2.817893	1.553519
4710	-2.266608	-172.6821	170.4155	2.24923	1.553519
4716	3.749755	-168.3787	172.1285	1.395361	0.7785535
4722	0.2640134	-171.7662	172.0303	1.575446	0.6383703
4728	1.880319	-171.1278	173.0081	0.5975729	0.6383703
4734	3.84696	-167.5611	171.4081	2.155853	0.7181493
4740	4.366649	-168.5713	172.9379	0.7001952	0.4983553
4746	0.22568	-172.7978	173.0235	0.2795556	1.027853
4752	-1.818778	-174.4826	172.6638	0.6501097	1.017251
4758	0.6784895	-172.3244	173.0029	0.3023636	1.025688
4764	13.39911	-160.1514	173.5505	0.04576177	0.3689487
4770	3.076035	-170.0514	173.1275	0.183294	1.020329
4776	-1.599102	-173.9119	172.3128	0.4806787	1.457158
4782	-7.660589	-179.3185	171.6579	1.884869	0.7512942
4788	-7.789094	-180.5722	172.7831	0.5175943	1.03016
4794	-0.6506517	-173.1674	172.5167	0.8874712	0.9240281
4800	-0.009960331	-172.4466	172.4367	1.183712	0.6002015
4806	1.265941	-171.9496	173.2156	0.3458978	0.7221303
4812	6.497647	-166.8409	173.3385	0.0822243	0.9057777
4818	3.537482	-169.7615	173.299	0.1812755	0.835836
4824	4.804331	-168.6764	173.4807	0.1503416	0.5617765
4830	2.000815	-171.136	173.1368	0.4519119	0.6741026
4836	-3.099475	-176.1674	173.0679	0.2622061	1.001144
4842	-2.220177	-174.7968	172.5766	0.9993906	0.6975783
4848	-0.3058159	-173.3913	173.0855	0.529686	0.4003494
4854	-4.524183	-177.1955	172.6714	0.6605944	0.999325
4860	-10.80555	-182.6887	171.8831	1.589195	0.8456782
4866	-8.849515	-182.3282	173.4787	0.1392019	0.6073899
4872	-8.460944	-181.1124	172.6515	0.9462545	0.6558858
4878	-7.073288	-179.7629	172.6897	0.9462545	0.5341142
4884	-3.907583	-176.1655	172.2579	1.2582	0.2918688
4890	-6.798404	-179.2323	172.4339	1.187085	0.5984517
4896	-8.003036	-180.8692	172.8662	0.181215	1.255849
4902	3.714687	-169.7365	173.4512	0.1493242	0.6499326
4908	1.080475	-171.7878	172.8683	0.1585741	1.272803
4914	-6.227516	-176.3967	170.1691	2.297463	1.696671
4920	2.672122	-170.0156	172.6877	0.5444461	1.09488
4926	10.18847	-163.0995	173.288	0.3487251	0.5274712
4932	2.729094	-170.1893	172.9184	0.6208158	0.7564677
4938	6.170138	-167.3926	173.5627	0.0742592	0.5241732
4944	9.399555	-163.4341	172.8336	0.8036006	0.478805
4950	9.187964	-164.2954	173.4833	0.06659093	0.7403997
4956	3.284257	-169.3731	172.6574	0.7625804	0.9066729
4962	1.694697	-171.2888	172.9835	0.4075625	0.9382083
4968	-1.748577	-174.981	173.2324	0.01948468	1.07663
4974	3.188103	-170.0086	173.1967	0.1308144	1.00373
4980	-0.7762594	-174.0644	173.2881	0.02270076	1.020264
4986	2.8588	-170.5754	173.4342	0.03064037	0.8547509
4992	-6.098549	-179.3923	173.2937	0.3163489	0.6280233
4998	2.144878	-170.2537	172.3986	1.23391	0.5551525
5004	3.425789	-167.9857	171.4115	2.147342	0.7264211
5010	0.8510374	-171.5036	172.3546	1.001485	0.9748689
5016	0.4835874	-172.2944	172.778	0.6269921	0.9232262
5022	-2.190812	-172.5459	170.355	2.60736	1.325233
5028	-5.9063	-177.9813	172.075	1.562335	0.5205822
5034	3.20451	-169.8564	173.0609	0.3330982	0.9350667
5040	0.7963286	-171.9396	172.736	0.6695847	0.9225761
5046	-0.2621192	-173.7116	173.4494	0.1740768	0.5904292
5052	1.386592	-170.6455	172.0321	1.579287	0.6247406
5058	7.62273	-164.6595	172.2822	1.273302	0.73166
5064	4.441911	-169.0214	173.4634	0.05619512	0.7845305
5070	5.754032	-167.7204	173.4744	0.1462539	0.5994523
5076	7.344629	-165.3515	172.6962	0.9315148	0.5758003
5082	10.31274	-163.178	173.4908	0.0459192	0.7602249
5088	-3.63024	-177.1831	173.5528	0.01878482	0.7051598
5094	2.456465	-170.6609	173.1173	0.3980981	0.7901734
5100	2.511444	-169.8292	172.3406	1.239238	0.6906395
5106	4.737885	-167.6316	172.3695	1.24589	0.6143857
5112	9.12981	-164.0428	173.1726	0.465405	0.4935205
5118	6.908095	-165.0573	171.9654	1.625106	0.6705864
5124	4.146524	-166.5191	170.6656	2.684764	0.980743
5130	-2.702799	-173.1041	170.4013	2.572529	1.316045
5136	-0.2405968	-173.7882	173.5476	0.08754952	0.4621284
5142	-9.022	-182.394	173.372	0.09700601	0.849724
5148	-1.850569	-175.3832	173.5326	0.08212181	0.6161563
5154	-1.103886	-174.2358	173.1319	0.2848122	0.9103061
5160	-12.82172	-184.6407	171.819	1.787786	0.6358804
5166	-8.2932	-181.6631	173.3699	0.1195941	0.82429
5172	1.726959	-171.1191	172.8461	0.643398	0.82429
5178	0.1808357	-171.8464	172.0272	1.600823	0.5743704
5184	0.1844543	-171.6922	171.8766	1.760374	0.4766827
5190	5.06453	-167.9832	173.0478	0.4686846	0.7887959
5196	-4.506466	-175.6762	171.1698	2.283604	0.8684211
5202	-1.37316	-173.1966	171.8235	1.800502	0.5888744
5208	0.9907654	-172.1247	173.1154	0.38243	0.8135224
5214	-5.43333	-176.7751	171.3418	2.067391	0.9185975
5220	-1.930052	-175.052	173.1219	0.4442899	0.7143454
5226	3.327141	-169.6435	172.9706	0.6166092	0.6769884
5232	7.845165	-163.3039	171.149	2.484177	0.5512271
5238	9.900104	-163.328	173.2281	0.3856025	0.618863
5244	-3.969106	-176.2752	172.3061	1.329714	0.4663838
5250	1.343759	-170.9993	172.343	1.280289	0.418792
5256	-0.1091279	-172.3672	172.258	1.373436	0.5600001
5262	5.788675	-167.4401	173.2288	0.4002478	0.5704572
5268	4.781595	-168.7333	173.5149	0.06198063	0.6959744
5274	7.570765	-165.877	173.4478	0.1902737	0.506479
5280	4.961189	-168.384	173.3452	0.2523219	0.6562824
5286	-1.026003	-173.4306	172.4046	1.14886	0.7348388
5292	6.779756	-166.433	173.2128	0.3132191	0.7755357
5298	7.161507	-165.7949	172.9564	0.6758957	0.4480265
5304	0.3124095	-172.3278	172.6402	0.9970502	0.479503
5310	6.673763	-166.7412	173.415	0.2004053	0.6144303
5316	10.64823	-161.0187	171.6669	1.933573	0.6499768
5322	8.410565	-163.242	171.6526	1.970343	0.5923929
5328	7.585031	-165.9448	173.5298	0.01662807	0.745697
5334	7.89513	-165.7094	173.6045	0.01162611	0.6122629
5340	3.219554	-169.9213	173.1409	0.4466362	0.6764119
5346	4.220117	-167.8084	172.0285	1.605365	0.5474185
5352	0.05035311	-172.151	172.2014	1.429317	0.4415115
5358	6.126399	-165.8267	171.9531	1.638988	0.6675389
5364	11.50326	-160.8842	172.3874	1.221707	0.389056
5370	12.06835	-160.3833	172.4517	1.157485	0.389056
5376	8.681026	-164.2794	172.9604	0.6081356	0.710463
5382	6.055524	-167.2375	173.2931	0.3393862	0.4485026
5388	6.701076	-166.7271	173.4282	0.1957058	0.5892848
5394	0.4729905	-172.7997	173.2727	0.07401853	0.9844137
5400	-5.934629	-179.5488	173.6142	0.007544543	0.5962028
5406	-9.125226	-182.7047	173.5795	0.04218621	0.5962028
5412	1.665397	-171.8832	173.5486	0.08307885	0.5592093
5418	1.15468	-171.8822	173.0369	0.5146349	0.7379005
5424	3.024824	-170.308	173.3328	0.2178836	0.7391722
5430	-8.678948	-180.5253	171.8463	1.26433	1.202524
5436	0.3975888	-172.8426	173.2402	0.3609266	0.6485815
5442	4.410742	-168.4734	172.8841	0.4224899	1.024365
5448	1.727415	-170.8083	172.5357	0.9466609	0.8332547
5454	1.764928	-170.8562	172.6211	0.9424149	0.7187535
5460	1.685675	-171.5572	173.2429	0.1518845	0.9342094
5466	5.541066	-167.8221	173.3631	0.04627953	0.9183334
5472	1.610715	-171.6185	173.2292	0.4085553	0.4859694
5478	-6.475103	-179.1519	172.6768	0.8055479	0.8332347
5484	-9.624634	-182.2189	172.5943	0.7815064	0.9544309
5490	-13.33034	-185.9038	172.5734	1.048635	0.5950819
5496	-5.690578	-177.0974	171.4069	2.042401	0.873243
5502	-8.734648	-182.1534	173.4187	0.1930818	0.623651
5508	-6.714798	-180.0239	173.3091	0.2771946	0.6787451
5514	-9.127499	-182.3442	173.2167	0.3369607	0.7345994
5520	3.028515	-170.3496	173.3781	0.2332519	0.3930908
5526	-0.08640583	-172.5732	172.4868	1.119877	0.6360479
5532	-4.208664	-174.2488	170.0401	2.522429	1.628082
5538	-4.256885	-174.3268	170.07	3.075988	1.172045
5544	-4.283261	-170.9701	166.6869	3.075988	3.395428
5550	-8.587916	-177.7411	169.1532	2.776687	2.062701
5556	-5.561804	-177.2171	171.6552	1.897822	0.7355102
5562	3.854893	-168.4531	172.308	1.326587	0.5435075
5568	-0.6905598	-172.1507	171.4601	2.139694	0.6514424
5574	0.4667719	-172.6147	173.0814	0.3534331	0.8898663
5580	-5.840117	-177.8594	172.0193	1.606765	0.5817159
5586	-5.24509	-177.8666	172.6215	1.016653	0.4982121
5592	3.476088	-170.087	173.563	0.07490677	0.4904576
5598	5.599979	-167.6412	173.2412	0.0458672	1.043289
5604	4.310946	-169.2057	173.5166	0.08384766	0.6500296
5610	9.388629	-163.6891	173.0777	0.4528786	0.769055
5616	8.010467	-165.448	173.4585	0.01918598	0.83905
5622	11.08785	-162.3525	173.4403	0.09458506	0.7628137
5628	5.668007	-166.8383	172.5063	1.092762	0.6530376
5634	0.9199805	-171.0089	171.9289	1.670163	0.6530376
5640	9.394496	-163.702	173.0965	0.5069831	0.6433802
5646	-0.8072996	-173.2682	172.4609	0.5380005	1.295755
5652	-6.89072	-179.0067	172.116	1.520869	0.5252896
5658	11.4804	-160.9001	172.3805	1.252701	0.4519409
5664	3.946764	-169.027	172.9738	0.5763736	0.3185065
5670	5.939384	-166.8957	172.8351	0.7738486	0.3886881
5676	11.41403	-161.9523	173.3663	0.2505551	0.6104219
5682	10.68244	-162.0865	172.7689	0.8515711	0.5998886
5688	5.175341	-168.2515	173.4269	0.1985219	0.5841763
5694	-2.416076	-175.4161	173	0.5833866	0.6840961
5700	3.392305	-168.9635	172.3558	1.150901	0.2854345
5706	7.894956	-162.6974	170.5924	2.348285	1.342638
5712	12.99567	-158.5573	171.553	1.825503	0.9516179
5718	10.56812	-162.3949	172.963	0.6687524	0.5586752
5724	5.053439	-167.135	172.1885	1.247112	0.2453843
5730	-0.1604996	-172.3287	172.1682	1.247112	0.2359741
5736	4.189557	-168.0491	172.2387	1.295862	0.3055697
5742	6.500101	-165.5442	172.0443	1.500732	0.7477942
5748	8.534161	-164.2468	172.781	0.8102143	0.6692604
5754	-2.216713	-175.3514	173.1347	0.4283798	0.7195326
5760	1.042265	-171.9447	172.987	0.6511393	0.5002672
5766	-3.803476	-175.0667	171.2632	2.322969	0.6790091
5772	-3.369022	-176.3512	172.9822	0.4536362	0.8887856
5778	-7.308423	-180.5458	173.2374	0.1035188	0.9903055
5784	-12.08118	-185.302	173.2208	0.2926945	0.7927984
5790	-16.89136	-188.8669	171.9756	1.661935	0.5178132
5796	-10.72635	-182.7024	171.976	1.661935	0.5092291
5802	-5.962563	-178.2698	172.3072	1.24028	0.7441326
5808	-0.9983604	-173.5851	172.5868	0.9607114	0.7441326
5814	-1.662527	-174.3855	172.723	0.9051852	0.5738064
5820	2.852921	-170.4198	173.2727	0.3423879	0.6151623
5826	1.5537	-171.8875	173.4412	0.03007597	0.8469542
5832	6.642322	-166.7751	173.4174	0.06004572	0.8393553
5838	6.623144	-166.8092	173.4324	0.04852959	0.8350754
5844	-3.746339	-175.9884	172.242	1.114262	0.9746496
5850	1.886703	-169.8858	171.7725	1.804809	0.6953049
5856	2.865582	-169.9562	172.8218	0.7684638	0.3607775
5862	4.464732	-169.067	173.5318	0.04762334	0.6915284
5868	8.38416	-164.8115	173.1956	0.3235421	0.7850574
5874	6.93951	-165.8227	172.7622	0.8746681	0.4749536
5880	8.542362	-164.7605	173.3029	0.3125044	0.4007545
5886	6.953847	-166.0996	173.0534	0.5032652	0.324388
5892	11.90631	-161.2333	173.1396	0.4983362	0.5090208
5898	1.71893	-171.5343	173.2532	0.3760811	0.5693459
5904	-3.410966	-175.372	171.961	1.629948	0.6696523
5910	-9.720152	-182.297	172.5769	0.8388027	0.9114382
5916	3.01375	-170.2232	173.2369	0.1110791	0.9831571
5922	8.086312	-165.2883	173.3746	0.06885463	0.8800046
5928	4.405881	-168.9842	173.3901	0.03124121	0.9051455
5934	7.028903	-166.3885	173.4174	0.2000564	0.6087801
5940	4.707543	-168.3587	173.0662	0.4287588	0.8172334
5946	-4.509255	-177.8005	173.2912	0.2749623	0.7143517
5952	-6.983227	-180.0191	173.0358	0.2872882	1.008117
5958	-2.8059	-176.3266	173.5207	0.09916942	0.4105254
5964	7.468707	-165.3178	172.7865	0.8264015	0.620961
5970	-0.8164094	-174.0172	173.2008	0.3300789	0.76865
5976	-0.154891	-172.7973	172.6424	0.8340113	0.8406039
5982	9.344502	-163.6015	172.946	0.680145	0.5816456
5988	5.506466	-167.6726	173.1791	0.4437806	0.5924423
5994	-5.300953	-178.3937	173.0928	0.2960719	0.9406152
6000	-4.135469	-177.6506	173.5151	0.08914982	0.6416604
6006	2.342616	-169.0036	171.3462	2.227896	0.700853
6012	0.1723887	-169.8216	169.994	2.83089	1.4331
6018	6.746622	-163.2196	169.9662	2.83089	1.454365
6024	2.139533	-167.7446	169.8841	2.83089	1.516247
6030	-22.06937	-186.0819	164.0125	3.19866	4.849504
6036	-22.38571	-190.6403	168.2546	2.959235	2.521063
6042	-13.63244	-185.7748	172.1424	1.000572	1.174621
6048	-9.944026	-183.331	173.387	0.2511067	0.4979723
6054	-17.33715	-190.1483	172.8112	0.82688	0.5068635
6060	-10.47575	-183.2165	172.7408	0.6147132	0.9754858
6066	-12.9741	-184.2256	171.2515	2.340039	0.6684791
6072	-3.696743	-176.6845	172.9878	0.579972	0.7117164
6078	2.721693	-170.5203	173.242	0.2361155	0.8385471
6084	3.587106	-169.5409	173.128	0.5101347	0.4989536
6090	3.850066	-168.511	172.3611	1.27202	0.4515026
6096	1.063565	-172.131	173.1946	0.3925955	0.3569262
6102	4.512091	-168.9382	173.4503	0.07765181	0.7727649
6108	11.90893	-161.5601	173.469	0.05579674	0.7772333
6114	7.150225	-166.4317	173.5819	0.05565674	0.516535
6120	9.732874	-163.7471	173.48	0.1547323	0.5426801
6126	12.59861	-160.8618	173.4604	0.07791226	0.7578718
6132	7.8808	-165.4778	173.3586	0.2130952	0.7049922
6138	0.6480444	-172.7715	173.4195	0.1417168	0.7225402
6144	1.653021	-170.3226	171.9756	1.58558	0.7225402
6150	-6.228384	-178.6418	172.4134	1.181683	0.6614548
6156	5.98875	-166.6545	172.6432	0.6755965	1.012399
6162	3.11874	-168.953	172.0718	1.402019	0.8438794
6168	7.191451	-165.8004	172.9919	0.6419326	0.4548154
6174	-0.7287628	-172.6108	171.8821	1.517125	0.9294803
6180	-2.648576	-175.4415	172.793	0.8193485	0.6223926
6186	-12.3697	-184.2554	171.8857	0.8193485	1.523683
6192	-5.590444	-178.2136	172.6232	0.5455951	1.151995
6198	1.479538	-171.89	173.3695	0.1065611	0.8410839
6204	-0.1423732	-172.6782	172.5358	0.8283936	0.9664652
6210	-3.084604	-174.6626	171.578	2.012221	0.6712375
6216	-5.234307	-178.4342	173.1999	0.390285	0.6712375
6222	-0.5685951	-173.9348	173.3662	0.2609035	0.5781065
6228	-1.258867	-174.1595	172.9007	0.7117984	0.3951168
6234	6.415134	-165.4978	171.9129	1.711285	0.588146
6240	3.86434	-169.4695	173.3338	0.2903921	0.588146
6246	-4.994932	-178.0806	173.0857	0.4240866	0.7977784
6252	2.979963	-170.4846	173.4645	0.02871423	0.819465
6258	0.3621062	-172.7871	173.1492	0.3502911	0.8113452
6264	1.245727	-172.3426	173.5884	0.04303909	0.5603251
6270	-1.952836	-175.4473	173.4945	0.1424087	0.5256461
6276	3.191689	-168.519	171.7107	1.82204	0.7659533
6282	7.092351	-166.1452	173.2375	0.2952157	0.7659533
6288	6.02301	-166.8627	172.8857	0.6189713	0.804579
6294	3.15402	-169.9115	173.0655	0.5722669	0.5138187
6300	8.438903	-164.6805	173.1194	0.5051542	0.5870835
6306	3.909458	-169.6052	173.5147	0.1098493	0.5870835
6312	2.464042	-169.7842	172.2482	1.303147	0.3195623
6318	-2.618639	-174.9348	172.3162	1.303147	0.4091559
6324	0.9060546	-172.2333	173.1393	0.3614579	0.8097344
6330	-3.91836	-176.075	172.1566	1.382151	0.3088996
6336	1.947314	-170.9649	172.9122	0.6779543	0.6713112
6342	-8.724191	-179.6258	170.9017	2.058787	1.32681
6348	2.073672	-169.4618	171.5355	2.058787	0.6630179
6354	-3.217709	-173.181	169.9633	2.619075	1.613727
6360	-0.2410685	-169.824	169.5829	2.619075	1.880394
6366	-4.776817	-174.7259	169.9491	2.619075	1.624014
6372	-0.9356845	-172.0144	171.0787	2.254488	0.9981234
6378	-6.013659	-179.0247	173.011	0.589579	0.6497729
6384	-11.68304	-185.2354	173.5523	0.08144675	0.5482543
6390	-1.861615	-174.6531	172.7915	0.8422923	0.5482543
6396	-5.976407	-179.3274	173.351	0.2694805	0.6000776
6402	-0.2576909	-173.6709	173.4132	0.07093267	0.831043
6408	6.127365	-166.2082	172.3355	1.302229	0.5136743
6414	3.293162	-169.3124	172.6056	1.00341	0.3888074
6420	6.431396	-166.3746	172.806	0.8318924	0.5117323
6426	6.109221	-166.4158	172.525	0.7260095	1.077412
6432	5.269803	-167.5438	172.8136	0.819056	0.449571
6438	3.023996	-170.0589	173.0829	0.5163671	0.3732395
6444	8.224186	-165.0373	173.2615	0.3698149	0.5605545
6450	-2.243538	-172.1811	169.9376	2.551379	1.680783
6456	-5.258704	-175.2052	169.9465	2.551379	1.674442
6462	-2.346076	-173.0923	170.7463	2.551379	1.03311
6468	-2.830444	-173.042	170.2116	2.688085	1.375068
6474	-12.61775	-182.8293	170.2116	2.688085	1.375068
6480	-10.00539	-180.4006	170.3952	2.688085	1.225772
6486	-6.692818	-176.6638	169.971	2.688085	1.557722
6492	-9.61842	-182.7341	173.1156	0.3648895	0.835531
6498	-4.687318	-177.9628	173.2755	0.2566813	0.7667337
6504	2.155273	-171.4339	173.5892	0.04672396	0.4671939
6510	-5.146358	-178.6425	173.4962	0.1311113	0.5773951
6516	-4.065501	-176.4838	172.4183	0.572689	1.302163
6522	1.438699	-171.029	172.4677	1.17041	0.496581
6528	7.756976	-164.6853	172.4423	1.172215	0.3990014
6534	3.841072	-168.9911	172.8321	0.8049613	0.5232667
6540	4.676932	-168.6216	173.2986	0.1827437	0.8345698
6546	-1.271762	-174.4234	173.1516	0.4792818	0.5624703
6552	10.55524	-161.6623	172.2175	1.409716	0.4296908
6558	8.500393	-164.7315	173.2319	0.4013854	0.4521345
6564	3.462216	-169.3193	172.7816	0.8310041	0.3952847
6570	0.8167254	-172.3125	173.1292	0.5084181	0.5163361
6576	8.170545	-165.1905	173.3611	0.1165119	0.8391751
6582	3.957188	-169.4675	173.4247	0.1247516	0.7411882
6588	2.42079	-170.8012	173.222	0.089245	1.019827
6594	0.3151001	-172.8596	173.1747	0.4632989	0.4920226
6600	-5.802818	-178.8127	173.0099	0.5111525	0.7824252
6606	-13.94017	-186.9939	173.0537	0.2459132	1.031153
6612	4.06251	-169.3845	173.447	0.1143152	0.7224037
6618	8.456659	-164.6953	173.152	0.4850278	0.5240842
6624	10.7993	-162.7097	173.509	0.124022	0.5524036
6630	9.990511	-163.1428	173.1333	0.4831219	0.6114816
6636	6.889097	-164.602	171.4911	2.000783	0.8212396
6642	6.001158	-166.6471	172.6483	0.9702103	0.4073514
6648	11.55877	-161.9189	173.4776	0.1600144	0.5157006
6654	3.842239	-169.5404	173.3826	0.2550238	0.5157006
6660	10.31872	-162.7819	173.1006	0.1138484	1.111081
6666	15.90667	-157.4807	173.3874	0.247348	0.5424304
6672	16.86802	-155.6355	172.5035	1.131196	0.5424304
6678	10.15151	-163.0165	173.1681	0.466674	0.5424304
6684	10.78853	-162.0884	172.877	0.7450239	0.4154135
6690	8.665915	-163.9081	172.574	0.9781572	0.3202662
6696	7.650463	-165.34	172.9905	0.4291417	0.2379116
6702	1.840882	-171.5694	173.4103	0.1492741	0.3270605
6708	4.812138	-168.1298	172.942	0.5640231	0.8028325
6714	0.03038671	-172.9438	172.9742	0.6623478	0.5284739
6720	-0.00409404	-173.4698	173.4657	0.035965	0.808576
6726	-3.207452	-176.134	172.9265	0.5751325	0.808576
6732	-4.056873	-176.4287	172.3718	1.121247	0.8197237
6738	-4.010636	-175.7222	171.7115	1.897608	0.6302493
6744	-7.498582	-180.1721	172.6735	0.6965545	0.9604554
6750	-4.476406	-178.0264	173.55	0.08782805	0.5126924
6756	-1.816232	-175.0465	173.2303	0.4078209	0.5023829
6762	-1.554007	-173.6918	172.1378	1.500313	0.4960075
6768	0.8893122	-171.4127	172.302	1.329386	0.5601439
6774	-1.146735	-172.8636	171.7169	1.875795	0.6662448
6780	5.356993	-167.7096	173.0665	0.5261479	0.6662448
6786	-0.5861326	-173.2234	172.6372	1.000773	0.5082733
6792	13.37951	-160.1024	173.4819	0.1451064	0.42912
6798	6.975358	-165.8505	172.8259	0.7907425	0.6110273
6804	-2.396931	-174.4684	172.0714	1.548981	0.6001064
6810	6.193166	-167.0286	173.2218	0.1805354	0.9260643
6816	3.57012	-169.8617	173.4319	0.2021954	0.4562039
6822	3.984791	-169.033	173.0178	0.490005	0.8004604
6828	-4.100235	-177.4106	173.3104	0.1766124	0.8274104
6834	-0.06876469	-172.8318	172.763	0.7851434	0.7431027
6840	3.765832	-168.5626	172.3284	1.262582	0.3617502
6846	-0.09235427	-173.0669	172.9745	0.459022	0.8913643
6852	0.8814523	-172.6303	173.5117	0.0913349	0.6443679
6858	-0.8740952	-173.5541	172.68	0.6138491	1.036766
6864	1.26592	-171.8245	173.0904	0.4803132	0.7067165
6870	-0.7912455	-174.1109	173.3197	0.2510672	0.7067165
6876	6.127726	-167.249	173.3767	0.2519634	0.5718947
6882	4.715953	-167.3768	172.0928	1.46278	0.7316141
6888	0.3999852	-172.9972	173.3972	0.1583311	0.7316141
6894	1.371882	-172.0104	173.3823	0.2554068	0.514412
6900	5.99651	-163.3387	169.3352	2.717888	1.980856
6906	9.317625	-161.2147	170.5323	2.717888	1.078161
6912	2.745879	-167.7762	170.5221	2.830598	0.9783387
6918	2.195283	-168.5207	170.716	2.830598	0.7454432
6924	6.835954	-166.3404	173.1764	0.4109174	0.6767782
6930	8.644725	-163.4338	172.0785	1.508766	0.6767782
6936	4.22441	-168.1058	172.3302	1.272004	0.6462839
6942	-2.152828	-175.6408	173.488	0.1185098	0.6365489
6948	3.208145	-168.158	171.3661	2.193364	0.7253535
6954	1.70712	-171.2425	172.9496	0.6839317	0.5494294
6960	2.278893	-170.418	172.6969	0.8939791	0.3616575
6966	-0.9301393	-173.2923	172.3622	1.262242	0.4216195
6972	-4.408098	-176.6972	172.2891	1.333308	0.5941084
6978	3.193667	-170.0854	173.279	0.3433225	0.5941084
6984	-7.764283	-180.9884	173.2241	0.1169004	0.9901983
6990	-7.786834	-180.3747	172.5879	0.8632934	0.8709898
6996	-10.68058	-183.6579	172.9774	0.3594579	0.9944385
7002	-14.35178	-186.0934	171.7416	1.801781	0.7502817
7008	-8.662246	-181.457	172.7948	0.7486259	0.7502817
7014	3.898951	-169.239	173.138	0.3886878	0.7746421
7020	-5.310781	-178.5189	173.2081	0.3185656	0.7746421
7026	-2.43175	-174.4849	172.0532	1.584622	0.5131877
7032	-0.3152828	-172.6584	172.3431	1.062925	0.9220247
7038	-3.34209	-175.686	172.3439	1.126797	0.8476106
7044	3.487375	-170.0598	173.5472	0.0235667	0.7066496
7050	1.280499	-170.3877	171.6682	1.631379	1.031185
7056	0.07612331	-173.2911	173.3672	0.2565321	0.5898086
7062	-1.08648	-173.1965	172.11	1.523218	0.5511427
7068	-2.184165	-174.0804	171.8963	1.731447	0.4312641
7074	-10.28067	-182.0482	171.7675	1.396046	1.156605
7080	-1.877399	-175.2944	173.417	0.1392475	0.7304834
7086	-3.13833	-176.7133	173.5749	0.06244219	0.5197919
7092	-8.707296	-181.9592	173.252	0.08424006	0.9950777
7098	-17.31894	-188.9658	171.6469	0.7766076	1.727129
7104	-17.25396	-189.1869	171.933	0.8896871	1.434848
7110	-6.209058	-179.5734	173.3643	0.2083486	0.3402059
7116	-3.384259	-176.8294	173.4451	0.1043167	0.3178967
7122	2.76633	-170.1762	172.9425	0.6787004	0.4136344
7128	-0.5417874	-173.6137	173.0719	0.4365873	0.7995762
7134	4.710799	-167.0343	171.7451	1.883107	0.432885
7140	9.231785	-164.0429	173.2746	0.2519314	0.7747489
7146	16.00924	-157.2034	173.2126	0.2365389	0.8733682
7152	13.99573	-159.3045	173.3003	0.1167166	0.9099875
7158	5.208068	-167.8319	173.0399	0.555208	0.3673296
7164	-1.613604	-174.4607	172.8471	0.6727437	0.7840988
7170	7.104424	-166.3944	173.4989	0.05221999	0.7386134
7176	9.62367	-162.7903	172.414	1.220095	0.4564701
7182	6.170626	-167.0296	173.2003	0.2966705	0.814723
7188	2.593537	-169.468	172.0616	1.558195	0.4101695
7194	1.428971	-171.449	172.878	0.6392476	0.7877323
7200	-4.301876	-176.9431	172.6412	0.8423823	0.8316609
7206	-2.018305	-175.4262	173.4079	0.1743554	0.6862218
7212	-1.504089	-174.8522	173.3482	0.09224557	0.8835154
7218	-2.267958	-175.6287	173.3607	0.1928104	0.7347751
7224	4.325134	-168.5742	172.8993	0.5601006	0.2574424
7230	2.042497	-171.1692	173.2117	0.3043735	0.2918748
7236	3.632561	-168.6294	172.262	1.318985	0.3494297
7242	-7.988923	-181.0131	173.0242	0.4902192	0.7916005
7248	1.091141	-171.6436	172.7348	0.3196371	1.250029
7254	-3.549389	-176.1839	172.6345	0.4198517	1.250029
7260	-2.426114	-175.4278	173.0016	0.1397946	1.175968
7266	0.3839974	-171.5662	171.9502	1.685445	0.4656657
7272	7.513245	-164.437	171.9502	1.685445	0.4656657
7278	5.306597	-167.9317	173.2383	0.3857062	0.4207076
7284	5.18113	-168.0097	173.1909	0.3857062	0.6965235
7290	-8.807077	-180.7581	171.951	1.436527	0.9420341
7296	-1.657082	-174.5872	172.9301	0.4604376	0.9387644
7302	-2.854953	-176.0939	173.239	0.3674925	0.6365839
7308	-2.434064	-174.9751	172.541	1.057488	0.6542414
7314	-2.769332	-175.8668	173.0975	0.5123961	0.6283779
7320	-5.103013	-178.3816	173.2785	0.3554227	0.455715
7326	-0.94541	-174.1525	173.2071	0.4007055	0.6334972
7332	2.658532	-169.9824	172.6409	0.9424598	0.6842033
7338	-2.386051	-176.0038	173.6178	0.001675029	0.6029218
7344	-4.773026	-178.0245	173.2514	0.0239361	1.054481
7350	-2.800414	-176.3894	173.589	0.01430316	0.6439315
7356	-17.13424	-190.7295	173.5952	0.005154143	0.6502332
7362	-12.44903	-185.5603	173.1112	0.06460678	1.145751
7368	-0.9488771	-174.1272	173.1783	0.3587853	0.7595986
7374	-6.132941	-178.7461	172.6132	0.9343737	0.7439836
7380	-7.818286	-180.8538	173.0355	0.4475583	0.8323952
7386	-1.820785	-175.0302	173.2094	0.3265884	0.7612297
7392	-2.877664	-176.0161	173.1384	0.4087159	0.7446979
7398	-11.80961	-184.444	172.6344	0.4680398	1.209526
7404	-6.852604	-180.2532	173.4006	0.1875678	0.6751933
7410	-4.538177	-177.2222	172.684	0.9417793	0.5827029
7416	-12.32512	-184.4323	172.1071	1.518664	0.5827029
7422	-11.75144	-183.0398	171.2883	1.847546	1.180805
7428	-0.9775566	-172.4097	171.4322	2.175039	0.634904
7434	-7.206315	-180.5458	173.3395	0.2961603	0.5362988
7440	1.242838	-169.6741	170.9169	2.507239	0.9019743
7446	-0.3091699	-172.8515	172.5423	0.9976607	0.7553956
7452	4.133943	-167.6266	171.7605	1.790493	0.738728
7458	12.54091	-160.6054	173.1463	0.3401152	0.8281092
7464	6.807871	-164.1433	170.9512	2.300565	1.07674
7470	9.42725	-163.1078	172.535	0.9722352	0.2858139
7476	3.019296	-169.8728	172.8921	0.5321885	0.9018179
7482	8.459737	-164.8025	173.2622	0.1402331	0.9259547
7488	8.863764	-164.6588	173.5226	0.07702391	0.6519338
7494	5.059198	-166.7372	171.7964	1.679902	0.8407554
7500	0.4034868	-172.9884	173.3918	0.1280302	0.7840912
7506	5.225886	-168.0922	173.3181	0.2689962	0.6771356
7512	-2.056287	-175.0985	173.0423	0.5494952	0.6681372
7518	0.8609052	-172.2267	173.0876	0.5494952	0.5236443
7524	4.046035	-168.6795	172.7255	0.7936616	0.7850536
7530	-0.7886813	-174.2509	173.4622	0.06501605	0.7738248
7536	-8.300469	-181.8879	173.5874	0.009075894	0.6584704
7542	5.509106	-165.6661	171.1752	2.431483	0.6360281
7548	7.994449	-164.7658	172.7602	0.5866262	0.9842856
7554	6.697597	-166.5117	173.2093	0.1983248	0.9203007
7560	-1.576696	-171.7501	170.1734	2.801066	1.31556
7566	8.194978	-163.0747	171.2696	2.302505	0.7042862
7572	8.130786	-164.7381	172.8689	0.6828488	0.7375463
7578	11.39858	-161.835	173.2336	0.1884388	0.9043506
7584	4.449898	-167.1017	171.5516	2.068148	0.6022386
7590	4.694197	-167.1163	171.8105	1.777219	0.3575737
7596	6.134493	-166.4827	172.6172	0.9719309	0.67332
7602	5.216713	-167.7981	173.0148	0.6156627	0.5646014
7608	10.28683	-162.492	172.7789	0.8545025	0.452739
7614	11.67977	-161.7276	173.4074	0.04647567	0.8678286
7620	-11.20343	-184.8153	173.6119	0.02153422	0.5501017
7626	-3.455188	-176.8582	173.403	0.02386251	0.8989402
7632	-0.2546768	-173.756	173.5013	0.09096235	0.6670878
7638	4.638868	-168.3166	172.9554	0.5996395	0.7323491
7644	0.6799633	-172.4855	173.1655	0.3244152	0.8237238
7650	-4.543924	-177.7286	173.1846	0.3551684	0.7556455
7656	-1.666605	-174.6413	172.9747	0.6178524	0.6666183
7662	-2.50412	-174.2478	171.7437	1.886932	0.5637423
7668	-2.137948	-175.5024	173.3645	0.2429327	0.3860618
7674	-10.10371	-182.6373	172.5336	1.049976	0.6838756
7680	-4.773708	-177.9439	173.1702	0.2431885	0.9139524
7686	2.373848	-170.5454	172.9192	0.7030894	0.5943495
7692	10.99906	-162.4008	173.3999	0.1917207	0.3625666
7698	1.462294	-171.8899	173.3522	0.1917207	0.7495279
7704	4.738975	-168.1298	172.8688	0.6751479	0.7495279
7710	8.884018	-164.4745	173.3585	0.03464541	0.9359727
7716	5.266784	-168.129	173.3958	0.001533323	0.9315291
7722	2.778564	-170.7631	173.5417	0.01716164	0.726398
7728	-1.593828	-174.9606	173.3668	0.1539207	0.7829018
7734	3.943879	-169.6285	173.5723	0.06219193	0.5436833
7740	0.389323	-172.3264	172.7157	0.6663807	0.9477728
7746	-1.366843	-174.6407	173.2739	0.3596212	0.5497561
7752	-5.932062	-178.4446	172.5125	0.3505479	1.403645
7758	-6.793565	-179.7348	172.9413	0.6526404	0.3656329
7764	-2.981885	-174.605	171.6231	1.878396	0.8087966
7770	-3.144673	-174.8829	171.7382	1.878396	0.6109617
7776	-8.147569	-180.1235	171.9759	1.662224	0.4988203
7782	6.261652	-166.557	172.8187	0.8097545	0.5730234
7788	5.795939	-167.7266	173.5226	0.1058441	0.5730234
7794	-23.80211	-196.1248	172.3227	1.280045	0.3785343
7800	-13.93107	-186.5035	172.5724	1.062353	0.4602046
7806	-3.845543	-177.1989	173.3534	0.1625672	0.7894466
7812	3.666333	-168.0643	171.7306	1.678385	0.9188038
7818	-5.545178	-177.277	171.7318	1.54212	1.055819
7824	-5.15948	-178.0621	172.9026	0.5239665	0.8992329
7830	-2.549183	-175.5846	173.0354	0.2567889	1.038395
7836	-14.6481	-187.1378	172.4897	0.9709418	0.8598023
7842	-12.34531	-185.5774	173.2321	0.2741994	0.8024854
7848	-3.222416	-176.0727	172.8503	0.5873337	0.886727
7854	-1.822127	-174.8382	173.0161	0.6085057	0.5868874
7860	2.580827	-169.7517	172.3325	1.292041	0.5868874
7866	5.072639	-168.3013	173.3739	0.2096182	0.6838713
7872	10.9213	-161.1707	172.092	1.536849	0.5713068
7878	9.769976	-163.5817	173.3517	0.272864	0.5869556
7884	9.196948	-163.9823	173.1792	0.4519198	0.561581
7890	7.41814	-164.6831	172.1012	1.536336	0.4836021
7896	1.301936	-170.7911	172.093	1.539541	0.448924
7902	2.430899	-168.7908	171.2217	2.401097	0.5929143
7908	-6.656903	-179.545	172.8881	0.7425475	0.5637973
7914	-7.357438	-180.7896	173.4322	0.16801	0.6506477
7920	-1.277882	-174.4565	173.1786	0.4579234	0.472354
7926	-2.388289	-175.5873	173.1991	0.3254691	0.7776275
7932	-1.211251	-174.4424	173.2312	0.2616685	0.8199737
7938	-13.51769	-186.3237	172.806	0.7495372	0.7316735
7944	-3.905276	-177.0676	173.1623	0.004770579	1.15351
7950	-1.389636	-174.845	173.4554	0.00352356	0.861871
7956	-12.43682	-185.906	173.4692	0.002673542	0.8462596
7962	-8.121965	-181.5855	173.4636	0.001404537	0.854593
7968	-4.588156	-178.1409	173.5528	0.001331363	0.7338639
7974	-1.656243	-175.1949	173.5387	0.01254952	0.7384047
7980	0.5160306	-172.9151	173.4311	0.06144216	0.820326
7986	-0.3165058	-173.9004	173.5838	0.0178473	0.647397
7992	5.483631	-168.0869	173.5706	0.06758222	0.5008936
7998	11.91126	-161.1026	173.0138	0.5657741	0.6911428
8004	7.98273	-165.2141	173.1968	0.1390058	0.995426
8010	1.033947	-172.4212	173.4551	0.1642748	0.6031292
8016	7.291214	-165.144	172.4352	1.067997	0.8065536
8022	5.194504	-168.3391	173.5336	0.1039568	0.5165829
8028	1.701293	-170.7142	172.4155	1.205212	0.4123399
8034	4.845233	-167.7654	172.6106	0.7835137	0.9349611
8040	0.6139469	-172.2057	172.8197	0.7652834	0.3541331
8046	-5.190236	-178.0054	172.8152	0.8136736	0.4348762
8052	-14.51994	-187.4094	172.8895	0.699289	0.3588609
8058	-4.056277	-177.0053	172.949	0.5673628	0.7889049
8064	-9.412296	-182.7934	173.3811	0.02735203	0.9193963
8070	-10.40667	-183.4784	173.0717	0.1447652	1.109249
8076	-4.898908	-178.1229	173.224	0.4059966	0.566689
8082	-7.428915	-180.4902	173.0613	0.3300388	0.9379614
8088	-10.35333	-182.7192	172.3658	0.9239429	1.040685
8094	5.554082	-166.448	172.0021	1.582355	0.6822114
8100	-4.184356	-177.1646	172.9802	0.6578263	0.5058353
8106	-4.688647	-176.6654	171.9767	1.405855	0.9472407
8112	-13.089	-185.973	172.884	0.2639459	1.170294
8118	-12.16001	-183.7922	171.6322	1.638873	1.058592
8124	9.97279	-163.2726	173.2454	0.3867669	0.4472979
8130	2.469056	-170.6907	173.1597	0.4411699	0.3756932
8136	-4.943742	-176.9296	171.9859	1.62919	0.4001118
8142	-5.438874	-177.3231	171.8842	1.695408	0.691117
8148	1.402109	-170.3935	171.7956	1.794231	0.6719171
8154	0.2185924	-171.4415	171.66	1.977373	0.5191399
8160	-4.356442	-177.3825	173.026	0.4375547	0.8562669
8166	-10.43677	-183.8833	173.4465	0.1190747	0.7154011
8172	-1.086694	-174.3889	173.3022	0.2633899	0.7154011
8178	2.49018	-170.6769	173.1671	0.4580538	0.4236213
8184	-0.6335003	-173.7882	173.1547	0.4147021	0.7090362
8190	8.234112	-164.8394	173.0735	0.5305377	0.6421848
8196	6.071261	-167.0901	173.1613	0.4404928	0.6470739
8202	6.039745	-166.7647	172.8045	0.8334038	0.5113481
8208	-1.341125	-173.226	171.8849	1.520398	0.2315907
8214	4.558594	-168.5643	173.1228	0.3168205	0.8843675
8220	3.872932	-168.5805	172.4535	1.066317	0.7842153
8226	2.193291	-170.4837	172.677	0.8479305	0.2982364
8232	2.431607	-170.3755	172.8071	0.3140881	1.193463
8238	9.065979	-164.4993	173.5653	0.04170211	0.6354615
8244	8.671933	-164.9155	173.5874	0.01952519	0.6354615
8250	4.391004	-169.0733	173.4643	0.1426941	0.6354615
8256	6.834211	-166.272	173.1062	0.5007839	0.6354615
8262	-3.171554	-175.5235	172.352	1.285375	0.4803811
8268	8.785141	-164.3071	173.0922	0.5447047	0.5252436
8274	-4.730476	-177.6748	172.9443	0.595796	0.7552253
8280	-5.557061	-178.5345	172.9775	0.6603188	0.4869749
8286	-13.15614	-186.2053	173.0491	0.5799895	0.5702311
8292	-8.002275	-179.9089	171.9066	1.653772	0.7239275
8298	-11.04525	-183.9045	172.8593	0.3386975	1.12598
8304	-11.56095	-185.1148	173.5538	0.03334893	0.6770786
8310	-13.02589	-184.2812	171.2553	1.903003	1.16123
8316	-14.23453	-186.4821	172.2476	1.051869	1.031313
8322	3.344843	-169.1924	172.5373	1.084066	0.4138172
8328	0.8630993	-171.7938	172.6569	0.9111577	0.7112824
8334	-7.529891	-180.6409	173.111	0.4402161	0.7383207
8340	-8.272238	-180.4635	172.1913	1.37776	0.7095487
8346	-7.878774	-180.3866	172.5078	1.126017	0.5478941
8352	-7.116831	-178.7642	171.6474	1.974	0.5972232
8358	4.013527	-168.4288	172.4424	1.176578	0.6044873
8364	-2.511218	-173.0445	170.5333	2.168814	1.525865
8370	3.282092	-169.5226	172.8047	0.8059537	0.6266456
8376	-0.05921598	-172.0334	171.9742	1.595292	0.7088712
8382	9.701372	-162.4568	172.1581	1.365023	0.7795377
8388	1.807126	-171.1245	172.9316	0.5730322	0.8046111
8394	3.579252	-169.9205	173.4998	0.1196607	0.6030063
8400	9.498537	-163.2859	172.7844	0.8389632	0.5909139
8406	5.70944	-167.6635	173.3729	0.2504409	0.5909139
8412	2.807843	-169.9662	172.7741	0.8074415	0.6876627
8418	3.721382	-168.866	172.5873	0.9651207	0.7364659
8424	-2.883339	-174.2144	171.3311	2.077791	0.9189445
8430	-4.954111	-176.7909	171.8368	1.788785	0.5834727
8436	6.362184	-166.6266	172.9888	0.5800208	0.3361427
8442	9.724393	-162.178	171.9024	1.633581	0.7613055
8448	6.513818	-166.8898	173.4036	0.06759741	0.8469929
8454	-8.249012	-180.7007	172.4517	0.7074065	1.160563
8460	7.968881	-164.3101	172.2789	1.354442	0.5503913
8466	1.009128	-170.8235	171.8326	1.800911	0.5497537
8472	9.42391	-163.5365	172.9604	0.6576129	0.6071214
8478	5.726697	-166.9262	172.6529	0.9393703	0.363511
8484	-2.532387	-175.7905	173.2581	0.2270436	0.8297377
8490	-6.419912	-179.7322	173.3123	0.1000449	0.9151057
8496	-6.889708	-179.9957	173.106	0.3063779	0.9151057
8502	-0.5143977	-173.4436	172.9292	0.3282163	1.071408
8508	0.3957182	-172.9267	173.3224	0.160291	0.8328507
8514	-7.730773	-180.4374	172.7066	0.8012949	0.8002966
8520	-4.183329	-176.8954	172.7121	0.9193975	0.5600242
8526	-5.022538	-176.857	171.8345	1.765857	0.6504076
8532	-5.631137	-178.4534	172.8222	0.787132	0.6297285
8538	-5.063778	-177.88	172.8163	0.787132	0.6436479
8544	-1.763149	-174.7902	173.0271	0.5159839	0.3124335
8550	-1.594738	-174.4856	172.8909	0.7471799	0.5065374
8556	-5.826511	-178.4987	172.6722	0.9490805	0.413636
8562	-4.968653	-177.8202	172.8516	0.7588781	0.39135
8568	-8.416694	-180.6495	172.2328	1.397617	0.5648057
8574	-7.104752	-178.932	171.8273	1.796472	0.4198886
8580	4.267412	-169.0303	173.2977	0.3146142	0.6223211
8586	-10.00285	-181.3533	171.3505	2.143975	0.8179476
8592	1.742592	-169.5974	171.3399	2.143975	0.8312968
8598	-0.1526336	-172.0127	171.8601	1.755398	0.4009584
8604	0.04946543	-172.7636	172.813	0.8160291	0.435593
8610	3.218838	-168.8744	172.0932	1.543519	0.5268323
8616	1.654529	-170.54	172.1945	1.282077	0.8404454
8622	1.641981	-170.3263	171.9683	1.61372	0.3506471
8628	2.640083	-169.6691	172.3092	1.126137	0.8893667
8634	5.639343	-167.1896	172.8289	0.4028115	1.095277
8640	5.43978	-167.9178	173.3576	0.277376	0.5407829
8646	-0.9303415	-173.5471	172.6168	0.9210198	0.7585814
8652	-7.517626	-180.1863	172.6687	0.9540596	0.4173237
8658	-4.268342	-175.7355	171.4671	2.155623	0.4173237
8664	-4.934277	-177.919	172.9847	0.3472824	0.9993046
8670	-8.623808	-182.1075	173.4837	0.1261491	0.6285191
8676	-9.032547	-182.1305	173.098	0.4791817	0.6955456
8682	-0.9232126	-174.2457	173.3225	0.04923082	0.9586379
8688	-5.492638	-178.758	173.2653	0.1064391	0.9586379
8694	0.7100584	-172.3809	173.091	0.4761878	0.7127766
8700	8.94421	-163.0036	171.9478	1.633116	0.3493529
8706	5.990667	-167.1678	173.1585	0.4245794	0.3519156
8712	5.763225	-165.9149	171.6781	1.671003	0.9820378
8718	7.853769	-164.1043	171.9581	1.671003	0.4358048
8724	7.209098	-165.4491	172.6582	0.9226996	0.3493631
8730	8.856068	-164.3531	173.2092	0.4005386	0.3900694
8736	-2.541013	-176.1002	173.5592	0.05051483	0.3900694
8742	7.641861	-165.8819	173.5237	0.1143559	0.5049246
8748	5.452904	-168.0963	173.5492	0.07915382	0.5733876
8754	5.109631	-168.4961	173.6057	0.03128219	0.4766235
8760	4.805286	-168.3663	173.1716	0.3916996	0.719159
8766	4.099758	-168.2115	172.3113	1.309403	0.4122728
8772	11.32298	-161.5896	172.9126	0.6481313	0.7233076
8778	11.74349	-161.3954	173.1389	0.4981355	0.4767425
8784	-0.5896182	-172.1721	171.5825	1.193022	1.470785
8790	5.339501	-163.2377	168.5772	2.971094	2.310121
8796	-0.8589198	-170.3051	169.4462	2.971094	1.73147
8802	1.76116	-167.4699	169.2311	2.971094	1.880268
8808	5.208047	-167.5319	172.7399	0.7009929	0.8829305
8814	-4.374641	-176.1846	171.8099	1.284533	1.216325
8820	5.101028	-167.3435	172.4446	1.144465	0.6734463
8826	1.090023	-171.5884	172.6784	0.7575016	0.8886713
8832	5.83605	-167.2685	173.1045	0.4864605	0.6696437
8838	-2.801598	-175.7559	172.9543	0.185687	1.177194
8844	-7.337178	-177.7849	170.4477	2.729316	1.144664
8850	-0.3033325	-170.7099	170.4066	2.702625	1.203792
8856	6.499145	-165.8256	172.3248	1.309509	0.4574946
8862	5.566405	-167.5918	173.1582	0.3886761	0.3156274
8868	2.821899	-169.4694	172.2913	1.310514	0.3770689
8874	8.385599	-164.4983	172.8839	0.5593451	0.8802429
8880	8.300022	-165.1301	173.4302	0.1927009	0.5925579
8886	3.21179	-170.1111	173.3229	0.3102608	0.4517133
8892	-1.897099	-175.0563	173.1592	0.2849597	0.8791586
8898	-4.028167	-177.0352	173.007	0.3269462	0.9973255
