Iteration	Posterior	Likelihood	Prior	acrv_sd	tree_length
0	-51.22714	-223.6072	172.38	0.1954937	1.618679
6	-41.21523	-213.98	172.7648	0.2890422	1.250515
12	-34.26393	-205.4479	171.184	1.714125	1.376288
18	-32.55426	-204.2388	171.6845	1.785759	0.8481309
24	-42.62277	-214.3167	171.6939	1.117741	1.443256
30	-36.37342	-208.402	172.0285	1.384181	0.9147032
36	-45.85214	-214.2953	168.4432	2.68178	2.57634
42	-49.90009	-219.689	169.7889	2.610289	1.744169
48	-48.31551	-219.4056	171.0901	0.7862125	2.097964
54	-44.97435	-216.0074	171.033	1.570182	1.598612
60	-47.78082	-218.2268	170.446	1.570182	2.0055
66	-40.36256	-212.0025	171.6399	1.765965	0.922201
72	-42.30522	-214.0001	171.6948	0.8071888	1.671476
78	-43.82377	-216.1769	172.3531	0.3984428	1.488884
84	-44.01872	-216.6832	172.6645	0.4264136	1.219337
90	-43.64193	-215.9733	172.3313	0.5240863	1.409568
96	-42.41305	-214.9665	172.5535	0.06538412	1.587199
102	-51.50414	-223.8203	172.3162	1.044169	0.9704719
108	-49.24846	-221.4265	172.178	1.044169	1.104029
114	-41.42578	-213.7449	172.3192	0.3701517	1.535369
120	-49.00263	-220.6444	171.6418	1.451888	1.217013
126	-46.96546	-219.5589	172.5935	0.9552982	0.7421649
132	-45.52708	-218.0963	172.5692	0.8115639	0.949179
138	-41.78613	-214.1035	172.3174	0.8614738	1.143099
144	-40.98368	-213.7512	172.7675	0.2345784	1.293139
150	-41.91428	-213.9069	171.9926	1.144706	1.179582
156	-42.85272	-215.2323	172.3796	0.1486687	1.652716
162	-40.05986	-210.6318	170.5719	1.644755	1.870353
168	-42.84684	-215.982	173.1351	0.1012368	1.090993
174	-48.71313	-220.5137	171.8006	0.6084003	1.737325
180	-44.42578	-217.1234	172.6976	0.2429736	1.342689
186	-54.36612	-226.6979	172.3317	0.5570378	1.3836
192	-50.69855	-222.5465	171.848	0.593102	1.714735
198	-41.29432	-210.8488	169.5544	2.507952	1.974642
204	-45.43385	-217.6667	172.2329	0.4549236	1.53649
210	-59.48507	-231.4776	171.9926	0.6236077	1.58915
216	-47.58436	-219.9426	172.3582	0.7250512	1.225807
222	-46.27739	-217.9367	171.6593	1.511946	1.149793
228	-60.43443	-230.988	170.5535	1.903993	1.703093
234	-59.59502	-231.6889	172.0939	1.217952	1.019239
240	-52.76395	-222.2493	169.4853	2.211045	2.215109
246	-50.30376	-222.5334	172.2296	0.7924685	1.276778
252	-55.01663	-225.7992	170.7826	1.905527	1.536266
258	-49.75632	-220.778	171.0217	1.905527	1.35332
264	-50.33497	-222.4326	172.0977	1.257466	0.9758684
270	-38.18191	-209.969	171.787	1.225983	1.284191
276	-42.73426	-215.1807	172.4464	0.2601663	1.522557
282	-35.66925	-207.782	172.1127	0.9706806	1.225691
288	-46.73095	-218.3835	171.6526	1.330729	1.308378
294	-36.02158	-208.538	172.5164	0.5379864	1.249995
300	-34.8095	-207.4708	172.6613	0.6489147	1.020862
306	-29.36254	-201.0686	171.7061	1.388048	1.216626
312	-36.94992	-207.8222	170.8723	1.430135	1.811489
318	-44.44033	-216.6278	172.1875	0.3123494	1.673051
324	-51.8441	-223.7557	171.9116	0.757277	1.550477
330	-40.26433	-212.5375	172.2732	0.819747	1.21762
336	-49.50932	-220.7198	171.2105	1.43277	1.569341
342	-41.78445	-213.8725	172.0881	1.09034	1.14348
348	-37.52543	-209.3533	171.8279	1.09034	1.36041
354	-43.95696	-215.5752	171.6183	1.09034	1.521034
360	-42.90358	-214.7622	171.8587	0.690207	1.637923
366	-36.22279	-208.1696	171.9468	0.6021023	1.637923
372	-36.63959	-209.0739	172.4343	0.8250025	1.069651
378	-42.17863	-214.1551	171.9765	0.1931759	1.902334
384	-35.71712	-207.9196	172.2025	0.8962991	1.212645
390	-40.3698	-212.5011	172.1313	1.03105	1.157696
396	-42.38232	-214.9252	172.5429	0.61942	1.157696
402	-38.08365	-209.6921	171.6084	1.553881	1.157696
408	-42.76167	-215.4926	172.7309	0.465942	1.126977
414	-48.05147	-219.2791	171.2276	1.420653	1.565672
420	-50.07386	-221.9713	171.8974	0.8366082	1.502053
426	-47.95731	-220.3891	172.4318	0.8366082	1.061122
432	-47.17284	-219.5253	172.3525	0.9502223	1.028185
438	-49.7211	-220.8862	171.1651	0.7377264	2.080518
444	-53.93306	-224.6943	170.7613	2.101658	1.403755
450	-46.33785	-217.5589	171.2211	1.866186	1.222445
456	-44.95511	-217.1093	172.1542	0.7156857	1.398338
462	-44.07796	-215.7879	171.7099	1.505364	1.11035
468	-50.02916	-221.692	171.6628	1.237008	1.374954
474	-54.93547	-226.3616	171.4261	1.730117	1.163026
480	-59.61681	-231.5483	171.9315	1.256552	1.134859
486	-56.52352	-228.9394	172.4159	0.8157667	1.095345
492	-50.4747	-222.6618	172.1871	0.470017	1.559121
498	-41.75427	-214.0872	172.3329	0.9213791	1.074367
504	-50.97425	-222.9447	171.9704	0.9213791	1.38122
510	-56.14808	-227.8527	171.7047	1.187152	1.38122
516	-45.50904	-217.2019	171.6929	1.260711	1.332302
522	-48.05853	-220.354	172.2955	1.260711	0.7305712
528	-48.65724	-220.965	172.3078	0.2891844	1.60313
534	-48.18161	-220.7654	172.5838	0.6262197	1.11513
540	-53.01669	-223.7165	170.6998	2.168759	1.399343
546	-45.25422	-216.99	171.7358	0.6305338	1.76719
552	-58.08502	-230.1408	172.0558	0.3104891	1.76719
558	-56.1101	-227.4777	171.3676	1.137378	1.669388
564	-51.94987	-224.7884	172.8385	0.397853	1.091012
570	-51.85718	-225.0258	173.1686	0.3081562	0.8401946
576	-49.35523	-221.9424	172.5872	0.1108374	1.528899
582	-46.50199	-218.3475	171.8456	0.8089166	1.561104
588	-45.47416	-218.065	172.5908	0.4031276	1.299774
594	-46.24077	-217.6113	171.3705	1.168529	1.645005
600	-40.00062	-211.7877	171.7871	1.492021	1.050927
606	-45.717	-218.0326	172.3156	0.963476	1.050927
612	-54.16554	-223.6315	169.4659	2.015917	2.352434
618	-52.43223	-224.8188	172.3866	0.5748874	1.325957
624	-50.9847	-223.865	172.8803	0.07441337	1.331415
630	-47.18107	-219.0772	171.8961	1.288703	1.137792
636	-61.25298	-233.2129	171.96	0.4372404	1.745593
642	-48.2868	-220.9704	172.6836	0.3877533	1.235817
648	-52.75415	-223.2082	170.454	2.06405	1.660019
654	-53.63854	-223.1458	169.5073	1.754672	2.491022
660	-43.95733	-215.1205	171.1631	1.754672	1.360767
666	-43.73103	-216.2166	172.4855	0.8786861	0.9664942
672	-43.79427	-214.8042	171.0099	1.278811	1.82096
678	-43.99697	-215.9254	171.9284	0.7864707	1.516333
684	-35.28298	-207.1326	171.8496	0.8653147	1.516333
690	-37.2254	-209.2885	172.0631	0.9556811	1.27951
696	-44.28241	-213.8822	169.5998	2.397342	2.018179
702	-42.90542	-214.8041	171.8987	1.509488	0.9197328
708	-43.5598	-216.2641	172.7043	0.6067385	1.020088
714	-37.18689	-210.1883	173.0014	0.3448596	0.9849208
720	-43.56479	-216.9178	173.353	0.1050009	0.8629184
726	-41.90374	-213.5211	171.6173	1.418994	1.265019
732	-35.3882	-208.0825	172.6943	0.3891686	1.225632
738	-34.22475	-207.0327	172.8079	0.2649402	1.234575
744	-30.87316	-204.011	173.1379	0.02407865	1.158021
750	-32.18878	-205.244	173.0552	0.2136265	1.060663
756	-25.91959	-198.7783	172.8587	0.2981716	1.162488
762	-27.87574	-198.2646	170.3889	2.459412	1.415115
768	-40.56414	-213.4406	172.8765	0.06688395	1.340472
774	-36.37135	-208.2608	171.8894	1.1833	1.234702
780	-47.55829	-219.468	171.9097	0.4162759	1.795231
786	-40.10478	-211.942	171.8372	0.2398802	1.964798
792	-42.41853	-214.1576	171.7391	0.737892	1.689296
798	-58.4378	-230.4038	171.966	1.330973	1.03374
804	-53.11944	-225.0859	171.9665	1.423138	0.9397617
810	-57.9376	-230.0338	172.0962	0.5472035	1.569212
816	-52.65153	-223.9137	171.2621	1.381284	1.569212
822	-47.03181	-218.9178	171.886	1.638405	0.7777633
828	-47.49212	-220.0725	172.5804	0.6277466	1.116839
834	-54.42966	-226.13	171.7003	1.652963	0.9777351
840	-54.93699	-226.5986	171.6616	1.22847	1.382607
846	-60.19578	-232.3009	172.1052	0.2788189	1.754842
852	-48.9841	-220.2343	171.2502	0.6472404	2.084077
858	-48.45247	-219.815	171.3626	1.641554	1.291472
864	-49.77097	-221.602	171.831	1.641554	0.8453245
870	-57.63013	-229.2617	171.6316	0.7479174	1.757958
876	-42.43677	-215.2985	172.8617	0.1950915	1.248006
882	-41.48604	-214.1031	172.617	0.1950915	1.442899
888	-42.77907	-215.4463	172.6672	0.9375784	0.6405049
894	-61.3362	-233.3217	171.9855	0.7770369	1.480614
900	-58.61108	-230.3414	171.7304	1.497598	1.098745
906	-54.16383	-225.5801	171.4162	1.497598	1.363903
912	-52.82334	-224.7051	171.8818	1.03205	1.363903
918	-58.54627	-230.7305	172.1842	0.6552993	1.421871
924	-46.94637	-219.2941	172.3477	0.7891825	1.179884
930	-47.36378	-219.6031	172.2393	0.8976322	1.179884
936	-43.99152	-215.592	171.6005	1.127321	1.506678
942	-50.80299	-222.9345	172.1315	0.1860611	1.801057
948	-40.60038	-213.7158	173.1154	0.2669296	0.9475201
954	-40.56849	-213.0198	172.4514	0.3999994	1.412726
960	-35.14993	-207.3836	172.2337	0.3121846	1.64009
966	-41.99157	-214.3782	172.3867	0.4588974	1.417213
972	-46.8284	-218.4262	171.5978	1.246925	1.417811
978	-38.60964	-210.2557	171.646	1.208448	1.410322
984	-41.90357	-213.8205	171.917	0.937483	1.410322
990	-40.27583	-211.8318	171.556	1.386955	1.340805
996	-55.90444	-228.0921	172.1876	1.209703	0.9314766
1002	-47.71194	-217.9486	170.2366	2.097415	1.78963
1008	-53.73425	-225.7117	171.9774	1.474145	0.8705086
1014	-47.12937	-217.8425	170.7131	2.149124	1.404293
1020	-52.25908	-223.5765	171.3174	1.544802	1.404293
1026	-52.99049	-225.0908	172.1003	1.28379	0.9456605
1032	-64.38225	-236.5806	172.1983	0.3721329	1.62236
1038	-62.82777	-234.8994	172.0716	0.4988531	1.62236
1044	-47.33945	-219.5636	172.2242	1.034526	1.070215
1050	-49.89192	-222.4081	172.5161	0.5008755	1.280917
1056	-44.69122	-216.9907	172.2995	1.237928	0.7591108
1062	-45.61025	-217.7125	172.1022	1.237928	0.9910946
1068	-53.3283	-225.2709	171.9426	0.8790854	1.435587
1074	-54.08426	-226.0012	171.9169	1.05375	1.318566
1080	-44.73119	-217.0302	172.299	1.05375	0.9782935
1086	-54.25795	-227.3519	173.094	0.02098638	1.198839
1092	-56.17188	-227.7903	171.6184	0.4983029	1.938145
1098	-57.33595	-229.372	172.0361	1.124116	1.159565
1104	-53.93663	-225.7983	171.8617	1.353816	1.110138
1110	-51.12757	-223.3333	172.2057	0.4127725	1.58749
1116	-48.34137	-220.6577	172.3163	0.3021644	1.58749
1122	-52.3278	-223.7077	171.3799	1.135655	1.661838
1128	-52.036	-223.301	171.265	1.240155	1.669236
1134	-49.10807	-220.7799	171.6719	1.276256	1.336667
1140	-52.94798	-225.4397	172.4917	0.8157201	1.023563
1146	-72.77414	-244.5566	171.7824	0.8495233	1.577623
1152	-59.27413	-228.0346	168.7604	1.780649	2.933135
1158	-59.69408	-230.7936	171.0996	1.217656	1.801287
1164	-50.98158	-221.7426	170.761	1.538218	1.813697
1170	-47.68495	-220.2438	172.5588	0.6869651	1.082298
1176	-53.37199	-224.3197	170.9477	1.716307	1.554076
1182	-62.20507	-234.3132	172.1081	1.257627	0.9649244
1188	-51.02228	-221.4802	170.4579	1.631186	1.956706
1194	-48.91718	-221.6246	172.7074	0.36878	1.231772
1200	-43.76365	-214.4248	170.6612	1.862053	1.656327
1206	-40.37013	-211.803	171.4328	1.278299	1.519157
1212	-45.52791	-218.1795	172.6515	0.3845135	1.265242
1218	-39.46144	-212.2794	172.8179	0.5917596	0.9180502
1224	-44.74877	-217.5034	172.7547	0.1064631	1.405153
1230	-55.42829	-227.6314	172.2031	0.03019832	1.859037
1236	-52.97502	-226.0813	173.1063	0.004747045	1.202201
1242	-52.68368	-225.2679	172.5843	0.001904721	1.61098
1248	-53.11328	-225.6954	172.5821	0.004030802	1.61098
1254	-49.23571	-221.3848	172.1491	0.8107819	1.327235
1260	-47.78959	-219.9577	172.1681	0.791845	1.327235
1266	-46.46055	-219.0912	172.6306	0.8986365	0.7709172
1272	-43.38321	-215.9073	172.5241	0.5995967	1.191317
1278	-39.33607	-211.3601	172.024	1.005892	1.27033
1284	-46.30951	-217.2214	170.9119	1.658645	1.6223
1290	-38.62051	-210.5097	171.8892	1.50822	0.9313668
1296	-38.76523	-210.7611	171.9958	0.7797722	1.470701
1302	-43.87068	-214.6467	170.776	1.07053	2.117464
1308	-48.93929	-220.8316	171.8923	1.251607	1.173808
1314	-49.91537	-222.1389	172.2236	0.07631541	1.813267
1320	-39.24498	-211.2947	172.0498	0.5603396	1.593592
1326	-36.61716	-209.2218	172.6046	0.4967477	1.210438
1332	-39.93177	-211.751	171.8193	0.9806002	1.452276
1338	-41.40879	-212.9456	171.5368	1.111431	1.565705
1344	-40.84625	-213.0855	172.2393	1.179785	0.9076697
1350	-44.72374	-216.3984	171.6747	0.4074518	1.961417
1356	-48.33727	-221.2303	172.893	0.1098148	1.292499
1362	-58.38308	-229.7834	171.4003	0.8239971	1.865157
1368	-59.91373	-229.3902	169.4764	1.425368	2.713946
1374	-68.65398	-240.2867	171.6327	0.7875154	1.729438
1380	-51.79863	-223.4313	171.6327	0.7875154	1.729438
1386	-56.97964	-227.2613	170.2817	2.269841	1.636031
1392	-50.34993	-222.3092	171.9593	1.159981	1.195143
1398	-53.6818	-226.6806	172.9988	0.2744422	1.056548
1404	-41.86303	-210.7687	168.9057	2.660267	2.298893
1410	-48.75755	-217.4565	168.699	2.660267	2.429941
1416	-44.45688	-213.1559	168.699	2.660267	2.429941
1422	-53.15484	-224.6226	171.4678	0.6303647	1.950637
1428	-42.86435	-214.5032	171.6389	0.4593011	1.950637
1434	-39.11561	-211.1224	172.0068	0.4608611	1.695914
1440	-34.25118	-206.4013	172.1502	1.1356	1.044567
1446	-38.34972	-210.7512	172.4015	0.8842337	1.044567
1452	-32.54511	-205.3096	172.7645	0.3727914	1.179541
1458	-37.02763	-209.7383	172.7106	0.4405058	1.167509
1464	-49.20323	-221.7355	172.5322	0.6188919	1.167509
1470	-43.22226	-216.148	172.9257	0.4718673	0.9312244
1476	-47.64262	-220.3568	172.7142	0.5436264	1.071077
1482	-47.97083	-220.8526	172.8818	0.02669634	1.368132
1488	-39.34719	-212.0324	172.6852	0.02669634	1.518606
1494	-42.26459	-215.1993	172.9347	0.004492372	1.34382
1500	-40.50367	-213.1069	172.6032	0.01151695	1.590213
1506	-41.41383	-213.8525	172.4387	0.02495258	1.698799
1512	-34.85656	-207.5087	172.6521	0.3290462	1.310094
1518	-38.53343	-210.9945	172.461	0.561888	1.27607
1524	-39.03371	-210.2405	171.2068	1.574164	1.466666
1530	-42.26396	-214.6621	172.3981	0.923731	1.009378
1536	-41.17081	-213.4226	172.2518	1.15303	0.9233851
1542	-51.70228	-222.7671	171.0648	1.648349	1.517627
1548	-47.04333	-218.7653	171.7219	1.434635	1.162756
1554	-45.13334	-217.3792	172.2458	0.4214532	1.551654
1560	-37.34839	-208.3164	170.968	1.699318	1.551654
1566	-52.13201	-224.6299	172.4979	0.8179116	1.015348
1572	-48.96385	-221.4344	172.4706	0.4808789	1.334027
1578	-46.95112	-217.8618	170.9107	1.41695	1.79409
1584	-47.81914	-219.8531	172.0339	0.6823458	1.515328
1590	-45.7229	-217.9007	172.1778	0.6981157	1.393666
1596	-42.93997	-215.2617	172.3217	1.08733	0.9187119
1602	-47.35976	-219.8298	172.47	0.5826401	1.25147
1608	-36.2415	-208.5695	172.328	0.4137244	1.496259
1614	-31.73769	-202.9188	171.1812	1.7688	1.335207
1620	-29.83119	-202.4623	172.6311	0.5682238	1.124734
1626	-32.2894	-205.5143	173.2249	0.1401888	0.9655748
1632	-32.28428	-204.7981	172.5139	0.241666	1.48588
1638	-35.5337	-208.2361	172.7024	0.3092264	1.285307
1644	-31.42372	-203.9565	172.5327	0.2535609	1.462598
1650	-38.26106	-209.2304	170.9693	1.519504	1.680892
1656	-37.43919	-209.1461	171.7069	1.24878	1.330637
1662	-42.51988	-214.3413	171.8215	1.428745	1.078176
1668	-36.822	-207.5139	170.6919	1.697171	1.751307
1674	-45.40577	-217.0078	171.6021	1.21287	1.440752
1680	-49.04978	-220.8379	171.7881	1.437077	1.101279
1686	-47.64008	-219.1071	171.4671	0.5570362	2.000219
1692	-46.53169	-217.6322	171.1005	0.5952801	2.215461
1698	-44.03453	-216.8628	172.8283	0.2615928	1.220243
1704	-44.52299	-216.5814	172.0584	0.5983551	1.559388
1710	-45.30412	-216.6854	171.3813	1.413687	1.456005
1716	-34.37066	-206.7373	172.3666	0.8487198	1.110306
1722	-43.93213	-216.608	172.6758	0.8487198	0.7775917
1728	-41.10262	-212.6826	171.58	0.8487198	1.723452
1734	-46.09847	-219.1601	173.0617	0.2987744	0.9704055
1740	-47.89125	-219.2353	171.3441	0.8081068	1.914207
1746	-47.68605	-219.8506	172.1646	1.079903	1.083516
1752	-44.43789	-217.3736	172.9357	0.4921877	0.8977342
1758	-47.76597	-221.0343	173.2683	0.09197604	0.9705255
1764	-43.5343	-215.1454	171.6111	0.8350935	1.711118
1770	-51.86326	-222.5537	170.6904	1.755751	1.711118
1776	-56.52161	-227.8161	171.2945	1.581462	1.393589
1782	-58.87135	-231.7903	172.919	0.4410098	0.9708696
1788	-55.40187	-227.1395	171.7376	0.4315509	1.902672
1794	-59.93758	-232.1007	172.1631	0.9781418	1.176156
1800	-65.11992	-235.0981	169.9782	0.9781418	2.680483
1806	-53.89394	-225.1873	171.2934	0.7347858	1.997498
1812	-69.03933	-239.8707	170.8314	1.36026	1.887436
1818	-68.59326	-239.5155	170.9223	0.9742101	2.084714
1824	-55.13007	-226.3062	171.1761	1.778265	1.331671
1830	-43.2432	-214.6134	171.3702	1.662351	1.26815
1836	-41.65479	-214.2923	172.6375	0.8207888	0.862582
1842	-29.58276	-202.2703	172.6875	0.5572764	1.083218
1848	-41.69536	-211.8516	170.1562	2.275448	1.721388
1854	-44.66909	-217.6313	172.9622	0.1966351	1.160788
1860	-49.30463	-222.1374	172.8328	0.5111514	0.9872872
1866	-37.64076	-210.7299	173.0892	0.2547269	0.9872872
1872	-40.76087	-213.1088	172.3479	0.9959931	0.9872872
1878	-48.34016	-220.4863	172.1461	0.9250768	1.235954
1884	-51.94972	-221.9467	169.997	2.254808	1.846362
1890	-46.12367	-217.8394	171.7158	0.5183134	1.858486
1896	-54.39129	-226.623	172.2317	0.8752174	1.205713
1902	-63.6321	-234.8748	171.2427	0.77524	2.004341
1908	-64.74893	-236.3357	171.5868	1.18155	1.476192
1914	-62.88281	-234.6293	171.7465	0.9105999	1.559157
1920	-64.05984	-236.1366	172.0767	0.3872787	1.698511
1926	-59.10758	-230.2645	171.157	1.117964	1.830466
1932	-56.10594	-225.4865	169.3806	2.251689	2.256393
1938	-46.6865	-218.9872	172.3007	0.04160022	1.783866
1944	-51.98323	-225.3713	173.388	0.01869554	0.9212752
1950	-48.02481	-220.7874	172.7625	0.07741612	1.42153
1956	-53.44226	-225.445	172.0027	0.09095225	1.953643
1962	-50.09901	-222.0703	171.9713	0.1224065	1.953643
1968	-50.36884	-222.9172	172.5483	0.3253559	1.395374
1974	-56.29098	-228.5854	172.2944	0.1871204	1.686108
1980	-49.73869	-221.3999	171.6612	0.7245841	1.753555
1986	-45.42116	-216.2117	170.7906	1.490405	1.826293
1992	-54.23628	-224.1744	169.9381	2.342879	1.826293
1998	-52.41072	-222.7169	170.3062	1.44132	2.182004
2004	-56.86138	-227.4605	170.5991	1.676661	1.829897
2010	-47.06113	-218.7661	171.705	0.5198655	1.864793
2016	-49.27359	-222.0349	172.7613	0.2752862	1.264786
2022	-41.1385	-213.7588	172.6203	0.7847552	0.9231157
2028	-37.9753	-210.0697	172.0944	1.171557	1.063413
2034	-45.74651	-217.3581	171.6116	1.171557	1.464991
2040	-57.96552	-230.0094	172.0438	0.9047616	1.336294
2046	-55.64895	-227.1876	171.5386	1.175316	1.517066
2052	-65.3042	-236.6374	171.3332	1.095175	1.723691
2058	-61.31077	-233.5548	172.244	1.041635	1.044677
2064	-55.0669	-226.3041	171.2372	1.041635	1.827786
2070	-56.18099	-228.6907	172.5097	0.5613977	1.236026
2076	-49.18768	-221.1171	171.9294	0.9528417	1.388718
2082	-50.48477	-223.0645	172.5797	0.1599449	1.497836
2088	-42.3936	-214.8803	172.4867	0.4029982	1.382904
2094	-37.75069	-210.0065	172.2558	0.02859049	1.823969
2100	-49.42451	-221.7519	172.3274	0.4984095	1.432406
2106	-47.67662	-219.8821	172.2055	0.6203676	1.432406
2112	-47.77941	-219.5439	171.7645	1.061359	1.432406
2118	-53.36949	-224.9397	171.5702	0.5979431	1.903402
2124	-45.97327	-218.9026	172.9293	0.3451932	1.05529
2130	-44.90861	-217.5506	172.642	0.3154382	1.329213
2136	-45.10021	-217.1653	172.0651	1.213571	1.05131
2142	-41.71141	-213.3822	171.6708	1.239959	1.366334
2148	-42.60928	-215.1114	172.5021	0.4086388	1.366334
2154	-66.13438	-238.3972	172.2628	0.416117	1.543057
2160	-46.36198	-217.2193	170.8573	1.821653	1.543057
2166	-47.5825	-218.4465	170.864	1.821653	1.538085
2172	-49.95904	-221.9103	171.9513	1.292828	1.083859
2178	-37.00426	-209.4911	172.4869	0.3055586	1.457951
2184	-36.26949	-208.3359	172.0665	0.9038687	1.318868
2190	-41.99717	-214.7796	172.7825	0.06524221	1.415539
2196	-47.63212	-220.2148	172.5827	0.5545421	1.17962
2202	-35.76965	-207.8772	172.1076	1.222282	1.001414
2208	-52.75216	-225.0948	172.3427	1.222282	0.7164142
2214	-40.29011	-212.9713	172.6812	0.8155963	0.8148986
2220	-36.94668	-208.8449	171.8982	0.3980273	1.815758
2226	-38.94878	-211.1355	172.1867	1.119906	1.024384
2232	-48.25794	-220.7154	172.4575	0.6947218	1.166573
2238	-48.39974	-220.3287	171.9289	0.1087076	1.991192
2244	-51.62309	-223.1341	171.5111	0.0512588	2.301203
2250	-45.53805	-217.299	171.761	0.7439677	1.669418
2256	-40.74604	-211.9197	171.1736	1.865599	1.262607
2262	-40.01752	-210.5122	170.4947	2.117061	1.592361
2268	-39.39331	-211.1185	171.7252	1.503971	1.097645
2274	-36.86715	-208.8396	171.9725	1.073358	1.257148
2280	-35.61099	-208.1274	172.5164	0.9305823	0.8758499
2286	-36.99289	-209.6436	172.6508	0.6951616	0.9852544
2292	-45.00899	-216.9138	171.9048	0.6064922	1.664873
2298	-45.68967	-217.7893	172.0997	0.5898676	1.535218
2304	-50.73903	-221.6951	170.956	0.7736102	2.19359
2310	-46.94764	-218.0234	171.0758	0.9891937	1.972927
2316	-56.66963	-228.4667	171.7971	0.54433	1.78449
2322	-50.87147	-222.6401	171.7687	0.6239863	1.748778
2328	-53.49006	-225.4859	171.9959	0.8164983	1.442732
2334	-48.01393	-220.2491	172.2352	1.102773	0.9933135
2340	-55.77044	-227.9389	172.1684	0.6308183	1.452732
2346	-60.97058	-232.4023	171.4317	0.3217398	2.178177
2352	-45.88741	-217.8874	172	0.3748789	1.761187
2358	-55.99575	-227.3202	171.3245	1.516273	1.420905
2364	-54.31679	-226.0646	171.7479	1.299169	1.256159
2370	-52.1228	-224.0323	171.9095	1.042377	1.333676
2376	-57.53852	-229.6108	172.0723	1.031135	1.208684
2382	-49.85926	-221.8737	172.0144	0.8895564	1.371651
2388	-45.61262	-217.9937	172.3811	0.8663316	1.080783
2394	-43.59972	-215.0979	171.4981	1.543826	1.260354
2400	-42.73241	-214.4123	171.6799	1.021593	1.526348
2406	-42.88378	-214.9124	172.0287	0.4702613	1.673704
2412	-52.93025	-224.4891	171.5588	1.71159	1.059164
2418	-45.22452	-217.2809	172.0564	1.437262	0.8189126
2424	-37.45	-208.7077	171.2577	1.939447	1.126686
2430	-43.06724	-215.4274	172.3601	0.5988775	1.327973
2436	-51.70586	-224.3552	172.6493	0.5556579	1.119671
2442	-51.83648	-223.9204	172.0839	0.209577	1.817661
2448	-52.53762	-225.3722	172.8346	0.07875243	1.364267
2454	-51.9724	-225.1781	173.2057	0.02292559	1.098179
2460	-59.71668	-232.3055	172.5889	0.05607789	1.568105
2466	-47.26859	-218.5502	171.2816	1.116582	1.744916
2472	-37.63409	-209.5404	171.9063	1.116582	1.27608
2478	-43.65897	-215.746	172.087	0.5692277	1.559786
2484	-45.10952	-217.393	172.2835	1.158523	0.8816118
2490	-47.17666	-219.4894	172.3128	0.5246303	1.423516
2496	-56.86147	-228.0412	171.1798	1.378403	1.631221
2502	-52.4648	-224.8477	172.3829	0.2110378	1.60535
2508	-54.63548	-226.3953	171.7599	1.434518	1.12921
2514	-57.70337	-229.2831	171.5798	1.25973	1.421896
2520	-59.13916	-231.1684	172.0292	1.114461	1.17399
2526	-63.53489	-235.0672	171.5323	0.2299313	2.172474
2532	-71.41219	-243.6474	172.2352	0.9517776	1.135807
2538	-77.59491	-248.356	170.7611	1.026085	2.156202
2544	-59.04407	-229.418	170.374	1.682565	1.978571
2550	-56.31833	-228.3502	172.0319	0.7900379	1.435412
2556	-46.82435	-218.5918	171.7674	1.673765	0.8825921
2562	-45.68091	-214.9368	169.2559	2.414743	2.231729
2568	-49.49956	-221.3197	171.8202	0.8383132	1.558148
2574	-52.95369	-220.3524	167.3987	2.590354	3.262315
2580	-46.80577	-218.5687	171.7629	1.655765	0.9081318
2586	-47.70455	-219.6303	171.9258	0.7656288	1.533834
2592	-46.5895	-217.4977	170.9082	1.715186	1.58386
2598	-47.01226	-218.9021	171.8899	0.3866195	1.829389
2604	-49.46446	-221.3421	171.8776	0.701011	1.616451
2610	-58.38795	-231.2114	172.8234	0.2476377	1.2361
2616	-40.12714	-213.0637	172.9366	0.1344814	1.2361
2622	-48.60335	-219.1907	170.5873	1.623211	1.874552
2628	-66.23229	-237.0224	170.7901	1.913055	1.525096
2634	-57.90753	-230.2139	172.3063	0.6506962	1.329534
2640	-58.04548	-229.3723	171.3269	1.093123	1.7296
2646	-56.18023	-228.2775	172.0973	0.3227011	1.7296
2652	-51.55792	-223.1882	171.6303	0.7897048	1.7296
2658	-57.31904	-228.8068	171.4877	0.7097621	1.883455
2664	-65.54591	-237.3522	171.8063	0.4697052	1.829722
2670	-69.45142	-241.1262	171.6748	1.418812	1.217043
2676	-59.50085	-230.0883	170.5874	2.139942	1.507014
2682	-52.02585	-223.9714	171.9455	1.269414	1.110639
2688	-50.80793	-222.9608	172.1529	1.062071	1.110639
2694	-51.1317	-223.1811	172.0494	1.062071	1.201864
2700	-37.12916	-209.5097	172.3805	0.9979108	0.9516237
2706	-36.46439	-209.1926	172.7282	0.6413403	0.9609532
2712	-43.50078	-215.0369	171.5361	0.8804894	1.731966
2718	-41.19526	-213.3097	172.1144	0.7547536	1.398913
2724	-51.14416	-223.9717	172.8275	0.3051111	1.183596
2730	-44.34015	-216.0715	171.7313	1.316231	1.255721
2736	-38.75577	-210.527	171.7712	1.727879	0.8119423
2742	-48.7531	-220.3698	171.6167	1.247228	1.402967
2748	-40.80017	-213.0453	172.2451	0.9209679	1.154364
2754	-40.85123	-213.149	172.2978	1.124865	0.9036381
2760	-43.75648	-215.2393	171.4828	0.9120465	1.747203
2766	-55.5338	-227.2098	171.676	1.194693	1.397679
2772	-46.13323	-216.7036	170.5704	2.121912	1.533139
2778	-52.43671	-222.7649	170.3282	2.121912	1.708325
2784	-45.40995	-215.7382	170.3282	2.121912	1.708325
2790	-49.29053	-219.709	170.4185	1.711692	1.929087
2796	-50.78427	-222.8139	172.0296	0.7644016	1.456721
2802	-47.23389	-219.5141	172.2802	0.2537656	1.648642
2808	-47.96237	-218.9291	170.9668	1.140136	1.944754
2814	-43.88643	-215.2131	171.3266	1.915135	1.086008
2820	-42.14803	-214.2679	172.1198	0.7170089	1.423924
2826	-52.34863	-224.2718	171.9231	1.145272	1.238308
2832	-55.01456	-227.4949	172.4803	0.5881071	1.238308
2838	-53.87851	-226.2132	172.3346	0.7711625	1.206668
2844	-64.31235	-236.6976	172.3853	0.6667986	1.251938
2850	-61.7823	-232.8665	171.0842	0.765067	2.115711
2856	-56.40327	-227.938	171.5347	1.219354	1.486978
2862	-50.44642	-221.726	171.2796	0.9528864	1.859573
2868	-66.26398	-237.0128	170.7488	1.626438	1.760928
2874	-53.02316	-225.3287	172.3055	0.3132352	1.587267
2880	-40.23816	-210.9602	170.722	1.896743	1.587267
2886	-48.20785	-217.1029	168.895	2.402489	2.468726
2892	-47.71039	-219.7193	172.0089	0.9162947	1.354933
2898	-42.97914	-215.4274	172.4483	0.9162947	0.9661012
2904	-37.85439	-209.9474	172.093	1.300554	0.9355863
2910	-36.42862	-207.662	171.2334	1.3724	1.59672
2916	-42.91614	-214.9741	172.0579	1.18301	1.086779
2922	-42.29448	-213.3689	171.0744	2.104401	1.143101
2928	-53.97196	-224.7553	170.7834	1.441744	1.8646
2934	-55.57262	-226.3389	170.7663	1.701014	1.696157
2940	-59.25675	-229.7194	170.4626	1.912074	1.761339
2946	-52.32575	-224.3479	172.0221	1.2864	1.022525
2952	-58.6389	-229.5531	170.9142	2.142609	1.247982
2958	-56.88854	-227.5261	170.6376	1.74395	1.756557
2964	-50.28292	-222.7206	172.4377	0.4136957	1.412668
2970	-43.01618	-213.6987	170.6826	2.097188	1.467576
2976	-33.06639	-204.9783	171.912	1.216802	1.186958
2982	-32.35915	-204.893	172.5338	0.809817	0.987573
2988	-33.9269	-206.8123	172.8854	0.5453194	0.8946241
2994	-30.14332	-202.3153	172.172	0.07725356	1.848119
3000	-41.63495	-214.2118	172.5769	0.3741135	1.334387
3006	-34.01533	-206.5051	172.4898	0.4612264	1.334387
3012	-27.68086	-200.3339	172.6531	0.4919986	1.172789
3018	-35.71217	-207.8856	172.1734	0.8379769	1.285535
3024	-44.94519	-215.0486	170.1034	2.010519	1.940048
3030	-48.04295	-220.1568	172.1139	0.3405494	1.705296
3036	-52.22075	-223.2644	171.0436	1.888288	1.349594
3042	-51.45817	-223.5539	172.0958	1.467936	0.7184886
3048	-46.3178	-218.4198	172.102	1.151807	1.074793
3054	-50.58936	-222.8006	172.2112	0.3481575	1.630344
3060	-53.35644	-224.1569	170.8004	1.811477	1.592254
3066	-61.30141	-233.4975	172.1961	0.1421835	1.786665
3072	-57.46715	-227.0867	169.6196	1.330752	2.684153
3078	-58.18748	-229.139	170.9515	1.424811	1.760197
3084	-54.49345	-225.9263	171.4328	0.5408291	2.033755
3090	-49.66442	-221.5727	171.9083	0.2899953	1.882885
3096	-54.90203	-226.4184	171.5164	0.3680131	2.092649
3102	-48.82619	-219.7747	170.9485	1.949426	1.376446
3108	-41.6344	-214.4887	172.8543	0.3426474	1.126886
3114	-51.08768	-223.2957	172.208	0.8076952	1.282011
3120	-52.87586	-223.6953	170.8194	1.636031	1.704553
3126	-46.7954	-218.2019	171.4065	1.97006	0.9536019
3132	-49.71949	-221.7384	172.0189	0.9556369	1.315439
3138	-49.51634	-221.5353	172.0189	0.9556369	1.315439
3144	-48.97486	-221.2579	172.2831	0.3083931	1.607128
3150	-41.81034	-213.7252	171.9148	0.7002262	1.589983
3156	-50.78848	-223.2721	172.4836	0.04185097	1.654747
3162	-45.17575	-217.6585	172.4827	0.5766513	1.245851
3168	-52.89752	-224.2074	171.3099	1.892255	1.122227
3174	-49.56272	-221.8095	172.2468	0.6066172	1.411116
3180	-57.70559	-228.9614	171.2558	0.7560014	2.008422
3186	-47.50526	-219.2858	171.7806	0.4911101	1.832691
3192	-45.65319	-216.5492	170.896	1.903818	1.452277
3198	-41.12692	-213.2189	172.092	1.327233	0.9074597
3204	-35.82223	-208.0477	172.2255	0.9338102	1.160354
3210	-38.27571	-210.1692	171.8934	0.6052633	1.673851
3216	-38.77466	-210.6606	171.8859	0.4242283	1.806189
3222	-36.7485	-209.4258	172.6773	0.4242283	1.21029
3228	-41.31366	-213.7835	172.4699	0.5446625	1.28295
3234	-43.62907	-216.1729	172.5438	0.5110888	1.249592
3240	-55.47151	-228.7282	173.2567	0.1274385	0.9456566
3246	-57.96966	-229.8425	171.8728	0.7068914	1.615651
3252	-50.57905	-222.6989	172.1199	0.4497283	1.622965
3258	-60.69324	-232.4642	171.771	0.226056	2.018225
3264	-64.88597	-236.1602	171.2742	1.687304	1.325932
3270	-67.584	-239.6757	172.0917	1.038744	1.185492
3276	-73.51967	-244.4062	170.8865	0.6127586	2.341394
3282	-54.67352	-226.9137	172.2402	0.4163422	1.559599
3288	-50.24168	-221.8654	171.6237	0.2884427	2.074384
3294	-54.54696	-226.2665	171.7195	1.220839	1.342858
3300	-52.13358	-223.7812	171.6476	1.292762	1.342858
3306	-39.44484	-211.2938	171.849	1.292762	1.175728
3312	-35.62591	-207.5618	171.9359	1.239185	1.146395
3318	-44.76118	-216.4441	171.683	1.462973	1.172052
3324	-49.21298	-220.4068	171.1938	1.55994	1.487224
3330	-49.58506	-222.1387	172.5537	0.200083	1.487224
3336	-49.07723	-220.5056	171.4284	1.882248	1.020435
3342	-51.25917	-221.7167	170.4576	1.759692	1.86997
3348	-53.62362	-224.9484	171.3248	0.8783544	1.879607
3354	-47.00911	-218.8237	171.8146	1.339679	1.164751
3360	-43.64933	-215.3399	171.6906	1.336906	1.272332
3366	-48.45535	-219.5753	171.1199	1.045015	1.905559
3372	-48.39498	-219.5272	171.1323	1.032678	1.905559
3378	-44.07353	-214.3273	170.2537	1.713375	2.038087
3384	-54.34864	-224.0261	169.6775	2.329786	2.011426
3390	-48.51245	-217.4306	168.9182	2.503045	2.390869
3396	-51.96321	-220.8814	168.9182	2.503045	2.390869
3402	-41.08602	-210.4338	169.3478	2.089634	2.380614
3408	-36.0384	-206.7736	170.7352	2.060366	1.455542
3414	-40.09508	-211.2477	171.1526	1.642947	1.455542
3420	-42.38318	-214.6482	172.265	1.066573	0.9996774
3426	-45.18381	-216.0951	170.9113	1.56895	1.686965
3432	-40.27086	-211.1807	170.9099	1.570406	1.686965
3438	-47.7794	-219.4966	171.7172	0.4929097	1.874837
3444	-45.04575	-217.2945	172.2488	0.8681843	1.197127
3450	-58.21394	-230.3053	172.0914	1.544145	0.5368803
3456	-57.52524	-228.8018	171.2766	0.8788359	1.912004
3462	-45.29618	-216.8677	171.5715	1.718227	1.040736
3468	-50.76463	-221.5421	170.7775	1.718227	1.675985
3474	-47.9182	-220.4227	172.5045	0.7396696	1.083744
3480	-46.86972	-219.2421	172.3724	0.2827445	1.560602
3486	-47.56016	-220.1704	172.6102	0.3111884	1.357918
3492	-40.06419	-212.5132	172.449	0.5693215	1.279873
3498	-42.57915	-215.3018	172.7227	0.07068724	1.457245
3504	-53.25849	-223.8426	170.5841	1.690434	1.830713
3510	-42.29796	-214.7599	172.462	0.5203057	1.309218
3516	-39.60842	-212.7242	173.1157	0.1867839	1.028366
3522	-44.07689	-216.0794	172.0025	1.028196	1.269685
3528	-43.03881	-214.9676	171.9288	1.276982	1.118936
3534	-43.93119	-215.2728	171.3416	1.820213	1.158144
3540	-49.42996	-221.1913	171.7614	1.123718	1.386492
3546	-41.35179	-214.0335	172.6817	0.5740577	1.07294
3552	-36.65374	-208.9984	172.3446	0.8961369	1.086947
3558	-30.46184	-202.4644	172.0025	0.8961369	1.375851
3564	-29.94555	-202.2912	172.3457	0.1187144	1.698258
3570	-35.17072	-207.9518	172.7811	0.3433656	1.190707
3576	-33.79727	-205.0644	171.2672	2.034	1.029693
3582	-50.34167	-222.6202	172.2785	1.022647	1.029693
3588	-42.83966	-214.9306	172.0909	0.2418752	1.790486
3594	-44.19436	-216.8741	172.6797	0.1421413	1.435444
3600	-51.93046	-223.7032	171.7727	1.049153	1.435444
3606	-49.33907	-220.6448	171.3057	1.211603	1.660547
3612	-42.25279	-214.9584	172.7057	0.7968468	0.8074595
3618	-41.49234	-213.8173	172.3249	0.6433806	1.320502
3624	-43.76669	-215.3853	171.6186	0.5049401	1.93356
3630	-38.7832	-211.1698	172.3866	0.8433912	1.096838
3636	-38.65438	-210.4914	171.837	1.543024	0.949985
3642	-34.33233	-205.9781	171.6458	0.7337542	1.757938
3648	-48.86719	-220.2907	171.4236	1.410868	1.425792
3654	-49.78827	-222.4002	172.612	0.4697839	1.227083
3660	-38.79154	-210.6856	171.8941	0.1869886	1.962103
3666	-43.82854	-215.2856	171.457	0.6927318	1.91584
3672	-43.18636	-215.5404	172.354	0.2419394	1.603857
3678	-50.81818	-222.5317	171.7135	0.4027465	1.938437
3684	-57.28016	-228.3834	171.1033	1.899265	1.292779
3690	-66.80211	-238.1472	171.3451	0.8156802	1.908383
3696	-58.17957	-229.6937	171.5142	0.8341003	1.779736
3702	-55.57389	-227.8777	172.3039	0.6174933	1.357962
3708	-42.34557	-212.4401	170.0945	2.44879	1.641919
3714	-51.21603	-223.1117	171.8957	0.7962702	1.533422
3720	-45.95127	-217.1902	171.239	1.73067	1.319423
3726	-59.73478	-231.4636	171.7288	1.246085	1.315195
3732	-52.71879	-224.553	171.8342	1.246085	1.228322
3738	-61.94828	-234.2144	172.2661	0.7893836	1.249124
3744	-61.06018	-233.6019	172.5418	0.4771836	1.279339
3750	-61.04159	-231.4162	170.3746	2.161191	1.647336
3756	-63.37391	-231.907	168.5331	2.429314	2.676753
3762	-62.11496	-233.2015	171.0865	1.886343	1.316822
3768	-54.62645	-226.6911	172.0647	0.6242025	1.535688
3774	-67.79632	-239.8509	172.0546	0.3399771	1.747444
3780	-54.13271	-226.3807	172.248	0.7029881	1.334382
3786	-53.06681	-224.5564	171.4896	1.166315	1.560056
3792	-55.09646	-227.3245	172.2281	0.8642798	1.218134
3798	-60.15681	-231.0602	170.9034	1.658744	1.628369
3804	-59.57802	-231.7647	172.1867	0.4001846	1.610453
3810	-54.63542	-226.4327	171.7973	0.1298561	2.064536
3816	-69.75612	-242.0397	172.2836	0.7426575	1.273329
3822	-59.69286	-231.569	171.8762	1.009635	1.385936
3828	-47.76631	-220.1131	172.3468	0.5407646	1.384535
3834	-46.13013	-218.4995	172.3694	0.4753026	1.417866
3840	-50.79053	-221.891	171.1005	0.765823	2.104546
3846	-53.39051	-225.0818	171.6913	1.666456	0.9731229
3852	-50.30839	-222.1203	171.812	1.213605	1.273903
3858	-37.74133	-209.7593	172.0179	1.109104	1.188456
3864	-34.78427	-206.9859	172.2016	1.109104	1.020326
3870	-37.8857	-210.5534	172.6677	0.8406998	0.7997119
3876	-35.38782	-208.1227	172.7349	0.8406998	0.6982884
3882	-44.7511	-215.9332	171.1821	2.003878	1.136693
3888	-36.28964	-209.2671	172.9775	0.4953758	0.8449835
3894	-31.60412	-204.0246	172.4205	0.6127497	1.267605
3900	-37.3645	-209.889	172.5245	0.08193073	1.596269
3906	-38.28052	-210.5197	172.2392	0.5382422	1.469343
3912	-28.33741	-200.9209	172.5835	0.4805461	1.241943
3918	-37.16164	-208.9748	171.8132	1.431557	1.083283
3924	-45.9108	-218.0187	172.1079	1.073496	1.140823
3930	-34.30568	-207.1844	172.8787	0.2028618	1.22721
3936	-37.92961	-209.3922	171.4626	1.301427	1.479501
3942	-41.97982	-214.2353	172.2555	1.301427	0.7294309
3948	-48.51008	-219.5404	171.0303	2.012986	1.259274
3954	-47.53345	-218.5936	171.0602	2.012986	1.234322
3960	-39.92247	-212.1305	172.2081	1.001517	1.115495
3966	-36.66605	-207.2121	170.546	1.48251	1.997269
3972	-36.44511	-205.2996	168.8545	2.458801	2.45885
3978	-42.9145	-214.7222	171.8076	1.406867	1.111024
3984	-44.19189	-216.5704	172.3785	0.5103189	1.383558
3990	-46.4153	-218.48	172.0647	0.8240783	1.383558
3996	-40.8729	-213.696	172.8231	0.53962	0.968055
4002	-44.79627	-217.1379	172.3416	0.4059392	1.491884
4008	-37.30528	-210.1251	172.8198	0.1882903	1.288223
4014	-48.06678	-220.5842	172.5174	0.5800763	1.213731
4020	-49.10907	-221.3735	172.2644	0.5800763	1.418029
4026	-43.91903	-216.5877	172.6687	0.5535973	1.103959
4032	-40.09326	-212.1973	172.104	1.442489	0.7456003
4038	-45.88082	-217.7662	171.8854	0.6499241	1.647642
4044	-45.20558	-216.6249	171.4193	1.762154	1.140721
4050	-57.01519	-229.0317	172.0165	0.5079048	1.655457
4056	-56.91931	-229.0832	172.1639	1.324982	0.8250863
4062	-50.28899	-222.594	172.305	0.6577359	1.32496
4068	-51.77872	-223.213	171.4343	1.744873	1.142777
4074	-60.38868	-232.1841	171.7954	0.9969592	1.458004
4080	-55.81892	-228.7612	172.9423	0.009529853	1.333688
4086	-49.89198	-220.3954	170.5034	2.230151	1.502385
4092	-59.63384	-231.0357	171.4019	0.872732	1.830658
4098	-49.36827	-222.2778	172.9095	0.2656933	1.146315
4104	-58.11639	-228.0995	169.9831	0.9324275	2.705521
4110	-61.11117	-231.9559	170.8447	0.5027569	2.437375
4116	-50.0549	-222.2415	172.1867	1.263026	0.8727485
4122	-49.93552	-222.23	172.2945	0.4676831	1.480849
4128	-52.48022	-223.6715	171.1913	1.570944	1.480849
4134	-59.78931	-229.8131	170.0238	2.134951	1.909759
4140	-50.06012	-221.5046	171.4445	1.822449	1.062477
4146	-45.05719	-216.6501	171.5929	0.758946	1.777259
4152	-43.75598	-216.4022	172.6462	0.6000759	1.081804
4158	-47.49185	-219.0609	171.5691	1.192201	1.481544
4164	-63.72813	-234.7009	170.9728	1.192201	1.90551
4170	-61.06993	-233.345	172.275	0.3042296	1.615974
4176	-57.22143	-229.5227	172.3012	0.8806465	1.140387
4182	-55.79253	-227.6418	171.8493	1.035428	1.386753
4188	-69.52156	-240.0197	170.4982	1.28458	2.159124
4194	-59.8833	-231.0533	171.17	1.286784	1.703601
4200	-61.76237	-232.9814	171.219	1.070077	1.820703
4206	-61.20587	-232.6136	171.4078	1.113491	1.657744
4212	-47.25146	-216.7008	169.4494	2.238299	2.220734
4218	-45.1412	-215.1373	169.9961	2.238299	1.858281
4224	-45.95991	-217.0683	171.1084	1.828924	1.34528
4230	-43.63428	-215.7539	172.1196	1.153913	1.056247
4236	-47.23292	-219.0663	171.8334	1.084051	1.361054
4242	-46.50268	-217.2996	170.7969	1.712033	1.666539
4248	-54.98042	-226.4493	171.4689	1.61737	1.223305
4254	-41.53541	-213.6696	172.1342	1.084454	1.107261
4260	-42.33142	-214.4845	172.153	0.8041478	1.329418
4266	-36.53372	-208.5381	172.0044	0.4960431	1.672616
4272	-45.99786	-217.7691	171.7713	1.710102	0.8345038
4278	-39.91408	-212.2339	172.3198	1.291636	0.6246464
4284	-39.1767	-210.717	171.5403	1.036324	1.617917
4290	-42.72837	-215.0062	172.2779	1.320826	0.6538893
4296	-41.00824	-211.8518	170.8435	1.966978	1.444134
4302	-46.80842	-217.641	170.8325	1.736154	1.623627
4308	-44.87793	-217.5328	172.6548	0.4354727	1.219861
4314	-46.66837	-217.2565	170.5882	2.149823	1.499069
4320	-51.86847	-223.5046	171.6362	0.2372994	2.099847
4326	-49.78361	-221.2369	171.4533	1.540596	1.299793
4332	-42.89578	-214.1084	171.2127	2.08838	1.029813
4338	-45.52832	-217.4662	171.9379	1.310697	1.079648
4344	-43.31213	-215.9063	172.5942	0.6544098	1.079648
4350	-46.96074	-217.7345	170.7738	1.405455	1.895861
4356	-39.53426	-210.8358	171.3015	1.654742	1.330149
4362	-50.07295	-222.442	172.369	1.04124	0.9173928
4368	-57.67213	-229.0588	171.3867	0.9666029	1.776258
4374	-38.93393	-210.274	171.3401	0.4909895	2.127593
4380	-38.40915	-210.9287	172.5195	0.7619331	1.04868
4386	-37.06618	-209.108	172.0418	0.1991137	1.853807
4392	-41.50668	-214.5328	173.0261	0.514321	0.7547194
4398	-33.74937	-206.4896	172.7402	0.403877	1.173628
4404	-36.63785	-208.654	172.0162	1.127959	1.173628
4410	-49.48732	-220.2152	170.7279	1.395756	1.933459
4416	-45.18969	-215.2025	170.0128	2.110864	1.933459
4422	-43.68833	-215.4593	171.771	0.7942791	1.626092
4428	-50.51367	-222.4365	171.9228	0.6424561	1.626092
4434	-43.51606	-216.0253	172.5092	0.09878478	1.595091
4440	-45.20063	-217.2601	172.0594	1.240253	1.031112
4446	-43.81262	-216.6601	172.8475	0.1816204	1.270957
4452	-33.95795	-206.3238	172.3658	0.02976822	1.746714
4458	-34.55769	-207.1774	172.6197	0.04329063	1.554839
4464	-41.69395	-213.5041	171.8102	0.761296	1.621615
4470	-42.92005	-214.8384	171.9183	0.6215649	1.644375
4476	-45.8771	-216.5161	170.639	1.426076	1.972811
4482	-48.21859	-219.2613	171.0427	1.022432	1.972811
4488	-46.90589	-219.005	172.0991	1.315544	0.9125886
4494	-51.27495	-222.4811	171.2061	1.990197	1.127474
4500	-57.96196	-230.2454	172.2834	0.1452414	1.723482
4506	-58.41362	-231.2812	172.8676	0.3713876	1.088589
4512	-58.27464	-228.2457	169.971	1.767986	2.187522
4518	-59.34373	-231.5161	172.1724	0.06603073	1.855528
4524	-53.62894	-225.6515	172.0226	1.114112	1.180078
4530	-54.98352	-226.7708	171.7873	1.114112	1.37367
4536	-51.59527	-223.7337	172.1384	0.8675755	1.289954
4542	-48.0491	-219.6909	171.6418	1.364148	1.289954
4548	-53.6502	-225.786	172.1358	1.188933	1.006487
4554	-47.83732	-219.3003	171.463	1.251358	1.516767
4560	-54.01018	-224.5269	170.5167	1.662798	1.895691
4566	-50.49624	-217.2251	166.7288	2.701161	3.589686
4572	-60.85016	-231.0736	170.2235	2.446936	1.549359
4578	-45.72111	-217.4237	171.7026	1.187467	1.382602
4584	-47.79477	-219.7704	171.9756	0.691232	1.552003
4590	-40.11814	-212.002	171.8839	1.236873	1.193882
4596	-46.10694	-217.5767	171.4697	1.560441	1.270117
4602	-46.78368	-218.1765	171.3928	1.83332	1.100419
4608	-48.48027	-220.344	171.8637	1.647109	0.7963981
4614	-43.89978	-215.7778	171.878	1.288267	1.154178
4620	-53.12543	-224.6121	171.4867	1.223519	1.519858
4626	-52.3337	-223.3932	171.0595	1.223519	1.824859
4632	-46.96566	-218.627	171.6613	1.350329	1.285324
4638	-46.00263	-216.544	170.5414	1.574434	1.93876
4644	-45.18911	-214.9391	169.75	1.410225	2.554467
4650	-43.26112	-214.1405	170.8793	1.146311	1.999184
4656	-42.78003	-214.4722	171.6922	1.146311	1.42267
4662	-60.27109	-232.6926	172.4215	0.451516	1.395919
4668	-59.61059	-231.543	171.9324	0.7617201	1.531808
4674	-65.01994	-236.4277	171.4077	0.6614689	1.970077
4680	-55.42159	-227.9259	172.5043	0.8316566	0.9952717
4686	-47.33621	-217.7953	170.4591	1.898661	1.773123
4692	-44.69673	-215.043	170.3463	2.011489	1.773123
4698	-40.53166	-212.4509	171.9193	1.261037	1.141788
4704	-35.77617	-208.0688	172.2926	0.3987396	1.533864
4710	-40.07902	-211.8302	171.7512	0.9401813	1.533864
4716	-36.995	-209.1075	172.1125	0.8959319	1.287916
4722	-44.47005	-216.7335	172.2635	1.027361	1.03966
4728	-43.74467	-216.4374	172.6927	0.6223065	1.016138
4734	-56.63709	-229.1831	172.546	0.9145754	0.8598878
4740	-61.44298	-232.9413	171.4984	0.7273653	1.86419
4746	-52.24721	-223.838	171.5908	0.9228175	1.66321
4752	-56.41018	-227.824	171.4139	0.9569444	1.764049
4758	-57.0545	-229.2966	172.2421	1.175487	0.9093325
4764	-42.83325	-214.4412	171.6079	1.516096	1.191046
4770	-36.11934	-208.8709	172.7516	0.3724148	1.191046
4776	-47.14071	-218.4384	171.2976	0.9868921	1.823846
4782	-43.90396	-216.2054	172.3014	0.9083676	1.115324
4788	-36.51564	-209.6648	173.1491	0.2016506	0.9802874
4794	-34.53546	-206.8052	172.2697	0.9589072	1.09815
4800	-48.84984	-220.0605	171.2107	1.890169	1.210899
4806	-44.40317	-217.2664	172.8632	0.54496	0.9197377
4812	-41.13906	-213.6893	172.5502	0.54496	1.215695
4818	-38.34082	-210.571	172.2302	0.4983621	1.506156
4824	-46.84363	-219.1448	172.3012	0.8178337	1.195378
4830	-46.27048	-219.2925	173.022	0.09701403	1.195378
4836	-40.61344	-213.5893	172.9759	0.08753565	1.242477
4842	-48.44864	-220.9508	172.5022	0.3002816	1.450297
4848	-39.79402	-212.2894	172.4954	0.3070674	1.450297
4854	-45.23304	-216.5132	171.2802	1.724883	1.290686
4860	-35.95735	-208.017	172.0597	1.179134	1.088735
4866	-46.44502	-218.4515	172.0065	0.9963599	1.292507
4872	-48.15181	-220.939	172.7872	0.4492276	1.090939
4878	-55.28156	-226.3869	171.1053	1.139749	1.850964
4884	-50.32228	-222.4474	172.1251	1.005534	1.185344
4890	-37.14316	-209.1794	172.0362	0.8888275	1.355039
4896	-44.37749	-216.5162	172.1387	1.029142	1.152851
4902	-49.85075	-220.5203	170.6695	1.381165	1.982451
4908	-55.87289	-227.8332	171.9603	0.8784735	1.422445
4914	-47.13403	-219.3803	172.2462	1.099729	0.9852139
4920	-48.51746	-220.1599	171.6424	1.636185	1.051426
4926	-55.5986	-228.1001	172.5015	0.08534185	1.610461
4932	-52.18929	-224.7283	172.539	0.3217979	1.405432
4938	-52.4713	-224.5193	172.048	0.8319339	1.390511
4944	-39.25827	-211.9545	172.6962	0.6761996	0.9579346
4950	-41.45555	-214.134	172.6784	0.3254425	1.291685
4956	-49.46566	-222.2391	172.7734	0.2304143	1.291685
4962	-60.37788	-231.5329	171.155	1.513028	1.551136
4968	-68.13526	-238.1264	169.9912	1.009251	2.653331
4974	-66.36641	-238.5359	172.1694	0.8696909	1.262703
4980	-60.06545	-231.6325	171.567	0.8940124	1.700618
4986	-58.05208	-229.8438	171.7917	1.041494	1.426724
4992	-45.65618	-217.5164	171.8602	0.6228744	1.685
4998	-45.72911	-216.6555	170.9264	1.545108	1.693212
5004	-60.72032	-232.9501	172.2298	0.2416704	1.693212
5010	-42.02877	-214.1348	172.106	0.906027	1.284983
5016	-41.53443	-213.7176	172.1831	1.159071	0.9890107
5022	-43.43995	-214.2367	170.7967	1.367602	1.905966
5028	-38.23614	-208.1256	169.8894	2.27492	1.905966
5034	-48.74462	-218.8825	170.1379	2.27492	1.734652
5040	-52.8831	-221.3587	168.4756	2.588141	2.614272
5046	-55.10152	-225.3198	170.2183	1.847426	1.972392
5052	-56.19563	-227.5916	171.3959	1.847426	1.084546
5058	-59.95553	-231.1703	171.2148	0.329627	2.312617
5064	-77.41561	-248.9405	171.5249	0.08458774	2.271006
5070	-69.87396	-240.3103	170.4363	1.676868	1.94052
5076	-59.77353	-229.6516	169.8781	1.791804	2.232195
5082	-48.90163	-220.4734	171.5717	1.56035	1.18409
5088	-44.34492	-217.1431	172.7982	0.3338983	1.18409
5094	-56.29896	-228.2295	171.9305	0.4412648	1.763377
5100	-59.22529	-230.9905	171.7652	0.6326054	1.745139
5106	-57.15564	-229.778	172.6223	0.6326054	1.073765
5112	-47.32326	-219.3106	171.9873	0.9456348	1.348741
5118	-54.33237	-226.9167	172.5843	0.3486299	1.348741
5124	-65.63027	-237.8319	172.2017	1.008533	1.114935
5130	-57.82953	-229.4915	171.6619	0.7252042	1.752632
5136	-49.62443	-221.669	172.0445	0.4625675	1.667851
5142	-49.02213	-220.557	171.5349	1.074868	1.593815
5148	-46.22672	-218.3341	172.1074	1.014543	1.192819
5154	-50.83183	-222.6956	171.8638	1.258148	1.192819
5160	-52.39713	-224.5237	172.1266	0.8038934	1.350724
5166	-48.51711	-220.3369	171.8198	1.110655	1.350724
5172	-60.31592	-232.5625	172.2465	0.6839269	1.350724
5178	-58.69869	-228.9204	170.2217	1.509751	2.192399
5184	-52.61621	-224.0425	171.4262	1.626244	1.251614
5190	-46.18394	-218.3674	172.1835	0.7088452	1.380816
5196	-58.51854	-229.9257	171.4072	1.422216	1.429639
5202	-42.92886	-214.7075	171.7786	1.311308	1.220175
5208	-49.01162	-221.6588	172.6472	0.4427475	1.220175
5214	-47.01956	-219.517	172.4974	0.5924866	1.220175
5220	-49.11365	-221.2005	172.0869	0.6002575	1.536996
5226	-57.09521	-229.2474	172.1522	1.282539	0.8900198
5232	-48.21852	-219.6014	171.3829	1.722315	1.207196
5238	-48.87053	-221.4869	172.6163	0.4676061	1.225228
5244	-58.28575	-229.8027	171.517	1.566957	1.225228
5250	-55.29183	-227.8537	172.5618	0.9933868	0.7321246
5256	-48.3725	-218.8125	170.44	2.061705	1.671748
5262	-44.7884	-217.0983	172.3099	0.657448	1.321265
5268	-50.66044	-223.2442	172.5837	0.8641341	0.8748799
5274	-39.44649	-211.0783	171.6318	1.646111	1.052064
5280	-42.21571	-213.9038	171.6881	0.6556205	1.782931
5286	-51.22672	-223.1691	171.9423	0.4013365	1.782931
5292	-52.40753	-224.5561	172.1486	0.4869486	1.575026
5298	-39.6677	-212.1848	172.5171	0.1184212	1.575026
5304	-44.01197	-215.3948	171.3828	1.17743	1.629744
5310	-43.76285	-216.0955	172.3327	0.2275534	1.629744
5316	-47.64981	-220.1607	172.5109	0.1437334	1.561001
5322	-43.04033	-215.9129	172.8725	0.2927588	1.155079
5328	-45.91858	-218.8245	172.9059	0.2919263	1.126135
5334	-41.7492	-214.1999	172.4507	0.1199613	1.622186
5340	-45.86316	-218.2818	172.4187	0.3746453	1.457267
5346	-42.48987	-215.2993	172.8094	0.252987	1.243347
5352	-49.17653	-221.8059	172.6294	0.1817318	1.44368
5358	-45.39411	-217.2324	171.8383	0.9728211	1.44368
5364	-55.91793	-228.6023	172.6843	0.3269484	1.285617
5370	-52.63709	-224.8398	172.2027	0.7409546	1.340262
5376	-49.20471	-220.8887	171.684	1.259652	1.340262
5382	-66.05586	-238.1135	172.0576	1.309505	0.9634669
5388	-58.78892	-231.0095	172.2206	1.146576	0.9634669
5394	-55.01603	-226.6392	171.6232	1.644376	1.061898
5400	-55.90997	-228.488	172.5781	0.3312784	1.367428
5406	-59.72311	-231.0875	171.3644	1.357564	1.511064
5412	-51.8328	-223.647	171.8142	0.8648806	1.54293
5418	-44.20247	-215.4997	171.2972	1.090828	1.751982
5424	-37.11947	-210.3518	173.2323	0.2434311	0.8414951
5430	-41.3815	-213.1724	171.7909	1.385485	1.145296
5436	-38.07191	-209.7394	171.6675	1.500079	1.153074
5442	-53.85218	-226.3507	172.4986	0.3617532	1.405786
5448	-62.87456	-234.6036	171.7291	0.743654	1.692326
5454	-65.31361	-237.617	172.3034	1.089844	0.93594
5460	-55.80174	-227.2867	171.485	1.752957	1.089573
5466	-47.50646	-219.0879	171.5814	1.752957	0.996912
5472	-43.50747	-214.3407	170.8333	1.752957	1.610942
5478	-47.67449	-219.784	172.1096	0.124366	1.858588
5484	-47.03309	-217.7552	170.7221	1.380723	1.947499
5490	-46.51752	-218.5918	172.0743	0.725339	1.452425
5496	-47.86027	-220.5759	172.7157	0.08401043	1.452425
5502	-48.09124	-220.0299	171.9387	0.6440105	1.613489
5508	-49.25121	-221.5879	172.3366	0.3097045	1.567072
5514	-66.81472	-239.3429	172.5282	0.700855	1.097727
5520	-52.68578	-224.6401	171.9543	1.240136	1.129171
5526	-58.00419	-229.9758	171.9716	1.240136	1.113558
5532	-50.01463	-222.9907	172.976	0.2357016	1.113558
5538	-52.87825	-225.8484	172.9701	0.1401651	1.202848
5544	-55.00178	-227.8844	172.8826	0.2276877	1.202848
5550	-55.95903	-227.9796	172.0206	1.089707	1.202848
5556	-53.19928	-224.9373	171.738	0.3011868	1.990128
5562	-50.22096	-222.6952	172.4742	0.1951833	1.550096
5568	-52.61489	-225.1778	172.563	0.1199614	1.540111
5574	-54.02772	-223.631	169.6032	2.136356	2.187137
5580	-56.37393	-229.2016	172.8277	0.295507	1.191785
5586	-60.23666	-232.7779	172.5412	0.9055056	0.8762216
5592	-43.96112	-217.0427	173.0816	0.1598424	1.086301
5598	-52.28872	-222.7745	170.4858	2.044588	1.651209
5604	-49.15682	-221.8642	172.7073	0.7597768	0.8519882
5610	-39.58788	-211.8196	172.2317	1.052695	1.045871
5616	-44.54246	-216.7285	172.186	1.414701	0.649529
5622	-39.46348	-212.0544	172.5909	0.4931886	1.225118
5628	-53.25677	-226.4405	173.1838	0.146576	1.000947
5634	-50.87513	-223.39	172.5148	0.2680644	1.465173
5640	-39.9346	-211.7044	171.7698	0.599758	1.76492
5646	-43.43491	-215.3494	171.9145	0.7642187	1.543234
5652	-49.15253	-221.0422	171.8897	1.592999	0.8328422
5658	-41.42055	-213.1845	171.764	0.5823399	1.781079
5664	-46.82265	-218.7207	171.898	1.087418	1.306652
5670	-46.91297	-218.1428	171.2298	0.8915502	1.935001
5676	-42.42827	-214.116	171.6877	1.077193	1.478788
5682	-34.73226	-206.8714	172.1391	0.9381957	1.230812
5688	-44.48945	-210.3279	165.8384	2.765289	4.064979
5694	-38.94764	-206.6921	167.7444	2.765289	2.952032
5700	-45.31579	-214.8193	169.5036	2.374867	2.096581
5706	-44.35036	-215.4102	171.0598	1.636327	1.530285
5712	-52.70715	-225.5569	172.8497	0.06005591	1.367094
5718	-56.21536	-228.0545	171.8391	0.6823601	1.657582
5724	-56.16784	-227.2234	171.0556	0.8878972	2.053723
5730	-53.53306	-225.4742	171.9412	1.26744	1.116382
5736	-48.49567	-219.5803	171.0846	1.991755	1.231634
5742	-49.04864	-221.9134	172.8648	0.03510757	1.374884
5748	-52.38718	-225.2008	172.8136	0.1517938	1.322806
5754	-49.49068	-221.5663	172.0756	0.3580158	1.720001
5760	-37.67825	-210.0881	172.4099	0.01473885	1.726337
5766	-38.10691	-211.2709	173.164	0.09553819	1.06947
5772	-38.55391	-210.7895	172.2355	1.00391	1.088153
5778	-37.23965	-210.0132	172.7736	0.6505186	0.902027
5784	-46.45316	-219.1717	172.7185	0.3130653	1.268946
5790	-57.71939	-230.0429	172.3235	0.1527004	1.689865
5796	-53.96305	-226.3661	172.403	0.6444505	1.25578
5802	-54.47277	-226.0383	171.5656	1.639363	1.1197
5808	-47.95309	-219.0433	171.0902	0.6537891	2.184285
5814	-40.50007	-212.7354	172.2353	0.8119141	1.255972
5820	-50.58239	-223.2168	172.6344	0.3695922	1.291566
5826	-62.07895	-233.0482	170.9693	0.7837875	2.178394
5832	-49.4068	-219.3461	169.9393	1.978548	2.070628
5838	-53.15844	-225.4674	172.309	0.7108419	1.278608
5844	-62.64067	-235.0387	172.398	0.2653215	1.554592
5850	-46.16758	-218.7798	172.6122	0.09848107	1.519491
5856	-45.9931	-218.3348	172.3417	0.06095601	1.741777
5862	-42.07472	-214.6505	172.5757	0.4132378	1.303787
5868	-43.15888	-215.2035	172.0446	1.379639	0.9018737
5874	-39.46041	-211.2993	171.8389	0.7380577	1.61767
5880	-47.85912	-218.2005	170.3414	1.687698	1.996881
5886	-47.55243	-219.8652	172.3128	0.5403702	1.411344
5892	-37.55627	-209.7962	172.24	0.613176	1.411344
5898	-34.23545	-205.7698	171.5344	1.471497	1.290029
5904	-40.25435	-211.9656	171.7113	1.3323	1.259017
5910	-55.28953	-226.7549	171.4653	1.658861	1.190886
5916	-55.06853	-226.6944	171.6259	1.658861	1.04551
5922	-45.62093	-217.5858	171.9648	0.6952168	1.557001
5928	-49.34729	-221.5496	172.2023	1.092079	1.036286
5934	-45.58758	-217.1596	171.572	1.645621	1.108154
5940	-48.8732	-221.1463	172.2731	0.4431379	1.51533
5946	-42.12975	-214.5325	172.4028	0.2841464	1.537141
5952	-53.94116	-223.7186	169.7774	1.704596	2.35233
5958	-45.28075	-218.1508	172.87	0.555512	0.9004123
5964	-52.0597	-224.6653	172.6056	0.965165	0.7066603
5970	-40.0839	-211.8391	171.7552	0.6946191	1.708547
5976	-43.10139	-215.3142	172.2128	0.3553666	1.624012
5982	-39.04005	-210.6571	171.617	1.336913	1.332015
5988	-38.4327	-209.7436	171.3109	1.903299	1.111284
5994	-44.11747	-216.0017	171.8842	1.261352	1.17235
6000	-52.39761	-224.9772	172.5796	0.1856172	1.47855
6006	-46.95186	-218.3918	171.4399	1.288328	1.506374
6012	-44.27492	-215.8423	171.5674	0.8141263	1.756581
6018	-49.84768	-222.4483	172.6006	0.2402049	1.420838
6024	-48.02754	-220.916	172.8884	0.3666418	1.073624
6030	-36.92686	-208.9929	172.066	0.9550952	1.277575
6036	-51.62743	-223.2388	171.6114	1.352007	1.32446
6042	-46.35892	-218.2342	171.8753	1.324478	1.124361
6048	-49.85654	-223.0079	173.1514	0.4701025	0.5968812
6054	-59.33262	-231.7332	172.4006	0.9130017	1.017544
6060	-55.72063	-228.2199	172.4993	0.9130017	0.9151807
6066	-48.05468	-219.7623	171.7076	1.06619	1.472094
6072	-58.63479	-230.1765	171.5417	1.068222	1.59371
6078	-69.46126	-241.1427	171.6815	0.3259657	2.01131
6084	-66.30962	-238.1013	171.7917	0.1125746	2.079579
6090	-44.36031	-216.942	172.5817	0.5869713	1.152138
6096	-52.87284	-225.8873	173.0145	0.2039121	1.107472
6102	-44.16585	-216.5187	172.3528	0.06015382	1.734524
6108	-45.84344	-218.9111	173.0676	0.05840462	1.189307
6114	-40.48602	-213.6343	173.1483	0.05840462	1.118096
6120	-37.33691	-210.1062	172.7693	0.1742966	1.34029
6126	-37.56092	-208.6015	171.0406	1.873953	1.363317
6132	-41.10047	-212.7147	171.6143	1.300297	1.363317
6138	-44.7669	-216.2606	171.4937	1.012605	1.668443
6144	-43.65243	-216.0541	172.4017	0.6980391	1.21187
6150	-48.48081	-220.7033	172.2225	0.1863059	1.737438
6156	-45.68025	-217.7122	172.0319	0.700556	1.503207
6162	-43.51517	-215.1205	171.6053	0.6611626	1.836256
6168	-48.69353	-221.4883	172.7947	0.2234846	1.279947
6174	-50.93698	-223.1767	172.2398	0.7010564	1.342498
6180	-41.367	-213.7873	172.4203	0.5204832	1.342498
6186	-39.69249	-210.9106	171.2181	1.677054	1.378569
6192	-42.17232	-214.7522	172.5799	0.1922047	1.473363
6198	-43.27411	-216.0007	172.7266	0.5458833	1.05723
6204	-41.82876	-213.9765	172.1477	0.5451617	1.532707
6210	-53.19425	-222.406	169.2117	1.946643	2.555596
6216	-52.35791	-223.9403	171.5824	1.558093	1.176784
6222	-64.17821	-236.6455	172.4673	0.8189677	1.044097
6228	-54.13108	-225.1727	171.0416	1.809888	1.412642
6234	-48.1933	-218.969	170.7757	1.936778	1.518161
6240	-41.93615	-214.6123	172.6761	0.03632465	1.518161
6246	-42.55795	-214.8763	172.3184	0.1192692	1.717156
6252	-46.59286	-218.7974	172.2046	0.2864608	1.679317
6258	-40.86181	-213.6839	172.8221	0.08195673	1.371616
6264	-56.90424	-229.3277	172.4234	0.8648088	1.042172
6270	-61.87651	-233.6702	171.7937	0.730788	1.655451
6276	-41.5791	-213.7967	172.2176	0.9229851	1.176673
6282	-40.64113	-212.823	172.1819	0.762278	1.339813
6288	-38.75726	-210.9185	172.1612	1.109327	1.059047
6294	-36.48727	-209.3366	172.8494	0.421185	1.059047
6300	-42.3501	-213.0535	170.7034	1.630207	1.789892
6306	-41.71138	-213.4977	171.7863	1.571706	0.972886
6312	-48.14136	-216.8305	168.6891	2.475386	2.551799
6318	-50.66618	-221.2638	170.5976	0.5668611	2.551799
6324	-51.06679	-222.9751	171.9083	1.163855	1.235162
6330	-41.1859	-213.3767	172.1908	0.881354	1.235162
6336	-49.26579	-222.1358	172.8701	0.4271239	1.033555
6342	-46.00057	-218.0653	172.0647	0.3767804	1.714442
6348	-45.83903	-218.5383	172.6993	0.334655	1.267
6354	-45.83015	-218.1173	172.2872	0.7467574	1.267
6360	-28.34951	-200.8489	172.4994	0.07012655	1.62302
6366	-30.91612	-203.7265	172.8103	0.2896829	1.211603
6372	-34.79553	-207.2455	172.4499	0.6725304	1.192375
6378	-33.6783	-204.9671	171.2888	1.418403	1.522071
6384	-38.97116	-210.6809	171.7097	0.9889914	1.528375
6390	-42.05972	-212.8025	170.7428	1.828493	1.621731
6396	-55.46876	-227.2187	171.7499	0.5801864	1.792347
6402	-39.36541	-211.1921	171.8267	1.652339	0.8374204
6408	-45.30486	-217.1854	171.8806	0.2063277	1.958218
6414	-39.2175	-211.5055	172.288	0.5533894	1.420462
6420	-37.03241	-209.6975	172.6651	0.5533894	1.10742
6426	-39.93113	-211.9382	172.0071	0.8133102	1.436588
6432	-38.00716	-210.4752	172.4681	1.103102	0.70594
6438	-48.91767	-220.506	171.5883	0.9117799	1.672861
6444	-41.77418	-214.4606	172.6864	0.160525	1.416174
6450	-57.3901	-229.3507	171.9606	0.8863212	1.416174
6456	-52.49871	-224.2224	171.7237	0.838943	1.627978
6462	-47.75471	-219.4784	171.7237	0.838943	1.627978
6468	-47.82511	-219.9129	172.0878	1.22244	1.020857
6474	-48.56435	-220.9491	172.3847	0.7335321	1.195993
6480	-46.04537	-218.5562	172.5108	0.4013889	1.365162
6486	-39.84174	-212.0246	172.1828	1.026988	1.115278
6492	-47.86231	-218.6764	170.8141	1.147479	2.041773
6498	-52.44462	-224.5075	172.0629	0.05418372	1.937909
6504	-62.04106	-233.3807	171.3396	0.6581676	2.017731
6510	-61.00525	-232.6985	171.6932	1.190686	1.387401
6516	-57.81895	-229.3568	171.5379	1.190686	1.506149
6522	-51.93458	-223.7888	171.8542	1.190686	1.25795
6528	-55.57946	-227.2297	171.6502	1.483707	1.182474
6534	-50.30533	-221.9372	171.6319	1.080751	1.518045
6540	-58.76771	-231.1729	172.4052	1.100184	0.8036273
6546	-59.75428	-232.0365	172.2822	1.22323	0.8036273
6552	-67.19104	-239.9253	172.7343	0.5799427	1.016908
6558	-57.878	-227.8104	169.9324	2.253064	1.891631
6564	-63.42138	-233.5544	170.133	1.913477	1.985284
6570	-50.61177	-223.0097	172.398	0.6898233	1.221982
6576	-41.46373	-214.3275	172.8638	0.1598287	1.275489
6582	-45.95076	-218.564	172.6133	0.8224416	0.8888998
6588	-47.30765	-220.0381	172.7304	0.3927546	1.191761
6594	-42.56403	-213.0293	170.4653	2.034298	1.673248
6600	-46.30044	-218.2395	171.939	0.5605283	1.673248
6606	-45.9461	-218.156	172.2099	0.7163218	1.354091
6612	-45.66239	-217.3364	171.674	0.2473845	2.068311
6618	-47.71367	-220.1585	172.4448	0.3227062	1.476849
6624	-45.2747	-217.3018	172.0271	0.9786364	1.290159
6630	-57.00369	-228.5388	171.5351	1.696824	1.095063
6636	-56.1492	-227.0824	170.9332	1.997608	1.350441
6642	-52.32288	-224.5404	172.2175	0.8400742	1.247365
6648	-45.09566	-216.569	171.4734	1.511045	1.307503
6654	-43.24879	-213.058	169.8092	2.286299	1.9524
6660	-39.00251	-210.8758	171.8733	0.7925501	1.552711
6666	-43.26462	-215.8354	172.5708	0.3268583	1.376662
6672	-55.96206	-226.9985	171.0364	1.207013	1.852074
6678	-49.10248	-221.3611	172.2586	0.4305474	1.535489
6684	-53.76923	-226.5496	172.7804	0.663609	0.8794036
6690	-58.43364	-231.1526	172.719	0.2008931	1.359107
6696	-48.50042	-221.1772	172.6768	0.3703775	1.256031
6702	-54.42115	-227.305	172.8839	0.1877147	1.235655
6708	-38.5615	-210.2733	171.7118	0.5132584	1.864629
6714	-43.11633	-214.9365	171.8202	0.7699431	1.60811
6720	-56.43292	-228.174	171.741	1.241232	1.309223
6726	-51.18651	-221.5274	170.3409	2.052413	1.748335
6732	-42.18629	-214.0685	171.8822	1.079027	1.326153
6738	-37.74693	-208.3467	170.5998	2.118127	1.514077
6744	-39.04002	-211.1366	172.0966	0.8305736	1.353334
6750	-33.74405	-205.856	172.1119	1.181257	1.037405
6756	-39.68211	-212.056	172.3739	0.5071417	1.389646
6762	-39.05659	-211.3853	172.3287	1.110284	0.8851891
6768	-41.5155	-213.7039	172.1884	0.8795908	1.238679
6774	-37.91474	-209.8136	171.8988	0.3722155	1.833128
6780	-42.77986	-214.3687	171.5888	1.951234	0.7552931
6786	-37.4756	-209.2478	171.7722	0.574938	1.780537
6792	-44.09836	-215.5302	171.4319	1.722809	1.164389
6798	-52.88262	-224.7458	171.8631	1.269491	1.183619
6804	-37.88001	-210.6546	172.7746	0.3580444	1.183619
6810	-40.08009	-212.361	172.2809	0.6053668	1.385529
6816	-41.56669	-214.1803	172.6136	0.2278177	1.420378
6822	-32.95653	-205.5439	172.5874	0.2165018	1.449228
6828	-34.51251	-206.3877	171.8752	0.4513361	1.794819
6834	-42.45687	-213.2224	170.7655	0.7011544	2.362069
6840	-42.94037	-214.9773	172.0369	0.8333888	1.398026
6846	-39.24079	-211.9507	172.7099	0.4888325	1.125318
6852	-50.45904	-223.007	172.548	0.793068	0.990195
6858	-44.31119	-216.326	172.0149	0.793068	1.446121
6864	-30.03126	-202.9706	172.9394	0.2440397	1.139035
6870	-60.73848	-232.1421	171.4036	1.779813	1.139035
6876	-48.51371	-219.7289	171.2152	1.779813	1.298887
6882	-44.82693	-217.0212	172.1943	0.2477125	1.714058
6888	-41.84467	-213.6101	171.7655	1.375721	1.176186
6894	-45.67168	-216.2774	170.6057	1.961487	1.624678
6900	-44.90004	-213.9735	169.0735	2.444186	2.32966
6906	-48.53999	-218.2776	169.7376	1.780035	2.32966
6912	-47.86398	-217.3848	169.5208	1.780035	2.466624
6918	-54.48437	-223.7349	169.2505	2.050362	2.466624
6924	-61.59874	-232.7874	171.1886	0.8049962	2.020505
6930	-75.18662	-247.2561	172.0695	0.4227523	1.678471
6936	-75.74711	-247.2591	171.512	0.6912842	1.879509
6942	-59.24894	-230.6856	171.4367	0.8843184	1.798649
6948	-60.49306	-231.8771	171.3841	1.326765	1.519367
6954	-57.35487	-228.5121	171.1573	0.718042	2.098622
6960	-53.61989	-224.0753	170.4554	2.446546	1.373229
6966	-47.81661	-220.5204	172.7038	0.3153271	1.279174
6972	-39.85129	-212.6201	172.7688	0.1231148	1.381107
6978	-42.22939	-214.9303	172.7009	0.3463172	1.256026
6984	-52.59846	-223.9331	171.3347	1.71253	1.256026
6990	-44.80803	-216.926	172.1179	0.9335596	1.252435
6996	-57.51073	-229.1261	171.6154	1.894421	0.7977775
7002	-47.38856	-220.2997	172.9111	0.3301578	1.086479
7008	-42.54735	-215.0852	172.5378	0.6018963	1.177456
7014	-51.93484	-223.1382	171.2034	1.919226	1.192269
7020	-40.35994	-212.5055	172.1455	1.098485	1.08395
7026	-50.66854	-222.2679	171.5993	0.3406486	2.056042
7032	-52.39631	-224.4997	172.1034	0.03237726	1.925321
7038	-49.62466	-222.55	172.9254	0.05788035	1.308436
7044	-46.18798	-217.615	171.4271	1.286414	1.517402
7050	-51.97442	-224.1274	172.153	0.2778357	1.721977
7056	-42.55286	-215.1748	172.6219	0.3589416	1.310352
7062	-41.79406	-213.8285	172.0345	0.5154643	1.637154
7068	-37.03091	-209.5914	172.5605	0.7956479	0.97478
7074	-44.14674	-216.9285	172.7818	0.5457709	1.003754
7080	-44.17172	-216.0647	171.8929	0.595898	1.680882
7086	-42.60162	-214.7452	172.1436	1.127705	1.058383
7092	-41.71869	-214.2324	172.5137	0.4933625	1.289053
7098	-42.49836	-214.901	172.4026	0.1157309	1.65984
7104	-42.89876	-214.2648	171.3661	1.285354	1.563355
7110	-41.15327	-213.6921	172.5388	0.5329033	1.235556
7116	-51.54195	-223.6928	172.1508	1.147116	1.0328
7122	-53.93655	-224.678	170.7414	1.686919	1.723691
7128	-51.43063	-223.2278	171.7971	0.7734761	1.622247
7134	-44.45981	-216.7238	172.264	0.7163854	1.310759
7140	-42.45953	-214.6388	172.1793	0.8010564	1.310759
7146	-50.80249	-223.1763	172.3738	1.00788	0.9481945
7152	-50.12515	-220.4843	170.3591	2.09406	1.706178
7158	-40.72354	-213.4555	172.7319	0.5983241	1.001031
7164	-59.5116	-230.9748	171.4632	0.6024917	1.972439
7170	-59.23402	-230.9372	171.7031	1.300878	1.291563
7176	-45.5021	-218.2504	172.7483	0.1691304	1.361092
7182	-48.96234	-221.3728	172.4105	0.3420147	1.488164
7188	-47.59595	-219.5682	171.9723	1.198042	1.150659
7194	-43.70933	-215.4327	171.7234	0.7187856	1.713952
7200	-48.9666	-220.7361	171.7694	0.7214415	1.679421
7206	-43.86022	-216.5037	172.6434	0.6411544	1.045685
7212	-46.07417	-218.6021	172.528	0.8810303	0.9188072
7218	-52.73104	-224.2542	171.5232	1.277689	1.451508
7224	-56.7499	-228.8683	172.1184	0.7676433	1.385733
7230	-54.68409	-226.8331	172.149	1.008521	1.161889
7236	-49.67029	-221.1035	171.4332	1.373674	1.446897
7242	-42.94135	-214.2121	171.2707	1.536185	1.446897
7248	-49.43824	-221.0302	171.592	1.404722	1.297506
7254	-59.53891	-231.2662	171.7273	1.035687	1.480281
7260	-54.75676	-226.8449	172.0882	1.010556	1.212697
7266	-42.77414	-214.3265	171.5524	1.282667	1.425317
7272	-50.41294	-221.6305	171.2175	1.639655	1.40821
7278	-59.01194	-229.4474	170.4354	1.049819	2.350288
7284	-53.24962	-222.2916	169.0419	2.48262	2.325282
7290	-51.7667	-219.8843	168.1176	2.550719	2.856241
7296	-61.06195	-227.6727	166.6107	2.550719	3.745149
7302	-53.02258	-225.5097	172.4871	0.3759651	1.403636
7308	-45.17632	-217.9276	172.7513	0.1118228	1.403636
7314	-43.45878	-215.8055	172.3467	0.1054779	1.706902
7320	-50.69518	-223.6535	172.9583	0.2579011	1.109499
7326	-39.08361	-211.9756	172.892	0.03534135	1.353197
7332	-50.09058	-222.9288	172.8383	0.1080206	1.33814
7338	-38.96214	-209.587	170.6248	2.306624	1.349959
7344	-38.48431	-210.7017	172.2174	0.3108434	1.652721
7350	-48.20329	-220.0596	171.8563	0.4173643	1.831324
7356	-42.66976	-215.4047	172.7349	0.5629114	1.032894
7362	-41.97177	-215.035	173.0633	0.1310503	1.129252
7368	-37.0066	-209.7633	172.7567	0.6223415	0.9509523
7374	-42.56146	-215.6499	173.0884	0.1593279	1.080475
7380	-43.72376	-214.8846	171.1608	1.955459	1.197727
7386	-40.09095	-212.7692	172.6783	0.438681	1.197135
7392	-43.81031	-215.1884	171.3781	1.948593	1.004599
7398	-40.5023	-213.1622	172.6599	0.2537551	1.364071
7404	-45.13803	-216.7656	171.6276	0.513571	1.921653
7410	-43.32282	-215.4394	172.1165	0.4155167	1.650008
7416	-40.5764	-211.9026	171.3262	1.797193	1.191546
7422	-49.57375	-221.7019	172.1281	0.9952956	1.191546
7428	-48.44371	-219.7802	171.3365	1.182217	1.659592
7434	-43.36304	-215.8581	172.4951	1.083135	0.6936153
7440	-50.43009	-220.4871	170.057	1.919088	2.032132
7446	-48.27451	-219.8	171.5255	1.530178	1.248955
7452	-49.11698	-221.6369	172.5199	0.6222744	1.175297
7458	-53.52874	-226.4201	172.8914	0.2508177	1.175297
7464	-53.1842	-224.9193	171.7351	0.7739957	1.666466
7470	-45.83488	-217.1137	171.2788	1.266092	1.640768
7476	-59.94016	-232.397	172.4569	1.045809	0.8072408
7482	-64.18877	-235.5974	171.4087	1.331991	1.497076
7488	-56.28809	-228.8599	172.5718	0.1688472	1.497076
7494	-57.92699	-230.297	172.37	0.2749295	1.568112
7500	-52.87825	-225.2714	172.3932	0.3386952	1.503639
7506	-59.89415	-232.5313	172.6372	0.6515801	1.041663
7512	-58.25755	-230.6364	172.3789	0.1883679	1.624675
7518	-45.54976	-217.7214	172.1716	0.3956451	1.624675
7524	-45.82189	-218.2659	172.4441	0.8880586	0.9991696
7530	-36.72903	-208.8652	172.1361	1.327434	0.8562859
7536	-43.2877	-213.783	170.4953	1.684085	1.895755
7542	-37.51713	-209.4751	171.958	0.2739724	1.859911
7548	-31.29848	-204.4091	173.1107	0.3069857	0.9092502
7554	-43.19543	-215.5965	172.4011	0.2256743	1.581442
7560	-47.2362	-218.6293	171.3931	0.8164241	1.875268
7566	-49.29274	-220.6356	171.3428	1.354324	1.529552
7572	-44.38698	-216.4142	172.0272	0.3303988	1.773265
7578	-45.91393	-218.2079	172.294	0.5673271	1.405026
7584	-43.57941	-214.4114	170.832	1.904169	1.50043
7590	-52.77454	-225.657	172.8825	0.2362077	1.195628
7596	-40.16459	-212.6997	172.5351	0.7664703	1.029289
7602	-41.96219	-213.7956	171.8334	0.721962	1.633271
7608	-53.84103	-224.1419	170.3008	2.240889	1.643069
7614	-55.52714	-227.3448	171.8177	0.9608081	1.468534
7620	-44.16463	-216.4826	172.318	0.6667947	1.307175
7626	-40.44726	-211.5177	171.0704	1.46991	1.644045
7632	-44.62227	-217.098	172.4757	0.2370707	1.517927
7638	-52.12504	-222.4622	170.3372	1.79238	1.929502
7644	-52.46533	-224.5134	172.0481	1.170234	1.107581
7650	-43.37845	-216.668	173.2896	0.09758838	0.9423825
7656	-51.71921	-223.4588	171.7396	1.301429	1.261165
7662	-54.4145	-226.4227	172.0082	0.7895924	1.453887
7668	-47.94494	-220.0519	172.107	0.4022406	1.666352
7674	-55.30303	-226.741	171.4379	0.7151619	1.913576
7680	-46.92343	-218.6242	171.7008	1.039124	1.497631
7686	-43.98706	-216.7881	172.801	0.3784501	1.142508
7692	-41.84622	-213.5355	171.6892	0.897851	1.610302
7698	-47.96762	-220.2066	172.2389	0.6617982	1.374208
7704	-46.0277	-218.8523	172.8246	0.5918819	0.9105298
7710	-56.7663	-228.3442	171.5779	0.2684228	2.1176
7716	-46.31878	-218.0583	171.7395	1.33175	1.235921
7722	-45.15658	-217.1148	171.9583	1.257005	1.11035
7728	-49.64247	-222.0974	172.455	0.3433987	1.453423
7734	-43.16726	-215.7829	172.6157	0.2676468	1.387854
7740	-38.47123	-210.4154	171.9441	0.7268493	1.548939
7746	-44.50028	-216.3141	171.8138	1.075681	1.38305
7752	-50.03634	-222.3123	172.2759	0.9736217	1.078789
7758	-46.98014	-219.9004	172.9202	0.09065013	1.285938
7764	-50.04956	-222.5298	172.4803	0.0503762	1.651019
7770	-46.29377	-218.5696	172.2759	0.1871926	1.699197
7776	-38.34419	-210.7556	172.4114	0.486126	1.37676
7782	-40.31727	-212.0574	171.7402	1.478664	1.107111
7788	-30.72729	-203.4896	172.7623	0.2242581	1.305752
7794	-39.0118	-212.1624	173.1506	0.3638881	0.7914728
7800	-35.95979	-208.5127	172.5529	0.7355846	1.041914
7806	-54.54554	-225.1083	170.5627	1.881054	1.712816
7812	-47.52881	-218.0348	170.506	1.881054	1.752707
7818	-43.51887	-216.1306	172.6117	0.4920199	1.208423
7824	-48.11223	-220.0447	171.9324	0.4586917	1.74983
7830	-49.26984	-221.3109	172.0411	0.6061466	1.566417
7836	-48.19498	-220.7336	172.5386	0.1086133	1.566417
7842	-43.91259	-216.3757	172.4631	0.5265153	1.303284
7848	-51.32638	-223.6017	172.2753	0.7770132	1.251769
7854	-44.96616	-217.4775	172.5113	0.5409748	1.251769
7860	-38.45132	-210.7206	172.2692	0.9438166	1.11236
7866	-37.22066	-209.2099	171.9892	0.9629734	1.333434
7872	-36.5112	-205.9092	169.398	2.269142	2.23393
7878	-40.19784	-212.3117	172.1139	1.028451	1.175176
7884	-47.64751	-219.3741	171.7266	1.312314	1.262906
7890	-45.11155	-217.4122	172.3007	0.04556248	1.781155
7896	-55.07696	-227.2072	172.1302	0.216011	1.781155
7902	-48.15519	-221.0413	172.8861	0.5489454	0.8896237
7908	-48.84543	-221.1328	172.2873	0.6103742	1.376601
7914	-55.66355	-227.3793	171.7157	0.6103742	1.795135
7920	-50.22822	-222.7528	172.5245	0.02702774	1.635983
7926	-45.71081	-218.2568	172.546	0.005603274	1.635983
7932	-39.6896	-212.4451	172.7555	0.08411942	1.421767
7938	-43.38629	-216.3365	172.9502	0.239008	1.133869
7944	-57.31993	-228.4751	171.1551	0.1794389	2.445476
7950	-46.37976	-218.5938	172.214	0.6442366	1.407385
7956	-50.10799	-221.9381	171.8301	1.259703	1.220306
7962	-45.77354	-217.6922	171.9186	1.171128	1.220306
7968	-59.03586	-231.6771	172.6412	0.5914484	1.094399
7974	-60.80115	-232.9779	172.1768	0.3406035	1.660501
7980	-62.53213	-235.7175	173.1853	0.04342876	1.098016
7986	-65.67461	-238.5402	172.8656	0.006999456	1.39621
7992	-47.11029	-219.6119	172.5016	0.04302397	1.640959
7998	-41.10306	-213.7657	172.6627	0.1501945	1.442358
8004	-40.43956	-211.3378	170.8983	1.982886	1.389556
8010	-51.3645	-223.6109	172.2464	0.7534651	1.294958
8016	-50.62348	-222.9595	172.336	0.9315754	1.061877
8022	-43.45573	-215.9	172.4443	0.8726768	1.014208
8028	-50.06857	-222.15	172.0814	0.5436446	1.582642
8034	-52.6318	-224.975	172.3432	0.7757479	1.195455
8040	-46.90888	-219.6866	172.7777	0.284836	1.243252
8046	-48.02198	-219.0462	171.0242	1.674096	1.528697
8052	-46.41724	-218.8078	172.3906	1.181359	0.7045819
8058	-48.50087	-220.8919	172.391	1.098153	0.8246576
8064	-45.47239	-217.4936	172.0212	1.124516	1.172239
8070	-62.32871	-235.1486	172.8199	0.5492566	0.9613658
8076	-44.29659	-216.2211	171.9245	1.47495	0.929154
8082	-46.18639	-217.6868	171.5004	1.266885	1.477032
8088	-45.43977	-217.7853	172.3456	0.6848156	1.269931
8094	-43.82926	-216.455	172.6258	0.8860175	0.795106
8100	-44.42506	-217.234	172.809	0.5579566	0.9636753
8106	-42.95458	-216.0187	173.0641	0.0217832	1.223565
8112	-39.83859	-212.4636	172.625	0.1193517	1.494286
8118	-47.72391	-219.4542	171.7303	1.236267	1.321866
8124	-51.30906	-223.4097	172.1007	0.9320043	1.268038
8130	-50.73927	-222.975	172.2357	1.022423	1.070723
8136	-61.68477	-233.9089	172.2241	0.4698586	1.531909
8142	-59.40303	-231.7834	172.3804	0.7812314	1.158342
8148	-51.14026	-223.7786	172.6384	0.4178152	1.248524
8154	-42.81201	-215.1866	172.3746	0.4109553	1.463161
8160	-45.31728	-218.0052	172.6879	0.4451404	1.183261
8166	-50.4125	-222.1126	171.7001	1.335939	1.26525
8172	-50.11976	-222.3556	172.2359	0.8001825	1.26525
8178	-59.05438	-231.2524	172.198	0.08286563	1.826389
8184	-41.29925	-214.3754	173.0761	0.2135432	1.040801
8190	-33.92723	-205.6852	171.758	1.253093	1.285761
8196	-42.10055	-213.7872	171.6866	1.13703	1.434076
8202	-34.81629	-205.9517	171.1354	1.593025	1.506238
8208	-33.89883	-206.0397	172.1409	0.5875315	1.506238
8214	-31.89053	-205.0342	173.1437	0.1168914	1.068497
8220	-33.82723	-206.0392	172.2119	0.6017238	1.441737
8226	-37.41471	-210.1233	172.7086	0.6017238	1.020781
8232	-32.87788	-204.8073	171.9294	1.612519	0.7525264
8238	-42.51255	-213.9865	171.474	1.612519	1.223073
8244	-43.76923	-215.4662	171.6969	1.612519	1.0216
8250	-50.52976	-222.7838	172.2541	1.055396	1.0216
8256	-54.63991	-226.803	172.1631	0.8196109	1.308904
8262	-51.06292	-222.3459	171.283	1.771475	1.249986
8268	-54.7491	-226.0111	171.262	1.068967	1.791779
8274	-57.7626	-224.8467	167.0841	2.28785	3.623362
8280	-58.30896	-226.8233	168.5143	2.385867	2.714941
8286	-65.97273	-234.487	168.5143	2.385867	2.714941
8292	-60.67624	-231.3279	170.6517	1.306239	2.044185
8298	-54.32329	-225.9643	171.641	1.384451	1.273975
8304	-49.22728	-220.9157	171.6884	1.337028	1.273975
8310	-50.54189	-222.6498	172.1079	0.9175441	1.273975
8316	-54.43638	-223.4446	169.0082	2.204483	2.521795
8322	-52.72141	-222.6275	169.9061	1.446617	2.434061
8328	-48.82241	-219.2614	170.439	1.817837	1.8429
8334	-54.11017	-226.3103	172.2001	0.9762982	1.145271
8340	-64.06846	-236.2948	172.2263	0.9762982	1.121804
8346	-45.15688	-217.2167	172.0598	0.7452064	1.448341
8352	-47.48704	-219.1813	171.6942	1.253493	1.336982
8358	-40.12952	-211.6002	171.4706	1.103206	1.619898
8364	-46.97417	-219.116	172.1418	1.186468	1.002962
8370	-43.64374	-215.662	172.0183	1.186468	1.119856
8376	-35.70076	-208.5328	172.832	0.6497741	0.8339756
8382	-43.43029	-214.2254	170.7952	1.572719	1.76609
8388	-38.14978	-210.0047	171.855	1.391225	1.081924
8394	-45.00677	-217.5213	172.5146	0.3535092	1.39975
8400	-54.29979	-226.5373	172.2375	0.225527	1.699235
8406	-38.46794	-211.5507	173.0827	0.03287287	1.198283
8412	-41.45525	-214.3312	172.8759	0.5588206	0.8900108
8418	-50.3494	-222.1727	171.8233	1.34584	1.151666
8424	-41.97255	-214.3008	172.3283	0.9494	1.052306
8430	-42.7173	-215.0098	172.2925	1.053096	0.9855579
8436	-44.79774	-217.2532	172.4555	0.1161018	1.621529
8442	-47.79144	-220.1759	172.3844	0.03071033	1.73299
8448	-46.22947	-218.4367	172.2072	0.3063863	1.663201
8454	-40.57025	-211.9654	171.3951	1.288916	1.539284
8460	-55.84915	-227.7878	171.9387	0.7499474	1.535877
8466	-54.95483	-225.1988	170.244	1.793382	1.991382
8472	-52.7139	-223.7103	170.9964	1.793382	1.459963
8478	-50.38051	-222.6069	172.2264	0.6412881	1.400067
8484	-51.39037	-223.8693	172.479	0.1000501	1.616158
8490	-43.51316	-216.2928	172.7797	0.1480356	1.352924
8496	-50.93474	-223.1433	172.2086	1.20325	0.9157114
8502	-49.83933	-221.8309	171.9915	1.20325	1.128835
8508	-45.27659	-217.365	172.0884	0.4652858	1.63446
8514	-41.10119	-213.8591	172.7579	0.108509	1.401011
8520	-51.12582	-223.2324	172.1066	0.1235883	1.861136
8526	-58.02276	-229.1251	171.1024	1.127827	1.861136
8532	-51.08156	-221.8937	170.8122	1.687636	1.673075
8538	-43.93193	-216.2892	172.3572	0.02514266	1.755955
8544	-41.66446	-212.8909	171.2264	1.675559	1.373235
8550	-42.91494	-214.0399	171.1249	1.696929	1.435454
8556	-36.69755	-207.8299	171.1324	1.636585	1.475721
8562	-43.86743	-215.405	171.5376	1.397869	1.346772
8568	-44.08885	-216.2071	172.1183	1.378492	0.8149361
8574	-46.44913	-218.4469	171.9978	0.8622448	1.406026
8580	-42.75641	-215.3393	172.5829	0.2771415	1.406026
8586	-43.80667	-216.4191	172.6124	0.5310533	1.17421
8592	-50.36483	-222.6143	172.2494	0.6546767	1.371558
8598	-47.09236	-218.327	171.2347	1.710716	1.338861
8604	-47.02389	-219.6806	172.6567	0.09460993	1.489024
8610	-42.72447	-215.5803	172.8558	0.1209965	1.31363
8616	-46.90586	-219.8127	172.9069	0.06993646	1.31363
8622	-44.13201	-216.5639	172.4319	0.2064977	1.572905
8628	-48.20118	-220.4395	172.2383	0.1122867	1.778135
8634	-49.71844	-221.9378	172.2194	0.2076564	1.72465
8640	-43.12191	-215.3886	172.2667	0.8872581	1.165051
8646	-47.3651	-219.4517	172.0866	0.8872581	1.316021
8652	-58.69894	-230.8611	172.1622	0.8707143	1.267859
8658	-48.9943	-220.3259	171.3316	1.398607	1.5049
8664	-44.28527	-216.3637	172.0784	0.7907844	1.398865
8670	-50.76997	-222.4178	171.6478	0.5946823	1.85271
8676	-43.761	-215.0516	171.2906	1.972783	1.065868
8682	-44.71216	-216.6895	171.9774	0.3778073	1.774946
8688	-49.46991	-219.6401	170.1702	2.514796	1.53858
8694	-31.3362	-204.0422	172.7061	0.3805663	1.222977
8700	-45.76239	-216.9924	171.23	1.041045	1.833153
8706	-42.64471	-213.7831	171.1384	1.607521	1.493123
8712	-40.24059	-212.473	172.2324	0.6083196	1.420956
8718	-56.57888	-228.3449	171.766	1.411423	1.144353
8724	-59.69823	-231.3406	171.6424	1.264525	1.369344
8730	-56.85986	-228.9669	172.107	0.8517977	1.328099
8736	-58.21361	-230.0514	171.8378	0.3702738	1.87626
8742	-52.07452	-224.5026	172.4281	0.1946955	1.584351
8748	-51.58869	-224.1542	172.5655	0.3790131	1.33955
8754	-56.53251	-228.8547	172.3222	0.6222918	1.33955
8760	-54.75848	-227.7207	172.9622	0.2726057	1.092436
8766	-59.44045	-231.1443	171.7039	0.528962	1.859324
8772	-52.65716	-225.0431	172.386	0.5806111	1.321872
8778	-57.6965	-229.38	171.6835	1.42205	1.206865
8784	-51.0707	-222.9258	171.8551	0.7538808	1.594429
8790	-50.13193	-222.3947	172.2628	0.414211	1.544475
8796	-48.67568	-221.3579	172.6822	0.3448374	1.272657
8802	-54.04696	-226.261	172.2141	0.6852665	1.375325
8808	-54.8776	-227.12	172.2424	1.026401	1.060665
8814	-54.78103	-226.8952	172.1141	1.102303	1.109283
8820	-45.12236	-217.4238	172.3014	0.8856555	1.135772
8826	-52.9737	-224.7931	171.8194	0.5586336	1.758996
8832	-59.33928	-232.0404	172.7011	0.5955082	1.034091
8838	-48.81572	-221.1961	172.3803	0.1724412	1.635107
8844	-41.67284	-213.9466	172.2738	0.2789883	1.635107
8850	-44.04895	-215.2684	171.2195	1.912413	1.184239
8856	-44.52989	-216.7842	172.2544	1.141661	0.9329029
8862	-40.48989	-212.2373	171.7475	1.624235	0.9587103
8868	-39.36086	-211.7733	172.4124	0.3758735	1.461072
8874	-39.70968	-212.5761	172.8664	0.2006038	1.239493
8880	-41.35185	-212.4462	171.0944	0.8137547	2.077049
8886	-37.17343	-210.1521	172.9787	0.202517	1.141003
8892	-36.68384	-207.7541	171.0702	1.359016	1.723077
8898	-42.16898	-215.0398	172.8708	0.2098525	1.228011
8904	-43.86748	-214.3067	170.4392	1.238549	2.227091
8910	-32.5705	-205.0942	172.5237	0.9989728	0.7801702
8916	-36.2505	-208.4487	172.1982	1.167984	0.9644515
8922	-42.99971	-214.5426	171.5429	1.923091	0.8533609
8928	-39.00331	-211.0911	172.0878	1.028055	1.198071
8934	-45.42869	-217.9607	172.532	0.2794927	1.443366
8940	-42.50166	-215.1708	172.6692	0.7885102	0.8633199
8946	-48.94519	-220.3884	171.4432	1.476174	1.359518
8952	-47.42774	-219.0978	171.6701	1.452362	1.192431
8958	-50.07981	-220.9584	170.8786	1.452362	1.791789
8964	-56.82283	-228.5256	171.7027	1.452362	1.164034
8970	-51.97931	-224.2848	172.3055	0.5836481	1.383312
8976	-51.54255	-224.1234	172.5809	0.5164999	1.213834
8982	-61.76213	-234.1093	172.3472	0.7482663	1.215515
8988	-63.85967	-234.3023	170.4427	1.469332	2.074504
8994	-70.28879	-239.6514	169.3626	1.999625	2.428056
9000	-57.57686	-228.9504	171.3735	1.447899	1.435794
9006	-49.90666	-220.7938	170.8871	1.447899	1.788956
9012	-43.20029	-215.9248	172.7245	0.3304746	1.24957
9018	-35.71811	-207.3908	171.6727	1.551422	1.102295
9024	-42.86807	-214.4925	171.6244	1.315447	1.343233
9030	-51.6953	-223.8896	172.1943	0.4971295	1.533796
9036	-48.67478	-219.904	171.2292	1.829087	1.246803
9042	-43.00749	-214.4696	171.4621	1.643148	1.207158
9048	-42.75154	-214.6185	171.867	1.238283	1.207158
9054	-45.2875	-218.0952	172.8077	0.3530926	1.159074
9060	-42.32032	-214.0369	171.7166	1.493295	1.115261
9066	-51.56769	-224.2035	172.6358	0.1978433	1.426416
9072	-51.85607	-221.5651	169.7091	2.167753	2.097645
9078	-49.78004	-222.3621	172.582	0.1283289	1.519716
9084	-49.7686	-221.6394	171.8708	0.4343486	1.80963
9090	-59.25699	-231.0311	171.7741	0.524828	1.81391
9096	-53.17903	-225.2612	172.0822	0.5512863	1.576506
9102	-53.70707	-223.526	169.8189	2.340567	1.909255
9108	-60.53721	-229.1859	168.6487	2.291985	2.690088
9114	-44.19206	-214.7815	170.5894	1.524131	1.940296
9120	-41.72565	-212.7603	171.0346	2.023935	1.246566
9126	-41.36049	-213.4342	172.0737	0.893005	1.321773
9132	-44.31872	-216.9944	172.6756	0.8701574	0.746681
9138	-45.74067	-217.99	172.2493	0.8701574	1.194934
9144	-38.05267	-209.9479	171.8953	1.224233	1.194934
9150	-36.00023	-207.761	171.7608	1.224233	1.306979
9156	-42.43823	-214.224	171.7858	1.603893	0.9397069
9162	-45.36921	-216.934	171.5648	1.603893	1.152098
9168	-51.62805	-224.0849	172.4569	0.479794	1.345797
9174	-44.65581	-217.2351	172.5793	0.4605748	1.262124
9180	-34.92567	-206.4774	171.5517	1.500008	1.252277
9186	-37.71746	-210.1938	172.4764	0.4127568	1.383337
9192	-33.85214	-206.1426	172.2904	0.8927161	1.139276
9198	-39.83609	-212.4197	172.5836	0.8927161	0.8408057
9204	-39.04125	-211.7279	172.6866	0.543109	1.097109
9210	-41.42401	-212.8471	171.4231	1.681586	1.20761
9216	-47.68714	-219.8998	172.2127	1.014538	1.099439
9222	-58.80768	-231.6766	172.8689	0.4534662	1.008856
9228	-54.58759	-225.9757	171.3881	1.356189	1.494368
9234	-54.78165	-226.3406	171.5589	1.185329	1.494368
9240	-54.3518	-225.882	171.5302	1.214085	1.494368
9246	-61.36856	-232.8987	171.5302	1.214085	1.494368
9252	-70.90581	-242.2843	171.3785	1.365759	1.494368
9258	-53.39988	-225.5401	172.1403	1.09963	1.087751
9264	-54.35649	-225.9197	171.5632	0.8025708	1.767561
9270	-69.09354	-240.9831	171.8896	0.476195	1.767561
9276	-66.11767	-238.0168	171.8992	0.476195	1.760864
9282	-61.35916	-233.9251	172.566	0.4404282	1.289619
9288	-63.70419	-235.5977	171.8935	0.3444523	1.855841
9294	-53.08284	-224.001	170.9182	1.445594	1.768935
9300	-51.79328	-224.1928	172.3995	0.5412834	1.342548
9306	-52.60308	-224.9386	172.3356	0.6052041	1.342548
9312	-54.99333	-226.0146	171.0213	1.919486	1.342548
9318	-50.23161	-222.0907	171.8591	1.081626	1.342548
9324	-36.82064	-208.4692	171.6485	0.5855778	1.858458
9330	-42.42571	-213.8279	171.4022	0.09933868	2.339921
9336	-33.13488	-205.7587	172.6238	0.002620779	1.581657
9342	-35.34355	-208.2992	172.9556	0.01171657	1.32125
9348	-49.30699	-221.9224	172.6154	0.01462339	1.579023
9354	-49.08478	-222.107	173.0222	0.005509639	1.272101
9360	-54.85129	-227.3682	172.5169	0.463465	1.310733
9366	-44.36571	-216.8769	172.5112	0.4024528	1.364034
9372	-48.48743	-220.1129	171.6255	1.349689	1.314966
9378	-59.93636	-232.2272	172.2908	0.5232639	1.441428
9384	-59.13545	-231.3064	172.171	0.9283264	1.212208
9390	-58.39473	-230.6024	172.2077	1.015515	1.103088
9396	-54.46707	-226.5069	172.0398	0.8580285	1.376502
9402	-53.65269	-226.6619	173.0093	0.5258007	0.7626137
9408	-39.10864	-211.9141	172.8055	0.4433658	1.079422
9414	-46.96912	-219.4108	172.4417	0.3620958	1.449265
9420	-44.57969	-215.9804	171.4007	1.818648	1.106598
9426	-45.3732	-217.4574	172.0842	0.8372407	1.357896
9432	-49.33087	-221.3509	172.02	0.845923	1.401427
9438	-47.65739	-219.4493	171.7919	0.5213372	1.804031
9444	-44.58503	-217.6904	173.1054	0.1655448	1.058719
9450	-39.84504	-210.2672	170.4221	2.165977	1.609572
9456	-41.41816	-213.7705	172.3523	0.481533	1.42622
9462	-50.7634	-222.9645	172.2011	0.532342	1.502486
9468	-53.89476	-225.605	171.7103	1.632018	0.9889215
9474	-42.59126	-213.823	171.2318	1.417999	1.564546
9480	-45.15419	-217.8478	172.6936	0.6247047	1.012931
9486	-42.03534	-214.1134	172.0781	1.136017	1.111388
9492	-43.37019	-215.1461	171.7759	1.438217	1.111388
9498	-45.2105	-217.4734	172.2629	0.3791325	1.570257
9504	-49.98844	-220.5498	170.5613	1.855381	1.731894
9510	-44.79245	-216.8922	172.0998	0.3169476	1.731894
9516	-46.2953	-218.2549	171.9596	0.4570677	1.731894
9522	-49.49508	-221.6711	172.176	1.273458	0.872997
9528	-58.01542	-229.6503	171.6349	1.590577	1.101043
9534	-69.07784	-241.0407	171.9628	0.5339264	1.67525
9540	-69.2532	-239.7941	170.5409	1.925892	1.696565
9546	-56.94437	-228.8538	171.9094	1.194758	1.208085
9552	-61.18269	-233.2547	172.072	0.1014536	1.899768
9558	-51.35852	-224.0919	172.7334	0.02867652	1.480921
9564	-48.23029	-220.7001	172.4698	0.07131042	1.64349
9570	-45.5983	-218.4627	172.8644	0.2244394	1.221085
9576	-51.2418	-223.5866	172.3448	0.7440657	1.221085
9582	-52.95527	-224.7827	171.8275	0.1767628	2.013459
9588	-54.42063	-226.4186	171.998	0.9477215	1.33861
9594	-42.79016	-213.5503	170.7601	2.185585	1.33861
9600	-46.5654	-217.745	171.1796	1.602527	1.465782
9606	-40.51888	-210.2806	169.7617	2.193201	2.046167
9612	-40.80104	-212.7349	171.9338	1.471533	0.9227926
9618	-35.58467	-208.3158	172.7311	0.8173602	0.7425785
9624	-34.98272	-206.6764	171.6937	0.8173602	1.665041
9630	-52.4575	-225.183	172.7255	0.4346028	1.159631
9636	-45.67569	-218.4062	172.7305	0.4346028	1.155267
9642	-36.35269	-208.0344	171.6817	0.9831674	1.553426
9648	-35.901	-208.5895	172.6885	0.01944849	1.521491
9654	-35.15188	-208.1196	172.9678	0.02112197	1.303868
9660	-40.85084	-213.8291	172.9782	0.010662	1.303868
9666	-48.52455	-220.3406	171.816	1.41487	1.096074
9672	-45.44064	-217.6905	172.2499	0.8138081	1.242281
9678	-41.19023	-213.7069	172.5167	0.7637028	1.049713
9684	-54.29295	-226.9028	172.6099	0.6012829	1.114095
9690	-42.45086	-213.8207	171.3698	1.299937	1.549817
9696	-50.56668	-220.1131	169.5464	2.38965	2.05861
9702	-42.83761	-214.4698	171.6322	0.9367961	1.623389
9708	-38.48712	-210.5938	172.1066	0.8195385	1.354128
9714	-41.73563	-214.3091	172.5734	0.2664894	1.421563
9720	-33.59166	-206.1422	172.5505	0.5469379	1.213781
9726	-45.32474	-216.0173	170.6925	1.967769	1.556824
9732	-52.15979	-223.5722	171.4124	1.74646	1.160713
9738	-52.34284	-224.206	171.8632	0.6362726	1.673317
9744	-54.85875	-226.8889	172.0302	0.9629854	1.300391
9750	-52.19652	-224.5605	172.364	0.5664675	1.350728
9756	-51.16741	-223.3492	172.1818	1.039388	1.104937
9762	-46.38729	-218.626	172.2388	1.107567	0.9848464
9768	-46.32282	-218.4644	172.1415	0.6873228	1.430073
9774	-47.07639	-217.4183	170.3419	2.202748	1.640952
9780	-48.88182	-221.0242	172.1423	0.8239211	1.322142
9786	-48.26687	-220.7121	172.4452	0.6747131	1.194548
9792	-47.11016	-219.5355	172.4253	0.6747131	1.2116
9798	-55.56753	-226.4594	170.8919	1.724431	1.589032
9804	-56.23022	-228.9118	172.6815	0.6980927	0.9503855
9810	-51.85262	-223.1534	171.3008	1.488349	1.460438
9816	-50.11294	-221.4729	171.36	1.488349	1.415076
9822	-51.17321	-223.3582	172.185	1.103364	1.042093
9828	-39.20104	-210.024	170.823	1.767842	1.607585
9834	-38.72468	-209.0499	170.3252	2.309274	1.575757
9840	-41.22941	-213.2473	172.0179	0.6166249	1.575757
9846	-43.09723	-215.3669	172.2697	0.7065607	1.314063
9852	-33.33801	-206.6356	173.2976	0.1201539	0.9091373
9858	-28.47854	-201.5065	173.0279	0.09441895	1.192506
9864	-26.59285	-199.2827	172.6898	0.7171013	0.9210464
9870	-25.0809	-198.0632	172.9823	0.08524254	1.239023
9876	-29.08232	-201.7934	172.7111	0.3564941	1.239023
9882	-36.94968	-208.9935	172.0438	0.9059618	1.335361
9888	-36.82474	-208.9814	172.1567	1.35043	0.8014046
9894	-39.9094	-211.9615	172.0521	1.347258	0.9293057
9900	-47.01865	-218.8792	171.8605	0.1530234	2.007256
9906	-35.28181	-207.8892	172.6074	0.7951357	0.9258321
9912	-35.85946	-207.6789	171.8194	1.472798	1.038327
9918	-49.40969	-221.7938	172.3841	1.217357	0.6478697
9924	-43.28601	-215.6256	172.3396	0.9799444	1.011718
9930	-47.11247	-218.3261	171.2136	2.044439	1.07081
9936	-48.40271	-220.9534	172.5507	0.05603826	1.596004
9942	-53.37926	-224.7878	171.4086	0.8565645	1.837178
9948	-55.3387	-228.1103	172.7716	0.7698453	0.7531561
9954	-46.99392	-218.5883	171.5944	1.578447	1.148447
9960	-47.12751	-219.5212	172.3937	0.4733984	1.400505
9966	-57.28728	-229.7493	172.462	0.4050644	1.400505
9972	-54.97081	-227.0482	172.0774	1.127485	1.119796
9978	-47.31571	-218.8987	171.583	1.836765	0.9068725
9984	-53.0566	-224.1975	171.1409	1.93859	1.228958
9990	-60.91456	-231.629	170.7144	1.81109	1.654705
9996	-44.473	-215.5043	171.0313	2.206657	1.089575
10002	-41.3794	-213.5158	172.1364	1.101513	1.089575
10008	-40.45882	-212.4833	172.0244	0.2066922	1.860498
10014	-45.78886	-219.0372	173.2483	0.2428434	0.8221244
10020	-48.28074	-219.9908	171.7101	0.3447255	1.979707
10026	-48.87706	-221.172	172.295	0.3327622	1.580714
10032	-50.35931	-222.4459	172.0866	0.5411002	1.580714
10038	-63.01904	-234.5581	171.5391	0.8632755	1.741972
10044	-74.67234	-246.4535	171.7812	0.6625277	1.712871
10050	-56.9996	-227.7648	170.7652	2.059827	1.433054
10056	-60.85709	-232.4237	171.5666	1.25842	1.433054
10062	-51.67249	-224.3234	172.6509	0.3075896	1.328336
10068	-51.17246	-222.7055	171.5331	0.3578537	2.08837
10074	-49.59289	-221.4425	171.8496	0.648558	1.67422
10080	-44.64397	-216.3991	171.7551	1.648204	0.9249738
10086	-57.09686	-227.9188	170.8219	0.7897057	2.269647
10092	-39.01531	-209.8962	170.8809	1.406492	1.821881
10098	-33.21907	-205.8633	172.6442	0.5209789	1.155195
