Iteration	Posterior	Likelihood	Prior	tree_length
0	-184.9445	-358.403	173.4586	0.8622238
6	-176.9448	-350.2774	173.3326	0.9986868
12	-178.6087	-352.2298	173.6211	0.5980232
18	-186.4611	-359.791	173.3298	1.001474
24	-179.5872	-353.2235	173.6363	0.530882
30	-182.3408	-355.9305	173.5897	0.6721178
36	-184.1809	-357.7859	173.605	0.640094
42	-187.627	-361.1614	173.5344	0.7635773
48	-188.5456	-362.1818	173.6362	0.5314742
54	-179.3495	-352.9282	173.5787	0.6927742
60	-185.7695	-359.1474	173.3779	0.9521615
66	-185.9616	-359.3981	173.4365	0.8879505
72	-181.5718	-355.166	173.5942	0.6631819
78	-180.9784	-354.607	173.6286	0.5723078
84	-176.0628	-349.6095	173.5467	0.7453632
90	-178.5061	-352.0873	173.5811	0.6883782
96	-175.2991	-348.8802	173.5811	0.6883782
102	-174.2571	-347.8694	173.6122	0.3946633
108	-180.1621	-353.737	173.5749	0.6994543
114	-176.2876	-349.9182	173.6305	0.564179
120	-175.6875	-349.3246	173.6371	0.4777729
126	-185.3125	-358.7288	173.4163	0.9107858
132	-186.3425	-359.9622	173.6196	0.6024527
138	-183.7039	-357.2402	173.5363	0.7608278
144	-181.4245	-354.9874	173.5629	0.7197387
150	-175.3488	-348.8249	173.4761	0.8410144
156	-169.7258	-343.2019	173.4761	0.8410144
162	-180.232	-353.7275	173.4955	0.8165972
168	-176.5359	-350.0646	173.5287	0.7717288
174	-171.895	-345.4451	173.5501	0.7400652
180	-169.78	-343.4174	173.6374	0.519499
186	-176.0466	-349.5659	173.5192	0.7849635
192	-178.9656	-352.4952	173.5296	0.7705228
198	-178.9716	-352.5039	173.5324	0.766466
204	-184.6776	-358.2923	173.6147	0.6161621
210	-187.0216	-360.3578	173.3361	0.9951377
216	-193.4878	-366.8232	173.3354	0.9958778
222	-189.8894	-363.4599	173.5705	0.7070309
228	-183.0423	-356.5453	173.503	0.8067878
234	-176.949	-350.5607	173.6116	0.6240952
240	-181.7082	-354.921	173.2129	1.112522
246	-180.1461	-353.439	173.2929	1.037649
252	-173.9262	-347.55	173.6238	0.5895769
258	-179.9027	-353.4844	173.5817	0.6873086
264	-176.2958	-349.8835	173.5878	0.6759099
270	-166.5851	-340.2202	173.6351	0.5396449
276	-177.6584	-351.1791	173.5208	0.7828547
282	-167.482	-341.0918	173.6098	0.6286232
288	-172.0432	-345.653	173.6098	0.6286232
294	-171.6007	-345.2289	173.6282	0.4327285
300	-182.5599	-356.1979	173.638	0.4917446
306	-178.177	-351.7972	173.6202	0.600792
312	-170.1908	-343.7819	173.5911	0.6694798
318	-173.2918	-346.9258	173.6341	0.4562431
324	-175.602	-349.2335	173.6315	0.5598974
330	-175.5342	-349.08	173.5458	0.746631
336	-177.8516	-351.4144	173.5628	0.7199351
342	-186.6017	-359.9172	173.3155	1.015688
348	-179.3001	-352.933	173.6329	0.5528877
354	-169.0412	-342.4291	173.3878	0.9416657
360	-170.0344	-343.6494	173.615	0.6154073
366	-172.6798	-346.2926	173.6128	0.6210685
372	-184.8539	-358.455	173.6012	0.6484832
378	-185.348	-358.8797	173.5316	0.767549
384	-184.1408	-357.6652	173.5244	0.7777784
390	-180.696	-354.3159	173.6198	0.6018817
396	-179.7782	-353.3793	173.6011	0.6486649
402	-184.3324	-357.8974	173.5649	0.7164402
408	-187.7603	-361.3972	173.6369	0.5248977
414	-187.1667	-360.6864	173.5198	0.7842514
420	-186.9739	-360.6119	173.638	0.491547
426	-171.6479	-345.1277	173.4799	0.8363777
432	-184.6078	-358.2213	173.6135	0.6192852
438	-174.6492	-348.2849	173.6357	0.5355776
444	-178.2595	-351.8938	173.6343	0.545334
450	-182.2289	-355.8623	173.6334	0.452991
456	-179.011	-352.6467	173.6357	0.535944
462	-190.2985	-363.6223	173.3238	1.007484
468	-175.0815	-348.6519	173.5705	0.7071409
474	-171.58	-345.1505	173.5705	0.7071409
480	-176.3027	-349.9331	173.6304	0.5647395
486	-176.7421	-350.3802	173.6381	0.5059643
492	-179.8542	-353.3737	173.5195	0.7845647
498	-173.7386	-347.3765	173.6379	0.4885468
504	-169.0911	-342.7248	173.6337	0.5484013
510	-171.9125	-345.5213	173.6089	0.6309464
516	-172.1857	-345.7983	173.6126	0.6217515
522	-176.6824	-350.2968	173.6144	0.6169128
528	-171.5123	-345.0195	173.5072	0.8012668
534	-181.7084	-355.1044	173.396	0.9329235
540	-183.4384	-357.059	173.6206	0.5994982
546	-173.8229	-347.3629	173.54	0.755393
552	-171.4797	-345.1164	173.6367	0.5271987
558	-179.0742	-352.6512	173.577	0.6957259
564	-173.8175	-347.3872	173.5697	0.7084032
570	-166.9551	-340.5633	173.6081	0.6326877
576	-171.5875	-345.1796	173.5922	0.6673106
582	-176.5724	-350.2076	173.6352	0.5392968
588	-167.7678	-341.3276	173.5598	0.7248493
594	-177.6423	-351.2465	173.6041	0.6419229
600	-178.6838	-352.3178	173.634	0.5471149
606	-170.3006	-343.8919	173.5913	0.6689518
612	-188.7866	-362.3911	173.6044	0.6412663
618	-176.8404	-350.0324	173.192	1.131355
624	-176.0856	-349.6792	173.5936	0.6645032
630	-175.0403	-348.6708	173.6305	0.5642947
636	-180.6662	-354.196	173.5298	0.7701373
642	-178.0309	-351.5955	173.5646	0.716955
648	-167.4724	-341.0318	173.5594	0.7254863
654	-178.8233	-352.3827	173.5594	0.7254863
660	-194.923	-368.4555	173.5325	0.7663394
666	-188.9112	-362.4891	173.5779	0.6942479
672	-188.1529	-361.7712	173.6182	0.6065122
678	-184.9378	-358.5501	173.6123	0.3948566
684	-174.5377	-348.1383	173.6006	0.6498015
690	-181.7738	-355.4039	173.63	0.566386
696	-184.8803	-358.3796	173.4993	0.8116531
702	-174.798	-348.2973	173.4993	0.8116531
708	-170.3544	-343.9029	173.5485	0.7426368
714	-179.2145	-352.8372	173.6226	0.5932373
720	-185.6757	-359.219	173.5433	0.7504486
726	-175.847	-349.3939	173.547	0.7449031
732	-182.8731	-356.498	173.6249	0.4228929
738	-175.9438	-349.4357	173.4919	0.821251
744	-177.3978	-351.0267	173.6289	0.5709787
750	-171.1872	-344.8192	173.632	0.5575077
756	-181.7034	-355.3185	173.6152	0.614902
762	-186.6209	-360.2578	173.6369	0.5255526
768	-185.5661	-358.985	173.4189	0.90786
774	-168.729	-342.2886	173.5596	0.7250931
780	-174.8297	-348.4011	173.5713	0.7056928
786	-172.5818	-346.0758	173.4941	0.8184193
792	-176.3965	-349.9134	173.5169	0.7881095
798	-174.8992	-348.4486	173.5494	0.7411702
804	-182.0212	-355.5983	173.5771	0.6956245
810	-175.7439	-349.2945	173.5506	0.7394176
816	-178.7076	-352.3291	173.6215	0.5967096
822	-173.3249	-346.8927	173.5678	0.7117264
828	-181.7381	-355.2995	173.5614	0.7222494
834	-176.1966	-349.8328	173.6362	0.5316913
840	-179.7479	-353.1726	173.4247	0.9014292
846	-180.0542	-353.6288	173.5746	0.7000448
852	-171.7156	-345.3509	173.6353	0.5385699
858	-166.508	-340.1275	173.6195	0.6029299
864	-172.6467	-346.1172	173.4705	0.8478854
870	-175.5587	-349.0292	173.4705	0.8478854
876	-168.9308	-342.3225	173.3917	0.9375378
882	-170.8341	-344.2258	173.3917	0.9375378
888	-175.7784	-349.36	173.5817	0.6873495
894	-174.3095	-347.8174	173.5079	0.8002881
900	-173.5532	-347.1472	173.5939	0.6637458
906	-176.3079	-349.9351	173.6271	0.577844
912	-171.1693	-344.7814	173.6121	0.6229406
918	-171.0752	-344.6188	173.5436	0.7500555
924	-172.911	-346.533	173.622	0.5952411
930	-172.6276	-346.2159	173.5883	0.6749192
936	-176.3224	-349.6317	173.3092	1.02181
942	-189.2048	-362.4962	173.2915	1.039083
948	-185.3319	-358.9668	173.6349	0.5413963
954	-184.2285	-357.6777	173.4492	0.8733656
960	-177.7325	-351.3594	173.6269	0.5788145
966	-177.4779	-351.0645	173.5866	0.6781882
972	-175.8284	-349.3232	173.4948	0.8174848
978	-182.2621	-355.74	173.4779	0.838825
984	-180.3814	-353.9638	173.5824	0.6860762
990	-181.4469	-355.085	173.6381	0.5023516
996	-175.7438	-349.3565	173.6127	0.6215258
1002	-173.0841	-346.7084	173.6243	0.5879072
1008	-173.7685	-347.4055	173.637	0.476627
1014	-174.4139	-347.9987	173.5849	0.6814317
1020	-174.5935	-348.2107	173.6172	0.6094038
1026	-185.2177	-358.8027	173.585	0.6812167
1032	-183.4628	-356.9844	173.5217	0.7816283
1038	-176.0515	-349.6223	173.5708	0.7065821
1044	-180.2542	-353.8323	173.5781	0.6938727
1050	-177.2124	-350.6587	173.4463	0.8767112
1056	-177.5272	-351.1117	173.5845	0.3536184
1062	-175.4509	-349.0078	173.557	0.7293943
1068	-175.0667	-348.6724	173.6057	0.6383843
1074	-176.0885	-349.6942	173.6057	0.6383843
1080	-187.1605	-360.7468	173.5863	0.6786582
1086	-189.8507	-363.1664	173.3158	1.015412
1092	-180.6366	-353.9523	173.3158	1.015412
1098	-185.8686	-359.402	173.5334	0.7650478
1104	-175.1429	-348.6786	173.5357	0.761662
1110	-173.1086	-346.7116	173.6031	0.6443362
1116	-170.6492	-344.2721	173.6229	0.592552
1122	-164.3724	-338.0103	173.6379	0.4899035
1128	-173.9242	-347.5499	173.6258	0.5827997
1134	-182.6593	-356.1136	173.4543	0.8672632
1140	-182.6756	-356.2287	173.553	0.735588
1146	-189.2696	-362.9061	173.6365	0.5295268
1152	-195.3274	-368.8301	173.5026	0.8072972
1158	-189.2046	-362.5272	173.3226	1.008661
1164	-172.2568	-345.8709	173.6141	0.6177865
1170	-169.8076	-343.3093	173.5017	0.8085425
1176	-166.6538	-340.2628	173.609	0.6305149
1182	-188.1102	-361.3404	173.2302	1.09672
1188	-174.9325	-348.4996	173.567	0.7129385
1194	-184.0766	-357.7146	173.638	0.4928675
1200	-171.7352	-345.3202	173.5849	0.6813186
1206	-173.1963	-346.7941	173.5978	0.6557256
1212	-169.6657	-343.2134	173.5477	0.7438614
1218	-175.9896	-349.5912	173.6015	0.6477266
1224	-169.5626	-343.0978	173.5353	0.7623096
1230	-167.8345	-341.4656	173.6311	0.4432028
1236	-173.7828	-347.4104	173.6276	0.5763028
1242	-175.4987	-349.0285	173.5298	0.7701215
1248	-180.5607	-354.1489	173.5882	0.6750938
1254	-187.5561	-361.1942	173.638	0.4925473
1260	-185.8269	-359.2861	173.4591	0.8615749
1266	-180.3022	-353.9402	173.6381	0.5054386
1272	-192.1613	-365.4975	173.3361	0.9951292
1278	-189.2535	-362.58	173.3266	1.004703
1284	-177.8713	-351.4207	173.5495	0.7410751
1290	-171.0194	-344.629	173.6096	0.6292204
1296	-173.5949	-347.1156	173.5207	0.7829193
1302	-187.3422	-360.9472	173.6051	0.3821921
1308	-191.5973	-365.1979	173.6006	0.6497699
1314	-184.7741	-358.3613	173.5872	0.6769762
1320	-181.2692	-354.8117	173.5425	0.7516831
1326	-180.4207	-354.0446	173.624	0.420482
1332	-176.8283	-350.4163	173.588	0.6754863
1338	-168.413	-342.0052	173.5922	0.6672733
1344	-172.3051	-345.8973	173.5922	0.6672733
1350	-174.32	-347.8816	173.5616	0.7219217
1356	-167.0043	-340.5979	173.5936	0.664355
1362	-170.3874	-344.0206	173.6332	0.5511449
1368	-168.8302	-342.4682	173.638	0.5075639
1374	-175.1166	-348.7511	173.6346	0.543308
1380	-176.2306	-349.8246	173.594	0.6635649
1386	-187.5906	-361.0876	173.497	0.814627
1392	-181.3279	-354.7641	173.4362	0.8883133
1398	-174.014	-347.6363	173.6223	0.4161938
1404	-183.437	-356.7224	173.2854	1.044883
1410	-179.738	-353.3447	173.6067	0.6360318
1416	-172.9653	-346.5939	173.6287	0.5719816
1422	-172.4958	-345.9441	173.4483	0.8743374
1428	-182.4389	-355.8692	173.4303	0.895065
1434	-184.0202	-357.6465	173.6262	0.5812089
1440	-179.5401	-353.1663	173.6262	0.5812089
1446	-173.5914	-347.2105	173.6191	0.6040053
1452	-177.0991	-350.734	173.6349	0.5410443
1458	-172.4448	-346.0827	173.6379	0.4899192
1464	-171.3751	-344.8231	173.4479	0.87477
1470	-182.6151	-356.2219	173.6068	0.385116
1476	-174.9326	-348.5667	173.6341	0.5463536
1482	-182.1466	-355.7654	173.6188	0.6048303
1488	-186.0649	-359.3577	173.2928	1.037805
1494	-178.9484	-352.5276	173.5791	0.6919349
1500	-180.5771	-354.1218	173.5448	0.7482343
1506	-181.9804	-355.4965	173.5161	0.7893053
1512	-173.2672	-346.8687	173.6015	0.6477924
1518	-178.2785	-351.8623	173.5838	0.3528222
1524	-175.306	-348.918	173.612	0.3941475
1530	-174.812	-348.4135	173.6015	0.6478445
1536	-179.5559	-352.9977	173.4419	0.8818362
1542	-174.0803	-347.7038	173.6235	0.5904263
1548	-172.3586	-345.9637	173.6051	0.6397265
1554	-176.2939	-349.7553	173.4614	0.8588944
1560	-184.4405	-358.0245	173.584	0.6829846
1566	-170.0801	-343.6454	173.5653	0.7158015
1572	-167.9906	-341.5815	173.5909	0.6697364
1578	-172.3777	-345.9865	173.6088	0.6311848
1584	-174.0737	-347.6957	173.622	0.595338
1590	-183.0181	-356.5169	173.4989	0.8121801
1596	-173.2994	-346.9318	173.6325	0.5550482
1602	-171.0164	-344.4471	173.4307	0.8945625
1608	-171.9498	-345.571	173.6212	0.5977315
1614	-181.8141	-355.4204	173.6063	0.6369733
1620	-175.1276	-348.764	173.6364	0.5301386
1626	-177.3445	-350.9703	173.6258	0.582668
1632	-174.0641	-347.6989	173.6349	0.4605735
1638	-179.5506	-353.0097	173.4591	0.8616226
1644	-175.1247	-348.7608	173.6361	0.532649
1650	-177.2798	-350.8085	173.5287	0.7717718
1656	-182.2426	-355.8795	173.6369	0.5257589
1662	-175.7241	-349.3517	173.6276	0.5762691
1668	-176.1294	-349.7653	173.6359	0.5339121
1674	-166.4592	-340.0407	173.5815	0.6876831
1680	-176.8009	-350.3824	173.5815	0.6876831
1686	-172.8355	-346.3135	173.478	0.83872
1692	-181.1313	-354.6586	173.5273	0.7737133
1698	-184.2709	-357.909	173.6381	0.5020048
1704	-192.2401	-365.864	173.6239	0.5890607
1710	-187.8071	-361.3745	173.5674	0.7122844
1716	-171.5704	-345.1969	173.6265	0.5802989
1722	-173.2649	-346.8676	173.6026	0.6453396
1728	-178.7267	-352.3443	173.6176	0.4054148
1734	-178.3106	-351.7918	173.4812	0.8347558
1740	-174.3758	-347.9691	173.5933	0.6650991
1746	-178.6889	-352.0842	173.3953	0.9336588
1752	-183.8293	-357.4185	173.5892	0.6731159
1758	-178.6355	-352.2734	173.6378	0.512651
1764	-183.1117	-356.6849	173.5732	0.7024472
1770	-174.2356	-347.6876	173.452	0.8700114
1776	-175.4064	-348.7393	173.3329	0.9983747
1782	-173.9477	-347.4358	173.4882	0.8259628
1788	-175.7878	-349.2915	173.5038	0.8058077
1794	-181.1473	-354.7431	173.5959	0.6597649
1800	-179.9755	-353.5338	173.5582	0.7273656
1806	-188.2261	-361.7605	173.5344	0.7635816
1812	-181.9088	-355.3583	173.4494	0.8730194
1818	-178.8924	-352.3638	173.4714	0.8467318
1824	-174.4718	-348.0894	173.6176	0.6083345
1830	-172.3461	-345.9797	173.6337	0.5488165
1836	-175.4807	-348.9803	173.4996	0.811193
1842	-174.3982	-347.9862	173.588	0.6754714
1848	-173.1397	-346.6823	173.5426	0.7515003
1854	-169.1925	-342.8302	173.6377	0.4848677
1860	-184.3208	-357.9585	173.6377	0.4848677
1866	-187.9052	-361.4198	173.5146	0.7912992
1872	-186.8562	-360.3496	173.4934	0.8192358
1878	-194.6973	-368.2113	173.514	0.7921548
1884	-178.614	-352.0637	173.4497	0.8726924
1890	-179.2972	-352.7507	173.4535	0.868268
1896	-170.247	-343.801	173.554	0.7341044
1902	-168.6647	-342.2915	173.6268	0.579169
1908	-170.2221	-343.7533	173.5312	0.7681328
1914	-181.7266	-355.3308	173.6042	0.6417939
1920	-180.4369	-353.7048	173.268	1.061496
1926	-177.8905	-351.3912	173.5007	0.8098687
1932	-166.2283	-339.7896	173.5613	0.7224007
1938	-177.0327	-350.6698	173.6371	0.4777231
1944	-178.6348	-352.1969	173.5622	0.7210029
1950	-178.3335	-351.9278	173.5943	0.6630268
1956	-169.4002	-343.036	173.6358	0.5347587
1962	-170.8604	-344.4964	173.636	0.5336847
1968	-176.7712	-350.4072	173.636	0.5336847
1974	-181.5808	-355.1061	173.5253	0.7764643
1980	-193.3273	-366.513	173.1857	1.136978
1986	-191.6094	-365.1514	173.542	0.7523294
1992	-177.6152	-351.2412	173.626	0.5820515
1998	-183.2307	-356.867	173.6363	0.530873
2004	-182.9529	-356.5217	173.5688	0.7100203
2010	-192.4789	-365.927	173.4481	0.8746393
2016	-196.7463	-370.2842	173.5379	0.7585015
2022	-185.9789	-359.2315	173.2526	1.075973
2028	-181.3629	-354.9865	173.6236	0.5902997
2034	-182.6975	-356.2837	173.5862	0.6788705
2040	-173.8977	-347.5216	173.6239	0.5890544
2046	-170.2002	-343.8	173.5998	0.6515414
2052	-178.7504	-352.27	173.5196	0.7844017
2058	-186.5665	-359.9614	173.395	0.9340459
2064	-176.6752	-350.2859	173.6107	0.6264069
2070	-176.9007	-350.5114	173.6107	0.6264069
2076	-176.308	-349.9345	173.6265	0.5801378
2082	-175.262	-348.7782	173.5162	0.7891075
2088	-181.9032	-355.4834	173.5802	0.6900386
2094	-192.0182	-365.6415	173.6234	0.5909459
2100	-189.1971	-362.791	173.5939	0.6637907
2106	-174.5531	-347.982	173.4289	0.8966944
2112	-171.6683	-345.1502	173.4819	0.8338666
2118	-171.0502	-344.6537	173.6035	0.6433082
2124	-175.3474	-348.9734	173.6259	0.582208
2130	-177.3166	-350.9477	173.6311	0.4429672
2136	-173.6697	-347.2031	173.5333	0.7650841
2142	-170.9636	-344.5256	173.5619	0.7214148
2148	-177.4834	-351.1071	173.6236	0.590106
2154	-183.5949	-357.0125	173.4176	0.9093489
2160	-185.9453	-359.3714	173.4261	0.8998304
2166	-172.8082	-346.4414	173.6332	0.5514197
2172	-174.7802	-348.3491	173.5689	0.7098245
2178	-179.6047	-353.1406	173.5358	0.7615177
2184	-190.9437	-364.505	173.5613	0.7224131
2190	-185.5103	-359.1214	173.6111	0.6255569
2196	-180.7846	-354.4211	173.6365	0.4721422
2202	-193.6384	-367.1999	173.5615	0.7220604
2208	-183.6389	-357.1284	173.4895	0.8242801
2214	-171.7397	-345.2814	173.5417	0.7528598
2220	-167.567	-341.1491	173.5821	0.6866029
2226	-172.9665	-346.5485	173.5821	0.6866029
2232	-180.125	-353.6791	173.5541	0.7338469
2238	-177.2327	-350.7138	173.4811	0.8348751
2244	-187.1665	-360.6995	173.5331	0.7654647
2250	-182.3616	-355.9815	173.6199	0.4104937
2256	-177.3551	-350.9712	173.616	0.6126144
2262	-175.3132	-348.9416	173.6284	0.5730137
2268	-180.4638	-354.0195	173.5556	0.731483
2274	-179.8698	-353.48	173.6102	0.6275875
2280	-182.4254	-355.9839	173.5585	0.7269293
2286	-191.3795	-364.947	173.5675	0.712123
2292	-180.0206	-353.6535	173.6329	0.552942
2298	-193.5685	-367.1229	173.5543	0.7335498
2304	-202.7462	-376.2505	173.5043	0.8050585
2310	-190.5905	-363.9169	173.3264	1.004854
2316	-177.7432	-351.2765	173.5333	0.765202
2322	-181.6578	-355.0445	173.3866	0.9429783
2328	-174.4139	-347.9306	173.5167	0.7884615
2334	-174.6057	-348.2243	173.6187	0.6051912
2340	-174.6986	-348.313	173.6145	0.3989407
2346	-175.1491	-348.7756	173.6265	0.5802656
2352	-177.0154	-350.6535	173.6381	0.5032236
2358	-174.7033	-348.2668	173.5635	0.7187775
2364	-176.0831	-349.7074	173.6243	0.5877401
2370	-170.7559	-344.3879	173.6321	0.5572
2376	-172.0209	-345.5985	173.5776	0.6947551
2382	-176.3675	-349.8909	173.5234	0.77922
2388	-184.5097	-358.0603	173.5506	0.739373
2394	-184.143	-357.734	173.591	0.6696918
2400	-185.1386	-358.7662	173.6276	0.5761713
2406	-187.4667	-360.7858	173.3191	1.012061
2412	-181.7923	-355.3453	173.5531	0.7355015
2418	-196.9481	-370.5011	173.5531	0.7355015
2424	-186.0307	-359.4946	173.4639	0.8558749
2430	-191.9351	-365.5714	173.6363	0.4705045
2436	-169.1449	-342.7689	173.6241	0.588658
2442	-174.8861	-348.4094	173.5233	0.7793269
2448	-175.5434	-349.1307	173.5874	0.6766614
2454	-180.487	-354.0677	173.5807	0.6891204
2460	-174.2043	-347.785	173.5807	0.6891204
2466	-186.8248	-360.1662	173.3414	0.9898145
2472	-177.3619	-350.9517	173.5898	0.6719988
2478	-166.3974	-340.0296	173.6322	0.5565282
2484	-165.0197	-338.6575	173.6377	0.5147361
2490	-172.1646	-345.6937	173.5291	0.7711227
2496	-171.6845	-345.3154	173.6309	0.4422474
2502	-176.6345	-350.1072	173.4727	0.8451484
2508	-182.2567	-355.8163	173.5595	0.7252668
2514	-176.9304	-350.5227	173.5923	0.6670424
2520	-172.0637	-345.4252	173.3615	0.9692667
2526	-173.1806	-346.7857	173.6051	0.6398389
2532	-184.4565	-358.0897	173.6332	0.5513308
2538	-181.3119	-354.9497	173.6378	0.5134105
2544	-185.9167	-359.5295	173.6128	0.6211751
2550	-182.1585	-355.735	173.5765	0.696684
2556	-176.5874	-350.2236	173.6362	0.5320533
2562	-169.3861	-342.8478	173.4617	0.8585502
2568	-173.8887	-347.3557	173.4669	0.8522134
2574	-173.3729	-346.7745	173.4015	0.9269577
2580	-173.5981	-347.1674	173.5693	0.7091152
2586	-179.0425	-352.6228	173.5803	0.6898256
2592	-187.9444	-361.2456	173.3011	1.029725
2598	-178.4397	-352.0125	173.5728	0.7030869
2604	-168.9431	-342.5159	173.5728	0.7030869
2610	-173.9294	-347.5644	173.635	0.5403486
2616	-161.9786	-335.5672	173.5886	0.6743369
2622	-162.1704	-335.7673	173.5969	0.6576976
2628	-165.1653	-338.781	173.6157	0.4014818
2634	-165.171	-338.7954	173.6244	0.5876081
2640	-165.739	-339.3434	173.6044	0.6414326
2646	-181.2158	-354.7756	173.5598	0.7249157
2652	-182.7596	-356.3917	173.6321	0.5569713
2658	-181.8801	-355.5178	173.6377	0.5144803
2664	-187.2568	-360.8433	173.5865	0.6783543
2670	-184.0521	-357.5149	173.4627	0.857305
2676	-194.3023	-367.7473	173.4451	0.8781281
2682	-176.3637	-349.9577	173.594	0.6636045
2688	-173.8432	-347.4812	173.638	0.4913567
2694	-176.4642	-350.0928	173.6286	0.572168
2700	-174.4811	-348.081	173.5999	0.6513596
2706	-173.4261	-346.5001	173.074	1.233603
2712	-178.8254	-351.8994	173.074	1.233603
2718	-184.177	-357.251	173.074	1.233603
2724	-188.8113	-362.4477	173.6364	0.4709463
2730	-174.5877	-348.147	173.5593	0.7256528
2736	-179.3114	-352.844	173.5326	0.7662134
2742	-191.0099	-364.3593	173.3494	0.9817038
2748	-176.0385	-349.6286	173.5901	0.6713319
2754	-172.6853	-346.2262	173.5409	0.7540202
2760	-176.1488	-349.6929	173.5441	0.7492819
2766	-165.6099	-339.2472	173.6373	0.4802642
2772	-182.3918	-355.9216	173.5298	0.7701687
2778	-180.6737	-354.2554	173.5816	0.6874636
2784	-174.3849	-348.0214	173.6365	0.5294487
2790	-180.6167	-354.1267	173.51	0.7974491
2796	-180.2525	-353.8002	173.5477	0.7438742
2802	-176.688	-350.2111	173.5231	0.7795787
2808	-177.2757	-350.8823	173.6066	0.6363045
2814	-174.3374	-347.9544	173.617	0.610063
2820	-172.3816	-345.9883	173.6066	0.6361988
2826	-180.001	-353.6076	173.6066	0.6361988
2832	-185.3037	-358.9104	173.6066	0.6361988
2838	-188.7321	-362.2635	173.5314	0.7678554
2844	-184.7781	-358.2853	173.5071	0.8013214
2850	-177.2339	-350.741	173.5071	0.8013214
2856	-177.0072	-350.6045	173.5973	0.65678
2862	-168.6272	-342.2613	173.6341	0.5464039
2868	-164.5845	-338.2185	173.6341	0.5464039
2874	-172.4993	-345.8814	173.3821	0.9477708
2880	-165.4979	-339.1132	173.6153	0.4005876
2886	-175.9419	-349.5341	173.5922	0.6673245
2892	-175.8206	-349.31	173.4894	0.824391
2898	-181.1586	-354.7107	173.5521	0.7370292
2904	-179.7182	-353.0307	173.3125	1.018612
2910	-177.1601	-350.7481	173.588	0.675388
2916	-177.1043	-350.6247	173.5204	0.783304
2922	-180.5252	-354.0523	173.5271	0.7739847
2928	-179.0682	-352.5586	173.4904	0.8231397
2934	-181.9989	-355.3688	173.37	0.9605157
2940	-185.2232	-358.6629	173.4397	0.884314
2946	-189.2726	-362.8743	173.6017	0.647333
2952	-174.028	-347.6406	173.6126	0.6216312
2958	-182.4153	-356.0366	173.6213	0.5974444
2964	-178.1157	-351.7439	173.6282	0.5739488
2970	-173.1315	-346.7011	173.5696	0.7086518
2976	-174.2196	-347.7892	173.5696	0.7086518
2982	-166.9854	-340.555	173.5696	0.7086518
2988	-164.786	-338.4225	173.6364	0.5296951
2994	-173.1036	-346.6531	173.5495	0.7410731
3000	-169.5444	-343.1694	173.625	0.4232244
3006	-184.7208	-358.3296	173.6088	0.6311554
3012	-177.3662	-350.9611	173.595	0.6616514
3018	-179.0129	-352.6166	173.6038	0.6428159
3024	-181.2308	-354.8319	173.601	0.648866
3030	-178.4248	-351.9855	173.5607	0.723334
3036	-175.8513	-349.2589	173.4075	0.9204294
3042	-178.6238	-352.2571	173.6333	0.5507444
3048	-175.3049	-348.7362	173.4312	0.8940028
3054	-184.6168	-358.0398	173.4231	0.9032153
3060	-174.707	-348.1746	173.4675	0.851515
3066	-171.4742	-345.0698	173.5956	0.6603064
3072	-175.1767	-348.7936	173.6169	0.6103125
3078	-168.676	-342.314	173.638	0.5078946
3084	-165.1011	-338.7392	173.6381	0.5046692
3090	-164.457	-338.0933	173.6363	0.5306091
3096	-159.5322	-333.1538	173.6216	0.5966182
3102	-170.9479	-344.5527	173.6048	0.6403397
3108	-183.1207	-356.6926	173.5718	0.7047985
3114	-184.782	-358.4186	173.6365	0.4719942
3120	-171.3391	-344.9659	173.6268	0.579088
3126	-164.6596	-338.204	173.5445	0.7486848
3132	-177.1916	-350.8038	173.6123	0.6225168
3138	-176.0467	-349.489	173.4423	0.8813203
3144	-176.4477	-349.4842	173.0366	1.264816
3150	-169.6532	-343.1186	173.4654	0.8540784
3156	-168.2832	-341.9139	173.6308	0.5632162
3162	-170.5467	-344.1815	173.6348	0.541999
3168	-175.2044	-348.5994	173.395	0.9339738
3174	-177.6658	-351.0804	173.4146	0.9126283
3180	-176.6409	-350.2719	173.631	0.5621076
3186	-175.2838	-348.9072	173.6234	0.5908468
3192	-164.0221	-337.6591	173.6371	0.4770702
3198	-174.4824	-348.0488	173.5664	0.7140347
3204	-184.1715	-357.7249	173.5534	0.7349764
3210	-191.7151	-365.3528	173.6378	0.4864461
3216	-174.7478	-348.3855	173.6378	0.4864461
3222	-182.6961	-356.0207	173.3246	1.00663
3228	-171.3859	-344.8618	173.4759	0.8412264
3234	-171.1117	-344.5828	173.4711	0.8472081
3240	-168.997	-342.628	173.631	0.5621178
3246	-168.3269	-341.9514	173.6246	0.4221324
3252	-174.5902	-348.2113	173.6211	0.5981253
3258	-177.2967	-350.9292	173.6325	0.4489388
3264	-176.4562	-350.0739	173.6177	0.6078798
3270	-173.987	-347.5188	173.5319	0.7672176
3276	-171.2383	-344.7623	173.5241	0.7782699
3282	-171.9759	-345.6007	173.6248	0.5860499
3288	-175.3706	-348.9833	173.6127	0.6214107
3294	-175.2312	-348.8439	173.6127	0.6214107
3300	-178.674	-352.3121	173.6381	0.4984587
3306	-169.0034	-342.6412	173.6378	0.512494
3312	-172.304	-345.9268	173.6228	0.4175719
3318	-178.3315	-351.7858	173.4543	0.8673003
3324	-184.6473	-358.1164	173.4691	0.8496144
3330	-184.8224	-358.3532	173.5308	0.768737
3336	-173.2733	-346.8041	173.5308	0.768737
3342	-163.8583	-337.4493	173.591	0.6696616
3348	-175.5459	-349.0222	173.4763	0.8407803
3354	-172.1353	-345.7657	173.6304	0.5649415
3360	-176.5285	-350.0433	173.5148	0.7909855
3366	-180.5854	-354.1087	173.5233	0.7792902
3372	-188.0954	-361.5165	173.4211	0.9053886
3378	-175.2008	-348.8252	173.6244	0.5873731
3384	-183.8198	-357.4414	173.6216	0.596664
3390	-180.6042	-354.1349	173.5307	0.7688702
3396	-180.9678	-354.4865	173.5187	0.7857057
3402	-183.4899	-357.0602	173.5703	0.7074567
3408	-172.8216	-346.3423	173.5207	0.7829112
3414	-180.3779	-353.9751	173.5973	0.6568704
3420	-172.7733	-346.3193	173.5459	0.746477
3426	-174.31	-347.8803	173.5703	0.7074426
3432	-185.1622	-358.5485	173.3863	0.9433021
3438	-173.4888	-347.0994	173.6106	0.626729
3444	-181.8713	-355.479	173.6077	0.6336846
3450	-193.4399	-366.9998	173.5599	0.7246286
3456	-181.8882	-355.4482	173.5599	0.7246286
3462	-174.203	-347.763	173.5599	0.7246286
3468	-177.72	-351.3542	173.6342	0.545681
3474	-190.9838	-364.344	173.3602	0.9706535
3480	-188.1923	-361.729	173.5367	0.7602801
3486	-177.2916	-350.8924	173.6007	0.6495386
3492	-172.7563	-346.3834	173.627	0.5781973
3498	-174.453	-347.9852	173.5322	0.7668041
3504	-186.348	-359.927	173.579	0.6921471
3510	-187.8763	-361.4553	173.579	0.6921471
3516	-187.2083	-360.8062	173.5978	0.6556708
3522	-189.4519	-363.0244	173.5725	0.7035786
3528	-187.3956	-360.8372	173.4416	0.8821083
3534	-188.1241	-361.5951	173.471	0.8473178
3540	-188.5193	-362.0133	173.494	0.8184999
3546	-181.1579	-354.7263	173.5684	0.7106075
3552	-180.2773	-353.843	173.5657	0.7151586
3558	-178.2612	-351.7156	173.4544	0.8672275
3564	-172.2537	-345.8677	173.614	0.6181257
3570	-168.7673	-342.4051	173.6379	0.5117585
3576	-178.8088	-352.1817	173.3729	0.9574118
3582	-166.981	-340.5187	173.5378	0.7586285
3588	-168.292	-341.6349	173.3428	0.9883681
3594	-170.6539	-344.1517	173.4978	0.8136125
3600	-179.8662	-353.2517	173.3855	0.9442031
3606	-177.8721	-351.4227	173.5505	0.7394372
3612	-185.5996	-359.1116	173.512	0.7948751
3618	-182.8003	-356.2556	173.4552	0.8662068
3624	-181.5993	-355.0347	173.4354	0.889203
3630	-178.2263	-351.7067	173.4804	0.8357027
3636	-179.7646	-353.1117	173.347	0.9841264
3642	-177.4026	-351.0087	173.606	0.6375903
3648	-178.993	-352.4424	173.4494	0.8730813
3654	-181.0047	-354.4931	173.4884	0.8256086
3660	-173.2973	-346.8651	173.5678	0.7116832
3666	-171.3891	-345.0139	173.6247	0.5863746
3672	-173.3677	-346.9662	173.5984	0.6544014
3678	-185.0049	-358.5011	173.4962	0.8156978
3684	-169.5166	-343.1202	173.6036	0.6431503
3690	-170.1329	-343.7366	173.6036	0.6431503
3696	-170.0673	-343.7054	173.638	0.5072445
3702	-175.3914	-348.8388	173.4475	0.8753409
3708	-174.7128	-348.3485	173.6357	0.5358027
3714	-170.0112	-343.6327	173.6215	0.5968489
3720	-187.547	-360.9893	173.4423	0.8812806
3726	-180.2821	-353.8405	173.5584	0.7270538
3732	-185.3695	-358.93	173.5604	0.7238174
3738	-180.317	-353.6637	173.3467	0.9844606
3744	-175.5977	-349.0345	173.4369	0.887584
3750	-182.0233	-355.4923	173.4691	0.8496416
3756	-193.1194	-366.578	173.4586	0.8622121
3762	-187.0031	-360.3384	173.3353	0.9959381
3768	-185.5553	-359.1144	173.5591	0.7259786
3774	-173.5143	-347.1208	173.6066	0.636356
3780	-172.5527	-346.168	173.6153	0.6146094
3786	-173.4567	-347.0862	173.6295	0.4371454
3792	-177.0198	-350.5391	173.5193	0.7849237
3798	-183.5748	-357.0007	173.4259	0.9000056
3804	-176.2542	-349.8867	173.6325	0.5548768
3810	-173.8873	-347.2269	173.3396	0.9916004
3816	-177.5187	-350.8583	173.3396	0.9916004
3822	-179.5797	-352.85	173.2703	1.059249
3828	-178.8269	-352.2221	173.3952	0.933787
3834	-176.7209	-350.2771	173.5562	0.7305236
3840	-176.3883	-350.0236	173.6353	0.4630579
3846	-170.9055	-344.5408	173.6352	0.5390705
3852	-174.2354	-347.6573	173.4219	0.9044839
3858	-165.8315	-339.3691	173.5376	0.7589049
3864	-171.314	-344.8516	173.5376	0.7589049
3870	-175.1726	-348.743	173.5703	0.7073555
3876	-167.6987	-341.3259	173.6272	0.5776649
3882	-168.7379	-342.0546	173.3167	1.01447
3888	-181.3335	-354.8791	173.5457	0.7469017
3894	-191.0291	-364.3069	173.2778	1.052189
3900	-180.2277	-353.7489	173.5212	0.7823195
3906	-175.3354	-348.9357	173.6003	0.6504205
3912	-181.7715	-355.1214	173.3499	0.9811863
3918	-182.4754	-356.1035	173.628	0.5744454
3924	-177.1573	-350.7863	173.6289	0.5709111
3930	-196.6686	-370.2477	173.5792	0.6918875
3936	-194.5286	-368.1282	173.5997	0.6517727
3942	-181.084	-354.6212	173.5372	0.7594982
3948	-173.7686	-347.3973	173.6286	0.4341539
3954	-170.5783	-344.0659	173.4876	0.8266461
3960	-165.6247	-339.2583	173.6336	0.5492549
3966	-174.7824	-348.3427	173.5603	0.7240519
3972	-166.0065	-339.5652	173.5587	0.7266097
3978	-176.8902	-350.5161	173.626	0.4260655
3984	-168.3814	-341.9963	173.6149	0.6156827
3990	-174.2655	-347.8838	173.6183	0.6063019
3996	-171.8791	-345.5157	173.6366	0.5280727
4002	-168.8964	-342.5342	173.6379	0.5112488
4008	-171.8909	-345.4288	173.5379	0.7584058
4014	-190.975	-364.3319	173.357	0.9739407
4020	-184.3099	-357.7621	173.4522	0.8698139
4026	-185.5119	-359.1242	173.6123	0.6223537
4032	-198.3242	-371.9578	173.6336	0.548939
4038	-174.7869	-348.3101	173.5232	0.7795229
4044	-183.218	-356.7411	173.5232	0.7795229
4050	-181.3694	-354.8552	173.4858	0.8288827
4056	-174.5979	-348.0511	173.4532	0.868623
4062	-180.7292	-354.3673	173.6381	0.4958651
4068	-179.1767	-352.8112	173.6345	0.5438519
4074	-172.0841	-345.72	173.6359	0.5340391
4080	-173.1518	-346.7771	173.6253	0.4240248
4086	-176.5098	-349.8957	173.3859	0.9437383
4092	-184.9264	-358.3886	173.4622	0.857942
4098	-181.9142	-355.4522	173.538	0.75829
4104	-183.3003	-356.8617	173.5614	0.7222024
4110	-193.5993	-367.1082	173.5088	0.7990596
4116	-185.757	-359.3201	173.5631	0.7195444
4122	-182.6991	-356.1892	173.4901	0.8234983
4128	-186.2587	-359.8956	173.6369	0.475549
4134	-180.111	-353.675	173.564	0.7180164
4140	-180.7609	-354.3376	173.5767	0.6963165
4146	-176.7616	-350.3948	173.6333	0.5509781
4152	-173.2191	-346.7736	173.5545	0.7333339
4158	-174.9824	-348.4989	173.5165	0.7887481
4164	-181.5245	-354.9695	173.4449	0.8782806
4170	-174.5366	-348.13	173.5934	0.6648734
4176	-182.5288	-356.1595	173.6307	0.5632863
4182	-173.9741	-347.5581	173.584	0.6831123
4188	-179.0583	-352.4773	173.4189	0.9078525
4194	-169.8456	-343.4614	173.6158	0.6133201
4200	-172.8334	-346.4492	173.6158	0.6133201
4206	-185.1398	-358.7747	173.6349	0.4608091
4212	-177.741	-351.3784	173.6374	0.5189832
4218	-180.499	-353.9659	173.4669	0.8522294
4224	-172.9382	-346.531	173.5928	0.6661097
4230	-176.3386	-349.958	173.6194	0.6032527
4236	-172.3676	-346.0047	173.637	0.4766499
4242	-166.9021	-340.2664	173.3642	0.9664884
4248	-166.3195	-339.9573	173.6378	0.5135758
4254	-176.8372	-350.2095	173.3723	0.9580788
4260	-165.2338	-338.8717	173.6379	0.5114945
4266	-173.8991	-347.537	173.6379	0.5114945
4272	-182.2491	-355.6334	173.3843	0.9454374
4278	-176.3208	-349.883	173.5622	0.7209242
4284	-200.4784	-374.0896	173.6112	0.6252095
4290	-197.1882	-370.8261	173.6379	0.4899773
4296	-189.2837	-362.8215	173.5378	0.7585429
4302	-191.3309	-364.4735	173.1426	1.174999
4308	-185.7184	-359.3381	173.6197	0.6022214
4314	-182.976	-356.5331	173.557	0.7292614
4320	-188.5203	-362.1471	173.6268	0.4285225
4326	-188.8265	-362.4084	173.5819	0.6869511
4332	-189.9332	-363.5637	173.6305	0.5641723
4338	-189.2313	-362.7919	173.5606	0.7235413
4344	-191.0176	-364.5481	173.5305	0.769178
4350	-191.6412	-365.0175	173.3763	0.9539233
4356	-185.3485	-358.8199	173.4714	0.8467469
4362	-178.8597	-352.4213	173.5615	0.722017
4368	-180.3747	-353.9362	173.5615	0.722017
4374	-180.881	-354.4896	173.6087	0.6314104
4380	-173.7705	-347.391	173.6205	0.5998506
4386	-171.1372	-344.7577	173.6205	0.5998506
4392	-176.8502	-350.4604	173.6102	0.627596
4398	-174.2357	-347.8694	173.6337	0.5484456
4404	-173.4852	-347.0726	173.5874	0.6766553
4410	-172.8875	-346.5224	173.6349	0.5413762
4416	-175.5093	-349.0409	173.5316	0.7675339
4422	-167.4047	-340.9752	173.5705	0.7070875
4428	-166.0317	-339.6338	173.6021	0.6465344
4434	-171.7299	-345.3473	173.6174	0.6087946
4440	-170.2036	-343.756	173.5525	0.7364523
4446	-175.891	-349.5101	173.6191	0.6040618
4452	-170.9179	-344.5556	173.6377	0.5156238
4458	-183.5454	-357.1485	173.6031	0.6442832
4464	-184.7166	-358.0855	173.3689	0.9616191
4470	-179.5173	-352.9177	173.4004	0.9281783
4476	-185.5945	-359.1998	173.6052	0.6395121
4482	-174.5789	-348.1077	173.5287	0.7716939
4488	-176.7947	-350.3856	173.5908	0.6699521
4494	-177.5555	-351.1232	173.5677	0.334998
4500	-171.5312	-345.1686	173.6374	0.4805405
4506	-185.9381	-359.3037	173.3656	0.9650749
4512	-189.7276	-363.1787	173.4511	0.8710511
4518	-185.2018	-358.8357	173.6339	0.5473108
4524	-178.5073	-352.0663	173.5589	0.7262058
4530	-182.9157	-356.4937	173.578	0.6939303
4536	-168.5826	-342.1899	173.6072	0.6347738
4542	-178.0179	-351.5913	173.5733	0.7022024
4548	-178.2071	-351.7774	173.5703	0.7074107
4554	-188.3667	-361.7641	173.3974	0.9314094
4560	-172.7775	-346.3177	173.5402	0.7550796
4566	-170.1028	-343.6465	173.5437	0.7498143
4572	-166.2145	-339.8202	173.6057	0.6384725
4578	-166.5928	-340.2294	173.6366	0.5281586
4584	-168.2643	-341.7642	173.4999	0.8108879
4590	-170.1114	-343.6538	173.5424	0.7517828
4596	-166.8814	-340.5046	173.6233	0.4186304
4602	-171.136	-344.7332	173.5973	0.6568642
4608	-174.1151	-347.7472	173.6321	0.5571607
4614	-173.2563	-346.8327	173.5764	0.6969077
4620	-174.3682	-347.865	173.4968	0.8149276
4626	-183.4719	-356.7729	173.3009	1.029898
4632	-173.6791	-347.1985	173.5194	0.7847441
4638	-174.6312	-348.2311	173.5998	0.6514607
4644	-187.6772	-361.1161	173.4389	0.885262
4650	-181.6295	-355.2576	173.6282	0.5739317
4656	-180.0001	-353.6373	173.6372	0.5224634
4662	-181.4714	-354.8996	173.4282	0.8974424
4668	-178.4017	-352.0394	173.6376	0.4844865
4674	-179.4906	-352.9574	173.4668	0.8523457
4680	-172.9962	-346.583	173.5868	0.6777876
4686	-184.8137	-358.4349	173.6212	0.5978052
4692	-177.6277	-351.1311	173.5034	0.8062253
4698	-170.4182	-344.0192	173.601	0.6489247
4704	-173.5392	-347.1289	173.5897	0.6721272
4710	-170.7543	-344.3829	173.6287	0.5720236
4716	-175.3176	-348.9541	173.6365	0.5290576
4722	-183.7507	-357.387	173.6362	0.5313949
4728	-182.13	-355.7662	173.6362	0.5313949
4734	-175.4125	-348.8353	173.4228	0.9034979
4740	-181.2882	-354.8629	173.5747	0.69983
4746	-178.9712	-352.6088	173.6377	0.5154608
4752	-184.6512	-358.2861	173.6349	0.5413022
4758	-181.1883	-354.8232	173.6349	0.5413022
4764	-178.8993	-352.5344	173.6351	0.5398934
4770	-179.6998	-353.2597	173.5599	0.7246504
4776	-184.8368	-358.1787	173.3419	0.9893282
4782	-184.0585	-357.547	173.4885	0.8255392
4788	-187.7857	-361.4109	173.6252	0.5849013
4794	-178.2778	-351.8815	173.6037	0.642877
4800	-186.0975	-359.6081	173.5107	0.7966083
4806	-182.8433	-356.3035	173.4602	0.8603472
4812	-176.4282	-350.0284	173.6002	0.6505603
4818	-175.6055	-349.2296	173.6241	0.5885055
4824	-185.7419	-359.2402	173.4983	0.8130093
4830	-177.4038	-350.9777	173.5739	0.7012995
4836	-173.8758	-347.4817	173.6059	0.6380167
4842	-183.7846	-357.4153	173.6307	0.5634405
4848	-182.3526	-355.8151	173.4625	0.857504
4854	-168.8843	-342.5218	173.6376	0.5172254
4860	-176.1356	-349.7231	173.5875	0.6763478
4866	-177.3443	-350.7664	173.4221	0.9042494
4872	-178.778	-352.2828	173.5048	0.804392
4878	-177.9782	-351.5448	173.5666	0.7136093
4884	-191.7174	-365.0821	173.3646	0.9660596
4890	-186.1275	-359.7428	173.6153	0.6145332
4896	-178.2823	-351.87	173.5877	0.6759596
4902	-185.3099	-358.9039	173.594	0.6636419
4908	-177.858	-351.452	173.594	0.6636419
4914	-171.2531	-344.7823	173.5291	0.771113
4920	-177.2588	-350.8713	173.6125	0.621794
4926	-174.2892	-347.8633	173.574	0.7010134
4932	-169.1717	-342.7751	173.6034	0.6436094
4938	-166.2322	-339.8356	173.6034	0.6436094
4944	-171.7669	-345.3111	173.5442	0.7491041
4950	-174.2321	-347.7609	173.5288	0.7716227
4956	-172.8652	-346.4485	173.5833	0.3522021
4962	-178.0821	-351.6842	173.6021	0.6464977
4968	-185.3557	-358.95	173.5943	0.3661862
4974	-178.2226	-351.8584	173.6358	0.4668078
4980	-173.7344	-347.2793	173.5449	0.7480707
4986	-172.0113	-345.6489	173.6376	0.4832149
4992	-163.2588	-336.8535	173.5947	0.6621921
4998	-166.5608	-340.1672	173.6064	0.6367282
5004	-164.8187	-338.4311	173.6124	0.6221163
5010	-169.104	-342.7411	173.6371	0.4772112
5016	-169.6954	-343.3024	173.607	0.6353574
5022	-169.8826	-343.5045	173.6219	0.5956707
5028	-176.7988	-350.4258	173.627	0.5783055
5034	-177.9624	-351.5845	173.6221	0.5949458
5040	-174.7907	-348.3522	173.5616	0.7220025
5046	-171.6678	-345.2758	173.608	0.6329138
5052	-171.3025	-344.9403	173.6378	0.4875363
5058	-182.7083	-356.3338	173.6255	0.5837456
5064	-179.9446	-353.393	173.4484	0.8742489
5070	-168.4964	-342.0241	173.5277	0.77318
5076	-171.3986	-345.0048	173.6062	0.6372168
5082	-179.5848	-352.8918	173.307	1.024007
5088	-174.9926	-348.5679	173.5752	0.6988938
5094	-173.7779	-347.3486	173.5707	0.7068294
5100	-170.0936	-343.7184	173.6248	0.5861678
5106	-167.1966	-340.8333	173.6367	0.527085
5112	-167.3574	-340.9441	173.5867	0.6779039
5118	-178.254	-351.7812	173.5272	0.7738532
5124	-171.741	-345.3781	173.6371	0.5226468
5130	-166.2737	-339.8347	173.5609	0.7230321
5136	-173.3631	-346.9822	173.6192	0.6038273
5142	-170.9521	-344.3006	173.3485	0.9825937
5148	-165.6297	-339.2528	173.6232	0.5914853
5154	-167.9274	-341.5554	173.628	0.5745851
5160	-168.6301	-342.234	173.6039	0.6425016
5166	-172.7127	-346.3439	173.6312	0.4433536
5172	-174.0881	-347.6137	173.5257	0.7759918
5178	-177.8453	-351.255	173.4097	0.9179756
5184	-183.6307	-357.0405	173.4097	0.9179756
5190	-177.1078	-350.3212	173.2134	1.112075
5196	-173.613	-347.192	173.579	0.6921452
5202	-184.2588	-357.8687	173.6099	0.6284078
5208	-180.2354	-353.854	173.6186	0.6054802
5214	-173.5164	-347.0655	173.549	0.7417826
5220	-169.9968	-343.3771	173.3803	0.9496863
5226	-176.6965	-350.2762	173.5796	0.6910366
5232	-186.6145	-360.1186	173.5041	0.805299
5238	-184.955	-358.4663	173.5113	0.7958073
5244	-175.9962	-349.6074	173.6112	0.6252165
5250	-176.4634	-349.9171	173.4537	0.8679821
5256	-177.7802	-351.3911	173.611	0.6257309
5262	-180.1755	-353.7806	173.6051	0.6397023
5268	-175.8916	-349.4585	173.5669	0.713224
5274	-174.8346	-348.4223	173.5877	0.6760249
5280	-183.4211	-357.0214	173.6003	0.6504669
5286	-177.6409	-351.1212	173.4803	0.8358415
5292	-173.735	-347.2569	173.5219	0.781328
5298	-175.6903	-349.3171	173.6268	0.4285236
5304	-172.4846	-346.0356	173.551	0.3192528
5310	-174.2547	-347.7011	173.4464	0.8765915
5316	-183.602	-357.236	173.634	0.5468784
5322	-167.0663	-340.7003	173.634	0.5467646
5328	-167.7225	-341.2875	173.565	0.7162772
5334	-178.0263	-351.4327	173.4064	0.9216776
5340	-186.963	-360.3039	173.3409	0.9903637
5346	-172.5602	-346.1	173.5398	0.755651
5352	-173.5884	-347.182	173.5935	0.6645582
5358	-171.7569	-345.3777	173.6207	0.5991199
5364	-172.4071	-345.8385	173.4314	0.8937872
5370	-179.5116	-353.146	173.6344	0.4580871
5376	-185.882	-359.2811	173.3992	0.9294941
5382	-169.1703	-342.7432	173.5729	0.7029675
5388	-176.7784	-350.3113	173.533	0.7656478
5394	-175.5231	-349.0561	173.533	0.7656478
5400	-180.2937	-353.8573	173.5635	0.718758
5406	-173.5096	-347.0573	173.5477	0.7438426
5412	-174.8021	-348.4335	173.6314	0.4442678
5418	-173.5263	-347.0971	173.5709	0.7064497
5424	-176.7209	-350.3184	173.5975	0.6563579
5430	-179.8788	-353.4224	173.5436	0.7499403
5436	-182.0919	-355.5087	173.4168	0.9102156
5442	-171.015	-344.6491	173.634	0.5466696
5448	-175.414	-349.0465	173.6326	0.5546291
5454	-173.713	-347.3506	173.6377	0.5154117
5460	-183.1788	-356.7358	173.557	0.7292709
5466	-182.4771	-356.087	173.6099	0.6284003
5472	-185.3366	-358.8989	173.5623	0.7207365
5478	-172.4142	-346.0488	173.6346	0.5434918
5484	-178.4149	-352.0455	173.6306	0.5639335
5490	-174.7011	-348.1858	173.4848	0.8302135
5496	-182.0001	-355.5042	173.504	0.8054727
5502	-174.5304	-348.0596	173.5292	0.7709567
5508	-179.7964	-353.2825	173.4861	0.828505
5514	-175.975	-349.5996	173.6246	0.5869834
5520	-169.5063	-343.1011	173.5948	0.661992
5526	-173.1125	-346.7242	173.6116	0.6241095
5532	-186.7626	-360.1474	173.3848	0.9448885
5538	-188.6914	-362.2792	173.5878	0.6758493
5544	-173.0147	-346.5525	173.5378	0.7586706
5550	-177.2039	-350.8312	173.6272	0.5774805
5556	-179.6544	-353.2566	173.6023	0.6461569
5562	-175.01	-348.6066	173.5966	0.6583349
5568	-169.2178	-342.841	173.6232	0.5914305
5574	-179.8853	-353.4807	173.5954	0.6607851
5580	-189.4082	-363.0095	173.6014	0.648073
5586	-183.2764	-356.8616	173.5851	0.6809316
5592	-181.3775	-355.0156	173.6381	0.5038711
5598	-178.7545	-352.2307	173.4762	0.8409203
5604	-170.9005	-344.5357	173.6352	0.5393022
5610	-175.5432	-349.176	173.6329	0.5531004
5616	-175.8585	-349.4966	173.6381	0.5014806
5622	-184.3637	-358.0018	173.6381	0.4961891
5628	-185.1992	-358.7232	173.524	0.7783948
5634	-179.3287	-352.845	173.5164	0.7889021
5640	-183.919	-357.4201	173.5012	0.8092192
5646	-175.5058	-349.094	173.5882	0.6751177
5652	-180.8586	-354.3027	173.444	0.8793064
5658	-178.3626	-351.9938	173.6312	0.5613541
5664	-180.0327	-353.5313	173.4986	0.812495
5670	-170.2201	-343.8504	173.6304	0.4403381
5676	-170.2548	-343.8693	173.6144	0.6168598
5682	-179.748	-353.3704	173.6224	0.5939652
5688	-174.7979	-348.4203	173.6224	0.5939926
5694	-174.0927	-347.7151	173.6224	0.5939926
5700	-165.9722	-339.5657	173.5936	0.6644692
