Iteration	Posterior	Likelihood	Prior	part_rate_trans	tree_length
0	-1605.785	-1777.224	171.4391	0.6200515	1.976834
6	-1616.614	-1788.401	171.7868	0.5163212	1.811008
12	-1613.757	-1785.704	171.9465	0.9852155	1.349712
18	-1615.542	-1787.262	171.7202	1.056475	1.46988
24	-1610.692	-1782.58	171.8887	1.056475	1.339044
30	-1612.22	-1784.074	171.8539	1.06013	1.363706
36	-1615.714	-1787.458	171.7435	0.8474011	1.607555
42	-1624.054	-1795.848	171.7939	0.7665473	1.629582
48	-1626.785	-1798.596	171.8116	0.7708437	1.613679
54	-1624.499	-1796.17	171.6703	0.7431482	1.734172
60	-1606.745	-1778.236	171.4913	0.6482824	1.922749
66	-1610.472	-1782.014	171.5423	0.7359479	1.828198
72	-1620.917	-1792.734	171.817	0.7614913	1.616553
78	-1631.67	-1803.48	171.8101	0.8360829	1.567172
84	-1644.008	-1816.016	172.0073	0.8792441	1.385338
90	-1636.091	-1807.807	171.7156	0.8585565	1.619643
96	-1626.582	-1798.298	171.7156	0.8585565	1.619643
102	-1622.573	-1794.161	171.5884	0.8893623	1.688762
108	-1630.571	-1801.811	171.2397	0.7911243	1.995749
114	-1625.18	-1796.719	171.5392	0.670421	1.875175
120	-1615.399	-1786.987	171.5887	0.6346537	1.865804
126	-1609.877	-1781.639	171.7624	0.7551746	1.660395
132	-1612.891	-1784.607	171.7163	0.7079996	1.726536
138	-1615.609	-1787.218	171.6091	0.9741026	1.613137
144	-1605.319	-1776.75	171.4318	0.9177306	1.778888
150	-1612.254	-1784.091	171.8372	0.7462448	1.61294
156	-1607.339	-1779.168	171.8288	0.7763346	1.597175
162	-1620.003	-1791.857	171.8538	0.751344	1.597175
168	-1619.276	-1791.137	171.8615	0.786228	1.56609
174	-1617.895	-1789.647	171.7517	0.8596677	1.592694
180	-1616.816	-1788.471	171.6544	0.8611587	1.661794
186	-1619.155	-1790.782	171.6268	0.8111438	1.716949
192	-1626.451	-1798.045	171.5945	0.8053142	1.743774
198	-1621.194	-1792.872	171.6788	0.782986	1.700094
204	-1619.289	-1791.102	171.8125	0.8106237	1.584102
210	-1626.873	-1798.468	171.5954	0.7473762	1.783586
216	-1621.391	-1792.953	171.5615	0.7473762	1.807041
222	-1631.512	-1803.101	171.5886	0.7856421	1.761666
228	-1639.934	-1811.159	171.2258	0.8207539	1.985253
234	-1624.553	-1796.116	171.5629	0.7672802	1.792273
240	-1634.281	-1805.927	171.6465	0.7922144	1.716375
246	-1629.115	-1800.748	171.6333	0.8054944	1.716375
252	-1627.262	-1799.245	171.9829	0.8142405	1.454352
258	-1628.109	-1799.646	171.5362	1.075161	1.59264
264	-1621.575	-1793.496	171.9213	0.6808661	1.599371
270	-1621.094	-1792.582	171.4882	0.6361706	1.932974
276	-1607.235	-1779.11	171.8751	0.7915953	1.552108
282	-1616.395	-1788.375	171.9796	0.7772637	1.484905
288	-1614.006	-1785.804	171.7982	0.6504261	1.709414
294	-1620.808	-1792.342	171.5336	0.9648709	1.674018
300	-1627.888	-1799.588	171.6993	1.059094	1.483698
306	-1624.694	-1796.488	171.7939	1.026453	1.436645
312	-1628.584	-1800.293	171.7093	1.053979	1.480043
318	-1622.749	-1794.458	171.7093	1.053979	1.480043
324	-1615.163	-1786.725	171.5614	0.724647	1.822829
330	-1618.715	-1790.173	171.4582	0.713964	1.900656
336	-1611.83	-1783.335	171.5054	0.7593043	1.837471
342	-1613.997	-1785.503	171.5054	0.7593043	1.837471
348	-1620.623	-1792.121	171.4981	0.6807349	1.896152
354	-1621.069	-1792.53	171.4609	0.8261794	1.822105
360	-1625.009	-1796.524	171.5156	1.311515	1.431446
366	-1630.73	-1802.238	171.5083	1.139909	1.565696
372	-1623.7	-1795.872	172.1716	0.8926333	1.241836
378	-1619.643	-1791.787	172.1438	0.9343908	1.230075
384	-1630.831	-1802.639	171.8078	1.090633	1.375993
390	-1614.26	-1785.886	171.6264	0.8261263	1.706622
396	-1626.723	-1798.466	171.7438	0.8659759	1.593809
402	-1614.434	-1786.331	171.8973	0.8131682	1.519633
408	-1619.902	-1791.291	171.3893	0.8685957	1.842149
414	-1626.306	-1798.034	171.7284	0.7987511	1.653532
420	-1625.31	-1796.856	171.5462	0.80698	1.7763
426	-1638.232	-1809.8	171.5682	0.691484	1.840945
432	-1621.689	-1793.264	171.5757	0.8026206	1.758792
438	-1617.677	-1789.458	171.7814	0.8187914	1.600791
444	-1618.761	-1790.263	171.5021	0.8254699	1.794111
450	-1617.726	-1789.49	171.7641	0.7400388	1.669995
456	-1628.119	-1799.85	171.7311	0.7053661	1.717966
462	-1613.499	-1785.406	171.9074	0.7200929	1.580882
468	-1618.35	-1789.948	171.5984	0.924498	1.656561
474	-1610.256	-1781.936	171.6797	0.7727299	1.706689
480	-1607.041	-1778.519	171.478	0.8279224	1.809108
486	-1606.181	-1777.868	171.687	0.9162066	1.598613
492	-1617.376	-1789.128	171.752	0.7607654	1.663784
498	-1614.406	-1785.993	171.5862	0.7952037	1.756621
504	-1615.273	-1786.752	171.4793	0.8714352	1.778009
510	-1619.128	-1790.838	171.7099	0.7926834	1.671088
516	-1610.587	-1782.346	171.7592	0.7720536	1.650582
522	-1626.579	-1798.708	172.1286	0.8980277	1.273059
528	-1610.537	-1782.077	171.54	0.7697308	1.806443
534	-1607.526	-1779.145	171.6185	0.665624	1.824151
540	-1611.405	-1783	171.5941	0.6834279	1.828691
546	-1616.973	-1788.513	171.5399	0.8411617	1.756875
552	-1634.82	-1806.518	171.6979	0.9548215	1.562391
558	-1628.172	-1799.825	171.6533	0.9173819	1.62219
564	-1619.965	-1791.539	171.574	0.8106601	1.754392
570	-1616.093	-1787.506	171.413	0.7052465	1.937111
576	-1608.726	-1780.476	171.7494	0.825795	1.61892
582	-1624.474	-1796.396	171.9221	0.8936083	1.440131
588	-1622.522	-1794.068	171.5456	0.9264273	1.692823
594	-1627.681	-1799.705	172.0239	0.8403966	1.402684
600	-1631.176	-1802.585	171.4088	0.784848	1.88607
606	-1624.532	-1796.001	171.4691	0.7119844	1.894588
612	-1619.939	-1791.494	171.5546	0.9508247	1.669037
618	-1611.037	-1782.888	171.8512	0.9523237	1.449462
624	-1616.853	-1788.721	171.8689	0.6902388	1.630537
630	-1614.371	-1785.938	171.5676	0.7417337	1.80675
636	-1621.434	-1793.181	171.7478	1.001452	1.490603
642	-1619.286	-1791.022	171.7352	0.9703378	1.523345
648	-1628.425	-1800.27	171.8452	0.7392064	1.612266
654	-1625.174	-1796.609	171.4348	0.7083275	1.920341
660	-1615.739	-1787.497	171.7578	0.8120757	1.622762
666	-1627.821	-1799.504	171.6829	0.9642053	1.566491
672	-1624.148	-1795.96	171.8116	0.8053765	1.58859
678	-1622.692	-1794.433	171.7401	0.6350767	1.760981
684	-1619.901	-1791.245	171.3442	0.694807	1.990297
690	-1619.799	-1791.255	171.4554	0.6860102	1.92146
696	-1606.975	-1778.683	171.7079	0.8373405	1.640515
702	-1618.117	-1789.766	171.6493	0.8959179	1.640515
708	-1626.493	-1798.268	171.7751	0.8058619	1.614768
714	-1621.988	-1793.822	171.8341	1.025689	1.40617
720	-1624.368	-1795.857	171.4887	1.003083	1.678795
726	-1628.117	-1799.525	171.4085	0.6721152	1.962418
732	-1621.423	-1792.823	171.3992	0.6813966	1.962418
738	-1621.529	-1792.944	171.4148	0.7274325	1.920959
744	-1624.868	-1796.317	171.4489	0.8314883	1.82671
750	-1628.456	-1799.892	171.4362	0.6899677	1.931764
756	-1620.267	-1791.733	171.4661	0.7427088	1.875713
762	-1623.24	-1794.638	171.3975	0.7161317	1.940208
768	-1621.973	-1793.42	171.4474	0.7188878	1.904676
774	-1618.272	-1789.894	171.6226	0.8765952	1.673535
780	-1623.816	-1795.209	171.3936	0.694963	1.957104
786	-1609.965	-1781.554	171.5885	0.9762896	1.626423
792	-1613.521	-1785.19	171.6693	0.9547274	1.583428
798	-1618.585	-1790.392	171.8071	0.8034586	1.593235
804	-1616.673	-1788.441	171.7688	0.8356115	1.597736
810	-1617.069	-1788.569	171.5002	0.6575576	1.910399
816	-1615.058	-1786.474	171.4154	0.9083318	1.796787
822	-1610.004	-1781.668	171.6643	0.6650538	1.792868
828	-1603.943	-1775.626	171.6831	0.6462977	1.792868
834	-1606.784	-1778.133	171.3492	0.5710454	2.069043
840	-1616.716	-1788.323	171.607	0.7204903	1.794182
846	-1621.76	-1793.336	171.5757	0.6854993	1.839885
852	-1623.588	-1795.218	171.63	0.6914472	1.798351
858	-1615.658	-1787.507	171.8491	0.7561365	1.597119
864	-1621.593	-1793.486	171.8938	0.7030466	1.603258
870	-1614.722	-1786.27	171.5476	0.7034892	1.846847
876	-1604.78	-1776.328	171.5476	0.7034892	1.846847
882	-1601.985	-1773.847	171.8616	0.7645176	1.581881
888	-1607.11	-1778.836	171.7258	0.8667339	1.606325
894	-1609.973	-1781.475	171.5016	0.9125497	1.733688
900	-1628.374	-1800.112	171.738	0.6563596	1.747575
906	-1614.252	-1786.002	171.7502	0.7831165	1.649062
912	-1626.689	-1798.573	171.8836	0.7831165	1.552068
918	-1621.556	-1793.402	171.8458	0.8240875	1.549719
924	-1619.885	-1791.667	171.7821	0.8750042	1.559171
930	-1631.051	-1802.659	171.6073	0.9838827	1.607309
936	-1638.048	-1809.807	171.7599	0.7331764	1.677884
942	-1624.77	-1796.365	171.5952	0.7239947	1.799892
948	-1619.412	-1791.099	171.687	0.8080463	1.676447
954	-1626.524	-1798.236	171.7123	0.7827202	1.676447
960	-1630.19	-1801.996	171.8067	0.7638626	1.62231
966	-1630.029	-1801.842	171.8125	0.7637251	1.618164
972	-1633.007	-1804.805	171.7976	0.9488062	1.492743
978	-1621.87	-1793.193	171.3227	0.6867652	2.009992
984	-1619.172	-1790.795	171.6232	0.6996648	1.797401
990	-1619.295	-1790.783	171.4881	0.6817392	1.90223
996	-1610.821	-1782.635	171.8135	0.8473735	1.556412
1002	-1617.835	-1789.465	171.6298	0.7783316	1.737904
1008	-1624.817	-1796.5	171.683	1.130935	1.441491
1014	-1606.725	-1778.523	171.7986	0.8936442	1.533223
1020	-1605.993	-1777.64	171.647	0.8936442	1.643842
1026	-1605.393	-1776.826	171.4335	0.7504918	1.892608
1032	-1613.173	-1784.801	171.6287	0.9652788	1.605343
1038	-1610.231	-1782.034	171.8028	0.9203585	1.510153
1044	-1614.732	-1786.374	171.6423	1.01306	1.560443
1050	-1618.737	-1790.256	171.519	1.01306	1.649976
1056	-1624.545	-1796.069	171.5239	1.007973	1.650114
1062	-1637.11	-1808.751	171.6403	1.073326	1.517282
1068	-1621.487	-1792.977	171.4899	0.6539695	1.919841
1074	-1616.877	-1788.368	171.491	0.7313096	1.866555
1080	-1618.73	-1790.546	171.8167	0.8682566	1.538622
1086	-1617.81	-1789.603	171.7929	0.8196576	1.591765
1092	-1625.327	-1797.023	171.6961	0.6251176	1.798484
1098	-1621.531	-1793.243	171.7116	0.9549261	1.552214
1104	-1610.715	-1782.366	171.6502	0.7186018	1.765433
1110	-1630.159	-1801.769	171.611	0.6521596	1.838574
1116	-1623.401	-1795.038	171.6371	0.6734999	1.805885
1122	-1614.071	-1785.637	171.5663	0.6535055	1.86824
1128	-1616.677	-1787.633	170.9554	0.6324911	2.284823
1134	-1625.314	-1797.005	171.6913	0.6267864	1.800667
1140	-1627.223	-1798.9	171.6771	0.6875164	1.76834
1146	-1608.792	-1780.366	171.5748	0.7898063	1.76834
1152	-1609.174	-1780.548	171.3745	0.7090774	1.960434
1158	-1621.456	-1793.098	171.6417	0.8869077	1.652475
1164	-1609.986	-1781.857	171.8707	0.6578693	1.652475
1170	-1613.08	-1784.348	171.2681	0.6578693	2.065294
1176	-1619.532	-1790.893	171.3613	0.5824196	2.05354
1182	-1630.663	-1802.023	171.3595	0.7564602	1.938627
1188	-1631.301	-1802.856	171.5551	0.6630567	1.869348
1194	-1621.7	-1792.784	171.0839	0.6248298	2.207138
1200	-1620.744	-1792.129	171.3842	0.7077884	1.954772
1206	-1619.087	-1790.602	171.5143	0.6466605	1.908264
1212	-1626.621	-1797.587	170.9657	0.5503149	2.330744
1218	-1621.526	-1793.114	171.5883	0.6933769	1.825803
1224	-1616.711	-1788.36	171.6491	0.6797371	1.793219
1230	-1616.883	-1788.616	171.733	0.707567	1.715063
1236	-1611.206	-1782.903	171.6978	0.7428386	1.715063
1242	-1613.948	-1785.341	171.3926	0.7630921	1.911792
1248	-1618.919	-1790.422	171.5037	0.7988524	1.81141
1254	-1619.059	-1790.704	171.6455	0.7808977	1.725113
1260	-1613.957	-1785.538	171.581	0.7857297	1.766907
1266	-1629.101	-1800.902	171.8015	0.9894679	1.459015
1272	-1625.855	-1797.214	171.3586	0.9216849	1.826758
1278	-1615.534	-1787.133	171.5985	0.6818247	1.826758
1284	-1618.44	-1790.295	171.855	0.7549213	1.593693
1290	-1624.104	-1795.809	171.7055	0.7730283	1.688239
1296	-1626.666	-1798.525	171.8585	0.7178616	1.618067
1302	-1618.86	-1790.435	171.5749	0.7321498	1.808317
1308	-1613.26	-1785.06	171.8002	0.8584569	1.558013
1314	-1615.125	-1786.443	171.3182	0.7380936	1.978723
1320	-1621.365	-1792.768	171.4029	0.6534009	1.978723
1326	-1614.502	-1785.951	171.4485	0.9227199	1.763771
1332	-1618.668	-1790.192	171.5241	0.7911446	1.80263
1338	-1611.064	-1782.714	171.6499	0.7731126	1.727462
1344	-1613.998	-1785.572	171.5741	0.79221	1.767158
1350	-1625.676	-1797.105	171.4294	0.7610833	1.888201
1356	-1613.066	-1784.931	171.8643	0.7885777	1.562253
1362	-1625.046	-1796.507	171.4604	0.7050452	1.905183
1368	-1625.289	-1797.01	171.722	0.7050452	1.724632
1374	-1634.485	-1805.995	171.5108	0.7204339	1.86043
1380	-1609.538	-1781.282	171.7435	0.6898074	1.720202
1386	-1606.532	-1778.275	171.743	0.8366005	1.615761
1392	-1612.467	-1784.282	171.8142	0.8822153	1.530128
1398	-1617.076	-1789.039	171.9632	0.8479929	1.443599
1404	-1617.202	-1788.927	171.7251	0.766978	1.678545
1410	-1611.067	-1782.754	171.687	1.026958	1.517074
1416	-1608.239	-1779.96	171.721	0.8253076	1.639742
1422	-1605.45	-1777.266	171.816	0.7665422	1.613617
1428	-1604.026	-1775.451	171.425	0.7731898	1.882993
1434	-1598.78	-1770.425	171.6446	0.7731898	1.731109
1440	-1609.738	-1781.545	171.8068	0.822295	1.5797
1446	-1620.198	-1792.129	171.9305	0.7364493	1.551918
1452	-1620.047	-1791.823	171.7766	0.7881468	1.62648
1458	-1624.87	-1796.437	171.5668	0.7302291	1.81524
1464	-1647.068	-1818.706	171.6379	0.9237807	1.628722
1470	-1638.182	-1809.962	171.7795	0.7327654	1.664194
1476	-1630.908	-1802.656	171.7486	1.006721	1.486061
1482	-1623.436	-1795.06	171.6241	0.8983744	1.656834
1488	-1609.458	-1781.24	171.7828	0.9015148	1.539077
1494	-1603.35	-1775.12	171.77	0.9046979	1.546167
1500	-1608.519	-1780.175	171.6557	0.6998348	1.774669
1506	-1622.636	-1794.333	171.6967	0.6585038	1.774909
1512	-1613.284	-1784.835	171.5511	0.7757887	1.794615
1518	-1611.173	-1782.729	171.5566	0.770243	1.794615
1524	-1629.701	-1801.531	171.8304	1.016253	1.416358
1530	-1613.06	-1784.876	171.8165	0.9450281	1.481378
1536	-1618.127	-1789.916	171.7891	0.8142939	1.598493
1542	-1625.102	-1796.826	171.7241	0.8090362	1.649252
1548	-1615.406	-1787.189	171.7834	0.7983611	1.614186
1554	-1618.745	-1790.446	171.7009	0.7777143	1.688142
1560	-1628.286	-1799.787	171.501	0.7735464	1.830749
1566	-1634.025	-1805.622	171.5975	0.7883327	1.753549
1572	-1622.042	-1793.558	171.5157	0.8173012	1.79035
1578	-1610.551	-1782.175	171.6248	0.8384414	1.699043
1584	-1618.363	-1790.068	171.7049	0.7474788	1.706754
1590	-1611.777	-1783.337	171.56	0.8020907	1.770135
1596	-1617.096	-1788.917	171.8205	0.74407	1.626638
1602	-1622.724	-1794.246	171.522	0.8470434	1.765295
1608	-1612.363	-1783.937	171.5738	0.8015115	1.760916
1614	-1615.155	-1786.811	171.6555	0.7763302	1.721241
1620	-1606.156	-1777.62	171.4635	0.9793303	1.713479
1626	-1606.916	-1778.827	171.9111	0.8119354	1.510268
1632	-1609.988	-1781.611	171.6235	0.9450143	1.623731
1638	-1612.856	-1784.783	171.9267	0.7899098	1.515066
1644	-1613.523	-1785.446	171.9229	0.7937248	1.515066
1650	-1607.216	-1779.037	171.8214	0.8952144	1.515066
1656	-1609.797	-1781.543	171.7461	0.8952144	1.570762
1662	-1611.872	-1783.666	171.7938	0.8896656	1.539692
1668	-1619.915	-1791.475	171.5601	0.6960115	1.843362
1674	-1614.26	-1785.952	171.6929	0.7150203	1.738051
1680	-1621.398	-1793.193	171.7948	0.818306	1.591409
1686	-1617.269	-1788.752	171.4826	0.9345631	1.731561
1692	-1619.358	-1791.09	171.7321	0.9345631	1.552097
1698	-1624.565	-1796.189	171.6237	0.9875004	1.592811
1704	-1612.573	-1784.369	171.7956	0.8155254	1.592811
1710	-1607.503	-1779.191	171.6881	0.6332774	1.798384
1716	-1607.371	-1778.716	171.3453	0.6245623	2.036256
1722	-1617.508	-1788.853	171.3453	0.6245623	2.036256
1728	-1624.24	-1795.362	171.1211	0.7077678	2.129016
1734	-1622.652	-1793.853	171.2007	0.5737102	2.164569
1740	-1615.778	-1787.453	171.6747	0.6660001	1.784996
1746	-1610.855	-1782.505	171.6501	0.6906015	1.784996
1752	-1611.556	-1783.153	171.5964	0.6531195	1.847895
1758	-1618.738	-1790.252	171.5147	0.7348212	1.847895
1764	-1606.974	-1778.838	171.8642	0.7348212	1.601679
1770	-1608.777	-1780.623	171.8457	0.8657097	1.518977
1776	-1621.58	-1793.274	171.6946	1.104401	1.452926
1782	-1614.413	-1785.803	171.3892	0.7154129	1.946281
1788	-1621.26	-1792.705	171.4455	0.6717851	1.937753
1794	-1619.842	-1791.496	171.6542	0.6627828	1.80145
1800	-1626.726	-1798.47	171.7444	0.883517	1.580543
1806	-1618.94	-1790.544	171.6038	0.8543555	1.702674
1812	-1625.553	-1797.138	171.5851	0.8994192	1.68393
1818	-1630.785	-1802.452	171.6671	1.024994	1.533301
1824	-1615.005	-1786.86	171.8546	0.8975469	1.488463
1830	-1615.969	-1787.698	171.729	0.8975469	1.581566
1836	-1618.056	-1789.535	171.4787	0.7948773	1.83136
1842	-1604.595	-1776.262	171.6666	0.773789	1.715198
1848	-1604.479	-1775.834	171.3547	0.8159586	1.901684
1854	-1610.633	-1782.342	171.7092	0.8750245	1.612411
1860	-1605.471	-1777.188	171.7177	0.7908026	1.666886
1866	-1609.044	-1780.518	171.4736	0.7342667	1.876389
1872	-1616.938	-1788.564	171.6257	0.5821726	1.876389
1878	-1607.981	-1779.696	171.7152	0.8720417	1.610234
1884	-1608.292	-1780.079	171.7863	0.8024479	1.609117
1890	-1618.118	-1789.688	171.5704	0.9357905	1.668482
1896	-1609.327	-1780.986	171.6587	0.8780398	1.646642
1902	-1632.857	-1804.538	171.6804	0.7650446	1.711671
1908	-1616.693	-1788.245	171.5515	0.6632765	1.871662
1914	-1622.112	-1793.538	171.4267	0.788125	1.871662
1920	-1626.149	-1797.455	171.306	0.7715424	1.964483
1926	-1633.651	-1805.288	171.6367	0.8077636	1.712318
1932	-1628.822	-1800.715	171.8933	0.8042098	1.529308
1938	-1615.266	-1787.045	171.7789	0.8063227	1.611689
1944	-1613.354	-1785.084	171.7302	0.8005827	1.65091
1950	-1614.163	-1785.671	171.5075	0.8005827	1.80761
1956	-1614.236	-1785.92	171.684	0.6216267	1.809303
1962	-1611.399	-1782.937	171.538	0.5671004	1.945941
1968	-1609.519	-1781.231	171.7124	0.858697	1.621856
1974	-1610.037	-1781.763	171.7267	0.9153405	1.570202
1980	-1614.924	-1786.408	171.484	0.7823741	1.836325
1986	-1608.175	-1779.594	171.4194	0.6962061	1.938925
1992	-1618.467	-1790.073	171.6055	0.8663867	1.692919
1998	-1620.188	-1792.093	171.9048	0.8843899	1.460386
2004	-1614.748	-1786.158	171.4101	0.7538848	1.906208
2010	-1622.155	-1793.527	171.3723	0.7102087	1.961164
2016	-1621.444	-1793.157	171.7132	1.055375	1.476011
2022	-1624.292	-1796.096	171.804	0.7743819	1.616635
2028	-1628.725	-1800.084	171.3592	0.6357808	2.019603
2034	-1615.859	-1787.152	171.2928	0.6012027	2.08638
2040	-1616.312	-1787.514	171.2021	0.6405184	2.120055
2046	-1617.984	-1789.758	171.7741	0.6395536	1.734022
2052	-1610.632	-1782.422	171.79	0.6688967	1.702168
2058	-1599.2	-1770.914	171.7144	0.8209114	1.647685
2064	-1600.693	-1772.387	171.6941	0.6866949	1.757095
2070	-1614.618	-1785.895	171.2775	0.6022623	2.095677
2076	-1610.603	-1782.251	171.6471	0.6864834	1.789959
2082	-1605.399	-1777.153	171.7538	0.7193139	1.692089
2088	-1611.798	-1783.542	171.744	0.7503767	1.676969
2094	-1623.657	-1795.207	171.5495	0.8938649	1.713123
2100	-1635.816	-1807.319	171.5029	1.047129	1.637085
2106	-1628.134	-1799.67	171.5368	1.047129	1.612595
2112	-1617.633	-1789.603	171.9705	0.8467404	1.438973
2118	-1612.576	-1784.393	171.8176	0.7362108	1.634336
2124	-1606.629	-1778.438	171.8093	0.8365933	1.567382
2130	-1603.867	-1775.646	171.7793	0.7419285	1.657795
2136	-1615.044	-1786.64	171.5962	0.7507944	1.78066
2142	-1619.954	-1791.39	171.4362	0.9107341	1.78066
2148	-1618.19	-1789.956	171.7661	0.8290047	1.604463
2154	-1615.337	-1786.934	171.5972	0.8149622	1.7351
2160	-1620.131	-1791.904	171.7733	0.859601	1.576955
2166	-1620.29	-1791.907	171.6175	0.859601	1.689236
2172	-1629.728	-1801.513	171.7852	0.7619897	1.639138
2178	-1634.601	-1806.309	171.7074	0.9589028	1.552418
2184	-1636.12	-1807.771	171.6514	0.8613014	1.663863
2190	-1625.725	-1797.085	171.3598	0.7511621	1.942012
2196	-1617.687	-1788.941	171.2546	0.767766	2.001387
2202	-1627.155	-1798.639	171.4835	0.7453385	1.862099
2208	-1615.626	-1787.29	171.6645	0.7358426	1.743374
2214	-1614.314	-1785.816	171.5022	0.8981882	1.743374
2220	-1605.493	-1777.156	171.6626	1.164799	1.431174
2226	-1612.329	-1784.041	171.7121	1.164799	1.392889
2232	-1610.756	-1782.53	171.7739	1.129041	1.372461
2238	-1614.897	-1786.537	171.6401	1.129041	1.475603
2244	-1617.2	-1788.856	171.6559	0.709259	1.767994
2250	-1619.765	-1791.212	171.4468	0.8719407	1.800199
2256	-1614.345	-1785.851	171.5067	0.7731671	1.827031
2262	-1615.563	-1787.328	171.7653	0.7201592	1.683286
2268	-1614.032	-1785.772	171.7403	0.859434	1.601094
2274	-1620.119	-1791.478	171.3592	0.6669346	1.998858
2280	-1618.866	-1790.395	171.529	0.6187002	1.917214
2286	-1621.932	-1793.476	171.544	0.5715392	1.938967
2292	-1637.069	-1808.62	171.5509	0.7815958	1.790666
2298	-1621.209	-1792.734	171.5252	0.818516	1.782922
2304	-1621.601	-1793.221	171.6205	0.7243938	1.782104
2310	-1612.516	-1784.25	171.7339	0.7243938	1.702571
2316	-1617.064	-1788.79	171.7259	0.7281137	1.705573
2322	-1614.589	-1785.869	171.2803	0.7556093	1.992312
2328	-1608.652	-1780.132	171.4792	0.8135139	1.81819
2334	-1611.693	-1783.465	171.7718	0.7079609	1.687369
2340	-1615.183	-1787.005	171.8219	0.7065189	1.652642
2346	-1609.51	-1781.213	171.703	0.9894165	1.533089
2352	-1616.813	-1788.634	171.8212	0.9894165	1.444045
2358	-1612.123	-1783.636	171.5127	0.8778958	1.750193
2364	-1606.679	-1778.327	171.6488	0.968082	1.588655
2370	-1608.228	-1780.304	172.0762	0.6934675	1.475236
2376	-1606.743	-1778.285	171.5416	0.7321617	1.831238
2382	-1613.032	-1784.438	171.4058	1.03667	1.713764
2388	-1610.767	-1782.4	171.6327	0.9909389	1.583714
2394	-1617.77	-1789.492	171.7222	0.9266569	1.565252
2400	-1608.614	-1780.389	171.7745	0.9126964	1.536963
2406	-1629.472	-1801.083	171.6106	0.9946591	1.59708
2412	-1624.101	-1795.914	171.8133	0.761543	1.619202
2418	-1626.266	-1797.835	171.569	0.8343562	1.741278
2424	-1608.654	-1780.357	171.7025	0.6632132	1.767579
2430	-1613.628	-1785.211	171.5824	1.006175	1.609213
2436	-1607.515	-1779.262	171.7471	0.9472104	1.531652
2442	-1610.56	-1782.341	171.7805	0.7819722	1.628129
2448	-1622.971	-1794.757	171.7866	0.8275933	1.590582
2454	-1619.96	-1791.527	171.5666	0.7189206	1.823142
2460	-1620.648	-1792.036	171.3878	0.645504	1.994104
2466	-1619.559	-1791.112	171.5533	0.7177156	1.833124
2472	-1622.389	-1793.966	171.5772	0.6938437	1.833124
2478	-1614.377	-1785.909	171.5312	0.6938437	1.864638
2484	-1615.722	-1787.391	171.6685	0.8233074	1.678758
2490	-1613.088	-1784.598	171.5105	0.7401903	1.847074
2496	-1621.689	-1793.359	171.6697	0.9336162	1.598557
2502	-1626.078	-1797.711	171.6337	0.6354082	1.834444
2508	-1635.305	-1806.716	171.4109	0.743114	1.912991
2514	-1625.243	-1796.836	171.5921	0.6926291	1.823688
2520	-1626.412	-1797.849	171.4369	0.9982708	1.718876
2526	-1623.88	-1795.545	171.6658	0.9982708	1.554067
2532	-1623.38	-1795.085	171.705	1.054847	1.482603
2538	-1623.892	-1795.792	171.8997	0.9363993	1.424509
2544	-1615.462	-1787.241	171.7793	0.9577411	1.499801
2550	-1616.588	-1788.325	171.7373	0.9659077	1.525034
2556	-1627.993	-1799.603	171.6105	1.010786	1.585441
2562	-1621.37	-1793.11	171.7404	0.7329458	1.691924
2568	-1632.349	-1804.016	171.6665	0.8730866	1.644629
2574	-1622.931	-1794.553	171.6218	1.060604	1.540484
2580	-1610.164	-1782.145	171.9817	0.8233757	1.448321
2586	-1612.819	-1784.535	171.7156	0.9433193	1.557808
2592	-1621.189	-1792.636	171.4466	0.7291162	1.89827
2598	-1622.091	-1793.673	171.5815	0.6689974	1.847265
2604	-1627.279	-1798.845	171.5664	0.729738	1.815877
2610	-1615.256	-1787.176	171.92	0.8244233	1.494259
2616	-1623.374	-1795.118	171.7445	0.846843	1.607256
2622	-1612.945	-1784.405	171.4599	0.7742893	1.858391
2628	-1615.875	-1787.685	171.8102	0.8902769	1.52708
2634	-1609.605	-1781.311	171.7054	0.7900574	1.67614
2640	-1615.126	-1786.92	171.794	0.7591937	1.634822
2646	-1615.238	-1786.768	171.5301	0.7591937	1.820558
2652	-1613.118	-1784.802	171.6842	0.716172	1.743389
2658	-1613.639	-1785.273	171.6336	0.8279534	1.700248
2664	-1634.171	-1805.426	171.2546	0.6109048	2.105044
2670	-1623.433	-1795.221	171.7879	0.8201062	1.59511
2676	-1613.901	-1785.208	171.3062	0.754123	1.976033
2682	-1610.236	-1781.939	171.7029	0.948373	1.563481
2688	-1616.14	-1787.579	171.4382	0.7575879	1.884584
2694	-1616.249	-1787.71	171.4608	0.8426138	1.8108
2700	-1615.727	-1787.507	171.7802	0.7876692	1.62421
2706	-1611.352	-1782.821	171.469	0.7876692	1.843011
2712	-1619.492	-1791.275	171.7831	0.7394839	1.656797
2718	-1631.719	-1803.218	171.4991	0.7394839	1.855395
2724	-1620.856	-1792.153	171.297	0.672852	2.036307
2730	-1617.122	-1788.949	171.827	0.7810716	1.595089
2736	-1620.215	-1791.883	171.6679	0.9401664	1.595089
2742	-1635.011	-1806.847	171.8358	1.001113	1.423893
2748	-1628.509	-1800.272	171.7622	0.9355223	1.529164
2754	-1614.088	-1785.874	171.7855	0.9191151	1.524005
2760	-1620.366	-1792.068	171.7025	0.66103	1.769134
2766	-1621.65	-1792.79	171.1401	0.7216016	2.107546
2772	-1611.274	-1782.612	171.3378	0.6900642	1.997741
2778	-1626.759	-1797.908	171.149	0.721741	2.101597
2784	-1631.787	-1803.298	171.51	0.8480512	1.772905
2790	-1624.682	-1796.229	171.5465	0.6866783	1.859113
2796	-1633.087	-1804.349	171.262	0.6382096	2.082263
2802	-1632.262	-1803.773	171.5105	0.6436573	1.912846
2808	-1632.669	-1804.296	171.6267	0.7166062	1.783163
2814	-1622.857	-1794.5	171.6425	0.820153	1.699457
2820	-1617.938	-1789.602	171.6645	0.9783211	1.569643
2826	-1616.033	-1787.632	171.599	0.8174159	1.73211
2832	-1605.285	-1777.061	171.7758	0.8089817	1.611949
2838	-1607.47	-1779.037	171.5673	0.8042944	1.76347
2844	-1614.783	-1786.178	171.3953	0.839368	1.858069
2850	-1612.485	-1784.323	171.8376	0.7669023	1.597693
2856	-1617.852	-1789.456	171.6044	0.7669023	1.763719
2862	-1616.698	-1788.449	171.7511	0.944604	1.530606
2868	-1618.119	-1789.705	171.5864	0.7448531	1.791586
2874	-1626.875	-1798.562	171.6871	0.7448531	1.721181
2880	-1622.64	-1794.336	171.6959	0.8157849	1.664604
2886	-1624.136	-1795.735	171.5998	0.8948661	1.676705
2892	-1632.738	-1804.616	171.8785	0.7617937	1.571482
2898	-1630.104	-1801.667	171.5624	0.7617937	1.796418
2904	-1621.083	-1792.635	171.5519	0.7719133	1.796745
2910	-1627.112	-1798.711	171.5989	0.7342218	1.790251
2916	-1611.059	-1782.673	171.6137	0.6974124	1.805497
2922	-1622.27	-1793.954	171.6834	0.8159303	1.673409
2928	-1616.097	-1787.731	171.6343	0.7983656	1.720672
2934	-1612.843	-1784.536	171.6933	0.7393609	1.720672
2940	-1607.23	-1779.09	171.8597	0.9560647	1.44014
2946	-1613.148	-1784.58	171.4323	0.6404948	1.967655
2952	-1611.298	-1782.73	171.4323	0.6404948	1.967655
2958	-1612.023	-1783.724	171.7017	0.6404948	1.783979
2964	-1611.203	-1782.868	171.6649	0.7172674	1.756095
2970	-1615.566	-1787.446	171.8808	0.9322289	1.44225
2976	-1618.82	-1790.594	171.7733	0.785258	1.630913
2982	-1630.324	-1802.131	171.8063	0.75386	1.629775
2988	-1621.101	-1792.659	171.5572	0.8622785	1.729961
2994	-1622.463	-1794.281	171.8177	0.8874403	1.523596
3000	-1616.96	-1788.642	171.6817	0.7345957	1.732164
3006	-1623.482	-1794.781	171.2992	0.7802027	1.96322
3012	-1628.004	-1799.325	171.3203	0.7715243	1.95491
3018	-1619.917	-1791.431	171.5141	0.6655206	1.895631
3024	-1614.553	-1786.047	171.494	0.7804273	1.830787
3030	-1606.686	-1778.38	171.6937	0.5981755	1.818777
3036	-1610.306	-1781.984	171.6783	0.951104	1.57949
3042	-1616.316	-1788.017	171.7011	0.6444984	1.78157
3048	-1597.843	-1769.478	171.6345	0.7796696	1.733667
3054	-1607.69	-1779.332	171.6423	0.9577904	1.600873
3060	-1606.423	-1778.165	171.7422	0.8464072	1.609244
3066	-1604.256	-1775.945	171.6894	0.6960043	1.753833
3072	-1601.442	-1772.878	171.4358	0.6600374	1.952221
3078	-1614.749	-1786.271	171.5218	0.7854477	1.808189
3084	-1607.752	-1779.303	171.5508	0.77479	1.795516
3090	-1614.255	-1785.988	171.7325	0.6757446	1.737847
3096	-1620.101	-1791.644	171.5431	0.65957	1.879946
3102	-1614.151	-1785.543	171.3915	0.65957	1.982214
3108	-1616.02	-1787.665	171.6453	0.8084045	1.705782
3114	-1617.215	-1788.839	171.6239	0.7558282	1.757794
3120	-1619.487	-1790.979	171.4921	0.7558282	1.848988
3126	-1619.282	-1790.733	171.4503	0.7780313	1.862425
3132	-1621.666	-1793.317	171.6502	0.913059	1.62753
3138	-1623.741	-1795.536	171.7954	0.9550016	1.489717
3144	-1619.172	-1790.874	171.7024	0.8013371	1.670237
3150	-1622.646	-1794.282	171.6363	0.6354495	1.832676
3156	-1621.324	-1793.142	171.8177	0.5964937	1.733644
3162	-1617.462	-1789.125	171.6632	0.5887964	1.846199
3168	-1611.864	-1783.461	171.597	0.7539972	1.777852
3174	-1612.993	-1784.752	171.7589	0.8196657	1.616487
3180	-1631.254	-1802.828	171.5733	0.8624715	1.718485
3186	-1635.509	-1806.938	171.4295	0.8624715	1.818744
3192	-1625.271	-1796.94	171.6693	0.699376	1.765552
3198	-1619.027	-1790.718	171.6916	0.784237	1.690117
3204	-1624.756	-1796.32	171.5647	0.6351568	1.881808
3210	-1637.326	-1809.272	171.9464	0.8197402	1.477857
3216	-1635.969	-1807.662	171.6922	0.8936441	1.611216
3222	-1616.609	-1788.281	171.6727	0.7186206	1.749696
3228	-1624.674	-1796.388	171.7136	0.6674013	1.756911
3234	-1620.038	-1791.798	171.7605	0.9085336	1.550406
3240	-1613.688	-1785.398	171.7096	0.9344897	1.56876
3246	-1614.965	-1786.726	171.7611	0.7680409	1.6521
3252	-1624.551	-1795.849	171.2985	0.5986129	2.084318
3258	-1626.599	-1797.713	171.1146	0.6409201	2.176801
3264	-1623.449	-1795.052	171.6025	0.7966754	1.744234
3270	-1626.919	-1798.561	171.6422	0.7797848	1.728162
3276	-1625.281	-1796.814	171.5335	0.7864963	1.799331
3282	-1613.041	-1784.573	171.5326	0.8143623	1.780682
3288	-1619.991	-1791.484	171.4931	0.8538129	1.780682
3294	-1622.632	-1794.25	171.6176	0.6962153	1.803613
3300	-1612.917	-1784.585	171.6686	0.752744	1.728621
3306	-1623.828	-1795.77	171.942	1.024632	1.321822
3312	-1626.391	-1797.973	171.5817	0.7467083	1.79353
3318	-1606.756	-1778.62	171.8641	0.7026434	1.625
3324	-1609.303	-1781.121	171.8179	0.6650812	1.685014
3330	-1612.885	-1784.565	171.6803	0.8027355	1.685014
3336	-1614.77	-1786.535	171.7645	0.7976268	1.628381
3342	-1614.936	-1786.497	171.5611	0.9487215	1.665885
3348	-1626.517	-1798.457	171.9397	0.8136974	1.487491
3354	-1619.748	-1791.491	171.7438	0.9717467	1.515831
3360	-1624.94	-1796.652	171.7115	0.9717467	1.539884
3366	-1632.637	-1804.479	171.8422	0.8928426	1.501313
3372	-1629.102	-1800.799	171.6973	0.7631879	1.701
3378	-1629.476	-1800.867	171.3911	0.6377123	1.99711
3384	-1610.561	-1782.172	171.6118	0.7382997	1.778441
3390	-1625.591	-1796.988	171.3976	0.6135347	2.00884
3396	-1617.146	-1788.983	171.8372	0.893469	1.504571
3402	-1615.964	-1787.766	171.8014	0.8731144	1.546301
3408	-1618.234	-1789.63	171.3954	1.032474	1.724016
3414	-1607.949	-1779.851	171.9014	0.900059	1.451094
3420	-1610.636	-1782.617	171.9809	0.7259747	1.522322
3426	-1614.196	-1786.041	171.8453	0.8165864	1.555651
3432	-1621.691	-1793.47	171.7788	0.7480061	1.653772
3438	-1612.094	-1783.399	171.3042	0.5793609	2.093202
3444	-1610.988	-1782.703	171.7149	0.5623836	1.828825
3450	-1625.993	-1797.669	171.6756	0.8563912	1.650023
3456	-1619.826	-1791.198	171.3721	0.7303519	1.947766
3462	-1622.509	-1794.005	171.4964	0.7303519	1.863513
3468	-1620.732	-1791.91	171.1781	0.6851008	2.106551
3474	-1637.626	-1808.848	171.223	0.6402799	2.106551
3480	-1621.297	-1792.753	171.4557	0.6408372	1.951751
3486	-1626.663	-1798.243	171.5804	0.7832927	1.768978
3492	-1629.24	-1800.604	171.364	0.7555215	1.936276
3498	-1605.522	-1777.125	171.6029	0.7083221	1.805432
3504	-1608.836	-1780.815	171.9787	0.8678287	1.416478
3510	-1612.195	-1783.899	171.704	0.8678287	1.62133
3516	-1599.789	-1771.602	171.8137	0.748474	1.62836
3522	-1610.607	-1781.994	171.3875	0.7323625	1.936057
3528	-1613.492	-1784.946	171.454	0.7257586	1.895497
3534	-1613.585	-1785.052	171.4674	0.775197	1.852684
3540	-1612.371	-1783.819	171.4472	0.930327	1.759352
3546	-1617.062	-1788.971	171.9091	0.6795585	1.609201
3552	-1613.095	-1784.842	171.7468	0.9056085	1.562583
3558	-1606.854	-1778.531	171.6772	1.003542	1.541748
3564	-1614.436	-1786.378	171.9413	1.003542	1.339251
3570	-1613.941	-1785.579	171.6375	0.9936725	1.578189
3576	-1610.874	-1782.683	171.8086	0.7816794	1.60797
3582	-1614.655	-1786.42	171.7656	0.8853853	1.56363
3588	-1626.94	-1798.61	171.6708	0.796698	1.696066
3594	-1623	-1794.443	171.4426	0.6457383	1.957223
3600	-1609.902	-1781.482	171.5793	0.6301284	1.875313
3606	-1605.898	-1777.297	171.3992	0.5716596	2.035628
3612	-1610.433	-1782.475	172.042	0.7305559	1.473006
3618	-1614.994	-1786.463	171.4688	0.8076886	1.829377
3624	-1624.561	-1796.096	171.535	0.7394549	1.830809
3630	-1614.08	-1785.7	171.6201	0.6555888	1.829914
3636	-1621.392	-1793.059	171.6667	0.9017423	1.623809
3642	-1603.42	-1775.174	171.7537	0.8601013	1.590908
3648	-1612.304	-1784.155	171.8509	0.6889525	1.644394
3654	-1618.236	-1789.884	171.6486	0.8371262	1.68306
3660	-1611.498	-1783.221	171.7233	0.8794656	1.598898
3666	-1615.829	-1787.166	171.3369	0.7732543	1.942547
3672	-1622.833	-1794.232	171.3988	0.7113947	1.942547
3678	-1625.552	-1796.784	171.2325	0.9236836	1.911474
3684	-1623.767	-1795.4	171.6327	0.8251618	1.70285
3690	-1625.247	-1796.835	171.5878	0.8960999	1.684399
3696	-1623.274	-1794.852	171.5784	0.8960999	1.691053
3702	-1616.856	-1788.622	171.7655	0.7090784	1.691053
3708	-1619.255	-1790.963	171.7087	0.8038114	1.664006
3714	-1623.286	-1794.57	171.2832	0.7175646	2.015762
3720	-1619.833	-1791.308	171.4745	0.718045	1.886845
3726	-1618.72	-1790.332	171.6115	0.7246602	1.788174
3732	-1620.906	-1792.546	171.64	0.7255217	1.767724
3738	-1619.486	-1791.071	171.5854	0.7387958	1.796476
3744	-1612.561	-1784.361	171.8006	0.7538654	1.633905
3750	-1620.005	-1791.553	171.5479	0.8688447	1.731852
3756	-1618.699	-1790.353	171.6541	0.934324	1.609376
3762	-1615.668	-1787.318	171.6501	0.7934568	1.713007
3768	-1605.71	-1777.496	171.7854	0.7758925	1.628941
3774	-1616.873	-1788.36	171.4866	0.8656482	1.776985
3780	-1620.476	-1792.213	171.7364	0.6930807	1.722882
3786	-1614.998	-1786.659	171.6617	0.6956658	1.773417
3792	-1615.99	-1787.752	171.7617	0.6712704	1.720469
3798	-1618.623	-1790.353	171.73	0.9279853	1.558491
3804	-1628.851	-1800.389	171.5377	0.9573997	1.676452
3810	-1630.098	-1801.65	171.552	0.5445494	1.951725
3816	-1622.601	-1794.269	171.6686	0.7005618	1.765182
3822	-1616.092	-1787.694	171.6019	0.6995595	1.812178
3828	-1625.605	-1796.887	171.2827	0.6995595	2.028076
3834	-1614.021	-1785.574	171.5525	0.7827016	1.788785
3840	-1602.262	-1773.912	171.6505	0.6847545	1.788785
3846	-1610.579	-1782.033	171.4531	0.8821536	1.788785
3852	-1608.49	-1780.17	171.6799	0.9726024	1.562543
3858	-1602.844	-1774.651	171.8065	0.701021	1.667544
3864	-1606.805	-1778.417	171.6124	0.7022038	1.803061
3870	-1606.724	-1778.505	171.7812	0.8313545	1.591785
3876	-1625.209	-1796.836	171.627	0.985536	1.591785
3882	-1635.568	-1806.741	171.173	0.6507541	2.132358
3888	-1633.71	-1805.14	171.4295	0.7066741	1.925009
3894	-1630.543	-1802.021	171.4779	0.7811725	1.841328
3900	-1625.024	-1796.703	171.679	0.9431762	1.584802
3906	-1624.61	-1796.01	171.4003	0.7628745	1.906784
3912	-1616.715	-1788.309	171.5942	0.7470072	1.784678
3918	-1613.261	-1784.93	171.6691	0.68563	1.775243
3924	-1606.026	-1777.676	171.6505	0.6689503	1.799714
3930	-1613.116	-1784.539	171.4235	0.6689503	1.954508
3936	-1611.296	-1782.869	171.5724	0.6689503	1.853517
3942	-1623.906	-1795.629	171.7237	0.6802088	1.740902
3948	-1622.832	-1794.267	171.4351	0.7350367	1.902045
3954	-1626.345	-1797.799	171.4544	0.7573806	1.873717
3960	-1617.567	-1789.075	171.5084	0.7573806	1.836743
3966	-1622.998	-1794.604	171.606	0.9455627	1.635962
3972	-1611.041	-1782.84	171.7994	0.8121203	1.592526
3978	-1616.672	-1788.272	171.5999	0.930381	1.651265
3984	-1610.535	-1782.263	171.7286	0.8906456	1.586926
3990	-1610.869	-1782.846	171.9771	0.7355385	1.518017
3996	-1630.769	-1802.365	171.5961	0.8090013	1.740051
4002	-1625.197	-1796.457	171.2594	0.5917714	2.114468
4008	-1626.346	-1797.825	171.4787	0.7579684	1.856714
4014	-1627.447	-1799.19	171.7431	0.8120963	1.633385
4020	-1622.18	-1794.179	171.9986	0.7660771	1.478976
4026	-1616.834	-1788.248	171.414	0.7763401	1.888283
4032	-1609.743	-1781.762	172.0191	0.8181795	1.4236
4038	-1616.82	-1788.689	171.8693	0.9928367	1.404401
4044	-1622.166	-1793.732	171.5662	0.710081	1.82955
4050	-1621.114	-1792.959	171.8449	0.8169943	1.55565
4056	-1625.862	-1797.428	171.5659	0.8169943	1.755593
4062	-1621.428	-1793.262	171.8338	0.9055784	1.497991
4068	-1617.458	-1789.335	171.877	0.6827353	1.63012
4074	-1619.782	-1791.701	171.9192	0.7505141	1.549842
4080	-1618.382	-1790.241	171.8599	0.883322	1.495166
4086	-1612.406	-1784.316	171.9102	0.7629149	1.547377
4092	-1625.714	-1797.572	171.8583	1.115086	1.316379
4098	-1614.758	-1786.616	171.8583	1.115086	1.316379
4104	-1623.335	-1795.077	171.7424	0.9529602	1.530921
4110	-1608.3	-1779.955	171.655	0.826151	1.686377
4116	-1611.754	-1783.525	171.7713	0.987331	1.483555
4122	-1618.862	-1790.844	171.982	0.8758538	1.407696
4128	-1628.085	-1800.212	172.1273	0.7973823	1.355283
4134	-1612.973	-1784.711	171.7377	0.7783313	1.661493
4140	-1615.946	-1787.58	171.6336	0.6265829	1.840627
4146	-1619.18	-1790.295	171.1149	0.6265829	2.185888
4152	-1627.789	-1799.291	171.5022	0.465602	2.037611
4158	-1625.396	-1796.679	171.2835	0.6727634	2.045267
4164	-1618.287	-1789.818	171.5318	0.7756758	1.808004
4170	-1620.19	-1791.681	171.4918	0.7756758	1.835572
4176	-1615.13	-1786.819	171.689	0.6586023	1.780228
4182	-1625.6	-1797.244	171.6432	0.6020423	1.850813
4188	-1615.103	-1786.493	171.3901	0.714241	1.946511
4194	-1625.641	-1797.322	171.6805	0.7090885	1.750887
4200	-1621.315	-1793.085	171.7702	0.8798685	1.564324
4206	-1619.001	-1790.413	171.4124	0.7907558	1.879602
4212	-1619.044	-1790.786	171.7419	0.7638884	1.668795
4218	-1607.668	-1779.577	171.9088	0.8716431	1.467035
4224	-1613.533	-1785.156	171.6232	0.8716431	1.676629
4230	-1616.84	-1788.606	171.7662	0.7285907	1.676629
4236	-1620.405	-1791.952	171.5468	0.6723633	1.868672
4242	-1617.804	-1789.317	171.5128	0.6301882	1.920449
4248	-1626.863	-1798.03	171.1669	0.6900571	2.110646
4254	-1626.936	-1798.607	171.6706	0.7274257	1.745041
4260	-1617.845	-1789.404	171.5594	0.8386276	1.745041
4266	-1617.858	-1789.568	171.7099	0.9538647	1.554284
4272	-1618.09	-1789.595	171.5046	1.094731	1.601431
4278	-1611.011	-1782.447	171.4355	0.7132827	1.916519
4284	-1607.79	-1779.46	171.6704	0.7315771	1.742211
4290	-1597.26	-1769.009	171.7483	0.6992477	1.710187
4296	-1599.097	-1770.636	171.539	0.6817174	1.867579
4302	-1622.181	-1793.422	171.2409	0.7614685	2.014714
4308	-1609.278	-1781	171.7219	0.8081788	1.651433
4314	-1609.787	-1781.219	171.4314	0.7158584	1.917505
4320	-1629.775	-1801.386	171.6108	0.7276109	1.786572
4326	-1611.971	-1783.823	171.8524	0.7074521	1.630023
4332	-1613.551	-1785.309	171.7587	0.945017	1.524646
4338	-1615.3	-1787.24	171.9396	0.8147104	1.486783
4344	-1612.255	-1784.019	171.7639	0.8147104	1.616483
4350	-1613.717	-1785.237	171.5192	0.8329786	1.776994
4356	-1618.503	-1789.783	171.2806	0.9017585	1.893766
4362	-1608.162	-1779.68	171.5186	0.7070371	1.864231
4368	-1610.734	-1782.598	171.8637	0.7247787	1.609328
4374	-1598.962	-1770.752	171.7898	0.582961	1.762699
4380	-1613.082	-1784.739	171.6576	0.7151035	1.762699
4386	-1619.469	-1790.949	171.4799	0.5777388	1.97785
4392	-1613.797	-1785.291	171.4944	0.6035766	1.950772
4398	-1617.134	-1788.711	171.5765	0.8472533	1.726912
4404	-1615.199	-1786.804	171.6058	0.6352759	1.853668
4410	-1603.138	-1774.698	171.5594	0.780508	1.785565
4416	-1617.221	-1788.784	171.5628	0.8828053	1.711559
4422	-1626.465	-1798.009	171.5436	0.8358419	1.758
4428	-1628.656	-1800.142	171.4861	0.6882447	1.89916
4434	-1618.211	-1789.787	171.5768	0.8947419	1.693139
4440	-1621.883	-1793.399	171.5158	0.9044646	1.729424
4446	-1617.319	-1789.064	171.7453	0.8109402	1.632587
4452	-1620.524	-1792.159	171.6352	0.942437	1.617171
4458	-1621.938	-1793.573	171.6349	0.9067899	1.643111
4464	-1621.67	-1793.189	171.5185	0.810398	1.793162
4470	-1618.812	-1790.541	171.7293	0.7915988	1.657963
4476	-1608.957	-1780.735	171.7781	0.7937975	1.621346
4482	-1614.327	-1785.998	171.6707	0.6668278	1.787178
4488	-1611.518	-1783.081	171.5628	0.7122231	1.830412
4494	-1610.584	-1781.891	171.3076	0.6348222	2.054424
4500	-1608.448	-1779.781	171.3332	0.63501	2.037381
4506	-1611.233	-1782.511	171.2776	0.5689187	2.117482
4512	-1610.476	-1781.729	171.2533	0.5617687	2.138088
4518	-1616.706	-1787.876	171.17	0.6673137	2.123527
4524	-1612.674	-1783.851	171.1772	0.6601121	2.123527
4530	-1616.292	-1787.791	171.4991	0.6601121	1.909426
4536	-1616.027	-1787.735	171.7082	0.816115	1.655534
4542	-1619.629	-1791.142	171.5127	0.7165064	1.861804
4548	-1621.729	-1793.607	171.8786	0.7165064	1.604512
4554	-1620.444	-1791.81	171.3663	0.8303082	1.884048
4560	-1629.483	-1800.898	171.4154	0.7768525	1.887009
4566	-1634.582	-1806.157	171.5748	0.9428724	1.660304
4572	-1635.011	-1806.672	171.6612	0.935718	1.603182
4578	-1620.585	-1792.095	171.51	0.5516603	1.975133
4584	-1623.56	-1795.38	171.8204	0.7249978	1.640422
4590	-1629.628	-1801.356	171.7283	0.6063474	1.789189
4596	-1621.932	-1793.23	171.2981	0.6849688	2.027526
4602	-1619.984	-1791.744	171.7606	0.7588729	1.659029
4608	-1612.667	-1784.112	171.4446	1.065615	1.665656
4614	-1612.123	-1783.786	171.6625	0.9279041	1.60792
4620	-1611.932	-1783.715	171.7832	0.8176416	1.600357
4626	-1607.521	-1779.157	171.6357	0.8580296	1.677418
4632	-1613.109	-1784.792	171.6829	0.6910644	1.761842
4638	-1618.915	-1790.598	171.6829	0.6910644	1.761842
4644	-1622.565	-1794.153	171.5881	0.880318	1.695373
4650	-1610.229	-1781.766	171.5371	0.7210254	1.842003
4656	-1608.533	-1780.009	171.4759	0.7437228	1.868327
4662	-1614.283	-1785.796	171.5132	0.9437333	1.703515
4668	-1608.051	-1779.449	171.3977	0.723922	1.934849
4674	-1616.94	-1788.624	171.6839	0.7347644	1.73053
4680	-1631.455	-1803.052	171.5974	0.6305529	1.862704
4686	-1625.513	-1796.778	171.2645	0.6689003	2.060416
4692	-1619.861	-1791.152	171.2903	0.6099002	2.082271
4698	-1623.279	-1794.196	170.9172	0.642009	2.303168
4704	-1611.609	-1783.366	171.7566	0.6535293	1.736545
4710	-1620.625	-1792.002	171.3769	0.7041577	1.962105
4716	-1623.899	-1795.475	171.5758	0.6775998	1.845242
4722	-1624.048	-1795.622	171.5744	0.6790352	1.845242
4728	-1620.195	-1791.645	171.4497	0.7734734	1.865942
4734	-1621.084	-1792.887	171.8023	0.7681299	1.6224
4740	-1616.566	-1788.217	171.6512	0.788017	1.716038
4746	-1621.275	-1793.031	171.7561	0.5918811	1.779961
4752	-1627.233	-1798.885	171.652	0.5686707	1.867659
4758	-1618.33	-1790.231	171.9008	0.6065386	1.667724
4764	-1617.912	-1789.383	171.4719	0.6831749	1.912263
4770	-1625.622	-1797.169	171.547	0.8948109	1.71418
4776	-1626.779	-1798.27	171.4909	0.9509354	1.71418
4782	-1621.027	-1792.792	171.7654	0.9854891	1.489396
4788	-1613.27	-1785.109	171.8385	0.9585543	1.454449
4794	-1621.881	-1793.589	171.7084	0.9988394	1.52203
4800	-1614.107	-1785.769	171.6619	0.7989217	1.700762
4806	-1614.896	-1786.15	171.2544	0.7983867	1.981049
4812	-1610.337	-1782.127	171.7904	0.7888346	1.616032
4818	-1606.75	-1778.654	171.904	0.8982446	1.450486
4824	-1621.169	-1792.822	171.6535	0.950496	1.598039
4830	-1627.834	-1799.358	171.5242	0.9275342	1.707212
4836	-1625.25	-1797.163	171.9132	0.9646488	1.392112
4842	-1628.373	-1800.09	171.7171	0.8089889	1.654279
4848	-1625.212	-1796.79	171.5785	1.019163	1.602663
4854	-1623.864	-1795.374	171.5097	0.7755286	1.823367
4860	-1622.364	-1793.823	171.4585	0.7614779	1.868102
4866	-1612.614	-1784.417	171.8035	1.0374	1.420799
4872	-1605.669	-1777.252	171.5833	0.8268551	1.736513
4878	-1616.245	-1787.911	171.6653	0.7728367	1.716773
4884	-1618.337	-1790.19	171.8528	0.6676159	1.658359
4890	-1615.199	-1786.978	171.7791	0.8055816	1.61203
4896	-1609.64	-1781.057	171.4169	0.8055816	1.86638
4902	-1622.538	-1794.166	171.6283	0.6213737	1.847793
4908	-1618.588	-1790.146	171.5581	0.7831117	1.784644
4914	-1625.028	-1796.459	171.4305	0.6682031	1.950262
4920	-1627.435	-1799.023	171.588	0.6919772	1.826986
4926	-1624.626	-1796.147	171.5213	0.8234549	1.7822
4932	-1621.454	-1793.17	171.7165	0.6687275	1.753999
4938	-1627.621	-1799.501	171.8803	0.8642321	1.49419
4944	-1624.462	-1796.072	171.6107	0.7904159	1.742851
4950	-1634.854	-1806.183	171.3286	0.7100891	1.990515
4956	-1625.645	-1797.042	171.3977	0.6244757	2.001495
4962	-1615.26	-1786.726	171.4661	0.7619115	1.862641
4968	-1615.319	-1786.739	171.4204	0.7243245	1.919213
4974	-1615.38	-1786.697	171.3176	0.7331367	1.982431
4980	-1613.685	-1785.505	171.8203	0.9102704	1.5046
4986	-1614.948	-1786.74	171.7912	0.770149	1.628915
4992	-1609.385	-1780.763	171.3785	0.8207199	1.882253
4998	-1606.947	-1778.653	171.7057	0.6617175	1.766439
5004	-1619.757	-1790.912	171.1547	0.7293223	2.092879
5010	-1612.626	-1784.19	171.5646	0.7372966	1.81184
5016	-1632.5	-1803.603	171.1028	0.5737541	2.227863
5022	-1621.671	-1792.752	171.0812	0.5954427	2.227863
5028	-1613.71	-1785.303	171.5924	0.6851966	1.828621
5034	-1623.063	-1794.959	171.8958	0.8750065	1.474347
5040	-1615.526	-1787.48	171.9541	0.8167434	1.474347
5046	-1617.636	-1789.308	171.6715	0.869121	1.643869
5052	-1611.653	-1783.305	171.6518	0.7183985	1.764485
5058	-1610.232	-1781.745	171.5139	0.7671939	1.826217
5064	-1617.776	-1789.45	171.6742	0.9101225	1.61234
5070	-1620.863	-1792.581	171.7182	0.9556398	1.54684
5076	-1614.293	-1785.855	171.5622	0.8807196	1.713402
5082	-1621.861	-1793.435	171.5733	0.684709	1.842053
5088	-1613.942	-1785.315	171.3732	0.7044951	1.964366
5094	-1619.461	-1790.848	171.3869	0.6990128	1.958854
5100	-1622.637	-1794.399	171.7627	0.6937732	1.703885
5106	-1625.141	-1796.732	171.5909	0.7417341	1.790606
5112	-1617.095	-1789.024	171.9285	0.6727408	1.600069
5118	-1612.112	-1783.83	171.7178	0.9300217	1.565954
5124	-1609.132	-1780.856	171.7243	1.147055	1.397191
5130	-1604.646	-1776.277	171.6311	0.977706	1.594497
5136	-1613.179	-1784.794	171.6149	0.977706	1.606276
5142	-1623.228	-1795.144	171.9158	0.820563	1.500292
5148	-1622.828	-1794.711	171.8828	0.8535645	1.500292
5154	-1612.992	-1784.621	171.6288	0.684949	1.80368
5160	-1624.767	-1795.783	171.0158	0.6862051	2.211491
5166	-1602.621	-1774.161	171.5392	0.6981885	1.856191
5172	-1612.206	-1783.583	171.3771	0.791465	1.903108
5178	-1618.019	-1789.549	171.5304	0.6032936	1.92669
5184	-1606.754	-1778.056	171.3018	0.6032936	2.079036
5190	-1614.83	-1786.044	171.2138	0.6912922	2.079036
5196	-1612.861	-1784.578	171.7171	0.8121981	1.651973
5202	-1620.884	-1792.508	171.6246	0.9047222	1.651973
5208	-1611.242	-1782.88	171.6379	0.7445127	1.755928
5214	-1606.147	-1777.449	171.3014	0.8264835	1.930624
5220	-1605.451	-1777.13	171.6792	0.8332435	1.664054
5226	-1615.842	-1787.474	171.6312	0.8812471	1.664054
5232	-1605.431	-1777.049	171.6177	1.05368	1.548616
5238	-1606.149	-1777.565	171.4161	0.7818497	1.883105
5244	-1611.106	-1782.846	171.7397	0.8173798	1.631972
5250	-1605.606	-1777.26	171.6549	0.6268447	1.825797
5256	-1603.891	-1775.69	171.7993	0.7733414	1.620806
5262	-1612.002	-1783.582	171.5799	0.9031402	1.684974
5268	-1616.214	-1787.964	171.7508	0.7666087	1.660469
5274	-1602.999	-1774.659	171.6601	0.8107616	1.693656
5280	-1611.36	-1783.022	171.6618	0.7549129	1.731886
5286	-1612.281	-1783.452	171.1718	0.6604191	2.126885
5292	-1621.591	-1793.018	171.4273	0.7083378	1.925418
5298	-1615.166	-1786.92	171.7538	0.7057052	1.701691
5304	-1623.111	-1794.713	171.6017	0.71628	1.800727
5310	-1615.576	-1787.123	171.5466	0.6094405	1.911559
5316	-1618.715	-1790.094	171.3782	0.7778516	1.911559
5322	-1610.295	-1781.898	171.6027	0.7106676	1.803917
5328	-1605.433	-1776.994	171.561	0.7106676	1.83273
5334	-1608.892	-1780.574	171.6823	0.8074842	1.680215
5340	-1613.713	-1785.266	171.5522	0.8406561	1.74861
5346	-1607.361	-1779.231	171.8707	0.8406561	1.519002
5352	-1623.026	-1794.821	171.795	0.6657683	1.700835
5358	-1608.461	-1780.142	171.681	0.8076404	1.681044
5364	-1620.358	-1791.931	171.5734	0.8076404	1.756862
5370	-1619.618	-1791.255	171.6369	0.7491002	1.753438
5376	-1617.742	-1789.478	171.7352	0.9562178	1.533804
5382	-1625.07	-1797.09	172.0206	0.8710338	1.381349
5388	-1611.118	-1782.884	171.7661	0.8710338	1.573817
5394	-1609.972	-1781.941	171.9682	0.8710338	1.422115
5400	-1610.474	-1782.306	171.8319	0.8392211	1.548827
5406	-1609.08	-1780.817	171.7375	0.7551937	1.678134
5412	-1606.105	-1777.663	171.5587	0.7278993	1.822456
5418	-1610.731	-1782.592	171.8618	0.818993	1.541718
5424	-1616.873	-1788.621	171.7475	0.8027289	1.636907
5430	-1612.393	-1783.754	171.361	0.6422657	2.014082
5436	-1613.859	-1785.367	171.5084	0.6488752	1.910766
5442	-1628.463	-1800.324	171.8613	0.811215	1.547826
5448	-1623.803	-1795.147	171.3443	0.7977475	1.921026
5454	-1610.202	-1781.638	171.4362	0.6547696	1.95545
5460	-1617.844	-1789.325	171.4817	0.5947423	1.965198
5466	-1621.663	-1792.787	171.1244	0.5838955	2.207433
5472	-1627.234	-1798.888	171.6535	0.5991189	1.845788
5478	-1621.322	-1792.566	171.2437	0.7847452	1.997304
5484	-1617.588	-1789.291	171.7028	0.6833998	1.753284
5490	-1618.307	-1789.955	171.6474	0.8580384	1.66902
5496	-1622.247	-1794.006	171.7593	0.935062	1.531626
5502	-1628.849	-1800.459	171.6096	0.843165	1.706494
5508	-1636.497	-1808.035	171.5385	0.9348437	1.691862
5514	-1626.414	-1798.132	171.7184	0.8198984	1.645526
5520	-1622.291	-1794.193	171.9017	0.7283772	1.579028
5526	-1618.579	-1790.103	171.5242	0.8382699	1.76984
5532	-1616.686	-1788.286	171.5999	0.7356161	1.788605
5538	-1618.812	-1790.468	171.6554	0.7784359	1.719836
5544	-1628.203	-1799.912	171.7089	0.7249147	1.719836
5550	-1621.049	-1792.649	171.6002	0.7309725	1.791583
5556	-1626.75	-1798.1	171.3501	0.679216	1.996717
5562	-1624.713	-1795.839	171.126	0.89615	2.001524
5568	-1624.302	-1796.006	171.7045	0.7151883	1.729793
5574	-1620.931	-1792.508	171.5772	0.8425183	1.729793
5580	-1609.836	-1781.392	171.5561	0.6997533	1.843597
5586	-1624.614	-1796.137	171.5228	0.7469303	1.834002
5592	-1605.604	-1777.151	171.5476	0.8964756	1.712583
5598	-1609.819	-1781.259	171.4409	0.7209358	1.90767
5604	-1607.502	-1778.945	171.4431	0.7209358	1.906153
5610	-1621.097	-1792.722	171.6244	0.9049183	1.651961
5616	-1624.866	-1796.365	171.4989	0.7467236	1.850598
5622	-1622.573	-1794.093	171.5194	0.7262436	1.850598
5628	-1617.134	-1788.972	171.8372	0.729079	1.625345
5634	-1611.107	-1782.747	171.6398	0.6780155	1.800855
5640	-1612.734	-1784.444	171.7094	0.6084149	1.800855
5646	-1619.243	-1791.077	171.8339	0.7674356	1.599977
5652	-1626.704	-1798.374	171.6697	0.806655	1.68978
5658	-1625.364	-1797.062	171.698	0.8135668	1.664698
5664	-1624.41	-1795.817	171.4063	0.8227721	1.861874
5670	-1611.853	-1783.628	171.7752	0.7809484	1.632674
5676	-1607.438	-1779.211	171.773	0.7430748	1.661479
5682	-1613.831	-1785.275	171.4444	0.8355787	1.826964
5688	-1600.928	-1772.548	171.6208	0.7295422	1.778299
5694	-1605.99	-1777.499	171.5091	0.6943433	1.879373
5700	-1612.165	-1783.974	171.8087	0.8377097	1.567023
5706	-1610.228	-1782.161	171.9339	0.7715888	1.523372
5712	-1626.061	-1797.367	171.3053	0.7908292	1.951998
5718	-1619.307	-1790.692	171.3856	0.7105474	1.951998
5724	-1627.946	-1799.554	171.6077	0.8710768	1.688049
5730	-1626.151	-1798.06	171.9089	0.8396281	1.491154
5736	-1639.458	-1810.698	171.2402	0.7563223	2.018606
5742	-1626.453	-1798.046	171.5934	0.7956801	1.751283
5748	-1617.909	-1789.402	171.4929	0.7159652	1.875682
5754	-1625.552	-1796.953	171.4013	0.6914139	1.954321
5760	-1629.379	-1800.796	171.4174	0.7637361	1.894577
5766	-1622.768	-1794.306	171.5377	0.6433991	1.894577
5772	-1610.854	-1782.558	171.7048	0.6433991	1.779803
5778	-1619.605	-1791.345	171.74	0.7357502	1.690156
5784	-1622.991	-1794.67	171.6794	0.9898291	1.55025
5790	-1611.781	-1783.307	171.5259	0.8057708	1.791255
5796	-1616.923	-1788.278	171.3548	0.609826	2.039748
5802	-1623.043	-1794.465	171.4222	0.5887799	2.00897
5808	-1610.316	-1782.047	171.7306	0.7216535	1.706803
5814	-1601.515	-1773.241	171.7258	0.7264996	1.706803
5820	-1613.753	-1785.479	171.7258	0.7264996	1.706803
5826	-1620.162	-1791.871	171.709	0.6724541	1.756635
5832	-1617.696	-1789.525	171.8293	0.7833825	1.591723
5838	-1614.659	-1786.765	172.1059	0.8999216	1.290095
5844	-1607.808	-1779.549	171.7416	0.8999216	1.570588
5850	-1623.166	-1795.037	171.8715	0.8272096	1.52839
5856	-1620.53	-1792.104	171.5735	0.8272096	1.743103
5862	-1618.373	-1790.04	171.667	0.7600121	1.72464
5868	-1616.382	-1787.805	171.4231	0.5924882	2.00592
5874	-1623.917	-1795.308	171.3915	0.6753335	1.97166
5880	-1615.18	-1786.849	171.669	0.8252511	1.677025
5886	-1615.23	-1786.724	171.4943	0.8252511	1.79965
5892	-1609.625	-1781.27	171.6449	0.8758766	1.658072
5898	-1609.959	-1781.219	171.2605	0.7840855	1.986534
5904	-1608.253	-1779.976	171.7234	0.8330063	1.63246
5910	-1618.338	-1790.144	171.8061	0.7791605	1.611667
5916	-1616.313	-1788.034	171.7203	0.9330341	1.561904
5922	-1628.394	-1800.17	171.7756	0.9330341	1.520992
5928	-1606.109	-1777.852	171.7428	0.7796692	1.656842
5934	-1606.566	-1778.112	171.5458	1.072085	1.587879
5940	-1614.648	-1786.18	171.5325	0.7250287	1.842437
5946	-1608.164	-1779.793	171.6284	0.7978945	1.725169
5952	-1619.548	-1791.085	171.5374	0.7524727	1.82019
5958	-1615.994	-1787.5	171.5064	0.8659507	1.762976
5964	-1616.417	-1788.052	171.6358	0.7642755	1.74355
5970	-1635.68	-1807.21	171.5295	0.7133466	1.852487
5976	-1622.361	-1794.08	171.7187	0.7163759	1.718944
5982	-1626.834	-1798.393	171.5592	0.7356229	1.816777
5988	-1628.661	-1800.208	171.5474	0.7848793	1.790835
5994	-1618.487	-1790.352	171.8651	0.7874563	1.562532
6000	-1612.116	-1783.537	171.4213	0.5637862	2.026203
6006	-1614.842	-1786.454	171.6116	0.6731281	1.82373
6012	-1619.566	-1791.124	171.5584	0.7353065	1.817516
6018	-1615.877	-1787.432	171.5554	0.7246744	1.826906
6024	-1615.896	-1787.271	171.3756	0.6311879	2.011747
6030	-1625.156	-1796.829	171.6734	0.6625328	1.788337
6036	-1630.545	-1802.195	171.6502	0.8812367	1.650474
6042	-1625.448	-1796.939	171.4906	0.5830911	1.967099
6048	-1622.606	-1794.062	171.4559	0.6283633	1.959961
6054	-1625.379	-1797.088	171.7094	0.7860786	1.676162
6060	-1621.718	-1793.429	171.7111	0.5325464	1.851936
6066	-1610.631	-1782.189	171.5581	0.727404	1.823198
6072	-1609.279	-1780.814	171.535	0.7723742	1.808097
6078	-1610.853	-1782.54	171.6868	0.8466995	1.648975
6084	-1613.504	-1785.343	171.8391	0.9416784	1.466799
6090	-1614.846	-1786.551	171.7055	0.7243686	1.72264
6096	-1615.946	-1787.308	171.362	0.9671133	1.793056
6102	-1619.236	-1790.992	171.7555	0.8501352	1.596844
6108	-1619.226	-1791.042	171.8156	0.8501352	1.552831
6114	-1608.969	-1780.651	171.6818	0.740121	1.728259
6120	-1615.805	-1787.3	171.4948	0.7532276	1.848933
6126	-1628.321	-1799.656	171.3345	0.8343465	1.90292
6132	-1620.321	-1791.759	171.4379	0.7121572	1.915608
6138	-1624.792	-1796.252	171.4602	0.7873852	1.849222
6144	-1623.656	-1795.315	171.6589	0.7873852	1.711031
6150	-1630.835	-1802.713	171.8779	0.9645118	1.419628
6156	-1618.633	-1790.267	171.6342	0.8313029	1.697485
6162	-1613.364	-1785.203	171.8385	0.7921425	1.578549
6168	-1618.433	-1790.046	171.6132	0.7115799	1.796059
6174	-1627.333	-1799.169	171.8362	0.9393959	1.470721
6180	-1617.682	-1789.531	171.849	0.9728016	1.435496
6186	-1617.036	-1788.639	171.603	0.7908356	1.747931
6192	-1610.267	-1781.981	171.7137	0.7303251	1.712663
6198	-1610.271	-1781.639	171.368	0.7746501	1.920621
6204	-1604.073	-1775.793	171.7197	0.7643395	1.684317
6210	-1616.237	-1787.961	171.7238	0.8373884	1.629024
6216	-1609.859	-1781.604	171.7456	0.8156089	1.629024
6222	-1610.825	-1782.585	171.7603	0.7838149	1.641359
6228	-1613.725	-1785.274	171.5489	0.8434448	1.748971
6234	-1622.168	-1793.918	171.7499	0.7398909	1.680225
6240	-1616.678	-1788.43	171.7523	0.6377811	1.750538
6246	-1619.826	-1791.344	171.5187	0.8366542	1.774805
6252	-1614.206	-1785.842	171.6358	0.9245636	1.629671
6258	-1619.53	-1791.262	171.7314	0.8942618	1.582212
6264	-1619.868	-1791.57	171.7016	0.71502	1.731932
6270	-1614.908	-1786.656	171.7486	0.7707631	1.659117
6276	-1614.728	-1786.312	171.5848	0.8144158	1.744165
6282	-1613.478	-1785.129	171.6514	0.8144158	1.697206
6288	-1614.817	-1786.319	171.5022	0.7141367	1.870593
6294	-1612.937	-1784.599	171.6613	0.7069531	1.765822
6300	-1612.787	-1784.552	171.7658	0.8931855	1.557802
