Iteration	Posterior	Likelihood	Prior	acrv_sd	tree_length
0	-3152.434	-3319.405	166.9709	0.005525964	4.980165
6	-3173.628	-3341.181	167.5532	0.0175164	4.648564
12	-3149.46	-3316.354	166.894	0.1195087	4.95956
18	-3152.957	-3320.042	167.0852	0.05693022	4.887978
24	-3152.828	-3319.616	166.7879	0.123524	5.01627
30	-3146.468	-3313.039	166.5709	0.1084458	5.14496
36	-3147.23	-3314.342	167.1127	0.03578289	4.884419
42	-3158.625	-3325.511	166.8856	0.05081162	5.002404
48	-3151.375	-3318.591	167.2162	0.1150121	4.782512
54	-3143.237	-3309.907	166.6699	0.2515756	5.01068
60	-3146.796	-3313.807	167.011	0.1531584	4.875716
66	-3148.857	-3316.207	167.35	0.07292667	4.731267
72	-3150.3	-3317.59	167.2902	0.132773	4.731267
78	-3148.997	-3315.351	166.3547	0.1359527	5.249351
84	-3161.337	-3328.458	167.1207	0.02930514	4.883567
90	-3156.215	-3323.124	166.9092	0.1528639	4.932543
96	-3153.517	-3320.526	167.0089	0.05317	4.932543
102	-3149.993	-3316.985	166.9923	0.1588213	4.882977
108	-3144.671	-3311.657	166.9858	0.1590595	4.886422
114	-3142.228	-3309.195	166.9672	0.02627332	4.970692
120	-3149.373	-3316.479	167.1057	0.1809398	4.807374
126	-3147.694	-3314.432	166.7381	0.1403014	5.034606
132	-3143.232	-3310.055	166.8223	0.1486904	4.983194
138	-3141.863	-3308.529	166.6659	0.2178028	5.031659
144	-3144.118	-3311.394	167.2757	0.1366157	4.737208
150	-3143.672	-3311.023	167.3516	0.06076233	4.737208
156	-3154.447	-3321.108	166.6608	0.07758735	5.112297
162	-3150.114	-3317.111	166.9973	0.1988778	4.857869
168	-3156.076	-3322.987	166.911	0.02262766	5.003927
174	-3155.038	-3321.797	166.7589	0.1800638	5.000949
180	-3154.998	-3321.53	166.5314	0.1800638	5.127191
186	-3151.532	-3318.276	166.7435	0.02290323	5.096758
192	-3145.545	-3312.965	167.4204	0.02817492	4.716913
198	-3152.156	-3318.874	166.7174	0.04113857	5.101083
204	-3157.731	-3324.821	167.0903	0.1724476	4.820743
210	-3153.899	-3320.858	166.959	0.2066427	4.874842
216	-3157.167	-3324.256	167.089	0.1953362	4.808671
222	-3150.291	-3317.229	166.9383	0.09002972	4.951303
228	-3158.439	-3324.988	166.5488	0.04627513	5.191651
234	-3161.298	-3328.64	167.3424	0.2540966	4.634105
240	-3161.064	-3328.367	167.3032	0.1992958	4.686788
246	-3150.495	-3317.004	166.509	0.2910961	5.078051
252	-3155.583	-3322.207	166.624	0.1761354	5.078051
258	-3169.533	-3335.413	165.8801	0.1781073	5.487776
264	-3156.766	-3323.804	167.0378	0.1238741	4.877085
270	-3167.425	-3334.669	167.2444	0.1682767	4.737031
276	-3160.418	-3326.823	166.4053	0.2198026	5.175031
282	-3153.782	-3320.919	167.1374	0.06211269	4.855975
288	-3150.569	-3317.199	166.63	0.1528777	5.087627
294	-3161.903	-3329.426	167.523	0.08554482	4.627372
300	-3160.939	-3327.198	166.2588	0.119568	5.311403
306	-3151.957	-3318.685	166.7279	0.1399001	5.040496
312	-3155.428	-3321.859	166.4305	0.0954575	5.229832
318	-3156.496	-3323.314	166.818	0.03912832	5.046422
324	-3155.703	-3322.504	166.8003	0.07650363	5.035479
330	-3142.109	-3309.161	167.0516	0.008326985	4.933736
336	-3151.377	-3318.41	167.0331	0.02683965	4.933736
342	-3151.346	-3318.393	167.0464	0.06562499	4.904749
348	-3149.537	-3316.175	166.6374	0.01535807	5.159675
354	-3155.036	-3322.432	167.3957	0.02459545	4.732737
360	-3149.76	-3317.226	167.4661	0.0820007	4.661239
366	-3149.124	-3316.483	167.3595	0.1235664	4.697646
372	-3165.556	-3332.378	166.8221	0.1019414	5.009273
378	-3169.023	-3335.824	166.8007	0.03162338	5.060158
384	-3156.583	-3323.972	167.3887	0.0431583	4.726305
390	-3147.215	-3314.328	167.1131	0.05024055	4.876167
396	-3144.786	-3311.867	167.0811	0.04124022	4.898972
402	-3145.344	-3312.323	166.9788	0.03711729	4.958188
408	-3159.172	-3326.118	166.9458	0.004483907	4.994682
414	-3154.523	-3321.635	167.1126	0.05133086	4.875823
420	-3157.97	-3324.516	166.5462	0.1824488	5.117645
426	-3150.818	-3317.384	166.5654	0.2263634	5.082697
432	-3154.584	-3321.318	166.7331	0.1305239	5.042811
438	-3154.094	-3321.291	167.197	0.2627073	4.710695
444	-3163.323	-3329.652	166.3294	0.1425515	5.259717
450	-3157.632	-3323.989	166.3572	0.0929276	5.271755
456	-3172.595	-3339.789	167.1945	0.0850016	4.811399
462	-3156.368	-3323.317	166.9488	0.2523194	4.855093
468	-3161.282	-3328.424	167.1419	0.1540727	4.802164
474	-3162.039	-3328.973	166.9341	0.2012361	4.891752
480	-3152.676	-3319.619	166.943	0.08480332	4.951595
486	-3147.141	-3314.084	166.943	0.08480332	4.951595
492	-3156.235	-3323.325	167.0898	0.1407612	4.838671
498	-3155.26	-3322.519	167.2593	0.1580323	4.734398
504	-3153.312	-3320.47	167.1582	0.1390626	4.801491
510	-3155.215	-3321.918	166.7038	0.2474437	4.994176
516	-3152.415	-3319.826	167.4113	0.1712638	4.641943
522	-3154.148	-3321.471	167.3228	0.1363894	4.71102
528	-3156.409	-3323.254	166.8447	0.2315686	4.92465
534	-3156.248	-3323.24	166.9921	0.1261624	4.901234
540	-3163.877	-3330.931	167.0546	0.06367389	4.901234
546	-3164.448	-3330.954	166.506	0.2575471	5.09834
552	-3161.772	-3329.025	167.2526	0.02555329	4.812114
558	-3161.637	-3328.896	167.2585	0.2078376	4.706987
564	-3160.604	-3328.035	167.4309	0.03549457	4.706987
570	-3152.773	-3320.122	167.349	0.1173528	4.706987
576	-3153.244	-3319.954	166.7103	0.05173185	5.099162
582	-3150.524	-3317.457	166.9339	0.2823152	4.846655
588	-3162.592	-3329.144	166.5527	0.2930843	5.052709
594	-3154.042	-3320.966	166.9244	0.1151967	4.945039
600	-3157.854	-3324.601	166.7472	0.161884	5.01759
606	-3143.751	-3311.002	167.2515	0.2871052	4.666554
612	-3147.382	-3314.184	166.8016	0.2108432	4.960123
618	-3155.071	-3322.035	166.9635	0.127222	4.916615
624	-3162.477	-3329.514	167.037	0.1671164	4.853432
630	-3158.113	-3325.174	167.0608	0.1616364	4.843194
636	-3153.105	-3319.862	166.7566	0.0455174	5.076938
642	-3160.947	-3328.213	167.2657	0.01867548	4.808643
648	-3160.761	-3328.53	167.7685	0.08098552	4.492081
654	-3155.198	-3321.824	166.626	0.01921832	5.163903
660	-3154.893	-3321.338	166.445	0.2001311	5.163903
666	-3143.146	-3310.331	167.1853	0.04646771	4.837996
672	-3140.507	-3307.864	167.3572	0.2912384	4.605013
678	-3143.594	-3310.63	167.0358	0.08272199	4.90109
684	-3153.744	-3320.938	167.194	0.06596397	4.822274
690	-3154.814	-3321.918	167.1042	0.06596397	4.872342
696	-3152.24	-3319.164	166.9238	0.09219279	4.95816
702	-3161.045	-3327.662	166.6162	0.3348071	4.994297
708	-3164.623	-3331.115	166.4918	0.1769225	5.150877
714	-3155.849	-3322.822	166.9735	0.2208626	4.858864
720	-3163.025	-3330.054	167.0286	0.1658031	4.858864
726	-3158.044	-3325.969	167.9243	0.0976131	4.394931
732	-3170.86	-3338.653	167.7932	0.08497158	4.475923
738	-3165.218	-3332.681	167.4639	0.09549078	4.654901
744	-3159.666	-3326.204	166.5375	0.142253	5.144734
750	-3151.239	-3318.473	167.2332	0.133798	4.762531
756	-3151.491	-3318.431	166.9402	0.04703826	4.97415
762	-3161.072	-3328.272	167.1995	0.07366796	4.814915
768	-3156.608	-3323.713	167.1052	0.01050578	4.902666
774	-3155.361	-3322.118	166.757	0.03443286	5.082861
780	-3160.383	-3326.99	166.6067	0.2070884	5.070459
786	-3155.244	-3321.854	166.6099	0.1433508	5.104004
792	-3154.98	-3321.687	166.7076	0.1249039	5.060095
798	-3162.639	-3329.505	166.8664	0.05587511	5.010227
804	-3176.941	-3343.797	166.8564	0.1720123	4.951247
810	-3160.937	-3327.626	166.6885	0.2453133	5.003851
816	-3149.37	-3316.227	166.8568	0.05905162	5.013812
822	-3148.497	-3315.94	167.4429	0.1728917	4.623326
828	-3156.955	-3323.529	166.5741	0.1134689	5.140413
834	-3138.677	-3305.6	166.9225	0.02121837	4.998321
840	-3147.809	-3314.718	166.9092	0.03456186	4.998321
846	-3144.697	-3312.213	167.5156	0.1867399	4.574771
852	-3156.128	-3323.708	167.58	0.163623	4.551541
858	-3163.658	-3331.179	167.5206	0.2137972	4.55674
864	-3156.26	-3323.437	167.1772	0.11667	4.803392
870	-3153.978	-3320.325	166.3465	0.1264416	5.259151
876	-3144.832	-3311.283	166.4507	0.1264416	5.201564
882	-3137.617	-3304.612	166.995	0.2202095	4.847225
888	-3144.473	-3310.859	166.3865	0.1092873	5.246555
894	-3150.565	-3317.209	166.6446	0.2445238	5.028682
900	-3155.119	-3322.273	167.1537	0.1160517	4.816799
906	-3154.038	-3321.257	167.219	0.09113417	4.79428
912	-3148.262	-3315.043	166.7815	0.06546486	5.052056
918	-3153.751	-3321.712	167.9605	0.02448752	4.415716
924	-3151.168	-3318.251	167.0832	0.1276792	4.849652
930	-3158.185	-3324.746	166.5606	0.2349192	5.080614
936	-3149.969	-3316.989	167.0198	0.2378636	4.823578
942	-3168.273	-3334.588	166.3146	0.1572056	5.259759
948	-3165.361	-3332.916	167.5548	0.07918452	4.613127
954	-3160.241	-3327.411	167.1699	0.2128021	4.75377
960	-3163.126	-3330.083	166.9564	0.2128021	4.872879
966	-3165.978	-3332.676	166.698	0.1182931	5.069046
972	-3151.846	-3318.925	167.0785	0.05987706	4.890051
978	-3150.171	-3317.016	166.8451	0.1761746	4.955237
984	-3146.768	-3313.917	167.1486	0.1241136	4.815191
990	-3148.045	-3314.99	166.9453	0.07559463	4.955462
996	-3156.5	-3323.156	166.6566	0.4035814	4.933563
1002	-3148.534	-3315.509	166.9748	0.05716391	4.94926
1008	-3151.427	-3318.251	166.824	0.2682562	4.915707
1014	-3153.439	-3320.283	166.8437	0.1741786	4.957114
1020	-3153.509	-3320.16	166.6506	0.3209804	4.982876
1026	-3164.933	-3331.517	166.584	0.1749241	5.100879
1032	-3164.43	-3331.853	167.4231	0.1548888	4.644513
1038	-3159.77	-3326.053	166.2825	0.1548888	5.278804
1044	-3164.462	-3331.521	167.0587	0.1898409	4.828677
1050	-3149.538	-3315.92	166.3818	0.3080544	5.139139
1056	-3151.665	-3318.063	166.3988	0.1492642	5.21762
1062	-3151.952	-3318.507	166.5547	0.1888337	5.109398
1068	-3155.71	-3322.217	166.5068	0.236756	5.109398
1074	-3148.517	-3315.293	166.776	0.08600612	5.043692
1080	-3136.377	-3303.22	166.843	0.09171715	5.003316
1086	-3142.446	-3309.568	167.1218	0.1090379	4.838522
1092	-3146.901	-3314.433	167.5324	0.03019244	4.653105
1098	-3155.442	-3322.318	166.8762	0.1433312	4.956189
1104	-3162.657	-3329.74	167.0829	0.08694635	4.872525
1110	-3150.946	-3318.015	167.0691	0.01130407	4.922326
1116	-3145.875	-3312.868	166.9929	0.08752608	4.922326
1122	-3156.269	-3323.041	166.7712	0.2483815	4.956143
1128	-3155.468	-3322.376	166.9075	0.1121357	4.956143
1134	-3148.678	-3315.3	166.6218	0.1121357	5.114764
1140	-3144.194	-3311.104	166.9094	0.0441923	4.992835
1146	-3157.104	-3324.024	166.9205	0.0330718	4.992835
1152	-3161.742	-3328.349	166.607	0.0435327	5.160934
1158	-3163.049	-3330.217	167.1687	0.1183357	4.807153
1164	-3169.933	-3336.347	166.4135	0.1598709	5.203631
1170	-3166.818	-3333.689	166.8716	0.1581172	4.950515
1176	-3158.103	-3324.981	166.8778	0.04108111	5.012133
1182	-3149.922	-3317.003	167.0801	0.1125376	4.859823
1188	-3147.973	-3314.784	166.8114	0.188774	4.966982
1194	-3139.894	-3306.753	166.8585	0.188774	4.94077
1200	-3145.52	-3312.082	166.5618	0.2130714	5.092019
1206	-3153.436	-3320.441	167.0051	0.1218232	4.896456
1212	-3152.551	-3319.455	166.9034	0.07797348	4.977414
1218	-3152.485	-3319.354	166.8684	0.08248287	4.994333
1224	-3151.113	-3317.939	166.8259	0.08248287	5.01797
1230	-3149.05	-3316.394	167.3439	0.1208576	4.707888
1236	-3154.469	-3321.948	167.4787	0.09585201	4.646424
1242	-3141.61	-3308.579	166.969	0.1951959	4.875671
1248	-3148.807	-3315.933	167.1254	0.0388308	4.875671
1254	-3152.768	-3319.887	167.1192	0.09185025	4.849544
1260	-3150.346	-3317.447	167.1008	0.1196897	4.844277
1266	-3153.992	-3320.703	166.7112	0.1674352	5.03447
1272	-3155.531	-3322.145	166.6139	0.1810595	5.080912
1278	-3157.881	-3325.105	167.2242	0.1810595	4.741141
1284	-3149.849	-3316.712	166.8627	0.07107007	5.003849
1290	-3146.791	-3313.809	167.0178	0.2066582	4.842111
1296	-3147.686	-3315.015	167.3287	0.09696384	4.729728
1302	-3154.094	-3321.635	167.541	0.08520901	4.617472
1308	-3148.94	-3315.957	167.0169	0.0857509	4.909937
1314	-3149.591	-3316.544	166.9529	0.149816	4.909937
1320	-3152.944	-3319.496	166.5522	0.1323753	5.142065
1326	-3166.417	-3334.35	167.9331	0.1429286	4.364348
1332	-3162.991	-3330.13	167.1389	0.0572204	4.857859
1338	-3162.234	-3329.246	167.0115	0.1207919	4.893442
1344	-3150.805	-3317.71	166.9054	0.1671535	4.92669
1350	-3148.853	-3315.581	166.728	0.08708172	5.069763
1356	-3156.087	-3323.742	167.6557	0.2525504	4.458966
1362	-3159.963	-3326.801	166.8389	0.009337467	5.051337
1368	-3160.964	-3327.574	166.6098	0.1154233	5.119549
1374	-3157.547	-3323.945	166.3978	0.1740043	5.204493
1380	-3156.499	-3323.15	166.6513	0.06674819	5.123554
1386	-3155.855	-3322.905	167.0496	0.0861502	4.891498
1392	-3146.925	-3313.78	166.8545	0.07025607	5.008886
1398	-3149.286	-3315.99	166.7045	0.09644052	5.077562
1404	-3154.925	-3321.891	166.9656	0.2060206	4.871538
1410	-3154.524	-3320.658	166.1338	0.2899993	5.286277
1416	-3160.615	-3328.325	167.7104	0.06837282	4.531843
1422	-3154.356	-3321.099	166.7436	0.2089119	4.993443
1428	-3158.004	-3324.757	166.753	0.1995659	4.993443
1434	-3156.798	-3324.237	167.4389	0.05389021	4.69217
1440	-3158.329	-3325.378	167.0486	0.1011547	4.883712
1446	-3150.518	-3317.931	167.4125	0.1298674	4.664416
1452	-3147.456	-3314.668	167.2124	0.1428997	4.769072
1458	-3147.975	-3314.716	166.7409	0.1340412	5.036531
1464	-3147.817	-3315.274	167.4569	0.1550788	4.625416
1470	-3145.424	-3312.725	167.3013	0.04080154	4.776439
1476	-3151.793	-3318.852	167.0584	0.2837412	4.776439
1482	-3144.24	-3311.303	167.0624	0.08176253	4.886831
1488	-3133.499	-3299.892	166.3938	0.1838446	5.201251
1494	-3138.729	-3305.829	167.0999	0.1285275	4.839868
1500	-3150.221	-3317.793	167.5718	0.005862069	4.644683
1506	-3146.863	-3313.914	167.0512	0.145482	4.857597
1512	-3158.404	-3325.172	166.7682	0.1849132	4.993119
1518	-3158.091	-3325.109	167.018	0.08024307	4.91238
1524	-3156.51	-3323.371	166.8614	0.04342682	5.01992
1530	-3154.112	-3321.006	166.8939	0.005164631	5.023131
1536	-3156.526	-3323.617	167.0908	0.04762005	4.890024
1542	-3163.55	-3330.73	167.1794	0.006926718	4.863367
1548	-3154.162	-3321.42	167.2579	0.002649188	4.821935
1554	-3147.34	-3314.78	167.4401	0.002693153	4.720174
1560	-3145.353	-3312.126	166.7727	0.07078486	5.05397
1566	-3146.719	-3313.538	166.8182	0.03734787	5.047312
1572	-3147.576	-3314.378	166.8025	0.01559801	5.068048
1578	-3142.346	-3309.279	166.9334	0.1889874	4.898947
1584	-3150.157	-3317.013	166.8564	0.2660506	4.898947
1590	-3148.805	-3315.86	167.0549	0.1857703	4.833023
1596	-3149.242	-3315.937	166.6955	0.2563972	4.993797
1602	-3157.825	-3325.523	167.698	0.1799526	4.476023
1608	-3153.434	-3320.422	166.9884	0.113409	4.91039
1614	-3161.9	-3328.864	166.9637	0.2419485	4.852571
1620	-3160.632	-3327.854	167.2218	0.07009452	4.804463
1626	-3161.877	-3328.625	166.748	0.1954141	4.998528
1632	-3142.842	-3309.414	166.5722	0.1954141	5.096074
1638	-3155.21	-3322.784	167.5742	0.08673799	4.597993
1644	-3159.246	-3325.08	165.8341	0.01443729	5.603053
1650	-3164.765	-3331.984	167.2189	0.1489796	4.762012
1656	-3152.385	-3319.294	166.9085	0.1116157	4.955844
1662	-3164.216	-3331.182	166.9651	0.0910709	4.935794
1668	-3156.77	-3323.748	166.9776	0.07856651	4.935794
1674	-3165.325	-3332.667	167.3421	0.02256744	4.763818
1680	-3160.507	-3327.788	167.2811	0.1585463	4.721946
1686	-3163.82	-3330.827	167.0072	0.1585463	4.874826
1692	-3176.498	-3343.528	167.0297	0.07001574	4.911554
1698	-3164.079	-3330.846	166.7672	0.02113303	5.084555
1704	-3159.004	-3325.707	166.7031	0.08532557	5.084555
1710	-3166.197	-3333.458	167.2609	0.02116361	4.80997
1716	-3168.689	-3335.868	167.1782	0.1037936	4.80997
1722	-3157.232	-3323.936	166.704	0.2804786	4.975686
1728	-3154.358	-3321.293	166.9346	0.1572132	4.915957
1734	-3154.47	-3321.655	167.1852	0.130596	4.791132
1740	-3156.17	-3322.798	166.6284	0.1277904	5.102421
1746	-3140.661	-3307.423	166.7623	0.2139564	4.980228
1752	-3157.257	-3323.696	166.4387	0.1198005	5.211834
1758	-3155.968	-3322.307	166.34	0.2185602	5.211834
1764	-3154.903	-3321.634	166.7313	0.09659779	5.062611
1770	-3153.802	-3320.444	166.6423	0.1856718	5.062611
1776	-3155.739	-3322.516	166.7771	0.1249108	5.021505
1782	-3164.673	-3330.34	165.6667	0.2589357	5.56067
1788	-3159.175	-3325.822	166.6467	0.2153505	5.043672
1794	-3161.305	-3328.517	167.2112	0.03062614	4.832407
1800	-3150.994	-3318.047	167.0525	0.03183066	4.920141
1806	-3152.696	-3319.564	166.868	0.04882066	5.013259
1812	-3144.934	-3311.786	166.8522	0.05305049	5.019674
1818	-3145.27	-3311.998	166.7284	0.05609842	5.086687
1824	-3148.283	-3315.039	166.7557	0.06741331	5.06527
1830	-3145.241	-3312.077	166.8355	0.1342286	4.983905
1836	-3148.028	-3314.885	166.8567	0.1130109	4.983905
1842	-3149.622	-3316.366	166.744	0.2256482	4.983905
1848	-3151.642	-3318.993	167.3508	0.1852187	4.667978
1854	-3144.637	-3311.833	167.1957	0.1805926	4.757326
1860	-3152.608	-3319.474	166.8661	0.08867073	4.99218
1866	-3153.561	-3320.48	166.9186	0.07619085	4.969963
1872	-3164.472	-3331.962	167.4903	0.08791003	4.644354
1878	-3155.48	-3322.112	166.6327	0.09816668	5.116464
1884	-3151.897	-3318.863	166.9666	0.2463842	4.848471
1890	-3145.859	-3312.869	167.0103	0.1286446	4.889714
1896	-3151.035	-3316.9	165.865	0.3907523	5.378996
1902	-3153.363	-3319.88	166.5171	0.2140513	5.116255
1908	-3151.197	-3317.933	166.7363	0.07954412	5.069308
1914	-3163.11	-3329.604	166.4941	0.2200689	5.125704
1920	-3147.023	-3314.133	167.1103	0.2571228	4.762272
1926	-3149.273	-3317.129	167.8555	0.02850217	4.472648
1932	-3147.984	-3314.713	166.7288	0.1099137	5.056657
1938	-3144.604	-3311.02	166.416	0.1673891	5.198104
1944	-3150.934	-3318.365	167.4312	0.2555325	4.583482
1950	-3149.508	-3315.617	166.1087	0.2238813	5.33666
1956	-3148.18	-3315.914	167.7342	0.2275919	4.428822
1962	-3141.865	-3309.156	167.2915	0.01118963	4.798418
1968	-3140.421	-3307.73	167.3092	0.01341328	4.787321
1974	-3146.126	-3312.705	166.579	0.01329513	5.193185
1980	-3146.904	-3314.222	167.3187	0.03886849	4.767795
1986	-3142.881	-3309.418	166.5369	0.179104	5.124655
1992	-3147.417	-3314.171	166.7542	0.09055799	5.053291
1998	-3150.671	-3317.209	166.5379	0.1113187	5.161652
2004	-3158.08	-3325.533	167.4529	0.03061675	4.697408
2010	-3165.494	-3332.381	166.8875	0.09481026	4.976904
2016	-3159.536	-3326.482	166.9461	0.0445328	4.972258
2022	-3160.577	-3327.946	167.3687	0.02291011	4.748777
2028	-3166.79	-3333.888	167.098	0.1840896	4.809932
2034	-3148.177	-3315.275	167.098	0.1840896	4.809932
2040	-3156.243	-3322.826	166.5827	0.2773009	5.044796
2046	-3155.321	-3322.049	166.7286	0.1314044	5.044796
2052	-3147.881	-3314.569	166.6872	0.1613597	5.051158
2058	-3156.101	-3323.22	167.1187	0.1613597	4.811064
2064	-3174.167	-3341.295	167.1282	0.3280705	4.712657
2070	-3167.357	-3333.882	166.5248	0.1083185	5.170574
2076	-3171.61	-3338.458	166.8481	0.07339343	5.010684
2082	-3146.241	-3313.065	166.8244	0.09706546	5.010684
2088	-3149.708	-3316.962	167.2541	0.0942245	4.772986
2094	-3151.299	-3318.537	167.2381	0.101314	4.777941
2100	-3154.351	-3320.891	166.54	0.1922301	5.115666
2106	-3167.773	-3334.644	166.8712	0.01957607	5.027755
2112	-3168.532	-3335.348	166.8162	0.009770487	5.063697
2118	-3163.34	-3330.729	167.3885	0.03297973	4.732084
2124	-3162.854	-3329.58	166.726	0.1575724	5.031761
2130	-3161.493	-3328.497	167.0039	0.1250118	4.895299
2136	-3164.113	-3331.24	167.127	0.09683797	4.842451
2142	-3160.116	-3327.386	167.2707	0.01678607	4.806923
2148	-3163.115	-3329.959	166.8439	0.3686642	4.848696
2154	-3153.417	-3320.99	167.5729	0.07979227	4.602608
2160	-3152.325	-3319.396	167.0706	0.1642173	4.836295
2166	-3153.085	-3319.791	166.7056	0.307395	4.959813
2172	-3152.145	-3319.277	167.1323	0.1819028	4.792027
2178	-3159.931	-3326.647	166.7158	0.286298	4.96591
2184	-3161.463	-3328.39	166.9272	0.1253532	4.937818
2190	-3159.739	-3326.998	167.2593	0.2106149	4.705015
2196	-3157.109	-3323.805	166.6954	0.09225883	5.084973
2202	-3161.436	-3328.533	167.0971	0.229746	4.784975
2208	-3154.325	-3321.256	166.9307	0.229746	4.877734
2214	-3156.311	-3323.793	167.4821	0.06662923	4.660879
2220	-3151.898	-3319.232	167.3331	0.007502002	4.777285
2226	-3151.259	-3318.667	167.4078	0.05074737	4.711371
2232	-3150.721	-3317.67	166.9494	0.06066803	4.961484
2238	-3152.866	-3320.08	167.2136	0.08651695	4.799889
2244	-3161.537	-3328.105	166.5684	0.04459019	5.181729
2250	-3160.342	-3326.93	166.5878	0.02520844	5.181729
2256	-3156.633	-3323.513	166.8803	0.08701696	4.985233
2262	-3154.125	-3321.312	167.1862	0.06188695	4.828902
2268	-3152.181	-3318.729	166.5486	0.123432	5.149015
2274	-3140.768	-3307.255	166.4863	0.1347692	5.177217
2280	-3158.345	-3324.481	166.1367	0.1906936	5.339518
2286	-3157.289	-3323.99	166.7008	0.3234118	4.953597
2292	-3146.251	-3313.726	167.4753	0.006874857	4.698114
2298	-3141.819	-3309.194	167.3753	0.002416969	4.756563
2304	-3150.147	-3317.249	167.1025	0.008507414	4.905292
2310	-3154.476	-3321.397	166.9211	0.05556529	4.980014
2316	-3154.866	-3322.342	167.4759	0.1275337	4.630255
2322	-3159.358	-3325.595	166.2367	0.1922704	5.283459
2328	-3164.179	-3331.698	167.5195	0.06681052	4.639801
2334	-3159.725	-3326.915	167.1908	0.04779516	4.834193
2340	-3161.552	-3328.547	166.9948	0.2438516	4.834193
2346	-3150.679	-3317.89	167.2116	0.2576119	4.705412
2352	-3148.442	-3315.198	166.7557	0.05762746	5.070739
2358	-3145.267	-3311.68	166.4127	0.2323828	5.163932
2364	-3145.559	-3312.031	166.4722	0.1251379	5.190353
2370	-3148.69	-3315.579	166.8885	0.2473741	4.891441
2376	-3165.013	-3331.057	166.0438	0.07742407	5.453135
2382	-3170.878	-3338.556	167.6774	0.02064863	4.577167
2388	-3171.465	-3338.689	167.2243	0.2335086	4.711788
2394	-3173.459	-3339.987	166.5274	0.3009813	5.062392
2400	-3167.123	-3334.278	167.155	0.1005636	4.824761
2406	-3162.501	-3329.149	166.6484	0.1428328	5.082985
2412	-3156.992	-3324.124	167.1323	0.03885203	4.871777
2418	-3166.136	-3333.261	167.1247	0.1641642	4.806149
2424	-3151.907	-3318.083	166.1758	0.1327383	5.349913
2430	-3149.249	-3315.845	166.5959	0.1022309	5.134597
2436	-3160.868	-3328.146	167.2779	0.2423493	4.676813
2442	-3171.249	-3337.843	166.5933	0.2423493	5.058345
2448	-3161.151	-3327.79	166.6393	0.08839374	5.118207
2454	-3162.459	-3329.389	166.9296	0.04143235	4.983144
2460	-3165.328	-3332.099	166.7712	0.141897	5.015359
2466	-3149.122	-3316.11	166.9886	0.109165	4.912651
2472	-3164.832	-3331.808	166.9761	0.202398	4.867722
2478	-3160.359	-3327.745	167.3865	0.1595145	4.662389
2484	-3157.151	-3324.103	166.9519	0.0477399	4.967265
2490	-3159.136	-3326.039	166.9037	0.0958967	4.967265
2496	-3156.986	-3323.093	166.1077	0.2826424	5.304791
2502	-3157.042	-3323.967	166.9253	0.132567	4.934857
2508	-3155.771	-3322.765	166.9938	0.2885486	4.809813
2514	-3144.261	-3311.491	167.2307	0.2185734	4.71656
2520	-3163.495	-3329.735	166.2399	0.291708	5.226749
2526	-3147.798	-3314.127	166.3292	0.2452818	5.202994
2532	-3153.897	-3321.154	167.2575	0.112761	4.760713
2538	-3151.538	-3318.315	166.7772	0.2094456	4.974458
2544	-3145.644	-3312.488	166.844	0.2418449	4.919308
2550	-3161.949	-3328.751	166.8027	0.227775	4.950085
2556	-3171.226	-3338.357	167.1305	0.1728343	4.798058
2562	-3148.009	-3315.418	167.4091	0.1863095	4.634723
2568	-3151.753	-3318.855	167.1022	0.2074159	4.79459
2574	-3150.506	-3317.599	167.0936	0.2159964	4.79459
2580	-3154.554	-3320.964	166.4094	0.02525602	5.280315
2586	-3166.507	-3333.657	167.1507	0.034916	4.863731
2592	-3152.615	-3319.464	166.8489	0.1734536	4.954645
2598	-3166.052	-3333.872	167.8203	0.007489904	4.504267
2604	-3162.301	-3328.932	166.6312	0.0349682	5.152283
2610	-3152.017	-3318.846	166.8289	0.1825469	4.960671
2616	-3151.58	-3318.552	166.9726	0.1578473	4.894447
2622	-3149.682	-3317.077	167.3949	0.06590762	4.710068
2628	-3157.327	-3324.696	167.3687	0.09217785	4.710068
2634	-3155.43	-3322.581	167.1515	0.03212566	4.864838
2640	-3155.878	-3322.994	167.1167	0.02572762	4.887772
2646	-3149.713	-3316.375	166.6618	0.03371236	5.136015
2652	-3157.792	-3323.775	165.9824	0.1886698	5.425687
2658	-3153.756	-3320.042	166.2858	0.07016636	5.323736
2664	-3149.842	-3316.71	166.8677	0.1960331	4.931622
2670	-3164.229	-3331.046	166.8167	0.3101313	4.896492
2676	-3164.866	-3331.636	166.7695	0.3101313	4.922769
2682	-3162.024	-3328.897	166.8726	0.2070302	4.922769
2688	-3162.824	-3329.482	166.6583	0.1270355	5.086221
2694	-3164.607	-3332.169	167.5619	0.158887	4.564386
2700	-3161.522	-3328.749	167.2267	0.02842846	4.824975
2706	-3152.075	-3319.233	167.1575	0.09759717	4.824975
2712	-3150.373	-3317.878	167.5054	0.05836209	4.652479
2718	-3159.187	-3326.377	167.19	0.2139711	4.741849
2724	-3157.774	-3324.6	166.8259	0.05848265	5.031293
2730	-3165.194	-3331.588	166.3938	0.157539	5.215832
2736	-3151.733	-3318.3	166.5668	0.06559013	5.170954
2742	-3158.699	-3326.105	167.4061	0.1259181	4.670211
2748	-3163.806	-3330.491	166.6853	0.2915457	4.979941
2754	-3151.488	-3318.284	166.7953	0.1035428	5.023241
2760	-3147.366	-3314.085	166.7189	0.102288	5.066334
2766	-3159.718	-3326.976	167.2582	0.1817219	4.721799
2772	-3160.979	-3327.644	166.6653	0.2816667	4.996526
2778	-3150.963	-3317.806	166.8434	0.1035601	4.996526
2784	-3152.151	-3318.791	166.6401	0.07516987	5.125056
2790	-3154.457	-3321.421	166.9642	0.05868498	4.954354
2796	-3154.887	-3322.102	167.2154	0.09186387	4.795877
2802	-3153.569	-3320.897	167.328	0.08624029	4.736106
2808	-3154.802	-3320.87	166.0671	0.1545353	5.397831
2814	-3160.257	-3327.85	167.5925	0.07115524	4.596463
2820	-3157.149	-3324.227	167.0774	0.2221544	4.800183
2826	-3160.255	-3327.279	167.0242	0.170239	4.858807
2832	-3152.438	-3319.34	166.9018	0.3082873	4.85012
2838	-3156.072	-3323.215	167.1434	0.06664886	4.85012
2844	-3153.155	-3320.622	167.4674	0.03569491	4.686449
2850	-3146.595	-3313.23	166.6345	0.1451874	5.089357
2856	-3146.877	-3314.568	167.6906	0.08517739	4.533509
2862	-3152.078	-3319.254	167.1762	0.03697298	4.84836
2868	-3154.445	-3321.628	167.1831	0.03007924	4.84836
2874	-3152.694	-3319.063	166.3691	0.2121932	5.199225
2880	-3151.594	-3318.519	166.9257	0.0824208	4.962565
2886	-3143.843	-3310.831	166.9883	0.01980182	4.962565
2892	-3152.533	-3319.926	167.3932	0.04291997	4.723917
2898	-3160.051	-3326.988	166.9372	0.2376686	4.869737
2904	-3158.96	-3326.801	167.8414	0.06932377	4.457574
2910	-3149.241	-3316.462	167.2202	0.09393231	4.79205
2916	-3146.06	-3313.108	167.0483	0.1426946	4.860728
2922	-3149.367	-3315.98	166.613	0.2341279	5.051983
2928	-3148.965	-3316.016	167.0506	0.1211522	4.871441
2934	-3151.702	-3318.838	167.1359	0.03588653	4.871441
2940	-3155.955	-3322.956	167.0005	0.1713315	4.871441
2946	-3161.327	-3328.677	167.3497	0.03987489	4.749898
2952	-3161.796	-3328.321	166.5257	0.026037	5.2156
2958	-3160.393	-3327.397	167.0039	0.01117949	4.958693
2964	-3160.043	-3327.288	167.2449	0.06012007	4.79715
2970	-3162.983	-3329.825	166.8421	0.02793722	5.039225
2976	-3163.143	-3329.675	166.5319	0.004117311	5.224309
2982	-3151.853	-3318.719	166.8652	0.0733689	5.001174
2988	-3155.037	-3322.596	167.5592	0.01031797	4.649239
2994	-3143.938	-3310.742	166.8041	0.006113355	5.072444
3000	-3144.074	-3311.315	167.2409	0.04429254	4.808225
3006	-3136.269	-3303.001	166.732	0.1620615	5.025896
3012	-3154.361	-3321.121	166.7597	0.1343987	5.025896
3018	-3148.75	-3315.43	166.6797	0.2143717	5.025896
3024	-3153.585	-3320.281	166.6961	0.1543314	5.050131
3030	-3166.723	-3334.354	167.6312	0.1879932	4.509118
3036	-3169.663	-3335.909	166.2454	0.1717483	5.290001
3042	-3155.949	-3323.469	167.5197	0.04119741	4.65405
3048	-3154.747	-3322.155	167.4082	0.08165157	4.693854
3054	-3157.848	-3325.245	167.3968	0.1648162	4.653678
3060	-3154.008	-3321.455	167.4472	0.1881695	4.61231
3066	-3160.393	-3327.489	167.096	0.07744901	4.870534
3072	-3152.73	-3319.887	167.157	0.07744901	4.836521
3078	-3154.91	-3321.462	166.5524	0.1998781	5.104566
3084	-3145.116	-3312.281	167.1651	0.1181099	4.809338
3090	-3147.879	-3315.175	167.2957	0.1113049	4.740161
3096	-3158.762	-3326.049	167.287	0.05859858	4.774474
3102	-3155.508	-3322.316	166.8085	0.1748063	4.976326
3108	-3155.94	-3322.843	166.903	0.172384	4.925131
3114	-3178.329	-3344.081	165.7518	0.2447764	5.521689
3120	-3152.443	-3320.04	167.5962	0.1396915	4.55588
3126	-3157.989	-3324.889	166.8996	0.2085914	4.906876
3132	-3146.487	-3313.459	166.9721	0.1360491	4.906876
3138	-3154.583	-3321.868	167.2856	0.1741229	4.710704
3144	-3158.557	-3325.064	166.5071	0.3628452	5.039314
3150	-3158.986	-3325.975	166.989	0.06812511	4.9353
3156	-3150.168	-3316.611	166.4429	0.0451134	5.250822
3162	-3144.456	-3311.045	166.589	0.06945298	5.156558
3168	-3142.885	-3310.278	167.3929	0.1696146	4.65315
3174	-3157.781	-3325.531	167.75	0.1449568	4.466438
3180	-3161.719	-3328.975	167.2566	0.0008959139	4.823664
3186	-3146.973	-3313.841	166.8686	0.009796169	5.034636
3192	-3162.463	-3329.617	167.1548	0.04899282	4.85362
3198	-3155.413	-3322.5	167.0867	0.0316716	4.901167
3204	-3159.848	-3327.05	167.2013	0.1226878	4.786533
3210	-3155.64	-3322.719	167.0783	0.08217972	4.877729
3216	-3153.19	-3320.269	167.0783	0.08217972	4.877729
3222	-3146.887	-3313.514	166.6272	0.1652139	5.0823
3228	-3148.282	-3314.957	166.6748	0.05893586	5.114828
3234	-3148.656	-3315.265	166.6085	0.1252581	5.114828
3240	-3155.647	-3322.894	167.2476	0.04301841	4.805154
3246	-3147.657	-3314.209	166.5516	0.2264942	5.090243
3252	-3153.115	-3319.665	166.5501	0.1857349	5.113693
3258	-3136.731	-3304.091	167.3594	0.01756539	4.756939
3264	-3152.191	-3319.05	166.8589	0.01345336	5.037953
3270	-3158.024	-3324.841	166.8172	0.03016897	5.051824
3276	-3163.878	-3330.731	166.8524	0.05231156	5.020023
3282	-3166.863	-3334.123	167.2591	0.08647153	4.774517
3288	-3158.079	-3325.042	166.9635	0.2321234	4.858178
3294	-3170.633	-3337.159	166.5258	0.3390889	5.042108
3300	-3162.765	-3329.906	167.1406	0.06555749	4.852274
3306	-3164.565	-3331.657	167.0924	0.01669524	4.906337
3312	-3171.162	-3337.984	166.8221	0.1421055	4.986969
3318	-3175.132	-3341.88	166.7482	0.2159251	4.986969
3324	-3166.825	-3334.078	167.2532	0.1620466	4.73559
3330	-3157.328	-3323.976	166.6481	0.1389806	5.085274
3336	-3158.084	-3324.836	166.7516	0.1747197	5.007978
3342	-3155.188	-3322.134	166.9452	0.03430668	4.978435
3348	-3145.126	-3312.373	167.2469	0.2386254	4.696283
3354	-3148.121	-3315.532	167.4115	0.06081171	4.703641
3360	-3152.62	-3319.72	167.0993	0.01002985	4.906231
3366	-3149.864	-3316.574	166.7102	0.1971789	5.018542
3372	-3152.783	-3320.048	167.2645	0.1809282	4.718695
3378	-3150.008	-3316.434	166.4263	0.2616037	5.140232
3384	-3154.02	-3321.025	167.0045	0.09469043	4.911856
3390	-3151.402	-3318.656	167.2535	0.09469043	4.773051
3396	-3141.868	-3308.708	166.8404	0.05011172	5.027896
3402	-3142.47	-3309.372	166.9021	0.1454524	4.940613
3408	-3150.713	-3317.642	166.929	0.06826964	4.968561
3414	-3148.565	-3314.93	166.3656	0.1843622	5.216595
3420	-3144.322	-3311.593	167.2711	0.02835883	4.800229
3426	-3147.565	-3314.384	166.819	0.08597374	5.019849
3432	-3153.032	-3320.255	167.2229	0.06396374	4.807255
3438	-3155.642	-3322.642	167.0003	0.05048102	4.938791
3444	-3161.133	-3328.488	167.3556	0.01082507	4.762828
3450	-3178.208	-3344.739	166.5313	0.03004784	5.210287
3456	-3159.368	-3326.457	167.0894	0.03087389	4.900147
3462	-3160.792	-3327.282	166.4908	0.2189971	5.128138
3468	-3160.769	-3328.036	167.2677	0.06928091	4.77932
3474	-3157.514	-3324.808	167.2939	0.04304234	4.77932
3480	-3163.425	-3330.187	166.7616	0.01114949	5.093217
3486	-3146.222	-3312.977	166.7556	0.01718896	5.093217
3492	-3140.8	-3307.464	166.6632	0.1096034	5.093217
3498	-3139.688	-3306.445	166.7572	0.12727	5.031255
3504	-3158.085	-3324.768	166.683	0.1537746	5.057708
3510	-3143.391	-3310.346	166.9545	0.1641282	4.901025
3516	-3151.405	-3318.095	166.6892	0.1353235	5.06452
3522	-3154.79	-3322.128	167.3389	0.1595247	4.689051
3528	-3143.576	-3310.898	167.322	0.1379197	4.710614
3534	-3145.332	-3312.005	166.6728	0.02422158	5.13517
3540	-3144.683	-3311.919	167.2357	0.002592089	4.834378
3546	-3152.702	-3319.804	167.102	0.00526684	4.907364
3552	-3161.688	-3328.341	166.6526	0.1102552	5.09871
3558	-3156.055	-3323.172	167.1166	0.03479227	4.882787
3564	-3167.512	-3334.559	167.0465	0.1049059	4.882787
3570	-3157.217	-3324.269	167.0523	0.0991418	4.882787
3576	-3159.777	-3326.782	167.0054	0.1459761	4.882787
3582	-3157.156	-3324.186	167.0305	0.2310867	4.821364
3588	-3156.479	-3323.357	166.878	0.1979646	4.924822
3594	-3154.279	-3321.326	167.0464	0.02954964	4.924822
3600	-3155.03	-3321.234	166.2039	0.00235485	5.406284
3606	-3146.483	-3313.644	167.1611	0.007409333	4.873251
3612	-3146.146	-3313.308	167.1629	0.005612353	4.873251
3618	-3147.253	-3313.823	166.5696	0.1432971	5.126404
3624	-3155.508	-3322.991	167.4828	0.2284036	4.569763
3630	-3150.67	-3318.016	167.3463	0.2722158	4.62175
3636	-3145.067	-3312.413	167.3463	0.07640295	4.731411
3642	-3144.106	-3311.293	167.1866	0.02160178	4.851135
3648	-3153.319	-3320.5	167.181	0.02725077	4.851135
3654	-3158.331	-3325.163	166.832	0.01578217	5.051613
3660	-3160.517	-3327.265	166.7477	0.2895193	4.946372
3666	-3160.45	-3327.711	167.2611	0.2776456	4.666494
3672	-3156.249	-3322.815	166.5656	0.2635704	5.061912
3678	-3154.772	-3321.75	166.9776	0.01279907	4.972418
3684	-3152.244	-3319.815	167.571	0.05995542	4.614793
3690	-3141.481	-3308.3	166.8183	0.09046944	5.017743
3696	-3142.648	-3309.64	166.9922	0.1244455	4.90216
3702	-3144.76	-3312.139	167.3786	0.07217853	4.715704
3708	-3148.574	-3315.835	167.2608	0.01393122	4.814027
3714	-3148.881	-3316.078	167.1969	0.1343796	4.782454
3720	-3156.019	-3322.632	166.6132	0.07530162	5.139917
3726	-3147.908	-3315.162	167.2533	0.003136166	4.824279
3732	-3138.964	-3306.028	167.0635	0.006336695	4.928234
3738	-3139.522	-3306.908	167.3861	0.002550624	4.750412
3744	-3147.241	-3315.006	167.7641	0.009831238	4.534545
3750	-3152.061	-3319.515	167.4537	0.05262837	4.684631
3756	-3157.995	-3324.892	166.8965	0.1319914	4.95122
3762	-3148.889	-3315.735	166.846	0.1825099	4.95122
3768	-3160.84	-3327.773	166.9328	0.1292143	4.932563
3774	-3164.951	-3332.302	167.3517	0.02018329	4.759824
3780	-3154.871	-3322.372	167.5003	0.08424521	4.640802
3786	-3153.412	-3320.299	166.8874	0.1969384	4.92012
3792	-3150.669	-3317.735	167.0659	0.1927016	4.823045
3798	-3158.423	-3325.907	167.4834	0.2086043	4.580555
3804	-3159.059	-3325.514	166.4542	0.1456818	5.188947
3810	-3158.027	-3325.072	167.0448	0.1456818	4.861053
3816	-3148.67	-3315.97	167.3	0.1456818	4.718565
3822	-3149.889	-3316.47	166.5814	0.1211514	5.132123
3828	-3155.115	-3321.922	166.8066	0.1787319	4.975194
3834	-3155.443	-3322.958	167.5142	0.0151351	4.671719
3840	-3148.65	-3315.492	166.8422	0.1071902	4.995158
3846	-3148.131	-3314.403	166.2722	0.2518924	5.230905
3852	-3160.471	-3327.275	166.8039	0.1144169	5.01244
3858	-3156.549	-3323.787	167.238	0.1179128	4.76873
3864	-3151.75	-3318.449	166.6991	0.1294786	5.062283
3870	-3152.375	-3319.572	167.1964	0.1215694	4.789908
3876	-3154.559	-3321.783	167.2239	0.09404812	4.789908
3882	-3151.066	-3317.66	166.5941	0.1206186	5.125382
3888	-3147.03	-3313.822	166.7918	0.2208997	4.959979
3894	-3147.035	-3314.533	167.4981	0.07191233	4.64896
3900	-3142.27	-3309.548	167.2783	0.04765703	4.785442
3906	-3143.498	-3310.807	167.3083	0.01768884	4.785442
3912	-3147.524	-3314.563	167.0384	0.01626211	4.936668
3918	-3146.96	-3313.915	166.9544	0.1280039	4.921238
3924	-3148.158	-3315.224	167.0655	0.1082192	4.870388
3930	-3162.416	-3329.736	167.3201	0.156442	4.701308
3936	-3161.94	-3328.166	166.226	0.2495672	5.257705
3942	-3156.493	-3323.799	167.3065	0.002040546	4.795177
3948	-3159.231	-3326.31	167.0788	0.06129457	4.889089
3954	-3166.089	-3333.717	167.6285	0.05162043	4.587238
3960	-3153.007	-3320.122	167.1156	0.1078651	4.842627
3966	-3157.151	-3324.588	167.4376	0.07254648	4.682508
3972	-3153.274	-3320.764	167.4902	0.01989704	4.682508
3978	-3156.198	-3322.934	166.7368	0.115295	5.049224
3984	-3155.026	-3321.772	166.7463	0.1463469	5.026707
3990	-3154.012	-3321.111	167.0988	0.07573086	4.869908
3996	-3142.257	-3309.572	167.3152	0.07433348	4.74992
4002	-3157.757	-3324.754	166.9978	0.1992088	4.857389
4008	-3154.599	-3321.669	167.0702	0.06363874	4.892607
4014	-3159.982	-3326.567	166.5854	0.1274111	5.126417
4020	-3146.255	-3312.361	166.1058	0.244148	5.327085
4026	-3156.432	-3323.044	166.6117	0.2246354	5.057958
4032	-3143.593	-3310.285	166.6924	0.3038108	4.969137
4038	-3146.402	-3313.364	166.9625	0.1981402	4.877659
4044	-3156.844	-3323.16	166.3159	0.2785553	5.19196
4050	-3154.67	-3321.1	166.4301	0.1810935	5.18269
4056	-3145.308	-3312.407	167.0987	0.273863	4.759414
4062	-3137.582	-3304.615	167.0335	0.1097399	4.887363
4068	-3148.718	-3315.715	166.9974	0.0957918	4.915218
4074	-3148.521	-3315.783	167.2629	0.04651807	4.794676
4080	-3143.984	-3310.991	167.0067	0.3027402	4.794676
4086	-3156.536	-3324.114	167.5785	0.03422753	4.624991
4092	-3156.592	-3323.304	166.7115	0.002438291	5.125836
4098	-3157.9	-3325.044	167.1448	8.672289e-05	4.886454
4104	-3154.621	-3321.55	166.9289	0.00313336	5.004827
4110	-3154.787	-3322.172	167.3848	0.007819529	4.748194
4116	-3146.685	-3313.64	166.9552	0.2185664	4.870356
4122	-3148.923	-3316.578	167.6546	0.0375476	4.580467
4128	-3144.09	-3311.683	167.5936	0.03125805	4.618189
4134	-3140.995	-3307.717	166.7218	0.06056541	5.087902
4140	-3146.05	-3313.394	167.344	0.1494064	4.691839
4146	-3152.275	-3319.203	166.9281	0.149616	4.923826
4152	-3154.253	-3321.144	166.8906	0.125767	4.957949
4158	-3158.763	-3325.77	167.0073	0.1173016	4.897699
4164	-3155.203	-3322.374	167.1709	0.04019148	4.849515
4170	-3150.429	-3318.43	168.0008	0.1321743	4.332193
4176	-3146.407	-3313.914	167.5064	0.156295	4.596981
4182	-3150.996	-3318.329	167.3328	0.005939228	4.77829
4188	-3153.887	-3320.918	167.0306	0.00875577	4.945149
4194	-3155.42	-3322.411	166.9907	0.01175979	4.965672
4200	-3147.959	-3314.773	166.8146	0.01175979	5.063476
4206	-3153.67	-3321.082	167.4115	0.01261329	4.730617
4212	-3146.248	-3313.35	167.1023	0.1820031	4.808724
4218	-3157.084	-3323.567	166.483	0.2813748	5.097846
4224	-3153.338	-3320.423	167.0847	0.1807527	4.819241
4230	-3166.25	-3332.779	166.529	0.2734536	5.07676
4236	-3162.286	-3329.21	166.924	0.2436474	4.873763
4242	-3153.651	-3320.755	167.1039	0.1043056	4.851135
4248	-3150.282	-3317.134	166.8523	0.2046648	4.935363
4254	-3149.039	-3315.858	166.8186	0.1117074	5.005805
4260	-3149.512	-3316.586	167.0738	0.06549444	4.889546
4266	-3151.868	-3319.281	167.413	0.011501	4.730371
4272	-3158.607	-3325.661	167.0536	0.1034024	4.879697
4278	-3147.247	-3313.767	166.5193	0.09710816	5.179826
4284	-3146.204	-3312.684	166.4802	0.1361657	5.179826
4290	-3149.608	-3316.375	166.7666	0.1391041	5.019422
4296	-3142.305	-3309.095	166.7906	0.1151912	5.019422
4302	-3142.652	-3309.428	166.7755	0.2284375	4.964891
4308	-3153.469	-3320.092	166.6236	0.2414147	5.042039
4314	-3131.046	-3298.118	167.0713	0.0901925	4.877164
4320	-3142.569	-3309.386	166.817	0.2040275	4.955362
4326	-3154.921	-3321.579	166.6576	0.2040275	5.043941
4332	-3155.529	-3322.654	167.1249	0.1627666	4.806825
4338	-3148.544	-3315.331	166.7867	0.1010735	5.029396
4344	-3159.417	-3326.593	167.176	0.2419917	4.73403
4350	-3150.268	-3317.161	166.8939	0.1549587	4.939886
4356	-3150.927	-3317.855	166.9283	0.1768173	4.908582
4362	-3141.683	-3308.695	167.012	0.03284155	4.942123
4368	-3156.869	-3323.911	167.0423	0.2564509	4.800642
4374	-3162.488	-3329.097	166.6085	0.07441783	5.143
4380	-3167.751	-3334.817	167.0659	0.0697185	4.891614
4386	-3174.219	-3340.474	166.2551	0.09181743	5.328764
4392	-3166.807	-3333.836	167.0285	0.2107156	4.833836
4398	-3174.794	-3341.22	166.426	0.2107156	5.168562
4404	-3170.354	-3336.87	166.5165	0.0742825	5.194019
4410	-3165.638	-3332.342	166.7042	0.07556401	5.08934
4416	-3153.503	-3320.738	167.2345	0.1000709	4.780642
4422	-3156.464	-3323.422	166.9578	0.0175868	4.980759
4428	-3159.951	-3326.82	166.8686	0.0175868	5.030292
4434	-3144.154	-3310.954	166.7999	0.09006856	5.028176
4440	-3159.941	-3327.249	167.3081	0.0375611	4.774427
4446	-3151.986	-3319.686	167.7005	0.02081198	4.56412
4452	-3153.31	-3321.106	167.796	0.09460218	4.468895
4458	-3142.824	-3310.124	167.3002	0.149535	4.716268
4464	-3146.201	-3313.36	167.1589	0.1480825	4.796031
4470	-3165.168	-3331.778	166.6105	0.2059608	5.068976
4476	-3150.639	-3317.495	166.857	0.1823886	4.945174
4482	-3153.279	-3320.288	167.0091	0.2645227	4.814649
4488	-3148.939	-3315.418	166.4789	0.3506321	5.061718
4494	-3153.861	-3319.644	165.7839	0.1966775	5.530507
4500	-3147.853	-3314.732	166.879	0.1587602	4.946071
4506	-3148.407	-3315.228	166.8208	0.2169603	4.946071
4512	-3150.893	-3318.251	167.358	0.08632828	4.719332
4518	-3154.526	-3321.534	167.0083	0.3080588	4.790823
4524	-3156.123	-3322.943	166.8198	0.208272	4.95147
4530	-3154.434	-3320.868	166.4343	0.3206958	5.103089
4536	-3151.928	-3319.297	167.3689	0.09577889	4.707936
4542	-3153.353	-3320.082	166.7298	0.2358735	4.98611
4548	-3147.033	-3313.948	166.9146	0.05108515	4.98611
4554	-3143.451	-3310.668	167.2165	0.03792498	4.825378
4560	-3152.995	-3320.358	167.3628	0.0327582	4.746566
4566	-3156.729	-3324.414	167.6858	0.01105238	4.577807
4572	-3139.654	-3306.676	167.0222	0.05773802	4.922592
4578	-3146.445	-3313.437	166.9926	0.1315014	4.897992
4584	-3146.122	-3313.141	167.0195	0.08930378	4.906504
4590	-3141.951	-3308.955	167.0044	0.1044583	4.906504
4596	-3164.041	-3330.546	166.5056	0.07811797	5.197938
4602	-3154.433	-3321.765	167.3323	0.3294287	4.597557
4608	-3152.714	-3319.862	167.1482	0.04773218	4.857985
4614	-3157.07	-3323.83	166.7596	0.04017874	5.078252
4620	-3165.841	-3332.597	166.7563	0.1063057	5.043356
4626	-3153.446	-3320.616	167.1698	0.2629671	4.725773
4632	-3154.734	-3321.115	166.3814	0.1324154	5.236585
4638	-3157.514	-3324.025	166.5108	0.3546295	5.041836
4644	-3156.594	-3323.238	166.6447	0.07990552	5.119903
4650	-3153.711	-3320.791	167.0803	0.2700517	4.771839
4656	-3149.996	-3316.718	166.722	0.0599181	5.088143
4662	-3142.117	-3308.984	166.8669	0.1245379	4.971811
4668	-3137.821	-3304.902	167.0811	0.2124495	4.80353
4674	-3156.93	-3323.458	166.5277	0.190735	5.123335
4680	-3148.001	-3315.113	167.1116	0.1715566	4.809332
4686	-3158.96	-3326.122	167.1624	0.06944722	4.837971
4692	-3154.755	-3322.058	167.3029	0.06259065	4.763362
4698	-3154.652	-3321.481	166.8291	0.1206043	4.995019
4704	-3140.961	-3308.268	167.3072	0.125813	4.725626
4710	-3155.047	-3321.51	166.4623	0.2200149	5.143342
4716	-3160.675	-3328.073	167.398	0.03178066	4.727449
4722	-3150.827	-3318.457	167.6303	0.05094702	4.586582
4728	-3149.744	-3317.279	167.5356	0.1456901	4.586582
4734	-3166.566	-3334.168	167.6024	0.07885939	4.586582
4740	-3167.543	-3334.28	166.7368	0.1237294	5.044502
4746	-3159.263	-3326.646	167.3826	0.1164103	4.688718
4752	-3142.049	-3309.32	167.2711	0.1188608	4.749697
4758	-3153.231	-3320.459	167.228	0.09512904	4.78701
4764	-3153.757	-3320.553	166.7957	0.04116671	5.057669
4770	-3151.478	-3318.68	167.2016	0.2000545	4.743161
4776	-3152.401	-3319.937	167.5361	0.144014	4.587217
4782	-3171.799	-3339.297	167.4985	0.105203	4.630056
4788	-3169.019	-3335.926	166.9076	0.06978841	4.979645
4794	-3165.239	-3332.113	166.8737	0.1036267	4.979645
4800	-3164.257	-3331.134	166.8775	0.09981075	4.979645
4806	-3170.576	-3337.539	166.9629	0.2093109	4.871191
4812	-3165.629	-3332.542	166.9131	0.180978	4.914692
4818	-3160.372	-3327.061	166.6897	0.1211339	5.0721
4824	-3154.471	-3322.077	167.6058	0.1129885	4.565511
4830	-3153.32	-3320.869	167.5488	0.05014653	4.632762
4836	-3147.879	-3315.232	167.3534	0.02637026	4.755371
4842	-3155.898	-3323.216	167.3183	0.06153079	4.755371
4848	-3156.079	-3323.063	166.9837	0.2309155	4.847551
4854	-3150.972	-3318.027	167.0552	0.1829453	4.83448
4860	-3154.428	-3321.784	167.3555	0.2420228	4.633557
4866	-3159.723	-3326.961	167.2381	0.01880412	4.82397
4872	-3158.253	-3324.872	166.6188	0.2223036	5.055322
4878	-3156.477	-3323.702	167.2257	0.07956595	4.797023
4884	-3149.555	-3316.375	166.8198	0.03525697	5.047582
4890	-3156.525	-3323.123	166.5981	0.3296092	5.007247
4896	-3157.11	-3324.096	166.9857	0.2929664	4.811825
4902	-3149.642	-3316.352	166.7096	0.04093141	5.10555
4908	-3150.637	-3317.682	167.0442	0.02973447	4.925935
4914	-3149.646	-3316.653	167.0067	0.1368937	4.887156
4920	-3143.76	-3310.622	166.8621	0.1549763	4.957537
4926	-3148.406	-3315.106	166.7009	0.06469742	5.097195
4932	-3155.72	-3322.675	166.9545	0.06469742	4.956388
4938	-3141.291	-3308.611	167.3198	0.1924716	4.681312
4944	-3155.969	-3323.007	167.0382	0.1924716	4.838628
4950	-3160.862	-3327.37	166.5076	0.1437378	5.160473
4956	-3147.035	-3313.814	166.7789	0.09644112	5.036322
4962	-3152.704	-3319.701	166.9968	0.10489	4.910471
4968	-3150.771	-3318.13	167.3594	0.0464407	4.740854
4974	-3168.318	-3334.64	166.3218	0.0615208	5.308668
4980	-3170.229	-3337.173	166.9435	0.2060444	4.88384
4986	-3163.21	-3329.925	166.7144	0.2036519	5.012573
4992	-3158.511	-3325.58	167.0687	0.2035986	4.815378
4998	-3152.981	-3319.507	166.5262	0.09096359	5.17939
5004	-3146.229	-3313.355	167.1255	0.2231596	4.772786
5010	-3141.293	-3308.284	166.9914	0.1729681	4.875596
5016	-3149.286	-3317.048	167.7622	0.06501178	4.504592
5022	-3156.517	-3323.365	166.8484	0.08659534	5.003172
5028	-3146.226	-3313.488	167.2614	0.04233897	4.797873
5034	-3153.694	-3320.172	166.4781	0.04189889	5.233159
5040	-3152.285	-3319.284	166.9992	0.07925104	4.923408
5046	-3158.481	-3325.711	167.2299	0.1810595	4.737954
5052	-3156.715	-3324.221	167.506	0.08598967	4.636667
5058	-3168.046	-3335.362	167.3161	0.3290962	4.606836
5064	-3157.18	-3323.335	166.1555	0.213445	5.31657
5070	-3175.99	-3343.699	167.7095	0.1415014	4.491208
5076	-3146.508	-3313.597	167.0896	0.08315079	4.870901
5082	-3138.262	-3305.062	166.8005	0.1545225	4.992037
5088	-3139.841	-3307.053	167.212	0.2158406	4.728512
5094	-3131.254	-3298.489	167.2355	0.1025985	4.7787
5100	-3160.812	-3327.443	166.6317	0.3202935	4.99374
5106	-3159.026	-3325.967	166.9414	0.01056083	4.99374
5112	-3160.374	-3327.348	166.9739	0.003098666	4.979844
5118	-3155.062	-3322.183	167.1206	0.03321178	4.881462
5124	-3161.858	-3328.947	167.0892	0.08751632	4.868698
5130	-3156.65	-3323.808	167.158	0.01868056	4.868698
5136	-3156.066	-3322.719	166.6528	0.3178913	4.983363
5142	-3157.096	-3323.844	166.7484	0.1473491	5.025004
5148	-3164.867	-3332.819	167.9517	0.2156733	4.31277
5154	-3155.311	-3323.09	167.7794	0.1128926	4.467948
5160	-3155.193	-3321.989	166.7966	0.03644697	5.059794
5166	-3145.217	-3312.713	167.4962	0.1450577	4.609027
5172	-3156.349	-3323.412	167.0631	0.24824	4.793626
5178	-3156.885	-3323.229	166.344	0.2460925	5.194368
5184	-3151.177	-3317.9	166.7239	0.1749956	5.023234
5190	-3162.247	-3329.282	167.0351	0.1749956	4.850095
5196	-3152.278	-3319.06	166.7827	0.06311606	5.05268
5202	-3163.558	-3330.246	166.6878	0.1668702	5.047763
5208	-3152.399	-3319.145	166.7453	0.1093959	5.047763
5214	-3154.513	-3321.469	166.9563	0.05118848	4.962877
5220	-3152.421	-3319.527	167.106	0.1812767	4.807022
5226	-3160.211	-3326.833	166.6213	0.22308	5.053482
5232	-3163.694	-3330.2	166.5055	0.2018401	5.129497
5238	-3153.708	-3320.373	166.6644	0.2345721	5.023166
5244	-3149.503	-3315.65	166.1477	0.2778264	5.285342
5250	-3160.569	-3326.848	166.2792	0.2495649	5.228291
5256	-3145.955	-3312.36	166.4055	0.2177741	5.176019
5262	-3145.07	-3312.21	167.1395	0.04746484	4.862998
5268	-3158.596	-3325.568	166.972	0.02504593	4.968673
5274	-3161.823	-3328.919	167.0967	0.03193902	4.895484
5280	-3157.994	-3324.455	166.4616	0.1562642	5.179044
5286	-3160.665	-3327.465	166.8	0.1685739	4.984544
5292	-3160.69	-3327.608	166.9177	0.05085112	4.984544
5298	-3167.638	-3334.231	166.5931	0.05552002	5.161969
5304	-3169.522	-3335.626	166.1044	0.1491959	5.380189
5310	-3163.153	-3329.672	166.5182	0.2446239	5.098728
5316	-3154.971	-3321.366	166.3949	0.34555	5.111119
5322	-3152.007	-3318.659	166.6516	0.08883241	5.111119
5328	-3141.071	-3308.486	167.4144	0.02611614	4.721447
5334	-3152.296	-3319.14	166.8438	0.00548651	5.050769
5340	-3150.477	-3317.698	167.2211	0.007930834	4.839518
5346	-3151.674	-3318.752	167.0779	0.1511401	4.839518
5352	-3143.625	-3310.491	166.8658	0.03467574	5.022363
5358	-3150.213	-3317.32	167.1074	0.2050325	4.793029
5364	-3154.693	-3321.402	166.7088	0.1150329	5.0649
5370	-3152.899	-3319.938	167.0387	0.1037066	4.887794
5376	-3145.818	-3312.474	166.6561	0.08368618	5.111472
5382	-3147.053	-3313.604	166.5502	0.1723764	5.121004
5388	-3144.654	-3311.591	166.9375	0.1593369	4.913162
5394	-3147.679	-3314.639	166.9599	0.1369833	4.913162
5400	-3140.12	-3307.047	166.927	0.1870629	4.903593
5406	-3153.107	-3320.794	167.6864	0.01748064	4.573893
5412	-3149.968	-3316.71	166.7412	0.03687737	5.090291
5418	-3158.777	-3325.476	166.6986	0.317274	4.958211
5424	-3148.596	-3315.722	167.1261	0.1191062	4.830503
5430	-3145.678	-3313.12	167.4419	0.04420416	4.695955
5436	-3149.803	-3316.724	166.9209	0.09988528	4.955517
5442	-3151.174	-3318.17	166.9958	0.0249766	4.955517
5448	-3159.578	-3326.832	167.2542	0.1974549	4.715232
5454	-3161.078	-3328.097	167.019	0.1749293	4.859125
5460	-3163.912	-3330.481	166.569	0.2148247	5.087054
5466	-3162.605	-3329.609	167.0033	0.2446404	4.828971
5472	-3160.785	-3327.762	166.9773	0.2549819	4.837709
5478	-3162.406	-3329.145	166.7396	0.2380643	4.979465
5484	-3176.186	-3343.278	167.0921	0.008315581	4.91121
5490	-3174.993	-3341.591	166.5982	0.04777424	5.163481
5496	-3160.694	-3328.222	167.5282	0.02221207	4.65994
5502	-3167.695	-3334.351	166.6558	0.01026117	5.152319
5508	-3173.056	-3340.108	167.0514	0.02108508	4.926738
5514	-3166.007	-3332.961	166.9541	0.02538591	4.978485
5520	-3150.543	-3317.618	167.0748	0.06108704	4.891461
5526	-3157.699	-3324.915	167.2155	0.2601049	4.701791
5532	-3156.644	-3323.564	166.92	0.1874325	4.907311
5538	-3171.257	-3338.289	167.0323	0.1863193	4.84533
5544	-3157.469	-3324.097	166.6275	0.1695345	5.079754
5550	-3148.399	-3315.44	167.0414	0.08855817	4.894762
5556	-3151.639	-3318.731	167.0917	0.09523772	4.862982
5562	-3159.224	-3326.097	166.8729	0.2398253	4.904344
5568	-3168.887	-3335.768	166.881	0.02031905	5.021871
5574	-3166.696	-3333.736	167.0407	0.06893877	4.906051
5580	-3157.5	-3324.902	167.4022	0.05459316	4.712331
5586	-3164.052	-3330.526	166.474	0.1142073	5.195411
5592	-3153.039	-3320.661	167.6223	0.1355983	4.54355
5598	-3150.248	-3317.578	167.33	0.02116236	4.771376
5604	-3152.629	-3320.137	167.5082	0.05657241	4.651916
5610	-3163.248	-3330.293	167.0452	0.1699683	4.847282
5616	-3153.59	-3319.858	166.268	0.28814	5.213157
5622	-3152.712	-3319.134	166.4222	0.2321523	5.158816
5628	-3157.623	-3324.169	166.5461	0.03875484	5.197283
5634	-3155.199	-3321.755	166.5562	0.02869557	5.197283
5640	-3164.239	-3331.298	167.0588	0.003555223	4.932369
5646	-3153.215	-3320.268	167.0533	0.009031446	4.932369
5652	-3148.102	-3315.061	166.9597	0.02525047	4.975413
5658	-3157.058	-3324.359	167.3009	0.1893377	4.693605
5664	-3158.081	-3324.606	166.5245	0.02369553	5.21757
5670	-3157.378	-3324.144	166.766	0.176668	4.99892
5676	-3163.446	-3330.221	166.7753	0.07186853	5.05193
5682	-3172.623	-3339.032	166.4087	0.06978435	5.256071
5688	-3161.797	-3328.956	167.159	0.1120423	4.816081
5694	-3163.996	-3330.051	166.0546	0.1923665	5.383872
5700	-3156.314	-3323.232	166.918	0.1889906	4.907553
5706	-3152.906	-3319.835	166.9298	0.1772008	4.907553
5712	-3159.461	-3325.652	166.1916	0.3235398	5.235817
5718	-3153.554	-3320.477	166.9226	0.1530873	4.924948
5724	-3153.56	-3321.387	167.827	0.07437737	4.462822
5730	-3157.184	-3324.464	167.2801	0.03044002	4.794041
5736	-3156.022	-3323.141	167.1184	0.2158619	4.7808
5742	-3152.947	-3319.656	166.7091	0.2637498	4.982143
5748	-3157.201	-3324.565	167.3643	0.07546867	4.721873
5754	-3159.149	-3326.794	167.6444	0.1996475	4.495105
5760	-3153.141	-3320.286	167.1447	0.2973386	4.720594
5766	-3148.852	-3316.03	167.1776	0.1062	4.808987
5772	-3153.759	-3320.886	167.127	0.1567531	4.808987
5778	-3160.852	-3327.961	167.1097	0.01700354	4.896561
5784	-3158.152	-3325.025	166.8728	0.2104764	4.920727
5790	-3157.597	-3324.415	166.8183	0.03804429	5.046851
5796	-3152.864	-3319.928	167.0643	0.04348053	4.90708
5802	-3163.152	-3330.157	167.0051	0.0762326	4.921841
5808	-3160.851	-3327.645	166.7942	0.1198228	5.014851
5814	-3156.598	-3323.492	166.894	0.01995873	5.014851
5820	-3151.657	-3318.64	166.9826	0.01286147	4.969579
5826	-3151.115	-3318.216	167.101	0.01271594	4.903769
5832	-3145.289	-3312.825	167.5366	0.2270126	4.540352
5838	-3152.894	-3320.59	167.6962	0.0674233	4.540352
5844	-3151.98	-3319.036	167.0561	0.09351029	4.883775
5850	-3145.829	-3312.826	166.9968	0.1287423	4.897227
5856	-3146.869	-3313.855	166.9869	0.1785824	4.874964
5862	-3148.996	-3316.252	167.2558	0.1700369	4.729641
5868	-3151.271	-3318.146	166.8755	0.1700369	4.941724
5874	-3146.022	-3313.119	167.0971	0.01349338	4.905537
5880	-3156.35	-3323.908	167.5577	0.006309496	4.652341
5886	-3157.994	-3325.367	167.373	0.08378849	4.712366
5892	-3158.88	-3325.555	166.6758	0.1071332	5.087567
5898	-3150.935	-3317.862	166.9271	0.155123	4.921325
5904	-3151.428	-3318.708	167.2792	0.1942092	4.703018
5910	-3155.35	-3321.914	166.5641	0.06420377	5.173259
5916	-3151.354	-3318.381	167.0276	0.03302097	4.933338
5922	-3153.863	-3320.843	166.9795	0.1260316	4.908356
5928	-3157.581	-3324.162	166.5804	0.1622423	5.109915
5934	-3150.93	-3317.179	166.2496	0.136144	5.307291
5940	-3171.386	-3337.71	166.3238	0.06199091	5.307291
5946	-3146.189	-3312.955	166.7657	0.1056806	5.038533
5952	-3139.68	-3307.188	167.5084	0.06768925	4.645541
5958	-3158.061	-3324.961	166.8998	0.3431182	4.831765
5964	-3150.165	-3317.205	167.0403	0.202669	4.831765
5970	-3156.248	-3323.457	167.2087	0.01165541	4.844351
5976	-3163.456	-3330.633	167.177	0.01831924	4.858322
5982	-3143.971	-3310.808	166.8367	0.009550501	5.052441
5988	-3151.611	-3318.064	166.4525	0.2702882	5.12089
5994	-3146.674	-3314.444	167.7703	0.08460393	4.489019
6000	-3158.958	-3326.341	167.3833	0.08739764	4.704582
6006	-3150.704	-3317.972	167.2677	0.07717796	4.774861
6012	-3144.802	-3311.868	167.0656	0.1911101	4.824074
6018	-3145.502	-3312.523	167.0206	0.04886111	4.928416
6024	-3153.968	-3320.735	166.7676	0.09940822	5.040931
6030	-3155.212	-3322.18	166.968	0.09806182	4.930306
6036	-3147.528	-3314.656	167.1277	0.1939633	4.787877
6042	-3152.634	-3319.664	167.0296	0.2919917	4.787877
6048	-3149.992	-3317.118	167.1264	0.07090226	4.857243
6054	-3154.708	-3322.049	167.3419	0.03219945	4.758555
6060	-3138.503	-3305.753	167.2505	0.1326489	4.753528
6066	-3148.996	-3316.477	167.4809	0.06334747	4.663375
6072	-3142.647	-3309.675	167.0277	0.04005727	4.92936
6078	-3140.384	-3307.877	167.493	0.06828485	4.653848
6084	-3156.605	-3324.182	167.5766	0.1902531	4.538508
6090	-3153.634	-3320.011	166.3768	0.1127836	5.249977
6096	-3150.436	-3316.957	166.5207	0.1024265	5.176124
6102	-3148.615	-3316.274	167.6592	0.126362	4.527994
6108	-3149.837	-3317.496	167.6589	0.03078013	4.581858
6114	-3151.695	-3319.07	167.375	0.09986053	4.702243
6120	-3151.466	-3318.466	167.0002	0.0823663	4.921127
6126	-3144.857	-3312.116	167.2592	0.1347648	4.747438
6132	-3165.386	-3332.791	167.4054	0.1042603	4.682774
6138	-3159.064	-3326.222	167.1577	0.1243839	4.809958
6144	-3156.974	-3324.539	167.5655	0.04133325	4.628345
6150	-3145.817	-3313.07	167.2528	0.1137439	4.762807
6156	-3146.882	-3314.169	167.2873	0.07918419	4.762807
6162	-3144.675	-3311.408	166.7328	0.06732998	5.078059
6168	-3147.592	-3314.445	166.8533	0.1764152	4.950535
6174	-3138.591	-3306.047	167.4558	0.1067501	4.65314
6180	-3149.914	-3317.403	167.4892	0.2505451	4.553769
6186	-3153.28	-3320.443	167.1623	0.1034912	4.819058
6192	-3157.823	-3325.439	167.6158	0.1463808	4.541168
6198	-3148.895	-3315.732	166.8367	0.07074766	5.018504
6204	-3145.125	-3312.46	167.3351	0.0257288	4.765975
6210	-3146.303	-3313.516	167.2122	0.1360904	4.772961
6216	-3158.164	-3325.053	166.8888	0.218735	4.907212
6222	-3160.99	-3328.024	167.0333	0.01267563	4.941463
6228	-3162.972	-3330.661	167.6887	0.05779564	4.549974
6234	-3167.22	-3334.568	167.3476	0.1674862	4.679707
6240	-3161.971	-3329.219	167.2475	0.04692203	4.803053
6246	-3163.006	-3329.484	166.4785	0.008883683	5.251182
6252	-3163.471	-3330.676	167.2046	0.0032132	4.851345
6258	-3168.896	-3335.414	166.5177	0.04213902	5.211095
6264	-3163.183	-3330.539	167.356	0.1867328	4.664246
6270	-3156.359	-3323.598	167.2388	0.1039394	4.77609
6276	-3151.273	-3317.664	166.3917	0.04090604	5.281464
6282	-3151.332	-3318.761	167.4295	0.1799964	4.626855
6288	-3156.067	-3322.924	166.8568	0.06325168	5.011462
6294	-3160.013	-3326.954	166.9413	0.09300619	4.948
6300	-3144.553	-3311.495	166.9423	0.1405811	4.920968
6306	-3150.988	-3317.815	166.8277	0.1148276	4.998985
6312	-3151.727	-3318.824	167.0962	0.04634199	4.887722
6318	-3151.462	-3318.256	166.7935	0.2204279	4.959283
6324	-3147.018	-3313.974	166.9559	0.2203871	4.868923
6330	-3145.757	-3312.666	166.9086	0.1765622	4.919685
6336	-3153.446	-3320.33	166.8835	0.1625267	4.941431
6342	-3157.439	-3324.707	167.268	0.1927307	4.710152
6348	-3152.748	-3319.705	166.9567	0.138744	4.913959
6354	-3164.12	-3331.443	167.3235	0.138744	4.709293
6360	-3162.069	-3328.586	166.5169	0.179021	5.135771
6366	-3150.931	-3317.56	166.629	0.1677117	5.07992
6372	-3147.594	-3314.628	167.0342	0.1677117	4.854643
6378	-3150.698	-3316.881	166.1832	0.154614	5.333785
6384	-3149.688	-3316.452	166.7642	0.05432792	5.06785
6390	-3157.332	-3324.19	166.8581	0.1250996	4.976421
6396	-3161.23	-3328.504	167.2734	0.07918732	4.770578
6402	-3156.846	-3324.412	167.5665	0.08327373	4.604243
6408	-3152.049	-3319.21	167.1612	0.285304	4.718101
6414	-3157.522	-3324.078	166.5558	0.2417939	5.079467
6420	-3147.065	-3313.531	166.4661	0.338398	5.075593
6426	-3156.055	-3323.657	167.6023	0.1099183	4.569225
6432	-3156.316	-3323.387	167.0711	0.1709692	4.832241
6438	-3157.158	-3323.943	166.7849	0.1202151	5.019761
6444	-3156.994	-3323.549	166.555	0.05363779	5.184117
6450	-3155.006	-3322.487	167.4802	0.02965133	4.682675
6456	-3144.235	-3310.937	166.7024	0.05739797	5.100413
6462	-3140.307	-3307.59	167.2831	0.1249569	4.73958
6468	-3148.429	-3315.102	166.673	0.2186244	5.027258
6474	-3148.972	-3315.748	166.7758	0.1158862	5.027258
6480	-3160.993	-3327.885	166.8921	0.05201101	4.998112
6486	-3164.461	-3331.222	166.7604	0.1837205	4.998112
6492	-3154.523	-3321.441	166.9178	0.09833947	4.958089
6498	-3147.34	-3313.395	166.0551	0.2155124	5.370825
6504	-3133.542	-3300.605	167.0626	0.05772112	4.900117
6510	-3147.339	-3314.398	167.0595	0.06085851	4.900117
6516	-3157.508	-3324.609	167.1011	0.01920879	4.900117
6522	-3167.234	-3334.253	167.0191	0.1012473	4.900117
6528	-3165.03	-3332.201	167.1713	0.1603834	4.782254
6534	-3164.928	-3332.57	167.642	0.09186838	4.55707
6540	-3160.464	-3326.632	166.1687	0.2225521	5.304281
6546	-3147.052	-3314.147	167.0941	0.2225521	4.790644
6552	-3155.018	-3322.196	167.1784	0.1323277	4.793942
6558	-3165.097	-3331.901	166.8043	0.1323277	5.002287
6564	-3166.707	-3334.22	167.5132	0.1025682	4.623303
6570	-3158.919	-3326.143	167.2239	0.1661417	4.74965
6576	-3157.422	-3324.606	167.1843	0.1486784	4.781528
6582	-3152.826	-3320.049	167.2235	0.07923101	4.798446
6588	-3152.658	-3319.337	166.6794	0.1296097	5.073099
6594	-3166.976	-3334.15	167.1737	0.1352844	4.794939
6600	-3155.136	-3322.12	166.984	0.09052115	4.925593
6606	-3148.985	-3316.089	167.1042	0.0628756	4.874069
6612	-3149.824	-3316.899	167.0741	0.09301739	4.874069
6618	-3154.187	-3321.059	166.8718	0.2953102	4.874069
6624	-3161.602	-3328.468	166.8661	0.05743086	5.009522
6630	-3154.404	-3321.147	166.7428	0.2092538	4.993721
6636	-3152.38	-3319.751	167.371	0.04330727	4.736099
6642	-3153.238	-3320.096	166.8584	0.01616047	5.036751
6648	-3155.586	-3322.867	167.2815	0.1747647	4.712653
6654	-3147.466	-3314.453	166.9871	0.2477934	4.836256
6660	-3162.701	-3329.772	167.0712	0.1636981	4.836259
6666	-3169.668	-3337.616	167.9481	0.04478086	4.41128
6672	-3156.226	-3323.686	167.4597	0.003094	4.708989
6678	-3158.416	-3325.12	166.7045	0.01353235	5.123534
6684	-3158.224	-3324.674	166.4501	0.0679709	5.23422
6690	-3167.855	-3334.509	166.6538	0.09002969	5.109262
6696	-3146.833	-3313.395	166.5623	0.1814694	5.109262
6702	-3149.46	-3315.672	166.2114	0.2522908	5.264251
6708	-3148.598	-3315.732	167.1338	0.2241973	4.767538
6714	-3155.537	-3322.174	166.6374	0.2787536	5.01362
6720	-3164.984	-3331.72	166.7361	0.1209054	5.046481
6726	-3163.619	-3330.647	167.0276	0.151617	4.8673
6732	-3152.941	-3319.688	166.7475	0.06181332	5.072921
6738	-3147.092	-3314.617	167.5253	0.1573356	4.585784
6744	-3156.145	-3323.497	167.3517	0.03130156	4.753572
6750	-3142.272	-3309.339	167.0675	0.2479745	4.791314
6756	-3147.75	-3314.59	166.8402	0.04775139	5.029322
6762	-3152.095	-3319.317	167.222	0.006913081	4.839626
6768	-3154.98	-3321.983	167.0029	0.1116087	4.903335
6774	-3157.806	-3324.658	166.8524	0.1163319	4.984415
6780	-3151.072	-3317.989	166.9169	0.05191707	4.984415
6786	-3154.945	-3321.934	166.989	0.02212946	4.960878
6792	-3147.91	-3314.904	166.9939	0.08049009	4.92567
6798	-3142.242	-3309.324	167.0825	0.1429937	4.841487
6804	-3159.158	-3325.567	166.4085	0.1341825	5.220585
6810	-3163.002	-3330.428	167.4255	0.1247771	4.660034
6816	-3170.021	-3337.599	167.577	0.1247771	4.57504
6822	-3153.711	-3321.197	167.4865	0.1329262	4.62126
6828	-3155.578	-3322.362	166.7836	0.148469	5.004799
6834	-3153.018	-3320.491	167.4726	0.08243233	4.657356
6840	-3141.234	-3307.865	166.6304	0.1764425	5.074308
6846	-3153.83	-3320.87	167.0397	0.1164325	4.880187
6852	-3150.925	-3317.933	167.008	0.1481046	4.880187
6858	-3149.686	-3316.564	166.878	0.03444228	5.015711
6864	-3158.041	-3324.698	166.6561	0.05412953	5.127881
6870	-3156.868	-3323.797	166.9294	0.03232628	4.988353
6876	-3147.083	-3314.053	166.9709	0.2373637	4.851121
6882	-3158.301	-3324.969	166.6684	0.2389828	5.018544
6888	-3164.17	-3330.838	166.6684	0.2389828	5.018544
6894	-3161.772	-3328.202	166.4306	0.2568731	5.14049
6900	-3146.981	-3314.478	167.4972	0.08026348	4.644771
6906	-3154.609	-3321.664	167.0553	0.02540621	4.922188
6912	-3166.137	-3333.72	167.5822	0.01089082	4.636005
6918	-3156.601	-3323.162	166.561	0.02524315	5.196492
6924	-3147.087	-3313.626	166.5389	0.09310519	5.171217
6930	-3153.404	-3320.863	167.4589	0.1247483	4.641341
6936	-3153.622	-3319.684	166.0613	0.3691954	5.282584
6942	-3145.915	-3312.131	166.2157	0.2141278	5.282947
6948	-3154.569	-3321.655	167.0859	0.2414704	4.784636
6954	-3148.871	-3316.199	167.3282	0.05141869	4.755491
6960	-3139.507	-3306.628	167.1214	0.07761381	4.856259
6966	-3139.243	-3306.188	166.9452	0.08973215	4.947631
6972	-3144.839	-3311.214	166.375	0.2596071	5.169769
6978	-3131.252	-3298.299	167.0473	0.1184165	4.874845
6984	-3132.463	-3299.395	166.9322	0.09508424	4.951857
6990	-3135.295	-3301.925	166.6301	0.1752141	5.075183
6996	-3141.484	-3308.807	167.3226	0.002034248	4.786202
7002	-3143.104	-3310.2	167.0961	0.006032445	4.91024
7008	-3144.833	-3311.673	166.8402	0.04723242	5.029582
7014	-3150.462	-3317.259	166.7971	0.1490007	4.997
7020	-3153.204	-3320.001	166.7971	0.1490007	4.997
7026	-3153.255	-3319.648	166.3935	0.285401	5.145234
7032	-3155.591	-3322.843	167.2519	0.03118546	4.80939
7038	-3162.339	-3328.943	166.6044	0.1402231	5.108827
7044	-3149.172	-3316.29	167.1172	0.1661908	4.809195
7050	-3147.994	-3314.784	166.7903	0.1619079	4.993608
7056	-3141.823	-3308.933	167.11	0.09096433	4.855182
7062	-3146.556	-3313.421	166.8657	0.08856088	4.992455
7068	-3150.835	-3317.962	167.1274	0.2604822	4.750836
7074	-3160.401	-3327.491	167.0902	0.1093486	4.855952
7080	-3153.118	-3320.304	167.1864	0.2308102	4.734479
7086	-3163.93	-3330.848	166.9181	0.1378594	4.935949
7092	-3157.846	-3324.548	166.7022	0.1215701	5.064946
7098	-3153.804	-3320.205	166.4017	0.1552904	5.212677
7104	-3159.647	-3327.024	167.3763	0.1839723	4.654418
7110	-3151.963	-3319.497	167.5342	0.02604006	4.654418
7116	-3156.318	-3323.03	166.7119	0.3613884	4.926306
7122	-3151.029	-3317.661	166.6324	0.1947186	5.063052
7128	-3152.803	-3319.351	166.5471	0.2142753	5.099526
7134	-3147.264	-3314.195	166.9313	0.1410555	4.926834
7140	-3145.282	-3312.484	167.2022	0.01239255	4.847587
7146	-3140.756	-3307.915	167.1593	0.06949366	4.839694
7152	-3140.904	-3307.896	166.9926	0.07516318	4.929377
7158	-3135.62	-3302.669	167.0497	0.1810249	4.83858
7164	-3145.651	-3312.36	166.7093	0.1810249	5.027987
7170	-3154.547	-3322.059	167.5127	0.01735453	4.671333
7176	-3153.28	-3320.469	167.1892	0.05192996	4.832769
7182	-3154.061	-3321.392	167.3301	0.1319383	4.709421
7188	-3151.005	-3318.048	167.0437	0.1556757	4.856084
7194	-3154.284	-3322.082	167.7982	0.03331709	4.502154
7200	-3155.87	-3323.008	167.1387	0.2269437	4.76328
7206	-3156.287	-3323.641	167.354	0.01163081	4.76328
7212	-3155.113	-3321.746	166.6334	0.2402062	5.037256
7218	-3150.799	-3318.001	167.202	0.09877463	4.799484
7224	-3160.235	-3326.966	166.7309	0.2870102	4.95707
7230	-3154.185	-3321.214	167.0287	0.2031609	4.837931
7236	-3159.097	-3326.399	167.3016	0.2261156	4.672624
7242	-3163.196	-3330.232	167.0362	0.04945118	4.919418
7248	-3150.997	-3318.378	167.3803	0.02996597	4.738344
7254	-3163.988	-3331.461	167.4728	0.0324667	4.6852
7260	-3161.145	-3327.681	166.5361	0.22218	5.101231
7266	-3161.102	-3328.177	167.0744	0.05489321	4.895112
7272	-3157.715	-3324.86	167.1448	0.1633836	4.7954
7278	-3151.804	-3318.826	167.0217	0.03548978	4.935223
7284	-3146.072	-3313.375	167.3031	0.07278702	4.757564
7290	-3147.255	-3313.995	166.7406	0.07817274	5.067714
7296	-3157.536	-3324.198	166.6615	0.1572032	5.067714
7302	-3165.534	-3331.86	166.3264	0.2108592	5.223614
7308	-3166.069	-3332.793	166.7238	0.2466954	4.983455
7314	-3155.777	-3322.133	166.3562	0.01785639	5.313765
7320	-3157.332	-3324.808	167.4751	0.08915903	4.652166
7326	-3151.105	-3318.418	167.3131	0.1926157	4.684945
7332	-3150.099	-3317.425	167.3253	0.2911605	4.622933
7338	-3152.194	-3319.432	167.2378	0.0264104	4.819938
7344	-3166.702	-3333.297	166.5954	0.08218482	5.145949
7350	-3165.098	-3331.058	165.9602	0.2352662	5.412245
7356	-3148.946	-3315.363	166.4171	0.1534992	5.205178
7362	-3154.246	-3321.871	167.6256	0.01954193	4.606827
7368	-3150.408	-3318.105	167.6977	0.06924121	4.53848
7374	-3144.13	-3310.6	166.4703	0.2542468	5.119949
7380	-3154.891	-3321.668	166.7774	0.08332226	5.044411
7386	-3147.877	-3314.655	166.7774	0.08332226	5.044411
7392	-3142.126	-3309.557	167.4313	0.05279584	4.697055
7398	-3148.045	-3315.399	167.354	0.08797862	4.720606
7404	-3146.697	-3313.515	166.8178	0.2842026	4.910288
7410	-3152.469	-3319.329	166.8607	0.05122764	5.01598
7416	-3157.732	-3324.815	167.0835	0.1767869	4.82208
7422	-3166.213	-3332.501	166.2879	0.1354924	5.286515
7428	-3147.492	-3314.506	167.0141	0.07517867	4.917413
7434	-3153.046	-3319.619	166.5734	0.2973071	5.038872
7440	-3155.873	-3322.396	166.5226	0.143458	5.152313
7446	-3154.629	-3321.639	167.0104	0.08812708	4.912228
7452	-3156.981	-3324.084	167.1037	0.07230872	4.869107
7458	-3150.039	-3316.967	166.9282	0.1120459	4.944672
7464	-3158.516	-3325.214	166.698	0.2035352	5.021766
7470	-3158.932	-3325.976	167.044	0.1482726	4.860004
7476	-3153.157	-3320.628	167.4715	0.2802184	4.547028
7482	-3156.87	-3324.169	167.2987	0.1430005	4.720793
7488	-3167.012	-3333.994	166.9824	0.226106	4.851005
7494	-3145.669	-3312.422	166.753	0.1995504	4.993444
7500	-3150.592	-3317.058	166.4655	0.03634261	5.243168
7506	-3151.407	-3318.035	166.6281	0.2586179	5.02997
7512	-3151.929	-3318.987	167.0578	0.0388436	4.913276
7518	-3152.091	-3318.644	166.5536	0.06034147	5.181212
7524	-3163.264	-3330.248	166.984	0.1563039	4.888968
7530	-3154.34	-3320.28	165.9395	0.162479	5.46373
7536	-3137.796	-3304.707	166.9103	0.2124722	4.898745
7542	-3150.886	-3317.948	167.0623	0.09734484	4.878206
7548	-3150.877	-3317.865	166.9887	0.1709127	4.878206
7554	-3150.103	-3316.874	166.7711	0.3059851	4.924198
7560	-3151.229	-3318.462	167.233	0.1609058	4.74752
7566	-3144.683	-3311.3	166.6169	0.1781154	5.080849
7572	-3145.534	-3312.196	166.6621	0.0720318	5.114651
7578	-3160.368	-3327.4	167.032	0.2063834	4.834335
7584	-3151.916	-3318.48	166.5642	0.04611628	5.183182
7590	-3157.363	-3324.032	166.6695	0.3058155	4.98076
7596	-3150.74	-3317.622	166.8821	0.1393075	4.955168
7602	-3147.59	-3314.134	166.5435	0.1498634	5.137216
7608	-3148.489	-3315.081	166.5914	0.2043095	5.080509
7614	-3148.556	-3315.727	167.1703	0.07508807	4.830407
7620	-3147.185	-3313.275	166.0898	0.09290216	5.419295
7626	-3149.443	-3316.096	166.6526	0.06499717	5.123815
7632	-3152.767	-3319.511	166.7437	0.2166712	4.989103
7638	-3151.652	-3318.623	166.9715	0.01441626	4.974889
7644	-3147.149	-3314.27	167.1212	0.02281593	4.886925
7650	-3158.908	-3326.106	167.1977	0.2082862	4.740754
7656	-3157.948	-3325.107	167.1591	0.2468305	4.740754
7662	-3155.584	-3322.61	167.0258	0.1703127	4.857867
7668	-3152.405	-3319.315	166.9099	0.2481955	4.87907
7674	-3151.192	-3318.686	167.494	0.04229044	4.667819
7680	-3156.922	-3324.303	167.3805	0.1027546	4.69756
7686	-3144.261	-3311.234	166.9733	0.03672337	4.961503
7692	-3154.485	-3321.388	166.9023	0.06199676	4.986901
7698	-3157.325	-3324.874	167.5485	0.0248008	4.647092
7704	-3153.554	-3320.29	166.7359	0.04043688	5.091254
7710	-3154.623	-3321.516	166.8931	0.1341374	4.951907
7716	-3153.508	-3320.168	166.6603	0.08957454	5.105876
7722	-3143.843	-3310.419	166.5763	0.1736199	5.105876
7728	-3163.133	-3329.97	166.8369	0.304118	4.888589
7734	-3163.839	-3330.717	166.8781	0.1609215	4.945335
7740	-3158.354	-3325.175	166.8213	0.1609215	4.976963
7746	-3162.102	-3328.822	166.7208	0.261344	4.976963
7752	-3163.178	-3330.801	167.6231	0.1079161	4.558667
7758	-3166.315	-3332.668	166.353	0.02128909	5.313624
7764	-3159.8	-3326.985	167.1843	0.1943782	4.755984
7770	-3160.062	-3326.568	166.5058	0.2587353	5.097774
7776	-3164.608	-3332.037	167.429	0.1877418	4.622778
7782	-3158.452	-3325.694	167.2422	0.1877418	4.727347
7788	-3148.692	-3315.889	167.1964	0.233599	4.727347
7794	-3145.179	-3312.291	167.1119	0.1389104	4.827362
7800	-3155.58	-3322.501	166.9213	0.09804648	4.956307
7806	-3147.167	-3314.4	167.233	0.005877982	4.834029
7812	-3147.507	-3314.322	166.8155	0.01287411	5.062377
7818	-3150.969	-3317.952	166.983	0.09814892	4.921911
7824	-3150.898	-3317.776	166.8773	0.09706399	4.981316
7830	-3155.214	-3322.275	167.0606	0.08822803	4.88424
7836	-3157.152	-3324.166	167.0143	0.08336144	4.912737
7842	-3154.106	-3321.435	167.3283	0.222377	4.659768
7848	-3147.906	-3314.634	166.728	0.03354374	5.099457
7854	-3149.42	-3316.138	166.7171	0.2668938	4.975949
7860	-3152.828	-3319.759	166.9315	0.0409862	4.982361
7866	-3156.042	-3323.047	167.0044	0.1192321	4.898281
7872	-3169.365	-3336.138	166.7729	0.4045415	4.868314
7878	-3166.566	-3333.696	167.13	0.2199951	4.772056
7884	-3154.5	-3321.509	167.0091	0.1865687	4.858128
7890	-3167.187	-3334.125	166.9371	0.1906457	4.895967
7896	-3165.388	-3332.715	167.3273	0.1745846	4.687129
7902	-3156.633	-3323.847	167.2136	0.1526524	4.762949
7908	-3145.683	-3312.808	167.1247	0.08711651	4.84913
7914	-3156.034	-3323.169	167.1342	0.2381338	4.759563
7920	-3146.603	-3312.933	166.3299	0.08636714	5.290479
7926	-3168.794	-3335.62	166.8266	0.3064189	4.893032
7932	-3161.049	-3328.626	167.5772	0.1612148	4.554493
7938	-3165.902	-3333.533	167.6304	0.107992	4.554493
7944	-3168.91	-3335.593	166.6834	0.2580437	4.999605
7950	-3170.097	-3336.898	166.801	0.2210337	4.954806
7956	-3169.402	-3336.132	166.7302	0.1656247	5.024958
7962	-3161.049	-3327.715	166.6665	0.1610492	5.062852
7968	-3158.561	-3324.94	166.379	0.1305676	5.238893
7974	-3152.226	-3319.142	166.9168	0.06196167	4.978887
7980	-3145.732	-3312.942	167.21	0.1698671	4.755336
7986	-3151.148	-3318.513	167.3651	0.01477502	4.755336
7992	-3153.582	-3320.984	167.4015	0.2550577	4.600412
7998	-3158.608	-3325.096	166.4881	0.2188851	5.129683
8004	-3148.93	-3316.224	167.2936	0.1189952	4.737049
8010	-3158.269	-3325.514	167.2446	0.1680279	4.737049
8016	-3153.115	-3320.386	167.2705	0.127547	4.745202
8022	-3171.466	-3338.732	167.266	0.132006	4.745202
8028	-3167.318	-3333.813	166.4948	0.2717509	5.096684
8034	-3157.952	-3324.862	166.9099	0.05778339	4.98501
8040	-3168.143	-3335.441	167.2982	0.07029887	4.76168
8046	-3157.913	-3325.417	167.5038	0.03987875	4.663704
8052	-3159.375	-3326.594	167.2192	0.06868058	4.806732
8058	-3155.365	-3322.046	166.6815	0.1659299	5.051777
8064	-3162.495	-3329.777	167.2812	0.1140203	4.746771
8070	-3155.446	-3323.138	167.6919	0.1154018	4.515795
8076	-3139.345	-3306.516	167.1709	0.08566011	4.824205
8082	-3148.808	-3316.859	168.0506	0.132696	4.30375
8088	-3150.321	-3318.434	168.1129	0.1071167	4.28293
8094	-3145.68	-3312.385	166.7049	0.08535006	5.083525
8100	-3143.153	-3310.525	167.3724	0.1269726	4.688498
8106	-3151.915	-3319.268	167.3531	0.1049869	4.711627
8112	-3162.716	-3329.242	166.5261	0.1411981	5.151627
8118	-3156.187	-3322.898	166.711	0.09514627	5.074687
8124	-3146.966	-3313.771	166.8053	0.190658	4.969328
8130	-3154.795	-3322.288	167.4929	0.129097	4.619794
8136	-3153.854	-3320.762	166.908	0.03923891	4.996389
8142	-3157.056	-3323.994	166.9375	0.009728578	4.996389
8148	-3155.271	-3321.634	166.3634	0.2513381	5.180731
8154	-3149.564	-3316.165	166.6008	0.1704139	5.094066
8160	-3148.959	-3315.19	166.2306	0.2572847	5.250905
8166	-3143.765	-3310.191	166.4266	0.278095	5.130952
8172	-3147.588	-3314.767	167.1784	0.03454357	4.848528
8178	-3144.29	-3311.061	166.7707	0.1938128	4.986755
8184	-3148.717	-3315.511	166.7933	0.1320969	5.008517
8190	-3151.605	-3318.577	166.9719	0.3077735	4.811282
8196	-3143.518	-3310.183	166.6651	0.1517083	5.068777
