Iteration	Posterior	Likelihood	Prior	tree_length
0	-1417.514	-1585.452	167.9389	4.441701
6	-1426.217	-1594.333	168.1159	4.341863
12	-1422.464	-1590.597	168.1332	4.332072
18	-1409.091	-1577.232	168.1406	4.327883
24	-1415.258	-1583.51	168.2514	4.265164
30	-1414.649	-1582.334	167.6843	4.584895
36	-1413.463	-1581.905	168.4421	4.156964
42	-1420.528	-1588.202	167.6738	4.590779
48	-1427.157	-1595.283	168.1254	4.336459
54	-1428.132	-1595.934	167.8016	4.518979
60	-1421.421	-1589.223	167.8016	4.518979
66	-1427.792	-1595.743	167.9519	4.434394
72	-1422.909	-1589.686	166.777	5.09086
78	-1425.795	-1593.718	167.9229	4.450731
84	-1415.958	-1583.816	167.858	4.48727
90	-1427.137	-1594.644	167.5078	4.683804
96	-1428.482	-1596.138	167.6562	4.600664
102	-1431.343	-1598.033	166.6897	5.139219
108	-1417.865	-1585.839	167.9742	4.421798
114	-1412.972	-1580.344	167.3721	4.759661
120	-1419.684	-1587.233	167.5496	4.660405
126	-1415.778	-1583.327	167.5496	4.660405
132	-1427.321	-1595.391	168.0701	4.367709
138	-1416.951	-1585.021	168.0701	4.367709
144	-1411.749	-1579.42	167.6702	4.592773
150	-1421.165	-1589.079	167.9132	4.456189
156	-1412.417	-1579.567	167.1506	4.883224
162	-1410.806	-1578.058	167.2526	4.826414
168	-1412.043	-1579.977	167.9331	4.44498
174	-1417.734	-1585.59	167.856	4.488412
180	-1420.188	-1588.125	167.9368	4.442895
186	-1425.921	-1593.968	168.0468	4.380866
192	-1426.312	-1593.645	167.333	4.781544
198	-1421.896	-1589.888	167.9921	4.411721
204	-1428.233	-1595.678	167.4446	4.71914
210	-1426.897	-1594.462	167.5643	4.652146
216	-1433.899	-1601.464	167.5643	4.652146
222	-1434.77	-1602.334	167.5643	4.652146
228	-1434.712	-1602.577	167.8654	4.483115
234	-1427.236	-1594.997	167.761	4.541817
240	-1417.859	-1585.611	167.752	4.546875
246	-1415.88	-1583.715	167.8346	4.500428
252	-1410.639	-1577.762	167.1229	4.898696
258	-1411.222	-1579.02	167.7974	4.521355
264	-1419.295	-1587.178	167.8827	4.473353
270	-1418.188	-1585.537	167.3494	4.772365
276	-1416.487	-1583.997	167.5108	4.682104
282	-1421.732	-1590.147	168.4146	4.172604
288	-1423.255	-1590.524	167.269	4.817214
294	-1434.624	-1603.057	168.433	4.162151
300	-1425.238	-1593.229	167.9913	4.412165
306	-1431.717	-1599.676	167.9584	4.4307
312	-1417.906	-1586.109	168.2031	4.292521
318	-1423.884	-1590.568	166.6835	5.142665
324	-1418.631	-1586.781	168.15	4.322541
330	-1409.457	-1577.033	167.5766	4.645263
336	-1411.993	-1579.357	167.3643	4.764012
342	-1420.735	-1587.858	167.1229	4.898654
348	-1423.94	-1591.063	167.1229	4.898654
354	-1425.979	-1594.773	168.7939	3.956333
360	-1413.39	-1581.054	167.6642	4.596167
366	-1431.282	-1598.946	167.6642	4.596167
372	-1423.899	-1591.236	167.337	4.779311
378	-1423.657	-1591.182	167.525	4.674143
384	-1419.954	-1588.125	168.1713	4.31051
390	-1419.48	-1587.203	167.723	4.563122
396	-1425.679	-1593.402	167.723	4.563122
402	-1424.69	-1592.954	168.2639	4.258087
408	-1421.46	-1589.194	167.7339	4.557002
414	-1422.51	-1590.443	167.9326	4.445263
420	-1421.59	-1588.862	167.2727	4.815194
426	-1413.151	-1580.595	167.4441	4.719462
432	-1415.618	-1583.505	167.8869	4.471023
438	-1418.065	-1586.564	168.4986	4.124831
444	-1420.705	-1588.295	167.5899	4.637839
450	-1422.954	-1590.855	167.9011	4.462978
456	-1417.616	-1585.692	168.0755	4.364682
462	-1415.9	-1583.018	167.1185	4.901123
468	-1420.157	-1588.343	168.1861	4.302142
474	-1412.475	-1580.245	167.7701	4.536697
480	-1416.62	-1584.236	167.6162	4.62307
486	-1416.895	-1584.393	167.4981	4.689231
492	-1423.433	-1591.785	168.3518	4.208254
498	-1428.095	-1595.974	167.8784	4.47581
504	-1423.318	-1591.178	167.8597	4.486302
510	-1415.218	-1582.953	167.7353	4.556255
516	-1420.489	-1588.224	167.7353	4.556255
522	-1414.872	-1582.072	167.2005	4.855414
528	-1414.741	-1582.397	167.6557	4.600907
534	-1417.855	-1584.628	166.7733	5.09291
540	-1409.539	-1577.569	168.0298	4.390431
546	-1414.287	-1581.666	167.3783	4.756232
552	-1416.879	-1584.85	167.971	4.423643
558	-1410.618	-1578.936	168.3184	4.227237
564	-1427.601	-1595.326	167.7248	4.562133
570	-1430.289	-1597.965	167.6765	4.589238
576	-1426.714	-1594.198	167.4843	4.69692
582	-1425.186	-1591.984	166.7979	5.07929
588	-1416.717	-1584.402	167.685	4.584454
594	-1415.391	-1583.95	168.5594	4.09024
600	-1416.655	-1584.305	167.6492	4.604539
606	-1416.244	-1583.894	167.6492	4.604539
612	-1409.523	-1577.172	167.6492	4.604539
618	-1415.629	-1583.581	167.9522	4.434195
624	-1414.861	-1583.077	168.216	4.285217
630	-1409.503	-1576.815	167.3122	4.793141
636	-1401.382	-1569.406	168.0242	4.393644
642	-1407.195	-1575.219	168.0242	4.393644
648	-1413.144	-1581.169	168.0242	4.393644
654	-1407.7	-1575.363	167.6633	4.596668
660	-1414.954	-1582.31	167.3562	4.768544
666	-1417.617	-1585.722	168.1051	4.347916
672	-1418.058	-1585.844	167.7866	4.527417
678	-1416.727	-1584.917	168.1903	4.299749
684	-1417.29	-1585.258	167.9688	4.42484
690	-1415.695	-1583.981	168.2864	4.24538
696	-1414.95	-1583.264	168.3141	4.229641
702	-1414.19	-1581.881	167.6906	4.581347
708	-1425.18	-1592.554	167.3735	4.758915
714	-1424.531	-1591.65	167.1191	4.900803
720	-1418.942	-1586.48	167.5385	4.666596
726	-1417.873	-1586.211	168.3384	4.215894
732	-1412.165	-1580.506	168.3402	4.214824
738	-1417.527	-1586.096	168.5689	4.084835
744	-1417.452	-1585.847	168.3943	4.184117
750	-1418.121	-1585.87	167.7495	4.548281
756	-1413.648	-1580.691	167.0431	4.943074
762	-1411.923	-1580.13	168.2074	4.290108
768	-1418.452	-1585.841	167.3898	4.749811
774	-1415.698	-1583.034	167.3368	4.779381
780	-1420.547	-1587.895	167.3477	4.773303
786	-1427.189	-1594.537	167.3477	4.773303
792	-1426.007	-1593.686	167.6797	4.58745
798	-1435.073	-1602.832	167.759	4.542935
804	-1417.823	-1586.424	168.6008	4.066632
810	-1424.454	-1592.82	168.3659	4.200275
816	-1431.086	-1598.318	167.2316	4.838106
822	-1409.31	-1577.842	168.5324	4.105605
828	-1412.895	-1579.972	167.0774	4.924006
834	-1422.761	-1589.871	167.1105	4.905578
840	-1417.945	-1585.818	167.8732	4.478736
846	-1426.45	-1594.591	168.1414	4.327406
852	-1427.085	-1594.382	167.2975	4.801349
858	-1422.524	-1589.873	167.3495	4.772279
864	-1420.419	-1587.945	167.5266	4.673283
870	-1418.339	-1586.497	168.1571	4.318564
876	-1413.31	-1581.468	168.1571	4.318564
882	-1409.793	-1577.461	167.6674	4.59436
888	-1408.437	-1576.076	167.6385	4.610546
894	-1413.258	-1580.369	167.1114	4.905055
900	-1411.424	-1578.535	167.1114	4.905055
906	-1424.843	-1592.844	168.0006	4.406912
912	-1419.866	-1587.685	167.8199	4.508706
918	-1429.08	-1597.168	168.0884	4.357388
924	-1425.549	-1593.542	167.9923	4.411588
930	-1433.136	-1600.614	167.4781	4.700444
936	-1422.153	-1589.117	166.9647	4.986657
942	-1416.094	-1583.174	167.0796	4.922756
948	-1424.581	-1592.508	167.927	4.448403
954	-1424.625	-1592.177	167.5523	4.65889
960	-1436.532	-1604.381	167.849	4.49231
966	-1424.695	-1592.324	167.6291	4.615842
972	-1424.458	-1592.159	167.7008	4.575591
978	-1424.558	-1592.699	168.1409	4.327713
984	-1421.166	-1588.668	167.5011	4.687542
990	-1428.864	-1596.917	168.0529	4.37742
996	-1428.173	-1595.622	167.449	4.716705
1002	-1438.506	-1607.213	168.7069	4.006081
1008	-1412.243	-1580.338	168.0951	4.353595
1014	-1419.898	-1588.169	168.271	4.254086
1020	-1415.403	-1582.974	167.5709	4.648469
1026	-1412.253	-1579.919	167.6663	4.594949
1032	-1419.709	-1587.493	167.7838	4.528975
1038	-1434.638	-1602.751	168.1131	4.34344
1044	-1414.947	-1582.496	167.5486	4.66093
1050	-1424.806	-1592.458	167.6524	4.602748
1056	-1413.001	-1580.857	167.8554	4.488734
1062	-1416.989	-1585.009	168.0201	4.395956
1068	-1414.517	-1582.525	168.0082	4.402657
1074	-1437.204	-1604.45	167.2463	4.829906
1080	-1422.166	-1589.804	167.6382	4.610718
1086	-1424.628	-1592.877	168.2488	4.266684
1092	-1424.454	-1592.08	167.6262	4.617488
1098	-1425.773	-1593.399	167.6262	4.617488
1104	-1417.287	-1585.577	168.2899	4.243361
1110	-1419.098	-1587.17	168.0726	4.366315
1116	-1422.223	-1589.809	167.586	4.640017
1122	-1426.107	-1593.703	167.5968	4.633968
1128	-1422.535	-1590.149	167.6137	4.62446
1134	-1439.655	-1607.045	167.3902	4.749543
1140	-1429.954	-1598.203	168.2487	4.266709
1146	-1426.412	-1594.188	167.7761	4.533338
1152	-1419.186	-1586.928	167.742	4.552471
1158	-1414.719	-1582.461	167.742	4.552471
1164	-1431.825	-1598.779	166.9537	4.992772
1170	-1415.617	-1582.982	167.3649	4.763678
1176	-1406.169	-1573.399	167.2301	4.838934
1182	-1424.361	-1591.315	166.9539	4.992688
1188	-1413.726	-1581.383	167.6569	4.600241
1194	-1423.965	-1591.207	167.2413	4.832686
1200	-1417.011	-1584.591	167.5802	4.643237
1206	-1421.599	-1589.197	167.598	4.633277
1212	-1429.994	-1597.009	167.0153	4.958528
1218	-1430.931	-1598.756	167.8254	4.505601
1224	-1420.425	-1588.276	167.8509	4.491278
1230	-1414.542	-1582.526	167.9838	4.416416
1236	-1410.642	-1578.273	167.631	4.614763
1242	-1419.427	-1587.058	167.631	4.614763
1248	-1429.565	-1597.196	167.631	4.614763
1254	-1422.719	-1590.285	167.5663	4.65102
1260	-1415.058	-1583.149	168.0912	4.355783
1266	-1423.34	-1591.652	168.3118	4.230977
1272	-1417.768	-1585.847	168.0787	4.362828
1278	-1422.962	-1591.04	168.0787	4.362828
1284	-1413.02	-1580.654	167.6342	4.612969
1290	-1419.501	-1586.712	167.2112	4.849473
1296	-1409.771	-1577.689	167.9184	4.453233
1302	-1418.091	-1586.246	168.1547	4.319883
1308	-1414.625	-1582.119	167.4933	4.691896
1314	-1424.835	-1593.01	168.1743	4.308808
1320	-1415.871	-1583.712	167.8411	4.496764
1326	-1414.949	-1582.79	167.8411	4.496764
1332	-1419.289	-1587.097	167.8085	4.515095
1338	-1419.175	-1587.097	167.9214	4.451554
1344	-1424.672	-1593.169	168.4975	4.125464
1350	-1417.698	-1585.847	168.1482	4.323592
1356	-1419.686	-1587.818	168.1319	4.332801
1362	-1419.955	-1587.692	167.7365	4.555543
1368	-1419.361	-1587.097	167.7365	4.555543
1374	-1418.024	-1585.616	167.5914	4.636946
1380	-1423.347	-1590.6	167.2526	4.826395
1386	-1420.57	-1588.752	168.1829	4.303936
1392	-1424.069	-1591.585	167.5159	4.679263
1398	-1416.403	-1583.934	167.5312	4.670705
1404	-1428.15	-1595.977	167.8264	4.505043
1410	-1424.635	-1592.194	167.5592	4.655022
1416	-1424.332	-1592.513	168.1808	4.305129
1422	-1424.016	-1591.549	167.5333	4.669521
1428	-1436.787	-1603.991	167.2044	4.853245
1434	-1420.976	-1589.044	168.0678	4.369014
1440	-1417.434	-1585.569	168.1346	4.331271
1446	-1410.619	-1578.127	167.5077	4.683847
1452	-1431.669	-1599.156	167.487	4.695433
1458	-1420.664	-1587.647	166.983	4.976508
1464	-1428.469	-1596.033	167.5639	4.652374
1470	-1423.759	-1591.459	167.7004	4.575861
1476	-1422.405	-1590.665	168.2607	4.259896
1482	-1418.112	-1586.516	168.4044	4.178413
1488	-1415.733	-1583.496	167.7626	4.540889
1494	-1422.355	-1589.704	167.349	4.772593
1500	-1419.91	-1587.758	167.848	4.492884
1506	-1419.791	-1587.621	167.8303	4.502856
1512	-1420.55	-1588.321	167.7716	4.535835
1518	-1420.837	-1588.605	167.7679	4.537913
1524	-1422.78	-1590.947	168.1673	4.312796
1530	-1425.231	-1594	168.769	3.970598
1536	-1421.545	-1589.144	167.5984	4.633029
1542	-1418.454	-1586.9	168.4458	4.154878
1548	-1417.832	-1585.716	167.8839	4.472699
1554	-1418.425	-1586.75	168.3247	4.223644
1560	-1420.829	-1589.232	168.403	4.179198
1566	-1421.619	-1589.768	168.1487	4.323298
1572	-1422.377	-1590.709	168.3316	4.219709
1578	-1416.619	-1584.181	167.5627	4.653049
1584	-1411.496	-1579.278	167.7813	4.530401
1590	-1413.877	-1581.743	167.8664	4.48256
1596	-1412.858	-1580.855	167.9964	4.40928
1602	-1407.615	-1575.164	167.5489	4.660773
1608	-1421.245	-1588.783	167.538	4.666897
1614	-1418.557	-1586.464	167.9071	4.459599
1620	-1428.561	-1597.092	168.5305	4.106709
1626	-1428.893	-1596.48	167.5871	4.63936
1632	-1434.783	-1601.997	167.2135	4.84819
1638	-1432.816	-1600.286	167.4702	4.704837
1644	-1424.549	-1591.548	166.9989	4.967652
1650	-1424.253	-1592.556	168.3031	4.235896
1656	-1418.262	-1585.184	166.9218	5.010496
1662	-1426.947	-1594.787	167.8405	4.497086
1668	-1413.474	-1581.313	167.8397	4.497542
1674	-1431.776	-1600.136	168.3595	4.203892
1680	-1439.178	-1606.597	167.419	4.733458
1686	-1423.211	-1590.63	167.419	4.733458
1692	-1425.965	-1593.487	167.5222	4.675725
1698	-1431.295	-1598.817	167.5222	4.675725
1704	-1438.608	-1605.685	167.0773	4.924077
1710	-1423.777	-1591.885	168.1081	4.346274
1716	-1420.067	-1588.017	167.95	4.435453
1722	-1413.634	-1581.584	167.95	4.435453
1728	-1404.922	-1572.496	167.5736	4.646928
1734	-1408.709	-1576.023	167.3135	4.792424
1740	-1427.542	-1595.696	168.1539	4.320381
1746	-1419.688	-1587.986	168.298	4.238784
1752	-1426.965	-1595.019	168.0545	4.37654
1758	-1425.426	-1592.969	167.5428	4.664185
1764	-1413.31	-1581.126	167.8164	4.510649
1770	-1419.808	-1587.633	167.8246	4.506035
1776	-1425.76	-1593.798	168.0377	4.386023
1782	-1418.026	-1586.538	168.5114	4.117567
1788	-1418.038	-1586.11	168.0716	4.366845
1794	-1427.925	-1595.914	167.9887	4.413662
1800	-1422.749	-1590.327	167.5783	4.64432
1806	-1424.753	-1591.842	167.0892	4.91742
1812	-1430.332	-1597.867	167.535	4.668549
1818	-1418.526	-1586.173	167.6469	4.605881
1824	-1419.684	-1587.478	167.7946	4.522912
1830	-1425.617	-1593.597	167.9801	4.418493
1836	-1429.148	-1597.221	168.0729	4.366114
1842	-1414.854	-1582.538	167.6835	4.585304
1848	-1421.364	-1588.971	167.6063	4.62861
1854	-1414.913	-1582.954	168.0402	4.384601
1860	-1424.912	-1592.286	167.3739	4.758696
1866	-1425.706	-1594.208	168.5026	4.122596
1872	-1412.129	-1580.097	167.9676	4.425526
1878	-1428.823	-1596.234	167.4107	4.7381
1884	-1420.075	-1587.335	167.2605	4.821987
1890	-1424.936	-1592.197	167.2605	4.821987
1896	-1419.743	-1587.562	167.8192	4.509071
1902	-1424.944	-1592.171	167.2263	4.841048
1908	-1416.862	-1584.57	167.7077	4.571763
1914	-1420.384	-1588.092	167.7077	4.571763
1920	-1422.604	-1590.534	167.9299	4.446798
1926	-1421.703	-1590.393	168.6902	4.015621
1932	-1425.188	-1592.44	167.2518	4.826832
1938	-1415.218	-1583.261	168.0437	4.382634
1944	-1416.01	-1583.951	167.9403	4.440942
1950	-1419.923	-1587.773	167.8504	4.491531
1956	-1429.497	-1597.347	167.8504	4.491531
1962	-1422.471	-1589.96	167.489	4.694296
1968	-1415.112	-1582.799	167.687	4.583384
1974	-1423.668	-1591.38	167.7122	4.5692
1980	-1413.187	-1581.327	168.1408	4.32776
1986	-1428.072	-1595.379	167.3069	4.79611
1992	-1421.863	-1589.21	167.3466	4.773938
1998	-1439.294	-1606.94	167.6463	4.606201
2004	-1430.52	-1598.099	167.5791	4.643883
2010	-1430.07	-1597.619	167.5494	4.660497
2016	-1413.788	-1581.083	167.2953	4.802539
2022	-1414.703	-1582.647	167.9431	4.439341
2028	-1428.414	-1595.795	167.3814	4.754467
2034	-1423.203	-1590.968	167.7651	4.539505
2040	-1412.91	-1580.726	167.8158	4.511006
2046	-1418.124	-1586.269	168.145	4.325387
2052	-1415.377	-1583.088	167.7114	4.569681
2058	-1417.899	-1585.715	167.8158	4.511012
2064	-1413.712	-1581.528	167.8158	4.511012
2070	-1417.935	-1585.72	167.7856	4.527967
2076	-1422.118	-1589.903	167.7856	4.527967
2082	-1434.82	-1602.879	168.0589	4.374013
2088	-1430.593	-1598.412	167.8192	4.50911
2094	-1429.304	-1596.976	167.6721	4.591718
2100	-1424.261	-1591.226	166.9653	4.986319
2106	-1419.585	-1586.781	167.1955	4.858237
2112	-1410.115	-1577.921	167.8066	4.516183
2118	-1424.251	-1591.234	166.9835	4.976226
2124	-1406.391	-1573.692	167.3006	4.799625
2130	-1412.203	-1579.758	167.5556	4.657042
2136	-1414.194	-1581.393	167.199	4.85629
2142	-1414.746	-1582.758	168.012	4.400494
2148	-1417.415	-1584.754	167.339	4.778166
2154	-1418.08	-1586.075	167.9958	4.409657
2160	-1422.333	-1589.947	167.6141	4.624226
2166	-1434.775	-1602.339	167.5636	4.652545
2172	-1409.592	-1577.481	167.8889	4.469847
2178	-1417.941	-1585.965	168.0237	4.393872
2184	-1416.063	-1583.443	167.3792	4.755694
2190	-1429.07	-1596.889	167.8196	4.508856
2196	-1443.496	-1611.916	168.4197	4.16969
2202	-1423.301	-1590.36	167.0587	4.934426
2208	-1418.489	-1586.727	168.2383	4.272623
2214	-1423.249	-1590.905	167.6558	4.600853
2220	-1422.564	-1590.553	167.9885	4.413774
2226	-1421.989	-1589.813	167.8244	4.506149
2232	-1421.828	-1589.917	168.0881	4.357539
2238	-1415.24	-1582.603	167.3627	4.764927
2244	-1430.48	-1598.855	168.375	4.195123
2250	-1405.276	-1572.615	167.3394	4.777946
2256	-1416.342	-1584.031	167.6899	4.581746
2262	-1428.253	-1596.123	167.8696	4.480724
2268	-1429.347	-1597.631	168.2844	4.246471
2274	-1427.056	-1595.806	168.7505	3.981184
2280	-1428.32	-1596.016	167.6968	4.577831
2286	-1429.207	-1597.295	168.0886	4.357281
2292	-1420.228	-1588.283	168.0549	4.376271
2298	-1432.253	-1599.93	167.6767	4.589146
2304	-1423.099	-1590.71	167.6104	4.626314
2310	-1424.53	-1592.543	168.0132	4.399801
2316	-1423.322	-1591.157	167.8349	4.500252
2322	-1416.357	-1584.502	168.1448	4.325501
2328	-1425.565	-1593.886	168.321	4.225752
2334	-1430.762	-1598.294	167.5324	4.670024
2340	-1420.374	-1588.248	167.8741	4.478201
2346	-1419.36	-1586.637	167.2772	4.812645
2352	-1414.308	-1581.853	167.5452	4.662827
2358	-1415.71	-1583.633	167.923	4.450646
2364	-1425.492	-1593.524	168.032	4.389226
2370	-1423.583	-1592.311	168.7282	3.99392
2376	-1420.411	-1588.702	168.2909	4.242776
2382	-1417.846	-1585.835	167.9887	4.413647
2388	-1415.186	-1583.342	168.1567	4.318795
2394	-1421.4	-1589.644	168.2447	4.268961
2400	-1416.221	-1583.897	167.6761	4.589483
2406	-1412.552	-1580.371	167.8194	4.508977
2412	-1422.818	-1590.348	167.5305	4.671067
2418	-1413.985	-1581.437	167.4516	4.715217
2424	-1415.305	-1583.343	168.0375	4.386108
2430	-1420.815	-1588.295	167.4798	4.699468
2436	-1413.417	-1581.613	168.196	4.296553
2442	-1415.568	-1583.874	168.306	4.234246
2448	-1417.543	-1585.756	168.2128	4.287024
2454	-1415.705	-1584.065	168.3605	4.203344
2460	-1418.519	-1585.928	167.4094	4.738816
2466	-1425.556	-1593.605	168.0489	4.379684
2472	-1418.571	-1586.104	167.5334	4.669468
2478	-1428.651	-1596.679	168.0273	4.391877
2484	-1426.558	-1593.843	167.2855	4.808054
2490	-1416.441	-1584.208	167.7663	4.538848
2496	-1429.977	-1598.674	168.6975	4.011443
2502	-1420.614	-1587.967	167.3531	4.770314
2508	-1417.315	-1585.336	168.0211	4.395369
2514	-1411.188	-1579.209	168.0211	4.395369
2520	-1415.096	-1583.117	168.0211	4.395369
2526	-1430.008	-1597.659	167.6513	4.603398
2532	-1433.483	-1600.26	166.7775	5.090598
2538	-1423.975	-1591.277	167.3018	4.798964
2544	-1420.913	-1589.166	168.2524	4.264608
2550	-1426.732	-1594.014	167.2816	4.810203
2556	-1418.764	-1586.066	167.3014	4.799158
2562	-1417.225	-1585.483	168.2586	4.261092
2568	-1416.135	-1583.287	167.1519	4.882548
2574	-1404.334	-1572.012	167.678	4.588403
2580	-1417.04	-1585.164	168.1236	4.33747
2586	-1413.03	-1581.337	168.307	4.23369
2592	-1401.124	-1568.915	167.7907	4.5251
2598	-1411.929	-1579.024	167.095	4.914191
2604	-1407.793	-1575.096	167.3031	4.798187
2610	-1409.094	-1576.048	166.9543	4.992439
2616	-1419.65	-1586.247	166.5979	5.190065
2622	-1412.728	-1580.559	167.8311	4.502391
2628	-1430.116	-1597.789	167.6728	4.591321
2634	-1423.943	-1591.901	167.9576	4.431193
2640	-1421.092	-1588.442	167.35	4.772008
2646	-1425.145	-1592.178	167.0326	4.948904
2652	-1413.439	-1581.481	168.0426	4.383248
2658	-1419.745	-1587.647	167.9019	4.46256
2664	-1423.874	-1591.325	167.4503	4.715944
2670	-1421.645	-1589.802	168.1569	4.318649
2676	-1426.287	-1593.738	167.451	4.715602
2682	-1434.214	-1601.707	167.4933	4.691888
2688	-1428.315	-1595.996	167.6812	4.586611
2694	-1430.551	-1598.424	167.8734	4.478615
2700	-1427.681	-1595.555	167.8734	4.478615
2706	-1428.576	-1596.825	168.2496	4.26619
2712	-1428.202	-1596.111	167.9086	4.45877
2718	-1440.562	-1608.471	167.9086	4.45877
2724	-1427.881	-1595.519	167.6383	4.610656
2730	-1446.997	-1613.641	166.6439	5.164627
2736	-1443.07	-1609.825	166.7555	5.102799
2742	-1417.125	-1585.113	167.9878	4.41415
2748	-1418.788	-1586.381	167.5923	4.636491
2754	-1415.934	-1584.741	168.8063	3.949273
2760	-1421.443	-1589.2	167.7569	4.544106
2766	-1421.775	-1589.532	167.7569	4.544106
2772	-1428.772	-1597.024	168.2522	4.264744
2778	-1434.741	-1602.913	168.1719	4.310182
2784	-1435.308	-1603.168	167.86	4.48615
2790	-1410.354	-1578.593	168.2389	4.272281
2796	-1419.627	-1587.503	167.8764	4.476917
2802	-1417.271	-1584.742	167.4709	4.704451
2808	-1414.706	-1582.863	168.1574	4.318376
2814	-1422.635	-1590.277	167.6417	4.608763
2820	-1418.931	-1586.954	168.023	4.394313
2826	-1417.695	-1584.806	167.1112	4.905213
2832	-1415.817	-1583.264	167.4466	4.718056
2838	-1415.412	-1582.662	167.2505	4.827561
2844	-1423.369	-1590.499	167.1305	4.89445
2850	-1420.908	-1588.993	168.0845	4.359603
2856	-1412.932	-1580.844	167.9127	4.456455
2862	-1412.023	-1579.936	167.9127	4.456455
2868	-1417.751	-1585.487	167.736	4.555834
2874	-1411.56	-1579.741	168.1806	4.305253
2880	-1421.13	-1588.707	167.5771	4.644968
2886	-1421.694	-1590.187	168.4933	4.127849
2892	-1421.173	-1588.631	167.4587	4.711289
2898	-1421.872	-1589.528	167.6566	4.600433
2904	-1429.56	-1597.275	167.715	4.56762
2910	-1417.426	-1585.915	168.4888	4.130437
2916	-1418.267	-1585.863	167.596	4.634368
2922	-1441.668	-1610.166	168.4978	4.125319
2928	-1444.993	-1613.214	168.22	4.282937
2934	-1428.333	-1595.759	167.4262	4.729466
2940	-1417.654	-1585.798	168.1437	4.326156
2946	-1424.069	-1591.979	167.9103	4.457799
2952	-1426.611	-1594.521	167.9103	4.457799
2958	-1424.405	-1592.225	167.8193	4.50905
2964	-1417.535	-1586.038	168.5025	4.122648
2970	-1419.564	-1586.949	167.3844	4.752818
2976	-1416.23	-1583.829	167.5994	4.632479
2982	-1420.037	-1587.43	167.3933	4.747845
2988	-1429.558	-1597.412	167.8548	4.489085
2994	-1426.078	-1594.299	168.2217	4.282008
3000	-1433.709	-1601.679	167.9705	4.423879
3006	-1424.095	-1590.949	166.8542	5.048037
3012	-1417.175	-1584.71	167.5355	4.668291
3018	-1415.746	-1583.264	167.5184	4.677851
3024	-1422.276	-1589.352	167.0764	4.924552
3030	-1419.924	-1588.336	168.4119	4.174153
3036	-1427.996	-1595.254	167.2575	4.823634
3042	-1424.077	-1591.865	167.7881	4.526597
3048	-1431.174	-1598.374	167.1996	4.855958
3054	-1434.109	-1601.659	167.5493	4.660548
3060	-1424.105	-1592.155	168.0498	4.37916
3066	-1418.142	-1586.077	167.935	4.44391
3072	-1433.961	-1601.346	167.3853	4.752329
3078	-1428.606	-1596.397	167.7913	4.52475
3084	-1426.612	-1595.319	168.7076	4.0057
3090	-1426.038	-1593.388	167.3506	4.771691
3096	-1423.131	-1591.139	168.008	4.40273
3102	-1427.248	-1595.335	168.0868	4.358278
3108	-1426.009	-1593.444	167.4347	4.724679
3114	-1421.475	-1589.998	168.523	4.110985
3120	-1413.681	-1581.138	167.4569	4.71228
3126	-1417.685	-1584.908	167.2233	4.842731
3132	-1424.912	-1591.848	166.9361	5.002565
3138	-1440.185	-1608.413	168.2277	4.278619
3144	-1421.452	-1589.03	167.5785	4.644211
3150	-1421.269	-1588.961	167.6922	4.580445
3156	-1429.566	-1596.976	167.4101	4.73844
3162	-1420.608	-1588.066	167.4574	4.712
3168	-1426.229	-1594.701	168.4723	4.139834
3174	-1409.496	-1577.475	167.9787	4.419258
3180	-1419.294	-1586.934	167.6404	4.609501
3186	-1413.466	-1581.522	168.0558	4.37577
3192	-1419.674	-1588.082	168.4083	4.176218
3198	-1411.376	-1579.54	168.1638	4.314756
3204	-1420.444	-1588.567	168.1222	4.338266
3210	-1435.474	-1603.91	168.4359	4.160513
3216	-1415.704	-1583.405	167.7012	4.575369
3222	-1426.791	-1594.687	167.8953	4.466241
3228	-1424.575	-1592.471	167.8953	4.466241
3234	-1424.158	-1592.127	167.9685	4.425027
3240	-1435.399	-1603.903	168.5045	4.121481
3246	-1424.935	-1592.609	167.6739	4.590707
3252	-1425.504	-1593.387	167.8831	4.473138
3258	-1418.586	-1586.418	167.8322	4.501798
3264	-1416.97	-1585.022	168.0529	4.377447
3270	-1412.053	-1580.06	168.0065	4.403585
3276	-1423.034	-1590.845	167.8115	4.513405
3282	-1418.623	-1585.856	167.2336	4.836994
3288	-1415.354	-1583.65	168.2958	4.240035
3294	-1425.689	-1594.393	168.7037	4.007945
3300	-1417.881	-1586.13	168.2494	4.266318
3306	-1417.137	-1585.383	168.2462	4.268154
3312	-1424.735	-1592.35	167.6154	4.623524
3318	-1428.799	-1597.2	168.4012	4.180222
3324	-1422.134	-1590.117	167.9827	4.417034
3330	-1424.735	-1592.668	167.9326	4.445283
3336	-1411.608	-1579.272	167.6648	4.595824
3342	-1413.814	-1581.429	167.6144	4.624079
3348	-1404.883	-1572.884	168.0005	4.406972
3354	-1414.058	-1582.099	168.0411	4.384087
3360	-1418.212	-1585.912	167.6997	4.576208
3366	-1419.662	-1587.443	167.7805	4.530833
3372	-1418.3	-1586.229	167.929	4.447279
3378	-1411.187	-1579.083	167.8956	4.466106
3384	-1423.145	-1590.982	167.8374	4.498835
3390	-1427.99	-1595.908	167.918	4.453495
3396	-1427.395	-1594.213	166.8176	5.068357
3402	-1409.612	-1576.837	167.2252	4.841676
3408	-1416.642	-1583.967	167.3251	4.78593
3414	-1409.814	-1577.925	168.1111	4.344564
3420	-1416.565	-1583.411	166.846	5.052612
3426	-1411.48	-1579.708	168.2278	4.27856
3432	-1419.823	-1587.247	167.4233	4.731065
3438	-1425.374	-1593.118	167.7436	4.551553
3444	-1419.463	-1587.428	167.9649	4.427035
3450	-1421.59	-1589.347	167.7564	4.544363
3456	-1405.866	-1573.558	167.6919	4.580625
3462	-1419.268	-1587.495	168.227	4.278997
3468	-1427.799	-1596.565	168.7657	3.97247
3474	-1417.513	-1585.798	168.285	4.24613
3480	-1416.939	-1584.38	167.4418	4.720731
3486	-1418.886	-1586.158	167.2714	4.815906
3492	-1437.284	-1604.169	166.8843	5.03133
3498	-1437.058	-1604.953	167.8947	4.466621
3504	-1425.083	-1592.229	167.1463	4.885637
3510	-1425.02	-1592.676	167.6552	4.601179
3516	-1422.07	-1589.563	167.4925	4.692338
3522	-1427.082	-1594.575	167.4925	4.692338
3528	-1433.697	-1600.924	167.2266	4.840887
3534	-1421.188	-1588.593	167.4044	4.741649
3540	-1417.969	-1585.929	167.9597	4.429999
3546	-1421.882	-1589.952	168.07	4.367749
3552	-1419.47	-1587.175	167.7048	4.573346
3558	-1429.172	-1597.127	167.9545	4.432904
3564	-1417.652	-1585.623	167.9712	4.42348
3570	-1427.758	-1595.739	167.9807	4.418165
3576	-1417.413	-1585.418	168.0051	4.404409
3582	-1425.492	-1593.797	168.3055	4.234546
3588	-1415.389	-1582.733	167.3444	4.775176
3594	-1418.819	-1586.286	167.4667	4.706804
3600	-1417.615	-1585.705	168.0906	4.356114
3606	-1421.447	-1589.154	167.7064	4.572458
3612	-1421.697	-1589.529	167.8318	4.501999
3618	-1425.772	-1592.617	166.8452	5.053024
3624	-1430.993	-1598.207	167.2141	4.847848
3630	-1427.691	-1594.971	167.2799	4.81116
3636	-1435.389	-1602.669	167.2799	4.81116
3642	-1419.666	-1587.493	167.8272	4.504581
3648	-1421.764	-1589.58	167.8157	4.511056
3654	-1434.963	-1601.693	166.7301	5.116873
3660	-1431.743	-1599.462	167.7183	4.565793
3666	-1431.269	-1598.611	167.3426	4.776168
3672	-1424.16	-1591.65	167.4893	4.694127
3678	-1420.882	-1588.138	167.2566	4.824166
3684	-1415.087	-1582.947	167.8599	4.486173
3690	-1416.106	-1583.675	167.5691	4.649484
3696	-1419.459	-1587.028	167.5691	4.649484
3702	-1427.27	-1594.839	167.5691	4.649484
3708	-1430.939	-1598.301	167.362	4.765329
3714	-1427.371	-1595.358	167.9869	4.414629
3720	-1421.058	-1589.045	167.9869	4.414629
3726	-1423.612	-1591.479	167.8671	4.482156
3732	-1421.662	-1589.271	167.6096	4.626779
3738	-1411.907	-1579.776	167.8691	4.481042
3744	-1406.51	-1574.489	167.9789	4.419141
3750	-1420.231	-1588.177	167.9468	4.437255
3756	-1413.348	-1581.235	167.8869	4.470998
3762	-1419.754	-1586.985	167.2314	4.83824
3768	-1424.353	-1591.801	167.4489	4.716738
3774	-1423.169	-1591.135	167.966	4.426425
3780	-1417.351	-1585.148	167.7972	4.521467
3786	-1423.096	-1591.037	167.9403	4.440913
3792	-1447.648	-1614.251	166.6033	5.1871
3798	-1434.115	-1600.412	166.2977	5.355894
3804	-1426.373	-1593.896	167.5234	4.675067
3810	-1426.514	-1595.036	168.5215	4.111809
3816	-1418.394	-1586.016	167.6222	4.619687
3822	-1432.223	-1599.44	167.2164	4.846568
3828	-1427.789	-1595.777	167.9875	4.414321
3834	-1421.246	-1589.13	167.8834	4.472986
3840	-1434.727	-1601.441	166.7147	5.125372
3846	-1426.41	-1594.197	167.7865	4.527458
3852	-1427.509	-1595.799	168.2892	4.243768
3858	-1432.95	-1600.476	167.5267	4.673204
3864	-1427.28	-1595.371	168.0907	4.35605
3870	-1429.535	-1596.823	167.2886	4.806314
3876	-1419.78	-1587.068	167.2886	4.806314
3882	-1426.53	-1593.843	167.3135	4.79241
3888	-1420.897	-1589.114	168.2169	4.284716
3894	-1411.831	-1579.932	168.1011	4.350182
3900	-1432.473	-1599.691	167.2182	4.8456
3906	-1415.127	-1582.774	167.6471	4.605726
3912	-1422.938	-1589.815	166.8775	5.035092
3918	-1420.285	-1588.34	168.0558	4.375802
3924	-1413.416	-1581.674	168.2576	4.261646
3930	-1419.103	-1586.856	167.7528	4.546428
3936	-1418.868	-1586.925	168.0573	4.374949
3942	-1415.994	-1583.868	167.874	4.478274
3948	-1412.629	-1580.593	167.9641	4.427515
3954	-1414.271	-1581.711	167.4403	4.721534
3960	-1424.382	-1591.896	167.5135	4.680625
3966	-1409.342	-1577.164	167.8225	4.507227
3972	-1414.754	-1583.091	168.3372	4.216572
3978	-1422.682	-1590.322	167.6393	4.610104
3984	-1413.605	-1581.571	167.9659	4.426502
3990	-1428.755	-1596.721	167.9659	4.426502
3996	-1417.804	-1585.85	168.0454	4.381636
4002	-1416.734	-1584.78	168.0454	4.381636
4008	-1415.813	-1583.872	168.0591	4.373928
4014	-1426.189	-1594.503	168.3136	4.22995
4020	-1432.845	-1600.727	167.8822	4.473663
4026	-1422.22	-1590.667	168.4463	4.154618
4032	-1413.111	-1581.338	168.2272	4.278898
4038	-1415.355	-1583.709	168.3537	4.207181
4044	-1415.159	-1582.213	167.0542	4.936916
4050	-1428.803	-1597.237	168.4344	4.161355
4056	-1418.817	-1586.487	167.67	4.59291
4062	-1433.574	-1600.41	166.8362	5.058045
4068	-1433.172	-1600.924	167.7527	4.54644
4074	-1420.255	-1587.781	167.5256	4.673855
4080	-1438.601	-1606.126	167.5256	4.673855
4086	-1434.831	-1602.866	168.035	4.387499
4092	-1429.681	-1596.395	166.7136	5.125993
4098	-1429.955	-1596.705	166.7493	5.106226
4104	-1424.319	-1591.068	166.7493	5.106226
4110	-1429.986	-1597.609	167.6234	4.619044
4116	-1423.572	-1591.889	168.3176	4.227692
4122	-1423.122	-1591.061	167.9386	4.441873
4128	-1415.542	-1584.304	168.7616	3.974844
4134	-1419.061	-1586.589	167.5286	4.672159
4140	-1424.224	-1591.952	167.7276	4.560566
4146	-1426.873	-1594.712	167.8394	4.497718
4152	-1427.119	-1595.023	167.9044	4.461147
4158	-1427.946	-1595.131	167.1853	4.863936
4164	-1416.001	-1583.792	167.7908	4.525053
4170	-1426.169	-1594.159	167.9905	4.41264
4176	-1420.237	-1587.469	167.2322	4.837772
4182	-1408.2	-1575.73	167.5296	4.671586
4188	-1425.419	-1594.084	168.6649	4.030081
4194	-1418.194	-1585.313	167.1189	4.900894
4200	-1418.666	-1585.863	167.1971	4.857353
4206	-1424.28	-1591.746	167.467	4.706645
4212	-1428.076	-1596.341	168.2656	4.257126
4218	-1423.054	-1591.109	168.0554	4.376027
4224	-1425.847	-1593.475	167.6277	4.616596
4230	-1427.643	-1595.179	167.5359	4.668086
4236	-1418.227	-1585.763	167.5359	4.668086
4242	-1417.775	-1585.567	167.7925	4.524108
4248	-1427.638	-1595.529	167.8905	4.468978
4254	-1426.052	-1593.24	167.1884	4.862165
4260	-1429.423	-1596.331	166.9077	5.018316
4266	-1429.385	-1597.216	167.8307	4.502642
4272	-1429.199	-1596.876	167.6769	4.589005
4278	-1440.92	-1608.597	167.6769	4.589005
4284	-1428.468	-1595.774	167.3059	4.796639
4290	-1423.785	-1591.165	167.3804	4.755017
4296	-1420.764	-1589.477	168.713	4.002643
4302	-1416.763	-1584.462	167.6987	4.576806
4308	-1418.068	-1586.522	168.4545	4.14995
4314	-1418.673	-1586.166	167.4932	4.691968
4320	-1419.911	-1587.856	167.944	4.438819
4326	-1417.454	-1584.697	167.2435	4.831441
4332	-1425.204	-1592.443	167.2387	4.834163
4338	-1418.476	-1585.715	167.2387	4.834163
4344	-1425.736	-1593.094	167.3582	4.767463
4350	-1417.805	-1585.762	167.9564	4.431865
4356	-1411.379	-1579.521	168.1416	4.327314
4362	-1425.388	-1593.152	167.7638	4.540253
4368	-1418.536	-1586.132	167.5959	4.634468
4374	-1419.149	-1587.214	168.0652	4.370477
4380	-1421.208	-1589.273	168.0652	4.370477
4386	-1428.995	-1596.065	167.07	4.928146
4392	-1427.542	-1594.612	167.07	4.928146
4398	-1421.807	-1589.518	167.7104	4.570248
4404	-1418.797	-1586.14	167.3424	4.776291
4410	-1412.33	-1579.796	167.4663	4.707046
4416	-1406.822	-1574.313	167.4911	4.693124
4422	-1412.319	-1579.998	167.6794	4.587637
4428	-1417.063	-1584.768	167.7046	4.573484
4434	-1421.278	-1589.402	168.124	4.33728
4440	-1431.952	-1599.708	167.7559	4.544667
4446	-1425.144	-1592.827	167.6826	4.58582
4452	-1420.357	-1587.708	167.3504	4.771831
4458	-1423.872	-1591.897	168.0256	4.392831
4464	-1423.766	-1591.362	167.596	4.634386
4470	-1441.12	-1608.321	167.2009	4.855214
4476	-1423.947	-1591.464	167.5172	4.678558
4482	-1415.361	-1583.063	167.7024	4.574692
4488	-1426.172	-1593.76	167.5877	4.639034
4494	-1411.034	-1578.959	167.926	4.448998
4500	-1422.904	-1592.056	169.1527	3.750177
4506	-1425.987	-1595.068	169.0809	3.791564
4512	-1420.949	-1588.82	167.8714	4.479733
4518	-1424.343	-1592.236	167.8929	4.46762
4524	-1435.459	-1603.685	168.2256	4.279774
4530	-1423.206	-1591.059	167.8528	4.490213
4536	-1426.096	-1594.256	168.1597	4.317103
4542	-1417.794	-1585.711	167.9172	4.453922
4548	-1424.609	-1592.12	167.5111	4.681942
4554	-1410.554	-1578.341	167.7867	4.527376
4560	-1423.163	-1590.41	167.2462	4.82998
4566	-1428.38	-1595.439	167.0585	4.934502
4572	-1413.348	-1580.898	167.5499	4.660211
4578	-1413.316	-1581.066	167.7498	4.548107
4584	-1415.561	-1583.73	168.1687	4.311997
4590	-1410.465	-1577.794	167.3287	4.783917
4596	-1402.811	-1570.598	167.7871	4.52716
4602	-1409.475	-1577.262	167.7871	4.52716
4608	-1407.302	-1574.687	167.3845	4.75276
4614	-1410.553	-1578.415	167.8616	4.485209
4620	-1424.827	-1592.73	167.903	4.461919
4626	-1436.031	-1603.614	167.5828	4.641815
4632	-1426.331	-1594.469	168.1381	4.329299
4638	-1414.221	-1582.415	168.1934	4.297991
4644	-1437.54	-1605.895	168.3548	4.206568
4650	-1426.988	-1594.609	167.6207	4.62057
4656	-1436.332	-1603.701	167.369	4.76141
4662	-1421.441	-1588.795	167.3534	4.770103
4668	-1429.45	-1596.803	167.3534	4.770103
4674	-1438.66	-1605.433	166.7729	5.093122
4680	-1430.38	-1597.112	166.7317	5.115957
4686	-1422.628	-1589.993	167.365	4.763634
4692	-1428.706	-1596.071	167.365	4.763634
4698	-1427.005	-1594.756	167.7512	4.547294
4704	-1429.172	-1596.981	167.8099	4.514324
4710	-1426.67	-1594.779	168.1088	4.345842
4716	-1428.715	-1595.691	166.9757	4.980577
4722	-1414.897	-1583.585	168.6883	4.016732
4728	-1417.503	-1585.55	168.0464	4.381084
4734	-1422.856	-1590.772	167.916	4.454617
4740	-1414.383	-1581.576	167.1931	4.859585
4746	-1413.481	-1581.547	168.0665	4.369769
4752	-1414.853	-1583.263	168.4102	4.175127
4758	-1419.28	-1587.69	168.4102	4.175127
4764	-1419.874	-1587.611	167.7371	4.55522
4770	-1412.657	-1580.518	167.861	4.48555
4776	-1419.237	-1586.9	167.6637	4.59644
4782	-1411.175	-1578.702	167.5277	4.672648
4788	-1409.278	-1577.308	168.0299	4.390388
4794	-1427.464	-1595.355	167.8908	4.468801
4800	-1414.214	-1582.834	168.6194	4.056068
4806	-1416.84	-1583.714	166.8746	5.03672
4812	-1420.546	-1587.458	166.9123	5.015797
4818	-1413.777	-1582.1	168.323	4.224598
4824	-1408.475	-1576.774	168.299	4.238188
4830	-1417.925	-1585.9	167.9747	4.421536
4836	-1424.107	-1591.8	167.6932	4.579863
4842	-1413.738	-1581.162	167.4246	4.730318
4848	-1422.641	-1590.347	167.7064	4.572482
4854	-1420.842	-1589.217	168.3753	4.194936
4860	-1415.328	-1584.079	168.751	3.98091
4866	-1434.983	-1602.029	167.0459	4.941525
4872	-1432.773	-1599.974	167.2012	4.855054
4878	-1434.17	-1602.026	167.8561	4.488304
4884	-1427.16	-1594.7	167.54	4.665764
4890	-1426.514	-1593.823	167.3085	4.795178
4896	-1420.946	-1588.82	167.8739	4.478311
4902	-1411.958	-1580.396	168.4377	4.159475
4908	-1417.548	-1585.615	168.067	4.369461
4914	-1426.971	-1594.764	167.7939	4.523321
4920	-1430.798	-1598.485	167.687	4.583345
4926	-1418.483	-1586.012	167.5287	4.67209
4932	-1419.672	-1587.898	168.2255	4.279852
4938	-1422.424	-1590.226	167.8018	4.518882
4944	-1432.745	-1601.115	168.3702	4.197807
4950	-1425.368	-1592.742	167.3736	4.758849
4956	-1423.345	-1590.653	167.3084	4.795268
4962	-1419.997	-1587.377	167.3806	4.754952
4968	-1424.436	-1591.634	167.1979	4.856912
4974	-1421.511	-1588.45	166.9391	5.000897
4980	-1419.064	-1587.09	168.0259	4.392649
4986	-1419.567	-1587.536	167.969	4.424732
4992	-1419.778	-1587.66	167.8824	4.473536
4998	-1426.067	-1594.302	168.2348	4.274557
5004	-1413.562	-1580.805	167.2428	4.831843
5010	-1422.828	-1590.071	167.2428	4.831843
5016	-1415.158	-1582.401	167.2428	4.831843
5022	-1408.986	-1576.194	167.2075	4.851547
5028	-1414.933	-1581.968	167.0354	4.947379
5034	-1429.532	-1596.68	167.1483	4.884522
5040	-1427.557	-1595.318	167.7617	4.541423
5046	-1420.385	-1588.823	168.438	4.159316
5052	-1420.202	-1588.244	168.0418	4.38369
5058	-1412.745	-1580.457	167.7118	4.569426
5064	-1421.603	-1589.301	167.6985	4.576893
5070	-1418.052	-1586.071	168.0191	4.396518
5076	-1438.008	-1606.027	168.0191	4.396518
5082	-1433.474	-1600.466	166.9922	4.97139
5088	-1444.019	-1611.465	167.4461	4.718341
5094	-1408.142	-1575.84	167.6979	4.577238
5100	-1407.983	-1575.168	167.1852	4.863963
5106	-1403.203	-1571.662	168.4589	4.14743
5112	-1420.649	-1588.956	168.3065	4.233985
5118	-1419.595	-1586.89	167.2945	4.803037
5124	-1413.36	-1581.039	167.6792	4.58776
5130	-1418.141	-1587.037	168.8956	3.898057
5136	-1419.551	-1587.484	167.933	4.44503
5142	-1431.18	-1598.702	167.522	4.675824
5148	-1432.049	-1600.023	167.9743	4.42177
5154	-1426.977	-1594.961	167.9843	4.416103
5160	-1422.02	-1589.951	167.9308	4.446249
5166	-1424.058	-1591.32	167.262	4.821165
5172	-1429.036	-1597.22	168.1839	4.303389
5178	-1428.208	-1596.505	168.2968	4.239483
5184	-1425.174	-1593.511	168.3367	4.216837
5190	-1421.674	-1589.751	168.0772	4.363701
5196	-1422.832	-1590.412	167.5799	4.64339
5202	-1425.998	-1593.569	167.5708	4.648489
5208	-1415.021	-1583.379	168.3579	4.204813
5214	-1418.255	-1585.278	167.0226	4.954462
5220	-1421.177	-1589.183	168.0061	4.403844
5226	-1437.422	-1605.703	168.2808	4.248531
5232	-1422.701	-1591.175	168.4737	4.139034
5238	-1419.491	-1586.533	167.0427	4.943333
5244	-1422.041	-1589.398	167.3572	4.768033
5250	-1424.435	-1591.792	167.3572	4.768033
5256	-1416.787	-1585.028	168.2412	4.270979
5262	-1413.938	-1582.276	168.3389	4.215593
5268	-1412.293	-1580.258	167.9651	4.426969
5274	-1407.74	-1575.299	167.5587	4.655314
5280	-1403.671	-1572.097	168.4263	4.165977
5286	-1410.686	-1578.473	167.7872	4.527073
5292	-1429.387	-1597.266	167.8794	4.475218
5298	-1433.042	-1601.19	168.1479	4.323773
5304	-1431.075	-1598.269	167.1941	4.859026
5310	-1427.056	-1594.805	167.7488	4.548637
5316	-1421.503	-1589.529	168.0259	4.392645
5322	-1427.81	-1595.232	167.4215	4.732066
5328	-1428.402	-1595.893	167.4903	4.693589
5334	-1419.338	-1587.659	168.3206	4.22596
5340	-1426.748	-1594.228	167.4799	4.699394
5346	-1434.228	-1601.852	167.6236	4.618931
5352	-1431.027	-1598.985	167.958	4.430948
5358	-1428.054	-1596.002	167.9474	4.436915
5364	-1420.3	-1588.412	168.1118	4.344185
5370	-1421.961	-1589.266	167.3055	4.796863
5376	-1433.726	-1601.173	167.4471	4.717756
5382	-1423.879	-1591.93	168.0512	4.378408
5388	-1414.788	-1582.786	167.9983	4.408232
5394	-1418.146	-1586.393	168.2465	4.267979
5400	-1421.034	-1588.82	167.786	4.527766
5406	-1412.511	-1579.915	167.4036	4.742093
5412	-1414.992	-1582.571	167.579	4.643939
5418	-1419.02	-1587.141	168.1213	4.338799
5424	-1424.03	-1592.212	168.1823	4.304311
5430	-1421.427	-1589.392	167.9644	4.427329
5436	-1419.399	-1587.363	167.9644	4.427329
5442	-1408.518	-1576.311	167.7924	4.524161
5448	-1417.226	-1584.685	167.4598	4.710651
5454	-1420.473	-1587.933	167.4598	4.710651
5460	-1421.455	-1589.219	167.7641	4.540045
5466	-1417.615	-1586.02	168.4046	4.178286
5472	-1423.55	-1590.717	167.1672	4.874026
5478	-1424.285	-1591.452	167.1672	4.874026
5484	-1416.813	-1584.439	167.626	4.617562
5490	-1435.294	-1602.849	167.5551	4.657283
5496	-1417.125	-1585.426	168.3004	4.237445
5502	-1419.183	-1586.868	167.685	4.5845
5508	-1403.177	-1570.801	167.6242	4.618592
5514	-1412.585	-1580.096	167.5105	4.682304
5520	-1417.351	-1584.924	167.573	4.647311
5526	-1411.214	-1578.855	167.6405	4.609433
5532	-1421.205	-1588.069	166.8639	5.04268
5538	-1425.849	-1593.975	168.126	4.336131
5544	-1412.997	-1581.015	168.0187	4.396699
5550	-1423.954	-1591.643	167.6887	4.582398
5556	-1417.292	-1585.465	168.1733	4.30939
5562	-1416.43	-1584.31	167.8803	4.474715
5568	-1422.382	-1590.325	167.9429	4.439462
5574	-1422.287	-1590.136	167.8485	4.492614
5580	-1432.12	-1600.355	168.2353	4.274275
5586	-1426.009	-1594.333	168.3246	4.223722
5592	-1423.728	-1591.128	167.4	4.744087
5598	-1423.275	-1590.821	167.5462	4.662299
5604	-1420.889	-1587.874	166.9845	4.975647
5610	-1424.864	-1593.167	168.3031	4.23587
5616	-1427.798	-1596.101	168.3031	4.23587
5622	-1416.318	-1584.278	167.96	4.429831
5628	-1409.622	-1577.226	167.6039	4.629961
5634	-1426.076	-1593.29	167.214	4.847929
5640	-1413.79	-1582.407	168.6179	4.056878
5646	-1417.003	-1584.97	167.9668	4.425986
5652	-1428.328	-1595.792	167.4639	4.708389
5658	-1423.456	-1591.66	168.2032	4.292457
5664	-1424.839	-1592.177	167.338	4.778742
5670	-1421.788	-1589.424	167.6361	4.611889
5676	-1418.69	-1586.151	167.4611	4.709947
5682	-1428.021	-1595.823	167.8013	4.519162
5688	-1427.727	-1595.39	167.6631	4.596768
5694	-1421.919	-1589.92	168.0004	4.40707
5700	-1437.708	-1604.287	166.579	5.200499
5706	-1423.901	-1590.781	166.88	5.033725
5712	-1429.145	-1596.867	167.7227	4.563291
5718	-1432.311	-1600.034	167.7227	4.563291
5724	-1423.319	-1590.995	167.6763	4.589341
5730	-1423.368	-1591.332	167.9641	4.427505
5736	-1429.936	-1597.876	167.9406	4.44078
5742	-1419.414	-1586.871	167.4563	4.712624
5748	-1412.507	-1579.631	167.1236	4.898293
5754	-1419.402	-1586.145	166.7424	5.110057
5760	-1420.613	-1587.214	166.6004	5.188694
5766	-1415.777	-1583.279	167.502	4.687047
5772	-1410.109	-1577.323	167.2136	4.848136
5778	-1411.333	-1579.04	167.7071	4.572101
5784	-1411.886	-1579.593	167.7071	4.572101
5790	-1423.064	-1590.691	167.6273	4.616829
5796	-1418.01	-1585.638	167.6273	4.616829
5802	-1429.251	-1596.961	167.7103	4.570301
5808	-1439.733	-1608.031	168.2975	4.239079
5814	-1434.735	-1602.686	167.9502	4.435318
5820	-1435.708	-1603.572	167.864	4.483901
5826	-1411.326	-1578.537	167.2113	4.849447
5832	-1414.666	-1582.054	167.3889	4.750282
5838	-1415.52	-1583.376	167.8562	4.488262
5844	-1423.338	-1590.12	166.7821	5.088029
5850	-1425.143	-1592.509	167.3655	4.763372
5856	-1414.307	-1582.02	167.7137	4.568395
5862	-1420.38	-1587.735	167.3553	4.769082
5868	-1420.13	-1587.884	167.7539	4.545803
5874	-1433.194	-1601.056	167.8618	4.485139
5880	-1423.575	-1591.306	167.7312	4.558523
5886	-1419.658	-1587.266	167.6079	4.627708
5892	-1417.115	-1583.998	166.8832	5.031936
5898	-1415.236	-1583.888	168.6528	4.037011
5904	-1417.973	-1585.73	167.7572	4.543943
5910	-1423.192	-1591.11	167.9171	4.453986
5916	-1421.197	-1589.864	168.6671	4.028838
5922	-1417.697	-1585.589	167.8928	4.467691
5928	-1427.092	-1595.567	168.4749	4.138341
5934	-1419.622	-1587.769	168.1471	4.324223
5940	-1424.939	-1591.691	166.7515	5.104984
5946	-1418.563	-1586.418	167.8548	4.489087
5952	-1426.127	-1593.302	167.1743	4.870069
5958	-1426.462	-1594.302	167.8398	4.497477
5964	-1430.62	-1598.69	168.0697	4.367965
5970	-1431.602	-1599.364	167.7616	4.541488
5976	-1419.687	-1587.448	167.7616	4.541488
5982	-1420.489	-1588.561	168.0715	4.366893
5988	-1414.224	-1581.95	167.7261	4.561385
5994	-1411.17	-1579.048	167.8787	4.475609
6000	-1422.369	-1590.255	167.8855	4.471779
6006	-1415.638	-1584.022	168.3838	4.190077
6012	-1414.223	-1582.808	168.5844	4.076005
6018	-1416.962	-1585.354	168.3917	4.185602
6024	-1411.107	-1579.323	168.216	4.285224
6030	-1409.639	-1576.761	167.122	4.899188
6036	-1410.584	-1577.963	167.3791	4.755753
6042	-1414.921	-1582.774	167.8534	4.489864
6048	-1426.86	-1594.713	167.8534	4.489864
6054	-1426.657	-1594.948	168.2911	4.242686
6060	-1431.162	-1599.264	168.1018	4.349829
6066	-1436.557	-1603.984	167.4276	4.728662
6072	-1423.523	-1590.875	167.3524	4.770659
6078	-1425.495	-1592.677	167.1827	4.86536
6084	-1426.001	-1594.043	168.0426	4.383257
6090	-1421.159	-1589.151	167.9917	4.411927
6096	-1418.898	-1585.982	167.0833	4.920736
6102	-1422.903	-1590.906	168.0032	4.40548
6108	-1427.416	-1595.554	168.1383	4.329169
6114	-1427.389	-1595.05	167.6608	4.598081
6120	-1429.541	-1597.843	168.3018	4.236651
6126	-1432.169	-1599.855	167.6855	4.584174
6132	-1426.724	-1594.41	167.6855	4.584174
6138	-1420.162	-1587.814	167.6523	4.602834
6144	-1419.161	-1586.813	167.6523	4.602834
6150	-1424.274	-1591.948	167.6741	4.590615
6156	-1423.327	-1591.306	167.979	4.419106
6162	-1429.237	-1597.658	168.4207	4.169173
6168	-1423.944	-1591.592	167.6477	4.605398
6174	-1414.782	-1582.637	167.8555	4.488667
6180	-1417.173	-1584.142	166.9694	4.984044
6186	-1418.211	-1585.717	167.5058	4.684887
6192	-1427.75	-1595.636	167.886	4.471527
6198	-1426.201	-1593.746	167.5442	4.663396
6204	-1414.926	-1582.162	167.2359	4.835729
6210	-1423.739	-1590.621	166.8825	5.032322
6216	-1413.75	-1581.712	167.9622	4.428594
6222	-1417.718	-1585.112	167.3944	4.747247
6228	-1419.741	-1587.135	167.3944	4.747247
6234	-1408.804	-1576.704	167.8997	4.463774
6240	-1408.283	-1575.656	167.3728	4.75929
6246	-1424.014	-1591.935	167.9216	4.451466
6252	-1417.591	-1585.513	167.9216	4.451466
6258	-1433.329	-1601.282	167.9531	4.4337
6264	-1424.599	-1592.688	168.0891	4.356974
6270	-1433.704	-1600.777	167.0731	4.92637
6276	-1424.178	-1592.432	168.2536	4.263956
6282	-1416.359	-1584.11	167.7507	4.547585
6288	-1422.856	-1591.075	168.2183	4.283943
6294	-1425.658	-1592.46	166.8019	5.07704
6300	-1421.688	-1589.62	167.932	4.445591
6306	-1424.777	-1592.353	167.5763	4.645421
6312	-1410.831	-1578.783	167.9519	4.434391
6318	-1423.503	-1590.881	167.3771	4.756894
6324	-1421.192	-1588.248	167.0569	4.935414
6330	-1430.661	-1597.98	167.3194	4.789102
6336	-1431.636	-1599.769	168.133	4.332197
6342	-1427.58	-1595.098	167.5182	4.677979
6348	-1419.101	-1586.842	167.7413	4.552864
6354	-1412.728	-1580.327	167.5988	4.632809
6360	-1416.777	-1584.663	167.886	4.471488
6366	-1411.179	-1578.828	167.6497	4.604313
6372	-1415.25	-1583.381	168.1311	4.33325
6378	-1416.12	-1583.553	167.4327	4.725838
6384	-1417.129	-1584.562	167.4327	4.725838
6390	-1411.028	-1578.453	167.4246	4.73034
6396	-1422.355	-1590.205	167.85	4.49177
6402	-1419.911	-1587.654	167.7434	4.551691
6408	-1432.553	-1600.988	168.4352	4.160883
6414	-1413.341	-1581.074	167.734	4.556982
6420	-1417.582	-1585.815	168.233	4.275586
6426	-1427.491	-1594.861	167.3697	4.76101
6432	-1421.537	-1589.958	168.4207	4.169156
6438	-1423.745	-1590.913	167.1685	4.87328
6444	-1440.889	-1608.328	167.4395	4.72199
6450	-1431.417	-1599.294	167.8768	4.476697
6456	-1407.054	-1574.037	166.9833	4.976339
6462	-1418.803	-1585.357	166.5537	5.214527
6468	-1418.295	-1586.368	168.0735	4.365815
6474	-1419.485	-1587.293	167.8085	4.515118
6480	-1420.721	-1589.228	168.5069	4.120157
6486	-1403.56	-1571.148	167.588	4.638865
6492	-1415.334	-1583.337	168.0035	4.405283
6498	-1418.224	-1586.329	168.1049	4.348072
6504	-1425.348	-1593.383	168.0356	4.387204
6510	-1418.791	-1586.408	167.6178	4.622161
6516	-1417.123	-1584.764	167.6416	4.608802
6522	-1415.601	-1583.4	167.7992	4.520337
6528	-1413.035	-1580.834	167.7992	4.520337
6534	-1426.801	-1594.079	167.2778	4.812324
6540	-1431.896	-1599.551	167.6554	4.601064
6546	-1429.217	-1596.873	167.6554	4.601064
6552	-1427.799	-1596.446	168.6469	4.040385
6558	-1421.101	-1589.117	168.0158	4.398383
6564	-1418.033	-1585.158	167.1251	4.897449
6570	-1424.807	-1592.035	167.2289	4.839628
6576	-1424.704	-1592.031	167.3273	4.784685
6582	-1421.887	-1589.12	167.2328	4.837407
6588	-1416.887	-1585.157	168.27	4.254659
6594	-1405.589	-1573.101	167.5113	4.681815
6600	-1428.402	-1595.901	167.4994	4.68851
6606	-1426.634	-1594.526	167.892	4.468103
6612	-1420.395	-1588.219	167.8239	4.506432
6618	-1411.062	-1578.432	167.3696	4.761052
6624	-1414.893	-1583.233	168.3405	4.214657
6630	-1423.921	-1591.865	167.9443	4.438643
6636	-1416.081	-1583.753	167.6718	4.591876
6642	-1406.688	-1574.359	167.6718	4.591876
6648	-1427.974	-1595.32	167.346	4.774245
6654	-1426.182	-1594.245	168.0632	4.371625
6660	-1415.246	-1583.481	168.2354	4.274235
6666	-1420.592	-1588.96	168.3676	4.1993
6672	-1420.397	-1587.904	167.5069	4.684326
6678	-1413.639	-1581.146	167.5069	4.684326
6684	-1412.884	-1581.286	168.4022	4.179648
6690	-1422.715	-1590.326	167.611	4.625974
6696	-1413.893	-1581.893	167.9998	4.40736
6702	-1410.007	-1576.986	166.9794	4.978507
6708	-1419.388	-1586.999	167.6109	4.626065
6714	-1408.84	-1576.55	167.7109	4.569935
6720	-1420.45	-1588.077	167.6267	4.61717
6726	-1428.425	-1596.747	168.3224	4.224949
6732	-1417.326	-1584.345	167.0189	4.956565
6738	-1413.266	-1581.239	167.9734	4.422296
6744	-1423.806	-1591.603	167.7968	4.5217
6750	-1422.275	-1590.603	168.3281	4.221716
6756	-1413.909	-1582.686	168.7776	3.965675
6762	-1414.453	-1582.22	167.7672	4.538303
6768	-1407.459	-1575.226	167.7672	4.538303
6774	-1421.872	-1589.38	167.5073	4.684053
6780	-1427.476	-1595.81	168.3335	4.218624
6786	-1421.569	-1589.607	168.038	4.385823
6792	-1418.091	-1585.947	167.8553	4.488764
6798	-1424.826	-1592.827	168.0013	4.406538
6804	-1428.082	-1596.084	168.0013	4.406538
6810	-1425.866	-1594.032	168.1657	4.313667
6816	-1416.283	-1583.956	167.673	4.591203
6822	-1414.961	-1583.266	168.3052	4.234704
6828	-1419.171	-1586.476	167.305	4.797159
6834	-1426.027	-1593.74	167.7123	4.569136
6840	-1424.747	-1593.318	168.5704	4.083976
6846	-1421.33	-1588.591	167.2601	4.822189
6852	-1423.571	-1591.336	167.7648	4.539686
6858	-1422.683	-1589.616	166.933	5.004276
6864	-1420.95	-1588.706	167.7554	4.544922
6870	-1409.872	-1577.385	167.5131	4.680823
6876	-1419.293	-1586.751	167.4589	4.711156
6882	-1421.949	-1589.457	167.5081	4.683653
6888	-1427.432	-1594.795	167.3624	4.765096
6894	-1425.202	-1592.41	167.2082	4.851141
6900	-1414.793	-1582.988	168.1953	4.296962
