Iteration	Posterior	Likelihood	Prior	acrv_sd	tree_length
0	-620.8375	-794.1877	173.3502	0.0272578	0.9526755
6	-620.7655	-793.9021	173.1365	0.133598	1.05945
12	-620.8345	-793.7104	172.8759	0.241278	1.196906
18	-623.7725	-796.4536	172.6811	0.3746377	1.248911
24	-624.5655	-796.999	172.4334	0.4791264	1.364907
30	-630.1458	-803.0638	172.918	0.2710389	1.134038
36	-624.5699	-797.5448	172.9749	0.07037985	1.257633
42	-633.7334	-806.7169	172.9835	0.1759091	1.160288
48	-614.5235	-787.5235	173.0001	0.07704309	1.231006
54	-614.6471	-786.9426	172.2955	0.7887919	1.224951
60	-604.194	-776.95	172.7559	0.7887919	0.7483199
66	-598.5458	-771.7063	173.1605	0.07243862	1.094203
72	-614.4806	-787.5732	173.0926	0.1403435	1.094203
78	-621.6758	-794.4921	172.8164	0.4760865	1.038115
84	-617.7653	-790.6211	172.8558	0.4366865	1.038115
90	-614.9636	-788.1073	173.1438	0.1980323	0.9894193
96	-607.8315	-781.0111	173.1796	0.1622106	0.9894193
102	-618.7821	-791.9467	173.1646	0.1654865	1.001233
108	-614.0852	-787.1315	173.0463	0.08116296	1.188082
114	-608.0489	-780.6266	172.5777	0.7075377	1.045056
120	-607.506	-780.4231	172.9171	0.2642656	1.140811
126	-608.6214	-781.6914	173.07	0.1230391	1.130443
132	-611.4723	-784.306	172.8338	0.5485698	0.9475317
138	-615.069	-787.982	172.913	0.06198871	1.315111
144	-607.705	-780.6272	172.9222	0.2660013	1.134734
150	-615.7137	-788.7816	173.0679	0.004093269	1.235275
156	-607.7515	-780.9906	173.2391	0.01203427	1.077296
162	-601.529	-774.6354	173.1064	0.2231754	1.001695
168	-606.9967	-779.8476	172.8509	0.2831669	1.182399
174	-612.2307	-784.8893	172.6587	0.4927847	1.167241
180	-603.1522	-776.3719	173.2197	0.04053641	1.068816
186	-612.6775	-785.5715	172.894	0.1298441	1.275285
192	-609.7754	-782.8306	173.0552	0.05208973	1.205372
198	-606.4117	-779.3847	172.973	0.3454653	1.012738
204	-599.6064	-772.7328	173.1264	0.08701576	1.111992
210	-611.3118	-784.2445	172.9326	0.09752675	1.270112
216	-615.3753	-788.1287	172.7533	0.3919119	1.172664
222	-614.692	-787.43	172.738	0.3602635	1.213076
228	-610.9837	-784.2496	173.2659	0.04995747	1.015279
234	-615.6487	-787.0138	171.3651	1.851098	1.109457
240	-612.3896	-785.7193	173.3297	0.06871712	0.93032
246	-613.479	-786.6992	173.2202	0.02291518	1.084777
252	-611.3547	-784.4903	173.1356	0.2024896	0.9931472
258	-601.6867	-774.8616	173.175	0.05046499	1.10107
264	-603.6067	-776.926	173.3193	0.04692296	0.9644102
270	-599.6108	-772.566	172.9552	0.1715844	1.188629
276	-608.3738	-781.3157	172.9419	0.4522614	0.9349251
282	-609.0679	-782.2172	173.1492	0.1544134	1.027293
288	-609.1482	-782.4075	173.2593	0.0136457	1.056741
294	-608.31	-781.305	172.9949	0.01737539	1.284778
300	-611.8263	-784.5333	172.707	0.2417469	1.336163
306	-608.0343	-781.0008	172.9665	0.3540326	1.010646
312	-613.5638	-784.6857	171.1219	2.087604	1.115579
318	-610.7103	-783.5494	172.8391	0.5045464	0.9875475
324	-615.5198	-788.0852	172.5654	0.5192305	1.224647
330	-611.2132	-784.0884	172.8752	0.5192305	0.9345731
336	-606.4419	-779.1678	172.7259	0.4368512	1.157301
342	-614.4285	-787.5151	173.0866	0.2166904	1.027571
348	-620.8431	-794.0665	173.2234	0.07997561	1.027571
354	-619.7772	-792.4406	172.6633	0.339292	1.292704
360	-606.9404	-780.1275	173.1871	0.05157989	1.088875
366	-610.178	-782.7946	172.6167	0.4787784	1.215496
372	-605.1875	-778.0138	172.8263	0.2691308	1.215496
378	-603.2132	-776.0759	172.8627	0.4934428	0.9747742
384	-601.6103	-774.6394	173.0291	0.04245084	1.235646
390	-608.9708	-782.1628	173.192	0.05989633	1.076604
396	-609.907	-783.034	173.1271	0.1248112	1.076604
402	-633.9573	-806.6474	172.69	0.2367039	1.353682
408	-618.1779	-791.1129	172.935	0.2726693	1.117221
414	-617.4725	-790.8174	173.3449	0.07410201	0.9077705
420	-605.4672	-778.8725	173.4053	0.0115228	0.9101182
426	-602.3917	-775.6521	173.2604	0.1148101	0.9550157
432	-609.7862	-783.1327	173.3465	0.02714837	0.9566804
438	-604.4096	-775.6253	171.2157	1.983464	1.124909
444	-614.0123	-787.1691	173.1568	0.1314922	1.042115
450	-619.2891	-791.8872	172.5981	0.6225462	1.105464
456	-608.755	-781.8893	173.1343	0.26548	0.9288413
462	-608.907	-782.0576	173.1506	0.1345631	1.045147
468	-605.3274	-778.5785	173.2511	0.05965303	1.020334
474	-617.2102	-790.0435	172.8333	0.5272223	0.9702641
480	-615.6457	-788.9107	173.265	0.1270089	0.93722
486	-610.9703	-783.9762	173.0059	0.04984263	1.248928
492	-608.2729	-781.2718	172.999	0.4467892	0.8773422
498	-603.3995	-776.1703	172.7708	0.7617754	0.7661697
504	-607.4936	-780.1439	172.6503	0.7700599	0.9062145
510	-601.8792	-774.6816	172.8023	0.1665879	1.319986
516	-602.7966	-775.7505	172.9539	0.1665879	1.194064
522	-621.1823	-794.0834	172.901	0.1317447	1.267947
528	-610.3562	-783.2672	172.911	0.2223381	1.182998
534	-620.3573	-793.2072	172.85	0.4182907	1.061228
540	-610.894	-783.7386	172.8446	0.2452703	1.220213
546	-609.1527	-782.0969	172.9442	0.2394762	1.138776
552	-600.5612	-773.454	172.8928	0.1424409	1.265907
558	-599.0168	-772.0102	172.9934	0.3267141	1.011068
564	-602.386	-775.4324	173.0464	0.2648661	1.019822
570	-596.3513	-769.3517	173.0004	0.1975436	1.125999
576	-596.6513	-769.8087	173.1573	0.04062089	1.125999
582	-596.5252	-769.6681	173.1429	0.01641929	1.160349
588	-593.1217	-766.2148	173.093	0.2890445	0.9477775
594	-609.5678	-782.5308	172.963	0.1166817	1.228852
600	-618.8482	-791.7309	172.8826	0.2551738	1.179132
606	-606.1533	-778.5864	172.4331	0.892784	1.005424
612	-607.5592	-778.5628	171.0036	2.160631	1.156014
618	-601.3914	-774.4384	173.0471	0.08171749	1.186948
624	-598.2835	-771.3245	173.041	0.1804263	1.104728
630	-597.6176	-770.6582	173.0406	0.1253553	1.154478
636	-605.1419	-778.2172	173.0753	0.449865	0.7767455
642	-613.7977	-785.1634	171.3658	1.797234	1.157083
648	-601.5792	-774.814	173.2349	0.07960484	1.016684
654	-609.3558	-782.609	173.2532	0.06178367	1.016135
660	-632.3955	-805.1576	172.7621	0.3532157	1.198551
666	-617.4392	-790.3032	172.8639	0.1390313	1.292406
672	-611.5729	-784.3955	172.8225	0.5474305	0.9605059
678	-615.6256	-788.6944	173.0688	0.3011328	0.9605059
684	-612.9778	-785.3249	172.347	0.9917353	0.9924847
690	-610.4685	-783.4239	172.9554	0.1331504	1.221338
696	-604.6431	-777.7177	173.0746	0.1126695	1.135545
702	-601.9661	-774.8684	172.9022	0.2693058	1.149563
708	-599.001	-771.8653	172.8643	0.02023298	1.386949
714	-608.0468	-780.9412	172.8944	0.257387	1.166934
720	-612.3909	-785.5295	173.1386	0.2357016	0.9559804
726	-608.6088	-781.1692	172.5604	0.7353774	1.034866
732	-606.3537	-779.2357	172.882	0.436526	1.012692
738	-610.2603	-783.3523	173.092	0.06111371	1.165766
744	-612.8134	-786.0733	173.2599	0.066132	1.005233
750	-625.6283	-797.3782	171.7499	1.413214	1.157024
756	-607.2407	-780.2314	172.9907	0.20558	1.127484
762	-613.2698	-786.1974	172.9277	0.1706361	1.213075
768	-620.5507	-793.4222	172.8715	0.5988852	0.8480402
774	-615.7836	-787.5744	171.7908	1.601422	0.9369714
780	-606.86	-778.4819	171.6219	1.709117	1.000233
786	-620.0884	-792.7991	172.7106	0.1309289	1.420299
792	-611.4987	-784.3772	172.8786	0.2291269	1.205032
798	-610.1275	-783.2647	173.1372	0.2291269	0.9642781
804	-616.7251	-789.9588	173.2338	0.09240024	1.005097
810	-607.2608	-779.8306	172.5698	0.5040828	1.233707
816	-616.168	-789.0788	172.9108	0.04939626	1.327041
822	-617.0924	-789.8981	172.8058	0.2414635	1.255971
828	-613.5165	-786.8023	173.2858	0.08029316	0.9645805
834	-608.7209	-781.8731	173.1522	0.0826071	1.092463
840	-603.3239	-776.2113	172.8874	0.4583448	0.9854025
846	-609.0836	-780.6077	171.5242	1.799517	1.00757
852	-610.7964	-783.7567	172.9603	0.416522	0.9533643
858	-599.6131	-772.6777	173.0646	0.2717975	0.9948416
864	-605.3179	-778.5649	173.2471	0.05710432	1.026767
870	-601.7933	-774.578	172.7847	0.2913996	1.231877
876	-608.9504	-781.9452	172.9948	0.03971403	1.26652
882	-608.2898	-781.4182	173.1285	0.03971403	1.152531
888	-610.0155	-783.1133	173.0979	0.007278057	1.207245
894	-602.7585	-775.8269	173.0684	0.3796219	0.8747087
900	-597.3957	-770.676	173.2803	0.002806491	1.04713
906	-602.674	-775.8906	173.2166	0.000691527	1.108476
912	-616.0894	-789.3882	173.2988	0.0008117936	1.031206
918	-600.7782	-774.0737	173.2955	0.004084635	1.031206
924	-606.2817	-779.6412	173.3595	0.08231828	0.8818291
930	-607.2481	-780.1975	172.9494	0.2546106	1.120537
936	-597.2091	-770.2479	173.0388	0.1635794	1.121989
942	-596.8366	-769.9878	173.1512	0.02938341	1.141512
948	-603.5698	-776.5756	173.0058	0.1940837	1.12422
954	-599.2154	-771.8489	172.6334	0.2126231	1.416823
960	-598.0492	-771.1919	173.1427	0.2173247	0.9708401
966	-611.228	-784.3893	173.1613	0.1343837	1.035013
972	-605.7136	-778.5202	172.8065	0.2570386	1.24237
978	-601.0298	-774.3339	173.304	0.1285495	0.8924623
984	-588.5232	-761.4296	172.9063	0.371224	1.052392
990	-589.5861	-762.3545	172.7684	0.4219126	1.132861
996	-600.2202	-773.569	173.3488	0.08928368	0.8861778
1002	-595.7086	-768.9461	173.2375	0.08478315	1.008944
1008	-604.9675	-777.8268	172.8592	0.1673953	1.273033
1014	-612.2891	-785.4569	173.1678	0.02681385	1.129013
1020	-604.7651	-777.7762	173.0112	0.1834465	1.129013
1026	-610.7163	-784.0211	173.3047	0.02046733	1.006061
1032	-603.0779	-776.3798	173.3018	0.008463125	1.020779
1038	-600.583	-773.8854	173.3024	0.009068544	1.01965
1044	-608.324	-781.5673	173.2433	0.05435603	1.033069
1050	-611.4189	-784.3899	172.9711	0.05197382	1.27597
1056	-609.7169	-782.8446	173.1277	0.1272502	1.073717
1062	-612.006	-784.6418	172.6358	0.3779026	1.283663
1068	-622.4537	-795.211	172.7573	0.2390961	1.297772
1074	-619.7904	-792.3762	172.5858	0.6468673	1.094448
1080	-617.5481	-790.2375	172.6894	0.6468673	0.9949802
1086	-611.8769	-784.8104	172.9335	0.1994206	1.183381
1092	-608.0548	-780.8592	172.8044	0.328494	1.183381
1098	-605.0205	-778.1156	173.0951	0.1526823	1.080458
1104	-612.1257	-784.8577	172.7319	0.1907988	1.356883
1110	-607.5905	-780.198	172.6075	0.5657079	1.14808
1116	-619.1673	-791.6868	172.5195	0.515451	1.26619
1122	-629.7612	-802.5944	172.8331	0.1644461	1.296792
1128	-620.132	-793.2756	173.1436	0.2633357	0.9211022
1134	-620.6726	-793.7085	173.0359	0.3415852	0.9526355
1140	-607.8748	-779.2045	171.3297	1.96014	1.040616
1146	-610.1716	-782.7993	172.6276	0.8081848	0.8887949
1152	-613.5866	-785.3534	171.7668	1.713996	0.8352658
1158	-615.9243	-788.8678	172.9435	0.3005754	1.083859
1164	-609.5574	-782.6919	173.1345	0.07176559	1.118528
1170	-598.6664	-771.5659	172.8996	0.2493572	1.169456
1176	-600.1183	-773.2936	173.1753	0.157627	0.9983334
1182	-604.863	-777.9003	173.0372	0.3266451	0.9668487
1188	-608.3226	-781.4419	173.1193	0.2143799	0.997624
1194	-609.2786	-782.5854	173.3067	0.05986993	0.9640072
1200	-616.2507	-789.1853	172.9346	0.08647839	1.277587
1206	-606.5204	-779.3314	172.8111	0.03611778	1.415951
1212	-612.9653	-785.7048	172.7395	0.3107142	1.253515
1218	-609.2685	-782.2106	172.9421	0.1860052	1.187548
1224	-610.0874	-782.6457	172.5582	0.5687197	1.188506
1230	-623.5463	-794.6988	171.1525	2.110754	1.065951
1236	-612.7449	-785.5587	172.8138	0.1417682	1.330711
1242	-610.4562	-783.3613	172.905	0.4421976	0.9839046
1248	-602.9558	-775.7121	172.7563	0.5273069	1.046638
1254	-608.5549	-781.2559	172.701	0.2901638	1.30203
1260	-609.8057	-782.8824	173.0767	0.04074972	1.196688
1266	-609.0109	-781.9467	172.9358	0.06203005	1.29661
1272	-604.5065	-777.5944	173.088	0.3529842	0.8828951
1278	-604.1294	-776.9079	172.7784	0.2550604	1.267362
1284	-614.8335	-787.7661	172.9325	0.4974539	0.8954006
1290	-603.8702	-776.7222	172.852	0.2110703	1.242813
1296	-610.3915	-783.4633	173.0718	0.08186439	1.165297
1302	-617.559	-790.3657	172.8067	0.01206248	1.437842
1308	-613.9643	-786.7073	172.743	0.5765261	1.011716
1314	-616.4729	-789.1451	172.6722	0.4278905	1.211525
1320	-618.7628	-791.4443	172.6816	0.7564969	0.8862116
1326	-608.8035	-781.9559	173.1524	0.03999573	1.130974
1332	-614.9762	-788.1207	173.1445	0.01539985	1.15984
1338	-608.7181	-781.9187	173.2006	0.04153128	1.085688
1344	-615.614	-788.1885	172.5744	0.6673373	1.086017
1350	-605.2951	-778.6253	173.3302	0.1628239	0.8197967
1356	-605.5769	-778.8711	173.2942	0.1625555	0.8644043
1362	-607.0162	-779.9516	172.9354	0.1100923	1.257465
1368	-603.1246	-776.3843	173.2597	0.1657252	0.9005648
1374	-601.7631	-774.9042	173.1412	0.02441675	1.154816
1380	-607.2601	-780.2	172.9399	0.2327076	1.148643
1386	-613.2028	-786.2907	173.0879	0.1254794	1.112032
1392	-600.8226	-773.8652	173.0427	0.08137072	1.191041
1398	-595.343	-768.0462	172.7032	0.6762135	0.9505739
1404	-602.5539	-775.6821	173.1282	0.08979579	1.107902
1410	-609.8538	-782.7446	172.8909	0.1202944	1.285705
1416	-604.9215	-777.8999	172.9783	0.2504769	1.097956
1422	-600.2819	-773.5443	173.2624	0.02235348	1.04551
1428	-605.1622	-778.2499	173.0877	0.1288748	1.109174
1434	-599.0336	-771.9892	172.9555	0.330278	1.04451
1440	-599.5044	-772.7172	173.2128	0.07300162	1.04451
1446	-606.0388	-779.2779	173.2391	0.1788148	0.9090012
1452	-616.933	-790.2467	173.3137	0.02868742	0.9888294
1458	-606.2496	-779.0968	172.8472	0.5788889	0.8998212
1464	-618.5763	-791.4466	172.8702	0.3181123	1.134616
1470	-620.658	-793.7143	173.0562	0.216868	1.056628
1476	-608.8647	-781.9033	173.0386	0.2022144	1.086904
1482	-600.3911	-773.7102	173.3191	0.02426339	0.9878378
1488	-606.0219	-779.3958	173.3739	0.03301123	0.9210415
1494	-605.5958	-778.1841	172.5884	0.4561955	1.258195
1500	-601.8546	-774.8306	172.9761	0.01536757	1.301797
1506	-600.1239	-773.0547	172.9308	0.05069699	1.309823
1512	-606.0594	-779.134	173.0746	0.2813238	0.9750872
1518	-601.6108	-774.7325	173.1217	0.2114563	0.9980924
1524	-608.2926	-781.5062	173.2135	0.1196709	0.9980924
1530	-615.1834	-788.2381	173.0547	0.4005379	0.8661775
1536	-610.2554	-783.0612	172.8058	0.4837112	1.040957
1542	-611.63	-784.2441	172.6141	0.6709176	1.045274
1548	-607.6983	-780.5894	172.8911	0.3609582	1.0764
1554	-590.9783	-764.2251	173.2468	0.005296976	1.0764
1560	-603.5239	-776.7913	173.2674	0.04256326	1.021122
1566	-598.8917	-771.9362	173.0445	0.1933379	1.089685
1572	-608.1083	-781.2515	173.1433	0.09452977	1.089685
1578	-606.8561	-779.6044	172.7483	0.4990849	1.080757
1584	-596.9212	-770.0683	173.1471	0.1725609	1.011535
1590	-609.741	-782.9636	173.2226	0.0661714	1.041688
1596	-610.7611	-784.1311	173.3699	0.004207841	0.9561706
1602	-607.2142	-780.0624	172.8482	0.2532473	1.210392
1608	-603.9967	-776.9608	172.9641	0.2532473	1.108405
1614	-595.7118	-768.775	173.0632	0.3257141	0.9405516
1620	-600.2842	-773.527	173.2427	0.2048352	0.8752024
1626	-600.7388	-773.7766	173.0378	0.1063014	1.173659
1632	-610.9147	-783.7717	172.8569	0.167597	1.274749
1638	-597.2581	-770.3122	173.054	0.3149473	0.9615338
1644	-612.5715	-784.2604	171.6889	1.725766	0.9125756
1650	-605.3496	-778.437	173.0875	0.08587306	1.14796
1656	-605.8331	-779.1106	173.2775	0.1369742	0.9127948
1662	-609.8894	-783.0417	173.1523	0.05691547	1.115869
1668	-620.0278	-793.2431	173.2153	0.1658493	0.9487324
1674	-615.6853	-788.8474	173.1621	0.09707252	1.069756
1680	-638.1671	-811.2402	173.0731	0.1990414	1.057534
1686	-628.4096	-801.5003	173.0907	0.2378408	1.002703
1692	-616.4595	-789.7381	173.2785	0.1423885	0.9055932
1698	-610.9425	-783.4285	172.486	1.093174	0.6919159
1704	-617.9395	-790.8528	172.9133	0.4295063	0.9884191
1710	-603.135	-775.814	172.679	0.286122	1.323069
1716	-611.7258	-784.8553	173.1295	0.04105279	1.150467
1722	-611.9965	-784.9131	172.9166	0.325872	1.085316
1728	-616.1576	-789.3634	173.2058	0.0367243	1.085316
1734	-623.7677	-796.6268	172.859	0.2237615	1.226202
1740	-617.6426	-790.3173	172.6747	0.3177577	1.300966
1746	-610.4028	-783.3049	172.9021	0.3671948	1.060252
1752	-622.2142	-794.7035	172.4893	0.6669645	1.163042
1758	-620.0803	-792.7942	172.7139	0.4260786	1.177239
1764	-604.3481	-777.2801	172.932	0.485676	0.9092042
1770	-608.9457	-782.0191	173.0734	0.2456918	1.012133
1776	-611.2335	-784.1227	172.8892	0.2079244	1.214064
1782	-615.0593	-788.3976	173.3383	0.04564494	0.9457951
1788	-611.3236	-784.4998	173.1762	0.1029737	1.050819
1794	-611.2411	-784.0566	172.8155	0.2221436	1.26391
1800	-611.7543	-783.1699	171.4156	1.923102	0.9925454
1806	-607.8168	-780.6288	172.8119	0.09127354	1.372262
1812	-606.8227	-779.6865	172.8639	0.3814111	1.082765
1818	-598.7725	-771.8619	173.0894	0.04526626	1.181811
1824	-597.9875	-770.9809	172.9934	0.05170051	1.257744
1830	-615.3552	-788.0401	172.6849	0.7456608	0.8947953
1836	-620.2356	-793.4115	173.1759	0.1919297	0.9627831
1842	-607.1652	-780.0096	172.8444	0.2609294	1.207075
1848	-613.9618	-787.0563	173.0945	0.2594765	0.9770467
1854	-616.9946	-790.0258	173.0312	0.2126964	1.084043
1860	-618.541	-791.3876	172.8466	0.2126964	1.245966
1866	-624.8616	-798.0094	173.1477	0.07378784	1.104638
1872	-626.1681	-799.2227	173.0545	0.07892976	1.182893
1878	-621.6371	-794.3832	172.7461	0.2265436	1.316985
1884	-606.1624	-779.1238	172.9614	0.3808139	0.9890428
1890	-602.0518	-774.6568	172.605	0.3430514	1.336766
1896	-615.1475	-788.2659	173.1184	0.1123107	1.096259
1902	-612.1172	-785.4713	173.3541	0.003674705	0.9731054
1908	-603.866	-777.1308	173.2648	0.1258026	0.9386806
1914	-611.494	-783.9952	172.5011	0.909555	0.9169453
1920	-615.2774	-787.4164	172.139	1.324153	0.8567763
1926	-603.746	-776.5877	172.8417	0.5986382	0.8835651
1932	-608.0475	-781.0829	173.0354	0.3393939	0.9554433
1938	-617.066	-789.0389	171.9729	1.549369	0.7807855
1944	-611.0066	-784.0326	173.0261	0.139176	1.155106
1950	-624.6532	-797.6554	173.0023	0.1456295	1.170347
1956	-620.1281	-793.1419	173.0138	0.2592016	1.056727
1962	-620.2872	-793.3441	173.0568	0.08803639	1.172967
1968	-627.7186	-800.2525	172.5339	0.7385758	1.057231
1974	-612.3558	-785.7528	173.397	0.02988214	0.8989166
1980	-626.8037	-800.1137	173.31	0.2435754	0.7347779
1986	-610.8049	-783.9641	173.1592	0.2520106	0.9163736
1992	-611.0953	-783.7068	172.6115	0.5012264	1.200741
1998	-615.1024	-787.8116	172.7091	0.4889517	1.125887
2004	-621.094	-794.0968	173.0028	0.3853409	0.9413009
2010	-611.7357	-784.9622	173.2265	0.1206525	0.9839633
2016	-607.5833	-780.6838	173.1005	0.06817978	1.15211
2022	-609.1245	-781.8045	172.68	0.481109	1.158761
2028	-608.1919	-781.2433	173.0515	0.3964867	0.8747797
2034	-604.787	-777.8217	173.0347	0.2279612	1.066525
2040	-606.7619	-779.8798	173.1178	0.09932018	1.108638
2046	-600.007	-773.0901	173.0831	0.2686284	0.9793833
2052	-601.9457	-774.7807	172.835	0.16718	1.293024
2058	-598.8161	-771.8995	173.0834	0.1480181	1.095532
2064	-607.8596	-780.9398	173.0802	0.1257143	1.118868
2070	-593.767	-767.0792	173.3122	0.1080884	0.9063311
2076	-599.753	-772.6066	172.8536	0.2266101	1.228346
2082	-602.136	-774.8039	172.6678	0.2475502	1.362666
2088	-608.9587	-780.7989	171.8402	1.711571	0.7375369
2094	-601.0441	-773.8327	172.7886	0.3991605	1.135137
2100	-598.0201	-770.9628	172.9427	0.155333	1.213266
2106	-602.4147	-775.4047	172.9901	0.2679377	1.070853
2112	-601.9261	-774.5938	172.6677	0.3849172	1.251532
2118	-613.78	-786.7641	172.984	0.0593221	1.259216
2124	-607.1834	-780.0505	172.8671	0.4800728	0.9839953
2130	-612.4029	-785.6241	173.2212	0.07711486	1.032463
2136	-611.2981	-784.0386	172.7405	0.511798	1.076233
2142	-610.894	-783.8268	172.9328	0.2465535	1.142636
2148	-621.581	-794.7692	173.1881	0.02742414	1.11007
2154	-618.0705	-791.1952	173.1247	0.1576981	1.047755
2160	-634.5216	-807.1602	172.6387	0.4272907	1.240348
2166	-609.4392	-782.6869	173.2477	0.04922456	1.033791
2172	-610.0691	-783.4038	173.3347	0.1758742	0.7967975
2178	-611.8813	-784.5177	172.6364	0.5232555	1.160013
2184	-617.0609	-789.7916	172.7307	0.3952087	1.189408
2190	-620.8343	-793.9878	173.1535	0.09598507	1.078843
2196	-619.606	-792.8168	173.2108	0.1783807	0.940258
2202	-618.9188	-791.9669	173.0481	0.3940268	0.8815309
2208	-618.1309	-790.8804	172.7495	0.3940268	1.174149
2214	-609.9896	-782.9812	172.9915	0.2476333	1.08841
2220	-603.6923	-776.7154	173.0231	0.2476333	1.058851
2226	-598.7713	-771.6958	172.9245	0.2476333	1.149057
2232	-603.0593	-776.2946	173.2353	0.03516461	1.059116
2238	-611.8705	-784.7848	172.9144	0.3237296	1.089425
2244	-612.8068	-785.7802	172.9734	0.2891112	1.066605
2250	-595.7238	-768.9652	173.2415	0.03139808	1.056862
2256	-592.8599	-765.8662	173.0063	0.01331427	1.27882
2262	-605.7435	-778.7644	173.0209	0.04529258	1.24019
2268	-604.5625	-777.5833	173.0209	0.04529258	1.24019
2274	-601.336	-774.6446	173.3085	0.05151646	0.9708227
2280	-603.8258	-776.8619	173.0361	0.03827354	1.233319
2286	-607.2892	-780.6195	173.3303	0.02359343	0.9771426
2292	-607.4838	-780.5684	173.0846	0.1925316	1.052787
2298	-606.8245	-779.9052	173.0807	0.2027709	1.046742
2304	-612.8064	-785.7126	172.9062	0.1399776	1.256886
2310	-612.9252	-785.6963	172.771	0.3119885	1.22601
2316	-607.5309	-780.4179	172.887	0.3524763	1.088157
2322	-607.8458	-780.8285	172.9826	0.2023189	1.137657
2328	-613.8831	-786.8596	172.9766	0.2501509	1.099882
2334	-603.9513	-776.816	172.8648	0.1771153	1.260433
2340	-616.517	-789.4941	172.9771	0.05807012	1.265955
2346	-604.1896	-777.2412	173.0516	0.2797395	0.9999489
2352	-624.0975	-797.2793	173.1818	0.0195162	1.12298
2358	-627.3108	-800.118	172.8072	0.002211939	1.444993
2364	-610.1397	-783.1898	173.0501	0.2212735	1.058269
2370	-622.3188	-795.3856	173.0668	0.1892371	1.072705
2376	-623.284	-796.3688	173.0849	0.06016967	1.172843
2382	-622.1525	-795.2135	173.061	0.08401236	1.172843
2388	-612.6303	-785.5987	172.9685	0.176566	1.172843
2394	-613.7171	-786.7795	173.0625	0.1492821	1.11355
2400	-612.6112	-786.0119	173.4007	0.0598697	0.8598911
2406	-609.6734	-782.9227	173.2493	0.1165355	0.9648562
2412	-608.841	-781.8077	172.9666	0.09703418	1.242295
2418	-617.1601	-790.133	172.9729	0.296072	1.060568
2424	-611.2572	-784.5006	173.2434	0.1438214	0.9423119
2430	-617.3326	-790.203	172.8703	0.2106946	1.227698
2436	-609.4596	-782.251	172.7914	0.3296079	1.193683
2442	-608.1626	-781.1851	173.0225	0.3320457	0.9764579
2448	-619.6288	-792.3043	172.6755	0.3067364	1.309265
2454	-631.3488	-804.301	172.9522	0.5896741	0.7525831
2460	-622.8486	-795.6196	172.7711	0.6140248	0.9446136
2466	-607.9711	-781.1217	173.1506	0.1712177	1.009447
2472	-606.0628	-779.1333	173.0705	0.1539839	1.101901
2478	-614.1551	-786.6347	172.4796	0.5838128	1.242515
2484	-604.5026	-777.4496	172.9471	0.1752874	1.192493
2490	-614.0127	-787.0229	173.0102	0.2806655	1.03962
2496	-620.1861	-793.3069	173.1208	0.08081857	1.122697
2502	-622.1886	-794.8362	172.6475	0.8429785	0.822977
2508	-624.6285	-797.7313	173.1027	0.2996824	0.9259966
2514	-618.8488	-790.7216	171.8728	1.610845	0.8316111
2520	-619.7529	-791.6771	171.9242	1.610845	0.7626362
2526	-602.9033	-775.8138	172.9104	0.2913479	1.122578
2532	-600.9527	-774.0787	173.126	0.08185055	1.117044
2538	-607.1338	-780.1292	172.9955	0.2124255	1.117044
2544	-598.7827	-771.7872	173.0046	0.1698843	1.146989
2550	-595.941	-769.1251	173.1841	0.05709356	1.086579
2556	-601.1059	-774.0967	172.9908	0.3554232	0.9849867
2562	-605.3208	-778.5462	173.2254	0.02823288	1.074996
2568	-598.727	-771.6341	172.9072	0.4635561	0.9597391
2574	-610.082	-782.7458	172.6638	0.5993659	1.066038
2580	-602.3241	-775.0422	172.7181	0.6802774	0.930359
2586	-600.6511	-773.6618	173.0107	0.3063299	1.014159
2592	-606.8413	-779.6004	172.7591	0.2919678	1.252799
2598	-605.7614	-778.6951	172.9337	0.3696754	1.027579
2604	-612.0685	-784.8121	172.7436	0.3416119	1.224178
2610	-606.0891	-779.2371	173.148	0.05121877	1.124855
2616	-601.993	-775.2603	173.2672	0.01560754	1.047364
2622	-605.6157	-778.9324	173.3167	0.01713661	0.9974435
2628	-603.5299	-776.2345	172.7045	0.06817991	1.472904
2634	-613.593	-786.3601	172.7671	0.2049839	1.317454
2640	-610.5708	-782.6226	172.0518	1.145426	1.12663
2646	-625.2285	-797.3957	172.1672	1.118879	1.044249
2652	-613.1395	-786.1192	172.9796	0.3621826	0.9893966
2658	-622.975	-795.5931	172.6181	0.1787942	1.454544
2664	-614.1463	-787.0299	172.8836	0.2557781	1.177729
2670	-623.5655	-796.4048	172.8393	0.1585845	1.296566
2676	-623.37	-796.1006	172.7306	0.1065758	1.423679
2682	-622.5116	-794.8575	172.3459	0.4912609	1.423679
2688	-621.4322	-794.1461	172.7139	0.1232578	1.423679
2694	-625.6555	-798.3655	172.71	0.32323	1.267555
2700	-629.8843	-800.8143	170.93	2.287211	1.108601
2706	-616.2141	-788.998	172.7839	0.391003	1.146563
2712	-606.8603	-779.8445	172.9842	0.2762332	1.068612
2718	-604.2379	-777.3504	173.1125	0.2136438	1.005169
2724	-609.185	-782.2486	173.0636	0.3530727	0.910309
2730	-619.5831	-792.6833	173.1002	0.2564687	0.9742445
2736	-609.8915	-782.5396	172.6481	0.5495839	1.12626
2742	-602.521	-775.8212	173.3003	0.07030267	0.9599018
2748	-616.7129	-789.6538	172.9409	0.3919266	0.9984477
2754	-607.5991	-780.2806	172.6815	0.365416	1.25627
2760	-609.1657	-782.3918	173.2261	0.2031396	0.8962049
2766	-616.8096	-789.8842	173.0747	0.1432489	1.107934
2772	-610.768	-783.5174	172.7494	0.2277006	1.31344
2778	-613.3969	-786.6573	173.2604	0.01218162	1.057148
2784	-616.5634	-789.451	172.8876	0.03138274	1.359858
2790	-612.2947	-785.102	172.8073	0.4649339	1.057475
2796	-621.6512	-794.151	172.4997	0.3973865	1.377049
2802	-612.3571	-785.2216	172.8645	0.5790022	0.8799824
2808	-609.3735	-782.0253	172.6519	0.8008966	0.8691335
2814	-602.1261	-775.1587	173.0326	0.03871455	1.235895
2820	-610.0538	-783.0357	172.9819	0.1590291	1.176393
2826	-610.7038	-783.9235	173.2197	0.04113561	1.068175
2832	-609.5737	-782.6375	173.0638	0.1229826	1.136032
2838	-607.8525	-780.9976	173.1451	0.07569548	1.10533
2844	-603.7526	-776.9331	173.1805	0.0357079	1.109502
2850	-599.0977	-772.1665	173.0688	0.1473588	1.109502
2856	-603.9022	-777.0506	173.1485	0.06772841	1.109502
2862	-609.6048	-782.6159	173.0111	0.3234409	0.9967132
2868	-611.9026	-785.025	173.1223	0.1757549	1.032667
2874	-616.2329	-789.4233	173.1904	0.05699109	1.080787
2880	-614.7462	-787.4884	172.7422	0.3093664	1.252382
2886	-619.1919	-792.2205	173.0286	0.3093664	0.9932762
2892	-612.567	-785.8172	173.2502	0.2103551	0.8599075
2898	-606.7252	-779.7162	172.9911	0.03350897	1.27472
2904	-615.6737	-788.4409	172.7672	0.02964582	1.454582
2910	-609.7694	-782.6183	172.8489	0.3560533	1.119693
2916	-620.3753	-793.2473	172.872	0.149318	1.277406
2922	-614.1748	-787.367	173.1922	0.2571726	0.8730611
2928	-611.8042	-784.5762	172.772	0.3575486	1.186289
2934	-598.827	-772.1948	173.3678	0.03973328	0.9204404
2940	-617.3511	-790.123	172.7719	0.3408464	1.20077
2946	-613.4303	-786.3837	172.9533	0.1155574	1.237903
2952	-613.0171	-785.9789	172.9617	0.1743512	1.180638
2958	-614.8126	-787.8503	173.0377	0.1133361	1.167584
2964	-609.8881	-782.9181	173.0299	0.373468	0.9249205
2970	-606.1225	-779.0737	172.9512	0.1737585	1.190232
2976	-608.7684	-781.5914	172.823	0.3013347	1.190741
2982	-615.925	-788.4539	172.5289	0.502492	1.269104
2988	-600.5183	-773.5632	173.0449	0.3507728	0.9332811
2994	-602.0306	-774.9575	172.9269	0.369706	1.03414
3000	-602.7821	-775.8591	173.077	0.3666721	0.8797709
3006	-600.7839	-773.8523	173.0684	0.05764412	1.189281
3012	-619.3801	-792.4814	173.1013	0.1765184	1.052179
3018	-605.0563	-778.3021	173.2458	0.1186637	0.9662386
3024	-614.556	-787.7062	173.1502	0.004005072	1.164815
3030	-613.7811	-786.8494	173.0683	0.004422578	1.23467
3036	-614.8698	-787.9792	173.1094	0.09457067	1.12059
3042	-616.851	-789.8818	173.0308	0.1731688	1.12059
3048	-626.1614	-799.0479	172.8865	0.666743	0.7352426
3054	-613.712	-786.8208	173.1088	0.06005558	1.151895
3060	-622.7889	-795.9125	173.1236	0.0723932	1.127753
3066	-614.8697	-788.0657	173.196	0.01432441	1.114808
3072	-606.0098	-778.9719	172.9621	0.07598338	1.263551
3078	-605.2513	-778.3844	173.1331	0.3023384	0.889226
3084	-607.0943	-779.8576	172.7633	0.457376	1.105404
3090	-609.6851	-782.6133	172.9282	0.3243079	1.07602
3096	-610.2203	-783.1927	172.9724	0.1355077	1.204877
3102	-604.0052	-777.2518	173.2466	0.04818427	1.035866
3108	-596.0183	-769.3336	173.3153	0.09944269	0.912477
3114	-603.1696	-776.244	173.0744	0.05078383	1.190033
3120	-604.0175	-776.9082	172.8907	0.3601047	1.077617
3126	-603.8125	-776.9451	173.1326	0.2429829	0.9546864
3132	-603.605	-776.5657	172.9608	0.4002879	0.9697586
3138	-619.1871	-791.9421	172.755	0.3657385	1.193874
3144	-620.9145	-794.1038	173.1893	0.2027177	0.9371822
3150	-617.9955	-791.1078	173.1123	0.2027177	1.016162
3156	-612.5333	-785.3987	172.8654	0.1133284	1.312064
3162	-605.0837	-778.2285	173.1448	0.1665455	1.01975
3168	-606.8295	-779.5168	172.6873	0.5714366	1.070233
3174	-603.7788	-776.9644	173.1855	0.141552	1.004175
3180	-603.8338	-776.8844	173.0506	0.2721916	1.00843
3186	-601.4166	-774.333	172.9164	0.4455854	0.9687514
3192	-613.3145	-786.0513	172.7368	0.2375217	1.315626
3198	-610.231	-783.2147	172.9836	0.0587139	1.26003
3204	-596.3621	-769.0575	172.6954	0.5357662	1.0958
3210	-600.2393	-772.9375	172.6982	0.6581947	0.9745603
3216	-597.6661	-770.839	173.1729	0.2715382	0.8788227
3222	-609.0372	-781.8289	172.7917	0.1302992	1.357459
3228	-603.1342	-776.3613	173.2271	0.2065198	0.8912687
3234	-599.4487	-772.285	172.8363	0.389282	1.100953
3240	-600.7994	-773.6236	172.8242	0.4838797	1.022969
3246	-597.1529	-770.3478	173.1949	0.1131574	1.022969
3252	-616.7234	-789.3861	172.6627	0.4875364	1.1683
3258	-602.2715	-775.5022	173.2307	0.002643478	1.093834
3264	-605.9113	-778.9627	173.0514	0.006433349	1.24715
3270	-607.317	-780.2021	172.8851	0.003851087	1.383448
3276	-607.8452	-780.8656	173.0204	0.04547352	1.240431
3282	-617.2515	-790.262	173.0105	0.3020138	1.018556
3288	-613.634	-786.6457	173.0118	0.1402363	1.166756
3294	-616.3126	-789.4749	173.1623	0.114757	1.052863
3300	-615.4965	-788.1128	172.6163	0.648022	1.064928
3306	-617.6779	-790.6205	172.9427	0.4250766	0.9628464
3312	-619.6276	-792.1629	172.5353	0.4250766	1.326838
3318	-612.1603	-785.094	172.9337	0.199011	1.183577
3324	-608.2551	-781.4327	173.1776	0.0716775	1.079011
3330	-610.0816	-783.194	173.1124	0.1038671	1.109459
3336	-612.3897	-785.3954	173.0057	0.2367172	1.085451
3342	-613.6565	-786.6052	172.9487	0.1044502	1.251076
3348	-616.4326	-789.4485	173.0159	0.2945196	1.020635
3354	-613.3474	-786.2769	172.9295	0.2797977	1.115736
3360	-606.8653	-780.0544	173.1891	0.1453673	0.996853
3366	-610.5606	-783.5538	172.9932	0.3661758	0.9714902
3372	-614.4288	-787.2719	172.8431	0.2530595	1.214884
3378	-613.559	-786.6913	173.1322	0.03883482	1.149977
3384	-611.0116	-783.8222	172.8106	0.270954	1.227237
3390	-620.4678	-793.4977	173.0299	0.05168688	1.227237
3396	-612.9017	-785.9533	173.0516	0.02976347	1.227436
3402	-604.8464	-777.9511	173.1047	0.03683261	1.175864
3408	-608.5221	-781.5249	173.0029	0.1079365	1.202399
3414	-603.9009	-776.8265	172.9256	0.2260794	1.167078
3420	-603.4466	-776.5625	173.1159	0.09042568	1.118475
3426	-609.7182	-782.682	172.9638	0.1418879	1.206765
3432	-601.4969	-774.1786	172.6816	0.4003654	1.226877
3438	-600.8468	-773.6769	172.8302	0.3193953	1.168894
3444	-611.0694	-783.7497	172.6802	0.5390615	1.106658
3450	-608.8653	-781.7594	172.8941	0.2734121	1.153118
3456	-609.9817	-782.6203	172.6387	0.4632472	1.209997
3462	-611.6166	-783.9601	172.3434	0.4420607	1.463217
3468	-609.4619	-782.3355	172.8737	0.3089184	1.139759
3474	-616.9323	-789.7388	172.8064	0.1425122	1.336019
3480	-605.7834	-778.9753	173.1919	0.04508158	1.09047
3486	-603.6015	-776.6653	173.0639	0.1731017	1.09047
3492	-597.1129	-770.2069	173.094	0.05759793	1.167092
3498	-602.6685	-775.3233	172.6548	0.4968198	1.167092
3504	-613.5991	-786.7491	173.1501	0.161866	1.019169
3510	-607.9035	-780.889	172.9854	0.101404	1.222781
3516	-615.1986	-788.372	173.1735	0.1402317	1.017431
3522	-616.969	-790.2305	173.2615	0.03989048	1.029492
3528	-606.7226	-779.6818	172.9592	0.2203222	1.142443
3534	-602.4201	-775.5257	173.1056	0.07398136	1.142443
3540	-602.1768	-775.0506	172.8738	0.6054216	0.8371179
3546	-612.0072	-785.066	173.0588	0.1817941	1.087107
3552	-609.7024	-782.6163	172.914	0.2521257	1.154388
3558	-599.899	-772.9152	173.0162	0.3170362	0.9980472
3564	-598.4647	-771.8877	173.423	0.03850569	0.8587535
3570	-598.7588	-771.7333	172.9745	0.02082568	1.298607
3576	-603.2394	-776.4168	173.1773	0.2511088	0.8971575
3582	-607.6335	-780.6275	172.9941	0.1671903	1.158617
3588	-606.7547	-779.7553	173.0006	0.2346036	1.09208
3594	-605.682	-778.5233	172.8413	0.6262237	0.8515102
3600	-610.8015	-783.7582	172.9567	0.4920693	0.873862
3606	-615.5081	-788.1045	172.5964	0.8640628	0.8600509
3612	-622.5367	-795.457	172.9203	0.00695838	1.353241
3618	-608.7923	-782.0038	173.2115	0.003725434	1.110363
3624	-610.8484	-784.2325	173.3841	0.00802617	0.937093
3630	-607.42	-780.7351	173.3151	0.002248065	1.013835
3636	-598.9613	-771.9502	172.9889	0.3284055	1.013835
3642	-595.3065	-768.1562	172.8497	0.39552	1.082824
3648	-608.8925	-782.0046	173.1121	0.1837394	1.034884
3654	-605.8313	-778.9291	173.0979	0.359619	0.8635617
3660	-612.7872	-785.6039	172.8167	0.445099	1.067271
3666	-612.3189	-785.5031	173.1842	0.07105713	1.073468
3672	-603.0099	-775.8898	172.8799	0.189553	1.237467
3678	-604.1935	-776.9988	172.8054	0.4487926	1.074479
3684	-607.2422	-780.2157	172.9735	0.2730609	1.081567
3690	-611.2758	-784.1206	172.8448	0.3448135	1.133494
3696	-604.8329	-778.108	173.2751	0.1640203	0.885025
3702	-602.0866	-774.8267	172.7401	0.7574627	0.8138454
3708	-601.7071	-774.9918	173.2847	0.1674985	0.8697948
3714	-611.9038	-784.6947	172.7909	0.1055598	1.377592
3720	-607.1045	-779.9319	172.8273	0.7077506	0.762594
3726	-600.289	-773.5113	173.2224	0.1443467	0.9639166
3732	-604.8878	-778.0866	173.1988	0.1782393	0.9531478
3738	-601.6027	-774.5879	172.9852	0.09522048	1.228226
3744	-606.8884	-779.4213	172.5329	0.547525	1.228226
3750	-615.421	-788.539	173.118	0.1328358	1.077565
3756	-612.4722	-785.7052	173.233	0.2214941	0.8670287
3762	-610.2275	-782.3471	172.1197	1.321552	0.8825512
3768	-611.8709	-784.8534	172.9825	0.1006471	1.225898
3774	-610.7526	-783.1713	172.4187	0.4524514	1.397373
3780	-617.2442	-790.2901	173.0459	0.01515196	1.244507
3786	-615.9436	-788.9858	173.0422	0.01876477	1.244507
3792	-607.447	-780.8351	173.3882	0.01636992	0.923665
3798	-610.2649	-783.3744	173.1095	0.004344781	1.199764
3804	-619.8962	-793.0114	173.1152	0.01727282	1.18374
3810	-628.1316	-801.256	173.1243	0.03690502	1.158644
3816	-612.4825	-785.6687	173.1862	0.01429852	1.123725
3822	-627.5737	-800.745	173.1713	0.0005325155	1.149299
3828	-631.0132	-803.9088	172.8956	0.3840537	1.050414
3834	-619.933	-792.8101	172.877	0.2030725	1.228463
3840	-620.8279	-793.8277	172.9997	0.1982549	1.125965
3846	-613.5299	-786.3631	172.8333	0.371985	1.119418
3852	-600.9415	-774.0132	173.0717	0.1879262	1.069382
3858	-605.8157	-778.9548	173.1391	0.2020723	0.9900779
3864	-605.7703	-779.0907	173.3205	0.02067756	0.9900779
3870	-608.8118	-781.8554	173.0435	0.02766215	1.235975
3876	-622.5846	-795.5163	172.9317	0.09240063	1.275092
3882	-619.9885	-793.2733	173.2848	0.09673131	0.948359
3888	-606.7556	-779.3973	172.6416	0.4879932	1.186227
3894	-599.8137	-772.7743	172.9606	0.03948952	1.294749
3900	-604.0335	-776.9861	172.9527	0.09436612	1.256131
3906	-612.1201	-785.0708	172.9507	0.473854	0.9015114
3912	-608.9688	-781.9149	172.9461	0.3232341	1.060247
3918	-607.0645	-779.8846	172.82	0.1063634	1.353962
3924	-612.741	-785.948	173.2069	0.03220086	1.088445
3930	-614.8433	-787.9699	173.1265	0.1853841	1.019178
3936	-622.4852	-795.6117	173.1265	0.1853841	1.019178
3942	-610.7752	-783.937	173.1618	0.04896925	1.114472
3948	-610.4899	-783.4905	173.0007	0.1338891	1.181946
3954	-619.5535	-792.6954	173.1419	0.2176644	0.9712911
3960	-620.3826	-793.695	173.3124	0.08867572	0.9273931
3966	-599.8817	-772.4622	172.5804	0.9296671	0.7973869
3972	-601.4564	-774.3325	172.8762	0.1843192	1.244936
3978	-596.6758	-769.8071	173.1313	0.0834186	1.110838
3984	-610.4138	-783.7899	173.3761	0.0380908	0.9131078
3990	-612.2974	-785.6736	173.3762	0.05213476	0.897284
3996	-615.0648	-788.0564	172.9917	0.03973208	1.269081
4002	-621.3945	-794.6027	173.2082	0.03689782	1.082938
4008	-616.9079	-789.9378	173.0299	0.3206932	0.9804846
4014	-613.6964	-786.3453	172.649	0.389619	1.263136
4020	-605.6451	-778.5594	172.9143	0.1738098	1.221755
4026	-603.7904	-777.0242	173.2339	0.1738098	0.9202612
4032	-602.899	-775.9336	173.0346	0.2942077	1.002449
4038	-609.1828	-782.1356	172.9528	0.2942077	1.081159
4044	-600.1328	-773.2175	173.0846	0.1669579	1.076901
4050	-601.5223	-774.5792	173.0568	0.02010061	1.231155
4056	-599.7242	-772.9124	173.1882	0.1726669	0.9699733
4062	-615.889	-788.7777	172.8887	0.3226831	1.113869
4068	-612.3325	-785.4404	173.1079	0.06242937	1.150673
4074	-615.0441	-787.7825	172.7384	0.3009843	1.262524
4080	-621.4697	-794.4732	173.0034	0.03592516	1.262524
4086	-623.0023	-796.1521	173.1498	0.1779429	1.003565
4092	-622.537	-795.354	172.817	0.47944	1.034259
4098	-618.2541	-791.1424	172.8883	0.1536407	1.260371
4104	-614.701	-787.8683	173.1674	0.06954401	1.090502
4110	-615.665	-788.6278	172.9628	0.2716494	1.092796
4116	-611.5069	-784.6259	173.119	0.1574828	1.053414
4122	-613.9977	-787.1246	173.1269	0.03478695	1.158217
4128	-611.7309	-784.4424	172.7115	0.4502712	1.158217
4134	-610.903	-783.9304	173.0274	0.05879094	1.223301
4140	-615.6183	-788.6752	173.0569	0.02935619	1.223301
4146	-616.6278	-789.5159	172.8881	0.2826986	1.150206
4152	-609.226	-782.1372	172.9113	0.2826986	1.129585
4158	-622.5721	-795.7133	173.1413	0.2432767	0.9451949
4164	-612.7367	-785.8531	173.1165	0.01722279	1.182675
4170	-615.2313	-788.3694	173.1381	0.03034752	1.152297
4176	-620.8823	-793.9024	173.0201	0.4090228	0.8964136
4182	-606.2545	-779.3113	173.0567	0.1754633	1.094848
4188	-608.7917	-781.5822	172.7906	0.5203319	1.020184
4194	-604.9191	-777.8329	172.9138	0.192513	1.206232
4200	-615.7955	-788.8672	173.0717	0.07455728	1.171745
4206	-618.8898	-792.0765	173.1867	0.1299685	1.014466
4212	-612.7418	-785.7822	173.0404	0.04723149	1.222114
4218	-614.4479	-787.5666	173.1187	0.2560667	0.955448
4224	-604.6085	-777.7656	173.157	0.0270182	1.138438
4230	-618.6712	-791.7792	173.108	0.04724023	1.163879
4236	-619.5255	-792.4366	172.911	0.1937677	1.207538
4242	-622.4987	-795.2543	172.7555	0.1024448	1.407601
4248	-619.2666	-791.6848	172.4182	0.9374694	0.9753094
4254	-617.7539	-790.3408	172.5869	0.5529074	1.177409
4260	-604.4276	-776.9905	172.5628	0.4447289	1.28865
4266	-619.3824	-792.6551	173.2727	0.1505154	0.9030128
4272	-612.0978	-785.2506	173.1528	0.1931664	0.9852119
4278	-606.7209	-780.046	173.3252	0.02424148	0.981676
4284	-611.5098	-784.3457	172.8358	0.404988	1.086889
4290	-615.2301	-788.1312	172.9011	0.209057	1.202958
4296	-599.7573	-772.4863	172.729	0.4979179	1.09968
4302	-612.482	-785.7346	173.2526	0.05974917	1.018756
4308	-610.6666	-783.8566	173.19	0.02124962	1.114006
4314	-633.3537	-806.0774	172.7236	0.02454781	1.491427
4320	-618.2208	-791.1428	172.922	0.02867247	1.334644
4326	-620.8101	-793.5493	172.7392	0.009783104	1.490799
4332	-613.7327	-786.6776	172.9449	0.001129423	1.338349
4338	-616.4001	-789.4105	173.0104	0.001134655	1.285416
4344	-617.2948	-790.4238	173.1291	0.02182537	1.167737
4350	-623.6556	-796.6869	173.0313	0.1205596	1.166914
4356	-611.5651	-784.4297	172.8646	0.4041065	1.060823
4362	-604.7174	-777.8808	173.1634	0.07028214	1.09348
4368	-602.6771	-775.6599	172.9828	0.1798944	1.157336
4374	-596.5591	-769.6569	173.0978	0.1478768	1.082388
4380	-599.0544	-771.9789	172.9244	0.403436	1.00341
4386	-604.5839	-777.807	173.2231	0.08646375	1.021513
4392	-608.4091	-781.8656	173.4565	0.05134854	0.8003572
4398	-601.5016	-774.6328	173.1313	0.1740244	1.025645
4404	-604.3905	-777.4399	173.0493	0.03502159	1.224877
4410	-612.2964	-785.1498	172.8533	0.3058141	1.160493
4416	-611.3391	-784.4909	173.1518	0.3100557	0.8583123
4422	-610.5239	-783.0694	172.5455	0.92714	0.8453026
4428	-606.6399	-779.8405	173.2006	0.02555138	1.100373
4434	-607.6466	-780.0906	172.4441	1.027988	0.8459967
4440	-609.0376	-782.0507	173.0131	0.3205946	0.9975575
4446	-609.6515	-782.3353	172.6837	0.5140086	1.126192
4452	-610.6856	-783.5527	172.8671	0.3305951	1.126192
4458	-611.1332	-784.15	173.0168	0.02755554	1.258369
4464	-605.1757	-778.1368	172.9611	0.02755554	1.304068
4470	-618.2205	-791.3662	173.1457	0.02607698	1.14934
4476	-616.3223	-789.0958	172.7735	0.6488663	0.904
4482	-615.3892	-788.4366	173.0474	0.170317	1.108139
4488	-610.552	-783.6089	173.0569	0.05534666	1.201196
4494	-603.2673	-776.2078	172.9405	0.3387512	1.050797
4500	-612.8988	-785.9322	173.0334	0.1044112	1.179124
4506	-610.161	-783.2087	173.0477	0.09014608	1.179124
4512	-617.642	-790.5395	172.8974	0.4391451	0.9947067
4518	-627.405	-799.0593	171.6543	1.589741	1.083871
4524	-619.2892	-792.0781	172.7889	0.4846768	1.056178
4530	-624.7821	-798.0641	173.282	0.1841889	0.853125
4536	-615.4962	-788.6511	173.1549	0.0393022	1.129384
4542	-607.6118	-780.812	173.2002	0.09899986	1.031595
4548	-614.7018	-788.0598	173.358	0.01994518	0.9521635
4554	-615.7218	-788.3887	172.667	0.6862728	0.9777924
4560	-604.2822	-777.4364	173.1542	0.1736972	1.003397
4566	-613.7601	-786.8593	173.0992	0.03494844	1.182321
4572	-602.0021	-774.9516	172.9495	0.115038	1.241556
4578	-613.5216	-786.8041	173.2826	0.03797474	1.010667
4584	-608.4059	-781.4485	173.0426	0.1339591	1.145083
4590	-611.0905	-784.2566	173.1661	0.02122102	1.135568
4596	-598.3068	-771.4763	173.1695	0.02122102	1.132504
4602	-600.4371	-773.564	173.1269	0.2634835	0.9389392
4608	-603.4127	-776.5337	173.121	0.18076	1.029141
4614	-619.6921	-792.7694	173.0773	0.2804039	0.9731649
4620	-609.1021	-782.0067	172.9046	0.3011438	1.118951
4626	-614.071	-787.1638	173.0928	0.1129686	1.118951
4632	-622.2196	-795.1123	172.8927	0.2248695	1.196561
4638	-612.7798	-785.7097	172.9298	0.2248695	1.16438
4644	-620.4698	-793.2133	172.7435	0.314308	1.247161
4650	-613.6297	-786.8353	173.2056	0.09637127	1.028878
4656	-612.4236	-785.1363	172.7127	0.6430891	0.9751415
4662	-619.51	-792.6672	173.1572	0.1713357	1.002761
4668	-605.4822	-778.8717	173.3895	0.03706665	0.8993156
4674	-602.9478	-776.0658	173.1179	0.1604741	1.051607
4680	-605.6462	-778.646	172.9998	0.2953191	1.035575
4686	-605.6831	-778.6578	172.9747	0.1310777	1.206708
4692	-600.5715	-773.7822	173.2107	0.02792489	1.088954
4698	-613.5566	-786.3373	172.7807	0.5431734	1.007389
4704	-616.3299	-789.2194	172.8895	0.5431734	0.8924055
4710	-614.3571	-787.057	172.6999	0.5370162	1.090511
4716	-618.3347	-791.6189	173.2841	0.02762903	1.019359
4722	-615.7324	-788.7872	173.0548	0.04788715	1.209324
4728	-615.5603	-788.5038	172.9436	0.3425902	1.044188
4734	-605.3631	-778.6345	173.2714	0.1121445	0.9461965
4740	-616.1908	-788.6136	172.4227	1.041185	0.8558616
4746	-617.877	-790.8371	172.9601	0.418184	0.9518027
4752	-616.2854	-788.7446	172.4591	0.9191372	0.9518027
4758	-616.3868	-789.3494	172.9626	0.4075412	0.960376
4764	-611.1595	-784.3992	173.2397	0.04984837	1.040902
4770	-616.7177	-789.97	173.2523	0.02446551	1.053186
4776	-618.5741	-791.6017	173.0276	0.4532313	0.8351
4782	-608.3609	-781.247	172.8861	0.3887792	1.054993
4788	-605.6636	-778.6362	172.9726	0.42344	0.9328758
4794	-619.7841	-792.9402	173.1561	0.1074097	1.065748
4800	-617.3964	-790.1967	172.8003	0.3575943	1.161579
4806	-610.5081	-783.5621	173.054	0.396569	0.8717328
4812	-608.1189	-781.1808	173.0618	0.1087781	1.150383
4818	-605.4324	-777.9511	172.5187	0.2410341	1.482677
4824	-601.2431	-773.8933	172.6502	0.4521986	1.209542
4830	-607.3614	-780.6582	173.2968	0.05327015	0.9810506
4836	-612.2734	-785.1061	172.8327	0.3710403	1.120764
4842	-602.2694	-775.3036	173.0342	0.04788231	1.226822
4848	-609.5515	-782.5025	172.9511	0.3933121	0.986829
4854	-606.9944	-780.1116	173.1172	0.3102273	0.898302
4860	-610.6595	-783.6722	173.0127	0.203545	1.109443
4866	-606.5212	-779.6253	173.1041	0.4365896	0.7543524
4872	-608.8315	-782.1745	173.343	0.00934735	0.9786706
4878	-599.2851	-772.4222	173.1371	0.02051875	1.161813
4884	-610.348	-783.5611	173.213	0.09023179	1.027626
4890	-612.9715	-785.2887	172.3172	1.230847	0.7432071
4896	-623.2352	-796.0742	172.839	0.5516459	0.9387103
4902	-609.6347	-782.1859	172.5512	0.6130363	1.156014
4908	-607.3739	-780.5247	173.1508	0.1234696	1.0555
4914	-615.1084	-788.5099	173.4015	0.009654586	0.9163835
4920	-610.8215	-783.9193	173.0979	0.02846098	1.189068
4926	-609.1277	-781.2514	172.1238	1.308798	0.8924764
4932	-609.1852	-780.7512	171.566	1.704569	1.059077
4938	-606.7066	-779.6683	172.9617	0.4483273	0.9176397
4944	-602.0213	-775.0976	173.0763	0.08654867	1.157229
4950	-601.067	-774.1769	173.1099	0.1200901	1.096889
4956	-609.2856	-781.9852	172.6996	0.5304271	1.096889
4962	-608.8529	-782.0496	173.1968	0.2573108	0.8675433
4968	-626.3303	-799.3348	173.0046	0.5266927	0.7680588
4974	-621.3051	-794.0197	172.7145	0.5863514	1.029969
4980	-607.4562	-780.4193	172.9631	0.1796949	1.174773
4986	-606.4061	-779.3626	172.9565	0.1338372	1.219849
4992	-605.0712	-778.2518	173.1807	0.09967573	1.049758
4998	-609.8472	-782.8913	173.0441	0.1071753	1.167411
5004	-598.4058	-771.7112	173.3054	0.07126073	0.9535257
5010	-606.059	-778.8897	172.8307	0.1070125	1.344965
5016	-607.756	-781.0659	173.3099	0.115635	0.9004147
5022	-603.8455	-776.6783	172.8328	0.176045	1.287603
5028	-603.4514	-776.5875	173.136	0.1052544	1.086461
5034	-601.1318	-774.1235	172.9917	0.288466	1.049871
5040	-611.0266	-783.8817	172.8551	0.221362	1.231579
5046	-611.8555	-784.9722	173.1167	0.1422959	1.069903
5052	-607.7391	-780.8449	173.1058	0.1174521	1.103031
5058	-612.4981	-785.3489	172.8508	0.144228	1.298904
5064	-606.8439	-780.1618	173.3179	0.01529576	0.9981223
5070	-603.6875	-776.6989	173.0114	0.3091877	1.010641
5076	-616.6536	-789.7005	173.0469	0.07395394	1.193743
5082	-604.8452	-777.761	172.9158	0.1115094	1.272428
5088	-601.3879	-774.2248	172.8368	0.1662296	1.292324
5094	-607.969	-780.7333	172.7643	0.1612341	1.354606
5100	-608.0368	-781.1737	173.1369	0.04515264	1.140252
5106	-617.151	-789.9297	172.7788	0.06998223	1.414735
5112	-619.2784	-792.3303	173.0519	0.1019632	1.165107
5118	-619.2284	-792.1895	172.9612	0.203005	1.156067
5124	-612.4193	-785.3976	172.9783	0.2617267	1.087608
5130	-625.5904	-798.6559	173.0655	0.1075104	1.148254
5136	-610.3357	-783.2971	172.9614	0.1894687	1.167747
5142	-600.9978	-774.442	173.4442	0.01469216	0.8618316
5148	-612.93	-785.577	172.647	0.4026964	1.253921
5154	-613.0067	-785.9389	172.9322	0.1641479	1.214725
5160	-611.9851	-784.9683	172.9832	0.240008	1.103125
5166	-602.7144	-775.728	173.0136	0.2172995	1.096022
5172	-600.9292	-773.9998	173.0706	0.2172995	1.042459
5178	-605.8664	-778.8932	173.0269	0.1158714	1.17484
5184	-609.8676	-782.6246	172.757	0.4629148	1.106142
5190	-611.9405	-784.874	172.9335	0.377487	1.02007
5196	-610.9069	-784.0049	173.098	0.2547954	0.978251
5202	-613.4117	-786.4121	173.0004	0.3398561	0.9909944
5208	-609.6157	-782.7873	173.1717	0.3568844	0.771963
5214	-613.3904	-786.3471	172.9567	0.1713757	1.187518
5220	-611.5118	-784.8165	173.3047	0.03355521	0.9930358
5226	-605.3279	-777.9433	172.6154	0.5598484	1.146272
5232	-613.7872	-786.4026	172.6154	0.5598484	1.146272
5238	-603.4508	-776.5237	173.0729	0.2454951	1.012836
5244	-615.6501	-788.7813	173.1312	0.2454951	0.9534763
5250	-612.738	-785.6252	172.8872	0.08523244	1.317167
5256	-617.5814	-790.6351	173.0536	0.3160558	0.9608276
5262	-611.2747	-784.5266	173.2519	0.0731446	1.006261
5268	-608.7428	-782.0065	173.2637	0.06127112	1.006261
5274	-610.6387	-784.0428	173.4041	0.0577681	0.8583456
5280	-606.0293	-778.6119	172.5827	0.8730738	0.8656296
5286	-606.5923	-779.764	173.1716	0.0864546	1.070801
5292	-606.4665	-779.4589	172.9924	0.05691517	1.25422
5298	-601.7446	-775.0176	173.2729	0.02839276	1.02953
5304	-616.3153	-789.4592	173.144	0.04449821	1.134501
5310	-615.5903	-788.5626	172.9722	0.2390248	1.113996
5316	-613.4252	-786.5957	173.1705	0.08489589	1.073361
5322	-622.5812	-795.5987	173.0176	0.166432	1.138499
5328	-614.3289	-787.2604	172.9315	0.1520023	1.225636
5334	-602.2613	-775.4833	173.222	0.1247329	0.9844103
5340	-608.4464	-781.3528	172.9064	0.2065678	1.200536
5346	-606.2118	-779.0033	172.7916	0.3354943	1.18841
5352	-603.6014	-776.2475	172.6461	0.4041184	1.253496
5358	-604.0142	-776.7706	172.7564	0.3196065	1.231941
5364	-607.5739	-780.5546	172.9807	0.1692775	1.16856
5370	-610.8594	-783.4138	172.5544	0.2727757	1.431349
5376	-612.3169	-785.0153	172.6984	0.3481793	1.256501
5382	-612.7153	-785.7922	173.0769	0.1368911	1.111673
5388	-616.4418	-789.4968	173.055	0.03915663	1.216597
5394	-611.5424	-784.8484	173.306	0.06592168	0.9585237
5400	-606.42	-779.1082	172.6882	0.6403897	1.002653
5406	-613.6402	-786.8189	173.1787	0.2694225	0.8745329
5412	-609.8709	-782.6377	172.7668	0.4817126	1.079744
5418	-604.7618	-777.788	173.0262	0.2949347	1.010104
5424	-610.6153	-783.735	173.1198	0.04334067	1.156986
5430	-614.1253	-787.2622	173.1369	0.1563237	1.037353
5436	-623.5899	-796.1392	172.5493	0.2130607	1.480726
5442	-607.7528	-780.8765	173.1236	0.2487141	0.9580373
5448	-607.34	-780.1967	172.8567	0.2697651	1.188915
5454	-608.522	-781.1739	172.652	0.4745415	1.188915
5460	-619.7275	-792.6019	172.8744	0.3718917	1.081808
5466	-624.7646	-797.729	172.9644	0.3892768	0.9773311
5472	-609.038	-781.9355	172.8974	0.5062273	0.9246376
5478	-622.1412	-792.7899	170.6487	2.30344	1.333482
5484	-599.6693	-772.203	172.5337	0.5693998	1.208944
5490	-610.0693	-782.5425	172.4733	0.4763015	1.335506
5496	-614.337	-787.4929	173.1559	0.1067533	1.066521
5502	-607.6501	-780.7472	173.0972	0.3253739	0.9038091
5508	-605.497	-778.1844	172.6874	0.862618	0.7402725
5514	-610.5767	-782.1725	171.5958	1.879257	0.8423601
5520	-598.2399	-771.0936	172.8536	0.2665091	1.194385
5526	-616.6291	-789.7104	173.0813	0.2665091	0.9833484
5532	-596.6434	-769.5639	172.9205	0.1449611	1.240791
5538	-606.1562	-777.9362	171.78	1.711637	0.8215118
5544	-609.8326	-782.8544	173.0218	0.183881	1.119067
5550	-610.1384	-783.1894	173.051	0.1546563	1.119067
5556	-612.2016	-785.0908	172.8892	0.3164299	1.119067
5562	-610.2428	-783.0925	172.8497	0.233254	1.226105
5568	-610.09	-783.3559	173.2659	0.1004053	0.9643129
5574	-594.8166	-767.451	172.6345	0.7157096	0.9809367
5580	-595.4972	-768.1746	172.6775	0.26542	1.34085
5586	-596.6607	-769.5068	172.8461	0.2896889	1.180885
5592	-594.7886	-767.753	172.9644	0.2265629	1.1323
5598	-607.305	-780.4405	173.1355	0.03579	1.149789
5604	-608.5719	-781.9253	173.3534	0.04689775	0.9282352
5610	-616.1164	-789.2925	173.1761	0.07632835	1.076078
5616	-607.8611	-780.6661	172.805	0.2158247	1.277796
5622	-609.8204	-782.9447	173.1243	0.2083192	0.9986319
5628	-621.1107	-794.2599	173.1492	0.2263217	0.9547178
5634	-615.0062	-788.0638	173.0576	0.1107112	1.15239
5640	-622.2448	-795.1903	172.9455	0.3681324	1.017493
5646	-620.6374	-793.33	172.6926	0.4624128	1.164107
5652	-606.7657	-779.6936	172.9279	0.2921747	1.105921
5658	-612.8665	-785.8317	172.9651	0.4083538	0.9568255
5664	-601.1285	-773.9344	172.806	0.5542797	0.9706074
5670	-606.5448	-779.355	172.8102	0.1626859	1.316839
5676	-601.9211	-774.8559	172.9348	0.3176143	1.076101
5682	-616.126	-789.1341	173.0081	0.3375897	0.9854923
5688	-618.0748	-791.1659	173.0911	0.2552498	0.9848122
5694	-609.6823	-782.6371	172.9548	0.1897491	1.173259
5700	-603.5489	-776.4529	172.904	0.0419089	1.338444
5706	-602.5252	-775.6543	173.1291	0.05374424	1.139512
5712	-613.6995	-786.4739	172.7744	0.3696282	1.173726
5718	-616.5259	-789.6933	173.1673	0.02616592	1.129994
5724	-615.3517	-788.0289	172.6771	0.4770127	1.164886
5730	-629.5281	-802.703	173.1749	0.08763405	1.066581
5736	-609.4302	-782.3453	172.9152	0.3028403	1.107843
5742	-609.3976	-782.3981	173.0005	0.1924364	1.130512
5748	-600.4515	-773.4417	172.9902	0.2300799	1.105773
5754	-608.6974	-781.4572	172.7599	0.3950396	1.164199
5760	-608.422	-781.2231	172.8012	0.3537617	1.164199
5766	-604.4184	-777.402	172.9835	0.007107609	1.302428
5772	-611.1243	-784.0177	172.8934	0.004582197	1.376384
5778	-613.254	-786.2822	173.0281	0.09862617	1.188688
5784	-621.6354	-794.6636	173.0281	0.09862617	1.188688
5790	-608.8034	-782.094	173.2906	0.07227765	0.9678854
5796	-606.6867	-779.8327	173.146	0.08015455	1.100394
5802	-608.5319	-781.6005	173.0687	0.01072556	1.229084
5808	-612.2268	-785.5317	173.3049	0.09512353	0.9285916
5814	-611.1358	-784.2483	173.1125	0.2672482	0.9502901
5820	-613.7154	-786.2567	172.5413	0.7647895	1.024915
5826	-620.5263	-793.6253	173.099	0.1932605	1.038309
5832	-615.2483	-788.0013	172.7529	0.584574	0.9937403
5838	-623.0359	-795.5767	172.5408	0.6241027	1.155467
5844	-606.7039	-778.9233	172.2194	0.9089167	1.187372
5850	-596.2168	-768.4539	172.2371	0.9089167	1.171973
5856	-611.3064	-784.4716	173.1652	0.2283801	0.9355363
5862	-612.4619	-785.4711	173.0092	0.3843719	0.9355363
5868	-614.2802	-787.3426	173.0624	0.2807336	0.9880391
5874	-598.4539	-771.5139	173.06	0.2377188	1.033037
5880	-598.5766	-771.471	172.8944	0.1462947	1.26141
5886	-596.5628	-769.5216	172.9588	0.2796683	1.089072
5892	-604.1624	-776.3487	172.1863	1.295312	0.8341875
5898	-598.5182	-771.4625	172.9443	0.3529441	1.033495
5904	-606.1073	-778.6376	172.5304	0.5982693	1.187069
5910	-614.8166	-787.7469	172.9303	0.4966223	0.8988205
5916	-609.4355	-782.825	173.3896	0.1124439	0.8081239
5922	-612.045	-784.9774	172.9324	0.3807766	1.017976
5928	-618.4519	-791.5734	173.1216	0.1915845	1.017976
5934	-611.5031	-784.7663	173.2632	0.06070657	1.007371
5940	-602.3763	-775.6519	173.2756	0.1207406	0.9326062
5946	-602.4196	-775.6076	173.188	0.0707146	1.070212
5952	-613.9138	-786.9245	173.0107	0.08327685	1.216767
5958	-603.0035	-776.1381	173.1346	0.03180204	1.154058
5964	-602.3787	-775.3059	172.9271	0.2905144	1.108171
5970	-609.5451	-782.2659	172.7207	0.5528019	1.056233
5976	-611.6455	-784.5911	172.9457	0.07489176	1.278019
5982	-609.9117	-782.924	173.0123	0.003019213	1.282331
5988	-608.9458	-781.7855	172.8397	0.6055772	0.8779197
5994	-621.0224	-793.7461	172.7237	0.296527	1.278306
6000	-613.3644	-785.9266	172.5622	0.7501826	1.018685
6006	-624.4316	-797.6272	173.1957	0.009909752	1.119139
6012	-615.4335	-788.6812	173.2477	0.06158712	1.021745
6018	-604.7126	-777.626	172.9134	0.1334233	1.256331
6024	-610.1722	-783.2078	173.0356	0.2892069	1.00643
6030	-613.2335	-785.9048	172.6713	0.4821314	1.165528
6036	-609.3249	-782.1936	172.8687	0.6441301	0.7936892
6042	-612.4837	-782.9528	170.4692	2.323804	1.457525
6048	-605.2355	-778.2166	172.981	0.1863632	1.153224
6054	-613.9976	-786.4176	172.42	0.9543734	0.9559338
6060	-615.8929	-789.1376	173.2447	0.1253999	0.9604168
6066	-614.5323	-787.5984	173.0662	0.2513824	1.013638
6072	-619.8165	-792.3956	172.579	0.2695144	1.414888
6078	-609.2607	-782.3736	173.1129	0.02438148	1.179619
6084	-599.562	-772.5928	173.0308	0.02477144	1.249052
6090	-609.7164	-781.9462	172.2298	0.9581511	1.134927
6096	-612.9058	-785.8317	172.926	0.4791772	0.9229838
6102	-622.5938	-795.3267	172.7329	0.7309553	0.8559515
6108	-617.5964	-790.571	172.9746	0.1214669	1.21497
6114	-618.6653	-791.5623	172.897	0.2560154	1.165836
6120	-624.1125	-796.9383	172.8259	0.3271758	1.165836
6126	-617.3346	-789.9576	172.623	0.7506725	0.9566054
6132	-612.8775	-785.5519	172.6744	0.7261806	0.9280083
6138	-606.9649	-780.331	173.3662	0.08420624	0.8719307
6144	-610.184	-783.0613	172.8773	0.08357183	1.326486
6150	-621.4731	-794.1499	172.6768	0.7583336	0.889512
6156	-613.9771	-786.6864	172.7093	0.3433056	1.251536
6162	-618.0709	-790.9618	172.891	0.1052363	1.297928
6168	-610.1302	-783.1522	173.0219	0.1337491	1.163524
6174	-617.8288	-790.7953	172.9665	0.2661077	1.094491
6180	-615.5369	-788.6548	173.1179	0.2930301	0.9166714
6186	-611.565	-783.9325	172.3675	1.162452	0.7699402
6192	-601.5197	-774.2972	172.7775	0.6312376	0.9190456
6198	-609.5647	-782.8975	173.3328	0.0263794	0.9716607
6204	-606.6023	-779.7345	173.1323	0.02724064	1.160179
6210	-613.9876	-786.7105	172.7229	0.1296084	1.411835
6216	-611.0312	-784.4533	173.4221	0.02309401	0.8779397
6222	-611.7489	-785.0402	173.2913	0.02083481	1.018934
6228	-617.0649	-790.259	173.1941	0.1369819	1.000249
6234	-620.0386	-793.0396	173.001	0.3635954	0.9660705
6240	-619.2235	-792.0264	172.8029	0.2647402	1.23892
6246	-609.7824	-782.9501	173.1678	0.05045262	1.107638
6252	-608.2271	-780.5313	172.3041	0.9056632	1.115314
6258	-619.4119	-792.6084	173.1965	0.04355313	1.087597
6264	-605.3323	-778.2309	172.8986	0.3567245	1.073401
6270	-608.5324	-781.8093	173.2769	0.03657695	1.017652
6276	-603.3521	-776.401	173.0489	0.007428387	1.248396
6282	-612.6158	-785.6609	173.0451	0.01125003	1.248396
6288	-628.2499	-800.5558	172.306	0.4036856	1.520243
6294	-612.5996	-785.7368	173.1372	0.03985968	1.144668
6300	-594.7105	-767.996	173.2855	0.008681208	1.036476
6306	-600.8037	-773.4921	172.6884	0.3318431	1.278294
6312	-612.7402	-785.7668	173.0266	0.3318431	0.9724211
6318	-608.6813	-781.9368	173.2555	0.09381842	0.9817871
6324	-611.6347	-785.0307	173.3961	0.1194121	0.7901186
6330	-615.8258	-788.222	172.3962	1.086636	0.8327174
6336	-616.2891	-787.9728	171.6837	1.680174	0.9668938
6342	-606.3302	-779.3605	173.0303	0.2648404	1.035558
6348	-611.1998	-783.7175	172.5177	0.6923406	1.115081
6354	-613.4289	-786.7332	173.3043	0.0888619	0.9359745
6360	-603.6861	-776.6555	172.9694	0.1178196	1.222435
6366	-602.7539	-775.7344	172.9805	0.04797833	1.271527
6372	-604.0655	-777.1102	173.0447	0.3726055	0.9096506
6378	-602.8359	-775.643	172.8071	0.2588457	1.24038
6384	-601.4306	-774.7041	173.2735	0.05111219	1.00667
6390	-610.1937	-783.1962	173.0024	0.4179127	0.9062487
6396	-612.1731	-785.0368	172.8637	0.4311974	1.035745
6402	-604.7844	-777.8947	173.1103	0.1345953	1.083139
6408	-606.9517	-779.6339	172.6822	0.5800853	1.066817
6414	-608.1783	-780.9006	172.7223	0.539998	1.066817
6420	-612.3159	-785.1203	172.8044	0.3124441	1.197233
6426	-611.2993	-784.1629	172.8636	0.2111441	1.233016
6432	-610.4716	-783.6091	173.1374	0.07885585	1.109427
6438	-602.0494	-775.3074	173.258	0.006901679	1.064366
6444	-605.3016	-778.476	173.1744	0.1088106	1.046998
6450	-612.7734	-786.1256	173.3522	0.06822681	0.9061736
6456	-604.8537	-777.5865	172.7328	0.4250845	1.161613
6462	-606.2439	-779.1457	172.9018	0.2194699	1.193404
6468	-608.088	-780.9072	172.8192	0.3020836	1.193404
6474	-610.998	-783.7754	172.7774	0.3186514	1.214959
6480	-612.3159	-785.1471	172.8312	0.4453827	1.053331
6486	-610.4911	-783.6292	173.1381	0.1249584	1.066083
6492	-605.7305	-778.9434	173.2129	0.176761	0.9397646
6498	-619.3391	-792.5745	173.2354	0.1136867	0.9820437
6504	-623.1774	-796.0436	172.8661	0.4806519	0.9843663
6510	-626.6719	-799.7896	173.1177	0.3143953	0.8929707
6516	-615.244	-788.4529	173.2089	0.2232673	0.8929707
6522	-620.003	-793.3641	173.3611	0.1104399	0.8466554
6528	-616.8459	-789.9511	173.1053	0.04942816	1.164393
6534	-612.6594	-785.9449	173.2855	0.1287453	0.912979
6540	-609.5657	-782.6696	173.1039	0.1383292	1.085567
6546	-604.8316	-777.4133	172.5817	0.3991065	1.310369
6552	-605.7861	-778.8454	173.0593	0.1718757	1.095752
6558	-605.7725	-778.5982	172.8257	0.25282	1.229816
6564	-614.0012	-786.8951	172.894	0.2558038	1.168692
6570	-614.107	-787.0426	172.9356	0.2207282	1.162934
6576	-615.1011	-788.1312	173.0301	0.07744397	1.205158
6582	-623.4327	-796.2551	172.8224	0.01489558	1.423553
6588	-617.9335	-791.0012	173.0677	0.0061913	1.233728
6594	-616.5077	-789.2689	172.7612	0.02486142	1.462768
6600	-605.1505	-778.1076	172.9571	0.02486142	1.30944
6606	-603.7566	-776.4677	172.7112	0.5855488	1.034006
6612	-614.8567	-787.6474	172.7907	0.3341823	1.190272
6618	-618.8556	-791.9958	173.1401	0.2705181	0.9169747
6624	-616.9462	-789.544	172.5978	0.5917066	1.133595
6630	-609.5981	-782.0135	172.4154	0.5432846	1.328191
6636	-605.3796	-778.4898	173.1102	0.06768735	1.143913
6642	-603.4697	-776.2778	172.8081	0.3081148	1.197748
6648	-606.563	-777.6494	171.0864	2.019736	1.206404
6654	-604.804	-777.1085	172.3045	0.8739993	1.143392
6660	-600.6815	-773.8947	173.2132	0.0371308	1.078094
6666	-613.687	-785.6658	171.9788	1.509313	0.8260171
6672	-609.846	-782.6938	172.8477	0.361526	1.115785
6678	-617.0269	-789.9163	172.8895	0.7133942	0.6447688
6684	-613.1768	-784.8612	171.6845	1.460475	1.172925
6690	-607.3058	-780.5598	173.254	0.2937598	0.7437159
6696	-616.0506	-788.8463	172.7957	0.7818811	0.6947737
6702	-602.599	-775.7826	173.1837	0.2538747	0.8867795
6708	-612.6126	-785.7013	173.0887	0.27014	0.9720843
6714	-613.8208	-786.8379	173.0171	0.384818	0.9265711
6720	-613.6525	-786.528	172.8756	0.08077605	1.330102
6726	-611.6713	-784.9087	173.2374	0.09713654	0.9967226
6732	-609.0161	-782.2136	173.1975	0.1469294	0.9867982
6738	-605.1789	-778.0985	172.9196	0.3449969	1.064675
6744	-601.8326	-774.958	173.1254	0.1391753	1.064675
6750	-612.5516	-785.4875	172.9359	0.2764573	1.112994
6756	-608.4513	-781.2518	172.8005	0.5687898	0.9612161
6762	-611.2658	-784.265	172.9992	0.196401	1.128078
6768	-610.1809	-782.7055	172.5247	0.3945812	1.359622
6774	-612.9016	-784.9056	172.004	1.433163	0.8872458
6780	-612.4512	-784.5535	172.1023	1.433163	0.762005
6786	-614.0749	-786.8113	172.7364	0.7360008	0.8455707
6792	-620.6035	-793.6633	173.0598	0.3807809	0.883349
6798	-610.5246	-783.4691	172.9445	0.09388387	1.263333
6804	-613.7715	-787.1852	173.4136	0.005715981	0.9073461
6810	-612.9433	-785.9645	173.0212	0.02319697	1.258323
6816	-604.1967	-776.9254	172.7287	0.6822443	0.9167001
6822	-616.1536	-789.4481	173.2946	0.03028242	1.006404
6828	-624.0148	-797.0189	173.0042	0.05025458	1.249993
6834	-611.0632	-783.8775	172.8143	0.4046066	1.107023
6840	-619.8563	-791.7279	171.8715	1.54117	0.9147075
6846	-611.1234	-784.0267	172.9033	0.3354922	1.088734
6852	-609.7438	-782.7228	172.979	0.241894	1.105209
6858	-601.6053	-774.5684	172.9631	0.1315805	1.216148
6864	-604.6226	-777.6817	173.0592	0.08360076	1.174804
6870	-605.2737	-778.3625	173.0888	0.05732521	1.171906
6876	-610.4476	-783.4987	173.0511	0.136862	1.134996
6882	-608.1294	-781.1503	173.0209	0.002988988	1.275287
6888	-601.4105	-774.8324	173.4219	0.003365103	0.9007415
6894	-604.6175	-777.5437	172.9262	0.03744352	1.324224
6900	-605.7898	-778.6659	172.8761	0.3687236	1.083199
6906	-609.1275	-781.9284	172.8009	0.2820365	1.226068
6912	-607.0564	-779.6779	172.6215	0.2692734	1.38201
6918	-609.1181	-782.2417	173.1236	0.2449605	0.9619671
6924	-610.6854	-783.5787	172.8933	0.3815093	1.055003
6930	-605.5596	-778.7885	173.2288	0.003040887	1.095137
6936	-610.1507	-783.3019	173.1513	0.005917288	1.162217
6942	-612.9931	-786.2928	173.2997	0.01209794	1.019255
6948	-609.9606	-783.0754	173.1147	0.01209794	1.188635
6954	-606.9583	-780.0757	173.1174	0.128672	1.082006
6960	-598.5927	-771.7819	173.1892	0.001657872	1.132364
6966	-601.1374	-774.2841	173.1467	0.04413093	1.132364
6972	-607.7488	-780.8514	173.1026	0.04507447	1.170551
6978	-621.5964	-794.7449	173.1484	0.1385051	1.04342
6984	-613.5159	-786.892	173.3761	0.03618889	0.9152124
6990	-606.0136	-778.9852	172.9717	0.3184802	1.04035
6996	-606.9564	-779.858	172.9016	0.3825092	1.046094
7002	-606.8295	-779.8913	173.0618	0.200972	1.066363
7008	-602.9714	-775.9607	172.9892	0.07479562	1.241996
7014	-606.2785	-778.9333	172.6549	0.7894612	0.8789721
7020	-604.6674	-777.8421	173.1747	0.02095231	1.128026
7026	-605.7062	-778.6485	172.9423	0.2038117	1.171933
7032	-614.0852	-787.0166	172.9314	0.1554405	1.222809
7038	-609.5529	-781.9404	172.3874	0.7827485	1.15076
7044	-608.6407	-781.5057	172.865	0.1473081	1.284776
7050	-612.0447	-784.964	172.9193	0.3768334	1.034566
7056	-610.8738	-784.0008	173.127	0.3931362	0.7837875
7062	-611.4944	-784.2593	172.765	0.3931362	1.161418
7068	-610.9394	-783.9266	172.9872	0.2541514	1.086406
7074	-603.4227	-776.3146	172.8918	0.2541514	1.172003
7080	-613.3866	-784.4414	171.0548	2.224903	1.050369
7086	-605.0606	-778.0966	173.036	0.01752585	1.250717
7092	-604.8972	-778.2087	173.3116	0.2376357	0.741525
7098	-603.6299	-776.8629	173.233	0.04764604	1.049416
7104	-613.2412	-786.1252	172.884	0.4459626	1.001344
7110	-613.9186	-787.0686	173.1499	0.1780907	1.003241
7116	-612.3463	-785.3695	173.0232	0.1693435	1.13085
7122	-606.4695	-779.6565	173.187	0.1053727	1.038197
7128	-614.9081	-787.717	172.8089	0.377745	1.136095
7134	-614.5662	-787.1336	172.5674	0.6460236	1.112015
7140	-610.1442	-782.8159	172.6718	0.3208909	1.300815
7146	-617.9009	-790.8134	172.9126	0.2487602	1.158569
7152	-628.8082	-801.5657	172.7575	0.3817535	1.177907
7158	-619.9816	-792.8562	172.8745	0.05082082	1.354786
7164	-618.8574	-791.5938	172.7365	0.002429088	1.498399
7170	-624.7241	-797.8586	173.1345	0.001648782	1.180545
7176	-622.332	-795.002	172.67	0.4352646	1.207121
7182	-611.7264	-784.707	172.9806	0.2879107	1.060979
7188	-616.266	-789.287	173.021	0.3134999	0.9967401
7194	-606.1051	-778.6898	172.5846	0.6216335	1.118527
7200	-600.9209	-774.072	173.1511	0.1114701	1.066566
7206	-612.3539	-785.4009	173.0469	0.03677748	1.225424
7212	-611.4153	-784.259	172.8437	0.1011695	1.339278
7218	-606.4417	-779.3097	172.868	0.5571814	0.9008158
7224	-609.9104	-783.1947	173.2843	0.0447673	1.002185
7230	-619.8934	-792.7553	172.8619	0.2399525	1.210037
7236	-613.425	-785.9191	172.4941	0.6158138	1.20319
7242	-615.8431	-788.77	172.9269	0.4570342	0.9458038
7248	-606.2059	-779.0868	172.8809	0.2425445	1.19151
7254	-601.7345	-774.5862	172.8516	0.3948409	1.081633
7260	-606.2425	-779.495	173.2525	0.0540818	1.024416
7266	-603.7079	-776.9312	173.2233	0.1718487	0.9338079
7272	-607.4484	-780.4175	172.9691	0.2586414	1.09897
7278	-594.1961	-767.3697	173.1736	0.08724276	1.068207
7284	-596.6863	-769.6559	172.9696	0.1803062	1.168576
7290	-595.8952	-769.0427	173.1475	0.0290233	1.145125
7296	-611.6837	-784.692	173.0084	0.151152	1.160162
7302	-602.643	-775.738	173.095	0.1304438	1.101078
7308	-599.5754	-772.6972	173.1218	0.1657668	1.042819
7314	-607.3724	-780.3505	172.9781	0.1366099	1.199043
7320	-601.3976	-774.3418	172.9443	0.1169158	1.244371
7326	-606.5016	-779.5978	173.0962	0.1899423	1.0442
7332	-627.8051	-800.5591	172.754	0.5624552	1.014716
7338	-605.8077	-778.7938	172.9862	0.2554158	1.086181
7344	-603.671	-776.8719	173.2009	0.03767314	1.088977
7350	-607.4837	-780.7654	173.2817	0.1149423	0.9321893
7356	-609.3307	-781.8208	172.4902	0.7984519	1.041819
7362	-612.795	-785.9566	173.1615	0.1889159	0.980648
7368	-607.4543	-780.6994	173.2451	0.1089659	0.9769437
7374	-595.1727	-768.4028	173.2301	0.1089659	0.9922038
7380	-606.5922	-779.5227	172.9305	0.3142452	1.083219
7386	-617.2001	-790.2934	173.0933	0.2346558	1.003272
7392	-619.2249	-791.0925	171.8675	1.554293	0.9046221
7398	-603.8433	-776.2441	172.4007	0.7838438	1.137973
7404	-607.1771	-780.07	172.8929	0.4481329	0.9902431
7410	-603.7094	-776.8521	173.1426	0.1260627	1.060817
7416	-616.5293	-789.5799	173.0506	0.2994225	0.9810938
7422	-616.1127	-788.7487	172.6361	0.3060252	1.341482
7428	-614.8179	-787.9999	173.182	0.06577391	1.080396
7434	-616.8762	-787.709	170.8328	2.267374	1.211505
7440	-613.1915	-784.0749	170.8835	2.267374	1.167781
7446	-605.5326	-778.6343	173.1017	0.04908421	1.167781
7452	-617.7884	-790.7773	172.9889	0.08865549	1.230593
7458	-609.3657	-782.6984	173.3327	0.09748482	0.8951727
7464	-605.4267	-778.67	173.2433	0.05067382	1.036699
7470	-602.5303	-775.6612	173.131	0.1629648	1.036699
7476	-601.1226	-774.0389	172.9163	0.2056374	1.192866
7482	-606.05	-779.0059	172.9559	0.319154	1.054755
7488	-609.7858	-782.8104	173.0246	0.2011618	1.100792
7494	-614.1797	-787.4214	173.2417	0.01770452	1.069611
7500	-615.0386	-787.9977	172.9591	0.3268016	1.04439
7506	-609.1076	-782.3404	173.2328	0.1208601	0.9773913
7512	-609.7733	-782.9614	173.1882	0.1320218	1.011047
7518	-611.2262	-784.3302	173.1041	0.1293428	1.093746
7524	-598.7096	-771.9997	173.2901	0.01778314	1.02317
7530	-612.8677	-786.133	173.2653	0.01008488	1.054488
7536	-609.5459	-782.779	173.233	0.01241409	1.082615
7542	-609.6924	-782.8975	173.2051	0.04035533	1.082615
7548	-607.5324	-780.655	173.1226	0.1467481	1.060223
7554	-601.6002	-774.2307	172.6306	0.3456647	1.314105
7560	-620.4673	-793.5653	173.098	0.2449585	0.9882329
7566	-603.5726	-776.3121	172.7395	0.4235987	1.157022
7572	-595.8002	-768.7229	172.9227	0.3233959	1.081955
7578	-601.8234	-774.7305	172.9071	0.4720539	0.9508607
7584	-604.7954	-778.0997	173.3043	0.0252308	1.001715
7590	-608.4512	-781.0861	172.6349	0.8002617	0.8895798
7596	-598.296	-771.4093	173.1133	0.219354	0.9986277
7602	-605.205	-778.2774	173.0724	0.2228233	1.035438
7608	-599.9973	-772.9424	172.9451	0.2160859	1.158692
7614	-611.3925	-784.3813	172.9888	0.2923555	1.049005
7620	-609.8026	-782.6594	172.8568	0.4242818	1.049005
7626	-608.4945	-781.2662	172.7717	0.3218668	1.217092
7632	-615.6023	-788.8691	173.2668	0.05633158	1.008108
7638	-612.5457	-785.7935	173.2478	0.08652369	0.9969554
7644	-608.7477	-781.6537	172.9059	0.2941903	1.124052
7650	-604.8418	-777.5786	172.7368	0.2549517	1.301544
7656	-602.9364	-775.9003	172.9639	0.2678305	1.095245
7662	-603.419	-776.4825	173.0635	0.05265707	1.197823
7668	-603.1063	-776.2889	173.1826	0.07962524	1.066879
7674	-605.207	-778.0495	172.8425	0.3580429	1.123647
7680	-608.295	-781.0804	172.7854	0.496524	1.048237
7686	-619.3119	-792.2555	172.9436	0.4742767	0.9090346
7692	-620.7571	-793.8103	173.0532	0.04416158	1.213908
7698	-621.0028	-793.9167	172.9138	0.2184363	1.183926
7704	-622.4709	-795.3984	172.9275	0.3328459	1.06864
7710	-612.5782	-785.5861	173.0078	0.4472015	0.8664272
7716	-608.2759	-781.5154	173.2395	0.173033	0.9149245
7722	-595.4739	-768.5552	173.0813	0.04864717	1.185908
7728	-600.0287	-772.6804	172.6517	0.4782841	1.185908
7734	-607.4884	-780.021	172.5326	0.4782841	1.285945
7740	-610.6851	-783.7167	173.0316	0.09787825	1.186378
7746	-607.0802	-780.3875	173.3074	0.09792219	0.9228736
7752	-603.0646	-776.0219	172.9573	0.4738618	0.8940845
7758	-614.3254	-787.2606	172.9353	0.05020642	1.306611
7764	-615.3147	-788.5554	173.2406	0.07097344	1.019482
7770	-609.4356	-782.3427	172.9071	0.2168556	1.191089
7776	-603.1961	-775.9791	172.783	0.2603586	1.259229
7782	-606.3826	-779.4909	173.1083	0.1551483	1.065724
7788	-611.6668	-784.7755	173.1088	0.02087941	1.186202
7794	-612.0087	-785.2185	173.2098	0.02974207	1.088054
7800	-609.7484	-782.8598	173.1114	0.05156554	1.157132
7806	-606.0139	-779.0896	173.0758	0.04922529	1.190214
7812	-592.4651	-765.6516	173.1866	0.1439833	1.000737
7818	-608.9011	-782.1975	173.2965	0.1429358	0.8846869
7824	-607.3621	-780.3433	172.9812	0.4380066	0.9075567
7830	-610.2325	-783.1913	172.9589	0.3546329	1.017642
7836	-604.9648	-777.9756	173.0107	0.03700851	1.25558
7842	-601.4687	-774.348	172.8793	0.4213009	1.030236
7848	-600.3771	-773.1019	172.7248	0.4782422	1.121403
7854	-610.7017	-783.7433	173.0416	0.07181679	1.200159
7860	-613.1758	-785.0475	171.8717	1.650613	0.7807302
7866	-601.5853	-774.5057	172.9204	0.1983069	1.195612
7872	-614.55	-787.2584	172.7084	0.2333944	1.341708
7878	-598.1485	-771.1982	173.0497	0.1058837	1.163573
7884	-601.5155	-774.5483	173.0328	0.1227962	1.163573
7890	-611.2467	-784.3943	173.1476	0.3169178	0.8551258
7896	-606.4419	-779.3396	172.8976	0.4992733	0.9319568
7902	-601.5287	-774.7137	173.185	0.287734	0.8451567
7908	-598.6626	-771.7015	173.0389	0.256089	1.035686
7914	-599.6811	-772.7953	173.1142	0.2175628	0.9995059
7920	-602.6373	-775.7479	173.1105	0.05893019	1.151384
7926	-611.7664	-785.0137	173.2473	0.01629132	1.065631
7932	-608.8536	-781.9469	173.0933	0.04320837	1.180242
7938	-616.5784	-789.5858	173.0074	0.3821147	0.9398724
7944	-611.5731	-784.295	172.7219	0.6205521	0.9887443
7950	-611.1174	-784.0765	172.959	0.1134038	1.23492
7956	-595.616	-768.7716	173.1555	0.1743337	1.001438
7962	-602.74	-775.895	173.1549	0.06946381	1.102012
7968	-606.3853	-779.1555	172.7701	0.6921351	0.8578164
7974	-602.2491	-775.5128	173.2637	0.1168164	0.9494818
7980	-612.2137	-785.2864	173.0727	0.1759073	1.079662
7986	-606.1446	-779.1823	173.0377	0.04392363	1.227177
7992	-620.8363	-793.7737	172.9374	0.3447651	1.04801
7998	-643.8478	-816.6945	172.8467	0.3447651	1.131833
8004	-623.2326	-796.3139	173.0813	0.1101881	1.131833
8010	-627.563	-800.6344	173.0715	0.3106076	0.9478052
8016	-619.466	-792.4018	172.9359	0.1247179	1.244858
8022	-607.9886	-781.1575	173.1689	0.08065965	1.07874
8028	-606.0586	-779.089	173.0303	0.2059685	1.091087
8034	-617.4693	-789.8099	172.3406	1.231002	0.7052594
8040	-618.4786	-790.1076	171.6289	1.822993	0.8701033
8046	-603.9844	-776.993	173.0086	0.3385116	0.9840651
8052	-614.7707	-787.8363	173.0656	0.1157975	1.140793
8058	-610.5224	-783.6063	173.0839	0.1157975	1.124431
8064	-628.9951	-801.9046	172.9094	0.1472747	1.248095
8070	-612.2932	-785.2247	172.9314	0.2707601	1.122185
8076	-601.2975	-774.3331	173.0356	0.1800583	1.10997
8082	-603.7861	-777.2069	173.4207	0.1013623	0.7810043
8088	-608.1874	-781.339	173.1516	0.3045829	0.8651079
8094	-609.4882	-782.4321	172.9439	0.280125	1.102368
8100	-625.6448	-798.1447	172.4999	0.7613759	1.067825
8106	-618.4549	-791.3803	172.9254	0.3896653	1.016075
8112	-619.2425	-791.1939	171.9514	1.584186	0.7618233
8118	-618.5451	-791.0416	172.4965	0.8724574	0.9616142
8124	-610.3941	-783.1539	172.7598	0.1243458	1.387214
8130	-617.4506	-790.5999	173.1493	0.0314046	1.141401
8136	-603.6658	-776.6731	173.0073	0.191682	1.125107
8142	-606.7345	-779.2459	172.5113	0.6890812	1.12378
8148	-611.8859	-784.8351	172.9492	0.2574165	1.11815
8154	-593.4123	-766.5738	173.1616	0.04510577	1.11815
8160	-600.1842	-773.1873	173.0031	0.3076506	1.02036
8166	-609.07	-779.9293	170.8593	2.308984	1.152451
8172	-603.9306	-776.8329	172.9023	0.04409344	1.338082
8178	-604.6773	-777.6094	172.9322	0.4822071	0.9128699
8184	-598.2662	-771.0198	172.7535	0.351183	1.207598
8190	-599.6646	-772.9527	173.2881	0.0117673	1.030916
8196	-600.955	-773.7698	172.8149	0.06140769	1.393366
8202	-601.1446	-774.3045	173.1599	0.1561429	1.015119
8208	-605.8275	-778.962	173.1345	0.0999586	1.092761
8214	-616.7525	-789.9943	173.2418	0.3070109	0.7421236
8220	-604.0182	-776.8659	172.8477	0.404962	1.075836
8226	-606.889	-779.2577	172.3687	0.8106562	1.142669
8232	-609.7526	-782.7578	173.0052	0.3285162	0.9975744
8238	-615.9192	-788.4573	172.5381	0.5616057	1.211872
8244	-617.7095	-790.2592	172.5497	0.6604619	1.114965
8250	-613.7552	-786.6343	172.8791	0.5057896	0.9448233
8256	-606.6552	-779.6967	173.0415	0.09157259	1.18325
8262	-604.5286	-777.8777	173.3491	0.159905	0.7988905
8268	-603.9408	-776.7185	172.7777	0.7030911	0.835201
8274	-601.2451	-773.87	172.6249	0.7030911	1.003269
8280	-605.3719	-778.1817	172.8098	0.3884183	1.125774
8286	-611.1296	-783.8936	172.764	0.5254657	1.041045
8292	-614.091	-786.6508	172.5598	0.7031003	1.066251
8298	-616.2412	-789.068	172.8268	0.7031003	0.7700856
8304	-614.1689	-787.3744	173.2055	0.007218727	1.11264
8310	-605.8554	-779.0509	173.1955	0.01727525	1.11264
8316	-608.8182	-781.8829	173.0647	0.2341089	1.031958
8322	-615.889	-789.0776	173.1886	0.1149722	1.027368
8328	-611.8749	-784.4518	172.5769	0.1060712	1.540063
8334	-612.4318	-785.0984	172.6666	0.3101335	1.313698
8340	-604.1776	-776.8239	172.6463	0.537627	1.138553
8346	-606.0131	-779.1255	173.1125	0.07147056	1.138553
8352	-605.0988	-777.8646	172.7658	0.4264379	1.131124
8358	-607.8356	-781.0252	173.1896	0.09098896	1.049526
8364	-610.9619	-784.263	173.3011	0.01056826	1.019432
8370	-601.8514	-775.1249	173.2735	0.03819878	1.019432
8376	-606.554	-779.4599	172.9059	0.4213789	1.003971
8382	-607.5392	-780.2375	172.6982	0.5337156	1.095066
8388	-611.3742	-784.4833	173.109	0.1473481	1.072401
8394	-608.208	-781.2149	173.0069	0.03432064	1.261007
8400	-603.9644	-776.8466	172.8822	0.4095323	1.038789
8406	-613.5537	-787.059	173.5054	0.02499674	0.7693818
8412	-609.3431	-781.976	172.6329	0.6748155	1.02334
8418	-603.2422	-776.3071	173.0649	0.05277546	1.196535
8424	-606.2382	-779.316	173.0778	0.2046239	1.04777
8430	-617.8717	-791.1029	173.2312	0.05433402	1.044796
8436	-604.8594	-778.1578	173.2983	0.1116088	0.9177521
8442	-612.695	-785.9318	173.2368	0.05879519	1.035091
8448	-611.9855	-784.8729	172.8874	0.2626506	1.168495
8454	-605.4863	-778.7046	173.2183	0.1526824	0.9594643
8460	-604.5137	-777.2956	172.7818	0.6053414	0.9423901
8466	-611.115	-783.9934	172.8784	0.6695341	0.7433715
8472	-605.9898	-778.8989	172.9091	0.1340739	1.259369
8478	-610.0901	-782.7413	172.6512	0.216039	1.400415
8484	-612.1582	-785.2473	173.0891	0.1548067	1.084041
8490	-612.132	-785.4521	173.3202	0.09227205	0.9150179
8496	-614.6569	-787.5774	172.9204	0.288361	1.116217
