Iteration	Posterior	Likelihood	Prior	acrv_sd	tree_length
0	-578.6764	-746.9675	168.2911	0.1067185	4.182144
6	-583.3847	-751.5451	168.1603	0.3164292	4.137274
12	-562.4918	-731.1417	168.6499	0.1200972	3.970008
18	-562.4904	-730.95	168.4596	0.2928565	3.980077
24	-563.0281	-731.4823	168.4542	0.2981934	3.980077
30	-583.7203	-752.674	168.9537	0.2981934	3.692898
36	-576.4793	-744.7065	168.2272	0.03506536	4.259026
42	-585.888	-754.316	168.4279	0.3942089	3.940183
48	-577.8948	-746.3441	168.4493	0.3942089	3.927943
54	-575.94	-744.0486	168.1085	0.3604027	4.141729
60	-567.7329	-736.2517	168.5189	0.1092856	4.051058
66	-568.6475	-737.1564	168.5089	0.06706625	4.080818
72	-566.621	-735.8719	169.2509	0.1158931	3.626344
78	-585.7359	-753.3082	167.5723	0.3230393	4.466258
84	-560.8325	-729.3216	168.4891	0.01080803	4.124125
90	-566.9324	-735.4851	168.5526	0.0007791134	4.093645
96	-557.9254	-726.4926	168.5672	0.0004621785	4.085512
102	-564.3761	-732.7824	168.4063	0.01737636	4.167443
108	-570.4213	-739.118	168.6967	0.006839146	4.007993
114	-582.8047	-751.5932	168.7885	0.01296933	3.952033
120	-576.486	-744.4905	168.0045	0.003525651	4.402757
126	-581.7309	-749.7327	168.0018	0.006163088	4.402757
132	-581.5443	-750.2178	168.6735	0.003212506	4.023342
138	-573.3821	-741.9743	168.5922	0.2047779	3.954568
144	-586.5531	-754.3409	167.7878	0.4076973	4.296809
150	-592.602	-761.5067	168.9047	0.3010508	3.719565
156	-577.6955	-746.4846	168.7891	0.5393292	3.64857
162	-574.155	-742.7134	168.5584	0.04718694	4.063928
168	-563.3681	-731.9065	168.5384	0.05673656	4.069871
174	-585.4467	-753.3516	167.9049	0.1592448	4.371079
180	-583.7982	-751.8141	168.0159	0.1337686	4.322764
186	-600.1804	-768.6319	168.4515	0.1662809	4.056948
192	-581.811	-748.273	166.462	0.4574411	5.011819
198	-574.8548	-742.5343	167.6795	0.3934813	4.366102
204	-575.4042	-743.5115	168.1073	0.2135878	4.225808
210	-577.9035	-746.7552	168.8517	0.1736807	3.823512
216	-583.9557	-752.728	168.7723	0.2530854	3.823512
222	-583.9009	-752.3183	168.4174	0.3921294	3.947404
228	-580.355	-749.4251	169.0701	0.4850701	3.51683
234	-574.0347	-743.3307	169.296	0.2391644	3.528484
240	-571.7066	-739.852	168.1454	0.7318678	3.908572
246	-577.1398	-745.6861	168.5463	0.2815158	3.936915
252	-581.7037	-749.5911	167.8874	0.366319	4.263848
258	-587.2918	-756.0869	168.7951	0.0539047	3.924792
264	-577.8828	-745.9995	168.1167	0.4159536	4.105487
270	-578.9952	-746.5514	167.5562	0.6510534	4.290163
276	-573.437	-741.0993	167.6623	0.2269436	4.469668
282	-578.4719	-746.2766	167.8047	0.2390401	4.382588
288	-585.0267	-753.3194	168.2927	0.01128273	4.235371
294	-572.7412	-740.6568	167.9156	0.1001153	4.398412
300	-572.7872	-740.8655	168.0783	0.2196203	4.238819
306	-569.1243	-737.3345	168.2103	0.08765004	4.238819
312	-572.6568	-740.7743	168.1175	0.3966354	4.116025
318	-587.5173	-756.2913	168.774	0.3966354	3.73985
324	-576.0879	-744.9882	168.9003	0.8270862	3.416191
330	-582.7238	-749.7142	166.9904	0.4846912	4.702109
336	-580.1518	-748.295	168.1432	0.3186659	4.145765
342	-586.1539	-754.4646	168.3107	0.1653211	4.137705
348	-585.9184	-752.8189	166.9005	0.2475675	4.884672
354	-582.348	-750.5923	168.2443	0.02283665	4.256283
360	-586.176	-753.5112	167.3353	0.1954296	4.670969
366	-580.6489	-749.2501	168.6011	0.4632411	3.801094
372	-574.9058	-743.5069	168.6011	0.4632411	3.801094
378	-569.2649	-738.4118	169.147	0.08350933	3.705288
384	-577.7336	-745.6098	167.8762	0.3765654	4.264408
390	-562.8262	-731.1353	168.3091	0.06170719	4.197464
396	-572.1427	-740.8305	168.6878	0.2236362	3.888974
402	-567.0321	-736.3576	169.3255	0.05167001	3.620369
408	-569.5237	-737.9493	168.4256	0.5761845	3.837115
414	-569.6833	-738.0048	168.3216	0.2187561	4.101105
420	-572.8857	-741.2972	168.4115	0.3067845	3.999583
426	-570.7507	-738.9997	168.249	0.3502987	4.067481
432	-576.1683	-744.5355	168.3672	0.07112827	4.159122
438	-567.4889	-735.413	167.9241	0.2304647	4.319995
444	-559.3183	-728.5666	169.2483	0.06897626	3.655085
450	-557.4576	-725.2508	167.7932	0.08165991	4.477789
456	-564.0392	-732.6887	168.6496	0.1238248	3.96808
462	-578.2272	-745.9559	167.7287	0.1048905	4.50099
468	-569.799	-736.7679	166.9689	0.1357202	4.908863
474	-571.7921	-740.436	168.6439	0.3558479	3.838285
480	-580.0836	-749.6722	169.5886	0.4020449	3.26141
486	-574.9225	-743.8398	168.9173	0.222335	3.757745
492	-570.7809	-740.061	169.2801	0.1228895	3.605364
498	-567.1877	-736.0368	168.8491	0.1626201	3.83138
504	-577.0527	-745.7257	168.673	0.338758	3.83138
510	-568.0111	-736.7211	168.71	0.1460208	3.920749
516	-573.5948	-741.747	168.1523	0.226332	4.193053
522	-568.9823	-738.1079	169.1255	0.0610464	3.730632
528	-585.6882	-754.2503	168.562	0.5521591	3.772391
534	-566.1572	-735.5202	169.363	0.3878764	3.40244
540	-569.407	-739.0736	169.6666	0.3634981	3.238099
546	-572.9437	-741.9519	169.0081	0.2471572	3.690934
552	-566.5215	-734.7346	168.2131	0.08564402	4.238345
558	-577.3776	-746.146	168.7684	0.1684373	3.874427
564	-568.3525	-736.0571	167.7046	0.2883455	4.411231
570	-563.2541	-731.6787	168.4246	0.2428394	4.028617
576	-562.1845	-730.1371	167.9526	0.1690054	4.338619
582	-571.1492	-738.8824	167.7332	0.4996828	4.275683
588	-554.9124	-723.9091	168.9967	0.2060259	3.721313
594	-563.1226	-732.1076	168.985	0.2177531	3.721313
600	-568.6959	-737.7292	169.0333	0.009266655	3.813659
606	-572.1632	-740.1975	168.0343	0.008151584	4.383338
612	-560.4798	-729.5287	169.0489	0.001113869	3.809388
618	-556.1409	-724.6369	168.496	0.009113106	4.121137
624	-572.9255	-740.9655	168.04	0.3395695	4.192508
630	-566.844	-735.3974	168.5534	0.1956438	3.982002
636	-565.0278	-733.6022	168.5744	0.4199271	3.84138
642	-573.4456	-740.9672	167.5217	0.2229501	4.551006
648	-580.2421	-748.4424	168.2003	0.4098828	4.061302
654	-579.9899	-748.7321	168.7422	0.2269967	3.855809
660	-573.5666	-741.8152	168.2486	0.2269967	4.137971
666	-585.5965	-753.962	168.3655	0.1100214	4.137971
672	-579.6347	-748.078	168.4433	0.1444931	4.074081
678	-584.4119	-753.0175	168.6056	0.1444931	3.981427
684	-578.3442	-746.2677	167.9235	0.1573486	4.361617
690	-579.8538	-747.9893	168.1354	0.03090737	4.313322
696	-579.0121	-747.8187	168.8066	0.475373	3.6755
702	-568.4323	-736.464	168.0317	0.2942793	4.222936
708	-572.0451	-740.0237	167.9786	0.3473803	4.222936
714	-579.1173	-746.4456	167.3283	0.3473803	4.589712
720	-567.0981	-735.5536	168.4555	0.1488838	4.064598
726	-573.8114	-741.1292	167.3178	0.2034848	4.676272
732	-564.183	-732.7999	168.6169	0.2040385	3.940879
738	-562.8031	-730.5306	167.7275	0.1900615	4.453735
744	-565.8956	-734.3902	168.4946	0.3842539	3.907704
750	-566.6348	-735.0774	168.4426	0.245278	4.016968
756	-569.0446	-738.0899	169.0453	0.245278	3.670493
762	-569.8616	-737.4496	167.588	0.245278	4.501177
768	-564.0557	-732.3015	168.2459	0.1895163	4.160802
774	-571.6179	-738.1592	166.5413	0.3646626	5.019333
780	-571.5964	-740.3246	168.7282	0.1457317	3.910488
786	-584.9139	-754.0015	169.0876	0.2227199	3.659096
792	-583.0459	-749.8455	166.7996	0.3785496	4.867914
798	-590.2786	-758.6162	168.3377	0.3993176	3.988914
804	-590.9364	-759.5771	168.6407	0.4484406	3.786849
810	-573.1682	-741.4189	168.2507	0.1367673	4.188016
816	-570.358	-738.6536	168.2956	0.08026484	4.194604
822	-563.559	-731.893	168.3339	0.5058647	3.930064
828	-573.744	-742.3525	168.6084	0.3970239	3.834992
834	-565.7157	-734.4756	168.7599	0.07526476	3.932729
840	-569.6512	-738.6303	168.9791	0.009650385	3.844627
846	-564.9408	-732.6329	167.6921	0.0268211	4.565412
852	-570.8936	-739.4661	168.5724	0.3348952	3.891355
858	-591.4972	-759.9369	168.4398	0.4675629	3.891355
864	-570.4443	-736.9566	166.5123	0.3464119	5.045533
870	-570.1515	-736.6459	166.4945	0.416217	5.016684
876	-570.3868	-739.1281	168.7413	0.07230408	3.945066
882	-561.8754	-730.9743	169.0989	0.1274156	3.707699
888	-569.0825	-737.3818	168.2993	0.6550805	3.864361
894	-577.5634	-746.7088	169.1454	0.5048417	3.461342
900	-575.2683	-742.9032	167.6349	0.101115	4.555831
906	-587.3442	-755.4692	168.1251	0.01278044	4.329442
912	-585.1984	-754.3633	169.1648	0.01471498	3.7347
918	-573.7535	-742.313	168.5595	0.1528977	4.002985
924	-569.6592	-738.3813	168.7221	0.1722605	3.898797
930	-587.9708	-757.3807	169.4099	0.5626748	3.272042
936	-576.9788	-745.8698	168.891	0.2619648	3.750029
942	-581.5543	-750.0669	168.5126	0.4253184	3.873807
948	-584.1036	-752.7003	168.5968	0.4253184	3.825423
954	-582.9615	-752.3074	169.3458	0.5976436	3.289228
960	-576.893	-745.6545	168.7616	0.2888418	3.809147
966	-560.4853	-728.4642	167.9789	0.4397979	4.170292
972	-555.6362	-723.6233	167.9871	0.3466958	4.218482
978	-564.1374	-732.6176	168.4802	0.3790686	3.918939
984	-552.7285	-721.4045	168.6761	0.1831393	3.918939
990	-555.8328	-723.9021	168.0693	0.01250932	4.36108
996	-553.7057	-722.4375	168.7317	0.03651946	3.971022
1002	-567.2563	-735.3233	168.067	0.1599	4.279061
1008	-560.5783	-729.7198	169.1415	0.007188841	3.75251
1014	-559.9643	-729.6057	169.6414	0.04417258	3.440681
1020	-568.4701	-737.1386	168.6685	0.04084312	4.004726
1026	-559.3694	-727.6836	168.3142	0.395089	4.004726
1032	-564.6934	-732.8164	168.123	0.1221681	4.268709
1038	-565.268	-733.9279	168.6598	0.2515688	3.889023
1044	-579.9903	-747.3147	167.3244	0.2694812	4.635558
1050	-581.1128	-750.0876	168.9748	0.0900147	3.800848
1056	-573.13	-742.0007	168.8707	0.404341	3.679496
1062	-566.0565	-734.4536	168.3971	0.392917	3.958582
1068	-573.0308	-741.5255	168.4947	0.2080184	4.008487
1074	-582.6436	-750.3893	167.7458	0.442373	4.300998
1080	-585.3366	-752.9581	167.6215	0.3237272	4.438156
1086	-584.6122	-753.1407	168.5285	0.4801902	3.833129
1092	-581.5251	-748.4821	166.957	0.4476086	4.741492
1098	-566.422	-734.9928	168.5708	0.17341	3.984789
1104	-565.9537	-735.0239	169.0702	0.2215661	3.669828
1110	-560.577	-729.3837	168.8067	0.09746101	3.893167
1116	-563.7743	-731.6969	167.9226	0.3123777	4.274486
1122	-566.0007	-734.3884	168.3877	0.07323908	4.146294
1128	-556.2726	-725.2659	168.9933	0.1575456	3.751256
1134	-562.5239	-732.2422	169.7184	0.2447336	3.277663
1140	-558.9381	-726.866	167.9278	0.2430908	4.310726
1146	-566.702	-735.8264	169.1244	0.1865968	3.658687
1152	-565.7291	-734.7697	169.0406	0.2703631	3.658687
1158	-572.2424	-738.8862	166.6437	0.2060347	5.050505
1164	-570.8023	-737.5544	166.752	0.3336042	4.919414
1170	-573.6473	-741.5163	167.869	0.09153664	4.429511
1176	-577.0995	-745.5178	168.4183	0.3822372	3.952549
1182	-557.087	-725.2886	168.2016	0.04038262	4.270526
1188	-563.3552	-731.5619	168.2067	0.01658095	4.281101
1194	-549.0908	-717.2643	168.1735	0.04980191	4.281101
1200	-566.292	-733.8577	167.5657	0.4889355	4.376454
1206	-569.1184	-738.5094	169.391	0.2204917	3.48399
1212	-558.9164	-727.1861	168.2697	0.4247109	4.013217
1218	-564.6431	-733.5874	168.9444	0.3179698	3.68686
1224	-578.7185	-746.7206	168.0021	0.563221	4.086852
1230	-573.8212	-741.8233	168.0021	0.563221	4.086852
1236	-576.9706	-744.9175	167.947	0.563221	4.118254
1242	-568.6477	-738.1973	169.5496	0.4098194	3.279848
1248	-573.7109	-740.4942	166.7833	0.4423201	4.841453
1254	-577.534	-744.7227	167.1887	0.4886457	4.58879
1260	-579.449	-746.1568	166.7078	0.3784841	4.919064
1266	-570.732	-738.3023	167.5703	0.3888267	4.430309
1272	-584.7085	-752.0976	167.3891	0.5700301	4.430309
1278	-591.345	-758.7197	167.3747	0.5843947	4.430309
1284	-576.9303	-745.3491	168.4188	0.2121661	4.049468
1290	-587.6311	-754.944	167.3129	0.1162747	4.727776
1296	-575.5105	-743.6664	168.1559	0.08336252	4.272076
1302	-581.805	-750.9659	169.1609	0.1635965	3.650869
1308	-582.9546	-751.3536	168.399	0.04002872	4.15872
1314	-567.4615	-735.8749	168.4134	0.09043295	4.121887
1320	-558.5357	-727.5904	169.0547	0.03156021	3.788471
1326	-571.2833	-740.8162	169.533	0.1631359	3.434538
1332	-570.5755	-740.0098	169.4344	0.0610964	3.551596
1338	-567.3101	-736.2109	168.9008	0.02150623	3.882763
1344	-569.5738	-736.9433	167.3696	0.185146	4.657518
1350	-594.0685	-761.7219	167.6534	0.4934617	4.324344
1356	-579.2194	-747.028	167.8087	0.09551744	4.461253
1362	-596.0294	-764.7109	168.6814	0.5672838	3.694749
1368	-571.0223	-739.7037	168.6814	0.5672838	3.694749
1374	-571.6237	-740.9036	169.2799	0.3131311	3.494733
1380	-586.0813	-754.7721	168.6908	0.182695	3.910752
1386	-576.7289	-744.8321	168.1032	0.1898809	4.241542
1392	-574.5184	-743.1251	168.6067	0.1824632	3.959087
1398	-580.5732	-749.2464	168.6732	0.09003253	3.973882
1404	-570.0102	-738.5236	168.5134	0.151607	4.030021
1410	-569.9573	-736.9262	166.9689	0.08481209	4.937192
1416	-578.9353	-746.9985	168.0632	0.072993	4.330383
1422	-578.5437	-745.843	167.2993	0.01450595	4.792213
1428	-567.7922	-736.3737	168.5815	0.1838069	3.972698
1434	-564.6558	-732.4137	167.7579	0.1680992	4.448989
1440	-570.8712	-739.2639	168.3926	0.4286558	3.940667
1446	-574.3506	-742.4991	168.1485	0.2622574	4.174795
1452	-568.5032	-737.0629	168.5597	0.4492413	3.833016
1458	-574.3083	-741.5878	167.2795	0.6790954	4.430612
1464	-572.0455	-739.9426	167.8972	0.2809361	4.306661
1470	-586.026	-754.195	168.169	0.2325722	4.180023
1476	-578.0357	-746.0996	168.064	0.4964279	4.089687
1482	-601.6922	-768.7377	167.0456	0.7464329	4.524391
1488	-603.3795	-770.0783	166.6988	0.7587627	4.711902
1494	-567.6825	-735.9224	168.2399	0.02592088	4.257005
1500	-580.3889	-749.3248	168.9359	0.01991991	3.8635
1506	-562.6731	-730.5442	167.871	0.259531	4.333548
1512	-576.7962	-744.6605	167.8643	0.2662519	4.333548
1518	-568.9601	-736.4849	167.5248	0.3388191	4.484096
1524	-560.0256	-729.8116	169.786	0.1633202	3.285802
1530	-566.1411	-734.7282	168.587	0.223836	3.946646
1536	-587.1977	-754.9373	167.7396	0.1011614	4.496976
1542	-571.1804	-741.0719	169.8915	0.1146727	3.252198
1548	-579.6446	-748.0151	168.3705	0.1348559	4.121037
1554	-576.9535	-744.7758	167.8223	0.1363352	4.430581
1560	-582.5144	-750.2638	167.7494	0.2931162	4.383271
1566	-577.6246	-746.1724	168.5478	0.01449355	4.088572
1572	-573.4702	-742.6696	169.1995	0.01152145	3.716539
1578	-567.9055	-735.9591	168.0536	0.4064791	4.146773
1584	-573.2337	-741.7063	168.4726	0.402615	3.909776
1590	-557.1608	-725.7635	168.6027	0.4806023	3.790212
1596	-558.5188	-725.2654	166.7466	0.4806023	4.840528
1602	-562.7771	-731.3641	168.5869	0.551924	3.758185
1608	-555.0164	-722.7396	167.7232	0.2061288	4.447101
1614	-567.7674	-737.48	169.7126	0.1224251	3.35304
1620	-572.1105	-740.9945	168.8839	0.1217817	3.834849
1626	-576.4443	-744.9198	168.4755	0.4386243	3.887434
1632	-572.8157	-741.4678	168.6521	0.2371761	3.901698
1638	-582.0655	-750.5933	168.5278	0.3406138	3.913675
1644	-570.8348	-739.5301	168.6953	0.3962475	3.78547
1650	-582.4742	-750.8601	168.3859	0.0413445	4.165441
1656	-581.3211	-749.348	168.0269	0.4003005	4.165441
1662	-573.0799	-741.1599	168.08	0.1612971	4.270931
1668	-570.8382	-738.6791	167.8409	0.1146312	4.432336
1674	-581.34	-750.9922	169.6522	0.2098803	3.337153
1680	-569.6093	-737.9896	168.3802	0.3802423	3.975479
1686	-585.6887	-754.4706	168.7819	0.717997	3.549032
1692	-568.5563	-737.9264	169.3701	0.3771106	3.404592
1698	-581.6215	-749.2568	167.6353	0.2434968	4.475532
1704	-575.4605	-743.9531	168.4926	0.1128314	4.064002
1710	-572.3203	-741.3032	168.9829	0.1470941	3.763277
1716	-579.1705	-746.7256	167.5552	0.5780638	4.332055
1722	-566.983	-735.309	168.326	0.1558541	4.134377
1728	-588.5316	-757.2179	168.6862	0.4536906	3.757565
1734	-571.2821	-740.5801	169.298	0.4059752	3.429935
1740	-580.6388	-748.9086	168.2698	0.600548	3.912538
1746	-572.4611	-741.612	169.1509	0.06225744	3.715271
1752	-575.0893	-743.607	168.5177	0.01562808	4.105088
1758	-577.4593	-745.8459	168.3865	0.1467895	4.105088
1764	-572.6078	-740.3222	167.7144	0.4311892	4.325064
1770	-583.0939	-750.162	167.0681	0.2149146	4.809426
1776	-580.3834	-748.9284	168.545	0.3000648	3.927071
1782	-569.4152	-738.2783	168.8632	0.2402086	3.778637
1788	-558.1106	-727.0053	168.8947	0.2086289	3.778637
1794	-577.2555	-745.4747	168.2192	0.1447466	4.201376
1800	-583.5279	-752.2644	168.7365	0.1698998	3.891875
1806	-586.3467	-754.9613	168.6146	0.2796673	3.898855
1812	-582.4238	-751.2802	168.8564	0.2951831	3.750836
1818	-579.1532	-748.1526	168.9994	0.1042493	3.778451
1824	-588.6847	-756.3924	167.7076	0.3612197	4.368415
1830	-582.9047	-749.3364	166.4316	0.3037396	5.113935
1836	-575.6023	-742.7667	167.1643	0.0821098	4.829822
1842	-575.8738	-745.0998	169.226	0.276467	3.547543
1848	-572.877	-740.9615	168.0845	0.2599546	4.212446
1854	-568.3237	-737.4941	169.1705	0.01062593	3.733819
1860	-574.0638	-742.9776	168.9138	0.05423355	3.856528
1866	-566.9861	-734.2824	167.2963	0.08044396	4.757067
1872	-571.33	-739.1281	167.7981	0.2885065	4.358415
1878	-574.0488	-740.3493	166.3004	0.5350886	5.058397
1884	-575.0133	-742.8088	167.7955	0.1400663	4.443589
1890	-580.5561	-749.306	168.7498	0.3338305	3.789983
1896	-567.9084	-736.2452	168.3368	0.3783059	4.001422
1902	-571.8158	-740.241	168.4252	0.289879	4.001422
1908	-586.5826	-754.3393	167.7567	0.08033073	4.499036
1914	-575.2354	-742.4767	167.2413	0.3542452	4.634671
1920	-567.8718	-736.5855	168.7137	0.1862225	3.895578
1926	-568.2948	-737.202	168.9071	0.2407658	3.752964
1932	-566.3321	-734.5642	168.2322	0.03404368	4.256802
1938	-564.2761	-732.5221	168.246	0.02017097	4.256802
1944	-570.0643	-738.5816	168.5173	0.2215006	3.987863
1950	-577.9977	-745.4826	167.4849	0.4607347	4.437938
1956	-580.359	-748.3616	168.0026	0.475007	4.136774
1962	-567.342	-735.6342	168.2922	0.9064609	3.723638
1968	-568.8788	-738.3068	169.4281	0.3931663	3.361154
1974	-577.9303	-746.1037	168.1735	0.4153768	4.07347
1980	-573.1359	-741.9839	168.848	0.1750288	3.824921
1986	-587.2935	-756.6244	169.3308	0.2098654	3.525263
1992	-589.0563	-757.4277	168.3714	0.09342784	4.144081
1998	-582.4451	-751.1704	168.7253	0.3658386	3.785663
2004	-570.2598	-737.5253	167.2655	0.2653697	4.670889
2010	-591.3864	-759.2949	167.9085	0.3120718	4.282644
2016	-575.3304	-744.1655	168.8351	0.05423797	3.901663
2022	-582.6207	-751.1508	168.5301	0.1018499	4.048881
2028	-575.9553	-744.3762	168.4209	0.2110647	4.048881
2034	-581.3668	-750.5263	169.1596	0.218521	3.619804
2040	-577.5656	-745.7378	168.1722	0.4554121	4.051369
2046	-577.5259	-744.3316	166.8058	0.7293121	4.668518
2052	-576.0622	-744.8866	168.8243	0.5791468	3.605068
2058	-570.8443	-739.5533	168.709	0.389238	3.781576
2064	-571.576	-740.7603	169.1843	0.3550132	3.526062
2070	-571.6777	-740.0146	168.337	0.3279265	4.030075
2076	-565.0175	-733.2494	168.2318	0.1140224	4.211631
2082	-576.0469	-744.5558	168.5089	0.3362326	3.927021
2088	-576.5482	-742.953	166.4047	0.2795907	5.142223
2094	-576.9355	-745.6945	168.7591	0.2672077	3.823024
2100	-582.0849	-748.5943	166.5093	0.2672077	5.091127
2106	-577.5708	-745.8113	168.2404	0.09937835	4.215063
2112	-567.1382	-735.7744	168.6362	0.1731071	3.947533
2118	-567.5927	-736.6924	169.0998	0.09238577	3.727414
2124	-578.3597	-747.4205	169.0608	0.1313963	3.727414
2130	-571.3092	-739.8427	168.5335	0.01366115	4.097215
2136	-560.9387	-730.0516	169.1129	0.03144726	3.755018
2142	-564.817	-732.1358	167.3188	0.2980787	4.622683
2148	-569.9932	-738.3036	168.3104	0.1036384	4.172933
2154	-565.3908	-734.3337	168.9429	0.1938415	3.759428
2160	-562.1355	-730.8927	168.7572	0.2385108	3.84061
2166	-566.9829	-734.1793	167.1964	0.1747412	4.760223
2172	-570.6853	-739.416	168.7307	0.203128	3.876151
2178	-562.7418	-731.2788	168.5371	0.3967683	3.876151
2184	-563.7043	-731.4138	167.7095	0.3967683	4.34726
2190	-568.4752	-737.1925	168.7173	0.6985763	3.597872
2196	-572.1633	-741.0739	168.9106	0.1691726	3.792225
2202	-578.8661	-748.0617	169.1956	0.177045	3.622985
2208	-570.6519	-739.8325	169.1806	0.1361996	3.655353
2214	-562.3551	-731.5035	169.1485	0.1682737	3.655353
2220	-562.8298	-730.9547	168.1249	0.02262845	4.32398
2226	-566.8399	-735.1566	168.3167	0.0302623	4.211017
2232	-567.9471	-735.8187	167.8715	0.726177	4.068413
2238	-569.5648	-737.0327	167.4679	0.6276846	4.353328
2244	-576.5789	-745.3806	168.8018	0.6276846	3.58999
2250	-577.5723	-745.4076	167.8353	0.4828413	4.227337
2256	-578.0106	-747.8317	169.8211	0.05840363	3.326938
2262	-578.0223	-746.2455	168.2231	0.03548521	4.261087
2268	-566.9174	-735.1777	168.2603	0.01069078	4.254093
2274	-576.8198	-745.2891	168.4693	0.06514045	4.104468
2280	-577.5653	-745.6793	168.1139	0.3280263	4.157063
2286	-568.7015	-735.8154	167.1139	0.2440207	4.767625
2292	-581.7302	-750.4598	168.7296	0.6714833	3.60646
2298	-584.9797	-753.5327	168.553	0.2049426	3.976952
2304	-573.0996	-739.846	166.7464	0.2032927	4.994993
2310	-581.5799	-748.5532	166.9734	0.2032927	4.868718
2316	-581.2695	-748.8874	167.6179	0.5401323	4.318029
2322	-577.8251	-746.1911	168.366	0.5578514	3.881873
2328	-594.7077	-762.3557	167.648	0.2069637	4.488958
2334	-593.473	-759.9279	166.4549	0.2535839	5.128842
2340	-587.3886	-755.3388	167.9503	0.1656869	4.341818
2346	-573.3458	-741.2317	167.8859	0.2778877	4.314748
2352	-567.0498	-735.8343	168.7845	0.2778877	3.802253
2358	-566.5807	-735.4846	168.9039	0.158491	3.802253
2364	-581.0867	-750.2463	169.1596	0.3405234	3.548879
2370	-570.7575	-738.6776	167.92	0.09920655	4.396424
2376	-573.8714	-743.4677	169.5964	0.2824312	3.327321
2382	-573.1356	-741.8955	168.7599	0.4582426	3.712399
2388	-575.9686	-743.974	168.0054	0.3534652	4.204246
2394	-579.4625	-747.5471	168.0846	0.2130941	4.238949
2400	-573.3217	-740.1991	166.8774	0.4469742	4.786311
2406	-581.6745	-749.6978	168.0233	0.4469742	4.140985
2412	-587.1114	-756.1839	169.0724	0.6744183	3.404812
2418	-585.4436	-753.207	167.7634	0.1262491	4.469472
2424	-575.0022	-743.3601	168.3579	0.07010115	4.164976
2430	-571.8583	-740.0019	168.1436	0.2880425	4.162913
2436	-579.7095	-747.6602	167.9507	0.4898815	4.157848
2442	-575.6416	-743.8215	168.1799	0.3193948	4.124461
2448	-579.9475	-748.5069	168.5594	0.2034697	3.974128
2454	-579.6511	-748.2827	168.6316	0.07990061	4.003483
2460	-580.3599	-748.2366	167.8766	0.06137051	4.442223
2466	-570.5988	-739.6866	169.0878	0.01235321	3.780482
2472	-569.9419	-738.7295	168.7877	0.2289018	3.828607
2478	-570.5759	-739.6084	169.0325	0.2066911	3.700227
2484	-576.9801	-745.8006	168.8205	0.2477475	3.798873
2490	-573.5244	-741.2336	167.7092	0.1705579	4.475038
2496	-572.1918	-740.7349	168.5431	0.04304715	4.075013
2502	-571.8003	-740.4185	168.6181	0.2249355	3.928191
2508	-571.3058	-740.1469	168.8411	0.2645046	3.777373
2514	-565.9153	-734.7303	168.8151	0.07402887	3.90182
2520	-571.3701	-739.3311	167.961	0.4865075	4.15393
2526	-583.2661	-751.9939	168.7278	0.3019304	3.821037
2532	-584.0402	-752.1297	168.0894	0.4240735	4.116373
2538	-589.401	-757.3986	167.9977	0.2320579	4.277459
2544	-568.3119	-737.7845	169.4726	0.07157781	3.52323
2550	-575.4302	-744.1798	168.7496	0.02867915	3.965287
2556	-585.5941	-752.7981	167.204	0.08194216	4.80778
2562	-563.9242	-731.8951	167.9709	0.155787	4.335737
2568	-557.8601	-726.3661	168.5061	0.236943	3.985471
2574	-562.0655	-730.3305	168.265	0.2670389	4.105831
2580	-568.9957	-736.5649	167.5692	0.1088239	4.588368
2586	-574.3616	-741.879	167.5174	0.1917963	4.570899
2592	-569.9709	-738.0667	168.0958	0.08040963	4.307741
2598	-572.4872	-740.6862	168.199	0.1156752	4.229351
2604	-576.2699	-744.4789	168.209	0.4125353	4.054828
2610	-566.7584	-734.9547	168.1962	0.1951877	4.185777
2616	-582.1877	-749.1017	166.914	0.5697109	4.697296
2622	-571.2304	-739.4909	168.2605	0.2569223	4.114163
2628	-575.2499	-743.7379	168.488	0.2588343	3.98329
2634	-584.6271	-752.7007	168.0736	0.233438	4.23363
2640	-579.54	-746.9633	167.4233	0.1792017	4.630746
2646	-576.1542	-745.2076	169.0534	0.1957138	3.694507
2652	-581.9125	-750.5878	168.6752	0.1633329	3.930775
2658	-567.8897	-736.2801	168.3903	0.07088919	4.146117
2664	-572.7887	-742.4803	169.6917	0.04104669	3.413104
2670	-572.2913	-740.8724	168.5811	0.2031617	3.961881
2676	-577.5831	-745.0093	167.4262	0.3014478	4.560515
2682	-584.9899	-751.5761	166.5863	0.1356643	5.121377
2688	-575.3787	-743.1766	167.7979	0.2919007	4.356558
2694	-576.0053	-743.4192	167.4139	0.1354547	4.660548
2700	-563.7931	-731.7797	167.9866	0.05906083	4.381485
2706	-569.8512	-738.4567	168.6055	0.1711298	3.966235
2712	-568.6946	-737.1831	168.4885	0.1731388	4.031955
2718	-567.528	-736.1597	168.6317	0.1730665	3.950148
2724	-573.2277	-742.5143	169.2866	0.04827519	3.644871
2730	-580.6031	-748.5605	167.9574	0.06978473	4.391961
2736	-583.1782	-751.3484	168.1702	0.0173005	4.301349
2742	-571.6301	-739.7769	168.1468	0.002032735	4.323235
2748	-580.3839	-749.0242	168.6404	0.193419	3.933503
2754	-590.8662	-760.0601	169.1939	0.04475073	3.700558
2760	-572.1192	-740.0933	167.974	0.1492274	4.337682
2766	-570.1991	-739.0431	168.844	0.5114312	3.632935
2772	-577.4036	-746.3357	168.9321	0.5114312	3.5818
2778	-572.5628	-740.8394	168.2766	0.1499063	4.165841
2784	-571.9795	-740.2249	168.2454	0.4983173	3.985064
2790	-561.4462	-729.1214	167.6752	0.4430886	4.340472
2796	-574.3803	-743.1282	168.7479	0.4296758	3.735824
2802	-574.5404	-743.0872	168.5468	0.5182213	3.800721
2808	-569.4544	-737.4015	167.9471	0.08732481	4.387838
2814	-568.7061	-737.6422	168.9361	0.4241081	3.63018
2820	-570.4822	-739.5354	169.0532	0.1485709	3.72185
2826	-578.3697	-746.6271	168.2574	0.03873518	4.239863
2832	-588.8983	-756.1443	167.246	0.1751642	4.732249
2838	-580.1522	-748.1803	168.0282	0.5087244	4.103056
2844	-564.7488	-732.3318	167.5829	0.3501708	4.444968
2850	-572.7577	-740.9944	168.2367	0.3129748	4.095809
2856	-569.0881	-737.5245	168.4364	0.5177092	3.864507
2862	-570.6556	-738.7011	168.0455	0.09001216	4.330732
2868	-567.4379	-735.5379	168.1	0.1658722	4.257003
2874	-568.1701	-736.3684	168.1983	0.06751712	4.257003
2880	-580.2062	-748.1654	167.9592	0.02255937	4.41757
2886	-573.7377	-742.1968	168.4591	0.2824596	3.986319
2892	-575.559	-744.1069	168.548	0.1535611	4.009155
2898	-579.9204	-748.1189	168.1986	0.5348258	3.990958
2904	-591.1769	-759.3227	168.1458	0.5348258	4.021124
2910	-573.1964	-742.1519	168.9555	0.06042244	3.828995
2916	-577.4592	-745.2419	167.7828	0.07368168	4.488128
2922	-559.4784	-728.5763	169.0978	0.1600945	3.689406
2928	-560.9905	-730.565	169.5746	0.04377205	3.479994
2934	-576.7221	-744.8618	168.1397	0.003854801	4.326191
2940	-575.5011	-744.8949	169.3938	0.0602574	3.575694
2946	-583.8414	-751.9903	168.1489	0.6010872	3.981484
2952	-578.3534	-746.2196	167.8662	0.5309013	4.182559
2958	-582.0644	-750.2253	168.1608	0.2851517	4.15477
2964	-577.439	-745.629	168.1901	0.2559196	4.15477
2970	-579.5273	-748.831	169.3037	0.2559196	3.514268
2976	-571.7498	-739.2207	167.4709	0.3969175	4.481723
2982	-569.3122	-738.5654	169.2532	0.3895933	3.465674
2988	-566.7063	-735.3305	168.6242	0.3505801	3.852635
2994	-569.5267	-737.9196	168.3929	0.3035057	4.012109
3000	-568.1694	-736.7244	168.555	0.1413568	4.012109
3006	-571.4979	-740.638	169.1402	0.4223168	3.512573
3012	-560.9908	-730.5814	169.5906	0.3698059	3.27925
3018	-562.6892	-731.0238	168.3346	0.3462397	4.020963
3024	-558.7137	-726.7304	168.0167	0.04584287	4.371993
3030	-564.5593	-733.6148	169.0556	0.2512915	3.661093
3036	-559.1144	-728.2139	169.0995	0.2873705	3.614726
3042	-566.9835	-734.3539	167.3705	0.3321207	4.574613
3048	-558.769	-727.6753	168.9063	0.4456277	3.634962
3054	-562.571	-731.1277	168.5567	0.4523338	3.83293
3060	-560.9921	-730.1283	169.1363	0.1400441	3.678778
3066	-563.9787	-733.3781	169.3994	0.4636933	3.336537
3072	-572.5471	-740.9303	168.3833	0.1336304	4.114448
3078	-556.6734	-725.3766	168.7032	0.3904417	3.784256
3084	-560.8163	-729.9856	169.1693	0.1940085	3.628354
3090	-570.2287	-738.225	167.9963	0.1985898	4.297153
3096	-582.9764	-751.9424	168.966	0.1625888	3.764099
3102	-572.6777	-740.5994	167.9218	0.1209483	4.383168
3108	-576.242	-744.9342	168.6922	0.1554064	3.925588
3114	-561.34	-729.1399	167.7999	0.3154997	4.342106
3120	-559.5283	-727.5389	168.0106	0.06231526	4.366101
3126	-559.7396	-728.9304	169.1908	0.06231526	3.692181
3132	-567.8006	-736.0283	168.2277	0.05149422	4.249457
3138	-573.6792	-742.675	168.9958	0.006713176	3.836668
3144	-569.7154	-738.5029	168.7876	0.3628791	3.751497
3150	-556.4332	-725.5316	169.0984	0.05200713	3.751497
3156	-563.4601	-731.8107	168.3506	0.157129	4.119636
3162	-570.3707	-738.8516	168.4808	0.157129	4.045471
3168	-577.4331	-744.8254	167.3924	0.1169757	4.68294
3174	-570.0217	-737.5996	167.5779	0.1439319	4.563799
3180	-567.5489	-735.982	168.4331	0.06710517	4.123956
3186	-576.3303	-744.7625	168.4322	0.06710517	4.124474
3192	-579.4295	-747.9678	168.5383	0.4080401	3.86896
3198	-571.6368	-739.7868	168.1499	0.4080401	4.091047
3204	-573.6387	-742.4022	168.7635	0.4702966	3.703368
3210	-564.0496	-732.8992	168.8496	0.1098835	3.861419
3216	-575.2529	-743.9287	168.6758	0.2836521	3.861419
3222	-578.1902	-746.8291	168.6389	0.03931739	4.02248
3228	-577.3868	-745.302	167.9151	0.1581833	4.365901
3234	-593.3435	-761.8257	168.4822	0.02386762	4.120635
3240	-593.2956	-762.312	169.0164	0.2308247	3.695573
3246	-577.6142	-746.751	169.1368	0.04973503	3.730686
3252	-572.931	-740.309	167.378	0.3008055	4.587931
3258	-580.462	-749.7238	169.2618	0.2746379	3.527749
3264	-576.8925	-745.4165	168.524	0.3592856	3.905155
3270	-587.1776	-755.4783	168.3007	0.1633413	4.144517
3276	-591.1337	-759.6689	168.5352	0.08697738	4.05445
3282	-581.0295	-749.3389	168.3095	0.5309179	3.929739
3288	-578.5629	-746.8534	168.2905	0.3220977	4.059918
3294	-577.1191	-744.5669	167.4478	0.3986579	4.49373
3300	-592.7029	-759.8437	167.1408	0.2468158	4.751019
3306	-582.2976	-749.1961	166.8986	0.4644609	4.764741
3312	-582.8168	-751.1	168.2833	0.2579147	4.100614
3318	-583.977	-752.082	168.105	0.4361568	4.100614
3324	-600.5498	-769.4185	168.8687	0.4361568	3.662228
3330	-591.8293	-758.9302	167.1008	0.4369499	4.667
3336	-588.4004	-756.5612	168.1608	0.112762	4.252609
3342	-585.3871	-754.0519	168.6649	0.1510608	3.943745
3348	-605.5797	-773.2558	167.6761	0.1173955	4.523548
3354	-585.9024	-753.6394	167.737	0.4704167	4.290088
3360	-581.7406	-749.7512	168.0107	0.1967279	4.290088
3366	-569.5077	-738.3451	168.8374	0.2264437	3.80139
3372	-564.555	-733.9189	169.3639	0.5852308	3.285916
3378	-564.4122	-732.5005	168.0883	0.1741727	4.258911
3384	-574.7318	-743.3857	168.6539	0.4622737	3.771272
3390	-577.2058	-744.9913	167.7855	0.1525008	4.442238
3396	-588.6652	-756.721	168.0559	0.2373112	4.241518
3402	-581.6222	-750.2472	168.6249	0.1500247	3.967184
3408	-579.5032	-748.2981	168.7949	0.1149908	3.88988
3414	-572.8998	-740.4812	167.5813	0.1827284	4.540085
3420	-580.3097	-748.1414	167.8317	0.1147314	4.437454
3426	-578.9381	-746.8302	167.8921	0.05431347	4.437454
3432	-578.3228	-745.5646	167.2418	0.3888759	4.614972
3438	-577.3454	-746.0052	168.6598	0.1915876	3.923424
3444	-572.7817	-741.4091	168.6274	0.1452307	3.968551
3450	-594.7671	-763.0944	168.3273	0.1314162	4.147519
3456	-588.9893	-756.5542	167.5649	0.6114331	4.307657
3462	-569.0728	-737.642	168.5692	0.4152914	3.84703
3468	-580.7868	-749.4223	168.6355	0.03069566	4.029321
3474	-584.5095	-751.8695	167.36	0.1821546	4.664585
3480	-582.7692	-751.8104	169.0413	0.1202978	3.745086
3486	-573.3592	-741.7035	168.3443	0.340036	4.018997
3492	-568.0028	-736.7123	168.7094	0.1310422	3.929676
3498	-559.9182	-728.3223	168.4041	0.4831415	3.902893
3504	-568.59	-737.7289	169.1389	0.3233739	3.570927
3510	-564.0226	-732.0665	168.0439	0.3233739	4.199502
3516	-568.8233	-736.7764	167.953	0.2003896	4.320646
3522	-572.5557	-741.2476	168.6919	0.6550123	3.637907
3528	-577.7193	-746.6807	168.9614	0.1469314	3.775806
3534	-582.0265	-750.531	168.5046	0.4773572	3.84852
3540	-558.1897	-727.0516	168.8619	0.05881284	3.883699
3546	-563.4246	-732.507	169.0824	0.03078446	3.772982
3552	-570.8409	-739.8886	169.0477	0.06549382	3.772982
3558	-562.3117	-732.1957	169.8841	0.1723541	3.222514
3564	-576.551	-744.7996	168.2485	0.5078187	3.97783
3570	-577.2197	-745.6659	168.4461	0.295796	3.986073
3576	-574.0721	-742.8038	168.7317	0.1938058	3.880942
3582	-573.1377	-740.9381	167.8004	0.5084745	4.232636
3588	-576.2879	-744.9632	168.6752	0.08491691	3.975653
3594	-579.122	-747.6291	168.5072	0.2529969	3.975653
3600	-582.1562	-751.095	168.9387	0.2665967	3.719804
3606	-584.1396	-753.2984	169.1588	0.04654666	3.719804
3612	-577.2861	-745.3821	168.096	0.3745213	4.140813
3618	-588.0598	-756.0364	167.9766	0.3593249	4.217251
3624	-571.7053	-739.6292	167.9239	0.331487	4.262924
3630	-579.5135	-746.9082	167.3947	0.4441489	4.498028
3636	-579.0863	-746.9198	167.8335	0.3072743	4.327773
3642	-586.7952	-755.0188	168.2235	0.1597058	4.190431
3648	-588.7518	-756.9626	168.2108	0.1704188	4.191597
3654	-582.0139	-749.6259	167.6121	0.4974993	4.345414
3660	-574.954	-744.5656	169.6117	0.5928546	3.134635
3666	-570.8265	-737.8713	167.0448	0.2420757	4.807268
3672	-569.2026	-737.6074	168.4047	0.3177962	3.997163
3678	-574.1854	-742.4631	168.2776	0.4733728	3.980887
3684	-569.6897	-738.388	168.6983	0.3453486	3.813008
3690	-574.3853	-743.7463	169.361	0.3580444	3.421103
3696	-574.3475	-742.948	168.6006	0.2667633	3.914279
3702	-579.5724	-747.6206	168.0482	0.2513491	4.237912
3708	-568.1475	-736.9138	168.7663	0.3468822	3.772969
3714	-589.6689	-757.8172	168.1483	0.1068651	4.263055
3720	-587.884	-756.0011	168.1171	0.04113674	4.317909
3726	-585.428	-753.0579	167.6299	0.5283586	4.317909
3732	-571.2584	-739.9254	168.667	0.2742615	3.871903
3738	-569.0198	-737.8232	168.8034	0.1378167	3.871903
3744	-566.8759	-735.5752	168.6994	0.2418609	3.871903
3750	-571.6513	-740.8725	169.2212	0.04422656	3.685101
3756	-569.5753	-738.0899	168.5147	0.02092451	4.103792
3762	-572.0436	-739.7473	167.7037	0.094692	4.52079
3768	-574.0995	-742.5112	168.4117	0.2250343	4.046131
3774	-579.0922	-745.8205	166.7284	0.5622018	4.805199
3780	-570.1201	-738.966	168.846	0.414349	3.68803
3786	-577.8062	-746.7814	168.9752	0.4723732	3.57946
3792	-571.0186	-739.7369	168.7183	0.1311529	3.924545
3798	-579.5191	-748.1029	168.5839	0.06189084	4.041009
3804	-580.8893	-749.0929	168.2037	0.09436523	4.238751
3810	-578.3025	-746.268	167.9656	0.284949	4.265678
3816	-578.8848	-747.3145	168.4297	0.1461795	4.080856
3822	-577.6917	-746.1643	168.4725	0.1764596	4.039168
3828	-569.5237	-737.9358	168.4121	0.2434783	4.035434
3834	-565.7247	-734.8797	169.155	0.04035096	3.725581
3840	-575.3158	-744.0738	168.758	0.2273424	3.846535
3846	-576.7085	-744.9663	168.2577	0.1928548	4.152156
3852	-578.1457	-746.3223	168.1766	0.2739524	4.152156
3858	-578.6048	-746.1809	167.5761	0.5472705	4.337638
3864	-576.3058	-745.2277	168.922	0.1342562	3.805799
3870	-563.2374	-731.4807	168.2433	0.4159507	4.033298
3876	-568.8061	-735.9313	167.1252	0.4159507	4.665102
3882	-577.9386	-746.7314	168.7929	0.004034214	3.954629
3888	-571.1125	-739.2036	168.0911	0.06203943	4.320769
3894	-566.8473	-735.7489	168.9015	0.09635585	3.839344
3900	-561.9478	-729.5612	167.6134	0.4839698	4.352302
3906	-565.0215	-732.9439	167.9224	0.5132623	4.160669
3912	-565.4283	-732.6817	167.2534	0.5132623	4.538624
3918	-575.7729	-742.4581	166.6852	0.5018724	4.8629
3924	-574.0159	-742.2235	168.2076	0.8409957	3.810173
3930	-585.6735	-754.3664	168.6929	0.3248691	3.827895
3936	-575.4527	-743.7337	168.281	0.3110089	4.071655
3942	-567.783	-736.2256	168.4426	0.1493724	4.071655
3948	-577.2829	-745.6698	168.3869	0.4110605	3.954016
3954	-581.8306	-749.4602	167.6296	0.2367119	4.482587
3960	-575.1098	-742.7672	167.6575	0.2281376	4.471731
3966	-576.5501	-746.6115	170.0615	0.1533204	3.12853
3972	-561.6606	-729.9468	168.2862	0.10292	4.187058
3978	-574.6498	-742.6413	167.9915	0.08968842	4.361474
3984	-577.6097	-746.5865	168.9768	0.1517222	3.764124
3990	-568.7778	-737.22	168.4422	0.1517222	4.070547
3996	-568.7195	-738.4785	169.759	0.4742797	3.117515
4002	-580.2705	-750.0295	169.759	0.4742797	3.117515
4008	-576.1089	-745.1005	168.9915	0.09279788	3.78961
4014	-585.9705	-754.2475	168.277	0.2232333	4.123914
4020	-577.995	-746.8674	168.8724	0.04047146	3.888185
4026	-575.8861	-744.2431	168.357	0.06702026	4.167252
4032	-575.9529	-744.2188	168.2659	0.3996355	4.029709
4038	-580.0744	-746.9664	166.892	0.3867294	4.811827
4044	-579.2112	-748.4431	169.2319	0.3867294	3.479836
4050	-577.8075	-745.9717	168.1641	0.4681067	4.048713
4056	-589.1239	-757.2078	168.0838	0.4179278	4.123062
4062	-583.0995	-750.6626	167.5631	0.3279877	4.468667
4068	-582.2559	-749.9524	167.6966	0.2618353	4.430726
4074	-583.5619	-751.384	167.8221	0.8624923	4.018851
4080	-574.6079	-742.2993	167.6915	0.2183192	4.458117
4086	-573.1029	-740.7067	167.6038	0.2364231	4.497286
4092	-562.8518	-730.1438	167.292	0.3441843	4.61188
4098	-560.0709	-728.5399	168.469	0.3001535	3.97054
4104	-570.7117	-739.0338	168.322	0.047211	4.198376
4110	-592.7995	-760.6504	167.8509	0.1922353	4.382943
4116	-593.5488	-761.6987	168.1499	0.1922353	4.213742
4122	-590.4093	-758.1301	167.7208	0.6351555	4.205908
4128	-581.8135	-749.5438	167.7303	0.6351555	4.200508
4134	-579.4341	-746.5852	167.1511	0.3395563	4.693403
4140	-570.8431	-738.7105	167.8674	0.3277666	4.297002
4146	-582.4527	-750.0268	167.5741	0.2177442	4.524462
4152	-578.9932	-746.0681	167.0749	0.7169591	4.524462
4158	-580.0178	-748.0559	168.0381	0.32748	4.200433
4164	-581.5196	-749.8601	168.3405	0.4312817	3.968994
4170	-582.3055	-751.4975	169.192	0.148637	3.641537
4176	-583.6276	-752.1605	168.5329	0.3003049	3.933841
4182	-566.0592	-733.583	167.5238	0.3665574	4.469049
4188	-575.612	-743.5271	167.9151	0.1406683	4.375828
4194	-591.6867	-759.5573	167.8706	0.2621942	4.332265
4200	-586.4544	-754.8477	168.3932	0.1542038	4.097049
4206	-587.9103	-755.4888	167.5785	0.00400003	4.641943
4212	-584.1517	-752.5728	168.421	0.02321141	4.155786
4218	-574.4263	-744.5362	170.1099	0.2457404	3.044479
4224	-563.7306	-732.8753	169.1446	0.3125876	3.573854
4230	-562.8598	-731.7135	168.8537	0.1765679	3.820725
4236	-565.8963	-734.2324	168.3361	0.1479859	4.133108
4242	-583.0783	-750.2707	167.1924	0.2935786	4.695988
4248	-573.6275	-741.4604	167.8329	0.1124307	4.438094
4254	-568.5776	-737.0616	168.484	0.02795104	4.117279
4260	-564.9086	-734.5536	169.6451	0.02035026	3.452474
4266	-572.8816	-742.5761	169.6945	0.1891998	3.324436
4272	-568.6233	-737.1893	168.566	0.1630643	3.993437
4278	-573.0604	-741.0948	168.0344	0.1820038	4.284973
4284	-569.0145	-737.0306	168.0162	0.1134027	4.3341
4290	-561.1758	-729.4642	168.2885	0.1399444	4.16476
4296	-574.0676	-741.8083	167.7408	0.3154742	4.375536
4302	-562.5818	-731.2271	168.6453	0.3921204	3.816621
4308	-573.6297	-742.1115	168.4818	0.2053985	4.017348
4314	-571.7537	-740.3265	168.5728	0.03851189	4.060656
4320	-581.5786	-750.1427	168.5641	0.04718759	4.060656
4326	-584.4838	-752.4055	167.9217	0.6366952	4.090818
4332	-569.0683	-736.9667	167.8984	0.3388443	4.273222
4338	-568.7933	-736.6343	167.8409	0.3962597	4.273222
4344	-577.2447	-746.7825	169.5378	0.1513285	3.438606
4350	-583.8438	-751.9713	168.1276	0.2751047	4.17939
4356	-578.8489	-747.9948	169.1459	0.3843605	3.531379
4362	-575.148	-743.6013	168.4533	0.5862311	3.815388
4368	-571.8046	-740.9358	169.1312	0.4059714	3.527347
4374	-577.2752	-746.8413	169.5661	0.07585942	3.466207
4380	-572.8485	-741.05	168.2016	0.0268561	4.278202
4386	-568.1983	-737.0284	168.8302	0.03505867	3.915495
4392	-575.2686	-744.6505	169.3819	0.06665219	3.578913
4398	-576.2266	-744.9824	168.7558	0.01891962	3.967324
4404	-567.8999	-736.3642	168.4643	0.006873787	4.140453
4410	-582.4289	-749.6022	167.1732	0.6429613	4.510772
4416	-572.7679	-739.1525	166.3846	0.4296181	5.070207
4422	-578.897	-746.9653	168.0683	0.4259016	4.127341
4428	-582.0838	-750.0821	167.9982	0.3622073	4.203363
4434	-566.1546	-734.7558	168.6012	0.06922042	4.026929
4440	-562.8761	-730.8177	167.9416	0.06360069	4.404342
4446	-571.6268	-738.6685	167.0418	0.06127534	4.909718
4452	-572.5102	-741.5402	169.0301	0.057687	3.787634
4458	-578.0611	-746.5567	168.4956	0.1083157	4.064868
4464	-579.8556	-747.5026	167.647	0.01856569	4.595361
4470	-568.4452	-736.1024	167.6572	0.008405089	4.595361
4476	-575.8265	-743.1542	167.3277	0.3882597	4.567116
4482	-572.4788	-740.4999	168.0211	0.1022656	4.337645
4488	-572.7927	-741.745	168.9523	0.1648999	3.770662
4494	-574.5795	-743.1686	168.5892	0.1959748	3.96137
4500	-571.4328	-740.3145	168.8817	0.4032509	3.673777
4506	-568.5879	-737.5592	168.9713	0.1914885	3.744358
4512	-576.8622	-745.6545	168.7924	0.1982772	3.843505
4518	-570.8155	-740.1393	169.3237	0.1513736	3.563453
4524	-582.297	-750.5968	168.2998	0.498202	3.954006
4530	-574.309	-743.0224	168.7134	0.133201	3.926171
4536	-574.9856	-743.62	168.6344	0.4516664	3.788607
4542	-562.2435	-730.6851	168.4416	0.1630795	4.064458
4548	-568.5211	-736.2867	167.7656	0.2308282	4.409298
4554	-580.1283	-747.7047	167.5764	0.3075114	4.47268
4560	-568.8026	-737.2236	168.421	0.08565897	4.120269
4566	-582.0131	-750.3813	168.3682	0.1103232	4.136256
4572	-562.2508	-729.7976	167.5468	0.2783159	4.505781
4578	-567.6133	-736.5015	168.8882	0.1005253	3.844611
4584	-581.3403	-749.7292	168.389	0.1517498	4.100879
4590	-568.6892	-737.6902	169.0011	0.2362643	3.701322
4596	-587.9378	-756.1621	168.2243	0.4262017	4.038306
4602	-574.6064	-744.0294	169.423	0.1462199	3.508675
4608	-569.6019	-739.0655	169.4636	0.2434087	3.428149
4614	-570.4595	-737.9504	167.4909	0.3105008	4.51907
4620	-573.4824	-740.9892	167.5068	0.4853736	4.411677
4626	-570.2209	-739.3379	169.117	0.08825225	3.719868
4632	-580.3246	-748.5249	168.2004	0.2029758	4.179003
4638	-570.6856	-739.3393	168.6537	0.211555	3.915469
4644	-585.6939	-753.7722	168.0783	0.1209583	4.29468
4650	-575.8472	-744.1894	168.3422	0.4342732	3.966341
4656	-565.3181	-733.5671	168.249	0.05066788	4.23786
4662	-561.2597	-729.1999	167.9402	0.450558	4.186179
4668	-564.4048	-731.6006	167.1958	0.4880896	4.585076
4674	-573.2343	-740.688	167.4537	0.09726467	4.659627
4680	-576.0262	-745.198	169.1718	0.4158333	3.49789
4686	-584.6192	-752.6846	168.0654	0.4158333	4.134743
4692	-578.9444	-747.4482	168.5038	0.4149511	3.884826
4698	-581.9433	-748.2848	166.3416	0.3997376	5.110645
4704	-566.2573	-734.384	168.1266	0.3697415	4.126122
4710	-560.492	-729.7965	169.3045	0.2513592	3.516435
4716	-576.0657	-744.8768	168.8111	0.0227617	3.933482
4722	-568.9949	-737.0009	168.006	0.03838369	4.382202
4728	-566.4621	-735.565	169.1029	0.1521172	3.69108
4734	-551.7299	-720.0702	168.3403	0.3525094	4.014129
4740	-567.5538	-736.4643	168.9105	0.3549042	3.685096
4746	-559.9943	-727.0422	167.048	0.3642365	4.737276
4752	-572.0967	-740.3255	168.2288	0.08276093	4.231111
4758	-565.2891	-734.5193	169.2302	0.07373028	3.662812
4764	-565.6566	-735.0099	169.3533	0.003412269	3.632225
4770	-566.6979	-734.3074	167.6095	0.01540806	4.618212
4776	-566.3241	-735.5954	169.2714	0.03993999	3.658522
4782	-569.2716	-736.7719	167.5003	0.01192193	4.681308
4788	-561.783	-730.7464	168.9634	0.01387686	3.851197
4794	-580.4974	-748.4347	167.9373	0.02402718	4.42908
4800	-578.0412	-746.8832	168.842	0.216998	3.804199
4806	-582.1117	-750.9287	168.817	0.2419657	3.804199
4812	-583.446	-751.8824	168.4364	0.07092054	4.119922
4818	-585.5001	-754.254	168.7539	0.04087027	3.955841
4824	-567.5393	-736.3121	168.7728	0.02200677	3.955841
4830	-564.4426	-732.7464	168.3038	0.2543243	4.090963
4836	-568.76	-737.7334	168.9734	0.2719032	3.696695
4842	-573.0996	-741.9728	168.8732	0.1737787	3.811137
4848	-572.717	-741.1009	168.384	0.09777058	4.134444
4854	-568.2567	-735.9757	167.719	0.1025981	4.507732
4860	-575.7155	-743.596	167.8805	0.1222052	4.405745
4866	-574.3783	-741.5525	167.1742	0.1114428	4.807975
4872	-577.5288	-745.0481	167.5193	0.2820425	4.519133
4878	-573.9801	-741.7458	167.7657	0.03560543	4.519133
4884	-577.4656	-745.5488	168.0831	0.02449891	4.346512
4890	-563.4686	-732.3393	168.8707	0.01452225	3.904048
4896	-568.0224	-736.7949	168.7725	0.1126813	3.904048
4902	-578.5885	-746.6153	168.0268	0.1377649	4.314315
4908	-567.9959	-735.9792	167.9833	0.2679371	4.265251
4914	-573.6969	-741.6183	167.9214	0.2534562	4.308532
4920	-572.4925	-740.9453	168.4528	0.459582	3.888452
4926	-571.4518	-739.8476	168.3958	0.4041282	3.952919
4932	-578.5531	-746.5405	167.9873	0.2670347	4.263516
4938	-576.3178	-743.7599	167.4421	0.3397229	4.530123
4944	-572.0347	-739.8676	167.8329	0.4286431	4.259458
4950	-576.9882	-745.5586	168.5704	0.0353401	4.063824
4956	-580.0888	-748.5693	168.4805	0.1231333	4.065026
4962	-569.9798	-738.1557	168.1759	0.1985307	4.195403
4968	-575.5511	-743.7205	168.1694	0.357253	4.108897
4974	-584.0594	-752.1553	168.0959	0.357253	4.150681
4980	-579.9898	-747.6799	167.69	0.245352	4.443683
4986	-582.6091	-749.0774	166.4682	0.2128464	5.144012
4992	-583.8619	-752.6051	168.7432	0.5016298	3.696994
4998	-575.9206	-744.9472	169.0266	0.4069138	3.587632
5004	-574.3221	-742.7119	168.3898	0.09770111	4.13118
5010	-576.0743	-744.8991	168.8248	0.2160728	3.814621
5016	-576.9368	-745.5104	168.5736	0.2728086	3.92628
5022	-571.3321	-740.755	169.4229	0.06645669	3.555167
5028	-573.0872	-741.173	168.0858	0.2472616	4.218881
5034	-585.6196	-753.9437	168.3241	0.1701273	4.127356
5040	-587.8586	-756.3828	168.5242	0.1854097	4.004529
5046	-580.1683	-748.2662	168.0979	0.4806067	4.079384
5052	-574.9464	-743.6693	168.7229	0.2604287	3.84769
5058	-571.5068	-740.3631	168.8562	0.3173547	3.73814
5064	-574.7237	-741.9323	167.2087	0.2780297	4.695608
5070	-563.8402	-731.1141	167.274	0.3838849	4.599699
5076	-576.0594	-745.5281	169.4687	0.3838849	3.342751
5082	-566.6394	-734.0851	167.4457	0.2987002	4.551123
5088	-569.2714	-738.437	169.1656	0.06162336	3.707186
5094	-567.3575	-735.6056	168.2481	0.1674744	4.172079
5100	-572.6315	-741.8423	169.2108	0.2961461	3.544946
5106	-568.1641	-736.5698	168.4057	0.2759713	4.020491
5112	-576.79	-745.9688	169.1788	0.4408605	3.479205
5118	-582.0676	-751.2268	169.1592	0.428214	3.498034
5124	-590.4405	-758.2021	167.7615	0.6066735	4.198957
5130	-587.1145	-754.3034	167.1889	0.1694334	4.767368
5136	-593.0659	-761.8211	168.7552	0.4537737	3.717708
5142	-573.246	-741.0043	167.7582	0.2705663	4.39104
5148	-565.9359	-734.6078	168.672	0.354113	3.823145
5154	-580.1428	-747.6157	167.4729	0.3447443	4.509986
5160	-585.0567	-753.9039	168.8471	0.3447443	3.727575
5166	-579.0808	-747.7845	168.7037	0.09955891	3.950987
5172	-570.228	-738.8147	168.5867	0.07679046	4.030893
5178	-574.2819	-742.2555	167.9737	0.2190548	4.298409
5184	-572.0413	-740.1491	168.1078	0.01698975	4.336798
5190	-581.2832	-750.2869	169.0036	0.1628074	3.742258
5196	-561.0768	-729.1629	168.0861	0.1805507	4.256535
5202	-578.7083	-746.4468	167.7385	0.702881	4.157399
5208	-570.4209	-738.8843	168.4633	0.3341331	3.954309
5214	-576.4882	-745.0078	168.5196	0.2613203	3.963775
5220	-574.1251	-742.8642	168.7391	0.04186944	3.963775
5226	-577.4328	-745.9926	168.5598	0.2211121	3.963775
5232	-582.9098	-751.181	168.2712	0.1315432	4.179374
5238	-583.4889	-750.1512	166.6623	0.06116287	5.120538
5244	-572.454	-741.1182	168.6642	0.2346944	3.896175
5250	-572.9148	-741.608	168.6931	0.09288724	3.960874
5256	-586.1703	-755.0668	168.8965	0.3868639	3.674707
5262	-576.6365	-745.4109	168.7744	0.04863817	3.939661
5268	-574.9645	-743.269	168.3045	0.04863817	4.207481
5274	-569.3113	-737.66	168.3487	0.02613555	4.195176
5280	-559.9644	-728.6238	168.6594	0.02166487	4.020849
5286	-563.0681	-731.0692	168.0011	0.09273098	4.354298
5292	-564.3012	-731.8759	167.5747	0.175263	4.54802
5298	-575.5484	-743.1137	167.5654	0.193158	4.543186
5304	-572.6084	-740.5118	167.9035	0.4784506	4.191182
5310	-574.0098	-741.9895	167.9797	0.2560939	4.274017
5316	-586.8331	-755.6882	168.8551	0.2404039	3.783176
5322	-586.5607	-754.8853	168.3246	0.1034582	4.164967
5328	-575.572	-743.6608	168.0887	0.1874921	4.251121
5334	-580.8459	-749.0237	168.1779	0.098345	4.251121
5340	-596.0349	-764.2857	168.2507	0.01468441	4.257242
5346	-586.9851	-755.0482	168.0631	0.3279273	4.186016
5352	-573.9093	-741.8722	167.9628	0.09538248	4.374416
5358	-571.9952	-740.7256	168.7304	0.04857956	3.964876
5364	-580.4912	-748.9629	168.4717	0.3072978	3.964876
5370	-574.5748	-743.1257	168.5509	0.2280974	3.964876
5376	-588.1892	-756.2668	168.0776	0.3349182	4.173789
5382	-571.4251	-739.8455	168.4204	0.3026965	3.996824
5388	-582.1905	-749.4203	167.2299	0.2877519	4.678305
5394	-567.5749	-736.386	168.8111	0.07455669	3.903814
5400	-570.5234	-739.6635	169.1401	0.05303508	3.72687
5406	-569.0335	-737.8937	168.8602	0.104479	3.858457
5412	-563.1818	-731.2234	168.0417	0.2490024	4.24294
5418	-564.8973	-732.8752	167.9779	0.04104224	4.39659
5424	-593.8461	-761.2839	167.4379	0.3780546	4.510941
5430	-588.3756	-757.005	168.6294	0.1141244	3.985175
5436	-580.8518	-749.4326	168.5808	0.1626873	3.985175
5442	-588.2392	-755.8821	167.6428	0.3768413	4.396178
5448	-577.8286	-746.8863	169.0577	0.08205646	3.757655
5454	-560.337	-729.3947	169.0577	0.01095697	3.798641
5460	-562.7939	-731.1562	168.3623	0.02815503	4.186299
5466	-567.596	-735.6662	168.0702	0.1119116	4.304388
5472	-584.6163	-752.5916	167.9753	0.3145653	4.243368
5478	-587.147	-755.6175	168.4705	0.1776964	4.039607
5484	-588.6224	-756.5404	167.918	0.1240525	4.383547
5490	-570.6604	-739.9158	169.2554	0.1442409	3.607304
5496	-579.784	-748.3578	168.5738	0.3597004	3.876324
5502	-564.8168	-733.0152	168.1984	0.1185685	4.228016
5508	-567.229	-735.7123	168.4833	0.1183091	4.066188
5514	-566.1916	-734.624	168.4324	0.2931405	3.995471
5520	-568.9281	-736.95	168.0219	0.3279699	4.209389
5526	-571.1724	-739.462	168.2897	0.1558712	4.155039
5532	-572.4423	-741.0588	168.6165	0.1469129	3.973798
5538	-567.7711	-736.8892	169.1181	0.06637794	3.731836
5544	-575.6226	-744.7345	169.1119	0.221833	3.645542
5550	-578.9639	-748.6243	169.6604	0.3205822	3.267118
5556	-575.1967	-743.8434	168.6467	0.5950072	3.698767
5562	-581.7767	-749.7237	167.947	0.3390299	4.245572
5568	-573.8951	-743.0426	169.1475	0.4408078	3.497523
5574	-566.3023	-734.4587	168.1564	0.006462988	4.315265
5580	-577.9085	-746.5104	168.602	0.03443216	4.046337
5586	-579.8687	-748.6759	168.8072	0.06366832	3.912264
5592	-576.1413	-744.271	168.1297	0.1595645	4.243723
5598	-561.4808	-729.2601	167.7794	0.3059717	4.359103
5604	-568.8885	-736.6123	167.7238	0.1807875	4.461066
5610	-568.7576	-737.2758	168.5182	0.2951704	3.945191
5616	-579.8307	-748.2672	168.4365	0.4411357	3.908375
5622	-575.9469	-744.3309	168.384	0.2500973	4.047646
5628	-564.2937	-732.6777	168.384	0.2500973	4.047646
5634	-571.2724	-740.5721	169.2997	0.2872288	3.498343
5640	-573.6966	-741.2027	167.5061	0.3339263	4.497378
5646	-571.6117	-739.6265	168.0148	0.2287252	4.269616
5652	-563.8325	-732.5999	168.7675	0.02127937	3.959308
5658	-562.3371	-730.8017	168.4646	0.3241071	3.959308
5664	-559.933	-728.4382	168.5052	0.05240926	4.091257
5670	-557.9971	-726.5048	168.5076	0.01079921	4.113565
5676	-562.8533	-731.5335	168.6802	0.01925729	4.010353
5682	-579.2312	-746.9961	167.7649	0.1885222	4.433539
5688	-580.3085	-748.0017	167.6932	0.6517033	4.212195
5694	-564.547	-733.5947	169.0477	0.220292	3.68358
5700	-583.3611	-752.4862	169.1251	0.3467063	3.565395
5706	-582.1791	-750.8025	168.6235	0.02010848	4.042256
5712	-577.6791	-745.3189	167.6399	0.3060625	4.43775
5718	-586.1462	-753.0046	166.8583	0.553843	4.737283
5724	-573.3795	-742.6287	169.2491	0.4355747	3.441195
5730	-584.046	-752.0462	168.0002	0.3614377	4.20269
5736	-571.5573	-740.024	168.4668	0.3197971	3.96054
5742	-583.0331	-751.5281	168.495	0.08788821	4.076859
5748	-577.3043	-745.797	168.4926	0.145577	4.045328
5754	-577.296	-745.8896	168.5935	0.1394677	3.991185
5760	-564.3952	-733.0021	168.6069	0.2589094	3.91514
5766	-574.6301	-743.3552	168.7251	0.1407307	3.91514
5772	-572.0468	-740.924	168.8772	0.2972808	3.737613
5778	-580.759	-748.0695	167.3105	0.591393	4.462558
5784	-584.065	-752.3607	168.2957	0.2133743	4.118924
5790	-573.4316	-742.0875	168.6559	0.06881079	3.995919
5796	-576.8226	-744.2014	167.3788	0.2253402	4.62981
5802	-577.8136	-746.208	168.3944	0.4412228	3.932445
5808	-584.5634	-751.666	167.1026	0.3414942	4.719459
5814	-578.0167	-746.1623	168.1456	0.3515461	4.125676
5820	-576.5557	-745.1749	168.6192	0.3219621	3.871931
5826	-570.2233	-738.4739	168.2506	0.193796	4.155668
5832	-572.6239	-741.3361	168.7122	0.2052609	3.885547
5838	-579.8266	-747.4029	167.5763	0.2578201	4.500682
5844	-564.5201	-732.192	167.6719	0.1622616	4.500682
5850	-587.3861	-754.5986	167.2125	0.1734843	4.751932
5856	-583.4497	-750.5128	167.0631	0.3228254	4.751932
5862	-584.3047	-753.4406	169.1359	0.1724174	3.660237
5868	-571.4357	-740.5859	169.1502	0.2240252	3.622061
5874	-576.627	-744.727	168.1	0.1037783	4.292154
5880	-586.0321	-753.7057	167.6736	0.1730206	4.493673
5886	-583.6565	-752.355	168.6985	0.1392549	3.931232
5892	-573.0987	-741.8293	168.7306	0.1648376	3.898191
5898	-586.178	-755.0469	168.8689	0.219804	3.787105
5904	-582.4586	-749.9948	167.5362	0.2698781	4.516439
5910	-587.056	-755.1393	168.0833	0.7768256	3.918417
5916	-579.7489	-748.2539	168.505	0.4179512	3.882368
5922	-583.3493	-750.3292	166.9799	0.535404	4.679595
5928	-594.7914	-762.7421	167.9506	0.4973251	4.153654
5934	-579.2762	-747.6349	168.3586	0.08934719	4.153654
5940	-576.5974	-744.065	167.4676	0.4863523	4.43323
5946	-588.3979	-756.4373	168.0395	0.3667519	4.177382
5952	-566.8872	-736.2348	169.3475	0.1580454	3.545737
5958	-570.0618	-739.3178	169.2561	0.2788962	3.528617
5964	-570.8168	-739.5541	168.7374	0.06077894	3.953919
5970	-569.2839	-738.1567	168.8728	0.009435237	3.905753
5976	-565.2509	-733.771	168.5201	0.0715031	4.071891
5982	-584.8983	-752.8996	168.0012	0.241977	4.269826
5988	-576.3814	-745.4057	169.0243	0.41327	3.585291
5994	-569.7547	-737.8461	168.0914	0.41327	4.121385
6000	-575.2844	-743.6245	168.3401	0.1645853	4.121385
6006	-568.7954	-737.1475	168.3521	0.3875691	3.987353
6012	-574.1441	-743.3263	169.1823	0.5966034	3.386038
6018	-563.1941	-731.1778	167.9837	0.4837908	4.142542
6024	-562.1811	-731.0886	168.9075	0.04433833	3.865803
6030	-565.4	-733.4994	168.0994	0.482369	4.077522
6036	-575.178	-743.6655	168.4875	0.3827186	3.912641
6042	-572.5245	-740.476	167.9515	0.6856042	4.045952
6048	-577.3549	-745.3842	168.0293	0.01525155	4.382108
6054	-574.0467	-742.6648	168.6181	0.2296484	3.925511
6060	-581.886	-750.1468	168.2608	0.1255958	4.18862
6066	-583.0799	-750.7342	167.6543	0.3543663	4.402385
6072	-583.4361	-751.1748	167.7387	0.1642677	4.461942
6078	-584.5495	-752.1298	167.5803	0.256595	4.499147
6084	-566.3331	-735.858	169.5249	0.06275614	3.497893
6090	-576.1045	-744.9993	168.8948	0.1684591	3.801715
6096	-561.6495	-730.6841	169.0346	0.1782794	3.715453
6102	-571.9981	-740.7896	168.7915	0.4213981	3.715453
6108	-583.3284	-751.169	167.8406	0.4213981	4.259182
6114	-585.3124	-754.0347	168.7224	0.6826488	3.604181
6120	-568.7571	-737.8143	169.0572	0.2478127	3.662175
6126	-569.3252	-738.0014	168.6762	0.2704062	3.86884
6132	-555.4057	-724.8497	169.4441	0.2704062	3.423779
6138	-565.2105	-733.4468	168.2363	0.06807848	4.235169
6144	-560.9702	-729.8079	168.8377	0.05872516	3.897638
6150	-567.0072	-735.8526	168.8454	0.05101411	3.897638
6156	-573.1369	-741.4519	168.3149	0.277117	4.071634
6162	-582.3674	-750.4132	168.0458	0.255785	4.236751
6168	-573.5293	-742.5377	169.0084	0.153023	3.74516
6174	-582.9955	-750.7311	167.7356	0.1327762	4.481412
6180	-582.2783	-750.9723	168.694	0.1569245	3.923688
6186	-576.3901	-745.227	168.837	0.1979737	3.818039
6192	-576.5074	-745.761	169.2537	0.215168	3.567107
6198	-581.5775	-750.3138	168.7363	0.04043671	3.966201
6204	-565.5866	-734.1158	168.5292	0.4591234	3.844871
6210	-575.0562	-742.8008	167.7446	0.1072182	4.490746
6216	-568.9238	-737.1205	168.1967	0.3725938	4.08461
6222	-567.1914	-735.8403	168.6489	0.09845134	3.982965
6228	-574.4073	-742.1688	167.7615	0.2145815	4.420749
6234	-564.8977	-733.1524	168.2547	0.08283985	4.21637
6240	-569.6651	-738.6613	168.9962	0.03089439	3.822537
6246	-568.8185	-737.381	168.5626	0.07853994	4.043669
6252	-561.617	-730.0748	168.4578	0.0362776	4.127423
6258	-565.4686	-733.8676	168.399	0.2119836	4.06086
6264	-563.303	-732.2114	168.9084	0.5819881	3.554584
6270	-586.9444	-755.7798	168.8353	0.169127	3.835563
6276	-577.3054	-745.5446	168.2392	0.7652875	3.835563
6282	-568.917	-737.097	168.18	0.1562754	4.217081
6288	-573.3362	-741.6391	168.3029	0.1562754	4.14726
6294	-572.5762	-740.8125	168.2363	0.2557404	4.128614
6300	-567.818	-735.8058	167.9878	0.3107481	4.238443
6306	-572.0566	-740.2635	168.2069	0.09168269	4.238443
6312	-589.2691	-756.9943	167.7252	0.4213034	4.324531
6318	-577.2413	-746.5802	169.3389	0.4213034	3.396967
6324	-572.4318	-740.3597	167.9279	0.8742317	3.951664
6330	-584.8031	-753.0428	168.2397	0.3017054	4.100503
6336	-577.0266	-744.1596	167.1329	0.2155264	4.772896
6342	-576.8538	-744.3822	167.5284	0.4623153	4.412529
6348	-577.2547	-745.3539	168.0992	0.3149604	4.172878
6354	-562.3848	-731.3093	168.9245	0.1640668	3.787186
6360	-570.2789	-738.4695	168.1906	0.2707629	4.146044
6366	-569.477	-738.1571	168.6801	0.4762089	3.748096
6372	-576.956	-745.8954	168.9394	0.1862703	3.765808
6378	-585.1379	-752.4917	167.3538	0.2192423	4.647241
6384	-592.2831	-760.6284	168.3453	0.04675656	4.185399
6390	-579.7019	-748.0575	168.3556	0.05234333	4.176414
6396	-577.1336	-746.9035	169.7699	0.3764652	3.169175
6402	-578.0214	-746.2386	168.2172	0.1247242	4.213893
6408	-583.2955	-751.3041	168.0086	0.3441488	4.207703
6414	-585.1152	-753.0009	167.8857	0.11114	4.40905
6420	-584.6403	-753.578	168.9377	0.1829101	3.768698
6426	-593.2901	-761.3315	168.0413	0.2350607	4.251019
6432	-591.1557	-759.7666	168.6108	0.2834776	3.898823
6438	-593.3458	-761.5718	168.226	0.1018004	4.221856
6444	-596.7584	-764.4653	167.7069	0.2154799	4.451041
6450	-581.7669	-749.8115	168.0446	0.3326909	4.193776
6456	-582.0606	-749.6858	167.6252	0.05204754	4.588852
6462	-580.21	-749.4201	169.2101	0.1962494	3.603392
6468	-590.2253	-758.9425	168.7172	0.05027169	3.971469
6474	-585.246	-753.0177	167.7716	0.05266187	4.506232
6480	-588.0952	-756.1267	168.0315	0.2512305	4.247426
6486	-582.6493	-750.9499	168.3006	0.2283054	4.107634
6492	-576.5767	-745.176	168.5993	0.04323394	4.042835
6498	-565.7616	-734.2084	168.4468	0.0399173	4.131635
6504	-565.2939	-733.9983	168.7044	0.04948687	3.979219
6510	-570.7513	-738.623	167.8717	0.08689355	4.430608
6516	-564.6941	-734.0806	169.3866	0.03839891	3.592602
6522	-558.2049	-726.5389	168.3341	0.007198609	4.214231
6528	-573.259	-741.9945	168.7355	0.1495047	3.90416
6534	-568.2638	-737.7446	169.4808	0.4344452	3.305898
6540	-575.9544	-744.7876	168.8333	0.2496487	3.790425
6546	-576.6594	-744.3154	167.656	0.2007893	4.487965
6552	-574.5441	-743.4953	168.9513	0.6810491	3.471826
6558	-581.8373	-751.0191	169.1818	0.4504798	3.471826
6564	-589.4827	-758.8184	169.3357	0.03158988	3.626063
6570	-570.4728	-739.4186	168.9458	0.08028795	3.823135
6576	-571.6996	-740.1666	168.467	0.1564292	4.053775
6582	-574.1209	-742.3088	168.1878	0.1821671	4.197931
6588	-586.0757	-755.0836	169.0079	0.1761213	3.732115
6594	-570.7844	-739.0354	168.251	0.04928164	4.237502
6600	-577.2019	-746.2785	169.0766	0.206257	3.674972
6606	-575.4921	-744.3087	168.8166	0.1894377	3.834656
6612	-574.0158	-742.8217	168.8059	0.2001191	3.834656
6618	-582.3101	-749.2228	166.9127	0.1706005	4.920741
6624	-593.1916	-761.597	168.4054	0.4516209	3.920192
6630	-580.0562	-747.7154	167.6592	0.3513315	4.401345
6636	-585.5469	-753.3893	167.8424	0.4738778	4.228403
6642	-586.2353	-754.0502	167.8149	0.3568947	4.310259
6648	-573.9852	-742.6656	168.6804	0.2719784	3.865504
6654	-577.2818	-746.0883	168.8064	0.4282792	3.702826
6660	-572.0095	-739.1148	167.1053	0.4282792	4.669378
6666	-559.766	-728.2705	168.5045	0.1719109	4.023513
6672	-563.6031	-732.3455	168.7424	0.4819522	3.708809
6678	-566.1424	-733.632	167.4897	0.04619159	4.668088
6684	-562.9722	-732.5527	169.5805	0.09803631	3.444788
6690	-565.1763	-732.7459	167.5696	0.1768385	4.549986
6696	-571.1842	-739.1856	168.0014	0.1711146	4.309859
6702	-580.5419	-750.018	169.476	0.561269	3.23383
6708	-587.1679	-755.3232	168.1553	0.529767	4.018561
6714	-575.8798	-744.1126	168.2329	0.3065688	4.101621
6720	-587.6095	-756.4564	168.8469	0.2250061	3.796784
6726	-573.8647	-742.4544	168.5897	0.07731145	4.028861
6732	-571.5548	-740.267	168.7122	0.05450063	3.971939
6738	-557.9352	-726.4992	168.564	0.06416229	4.051032
6744	-555.8157	-724.2911	168.4755	0.4397979	3.886795
6750	-562.945	-731.2166	168.2716	0.1089782	4.191945
6756	-562.3458	-730.1161	167.7703	0.2665074	4.386524
6762	-558.6867	-727.8527	169.166	0.2873509	3.576113
6768	-564.0841	-733.0428	168.9587	0.08057257	3.815551
6774	-568.0946	-736.9412	168.8466	0.1926169	3.815551
6780	-567.2163	-735.5848	168.3685	0.19332	4.088842
6786	-576.428	-745.351	168.923	0.5878087	3.542689
6792	-564.2709	-732.6058	168.3349	0.2413742	4.080628
6798	-571.3212	-739.493	168.1718	0.404506	4.080628
6804	-575.7663	-743.9113	168.145	0.2291235	4.195617
6810	-566.4199	-735.0582	168.6383	0.2495353	3.90254
6816	-581.7063	-749.7832	168.0769	0.2369083	4.229797
6822	-585.0878	-753.3672	168.2794	0.07679662	4.205766
6828	-581.2191	-749.5914	168.3723	0.2033079	4.081005
6834	-580.456	-749.0154	168.5595	0.1745829	3.990569
6840	-571.548	-738.7555	167.2075	0.4696499	4.588866
6846	-587.7591	-756.1941	168.435	0.2921141	3.994557
6852	-585.3551	-753.3287	167.9736	0.2395019	4.286875
6858	-580.8729	-748.8951	168.0222	0.4034431	4.166348
6864	-582.2633	-749.5716	167.3083	0.4203398	4.559986
6870	-580.0469	-749.7067	169.6598	0.09396952	3.400736
6876	-571.8561	-740.7022	168.846	0.04565742	3.900322
6882	-567.9381	-736.5868	168.6487	0.2429541	3.900322
6888	-576.8305	-745.4602	168.6297	0.1594675	3.959054
6894	-573.2295	-741.2189	167.9894	0.1594675	4.323221
6900	-569.3604	-738.0032	168.6428	0.06997993	4.002713
6906	-568.3261	-736.2955	167.9694	0.3765276	4.211574
6912	-585.752	-753.9089	168.1569	0.2748023	4.16289
6918	-582.362	-750.0757	167.7137	0.1031768	4.510381
6924	-565.3348	-734.3246	168.9898	0.1050838	3.78352
6930	-563.7177	-731.3227	167.6051	0.2428164	4.492961
6936	-583.4179	-750.7744	167.3565	0.3620289	4.565669
6942	-570.8759	-739.6568	168.7809	0.3249936	3.777195
6948	-575.691	-743.4323	167.7414	0.1073279	4.492503
6954	-575.6771	-743.9682	168.2911	0.1620489	4.150688
6960	-589.7487	-757.0292	167.2805	0.04170149	4.78756
6966	-569.4508	-738.1693	168.7185	0.04418564	3.974203
6972	-580.2298	-747.8468	167.617	0.1701839	4.527088
6978	-572.4739	-741.169	168.6951	0.1332639	3.936593
6984	-569.7296	-739.2255	169.4959	0.3209322	3.36375
6990	-559.7548	-728.3132	168.5584	0.3209322	3.907439
6996	-555.3518	-724.1187	168.767	0.3209322	3.787546
7002	-572.7066	-741.4148	168.7083	0.08511524	3.956657
7008	-569.3086	-736.5909	167.2823	0.2792236	4.653709
7014	-581.8874	-750.747	168.8596	0.2364401	3.782844
7020	-574.0185	-742.5991	168.5807	0.1299751	4.003954
7026	-573.5868	-742.545	168.9582	0.1829738	3.756842
7032	-572.249	-740.5673	168.3183	0.349391	4.028501
7038	-575.5556	-743.3934	167.8378	0.3107512	4.323388
7044	-577.5502	-746.2084	168.6582	0.289562	3.868148
7050	-569.9201	-737.8586	167.9384	0.2541507	4.298481
7056	-582.0861	-750.5013	168.4152	0.3162884	3.992049
7062	-587.4688	-754.8586	167.3898	0.3445554	4.556771
7068	-573.0875	-740.9836	167.8962	0.1747724	4.367236
7074	-565.853	-734.8438	168.9908	0.1655918	3.748054
7080	-564.3556	-732.8121	168.4565	0.1869502	4.042334
7086	-561.8582	-730.7711	168.913	0.1121891	3.823675
7092	-567.0477	-735.4376	168.3899	0.2645638	4.036058
7098	-562.7747	-730.5642	167.7895	0.2645638	4.376792
7104	-566.5563	-734.0972	167.5409	0.4745789	4.398562
7110	-556.1918	-725.0146	168.8227	0.4745789	3.666617
7116	-556.0154	-723.2247	167.2094	0.4745789	4.585061
7122	-562.1471	-730.8638	168.7167	0.2460154	3.859574
7128	-573.2895	-742.0192	168.7297	0.2460154	3.852095
7134	-565.4225	-734.1291	168.7067	0.1296463	3.932055
7140	-569.6179	-737.338	167.72	0.3003255	4.395784
7146	-573.5184	-742.4888	168.9703	0.3003255	3.682048
7152	-573.0448	-740.7739	167.7291	0.3686554	4.352094
7158	-571.5669	-740.9535	169.3866	0.1236367	3.542992
7164	-576.9274	-745.1101	168.1827	0.09425188	4.250689
7170	-579.1052	-746.86	167.7549	0.5221114	4.250689
7176	-583.1935	-752.1885	168.995	0.3374955	3.646214
7182	-575.5509	-744.134	168.5832	0.1464083	3.993145
7188	-573.2973	-741.6814	168.3841	0.1519252	4.10355
7194	-590.556	-759.1311	168.5751	0.5800355	3.748814
7200	-602.2049	-768.4674	166.2625	0.5800355	5.054531
7206	-576.4243	-745.0422	168.6179	0.1720168	3.958637
7212	-571.1669	-739.0292	167.8623	0.144722	4.403334
7218	-567.6915	-736.3798	168.6884	0.5435176	3.704469
7224	-569.1178	-737.1823	168.0645	0.1222361	4.301791
7230	-578.5064	-744.8734	166.367	0.4468181	5.070465
7236	-594.7549	-761.8883	167.1334	0.4468181	4.64325
7242	-588.0351	-755.2039	167.1688	0.3644838	4.669526
7248	-579.8418	-748.8864	169.0446	0.215158	3.688346
7254	-573.2292	-741.693	168.4638	0.05839077	4.111415
7260	-572.0112	-741.4522	169.4411	0.05839077	3.549293
7266	-579.8247	-748.3489	168.5242	0.2312495	3.978351
7272	-584.1192	-752.6841	168.5649	0.253916	3.942063
7278	-577.4265	-744.9691	167.5426	0.06548735	4.627617
7284	-569.3179	-738.6292	169.3113	0.4716214	3.383646
7290	-576.3235	-743.8304	167.5068	0.3349832	4.496362
7296	-587.3501	-755.2318	167.8817	0.2140725	4.35323
7302	-583.1577	-751.744	168.5862	0.01881424	4.064228
7308	-582.8781	-752.1493	169.2712	0.0165616	3.672138
7314	-586.8216	-756.1108	169.2891	0.02584904	3.656393
7320	-575.5523	-744.1436	168.5913	0.01553069	4.063225
7326	-574.601	-742.0686	167.4676	0.06259863	4.671234
7332	-574.3403	-743.562	169.2216	0.1899032	3.600391
7338	-565.1023	-733.8151	168.7128	0.1830213	3.897951
7344	-572.6436	-739.5562	166.9126	0.1830213	4.913849
7350	-576.8635	-743.8476	166.984	0.2909736	4.813885
7356	-583.3626	-751.6553	168.2927	0.4880361	3.963896
7362	-575.4178	-743.862	168.4442	0.190239	4.047442
7368	-578.2637	-747.4157	169.152	0.2553871	3.602831
7374	-564.1523	-732.8988	168.7465	0.05410671	3.952505
7380	-558.5336	-727.0523	168.5188	0.3809276	3.895729
7386	-564.4925	-733.1133	168.6207	0.3335763	3.864386
7392	-574.5538	-743.8227	169.2689	0.2116723	3.560251
7398	-574.3698	-742.0916	167.7218	0.4072512	4.334425
7404	-570.3553	-737.8995	167.5442	0.4603691	4.404684
7410	-569.5164	-737.3146	167.7981	0.5181361	4.228417
7416	-575.9243	-743.4002	167.4759	0.4011953	4.476526
7422	-576.8408	-744.1097	167.2689	0.6104438	4.475263
7428	-588.3437	-755.3297	166.986	0.1495375	4.891648
7434	-582.4055	-749.0739	166.6684	0.5107351	4.867337
7440	-584.429	-750.9232	166.4941	0.1166944	5.182903
7446	-579.8115	-746.9056	167.0942	0.3617455	4.712826
7452	-584.4653	-751.1221	166.6568	0.6004488	4.823786
7458	-586.8361	-753.6343	166.7982	0.4590737	4.823786
7464	-598.8046	-767.1529	168.3483	0.008735623	4.205315
7470	-577.4144	-745.9938	168.5794	0.4228548	3.836831
7476	-589.4324	-756.7959	167.3635	0.3763416	4.553694
7482	-584.7467	-753.3109	168.5642	0.441246	3.835025
7488	-584.4953	-752.6275	168.1321	0.3374664	4.14135
7494	-585.2632	-753.9429	168.6797	0.7029499	3.617151
7500	-578.4575	-747.3429	168.8854	0.3664856	3.69289
7506	-576.1953	-744.9106	168.7153	0.2038739	3.884539
7512	-582.0479	-751.2937	169.2458	0.1624581	3.602315
7518	-574.8862	-743.3059	168.4197	0.2447223	4.03036
7524	-576.2777	-744.3921	168.1144	1.067329	3.733427
7530	-578.1829	-746.6808	168.4979	0.5471034	3.812249
7536	-577.8562	-745.5956	167.7394	0.2512801	4.412519
7542	-579.6706	-747.6411	167.9705	0.06990918	4.384448
7548	-577.6005	-746.6626	169.062	0.2230258	3.673714
7554	-584.1574	-753.0382	168.8808	0.2238491	3.777895
7560	-588.5354	-757.0062	168.4708	0.05281574	4.110598
7566	-581.7698	-749.9936	168.2237	0.2999304	4.110598
7572	-590.4395	-757.4815	167.0421	0.4241366	4.707076
7578	-586.2848	-755.0064	168.7216	0.2459144	3.856814
7584	-577.5995	-745.801	168.2015	0.1682592	4.198078
7590	-576.7943	-745.3665	168.5722	0.1690436	3.986475
7596	-576.5163	-744.7007	168.1844	0.4295751	4.059118
7602	-574.3029	-740.9334	166.6306	0.6573564	4.806668
7608	-567.6913	-734.6647	166.9735	0.3041773	4.812425
7614	-574.1647	-740.4371	166.2724	0.6910399	4.987385
7620	-582.6156	-750.5475	167.9319	0.4594192	4.185853
7626	-582.1959	-751.5449	169.3489	0.3208484	3.449935
7632	-572.6322	-741.1437	168.5116	0.3200826	3.934737
7638	-569.7825	-737.8005	168.018	0.08301562	4.350264
7644	-585.239	-753.3402	168.1012	0.01574494	4.341265
7650	-587.2947	-754.1221	166.8274	0.3352059	4.876581
7656	-583.8752	-751.1189	167.2437	0.424796	4.593755
7662	-567.1428	-735.1344	167.9916	0.008619239	4.407164
7668	-579.5629	-748.1615	168.5986	0.00410675	4.06557
7674	-587.7298	-756.2139	168.4842	0.01028222	4.127213
7680	-565.2136	-734.2933	169.0797	0.1751453	3.691184
7686	-580.6161	-748.8445	168.2283	0.1229696	4.208545
7692	-579.9276	-748.3363	168.4087	0.05666974	4.143737
7698	-579.5999	-747.1955	167.5955	0.04042252	4.611993
7704	-558.9203	-727.7922	168.8719	0.04495506	3.88587
7710	-568.9308	-736.6603	167.7295	0.0830566	4.512825
7716	-582.5571	-751.4456	168.8884	0.182439	3.79736
7722	-577.4065	-745.6543	168.2478	0.1094629	4.205151
7728	-573.159	-741.5446	168.3856	0.07482972	4.146552
7734	-588.6167	-756.9542	168.3374	0.2241917	4.088967
7740	-580.0253	-748.5726	168.5473	0.3998079	3.868534
7746	-575.4526	-743.6083	168.1556	0.5840185	3.987374
7752	-575.7158	-744.3479	168.6321	0.3284511	3.860791
7758	-556.4021	-724.8395	168.4373	0.05048086	4.13099
7764	-572.6393	-741.2667	168.6274	0.1153631	3.985627
7770	-577.9892	-746.2228	168.2336	0.1721669	4.177608
7776	-579.9567	-747.7206	167.7639	0.555882	4.226414
7782	-573.1004	-740.8918	167.7915	0.3392374	4.333479
7788	-576.3512	-744.4538	168.1027	0.1220386	4.280301
7794	-581.6793	-749.7384	168.0592	0.1326087	4.298936
7800	-577.9161	-745.0599	167.1437	0.296998	4.721324
7806	-569.8951	-737.6232	167.7281	0.292047	4.395883
7812	-579.7175	-747.9763	168.2588	0.4882901	3.983125
7818	-573.9287	-742.6171	168.6884	0.4777573	3.742405
7824	-583.1978	-752.3818	169.184	0.1671531	3.635432
7830	-577.5093	-745.4211	167.9118	0.363633	4.251541
7836	-587.4056	-755.5627	168.157	0.363633	4.112295
7842	-587.7071	-755.4267	167.7197	0.363633	4.360256
7848	-576.3153	-743.9804	167.6651	0.4182501	4.360256
7854	-570.6537	-740.0131	169.3594	0.3446715	3.429863
7860	-558.8501	-726.4963	167.6462	0.03098347	4.588868
7866	-569.6275	-738.1136	168.4861	0.1008081	4.07457
7872	-570.2267	-737.8067	167.58	0.2992144	4.475302
7878	-570.4546	-738.4368	167.9822	0.2374908	4.283128
7884	-570.6312	-739.9154	169.2843	0.06101528	3.638826
7890	-572.7427	-740.6113	167.8687	0.4869737	4.206094
7896	-579.1595	-747.4348	168.2753	0.008169135	4.247008
7902	-566.3864	-734.9384	168.552	0.007351356	4.09027
7908	-563.9568	-732.499	168.5423	0.01708529	4.09027
7914	-576.2997	-744.8093	168.5096	0.4753928	3.846747
7920	-571.8872	-741.4338	169.5466	0.08989723	3.469376
7926	-564.7839	-733.1068	168.3229	0.01710445	4.214946
7932	-591.7912	-759.1983	167.4071	0.06197365	4.705447
7938	-576.5524	-744.2117	167.6593	0.52253	4.304537
7944	-580.0477	-747.7959	167.7482	0.3404731	4.357243
7950	-571.4694	-739.2867	167.8173	0.2713455	4.357243
7956	-568.5582	-736.8218	168.2636	0.2713455	4.104183
7962	-574.5464	-742.5207	167.9744	0.1820442	4.318944
7968	-577.7349	-746.719	168.9842	0.1576385	3.75648
7974	-575.3115	-743.4527	168.1413	0.151405	4.241792
7980	-571.9217	-741.0126	169.0909	0.07683394	3.741509
7986	-581.4626	-747.7528	166.2902	0.4298368	5.122425
7992	-582.9401	-749.5115	166.5714	0.4298368	4.966368
7998	-586.9212	-754.7203	167.7991	0.107344	4.459996
8004	-581.6086	-749.7709	168.1623	0.1396666	4.23655
8010	-581.8756	-750.659	168.7833	0.08428514	3.914131
8016	-586.3897	-755.5016	169.1119	0.09806826	3.717139
8022	-593.7769	-762.7317	168.9549	0.2550754	3.717139
8028	-573.9676	-742.6369	168.6693	0.2108573	3.90696
8034	-575.1034	-743.2721	168.1687	0.6434932	3.945862
8040	-574.0915	-742.5224	168.4309	0.2771675	4.005416
8046	-561.9911	-730.7076	168.7164	0.557373	3.680242
8052	-552.1483	-721.2577	169.1094	0.2466343	3.632596
8058	-571.0036	-739.6458	168.6423	0.101794	3.984856
8064	-565.0023	-733.192	168.1897	0.02866096	4.283883
8070	-560.0727	-729.5683	169.4956	0.0300503	3.534013
8076	-572.9275	-741.1997	168.2722	0.4274985	4.010207
8082	-573.8646	-742.6958	168.8312	0.4316013	3.686598
8088	-574.3411	-742.2608	167.9197	0.6022184	4.11157
8094	-570.6895	-739.5037	168.8142	0.1105965	3.881345
8100	-568.2643	-736.277	168.0128	0.3391277	4.208202
8106	-572.126	-741.3128	169.1867	0.2812044	3.567617
8112	-562.3738	-731.3138	168.94	0.05429737	3.841431
8118	-570.5085	-739.445	168.9364	0.05783864	3.841431
8124	-572.9068	-741.3091	168.4023	0.2143811	4.057609
8130	-563.2472	-732.2168	168.9696	0.1598495	3.763603
8136	-567.8278	-737.0325	169.2046	0.3124511	3.53903
8142	-573.0719	-741.4638	168.3919	0.05198817	4.155962
8148	-571.6342	-739.2256	167.5914	0.3010678	4.467861
8154	-562.7046	-731.2639	168.5593	0.08603502	4.041271
8160	-574.1842	-742.4621	168.278	0.3673375	4.041271
8166	-582.1221	-749.1201	166.998	0.2602608	4.823252
8172	-579.8725	-748.7939	168.9214	0.1984032	3.769186
8178	-583.3856	-752.1243	168.7386	0.2754054	3.830057
8184	-580.5691	-747.2852	166.7161	0.6701697	4.751745
8190	-575.7032	-744.7337	169.0305	0.2474212	3.677835
8196	-568.6892	-737.8045	169.1153	0.0204827	3.759972
8202	-568.3282	-736.8137	168.4855	0.1219041	4.062902
8208	-573.0566	-741.9143	168.8577	0.1754544	3.819042
8214	-559.9786	-728.4362	168.4576	0.2520798	4.00451
8220	-563.0766	-731.1844	168.1078	0.2417275	4.209575
8226	-566.9846	-736.3883	169.4036	0.06317089	3.568287
8232	-572.1834	-741.302	169.1185	0.1363126	3.691199
8238	-579.1335	-748.0687	168.9352	0.4114923	3.638016
8244	-574.0839	-742.9548	168.8709	0.6088474	3.560769
8250	-577.3946	-746.4509	169.0564	0.3068114	3.628458
8256	-583.7698	-752.0256	168.2558	0.03079472	4.245225
8262	-571.026	-739.9866	168.9605	0.06399226	3.824037
8268	-574.9139	-743.344	168.4301	0.1425782	4.082702
8274	-578.83	-748.4313	169.6013	0.02100498	3.477686
8280	-570.5997	-739.7459	169.1462	0.5580359	3.429746
8286	-568.0401	-736.6126	168.5725	0.01916191	4.071855
8292	-581.4956	-749.456	167.9604	0.2496416	4.288606
8298	-576.2812	-744.6317	168.3505	0.2496416	4.067007
8304	-580.9779	-748.8224	167.8445	0.2001689	4.382094
8310	-579.9362	-749.0878	169.1516	0.1554833	3.660971
8316	-587.2664	-756.0204	168.7541	0.5529933	3.660971
8322	-584.1536	-752.4243	168.2707	0.2065227	4.137023
8328	-584.722	-751.131	166.409	0.04991042	5.266895
8334	-582.6603	-750.951	168.2907	0.04128511	4.219505
8340	-584.7057	-753.4252	168.7195	0.1963396	3.886474
8346	-572.6293	-741.3011	168.6718	0.01259348	4.018973
8352	-562.8486	-731.4933	168.6446	0.02899538	4.025095
8358	-565.6088	-734.2708	168.662	0.01160373	4.025095
8364	-573.4795	-742.0741	168.5946	0.05030178	4.041513
8370	-575.3683	-742.9479	167.5795	0.007603655	4.639375
8376	-587.1381	-754.4174	167.2793	0.5069196	4.527648
8382	-582.8125	-751.0639	168.2514	0.2184232	4.1412
8388	-577.7152	-746.2225	168.5073	0.1873958	4.01308
8394	-572.8769	-740.566	167.6891	0.2347178	4.450183
8400	-569.6547	-737.0197	167.365	0.3602105	4.561896
8406	-574.235	-743.6567	169.4217	0.5405039	3.278188
8412	-567.0401	-734.9989	167.9588	0.372831	4.219691
8418	-571.2636	-739.7808	168.5172	0.259069	3.966454
8424	-569.5075	-738.6135	169.1061	0.04062927	3.753666
8430	-575.8626	-744.9396	169.077	0.2954768	3.623073
8436	-572.2754	-740.6843	168.4089	0.1541608	4.088158
8442	-579.8711	-747.5585	167.6874	0.05918255	4.549922
8448	-571.479	-740.219	168.74	0.4791678	3.711816
8454	-569.5823	-738.1506	168.5683	0.2408343	3.947632
8460	-584.3882	-752.2921	167.904	0.4083387	4.230674
8466	-577.9999	-745.511	167.511	0.3858951	4.465344
8472	-578.0038	-745.8057	167.8019	0.9193248	3.997907
8478	-575.2126	-743.2193	168.0067	0.4472197	4.15027
8484	-582.4263	-751.1534	168.727	0.4472197	3.737757
8490	-586.0066	-754.6132	168.6066	0.3500695	3.863016
8496	-584.6216	-752.3335	167.7119	0.4863043	4.295299
8502	-574.4355	-742.5098	168.0743	0.1239157	4.295299
8508	-580.3088	-748.2416	167.9328	0.4295467	4.202262
8514	-586.4459	-755.5242	169.0784	0.09568314	3.737884
8520	-579.7708	-748.2761	168.5053	0.1255603	4.049511
8526	-588.9066	-757.7035	168.7969	0.1550894	3.86573
8532	-572.2817	-740.7203	168.4386	0.07064213	4.118801
8538	-571.1975	-738.5416	167.3441	0.0532494	4.745554
8544	-561.8199	-730.1231	168.3032	0.164556	4.142375
8550	-556.4945	-724.4252	167.9307	0.1935648	4.33713
8556	-564.4664	-733.4052	168.9388	0.05141025	3.843765
8562	-580.9574	-749.3422	168.3848	0.09358055	4.136335
8568	-588.2494	-757.2473	168.9978	0.1949945	3.727047
8574	-575.509	-743.7524	168.2435	0.2744162	4.113874
8580	-575.0868	-743.8485	168.7617	0.2640003	3.823374
8586	-571.829	-740.1237	168.2947	0.443304	3.988307
8592	-580.4477	-748.5445	168.0968	0.6411964	3.988307
8598	-575.2138	-744.0784	168.8646	0.4414665	3.661544
8604	-576.2448	-743.861	167.6162	0.7195249	4.217374
8610	-572.1429	-739.9666	167.8237	0.7384604	4.088681
8616	-570.5115	-737.6497	167.1381	0.206545	4.774992
8622	-564.7413	-733.4894	168.7481	0.04370177	3.957565
8628	-559.2006	-727.5297	168.3292	0.04370177	4.196306
8634	-571.3496	-739.3184	167.9688	0.4041075	4.196306
8640	-568.7561	-738.082	169.3259	0.1978913	3.535107
8646	-563.2357	-731.8115	168.5759	0.1146912	4.015431
8652	-560.4045	-727.9603	167.5558	0.3025077	4.487065
8658	-569.757	-738.2439	168.4869	0.3025077	3.958916
8664	-577.744	-745.3206	167.5766	0.5742016	4.322098
8670	-570.8477	-737.4618	166.6141	0.3818042	4.96933
8676	-569.9078	-737.8073	167.8996	0.2185227	4.34061
8682	-570.2337	-737.9343	167.7007	0.5049369	4.291119
8688	-567.9188	-735.9366	168.0178	0.09048811	4.346122
8694	-569.8302	-736.6779	166.8477	0.2722325	4.900335
8700	-586.9483	-754.6816	167.7333	0.2687374	4.406136
8706	-577.1316	-745.2284	168.0968	0.4918567	4.073584
8712	-561.2281	-729.4906	168.2625	0.1766548	4.158637
8718	-560.0429	-727.7085	167.6656	0.3920848	4.374714
8724	-553.346	-720.848	167.5019	0.2256846	4.560553
8730	-558.5674	-725.97	167.4026	0.1818506	4.640882
8736	-557.024	-726.0843	169.0603	0.617477	3.445262
8742	-561.7232	-729.9003	168.177	0.3055649	4.133953
8748	-565.363	-734.3147	168.9517	0.3409705	3.669286
8754	-566.8715	-735.9606	169.0891	0.180366	3.682748
8760	-568.065	-735.9487	167.8837	0.03078664	4.455459
8766	-583.8877	-752.0929	168.2052	0.2512588	4.148818
8772	-577.8018	-745.2066	167.4048	0.5486454	4.433502
8778	-580.0453	-747.846	167.8007	0.1819949	4.417031
8784	-583.7645	-751.3736	167.609	0.3736398	4.417031
8790	-591.8382	-759.7818	167.9436	0.4620352	4.177694
8796	-576.333	-745.6241	169.2911	0.08049093	3.623585
8802	-583.6999	-752.2383	168.5384	0.3706011	3.890421
8808	-571.1546	-739.564	168.4094	0.4509363	3.918301
8814	-578.0779	-746.5535	168.4756	0.3801072	3.920963
8820	-566.4889	-734.0532	167.5643	0.06670063	4.614771
8826	-572.6565	-740.5632	167.9067	0.2929623	4.294463
8832	-570.0947	-738.6085	168.5138	0.1600431	4.024978
8838	-574.0952	-742.7043	168.6091	0.2172435	3.937781
8844	-579.8116	-748.2665	168.4549	0.2504875	4.006947
8850	-574.134	-742.7926	168.6586	0.0742152	3.991282
8856	-571.9573	-740.6738	168.7165	0.1859016	3.894183
8862	-571.0392	-740.3864	169.3473	0.2427438	3.496529
8868	-571.7712	-738.9001	167.1289	0.4913798	4.620772
8874	-567.2664	-736.8902	169.6238	0.05524555	3.444523
8880	-591.875	-760.4474	168.5724	0.3785119	3.866327
8886	-598.6134	-766.8529	168.2395	0.2007327	4.158036
8892	-582.351	-750.7585	168.4074	0.4956908	3.893762
8898	-578.0351	-746.0166	167.9816	0.4364924	4.170648
8904	-581.0992	-750.2521	169.1529	0.1567512	3.659479
8910	-571.7706	-739.3762	167.6055	0.2408906	4.493773
8916	-575.725	-744.6573	168.9323	0.2799506	3.715804
8922	-581.1441	-748.9881	167.8441	0.112636	4.431681
8928	-574.3987	-743.1242	168.7256	0.0167676	3.985856
8934	-564.0843	-732.9576	168.8733	0.05731813	3.877991
8940	-563.6588	-731.9496	168.2908	0.3277689	4.056534
8946	-564.9549	-732.2211	167.2662	0.3499618	4.623088
8952	-564.3553	-732.293	167.9377	0.184773	4.33811
8958	-555.0695	-724.0596	168.9901	0.2463485	3.701806
8964	-558.7784	-726.9075	168.1291	0.2307044	4.203701
8970	-581.1269	-748.8339	167.707	0.631378	4.215909
8976	-562.773	-730.8793	168.1063	0.2320063	4.215909
8982	-561.5004	-730.248	168.7476	0.1506906	3.896555
8988	-570.6904	-739.2947	168.6043	0.08999838	4.013302
8994	-573.7055	-743.2044	169.4989	0.04668888	3.522433
9000	-566.8416	-735.4497	168.6081	0.05165123	4.033045
9006	-571.9296	-740.5088	168.5792	0.0805222	4.033045
9012	-566.2873	-735.4085	169.1212	0.02962671	3.751287
9018	-564.301	-733.4455	169.1445	0.0900325	3.702949
9024	-573.308	-742.3276	169.0195	0.09951276	3.769602
9030	-578.4857	-748.0828	169.5972	0.4978291	3.199664
9036	-573.3558	-741.1727	167.8169	0.4336464	4.265643
9042	-567.0435	-736.1901	169.1466	0.3228064	3.566792
9048	-572.8174	-741.5594	168.7419	0.2409444	3.847986
9054	-576.3419	-744.7953	168.4535	0.04046393	4.12752
9060	-596.1703	-763.1127	166.9423	0.1366846	4.923103
9066	-573.6973	-742.3928	168.6955	0.1047813	3.952708
9072	-583.6259	-751.5745	167.9487	0.3225906	4.253919
9078	-577.5832	-745.7886	168.2054	0.06585267	4.253919
9084	-576.2082	-744.4394	168.2311	0.08609309	4.227887
9090	-569.7314	-737.7613	168.0299	0.3436613	4.19594
9096	-573.2889	-741.3487	168.0598	0.3704558	4.16371
9102	-586.835	-755.346	168.511	0.3072506	3.9424
9108	-593.6549	-762.3071	168.6522	0.1660544	3.9424
9114	-578.0191	-745.0012	166.982	0.4166393	4.744835
9120	-582.5312	-751.6155	169.0843	0.4154623	3.549128
9126	-573.1132	-741.2864	168.1732	0.1268485	4.237623
9132	-577.7206	-745.5762	167.8556	0.2679334	4.337538
9138	-578.079	-745.7834	167.7043	0.1417204	4.493997
9144	-571.6793	-739.4608	167.7815	0.4687922	4.26584
9150	-584.4795	-752.4443	167.9648	0.06315362	4.391488
9156	-578.1514	-745.2591	167.1078	0.3503815	4.711586
9162	-592.6072	-759.3261	166.7189	0.4349272	4.881451
9168	-572.453	-741.7775	169.3245	0.2244212	3.520469
9174	-575.1388	-744.4351	169.2963	0.1459332	3.582579
9180	-587.7626	-756.3741	168.6115	0.1304563	3.986084
9186	-583.4386	-751.8389	168.4003	0.3416522	3.986084
9192	-572.5015	-740.7188	168.2174	0.1953318	4.173701
9198	-576.0469	-743.7366	167.6897	0.3184229	4.402701
9204	-583.2509	-752.086	168.8351	0.07389868	3.890381
9210	-580.4682	-748.7143	168.2461	0.2522672	4.124977
9216	-575.7409	-744.0231	168.2822	0.8333387	3.771636
9222	-569.5897	-738.1636	168.5739	0.5416498	3.771636
9228	-569.2976	-737.5255	168.2279	0.1677963	4.183335
9234	-586.2599	-752.2076	165.9477	0.4783009	5.285112
9240	-591.347	-760.2779	168.9309	0.1753978	3.776969
9246	-583.081	-751.3526	168.2715	0.3583801	4.050058
9252	-572.1685	-741.2712	169.1027	0.1127585	3.713964
9258	-590.0824	-758.8031	168.7207	0.2939628	3.829689
9264	-580.4487	-747.928	167.4794	0.3201899	4.520139
9270	-575.979	-744.5729	168.5939	0.009469653	4.065201
9276	-574.872	-743.1928	168.3208	0.01504918	4.21731
9282	-570.0152	-738.4663	168.4511	0.0981043	4.09606
9288	-586.7001	-756.602	169.9019	0.2232445	3.181809
9294	-583.2264	-750.9735	167.7471	0.2232445	4.424002
9300	-587.7822	-755.628	167.8458	0.4467759	4.241862
9306	-565.134	-733.3428	168.2088	0.2346217	4.15624
9312	-579.3438	-747.7126	168.3688	0.3694558	3.988197
9318	-575.9212	-744.9568	169.0355	0.2552469	3.670415
9324	-583.5961	-751.7691	168.173	0.4548562	4.051243
9330	-575.806	-744.2279	168.4219	0.2292392	4.037957
9336	-586.5852	-755.1254	168.5402	0.1109319	4.037957
9342	-579.7546	-747.7632	168.0085	0.4920975	4.123703
9348	-573.3664	-741.6393	168.2729	0.02465751	4.239034
9354	-570.7812	-738.5406	167.7595	0.4729701	4.275928
9360	-575.9762	-744.1791	168.2029	0.1929509	4.183275
9366	-589.922	-757.695	167.773	0.3131308	4.358649
9372	-567.6677	-736.6432	168.9754	0.03062873	3.834647
9378	-579.7117	-747.2402	167.5285	0.05816283	4.639649
9384	-570.0652	-737.8684	167.8032	0.2337389	4.386437
9390	-579.3696	-746.9363	167.5667	0.3597746	4.448699
9396	-588.1237	-756.9235	168.7998	0.2400139	3.815244
9402	-591.5833	-760.3081	168.7248	0.431269	3.748236
9408	-589.6873	-756.8632	167.1759	0.431269	4.628149
9414	-579.0762	-747.3657	168.2896	0.2910714	4.078144
9420	-581.9924	-749.8462	167.8539	0.1388304	4.411388
9426	-572.9827	-741.245	168.2623	0.1591967	4.168697
9432	-576.4502	-744.1933	167.7431	0.3689985	4.343996
9438	-586.098	-753.854	167.7561	0.1988164	4.432703
9444	-595.793	-763.5427	167.7497	0.329236	4.362694
9450	-579.0149	-746.9006	167.8857	0.3409823	4.279206
9456	-558.5992	-727.0625	168.4633	0.2174706	4.021037
9462	-561.6361	-729.5963	167.9602	0.4462095	4.177291
9468	-577.7944	-745.6307	167.8363	0.0772466	4.455975
9474	-566.569	-734.8835	168.3146	0.07044486	4.189425
9480	-552.9025	-721.5622	168.6598	0.1046402	3.97323
9486	-551.2324	-719.9964	168.764	0.2191734	3.847812
9492	-556.5673	-724.41	167.8427	0.08611861	4.447386
9498	-570.1658	-738.4828	168.317	0.2082155	4.109703
9504	-574.3167	-742.1821	167.8654	0.7753048	4.04388
9510	-567.4552	-736.2703	168.8151	0.3428683	3.747173
9516	-572.9852	-740.7949	167.8097	0.6584135	4.142187
9522	-570.0292	-738.5531	168.5239	0.1317738	4.03537
9528	-577.2266	-744.201	166.9743	0.4927697	4.706568
9534	-583.5121	-751.9866	168.4745	0.1457908	4.055533
9540	-571.8379	-739.9436	168.1057	0.06826057	4.309017
9546	-567.8157	-736.182	168.3664	0.2445833	4.060864
9552	-579.895	-748.235	168.3401	0.1461156	4.131905
9558	-591.2312	-760.6461	169.4149	0.2902302	3.429253
9564	-573.0631	-741.2771	168.214	0.2341691	4.153553
9570	-571.9632	-740.3523	168.3891	0.1163722	4.120958
9576	-577.0212	-744.9574	167.9363	0.08994259	4.392492
9582	-575.8362	-743.2459	167.4097	0.532412	4.439913
9588	-579.5628	-747.6033	168.0405	0.2104343	4.265473
9594	-584.2333	-752.5488	168.3154	0.3361304	4.037702
9600	-574.7812	-743.4717	168.6906	0.3906784	3.791391
9606	-565.194	-733.9987	168.8048	0.1569517	3.860126
9612	-564.5765	-732.7898	168.2133	0.1820314	4.183551
9618	-561.4874	-730.7249	169.2375	0.1482645	3.615371
9624	-558.3974	-727.646	169.2486	0.2596956	3.544125
9630	-566.9216	-736.3547	169.4331	0.3605566	3.377342
9636	-568.5223	-737.3526	168.8303	0.329907	3.745875
9642	-567.6483	-735.8106	168.1622	0.1196499	4.247915
9648	-560.9368	-730.4427	169.5059	0.3275116	3.354037
9654	-560.1318	-729.7145	169.5828	0.2506027	3.354037
9660	-584.3822	-753.0897	168.7075	0.2196326	3.879999
9666	-578.7917	-747.0448	168.2531	0.05715553	4.231822
9672	-579.5139	-747.2191	167.7052	0.3948116	4.350817
9678	-571.6001	-740.5281	168.928	0.3162779	3.697286
9684	-586.0073	-754.7789	168.7716	0.2859989	3.804998
9690	-576.9001	-744.8296	167.9295	0.4039748	4.218638
9696	-574.8971	-742.8872	167.9901	0.02750821	4.397316
