Iteration	Posterior	Likelihood	Prior	acrv_sd	tree_length
0	-1459.087	-1626.29	167.2029	0.06458536	4.818068
6	-1459.939	-1626.419	166.4801	0.03226932	5.23735
12	-1461.423	-1627.933	166.5098	0.002636152	5.23735
18	-1458.624	-1625.115	166.4904	0.0319611	5.231815
24	-1452.056	-1619.06	167.0047	0.1122219	4.901975
30	-1451.475	-1618.557	167.0824	0.1412497	4.842531
36	-1471.705	-1638.254	166.5484	0.08461028	5.170624
42	-1466.1	-1633.18	167.0793	0.1070987	4.863281
48	-1463.465	-1630.48	167.0146	0.03145178	4.941457
54	-1467.728	-1634.253	166.5252	0.2059196	5.116301
60	-1463.485	-1629.868	166.3824	0.1599144	5.220785
66	-1464.225	-1630.279	166.0532	0.2350778	5.361069
72	-1461.627	-1628.306	166.6796	0.2361361	5.013875
78	-1467.094	-1634.28	167.1859	0.3093361	4.690852
84	-1462.351	-1629.471	167.1203	0.002035525	4.898983
90	-1467.248	-1634.253	167.0048	0.1175877	4.898983
96	-1459.652	-1626.55	166.8972	0.2554831	4.882062
102	-1460.112	-1626.439	166.327	0.2554831	5.198595
108	-1471.158	-1638.406	167.2489	0.2292881	4.700379
114	-1472.13	-1639.909	167.7793	0.2620911	4.383923
120	-1462.733	-1630.61	167.8773	0.2904649	4.312548
126	-1447.46	-1615.201	167.7413	0.07054565	4.513226
132	-1463.922	-1631.626	167.7045	0.06303262	4.538152
138	-1456.801	-1624.475	167.6737	0.09380342	4.538152
144	-1458.754	-1625.339	166.5852	0.2482577	5.059571
150	-1460.896	-1627.615	166.7193	0.1140796	5.059571
156	-1453.75	-1620.506	166.7566	0.04223237	5.078755
162	-1458.031	-1623.26	165.2296	0.2286066	5.816903
168	-1449.807	-1616.577	166.7703	0.1196062	5.028203
174	-1457.516	-1623.796	166.2793	0.1322418	5.293081
180	-1474.226	-1640.268	166.0429	0.3686268	5.293081
186	-1459.426	-1626.737	167.3111	0.151863	4.708859
192	-1459.539	-1625.952	166.4129	0.2756116	5.139913
198	-1460.264	-1627.266	167.0013	0.05897548	4.933556
204	-1463.644	-1630.563	166.9186	0.1415945	4.933556
210	-1458.367	-1624.463	166.0956	0.1415945	5.389228
216	-1465.116	-1632.443	167.3267	0.2071205	4.669215
222	-1467.786	-1635.014	167.2285	0.08097291	4.794667
228	-1462.759	-1630.118	167.3593	0.01814821	4.756712
234	-1452.688	-1620.205	167.517	0.1787831	4.5784
240	-1457.107	-1624.36	167.2528	0.160053	4.736933
246	-1459.408	-1626.525	167.1179	0.1532618	4.816045
252	-1465.236	-1631.693	166.457	0.2940422	5.105266
258	-1458.511	-1624.984	166.4737	0.1881145	5.154678
264	-1469.763	-1636.056	166.2932	0.145419	5.278106
270	-1453.489	-1620.967	167.4781	0.2977928	4.533453
276	-1461.881	-1628.879	166.9974	0.3042377	4.79903
282	-1450.186	-1617.19	167.0043	0.260765	4.819416
288	-1451.551	-1619.581	168.0303	0.2256993	4.26259
294	-1454.88	-1622.419	167.5385	0.0341526	4.647459
300	-1459.156	-1626.31	167.1545	0.08693472	4.832633
306	-1461.328	-1629.664	168.3357	0.01826088	4.207019
312	-1459.308	-1626.682	167.3745	0.07706575	4.715278
318	-1452.4	-1618.765	166.3643	0.1158436	5.255195
324	-1455.594	-1621.885	166.2912	0.1637342	5.269105
330	-1452.869	-1619.2	166.3302	0.1247043	5.269105
336	-1467.811	-1634.88	167.0684	0.3349219	4.742253
342	-1466.928	-1634.092	167.1643	0.07629892	4.833111
348	-1461.8	-1629.19	167.3901	0.02005797	4.738433
354	-1470.105	-1637.657	167.5525	0.1029016	4.601078
360	-1464.344	-1630.997	166.6529	0.03452149	5.1405
366	-1454.938	-1622.071	167.1328	0.03130748	4.875713
372	-1464.655	-1631.467	166.8118	0.06283778	5.036674
378	-1459.652	-1626.983	167.3308	0.006502042	4.779103
384	-1457.815	-1624.341	166.5261	0.5084641	4.947858
390	-1463.784	-1630.487	166.7027	0.09775577	5.077883
396	-1469.514	-1637.326	167.8115	0.1513575	4.428227
402	-1467.538	-1634.581	167.0429	0.05133114	4.914648
408	-1461.559	-1627.838	166.2791	0.2413747	5.23289
414	-1459.275	-1626.55	167.2745	0.1197505	4.747283
420	-1456.397	-1623.572	167.1748	0.05110935	4.841269
426	-1456.6	-1623.59	166.9904	0.05110935	4.943964
432	-1447.397	-1614.488	167.0916	0.07607199	4.873721
438	-1447.206	-1614.145	166.9388	0.1003354	4.945284
444	-1448.57	-1614.964	166.3937	0.2439194	5.1681
450	-1455.728	-1622.213	166.4853	0.3180928	5.076246
456	-1466.414	-1633.738	167.3245	0.0495517	4.758615
462	-1465.758	-1633.306	167.5477	0.1385035	4.583789
468	-1452.329	-1619.872	167.5429	0.1138696	4.600318
474	-1463.013	-1630.693	167.6794	0.2170021	4.465633
480	-1451.695	-1618.28	166.5851	0.2170021	5.076972
486	-1454.576	-1621.017	166.4409	0.3611309	5.076972
492	-1463.385	-1630.594	167.2098	0.1456169	4.768995
498	-1449.129	-1615.572	166.4427	0.2162932	5.156253
504	-1451.443	-1618.953	167.5096	0.1597802	4.593251
510	-1458.093	-1625.158	167.065	0.1768684	4.83236
516	-1457.658	-1624.061	166.403	0.2242743	5.173807
522	-1449.792	-1616.648	166.8555	0.1586538	4.959212
528	-1453.854	-1621.208	167.3546	0.04886644	4.74215
534	-1466.771	-1633.089	166.318	0.2392726	5.21254
540	-1467.795	-1635.953	168.1574	0.1626842	4.226244
546	-1457.369	-1624.519	167.1494	0.3419593	4.693005
552	-1456.356	-1623.435	167.0791	0.1116477	4.86089
558	-1454.004	-1620.663	166.6589	0.1152248	5.092482
564	-1457.304	-1623.098	165.7938	0.3244153	5.454781
570	-1456.228	-1622.813	166.5848	0.05204729	5.168515
576	-1455.164	-1621.8	166.6362	0.1959519	5.060287
582	-1455.676	-1621.733	166.0574	0.1254274	5.419211
588	-1468.726	-1634.617	165.8907	0.0548371	5.549765
594	-1474.717	-1641.615	166.8974	0.1477137	4.941946
600	-1454.269	-1621.967	167.6986	0.03694734	4.556107
606	-1449.256	-1616.522	167.2669	0.03946638	4.796374
612	-1452.359	-1618.529	166.1692	0.1377706	5.350762
618	-1449.684	-1616.175	166.4909	0.04834562	5.222509
624	-1468.283	-1635.13	166.8468	0.2764619	4.898445
630	-1459.276	-1626.31	167.0344	0.08890376	4.898445
636	-1451.675	-1618.571	166.8957	0.3409633	4.835294
642	-1453.161	-1619.101	165.9403	0.3193141	5.376885
648	-1459.134	-1625.465	166.3316	0.1411146	5.259261
654	-1462.719	-1628.861	166.1421	0.3199547	5.265165
660	-1460.151	-1627.666	167.5157	0.1022754	4.622049
666	-1461.551	-1628.542	166.9916	0.1429626	4.892173
672	-1457.698	-1624.871	167.1736	0.160771	4.780747
678	-1456.665	-1623.388	166.7232	0.160771	5.031492
684	-1455.11	-1622.11	166.9994	0.3010822	4.799658
690	-1461.052	-1627.848	166.7964	0.2703288	4.929966
696	-1456.104	-1623.461	167.3576	0.04499888	4.742656
702	-1456.073	-1623.076	167.003	0.03943768	4.943455
708	-1468.635	-1635.666	167.0311	0.01132078	4.943455
714	-1453.856	-1621.861	168.005	0.1199591	4.336738
720	-1458.037	-1624.718	166.6807	0.2643588	4.997609
726	-1468.872	-1635.519	166.6471	0.09648173	5.109372
732	-1455.825	-1622.46	166.6346	0.1345748	5.095189
738	-1452.282	-1619.621	167.3388	0.05904793	4.745309
744	-1450.215	-1616.439	166.2247	0.006750187	5.392416
750	-1468.835	-1636.324	167.489	0.03616153	4.674095
756	-1458.902	-1625.617	166.7147	0.05530017	5.094734
762	-1463.207	-1629.956	166.7491	0.2641625	4.95966
768	-1457.408	-1624.364	166.9553	0.207945	4.876217
774	-1465.09	-1632.615	167.5253	0.3408366	4.48268
780	-1462.255	-1629.148	166.8923	0.1573522	4.93943
786	-1461.296	-1628.677	167.3808	0.08982997	4.704597
792	-1465.812	-1633.122	167.3096	0.1609965	4.704597
798	-1442.603	-1609.96	167.3575	0.1131296	4.704597
804	-1451.28	-1618.218	166.9377	0.05250659	4.972504
810	-1467.216	-1634.104	166.8882	0.10056	4.97333
816	-1453.146	-1620.734	167.5882	0.02371366	4.625454
822	-1455.78	-1622.513	166.7334	0.01137714	5.108717
828	-1457.075	-1624.607	167.532	0.004514021	4.667729
834	-1453.36	-1620.895	167.5349	0.00156377	4.667729
840	-1456.397	-1623.766	167.3695	0.0572123	4.729167
846	-1467.947	-1635.059	167.1122	0.3145044	4.729167
852	-1455.61	-1622.382	166.7728	0.1366832	5.017324
858	-1459.352	-1625.993	166.641	0.2685694	5.017324
864	-1458.909	-1625.948	167.0389	0.01300242	4.938173
870	-1464.605	-1631.997	167.392	0.09072595	4.697824
876	-1456.067	-1623.258	167.1902	0.1536293	4.775486
882	-1450.6	-1617.539	166.9395	0.1536293	4.915236
888	-1451.156	-1618.116	166.9596	0.2105796	4.872314
894	-1457.297	-1624.177	166.8801	0.1343022	4.959021
900	-1454.487	-1621.895	167.408	0.1104944	4.677785
906	-1461.09	-1628.55	167.4596	0.05891996	4.677785
912	-1464.027	-1630.91	166.8825	0.0907995	4.981909
918	-1467.406	-1634.636	167.2296	0.02074421	4.827631
924	-1465.578	-1630.984	165.4065	0.2314531	5.718523
930	-1474.856	-1640.46	165.6036	0.03431103	5.718523
936	-1476.464	-1642.917	166.4535	0.06224825	5.23552
942	-1466.15	-1632.984	166.8347	0.0967934	5.005124
948	-1471.246	-1638.757	167.5109	0.2507577	4.541444
954	-1464.712	-1631.033	166.3207	0.09108961	5.292913
960	-1454.48	-1621.705	167.2247	0.04273964	4.818085
966	-1454.543	-1621.81	167.2666	0.0008413179	4.818085
972	-1455.942	-1622.83	166.8877	0.01604685	5.020535
978	-1463.822	-1630.496	166.6742	0.04594588	5.122357
984	-1457.417	-1624.401	166.9831	0.04594588	4.950924
990	-1454.856	-1621.984	167.1279	0.2250087	4.770411
996	-1457.404	-1624.032	166.6272	0.2039293	5.060835
1002	-1452.63	-1618.873	166.2437	0.2005596	5.275024
1008	-1457.215	-1623.642	166.4279	0.01937803	5.273316
1014	-1450.527	-1617.635	167.1077	0.1238279	4.838155
1020	-1452.309	-1619.281	166.9717	0.04143301	4.959727
1026	-1469.758	-1636.496	166.7378	0.2076274	4.997368
1032	-1465.089	-1632.689	167.5997	0.2306174	4.502849
1038	-1453.148	-1620.225	167.0765	0.1113436	4.862521
1044	-1451.067	-1618.082	167.0152	0.2750117	4.805381
1050	-1453.574	-1621.185	167.6117	0.05026418	4.597409
1056	-1453.166	-1620.392	167.2255	0.3404959	4.651232
1062	-1455.827	-1623.266	167.4392	0.1267045	4.651232
1068	-1455.035	-1622.869	167.8336	0.007279654	4.49688
1074	-1452.324	-1620.242	167.918	0.1448927	4.371767
1080	-1458.677	-1625.252	166.5751	0.03453377	5.183594
1086	-1447.821	-1614.484	166.6629	0.2070314	5.039294
1092	-1460.248	-1627.051	166.8023	0.1214207	5.009418
1098	-1452.208	-1619.531	167.3233	0.09053281	4.736361
1104	-1457.219	-1624.206	166.9875	0.0916203	4.923069
1110	-1460.968	-1627.715	166.7474	0.1193667	5.041089
1116	-1473.311	-1641.158	167.847	0.004930197	4.49069
1122	-1459.958	-1626.302	166.3435	0.003210205	5.328863
1128	-1458.963	-1626.148	167.1852	0.2078564	4.747998
1134	-1459.83	-1627.228	167.3982	0.05809532	4.712593
1140	-1456.554	-1622.543	165.9892	0.07746543	5.483175
1146	-1463.103	-1629.496	166.3927	0.04172854	5.280435
1152	-1451.677	-1618.664	166.9866	0.2021365	4.861996
1158	-1450.393	-1617.341	166.9476	0.1840071	4.893822
1164	-1461.965	-1628.629	166.6635	0.198169	5.043907
1170	-1464.093	-1630.938	166.8453	0.3074683	4.882034
1176	-1459.692	-1626.687	166.9948	0.1579335	4.882034
1182	-1460.521	-1627.334	166.8132	0.2565429	4.928257
1188	-1449.567	-1615.955	166.3874	0.1044319	5.24873
1194	-1457.004	-1624.588	167.5836	0.03874929	4.619603
1200	-1456.698	-1623.857	167.1593	0.09865637	4.823416
1206	-1465.919	-1633.34	167.4215	0.1692603	4.637344
1212	-1466.302	-1632.346	166.0437	0.1692603	5.402614
1218	-1461.957	-1628.544	166.5867	0.04445531	5.171642
1224	-1462.009	-1629.619	167.6101	0.1858649	4.522131
1230	-1459.188	-1627.035	167.8469	0.1717224	4.396757
1236	-1449.988	-1617.27	167.2818	0.03963765	4.787967
1242	-1443.492	-1610.483	166.9907	0.3307236	4.787967
1248	-1450.044	-1616.977	166.9333	0.07393175	4.963046
1254	-1458.674	-1625.658	166.984	0.02322549	4.963046
1260	-1467.621	-1634.562	166.9409	0.02322549	4.987004
1266	-1456.874	-1623.45	166.5765	0.3093731	5.030459
1272	-1454.698	-1622.268	167.5704	0.215361	4.527908
1278	-1448.857	-1615.491	166.6336	0.2119481	5.052844
1284	-1448.539	-1613.975	165.4363	0.2711011	5.680459
1290	-1460.39	-1626.937	166.5474	0.02951283	5.201669
1296	-1451.131	-1618.806	167.6756	0.2328359	4.458852
1302	-1447.99	-1615.263	167.2735	0.2012378	4.702309
1308	-1452.443	-1619.568	167.1247	0.2484363	4.759118
1314	-1458.313	-1624.631	166.3185	0.106034	5.285912
1320	-1453.871	-1620.188	166.3165	0.1080027	5.285912
1326	-1461.007	-1627.231	166.2235	0.2010077	5.285912
1332	-1460.593	-1627.357	166.764	0.1324599	5.024556
1338	-1450.02	-1617.15	167.13	0.06394993	4.859076
1344	-1460.639	-1628.148	167.5095	0.04020887	4.660305
1350	-1465.212	-1632.876	167.6642	0.04509035	4.570847
1356	-1458.969	-1626.069	167.0998	0.2562543	4.768661
1362	-1466.048	-1632.978	166.9303	0.3021444	4.837626
1368	-1462.355	-1629.632	167.2767	0.1447438	4.732114
1374	-1471.729	-1637.505	165.7755	0.2265833	5.518659
1380	-1475.226	-1641.555	166.3287	0.3080906	5.168559
1386	-1466.668	-1633.395	166.7279	0.1488721	5.035533
1392	-1470.061	-1636.815	166.7544	0.1222893	5.035533
1398	-1466.322	-1633.486	167.1646	0.07858702	4.831619
1404	-1464.999	-1631.41	166.4118	0.05432731	5.262914
1410	-1456.049	-1623.99	167.9409	0.1212793	4.372171
1416	-1448.609	-1615.812	167.203	0.1194296	4.787443
1422	-1455.889	-1622.676	166.787	0.1194296	5.01905
1428	-1473.166	-1640.356	167.1903	0.3014721	4.692765
1434	-1459.231	-1626.039	166.8082	0.2030662	4.960807
1440	-1461.525	-1629.081	167.5558	0.05348366	4.626975
1446	-1454.24	-1620.858	166.6177	0.1862176	5.075939
1452	-1460.678	-1626.505	165.8268	0.1550264	5.529804
1458	-1452.561	-1618.806	166.2449	0.3150697	5.211061
1464	-1449.782	-1617.17	167.3877	0.01856369	4.740613
1470	-1468.8	-1634.952	166.1522	0.228862	5.309922
1476	-1454.832	-1621.061	166.2296	0.1514171	5.309922
1482	-1471.913	-1638.589	166.6763	0.3329573	4.961894
1488	-1462.613	-1629.43	166.8168	0.1924542	4.961894
1494	-1459.094	-1626.018	166.9239	0.08542847	4.961894
1500	-1462.319	-1629.323	167.0037	0.005542478	4.961894
1506	-1462.469	-1629.842	167.3728	0.01539532	4.75069
1512	-1466.176	-1633.645	167.4683	0.01223654	4.699026
1518	-1461.613	-1629.233	167.6201	0.08175539	4.575005
1524	-1464.98	-1632.255	167.2747	0.2245176	4.68858
1530	-1464.504	-1630.993	166.4882	0.2245176	5.126479
1536	-1456.817	-1624.871	168.0532	0.006613289	4.373517
1542	-1463.826	-1630.924	167.0983	0.07624054	4.869919
1548	-1470.261	-1636.979	166.7177	0.166416	5.03146
1554	-1457.691	-1624.173	166.4816	0.05018737	5.226607
1560	-1454.313	-1621.216	166.9035	0.1042757	4.962706
1566	-1454.793	-1621.638	166.8441	0.1636892	4.962706
1572	-1451.339	-1618.017	166.6775	0.1923444	5.039331
1578	-1455.699	-1623	167.3015	0.1518691	4.714279
1584	-1466.95	-1634.155	167.2048	0.2367087	4.720895
1590	-1455.363	-1621.78	166.4172	0.1200644	5.223587
1596	-1456.817	-1624.68	167.8625	0.08938252	4.434421
1602	-1452.93	-1619.607	166.677	0.08252819	5.100529
1608	-1454.555	-1621.056	166.5003	0.2001735	5.133267
1614	-1463.679	-1630.35	166.6717	0.02879727	5.133267
1620	-1450.055	-1617.633	167.5782	0.03739685	4.623396
1626	-1451.815	-1618.927	167.1117	0.1434467	4.824949
1632	-1448.714	-1615.766	167.0521	0.054205	4.907922
1638	-1454.124	-1620.813	166.6893	0.4169955	4.907922
1644	-1452.758	-1619.66	166.9022	0.2155718	4.901535
1650	-1453.802	-1620.9	167.0985	0.01928445	4.901535
1656	-1458.858	-1625.462	166.6042	0.006260116	5.183106
1662	-1463.785	-1630.708	166.9232	0.06594496	4.973107
1668	-1463.067	-1629.997	166.9308	0.2810757	4.849128
1674	-1457.581	-1624.949	167.3685	0.3355049	4.573831
1680	-1464.134	-1630.637	166.5036	0.157431	5.15511
1686	-1456.424	-1623.87	167.4464	0.09141224	4.666982
1692	-1461.23	-1628.439	167.2096	0.1041495	4.792274
1698	-1465.453	-1632.462	167.0088	0.08877799	4.912776
1704	-1455.449	-1622.194	166.7455	0.1836333	5.006432
1710	-1457.133	-1624.305	167.1718	0.08041993	4.826605
1716	-1458.905	-1625.644	166.7392	0.04374055	5.087588
1722	-1449.454	-1615.516	166.0625	0.275131	5.333866
1728	-1449.936	-1616.626	166.6899	0.1638988	5.048283
1734	-1453.665	-1620.51	166.8453	0.1638988	4.961947
1740	-1456.078	-1623.68	167.6025	0.1398049	4.552325
1746	-1461.873	-1628.189	166.3161	0.2398163	5.213284
1752	-1455.936	-1623.066	167.1305	0.0333617	4.875852
1758	-1452.914	-1620.284	167.3698	0.03271501	4.742665
1764	-1462.271	-1629.221	166.95	0.02418208	4.981398
1770	-1459.965	-1627.742	167.7767	0.0605225	4.498947
1776	-1453.394	-1620.592	167.1984	0.05942289	4.823492
1782	-1467.41	-1635.33	167.9193	0.009480418	4.447385
1788	-1463.978	-1630.14	166.1617	0.2044771	5.318089
1794	-1463.155	-1630.596	167.4408	0.2175422	4.599411
1800	-1456.134	-1622.946	166.8118	0.1466372	4.990132
1806	-1459.524	-1627.03	167.5057	0.08963979	4.63479
1812	-1466.343	-1633.24	166.8968	0.08435567	4.977506
1818	-1459.078	-1626.48	167.4012	0.08696849	4.694772
1824	-1457.743	-1623.877	166.134	0.1341104	5.372227
1830	-1458.778	-1625.522	166.7437	0.03362971	5.090704
1836	-1460.043	-1627.181	167.1375	0.1117225	4.828256
1842	-1462.662	-1629.061	166.3993	0.06626155	5.263245
1848	-1461.674	-1628.123	166.4496	0.1330727	5.198507
1854	-1455.099	-1622.07	166.9708	0.3129722	4.808984
1860	-1456.507	-1622.82	166.313	0.1014246	5.2915
1866	-1463.841	-1630.361	166.5197	0.107472	5.173886
1872	-1459.64	-1626.564	166.9245	0.1772308	4.910446
1878	-1462.896	-1629.899	167.0032	0.1772308	4.86661
1884	-1455.827	-1623.31	167.4837	0.08160614	4.651604
1890	-1461.641	-1628.043	166.4026	0.06685277	5.261103
1896	-1464.199	-1631.771	167.5722	0.3339715	4.460152
1902	-1456.502	-1623.679	167.1762	0.1320653	4.795343
1908	-1464.634	-1631.486	166.8526	0.2587892	4.905107
1914	-1458.767	-1625.972	167.2049	0.07591287	4.810632
1920	-1454.734	-1621.348	166.6146	0.3289833	4.998411
1926	-1459.304	-1627.234	167.9304	0.3297013	4.260277
1932	-1446.178	-1613.505	167.3274	0.01197394	4.777935
1938	-1459.443	-1626.465	167.0221	0.02865354	4.938838
1944	-1449.405	-1617.104	167.6996	0.05184858	4.547157
1950	-1455.201	-1621.389	166.1879	0.3688451	5.212856
1956	-1452.838	-1620.39	167.5514	0.05676015	4.627591
1962	-1454.994	-1623.273	168.2792	0.0398715	4.226838
1968	-1447.379	-1615.252	167.873	0.1595545	4.388929
1974	-1446.283	-1614.049	167.7662	0.003809521	4.536729
1980	-1455.951	-1622.805	166.8536	0.002913329	5.046743
1986	-1455.12	-1622.512	167.3918	0.02479765	4.734841
1992	-1458.567	-1626.425	167.8583	0.1307377	4.413436
1998	-1459.8	-1626.755	166.9547	0.06847669	4.954183
2004	-1459.898	-1627.178	167.2808	0.1713397	4.714967
2010	-1466.544	-1633.031	166.4868	0.1713397	5.15671
2016	-1459.675	-1625.742	166.0667	0.0189409	5.472681
2022	-1463.106	-1629.667	166.5604	0.1443511	5.13092
2028	-1455.049	-1621.364	166.3152	0.110446	5.285276
2034	-1464.718	-1631.743	167.0251	0.306136	4.782501
2040	-1456.276	-1623.571	167.2949	0.03636647	4.782501
2046	-1462.823	-1629.853	167.0296	0.04199485	4.927218
2052	-1457.565	-1624.631	167.066	0.005648641	4.927218
2058	-1463.692	-1629.531	165.8388	0.08875232	5.559619
2064	-1448.023	-1614.696	166.6728	0.04940864	5.121233
2070	-1456.822	-1624.094	167.2719	0.2352907	4.68413
2076	-1464.877	-1632.274	167.3962	0.01524093	4.73771
2082	-1459.138	-1626.652	167.5143	0.02248135	4.667579
2088	-1457.604	-1625.004	167.4004	0.136367	4.667579
2094	-1466.975	-1633.461	166.4865	0.03284243	5.233491
2100	-1474.705	-1642.076	167.3708	0.1933773	4.652199
2106	-1467.153	-1633.566	166.4128	0.1512279	5.208775
2112	-1455.589	-1622.373	166.7839	0.1512279	5.003084
2118	-1461.458	-1627.731	166.2726	0.1536555	5.284938
2124	-1458.993	-1625.046	166.0536	0.2199187	5.369244
2130	-1458.166	-1624.598	166.4317	0.03868411	5.260593
2136	-1470.67	-1637.755	167.0844	0.04181632	4.896808
2142	-1453.366	-1620.446	167.08	0.04622387	4.896808
2148	-1453.937	-1620.872	166.9351	0.07799704	4.959748
2154	-1466.346	-1633.785	167.4395	0.0225697	4.709399
2160	-1473.092	-1639.338	166.2458	0.1706514	5.290335
2166	-1479.711	-1646.815	167.1038	0.0259746	4.894819
2172	-1475.756	-1641.81	166.054	0.04260671	5.466665
2178	-1478.392	-1646.068	167.6757	0.350391	4.392566
2184	-1469.148	-1636.324	167.176	0.259018	4.724522
2190	-1461.998	-1628.327	166.3289	0.259018	5.19556
2196	-1470.659	-1637.926	167.2673	0.1784231	4.718533
2202	-1463.244	-1630.663	167.4193	0.1718329	4.637133
2208	-1457.855	-1625.06	167.2051	0.1726108	4.756565
2214	-1457.984	-1624.73	166.7461	0.1143745	5.044534
2220	-1454.657	-1621.373	166.7151	0.2421326	4.99082
2226	-1457.393	-1623.299	165.9065	0.2098444	5.455783
2232	-1455.984	-1623.599	167.6148	0.05569794	4.592621
2238	-1450.919	-1618.046	167.1271	0.05710622	4.86454
2244	-1449.247	-1616.381	167.1339	0.08961583	4.842586
2250	-1445.107	-1612.375	167.2677	0.1851316	4.714533
2256	-1456.541	-1623.934	167.3936	0.2043279	4.633289
2262	-1469.188	-1635.886	166.6988	0.1668403	5.041688
2268	-1462.149	-1629.206	167.0563	0.1467379	4.854029
2274	-1452.332	-1618.818	166.4862	0.09245372	5.200707
2280	-1450.112	-1616.552	166.4399	0.2285312	5.151017
2286	-1443.196	-1610.8	167.6031	0.1001399	4.574228
2292	-1461.054	-1627.908	166.8541	0.00772702	5.043789
2298	-1463.885	-1630.627	166.7418	0.02984569	5.093808
2304	-1466.907	-1634.863	167.9558	0.1453621	4.350151
2310	-1459.132	-1626.238	167.1065	0.2568273	4.764558
2316	-1470.415	-1636.885	166.4704	0.2568273	5.118449
2322	-1471.475	-1638.625	167.1502	0.3654439	4.679406
2328	-1464.736	-1632.373	167.6372	0.1554031	4.524021
2334	-1462.394	-1629.484	167.0897	0.05272585	4.887794
2340	-1462.506	-1630.437	167.9313	0.02174645	4.433761
2346	-1452.396	-1619.85	167.4537	0.1019638	4.656991
2352	-1461.268	-1627.45	166.1821	0.0403974	5.397327
2358	-1472.371	-1639.222	166.8511	0.2222713	4.926239
2364	-1459.935	-1627.09	167.1547	0.03799727	4.85981
2370	-1456.325	-1623.139	166.8141	0.08068132	5.025492
2376	-1449.324	-1616.035	166.711	0.08063521	5.082743
2382	-1461.908	-1628.429	166.5207	0.04797356	5.206243
2388	-1462.636	-1629.262	166.6266	0.2221235	5.051102
2394	-1454.587	-1621.521	166.9341	0.2349072	4.872978
2400	-1460.381	-1627.906	167.5252	0.173202	4.576961
2406	-1454.431	-1621.688	167.257	0.07794326	4.780453
2412	-1455.977	-1623.203	167.2263	0.1086484	4.780453
2418	-1457.283	-1623.599	166.3157	0.09003447	5.296256
2424	-1467.004	-1634.595	167.5907	0.2202863	4.513687
2430	-1465.913	-1633.722	167.8093	0.3200361	4.334224
2436	-1457.853	-1625.773	167.9201	0.209262	4.334224
2442	-1468.915	-1635.173	166.2586	0.1690653	5.284169
2448	-1452.772	-1619.786	167.0142	0.1962682	4.849888
2454	-1456.463	-1623.549	167.0863	0.1241161	4.849888
2460	-1456.809	-1624.206	167.3966	0.1241161	4.676566
2466	-1457.542	-1625.041	167.4993	0.02144005	4.676566
2472	-1456.809	-1624.247	167.4381	0.2864986	4.562235
2478	-1455.139	-1622.74	167.6006	0.1021729	4.574484
2484	-1458.666	-1625.572	166.9068	0.2283138	4.891882
2490	-1462.92	-1628.99	166.0705	0.2596617	5.337983
2496	-1446.64	-1613.215	166.575	0.1853544	5.100103
2502	-1453.72	-1620.415	166.6951	0.07304329	5.095783
2508	-1459.287	-1626.157	166.8697	0.1572107	4.952093
2514	-1467.943	-1634.682	166.7391	0.3487903	4.918165
2520	-1463.374	-1629.86	166.4858	0.3487903	5.058947
2526	-1461.732	-1628.624	166.8923	0.3487903	4.832801
2532	-1461.13	-1628.304	167.1744	0.0361719	4.849843
2538	-1466.833	-1633.833	166.9996	0.2108991	4.849843
2544	-1458.268	-1625.449	167.1804	0.03018778	4.849843
2550	-1453.706	-1620.929	167.2228	0.0004002421	4.842764
2556	-1465.747	-1632.954	167.207	0.01621986	4.842764
2562	-1459.376	-1626.501	167.1254	0.061352	4.863107
2568	-1454.652	-1622.097	167.4451	0.06315026	4.683535
2574	-1462.133	-1629.534	167.401	0.1525672	4.658186
2580	-1451.202	-1618.487	167.2843	0.02324291	4.795723
2586	-1464.167	-1631.103	166.9369	0.01359432	4.994555
2592	-1457.67	-1624.827	167.1574	0.01759808	4.869657
2598	-1449.877	-1616.162	166.2851	0.1700109	5.268982
2604	-1464.2	-1630.666	166.4652	0.07187307	5.223718
2610	-1457.302	-1624.751	167.4488	0.07055175	4.677306
2616	-1462.071	-1629.471	167.4007	0.07165702	4.70365
2622	-1465.155	-1632.113	166.9578	0.1783269	4.891284
2628	-1469.873	-1636.594	166.7202	0.1720614	5.026902
2634	-1462.691	-1629.822	167.1308	0.1982527	4.783713
2640	-1465.294	-1632.477	167.1833	0.1457787	4.783713
2646	-1466.511	-1632.912	166.4008	0.0204699	5.28768
2652	-1465.458	-1632.784	167.3257	0.274902	4.631831
2658	-1450.589	-1617.829	167.2405	0.3789977	4.621224
2664	-1454.484	-1621.573	167.089	0.2299714	4.78936
2670	-1461.367	-1628.877	167.5107	0.1515117	4.597275
2676	-1458.289	-1625.502	167.2135	0.06031113	4.814546
2682	-1465.464	-1632.141	166.6772	0.2040864	5.033014
2688	-1453.773	-1621.306	167.5326	0.247485	4.531096
2694	-1457.821	-1623.957	166.1362	0.1327529	5.37175
2700	-1457.147	-1623.666	166.5197	0.149462	5.150593
2706	-1461.767	-1628.205	166.438	0.296418	5.114449
2712	-1449.77	-1616.393	166.6226	0.1926772	5.06962
2718	-1456.33	-1621.951	165.6207	0.1926772	5.622345
2724	-1462.426	-1628.633	166.2068	0.04141841	5.383165
2730	-1468.039	-1635.069	167.0302	0.2344847	4.819662
2736	-1458.661	-1625.751	167.0904	0.02300331	4.903949
2742	-1454.701	-1621.62	166.919	0.01402422	5.004255
2748	-1456.919	-1624.288	167.3692	0.004428411	4.758813
2754	-1458.637	-1625.67	167.0324	0.007872216	4.944648
2760	-1459.566	-1626.592	167.0264	0.00435935	4.949945
2766	-1459.509	-1626.551	167.0415	0.1389957	4.866569
2772	-1468.16	-1635.036	166.8763	0.1333524	4.9617
2778	-1468.685	-1635.915	167.2301	0.3456081	4.645792
2784	-1463.923	-1631.305	167.3818	0.04563718	4.728741
2790	-1469.493	-1636.158	166.6653	0.05905954	5.120041
2796	-1468.933	-1635.583	166.6497	0.07469533	5.120041
2802	-1468.597	-1634.966	166.3691	0.2255495	5.191855
2808	-1465.402	-1632.948	167.5466	0.2049609	4.547104
2814	-1470.005	-1636.825	166.8195	0.1197894	5.000806
2820	-1469.635	-1637.12	167.4851	0.2354219	4.564521
2826	-1477.035	-1643.663	166.6281	0.1355451	5.098249
2832	-1464.007	-1631.241	167.2342	0.1550798	4.750096
2838	-1458.411	-1625.049	166.6376	0.0847716	5.121147
2844	-1442.999	-1610.664	167.6652	0.1457903	4.513693
2850	-1455.486	-1622.206	166.7203	0.1104909	5.061036
2856	-1455.381	-1621.674	166.2931	0.2536984	5.218318
2862	-1451.984	-1618.747	166.7634	0.1177595	5.033051
2868	-1447.864	-1615.268	167.4038	0.1792298	4.641664
2874	-1467.174	-1633.333	166.1584	0.1932755	5.326124
2880	-1459.527	-1625.844	166.3175	0.02530251	5.331031
2886	-1449.903	-1616.258	166.3545	0.1300561	5.25272
2892	-1445.083	-1612.355	167.272	0.2082703	4.699193
2898	-1450.046	-1616.435	166.3887	0.2324787	5.177188
2904	-1467.396	-1634.308	166.9128	0.1334689	4.941324
2910	-1464.051	-1630.891	166.8394	0.2068531	4.941324
2916	-1460.286	-1627.148	166.8629	0.1833453	4.941324
2922	-1454.519	-1622.114	167.5948	0.08427605	4.58783
2928	-1458.435	-1625.211	166.7764	0.160116	5.002322
2934	-1462.077	-1629.686	167.6093	0.05811623	4.594361
2940	-1464.29	-1631.795	167.505	0.1623491	4.594361
2946	-1450.46	-1617.911	167.4517	0.07488171	4.673277
2952	-1460.596	-1627.565	166.9683	0.02262564	4.972083
2958	-1460.683	-1627.938	167.2558	0.1101431	4.763128
2964	-1451.323	-1618.182	166.8586	0.1187189	4.979672
2970	-1451.575	-1619.022	167.447	0.323856	4.536254
2976	-1453.639	-1620.72	167.0812	0.08848686	4.872613
2982	-1460.958	-1627.679	166.7214	0.2176629	5.000912
2988	-1460.074	-1627.334	167.2604	0.2684041	4.672016
2994	-1462.349	-1630.381	168.0324	0.1441345	4.307542
3000	-1462.079	-1629.136	167.0573	0.0649561	4.899011
3006	-1455.237	-1622.308	167.0707	0.1619623	4.837485
3012	-1462.682	-1629.438	166.7562	0.4342124	4.86104
3018	-1467.358	-1632.679	165.3207	0.4342124	5.654392
3024	-1451.932	-1618.929	166.9976	0.05932346	4.935421
3030	-1448.476	-1615.053	166.5775	0.01478271	5.193192
3036	-1444.583	-1611.458	166.8748	0.009921725	5.031104
3042	-1457.263	-1623.885	166.6217	0.295337	5.013141
3048	-1448.275	-1614.694	166.4194	0.1125031	5.226595
3054	-1448.672	-1614.975	166.3037	0.2281497	5.226595
3060	-1447.988	-1615.021	167.0327	0.193392	4.841186
3066	-1445.389	-1612.047	166.658	0.3612055	4.956396
3072	-1456.101	-1622.965	166.8643	0.04304861	5.018546
3078	-1453.594	-1620.405	166.8107	0.09667311	5.018546
3084	-1464.682	-1631.854	167.1721	0.08711946	4.822692
3090	-1461.358	-1628.323	166.9652	0.08236513	4.940606
3096	-1460.209	-1627.475	167.2664	0.1009057	4.762361
3102	-1455.097	-1622.669	167.572	0.2278322	4.519992
3108	-1455.689	-1622.066	166.3776	0.2202254	5.190118
3114	-1456.448	-1624.029	167.5816	0.2484735	4.502946
3120	-1458.879	-1626.117	167.2383	0.2100423	4.717045
3126	-1457.779	-1623.252	165.4729	0.2100423	5.693845
3132	-1464.592	-1630.887	166.2948	0.2100423	5.241512
3138	-1461.183	-1627.332	166.1486	0.1446092	5.35837
3144	-1462.957	-1631.016	168.0593	0.03021974	4.356727
3150	-1474.383	-1641.931	167.5484	0.02453627	4.647321
3156	-1468.063	-1634.333	166.2696	0.1463881	5.290618
3162	-1464.094	-1631.785	167.691	0.07191339	4.540726
3168	-1463.597	-1630.312	166.714	0.1427582	5.046597
3174	-1463.564	-1629.859	166.2951	0.1926687	5.250985
3180	-1475.673	-1641.826	166.1527	0.1877566	5.332287
3186	-1455.851	-1621.961	166.1106	0.2299273	5.332287
3192	-1464.615	-1630.939	166.3235	0.1963763	5.233197
3198	-1460.633	-1626.365	165.7317	0.1963763	5.55936
3204	-1456.272	-1622.589	166.317	0.1963763	5.236796
3210	-1466.885	-1634.298	167.4134	0.1149328	4.672324
3216	-1461.27	-1629.11	167.8397	0.1042411	4.438869
3222	-1461.722	-1628.799	167.0776	0.1101555	4.862545
3228	-1453.383	-1621.139	167.7565	0.11785	4.478061
3234	-1451.973	-1618.98	167.0073	0.2073528	4.847556
3240	-1451.764	-1618.83	167.0653	0.149384	4.847556
3246	-1454.952	-1621.605	166.6526	0.1584003	5.072033
3252	-1474.37	-1642.007	167.6367	0.005336347	4.608565
3258	-1463.666	-1630.93	167.2644	0.01395892	4.812047
3264	-1463.212	-1629.437	166.2243	0.1093749	5.336037
3270	-1454.813	-1621.033	166.2198	0.1138824	5.336037
3276	-1465.697	-1631.797	166.1003	0.2333831	5.336037
3282	-1478.15	-1645.194	167.0447	0.05894967	4.909367
3288	-1469.643	-1636.648	167.0052	0.09853363	4.909367
3294	-1458.976	-1626.19	167.2141	0.137447	4.771157
3300	-1475.951	-1642.899	166.9481	0.05252004	4.966695
3306	-1467.243	-1633.706	166.4632	0.009657845	5.259185
3312	-1465.538	-1631.52	165.9824	0.1684635	5.436825
3318	-1457.406	-1624.095	166.6893	0.08416649	5.092834
3324	-1465.28	-1632.835	167.5557	0.05305488	4.627269
3330	-1453.831	-1620.218	166.3873	0.1553386	5.220631
3336	-1470.082	-1637.012	166.9301	0.05126148	4.977406
3342	-1462.313	-1629.656	167.3436	0.07599368	4.733158
3348	-1456.061	-1622.779	166.7186	0.02150865	5.111337
3354	-1455.369	-1622.77	167.4007	0.0303916	4.726708
3360	-1450.8	-1618.091	167.2915	0.1395788	4.726708
3366	-1458.075	-1625.367	167.2915	0.1395788	4.726708
3372	-1452.602	-1619.774	167.1711	0.1395788	4.793977
3378	-1462.218	-1628.984	166.7657	0.222961	4.973373
3384	-1456.162	-1622.928	166.7657	0.222961	4.973373
3390	-1449.941	-1617.254	167.3121	0.1148593	4.729036
3396	-1450.099	-1617.433	167.3341	0.3316479	4.595292
3402	-1447.334	-1614.633	167.299	0.1344807	4.725358
3408	-1437.674	-1604.807	167.1331	0.070539	4.853689
3414	-1452.449	-1618.838	166.3886	0.1849489	5.203519
3420	-1465.393	-1632.46	167.0661	0.1780242	4.831102
3426	-1458.874	-1626.134	167.2594	0.1933851	4.714566
3432	-1455.837	-1623.201	167.364	0.2519601	4.623183
3438	-1465.585	-1631.972	166.3876	0.3813941	5.095311
3444	-1461.629	-1628.422	166.793	0.2012744	4.970241
3450	-1459.909	-1627.324	167.4142	0.1230946	4.667293
3456	-1470.549	-1637.924	167.3741	0.2597014	4.613222
3462	-1475.979	-1642.465	166.4865	0.1185846	5.186093
3468	-1469.979	-1637.065	167.0867	0.1185846	4.8528
3474	-1472.073	-1638.972	166.8986	0.1545568	4.937472
3480	-1472.034	-1638.987	166.9529	0.1545568	4.907271
3486	-1464.246	-1631.975	167.7289	0.1333534	4.484867
3492	-1470.259	-1636.454	166.1949	0.2084719	5.297562
3498	-1449.458	-1616.623	167.1648	0.04261854	4.851558
3504	-1444.866	-1611.935	167.0687	0.1387297	4.851558
3510	-1444.122	-1610.979	166.8566	0.1928947	4.939549
3516	-1445.113	-1612.807	167.694	0.0441155	4.554679
3522	-1455.221	-1622.382	167.1615	0.2675754	4.727848
3528	-1454.1	-1621.199	167.0987	0.3905102	4.694187
3534	-1452.927	-1619.528	166.6012	0.2036739	5.075388
3540	-1465.657	-1633.262	167.6049	0.05265975	4.5999
3546	-1464.051	-1631.626	167.5746	0.08290425	4.5999
3552	-1456.877	-1623.513	166.6354	0.1506269	5.085857
3558	-1450.014	-1616.989	166.9745	0.1553585	4.894794
3564	-1451.039	-1618.65	167.6111	0.06335474	4.590414
3570	-1451.011	-1617.534	166.5228	0.2805293	5.076256
3576	-1466.072	-1632.889	166.8169	0.1233377	5.000256
3582	-1470.824	-1636.871	166.0467	0.2677678	5.346642
3588	-1459.579	-1626.806	167.227	0.1495511	4.757192
3594	-1462.467	-1629.573	167.1059	0.1617403	4.818018
3600	-1461.937	-1628.652	166.7149	0.04881254	5.098219
3606	-1457.59	-1624.637	167.0474	0.1228237	4.872327
3612	-1448.886	-1615.87	166.9839	0.1762096	4.877964
3618	-1451.995	-1618.931	166.9364	0.2236922	4.877964
3624	-1449.215	-1615.906	166.6913	0.2236922	5.014264
3630	-1452.21	-1619.57	167.3598	0.05761496	4.734339
3636	-1470.632	-1638.454	167.8216	0.07735703	4.464198
3642	-1456.251	-1623.401	167.1502	0.1586858	4.794964
3648	-1457.754	-1625.426	167.6713	0.0679973	4.554002
3654	-1448.668	-1614.708	166.0402	0.1367135	5.422483
3660	-1457.659	-1623.513	165.8542	0.31634	5.425956
3666	-1465.63	-1631.904	166.2743	0.00550862	5.365745
3672	-1455.504	-1622.538	167.0334	0.05145127	4.919839
3678	-1467.433	-1634.113	166.6806	0.08791526	5.095556
3684	-1463.244	-1630.893	167.6495	0.009597487	4.599036
3690	-1448.584	-1616.142	167.558	0.001446058	4.65487
3696	-1454.284	-1621.715	167.4308	0.0026414	4.725407
3702	-1448.648	-1616.11	167.4619	0.002674554	4.707967
3708	-1454.333	-1621.058	166.7252	0.02519301	5.10564
3714	-1451.771	-1618.692	166.9208	0.0683247	4.973082
3720	-1454.979	-1621.263	166.2837	0.01589503	5.354819
3726	-1457.206	-1624.655	167.4488	0.178574	4.616784
3732	-1464.708	-1631.107	166.3993	0.07012452	5.261114
3738	-1463.095	-1630.421	167.3263	0.02136565	4.773321
3744	-1456.735	-1623.786	167.051	0.1817761	4.837424
3750	-1455.961	-1622.995	167.0335	0.08001439	4.903907
3756	-1452.732	-1619.692	166.9595	0.1539946	4.903907
3762	-1462.232	-1628.737	166.5052	0.4529211	4.990337
3768	-1452.847	-1619.249	166.4015	0.06713345	5.261558
3774	-1452.445	-1619.353	166.9083	0.00160512	5.017143
3780	-1463.573	-1630.694	167.1213	0.00120649	4.898914
3786	-1471.47	-1638.691	167.2205	0.006826534	4.840473
3792	-1466.064	-1632.681	166.6167	0.02749414	5.164421
3798	-1464.384	-1631.913	167.5286	0.08273692	4.625791
3804	-1461.951	-1629.695	167.7431	0.1448695	4.470375
3810	-1460.039	-1627.056	167.0173	0.035569	4.937649
3816	-1454.532	-1622.248	167.7155	0.2204015	4.443426
3822	-1449.05	-1616.285	167.2353	0.2204015	4.712937
3828	-1456.862	-1624.258	167.3957	0.06532906	4.709977
3834	-1456.289	-1623.073	166.7845	0.08220103	5.041124
3840	-1457.584	-1624.837	167.2532	0.1680821	4.732218
3846	-1453.403	-1620.24	166.8364	0.32093	4.879518
3852	-1468.66	-1634.904	166.2445	0.1675304	5.29278
3858	-1468.952	-1636.187	167.2355	0.1675246	4.742416
3864	-1458.24	-1626.029	167.7892	0.05306062	4.496102
3870	-1456.494	-1623.29	166.7964	0.1462499	4.998945
3876	-1464.507	-1631.298	166.7908	0.1517847	4.998945
3882	-1468.445	-1635.621	167.1765	0.2250373	4.743228
3888	-1462.021	-1628.718	166.6976	0.07612073	5.092677
3894	-1463.227	-1630.835	167.6072	0.05573445	4.596872
3900	-1451.901	-1618.65	166.7481	0.06049519	5.073357
3906	-1457.352	-1622.437	165.0849	0.2057815	5.908499
3912	-1455.053	-1621.797	166.7434	0.2207788	4.986992
3918	-1465.708	-1631.972	166.2646	0.2758934	5.221836
3924	-1458.727	-1625.207	166.4797	0.06077921	5.221836
3930	-1454.78	-1621.173	166.3933	0.1160327	5.239058
3936	-1460.261	-1627.456	167.1948	0.07119172	4.818943
3942	-1461.216	-1628.46	167.2437	0.02222409	4.818943
3948	-1461.881	-1628.951	167.07	0.1125906	4.865427
3954	-1454.459	-1621.754	167.2948	0.004372413	4.800409
3960	-1454.48	-1621.412	166.9315	0.1258345	4.935142
3966	-1458.188	-1625.148	166.9603	0.0971137	4.935142
3972	-1456.843	-1623.231	166.3877	0.1478509	5.224541
3978	-1459.97	-1627.255	167.2852	0.05629111	4.776771
3984	-1462.677	-1630.241	167.5639	0.1258069	4.581832
3990	-1465.769	-1631.654	165.885	0.1613392	5.494345
3996	-1451.979	-1618.564	166.5849	0.2565677	5.055123
4002	-1458.163	-1624.364	166.2014	0.2140767	5.290906
4008	-1447.144	-1614.029	166.8849	0.1406398	4.952856
4014	-1474.597	-1641.003	166.4065	0.1323776	5.222732
4020	-1471.016	-1638.285	167.2691	0.2114267	4.699083
4026	-1470.165	-1636.602	166.4373	0.256891	5.136735
4032	-1471.62	-1639.454	167.8342	0.1867938	4.395443
4038	-1465.741	-1632.786	167.045	0.1250894	4.872417
4044	-1468.365	-1635.944	167.579	0.01622444	4.634835
4050	-1463.763	-1630.878	167.1149	0.02299709	4.89032
4056	-1454.557	-1621.51	166.9536	0.04416224	4.96829
4062	-1457.814	-1624.893	167.0795	0.1489918	4.839819
4068	-1458.857	-1625.768	166.9109	0.317662	4.839819
4074	-1459.853	-1626.234	166.3816	0.0325354	5.291647
4080	-1462.252	-1628.635	166.3824	0.03170398	5.291647
4086	-1462.603	-1629.908	167.3051	0.005435726	4.794087
4092	-1461.171	-1628.235	167.0641	0.05544003	4.90057
4098	-1463.527	-1629.844	166.3165	0.266994	5.198056
4104	-1459.466	-1626.704	167.2387	0.05568125	4.803107
4110	-1452.164	-1618.716	166.5516	0.2121286	5.098246
4116	-1452.214	-1619.591	167.3768	0.288834	4.595339
4122	-1456.739	-1623.877	167.1382	0.2670254	4.741145
4128	-1452.556	-1619.422	166.8659	0.05561366	5.010677
4134	-1453.788	-1620.004	166.2155	0.3716972	5.195962
4140	-1454.081	-1620.459	166.3778	0.09795879	5.257583
4146	-1452.457	-1620.126	167.6684	0.006643035	4.59006
4152	-1452.389	-1618.538	166.1481	0.04833446	5.41169
4158	-1466.696	-1633.101	166.4048	0.04628436	5.271236
4164	-1456.429	-1622.932	166.5033	0.3527923	5.047004
4170	-1464.285	-1629.552	165.2665	0.3380828	5.736776
4176	-1455.679	-1623.329	167.6497	0.03508142	4.58461
4182	-1447.548	-1613.762	166.2139	0.07388142	5.361345
4188	-1452.727	-1619.24	166.5131	0.08222741	5.191504
4194	-1453.509	-1619.719	166.2103	0.2113476	5.287481
4200	-1457.939	-1625.593	167.6534	0.4172594	4.367381
4206	-1456.692	-1624.368	167.6754	0.05583998	4.558528
4212	-1471.641	-1638.289	166.6485	0.09106464	5.111634
4218	-1467.134	-1633.741	166.6078	0.1317438	5.111634
4224	-1462.054	-1629.305	167.2506	0.1179776	4.761654
4230	-1472.598	-1639.869	167.2715	0.09708441	4.761654
4236	-1475.787	-1642.304	166.5174	0.1551121	5.148746
4242	-1469.913	-1636.576	166.6627	0.009813406	5.148746
4248	-1475.053	-1641.935	166.882	0.0337147	5.013895
4254	-1464.168	-1630.241	166.0729	0.2536109	5.339992
4260	-1467.617	-1635.061	167.4446	0.1606563	4.629197
4266	-1466.104	-1633.204	167.1005	0.09468645	4.858405
4272	-1463.259	-1630.219	166.9601	0.08959346	4.939391
4278	-1467.001	-1634.372	167.3708	0.1157763	4.695695
4284	-1467.602	-1634.595	166.9927	0.183022	4.869249
4290	-1464.187	-1630.784	166.5974	0.1124411	5.128078
4296	-1460.584	-1627.235	166.6515	0.1124411	5.098086
4302	-1457.446	-1624.025	166.5795	0.008226672	5.195708
4308	-1470.493	-1637.04	166.5475	0.04021257	5.195708
4314	-1466.674	-1632.378	165.7043	0.4015705	5.461553
4320	-1465.739	-1632.615	166.8755	0.04039746	5.013794
4326	-1465.144	-1631.883	166.7393	0.1362071	5.03624
4332	-1469.524	-1636.056	166.5322	0.2126672	5.108699
4338	-1470.612	-1638.718	168.1058	0.3026207	4.176098
4344	-1467.662	-1633.716	166.0541	0.2102826	5.374278
4350	-1468.935	-1636.106	167.1714	0.1552009	4.785109
4356	-1470.581	-1637.944	167.3628	0.005506603	4.761825
4362	-1468.478	-1635.695	167.2174	0.03693696	4.825422
4368	-1471.346	-1638.191	166.8445	0.2940358	4.889993
4374	-1480.161	-1647.732	167.5707	0.02827638	4.632754
4380	-1471.605	-1638.096	166.4913	0.08026072	5.204624
4386	-1447.568	-1613.845	166.2769	0.2946452	5.204624
4392	-1447.241	-1613.704	166.4631	0.3351656	5.079092
4398	-1451.503	-1617.668	166.1646	0.215146	5.310637
4404	-1447.587	-1614.856	167.2688	0.03525586	4.797692
4410	-1460.613	-1627.509	166.8957	0.1110537	4.963283
4416	-1455.903	-1622.268	166.3647	0.2365535	5.188204
4422	-1453.398	-1620.794	167.3963	0.08767066	4.697155
4428	-1459.65	-1626.406	166.7566	0.1970917	4.99277
4434	-1454.144	-1621.311	167.1666	0.03823879	4.853037
4440	-1462.885	-1630.649	167.7633	0.139703	4.461924
4446	-1455.725	-1622.861	167.1367	0.2383857	4.758032
4452	-1460.912	-1628.278	167.3655	0.009602752	4.758032
4458	-1467.582	-1634.91	167.3276	0.04747602	4.758032
4464	-1448.48	-1614.593	166.1134	0.2398859	5.325249
4470	-1450.03	-1616.557	166.5263	0.2745839	5.077626
4476	-1459.895	-1626.032	166.1376	0.1518387	5.360422
4482	-1456.475	-1623.176	166.7014	0.1068513	5.073508
4488	-1456.54	-1623.117	166.5769	0.04482338	5.176868
4494	-1457.001	-1623.542	166.5407	0.02404314	5.208406
4500	-1455.338	-1622.192	166.8532	0.04415539	5.02409
4506	-1454.787	-1621.537	166.7504	0.2289855	4.978499
4512	-1462.247	-1629.122	166.8747	0.03794069	5.015575
4518	-1453.091	-1619.694	166.6035	0.05079829	5.158867
4524	-1457.816	-1624.599	166.7828	0.12872	5.016228
4530	-1450.433	-1617.971	167.5384	0.2108531	4.548384
4536	-1455.66	-1622.165	166.5054	0.2197409	5.119615
4542	-1459.341	-1626.442	167.1013	0.2584711	4.766576
4548	-1455.855	-1622.779	166.9235	0.2850891	4.850944
4554	-1454.342	-1621.193	166.8503	0.3582317	4.850944
4560	-1457.442	-1625.028	167.5857	0.05961494	4.606768
4566	-1459.745	-1626.958	167.2127	0.05413384	4.818462
4572	-1460.99	-1628.175	167.1859	0.04881814	4.836344
4578	-1458.288	-1625.587	167.2991	0.2067249	4.68488
4584	-1462.169	-1629.471	167.3026	0.2032882	4.68488
4590	-1480.203	-1646.57	166.3666	0.1690202	5.224496
4596	-1462.135	-1630.043	167.908	0.02388523	4.445681
4602	-1453.965	-1621.298	167.3329	0.06696749	4.744142
4608	-1458.89	-1625.532	166.6422	0.1876879	5.061547
4614	-1460.545	-1627.483	166.938	0.153686	4.916063
4620	-1460.359	-1626.429	166.0699	0.1610505	5.392682
4626	-1465.066	-1631.988	166.9221	0.1862882	4.906738
4632	-1454.239	-1621.095	166.8567	0.2825547	4.889551
4638	-1446.382	-1613.641	167.259	0.03304293	4.804409
4644	-1458.248	-1624.226	165.9776	0.03319937	5.513884
4650	-1457.778	-1624.405	166.6262	0.08502206	5.127344
4656	-1459.005	-1625.894	166.8888	0.2094125	4.912445
4662	-1459.796	-1627.18	167.3839	0.07552244	4.710843
4668	-1462.751	-1628.747	165.9958	0.1895264	5.417839
4674	-1464.821	-1631.377	166.5555	0.2975899	5.048644
4680	-1460.442	-1627.427	166.9846	0.005228755	4.972708
4686	-1455.303	-1622.196	166.8934	0.05231286	4.997206
4692	-1453.711	-1620.636	166.9254	0.1231226	4.940062
4698	-1466.914	-1634.081	167.1679	0.1728902	4.777152
4704	-1454.566	-1621.867	167.3012	0.03957962	4.777152
4710	-1454.743	-1622.184	167.4415	0.1577471	4.632591
4716	-1452.018	-1620.055	168.0367	0.05844191	4.353564
4722	-1453.3	-1620.846	167.5459	0.05231872	4.633171
4728	-1453.755	-1620.964	167.209	0.08011508	4.806002
4734	-1456.838	-1624.752	167.9147	0.1913508	4.347431
4740	-1448.67	-1615.934	167.2642	0.1268442	4.74911
4746	-1454.715	-1621.046	166.3307	0.1906979	5.232349
4752	-1453.269	-1620.43	167.1607	0.2041195	4.76373
4758	-1459.245	-1626.407	167.1626	0.1157334	4.812062
4764	-1455.723	-1622.544	166.8211	0.04587924	5.040964
4770	-1463.33	-1628.859	165.5288	0.232536	5.650876
4776	-1465.559	-1632.13	166.5715	0.1386604	5.127933
4782	-1474.923	-1641.648	166.7244	0.2451917	4.983955
4788	-1464.399	-1631.693	167.2945	0.2655348	4.654572
4794	-1471.548	-1639.072	167.5244	0.211355	4.556
4800	-1461.628	-1629.065	167.4363	0.1650012	4.631422
4806	-1455.73	-1623.134	167.4045	0.0995939	4.685893
4812	-1459.541	-1626.532	166.9915	0.1419273	4.892788
4818	-1458.901	-1626.535	167.6343	0.09973842	4.556957
4824	-1456.827	-1624.064	167.2375	0.09448245	4.782064
4830	-1462.342	-1629.823	167.4807	0.009315295	4.693757
4836	-1466.48	-1632.52	166.0401	0.3401722	5.310356
4842	-1466.375	-1632.535	166.1601	0.2200917	5.310356
4848	-1467.973	-1634.842	166.8691	0.038954	5.018146
4854	-1456.93	-1623.462	166.5317	0.3788092	5.016787
4860	-1463.106	-1629.624	166.5185	0.176937	5.136092
4866	-1458.995	-1625.846	166.8515	0.0473116	5.023281
4872	-1467.697	-1634.363	166.6653	0.01184638	5.146188
4878	-1455.762	-1622.367	166.6052	0.07199746	5.146188
4884	-1454.596	-1621.067	166.471	0.2782404	5.106247
4890	-1458.429	-1625.149	166.7202	0.1217901	5.054818
4896	-1452.652	-1619.929	167.2767	0.02089984	4.801266
4902	-1462.005	-1629.321	167.3162	0.1477705	4.708303
4908	-1447.733	-1615.409	167.6759	0.02629729	4.574848
4914	-1444.462	-1612.17	167.7079	0.02051688	4.560126
4920	-1460.163	-1628.105	167.9415	0.0189449	4.429567
4926	-1452.436	-1620.355	167.9194	0.04107667	4.429567
4932	-1453.215	-1619.968	166.7522	0.01747211	5.09493
4938	-1460.3	-1626.917	166.6172	0.04097477	5.156723
4944	-1461.758	-1628.411	166.6533	0.004854563	5.156723
4950	-1456.126	-1623.358	167.2317	0.04520668	4.812835
4956	-1458.1	-1625.051	166.9516	0.04746713	4.967597
4962	-1461.778	-1628.707	166.9288	0.0702214	4.967597
4968	-1447.177	-1613.979	166.8014	0.1976507	4.967597
4974	-1466.395	-1632.93	166.5351	0.1976507	5.115411
4980	-1456.869	-1623.92	167.0515	0.3239905	4.757788
4986	-1466.428	-1635.008	168.5799	0.02735725	4.062967
4992	-1450.469	-1617.449	166.9796	0.04464042	4.953567
4998	-1458.899	-1625.711	166.8126	0.06567298	5.034693
5004	-1455.774	-1623.092	167.3181	0.06485022	4.753637
5010	-1453.938	-1620.297	166.3588	0.2467172	5.185857
5016	-1476.486	-1642.515	166.0288	0.09998282	5.448977
5022	-1469.024	-1635.525	166.501	0.2755773	5.091102
5028	-1470.211	-1637.475	167.2639	0.05900818	4.78714
5034	-1473.192	-1639.561	166.3683	0.05681715	5.285567
5040	-1473.404	-1640.8	167.3955	0.06825004	4.708457
5046	-1460.703	-1628.665	167.9617	0.1269824	4.357218
5052	-1459.487	-1626.802	167.3148	0.3604199	4.58996
5058	-1455.538	-1622.024	166.486	0.1375938	5.175859
5064	-1461.225	-1628.223	166.9981	0.1895653	4.862584
5070	-1462.401	-1628.944	166.5431	0.2437854	5.085392
5076	-1460.319	-1627.634	167.315	0.1456061	4.710224
5082	-1464.642	-1631.946	167.3041	0.1500018	4.713862
5088	-1463.973	-1631.599	167.6258	0.1838078	4.514489
5094	-1454.048	-1621.327	167.2789	0.05461847	4.781238
5100	-1469.471	-1636.358	166.8873	0.03731963	5.008952
5106	-1459.829	-1626.291	166.4625	0.1784949	5.166242
5112	-1468.911	-1634.464	165.5534	0.1376038	5.689466
5118	-1464.305	-1630.168	165.8623	0.05088566	5.567509
5124	-1466.067	-1633.626	167.5594	0.1713697	4.558802
5130	-1457.279	-1625.299	168.0195	0.1369835	4.318899
5136	-1457.71	-1625.408	167.6973	0.1207871	4.50971
5142	-1460.125	-1628.128	168.0029	0.02277952	4.39279
5148	-1459.754	-1627.486	167.7316	0.1367886	4.48139
5154	-1458.377	-1625.769	167.3919	0.04876576	4.721382
5160	-1466.345	-1632.51	166.1648	0.2150895	5.310517
5166	-1459.583	-1626.997	167.4148	0.2150895	4.615383
5172	-1466.139	-1633.432	167.2925	0.1348549	4.72879
5178	-1448.527	-1615.833	167.3055	0.2292469	4.668732
5184	-1451.181	-1617.661	166.4791	0.04659265	5.230019
5190	-1450.155	-1616.525	166.3699	0.1558052	5.230019
5196	-1451.996	-1619.299	167.3036	0.03688243	4.77734
5202	-1453.033	-1619.794	166.7608	0.1765057	5.001876
5208	-1459.719	-1627.409	167.6897	0.1215353	4.513571
5214	-1466.486	-1633.144	166.6583	0.07102597	5.117274
5220	-1457.638	-1624.568	166.9299	0.03543737	4.98634
5226	-1451.818	-1618.781	166.9626	0.002724996	4.98634
5232	-1465.888	-1632.477	166.5885	0.2593798	5.051572
5238	-1462.023	-1629.767	167.7442	0.1943174	4.441942
5244	-1456.479	-1622.359	165.8799	0.2523837	5.447037
5250	-1461.891	-1629.4	167.5095	0.02292829	4.670003
5256	-1465.002	-1631.083	166.0811	0.2020823	5.363882
5262	-1462.044	-1629.882	167.8378	0.04180172	4.475095
5268	-1461.92	-1627.843	165.9238	0.1986412	5.452474
5274	-1458.377	-1624.74	166.3623	0.1986412	5.210532
5280	-1463.545	-1630.168	166.6224	0.2947931	5.013069
5286	-1466.203	-1632.978	166.775	0.18375	4.989997
5292	-1478.512	-1644.943	166.4306	0.2909059	5.121636
5298	-1475.348	-1641.551	166.2025	0.2909059	5.247869
5304	-1461.583	-1628.125	166.5413	0.343681	5.030941
5310	-1479.735	-1645.707	165.9714	0.3726442	5.330331
5316	-1477.744	-1643.243	165.499	0.4551449	5.545019
5322	-1466.906	-1634.61	167.7048	0.06828688	4.53504
5328	-1452.32	-1618.96	166.6402	0.2529797	5.026424
5334	-1458.667	-1625.595	166.9278	0.1531693	4.922021
5340	-1460.858	-1628.248	167.3908	0.2413283	4.61415
5346	-1457.413	-1624.534	167.121	0.06898173	4.861302
5352	-1454.765	-1621.662	166.8975	0.3270878	4.841996
5358	-1450.875	-1617.354	166.4796	0.2507073	5.116758
5364	-1461.012	-1627.285	166.2738	0.4088756	5.143132
5370	-1457.948	-1625.388	167.4399	0.4088756	4.492454
5376	-1456.011	-1622.659	166.648	0.2593707	5.018546
5382	-1455.707	-1623.244	167.5366	0.0507716	4.639202
5388	-1453.095	-1619.673	166.5784	0.1287315	5.12957
5394	-1458.881	-1625.189	166.3084	0.2529773	5.210273
5400	-1459.937	-1626.995	167.0575	0.2881431	4.774483
5406	-1453.516	-1621.41	167.8936	0.06046244	4.433151
5412	-1462.953	-1629.546	166.593	0.2063822	5.078477
5418	-1462.48	-1629.316	166.8367	0.06892484	5.019512
5424	-1461.023	-1627.417	166.3938	0.1835464	5.201461
5430	-1456.72	-1622.966	166.2463	0.1835464	5.282953
5436	-1473.425	-1641.123	167.6986	0.04626111	4.550875
5442	-1453.782	-1621.051	167.2689	0.1158424	4.752641
5448	-1461.097	-1627.876	166.7789	0.03147501	5.072367
5454	-1455.383	-1622.429	167.0453	0.2063976	4.826871
5460	-1473.236	-1640.468	167.2321	0.01963285	4.826871
5466	-1472.739	-1639.94	167.2012	0.05058258	4.826871
5472	-1471.714	-1638.721	167.0075	0.2442421	4.826871
5478	-1461.188	-1628.238	167.0506	0.2666281	4.790345
5484	-1469.946	-1636.489	166.5429	0.2064217	5.106204
5490	-1458.943	-1625.881	166.9387	0.1720178	4.905484
5496	-1469.308	-1635.134	165.8262	0.4462068	5.369853
5502	-1465.219	-1632.742	167.5228	0.2033643	4.561387
5508	-1456.32	-1623.2	166.8798	0.1111037	4.972098
5514	-1459.364	-1626.539	167.1747	0.05246138	4.840579
5520	-1461.379	-1628.786	167.4064	0.1063109	4.681071
5526	-1465.973	-1632.7	166.7274	0.03145168	5.100937
5532	-1462.796	-1629.809	167.0131	0.1170317	4.894648
5538	-1463.171	-1630.868	167.697	0.1349635	4.501889
5544	-1465.451	-1632.197	166.7458	0.08151679	5.062975
5550	-1465.058	-1632.219	167.1612	0.08006235	4.832698
5556	-1456.817	-1623.72	166.9036	0.04205096	4.997257
5562	-1466.023	-1632.67	166.6474	0.1952395	5.054437
5568	-1454.269	-1621.347	167.0777	0.1815317	4.822691
5574	-1452.093	-1618.978	166.885	0.3741965	4.822691
5580	-1456.828	-1623.708	166.8799	0.3069838	4.86301
5586	-1456.789	-1624.123	167.3335	0.3069838	4.609475
5592	-1465.488	-1631.674	166.1852	0.3069838	5.248509
5598	-1470.639	-1637.702	167.063	0.2015863	4.819678
5604	-1450.613	-1617.008	166.3946	0.137955	5.226222
5610	-1444.863	-1612.034	167.171	0.006651557	4.868189
5616	-1455.944	-1623.22	167.2756	0.02639049	4.798834
5622	-1447.135	-1614.096	166.9619	0.1745447	4.891137
5628	-1463.49	-1629.225	165.7355	0.1937193	5.5587
5634	-1468.608	-1635.544	166.9357	0.1937193	4.895023
5640	-1455.873	-1623.199	167.325	0.1142053	4.722154
5646	-1459.222	-1625.939	166.7172	0.4251081	4.887892
5652	-1457.969	-1624.628	166.659	0.192177	5.049706
5658	-1454.217	-1620.913	166.6961	0.1683424	5.042347
5664	-1458.085	-1624.599	166.5137	0.1411391	5.15856
5670	-1464.971	-1632.12	167.1493	0.13251	4.810096
5676	-1460.246	-1626.881	166.6351	0.1586217	5.081568
5682	-1466.309	-1632.628	166.319	0.01926747	5.333503
5688	-1464.859	-1631.045	166.1855	0.04012404	5.395632
5694	-1463.814	-1629.913	166.0998	0.2597619	5.321761
5700	-1464.901	-1631.719	166.8182	0.04587584	5.042556
5706	-1474.145	-1641.027	166.8817	0.2356788	4.901752
5712	-1450.167	-1617.03	166.8636	0.2356788	4.911804
5718	-1465.994	-1632.663	166.6692	0.3521888	4.955141
5724	-1455.638	-1621.867	166.2292	0.1079301	5.334157
5730	-1459.351	-1626.099	166.7475	0.3197746	4.929649
5736	-1447.195	-1614.193	166.9973	0.1491521	4.885563
5742	-1444.355	-1611.247	166.8923	0.2541207	4.885563
5748	-1454.525	-1621.417	166.8923	0.2541207	4.885563
5754	-1457.193	-1623.668	166.4751	0.0458978	5.232598
5760	-1451.669	-1618.291	166.6222	0.06174285	5.142416
5766	-1460.254	-1626.826	166.5718	0.1121614	5.142416
5772	-1470.668	-1638.81	168.1421	0.06200584	4.291967
5778	-1465.24	-1631.876	166.6356	0.2978254	5.004056
5784	-1465.667	-1632.083	166.416	0.1141294	5.227523
5790	-1448.367	-1615.418	167.0514	0.2554386	4.796099
5796	-1449.657	-1616.54	166.8826	0.05914488	4.999406
5802	-1444.923	-1613.008	168.0851	0.01832117	4.348893
5808	-1455.274	-1622.093	166.8194	0.02493723	5.053507
5814	-1463.118	-1630.008	166.89	0.1887748	4.923225
5820	-1467.94	-1634.945	167.0042	0.07458165	4.923225
5826	-1470.213	-1636.795	166.5815	0.0671486	5.161956
5832	-1467.306	-1633.693	166.3867	0.1620958	5.217204
5838	-1464.709	-1631.053	166.344	0.2048434	5.217204
5844	-1461.646	-1628.307	166.6609	0.1226164	5.087277
5850	-1460.101	-1627.253	167.1519	0.09567026	4.829209
5856	-1460.399	-1628.001	167.6023	0.1543883	4.544253
5862	-1454.904	-1621.975	167.0715	0.0850458	4.879917
5868	-1461.245	-1629.284	168.0385	0.02833814	4.369563
5874	-1457.864	-1625.792	167.9276	0.2772598	4.291543
5880	-1462.249	-1629.817	167.5678	0.1988965	4.538576
5886	-1472.357	-1639.52	167.1625	0.06122638	4.842482
5892	-1460.741	-1627.734	166.9935	0.1051273	4.912164
5898	-1466.3	-1633.095	166.795	0.1111606	5.019182
5904	-1465.897	-1632.995	167.098	0.302233	4.743978
5910	-1461.632	-1628.518	166.8864	0.2492118	4.891572
5916	-1469.755	-1637.336	167.5815	0.3924659	4.421958
5922	-1470.807	-1638.641	167.8341	0.1398124	4.421958
5928	-1448.465	-1615.24	166.7741	0.1071629	5.033001
5934	-1458.858	-1625.777	166.9193	0.06471722	4.975962
5940	-1449.362	-1616.267	166.9055	0.07852562	4.975962
5946	-1465.42	-1632.661	167.241	0.1957569	4.723558
5952	-1466.69	-1633.041	166.3514	0.1957569	5.218133
5958	-1462.616	-1629.363	166.7466	0.1741846	5.011101
5964	-1452.811	-1619.9	167.0888	0.09411182	4.865255
5970	-1452.294	-1619.344	167.0495	0.292335	4.776612
5976	-1457.965	-1625.212	167.2465	0.09527382	4.776612
5982	-1458.086	-1625.538	167.4522	0.2575222	4.570599
5988	-1460.074	-1627.38	167.3055	0.223945	4.671669
5994	-1452.588	-1619.568	166.9801	0.1164459	4.913355
6000	-1453.459	-1620.454	166.995	0.1015075	4.913355
6006	-1461.488	-1627.836	166.3482	0.3663008	5.125508
6012	-1456.229	-1623.239	167.0106	0.1097578	4.90011
6018	-1449.973	-1617.7	167.7269	0.2707795	4.408552
6024	-1449.964	-1617.553	167.5888	0.1438232	4.557733
6030	-1457.594	-1625.099	167.5041	0.2605081	4.539765
6036	-1470.013	-1636.827	166.814	0.2605081	4.925612
6042	-1456.829	-1624.674	167.8451	0.1695986	4.398994
6048	-1456.563	-1623.957	167.3934	0.1043655	4.689386
6054	-1471.748	-1638.053	166.3052	0.3058604	5.182766
6060	-1445.874	-1613.299	167.4253	0.1626395	4.638917
6066	-1452.291	-1618.929	166.6373	0.03415785	5.149337
6072	-1452.847	-1619.706	166.8591	0.05341192	5.015692
6078	-1452.833	-1620.407	167.5744	0.05549998	4.615373
6084	-1460.873	-1627.082	166.209	0.2237107	5.281395
6090	-1450.523	-1617.705	167.1817	0.1619873	4.775528
6096	-1460.718	-1626.872	166.1541	0.1699772	5.341364
6102	-1473.329	-1638.899	165.5701	0.3436205	5.567232
6108	-1463.838	-1630.548	166.7105	0.3601675	4.927768
6114	-1453.214	-1620.356	167.142	0.1789444	4.788228
6120	-1455.179	-1622.213	167.0331	0.07315603	4.90793
6126	-1455.782	-1622.644	166.862	0.05702524	5.01207
6132	-1451.965	-1619.392	167.4265	0.1456179	4.647803
6138	-1448.7	-1615.802	167.1025	0.077391	4.866907
6144	-1446.231	-1613.228	166.9968	0.2954212	4.804306
6150	-1448.931	-1615.367	166.4358	0.003161631	5.277919
6156	-1454.374	-1621.843	167.4686	0.002085028	4.704538
6162	-1450.762	-1617.848	167.086	0.002304604	4.917957
6168	-1458.341	-1625.756	167.4149	0.001989737	4.734674
6174	-1455.67	-1623.073	167.4032	0.01368686	4.734674
6180	-1449.233	-1616.554	167.3208	0.03458915	4.769026
6186	-1466.561	-1633.544	166.9828	0.08369123	4.930066
6192	-1475.538	-1640.894	165.3553	0.3506129	5.681264
6198	-1464.471	-1631.697	167.2268	0.2614026	4.694743
6204	-1471.768	-1638.443	166.6752	0.2726289	4.99606
6210	-1458.002	-1625.082	167.0795	0.1238844	4.853821
6216	-1461.568	-1629.323	167.7552	0.1451585	4.463422
6222	-1452.415	-1619.384	166.9697	0.07601878	4.941626
6228	-1447.03	-1613.815	166.7848	0.1112013	5.024837
6234	-1460.386	-1627.266	166.8801	0.1598668	4.944811
6240	-1461.972	-1629.168	167.1965	0.3362239	4.669854
6246	-1459.914	-1626.913	166.9991	0.05645113	4.936174
6252	-1472.201	-1639.099	166.8976	0.2587039	4.880044
6258	-1462.048	-1628.872	166.8241	0.2587039	4.92101
6264	-1458.309	-1624.841	166.5318	0.2587039	5.083357
6270	-1461.073	-1627.612	166.5386	0.265012	5.076109
6276	-1463.266	-1630.648	167.3822	0.04679984	4.727871
6282	-1463.737	-1630.456	166.7188	0.1931236	5.016012
6288	-1458.691	-1625.592	166.9014	0.01045259	5.016012
6294	-1475.747	-1643.011	167.2638	0.03523126	4.800488
6300	-1468.655	-1635.873	167.2183	0.1593701	4.756567
6306	-1473.174	-1640.36	167.1861	0.1289468	4.791564
6312	-1458.804	-1625.992	167.1887	0.1263262	4.791564
6318	-1453.623	-1620.688	167.0651	0.1487911	4.847996
6324	-1454.691	-1621.933	167.2417	0.1487911	4.749425
6330	-1463.646	-1630.688	167.0422	0.2028264	4.830634
6336	-1464.652	-1632.054	167.402	0.1803589	4.642033
6342	-1468.366	-1635.495	167.1281	0.07302799	4.855086
6348	-1462.807	-1629.008	166.2014	0.3072159	5.239441
6354	-1470.309	-1636.896	166.5876	0.1075446	5.136203
6360	-1469.421	-1635.978	166.5567	0.02647794	5.198231
6366	-1469.948	-1636.545	166.5975	0.3006661	5.023628
6372	-1460.66	-1627.155	166.4949	0.2030719	5.134677
6378	-1465.815	-1633.185	167.3706	0.355619	4.561326
6384	-1462.016	-1629.454	167.4372	0.355619	4.52394
6390	-1450.362	-1617.531	167.1692	0.2579946	4.728908
6396	-1467.489	-1634.105	166.6158	0.2579946	5.037177
6402	-1470.67	-1636.402	165.7322	0.2606719	5.523744
6408	-1471.489	-1638.674	167.1847	0.1974169	4.754102
6414	-1470.666	-1637.024	166.3581	0.4592693	5.068498
6420	-1471.064	-1638.2	167.136	0.1299655	4.818908
6426	-1464.291	-1630.944	166.6526	0.09232644	5.108622
6432	-1456.196	-1622.84	166.6439	0.1010851	5.108622
6438	-1457.626	-1623.626	166	0.392635	5.303482
6444	-1459.549	-1626.303	166.7539	0.04668368	5.077778
6450	-1446.794	-1613.42	166.626	0.17379	5.078232
6456	-1449.428	-1616.796	167.3675	0.05276594	4.732755
6462	-1447.322	-1613.773	166.4504	0.2542433	5.130952
6468	-1456.099	-1622.405	166.306	0.2760452	5.198855
6474	-1463.667	-1630.182	166.5152	0.3255328	5.055511
6480	-1463.576	-1630.46	166.8847	0.07394332	4.990035
6486	-1463.779	-1630.499	166.7197	0.2389699	4.990035
6492	-1454.288	-1621.172	166.8844	0.07423674	4.990035
6498	-1462.818	-1629.404	166.5858	0.2070912	5.082074
6504	-1464.481	-1632.333	167.8517	0.2070912	4.374095
6510	-1461.105	-1628.393	167.288	0.05852586	4.773972
6516	-1459.147	-1626.439	167.2928	0.01781073	4.794047
6522	-1465.891	-1632.14	166.2489	0.0426996	5.359268
6528	-1457.675	-1624.517	166.8422	0.1508925	4.970884
6534	-1458.866	-1625.981	167.1146	0.2700112	4.752716
6540	-1462.095	-1629.286	167.1912	0.1525896	4.775514
6546	-1462.324	-1628.548	166.2239	0.2838941	5.239904
6552	-1455.831	-1622.901	167.0698	0.2838941	4.769984
6558	-1459.561	-1626.672	167.111	0.1177221	4.8397
6564	-1456.811	-1624.219	167.4082	0.1313511	4.666036
6570	-1471.861	-1638.438	166.577	0.2593462	5.057949
6576	-1462.108	-1628.666	166.5579	0.3085189	5.041261
6582	-1460.753	-1627.738	166.985	0.1462277	4.894047
6588	-1461.447	-1627.617	166.1702	0.02782426	5.410855
6594	-1461.774	-1628.799	167.0256	0.01412011	4.944985
6600	-1463.791	-1630.299	166.5082	0.1458334	5.158982
6606	-1465.477	-1632.629	167.1517	0.01895906	4.872091
6612	-1475.183	-1642.316	167.1332	0.05203272	4.863975
6618	-1460.569	-1628.492	167.9222	0.1359931	4.374435
6624	-1467.134	-1634.623	167.4882	0.05951839	4.661456
6630	-1465.348	-1631.652	166.3049	0.00294381	5.350316
6636	-1461.207	-1627.566	166.359	0.04368161	5.297958
6642	-1458.93	-1626.195	167.2648	0.1369692	4.743087
6648	-1454.679	-1622.038	167.3594	0.1115331	4.704401
6654	-1452.081	-1619.295	167.2135	0.1361215	4.772229
6660	-1465.809	-1632.873	167.0639	0.05731698	4.899598
6666	-1456.754	-1623.292	166.5375	0.01299165	5.216265
6672	-1453.058	-1619.723	166.6652	0.02266924	5.140273
6678	-1455.413	-1622.48	167.0676	0.00693398	4.92561
6684	-1467.101	-1634.484	167.3832	0.0009041092	4.75297
6690	-1449.427	-1616.227	166.8003	0.006550475	5.074299
6696	-1465.722	-1632.013	166.2913	0.1290297	5.28823
6702	-1464.804	-1631.989	167.1842	0.1268631	4.793794
6708	-1462.305	-1629.342	167.0373	0.2737497	4.793794
6714	-1467.473	-1635.08	167.6066	0.1914147	4.520977
6720	-1473.45	-1640.399	166.9489	0.02790606	4.979974
6726	-1470.828	-1638.025	167.197	0.4026466	4.632331
6732	-1453.77	-1620.02	166.2495	0.1454673	5.302229
6738	-1445.847	-1612.733	166.8861	0.09540629	4.977344
6744	-1454.039	-1621.831	167.7923	0.2362592	4.391163
6750	-1459.961	-1626.034	166.0729	0.2561045	5.338638
6756	-1457.946	-1624.8	166.854	0.09347604	4.996238
6762	-1466.236	-1632.548	166.312	0.3584651	5.149882
6768	-1460.995	-1627.898	166.9038	0.1370223	4.944373
6774	-1468.928	-1636.409	167.4811	0.03483323	4.679242
6780	-1466.746	-1633.693	166.9467	0.05487234	4.966165
6786	-1458.597	-1625.28	166.6829	0.09626243	5.089649
6792	-1464.253	-1630.906	166.6527	0.1264623	5.089649
6798	-1460.052	-1627.215	167.1628	0.2543316	4.734527
6804	-1449.706	-1616.35	166.6449	0.04809744	5.137428
6810	-1464.999	-1632.391	167.3918	0.1341645	4.673628
6816	-1455.725	-1621.96	166.2349	0.3036113	5.22293
6822	-1460.31	-1627.559	167.2494	0.3272713	4.645212
6828	-1456.567	-1623.343	166.7758	0.1051559	5.033175
6834	-1452.492	-1618.775	166.2827	0.03765661	5.343373
6840	-1457.841	-1624.31	166.4691	0.1368112	5.185646
6846	-1457.408	-1624.279	166.8702	0.09762311	4.984951
6852	-1460.435	-1627.75	167.3148	0.3146437	4.615646
6858	-1450.197	-1617.359	167.1619	0.09507903	4.823931
6864	-1459.956	-1627.086	167.1296	0.2498872	4.755555
6870	-1456.244	-1623.808	167.5646	0.009278487	4.646769
6876	-1450.603	-1618.306	167.7032	0.02901215	4.557999
6882	-1459.353	-1626.255	166.902	0.02744481	5.006289
6888	-1469.955	-1637.222	167.2664	0.01281407	4.811523
6894	-1468.31	-1634.019	165.709	0.05217219	5.650984
6900	-1462.771	-1629.3	166.529	0.2629135	5.08257
6906	-1452.576	-1619.688	167.1112	0.1257911	4.835076
6912	-1455.483	-1623.032	167.5493	0.07336625	4.619428
6918	-1456.461	-1622.826	166.3645	0.3415085	5.13023
6924	-1451.813	-1618.255	166.4416	0.1546878	5.190937
6930	-1453.289	-1620.246	166.9569	0.05281866	4.961657
6936	-1453.567	-1620.978	167.4111	0.06860455	4.699546
6942	-1463.236	-1629.989	166.7525	0.3195461	4.926973
6948	-1461.699	-1628.535	166.8355	0.1010024	5.002361
6954	-1475.475	-1642.653	167.1775	0.3081411	4.696173
6960	-1474.253	-1641.327	167.0737	0.4227446	4.690125
6966	-1465.349	-1632.481	167.1322	0.2409194	4.759138
6972	-1468.938	-1635.629	166.691	0.01103852	5.132415
6978	-1471.594	-1638.414	166.82	0.02192255	5.054856
6984	-1463.426	-1630.025	166.5988	0.0347488	5.170338
6990	-1459.177	-1626.245	167.0681	0.0418103	4.905899
6996	-1461.954	-1629.381	167.4271	0.207671	4.612651
7002	-1455.435	-1621.462	166.027	0.2344456	5.375867
7008	-1459.612	-1625.352	165.7399	0.3103012	5.492213
7014	-1463.899	-1630.438	166.5393	0.1608026	5.133464
7020	-1462.872	-1630.268	167.3957	0.1490405	4.663086
7026	-1468.239	-1635.594	167.3552	0.1895549	4.663086
7032	-1454.933	-1621.983	167.0493	0.1305048	4.866985
7038	-1454.456	-1621.6	167.144	0.2680653	4.73732
7044	-1451.436	-1618.452	167.0162	0.01500444	4.949723
7050	-1461.538	-1628.33	166.7922	0.1731977	4.986271
7056	-1464.668	-1632.007	167.3387	0.1009494	4.721927
7062	-1454.309	-1621.325	167.0161	0.1731452	4.861738
7068	-1454.823	-1621.866	167.0424	0.03568338	4.923599
7074	-1465.91	-1634.028	168.1178	0.01339361	4.333173
7080	-1471.152	-1637.574	166.4224	0.002185511	5.28586
7086	-1467.584	-1634.044	166.4603	0.002185511	5.264913
7092	-1469.24	-1635.516	166.2758	0.009442565	5.362775
7098	-1461.05	-1627.393	166.3431	0.002810965	5.329298
7104	-1465.28	-1632.285	167.0053	0.1562174	4.877192
7110	-1463.409	-1630.826	167.4168	0.09067067	4.683965
7116	-1456.572	-1623.126	166.5541	0.2034265	5.10164
7122	-1453.391	-1621.109	167.7178	0.09410677	4.513187
7128	-1450.098	-1616.658	166.5602	0.07199592	5.171083
7134	-1451.929	-1618.25	166.321	0.2342683	5.213661
7140	-1454.728	-1621.579	166.8513	0.2342683	4.919456
7146	-1455.064	-1622.395	167.3311	0.0736525	4.741426
7152	-1457.366	-1624.934	167.5675	0.2447501	4.512982
7158	-1459.602	-1627.221	167.619	0.06663866	4.58411
7164	-1446.624	-1613.526	166.9023	0.1821186	4.920112
7170	-1459.146	-1626.104	166.9583	0.09103518	4.939624
7176	-1461.703	-1628.213	166.5099	0.1717994	5.143686
7182	-1461.318	-1628.045	166.727	0.1483024	5.036346
7188	-1472.171	-1639.262	167.0905	0.02734791	4.901469
7194	-1472.891	-1639.87	166.9786	0.03288687	4.960684
7200	-1465.148	-1631.735	166.5861	0.03592795	5.176697
7206	-1464.389	-1631.799	167.4104	0.1965978	4.628231
7212	-1468.634	-1635.856	167.2221	0.1651147	4.75122
7218	-1459.288	-1625.993	166.7049	0.1679748	5.037659
7224	-1472.4	-1638.243	165.8428	0.371684	5.401753
7230	-1476.826	-1643.483	166.6563	0.1281425	5.086724
7236	-1474.654	-1641.221	166.5666	0.2179116	5.086724
7242	-1469.74	-1636.239	166.4994	0.2179116	5.123921
7248	-1464.459	-1631.348	166.8885	0.2648085	4.881725
7254	-1467.171	-1633.715	166.5438	0.2648085	5.07331
7260	-1483.223	-1650.385	167.1619	0.2042487	4.763002
7266	-1466.374	-1633.351	166.9771	0.3714933	4.772815
7272	-1454.736	-1621.776	167.0395	0.2892351	4.783918
7278	-1465.837	-1632.4	166.5627	0.02584111	5.195256
7284	-1460.517	-1627.355	166.8381	0.006057275	5.053594
7290	-1467.172	-1633.978	166.8068	0.2062506	4.9598
7296	-1465.54	-1632.286	166.7452	0.1104191	5.047261
7302	-1460.46	-1627.207	166.7475	0.1080829	5.047261
7308	-1470.864	-1637.401	166.5374	0.009976043	5.217997
7314	-1464.232	-1631.627	167.3947	0.1162273	4.682026
7320	-1474.03	-1639.704	165.6739	0.09400043	5.647271
7326	-1466.624	-1633.982	167.3578	0.06768423	4.729818
7332	-1448.273	-1614.551	166.2775	0.07286646	5.326853
7338	-1468.319	-1634.635	166.316	0.3046621	5.177462
7344	-1458.829	-1625.159	166.3309	0.009527206	5.332345
7350	-1451.597	-1619.129	167.5319	0.09957178	4.6145
7356	-1452.535	-1619.735	167.2006	0.1331216	4.781093
7362	-1468.514	-1636.121	167.6066	0.06673872	4.591006
7368	-1472.048	-1638.761	166.7132	0.05976022	5.093127
7374	-1474.576	-1641.874	167.2973	0.05310839	4.771773
7380	-1475.274	-1641.654	166.3797	0.1887844	5.206357
7386	-1465.896	-1632.057	166.1604	0.1282671	5.360865
7392	-1468.678	-1635.678	167.0005	0.1283736	4.895324
7398	-1480.151	-1647.55	167.3993	0.1118842	4.681887
7404	-1454.248	-1621.513	167.2656	0.2456467	4.681887
7410	-1460.038	-1626.198	166.1595	0.3219278	5.25444
7416	-1449.699	-1616.041	166.342	0.1394488	5.25444
7422	-1461.428	-1629.081	167.6526	0.0460971	4.576791
7428	-1458.469	-1624.896	166.4261	0.03134285	5.267701
7434	-1460.003	-1627.047	167.0445	0.146892	4.860498
7440	-1457.342	-1623.641	166.2997	0.146892	5.273688
7446	-1466.306	-1632.622	166.3164	0.1302766	5.273688
7452	-1478.404	-1645.614	167.21	0.174994	4.752453
7458	-1471.047	-1637.761	166.7142	0.1270283	5.055216
7464	-1466.549	-1633.225	166.6762	0.0255166	5.132603
7470	-1461.695	-1628.497	166.8014	0.09282296	5.02582
7476	-1466.534	-1633.486	166.9519	0.08005069	4.9493
7482	-1476.303	-1642.68	166.3775	0.07289393	5.271616
7488	-1469.859	-1636.891	167.0326	0.1004527	4.893043
7494	-1458.66	-1625.244	166.5843	0.1122914	5.1354
7500	-1449.008	-1616.106	167.0983	0.09566166	4.859073
7506	-1452.546	-1619.113	166.5661	0.2286424	5.081018
7512	-1471.485	-1637.337	165.8521	0.1393036	5.524539
7518	-1464.232	-1631.119	166.8868	0.1224695	4.961902
7524	-1475.005	-1643.462	168.4566	0.05232645	4.118972
7530	-1457.682	-1624.374	166.6921	0.1376596	5.061576
7536	-1459.447	-1627.318	167.8709	0.08493477	4.432153
7542	-1454.133	-1621.195	167.062	0.05603256	4.901366
7548	-1462.8	-1629.631	166.8313	0.06254688	5.026018
7554	-1458.175	-1625.038	166.8629	0.0310123	5.026018
7560	-1462.82	-1629.93	167.1096	0.05495458	4.875472
7566	-1461.591	-1628.952	167.361	0.1642159	4.674067
7572	-1446.802	-1613.802	167.0004	0.1623979	4.876469
7578	-1448.22	-1615.211	166.9918	0.06570319	4.935101
7584	-1460.135	-1628.044	167.9089	0.08614188	4.410042
7590	-1467.348	-1635.52	168.172	0.09487165	4.256432
7596	-1467.665	-1635.488	167.8236	0.09487165	4.453244
7602	-1450.373	-1617.926	167.5531	0.09487165	4.605244
7608	-1461.755	-1628.244	166.4897	0.2420435	5.115958
7614	-1464.568	-1632.261	167.6934	0.2024427	4.465969
7620	-1462.857	-1630.47	167.6126	0.1746679	4.527038
7626	-1457.114	-1625.457	168.3437	0.003757145	4.210734
7632	-1454.098	-1620.791	166.6934	0.01121563	5.130993
7638	-1456.185	-1624.135	167.9505	0.003007026	4.433484
7644	-1457.19	-1624.511	167.3204	0.1162935	4.723551
7650	-1458.214	-1624.842	166.6281	0.1848103	5.070932
7656	-1455.943	-1622.71	166.7671	0.2924669	4.933937
7662	-1474.973	-1641.225	166.2526	0.2902797	5.220476
7668	-1466.067	-1633.313	167.2453	0.03168758	4.812799
7674	-1475.586	-1641.484	165.898	0.06477415	5.540275
7680	-1479.885	-1646.683	166.7971	0.1829456	4.97812
7686	-1466.888	-1634.464	167.5758	0.09165898	4.594339
7692	-1470.478	-1636.519	166.0411	0.1094558	5.436975
7698	-1465.547	-1631.385	165.8383	0.3021406	5.442559
7704	-1460.733	-1627.422	166.689	0.2706242	4.98951
7710	-1460.262	-1626.511	166.2487	0.2296479	5.256172
7716	-1463.799	-1629.944	166.1451	0.2499535	5.302148
7722	-1452.744	-1618.791	166.0473	0.1846359	5.392119
7728	-1456.255	-1622.848	166.5928	0.2824119	5.036388
7734	-1462.59	-1628.98	166.3899	0.09591354	5.252059
7740	-1462.623	-1628.585	165.9619	0.01515037	5.532411
7746	-1449.283	-1616.557	167.274	0.1268836	4.743603
7752	-1453.381	-1619.291	165.9104	0.1268836	5.499337
7758	-1457.358	-1624.571	167.2131	0.05934113	4.815311
7764	-1460.509	-1627.443	166.9339	0.03755146	4.982911
7770	-1454.474	-1621.545	167.0712	0.08502395	4.880127
7776	-1455.23	-1621.002	165.7715	0.3072497	5.476519
7782	-1454.485	-1620.535	166.0496	0.125505	5.423473
7788	-1455.182	-1621.25	166.0675	0.220338	5.361348
7794	-1456.255	-1622.756	166.5013	0.1781412	5.144909
7800	-1458.222	-1625.494	167.2714	0.1653584	4.72356
7806	-1458.072	-1624.776	166.7043	0.1252434	5.061706
7812	-1454.139	-1620.904	166.7657	0.185334	4.994261
7818	-1465.633	-1632.413	166.7797	0.04538549	5.064195
7824	-1454.921	-1621.203	166.2818	0.07640784	5.322487
7830	-1471.671	-1637.554	165.8821	0.3093662	5.414433
7836	-1472.149	-1639.615	167.467	0.09984815	4.65075
7842	-1467.744	-1634.319	166.5754	0.2354928	5.072054
7848	-1457.442	-1624.558	167.1159	0.09008406	4.852361
7854	-1453.944	-1620.945	167.001	0.1351561	4.891307
7860	-1455.366	-1622.366	166.9997	0.2464163	4.829999
7866	-1443.148	-1609.65	166.502	0.05913761	5.210384
7872	-1456.051	-1623.506	167.4545	0.116406	4.648467
7878	-1465.192	-1632.054	166.862	0.08974944	4.993867
7884	-1447.808	-1615.34	167.5325	0.138258	4.592463
7890	-1445.716	-1612.364	166.6485	0.1547829	5.076298
7896	-1457.896	-1624.65	166.7537	0.111015	5.042225
7902	-1458.747	-1625.372	166.6244	0.01710198	5.165914
7908	-1464.514	-1631.37	166.8568	0.009809302	5.041176
7914	-1475.734	-1643.169	167.4358	0.07928413	4.679725
7920	-1472.089	-1639.087	166.9983	0.1138479	4.90464
7926	-1475.407	-1643.127	167.72	0.2205794	4.440757
7932	-1469.662	-1636.72	167.0583	0.06896225	4.896254
7938	-1456.569	-1623.703	167.1334	0.02079426	4.881248
7944	-1456.158	-1623.909	167.7509	0.08405956	4.500197
7950	-1457.296	-1623.355	166.0593	0.06128641	5.453482
7956	-1455.185	-1622.724	167.5389	0.1245582	4.596552
7962	-1463.323	-1630.457	167.1338	0.1645159	4.800906
7968	-1463.663	-1631.38	167.7169	0.1071419	4.506388
7974	-1466.301	-1634.124	167.8233	0.0960561	4.452733
7980	-1454.291	-1622.394	168.1031	0.2161307	4.22673
7986	-1454.729	-1620.644	165.9143	0.2928878	5.405785
7992	-1458.187	-1625.766	167.5791	0.05780496	4.611478
7998	-1457.448	-1624.641	167.1938	0.09036916	4.80876
8004	-1450.284	-1617.866	167.5823	0.2371376	4.508982
8010	-1447.818	-1614.918	167.0999	0.08428329	4.864517
8016	-1460.425	-1627.224	166.799	0.3851921	4.864517
8022	-1456.098	-1622.913	166.8149	0.02841201	5.054106
8028	-1455.874	-1622.82	166.946	0.1577591	4.909331
8034	-1458.326	-1625.15	166.8236	0.1055101	5.006436
8040	-1458.983	-1625.557	166.5734	0.120583	5.136849
8046	-1453.391	-1620.05	166.6582	0.03586467	5.136849
8052	-1463.566	-1630.425	166.8587	0.2771265	4.891473
8058	-1458.319	-1625.299	166.9801	0.1368023	4.901988
8064	-1463.289	-1629.77	166.4807	0.1613869	5.165631
8070	-1457.077	-1624.186	167.1091	0.1145529	4.842557
8076	-1466.252	-1632.315	166.0626	0.01134766	5.479138
8082	-1462.145	-1628.404	166.2596	0.05568658	5.346168
8088	-1458.029	-1624.696	166.6669	0.03808857	5.130793
8094	-1460.85	-1627.79	166.9396	0.1386851	4.923505
8100	-1460.189	-1627.571	167.3828	0.1386851	4.676157
8106	-1455.474	-1622.391	166.9166	0.2675322	4.864568
8112	-1454.044	-1621.089	167.0455	0.1385996	4.864568
8118	-1453.869	-1621.163	167.2935	0.1439351	4.723162
8124	-1458.786	-1624.481	165.6952	0.2453564	5.552472
8130	-1459.901	-1626.701	166.8	0.1257827	5.008292
8136	-1462.677	-1629.297	166.6198	0.08201575	5.132548
8142	-1458.129	-1625.172	167.0424	0.0837961	4.896842
8148	-1454.298	-1621.334	167.0355	0.007125972	4.943366
8154	-1454.649	-1620.971	166.3223	0.1373143	5.266544
8160	-1458.528	-1625.3	166.7715	0.1887429	4.989137
8166	-1448.322	-1615.129	166.8073	0.153002	4.989137
8172	-1449.869	-1616.611	166.7415	0.1632048	5.020027
8178	-1463.611	-1630.903	167.2924	0.2149517	4.684044
8184	-1457.433	-1623.412	165.9792	0.2071617	5.417236
8190	-1460.384	-1627.531	167.1464	0.0387538	4.863977
8196	-1456.822	-1623.047	166.2253	0.1049536	5.337911
8202	-1470.9	-1638.027	167.1274	0.07883535	4.852234
8208	-1465.296	-1632.608	167.3122	0.08651855	4.74479
8214	-1468.663	-1635.702	167.0381	0.1588391	4.857426
8220	-1469.599	-1636.317	166.7182	0.1586556	5.03547
8226	-1458.419	-1625.177	166.7577	0.1191405	5.03547
8232	-1452.665	-1619.439	166.7741	0.1027767	5.03547
8238	-1458.109	-1624.455	166.346	0.02891261	5.313308
8244	-1464.437	-1631.623	167.1868	0.05197945	4.834094
8250	-1476.655	-1642.879	166.2237	0.1635781	5.306462
8256	-1471.107	-1637.353	166.2464	0.1002862	5.328888
8262	-1457.319	-1624.417	167.0979	0.2793806	4.756786
8268	-1456.863	-1624.076	167.2133	0.2336308	4.717832
8274	-1474.925	-1641.979	167.0538	0.1122148	4.874673
8280	-1459.518	-1625.938	166.4206	0.1090726	5.227785
8286	-1464.974	-1632.169	167.1943	0.1315858	4.785481
8292	-1458.507	-1625.296	166.7882	0.01373471	5.077019
8298	-1456.54	-1624.21	167.6708	0.05972065	4.55892
8304	-1451.69	-1618.082	166.3926	0.08662589	5.25571
8310	-1455.698	-1623.208	167.5101	0.01595105	4.673596
8316	-1462.847	-1629.748	166.9011	0.01595105	5.013139
8322	-1471.434	-1639.097	167.6631	0.02282966	4.583972
8328	-1464.973	-1632.192	167.2196	0.110497	4.783139
8334	-1453.459	-1619.851	166.3921	0.1556531	5.217829
8340	-1456.616	-1623.215	166.599	0.002812817	5.187924
8346	-1458.047	-1625.571	167.5237	0.05709561	4.642901
8352	-1457.108	-1624.212	167.1037	0.1349683	4.834178
8358	-1462.656	-1629.205	166.5486	0.1990938	5.107088
8364	-1464.264	-1630.147	165.883	0.1115723	5.522771
8370	-1456.791	-1624.019	167.2282	0.04579895	4.814465
8376	-1452.792	-1620.189	167.3965	0.2688353	4.595532
8382	-1447.426	-1614.703	167.2775	0.0541942	4.782251
8388	-1453.184	-1620.293	167.1084	0.03939365	4.884805
8394	-1460.125	-1627.253	167.1281	0.01971532	4.884805
8400	-1461.81	-1629.619	167.8096	0.05298241	4.484697
8406	-1468.386	-1635.032	166.6465	0.2119758	5.045682
8412	-1468.246	-1635.226	166.98	0.1164816	4.913409
8418	-1461.912	-1629.531	167.6188	0.01965891	4.610613
8424	-1466.081	-1632.811	166.73	0.01353989	5.109386
8430	-1464.576	-1631.287	166.7103	0.202914	5.015258
8436	-1471.681	-1638.595	166.9141	0.07228782	4.974643
8442	-1462.664	-1629.596	166.9324	0.05397953	4.974643
8448	-1465.837	-1632.805	166.9671	0.01377178	4.977679
8454	-1463.425	-1630.465	167.0395	0.2618363	4.799215
8460	-1464.609	-1631.68	167.0711	0.09416215	4.875083
8466	-1468.821	-1634.893	166.0721	0.1136278	5.417615
8472	-1463.762	-1630.823	167.0617	0.0526386	4.903463
8478	-1468.138	-1635.367	167.2295	0.05078147	4.810931
8484	-1458.093	-1625.981	167.8881	0.1719492	4.373367
8490	-1464.435	-1631.768	167.3324	0.1719492	4.685723
8496	-1471.362	-1639.318	167.9569	0.1719492	4.334545
8502	-1454.553	-1621.572	167.0184	0.03006816	4.940123
8508	-1459.043	-1625.881	166.8376	0.2108036	4.940123
8514	-1449.013	-1616.822	167.809	0.1821656	4.412252
8520	-1453.595	-1620.857	167.2616	0.159441	4.732356
8526	-1448.394	-1615.251	166.8566	0.06481625	5.01071
8532	-1459.378	-1626.236	166.8578	0.1581013	4.95822
8538	-1455.104	-1621.973	166.8688	0.1470726	4.95822
8544	-1450.454	-1617.413	166.9592	0.0567332	4.95822
8550	-1452.87	-1620.051	167.1815	0.07314468	4.825255
8556	-1461.599	-1628.69	167.0911	0.2059772	4.801572
8562	-1468.685	-1635.594	166.9092	0.386442	4.802397
8568	-1466.153	-1632.669	166.5168	0.1478619	5.153094
8574	-1464.635	-1631.172	166.5372	0.2369918	5.092427
8580	-1471.855	-1639.073	167.2179	0.05614369	4.81441
8586	-1462.071	-1628.915	166.844	0.1782337	4.954684
8592	-1454.112	-1620.648	166.5359	0.0185393	5.214121
8598	-1462.314	-1628.821	166.5076	0.04679198	5.214121
