Iteration	Posterior	Likelihood	Prior	tree_length
0	-179.5002	-352.9136	173.4134	0.9138998
6	-183.1094	-356.4132	173.3038	1.027136
12	-203.1915	-376.788	173.5964	0.6585962
18	-189.4865	-363.1053	173.6188	0.6048778
24	-180.7221	-354.2662	173.5441	0.7493024
30	-182.2607	-355.7209	173.4602	0.8603272
36	-186.5764	-360.0454	173.469	0.8496835
42	-178.2439	-351.8145	173.5706	0.7068588
48	-179.9682	-353.5938	173.6256	0.5832534
54	-198.6194	-372.2151	173.5958	0.3681997
60	-191.4495	-364.9913	173.5418	0.7526229
66	-189.035	-362.5768	173.5418	0.7526229
72	-197.4635	-370.6892	173.2258	1.100763
78	-184.0033	-357.4686	173.4653	0.8541742
84	-175.3691	-348.81	173.441	0.882874
90	-181.483	-355.0523	173.5693	0.7090806
96	-184.4398	-357.9847	173.5449	0.7480476
102	-189.2715	-362.8901	173.6186	0.6054411
108	-196.4826	-370.011	173.5284	0.7721977
114	-191.1982	-364.7827	173.5845	0.6820675
120	-187.1032	-360.5663	173.4631	0.8568888
126	-182.3973	-355.9417	173.5444	0.7487307
132	-182.3352	-355.8797	173.5444	0.7487307
138	-186.6984	-360.2327	173.5344	0.7636243
144	-186.6436	-360.2309	173.5874	0.676708
150	-191.9521	-365.4127	173.4606	0.8597785
156	-193.5221	-366.697	173.1749	1.146563
162	-192.0423	-365.1801	173.1378	1.179155
168	-191.9948	-365.1326	173.1378	1.179155
174	-189.6536	-363.1857	173.5321	0.7668211
180	-184.6552	-358.0282	173.373	0.9573762
186	-184.8495	-358.2655	173.4159	0.9111354
192	-201.7177	-374.8622	173.1445	1.173269
198	-199.7508	-372.8954	173.1445	1.173269
204	-194.5195	-368.032	173.5126	0.7940577
210	-191.506	-365.0675	173.5615	0.7220101
216	-180.9787	-354.4821	173.5034	0.8062854
222	-186.68	-360.0251	173.3452	0.9860082
228	-181.9998	-355.4205	173.4206	0.9059551
234	-185.0366	-358.4572	173.4206	0.9059551
240	-185.0753	-358.5847	173.5094	0.7982962
246	-188.0701	-361.7038	173.6338	0.4546788
252	-182.9397	-356.5128	173.5731	0.702556
258	-177.6677	-351.2048	173.537	0.7597023
264	-182.2125	-355.4161	173.2036	1.12089
270	-183.1008	-356.6164	173.5156	0.7899206
276	-183.8898	-357.3461	173.4563	0.8649216
282	-184.695	-357.9979	173.3028	1.028064
288	-183.8279	-357.4336	173.6056	0.6385648
294	-187.7892	-361.2431	173.4539	0.8677969
300	-179.8047	-353.3144	173.5097	0.7978628
306	-181.8441	-355.3538	173.5097	0.7978628
312	-178.4934	-351.9435	173.4501	0.8722699
318	-171.9429	-345.4261	173.4832	0.8322123
324	-177.7592	-351.3435	173.5843	0.6824607
330	-183.1971	-356.644	173.4469	0.8759611
336	-181.828	-355.2749	173.4469	0.8759611
342	-192.7929	-366.3835	173.5905	0.6705508
348	-193.2497	-366.7567	173.507	0.8015387
354	-193.9482	-367.4349	173.4867	0.8278215
360	-194.9956	-368.1749	173.1793	1.142662
366	-197.0794	-370.4077	173.3282	1.003041
372	-184.8563	-358.3515	173.4953	0.8168668
378	-194.3565	-367.7812	173.4247	0.9013877
384	-193.0976	-366.6092	173.5115	0.7954344
390	-186.109	-359.7051	173.5961	0.6593171
396	-193.7681	-367.3536	173.5855	0.6802283
402	-181.1198	-354.7505	173.6308	0.5632365
408	-186.3324	-359.8429	173.5105	0.7968227
414	-186.2272	-359.7378	173.5105	0.7968227
420	-182.436	-355.9104	173.4744	0.8431095
426	-184.1389	-357.641	173.502	0.8080722
432	-183.5371	-357.1014	173.5643	0.7175052
438	-179.6206	-353.0628	173.4422	0.8814856
444	-190.3284	-363.5632	173.2349	1.092381
450	-193.785	-367.2303	173.4452	0.8779222
456	-197.429	-370.7864	173.3574	0.9734942
462	-189.5302	-363.0268	173.4966	0.8151455
468	-181.2168	-354.8012	173.5845	0.6821408
474	-186.6817	-360.3159	173.6342	0.5456242
480	-181.5317	-355.0393	173.5076	0.8007601
486	-186.9364	-360.2902	173.3538	0.9772147
492	-175.4779	-348.8757	173.3978	0.9309707
498	-181.33	-354.7035	173.3735	0.9567974
504	-194.1948	-367.5078	173.313	1.018074
510	-189.7633	-363.0326	173.2693	1.060209
516	-186.9508	-360.296	173.3452	0.9860321
522	-182.8532	-356.1781	173.3249	1.006357
528	-187.8934	-361.4876	173.5943	0.6631048
534	-188.5495	-362.047	173.4975	0.8139559
540	-181.5776	-355.1139	173.5363	0.7608285
546	-193.9585	-367.5779	173.6194	0.6030056
552	-186.9371	-360.4791	173.542	0.752392
558	-191.7446	-365.2866	173.542	0.752392
564	-183.1955	-356.5725	173.377	0.9531963
570	-191.3625	-365.0005	173.638	0.4909707
576	-186.0946	-359.4635	173.3689	0.9616272
582	-192.0445	-365.2779	173.2334	1.093746
588	-181.351	-354.988	173.637	0.5238597
594	-178.6505	-351.9877	173.3372	0.9940842
600	-182.2203	-355.7742	173.554	0.7341215
606	-185.395	-358.8775	173.4825	0.8331058
612	-186.6602	-360.1856	173.5254	0.7764325
618	-193.9214	-367.3092	173.3878	0.9417601
624	-187.7074	-361.2618	173.5543	0.7335123
630	-197.95	-371.3902	173.4402	0.8837607
636	-190.4089	-363.8491	173.4402	0.8837607
642	-189.3106	-362.8726	173.5621	0.7211525
648	-192.9563	-366.088	173.1317	1.184395
654	-192.5415	-366.062	173.5205	0.7831984
660	-186.8792	-360.3998	173.5205	0.7831984
666	-198.8829	-372.236	173.3532	0.9778596
672	-185.7328	-359.1067	173.3739	0.9563957
678	-175.1302	-348.6278	173.4976	0.8139106
684	-183.7353	-357.1231	173.3878	0.9417189
690	-173.9161	-347.3885	173.4724	0.8456032
696	-176.8542	-350.4239	173.5698	0.7083235
702	-191.0388	-364.4466	173.4078	0.9200798
708	-199.4797	-372.8186	173.3389	0.9923265
714	-181.9644	-355.3033	173.3389	0.9923265
720	-176.8562	-350.473	173.6168	0.6104115
726	-181.2675	-354.695	173.4275	0.8982518
732	-185.8914	-359.5065	173.6151	0.6151001
738	-194.8086	-368.1495	173.3409	0.9903264
744	-182.8774	-356.4074	173.5301	0.7697992
750	-187.3781	-360.9081	173.5301	0.7697992
756	-172.0575	-345.6165	173.559	0.7261492
762	-184.1878	-357.8257	173.6379	0.5107969
768	-178.8007	-352.3554	173.5547	0.732961
774	-181.9394	-355.5048	173.5654	0.7157576
780	-188.2983	-361.324	173.0257	1.273774
786	-197.5806	-371.0962	173.5156	0.7898991
792	-209.5712	-383.1792	173.608	0.6329927
798	-204.9132	-378.4759	173.5628	0.7200024
804	-188.4766	-361.9951	173.5184	0.7860474
810	-177.9438	-351.5515	173.6077	0.6336782
816	-185.313	-358.6073	173.2942	1.036425
822	-180.6237	-353.5818	172.958	1.328729
828	-180.4885	-353.9846	173.4962	0.8157242
834	-176.1836	-349.6729	173.4894	0.8244123
840	-175.1168	-348.6062	173.4894	0.8244123
846	-171.9954	-345.5672	173.5717	0.7049589
852	-191.2021	-364.8331	173.6309	0.5624255
858	-199.5556	-373.1406	173.585	0.6812121
864	-201.6144	-375.1044	173.49	0.8236455
870	-189.8611	-363.1088	173.2477	1.080474
876	-185.1153	-358.6086	173.4933	0.81939
882	-183.994	-357.539	173.545	0.7479284
888	-201.988	-375.4057	173.4177	0.9091909
894	-202.5987	-375.6528	173.0541	1.250271
900	-202.4562	-375.9641	173.5079	0.800305
906	-208.95	-382.3266	173.3765	0.9536556
912	-189.8445	-363.3659	173.5214	0.7819766
918	-187.879	-361.4076	173.5286	0.7718475
924	-180.9652	-354.4795	173.5143	0.7917706
930	-195.7307	-369.3148	173.5842	0.6827173
936	-196.8795	-369.9432	173.0638	1.242201
942	-193.9179	-367.5476	173.6297	0.5677343
948	-183.5249	-357.1285	173.6036	0.643264
954	-186.4068	-359.9131	173.5063	0.8024311
960	-198.8123	-372.1523	173.34	0.9912208
966	-197.5237	-370.667	173.1433	1.174355
972	-190.1014	-363.6848	173.5834	0.684196
978	-195.4457	-368.9649	173.5192	0.7849757
984	-183.7898	-357.3561	173.5663	0.7141936
990	-181.508	-354.9559	173.4479	0.8748554
996	-182.1497	-355.5085	173.3588	0.9720934
1002	-181.0841	-354.6183	173.5342	0.7639051
1008	-191.996	-365.3572	173.3611	0.969671
1014	-189.9436	-363.464	173.5204	0.7833775
1020	-182.2948	-355.6744	173.3796	0.9503938
1026	-188.191	-361.6592	173.4682	0.8506938
1032	-177.38	-350.5618	173.1819	1.140377
1038	-191.7381	-365.0617	173.3236	1.007657
1044	-188.6299	-362.2388	173.6088	0.6310231
1050	-180.7756	-354.2459	173.4704	0.8480289
1056	-179.4881	-352.9266	173.4385	0.8857403
1062	-185.1673	-358.7887	173.6214	0.597088
1068	-181.4264	-354.9044	173.4781	0.8386121
1074	-184.4297	-358.0016	173.5719	0.7047242
1080	-183.0322	-356.5782	173.5459	0.7465158
1086	-182.8629	-356.4616	173.5986	0.6539718
1092	-187.5317	-361.0347	173.503	0.8067786
1098	-186.7534	-360.3054	173.552	0.7371537
1104	-190.4056	-363.7777	173.372	0.9583643
1110	-202.8591	-375.9816	173.1225	1.19238
1116	-201.4744	-374.7116	173.2372	1.090222
1122	-191.9889	-365.1867	173.1977	1.12622
1128	-200.3929	-374.0264	173.6334	0.55002
1134	-193.1137	-366.478	173.3642	0.9664803
1140	-194.85	-367.972	173.122	1.192797
1146	-186.7347	-360.1801	173.4453	0.8777995
1152	-188.1869	-361.6322	173.4453	0.8777995
1158	-181.0192	-354.3828	173.3636	0.9671145
1164	-178.0125	-351.6495	173.637	0.5245469
1170	-183.0949	-356.5885	173.4937	0.81894
1176	-188.5796	-362.0207	173.4411	0.8827408
1182	-185.9804	-359.4844	173.504	0.8055276
1188	-177.9103	-351.4277	173.5174	0.7874617
1194	-177.6464	-351.1104	173.464	0.8558121
1200	-191.1812	-364.7131	173.5318	0.7672552
1206	-192.3969	-365.8544	173.4575	0.863547
1212	-182.6872	-356.3162	173.629	0.5707156
1218	-185.2627	-358.8405	173.5778	0.6942895
1224	-184.9876	-358.5444	173.5569	0.7295553
1230	-184.6015	-357.9981	173.3966	0.9322627
1236	-188.7864	-362.1169	173.3305	1.000797
1242	-193.4373	-366.9869	173.5496	0.7409615
1248	-196.6958	-370.2896	173.5937	0.6641658
1254	-188.3675	-361.9178	173.5503	0.7398305
1260	-194.0417	-367.6478	173.6061	0.6375303
1266	-194.0123	-367.5688	173.5564	0.7302225
1272	-186.7329	-360.2893	173.5564	0.7302225
1278	-182.8763	-356.3645	173.4882	0.8258961
1284	-190.32	-363.8058	173.4858	0.8289569
1290	-189.7588	-363.3207	173.5619	0.7213572
1296	-190.5144	-363.7054	173.191	1.132253
1302	-190.2115	-363.7667	173.5553	0.7320502
1308	-181.4103	-354.9656	173.5553	0.7320502
1314	-185.6756	-359.0061	173.3305	1.000743
1320	-175.996	-349.3403	173.3443	0.9868965
1326	-186.7058	-360.1465	173.4407	0.8831186
1332	-185.0876	-358.5871	173.4995	0.8113483
1338	-202.4958	-375.7749	173.2791	1.050959
1344	-198.5518	-372.1321	173.5803	0.6898454
1350	-190.0425	-363.3373	173.2948	1.035899
1356	-188.8496	-361.8936	173.044	1.258689
1362	-190.7836	-364.0767	173.2931	1.037505
1368	-191.2991	-364.6932	173.3941	0.9349538
1374	-187.2581	-360.7695	173.5113	0.7957397
1380	-188.1713	-361.7258	173.5545	0.7332409
1386	-190.9993	-364.4714	173.4721	0.8459215
1392	-187.1686	-360.6527	173.4841	0.831081
1398	-185.0625	-358.5452	173.4827	0.8328192
1404	-177.7554	-351.2268	173.4715	0.8467259
1410	-185.1094	-358.558	173.4486	0.8740316
1416	-180.3273	-353.6494	173.3221	1.009107
1422	-190.7068	-364.2293	173.5225	0.7803784
1428	-183.8815	-357.3399	173.4584	0.8624184
1434	-181.5908	-354.8082	173.2174	1.108367
1440	-186.0588	-359.2762	173.2174	1.108367
1446	-187.0221	-360.3548	173.3327	0.9985857
1452	-196.5134	-369.9213	173.4078	0.9201047
1458	-203.5613	-376.1432	172.5818	1.614112
1464	-190.7977	-364.3357	173.538	0.7583568
1470	-195.6138	-369.0162	173.4024	0.9260261
1476	-196.0055	-369.3	173.2946	1.036093
1482	-193.4302	-367.0649	173.6347	0.5428011
1488	-186.0603	-359.4863	173.426	0.8998594
1494	-183.4484	-357.0637	173.6152	0.6147497
1500	-188.9547	-362.4907	173.536	0.7611797
1506	-191.679	-365.0399	173.3609	0.9699507
1512	-184.6184	-358.1103	173.4919	0.8211794
1518	-194.2609	-367.8155	173.5546	0.7330884
1524	-188.8243	-362.0641	173.2398	1.087803
1530	-186.7018	-360.3211	173.6192	0.6035688
1536	-187.0451	-360.6803	173.6352	0.5395299
1542	-186.706	-360.2689	173.5629	0.7197415
1548	-187.5431	-360.9478	173.4047	0.9234983
1554	-186.2029	-359.6166	173.4137	0.9136368
1560	-203.1329	-376.6417	173.5088	0.7990896
1566	-189.807	-363.3158	173.5088	0.7990896
1572	-183.9396	-357.489	173.5495	0.7410906
1578	-187.2839	-360.4965	173.2126	1.112747
1584	-181.4309	-355.0073	173.5764	0.6968148
1590	-187.6758	-361.1616	173.4858	0.8289768
1596	-183.7555	-357.1966	173.4411	0.8826973
1602	-183.0053	-356.6074	173.6022	0.6463679
1608	-181.4627	-355.0245	173.5617	0.7217146
1614	-178.7412	-352.0147	173.2735	1.056266
1620	-172.3619	-345.812	173.4501	0.8722864
1626	-179.0681	-352.6763	173.6082	0.6324156
1632	-184.7463	-358.3809	173.6347	0.5427084
1638	-182.6467	-356.2665	173.6198	0.6018965
1644	-196.156	-369.6549	173.4989	0.8121269
1650	-188.6854	-362.2885	173.6031	0.6443668
1656	-183.1424	-356.2862	173.1438	1.173874
1662	-188.9982	-362.3267	173.3285	1.002818
1668	-190.4638	-363.9225	173.4588	0.862015
1674	-193.753	-367.2278	173.4747	0.8427012
1680	-183.6655	-357.294	173.6286	0.5723627
1686	-193.6145	-367.2384	173.6239	0.420239
1692	-196.1009	-369.3843	173.2833	1.046905
1698	-192.3197	-365.4468	173.127	1.188446
1704	-196.3591	-369.3333	172.9742	1.315733
1710	-195.5559	-368.7233	173.1674	1.153245
1716	-185.5524	-358.8171	173.2647	1.064592
1722	-181.3864	-354.8794	173.493	0.8198202
1728	-177.9157	-351.3444	173.4287	0.8968617
1734	-177.2373	-350.6871	173.4498	0.8726237
1740	-179.983	-353.4328	173.4498	0.8726237
1746	-184.3062	-357.8703	173.564	0.7179129
1752	-182.1343	-355.6851	173.5509	0.7389398
1758	-182.6483	-356.1614	173.5131	0.7933604
1764	-182.8504	-356.3635	173.5131	0.7933604
1770	-179.119	-352.632	173.5131	0.7933604
1776	-189.975	-363.46	173.485	0.8299207
1782	-184.7068	-358.3218	173.615	0.615338
1788	-192.3507	-365.874	173.5233	0.7793971
1794	-191.3976	-364.9208	173.5233	0.7793971
1800	-193.2057	-366.6078	173.4021	0.926276
1806	-185.4795	-359.02	173.5405	0.7545981
1812	-191.3379	-364.767	173.4291	0.896445
1818	-188.8146	-362.2547	173.44	0.8839514
1824	-197.9705	-371.5872	173.6167	0.6109221
1830	-177.4338	-351.0593	173.6255	0.5837178
1836	-184.7911	-358.3609	173.5697	0.7083771
1842	-176.7188	-350.2346	173.5158	0.7896782
1848	-192.232	-365.7478	173.5158	0.7896782
1854	-186.2787	-359.7945	173.5158	0.7896782
1860	-180.6131	-354.0395	173.4265	0.899365
1866	-184.1816	-357.6403	173.4587	0.8620886
1872	-186.4909	-360.0518	173.5608	0.7231465
1878	-187.9829	-361.6	173.6171	0.6096263
1884	-182.6392	-356.1726	173.5333	0.7650785
1890	-184.5243	-358.1317	173.6074	0.6344251
1896	-182.1919	-355.8087	173.6167	0.6107139
1902	-184.0521	-357.6896	173.6375	0.5181563
1908	-179.0241	-352.5895	173.5655	0.7155831
1914	-178.2272	-351.7818	173.5547	0.7329984
1920	-191.3712	-364.9743	173.6031	0.6443034
1926	-190.4207	-363.9195	173.4988	0.8122614
1932	-192.638	-366.2351	173.5971	0.6572648
1938	-185.2356	-358.7498	173.5142	0.7918151
1944	-185.6765	-359.1908	173.5142	0.7918151
1950	-190.1507	-363.5003	173.3496	0.9815564
1956	-196.443	-369.8523	173.4093	0.9184696
1962	-194.2741	-367.7133	173.4392	0.8849191
1968	-186.6372	-360.1302	173.493	0.8197598
1974	-191.5435	-365.1027	173.5592	0.7258085
1980	-196.3908	-369.6293	173.2385	1.08903
1986	-201.15	-374.5988	173.4487	0.873845
1992	-185.8796	-359.1556	173.276	1.05385
1998	-188.0928	-361.6314	173.5386	0.7574902
2004	-182.0204	-355.4501	173.4297	0.8957376
2010	-187.2159	-360.4647	173.2489	1.079399
2016	-179.6001	-353.0002	173.4002	0.9284166
2022	-173.6414	-347.2117	173.5702	0.7075623
2028	-179.6624	-353.1917	173.5292	0.7709659
2034	-188.9078	-362.4665	173.5587	0.7266388
2040	-198.7817	-372.3996	173.6179	0.6073821
2046	-189.4088	-362.8111	173.4022	0.9261726
2052	-186.95	-360.5127	173.5627	0.7201425
2058	-187.0997	-360.6415	173.5418	0.752698
2064	-189.3809	-362.9615	173.5806	0.6892729
2070	-179.887	-353.4577	173.5708	0.7066281
2076	-175.8019	-349.4222	173.6203	0.6005969
2082	-181.4228	-354.8865	173.4637	0.8561573
2088	-180.5019	-354.0095	173.5076	0.800675
2094	-183.0214	-356.6005	173.5791	0.6919627
2100	-187.4492	-360.3606	172.9114	1.365834
2106	-185.1642	-358.5994	173.4353	0.889392
2112	-181.852	-355.3536	173.5016	0.8086257
2118	-189.0397	-362.5891	173.5494	0.7411711
2124	-189.7329	-363.1392	173.4063	0.9217907
2130	-189.7672	-363.403	173.6359	0.5343141
2136	-190.5381	-363.9418	173.4038	0.9245222
2142	-179.8545	-353.3318	173.4773	0.8395021
2148	-184.1569	-357.6905	173.5336	0.7646639
2154	-191.3532	-364.9685	173.6153	0.6145365
2160	-185.512	-358.7406	173.2286	1.098135
2166	-183.7084	-357.0403	173.3318	0.9994353
2172	-173.9894	-347.6231	173.6337	0.5485643
2178	-180.9615	-354.3611	173.3996	0.9290208
2184	-178.4506	-351.8329	173.3823	0.9476096
2190	-199.5114	-372.8219	173.3105	1.020529
2196	-190.158	-363.711	173.553	0.7356512
2202	-184.0199	-357.4268	173.4069	0.9211357
2208	-184.7484	-358.1553	173.4069	0.9211357
2214	-188.2062	-361.6806	173.4744	0.843138
2220	-191.2437	-364.8161	173.5724	0.7037857
2226	-197.3551	-370.8609	173.5058	0.8031724
2232	-200.3547	-373.9249	173.5702	0.7075912
2238	-202.7923	-376.3625	173.5702	0.7075912
2244	-200.1856	-373.7083	173.5227	0.7801871
2250	-191.6233	-365.037	173.4138	0.9135506
2256	-195.0187	-368.0216	173.0029	1.292498
2262	-193.8329	-367.3291	173.4962	0.8157125
2268	-194.8172	-368.4331	173.6159	0.6129743
2274	-192.1948	-365.8315	173.6366	0.5279673
2280	-186.4667	-360.0657	173.5991	0.653085
2286	-185.7522	-359.2126	173.4604	0.8600986
2292	-190.984	-364.561	173.577	0.6958223
2298	-185.1998	-358.3805	173.1807	1.141433
2304	-179.4441	-352.9954	173.5513	0.738231
2310	-177.7494	-351.2274	173.478	0.83867
2316	-190.9529	-364.4747	173.5218	0.7814161
2322	-179.7234	-353.1924	173.469	0.8496843
2328	-178.8716	-352.2976	173.426	0.8999157
2334	-180.0048	-353.6241	173.6192	0.6035935
2340	-196.9177	-370.4894	173.5717	0.7050415
2346	-194.9993	-368.571	173.5717	0.7050415
2352	-198.7383	-372.31	173.5717	0.7050415
2358	-205.3246	-378.8433	173.5187	0.7856418
2364	-199.2316	-372.536	173.3044	1.026553
2370	-195.5153	-368.9933	173.4779	0.8387478
2376	-195.0258	-368.5038	173.4779	0.8387478
2382	-205.4438	-379.0165	173.5728	0.7032313
2388	-197.6314	-371.1795	173.5481	0.7431222
2394	-186.6987	-360.2818	173.5831	0.6847409
2400	-193.8283	-367.3026	173.4743	0.8432588
2406	-192.5786	-366.1341	173.5555	0.7317176
2412	-190.2311	-363.5209	173.2898	1.040645
2418	-191.4654	-365.081	173.6156	0.6137141
2424	-193.6325	-367.2258	173.5933	0.665104
2430	-193.2418	-366.8095	173.5677	0.7118068
2436	-190.1045	-363.7208	173.6162	0.6120559
2442	-181.2298	-354.8216	173.5918	0.6681043
2448	-184.5808	-358.1381	173.5573	0.7288566
2454	-193.9876	-367.3371	173.3495	0.9816238
2460	-184.3963	-357.8549	173.4586	0.8622021
2466	-194.1776	-367.8147	173.637	0.5239892
2472	-189.1075	-362.7192	173.6118	0.6237619
2478	-180.2577	-353.8153	173.5576	0.7283134
2484	-182.2788	-355.8119	173.5332	0.7653341
2490	-176.5666	-350.1061	173.5395	0.7561172
2496	-186.971	-360.3533	173.3823	0.9475992
2502	-188.4307	-361.9895	173.5588	0.7264555
2508	-188.6162	-361.647	173.0308	1.269627
2514	-190.5433	-363.9871	173.4438	0.8796158
2520	-189.1766	-362.7255	173.5489	0.7420329
2526	-186.3112	-359.8988	173.5877	0.6761274
2532	-187.0565	-360.654	173.5975	0.656489
2538	-177.1726	-350.5749	173.4022	0.9261794
2544	-186.2885	-359.805	173.5166	0.7886131
2550	-182.0311	-355.6227	173.5916	0.6685101
2556	-187.0964	-360.6425	173.5461	0.7462546
2562	-181.4213	-355.0335	173.6122	0.6226388
2568	-192.8231	-366.3044	173.4813	0.8345763
2574	-192.0711	-365.6427	173.5716	0.7051939
2580	-190.9122	-364.3187	173.4065	0.9215669
2586	-194.8449	-367.8786	173.0337	1.26721
2592	-194.3667	-367.867	173.5004	0.8102406
2598	-195.4433	-368.9178	173.4745	0.8429409
2604	-205.312	-378.7865	173.4745	0.8429409
2610	-193.7098	-367.1788	173.4689	0.8497977
2616	-182.7674	-356.3239	173.5566	0.7300128
2622	-186.2209	-359.8256	173.6047	0.6407399
2628	-194.1801	-367.7146	173.5345	0.7634469
2634	-191.8165	-364.975	173.1586	1.160991
2640	-183.6579	-356.9837	173.3258	1.005455
2646	-182.568	-355.8754	173.3074	1.023617
2652	-189.0465	-362.617	173.5706	0.7069578
2658	-184.231	-357.7257	173.4947	0.817606
2664	-183.9488	-357.538	173.5892	0.6731288
2670	-176.8349	-350.4253	173.5904	0.670749
2676	-187.033	-360.3516	173.3185	1.012656
2682	-187.681	-361.1005	173.4196	0.907123
2688	-185.6174	-359.2062	173.5888	0.6739563
2694	-186.7727	-360.3089	173.5362	0.7609256
2700	-175.2392	-348.8083	173.5691	0.7094315
2706	-181.6614	-355.2924	173.631	0.56233
2712	-185.2331	-358.8397	173.6067	0.6361321
2718	-186.1078	-359.4958	173.3881	0.941445
2724	-180.317	-353.7842	173.4672	0.85195
2730	-190.7054	-364.1726	173.4672	0.85195
2736	-197.2746	-370.336	173.0613	1.244228
2742	-187.3088	-360.6833	173.3745	0.9557813
2748	-191.2843	-364.8595	173.5751	0.6990774
2754	-185.0278	-358.6381	173.6103	0.627326
2760	-188.7405	-362.2398	173.4993	0.811665
2766	-189.6313	-363.2105	173.5791	0.6919753
2772	-182.4989	-355.9441	173.4452	0.8779575
2778	-182.5044	-356.059	173.5546	0.7331442
2784	-181.8927	-355.2118	173.319	1.012169
2790	-187.3192	-360.7905	173.4712	0.846984
2796	-191.1545	-364.5067	173.3522	0.9788322
2802	-184.7148	-358.2456	173.5308	0.7687191
2808	-186.4816	-360.0636	173.582	0.6867301
2814	-182.5954	-356.18	173.5846	0.6818999
2820	-174.9619	-348.2594	173.2975	1.03322
2826	-191.139	-364.2995	173.1605	1.159266
2832	-186.9049	-360.2899	173.3849	0.9447853
2838	-189.288	-362.4446	173.1566	1.162711
2844	-183.5786	-357.0284	173.4498	0.8725989
2850	-191.588	-365.2257	173.6378	0.5136334
2856	-187.1192	-360.2726	173.1534	1.165557
2862	-178.7156	-352.1707	173.4551	0.8663115
2868	-186.3148	-359.7188	173.404	0.9242453
2874	-184.4152	-357.872	173.4568	0.8643375
2880	-194.3707	-367.7961	173.4254	0.9005552
2886	-202.2347	-375.6601	173.4254	0.9005552
2892	-189.2411	-362.7646	173.5235	0.7790382
2898	-185.2689	-358.7924	173.5235	0.7790382
2904	-178.485	-352.1091	173.6241	0.5883932
2910	-183.44	-357.0296	173.5896	0.6723405
2916	-202.9324	-376.3469	173.4145	0.9126973
2922	-187.5372	-361.051	173.5138	0.7923943
2928	-189.0762	-362.6013	173.525	0.7768847
2934	-194.3458	-367.9369	173.5911	0.6694269
2940	-196.806	-370.2796	173.4736	0.8441349
2946	-189.5874	-363.0582	173.4708	0.8474972
2952	-197.8334	-371.3088	173.4754	0.8418922
2958	-187.5022	-360.9437	173.4416	0.8821646
2964	-184.9016	-358.3806	173.479	0.8374486
2970	-183.8645	-357.3434	173.479	0.8374486
2976	-178.9454	-352.5009	173.5555	0.731622
2982	-180.5864	-354.2215	173.6351	0.5398353
2988	-180.4355	-353.7149	173.2794	1.050653
2994	-185.2063	-358.731	173.5247	0.7774268
3000	-190.4124	-364.003	173.5906	0.670461
3006	-182.0758	-355.3401	173.2643	1.064981
3012	-192.8678	-366.4426	173.5748	0.6996903
3018	-192.4112	-366.0055	173.5943	0.6630205
3024	-185.2857	-358.7955	173.5098	0.7977675
3030	-186.0474	-359.5095	173.4621	0.8580775
3036	-188.9023	-362.5003	173.5981	0.6552166
3042	-184.4228	-357.6823	173.2595	1.069511
3048	-195.3959	-368.7524	173.3565	0.9745
3054	-188.4102	-361.8442	173.434	0.8908268
3060	-189.9483	-363.401	173.4527	0.8692016
3066	-186.3822	-359.7815	173.3993	0.9293997
3072	-182.7992	-356.2852	173.486	0.8286363
3078	-190.677	-364.3149	173.6379	0.4893117
3084	-189.8181	-363.4047	173.5866	0.6781697
3090	-188.7703	-361.9019	173.1317	1.184435
3096	-187.88	-361.2644	173.3844	0.9453536
3102	-192.1496	-365.7804	173.6308	0.5630194
3108	-186.5355	-360.0695	173.5341	0.7640531
3114	-189.3295	-362.7718	173.4424	0.8812283
3120	-197.3978	-371.0357	173.6379	0.5104951
3126	-201.8406	-375.4106	173.57	0.7078783
3132	-192.1815	-365.7897	173.6082	0.632564
3138	-202.1337	-375.289	173.1554	1.16382
3144	-191.7939	-365.3069	173.513	0.7934766
3150	-187.4597	-360.7998	173.3401	0.9911181
3156	-201.0238	-374.4958	173.472	0.8460283
3162	-204.3973	-377.5281	173.1309	1.185132
3168	-195.1253	-368.6658	173.5405	0.7545759
3174	-193.8139	-367.3867	173.5728	0.7031535
3180	-191.882	-365.4482	173.5662	0.7144195
3186	-184.6547	-358.0275	173.3728	0.9575396
3192	-185.4044	-358.9605	173.5561	0.73075
3198	-183.4606	-357.0434	173.5827	0.6853743
3204	-178.75	-351.9878	173.2378	1.089676
3210	-179.4417	-352.5903	173.1486	1.169716
3216	-186.8754	-360.3413	173.4658	0.8535539
3222	-181.3992	-354.8632	173.464	0.8557639
3228	-179.2088	-352.7664	173.5575	0.7284468
3234	-171.7572	-345.1961	173.4389	0.885304
3240	-186.5729	-359.9379	173.365	0.9657202
3246	-182.7322	-356.3185	173.5863	0.6787959
3252	-200.4486	-373.9222	173.4735	0.8441638
3258	-194.193	-367.7045	173.5116	0.7954185
3264	-196.8444	-370.3897	173.5453	0.7474369
3270	-191.8756	-365.4911	173.6154	0.6142274
3276	-201.6398	-374.9371	173.2973	1.033438
3282	-197.848	-371.3545	173.5065	0.8021955
3288	-194.1765	-367.6301	173.4537	0.8680482
3294	-192.4069	-365.81	173.4031	0.9252647
3300	-196.0734	-369.4765	173.4031	0.9252647
3306	-196.6114	-370.0145	173.4031	0.9252647
3312	-191.7352	-365.1	173.3647	0.965969
3318	-185.8047	-359.1694	173.3647	0.965969
3324	-181.0714	-354.5145	173.443	0.8804713
3330	-194.8616	-368.3284	173.4668	0.8523962
3336	-198.975	-372.5894	173.6143	0.6171688
3342	-185.7036	-358.87	173.1664	1.154131
3348	-192.1718	-365.5225	173.3506	0.9804566
3354	-198.3461	-371.7672	173.4211	0.9054336
3360	-193.5861	-367.1921	173.606	0.6376536
3366	-180.6726	-354.1965	173.5239	0.7784946
3372	-179.5035	-352.9171	173.4136	0.91374
3378	-185.6583	-358.9704	173.3121	1.018995
3384	-177.1003	-350.7187	173.6184	0.6061111
3390	-180.9019	-354.4219	173.5199	0.7840179
3396	-180.3472	-353.8888	173.5416	0.7529375
3402	-185.2163	-358.7269	173.5106	0.7966737
3408	-185.5471	-359.0577	173.5106	0.7966737
3414	-188.8688	-362.2099	173.3412	0.990074
3420	-184.5693	-358.1306	173.5613	0.7223993
3426	-179.7841	-353.0731	173.2889	1.041518
3432	-202.1701	-375.4554	173.2853	1.044986
3438	-183.6577	-356.9879	173.3302	1.001037
3444	-186.6107	-359.9145	173.3038	1.027117
3450	-184.8339	-358.2784	173.4446	0.8786912
3456	-189.0517	-362.5995	173.5478	0.7435867
3462	-190.5667	-363.6306	173.064	1.242019
3468	-180.8592	-354.4276	173.5684	0.7105903
3474	-179.417	-352.9743	173.5573	0.7288169
3480	-177.1941	-350.5826	173.3885	0.9409666
3486	-178.5828	-352.1433	173.5605	0.7237569
3492	-175.6205	-349.1415	173.521	0.7824924
3498	-175.6159	-349.0454	173.4295	0.8959603
3504	-182.9944	-356.1817	173.1874	1.135472
3510	-183.3097	-356.7616	173.4519	0.8701761
3516	-212.3645	-385.5966	173.2322	1.094887
3522	-199.8181	-373.4096	173.5915	0.6686468
3528	-190.6199	-364.1542	173.5343	0.7636387
3534	-186.0562	-359.5237	173.4675	0.8515028
3540	-186.0032	-359.4707	173.4675	0.8515028
3546	-184.6529	-358.1204	173.4675	0.8515028
3552	-178.7909	-352.4105	173.6195	0.6028196
3558	-187.2011	-360.8282	173.6271	0.5778543
3564	-173.856	-347.0959	173.24	1.087693
3570	-177.0081	-350.4335	173.4254	0.9005845
3576	-178.3492	-351.9127	173.5635	0.7188051
3582	-183.0837	-356.2582	173.1745	1.146941
3588	-173.5512	-347.0515	173.5004	0.8102589
3594	-179.4343	-353.0693	173.635	0.5404349
3600	-172.2471	-345.8721	173.6249	0.5857162
3606	-178.336	-351.9082	173.5722	0.7041691
3612	-179.1358	-352.6976	173.5618	0.7216081
3618	-185.881	-359.4056	173.5246	0.7775599
3624	-202.6777	-376.1226	173.4449	0.8783413
3630	-187.9971	-361.4781	173.4809	0.835038
3636	-185.4909	-358.6727	173.1819	1.14041
3642	-176.2532	-349.6061	173.3528	0.9782027
3648	-179.3358	-352.8849	173.5491	0.7416517
3654	-187.7102	-361.1249	173.4147	0.9124637
3660	-187.0823	-360.1858	173.1034	1.208697
3666	-190.0873	-363.5835	173.4962	0.8156724
3672	-184.7487	-358.2449	173.4962	0.8156724
3678	-187.3086	-360.9301	173.6214	0.5970265
3684	-182.3876	-355.7008	173.3132	1.017889
3690	-187.5971	-361.1385	173.5414	0.7532962
3696	-186.5482	-360.0889	173.5407	0.7542546
3702	-188.0113	-361.3956	173.3843	0.9454257
3708	-183.3136	-356.87	173.5564	0.7302131
3714	-186.4041	-359.9656	173.5616	0.7219966
3720	-194.3467	-367.823	173.4763	0.8408321
3726	-188.8443	-362.0145	173.1702	1.150722
3732	-186.5646	-360.0193	173.4547	0.8668448
3738	-184.8432	-358.2448	173.4016	0.9268263
3744	-184.9637	-358.5609	173.5972	0.6570074
3750	-194.0218	-367.4544	173.4327	0.8923721
3756	-191.3062	-364.9261	173.6199	0.6018059
3762	-205.0549	-378.6923	173.6374	0.5198561
3768	-195.8753	-369.1689	173.2936	1.037018
3774	-193.2077	-366.7476	173.5399	0.7555614
3780	-194.3406	-367.9665	173.6259	0.5823898
3786	-194.1997	-367.6767	173.477	0.8398906
3792	-197.8552	-371.3165	173.4613	0.8589968
3798	-182.4198	-355.7477	173.3279	1.003425
3804	-178.2503	-351.5351	173.2848	1.045507
3810	-186.644	-360.0293	173.3853	0.9444274
3816	-189.1559	-362.781	173.625	0.5853113
3822	-190.1297	-363.5446	173.4148	0.912366
3828	-184.229	-357.7869	173.5579	0.7279107
3834	-185.3363	-358.6447	173.3084	1.022651
3840	-181.9808	-355.3895	173.4087	0.9191074
3846	-179.9351	-353.4047	173.4696	0.8490135
3852	-181.2794	-354.7649	173.4856	0.8292383
3858	-184.7256	-358.2372	173.5117	0.7952945
3864	-183.49	-356.8792	173.3892	0.9402675
3870	-188.953	-362.4589	173.5059	0.8029568
3876	-188.3291	-361.2592	172.9301	1.351005
3882	-184.6722	-358.0769	173.4047	0.9234995
3888	-195.5936	-368.9803	173.3867	0.9428442
3894	-186.2347	-359.816	173.5813	0.6880832
3900	-194.3598	-367.6806	173.3208	1.010422
3906	-189.1818	-362.8189	173.6372	0.5222128
3912	-193.3493	-366.9856	173.6362	0.5316136
3918	-183.3487	-356.9259	173.5773	0.695324
3924	-179.8022	-353.2871	173.4849	0.8300409
3930	-180.1926	-353.7507	173.5581	0.7276107
3936	-184.8295	-358.3177	173.4882	0.8258561
3942	-183.7871	-357.0336	173.2465	1.081648
3948	-182.9849	-356.4163	173.4314	0.8937559
3954	-180.5459	-354.0908	173.5449	0.7480264
3960	-179.7275	-353.1533	173.4258	0.9000852
3966	-194.3555	-367.8277	173.4723	0.84571
3972	-200.287	-373.4216	173.1346	1.181898
3978	-183.5511	-357.118	173.5669	0.7131759
3984	-183.6982	-357.2546	173.5565	0.7301781
3990	-181.5814	-354.9968	173.4154	0.9116981
3996	-195.4264	-368.4883	173.0619	1.243747
4002	-183.1895	-356.7997	173.6102	0.6277366
4008	-195.6756	-368.962	173.2864	1.043961
4014	-200.1725	-373.5026	173.3302	1.001127
4020	-193.808	-367.3707	173.5626	0.7202701
4026	-191.152	-364.5814	173.4294	0.8960724
4032	-195.1272	-368.4769	173.3497	0.9813961
4038	-188.0063	-361.6146	173.6083	0.6322834
4044	-184.7919	-358.3859	173.594	0.6635779
4050	-183.688	-357.2667	173.5787	0.6927632
4056	-181.7853	-355.4163	173.631	0.5620268
4062	-182.4558	-355.9315	173.4757	0.8414988
4068	-182.4609	-355.9402	173.4793	0.8370503
4074	-183.7976	-357.1393	173.3417	0.9895051
4080	-180.6666	-354.1075	173.4408	0.8830342
4086	-174.8195	-348.2547	173.4352	0.8894717
4092	-183.1745	-356.4709	173.2963	1.034375
4098	-175.3894	-348.8915	173.5021	0.8079334
4104	-182.5195	-356.0711	173.5516	0.7377854
4110	-185.6615	-358.984	173.3225	1.008733
4116	-192.2427	-365.8244	173.5817	0.6873227
4122	-178.0037	-351.3375	173.3338	0.9974321
4128	-178.5807	-352.1154	173.5347	0.7631821
4134	-187.6177	-360.9962	173.3785	0.9515634
4140	-174.4539	-347.9911	173.5372	0.7594942
4146	-184.246	-357.7723	173.5263	0.7750834
4152	-191.5119	-364.9818	173.4699	0.8485806
4158	-191.8094	-365.1447	173.3354	0.9959082
4164	-182.8025	-356.1379	173.3354	0.9959082
4170	-176.6553	-349.9906	173.3354	0.9959082
4176	-187.3516	-360.9695	173.6179	0.6073342
4182	-183.1446	-356.2588	173.1142	1.199519
4188	-185.6225	-358.9762	173.3537	0.9773182
4194	-198.3347	-371.9546	173.6198	0.6018636
4200	-196.6365	-370.156	173.5195	0.7845841
4206	-194.9767	-368.5671	173.5903	0.6709527
4212	-202.2931	-375.5192	173.2261	1.100409
4218	-192.4349	-365.6312	173.1963	1.127483
4224	-182.6019	-356.2065	173.6046	0.6408716
4230	-176.8848	-350.4945	173.6097	0.6289429
4236	-184.7345	-358.112	173.3775	0.952576
4242	-176.6065	-350.1701	173.5636	0.7186711
4248	-196.6572	-370.1001	173.4428	0.8807262
4254	-181.0009	-354.5296	173.5287	0.771704
4260	-181.8714	-355.3305	173.4592	0.861543
4266	-180.3473	-353.7949	173.4476	0.8751676
4272	-190.8403	-364.375	173.5347	0.7631664
4278	-181.9315	-355.5189	173.5873	0.6767305
4284	-182.4327	-355.9698	173.537	0.7597528
4290	-181.6426	-355.2723	173.6297	0.5677301
4296	-177.3771	-350.8496	173.4726	0.8453719
4302	-178.6046	-352.0571	173.4525	0.8693785
4308	-179.7081	-353.1837	173.4756	0.8416871
4314	-187.7453	-361.2774	173.5321	0.7668747
4320	-185.9384	-359.4357	173.4972	0.8143339
4326	-193.6039	-367.1011	173.4972	0.8143339
4332	-196.8351	-369.8278	172.9928	1.300691
4338	-185.9869	-359.4849	173.4979	0.8134532
4344	-186.853	-360.3207	173.4677	0.8513071
4350	-186.8007	-360.4376	173.637	0.5243078
4356	-178.1766	-351.5085	173.3319	0.9994006
4362	-185.4897	-359.0794	173.5897	0.6721727
4368	-182.4082	-356.028	173.6198	0.6018544
4374	-184.5046	-358.1389	173.6342	0.5456299
4380	-194.3378	-367.5052	173.1674	1.153187
4386	-181.6628	-354.9271	173.2643	1.064985
4392	-186.7327	-359.9834	173.2507	1.077752
4398	-186.9578	-360.2262	173.2685	1.061034
4404	-190.4576	-363.8	173.3424	0.9887851
4410	-202.5343	-375.7894	173.2551	1.073593
4416	-196.3588	-369.3183	172.9596	1.327509
4422	-189.4116	-362.9444	173.5328	0.7658084
4428	-193.3849	-366.5916	173.2067	1.118115
4434	-192.9832	-366.4682	173.485	0.8299398
4440	-189.284	-362.737	173.4531	0.8687772
4446	-184.7953	-358.3368	173.5415	0.7531598
4452	-183.5304	-357.1075	173.577	0.6957039
4458	-197.7369	-371.1248	173.3879	0.9416135
4464	-183.3953	-356.9956	173.6003	0.6505181
4470	-180.6843	-354.3034	173.6192	0.6037597
4476	-185.7545	-359.2222	173.4676	0.8513856
4482	-194.9642	-368.3662	173.402	0.9264043
4488	-181.7116	-355.1136	173.402	0.9264043
4494	-182.8222	-356.2938	173.4716	0.8465718
4500	-181.0153	-354.2162	173.2009	1.123381
4506	-188.4912	-361.7845	173.2933	1.03726
4512	-183.3574	-356.5946	173.2373	1.090191
4518	-179.3375	-352.87	173.5325	0.7662652
4524	-181.3704	-354.7506	173.3802	0.9497834
4530	-184.9007	-358.1349	173.2342	1.093011
4536	-193.0511	-366.3896	173.3385	0.9927825
4542	-197.4515	-371.0311	173.5796	0.691032
4548	-189.9309	-363.3933	173.4624	0.8576645
4554	-181.394	-354.8564	173.4624	0.8576645
4560	-185.2753	-358.7319	173.4566	0.8646044
4566	-192.5295	-365.845	173.3155	1.015633
4572	-187.374	-360.9766	173.6027	0.6452488
4578	-188.1887	-361.4242	173.2355	1.091838
4584	-176.8975	-350.1798	173.2823	1.047897
4590	-180.6428	-354.1026	173.4598	0.8607715
4596	-192.3005	-365.9141	173.6136	0.6191297
4602	-192.1084	-365.4915	173.3831	0.9467271
4608	-186.5234	-360.1199	173.5965	0.6585567
4614	-195.9599	-369.3992	173.4393	0.8848185
4620	-189.9887	-363.4795	173.4909	0.8225063
4626	-195.1558	-368.7852	173.6295	0.5687865
4632	-201.4246	-374.6809	173.2563	1.072498
4638	-191.8064	-365.1275	173.3211	1.010128
4644	-185.2481	-358.7406	173.4926	0.8203532
4650	-184.7196	-358.2855	173.566	0.7147141
4656	-191.0378	-364.6607	173.6229	0.5923851
4662	-189.5548	-363.1886	173.6338	0.5482571
4668	-188.3607	-361.9412	173.5805	0.689552
4674	-186.8842	-360.4174	173.5332	0.7652793
4680	-185.1117	-358.5987	173.487	0.8274725
4686	-185.5359	-359.1108	173.5749	0.6994825
4692	-205.726	-379.1732	173.4472	0.8756544
4698	-188.8831	-362.4858	173.6027	0.645075
4704	-188.2078	-361.6357	173.428	0.8976592
4710	-194.4202	-367.9329	173.5127	0.7938952
4716	-190.2408	-363.5657	173.3249	1.006381
4722	-179.3146	-352.6019	173.2873	1.04312
4728	-192.8625	-366.3411	173.4786	0.8378759
4734	-181.2643	-354.7369	173.4727	0.8452287
4740	-184.93	-358.4752	173.5451	0.7476826
4746	-177.0253	-350.4968	173.4715	0.8466418
4752	-178.6266	-352.2217	173.595	0.6615021
4758	-187.9976	-361.6128	173.6152	0.6147538
4764	-186.2332	-359.707	173.4738	0.8438185
4770	-193.5555	-367.0293	173.4738	0.8438185
4776	-191.3559	-364.1781	172.8223	1.435129
4782	-189.9428	-362.9561	173.0134	1.283895
4788	-193.1472	-366.6726	173.5255	0.7763012
4794	-190.2921	-363.5964	173.3043	1.026621
4800	-181.056	-354.6102	173.5541	0.7338585
4806	-184.5006	-357.9984	173.4977	0.8137211
4812	-200.693	-374.121	173.428	0.8977005
4818	-189.8614	-363.2759	173.4145	0.9127354
4824	-189.9658	-363.2521	173.2862	1.044098
4830	-191.1602	-364.6363	173.4761	0.8410712
4836	-199.9534	-373.2803	173.3268	1.004437
4842	-201.4993	-374.8547	173.3555	0.9755264
4848	-197.5959	-371.1729	173.5769	0.695905
4854	-192.0554	-365.6285	173.573	0.7027467
4860	-204.1175	-377.4666	173.3491	0.9820215
4866	-190.4447	-363.7938	173.3491	0.9820215
4872	-185.6368	-359.1105	173.4738	0.8439104
4878	-189.7128	-363.3023	173.5895	0.6724696
4884	-187.4833	-360.6319	173.1486	1.169717
4890	-191.4186	-364.8737	173.4551	0.8663267
4896	-196.7586	-369.9815	173.2229	1.103361
4902	-189.0172	-362.5143	173.4971	0.8145016
4908	-192.4543	-365.8735	173.4191	0.9076067
4914	-177.05	-350.6193	173.5693	0.7091877
4920	-180.9176	-354.3486	173.431	0.894286
4926	-181.6099	-355.2169	173.6071	0.6351928
4932	-181.3759	-354.6826	173.3068	1.024216
4938	-189.4411	-362.9097	173.4686	0.8501648
4944	-186.9626	-360.5919	173.6293	0.5694034
4950	-188.7176	-362.3229	173.6053	0.3826105
4956	-187.3779	-360.9391	173.5613	0.7224777
4962	-182.7724	-356.4083	173.636	0.467669
4968	-187.7498	-361.3775	173.6277	0.5758949
4974	-197.9844	-371.2804	173.2959	1.034752
4980	-196.3171	-369.8849	173.5678	0.7116477
4986	-187.5626	-361.101	173.5384	0.7577559
4992	-181.0946	-354.6033	173.5087	0.7992406
4998	-179.6397	-353.1794	173.5397	0.7557393
5004	-186.3203	-359.671	173.3507	0.9803538
5010	-181.4031	-354.6639	173.2608	1.068295
5016	-176.3034	-349.6555	173.3521	0.9789247
5022	-177.6001	-351.1516	173.5515	0.7378851
5028	-185.7474	-359.322	173.5746	0.7000218
5034	-178.453	-351.8975	173.4445	0.8787867
5040	-179.8889	-353.3334	173.4445	0.8787867
5046	-180.4061	-353.735	173.3289	1.00239
5052	-185.7222	-359.1588	173.4366	0.8878787
5058	-186.1039	-359.645	173.5411	0.753689
5064	-202.7457	-376.3143	173.5687	0.710166
5070	-196.393	-369.87	173.477	0.8399718
5076	-201.1357	-374.6238	173.4882	0.8259517
5082	-200.9918	-374.5237	173.5319	0.7671038
5088	-192.9697	-366.5531	173.5834	0.6840987
5094	-184.4946	-357.9711	173.4765	0.8405491
5100	-185.7214	-359.0258	173.3044	1.026577
5106	-184.4222	-357.9584	173.5361	0.7610227
5112	-186.4005	-359.7578	173.3574	0.9735699
5118	-189.4352	-362.7926	173.3574	0.9735699
5124	-186.081	-359.6286	173.5477	0.7438489
5130	-193.5047	-366.9947	173.4899	0.8237102
5136	-193.0763	-366.2581	173.1818	1.140471
5142	-193.4942	-367.0746	173.5804	0.6896541
5148	-186.7427	-360.2753	173.5326	0.766172
5154	-191.6946	-365.2272	173.5326	0.766172
5160	-188.0913	-361.5292	173.438	0.8863189
5166	-186.9403	-360.3431	173.4028	0.9255306
5172	-177.2255	-350.6283	173.4028	0.9255306
5178	-181.3784	-354.6861	173.3077	1.023345
5184	-195.7197	-369.2002	173.4805	0.8355891
5190	-173.9091	-347.5072	173.5981	0.6551188
5196	-174.0843	-347.6825	173.5982	0.6549077
5202	-188.1093	-361.7223	173.6131	0.6204994
5208	-189.7868	-363.3207	173.5339	0.76431
5214	-186.1334	-359.6808	173.5474	0.744274
5220	-182.2058	-355.7614	173.5556	0.7315218
5226	-186.8924	-360.3958	173.5034	0.8063365
5232	-179.6896	-352.9922	173.3026	1.028335
5238	-179.5337	-353.1477	173.6141	0.6178348
5244	-193.0776	-366.7118	173.6342	0.545446
5250	-181.2445	-354.8535	173.609	0.630581
5256	-183.2359	-356.6567	173.4208	0.9057445
5262	-183.4648	-356.9788	173.5139	0.7921917
5268	-191.724	-365.2116	173.4876	0.8266028
5274	-183.4705	-356.9936	173.5231	0.7795742
5280	-187.6382	-361.2729	173.6347	0.542608
5286	-188.6531	-361.901	173.2479	1.080326
5292	-184.4578	-357.942	173.4842	0.8308976
5298	-182.8911	-356.3327	173.4416	0.8821252
5304	-182.8324	-356.3002	173.4678	0.8512141
5310	-191.0469	-364.5147	173.4678	0.8512141
5316	-188.9362	-362.4131	173.477	0.8399336
5322	-177.6437	-351.1222	173.4785	0.8380916
5328	-189.4818	-362.7272	173.2454	1.082625
5334	-183.3718	-356.8979	173.5261	0.7754272
5340	-180.8333	-354.3661	173.5327	0.765946
5346	-171.0957	-344.5225	173.4268	0.8990211
5352	-177.7173	-351.1996	173.4823	0.8333411
5358	-177.0337	-350.4823	173.4486	0.8740211
5364	-179.0223	-352.5636	173.5413	0.7534566
5370	-188.1601	-361.3702	173.2101	1.115049
5376	-184.7905	-358.155	173.3645	0.9661679
5382	-183.0581	-356.6962	173.6381	0.5027829
5388	-185.8585	-359.4953	173.6368	0.5262422
5394	-198.173	-371.6617	173.4887	0.8252143
5400	-184.7407	-358.2752	173.5345	0.7633414
5406	-186.7219	-360.1806	173.4586	0.8621604
5412	-186.1362	-359.5496	173.4134	0.9139389
5418	-180.0799	-353.6372	173.5573	0.7288355
5424	-183.6887	-357.126	173.4374	0.8870238
5430	-194.202	-367.2818	173.0798	1.228728
5436	-185.0839	-358.4866	173.4027	0.9256387
5442	-184.3477	-357.9668	173.6192	0.6038583
5448	-180.2768	-353.8959	173.6192	0.6038583
5454	-192.9507	-366.5849	173.6341	0.4566283
5460	-181.4008	-354.9105	173.5097	0.7979685
5466	-178.8254	-352.4599	173.6345	0.5441154
5472	-181.7431	-355.2724	173.5294	0.7707976
5478	-181.0675	-354.465	173.3975	0.9313024
5484	-180.3228	-353.5156	173.1928	1.130612
5490	-184.7504	-358.266	173.5156	0.7899615
5496	-178.6465	-352.1843	173.5378	0.7585802
5502	-179.9176	-353.2762	173.3585	0.972355
5508	-184.2738	-357.8	173.5262	0.7752294
5514	-178.8857	-352.1916	173.3059	1.025111
5520	-196.7088	-370.3462	173.6374	0.5190144
5526	-196.7594	-370.3447	173.5852	0.6807548
5532	-191.4894	-365.1131	173.6237	0.5898169
5538	-185.2726	-358.4161	173.1435	1.174214
5544	-181.6695	-355.2746	173.6051	0.6397778
5550	-188.0741	-361.5214	173.4473	0.8755594
5556	-193.0577	-366.2909	173.2332	1.093958
5562	-199.1188	-372.3902	173.2714	1.058233
5568	-195.0916	-368.6858	173.5942	0.6631522
5574	-190.7936	-364.1566	173.363	0.9678023
5580	-184.5369	-358.0644	173.5275	0.7733789
5586	-191.2328	-364.8342	173.6015	0.6478835
5592	-188.6174	-362.2049	173.5875	0.6764957
5598	-185.0548	-358.581	173.5262	0.7752429
5604	-177.1672	-350.6812	173.514	0.7921563
5610	-181.0416	-354.6798	173.6381	0.5026767
5616	-184.9506	-358.5829	173.6324	0.5556922
5622	-179.7408	-353.056	173.3151	1.016026
5628	-180.1244	-353.6099	173.4855	0.8293474
5634	-170.7301	-344.3409	173.6108	0.6262796
5640	-178.2099	-351.6502	173.4403	0.8836724
5646	-180.5574	-353.8301	173.2727	1.056994
5652	-186.4875	-359.8461	173.3586	0.9722466
5658	-200.7715	-374.157	173.3856	0.9440841
5664	-200.8291	-374.2932	173.4641	0.8556348
5670	-196.234	-369.7782	173.5442	0.7491196
5676	-193.1634	-366.7525	173.5891	0.6733572
5682	-189.4246	-362.9567	173.5321	0.7668236
5688	-185.6602	-359.1148	173.4546	0.866916
5694	-184.2931	-357.6893	173.3961	0.932801
5700	-183.0145	-356.4379	173.4235	0.902769
5706	-192.1224	-365.2916	173.1692	1.151608
5712	-180.4043	-353.9874	173.5831	0.6846943
5718	-189.4223	-363.0054	173.5831	0.6846943
5724	-186.64	-360.2232	173.5831	0.6846943
5730	-188.5662	-361.9346	173.3684	0.9621817
5736	-179.2166	-352.7305	173.514	0.7921727
5742	-185.6866	-358.637	172.9504	1.334827
5748	-192.0196	-365.5805	173.5609	0.7229857
5754	-186.9857	-360.5734	173.5877	0.6759961
5760	-174.2212	-347.8535	173.6324	0.5557239
5766	-183.2516	-356.8466	173.595	0.6616209
5772	-185.1182	-358.6066	173.4885	0.8255694
5778	-190.6534	-364.0744	173.421	0.9055106
5784	-192.7211	-365.8351	173.1141	1.199618
5790	-193.3671	-366.6121	173.245	1.08303
5796	-189.6247	-363.2106	173.5859	0.6795457
5802	-202.196	-375.3374	173.1414	1.176044
5808	-196.1917	-369.8226	173.6309	0.5627885
5814	-194.6538	-368.1595	173.5057	0.8032647
5820	-180.2225	-353.7836	173.5612	0.7226385
5826	-184.544	-357.9648	173.4208	0.9057825
5832	-197.2479	-370.1808	172.9329	1.348804
5838	-185.3806	-358.779	173.3984	0.9303679
5844	-188.1993	-361.8157	173.6164	0.6115054
5850	-186.3036	-359.787	173.4835	0.8318819
5856	-185.9245	-359.408	173.4835	0.8318819
5862	-177.0955	-350.6503	173.5548	0.7328006
5868	-183.3026	-356.8702	173.5676	0.7119621
5874	-186.2208	-359.5776	173.3568	0.9741434
5880	-185.6418	-359.1677	173.5259	0.7756752
5886	-180.1062	-353.4932	173.387	0.94254
5892	-191.9848	-365.5614	173.5766	0.6965722
5898	-186.1456	-359.5669	173.4212	0.9052648
5904	-186.5177	-360.1283	173.6106	0.6266802
5910	-180.9892	-354.5539	173.5648	0.7167028
5916	-182.7931	-356.3336	173.5405	0.7546616
5922	-179.6422	-353.1827	173.5405	0.7546616
5928	-179.8795	-353.477	173.5974	0.6565884
5934	-177.6257	-351.2102	173.5846	0.6819802
5940	-178.1998	-351.5806	173.3807	0.9492171
5946	-181.5263	-355.1606	173.6343	0.5449308
5952	-181.5777	-355.1823	173.6046	0.6409003
5958	-186.7021	-360.2485	173.5464	0.7457506
5964	-186.6179	-360.1052	173.4873	0.8270529
5970	-183.7582	-357.2798	173.5215	0.7817701
5976	-192.5212	-366.1471	173.6259	0.5823577
5982	-182.7597	-356.2172	173.4575	0.8634935
5988	-187.9606	-361.5771	173.6165	0.6114742
5994	-181.4357	-354.8692	173.4335	0.8914531
6000	-189.2495	-362.4351	173.1856	1.137059
6006	-200.1931	-373.3237	173.1305	1.185433
6012	-184.4573	-358.0559	173.5986	0.6540196
6018	-180.8767	-354.4338	173.5571	0.7291275
6024	-183.6115	-357.0767	173.4652	0.8543625
6030	-184.0963	-357.695	173.5987	0.6537673
6036	-184.6672	-358.1152	173.448	0.8747127
6042	-191.0791	-364.5271	173.448	0.8747127
6048	-190.4104	-363.963	173.5526	0.7362011
6054	-188.5839	-361.9399	173.356	0.9749805
6060	-191.6953	-365.0512	173.356	0.9749805
6066	-196.4594	-369.8813	173.4219	0.9045398
6072	-184.0609	-357.5831	173.5222	0.78091
6078	-187.1218	-360.7298	173.608	0.6330496
6084	-185.4282	-358.9997	173.5715	0.7053862
6090	-186.3341	-359.8165	173.4824	0.8332569
6096	-188.2403	-361.6859	173.4456	0.8774715
