Iteration	Posterior	Likelihood	Prior	tree_length
0	-205.2595	-374.6327	169.3732	3.622656
6	-208.4053	-377.7785	169.3732	3.622656
12	-211.6933	-381.0665	169.3732	3.622656
18	-220.6342	-388.2944	167.6602	4.598404
24	-211.0123	-380.2009	169.1886	3.729476
30	-201.8545	-371.5157	169.6612	3.454971
36	-199.2523	-368.9482	169.6959	3.434626
42	-199.4032	-368.791	169.3878	3.614181
48	-192.6679	-362.9399	170.2719	3.094488
54	-193.5825	-364.241	170.6585	2.862162
60	-210.3531	-380.4254	170.0723	3.213101
66	-210.6787	-378.674	167.9954	4.409885
72	-202.899	-372.0294	169.1303	3.763098
78	-212.178	-380.0421	167.8641	4.48382
84	-215.9453	-384.4226	168.4773	4.136947
90	-215.6379	-383.6938	168.0559	4.375723
96	-214.9339	-384.692	169.7581	3.398195
102	-205.7987	-374.4144	168.6157	4.058155
108	-211.98	-380.2064	168.2264	4.27935
114	-212.0365	-380.0573	168.0208	4.395512
120	-216.1915	-383.8996	167.7081	4.57151
126	-221.1155	-389.0944	167.9789	4.419164
132	-200.6931	-370.696	170.0029	3.254133
138	-205.7683	-376.3489	170.5806	2.909301
144	-199.9451	-369.2626	169.3175	3.654928
150	-200.8359	-369.913	169.0771	3.793779
156	-198.5935	-366.9629	168.3694	4.198277
162	-207.6443	-378.1211	170.4768	2.971813
168	-209.4511	-377.699	168.2479	4.267192
174	-213.6296	-383.7734	170.1438	3.170706
180	-213.3127	-382.9943	169.6816	3.443014
186	-199.6593	-368.649	168.9897	3.844074
192	-212.3648	-380.7043	168.3395	4.215257
198	-202.8701	-371.2096	168.3395	4.215257
204	-215.3903	-384.1729	168.7827	3.962788
210	-212.4741	-380.9574	168.4834	4.133519
216	-204.0963	-373.9106	169.8143	3.36524
222	-198.4655	-369.0363	170.5708	2.915239
228	-219.954	-389.0607	169.1068	3.776674
234	-214.7785	-382.3455	167.567	4.650655
240	-212.4965	-381.401	168.9045	3.892981
246	-208.6503	-377.6793	169.0289	3.821514
252	-216.1384	-384.8004	168.662	4.031735
258	-211.5047	-380.2452	168.7405	3.986898
264	-223.4873	-392.2278	168.7405	3.986898
270	-219.8655	-388.3916	168.526	4.10925
276	-217.3411	-386.7679	169.4268	3.591519
282	-206.0328	-375.4597	169.4268	3.591519
288	-220.9637	-389.7651	168.8014	3.952064
294	-205.9718	-375.1898	169.2179	3.712528
300	-195.0383	-363.9772	168.9389	3.873262
306	-197.4189	-366.7392	169.3203	3.653288
312	-205.3433	-374.6636	169.3203	3.653288
318	-206.6377	-376.533	169.8953	3.317628
324	-200.5568	-368.601	168.0442	4.382313
330	-210.4972	-379.7521	169.2549	3.691152
336	-204.8416	-372.6373	167.7957	4.522274
342	-189.2171	-359.3159	170.0988	3.197408
348	-192.3475	-361.1509	168.8034	3.950925
354	-191.1337	-360.8696	169.7359	3.411232
360	-183.3908	-352.1636	168.7728	3.968425
366	-194.1692	-363.2676	169.0984	3.781506
372	-192.3027	-362.5538	170.2511	3.106914
378	-197.122	-366.7863	169.6642	3.453175
384	-199.4972	-368.0138	168.5166	4.114605
390	-184.6359	-354.1501	169.5142	3.540689
396	-187.0494	-356.4531	169.4037	3.604942
402	-205.2564	-374.0419	168.7855	3.961172
408	-193.1491	-363.2889	170.1398	3.173083
414	-192.7508	-362.9051	170.1544	3.164453
420	-195.9239	-364.9225	168.9986	3.838961
426	-219.054	-387.4265	168.3725	4.196503
432	-199.6681	-368.2916	168.6235	4.05372
438	-201.5043	-370.9288	169.4245	3.592889
444	-207.9274	-375.6469	167.7196	4.565084
450	-209.4435	-378.8398	169.3963	3.609254
456	-220.6614	-388.1284	167.4669	4.706665
462	-220.4503	-389.2703	168.82	3.941411
468	-234.4905	-402.7228	168.2323	4.275988
474	-208.9483	-377.2653	168.3169	4.228044
480	-198.4889	-368.7879	170.299	3.078328
486	-213.678	-381.5406	167.8626	4.484666
492	-200.6875	-369.7164	169.0289	3.821536
498	-195.1698	-364.2181	169.0483	3.810332
504	-213.9868	-382.372	168.3852	4.189308
510	-198.5122	-367.8204	169.3083	3.660282
516	-189.1187	-357.8429	168.7241	3.996259
522	-200.164	-369.0604	168.8964	3.897632
528	-210.2766	-379.3381	169.0615	3.802771
534	-224.8954	-392.5543	167.6589	4.599114
540	-216.0782	-383.6673	167.5891	4.638245
546	-217.9115	-385.3105	167.3991	4.744615
552	-217.1534	-384.1444	166.991	4.972053
558	-208.2222	-377.668	169.4458	3.580473
564	-216.7822	-386.3874	169.6051	3.487688
570	-206.4951	-374.461	167.9659	4.426504
576	-205.8186	-374.1002	168.2816	4.248088
582	-217.5511	-385.1634	167.6123	4.625237
588	-208.1235	-376.9369	168.8134	3.945165
594	-203.579	-372.7079	169.1289	3.763905
600	-215.1406	-383.4439	168.3033	4.235791
606	-210.921	-379.4732	168.5522	4.094345
612	-207.2304	-375.7033	168.473	4.139438
618	-215.4494	-383.4588	168.0094	4.401952
624	-214.9703	-383.8157	168.8454	3.926853
630	-212.0946	-380.8256	168.7311	3.992278
636	-200.5732	-369.0297	168.4565	4.148792
642	-208.5403	-378.0776	169.5373	3.527228
648	-203.2162	-372.286	169.0697	3.798006
654	-207.0966	-376.5246	169.428	3.590827
660	-198.1312	-367.35	169.2188	3.712039
666	-194.8022	-364.2743	169.4721	3.565188
672	-211.5969	-380.6749	169.0781	3.793209
678	-202.3069	-372.2054	169.8985	3.315714
684	-201.4832	-371.3482	169.865	3.335418
690	-200.9627	-369.4007	168.438	4.159331
696	-184.6612	-353.8684	169.2072	3.718745
702	-197.4021	-366.8868	169.4846	3.557927
708	-199.8026	-368.8689	169.0663	3.800001
714	-194.222	-362.7036	168.4816	4.134523
720	-207.4755	-376.8612	169.3857	3.615395
726	-193.7324	-362.4145	168.6821	4.020268
732	-200.2847	-369.0833	168.7986	3.953664
738	-194.2564	-364.2013	169.9449	3.288403
744	-194.8455	-364.0371	169.1916	3.727769
750	-192.4168	-362.3164	169.8996	3.315068
756	-202.0943	-370.1574	168.0631	4.371661
762	-203.266	-372.7366	169.4706	3.566101
768	-209.7063	-378.8835	169.1772	3.73605
774	-216.8506	-384.2229	167.3723	4.759552
780	-219.5547	-388.5795	169.0249	3.823825
786	-217.425	-386.0767	168.6518	4.037589
792	-202.3411	-370.9694	168.6283	4.050951
798	-209.4927	-379.0148	169.5221	3.536098
804	-207.3677	-376.5101	169.1424	3.756122
810	-203.1728	-372.5573	169.3846	3.616049
816	-199.0827	-367.5551	168.4724	4.139753
822	-199.9627	-368.8052	168.8425	3.928536
828	-200.5252	-370.3829	169.8576	3.339788
834	-202.2105	-371.7403	169.5297	3.531655
840	-207.2981	-377.2368	169.9388	3.292
846	-211.6629	-380.8959	169.2331	3.703788
852	-207.3948	-377.0019	169.6071	3.486534
858	-208.5668	-378.1739	169.6071	3.486534
864	-214.4885	-383.6564	169.1679	3.741419
870	-208.1408	-376.8115	168.6707	4.026793
876	-205.8786	-373.7112	167.8326	4.50155
882	-201.8128	-369.4525	167.6397	4.6099
888	-215.4143	-383.895	168.4806	4.13508
894	-214.3694	-382.044	167.6746	4.590319
900	-201.8776	-370.6554	168.7778	3.965568
906	-203.2134	-370.6378	167.4244	4.73046
912	-203.6592	-373.3221	169.6628	3.453995
918	-196.9753	-366.6382	169.6628	3.453995
924	-208.9607	-379.3124	170.3517	3.046854
930	-208.0111	-378.2335	170.2225	3.123964
936	-208.1179	-376.932	168.8141	3.944788
942	-199.8433	-368.9871	169.1438	3.755351
948	-197.9757	-367.1195	169.1438	3.755351
954	-195.2199	-363.6092	168.3893	4.186955
960	-201.6688	-368.6387	166.9699	4.983808
966	-206.4836	-374.9927	168.509	4.118915
972	-206.2112	-375.0693	168.8581	3.919559
978	-205.0097	-373.6156	168.606	4.063713
984	-208.1812	-377.2286	169.0474	3.810885
990	-209.8586	-378.6943	168.8357	3.932394
996	-207.8985	-377.0842	169.1858	3.731112
1002	-205.7319	-375.567	169.8351	3.353041
1008	-206.7227	-375.6614	168.9386	3.873405
1014	-210.0216	-379.536	169.5144	3.540569
1020	-211.0162	-380.3743	169.3581	3.631398
1026	-213.6166	-382.407	168.7904	3.95838
1032	-212.7609	-381.0724	168.3115	4.231118
1038	-217.0612	-385.9482	168.887	3.903022
1044	-211.9795	-379.3315	167.352	4.770931
1050	-202.4411	-371.3661	168.925	3.881205
1056	-206.0468	-375.09	169.0432	3.813287
1062	-195.9897	-365.3365	169.3468	3.637964
1068	-187.8264	-357.5679	169.7415	3.407968
1074	-198.2684	-368.0099	169.7415	3.407968
1080	-205.6756	-376.2361	170.5605	2.921404
1086	-199.3727	-368.528	169.1553	3.748713
1092	-195.7706	-364.6459	168.8754	3.909691
1098	-213.9202	-382.7956	168.8754	3.909691
1104	-198.1624	-366.9534	168.791	3.958018
1110	-202.1562	-370.9472	168.791	3.958018
1116	-203.8784	-372.6694	168.791	3.958018
1122	-204.746	-374.2149	169.4689	3.567062
1128	-206.3716	-375.9422	169.5706	3.507826
1134	-209.2045	-376.5033	167.2988	4.800587
1140	-202.7309	-371.896	169.1651	3.743033
1146	-207.6913	-376.7293	169.038	3.81629
1152	-198.614	-368.4963	169.8823	3.32526
1158	-210.6745	-380.251	169.5765	3.504411
1164	-205.3984	-373.6217	168.2233	4.281088
1170	-205.62	-375.1731	169.5531	3.518069
1176	-201.4347	-370.3557	168.921	3.88352
1182	-203.6587	-373.1554	169.4967	3.550884
1188	-206.8694	-376.8522	169.9828	3.266021
1194	-199.7298	-368.966	169.2362	3.701976
1200	-197.5811	-367.64	170.0589	3.221022
1206	-200.027	-368.4873	168.4603	4.146613
1212	-193.0492	-362.5402	169.4909	3.554243
1218	-211.4965	-381.2088	169.7123	3.425047
1224	-218.4506	-387.7808	169.3302	3.647594
1230	-218.0438	-386.6247	168.5808	4.078035
1236	-222.1024	-390.6808	168.5784	4.079398
1242	-218.5049	-386.5932	168.0882	4.357471
1248	-204.5404	-372.9052	168.3648	4.200878
1254	-209.7111	-378.6542	168.9431	3.870826
1260	-210.1916	-379.5617	169.3702	3.624405
1266	-214.3121	-383.923	169.6109	3.484318
1272	-210.0933	-379.2519	169.1586	3.746811
1278	-208.9487	-377.1381	168.1894	4.300295
1284	-205.0739	-374.0704	168.9965	3.840138
1290	-206.5376	-375.1923	168.6548	4.035856
1296	-215.1286	-384.1827	169.0541	3.806987
1302	-212.3397	-379.946	167.6063	4.6286
1308	-211.1593	-379.8112	168.6519	4.037518
1314	-204.1731	-372.6971	168.524	4.110401
1320	-202.6315	-371.4216	168.7901	3.958536
1326	-202.8492	-372.4572	169.608	3.486013
1332	-205.9821	-374.8891	168.9071	3.891507
1338	-206.6831	-374.7036	168.0205	4.395684
1344	-203.1554	-372.262	169.1065	3.77681
1350	-204.9632	-373.4983	168.5352	4.10403
1356	-203.176	-372.4267	169.2507	3.693568
1362	-194.2449	-364.4722	170.2274	3.121046
1368	-204.5628	-374.4847	169.922	3.301908
1374	-199.6229	-370.3443	170.7214	2.823999
1380	-201.2174	-369.8403	168.623	4.054017
1386	-205.7197	-374.5188	168.7991	3.953386
1392	-219.2898	-385.9933	166.7036	5.131569
1398	-225.4422	-392.5109	167.0687	4.928851
1404	-214.3585	-383.4156	169.0571	3.805261
1410	-209.571	-376.2387	166.6677	5.151416
1416	-199.0736	-369.1392	170.0656	3.217097
1422	-210.8758	-379.3126	168.4368	4.159979
1428	-203.1447	-372.7759	169.6311	3.472511
1434	-195.7498	-364.9474	169.1977	3.724239
1440	-200.044	-369.22	169.176	3.73675
1446	-201.1574	-369.8675	168.7101	4.004271
1452	-197.8121	-366.3941	168.582	4.077347
1458	-193.7518	-362.3086	168.5568	4.091703
1464	-210.622	-379.1789	168.5568	4.091703
1470	-212.9529	-381.1843	168.2314	4.276524
1476	-200.2702	-368.7229	168.4527	4.150961
1482	-186.1247	-355.346	169.2213	3.710578
1488	-194.6358	-363.0429	168.4071	4.176899
1494	-205.3501	-374.794	169.444	3.581566
1500	-196.2816	-366.2353	169.9537	3.28319
1506	-206.1877	-374.9027	168.7151	4.001425
1512	-211.2259	-380.4849	169.259	3.688812
1518	-210.8649	-381.1876	170.3226	3.064225
1524	-204.0815	-373.2256	169.1441	3.755145
1530	-218.6599	-387.1837	168.5238	4.110506
1536	-205.4759	-374.5709	169.095	3.783452
1542	-209.2111	-377.6126	168.4015	4.18007
1548	-200.2581	-368.332	168.0739	4.365581
1554	-203.4066	-371.4805	168.0739	4.365581
1560	-196.9978	-365.8912	168.8933	3.899396
1566	-193.0144	-361.3677	168.3533	4.207429
1572	-200.7009	-369.6299	168.929	3.878893
1578	-203.6677	-372.5968	168.929	3.878893
1584	-206.1543	-375.0834	168.929	3.878893
1590	-203.569	-373.6629	170.0939	3.200323
1596	-205.4146	-373.561	168.1465	4.324573
1602	-200.8139	-369.5926	168.7787	3.965024
1608	-209.2421	-377.984	168.7419	3.986116
1614	-201.1492	-369.0901	167.9409	4.440582
1620	-206.8095	-375.2715	168.462	4.14568
1626	-209.451	-379.1342	169.6833	3.442034
1632	-207.6887	-375.2512	167.5625	4.653167
1638	-209.5845	-377.8436	168.259	4.260855
1644	-208.7741	-376.5629	167.7889	4.526142
1650	-201.3047	-370.5434	169.2387	3.70053
1656	-194.1865	-363.8992	169.7127	3.424792
1662	-192.2016	-359.992	167.7904	4.525281
1668	-188.7105	-357.4941	168.7836	3.962273
1674	-202.8172	-371.9889	169.1717	3.739236
1680	-202.2049	-370.138	167.9331	4.444972
1686	-204.1025	-372.744	168.6415	4.043414
1692	-187.6956	-356.4274	168.7318	3.991861
1698	-199.9349	-369.6652	169.7302	3.414556
1704	-207.9726	-375.4072	167.4346	4.724762
1710	-209.0153	-376.8683	167.853	4.490075
1716	-212.5577	-382.4508	169.8931	3.318931
1722	-198.2897	-367.3125	169.0229	3.824993
1728	-195.9217	-366.0115	170.0898	3.202743
1734	-202.4207	-371.5058	169.085	3.789197
1740	-200.0187	-368.8506	168.8319	3.934591
1746	-204.6976	-373.9922	169.2946	3.668197
1752	-208.5004	-378.234	169.7337	3.412525
1758	-210.8147	-380.6341	169.8194	3.36223
1764	-216.0291	-384.1959	168.1668	4.313042
1770	-216.6598	-385.3951	168.7353	3.98986
1776	-200.1759	-370.1874	170.0116	3.249046
1782	-211.1718	-381.2133	170.0414	3.231376
1788	-219.5772	-387.6594	168.0822	4.36087
1794	-219.8168	-388.792	168.9752	3.852373
1800	-218.2727	-387.0458	168.7731	3.96825
1806	-210.8973	-378.6238	167.7265	4.561171
1812	-212.0396	-382.1269	170.0873	3.204232
1818	-213.3474	-382.7284	169.3811	3.61808
1824	-194.8886	-363.7707	168.882	3.90586
1830	-210.9451	-381.1252	170.18	3.149198
1836	-226.5454	-393.6063	167.0609	4.93317
1842	-214.9661	-383.6266	168.6605	4.032569
1848	-211.8902	-379.671	167.7808	4.530677
1854	-223.4356	-391.5585	168.1229	4.337913
1860	-215.3116	-384.2013	168.8897	3.901479
1866	-197.6615	-366.5512	168.8897	3.901479
1872	-201.8572	-371.1105	169.2533	3.692069
1878	-208.5911	-376.8514	168.2602	4.260171
1884	-208.0121	-377.7297	169.7176	3.421946
1890	-208.9093	-377.517	168.6077	4.062731
1896	-207.6203	-376.228	168.6077	4.062731
1902	-202.7119	-371.2053	168.4934	4.127816
1908	-207.668	-376.1461	168.4781	4.136509
1914	-206.5765	-376.4968	169.9203	3.3029
1920	-205.2564	-372.7968	167.5404	4.665532
1926	-220.6311	-388.5158	167.8847	4.472218
1932	-207.8813	-377.696	169.8147	3.365021
1938	-212.3778	-381.9027	169.5249	3.534453
1944	-193.8981	-363.2862	169.3881	3.613976
1950	-214.8751	-383.8329	168.9578	3.862382
1956	-215.9438	-384.9016	168.9578	3.862382
1962	-214.3351	-381.8968	167.5617	4.653636
1968	-214.4725	-381.3889	166.9164	5.013493
1974	-208.8881	-376.6077	167.7196	4.565037
1980	-219.1467	-388.3151	169.1684	3.741119
1986	-215.3372	-385.7767	170.4395	2.994229
1992	-215.9698	-383.1429	167.173	4.870759
1998	-221.5717	-391.1887	169.6171	3.480733
2004	-210.2039	-379.731	169.5271	3.533221
2010	-209.4909	-379.1736	169.6827	3.442375
2016	-218.0398	-386.3983	168.3585	4.204477
2022	-234.1381	-401.6926	167.5545	4.657667
2028	-220.204	-388.4458	168.2417	4.270651
2034	-198.2642	-367.6732	169.409	3.601882
2040	-198.8091	-368.5778	169.7687	3.392028
2046	-208.1806	-377.9822	169.8016	3.372715
2052	-199.6505	-369.2485	169.598	3.491833
2058	-205.2092	-374.6893	169.4801	3.560577
2064	-207.0253	-374.3334	167.308	4.795467
2070	-205.6049	-374.5692	168.9643	3.858638
2076	-205.0193	-372.2969	167.2776	4.81246
2082	-201.3539	-369.4322	168.0783	4.363093
2088	-202.0566	-371.531	169.4744	3.56388
2094	-201.5662	-372.2565	170.6903	2.842914
2100	-198.5958	-368.1968	169.601	3.4901
2106	-195.5947	-364.7762	169.1815	3.733586
2112	-202.947	-372.282	169.335	3.64479
2118	-192.6728	-361.8482	169.1754	3.737106
2124	-193.0656	-361.98	168.9144	3.887319
2130	-202.8997	-372.3566	169.4569	3.574055
2136	-211.109	-379.8793	168.7702	3.969899
2142	-227.7183	-396.7608	169.0425	3.813707
2148	-204.8643	-373.295	168.4306	4.163494
2154	-202.8712	-371.8858	169.0146	3.829758
2160	-191.7917	-361.4893	169.6976	3.433652
2166	-184.3394	-354.037	169.6976	3.433652
2172	-204.3129	-374.0105	169.6976	3.433652
2178	-190.6573	-360.6437	169.9865	3.263854
2184	-207.3823	-376.1121	168.7298	3.993025
2190	-196.9358	-366.6511	169.7154	3.423256
2196	-203.319	-372.577	169.258	3.689352
2202	-219.1418	-388.893	169.7512	3.40227
2208	-206.8061	-375.6835	168.8774	3.908502
2214	-209.0459	-378.6108	169.5649	3.511187
2220	-211.6244	-379.8993	168.2749	4.251871
2226	-211.1646	-379.994	168.8294	3.936
2232	-204.6091	-374.4526	169.8435	3.348062
2238	-197.6536	-367.2821	169.6285	3.474075
2244	-206.5384	-375.4621	168.9237	3.881966
2250	-216.975	-383.9983	167.0233	4.954082
2256	-201.133	-369.1203	167.9873	4.414416
2262	-207.7533	-376.8089	169.0556	3.806152
2268	-202.9114	-371.6963	168.7848	3.961541
2274	-210.9285	-379.4554	168.5269	4.108741
2280	-209.0591	-378.6351	169.576	3.504676
2286	-193.9323	-363.1401	169.2078	3.718364
2292	-201.8752	-369.9143	168.0391	4.385183
2298	-200.6779	-370.7829	170.105	3.193764
2304	-200.4657	-369.7654	169.2998	3.665194
2310	-205.208	-374.8273	169.6193	3.479409
2316	-194.6573	-364.8169	170.1596	3.16135
2322	-182.7743	-351.1965	168.4222	4.168267
2328	-191.04	-360.6595	169.6195	3.479306
2334	-195.4312	-365.2586	169.8274	3.357549
2340	-191.5533	-361.3807	169.8274	3.357549
2346	-202.9058	-371.9248	169.019	3.827223
2352	-192.1966	-361.7429	169.5464	3.521973
2358	-194.3208	-363.3984	169.0776	3.79348
2364	-204.9495	-374.3231	169.3736	3.622431
2370	-206.5398	-376.4485	169.9088	3.309682
2376	-203.054	-372.2569	169.2029	3.721208
2382	-207.4952	-376.828	169.3329	3.646016
2388	-209.3194	-378.7237	169.4042	3.604646
2394	-217.2988	-385.9814	168.6826	4.019976
2400	-210.0481	-378.9657	168.9177	3.885431
2406	-207.5325	-375.9296	168.3971	4.182552
2412	-211.0994	-379.4965	168.3971	4.182552
2418	-203.7785	-372.7759	168.9974	3.839615
2424	-211.0113	-380.5275	169.5162	3.539524
2430	-198.4981	-367.3759	168.8778	3.908314
2436	-206.9173	-376.1496	169.2323	3.704217
2442	-211.6926	-381.3568	169.6643	3.453156
2448	-205.1247	-373.0671	167.9424	4.439715
2454	-205.7113	-373.6538	167.9424	4.439715
2460	-207.6774	-376.3135	168.6361	4.046509
2466	-198.1154	-365.9014	167.786	4.527757
2472	-207.437	-376.603	169.166	3.742495
2478	-213.7308	-382.8705	169.1397	3.757719
2484	-205.1403	-375.2957	170.1553	3.163872
2490	-210.5325	-380.6415	170.1089	3.191398
2496	-207.6133	-376.0341	168.4208	4.169093
2502	-211.2514	-381.0818	169.8304	3.355807
2508	-198.7154	-368.339	169.6237	3.476876
2514	-206.9309	-377.4382	170.5073	2.953501
2520	-206.6509	-374.8923	168.2414	4.270852
2526	-205.4117	-374.4857	169.0741	3.795521
2532	-206.2648	-374.8185	168.5537	4.093472
2538	-194.1904	-364.1582	169.9678	3.274858
2544	-202.4046	-372.1436	169.739	3.40944
2550	-206.1535	-375.8925	169.739	3.40944
2556	-195.5499	-363.884	168.3341	4.218303
2562	-202.4698	-372.4861	170.0163	3.24624
2568	-216.7666	-383.7171	166.9505	4.994555
2574	-194.8757	-363.8077	168.932	3.877195
2580	-200.0412	-368.2543	168.213	4.286922
2586	-204.6746	-372.4566	167.782	4.530008
2592	-202.1529	-371.8168	169.6639	3.45336
2598	-195.6641	-365.3697	169.7056	3.428967
2604	-202.9966	-372.1793	169.1827	3.732898
2610	-207.9174	-376.7784	168.8611	3.917876
2616	-215.5075	-382.5062	166.9987	4.967781
2622	-206.1232	-375.5659	169.4426	3.582333
2628	-200.4623	-371.0262	170.5639	2.919374
2634	-217.9683	-386.2246	168.2563	4.262413
2640	-194.4935	-361.7904	167.2969	4.801676
2646	-205.3135	-374.0066	168.6931	4.013974
2652	-195.6632	-364.9219	169.2587	3.688969
2658	-197.5784	-366.2798	168.7015	4.009196
2664	-192.9683	-363.7067	170.7384	2.813709
2670	-199.6392	-368.3491	168.7099	4.0044
2676	-195.6253	-365.6754	170.0502	3.226213
2682	-193.1832	-363.0786	169.8954	3.317569
2688	-189.5086	-359.6878	170.1791	3.149742
2694	-202.1211	-372.0943	169.9732	3.271689
2700	-198.3643	-367.7724	169.408	3.602427
2706	-206.9259	-375.6009	168.6749	4.024354
2712	-199.9924	-368.5999	168.6075	4.062826
2718	-200.1569	-370.6299	170.473	2.974122
2724	-203.7814	-372.6578	168.8764	3.909082
2730	-205.6469	-374.4514	168.8045	3.950268
2736	-225.0843	-391.6593	166.5749	5.202782
2742	-217.28	-386.7317	169.4516	3.577109
2748	-207.984	-376.0248	168.0409	4.384219
2754	-203.3019	-371.0562	167.7543	4.545563
2760	-202.385	-372.5917	170.2067	3.133364
2766	-208.5237	-377.0339	168.5103	4.118224
2772	-221.9485	-389.4093	167.4608	4.710103
2778	-223.4484	-393.5602	170.1119	3.189671
2784	-207.1633	-376.6616	169.4984	3.549923
2790	-199.6535	-367.9539	168.3004	4.237439
2796	-191.0656	-361.496	170.4304	2.999687
2802	-199.5848	-368.1111	168.5264	4.109051
2808	-200.5188	-370.5547	170.0359	3.234671
2814	-196.1871	-365.941	169.7539	3.400697
2820	-204.8538	-374.6249	169.7711	3.390606
2826	-199.9485	-368.3779	168.4294	4.164177
2832	-202.2033	-370.1382	167.9349	4.443979
2838	-211.7101	-379.5613	167.8512	4.491085
2844	-203.8838	-373.0858	169.202	3.721727
2850	-203.5399	-372.6463	169.1064	3.776887
2856	-197.5274	-367.104	169.5765	3.504375
2862	-215.5341	-382.9557	167.4216	4.732006
2868	-215.9298	-384.0989	168.1692	4.311721
2874	-207.951	-376.3936	168.4425	4.156737
2880	-199.2497	-369.1412	169.8915	3.319857
2886	-207.844	-378.5247	170.6807	2.848714
2892	-209.0142	-377.6409	168.6267	4.051855
2898	-222.3114	-390.2106	167.8991	4.464111
2904	-214.1257	-382.8103	168.6846	4.018827
2910	-208.761	-377.0126	168.2516	4.265087
2916	-204.3976	-373.8573	169.4597	3.572426
2922	-193.5161	-363.2019	169.6858	3.440539
2928	-202.2715	-371.4089	169.1375	3.758985
2934	-204.6956	-374.3747	169.6791	3.444481
2940	-195.756	-363.8534	168.0975	4.352256
2946	-208.2639	-376.2452	167.9813	4.417814
2952	-198.592	-367.2413	168.6493	4.03896
2958	-210.4721	-380.2402	169.7681	3.392372
2964	-205.2049	-373.6698	168.4649	4.14402
2970	-219.9256	-386.9566	167.031	4.949809
2976	-205.095	-372.9714	167.8764	4.476884
2982	-190.8164	-361.114	170.2976	3.079173
2988	-191.5882	-360.6784	169.0902	3.786242
2994	-210.5037	-379.9036	169.3999	3.607159
3000	-213.426	-383.181	169.755	3.400042
3006	-214.453	-383.9921	169.5391	3.5262
3012	-204.2315	-372.8131	168.5817	4.077564
3018	-206.6028	-375.1985	168.5957	4.069571
3024	-202.9692	-372.3694	169.4002	3.606965
3030	-197.0889	-365.443	168.354	4.206992
3036	-200.602	-370.8134	170.2114	3.130563
3042	-191.2928	-359.9824	168.6896	4.015972
3048	-207.1129	-375.9392	168.8263	3.937785
3054	-208.1591	-376.0155	167.8564	4.488161
3060	-198.9741	-368.2895	169.3154	3.656147
3066	-195.0695	-364.6888	169.6193	3.479399
3072	-205.6317	-375.3064	169.6747	3.447045
3078	-202.5721	-373.265	170.6929	2.841321
3084	-210.5661	-377.4249	166.8588	5.045501
3090	-197.7632	-365.3257	167.5624	4.653195
3096	-197.2169	-365.1962	167.9793	4.418934
3102	-201.6831	-370.2586	168.5756	4.081041
3108	-208.5249	-376.9463	168.4214	4.168747
3114	-207.8751	-376.6518	168.7767	3.966211
3120	-206.5633	-375.3351	168.7718	3.969011
3126	-219.5854	-389.897	170.3116	3.070827
3132	-206.9703	-377.2212	170.2509	3.107006
3138	-198.8299	-366.9047	168.0748	4.365079
3144	-204.7486	-373.0785	168.33	4.220659
3150	-204.1289	-372.8603	168.7313	3.992136
3156	-205.8935	-374.8801	168.9866	3.845845
3162	-200.5852	-369.2878	168.7026	4.008563
3168	-198.1684	-368.4987	170.3303	3.059633
3174	-207.6119	-376.8011	169.1892	3.729133
3180	-204.2275	-374.3096	170.082	3.207342
3186	-200.3461	-369.2531	168.907	3.891561
3192	-208.0152	-377.6317	169.6165	3.481066
3198	-199.0074	-367.6839	168.6764	4.023508
3204	-208.5667	-378.3073	169.7406	3.408454
3210	-199.6089	-368.3835	168.7746	3.967405
3216	-206.9312	-376.4133	169.482	3.55943
3222	-205.6863	-374.4518	168.7655	3.972574
3228	-207.0287	-375.9703	168.9417	3.87165
3234	-205.2927	-374.3808	169.0881	3.787441
3240	-209.1147	-377.6153	168.5007	4.123674
3246	-201.8053	-370.1963	168.391	4.186006
3252	-209.4508	-377.8418	168.391	4.186006
3258	-217.6547	-386.838	169.1833	3.73252
3264	-211.7439	-381.6913	169.9474	3.286905
3270	-219.9275	-388.2969	168.3694	4.198286
3276	-220.899	-387.1653	166.2663	5.373227
3282	-209.2577	-378.3344	169.0767	3.793983
3288	-202.7693	-372.4684	169.6991	3.432761
3294	-204.0756	-373.9464	169.8707	3.332076
3300	-199.0256	-366.9623	167.9368	4.442904
3306	-197.5198	-366.6914	169.1716	3.739281
3312	-209.3831	-377.9606	168.5775	4.079915
3318	-203.2882	-373.1832	169.895	3.317767
3324	-195.3461	-365.5821	170.236	3.115901
3330	-219.2035	-387.7501	168.5466	4.097511
3336	-205.5075	-375.0568	169.5493	3.520255
3342	-205.8831	-376.1863	170.3032	3.075833
3348	-210.7445	-380.0586	169.3141	3.656899
3354	-208.3987	-377.5657	169.167	3.741918
3360	-214.0424	-383.2547	169.2123	3.715775
3366	-220.4119	-389.2911	168.8792	3.907473
3372	-215.1884	-384.5988	169.4104	3.601072
3378	-214.2493	-382.2423	167.9931	4.411174
3384	-215.2441	-382.7973	167.5532	4.65839
3390	-208.1429	-376.5814	168.4385	4.159043
3396	-217.1742	-385.1692	167.995	4.410073
3402	-210.2227	-379.8731	169.6504	3.461281
3408	-210.6599	-378.7149	168.055	4.376253
3414	-219.8394	-388.2848	168.4454	4.155109
3420	-203.7107	-373.8718	170.1611	3.160425
3426	-193.6732	-363.1493	169.4761	3.562861
3432	-197.8167	-367.9864	170.1697	3.155313
3438	-192.3852	-363.082	170.6968	2.838983
3444	-193.2739	-362.7474	169.4734	3.564429
3450	-202.8691	-372.4561	169.587	3.498291
3456	-205.7062	-374.5236	168.8174	3.942922
3462	-208.3556	-377.173	168.8174	3.942922
3468	-210.9964	-379.8643	168.8679	3.913962
3474	-206.0149	-375.7466	169.7317	3.413687
3480	-208.3762	-377.3849	169.0087	3.833132
3486	-205.5059	-374.8944	169.3885	3.613794
3492	-212.6256	-381.7968	169.1713	3.739483
3498	-212.84	-379.8674	167.0275	4.951777
3504	-208.6429	-376.5097	167.8668	4.482323
3510	-215.5738	-383.6627	168.0889	4.35712
3516	-215.941	-384.1218	168.1808	4.305169
3522	-207.238	-376.1912	168.9532	3.865048
3528	-204.4664	-373.2618	168.7954	3.955478
3534	-210.1135	-377.6345	167.521	4.676409
3540	-207.8028	-377.7565	169.9536	3.283245
3546	-207.6236	-376.8209	169.1973	3.724453
3552	-208.9611	-377.3044	168.3433	4.213107
3558	-217.254	-385.6414	168.3875	4.188027
3564	-213.4147	-380.9255	167.5108	4.682101
3570	-215.5987	-383.9014	168.3027	4.236119
3576	-210.2274	-378.8393	168.6119	4.060294
3582	-213.5109	-381.2518	167.7409	4.553123
3588	-211.4818	-378.3839	166.9021	5.021446
3594	-197.4479	-366.2996	168.8516	3.923297
3600	-207.2993	-376.9148	169.6155	3.48164
3606	-211.2221	-379.6664	168.4444	4.155699
3612	-215.7239	-384.9218	169.1979	3.7241
3618	-207.1438	-375.7415	168.5977	4.068431
3624	-210.2015	-378.6901	168.4886	4.130538
3630	-216.851	-386.2296	169.3786	3.61949
3636	-202.0912	-370.8507	168.7595	3.976041
3642	-199.8668	-368.2617	168.3949	4.18379
3648	-195.6088	-365.4115	169.8027	3.372049
3654	-195.6542	-365.7022	170.0481	3.227453
3660	-202.4177	-371.7401	169.3223	3.65213
3666	-213.4665	-382.233	168.7665	3.972054
3672	-193.2008	-362.3933	169.1924	3.727277
3678	-198.764	-367.848	169.084	3.789786
3684	-205.7014	-374.0678	168.3663	4.200015
3690	-210.1816	-377.9393	167.7577	4.543668
3696	-184.5209	-354.7266	170.2058	3.133898
3702	-201.2701	-371.1185	169.8484	3.345218
3708	-200.7795	-370.3392	169.5597	3.514189
3714	-202.3043	-373.5464	171.2421	2.503424
3720	-198.437	-368.2918	169.8547	3.341493
3726	-208.3005	-376.5393	168.2387	4.272359
3732	-216.4887	-383.071	166.5823	5.198693
3738	-206.9063	-375.532	168.6257	4.052473
3744	-202.9876	-372.6537	169.6661	3.452072
3750	-201.6673	-371.2667	169.5994	3.491041
3756	-222.2282	-390.4199	168.1917	4.298965
3762	-207.6166	-375.7143	168.0977	4.352107
3768	-212.1675	-380.0495	167.882	4.473775
3774	-205.0456	-373.7434	168.6977	4.011342
3780	-207.1017	-375.4896	168.3879	4.187774
3786	-207.1979	-377.0133	169.8154	3.364597
3792	-223.3797	-390.286	166.9063	5.01911
3798	-222.7719	-391.6939	168.922	3.88294
3804	-199.7416	-368.9767	169.2351	3.702612
3810	-203.0645	-371.8528	168.7882	3.959605
3816	-207.5212	-376.3095	168.7882	3.959605
3822	-197.212	-366.9384	169.7264	3.416808
3828	-199.1736	-368.1088	168.9352	3.875346
3834	-214.9484	-383.9991	169.0507	3.808982
3840	-214.4708	-383.5343	169.0635	3.801605
3846	-201.037	-370.931	169.8941	3.318337
3852	-209.1313	-377.0661	167.9347	4.444068
3858	-207.0895	-374.9847	167.8951	4.466363
3864	-197.2027	-365.8985	168.6958	4.012452
3870	-191.3817	-360.7099	169.3282	3.648747
3876	-195.4214	-366.0225	170.6011	2.896895
3882	-199.8993	-370.4287	170.5294	2.940205
3888	-200.9256	-371.3773	170.4517	2.986911
3894	-203.6741	-372.7745	169.1004	3.780373
3900	-192.2205	-361.5894	169.3689	3.625118
3906	-193.7296	-363.42	169.6905	3.437824
3912	-199.018	-366.6384	167.6205	4.620666
3918	-204.1533	-372.2472	168.094	4.354237
3924	-215.5468	-384.4374	168.8906	3.900937
3930	-201.7423	-370.9727	169.2304	3.705356
3936	-195.0531	-364.5345	169.4814	3.559818
3942	-196.8793	-367.0782	170.1989	3.137969
3948	-201.1325	-369.6776	168.5451	4.098368
3954	-208.3489	-377.3486	168.9996	3.838345
3960	-204.8161	-373.4303	168.6142	4.059029
3966	-203.348	-373.8352	170.4872	2.965549
3972	-195.3974	-364.3562	168.9588	3.861825
3978	-196.8069	-365.969	169.1621	3.744785
3984	-212.1922	-379.9726	167.7804	4.530885
3990	-217.4786	-385.9011	168.4224	4.168173
3996	-203.2948	-372.0389	168.7441	3.984819
4002	-210.6233	-380.246	169.6227	3.477439
4008	-189.7537	-357.6736	167.9199	4.45239
4014	-193.7713	-363.6325	169.8612	3.337651
4020	-192.0648	-361.1309	169.066	3.800135
4026	-200.4183	-369.0922	168.674	4.024901
4032	-197.6111	-366.9402	169.3291	3.648228
4038	-198.5143	-367.4065	168.8922	3.900014
4044	-192.5075	-362.5152	170.0077	3.251323
4050	-205.4976	-374.5765	169.0789	3.792762
4056	-221.01	-388.8178	167.8078	4.515524
4062	-206.9535	-374.1179	167.1644	4.87554
4068	-208.0346	-377.3314	169.2968	3.666914
4074	-214.7112	-384.1385	169.4273	3.591218
4080	-209.1846	-378.2458	169.0612	3.80291
4086	-215.8577	-384.2811	168.4234	4.167601
4092	-196.8935	-365.8287	168.9352	3.875343
4098	-194.2503	-362.7923	168.542	4.10015
4104	-211.6477	-381.6887	170.041	3.231624
4110	-203.9192	-375.0806	171.1615	2.553676
4116	-187.9613	-357.3569	169.3956	3.609656
4122	-193.6636	-363.1717	169.5081	3.544227
4128	-198.0315	-367.5396	169.5081	3.544227
4134	-203.0786	-372.5094	169.4309	3.589172
4140	-191.3658	-360.4449	169.0791	3.792612
4146	-200.3316	-370.4467	170.1151	3.187757
4152	-200.5201	-370.3337	169.8137	3.365604
4158	-206.6522	-375.192	168.5398	4.101393
4164	-199.6004	-369.8472	170.2468	3.109479
4170	-211.3444	-380.3016	168.9572	3.862705
4176	-208.7322	-378.8244	170.0922	3.2013
4182	-212.0086	-380.0278	168.0192	4.396435
4188	-208.2262	-378.1733	169.9471	3.287072
4194	-218.3436	-388.3167	169.973	3.271799
4200	-211.4348	-381.264	169.8292	3.356475
4206	-206.2086	-375.0592	168.8506	3.923893
4212	-205.3871	-374.5221	169.135	3.760396
4218	-201.9217	-371.4749	169.5533	3.517956
4224	-199.4881	-368.4864	168.9984	3.839082
4230	-208.4444	-377.3645	168.92	3.884073
4236	-200.8993	-370.3713	169.472	3.565255
4242	-215.1258	-383.7713	168.6455	4.041166
4248	-216.204	-384.3503	168.1463	4.324684
4254	-204.1855	-373.6221	169.4366	3.585864
4260	-196.6246	-364.6096	167.985	4.415748
4266	-199.0048	-368.8068	169.802	3.372461
4272	-193.3237	-362.9675	169.6438	3.465113
4278	-198.9366	-369.907	170.9704	2.671816
4284	-198.7026	-367.9233	169.2207	3.710936
4290	-202.2272	-370.6851	168.4579	4.147979
4296	-208.0289	-375.6679	167.639	4.6103
4302	-207.2479	-376.9929	169.7451	3.405855
4308	-205.0148	-373.6099	168.5951	4.069873
4314	-203.1341	-372.9061	169.772	3.390075
4320	-207.4648	-377.3459	169.8811	3.325953
4326	-203.8314	-373.3285	169.4971	3.550674
4332	-208.0102	-375.4779	167.4677	4.706236
4338	-210.8833	-379.7774	168.8942	3.898904
4344	-210.8793	-378.155	167.2757	4.813501
4350	-194.7938	-363.9564	169.1626	3.74449
4356	-201.8303	-370.746	168.9157	3.88657
4362	-211.8473	-381.8477	170.0003	3.255686
4368	-217.4183	-386.4136	168.9953	3.840819
4374	-211.3887	-380.7815	169.3928	3.611294
4380	-204.0896	-373.4824	169.3928	3.611294
4386	-205.7976	-376.3549	170.5574	2.923318
4392	-203.4067	-371.6183	168.2116	4.287723
4398	-211.6659	-379.7206	168.0547	4.37638
4404	-207.3966	-377.4122	170.0157	3.246612
4410	-212.1613	-379.147	166.9857	4.97498
4416	-202.5709	-370.6924	168.1214	4.338706
4422	-218.0799	-386.4692	168.3893	4.186957
4428	-210.9391	-379.7544	168.8153	3.94411
4434	-207.6765	-376.9271	169.2506	3.69363
4440	-209.3663	-378.1443	168.7781	3.96541
4446	-210.8174	-379.934	169.1166	3.771014
4452	-217.1294	-386.0188	168.8894	3.901631
4458	-204.5013	-373.0514	168.5501	4.095532
4464	-209.7683	-377.4371	167.6687	4.5936
4470	-215.963	-384.9804	169.0174	3.828154
4476	-205.8002	-375.1901	169.3899	3.612971
4482	-217.5013	-386.6206	169.1193	3.769459
4488	-224.1379	-392.1441	168.0062	4.403765
4494	-217.8463	-386.6339	168.7876	3.959972
4500	-210.3045	-378.6623	168.3579	4.204825
4506	-200.731	-370.16	169.429	3.590229
4512	-221.023	-390.6563	169.6333	3.47123
4518	-211.9208	-381.0524	169.1316	3.762384
4524	-203.459	-370.871	167.4119	4.737414
4530	-201.4703	-369.6932	168.2229	4.281347
4536	-195.6754	-362.8549	167.1795	4.867145
4542	-202.5539	-372.4356	169.8818	3.325578
4548	-211.5445	-379.4846	167.9401	4.441048
4554	-203.7952	-372.4806	168.6854	4.018371
4560	-201.3684	-370.8218	169.4534	3.576097
4566	-197.1551	-365.9718	168.8167	3.943304
4572	-197.2845	-366.1012	168.8167	3.943304
4578	-200.0976	-368.7953	168.6977	4.011351
4584	-207.7615	-376.4584	168.697	4.011782
4590	-204.5424	-373.1741	168.6318	4.048984
4596	-219.1838	-388.4639	169.2801	3.676581
4602	-211.8184	-379.2975	167.4792	4.699819
4608	-206.2251	-375.8175	169.5924	3.495114
4614	-201.7854	-369.7286	167.9432	4.439278
4620	-206.2443	-375.4416	169.1974	3.724418
4626	-208.1969	-377.3943	169.1974	3.724418
4632	-223.2146	-391.5627	168.3481	4.21037
4638	-213.0787	-381.5194	168.4406	4.157815
4644	-225.6453	-393.7783	168.133	4.33219
4650	-209.2987	-378.098	168.7993	3.953289
4656	-211.4078	-381.4298	170.022	3.242867
4662	-210.277	-379.7868	169.5098	3.543259
4668	-211.7624	-380.6841	168.9216	3.883165
4674	-219.0548	-388.5954	169.5406	3.525343
4680	-215.9106	-385.495	169.5843	3.499824
4686	-200.8215	-369.4486	168.6271	4.051647
4692	-205.0397	-374.0426	169.0028	3.836507
4698	-216.5812	-386.3862	169.805	3.370698
4704	-213.891	-383.3262	169.4352	3.586653
4710	-216.0355	-385.0341	168.9986	3.838929
4716	-205.6759	-373.797	168.1211	4.338898
4722	-202.5198	-371.9088	169.3889	3.613507
4728	-207.7558	-376.8226	169.0668	3.799717
4734	-212.4044	-381.2377	168.8333	3.933772
4740	-212.7755	-381.7201	168.9445	3.870003
4746	-213.4332	-382.0701	168.6369	4.046089
4752	-210.9709	-380.3335	169.3626	3.628774
4758	-221.0759	-388.9456	167.8697	4.480687
4764	-216.4416	-383.4613	167.0197	4.956079
4770	-204.0243	-373.7787	169.7544	3.400393
4776	-200.8366	-370.8116	169.975	3.270655
4782	-199.9019	-370.265	170.3631	3.040021
4788	-203.9069	-373.0373	169.1305	3.763009
4794	-213.1575	-381.5144	168.3569	4.205381
4800	-209.7169	-379.5189	169.8021	3.372414
4806	-211.2417	-378.8595	167.6178	4.6222
4812	-212.735	-381.8145	169.0795	3.792398
4818	-211.0351	-379.4663	168.4311	4.16321
4824	-209.6289	-379.5207	169.8918	3.319658
4830	-203.2888	-372.6804	169.3917	3.611917
4836	-214.4802	-382.8566	168.3764	4.194311
4842	-212.9173	-382.2354	169.3181	3.65457
4848	-198.9574	-368.239	169.2816	3.675718
4854	-187.957	-356.73	168.773	3.968302
4860	-190.5057	-359.6793	169.1736	3.738154
4866	-196.2861	-366.0159	169.7298	3.414801
4872	-202.665	-371.3998	168.7348	3.990143
4878	-194.4931	-362.6879	168.1949	4.297186
4884	-203.1516	-371.7107	168.5591	4.090418
4890	-200.9093	-369.871	168.9617	3.86015
4896	-218.4355	-386.1129	167.6774	4.588749
4902	-203.793	-373.4193	169.6263	3.475312
4908	-192.3404	-362.3874	170.0469	3.228125
4914	-199.4532	-368.5354	169.0822	3.79083
4920	-212.6186	-381.4248	168.8062	3.949301
4926	-194.7815	-363.6759	168.8944	3.898778
4932	-201.788	-372.3009	170.5129	2.95012
4938	-196.1756	-365.3434	169.1678	3.741489
4944	-203.5491	-374.0022	170.4531	2.986064
4950	-212.6912	-382.4115	169.7202	3.420401
4956	-211.1806	-380.2849	169.1043	3.778111
4962	-204.3008	-374.1318	169.831	3.355412
4968	-208.5137	-377.2238	168.7101	4.004291
4974	-211.6944	-379.9876	168.2933	4.241465
4980	-205.9054	-376.0312	170.1257	3.181436
4986	-196.4373	-365.069	168.6316	4.049076
4992	-192.0852	-361.8197	169.7345	3.412065
4998	-191.4176	-361.2295	169.812	3.36662
5004	-197.9586	-366.753	168.7944	3.956079
5010	-200.5647	-369.636	169.0713	3.797122
5016	-203.5668	-373.2301	169.6632	3.45375
5022	-193.6086	-363.214	169.6054	3.487564
5028	-195.5964	-363.9003	168.3039	4.23543
5034	-197.7725	-366.8815	169.109	3.775394
5040	-197.2593	-366.187	168.9277	3.879692
5046	-205.8619	-374.5267	168.6647	4.030173
5052	-209.1688	-378.3789	169.2101	3.717085
5058	-204.146	-371.7175	167.5715	4.648141
5064	-199.5964	-368.4642	168.8679	3.913996
5070	-189.6589	-359.7731	170.1142	3.188272
5076	-197.0311	-367.1453	170.1142	3.188272
5082	-206.2383	-376.1958	169.9576	3.280927
5088	-192.3221	-361.1799	168.8577	3.919787
5094	-189.8274	-360.2035	170.3761	3.032234
5100	-192.8335	-362.9038	170.0703	3.214295
5106	-196.5052	-367.1243	170.619	2.88609
5112	-200.8358	-371.0093	170.1735	3.153082
5118	-197.3758	-366.4295	169.0537	3.807241
5124	-204.0883	-373.142	169.0537	3.807241
5130	-216.8285	-385.4013	168.5728	4.082582
5136	-208.6298	-378.1375	169.5077	3.544512
5142	-194.8071	-364.3811	169.574	3.505855
5148	-203.0129	-371.9582	168.9454	3.869523
5154	-211.2685	-378.6361	167.3675	4.762233
5160	-199.2586	-367.7859	168.5273	4.108512
5166	-204.8274	-374.3501	169.5227	3.535762
5172	-193.2066	-363.3338	170.1272	3.180586
5178	-193.9475	-363.4688	169.5213	3.53659
5184	-204.0678	-373.9469	169.8791	3.327165
5190	-208.9097	-376.9508	168.0411	4.384074
5196	-203.719	-371.7141	167.9951	4.410026
5202	-216.0599	-383.5206	167.4607	4.710138
5208	-211.1902	-378.651	167.4607	4.710138
5214	-218.4484	-385.6188	167.1704	4.872215
5220	-209.6205	-376.4089	166.7884	5.084522
5226	-205.9602	-375.7025	169.7423	3.407491
5232	-199.5179	-369.6467	170.1288	3.179623
5238	-203.4465	-373.1758	169.7292	3.415144
5244	-201.162	-370.0385	168.8765	3.909037
5250	-212.3274	-380.6894	168.3621	4.202439
5256	-199.6506	-368.2367	168.5861	4.075042
5262	-189.776	-359.419	169.643	3.465591
5268	-192.8701	-363.4047	170.5345	2.937096
5274	-193.7443	-362.914	169.1698	3.740352
5280	-186.8877	-356.0575	169.1698	3.740352
5286	-210.401	-380.0802	169.6792	3.444391
5292	-208.7577	-378.0422	169.2844	3.674087
5298	-205.6267	-374.199	168.5723	4.082877
5304	-201.1791	-369.2097	168.0306	4.390001
5310	-196.0084	-364.6155	168.6071	4.063066
5316	-214.8791	-384.1705	169.2914	3.67007
5322	-206.7344	-376.5911	169.8567	3.3403
5328	-211.2957	-380.3562	169.0605	3.803309
5334	-205.8856	-374.8554	168.9698	3.855483
5340	-193.3581	-362.1509	168.7929	3.956951
5346	-204.9917	-374.5842	169.5925	3.495045
5352	-206.4887	-375.7436	169.2549	3.691135
5358	-199.2872	-368.6317	169.3445	3.639285
5364	-206.7676	-376.1719	169.4042	3.604643
5370	-215.1842	-384.7081	169.5239	3.535045
5376	-204.5808	-374.3241	169.7433	3.406909
5382	-203.5702	-372.8595	169.2893	3.671285
5388	-195.7407	-365.03	169.2893	3.671285
5394	-202.2997	-370.9914	168.6917	4.014807
5400	-202.3999	-369.5223	167.1224	4.89895
5406	-203.8309	-370.9533	167.1224	4.89895
5412	-219.7203	-388.0389	168.3186	4.227097
5418	-210.8384	-379.157	168.3186	4.227097
5424	-217.0746	-386.3614	169.2868	3.672685
5430	-201.3384	-370.7258	169.3875	3.614366
5436	-220.4681	-390.198	169.7299	3.414728
5442	-227.5249	-396.6584	169.1335	3.761266
5448	-210.2519	-379.3729	169.1211	3.768429
5454	-212.1098	-381.5075	169.3977	3.608415
5460	-192.7863	-361.2665	168.4802	4.135311
5466	-196.041	-366.5264	170.4854	2.966673
5472	-195.6608	-364.4156	168.7547	3.978773
5478	-203.3211	-371.5124	168.1913	4.299219
5484	-200.3355	-369.3059	168.9704	3.855167
5490	-214.6332	-383.5099	168.8767	3.908943
5496	-203.5298	-372.7572	169.2274	3.707046
5502	-203.688	-371.5565	167.8685	4.481348
5508	-197.2836	-366.3411	169.0575	3.805077
5514	-202.756	-372.6837	169.9277	3.298538
5520	-202.8747	-372.7632	169.8885	3.321616
5526	-221.4279	-389.4722	168.0443	4.382266
5532	-218.8317	-388.7316	169.8999	3.314877
5538	-225.5125	-395.2064	169.6938	3.435853
5544	-212.5627	-381.751	169.1883	3.729632
5550	-216.4435	-387.322	170.8785	2.728213
5556	-201.444	-371.8207	170.3767	3.03191
5562	-205.633	-374.6741	169.041	3.814547
5568	-201.6445	-370.1008	168.4563	4.148911
5574	-208.6579	-376.7343	168.0764	4.364132
5580	-211.3813	-380.5817	169.2004	3.722638
5586	-205.2394	-375.166	169.9266	3.299177
5592	-206.9758	-375.8943	168.9185	3.884927
5598	-214.5545	-383.3072	168.7527	3.979936
5604	-207.6978	-376.4921	168.7943	3.956106
5610	-201.0691	-369.6119	168.5429	4.099667
5616	-200.2948	-369.7098	169.4151	3.598355
5622	-195.1251	-363.0525	167.9274	4.448174
5628	-201.076	-369.9165	168.8405	3.92968
5634	-197.6992	-366.5493	168.8502	3.924124
5640	-201.9942	-370.3097	168.3155	4.228883
5646	-199.7504	-369.2847	169.5343	3.528988
5652	-216.9585	-387.6548	170.6962	2.839297
5658	-207.3931	-376.7184	169.3253	3.65041
5664	-198.5906	-367.1114	168.5207	4.112254
5670	-202.9662	-373.0428	170.0766	3.210561
5676	-192.4713	-362.3338	169.8625	3.336933
5682	-194.6826	-365.1211	170.4385	2.994856
5688	-207.2234	-376.6352	169.4118	3.60024
5694	-206.0689	-374.9723	168.9034	3.893581
5700	-210.6604	-379.4178	168.7573	3.977286
5706	-195.4402	-364.6541	169.2139	3.714866
5712	-213.1231	-382.8205	169.6975	3.433733
5718	-212.9297	-380.4935	167.5639	4.652398
5724	-203.1815	-371.8195	168.6381	4.045383
5730	-222.507	-391.2682	168.7613	3.975014
5736	-209.1936	-376.973	167.7794	4.531437
5742	-204.0212	-373.8056	169.7844	3.382813
5748	-200.1232	-369.7526	169.6294	3.473515
5754	-197.4844	-366.9653	169.481	3.560036
5760	-201.7011	-371.1821	169.481	3.560036
5766	-195.4322	-365.5868	170.1546	3.164284
5772	-201.7851	-370.8109	169.0259	3.823261
5778	-189.2018	-359.3299	170.1281	3.180045
5784	-202.6662	-370.7115	168.0453	4.381716
5790	-201.4887	-370.5419	169.0532	3.807515
5796	-201.0521	-369.8914	168.8393	3.930367
5802	-203.9142	-373.2899	169.3757	3.621186
5808	-214.8709	-383.0061	168.1352	4.330917
5814	-211.7417	-381.3447	169.603	3.488951
5820	-201.7641	-371.5911	169.827	3.35779
5826	-213.8345	-383.7946	169.9601	3.279453
5832	-205.6508	-374.7729	169.1221	3.767848
5838	-215.7963	-384.9976	169.2013	3.722152
5844	-199.4041	-368.4459	169.0418	3.814097
5850	-191.3012	-360.0902	168.789	3.959147
5856	-193.9733	-363.2994	169.3261	3.649969
5862	-189.8062	-358.1422	168.336	4.217223
5868	-196.1073	-365.9296	169.8223	3.360571
5874	-195.7316	-365.4847	169.753	3.401189
5880	-205.8409	-375.0613	169.2204	3.711107
5886	-198.0912	-367.4159	169.3246	3.650798
5892	-205.2174	-374.2651	169.0478	3.810667
5898	-209.4044	-377.5327	168.1282	4.334866
5904	-200.3631	-367.8764	167.5133	4.680703
5910	-222.7775	-391.5625	168.7851	3.961409
5916	-205.2301	-374.6827	169.4526	3.576555
5922	-204.1424	-373.0184	168.876	3.909334
5928	-200.0771	-369.0435	168.9664	3.857434
5934	-212.4735	-381.3661	168.8926	3.899815
5940	-195.2162	-364.1806	168.9644	3.858584
5946	-203.1739	-371.7879	168.614	4.059126
5952	-198.7123	-367.2922	168.5799	4.078539
5958	-203.1773	-372.4339	169.2566	3.690181
5964	-208.928	-378.5208	169.5928	3.494885
5970	-201.1503	-370.1513	169.001	3.837533
5976	-200.165	-369.997	169.832	3.354836
5982	-207.2288	-377.3506	170.1217	3.183813
5988	-195.9096	-365.1202	169.2107	3.716739
5994	-205.7029	-373.4818	167.7788	4.531779
6000	-205.2183	-374.5276	169.3093	3.659665
6006	-210.4538	-378.5464	168.0926	4.355005
6012	-218.2626	-388.0301	169.7675	3.392689
6018	-197.3684	-366.3025	168.9341	3.875972
6024	-199.8227	-368.5852	168.7625	3.974299
6030	-206.9781	-375.4248	168.4466	4.154415
6036	-194.7023	-364.3755	169.6732	3.447935
6042	-192.895	-362.1438	169.2489	3.694653
6048	-212.1556	-379.7563	167.6007	4.631737
6054	-210.8711	-378.4634	167.5923	4.636456
6060	-215.5091	-383.6459	168.1368	4.33002
6066	-210.5545	-379.6909	169.1365	3.759566
6072	-201.1612	-371.4673	170.306	3.074129
6078	-196.2274	-364.8145	168.5871	4.074457
6084	-197.3966	-367.2131	169.8165	3.363947
6090	-199.4011	-368.0353	168.6342	4.047588
6096	-199.7135	-370.5136	170.8001	2.776121
6102	-204.3182	-374.1708	169.8525	3.342766
6108	-205.6708	-374.4703	168.7995	3.953139
6114	-209.0917	-378.2003	169.1085	3.775661
6120	-202.1556	-371.2641	169.1085	3.775661
6126	-200.1823	-369.2909	169.1085	3.775661
6132	-199.5969	-367.8711	168.2742	4.252259
6138	-198.0899	-368.2121	170.1222	3.183526
6144	-196.3944	-365.2403	168.8459	3.926547
6150	-198.9859	-367.3594	168.3736	4.195914
6156	-203.315	-373.6978	170.3828	3.028249
6162	-193.3673	-362.7347	169.3674	3.626003
6168	-194.7524	-363.4816	168.7292	3.993385
6174	-195.3092	-364.0383	168.7292	3.993385
6180	-190.7237	-360.3136	169.5899	3.496557
6186	-195.5141	-365.6541	170.14	3.172998
6192	-194.7322	-364.308	169.5758	3.504818
6198	-206.4696	-374.4944	168.0248	4.393284
6204	-208.1939	-378.2809	170.087	3.204403
6210	-210.5268	-379.4086	168.8818	3.905989
6216	-205.7319	-374.6137	168.8818	3.905989
6222	-204.3546	-373.9642	169.6097	3.485058
6228	-204.3273	-373.972	169.6447	3.464588
6234	-188.298	-358.1845	169.8865	3.322817
6240	-195.9504	-364.977	169.0267	3.822802
6246	-204.3011	-373.7653	169.4642	3.569802
6252	-193.6328	-362.6409	169.008	3.833517
6258	-193.1529	-361.9813	168.8284	3.936582
6264	-195.8699	-365.9156	170.0457	3.228847
6270	-213.4181	-382.332	168.9139	3.887604
6276	-205.5872	-374.584	168.9968	3.839973
6282	-204.5816	-373.1381	168.5565	4.091909
6288	-208.2874	-376.8439	168.5565	4.091909
6294	-222.9987	-391.1217	168.1229	4.33787
6300	-204.8437	-373.8936	169.0499	3.80944
6306	-209.0416	-378.3654	169.3238	3.65126
6312	-213.6891	-381.1299	167.4409	4.721245
6318	-193.783	-363.4629	169.6799	3.443981
6324	-205.091	-374.6686	169.5777	3.503721
6330	-209.4052	-378.5974	169.1922	3.727379
6336	-207.4847	-378.2045	170.7198	2.824969
6342	-206.6564	-376.4213	169.7649	3.394236
6348	-208.9325	-378.43	169.4975	3.550422
6354	-208.3658	-376.5547	168.189	4.300512
6360	-205.9716	-374.9802	169.0086	3.833164
6366	-207.8388	-377.3468	169.508	3.544301
6372	-217.5524	-387.0913	169.5389	3.526302
6378	-207.3834	-376.7669	169.3835	3.616679
6384	-207.4218	-375.2095	167.7877	4.526825
6390	-205.2199	-374.0169	168.797	3.954579
6396	-204.8993	-374.2487	169.3494	3.636428
6402	-191.7932	-360.7985	169.0053	3.835105
6408	-187.2069	-355.9253	168.7184	3.999551
6414	-201.8775	-372.5987	170.7212	2.824132
6420	-202.9473	-371.0647	168.1175	4.340956
6426	-199.015	-368.1026	169.0876	3.787711
6432	-199.2394	-368.9436	169.7042	3.429805
6438	-207.2195	-375.7468	168.5274	4.108493
6444	-200.0605	-370.4729	170.4124	3.010516
6450	-227.4515	-395.3375	167.886	4.471503
6456	-224.6867	-391.8418	167.1551	4.880734
6462	-205.3123	-374.3377	169.0254	3.823537
6468	-214.321	-382.7843	168.4633	4.144929
6474	-205.895	-374.9247	169.0297	3.821053
6480	-200.2782	-369.2613	168.9831	3.847842
6486	-202.2269	-371.0582	168.8313	3.934935
6492	-209.143	-378.196	169.053	3.80766
6498	-224.1332	-393.602	169.4688	3.567143
6504	-216.6424	-385.8757	169.2333	3.703651
6510	-213.7351	-382.4891	168.754	3.979184
6516	-214.8405	-382.1127	167.2722	4.815451
6522	-214.5782	-382.7428	168.1646	4.314307
6528	-213.7388	-383.0483	169.3096	3.659523
6534	-200.9932	-370.19	169.1968	3.724725
6540	-225.5329	-393.5424	168.0094	4.401946
6546	-223.4019	-391.2306	167.8287	4.503724
6552	-212.1863	-380.0519	167.8656	4.483004
6558	-208.1545	-377.4098	169.2554	3.690877
6564	-214.8211	-383.936	169.1149	3.771977
6570	-213.5928	-383.1926	169.5998	3.490793
6576	-207.3985	-377.8608	170.4623	2.980531
6582	-203.5682	-373.6607	170.0924	3.201187
6588	-202.1598	-371.0953	168.9355	3.875166
6594	-205.8324	-374.2427	168.4103	4.175082
6600	-212.8425	-382.0366	169.1941	3.726299
6606	-202.1027	-372.3962	170.2935	3.08161
6612	-212.1777	-382.9119	170.7342	2.816261
6618	-208.7164	-379.0741	170.3577	3.04328
6624	-203.6617	-374.4122	170.7505	2.806328
6630	-204.8938	-373.5432	168.6493	4.038964
6636	-210.6524	-379.3506	168.6981	4.011105
6642	-215.9373	-383.9338	167.9965	4.409257
6648	-207.5031	-375.4996	167.9965	4.409257
6654	-212.7735	-383.0866	170.3132	3.069872
6660	-215.8993	-384.7974	168.8981	3.896637
6666	-209.3424	-378.9457	169.6033	3.488781
6672	-197.9268	-367.5352	169.6084	3.485762
6678	-203.8306	-372.5338	168.7032	4.008217
6684	-212.3723	-380.7891	168.4169	4.171317
6690	-218.2729	-387.6107	169.3378	3.643181
6696	-211.1034	-379.41	168.3067	4.233869
6702	-216.6308	-386.979	170.3482	3.048965
6708	-204.774	-374.3468	169.5728	3.50653
6714	-210.933	-378.4795	167.5465	4.662146
6720	-203.1915	-372.9236	169.7322	3.413418
6726	-202.6942	-372.5816	169.8874	3.322244
6732	-215.2575	-382.2537	166.9961	4.969211
6738	-230.2453	-396.6395	166.3941	5.302685
6744	-223.6106	-392.2781	168.6675	4.028615
6750	-203.1104	-371.501	168.3906	4.186255
6756	-208.8879	-378.1749	169.287	3.672607
6762	-221.6782	-390.2244	168.5462	4.097752
6768	-218.3103	-386.7844	168.4741	4.138795
6774	-215.8545	-385.4802	169.6257	3.475691
6780	-207.2264	-373.9936	166.7672	5.096273
6786	-215.9291	-384.861	168.9319	3.877252
6792	-202.9946	-371.1369	168.1423	4.326897
6798	-197.6376	-368.0028	170.3652	3.038751
6804	-204.9462	-374.8715	169.9254	3.299911
6810	-206.5961	-374.6071	168.011	4.401051
6816	-198.8425	-366.8535	168.011	4.401051
6822	-201.5527	-369.4271	167.8744	4.478038
6828	-211.228	-380.8599	169.6319	3.472071
6834	-201.8877	-370.8301	168.9424	3.871226
6840	-203.4203	-371.9644	168.5441	4.098961
6846	-203.96	-372.97	169.01	3.832414
6852	-203.4356	-372.3769	168.9413	3.871838
6858	-204.1646	-373.3283	169.1636	3.74389
6864	-216.2174	-384.3525	168.135	4.331026
6870	-199.0912	-368.6047	169.5135	3.541103
6876	-195.4047	-364.4662	169.0615	3.802778
6882	-210.7361	-378.9759	168.2398	4.271778
6888	-210.9203	-378.8027	167.8824	4.47355
6894	-207.4539	-376.7722	169.3183	3.654489
6900	-209.6599	-379.0721	169.4122	3.600034
6906	-210.4712	-380.6114	170.1402	3.17287
6912	-209.5434	-378.6687	169.1252	3.766032
6918	-203.5983	-371.0942	167.4959	4.690441
6924	-211.797	-381.2221	169.4252	3.592488
6930	-214.7251	-384.1668	169.4417	3.582866
6936	-213.1603	-381.2052	168.0449	4.38196
6942	-189.2948	-358.3728	169.0779	3.793301
6948	-206.236	-375.3958	169.1599	3.746066
6954	-201.8354	-369.6073	167.7719	4.535665
6960	-210.8652	-380.5614	169.6962	3.434485
6966	-200.684	-370.3802	169.6962	3.434485
6972	-199.1417	-368.2973	169.1556	3.748511
6978	-206.3183	-376.102	169.7837	3.383201
6984	-202.0638	-371.8475	169.7837	3.383201
6990	-200.0184	-370.7908	170.7724	2.793015
6996	-216.1052	-385.6616	169.5564	3.516144
7002	-197.2025	-365.9313	168.7288	3.993563
7008	-211.0544	-380.2627	169.2083	3.718081
7014	-204.0311	-373.0906	169.0595	3.803933
7020	-197.0444	-366.7172	169.6727	3.448203
7026	-200.1713	-369.3474	169.1761	3.736679
7032	-198.8046	-368.1354	169.3308	3.647209
7038	-205.3509	-375.557	170.2061	3.133691
7044	-208.4332	-376.8998	168.4666	4.143031
7050	-208.1685	-378.8432	170.6747	2.852369
7056	-209.0234	-377.6701	168.6467	4.040446
7062	-193.7774	-361.8513	168.0739	4.365571
7068	-205.7862	-374.5731	168.7869	3.960352
7074	-200.7089	-368.7526	168.0437	4.382615
7080	-196.3955	-365.6423	169.2469	3.695799
7086	-201.7947	-371.0416	169.2469	3.695799
7092	-207.6776	-376.6089	168.9313	3.877604
7098	-206.3559	-374.5308	168.1749	4.308491
7104	-197.6799	-367.4616	169.7816	3.384413
7110	-202.3877	-371.798	169.4103	3.601086
7116	-207.8384	-376.3496	168.5112	4.117685
7122	-215.3288	-385.0917	169.7629	3.395408
7128	-211.3393	-380.6846	169.3453	3.638844
7134	-213.6245	-382.5177	168.8933	3.899409
7140	-206.7208	-375.6516	168.9308	3.877901
7146	-208.0516	-376.5759	168.5244	4.110189
7152	-200.8037	-367.7569	166.9533	4.993035
7158	-194.0562	-362.6793	168.6231	4.053941
7164	-203.4151	-372.4804	169.0653	3.800542
7170	-205.1311	-374.1965	169.0653	3.800542
7176	-197.2663	-366.3317	169.0653	3.800542
7182	-204.7028	-373.1744	168.4716	4.140225
7188	-211.577	-381.2742	169.6972	3.433864
7194	-207.6974	-377.4797	169.7822	3.384057
7200	-216.6138	-386.7486	170.1347	3.176095
