Iteration	Posterior	Likelihood	Prior	tree_length
0	-716.683	-889.191	172.5081	1.667163
6	-726.8301	-899.7683	172.9382	1.344577
12	-723.8981	-896.4701	172.572	1.62123
18	-720.1676	-892.9879	172.8203	1.436641
24	-731.5922	-903.9698	172.3776	1.759296
30	-731.2261	-904.1144	172.8883	1.383979
36	-741.1783	-913.9276	172.7494	1.490513
42	-719.1994	-892.0274	172.8281	1.430685
48	-718.0769	-890.826	172.7492	1.490683
54	-715.5792	-888.458	172.8788	1.391405
60	-714.0256	-886.9595	172.9339	1.348002
66	-721.4454	-894.0024	172.557	1.632082
72	-721.678	-894.646	172.968	1.320726
78	-733.911	-906.8053	172.8944	1.379227
84	-735.7797	-908.5808	172.8011	1.451368
90	-723.5797	-896.5888	173.0091	1.287379
96	-730.2228	-902.8965	172.6737	1.546923
102	-724.6164	-897.3463	172.7298	1.505171
108	-725.7424	-898.278	172.5356	1.647433
114	-728.5313	-901.0169	172.4856	1.683211
120	-712.3068	-884.9539	172.6472	1.566471
126	-721.8834	-894.6142	172.7308	1.504432
132	-720.7783	-893.5143	172.736	1.500553
138	-720.429	-893.0404	172.6114	1.592647
144	-722.4085	-895.3533	172.9448	1.339314
150	-740.4315	-913.6213	173.1898	1.133353
156	-736.6959	-909.5673	172.8714	1.397188
162	-737.5382	-910.3149	172.7767	1.469913
168	-720.9636	-893.8565	172.893	1.380301
174	-712.4041	-885.1745	172.7703	1.474694
180	-736.8188	-909.4835	172.6647	1.553574
186	-719.7184	-892.0838	172.3654	1.767807
192	-732.2005	-905.0603	172.8598	1.406147
198	-738.7978	-911.1199	172.3221	1.797888
204	-732.2441	-905.0271	172.783	1.465113
210	-726.9667	-899.7497	172.783	1.465113
216	-730.5024	-903.3409	172.8385	1.422682
222	-729.7671	-902.7662	172.9991	1.295595
228	-728.1672	-900.9023	172.7351	1.501239
234	-730.3401	-903.1291	172.789	1.460526
240	-719.0422	-891.7945	172.7523	1.48828
246	-717.6644	-890.552	172.8876	1.384524
252	-728.6984	-901.6055	172.907	1.369257
258	-730.1064	-902.8004	172.694	1.531881
264	-733.6347	-906.6831	173.0485	1.254963
270	-732.571	-905.3056	172.7346	1.501603
276	-725.3581	-898.2439	172.8857	1.385976
282	-719.7763	-892.5936	172.8174	1.438898
288	-714.9025	-887.6647	172.7621	1.480898
294	-718.2518	-891.2524	173.0006	1.294359
300	-726.4198	-899.4119	172.9921	1.301238
306	-719.5121	-892.4981	172.9861	1.306162
312	-720.1281	-892.7383	172.6102	1.593509
318	-724.0574	-896.9361	172.8787	1.391508
324	-728.481	-901.5789	173.0978	1.213453
330	-709.5271	-882.5112	172.9841	1.307734
336	-719.268	-892.2371	172.9691	1.319855
342	-718.7668	-892.0151	173.2483	1.079938
348	-719.3808	-892.1127	172.7319	1.503617
354	-719.7386	-892.4398	172.7012	1.526577
360	-718.4496	-891.269	172.8194	1.437329
366	-726.4934	-899.1793	172.6858	1.537953
372	-725.4358	-898.5105	173.0747	1.232994
378	-725.5902	-898.4146	172.8244	1.433529
384	-730.8512	-903.9741	173.1229	1.192026
390	-729.1765	-902.0013	172.8248	1.433165
396	-736.2696	-909.0652	172.7956	1.455531
402	-731.1498	-904.0482	172.8984	1.376019
408	-717.457	-890.179	172.7221	1.510972
414	-724.7483	-897.7985	173.0502	1.253553
420	-726.1535	-899.1272	172.9737	1.316143
426	-726.6251	-899.0712	172.4461	1.711164
432	-726.9618	-899.727	172.7653	1.478544
438	-730.429	-903.2396	172.8106	1.444083
444	-728.8701	-901.6725	172.8024	1.450333
450	-728.3543	-901.312	172.9578	1.328947
456	-727.2367	-900.1058	172.8691	1.398953
462	-725.9641	-898.8363	172.8721	1.396585
468	-720.7332	-893.4214	172.6882	1.536185
474	-722.3945	-895.448	173.0535	1.250771
480	-722.1009	-895.1544	173.0535	1.250771
486	-717.9718	-891.0584	173.0867	1.222928
492	-716.6956	-889.7507	173.0551	1.249429
498	-719.7273	-892.6611	172.9338	1.34809
504	-730.9222	-903.4038	172.4816	1.686043
510	-718.4335	-891.1645	172.731	1.504283
516	-711.5833	-884.657	173.0738	1.233823
522	-729.0058	-901.5944	172.5886	1.609194
528	-728.6769	-901.2655	172.5886	1.609194
534	-732.5622	-905.1312	172.569	1.623377
540	-730.0285	-902.4402	172.4117	1.735395
546	-733.9762	-906.9479	172.9717	1.317759
552	-738.5731	-911.4983	172.9252	1.354871
558	-736.3848	-908.927	172.5422	1.642722
564	-723.4068	-896.3325	172.9257	1.35449
570	-725.4147	-898.0896	172.675	1.545989
576	-725.8304	-898.5136	172.6832	1.539931
582	-720.8635	-893.9309	173.0674	1.239141
588	-730.5376	-903.0878	172.5502	1.636972
594	-727.7529	-900.3802	172.6272	1.581069
600	-736.6962	-909.6802	172.984	1.307832
606	-716.1125	-889.0145	172.902	1.373229
612	-723.2021	-896.1249	172.9228	1.356804
618	-719.8425	-892.4683	172.6258	1.582143
624	-723.2957	-895.9214	172.6258	1.582143
630	-722.6978	-895.5451	172.8473	1.415891
636	-720.5107	-893.4561	172.9454	1.338834
642	-721.7137	-894.0501	172.3364	1.787997
648	-715.6479	-888.2865	172.6386	1.572749
654	-720.5214	-893.0744	172.553	1.634965
660	-719.094	-892.2345	173.1406	1.176717
666	-721.6222	-894.4084	172.7863	1.462628
672	-720.6457	-893.3868	172.7411	1.496734
678	-729.6133	-902.3858	172.7726	1.473025
684	-725.0421	-897.7178	172.6756	1.545509
690	-727.9495	-900.5066	172.557	1.632044
696	-723.6768	-896.3454	172.6686	1.550686
702	-735.5519	-908.1223	172.5705	1.622347
708	-730.2062	-902.7767	172.5705	1.622347
714	-713.3694	-886.3136	172.9442	1.339826
720	-716.5137	-889.1673	172.6536	1.561727
726	-720.3452	-893.0568	172.7117	1.518765
732	-737.8449	-910.5565	172.7117	1.518765
738	-723.0911	-895.8028	172.7117	1.518765
744	-716.21	-889.1007	172.8907	1.382058
750	-740.0096	-912.9022	172.8927	1.380545
756	-731.9369	-904.7163	172.7794	1.467818
762	-731.4247	-904.0965	172.6718	1.548299
768	-733.8554	-906.3861	172.5307	1.650999
774	-730.3043	-902.8906	172.5863	1.610894
780	-730.7986	-903.857	173.0584	1.246695
786	-727.5346	-900.1842	172.6496	1.564704
792	-727.9021	-900.8161	172.914	1.363747
798	-737.0883	-909.8683	172.78	1.467362
804	-737.4184	-910.2753	172.8569	1.408392
810	-730.059	-902.7336	172.6746	1.546259
816	-745.8212	-918.8587	173.0375	1.264058
822	-730.5476	-903.4092	172.8616	1.404807
828	-728.506	-901.3676	172.8616	1.404807
834	-739.7979	-912.0623	172.2644	1.837729
840	-723.2909	-896.014	172.7231	1.510214
846	-719.5427	-892.2317	172.6889	1.53564
852	-728.1142	-901.0529	172.9386	1.344229
858	-728.792	-901.4309	172.6389	1.57252
864	-728.6178	-901.2872	172.6694	1.550132
870	-722.4923	-895.4711	172.9789	1.311958
876	-731.2149	-904.1413	172.9264	1.353932
882	-724.033	-896.7029	172.6699	1.549742
888	-711.2522	-883.7245	172.4723	1.69265
894	-714.3462	-886.9259	172.5797	1.6157
900	-723.8138	-896.6119	172.7981	1.453637
906	-721.8431	-894.6105	172.7674	1.47694
912	-729.8574	-902.8222	172.9648	1.323313
918	-735.8411	-908.7442	172.9031	1.372318
924	-735.7866	-908.6897	172.9031	1.372318
930	-734.0763	-906.8927	172.8164	1.439656
936	-725.5364	-898.4197	172.8833	1.3879
942	-731.7673	-904.532	172.7646	1.479001
948	-732.8486	-905.7102	172.8616	1.404769
954	-735.2131	-908.0684	172.8553	1.409655
960	-730.5559	-903.1897	172.6337	1.576315
966	-719.41	-891.9727	172.5627	1.627961
972	-718.6957	-891.604	172.9083	1.368262
978	-718.3602	-891.5012	173.141	1.176313
984	-734.3695	-907.2588	172.8893	1.383179
990	-725.8029	-898.6922	172.8893	1.383179
996	-730.9006	-903.7899	172.8893	1.383179
1002	-725.5818	-898.5677	172.9859	1.306251
1008	-725.0862	-897.8117	172.7256	1.508372
1014	-731.7512	-904.7251	172.974	1.31594
1020	-737.4365	-910.7616	173.3251	1.006162
1026	-733.6018	-906.5636	172.9619	1.325655
1032	-736.7202	-909.7094	172.9892	1.303613
1038	-730.8009	-903.3386	172.5377	1.645963
1044	-729.0287	-902.0305	173.0018	1.293346
1050	-720.1459	-893.3383	173.1924	1.130955
1056	-715.8511	-888.4217	172.5706	1.622265
1062	-717.8614	-890.6387	172.7773	1.469461
1068	-719.1548	-891.6706	172.5159	1.661602
1074	-728.3206	-900.8365	172.5159	1.661602
1080	-722.1801	-895.1288	172.9487	1.336222
1086	-728.7622	-901.659	172.8968	1.377311
1092	-721.8536	-894.9056	173.0521	1.251976
1098	-726.9968	-899.7716	172.7749	1.471282
1104	-729.2915	-901.9003	172.6088	1.594541
1110	-717.658	-890.7765	173.1185	1.195781
1116	-726.8164	-899.7475	172.931	1.350295
1122	-724.5164	-897.5775	173.0611	1.244449
1128	-730.7908	-903.2028	172.412	1.735198
1134	-723.0307	-895.824	172.7933	1.457259
1140	-724.7437	-897.6532	172.9095	1.367326
1146	-722.3364	-895.2056	172.8691	1.398937
1152	-736.2571	-909.1686	172.9114	1.365803
1158	-738.2727	-911.0399	172.7672	1.477073
1164	-730.4655	-903.2327	172.7672	1.477073
1170	-731.3979	-904.2101	172.8122	1.442837
1176	-727.4329	-900.2452	172.8122	1.442837
1182	-741.6756	-914.0921	172.4165	1.73201
1188	-735.948	-908.3731	172.4251	1.725988
1194	-752.0285	-924.7596	172.7311	1.504216
1200	-741.3782	-914.2084	172.8302	1.429071
1206	-733.0658	-906.0387	172.9729	1.316809
1212	-730.6199	-903.6529	173.0331	1.267703
1218	-731.6563	-904.675	173.0187	1.279564
1224	-736.8767	-909.6555	172.7788	1.468295
1230	-734.9444	-907.8544	172.91	1.366902
1236	-735.9807	-908.674	172.6933	1.53243
1242	-726.5747	-899.4468	172.8722	1.396574
1248	-724.362	-897.3192	172.9572	1.329391
1254	-726.1389	-898.7763	172.6374	1.573617
1260	-730.3948	-903.106	172.7113	1.519056
1266	-724.267	-896.9783	172.7113	1.519056
1272	-725.6107	-898.4519	172.8412	1.420571
1278	-718.6648	-891.4702	172.8054	1.448054
1284	-734.6517	-907.5748	172.923	1.356634
1290	-739.0548	-912.0976	173.0428	1.259675
1296	-737.551	-910.1416	172.5906	1.607797
1302	-737.7357	-910.7444	173.0087	1.287703
1308	-743.9915	-916.821	172.8295	1.429615
1314	-737.7601	-910.4882	172.7281	1.50646
1320	-743.9247	-916.7443	172.8196	1.437222
1326	-741.3688	-914.2778	172.909	1.367699
1332	-735.3557	-907.9793	172.6237	1.583692
1338	-737.7258	-910.4381	172.7123	1.518304
1344	-728.6193	-901.3246	172.7052	1.523541
1350	-728.3771	-901.0145	172.6374	1.5736
1356	-724.6675	-897.3437	172.6762	1.545107
1362	-726.913	-899.8591	172.9461	1.338251
1368	-730.0511	-902.9109	172.8598	1.406205
1374	-725.1013	-898.0881	172.9868	1.305526
1380	-729.772	-902.7732	173.0012	1.293848
1386	-735.5433	-908.5068	172.9634	1.324426
1392	-720.7485	-893.2187	172.4702	1.694093
1398	-725.8033	-898.1613	172.358	1.772957
1404	-726.5911	-899.5258	172.9347	1.347359
1410	-727.3073	-900.2266	172.9194	1.359538
1416	-726.4581	-899.3881	172.93	1.351084
1422	-728.012	-900.7636	172.7515	1.488878
1428	-738.3202	-910.6491	172.3289	1.793168
1434	-735.2771	-908.2422	172.965	1.323144
1440	-727.1163	-900.1202	173.0038	1.291694
1446	-733.8802	-906.6732	172.793	1.457524
1452	-721.4768	-894.5539	173.0771	1.23105
1458	-721.5176	-894.403	172.8854	1.386228
1464	-721.5891	-894.6204	173.0313	1.269179
1470	-721.4046	-894.5422	173.1376	1.179266
1476	-727.7829	-900.6252	172.8423	1.419751
1482	-726.1131	-898.8018	172.6887	1.535836
1488	-727.5849	-900.6093	173.0244	1.274883
1494	-723.6479	-896.5245	172.8766	1.393096
1500	-719.2429	-891.8832	172.6404	1.571473
1506	-727.6602	-900.088	172.4278	1.724113
1512	-720.7611	-893.2295	172.4684	1.695378
1518	-718.9119	-891.7241	172.8123	1.442812
1524	-718.1583	-890.9706	172.8123	1.442812
1530	-718.2032	-890.7517	172.5485	1.638215
1536	-725.0165	-897.3527	172.3362	1.788122
1542	-722.2815	-894.9138	172.6323	1.577366
1548	-735.1492	-907.48	172.3308	1.79189
1554	-723.7174	-896.4419	172.7244	1.509217
1560	-720.1558	-892.9321	172.7763	1.470174
1566	-725.3992	-897.8914	172.4921	1.678548
1572	-730.8736	-903.764	172.8904	1.382322
1578	-731.2222	-903.8125	172.5903	1.608008
1584	-726.1124	-898.7636	172.6512	1.563476
1590	-729.4932	-902.2249	172.7317	1.503821
1596	-743.5093	-916.5428	173.0335	1.267355
1602	-736.7019	-909.4079	172.7059	1.523022
1608	-740.0427	-913.1337	173.091	1.219253
1614	-734.9204	-907.3854	172.465	1.697778
1620	-726.123	-898.8625	172.7395	1.497935
1626	-731.4658	-904.4259	172.9601	1.327089
1632	-731.0107	-904.1218	173.1111	1.202155
1638	-727.3711	-899.8423	172.4712	1.693419
1644	-720.7899	-893.2223	172.4324	1.720836
1650	-722.1404	-894.9665	172.8261	1.432223
1656	-712.1615	-885.2299	173.0684	1.238299
1662	-717.6281	-890.7697	173.1417	1.175777
1668	-719.0866	-891.93	172.8434	1.418906
1674	-737.8994	-910.6765	172.7772	1.469528
1680	-736.6727	-909.4498	172.7772	1.469528
1686	-745.5298	-918.4608	172.931	1.350275
1692	-736.8289	-909.7114	172.8825	1.38849
1698	-735.9109	-908.2556	172.3447	1.782192
1704	-731.0162	-903.7271	172.7109	1.519322
1710	-721.9987	-894.8617	172.863	1.403672
1716	-749.5374	-922.6324	173.095	1.215876
1722	-734.8388	-907.5524	172.7136	1.51731
1728	-727.913	-900.6802	172.7672	1.477083
1734	-730.102	-903.0867	172.9847	1.307267
1740	-722.915	-895.9981	173.083	1.226003
1746	-724.8766	-897.5564	172.6798	1.542412
1752	-721.0021	-893.6849	172.6828	1.540169
1758	-726.4152	-899.0587	172.6435	1.569163
1764	-745.3525	-918.2997	172.9472	1.337403
1770	-736.6018	-909.4447	172.8429	1.419229
1776	-729.0943	-901.9615	172.8673	1.400366
1782	-750.7345	-923.6434	172.9089	1.367809
1788	-734.9992	-907.9081	172.9089	1.367809
1794	-718.4214	-891.176	172.7546	1.486566
1800	-734.7278	-907.6375	172.9097	1.367194
1806	-724.0441	-896.6753	172.6311	1.578213
1812	-747.1852	-919.4495	172.2643	1.837785
1818	-738.5456	-911.1753	172.6297	1.579276
1824	-731.9175	-904.5297	172.6121	1.592096
1830	-739.7389	-912.6625	172.9236	1.356178
1836	-732.5932	-905.5168	172.9236	1.356178
1842	-721.9282	-894.9923	173.0641	1.241924
1848	-729.9365	-903.0345	173.098	1.21332
1854	-743.4996	-916.2876	172.7879	1.46135
1860	-733.6516	-906.4396	172.7879	1.46135
1866	-728.7583	-901.4928	172.7345	1.501684
1872	-736.9219	-909.9977	173.0758	1.232064
1878	-724.9989	-898.0748	173.0758	1.232064
1884	-718.287	-891.3399	173.0529	1.251296
1890	-722.9128	-895.9394	173.0266	1.273035
1896	-726.5725	-899.262	172.6895	1.535222
1902	-728.1017	-900.856	172.7543	1.486776
1908	-717.2805	-889.8768	172.5963	1.603614
1914	-726.2011	-899.1145	172.9134	1.364255
1920	-728.1753	-901.1528	172.9775	1.313061
1926	-723.9853	-896.7553	172.7699	1.475012
1932	-712.7811	-885.5784	172.7974	1.45419
1938	-721.9564	-894.5534	172.597	1.603128
1944	-726.6452	-899.3771	172.7319	1.503615
1950	-730.377	-903.2243	172.8473	1.415857
1956	-738.5069	-911.0814	172.5745	1.619457
1962	-735.1144	-908.0957	172.9813	1.310024
1968	-742.1248	-914.8693	172.7446	1.494126
1974	-744.9073	-918.0103	173.103	1.209069
1980	-726.6864	-899.7004	173.014	1.283359
1986	-732.1635	-904.96	172.7965	1.454865
1992	-737.6357	-910.5411	172.9055	1.370495
1998	-738.988	-911.6155	172.6275	1.580886
2004	-732.3597	-905.0881	172.7285	1.506215
2010	-718.587	-891.4012	172.8142	1.441297
2016	-717.7409	-890.5551	172.8142	1.441297
2022	-721.4594	-894.2653	172.8059	1.447688
2028	-724.8404	-897.4419	172.6015	1.59983
2034	-715.3864	-888.3305	172.9442	1.339827
2040	-723.0509	-895.309	172.2581	1.842025
2046	-726.2631	-899.0459	172.7828	1.465292
2052	-713.5168	-886.1664	172.6496	1.564674
2058	-716.4292	-889.2377	172.8084	1.445743
2064	-733.5948	-906.3041	172.7094	1.52047
2070	-721.7802	-894.4955	172.7153	1.516047
2076	-717.8032	-890.2203	172.417	1.73166
2082	-721.0846	-893.5412	172.4566	1.70379
2088	-725.9337	-898.5992	172.6655	1.552966
2094	-727.489	-899.9641	172.4751	1.690645
2100	-720.6702	-893.3932	172.723	1.510264
2106	-734.08	-906.7712	172.6912	1.533986
2112	-737.6742	-910.5981	172.9239	1.355925
2118	-731.6295	-904.7845	173.155	1.164105
2124	-721.2189	-893.7331	172.5142	1.662774
2130	-731.2314	-903.9214	172.69	1.53483
2136	-726.9839	-900.0899	173.106	1.206471
2142	-729.2621	-902.1737	172.9116	1.365652
2148	-716.8089	-889.5413	172.7324	1.503236
2154	-729.3656	-902.1168	172.7511	1.489183
2160	-728.4742	-901.0703	172.5962	1.60373
2166	-742.5746	-915.5774	173.0028	1.292538
2172	-718.5627	-891.3601	172.7974	1.454143
2178	-727.1653	-900.0247	172.8594	1.406498
2184	-733.1544	-905.9692	172.8148	1.440834
2190	-732.5367	-905.4243	172.8877	1.38446
2196	-721.9242	-894.8598	172.9356	1.346664
2202	-726.4785	-899.3493	172.8708	1.397618
2208	-724.2525	-897.1233	172.8708	1.397618
2214	-734.9619	-907.3818	172.4199	1.729665
2220	-728.9344	-902.0302	173.0958	1.215196
2226	-726.4435	-899.6466	173.2031	1.121361
2232	-730.2275	-903.049	172.8215	1.435715
2238	-743.3377	-916.1747	172.8369	1.42386
2244	-723.5936	-896.5438	172.9501	1.335054
2250	-733.9224	-906.8441	172.9217	1.35767
2256	-737.1923	-909.6112	172.4189	1.73037
2262	-735.7899	-908.3506	172.5608	1.629349
2268	-736.4883	-909.0366	172.5483	1.638328
2274	-723.0667	-896.0928	173.026	1.273504
2280	-711.1612	-884.1428	172.9816	1.309772
2286	-722.6817	-895.5872	172.9055	1.370459
2292	-740.5109	-913.0399	172.529	1.652183
2298	-732.7216	-905.2506	172.529	1.652183
2304	-735.2689	-907.8038	172.5349	1.647929
2310	-735.3472	-908.1391	172.7919	1.458358
2316	-731.1516	-904.2293	173.0777	1.230518
2322	-728.9332	-901.6986	172.7655	1.47837
2328	-735.8989	-908.7304	172.8315	1.428015
2334	-724.0979	-896.8536	172.7557	1.485737
2340	-735.1487	-907.8224	172.6737	1.546903
2346	-736.8881	-909.4545	172.5664	1.625257
2352	-727.2362	-900.1321	172.8959	1.377986
2358	-729.3114	-902.1256	172.8142	1.441314
2364	-722.6901	-895.6367	172.9466	1.337875
2370	-728.699	-901.4791	172.7801	1.467295
2376	-720.9568	-893.9523	172.9956	1.298444
2382	-716.203	-889.2123	173.0093	1.287212
2388	-726.3384	-898.8553	172.5169	1.660861
2394	-725.1482	-897.8077	172.6595	1.557385
2400	-728.2076	-901.3809	173.1733	1.147991
2406	-710.3165	-883.1863	172.8698	1.398377
2412	-720.9997	-893.4925	172.4928	1.678068
2418	-710.5521	-883.4475	172.8954	1.378421
2424	-714.9856	-887.8679	172.8823	1.388686
2430	-725.8446	-898.4832	172.6385	1.57281
2436	-745.3373	-917.8309	172.4936	1.677514
2442	-725.3031	-897.818	172.515	1.662244
2448	-714.2985	-887.3402	173.0417	1.260606
2454	-728.8466	-901.8445	172.9979	1.296546
2460	-720.9313	-893.3709	172.4396	1.715743
2466	-715.2053	-888.1503	172.9451	1.339113
2472	-720.4448	-892.9794	172.5346	1.648177
2478	-722.7131	-895.6721	172.959	1.327986
2484	-725.191	-898.1328	172.9418	1.341722
2490	-725.1567	-898.0854	172.9287	1.352136
2496	-720.649	-893.6132	172.9641	1.323834
2502	-712.3249	-885.289	172.9641	1.323834
2508	-713.2452	-885.8527	172.6075	1.595445
2514	-717.5061	-890.3029	172.7968	1.454644
2520	-722.5289	-895.4613	172.9324	1.349172
2526	-724.1055	-897.0379	172.9324	1.349172
2532	-734.4959	-907.6491	173.1532	1.165699
2538	-723.2838	-896.1492	172.8655	1.40177
2544	-721.7438	-894.5685	172.8247	1.43328
2550	-717.9237	-890.5729	172.6492	1.564972
2556	-718.7338	-891.4552	172.7213	1.511529
2562	-718.0286	-890.9682	172.9396	1.34347
2568	-712.9492	-885.6395	172.6903	1.53465
2574	-728.6307	-901.6958	173.0651	1.241085
2580	-733.9508	-906.1265	172.1757	1.898258
2586	-737.0911	-910.0452	172.9542	1.331842
2592	-735.6651	-908.3553	172.6903	1.53467
2598	-727.5588	-900.6212	173.0623	1.24339
2604	-732.6233	-904.9967	172.3734	1.762255
2610	-729.72	-902.6345	172.9145	1.36337
2616	-728.6251	-901.0939	172.4688	1.695108
2622	-729.3959	-901.8613	172.4654	1.69753
2628	-736.2876	-908.753	172.4654	1.69753
2634	-721.7027	-894.8571	173.1544	1.164683
2640	-725.5794	-898.2839	172.7045	1.524088
2646	-724.3863	-897.4254	173.0391	1.262703
2652	-720.2707	-893.005	172.7343	1.501805
2658	-737.4582	-910.2789	172.8207	1.436377
2664	-715.2066	-887.9595	172.7529	1.487889
2670	-712.2965	-885.0494	172.7529	1.487889
2676	-725.4433	-898.0768	172.6335	1.576501
2682	-724.1845	-896.7586	172.5741	1.619727
2688	-713.7036	-886.6854	172.9818	1.309607
2694	-725.4204	-897.9319	172.5116	1.664673
2700	-720.0036	-892.9498	172.9462	1.338245
2706	-717.8478	-890.5056	172.6578	1.55865
2712	-730.964	-904.088	173.124	1.191054
2718	-726.899	-899.7143	172.8153	1.440489
2724	-724.8256	-897.6145	172.7889	1.460641
2730	-733.7557	-906.5454	172.7898	1.459976
2736	-714.245	-887.406	173.161	1.15885
2742	-713.633	-886.635	173.002	1.293214
2748	-734.6821	-907.6841	173.002	1.293214
2754	-728.9812	-901.9535	172.9723	1.317289
2760	-725.1767	-898.0789	172.9021	1.373127
2766	-718.5828	-891.4172	172.8344	1.425831
2772	-725.6388	-898.4732	172.8344	1.425831
2778	-732.345	-905.1768	172.8318	1.427817
2784	-732.1914	-904.9315	172.7401	1.497522
2790	-730.1837	-903.2922	173.1085	1.204402
2796	-742.1761	-914.9866	172.8104	1.444192
2802	-740.6585	-913.2024	172.5439	1.641466
2808	-733.5585	-906.2371	172.6787	1.543256
2814	-731.5855	-904.3927	172.8072	1.446692
2820	-726.5121	-899.1086	172.5964	1.603539
2826	-726.2247	-898.9021	172.6774	1.544197
2832	-721.9692	-894.5078	172.5386	1.645318
2838	-722.0822	-894.9267	172.8446	1.417982
2844	-718.6341	-891.6066	172.9725	1.317092
2850	-728.127	-900.9372	172.8102	1.444399
2856	-744.7859	-917.7824	172.9965	1.297689
2862	-728.0659	-901.0088	172.9429	1.340816
2868	-723.4782	-896.2347	172.7565	1.485148
2874	-734.9305	-907.664	172.7336	1.502379
2880	-728.0239	-900.7755	172.7517	1.488774
2886	-720.3438	-892.9508	172.6071	1.595801
2892	-711.6083	-884.2741	172.6657	1.552798
2898	-716.8981	-889.8027	172.9046	1.371172
2904	-714.8046	-887.5698	172.7653	1.478529
2910	-716.0183	-888.9757	172.9574	1.32925
2916	-730.062	-902.9781	172.916	1.362184
2922	-733.2971	-906.0486	172.7514	1.488967
2928	-734.9639	-907.9437	172.9799	1.31116
2934	-747.3744	-919.9695	172.5951	1.6045
2940	-734.4156	-907.2935	172.8779	1.392075
2946	-730.2687	-903.1252	172.8565	1.408718
2952	-727.7777	-900.7718	172.994	1.299702
2958	-732.3425	-905.0555	172.713	1.51777
2964	-723.1267	-896.0206	172.8939	1.379555
2970	-738.7733	-911.5937	172.8205	1.436527
2976	-731.0578	-904.1075	173.0497	1.253951
2982	-729.46	-901.9991	172.5392	1.644885
2988	-722.9811	-895.812	172.8308	1.428549
2994	-719.3631	-892.1528	172.7897	1.460029
3000	-726.5234	-899.3131	172.7897	1.460029
3006	-721.8208	-894.6104	172.7897	1.460029
3012	-731.6167	-904.3405	172.7238	1.509685
3018	-729.5359	-902.2651	172.7292	1.505684
3024	-720.3984	-893.323	172.9245	1.355428
3030	-720.1733	-893.043	172.8697	1.398506
3036	-717.8988	-890.8199	172.921	1.358216
3042	-714.9731	-887.7965	172.8235	1.434219
3048	-718.1148	-890.942	172.8271	1.431396
3054	-725.692	-898.461	172.7689	1.475768
3060	-721.8247	-894.4453	172.6206	1.585926
3066	-729.9799	-902.7348	172.7549	1.486344
3072	-722.1654	-894.7915	172.6261	1.581907
3078	-717.2436	-890.1194	172.8758	1.393699
3084	-722.2376	-895.1134	172.8758	1.393699
3090	-721.6068	-894.5374	172.9306	1.350607
3096	-719.0853	-892.0675	172.9822	1.309248
3102	-726.77	-899.56	172.7899	1.459856
3108	-733.3249	-906.0539	172.729	1.505784
3114	-730.0361	-903.0941	173.0579	1.247069
3120	-716.6494	-889.5833	172.9339	1.347981
3126	-735.7821	-908.8187	173.0367	1.264747
3132	-725.2089	-898.1242	172.9154	1.362695
3138	-726.6981	-899.3824	172.6842	1.539127
3144	-725.8853	-898.9767	173.0913	1.21897
3150	-740.8551	-913.3435	172.4884	1.681222
3156	-735.1864	-908.1348	172.9484	1.336455
3162	-741.5483	-914.5561	173.0078	1.288497
3168	-737.0771	-909.6127	172.5356	1.647474
3174	-739.2348	-912.178	172.9432	1.340577
3180	-732.9161	-905.6388	172.7227	1.510498
3186	-723.0794	-896.0541	172.9747	1.315306
3192	-707.6543	-880.5238	172.8696	1.398592
3198	-726.4909	-899.5728	173.0819	1.226954
3204	-720.0995	-893.0265	172.9271	1.353421
3210	-726.8043	-899.3785	172.5742	1.619612
3216	-723.0727	-896.1092	173.0365	1.264889
3222	-723.9697	-896.8039	172.8342	1.425942
3228	-726.029	-898.8939	172.8649	1.402224
3234	-724.5431	-897.4049	172.8617	1.404674
3240	-725.3102	-898.1012	172.791	1.45902
3246	-728.1818	-900.9728	172.791	1.45902
3252	-733.2841	-906.0752	172.791	1.45902
3258	-717.3229	-890.2199	172.8971	1.377109
3264	-739.588	-912.186	172.598	1.60242
3270	-735.6755	-908.7514	173.0759	1.232021
3276	-736.8939	-909.7439	172.85	1.413781
3282	-724.6904	-897.3804	172.69	1.534889
3288	-730.0126	-902.6715	172.6589	1.557848
3294	-730.7254	-903.5028	172.7774	1.469331
3300	-734.9749	-907.7879	172.813	1.442259
3306	-732.6843	-905.4017	172.7174	1.514506
3312	-729.9316	-902.8302	172.8986	1.375897
3318	-730.572	-903.3208	172.7488	1.490933
3324	-720.1095	-893.0491	172.9396	1.343499
3330	-723.2628	-896.155	172.8922	1.380925
3336	-743.901	-916.88	172.9791	1.311813
3342	-735.0735	-907.5583	172.4848	1.68376
3348	-739.3647	-912.2166	172.8519	1.412269
3354	-725.9139	-898.6859	172.7719	1.473489
3360	-733.3902	-906.0688	172.6786	1.543306
3366	-725.666	-898.0546	172.3886	1.751626
3372	-731.159	-904.1022	172.9432	1.340588
3378	-738.0665	-911.0125	172.946	1.338358
3384	-733.3189	-905.9233	172.6044	1.597703
3390	-726.6693	-899.2738	172.6044	1.597703
3396	-727.4777	-900.2419	172.7643	1.479291
3402	-728.395	-901.4379	173.0429	1.259583
3408	-735.4859	-908.4228	172.9369	1.345644
3414	-741.8442	-914.5552	172.7111	1.519189
3420	-724.3509	-897.1035	172.7526	1.488071
3426	-723.9822	-896.7348	172.7526	1.488071
3432	-725.1814	-897.9852	172.8038	1.449238
3438	-721.1436	-893.8988	172.7552	1.486146
3444	-727.2012	-899.9193	172.7181	1.513947
3450	-727.5896	-900.1543	172.5647	1.626474
3456	-738.2241	-911.221	172.9969	1.29735
3462	-737.9381	-910.821	172.8829	1.388161
3468	-737.0964	-909.8904	172.794	1.456725
3474	-745.9902	-918.8265	172.8363	1.424359
3480	-746.309	-919.2321	172.9231	1.35656
3486	-728.8594	-901.328	172.4686	1.695252
3492	-732.563	-905.092	172.529	1.652206
3498	-722.765	-895.755	172.9901	1.3029
3504	-731.1464	-904.1365	172.9901	1.3029
3510	-726.3746	-899.4617	173.0871	1.222543
3516	-726.5945	-899.4685	172.8741	1.395084
3522	-728.3551	-901.1415	172.7864	1.462506
3528	-725.8449	-898.6313	172.7864	1.462506
3534	-724.3289	-897.0858	172.7569	1.484834
3540	-733.9826	-906.516	172.5333	1.649075
3546	-722.0152	-894.8176	172.8024	1.45036
3552	-728.7931	-901.8189	173.0258	1.273733
3558	-729.2876	-902.1219	172.8343	1.425908
3564	-725.8168	-898.8666	173.0498	1.253844
3570	-718.7571	-891.5419	172.7847	1.463787
3576	-715.5749	-888.3953	172.8203	1.436626
3582	-716.0869	-888.7218	172.6349	1.575451
3588	-726.1884	-898.9347	172.7463	1.492863
3594	-713.6549	-886.5772	172.9223	1.357188
3600	-716.9331	-889.5061	172.573	1.620527
3606	-727.4152	-900.4999	173.0847	1.224578
3612	-727.0912	-900.1614	173.0701	1.236857
3618	-730.9441	-903.8293	172.8852	1.386408
3624	-722.0646	-894.8842	172.8196	1.43718
3630	-732.1628	-905.0902	172.9275	1.353105
3636	-718.7326	-891.3871	172.6545	1.561063
3642	-719.0587	-891.9721	172.9135	1.364187
3648	-732.9635	-905.9512	172.9877	1.304863
3654	-727.0201	-899.8267	172.8066	1.447136
3660	-728.364	-901.2984	172.9343	1.347652
3666	-743.2876	-916.0835	172.7959	1.455286
3672	-730.8813	-903.5674	172.686	1.537808
3678	-736.1608	-909.1351	172.9743	1.315635
3684	-724.9161	-897.5969	172.6807	1.541716
3690	-735.3252	-907.9916	172.6664	1.552287
3696	-732.4551	-905.2884	172.8333	1.426682
3702	-725.8575	-898.4794	172.6219	1.584969
3708	-728.889	-901.6362	172.7473	1.49209
3714	-722.7801	-895.6311	172.851	1.413
3720	-732.6628	-905.5641	172.9014	1.37372
3726	-733.6745	-906.1863	172.5118	1.664506
3732	-731.7931	-904.5784	172.7853	1.463344
3738	-740.2893	-913.1519	172.8626	1.404041
3744	-727.6403	-900.4692	172.829	1.429999
3750	-717.4983	-890.2596	172.7613	1.481532
3756	-730.8092	-903.4305	172.6213	1.585408
3762	-740.1325	-912.6252	172.4926	1.678169
3768	-735.3206	-907.8133	172.4926	1.678169
3774	-734.4782	-906.9631	172.4848	1.683745
3780	-737.4715	-910.0935	172.622	1.584918
3786	-742.8991	-915.9821	173.0831	1.225982
3792	-729.6379	-902.2538	172.6159	1.58932
3798	-731.9529	-904.7224	172.7696	1.475285
3804	-723.287	-896.0566	172.7696	1.475285
3810	-724.3638	-896.9124	172.5486	1.638106
3816	-719.5082	-892.3387	172.8305	1.428782
3822	-734.893	-907.4171	172.5241	1.655695
3828	-734.2899	-907.0247	172.7348	1.501443
3834	-721.9249	-894.8488	172.924	1.355885
3840	-720.9085	-893.6482	172.7397	1.497777
3846	-715.5267	-888.2664	172.7397	1.497777
3852	-718.3827	-891.1224	172.7397	1.497777
3858	-728.6503	-901.24	172.5897	1.608381
3864	-729.1997	-902.1263	172.9266	1.353798
3870	-733.1584	-905.9026	172.7442	1.494383
3876	-727.9306	-900.7401	172.8095	1.444922
3882	-722.4039	-895.3365	172.9326	1.34905
3888	-718.342	-891.1822	172.8402	1.421313
3894	-716.8167	-889.7065	172.8898	1.38278
3900	-729.1273	-901.4228	172.2955	1.816299
3906	-727.5733	-900.2842	172.7109	1.519306
3912	-730.9807	-903.8317	172.851	1.413036
3918	-726.7783	-899.538	172.7597	1.482732
3924	-731.5226	-904.3603	172.8377	1.423294
3930	-732.1587	-905.0446	172.8859	1.385813
3936	-714.9511	-887.8177	172.8665	1.400953
3942	-721.8487	-894.7153	172.8665	1.400953
3948	-727.3423	-900.2962	172.9539	1.332014
3954	-724.8282	-897.7367	172.9085	1.3681
3960	-743.1872	-915.9812	172.794	1.456732
3966	-741.6077	-914.5891	172.9815	1.309855
3972	-730.1884	-903.2607	173.0724	1.235
3978	-728.9259	-901.8176	172.8917	1.381295
3984	-726.393	-899.0022	172.6092	1.594265
3990	-721.253	-893.7877	172.5347	1.648135
3996	-724.3334	-897.375	173.0416	1.260648
4002	-733.4314	-906.4412	173.0098	1.286868
4008	-727.1761	-900.0463	172.8702	1.398087
4014	-739.1105	-912.2701	173.1596	1.160106
4020	-734.6812	-907.7126	173.0313	1.269134
4026	-726.2857	-899.0917	172.806	1.447589
4032	-732.5058	-905.2919	172.7861	1.462749
4038	-738.6707	-911.4932	172.8224	1.435009
4044	-730.6407	-903.4631	172.8224	1.435009
4050	-725.992	-898.8145	172.8224	1.435009
4056	-729.0027	-901.8251	172.8224	1.435009
4062	-738.691	-911.3073	172.6164	1.589019
4068	-726.6937	-899.3042	172.6104	1.593357
4074	-737.2246	-910.2402	173.0157	1.282032
4080	-729.5669	-902.471	172.9041	1.371599
4086	-721.977	-894.8068	172.8298	1.42938
4092	-736.6571	-909.2943	172.6372	1.573759
4098	-738.5957	-911.233	172.6372	1.573759
4104	-743.5156	-916.3834	172.8678	1.399997
4110	-731.0368	-903.9124	172.8756	1.393875
4116	-726.193	-899.1649	172.9719	1.317561
4122	-732.8367	-905.7417	172.905	1.370889
4128	-721.6237	-894.2818	172.658	1.558471
4134	-726.0921	-898.9387	172.8466	1.4164
4140	-722.2543	-895.1637	172.9094	1.367378
4146	-720.4541	-892.7759	172.3217	1.798157
4152	-725.5562	-898.6087	173.0525	1.251609
4158	-724.953	-898.1587	173.2057	1.119017
4164	-719.2755	-891.9075	172.632	1.577596
4170	-727.7272	-900.5338	172.8066	1.447128
4176	-731.0811	-903.7041	172.623	1.584202
4182	-721.3245	-894.1025	172.778	1.468892
4188	-722.0703	-894.8821	172.8118	1.443145
4194	-725.3592	-898.2533	172.8941	1.379405
4200	-721.3712	-894.2811	172.91	1.366955
4206	-732.2134	-905.1834	172.97	1.319087
4212	-743.0722	-915.9053	172.8331	1.426841
4218	-743.5646	-916.7984	173.2338	1.09339
4224	-741.3981	-914.0462	172.6481	1.565817
4230	-728.3897	-900.9111	172.5214	1.657611
4236	-729.0496	-902.0002	172.9506	1.334707
4242	-724.9292	-897.7502	172.8211	1.436069
4248	-714.4031	-887.1634	172.7602	1.482321
4254	-731.1775	-904.1928	173.0152	1.2824
4260	-719.8028	-892.4027	172.5999	1.601004
4266	-728.9371	-901.8112	172.8741	1.395064
4272	-726.6621	-899.7977	173.1356	1.181055
4278	-711.689	-884.7011	173.0121	1.284969
4284	-724.5697	-897.3715	172.8018	1.450791
4290	-734.778	-907.5458	172.7678	1.476625
4296	-724.2251	-896.9929	172.7678	1.476625
4302	-731.2954	-903.9955	172.7001	1.527392
4308	-729.5482	-902.2754	172.7272	1.507183
4314	-739.2686	-911.8937	172.6251	1.582621
4320	-725.5218	-898.2357	172.7139	1.517062
4326	-722.4421	-895.2839	172.8417	1.420168
4332	-725.4457	-898.4773	173.0316	1.268929
4338	-722.9557	-895.7012	172.7456	1.49336
4344	-728.3328	-901.3658	173.033	1.267798
4350	-724.8447	-897.7795	172.9348	1.347318
4356	-719.7199	-892.7027	172.9829	1.308726
4362	-714.3247	-886.83	172.5054	1.669094
4368	-715.3288	-887.8948	172.566	1.62554
4374	-726.1994	-899.2608	173.0613	1.244232
4380	-725.0719	-897.6414	172.5695	1.623054
4386	-727.7756	-900.7554	172.9798	1.31122
4392	-719.0487	-891.5108	172.4622	1.699826
4398	-726.5728	-899.4775	172.9046	1.37116
4404	-715.618	-888.5226	172.9046	1.37116
4410	-721.3252	-894.3097	172.9845	1.307417
4416	-724.8878	-898.0429	173.1551	1.16405
4422	-730.9869	-903.4548	172.4678	1.695824
4428	-729.5186	-902.231	172.7124	1.518169
4434	-736.3582	-909.0706	172.7124	1.518169
4440	-726.5164	-899.5589	173.0425	1.259911
4446	-725.0712	-897.9725	172.9013	1.373765
4452	-724.0036	-896.9299	172.9263	1.354002
4458	-725.3891	-898.4038	173.0147	1.282798
4464	-723.0232	-895.7035	172.6802	1.542096
4470	-723.1812	-896.2366	173.0554	1.249181
4476	-726.0841	-898.7223	172.6381	1.573108
4482	-726.2715	-899.4643	173.1928	1.130594
4488	-732.5364	-905.6059	173.0695	1.237405
4494	-732.4242	-904.9481	172.5239	1.655846
4500	-739.6428	-912.4162	172.7734	1.472399
4506	-733.083	-905.8332	172.7501	1.489937
4512	-728.5621	-901.4253	172.8632	1.40355
4518	-725.4772	-898.3937	172.9165	1.361796
4524	-712.3372	-885.363	173.0258	1.273705
4530	-718.2378	-891.1854	172.9476	1.337081
4536	-721.7939	-894.2087	172.4148	1.733225
4542	-723.9785	-896.6982	172.7197	1.512767
4548	-724.6376	-897.3689	172.7313	1.50409
4554	-715.3742	-888.6031	173.2289	1.097888
4560	-715.6011	-888.2626	172.6614	1.555971
4566	-720.3094	-893.228	172.9186	1.360153
4572	-724.7137	-897.2131	172.4994	1.673361
4578	-719.8904	-892.7205	172.8301	1.429146
4584	-715.5806	-888.4668	172.8862	1.385587
4590	-732.4706	-905.3032	172.8326	1.427226
4596	-726.0062	-898.7897	172.7835	1.464724
4602	-720.097	-893.0597	172.9627	1.324965
4608	-724.8744	-897.7046	172.8302	1.429042
4614	-728.3139	-900.861	172.5472	1.639153
4620	-724.7663	-897.3135	172.5472	1.639153
4626	-726.0816	-898.8504	172.7687	1.475915
4632	-730.0888	-902.8082	172.7194	1.512968
4638	-724.3299	-897.259	172.9291	1.351802
4644	-735.6356	-908.6089	172.9732	1.31651
4650	-726.7036	-899.5228	172.8192	1.43747
4656	-734.2733	-907.0423	172.7689	1.475772
4662	-718.7497	-891.5271	172.7774	1.469351
4668	-718.6958	-891.4471	172.7513	1.489102
4674	-740.4001	-912.8578	172.4577	1.702979
4680	-711.6238	-884.5849	172.9611	1.326256
4686	-715.2573	-888.3142	173.0568	1.24798
4692	-711.9804	-884.798	172.8176	1.438684
4698	-723.1627	-895.8902	172.7275	1.506938
4704	-726.4771	-899.4367	172.9596	1.327504
4710	-725.2253	-898.1134	172.8881	1.384135
4716	-720.5784	-893.4665	172.8881	1.384135
4722	-712.3444	-885.3577	173.0133	1.283968
4728	-714.9349	-887.9444	173.0096	1.287027
4734	-716.6958	-889.456	172.7602	1.482378
4740	-716.0942	-888.8543	172.7602	1.482378
4746	-714.7551	-887.6102	172.8551	1.409788
4752	-719.2009	-892.0097	172.8088	1.445416
4758	-713.0841	-885.959	172.875	1.394381
4764	-716.7155	-889.8501	173.1345	1.181972
4770	-728.5141	-901.5047	172.9906	1.302463
4776	-714.0322	-887.0413	173.0091	1.287424
4782	-725.093	-897.9874	172.8944	1.379196
4788	-722.833	-895.9477	173.1147	1.199101
4794	-728.1862	-901.2094	173.0232	1.275858
4800	-730.8276	-903.4859	172.6583	1.558291
4806	-724.545	-897.2033	172.6583	1.558291
4812	-734.333	-907.3317	172.9987	1.295891
4818	-733.8249	-906.5705	172.7456	1.493372
4824	-726.2216	-899.0999	172.8783	1.391813
4830	-727.1062	-899.9701	172.8639	1.402982
4836	-730.0603	-902.908	172.8477	1.415573
4842	-732.6221	-905.7046	173.0825	1.226417
4848	-736.5541	-909.2706	172.7165	1.515154
4854	-720.538	-893.4215	172.8835	1.387687
4860	-733.5075	-906.4551	172.9476	1.337064
4866	-732.484	-905.2021	172.7181	1.51399
4872	-733.5712	-906.1168	172.5456	1.640251
4878	-727.6244	-900.4801	172.8557	1.409364
4884	-721.0747	-893.8901	172.8155	1.440362
4890	-723.671	-896.5431	172.8721	1.396594
4896	-729.2426	-901.8906	172.6481	1.565811
4902	-723.9106	-896.7061	172.7955	1.455637
4908	-731.0509	-903.9917	172.9408	1.342497
4914	-737.2527	-910.0184	172.7657	1.478241
4920	-733.4422	-906.2479	172.8057	1.447806
4926	-728.1316	-900.9374	172.8057	1.447806
4932	-729.9065	-902.5092	172.6027	1.598971
4938	-716.3503	-889.3549	173.0046	1.291084
4944	-718.5651	-891.3705	172.8054	1.448056
4950	-713.5089	-886.2492	172.7404	1.497297
4956	-713.4111	-886.2794	172.8683	1.399567
4962	-733.8125	-906.6383	172.8258	1.432451
4968	-737.3226	-909.6861	172.3635	1.769136
4974	-738.1833	-911.2024	173.0191	1.279242
4980	-726.9312	-899.4694	172.5382	1.645616
4986	-727.1493	-899.9023	172.7529	1.487826
4992	-722.364	-895.0679	172.704	1.524485
4998	-724.5629	-897.3038	172.7408	1.496924
5004	-724.3146	-897.0445	172.7299	1.505141
5010	-727.784	-900.6192	172.8352	1.425172
5016	-711.7503	-884.5488	172.7984	1.453369
5022	-711.8324	-884.6349	172.8025	1.450269
5028	-719.0982	-891.9007	172.8025	1.450269
5034	-730.1983	-902.5682	172.3699	1.76469
5040	-728.8757	-901.7473	172.8717	1.396968
5046	-731.9295	-904.3799	172.4504	1.708133
5052	-724.0256	-896.7316	172.706	1.522974
5058	-724.7339	-897.7409	173.007	1.2891
5064	-734.2856	-907.2367	172.951	1.334343
5070	-721.9998	-895.285	173.2852	1.045065
5076	-716.8452	-889.3284	172.4832	1.684885
5082	-724.0496	-896.7727	172.7231	1.510235
5088	-721.3158	-894.1369	172.8211	1.436007
5094	-712.4514	-885.3448	172.8934	1.379948
5100	-722.9833	-895.5285	172.5451	1.640599
5106	-723.883	-896.6329	172.7499	1.49012
5112	-718.1803	-891.1359	172.9556	1.330689
5118	-729.039	-902.2301	173.1911	1.132187
5124	-715.7764	-888.7352	172.9588	1.328161
5130	-723.8668	-896.5238	172.657	1.559217
5136	-722.9494	-895.7597	172.8102	1.44438
5142	-719.9901	-892.5694	172.5793	1.615932
5148	-718.5001	-891.1758	172.6757	1.545451
5154	-719.6474	-892.605	172.9576	1.329074
5160	-722.0483	-894.6414	172.5931	1.605954
5166	-720.7186	-893.0525	172.3339	1.789695
5172	-716.3244	-889.1414	172.817	1.439194
5178	-734.7705	-907.2893	172.5188	1.659495
5184	-723.8378	-896.4341	172.5962	1.603671
5190	-720.1987	-893.0172	172.8186	1.437979
5196	-725.3006	-897.9932	172.6925	1.532976
5202	-724.6847	-897.1477	172.463	1.699232
5208	-720.7865	-893.8637	173.0772	1.230902
5214	-724.3593	-897.1464	172.7871	1.461971
5220	-721.0061	-893.7937	172.7876	1.461637
5226	-726.7157	-899.5632	172.8475	1.415669
5232	-722.4132	-895.2081	172.7949	1.456054
5238	-728.4112	-901.5183	173.1071	1.205537
5244	-728.2624	-900.9822	172.7198	1.512709
5250	-723.6216	-896.7	173.0783	1.229968
5256	-721.416	-893.8563	172.4403	1.715267
5262	-719.6803	-892.2441	172.5638	1.627149
5268	-721.9708	-894.9685	172.9978	1.296656
5274	-736.5523	-909.5062	172.9539	1.332078
5280	-726.0769	-899.2735	173.1966	1.127215
5286	-732.1567	-904.8588	172.7021	1.525888
5292	-739.6212	-912.6068	172.9856	1.306533
5298	-736.9157	-909.7609	172.8452	1.417475
5304	-734.8632	-907.6902	172.827	1.43149
5310	-727.6837	-900.2627	172.5789	1.616219
5316	-719.6981	-892.298	172.5999	1.600992
5322	-723.0388	-895.7411	172.7023	1.525763
5328	-730.1454	-902.785	172.6396	1.572047
5334	-726.344	-898.7219	172.3779	1.759068
5340	-729.3207	-901.8335	172.5129	1.66375
5346	-724.9462	-897.9636	173.0175	1.280532
5352	-727.289	-900.3693	173.0803	1.2283
5358	-732.1109	-905.0044	172.8935	1.379922
5364	-732.7047	-905.5572	172.8525	1.411838
5370	-742.7288	-915.5083	172.7795	1.467777
5376	-730.2175	-903.0099	172.7923	1.458026
5382	-725.3857	-898.0271	172.6413	1.570747
5388	-718.5742	-891.6218	173.0475	1.255737
5394	-720.079	-893.0994	173.0204	1.278181
5400	-721.0961	-893.67	172.5739	1.619854
5406	-719.745	-892.5752	172.8302	1.429032
5412	-726.0012	-898.6433	172.642	1.57026
5418	-728.9521	-901.9336	172.9814	1.309923
5424	-727.7634	-900.2941	172.5308	1.650921
5430	-734.0064	-906.6092	172.6027	1.598958
5436	-735.7565	-908.3592	172.6027	1.598958
5442	-749.2158	-921.9808	172.7651	1.478687
5448	-738.6195	-911.4668	172.8473	1.415831
5454	-727.6048	-900.4666	172.8618	1.404635
5460	-720.9582	-893.5751	172.6169	1.588631
5466	-735.6718	-908.1686	172.4968	1.675212
5472	-726.5965	-899.6142	173.0177	1.280385
5478	-721.5756	-894.5183	172.9426	1.341046
5484	-713.737	-886.6212	172.8842	1.387173
5490	-722.6165	-895.6157	172.9992	1.295458
5496	-724.4188	-897.2757	172.8569	1.40843
5502	-724.5299	-897.5217	172.9918	1.301504
5508	-725.1997	-897.7359	172.5362	1.647048
5514	-715.9857	-888.8276	172.8419	1.420041
5520	-723.1977	-896.2736	173.0759	1.232004
5526	-724.4106	-897.217	172.8064	1.447281
5532	-732.0912	-904.8976	172.8064	1.447281
5538	-718.8474	-891.7441	172.8967	1.377397
5544	-713.0509	-885.9476	172.8967	1.377397
5550	-725.8427	-898.4496	172.6069	1.595896
5556	-714.0702	-887.0854	173.0152	1.282387
5562	-714.38	-887.4786	173.0986	1.212773
5568	-718.7409	-891.9209	173.18	1.142063
5574	-734.6437	-907.5841	172.9404	1.342815
5580	-737.0002	-909.5484	172.5481	1.63844
5586	-732.3489	-905.4246	173.0757	1.232221
5592	-734.6921	-907.6069	172.9149	1.363082
5598	-728.066	-900.9916	172.9256	1.354607
5604	-729.3627	-902.3332	172.9705	1.318733
5610	-731.9779	-904.7122	172.7342	1.501906
5616	-726.0423	-898.5768	172.5345	1.648272
5622	-720.742	-893.8551	173.113	1.200511
5628	-717.5667	-890.2997	172.733	1.502816
5634	-724.9939	-897.858	172.8641	1.402843
5640	-721.3154	-893.7497	172.4344	1.719456
5646	-720.8764	-893.6757	172.7993	1.45268
5652	-732.9882	-905.8793	172.8911	1.381796
5658	-717.1919	-889.9978	172.8059	1.447679
5664	-724.0392	-896.9885	172.9493	1.335697
5670	-731.4004	-904.5829	173.1825	1.139794
5676	-728.0978	-900.8504	172.7526	1.488077
5682	-740.9664	-913.719	172.7526	1.488077
5688	-738.081	-910.5877	172.5067	1.668147
5694	-745.6564	-918.4261	172.7696	1.475222
5700	-731.5343	-904.191	172.6567	1.559466
5706	-715.4305	-888.0007	172.5701	1.622577
5712	-724.5393	-897.0684	172.5291	1.652143
5718	-720.1836	-892.7127	172.5291	1.652143
5724	-732.9617	-905.572	172.6102	1.593483
5730	-737.5994	-910.4863	172.887	1.385025
5736	-729.6261	-902.3032	172.6771	1.544439
5742	-737.4339	-910.2516	172.8177	1.438649
5748	-728.3539	-901.2872	172.9333	1.348462
5754	-730.3759	-903.3092	172.9333	1.348462
5760	-720.6151	-893.6523	173.0371	1.264369
5766	-712.4826	-885.4846	173.002	1.293167
5772	-711.5267	-884.7401	173.2134	1.112029
5778	-721.726	-894.617	172.891	1.381893
5784	-729.4753	-902.4359	172.9606	1.326661
5790	-731.9153	-904.9389	173.0236	1.275523
5796	-719.3981	-892.2645	172.8664	1.401032
5802	-727.1818	-900.3882	173.2064	1.118401
5808	-716.2851	-889.0973	172.8122	1.442847
5814	-716.3992	-889.2274	172.8281	1.430643
5820	-708.8041	-881.6322	172.8281	1.430643
5826	-710.7365	-883.5779	172.8415	1.420365
5832	-717.5401	-890.292	172.7518	1.48866
5838	-722.8924	-895.4408	172.5484	1.638241
5844	-720.9603	-893.6157	172.6554	1.560429
5850	-717.9011	-890.8082	172.9071	1.369208
5856	-720.5714	-893.2629	172.6916	1.533696
5862	-728.9215	-902.1316	173.2101	1.115062
5868	-723.7068	-896.4251	172.7184	1.513753
5874	-726.8568	-899.6064	172.7497	1.490295
5880	-737.0347	-909.5687	172.5339	1.648647
5886	-741.9626	-914.889	172.9263	1.354021
5892	-730.7169	-903.7171	173.0002	1.294657
5898	-725.9134	-898.3726	172.4592	1.701911
5904	-734.0545	-906.9135	172.8591	1.406761
5910	-738.34	-911.2783	172.9383	1.344491
5916	-745.4776	-918.1468	172.6692	1.550267
5922	-732.445	-905.2429	172.7979	1.453805
5928	-733.9036	-906.7014	172.7979	1.453805
5934	-734.1261	-906.7961	172.67	1.549692
5940	-725.3848	-898.0635	172.6786	1.543279
5946	-725.3028	-898.5325	173.2297	1.09719
5952	-722.959	-895.6441	172.6851	1.538464
5958	-731.6391	-904.4563	172.8172	1.439048
5964	-721.7778	-894.4124	172.6346	1.575714
5970	-721.118	-893.7525	172.6346	1.575714
5976	-726.0212	-898.8489	172.8277	1.430972
5982	-737.0658	-909.6118	172.546	1.63997
5988	-740.4751	-913.3654	172.8903	1.382419
5994	-724.4822	-897.4678	172.9856	1.306507
6000	-723.9124	-896.5363	172.6239	1.583488
6006	-738.6695	-911.4369	172.7675	1.476879
6012	-738.3162	-911.0682	172.752	1.488574
6018	-726.6021	-899.3815	172.7793	1.467882
6024	-726.2218	-898.6458	172.4241	1.726716
6030	-723.9518	-896.3758	172.4241	1.726716
6036	-727.8632	-900.2721	172.4089	1.73741
6042	-716.2928	-889.4241	173.1313	1.184734
6048	-713.9398	-886.6551	172.7153	1.516025
6054	-713.8732	-886.5886	172.7153	1.516025
6060	-720.443	-893.4408	172.9978	1.296658
6066	-708.9646	-881.8494	172.8849	1.386661
6072	-706.5408	-879.2605	172.7197	1.51278
6078	-718.3992	-891.1189	172.7197	1.51278
6084	-720.2371	-893.1431	172.9059	1.370142
6090	-713.1503	-885.8138	172.6635	1.554452
6096	-724.6654	-897.8106	173.1452	1.172701
6102	-730.3345	-903.0565	172.7219	1.511089
6108	-727.3627	-899.8305	172.4677	1.695882
6114	-725.1562	-897.9853	172.8291	1.429881
6120	-731.0782	-904.0176	172.9394	1.34361
6126	-724.4928	-897.2798	172.7871	1.462027
6132	-726.4129	-899.0933	172.6804	1.541988
6138	-716.7691	-889.7547	172.9856	1.306509
6144	-733.2255	-906.1765	172.951	1.334356
6150	-713.5043	-886.4558	172.9515	1.333977
6156	-724.3036	-897.2551	172.9515	1.333977
6162	-725.8926	-898.6237	172.7311	1.50423
6168	-719.4743	-892.171	172.6966	1.529949
6174	-718.4669	-891.3656	172.8987	1.375843
6180	-724.7855	-897.8376	173.0521	1.251946
6186	-719.4692	-892.4184	172.9492	1.335837
6192	-716.8199	-889.5468	172.7269	1.507411
6198	-725.6696	-898.3532	172.6837	1.539544
6204	-723.8622	-897.048	173.1858	1.136922
6210	-717.4375	-890.3236	172.8861	1.385696
6216	-722.6343	-895.3756	172.7413	1.49656
6222	-726.0136	-898.7549	172.7413	1.49656
6228	-726.3885	-899.522	173.1335	1.182898
6234	-726.4361	-899.3913	172.9552	1.331019
6240	-724.862	-897.7012	172.8392	1.422145
6246	-723.2538	-896.1929	172.9392	1.343797
6252	-723.0174	-895.7536	172.7363	1.500356
6258	-718.3798	-891.0529	172.6732	1.547319
6264	-725.8244	-898.7897	172.9654	1.322857
6270	-731.5845	-904.5414	172.9569	1.329676
6276	-723.2684	-895.9495	172.6811	1.541463
6282	-730.5504	-903.298	172.7477	1.491807
6288	-735.9326	-908.4097	172.4771	1.689257
6294	-728.249	-901.3735	173.1245	1.190637
6300	-725.3015	-897.7691	172.4676	1.695966
6306	-711.4172	-884.3597	172.9425	1.341159
6312	-721.8848	-894.7497	172.8649	1.4022
6318	-713.9406	-886.5812	172.6406	1.571315
6324	-723.2069	-895.8474	172.6406	1.571315
6330	-732.0824	-904.7106	172.6283	1.580321
6336	-726.3612	-899.1353	172.7741	1.471863
6342	-730.2717	-902.985	172.7133	1.517514
6348	-720.7122	-893.6989	172.9866	1.305678
6354	-732.7935	-905.7858	172.9924	1.301053
6360	-726.1961	-899.0639	172.8678	1.399945
6366	-718.469	-891.3484	172.8794	1.390948
6372	-727.6925	-900.3178	172.6253	1.582494
6378	-718.7778	-891.4639	172.6862	1.537707
6384	-712.7394	-885.565	172.8256	1.432566
6390	-712.1736	-884.9992	172.8256	1.432566
6396	-716.4995	-889.4541	172.9546	1.331508
6402	-720.4016	-893.2866	172.885	1.386543
6408	-721.1471	-894.2687	173.1216	1.193131
6414	-716.6769	-889.6579	172.981	1.310226
6420	-716.2152	-889.1572	172.942	1.341563
6426	-732.5445	-905.329	172.7845	1.463943
6432	-720.4282	-893.492	173.0638	1.242166
6438	-720.9663	-893.7219	172.7555	1.485871
6444	-727.5043	-900.4428	172.9385	1.34432
6450	-737.9818	-911.0927	173.1109	1.202291
6456	-729.5458	-902.3032	172.7574	1.484435
6462	-731.9297	-904.9332	173.0035	1.291971
6468	-728.0574	-900.8602	172.8028	1.450043
6474	-726.4795	-899.3271	172.8476	1.415629
6480	-724.5692	-897.4168	172.8476	1.415629
6486	-721.5834	-894.431	172.8476	1.415629
6492	-722.4946	-895.2314	172.7368	1.499967
6498	-726.4638	-899.2322	172.7683	1.476204
6504	-721.8129	-894.1675	172.3546	1.775316
6510	-728.1669	-900.9535	172.7866	1.462362
6516	-723.9938	-897.1247	173.1309	1.185098
6522	-726.5943	-899.7485	173.1542	1.164822
6528	-721.8004	-894.2461	172.4457	1.711492
6534	-729.8173	-902.7419	172.9246	1.355354
6540	-728.483	-901.2102	172.7272	1.507148
6546	-725.855	-898.5504	172.6954	1.53087
6552	-738.653	-911.3867	172.7337	1.502282
6558	-724.2316	-896.9978	172.7662	1.477825
6564	-717.5147	-890.236	172.7214	1.511516
6570	-711.5117	-884.3984	172.8867	1.385227
6576	-743.8811	-915.9688	172.0877	1.95766
6582	-723.7886	-896.6564	172.8677	1.400024
6588	-725.9656	-898.8606	172.8949	1.378773
6594	-722.8096	-895.9736	173.164	1.156233
6600	-731.6392	-904.7633	173.1241	1.190939
6606	-716.5374	-889.3853	172.8479	1.415376
6612	-716.5019	-889.3757	172.8738	1.395261
6618	-720.8178	-893.6917	172.8738	1.395261
6624	-726.9598	-899.866	172.9062	1.369943
6630	-738.6626	-911.4422	172.7796	1.467656
6636	-737.0077	-909.5967	172.589	1.6089
6642	-744.845	-917.8448	172.9998	1.294982
6648	-725.7141	-898.4974	172.7833	1.464902
6654	-741.5753	-914.4663	172.891	1.381833
6660	-724.5703	-897.465	172.8948	1.378896
6666	-727.5365	-900.4519	172.9154	1.36263
6672	-719.3599	-892.1535	172.7936	1.45707
6678	-723.6198	-896.6165	172.9967	1.297482
6684	-722.3791	-895.1626	172.7835	1.464762
6690	-719.7311	-892.5145	172.7835	1.464762
6696	-728.6229	-901.5768	172.9539	1.332021
6702	-717.7559	-890.7091	172.9532	1.332601
6708	-721.5655	-894.5187	172.9532	1.332601
6714	-728.5964	-901.4988	172.9024	1.372877
6720	-723.283	-896.0224	172.7395	1.497972
6726	-735.4531	-908.3623	172.9092	1.367536
6732	-726.4551	-898.8928	172.4377	1.717122
6738	-727.1967	-900.3269	173.1302	1.185746
6744	-725.7782	-898.4479	172.6697	1.549853
6750	-716.2782	-889.454	173.1758	1.145807
6756	-722.8449	-896.0207	173.1758	1.145807
6762	-718.1732	-891.2819	173.1087	1.204175
6768	-722.3565	-894.987	172.6305	1.578719
6774	-730.7874	-903.8669	173.0795	1.228991
6780	-733.3226	-906.0448	172.7222	1.510873
6786	-737.5949	-910.4149	172.82	1.436881
6792	-732.2632	-904.9027	172.6394	1.572133
6798	-725.4036	-897.8955	172.4919	1.678697
6804	-727.5848	-899.9209	172.336	1.78823
6810	-724.1352	-897.0296	172.8944	1.379162
6816	-723.2559	-896.1781	172.9222	1.357289
6822	-724.3825	-897.3047	172.9222	1.357289
6828	-742.1327	-914.8961	172.7633	1.480003
6834	-744.187	-916.8588	172.6718	1.548327
6840	-721.8459	-894.7375	172.8916	1.381405
6846	-729.8376	-902.5199	172.6823	1.540563
6852	-728.5758	-901.2961	172.7204	1.512259
6858	-738.6518	-911.6155	172.9637	1.324187
6864	-730.2441	-903.5196	173.2755	1.054397
6870	-739.2882	-911.6811	172.3928	1.748654
6876	-728.4291	-901.1735	172.7445	1.494195
6882	-720.0117	-892.7951	172.7834	1.464838
6888	-724.2186	-896.9087	172.6901	1.53478
6894	-728.6491	-901.4676	172.8185	1.438011
6900	-740.8249	-913.4911	172.6662	1.552452
6906	-725.1401	-898.0904	172.9503	1.334897
6912	-724.7277	-897.3244	172.5968	1.603284
6918	-726.2178	-899.0965	172.8787	1.391484
6924	-730.2159	-903.3351	173.1193	1.195147
6930	-736.7837	-909.9029	173.1193	1.195147
6936	-740.9832	-913.4095	172.4263	1.725167
6942	-734.2221	-907.1178	172.8957	1.378159
6948	-732.9262	-905.7033	172.7771	1.469598
6954	-736.7309	-909.6687	172.9378	1.344865
6960	-735.2132	-907.7353	172.5221	1.657134
6966	-724.6212	-897.5943	172.9731	1.316607
6972	-731.4054	-904.4302	173.0248	1.274532
6978	-726.0483	-898.7624	172.7141	1.516917
6984	-731.6444	-904.7199	173.0755	1.232332
6990	-730.5676	-903.2095	172.6419	1.570328
6996	-725.4399	-898.3934	172.9535	1.332346
7002	-738.5365	-911.1982	172.6617	1.555784
7008	-731.5997	-904.3657	172.766	1.477971
7014	-717.9569	-890.8705	172.9136	1.364094
7020	-723.3044	-896.2602	172.9559	1.330483
7026	-727.9775	-901.0574	173.0799	1.228672
7032	-725.2817	-898.0139	172.7321	1.503465
7038	-729.6859	-902.6777	172.9919	1.301458
7044	-745.6527	-918.5053	172.8526	1.411787
7050	-741.7263	-914.5804	172.8541	1.41057
7056	-720.8811	-893.5916	172.7105	1.519614
7062	-729.2615	-901.9838	172.7223	1.510811
7068	-716.3039	-889.2058	172.902	1.373248
7074	-712.0702	-884.8912	172.821	1.436088
7080	-723.8773	-896.8331	172.9559	1.330488
7086	-726.3158	-899.0463	172.7304	1.504729
7092	-732.7543	-905.5294	172.7751	1.471118
7098	-727.3645	-900.3837	173.0192	1.279137
7104	-714.5812	-887.5669	172.9857	1.306473
7110	-723.6274	-895.9175	172.2901	1.820011
7116	-724.7529	-897.5367	172.7838	1.464529
7122	-715.9769	-888.8922	172.9153	1.362706
7128	-714.3743	-887.3817	173.0074	1.288779
7134	-710.1959	-882.6132	172.4173	1.731489
7140	-711.3817	-884.0987	172.717	1.514785
7146	-711.3942	-884.4112	173.017	1.280941
7152	-719.7875	-892.7538	172.9663	1.322112
7158	-723.1475	-896.2227	173.0752	1.232614
7164	-727.3908	-899.974	172.5832	1.613125
7170	-725.0426	-898.0187	172.9761	1.314241
7176	-726.2797	-899.1306	172.8509	1.413067
7182	-735.4951	-908.604	173.1089	1.204045
7188	-725.8914	-898.9727	173.0813	1.227507
7194	-734.9479	-907.7319	172.7839	1.464402
7200	-719.814	-892.6874	172.8734	1.395592
7206	-723.4542	-896.2725	172.8183	1.438193
7212	-719.8112	-892.4776	172.6665	1.552272
7218	-718.0014	-891.003	173.0016	1.293543
7224	-723.5065	-896.4117	172.9052	1.3707
7230	-730.9806	-903.6074	172.6268	1.581359
7236	-731.5059	-904.0822	172.5764	1.618057
7242	-735.261	-907.9113	172.6503	1.56418
7248	-725.9687	-898.6709	172.7023	1.52576
7254	-725.4116	-898.3236	172.9119	1.365399
7260	-723.5503	-896.5858	173.0355	1.265697
7266	-728.2101	-901.0516	172.8415	1.420334
7272	-727.5273	-900.0222	172.4949	1.67655
7278	-713.9254	-887.0377	173.1123	1.201114
7284	-717.344	-890.2022	172.8582	1.40743
7290	-711.7306	-884.8808	173.1502	1.168305
7296	-726.5851	-899.2162	172.6311	1.578264
7302	-717.7712	-890.8849	173.1137	1.199922
7308	-719.5248	-892.649	173.1242	1.190862
7314	-743.2619	-916.1536	172.8917	1.381296
7320	-730.5975	-903.524	172.9264	1.353921
7326	-722.9661	-895.8872	172.9211	1.358117
7332	-725.5792	-898.2067	172.6274	1.580946
7338	-728.4417	-900.9573	172.5156	1.661822
7344	-732.5797	-905.0792	172.4995	1.67329
7350	-733.9303	-906.4298	172.4995	1.67329
7356	-714.5698	-887.6154	173.0457	1.257294
7362	-719.2626	-891.9158	172.6532	1.562037
7368	-728.6693	-901.6178	172.9485	1.336378
7374	-719.9933	-893.2065	173.2132	1.112242
7380	-723.1692	-896.2235	173.0543	1.250128
7386	-721.6789	-894.6276	172.9486	1.336276
7392	-727.6963	-900.6449	172.9486	1.336276
7398	-725.1665	-897.776	172.6095	1.594008
7404	-722.4085	-895.1185	172.71	1.519998
7410	-723.674	-896.6559	172.9819	1.309524
7416	-729.4904	-902.4723	172.9819	1.309524
7422	-729.7412	-902.595	172.8537	1.410872
7428	-717.1242	-889.9111	172.787	1.46207
7434	-729.1546	-901.9416	172.787	1.46207
7440	-718.8808	-891.6678	172.787	1.46207
7446	-721.3293	-893.8497	172.5204	1.658326
7452	-736.0808	-909.008	172.9272	1.353295
7458	-720.6172	-893.4048	172.7876	1.46159
7464	-738.8298	-911.6208	172.7911	1.458971
7470	-741.5958	-914.5572	172.9613	1.326094
7476	-728.4713	-901.4326	172.9613	1.326094
7482	-722.7484	-895.648	172.8996	1.375096
7488	-719.8292	-892.6248	172.7956	1.455515
7494	-717.4703	-890.3596	172.8892	1.383229
7500	-719.5496	-892.5551	173.0054	1.290401
