Iteration	Posterior	Likelihood	Prior	acrv_sd	tree_length
0	-675.5857	-842.0823	166.4966	0.09355111	5.194355
6	-670.3169	-836.3913	166.0744	0.09897786	5.424386
12	-667.1593	-834.4901	167.3307	0.008774756	4.77788
18	-681.8716	-848.2714	166.3998	0.014141	5.291759
24	-673.7359	-840.5221	166.7862	0.02431604	5.07228
30	-677.4412	-844.896	167.4548	0.02431604	4.699838
36	-681.1242	-847.9307	166.8065	0.2165765	4.954213
42	-677.3575	-843.0921	165.7345	0.1280674	5.5953
48	-676.8642	-844.0123	167.1481	0.1156037	4.82021
54	-677.427	-844.6595	167.2325	0.03115726	4.82021
60	-674.463	-841.7949	167.3319	0.1119044	4.719598
66	-678.1898	-846.0128	167.823	0.3558825	4.306241
72	-679.5557	-846.9727	167.417	0.03249143	4.716411
78	-685.9875	-852.9603	166.9729	0.05407366	4.952075
84	-676.7251	-842.6499	165.9247	0.4164339	5.331913
90	-690.3876	-856.7564	166.3688	0.1344558	5.242391
96	-682.5145	-849.1465	166.632	0.1749679	5.074249
102	-675.1797	-841.4599	166.2801	0.218111	5.245177
108	-682.6548	-849.7109	167.0561	0.1399058	4.857947
114	-690.215	-856.2997	166.0847	0.001586128	5.472339
120	-677.5973	-845.7508	168.1535	0.0003351049	4.32042
126	-674.9584	-841.5375	166.5791	0.001089172	5.199881
132	-674.7377	-840.6847	165.9471	0.1878641	5.445586
138	-669.7026	-836.8514	167.1488	0.17062	4.789108
144	-678.771	-845.1582	166.3872	0.08810901	5.257851
150	-675.688	-843.36	167.672	0.1357327	4.515526
156	-680.7665	-847.66	166.8936	0.1131593	4.963304
162	-673.8105	-840.6681	166.8576	0.07156713	5.006395
168	-690.987	-857.9804	166.9934	0.09620612	4.917183
174	-668.3647	-835.3692	167.0045	0.04040408	4.942093
180	-665.9902	-833.3188	167.3286	0.2546807	4.641505
186	-662.2167	-829.8427	167.626	0.1935844	4.508897
192	-677.0921	-844.2038	167.1117	0.06742042	4.867379
198	-681.4897	-848.0249	166.5352	0.3028344	5.05701
204	-669.1027	-834.8813	165.7787	0.09960739	5.586701
210	-679.4845	-846.212	166.7275	0.1288762	5.046823
216	-671.6508	-838.5318	166.881	0.1621122	4.943087
222	-671.0175	-837.8977	166.8802	0.1628524	4.943087
228	-677.6657	-844.6587	166.993	0.05009677	4.943087
234	-684.4267	-851.4859	167.0592	0.2591836	4.789669
240	-681.3443	-848.8447	167.5004	0.09431117	4.635114
246	-682.8961	-849.8263	166.9302	0.05288713	4.976436
252	-681.1432	-848.5752	167.432	0.08193306	4.680358
258	-677.9164	-845.1733	167.2569	0.1250783	4.754178
264	-672.212	-839.3331	167.1211	0.09003452	4.849527
270	-668.1059	-835.2428	167.1369	0.2369612	4.758698
276	-670.6972	-837.9466	167.2495	0.04872694	4.800947
282	-666.557	-833.3374	166.7804	0.1733094	4.992767
288	-672.5908	-839.889	167.2982	0.1733094	4.704087
294	-679.8902	-846.278	166.3878	0.1731895	5.210477
300	-679.7615	-846.1837	166.4222	0.1388143	5.210477
306	-677.127	-844.1034	166.9765	0.08488942	4.932939
312	-681.3934	-848.9058	167.5124	0.08488942	4.63366
318	-667.1123	-834.2646	167.1523	0.3308063	4.697625
324	-673.8438	-840.8609	167.0171	0.140437	4.879366
330	-671.2223	-837.6773	166.455	0.04561405	5.243879
336	-669.5306	-837.2116	167.681	0.0392998	4.564651
342	-661.0601	-828.8435	167.7834	0.01937573	4.518329
348	-675.4464	-843.0612	167.6149	0.1656747	4.530824
354	-671.6297	-839.1937	167.564	0.1434798	4.571866
360	-677.6185	-845.7909	168.1724	0.1614237	4.218453
366	-668.7372	-835.215	166.4778	0.1121485	5.194463
372	-674.9624	-841.2836	166.3212	0.09469474	5.290684
378	-658.3572	-824.609	166.2518	0.1585026	5.293756
384	-660.6912	-827.4444	166.7532	0.05580851	5.073117
390	-670.1879	-836.3235	166.1356	0.127904	5.374749
396	-673.9483	-840.8169	166.8686	0.05226891	5.011033
402	-673.7863	-840.5342	166.7479	0.02416296	5.093591
408	-670.9882	-839.1212	168.1331	0.2678988	4.180357
414	-676.6046	-843.6379	167.0333	0.2240022	4.823759
420	-670.0691	-836.7412	166.6721	0.1425035	5.069994
426	-670.7354	-836.8868	166.1514	0.3374557	5.250341
432	-670.0427	-837.8233	167.7807	0.1904816	4.423543
438	-669.0218	-836.2146	167.1928	0.01818024	4.849586
444	-668.4081	-835.3009	166.8929	0.2141689	4.907513
450	-664.6125	-830.9983	166.3858	0.2362601	5.176687
456	-673.8775	-840.6237	166.7462	0.516398	4.820824
462	-673.3281	-839.7025	166.3744	0.1439511	5.234034
468	-665.2355	-832.6523	167.4168	0.1664854	4.641505
474	-677.5339	-845.0795	167.5455	0.2364423	4.530014
480	-677.547	-844.062	166.515	0.278605	5.081667
486	-672.9369	-839.9894	167.0526	0.3916355	4.719375
492	-679.2399	-846.3016	167.0616	0.1321043	4.859205
498	-682.3164	-848.57	166.2536	0.09495097	5.327861
504	-674.0008	-841.4055	167.4048	0.1512179	4.656815
510	-677.6968	-844.1871	166.4903	0.2762951	5.096618
516	-672.3906	-838.4366	166.0459	0.1068493	5.435746
522	-686.0097	-852.8663	166.8566	0.4256231	4.809883
528	-684.5363	-850.0226	165.4863	0.4389746	5.560893
534	-685.5528	-851.7024	166.1495	0.3030981	5.270375
540	-686.3181	-854.4497	168.1315	0.1935543	4.223438
546	-671.5026	-839.1257	167.6231	0.2376773	4.485695
552	-671.216	-839.0022	167.7862	0.06349331	4.491911
558	-666.737	-833.738	167.001	0.09306921	4.914748
564	-678.3385	-845.4888	167.1503	0.1529518	4.798103
570	-678.2243	-844.4866	166.2623	0.1054288	5.317244
576	-668.4051	-836.5432	168.1382	0.002738602	4.327716
582	-675.7092	-842.9517	167.2426	0.01837877	4.821731
588	-670.6568	-837.5037	166.8469	0.03787645	5.031084
594	-662.775	-829.6563	166.8813	0.3659542	4.82937
600	-666.0523	-832.0636	166.0114	0.1202359	5.447419
606	-662.2681	-829.8307	167.5626	0.06488637	4.616716
612	-662.0495	-830.1442	168.0947	0.1462747	4.271073
618	-667.2256	-834.8687	167.6431	0.1923393	4.499977
624	-655.0245	-822.796	167.7715	0.2004016	4.423108
630	-664.9019	-831.9301	167.0282	0.008724662	4.946502
636	-666.8207	-834.5062	167.6856	0.0223037	4.571642
642	-669.218	-836.0586	166.8406	0.09886663	5.000705
648	-670.3939	-837.9989	167.605	0.01302323	4.622032
654	-672.8553	-839.6616	166.8063	0.1945588	4.966568
660	-660.6848	-827.5746	166.8898	0.2405601	4.894535
666	-672.6936	-840.2519	167.5583	0.2669057	4.505722
672	-677.363	-844.7372	167.3741	0.04625232	4.732695
678	-680.5858	-847.1631	166.5772	0.01471435	5.193349
684	-673.8845	-841.3958	167.5112	0.04901044	4.654439
690	-674.8477	-842.927	168.0792	0.143333	4.281508
696	-671.0714	-838.242	167.1706	0.1804052	4.771447
702	-665.4487	-832.487	167.0384	0.3126868	4.771447
708	-682.4252	-849.0481	166.6229	0.09995431	5.120891
714	-681.0089	-847.5793	166.5704	0.06491577	5.169338
720	-674.2822	-840.9813	166.6991	0.04294998	5.110228
726	-672.4504	-838.2098	165.7593	0.07188462	5.612531
732	-674.205	-842.2437	168.0387	0.1007431	4.328531
738	-672.4651	-840.5055	168.0404	0.09908632	4.328531
744	-665.4649	-832.2606	166.7957	0.07967576	5.036302
750	-671.8917	-838.0426	166.1508	0.06938364	5.3986
756	-674.1035	-840.585	166.4815	0.123717	5.18599
762	-685.5782	-852.0837	166.5055	0.08181005	5.195906
768	-684.8725	-850.8721	165.9996	0.1046494	5.462478
774	-678.1309	-845.5126	167.3817	0.1104347	4.69254
780	-679.7771	-848.0552	168.2781	0.02790398	4.234265
786	-684.8139	-851.3192	166.5053	0.05262181	5.212163
792	-678.297	-844.6746	166.3776	0.07335819	5.271312
798	-676.697	-841.629	164.932	0.3985501	5.886709
804	-685.1103	-851.4135	166.3032	0.2307883	5.225395
810	-684.0381	-850.9503	166.9122	0.1510997	4.931832
816	-682.7594	-849.9081	167.1486	0.08399674	4.837522
822	-679.1431	-846.3634	167.2204	0.2263259	4.717982
828	-664.744	-832.5726	167.8286	0.0077788	4.499448
834	-678.1922	-844.3674	166.1752	0.3280287	5.242399
840	-687.4539	-855.7704	168.3165	0.2261947	4.099752
846	-689.9812	-857.2992	167.318	0.006260629	4.786395
852	-694.2731	-861.6049	167.3318	0.2269723	4.655232
858	-697.1889	-863.5431	166.3542	0.2269723	5.199302
864	-684.2519	-850.5379	166.2861	0.3037846	5.194512
870	-674.6544	-842.6314	167.977	0.1120189	4.357004
876	-676.8535	-843.9882	167.1347	0.03301689	4.873713
882	-681.7757	-848.8103	167.0347	0.2274836	4.821068
888	-688.3892	-856.3676	167.9783	0.2020678	4.305365
894	-678.8247	-844.973	166.1483	0.08085681	5.393679
900	-688.3856	-855.072	166.6864	0.1999528	5.030191
906	-672.3527	-838.9404	166.5877	0.1490763	5.113171
912	-686.1164	-852.5818	166.4655	0.1946794	5.155615
918	-681.4835	-848.5912	167.1077	0.01976752	4.896118
924	-691.0848	-859.1994	168.1146	0.02132982	4.33054
930	-688.0688	-855.0757	167.0069	0.2198399	4.840837
936	-688.5452	-855.9056	167.3604	0.05026421	4.73811
942	-677.4176	-844.868	167.4504	0.3821632	4.501559
948	-675.7166	-842.0166	166.3	0.06907178	5.316538
954	-687.5894	-854.9724	167.3829	0.1479325	4.670874
960	-686.1534	-851.7873	165.6339	0.3917796	5.505711
966	-691.6754	-857.9036	166.2282	0.1430061	5.315324
972	-683.3322	-850.6649	167.3327	0.02778863	4.766156
978	-679.8065	-848.104	168.2976	0.009832167	4.233458
984	-681.0837	-849.3623	168.2786	0.02880435	4.233458
990	-672.232	-839.4207	167.1887	0.004783298	4.859331
996	-674.0042	-841.1594	167.1552	0.007142393	4.876713
1002	-674.8699	-841.9669	167.097	0.1427621	4.83356
1008	-661.2897	-829.4721	168.1824	0.06040452	4.270039
1014	-665.6425	-833.7889	168.1464	0.01311742	4.317175
1020	-664.1005	-830.82	166.7194	0.1037908	5.06523
1026	-673.8039	-841.5404	167.7366	0.1037908	4.497185
1032	-670.7361	-838.4286	167.6925	0.1956973	4.470265
1038	-679.9929	-847.4549	167.462	0.09905574	4.65396
1044	-687.134	-853.7967	166.6627	0.1923118	5.047576
1050	-687.6205	-854.1422	166.5216	0.1021083	5.175757
1056	-684.4105	-851.9412	167.5306	0.05466109	4.640398
1062	-679.8561	-847.1043	167.2482	0.05702799	4.797011
1068	-676.7019	-843.3599	166.658	0.1357822	5.081575
1074	-674.6392	-842.2036	167.5644	0.1357822	4.575959
1080	-686.454	-852.8883	166.4342	0.1812699	5.180315
1086	-689.1346	-854.7526	165.618	0.3853053	5.517988
1092	-669.0559	-836.6104	167.5545	0.04872932	4.630356
1098	-668.7715	-835.7654	166.994	0.08580707	4.922687
1104	-674.3455	-840.3481	166.0026	0.3356152	5.33352
1110	-669.7546	-835.7381	165.9834	0.07245298	5.489073
1116	-672.9557	-838.8758	165.9201	0.4363789	5.323465
1122	-670.2827	-837.0779	166.7952	0.1519874	4.996426
1128	-675.1142	-843.1218	168.0076	0.01140537	4.39656
1134	-679.7748	-846.5362	166.7614	0.00591167	5.09621
1140	-691.748	-860.5241	168.7761	0.09471458	3.912324
1146	-680.6351	-846.8951	166.26	0.249321	5.239062
1152	-680.3083	-848.2261	167.9178	0.007181769	4.449551
1158	-680.0402	-847.2983	167.2581	0.1795576	4.723056
1164	-669.3496	-836.2125	166.8629	0.2175574	4.922303
1170	-683.4969	-850.186	166.689	0.2958091	4.97549
1176	-682.659	-849.188	166.529	0.1527725	5.143626
1182	-683.4159	-850.0061	166.5902	0.0773649	5.151501
1188	-674.6665	-841.7827	167.1162	0.1306505	4.829605
1194	-672.0741	-837.8472	165.7732	0.340193	5.457446
1200	-669.7653	-835.1252	165.3599	0.3502805	5.678937
1206	-668.3489	-835.1913	166.8423	0.1118353	4.992519
1212	-679.345	-846.634	167.289	0.3913858	4.587046
1218	-667.8667	-834.4039	166.5371	0.3256272	5.0433
1224	-660.8191	-827.6732	166.8541	0.3500923	4.853388
1230	-660.7757	-827.8611	167.0854	0.2172334	4.79848
1236	-658.6503	-825.6623	167.012	0.3944496	4.740511
1242	-673.0332	-839.9462	166.9131	0.09635914	4.961816
1248	-677.6071	-843.9322	166.3251	0.3595016	5.142073
1254	-669.9718	-836.7476	166.7758	0.2989927	4.925432
1260	-673.3292	-839.8339	166.5047	0.2845508	5.084054
1266	-670.3187	-837.1356	166.8169	0.275589	4.915603
1272	-669.2585	-836.3237	167.0652	0.02731568	4.915603
1278	-671.784	-838.7974	167.0134	0.07912422	4.915603
1284	-684.0748	-851.243	167.1682	0.1914609	4.766616
1290	-676.5362	-843.6843	167.1481	0.1524068	4.799668
1296	-682.7504	-850.2649	167.5144	0.07982015	4.635366
1302	-686.1318	-852.5512	166.4194	0.05299767	5.259469
1308	-684.0528	-850.2235	166.1707	0.2484463	5.288869
1314	-677.3764	-844.1513	166.7749	0.2808814	4.936038
1320	-676.4652	-843.4667	167.0015	0.07967026	4.921932
1326	-673.1094	-840.1002	166.9908	0.09035091	4.921932
1332	-678.1495	-844.9526	166.8031	0.07788072	5.033179
1338	-677.3911	-844.9941	167.603	0.08135288	4.584851
1344	-685.1393	-852.0572	166.9179	0.1690871	4.918654
1350	-686.4679	-854.5148	168.0469	0.110393	4.318427
1356	-682.8466	-850.9645	168.1179	0.03943092	4.318427
1362	-675.3484	-842.2192	166.8708	0.09695749	4.984991
1368	-680.0862	-845.9569	165.8706	0.2231005	5.468248
1374	-677.1225	-843.1035	165.981	0.2079975	5.415809
1380	-678.6711	-846.5676	167.8965	0.1689804	4.370303
1386	-680.4332	-847.7908	167.3576	0.3598414	4.566293
1392	-673.7277	-840.6941	166.9663	0.3820211	4.772949
1398	-677.2739	-844.5559	167.282	0.06631097	4.772949
1404	-687.9732	-855.0919	167.1187	0.1503575	4.817221
1410	-674.5424	-841.6141	167.0716	0.09411542	4.874801
1416	-672.3717	-839.2978	166.9261	0.502551	4.728071
1422	-676.2346	-843.203	166.9684	0.1969383	4.875049
1428	-674.2395	-841.7189	167.4794	0.3667888	4.493903
1434	-667.4499	-833.9067	166.4569	0.04664968	5.242268
1440	-666.3455	-834.3525	168.007	0.2061829	4.286831
1446	-667.7152	-833.3808	165.6656	0.25152	5.565364
1452	-678.146	-844.63	166.484	0.2881897	5.093554
1458	-676.7927	-843.2016	166.4089	0.3632985	5.093554
1464	-676.733	-844.0038	167.2708	0.03777363	4.795169
1470	-687.7465	-854.7156	166.9691	0.1142524	4.920701
1476	-700.4542	-867.53	167.0758	0.1889459	4.819625
1482	-681.6272	-849.4309	167.8037	0.09983723	4.461619
1488	-677.0071	-843.9991	166.992	0.01825411	4.961344
1494	-672.3924	-840.1533	167.7609	0.03078182	4.524578
1500	-674.2861	-842.4445	168.1584	0.05485392	4.286755
1506	-664.9627	-831.7846	166.8219	0.328081	4.883575
1512	-674.627	-840.7525	166.1254	0.3808101	5.240769
1518	-695.3667	-862.6161	167.2494	0.1351723	4.752711
1524	-691.1558	-857.4341	166.2783	0.1244468	5.297928
1530	-689.4262	-856.0629	166.6367	0.1201864	5.102015
1536	-685.4532	-851.8172	166.364	0.1498463	5.236536
1542	-684.0014	-850.8391	166.8377	0.3555475	4.859475
1548	-673.383	-839.9434	166.5604	0.1609939	5.121698
1554	-683.2767	-849.5101	166.2334	0.04969579	5.36396
1560	-668.3561	-834.6189	166.2628	0.02022261	5.36396
1566	-670.2786	-837.8936	167.615	0.0146023	4.615572
1572	-677.9752	-843.2221	165.2468	0.4780871	5.670862
1578	-674.9288	-842.5604	167.6316	0.04986241	4.586461
1584	-679.2612	-846.6352	167.374	0.1788034	4.658581
1590	-684.4032	-850.9327	166.5295	0.08814764	5.179145
1596	-674.0865	-840.8992	166.8127	0.1780236	4.972223
1602	-663.971	-830.8911	166.9201	0.1594628	4.922809
1608	-671.7192	-838.6711	166.9518	0.1276947	4.922809
1614	-676.6096	-843.4927	166.883	0.1965019	4.922809
1620	-691.208	-857.7716	166.5635	0.1576925	5.121774
1626	-695.7087	-862.7928	167.0841	0.02015635	4.909058
1632	-694.5673	-861.3201	166.7528	0.4094757	4.876766
1638	-694.1	-861.7055	167.6055	0.2270565	4.50157
1644	-686.9249	-853.7436	166.8188	0.08957888	5.017988
1650	-699.654	-866.2341	166.5801	0.4138486	4.970419
1656	-692.2932	-858.2171	165.9239	0.1094806	5.501452
1662	-680.284	-847.2294	166.9453	0.4077978	4.770285
1668	-685.4516	-851.2026	165.751	0.209048	5.541791
1674	-671.8099	-838.2391	166.4292	0.2565556	5.141404
1680	-678.5698	-844.3048	165.7349	0.4967966	5.392255
1686	-672.3596	-839.5265	167.1669	0.2672093	4.725018
1692	-667.6241	-833.6176	165.9935	0.4373645	5.282418
1698	-662.8562	-830.0816	167.2254	0.1644103	4.749808
1704	-669.649	-837.0541	167.4051	0.1064393	4.6817
1710	-677.8644	-844.3822	166.5178	0.1002184	5.178933
1716	-681.2679	-848.655	167.3872	0.1203847	4.68394
1722	-671.8215	-838.7255	166.904	0.04663273	4.994477
1728	-678.4297	-845.531	167.1013	0.286166	4.751111
1734	-690.9316	-858.2272	167.2957	0.1419189	4.723068
1740	-686.0268	-853.0665	167.0397	0.2865136	4.785319
1746	-696.3901	-862.5165	166.1265	0.1612843	5.361368
1752	-680.1862	-847.7614	167.5752	0.1341805	4.570773
1758	-687.785	-855.6576	167.8726	0.08658358	4.430295
1764	-685.9383	-854.0687	168.1305	0.1243556	4.263243
1770	-688.204	-855.4934	167.2894	0.3241103	4.624583
1776	-678.6659	-845.5602	166.8943	0.2480836	4.887804
1782	-677.6801	-844.7187	167.0386	0.1037804	4.887804
1788	-675.0548	-842.2297	167.1749	0.2482994	4.731141
1794	-672.0868	-838.7212	166.6344	0.01540124	5.161341
1800	-667.4209	-834.8244	167.4035	0.1124463	4.679218
1806	-663.2563	-830.1757	166.9194	0.1124463	4.949324
1812	-672.7937	-839.7734	166.9797	0.05222085	4.949324
1818	-680.6732	-847.9869	167.3136	0.1399313	4.714135
1824	-683.2408	-851.3801	168.1393	0.2672611	4.177193
1830	-688.7598	-855.8611	167.1012	0.2440115	4.774689
1836	-673.5486	-840.2066	166.658	0.248808	5.018839
1842	-674.4373	-841.5922	167.1549	0.1580986	4.792665
1848	-675.3725	-842.9884	167.6159	0.02688663	4.608145
1854	-684.2402	-850.4942	166.2539	0.0983432	5.325775
1860	-676.9558	-844.5284	167.5726	0.1026282	4.589947
1866	-669.5268	-836.5726	167.0458	0.05593253	4.91047
1872	-682.1395	-849.1017	166.9623	0.1394516	4.91047
1878	-686.9747	-852.9708	165.9961	0.09323759	5.47068
1884	-683.6611	-850.7041	167.043	0.1441937	4.86284
1890	-679.3698	-845.3826	166.0128	0.2502978	5.374969
1896	-683.6048	-849.8815	166.2768	0.1123791	5.305443
1902	-680.407	-847.1574	166.7504	0.1220693	5.037883
1908	-667.6457	-834.3638	166.7182	0.07510063	5.081852
1914	-675.3968	-842.5409	167.1441	0.008145829	4.882324
1920	-679.5753	-846.1621	166.5868	0.1747191	5.099426
1926	-676.6388	-843.4222	166.7834	0.1494159	5.004403
1932	-677.0204	-844.8982	167.8778	0.2763928	4.320179
1938	-675.9739	-844.0333	168.0593	0.09490701	4.320179
1944	-676.7004	-843.0914	166.3909	0.3222347	5.126254
1950	-674.5578	-842.3829	167.8251	0.03911454	4.483738
1956	-670.2819	-837.5945	167.3126	0.1695182	4.698195
1962	-686.8768	-853.2463	166.3696	0.2402137	5.183493
1968	-692.8852	-859.5073	166.6221	0.3900878	4.960293
1974	-681.6493	-848.5144	166.8651	0.153763	4.95657
1980	-679.677	-846.6868	167.0098	0.2144189	4.842221
1986	-685.2509	-852.2908	167.0399	0.1674308	4.851636
1992	-684.2509	-851.8186	167.5677	0.08319484	4.603631
1998	-694.8807	-862.5635	167.6828	0.1471533	4.503033
2004	-673.0496	-841.3719	168.3222	0.1573842	4.135664
2010	-673.8237	-841.886	168.0623	0.105432	4.312559
2016	-669.9926	-837.5463	167.5536	0.07857313	4.614088
2022	-673.6842	-839.9616	166.2774	0.2216245	5.244751
2028	-672.7204	-839.1668	166.4465	0.05253558	5.244751
2034	-674.1157	-840.3191	166.2033	0.238365	5.276411
2040	-676.2474	-843.092	166.8446	0.1428257	4.974054
2046	-679.5268	-845.1134	165.5866	0.1274188	5.676822
2052	-685.5523	-852.399	166.8466	0.03682548	5.031792
2058	-682.0119	-848.746	166.7341	0.1494231	5.031792
2064	-682.0912	-848.9491	166.8579	0.3520716	4.850172
2070	-678.0791	-845.0812	167.0021	0.06699931	4.928622
2076	-672.9918	-840.7478	167.756	0.1453014	4.462883
2082	-677.0912	-843.7231	166.6319	0.2791895	5.016473
2088	-677.1234	-844.0513	166.9279	0.1522838	4.922457
2094	-666.4693	-833.4573	166.988	0.09222556	4.922457
2100	-666.5949	-833.55	166.955	0.02698943	4.977054
2106	-680.5048	-846.5754	166.0706	0.1228331	5.413348
2112	-676.5637	-842.0677	165.504	0.1765961	5.695152
2118	-677.435	-843.5804	166.1454	0.05684871	5.408507
2124	-680.7802	-847.1845	166.4043	0.1336815	5.223223
2130	-696.7612	-862.8972	166.136	0.3559266	5.248671
2136	-700.441	-866.6576	166.2167	0.2603152	5.256914
2142	-683.3805	-849.958	166.5775	0.2672487	5.05328
2148	-674.715	-841.7697	167.0548	0.1767125	4.838165
2154	-679.2399	-844.8005	165.5606	0.445192	5.516619
2160	-673.7062	-840.5099	166.8037	0.0756081	5.034088
2166	-674.3526	-841.0694	166.7168	0.1625308	5.034088
2172	-675.7583	-842.2806	166.5223	0.1153612	5.168085
2178	-673.5631	-840.3976	166.8345	0.1566945	4.971955
2184	-671.6712	-838.1518	166.4806	0.01756144	5.245224
2190	-676.2025	-844.0878	167.8853	0.2326438	4.340688
2196	-674.5377	-841.4666	166.929	0.1045207	4.948432
2202	-672.2187	-838.3686	166.1498	0.06937094	5.399158
2208	-667.7188	-834.946	167.2272	0.1073562	4.780628
2214	-679.1369	-845.8464	166.7095	0.09848973	5.073696
2220	-662.8035	-829.2968	166.4933	0.3146981	5.073696
2226	-668.6609	-836.4943	167.8333	0.1417902	4.421297
2232	-675.3354	-843.1074	167.772	0.203114	4.421297
2238	-677.4866	-845.4061	167.9195	0.1369352	4.375435
2244	-664.44	-832.0361	167.5961	0.1729995	4.537249
2250	-684.9069	-850.3813	165.4744	0.3120432	5.637098
2256	-685.8631	-851.5015	165.6384	0.1646608	5.627997
2262	-666.8555	-835.0522	168.1967	0.2044066	4.180276
2268	-674.9057	-841.9993	167.0936	0.03084193	4.89784
2274	-676.974	-844.7129	167.739	0.1087042	4.493066
2280	-684.8679	-851.2399	166.3721	0.3715546	5.10937
2286	-677.6395	-844.6843	167.0449	0.2093401	4.825504
2292	-683.4906	-851.2985	167.8078	0.1894087	4.408822
2298	-675.2729	-842.6212	167.3483	0.03585524	4.752926
2304	-686.4691	-853.733	167.2639	0.02746525	4.804766
2310	-686.4483	-852.7817	166.3335	0.2513203	5.197319
2316	-677.0226	-843.9685	166.9459	0.1752151	4.899685
2322	-677.7549	-844.1417	166.3868	0.06574431	5.270435
2328	-686.9217	-852.9182	165.9965	0.08839385	5.473131
2334	-683.1319	-849.7624	166.6305	0.05178451	5.143351
2340	-690.8656	-857.6917	166.8261	0.4349671	4.82167
2346	-676.8015	-843.3676	166.5661	0.2678226	5.05928
2352	-671.4687	-837.905	166.4362	0.06984231	5.240843
2358	-678.0808	-844.7851	166.7043	0.08568883	5.08366
2364	-662.2416	-829.457	167.2154	0.123943	4.777969
2370	-666.891	-835.3171	168.4261	0.03270395	4.147504
2376	-669.7769	-836.252	166.4751	0.1660338	5.166109
2382	-680.7322	-845.5879	164.8556	0.3901391	5.933035
2388	-668.2843	-836.4156	168.1313	0.1011984	4.275911
2394	-667.9839	-836.0706	168.0867	0.2238676	4.231659
2400	-671.8435	-840.19	168.3464	0.1495611	4.126335
2406	-676.3627	-842.8533	166.4905	0.1610137	5.160371
2412	-680.3312	-845.9202	165.589	0.2623845	5.601482
2418	-693.4495	-860.0385	166.589	0.1865776	5.091643
2424	-685.0657	-852.0528	166.9871	0.1061409	4.915162
2430	-688.852	-856.5685	167.7165	0.2111452	4.448029
2436	-677.3356	-843.8275	166.4919	0.07599455	5.206648
2442	-681.5657	-849.1171	167.5514	0.179816	4.558547
2448	-680.8871	-849.3459	168.4588	0.4417209	3.895255
2454	-685.985	-853.0267	167.0417	0.3450238	4.751513
2460	-680.2337	-846.6732	166.4395	0.1323938	5.20443
2466	-673.726	-840.2195	166.4935	0.1840192	5.14598
2472	-667.7441	-834.7126	166.9684	0.3842432	4.770527
2478	-677.4	-843.7406	166.3406	0.2892379	5.172366
2484	-667.9514	-835.3757	167.4243	0.2329012	4.600082
2490	-662.9648	-829.5243	166.5595	0.0986787	5.156722
2496	-670.2012	-837.4324	167.2312	0.3689106	4.632107
2502	-675.4527	-841.4269	165.9742	0.3689106	5.330835
2508	-674.1712	-841.6902	167.519	0.1755923	4.579102
2514	-683.7459	-850.7488	167.0029	0.3836866	4.751581
2520	-680.175	-847.5328	167.3578	0.02880793	4.751581
2526	-674.2602	-841.9995	167.7393	0.07250143	4.513256
2532	-676.4795	-843.1521	166.6726	0.01015824	5.143081
2538	-687.0234	-853.0123	165.9889	0.2384562	5.394665
2544	-683.6956	-851.7203	168.0247	0.08289155	4.34653
2550	-675.0549	-841.4984	166.4435	0.1704662	5.181183
2556	-685.1658	-851.5374	166.3716	0.2380688	5.18357
2562	-681.4216	-847.7041	166.2825	0.2380688	5.232828
2568	-669.1773	-835.7276	166.5503	0.319232	5.039541
2574	-677.9157	-844.6658	166.75	0.3508618	4.910918
2580	-676.2478	-842.0119	165.7641	0.1466724	5.568842
2586	-675.9889	-844.4684	168.4795	0.2449774	3.996054
2592	-676.4952	-844.2141	167.7189	0.08559262	4.517362
2598	-676.5488	-842.686	166.1372	0.2421272	5.310848
2604	-680.7059	-848.9953	168.2895	0.1633011	4.15093
2610	-677.8225	-843.1956	165.373	0.159942	5.776014
2616	-677.5931	-844.5593	166.9662	0.3031603	4.817046
2622	-688.3806	-855.3487	166.9681	0.2679951	4.835594
2628	-687.9842	-855.8905	167.9063	0.2630121	4.311629
2634	-680.932	-848.2492	167.3171	0.08660245	4.741995
2640	-684.6588	-851.8489	167.1901	0.1173407	4.795809
2646	-695.49	-862.6848	167.1948	0.04013104	4.83625
2652	-690.4629	-858.7349	168.2721	0.1784531	4.152199
2658	-677.223	-844.5324	167.3094	0.1763858	4.696141
2664	-684.5815	-851.9261	167.3447	0.1410651	4.696141
2670	-688.9943	-854.802	165.8077	0.3263075	5.4461
2676	-682.3443	-849.2826	166.9383	0.07281636	4.960892
2682	-681.8382	-849.8013	167.9631	0.1167332	4.36219
2688	-675.6648	-842.0976	166.4328	0.1689914	5.18792
2694	-677.9253	-845.0614	167.1362	0.1785721	4.791725
2700	-673.1046	-840.0093	166.9047	0.2204901	4.897412
2706	-684.4052	-850.8364	166.4312	0.0967712	5.228743
2712	-675.304	-842.9267	167.6227	0.2103192	4.501305
2718	-679.7736	-847.2469	167.4734	0.0876088	4.654007
2724	-685.1873	-852.8861	167.6987	0.01971228	4.565699
2730	-677.336	-844.8206	167.4845	0.005971357	4.693471
2736	-685.8982	-851.7583	165.8601	0.3442992	5.4073
2742	-670.3233	-837.1941	166.8708	0.2877441	4.878817
2748	-676.69	-842.4667	165.7767	0.2189004	5.522254
2754	-685.978	-852.8165	166.8385	0.2124072	4.938752
2760	-682.7236	-847.7441	165.0205	0.3338846	5.873696
2766	-676.9734	-844.5546	167.5812	0.3338846	4.455144
2772	-676.3686	-842.7236	166.3549	0.1623705	5.23463
2778	-687.0141	-853.2609	166.2468	0.05381472	5.354281
2784	-690.4414	-858.2127	167.7713	0.2024265	4.422099
2790	-692.1759	-858.5656	166.3896	0.2218231	5.182554
2796	-699.3058	-865.7661	166.4603	0.1252683	5.196887
2802	-682.9081	-850.206	167.2978	0.1053965	4.742304
2808	-676.8073	-843.6258	166.8184	0.1565793	4.980943
2814	-674.0411	-842.4006	168.3595	0.06622913	4.166262
2820	-667.1561	-834.5751	167.419	0.12151	4.66548
2826	-661.7556	-829.2108	167.4552	0.1278046	4.641692
2832	-665.3028	-831.8691	166.5662	0.1343562	5.133209
2838	-666.5131	-834.3181	167.805	0.2150497	4.395934
2844	-672.9962	-840.3611	167.3649	0.107245	4.703771
2850	-688.3521	-856.4214	168.0693	0.07237543	4.327282
2856	-684.6926	-851.4608	166.7682	0.3094865	4.923821
2862	-684.2141	-851.0966	166.8825	0.1952479	4.923821
2868	-692.8727	-858.8406	165.968	0.235094	5.408058
2874	-686.4501	-853.7053	167.2551	0.2749509	4.67133
2880	-692.3446	-858.1332	165.7886	0.138692	5.559762
2886	-681.1046	-847.1535	166.0488	0.08477501	5.446302
2892	-670.8842	-838.2854	167.4012	0.0518424	4.714409
2898	-669.5094	-836.0926	166.5831	0.2646147	5.051613
2904	-671.0629	-839.0971	168.0343	0.03732622	4.366864
2910	-682.9327	-849.1056	166.1729	0.01651119	5.41555
2916	-681.2774	-849.3299	168.0525	0.02740698	4.36218
2922	-690.9925	-857.4953	166.5028	0.4035132	5.019125
2928	-680.2597	-847.0076	166.7479	0.4549708	4.854124
2934	-695.3191	-862.82	167.5009	0.1201765	4.620348
2940	-684.0647	-850.2711	166.2064	0.2092206	5.290828
2946	-689.7632	-854.6469	164.8838	0.161001	6.042686
2952	-674.2941	-842.0152	167.7211	0.01941906	4.553297
2958	-685.1679	-852.7445	167.5766	0.1231061	4.576244
2964	-681.6869	-848.1371	166.4502	0.05046871	5.243832
2970	-670.9214	-838.2005	167.2791	0.08340058	4.765024
2976	-678.4202	-845.3092	166.8891	0.1249644	4.959249
2982	-686.105	-852.3433	166.2383	0.1330627	5.31525
2988	-683.2207	-849.5648	166.3441	0.09288226	5.279034
2994	-677.0981	-844.0474	166.9493	0.2581301	4.851598
3000	-674.8081	-842.0666	167.2585	0.111125	4.761056
3006	-676.1478	-843.4342	167.2864	0.08326154	4.761056
3012	-669.656	-836.9424	167.2864	0.08326154	4.761056
3018	-679.9963	-846.9915	166.9952	0.3039713	4.800409
3024	-693.0898	-858.5029	165.4131	0.2615099	5.698409
3030	-683.1681	-848.4406	165.2725	0.1963387	5.811092
3036	-666.4558	-833.2661	166.8103	0.01974771	5.061425
3042	-669.9053	-835.3252	165.42	0.3413708	5.650873
3048	-674.1759	-841.7839	167.608	0.1233975	4.55842
3054	-675.11	-842.148	167.0381	0.0848474	4.898675
3060	-672.0227	-839.0143	166.9916	0.1312622	4.898675
3066	-678.9628	-845.692	166.7292	0.03757684	5.096545
3072	-695.8929	-862.8584	166.9655	0.1610189	4.896666
3078	-682.239	-848.1813	165.9423	0.3754753	5.344827
3084	-675.1436	-842.2366	167.0929	0.2524384	4.774612
3090	-676.2911	-844.3599	168.0688	0.07416053	4.326555
3096	-678.1353	-846.0341	167.8988	0.09362044	4.411559
3102	-671.0685	-837.1534	166.0849	0.2622394	5.328607
3108	-673.6273	-841.2972	167.6699	0.1045384	4.534277
3114	-668.5158	-836.0762	167.5604	0.03255631	4.636113
3120	-673.3606	-840.5334	167.1728	0.03427119	4.851801
3126	-670.4726	-837.4935	167.0209	0.01830565	4.945244
3132	-669.8017	-837.3134	167.5117	0.1997206	4.569654
3138	-677.5666	-845.2985	167.7319	0.01096434	4.552014
3144	-674.8315	-843.3083	168.4767	0.05768922	4.104468
3150	-688.1782	-855.3525	167.1743	0.08182468	4.824438
3156	-666.626	-833.7716	167.1456	0.151223	4.801715
3162	-682.988	-849.0017	166.0137	0.12542	5.44329
3168	-668.6178	-835.7088	167.091	0.2920256	4.753573
3174	-659.5565	-826.6594	167.103	0.2072088	4.794255
3180	-650.8875	-818.7209	167.8334	0.1937246	4.39196
3186	-662.6342	-830.4676	167.8334	0.1937246	4.39196
3192	-665.4918	-832.9721	167.4803	0.155053	4.612306
3198	-678.2327	-844.9359	166.7032	0.1747084	5.034903
3204	-675.7915	-843.1566	167.3651	0.1643573	4.671686
3210	-693.8347	-859.885	166.0503	0.3009383	5.326331
3216	-676.7381	-843.695	166.9569	0.323562	4.81086
3222	-668.9186	-835.8274	166.9088	0.1425888	4.938498
3228	-683.716	-851.1201	167.4041	0.1314672	4.668255
3234	-681.2642	-848.1998	166.9356	0.1369207	4.926718
3240	-671.6432	-838.4703	166.8271	0.2454558	4.926718
3246	-679.6307	-847.2404	167.6097	0.1703784	4.5311
3252	-685.6512	-851.4551	165.8039	0.232632	5.499726
3258	-668.5289	-835.9098	167.3808	0.2883518	4.593355
3264	-671.8836	-837.8119	165.9283	0.3110459	5.388074
3270	-673.6916	-839.5652	165.8735	0.2938038	5.427728
3276	-675.2582	-843.128	167.8698	0.04620644	4.454607
3282	-674.6844	-841.4414	166.757	0.1923568	4.995189
3288	-680.0045	-845.5259	165.5213	0.04355461	5.75854
3294	-683.4304	-849.9316	166.5012	0.0002103737	5.243443
3300	-680.9882	-848.3642	167.3761	0.0003391418	4.757282
3306	-682.3412	-849.5877	167.2465	0.1298834	4.757282
3312	-684.1962	-850.9305	166.7343	0.2022494	5.002314
3318	-685.1325	-851.6928	166.5603	0.07210282	5.170953
3324	-680.7309	-846.6345	165.9036	0.04505366	5.548047
3330	-682.5789	-849.8235	167.2446	0.03118051	4.813436
3336	-689.1797	-856.9425	167.7629	0.07004153	4.501378
3342	-690.0826	-856.4206	166.3379	0.02846676	5.317982
3348	-685.6704	-852.5383	166.8679	0.01129208	5.034174
3354	-682.3212	-849.4754	167.1543	0.4120697	4.651015
3360	-673.4523	-839.9664	166.5141	0.05659055	5.205119
3366	-678.7094	-846.2031	167.4937	0.01893862	4.68108
3372	-682.2398	-848.8581	166.6183	0.2050656	5.065161
3378	-689.8708	-856.502	166.6312	0.1769969	5.073543
3384	-683.897	-851.4867	167.5897	0.2110184	4.519495
3390	-682.9423	-850.4594	167.5171	0.3339228	4.491186
3396	-686.2236	-853.1044	166.8808	0.3339228	4.847519
3402	-675.3312	-844.2024	168.8712	0.4224594	3.668726
3408	-675.6574	-842.7028	167.0454	0.2543489	4.800076
3414	-675.6379	-842.7735	167.1356	0.2543489	4.749706
3420	-668.0797	-835.5655	167.4858	0.01972159	4.685056
3426	-680.2346	-847.5789	167.3443	0.1651598	4.682891
3432	-668.0839	-835.7738	167.69	0.1157643	4.516662
3438	-670.0773	-837.3849	167.3077	0.1906384	4.689106
3444	-682.2096	-849.792	167.5824	0.1959467	4.532065
3450	-672.6093	-838.276	165.6667	0.1959467	5.595252
3456	-662.3597	-829.9313	167.5716	0.306867	4.475761
3462	-665.5265	-832.7156	167.1891	0.2390884	4.728346
3468	-683.0423	-849.5246	166.4823	0.2390884	5.12167
3474	-673.0444	-841.3718	168.3274	0.2154704	4.09967
3480	-677.4298	-844.1652	166.7354	0.2154704	4.994341
3486	-678.6447	-843.5163	164.8716	0.3736668	5.933295
3492	-681.5037	-847.7805	166.2768	0.2372503	5.236412
3498	-674.043	-840.0526	166.0096	0.3281896	5.33376
3504	-665.4914	-833.7642	168.2727	0.1640949	4.159995
3510	-672.3161	-840.4888	168.1727	0.2891153	4.145795
3516	-674.7612	-842.1166	167.3554	0.1006267	4.712775
3522	-668.7103	-835.5175	166.8073	0.3980286	4.852771
3528	-677.9316	-844.1537	166.2222	0.3980286	5.177734
3534	-689.0716	-857.1304	168.0588	0.09485921	4.320519
3540	-692.829	-859.4167	166.5877	0.1737527	5.099481
3546	-680.6924	-848.0517	167.3593	0.1737527	4.669638
3552	-682.0654	-849.4278	167.3624	0.1706914	4.669638
3558	-683.7115	-850.93	167.2185	0.1706914	4.750108
3564	-672.9885	-840.8075	167.819	0.03841913	4.487581
3570	-678.6085	-845.0956	166.4871	0.06651793	5.214549
3576	-688.2872	-855.4442	167.157	0.1279922	4.808343
3582	-688.7644	-853.9864	165.222	0.09607565	5.893519
3588	-676.8309	-843.8953	167.0644	0.07333037	4.890412
3594	-681.0935	-848.1932	167.0996	0.1698725	4.816971
3600	-664.046	-830.741	166.6951	0.046035	5.110773
3606	-678.3137	-846.2881	167.9744	0.03743851	4.400565
3612	-676.2163	-844.1829	167.9666	0.2406639	4.290182
3618	-674.665	-842.3966	167.7316	0.1009347	4.501572
3624	-674.241	-840.7891	166.5481	0.1396118	5.140351
3630	-678.511	-845.4675	166.9565	0.03845819	4.969844
3636	-665.1187	-831.3788	166.2601	0.3036412	5.208943
3642	-676.5302	-842.4486	165.9185	0.006452919	5.561081
3648	-676.6174	-842.4147	165.7973	0.02823404	5.615651
3654	-673.4619	-841.2246	167.7627	0.1379543	4.463241
3660	-676.7505	-844.9018	168.1512	0.05508264	4.290704
3666	-672.4852	-839.8114	167.3262	0.01556848	4.776633
3672	-665.9215	-831.143	165.2215	0.2753727	5.795796
3678	-678.106	-845.8296	167.7237	0.2180506	4.440122
3684	-669.9862	-836.1826	166.1964	0.06151154	5.377834
3690	-671.2274	-838.2733	167.0459	0.1492144	4.858467
3696	-667.9484	-833.9809	166.0325	0.01087571	5.495983
3702	-683.2357	-849.1267	165.891	0.1523305	5.495983
3708	-688.3629	-855.1422	166.7793	0.4047161	4.864614
3714	-684.7075	-851.7063	166.9988	0.1362998	4.891891
3720	-676.7665	-842.7221	165.9556	0.185037	5.442413
3726	-682.0045	-849.8673	167.8628	0.3075656	4.311056
3732	-681.0331	-847.7284	166.6953	0.1522231	5.051755
3738	-675.5326	-843.3523	167.8197	0.2178413	4.386091
3744	-667.5389	-835.1463	167.6074	0.3149856	4.451023
3750	-674.4846	-842.6339	168.1493	0.03207912	4.30483
3756	-659.8682	-827.1448	167.2766	0.2523006	4.671966
3762	-670.4999	-837.4732	166.9733	0.0787732	4.938103
3768	-674.6157	-841.5962	166.9805	0.07153875	4.938103
3774	-660.7517	-827.4033	166.6516	0.1075227	5.100769
3780	-675.0839	-840.816	165.7321	0.06422013	5.631709
3786	-663.966	-830.9945	167.0285	0.08816012	4.902139
3792	-673.1735	-839.8899	166.7164	0.08704293	5.076183
3798	-667.891	-835.5967	167.7057	0.1916838	4.465101
3804	-657.9106	-825.8396	167.929	0.2029716	4.332744
3810	-664.3397	-831.4449	167.1051	0.05093677	4.880195
3816	-664.3524	-831.0046	166.6522	0.142047	5.081287
3822	-670.0542	-837.2722	167.218	0.1093687	4.784682
3828	-669.7508	-838.0595	168.3087	0.09569234	4.178398
3834	-676.4553	-843.8455	167.3902	0.01094885	4.743454
3840	-684.0934	-850.4349	166.3415	0.06135747	5.297866
3846	-670.0697	-836.4634	166.3937	0.01996035	5.291921
3852	-686.8194	-853.8283	167.0089	0.005304872	4.959172
3858	-673.4004	-838.8221	165.4217	0.0728941	5.796992
3864	-675.4301	-842.2709	166.8408	0.1182758	4.989792
3870	-678.7467	-845.6053	166.8586	0.2136102	4.926895
3876	-680.6501	-848.2882	167.6381	0.09629304	4.556741
3882	-681.7991	-849.2585	167.4594	0.1432879	4.630624
3888	-666.9518	-834.7126	167.7608	0.4602595	4.282343
3894	-676.1437	-843.3404	167.1967	0.09184251	4.806313
3900	-687.6168	-852.8481	165.2313	0.3108956	5.770967
3906	-672.5361	-839.3449	166.8089	0.1474002	4.991354
3912	-668.7554	-835.0335	166.2781	0.008261582	5.362143
3918	-673.8682	-841.7465	167.8783	0.1791663	4.374847
3924	-674.0305	-842.3764	168.3459	0.2780138	4.053471
3930	-674.7228	-842.3332	167.6104	0.05120277	4.597628
3936	-668.7723	-835.7142	166.9419	0.3594369	4.799208
3942	-666.4012	-833.3799	166.9787	0.2791329	4.823467
3948	-669.8773	-836.9748	167.0974	0.1603994	4.823467
3954	-674.3118	-840.8082	166.4964	0.2271942	5.120471
3960	-675.8171	-842.4689	166.6518	0.2271942	5.034256
3966	-680.5115	-847.0272	166.5157	0.09497279	5.183013
3972	-675.8155	-842.5569	166.7415	0.1697557	5.016384
3978	-679.0182	-844.2885	165.2703	0.1650991	5.829404
3984	-685.2605	-851.5193	166.2588	0.3092104	5.206623
3990	-679.2976	-846.4376	167.14	0.3388324	4.700007
3996	-671.0799	-838.4521	167.3722	0.2968956	4.593418
4002	-678.2703	-845.2371	166.9667	0.2171903	4.864677
4008	-672.8208	-840.2278	167.407	0.1313488	4.666709
4014	-678.8883	-845.8738	166.9856	0.1480018	4.892733
4020	-679.3406	-847.3297	167.9892	0.1866684	4.307955
4026	-693.8649	-860.8268	166.962	0.02910951	4.972011
4032	-678.4316	-846.1715	167.7398	0.1216825	4.485276
4038	-692.1888	-858.0902	165.9014	0.3321984	5.391218
4044	-677.5611	-845.4393	167.8782	0.1988663	4.36376
4050	-660.3324	-828.6823	168.3499	0.08555898	4.160767
4056	-664.2267	-832.641	168.4143	0.07961429	4.127503
4062	-670.5831	-837.9564	167.3733	0.1938606	4.650539
4068	-673.1634	-839.9512	166.7879	0.149535	5.00185
4074	-685.3679	-851.4494	166.0815	0.1721512	5.380183
4080	-676.845	-844.315	167.47	0.1241877	4.635384
4086	-673.4147	-840.7718	167.3571	0.05348691	4.738155
4092	-676.4246	-843.7923	167.3676	0.04300069	4.738155
4098	-678.491	-845.914	167.423	0.02586856	4.716768
4104	-675.7116	-842.7593	167.0477	0.1625325	4.850002
4110	-677.1388	-844.2845	167.1457	0.06455471	4.850002
4116	-682.3469	-849.5494	167.2025	0.05482032	4.823772
4122	-667.9417	-835.169	167.2273	0.1638707	4.749036
4128	-672.761	-840.0958	167.3348	0.1638707	4.6889
4134	-665.7135	-833.2103	167.4968	0.02963677	4.673337
4140	-688.8469	-854.91	166.0631	0.1942401	5.378127
4146	-676.5849	-843.8953	167.3104	0.2036678	4.680303
4152	-672.6668	-839.5622	166.8954	0.1486412	4.942559
4158	-694.244	-859.5013	165.2573	0.215562	5.808901
4164	-680.1956	-847.558	167.3624	0.01101862	4.758942
4170	-676.6122	-843.2456	166.6334	0.008283024	5.165848
4176	-668.1838	-835.1328	166.949	0.2375112	4.863249
4182	-683.6134	-851.7012	168.0878	0.07097697	4.317593
4188	-674.657	-841.4711	166.8141	0.1741505	4.973581
4194	-669.5529	-836.7732	167.2203	0.1439823	4.76403
4200	-679.1821	-846.5589	167.3768	0.09642025	4.703159
4206	-674.8611	-842.6689	167.8078	0.2390154	4.380874
4212	-673.2245	-840.6003	167.3758	0.3567324	4.557803
4218	-668.8088	-835.0094	166.2006	0.05545736	5.378841
4224	-669.0659	-836.3842	167.3183	0.06554217	4.753143
4230	-669.5886	-836.9307	167.3421	0.1368094	4.699971
4236	-677.0953	-844.101	167.0058	0.2793038	4.808284
4242	-661.6401	-828.6168	166.9766	0.2126072	4.86171
4248	-669.7502	-837.1339	167.3837	0.2370234	4.620539
4254	-662.5954	-830.6155	168.0201	0.2342206	4.263538
4260	-684.4315	-850.5419	166.1104	0.06262031	5.424603
4266	-675.8584	-842.7069	166.8485	0.1344141	4.976527
4272	-678.2831	-844.9404	166.6573	0.3308661	4.97363
4278	-676.6524	-844.1376	167.4852	0.7684186	4.26391
4284	-668.8168	-835.9773	167.1605	0.06757817	4.84008
4290	-678.1502	-844.8529	166.7026	0.2730636	4.980565
4296	-676.5301	-843.6982	167.1681	0.2884098	4.712515
4302	-695.9123	-862.3373	166.425	0.1276677	5.215076
4308	-682.6947	-848.6916	165.997	0.1023989	5.465147
4314	-686.0261	-854.4055	168.3794	0.0400349	4.169863
4320	-678.6208	-845.3655	166.7447	0.05933399	5.075884
4326	-675.2164	-842.1892	166.9728	0.1050466	4.923728
4332	-661.9257	-829.2214	167.2957	0.2118033	4.683951
4338	-670.1635	-836.2804	166.1168	0.3072342	5.286147
4344	-672.3727	-839.075	166.7023	0.3072342	4.961728
4350	-680.8341	-847.2765	166.4424	0.05852123	5.243678
4356	-688.9883	-856.1758	167.1875	0.566148	4.545931
4362	-677.3447	-842.9743	165.6297	0.03353602	5.704685
4368	-677.7987	-845.4027	167.604	0.05611587	4.598449
4374	-672.0714	-838.957	166.8857	0.0974554	4.976441
4380	-680.9826	-846.7486	165.766	0.1191443	5.582915
4386	-687.2385	-854.8476	167.6091	0.3168315	4.449004
4392	-681.8502	-849.8598	168.0096	0.1571083	4.313123
4398	-681.8413	-849.1527	167.3114	0.03610647	4.773446
4404	-678.2718	-845.4767	167.2049	0.1739825	4.755879
4410	-679.5072	-844.8579	165.3507	0.3257443	5.697412
4416	-676.8546	-844.9106	168.056	0.002299171	4.3744
4422	-688.3365	-856.0299	167.6933	0.1820939	4.477451
4428	-671.5142	-839.2229	167.7087	0.05980389	4.537573
4434	-677.5543	-844.7464	167.192	0.02704386	4.845078
4440	-675.33	-842.0049	166.6749	0.04226352	5.124051
4446	-669.3028	-836.2424	166.9397	0.08929237	4.950956
4452	-680.0737	-846.9673	166.8936	0.05403741	4.99614
4458	-685.5206	-852.0789	166.5583	0.1513424	5.128207
4464	-673.3242	-840.9285	167.6043	0.388104	4.411542
4470	-674.6917	-841.4645	166.7728	0.2912593	4.931438
4476	-674.1309	-840.4993	166.3684	0.1607867	5.228067
4482	-681.0491	-848.4704	167.4213	0.01342467	4.724673
4488	-675.2531	-842.9562	167.7031	0.0112452	4.568022
4494	-672.4215	-840.8499	168.4284	0.01482081	4.156346
4500	-681.2993	-847.7552	166.4559	0.1263638	5.198736
4506	-676.9918	-844.4849	167.4931	0.2415321	4.556593
4512	-668.264	-836.0513	167.7872	0.1337359	4.451806
4518	-669.0185	-836.8112	167.7927	0.1261205	4.453032
4524	-666.2512	-833.0225	166.7713	0.1365391	5.018265
4530	-687.3956	-853.5386	166.1431	0.1789794	5.342463
4536	-691.867	-858.9374	167.0705	0.1691901	4.833603
4542	-675.1451	-841.8927	166.7476	0.07812823	5.063814
4548	-667.308	-834.9832	167.6752	0.04005853	4.567493
4554	-688.3394	-853.7825	165.4431	0.1434464	5.746684
4560	-679.1078	-845.527	166.4192	0.2868027	5.130209
4566	-671.5028	-837.9273	166.4244	0.2815682	5.130209
4572	-666.7204	-832.9185	166.1981	0.08536741	5.363727
4578	-676.436	-843.6302	167.1942	0.07108513	4.81933
4584	-663.7757	-830.911	167.1353	0.1299725	4.81933
4590	-673.1073	-839.9905	166.8832	0.2419217	4.897414
4596	-674.7126	-842.4651	167.7525	0.1141598	4.482379
4602	-675.4985	-842.4361	166.9376	0.2336676	4.87173
4608	-665.076	-832.4123	167.3363	0.01484657	4.771367
4614	-665.551	-832.0129	166.4619	0.002228234	5.264039
4620	-661.832	-828.4349	166.603	0.005630281	5.18414
4626	-688.7436	-857.4771	168.7335	0.02723067	3.975342
4632	-672.1929	-840.0976	167.9047	0.08885218	4.410885
4638	-667.5617	-835.4166	167.8549	0.1471331	4.406097
4644	-679.6393	-846.2781	166.6388	0.1325615	5.09398
4650	-678.6304	-846.1368	167.5064	0.03721645	4.663729
4656	-682.6617	-849.3746	166.7129	0.0939709	5.074327
4662	-677.0354	-843.2607	166.2253	0.1570683	5.309164
4668	-676.4596	-842.921	166.4614	0.1799298	5.16605
4674	-672.1306	-837.7935	165.6628	0.2544746	5.565257
4680	-676.3257	-843.2054	166.8797	0.2544746	4.892394
4686	-675.0862	-841.9193	166.8332	0.1847165	4.957108
4692	-682.5492	-850.611	168.0617	0.1055665	4.312778
4698	-695.8548	-863.8236	167.9689	0.198447	4.312778
4704	-676.4412	-842.8151	166.3738	0.01353004	5.306409
4710	-681.2511	-847.8287	166.5776	0.3067978	5.031256
4716	-679.676	-845.3327	165.6567	0.4510735	5.460546
4722	-677.0692	-844.6323	167.5631	0.1866896	4.548105
4728	-672.912	-840.0069	167.0948	0.03837698	4.892923
4734	-671.3129	-838.1185	166.8056	0.06283951	5.040147
4740	-670.8811	-837.2412	166.3601	0.0887051	5.272515
4746	-679.3559	-845.5661	166.2101	0.02904381	5.388146
4752	-671.7253	-839.198	167.4727	0.07156216	4.663387
4758	-675.9791	-843.2172	167.2381	0.1427176	4.754788
4764	-676.979	-844.1781	167.1991	0.1817968	4.754788
4770	-669.6954	-836.4484	166.753	0.1486862	5.02166
4776	-660.6983	-828.1764	167.4781	0.2553574	4.557281
4782	-661.0814	-828.6834	167.602	0.1314509	4.557281
4788	-675.6328	-843.8953	168.2625	0.1314509	4.18435
4794	-671.7414	-839.087	167.3456	0.03396293	4.755504
4800	-672.4486	-840.9431	168.4944	0.1743275	4.027883
4806	-679.7915	-846.1664	166.375	0.04616319	5.287766
4812	-670.7332	-837.9191	167.1859	0.2240129	4.738568
4818	-664.5112	-831.0021	166.4909	0.2314239	5.12116
4824	-671.5659	-839.2504	167.6845	0.1389538	4.5067
4830	-672.4742	-838.8781	166.4039	0.1704201	5.203087
4836	-682.6743	-849.862	167.1877	0.3731982	4.65405
4842	-672.2749	-839.0847	166.8098	0.02866238	5.056757
4848	-674.1288	-841.0363	166.9075	0.03878524	4.996917
4854	-668.8994	-835.9734	167.074	0.1315839	4.852595
4860	-671.3583	-838.1414	166.7831	0.3519602	4.891912
4866	-662.6962	-830.3907	167.6945	0.07949439	4.534489
4872	-667.4751	-834.6082	167.133	0.3254595	4.711387
4878	-678.5122	-844.8505	166.3384	0.02291292	5.320817
4884	-676.1817	-843.8819	167.7003	0.02745255	4.560504
4890	-679.0703	-846.9104	167.8401	0.04378323	4.472699
4896	-684.6913	-851.5512	166.8599	0.01374169	5.037256
4902	-685.1944	-852.2975	167.1032	0.2189248	4.787607
4908	-679.9656	-847.302	167.3364	0.09782045	4.724971
4914	-671.5607	-838.4666	166.9059	0.2146479	4.899979
4920	-666.7197	-833.7827	167.063	0.2367775	4.800042
4926	-680.3084	-847.3715	167.063	0.2367775	4.800042
4932	-683.5509	-850.5151	166.9643	0.3355359	4.800042
4938	-678.3444	-844.5208	166.1764	0.4394017	5.180139
4944	-663.8186	-830.766	166.9473	0.09200876	4.945171
4950	-664.8345	-831.668	166.8335	0.09101318	5.008994
4956	-667.507	-834.8476	167.3407	0.08126876	4.731818
4962	-660.4662	-828.5579	168.0917	0.1216448	4.286734
4968	-666.9186	-833.1689	166.2503	0.1243596	5.31342
4974	-686.5311	-852.1534	165.6224	0.08611958	5.679865
4980	-679.8735	-847.0893	167.2157	0.2233225	4.722254
4986	-681.4048	-849.0544	167.6496	0.1440995	4.523445
4992	-668.7541	-836.5194	167.7654	0.2079502	4.422321
4998	-677.5889	-844.5531	166.9642	0.2230671	4.86282
5004	-686.8675	-853.3453	166.4779	0.1428258	5.177441
5010	-673.2677	-840.5403	167.2727	0.05386962	4.785137
5016	-675.7913	-842.7626	166.9713	0.3552134	4.785137
5022	-686.2598	-853.6979	167.4381	0.2270944	4.595577
5028	-676.3066	-843.9527	167.646	0.1354266	4.530299
5034	-673.1775	-840.7903	167.6128	0.0719322	4.584641
5040	-683.9866	-851.7168	167.7302	0.1536292	4.472729
5046	-680.0512	-845.7198	165.6687	0.3495582	5.509796
5052	-681.7824	-847.6426	165.8602	0.2122858	5.479924
5058	-680.5071	-846.7547	166.2477	0.2122858	5.266332
5064	-678.186	-844.6158	166.4298	0.04808783	5.256416
5070	-673.573	-841.0134	167.4404	0.288516	4.559832
5076	-679.8634	-846.948	167.0846	0.03836413	4.898631
5082	-678.1334	-846.0846	167.9512	0.05252554	4.405179
5088	-683.362	-850.4037	167.0416	0.2560789	4.80123
5094	-681.1967	-848.5645	167.3678	0.03125839	4.744642
5100	-683.3663	-849.5953	166.2291	0.000253063	5.39359
5106	-686.0745	-852.5953	166.5208	0.0002934005	5.232535
5112	-688.0872	-855.0105	166.9233	4.956909e-05	5.009674
5118	-695.0041	-862.4707	167.4666	0.0005091435	4.706582
5124	-686.8701	-854.3645	167.4943	0.03003903	4.674514
5130	-669.5085	-836.7521	167.2436	0.09947006	4.775902
5136	-677.773	-845.268	167.4951	0.07108843	4.651125
5142	-682.9867	-849.9802	166.9935	0.1304966	4.898062
5148	-679.2171	-845.496	166.2788	0.1410655	5.288447
5154	-678.2202	-846.0331	167.8129	0.05610296	4.481066
5160	-662.5774	-829.1225	166.545	0.252585	5.079439
5166	-665.3337	-832.3982	167.0644	0.1237891	4.86228
5172	-665.0059	-831.7492	166.7433	0.1722874	5.013941
5178	-674.2056	-840.8033	166.5976	0.2972464	5.025469
5184	-684.0502	-851.0574	167.0072	0.0664373	4.926087
5190	-668.833	-835.2048	166.3719	0.1357326	5.239997
5196	-671.1991	-837.7052	166.5061	0.3461101	5.04914
5202	-676.4035	-843.1695	166.7661	0.08614704	5.04914
5208	-664.4238	-831.2282	166.8044	0.04781115	5.04914
5214	-672.4367	-838.8356	166.3989	0.08536682	5.252919
5220	-674.608	-840.7905	166.1825	0.08618245	5.371887
5226	-671.9571	-838.8976	166.9406	0.06468307	4.964141
5232	-683.6166	-850.7557	167.1391	0.09316095	4.837727
5238	-677.9082	-846.0848	168.1766	0.1703648	4.211015
5244	-674.571	-841.1974	166.6264	0.1191993	5.10825
5250	-679.2382	-845.8712	166.633	0.1177333	5.105405
5256	-673.4269	-839.8512	166.4242	0.4009296	5.064161
5262	-670.442	-835.654	165.212	0.0137071	5.943966
5268	-667.5486	-835.0472	167.4985	0.08895456	4.639175
5274	-671.3248	-839.0398	167.715	0.107056	4.507492
5280	-675.2837	-843.0815	167.7978	0.2864542	4.359736
5286	-679.8083	-846.373	166.5647	0.1185548	5.142792
5292	-677.1254	-844.5221	167.3966	0.1343684	4.670804
5298	-681.1956	-847.1217	165.926	0.1482171	5.478972
5304	-679.838	-846.5716	166.7336	0.1378107	5.038483
5310	-679.9	-845.8786	165.9786	0.079752	5.487737
5316	-681.393	-847.083	165.69	0.03426536	5.671196
5322	-691.6776	-857.665	165.9873	0.2187481	5.406399
5328	-693.0621	-859.5501	166.488	0.1316217	5.178046
5334	-682.738	-849.5453	166.8073	0.1382228	4.997345
5340	-676.0566	-842.6123	166.5557	0.3897767	4.997345
5346	-691.1741	-857.8297	166.6556	0.1456106	5.077457
5352	-692.5122	-860.4889	167.9766	0.13195	4.345973
5358	-671.9946	-839.9516	167.957	0.151586	4.345973
5364	-685.5212	-853.5257	168.0046	0.02592763	4.390064
5370	-679.5157	-844.5293	165.0136	0.03427717	6.040992
5376	-681.3351	-848.5631	167.2281	0.00521156	4.837174
5382	-679.4483	-847.0696	167.6213	0.01030316	4.61445
5388	-689.7609	-856.9658	167.2049	0.04932452	4.825505
5394	-685.2451	-851.3828	166.1376	0.09333397	5.392689
5400	-675.7948	-842.5721	166.7773	0.1956167	4.982121
5406	-681.3534	-848.3168	166.9633	0.009550808	4.982121
5412	-678.5191	-845.2342	166.7151	0.2578067	4.982121
5418	-671.5211	-838.525	167.0039	0.1324295	4.891173
5424	-664.7901	-831.8949	167.1048	0.03161576	4.891173
5430	-671.9041	-838.5457	166.6417	0.1283097	5.094766
5436	-670.6509	-837.8211	167.1702	0.2514535	4.732015
5442	-679.4655	-846.4085	166.943	0.1995656	4.887729
5448	-683.3233	-848.334	165.0106	0.4438131	5.818976
5454	-686.046	-852.6679	166.6218	0.004981255	5.174054
5460	-686.2004	-852.523	166.3226	0.001288741	5.341458
5466	-679.9674	-847.6445	167.6771	0.01332893	4.581432
5472	-689.3823	-855.7616	166.3793	0.04390696	5.286637
5478	-667.4827	-834.3695	166.8868	0.02339826	5.01694
5484	-681.8601	-848.7087	166.8486	0.06157953	5.01694
5490	-678.6585	-845.9599	167.3014	0.1288966	4.72717
5496	-685.383	-851.5055	166.1225	0.09353145	5.400918
5502	-670.7082	-838.6192	167.9109	0.03666356	4.436817
5508	-684.8167	-852.9175	168.1009	0.01900941	4.339603
5514	-678.724	-846.4003	167.6763	0.09259595	4.537358
5520	-682.3938	-848.296	165.9022	0.1794998	5.474891
5526	-668.7722	-836.4503	167.6782	0.02783019	4.572698
5532	-672.554	-838.3752	165.8212	0.0309682	5.601019
5538	-676.2119	-842.1217	165.9098	0.1998899	5.4595
5544	-670.481	-838.6762	168.1952	0.09234783	4.244688
5550	-686.8846	-853.8803	166.9957	0.1538628	4.883799
5556	-669.1744	-836.4885	167.3141	0.1005004	4.735915
5562	-673.0882	-840.7925	167.7043	0.09202782	4.521961
5568	-668.2083	-835.9007	167.6924	0.1039495	4.521961
5574	-670.6701	-837.7195	167.0494	0.1039495	4.881714
5580	-674.1442	-841.9244	167.7802	0.225279	4.404178
5586	-679.35	-847.1609	167.8109	0.1217726	4.445214
5592	-665.5853	-834.0352	168.4499	0.08667642	4.103265
5598	-679.2486	-847.6131	168.3646	0.1719842	4.103265
5604	-682.3256	-849.6087	167.2831	0.2704388	4.658201
5610	-688.9365	-855.4993	166.5628	0.1525706	5.125008
5616	-690.2215	-858.3954	168.174	0.1473264	4.225575
5622	-691.2063	-858.7762	167.5699	0.1247062	4.579103
5628	-681.413	-848.9713	167.5583	0.02274769	4.642776
5634	-684.5072	-851.6024	167.0952	0.2563152	4.771175
5640	-677.0726	-843.6659	166.5933	0.2458205	5.056422
5646	-666.6334	-833.953	167.3196	0.06436741	4.753047
5652	-669.1159	-834.2505	165.1346	0.0349995	5.974613
5658	-670.0603	-837.3021	167.2418	0.1282774	4.760825
5664	-681.4399	-848.6311	167.1912	0.0126378	4.853589
5670	-691.6941	-858.242	166.548	0.001933335	5.216609
5676	-682.6953	-850.0485	167.3532	0.00330875	4.768371
5682	-687.1422	-854.3648	167.2226	0.03178855	4.825379
5688	-676.0379	-843.6354	167.5975	0.09854978	4.578268
5694	-682.0485	-849.0489	167.0004	0.00413207	4.964547
5700	-674.7474	-841.2884	166.541	0.2011357	5.110209
5706	-664.6383	-830.8757	166.2375	0.3347455	5.204277
5712	-682.4695	-849.0319	166.5624	0.05681071	5.178258
5718	-668.9849	-834.54	165.5551	0.252501	5.62549
5724	-667.4897	-834.1419	166.6522	0.1013384	5.103899
5730	-682.0828	-849.287	167.2042	0.3716452	4.645695
5736	-687.4222	-854.816	167.3938	0.04547991	4.72212
5742	-687.4112	-854.8051	167.3938	0.04547991	4.72212
5748	-693.8566	-860.1382	166.2816	0.04423742	5.340381
5754	-685.5217	-852.6438	167.1222	0.2118989	4.780932
5760	-679.8474	-846.727	166.8796	0.2411142	4.899896
5766	-681.5475	-848.4021	166.8546	0.3091362	4.875951
5772	-676.3901	-842.664	166.2739	0.2487318	5.231698
5778	-665.4025	-831.8835	166.481	0.04160968	5.231698
5784	-669.2078	-836.4711	167.2634	0.06782014	4.782542
5790	-672.6295	-840.2497	167.6201	0.04433848	4.596006
5796	-678.5349	-845.2989	166.764	0.04955082	5.070585
5802	-673.2692	-839.6484	166.3792	0.1284802	5.239978
5808	-679.2298	-846.434	167.2042	0.08371351	4.806697
5814	-677.3353	-844.6447	167.3094	0.2696778	4.643881
5820	-668.903	-836.1948	167.2919	0.1492257	4.721124
5826	-675.8781	-843.3028	167.4247	0.01638281	4.721124
5832	-667.5203	-835.4019	167.8815	0.002009651	4.472879
5838	-678.4954	-845.3999	166.9045	0.009718372	5.014714
5844	-678.0061	-844.3812	166.3751	0.0005523363	5.312896
5850	-690.1887	-856.5298	166.3411	0.0001976536	5.331861
5856	-674.54	-841.6942	167.1542	0.06166885	4.846883
5862	-676.2701	-842.6638	166.3937	0.3884754	5.087993
5868	-688.7034	-854.7336	166.0301	0.3953555	5.285362
5874	-670.1654	-837.7513	167.5859	0.1861186	4.535623
5880	-688.6715	-855.9372	167.2657	0.0504281	4.790957
5886	-675.1608	-841.7396	166.5788	0.07493153	5.159145
5892	-670.2168	-838.035	167.8183	0.1277239	4.437719
5898	-676.5053	-842.4368	165.9315	0.1377308	5.481764
5904	-686.4159	-853.5306	167.1146	0.1779683	4.804066
5910	-684.6782	-852.2748	167.5966	0.3945094	4.412263
5916	-690.6264	-857.1458	166.5194	0.08061222	5.188917
5922	-677.4274	-844.3135	166.8861	0.1575672	4.942744
5928	-679.3914	-846.0654	166.674	0.1575672	5.060598
5934	-691.2492	-857.8896	166.6404	0.2080388	5.051262
5940	-690.8059	-856.8375	166.0316	0.2474756	5.366163
5946	-682.1713	-849.0894	166.9181	0.2474756	4.874912
5952	-689.4286	-857.0244	167.5958	0.05194594	4.605368
5958	-695.337	-861.6351	166.2981	0.4087091	5.129757
5964	-678.7368	-845.9673	167.2305	0.08849645	4.789332
5970	-683.8186	-851.1737	167.3551	0.007484807	4.765014
5976	-680.3411	-846.5997	166.2586	0.1231621	5.30952
5982	-682.1598	-848.6678	166.508	0.1255119	5.170338
5988	-687.5481	-853.2256	165.6775	0.2168396	5.577875
5994	-682.9293	-849.027	166.0977	0.1171022	5.401564
6000	-684.7816	-850.9584	166.1767	0.1858835	5.320078
6006	-679.3353	-846.3174	166.9821	0.1401232	4.89905
6012	-678.9842	-846.328	167.3439	0.3322484	4.589459
6018	-680.3471	-845.7507	165.4036	0.1129832	5.784973
6024	-676.3493	-842.2188	165.8695	0.07188155	5.552008
6030	-679.1601	-846.0536	166.8935	0.007357579	5.022147
6036	-668.4126	-835.8207	167.4081	0.04308224	4.715459
6042	-676.5419	-843.9541	167.4122	0.09335256	4.685056
6048	-676.1643	-843.5246	167.3603	0.0592196	4.73319
6054	-679.7538	-847.5578	167.804	0.05652696	4.485832
6060	-681.5829	-847.7449	166.162	0.04537064	5.405669
6066	-686.98	-853.1521	166.1721	0.175943	5.32814
6072	-677.9697	-845.2779	167.3082	0.4376713	4.550302
6078	-684.1367	-849.0774	164.9407	0.229221	5.974426
6084	-678.5448	-844.8366	166.2918	0.09267493	5.307993
6090	-674.6374	-841.5333	166.8959	0.1777389	4.926091
6096	-674.6285	-842.2	167.5714	0.01097016	4.642005
6102	-674.6778	-842.0966	167.4188	0.03884061	4.711865
6108	-668.256	-835.9169	167.6608	0.02426154	4.584431
6114	-688.4889	-856.4603	167.9715	0.07535226	4.38086
6120	-680.9755	-847.6253	166.6498	0.3873776	4.946368
6126	-686.1758	-852.2678	166.0919	0.469889	5.210025
6132	-686.7902	-854.0934	167.3033	0.226357	4.671585
6138	-685.6017	-852.7809	167.1792	0.4995532	4.587966
6144	-673.5544	-840.577	167.0226	0.3447725	4.762342
6150	-669.0909	-836.1013	167.0105	0.08863831	4.911927
6156	-677.1684	-844.1324	166.9641	0.4644703	4.728131
6162	-674.1482	-841.1433	166.9951	0.2510483	4.829981
6168	-682.6391	-849.0365	166.3974	0.3337203	5.116301
6174	-683.2048	-849.5956	166.3908	0.04828459	5.277862
6180	-679.336	-846.7397	167.4037	0.1389501	4.664264
6186	-692.2976	-860.3224	168.0247	0.10055	4.336531
6192	-688.8788	-856.6494	167.7706	0.3546939	4.336531
6198	-680.2558	-848.3393	168.0835	0.04181897	4.336531
6204	-681.1573	-848.3229	167.1656	0.009133449	4.869827
6210	-686.3666	-854.1078	167.7412	0.004126491	4.550607
6216	-676.0633	-843.5322	167.4689	0.02736765	4.690247
6222	-664.9646	-832.4695	167.5049	0.1424353	4.605611
6228	-664.0647	-832.0942	168.0295	0.05312294	4.360655
6234	-665.3787	-832.4459	167.0672	0.3658927	4.725616
6240	-664.893	-832.2631	167.3701	0.0629764	4.725616
6246	-673.4835	-839.6167	166.1332	0.09158291	5.396086
6252	-663.2503	-830.6657	167.4155	0.1408427	4.656641
6258	-669.5803	-837.8886	168.3083	0.2142777	4.111209
6264	-676.1807	-843.4329	167.2522	0.4207641	4.591259
6270	-676.4351	-843.932	167.4968	0.1637933	4.598159
6276	-690.3283	-857.5736	167.2453	0.32472	4.64898
6282	-672.7225	-840.1346	167.4121	0.1578343	4.64898
6288	-681.0251	-847.0555	166.0304	0.1325125	5.430157
6294	-673.6429	-839.7582	166.1153	0.1695591	5.362974
6300	-670.1009	-836.4825	166.3816	0.0898095	5.260004
6306	-667.8848	-836.1118	168.227	0.205537	4.162398
6312	-671.5136	-837.6734	166.1598	0.07518952	5.390461
6318	-668.2596	-834.3153	166.0557	0.1470911	5.408202
6324	-667.6086	-835.0355	167.427	0.2952309	4.563593
6330	-674.0955	-841.0708	166.9753	0.2808527	4.82441
6336	-679.1611	-846.2512	167.0901	0.05949674	4.883816
6342	-675.3764	-842.2016	166.8253	0.3419494	4.873983
6348	-680.9748	-846.7024	165.7276	0.3974387	5.45103
6354	-663.141	-829.0831	165.9421	0.1640899	5.461382
6360	-669.3234	-837.4885	168.1651	0.1037704	4.25527
6366	-673.7217	-841.7748	168.0531	0.1561324	4.289078
6372	-673.3431	-839.2718	165.9287	0.1189701	5.493602
6378	-687.771	-855.2504	167.4793	0.3084623	4.526758
6384	-687.8576	-855.3362	167.4786	0.3178991	4.521866
6390	-666.1438	-832.9035	166.7598	0.1753174	5.003133
6396	-664.62	-832.0242	167.4042	0.09631533	4.68786
6402	-677.3492	-845.0639	167.7147	0.1383067	4.490048
6408	-669.8998	-836.6388	166.739	0.08253924	5.066159
6414	-680.8762	-847.3012	166.425	0.1276749	5.215095
6420	-677.6262	-844.7374	167.1112	0.2228412	4.780932
6426	-677.269	-843.4467	166.1777	0.1783822	5.323678
6432	-680.3896	-848.445	168.0554	0.02231137	4.36342
6438	-664.0651	-832.3276	168.2624	0.003221012	4.257123
6444	-665.4244	-832.4014	166.9771	0.006576774	4.976156
6450	-667.7311	-834.4627	166.7316	0.04832147	5.089223
6456	-671.8488	-839.1747	167.3259	0.06328207	4.750135
6462	-673.3826	-840.9727	167.5901	0.07755978	4.59421
6468	-670.6589	-837.928	167.269	0.2376784	4.684411
6474	-675.452	-843.8343	168.3824	0.1266855	4.118913
6480	-678.3436	-844.599	166.2554	0.3230406	5.200842
6486	-670.4929	-838.7039	168.2109	0.149296	4.203496
6492	-668.8545	-835.2342	166.3797	0.08174022	5.265505
6498	-668.8751	-836.4597	167.5846	0.115289	4.576141
6504	-676.0119	-843.1475	167.1355	0.03698147	4.871041
6510	-675.2077	-841.5831	166.3754	0.2258777	5.188204
6516	-675.9241	-842.4481	166.5241	0.07720305	5.188204
6522	-671.6121	-839.0599	167.4477	0.07824567	4.67362
6528	-667.9952	-834.3157	166.3205	0.1712762	5.248738
6534	-675.8394	-844.3014	168.462	0.1170945	4.079048
6540	-681.7043	-847.6125	165.9082	0.267506	5.423109
6546	-676.9454	-842.3555	165.41	0.2325596	5.715975
6552	-684.3869	-851.481	167.0941	0.2226776	4.790565
6558	-682.7951	-848.8452	166.0501	0.286473	5.334452
6564	-671.7542	-839.0275	167.2733	0.008795349	4.809909
6570	-667.358	-835.4651	168.1072	0.02982466	4.329929
6576	-668.2796	-835.1432	166.8636	0.008154343	5.038319
6582	-684.6831	-852.5711	167.888	0.0009459586	4.469851
6588	-683.3057	-849.9311	166.6255	0.001333805	5.174061
6594	-682.3849	-849.6865	167.3016	0.01771921	4.789173
6600	-682.8669	-849.2263	166.3594	0.005356321	5.318897
6606	-673.6297	-839.6852	166.0556	0.1075571	5.430041
6612	-676.2973	-843.8844	167.5871	0.2173983	4.517378
6618	-676.0745	-843.6616	167.5871	0.2173983	4.517378
6624	-669.4688	-837.878	168.4092	0.06156799	4.140687
6630	-673.6927	-840.1515	166.4588	0.08985809	5.217302
6636	-677.72	-845.6786	167.9586	0.2637222	4.281657
6642	-693.8505	-861.6937	167.8432	0.2388987	4.360916
6648	-678.4178	-846.0685	167.6508	0.1171592	4.537921
6654	-676.9541	-844.8346	167.8805	0.1447162	4.393047
6660	-669.6024	-836.0103	166.408	0.1153138	5.231337
6666	-682.8726	-849.9963	167.1237	0.3559444	4.699564
6672	-681.3921	-847.331	165.9389	0.1791804	5.454844
6678	-680.8637	-847.9173	167.0536	0.1426011	4.85784
6684	-672.2566	-839.3052	167.0486	0.1475486	4.85784
6690	-667.3681	-834.1365	166.7684	0.08782188	5.046942
6696	-670.0051	-837.4215	167.4164	0.08782188	4.685798
6702	-683.6643	-850.8421	167.1778	0.0807939	4.823023
6708	-679.6711	-846.6716	167.0005	0.2287133	4.839439
6714	-679.144	-846.1015	166.9575	0.2283072	4.863619
6720	-686.9606	-854.0789	167.1184	0.494071	4.625189
6726	-675.023	-841.2343	166.2113	0.2554165	5.2626
6732	-669.5339	-835.0569	165.523	0.1110838	5.720632
6738	-670.909	-838.6333	167.7242	0.1213353	4.494257
6744	-686.0221	-852.3651	166.343	0.1244025	5.262203
6750	-678.9727	-845.2909	166.3181	0.3100074	5.17333
6756	-678.1942	-845.7353	167.5411	0.1534394	4.579108
6762	-668.06	-835.7346	167.6746	0.01992942	4.579108
6768	-683.267	-850.1978	166.9308	0.2021828	4.893068
6774	-677.4902	-844.9977	167.5075	0.04157544	4.660712
6780	-681.5564	-848.8085	167.2521	0.1750213	4.72893
6786	-667.1024	-834.1957	167.0933	0.1520131	4.830459
6792	-672.4623	-838.8925	166.4302	0.07881023	5.239215
6798	-668.8447	-835.5457	166.7011	0.09237441	5.081745
6804	-672.2591	-838.9421	166.683	0.02513629	5.129011
6810	-670.6351	-838.2342	167.5992	0.002948561	4.630963
6816	-673.7413	-840.8848	167.1436	0.01643444	4.878008
6822	-681.3698	-848.8303	167.4605	0.09732804	4.655786
6828	-678.8311	-844.917	166.0859	0.3002797	5.307076
6834	-670.2097	-838.0578	167.8481	0.2144022	4.372005
6840	-668.5007	-835.8926	167.3919	0.06514184	4.712198
6846	-676.6371	-841.5436	164.9065	0.1124924	6.05675
6852	-663.6202	-830.9559	167.3357	0.2070066	4.664275
6858	-670.5816	-837.1675	166.5859	0.1414438	5.118411
6864	-683.1995	-849.6306	166.431	0.2212114	5.159985
6870	-682.473	-848.8086	166.3356	0.2144883	5.216486
6876	-668.0384	-835.0183	166.9799	0.01455497	4.970141
6882	-671.633	-839.2554	167.6224	0.1919683	4.511788
6888	-678.7678	-844.8472	166.0794	0.2458456	5.340676
6894	-674.2768	-841.7946	167.5178	0.3068653	4.506041
6900	-679.1791	-845.0514	165.8723	0.2900431	5.4305
6906	-673.9919	-840.8164	166.8245	0.03511548	5.045031
6912	-669.4014	-837.0303	167.6289	0.01451948	4.607812
6918	-675.5507	-843.977	168.4263	0.003297388	4.164108
6924	-672.2878	-839.3595	167.0717	0.2505278	4.787515
6930	-669.5182	-837.1537	167.6355	0.02045077	4.600787
6936	-682.9226	-849.4921	166.5695	0.07069372	5.166647
6942	-690.3388	-855.8606	165.5219	0.2261136	5.658199
6948	-684.572	-849.7403	165.1683	0.03319659	5.957187
6954	-670.2924	-836.0717	165.7794	0.03919676	5.619481
6960	-665.3068	-831.7619	166.4551	0.250807	5.130252
6966	-663.9107	-831.219	167.3083	0.03688837	4.774686
6972	-666.5971	-833.7312	167.1341	0.2111643	4.774686
6978	-688.9929	-854.917	165.9241	0.1339539	5.487906
6984	-677.9944	-844.5248	166.5304	0.180227	5.127671
6990	-666.8796	-834.0172	167.1376	0.104545	4.832195
6996	-667.9412	-835.0894	167.1482	0.0633943	4.849257
7002	-680.5104	-848.4123	167.9019	0.150774	4.377532
7008	-675.0793	-841.6535	166.5743	0.1045353	5.145286
7014	-663.2915	-831.1813	167.8898	0.07115037	4.429298
7020	-668.2573	-835.6002	167.3429	0.1853462	4.672328
7026	-661.7867	-828.3778	166.5912	0.1300028	5.121819
7032	-666.7319	-833.5896	166.8578	0.01002653	5.040505
7038	-675.3078	-841.2366	165.9288	0.1960261	5.451151
7044	-666.9426	-834.2305	167.288	0.2536683	4.66485
7050	-671.0839	-838.1132	167.0293	0.1488198	4.867924
7056	-676.6276	-842.9265	166.2989	0.1769604	5.257549
7062	-685.1475	-850.8904	165.7429	0.2040405	5.548994
7068	-678.0626	-845.5666	167.504	0.02349892	4.672747
7074	-672.5573	-839.2419	166.6846	0.2223968	5.018731
7080	-687.9393	-854.3926	166.4533	0.1040138	5.212525
7086	-683.975	-851.5157	167.5406	0.1126799	4.602259
7092	-682.1745	-849.7476	167.5731	0.1814495	4.545428
7098	-679.5006	-846.2434	166.7428	0.1906411	5.00404
7104	-678.8	-844.6805	165.8805	0.2009804	5.474983
7110	-687.1165	-852.9731	165.8567	0.1015864	5.542758
7116	-683.5337	-851.1149	167.5812	0.1318313	4.568742
7122	-684.394	-851.2182	166.8242	0.4347763	4.822808
7128	-678.3444	-845.5908	167.2464	0.03335278	4.81125
7134	-674.417	-841.6452	167.2282	0.05157248	4.81125
7140	-682.0854	-849.6781	167.5926	0.02991035	4.619508
7146	-682.2009	-849.5664	167.3655	0.01436442	4.755343
7152	-669.1017	-835.9838	166.8821	0.3131923	4.858353
7158	-676.0806	-842.8425	166.7618	0.4523746	4.847798
7164	-682.9941	-848.8825	165.8884	0.50277	5.304336
7170	-679.8761	-844.9935	165.1174	0.448468	5.757987
7176	-672.048	-839.3582	167.3102	0.1183679	4.728113
7182	-679.2671	-846.4503	167.1832	0.09656632	4.81125
7188	-688.2548	-856.316	168.0612	0.1009304	4.315732
7194	-688.1111	-855.7456	167.6345	0.1022927	4.555421
7200	-681.5842	-848.5193	166.9351	0.07569766	4.961035
7206	-682.3172	-850.2894	167.9722	0.1088937	4.361508
7212	-674.7384	-842.1851	167.4467	0.418097	4.483443
7218	-674.6427	-841.9803	167.3377	0.1817728	4.677288
7224	-668.8216	-835.4744	166.6529	0.1758493	5.06218
7230	-674.3567	-841.687	167.3303	0.05631925	4.751584
7236	-675.6708	-843.2565	167.5858	0.1172354	4.574377
7242	-680.2037	-847.3863	167.1827	0.1689326	4.771138
7248	-679.2785	-846.5687	167.2901	0.06145241	4.771138
7254	-685.0157	-851.8781	166.8624	0.1014547	4.987164
7260	-675.2791	-842.3601	167.0811	0.05104356	4.893545
7266	-694.4155	-861.6441	167.2286	0.1707297	4.744474
7272	-671.8964	-838.6415	166.7451	0.1593857	5.02015
7278	-678.2859	-845.5412	167.2553	0.01558495	4.816212
7284	-686.2396	-853.8327	167.5931	0.001843212	4.63497
7290	-675.492	-842.3544	166.8624	0.1965691	4.934262
7296	-664.8247	-832.4623	167.6376	0.02153348	4.599019
7302	-675.0988	-840.7262	165.6274	0.01656909	5.715213
7308	-662.3224	-829.3303	167.0079	0.01649436	4.953496
7314	-672.7368	-840.2412	167.5044	0.05290334	4.656101
7320	-683.163	-850.4983	167.3353	0.4016088	4.555353
7326	-674.5617	-842.9601	168.3984	0.3375146	3.989525
7332	-677.3059	-845.1663	167.8604	0.2099612	4.367571
7338	-679.5048	-845.5022	165.9974	0.2300943	5.394596
7344	-677.4155	-844.7441	167.3286	0.08645983	4.735681
7350	-684.1459	-851.29	167.1441	0.1326436	4.812932
7356	-677.2782	-845.215	167.9368	0.0494581	4.415037
7362	-679.5525	-847.3036	167.751	0.03880438	4.525596
7368	-691.3951	-856.4674	165.0723	0.08964895	5.97875
7374	-690.3519	-856.8123	166.4604	0.1899717	5.161001
7380	-679.8434	-845.9801	166.1367	0.1286212	5.373758
7386	-681.9742	-849.3877	167.4134	0.1237216	4.667364
7392	-687.9078	-853.9489	166.0411	0.2408609	5.364553
7398	-677.658	-844.919	167.261	0.06194579	4.787151
7404	-687.7061	-854.2466	166.5406	0.05031511	5.193948
7410	-671.864	-838.0397	166.1757	0.09426055	5.371182
7416	-676.9853	-844.6743	167.6889	0.2058025	4.466592
7422	-668.2667	-834.172	165.9053	0.2058025	5.458705
7428	-668.953	-835.3821	166.4291	0.0553287	5.252818
7434	-683.2012	-850.9861	167.785	0.05249186	4.498821
7440	-672.7856	-840.4837	167.6981	0.04012895	4.554571
7446	-679.0137	-847.0558	168.0421	0.06902638	4.344536
7452	-686.711	-852.7542	166.0432	0.1553632	5.410524
7458	-688.0473	-853.5313	165.4841	0.401094	5.582913
7464	-682.6654	-850.5698	167.9044	0.196708	4.350208
7470	-666.173	-833.6792	167.5062	0.02181125	4.672483
7476	-669.6463	-837.0284	167.3821	0.01882455	4.743596
7482	-673.2259	-839.8375	166.6116	0.02756938	5.167203
7488	-681.1436	-848.3522	167.2086	0.03651062	4.830556
7494	-680.1252	-847.1462	167.021	0.3641741	4.752387
7500	-678.6154	-845.9955	167.3802	0.1454154	4.673846
7506	-688.0481	-855.3263	167.2782	0.1386454	4.734689
7512	-680.737	-847.1325	166.3956	0.1821812	5.201219
7518	-686.0868	-852.8553	166.7684	0.1669316	5.002974
7524	-682.6359	-849.2946	166.6586	0.09715685	5.102618
7530	-668.8048	-836.3193	167.5145	0.04030789	4.657461
7536	-683.4255	-849.1878	165.7623	0.4101612	5.424923
7542	-695.1994	-861.2552	166.0558	0.1225796	5.421629
7548	-680.1568	-847.4675	167.3107	0.05130034	4.76534
7554	-686.2797	-852.6532	166.3736	0.3477931	5.121705
7560	-676.0773	-842.1713	166.0939	0.1403037	5.390887
7566	-670.5234	-837.6112	167.0879	0.2580522	4.774303
7572	-676.7221	-844.2329	167.5108	0.1433884	4.601741
7578	-674.3217	-841.248	166.9263	0.188838	4.903
7584	-673.984	-842.4873	168.5033	0.09089602	4.070431
7590	-686.5241	-854.588	168.064	0.2965483	4.203313
7596	-677.6711	-844.9981	167.327	0.09999774	4.729025
7602	-675.6601	-841.6063	165.9462	0.1204148	5.483181
7608	-670.1895	-837.161	166.9715	0.100211	4.927179
7614	-671.1943	-838.7746	167.5804	0.1860498	4.538751
7620	-665.3109	-832.8445	167.5336	0.2088321	4.552218
7626	-669.5823	-835.9546	166.3723	0.2088321	5.199341
7632	-671.7232	-838.5409	166.8177	0.2033288	4.955379
7638	-683.7076	-849.6142	165.9066	0.2378692	5.440332
7644	-685.3042	-850.4207	165.1165	0.3196781	5.828952
7650	-672.0341	-838.3455	166.3114	0.06555436	5.312156
7656	-679.5199	-846.5598	167.0398	0.06113469	4.910891
7662	-667.7376	-834.2759	166.5383	0.04983432	5.195461
7668	-676.6602	-843.5267	166.8665	0.1338505	4.96688
7674	-662.6526	-830.6112	167.9586	0.2892127	4.267216
7680	-670.6337	-837.5138	166.8801	0.6109905	4.693123
7686	-662.2561	-829.9801	167.724	0.02530375	4.548386
7692	-665.7167	-831.4122	165.6955	0.2349847	5.558042
7698	-689.277	-854.434	165.1571	0.07938249	5.938109
7704	-676.4246	-843.9084	167.4838	0.3009725	4.528471
7710	-695.5855	-863.0139	167.4285	0.2541181	4.585843
7716	-679.9016	-846.5719	166.6703	0.07688912	5.107403
7722	-681.3408	-849.1566	167.8157	0.008086734	4.506499
7728	-668.4249	-835.5163	167.0914	0.02464776	4.902481
7734	-668.5162	-836.0824	167.5662	0.0007917272	4.650656
7740	-670.1232	-836.8855	166.7623	0.0007917272	5.098569
7746	-682.4831	-848.7985	166.3154	0.0009684715	5.345603
7752	-675.765	-842.0562	166.2912	0.02517528	5.345603
7758	-679.3482	-845.2721	165.9238	0.1648243	5.471057
7764	-676.0912	-842.8008	166.7096	0.385849	4.913931
7770	-680.8831	-846.8816	165.9986	0.09805176	5.466664
7776	-680.93	-847.55	166.6199	0.2970503	5.013179
7782	-665.2126	-832.8081	167.5955	0.06599515	4.597643
7788	-666.6167	-834.4869	167.8702	0.1653524	4.387223
7794	-669.97	-837.7003	167.7303	0.09542098	4.505428
7800	-668.9058	-836.3923	167.4865	0.04656604	4.669666
7806	-680.2659	-848.4265	168.1606	0.1660344	4.222569
7812	-684.9061	-851.8405	166.9345	0.1056635	4.94474
7818	-671.229	-837.1085	165.8795	0.2407836	5.453642
7824	-672.6617	-839.9862	167.3245	0.1510175	4.701875
7830	-672.3903	-839.8183	167.428	0.1092429	4.667339
7836	-675.5297	-843.5662	168.0365	0.2280365	4.257741
7842	-678.11	-846.0899	167.9798	0.2277099	4.290012
7848	-678.0176	-844.9753	166.9577	0.3052453	4.8206
7854	-690.5448	-856.7126	166.1678	0.02410483	5.414217
7860	-671.0684	-838.7818	167.7133	0.04032044	4.545935
7866	-671.0816	-837.7756	166.694	0.1611824	5.047479
7872	-685.5786	-853.3471	167.7685	0.2425122	4.401058
7878	-688.1779	-856.403	168.2251	0.04055545	4.257119
7884	-678.3027	-845.8128	167.5101	0.112947	4.619236
7890	-673.0326	-839.4716	166.439	0.06853476	5.240045
7896	-686.0128	-853.2178	167.205	0.006550119	4.849279
7902	-689.2079	-856.0586	166.8507	0.02256869	5.037479
7908	-685.3616	-851.4469	166.0853	0.08371152	5.426832
7914	-679.575	-846.6581	167.0831	0.2145526	4.801229
7920	-676.3362	-843.0962	166.76	0.2891738	4.939715
7926	-673.1808	-839.2596	166.0788	0.2074126	5.362235
7932	-673.2343	-840.5104	167.276	0.06178221	4.778833
7938	-682.332	-850.2083	167.8763	0.1311475	4.403095
7944	-680.8404	-847.1006	166.2602	0.05225383	5.34775
7950	-686.5341	-851.4286	164.8945	0.03857754	6.103559
7956	-681.0828	-846.2141	165.1313	0.01300809	5.988392
7962	-677.0621	-842.1885	165.1264	0.01790209	5.988392
7968	-672.8871	-840.2547	167.3676	0.1050873	4.70345
7974	-679.6535	-846.3474	166.694	0.3034009	4.968518
7980	-686.5123	-854.2676	167.7553	0.2091406	4.427329
7986	-678.196	-845.5837	167.3877	0.1630644	4.65976
7992	-673.6956	-840.7923	167.0967	0.04060511	4.890646
7998	-671.7695	-838.1833	166.4138	0.05769502	5.259959
8004	-673.7526	-840.1412	166.3885	0.08295059	5.259959
8010	-674.5744	-842.0416	167.4672	0.01975296	4.695449
8016	-676.0977	-842.365	166.2674	0.02173727	5.360636
8022	-666.5573	-833.1585	166.6012	0.0787586	5.144616
8028	-670.6928	-837.394	166.7012	0.1536735	5.047654
8034	-676.741	-844.1238	167.3828	0.07174527	4.713581
8040	-682.3472	-849.5475	167.2004	0.0227812	4.842806
8046	-677.6458	-844.0742	166.4284	0.3866536	5.069764
8052	-690.5597	-857.1372	166.5775	0.03250797	5.183375
8058	-683.4275	-851.0727	167.6452	0.1033454	4.548813
8064	-674.9297	-841.4767	166.547	0.2565618	5.076151
8070	-674.4001	-841.4866	167.0865	0.1929499	4.811414
8076	-686.635	-853.1203	166.4853	0.1646644	5.161249
8082	-678.266	-844.6129	166.3469	0.2749316	5.176837
8088	-682.0273	-849.4403	167.413	0.1200125	4.669707
8094	-672.6088	-838.4711	165.8622	0.0992713	5.540989
8100	-674.4955	-841.3518	166.8563	0.05563375	5.015979
8106	-673.0577	-839.9956	166.9379	0.2906857	4.839762
8112	-673.0044	-839.3048	166.3004	0.009916345	5.348928
8118	-678.4345	-845.7778	167.3433	0.05785379	4.743457
8124	-684.3198	-851.431	167.1112	0.007477196	4.901033
8130	-683.5605	-850.9367	167.3762	0.1201818	4.690179
8136	-688.1908	-856.2157	168.0249	0.06234822	4.358046
8142	-680.1495	-845.9749	165.8254	0.01041749	5.609989
8148	-678.0144	-844.3774	166.3631	0.1960086	5.211546
8154	-688.7232	-856.438	167.7148	0.168396	4.473085
8160	-687.65	-854.9371	167.2871	0.03544372	4.787356
8166	-687.6299	-855.9346	168.3046	0.1209675	4.166357
8172	-676.2569	-842.7536	166.4966	0.002030688	5.244948
8178	-668.6843	-835.1643	166.48	0.01862888	5.244948
8184	-671.6783	-838.2031	166.5247	0.01862888	5.220226
8190	-672.6745	-840.082	167.4075	0.01483276	4.731611
8196	-674.2733	-841.6624	167.3891	0.03321721	4.731611
8202	-692.2623	-859.6797	167.4174	0.06381788	4.698697
8208	-683.5306	-849.4527	165.9222	0.3094804	5.392309
8214	-662.9614	-830.5281	167.5667	0.1189257	4.584118
8220	-665.5409	-831.8189	166.278	0.01915598	5.356194
8226	-666.0777	-833.5078	167.4301	0.005530522	4.724174
8232	-683.641	-850.4939	166.8529	0.2376477	4.916695
8238	-686.6365	-852.9123	166.2759	0.3877828	5.15366
8244	-688.1526	-855.3736	167.221	0.07838802	4.800286
8250	-681.2588	-848.1163	166.8576	0.1842988	4.943766
8256	-693.3773	-860.467	167.0898	0.2272488	4.790432
8262	-685.5623	-852.904	167.3417	0.2386422	4.643173
8268	-683.3251	-850.3027	166.9776	0.08471248	4.932423
8274	-682.8094	-849.2467	166.4373	0.2137932	5.160608
8280	-673.0811	-839.9132	166.8321	0.3159802	4.884652
8286	-673.6194	-839.849	166.2296	0.3884969	5.178885
8292	-675.7624	-843.2423	167.48	0.06229686	4.664503
8298	-674.9191	-842.3478	167.4287	0.4709473	4.463817
8304	-675.5456	-842.5646	167.0191	0.05995475	4.923095
8310	-666.9071	-834.5534	167.6463	0.07682244	4.563055
8316	-680.8904	-848.3731	167.4827	0.2404689	4.563055
8322	-681.5651	-848.6733	167.1083	0.07063184	4.867476
8328	-677.8863	-844.6241	166.7377	0.05514667	5.082073
8334	-669.6326	-836.4024	166.7697	0.04213327	5.071536
8340	-666.2652	-833.7532	167.488	0.1958092	4.585154
8346	-668.9802	-836.0214	167.0412	0.1958092	4.835089
8352	-669.9026	-837.7172	167.8147	0.08871631	4.461715
8358	-669.137	-837.1218	167.9849	0.3236881	4.232794
8364	-669.0388	-835.8993	166.8605	0.11723	4.979448
8370	-686.6422	-853.9212	167.279	0.09938787	4.756183
8376	-670.8985	-837.9997	167.1013	0.2921885	4.74774
8382	-686.3006	-853.5945	167.2939	0.1500427	4.719534
8388	-678.9431	-846.4648	167.5217	0.07223357	4.635567
8394	-669.8322	-837.3115	167.4793	0.0615406	4.665294
8400	-669.646	-835.99	166.344	0.2724457	5.179802
8406	-670.6836	-836.5711	165.8875	0.321743	5.404665
8412	-670.2459	-837.8041	167.5582	0.4078995	4.426378
8418	-682.0534	-849.8183	167.7648	0.1143378	4.47534
8424	-675.3669	-841.9639	166.5971	0.0498207	5.162953
8430	-678.2728	-843.5397	165.2668	0.1108668	5.860941
8436	-682.8174	-849.2275	166.41	0.2941632	5.131206
8442	-678.687	-846.5514	167.8644	0.1739675	4.385624
8448	-693.59	-860.1281	166.5382	0.1280277	5.152258
8454	-684.7926	-850.6525	165.8599	0.1343718	5.522986
8460	-687.4144	-853.7097	166.2954	0.3814608	5.146377
8466	-681.776	-848.0764	166.3004	0.1926716	5.248051
8472	-670.1068	-836.4183	166.3114	0.01386104	5.340674
8478	-668.6629	-836.3434	167.6804	0.01300678	4.579758
8484	-681.9403	-849.9598	168.0196	0.01795357	4.386108
8490	-671.0181	-837.853	166.8349	0.03698969	5.038238
8496	-679.1435	-845.8636	166.7201	0.1517962	5.038238
8502	-677.89	-844.2806	166.3906	0.2223046	5.181776
8508	-682.5366	-850.4217	167.8851	0.02283226	4.459177
8514	-680.5274	-846.715	166.1876	0.03336577	5.398203
8520	-671.1614	-836.8571	165.6957	0.103967	5.629835
8526	-669.9785	-837.5478	167.5693	0.1978741	4.538348
8532	-671.9007	-839.6111	167.7104	0.1999659	4.45781
8538	-677.5871	-844.0945	166.5075	0.09591863	5.187033
8544	-677.733	-845.6129	167.8799	0.08116663	4.429201
8550	-678.4084	-846.3138	167.9054	0.3087633	4.286263
8556	-675.8106	-841.4081	165.5975	0.3033563	5.574314
8562	-683.9542	-851.7572	167.803	0.1597348	4.428295
8568	-683.9907	-850.5008	166.5101	0.1283503	5.16762
8574	-683.2929	-850.6578	167.3649	0.1542389	4.677452
8580	-680.1969	-845.3958	165.1989	0.3102215	5.789061
8586	-680.8046	-847.4688	166.6642	0.2105224	5.03665
8592	-677.9697	-845.8929	167.9232	0.1398747	4.371685
8598	-676.147	-842.8975	166.7505	0.2364781	4.974308
8604	-679.7075	-846.8435	167.136	0.2364781	4.759495
8610	-674.3433	-840.7152	166.3719	0.2799884	5.160202
8616	-677.3856	-844.6456	167.26	0.03342408	4.803589
8622	-694.219	-860.7948	166.5758	0.07261235	5.16208
8628	-688.7392	-855.0033	166.264	0.2244563	5.250569
8634	-680.0595	-847.078	167.0184	0.07708311	4.913925
8640	-695.6003	-861.517	165.9167	0.09052198	5.51584
8646	-685.6926	-851.6069	165.9143	0.2605006	5.42361
8652	-682.0155	-849.5532	167.5377	0.04399756	4.642407
8658	-684.938	-851.502	166.564	0.04950353	5.181431
8664	-691.0782	-857.4472	166.369	0.2444905	5.181431
8670	-691.2606	-858.1204	166.8598	0.03149483	5.027438
8676	-686.9598	-853.6389	166.6791	0.1715852	5.049988
8682	-684.9066	-851.142	166.2355	0.052805	5.361089
8688	-690.8027	-858.243	167.4403	0.04547941	4.696125
8694	-697.6159	-862.8121	165.1961	0.2919645	5.800566
8700	-679.7985	-846.9186	167.1201	0.1001982	4.84438
8706	-679.7542	-845.9687	166.2145	0.07138069	5.362404
8712	-678.4673	-846.8637	168.3964	0.03411058	4.163583
8718	-663.6689	-830.9779	167.3091	0.03411058	4.77584
8724	-672.7379	-840.4689	167.731	0.03411058	4.539515
8730	-676.9672	-843.9706	167.0034	0.05559269	4.934254
8736	-677.2492	-844.4147	167.1656	0.05419129	4.844707
8742	-671.7984	-839.3921	167.5937	0.02284861	4.622887
8748	-664.314	-831.6336	167.3196	0.01058047	4.783116
8754	-665.5544	-832.5021	166.9477	0.001079524	4.995524
8760	-673.3571	-840.3048	166.9477	0.001112057	4.995524
8766	-678.3696	-844.9568	166.5871	0.01781375	5.186173
8772	-680.0589	-846.9908	166.9319	0.1796537	4.905001
8778	-678.9446	-845.4595	166.5149	0.1404037	5.158308
8784	-668.4424	-835.151	166.7086	0.06284887	5.093917
8790	-668.3766	-836.9283	168.5517	0.01775689	4.084493
8796	-665.661	-832.0045	166.3435	0.07828292	5.287436
8802	-667.7526	-835.0529	167.3003	0.0710695	4.760087
8808	-671.4851	-838.4464	166.9613	0.3263333	4.806856
8814	-673.5724	-840.9826	167.4102	0.3263333	4.555525
8820	-696.8922	-864.2705	167.3783	0.1085128	4.695545
8826	-666.0734	-833.5444	167.471	0.1085128	4.643639
8832	-675.7979	-842.7217	166.9238	0.0917685	4.958384
8838	-672.3262	-839.9548	167.6286	0.04692111	4.58978
8844	-668.411	-835.6612	167.2502	0.1142925	4.763944
8850	-671.5117	-838.1375	166.6258	0.125214	5.105275
8856	-666.8015	-833.7485	166.947	0.125214	4.926864
8862	-664.2313	-831.4548	167.2235	0.1408059	4.764028
8868	-670.5266	-838.0728	167.5462	0.1410409	4.583204
8874	-670.9259	-838.9198	167.9939	0.2470842	4.27107
8880	-666.7757	-833.6819	166.9062	0.2260354	4.893494
8886	-683.7434	-850.6385	166.8951	0.1448095	4.944844
8892	-666.6564	-833.3955	166.7391	0.19926	5.001321
8898	-660.47	-827.7867	167.3167	0.02742274	4.775313
8904	-664.1179	-831.7192	167.6013	0.1112454	4.569031
8910	-671.1468	-836.9776	165.8309	0.2232035	5.490073
8916	-670.135	-837.682	167.5471	0.238426	4.528049
8922	-666.079	-833.6931	167.6142	0.1888494	4.518178
8928	-668.5996	-835.6289	167.0292	0.02093207	4.939149
8934	-672.9515	-839.9671	167.0156	0.03462507	4.939149
8940	-683.0051	-850.3574	167.3524	0.1401357	4.692355
8946	-680.0355	-847.472	167.4365	0.05597283	4.692355
8952	-663.7855	-830.7185	166.933	0.07906002	4.960339
8958	-657.4589	-824.9068	167.4479	0.1506566	4.63296
8964	-667.0835	-833.4502	166.3668	0.03211226	5.300057
8970	-675.2839	-841.0566	165.7727	0.3070427	5.475978
8976	-679.0357	-845.7079	166.6722	0.1140806	5.085719
8982	-678.1713	-845.2264	167.0551	0.1328035	4.862468
8988	-680.5018	-846.0442	165.5425	0.3812085	5.561763
8994	-676.1498	-843.166	167.0163	0.1046833	4.899756
9000	-690.9224	-858.6954	167.773	0.05282253	4.505353
9006	-681.2425	-847.2292	165.9868	0.2668048	5.380223
9012	-678.1903	-844.4954	166.3051	0.2668048	5.204436
9018	-674.311	-841.3098	166.9988	0.2438881	4.831912
9024	-670.5565	-836.6362	166.0798	0.04101987	5.453369
9030	-680.7066	-848.2361	167.5295	0.01536801	4.663041
9036	-677.8781	-846.0095	168.1314	0.01536801	4.324404
9042	-680.1075	-847.5018	167.3942	0.02202349	4.735013
9048	-691.2474	-857.8361	166.5887	0.02438155	5.181663
9054	-694.259	-862.7715	168.5125	0.1731819	4.018202
9060	-678.6986	-846.7322	168.0335	0.09755507	4.333253
9066	-668.1937	-834.2485	166.0548	0.2570624	5.348084
9072	-684.5995	-851.5459	166.9465	0.01823328	4.986678
9078	-671.2274	-839.7312	168.5039	0.2531363	3.977469
9084	-668.2497	-835.0625	166.8128	0.3113171	4.897977
9090	-666.7292	-835.0358	168.3066	0.08478601	4.185797
9096	-669.4674	-836.6119	167.1445	0.130239	4.814046
9102	-665.6728	-833.1794	167.5066	0.04462529	4.659486
9108	-665.3284	-831.7473	166.4189	0.1722536	5.193794
9114	-669.6092	-836.1177	166.5084	0.1513669	5.155809
9120	-676.099	-842.313	166.214	0.1993896	5.292028
9126	-674.8326	-841.3326	166.5	0.08575891	5.196778
9132	-677.5421	-844.1162	166.5741	0.09857596	5.148699
9138	-678.1665	-844.6571	166.4906	0.1489738	5.167019
9144	-675.2203	-842.0862	166.866	0.3366952	4.854238
9150	-673.9549	-839.9219	165.967	0.1032894	5.481145
9156	-681.0972	-846.8199	165.7227	0.1998092	5.562382
9162	-665.0184	-831.6034	166.585	0.2518738	5.057643
9168	-669.6462	-837.2825	167.6363	0.04698476	4.585462
9174	-668.4082	-835.7046	167.2964	0.2659395	4.653283
9180	-671.1761	-838.6664	167.4903	0.07200825	4.653283
9186	-679.6302	-847.3801	167.7499	0.1596538	4.458228
9192	-676.0023	-844.0971	168.0947	0.03189864	4.335769
9198	-672.7475	-840.1205	167.373	0.3880222	4.541804
9204	-666.6428	-834.629	167.9862	0.470295	4.148823
9210	-670.3039	-836.9348	166.6309	0.401375	4.949112
9216	-669.2353	-835.7285	166.4932	0.1724689	5.152541
9222	-665.7572	-831.9353	166.178	0.02614884	5.407441
9228	-665.9602	-833.534	167.5739	0.1051443	4.587842
9234	-688.9873	-855.713	166.7257	0.1389662	5.042222
9240	-679.3134	-845.967	166.6536	0.2111067	5.042222
9246	-679.748	-846.259	166.5109	0.3537385	5.042222
9252	-678.2498	-844.7462	166.4965	0.2985699	5.080858
9258	-669.7222	-837.4242	167.7021	0.07285725	4.533983
9264	-676.4676	-843.7573	167.2898	0.1039012	4.74763
9270	-679.2307	-846.81	167.5793	0.1814358	4.541947
9276	-689.5443	-856.2628	166.7185	0.1782508	5.024445
9282	-682.9741	-851.0202	168.0461	0.1128745	4.317474
9288	-662.0625	-829.0396	166.9771	0.06111662	4.945823
9294	-669.6251	-836.4661	166.841	0.4070692	4.828907
9300	-684.8797	-851.0905	166.2108	0.260063	5.260284
9306	-679.6567	-847.112	167.4552	0.3180242	4.534919
9312	-674.7326	-839.9088	165.1762	0.5242787	5.684246
9318	-680.5213	-846.0277	165.5064	0.2703761	5.64241
9324	-684.5713	-850.7827	166.2114	0.3214316	5.226046
9330	-682.1841	-849.3938	167.2097	0.1647653	4.758353
9336	-689.6647	-855.4715	165.8067	0.1319435	5.553518
9342	-692.1706	-859.0184	166.8477	0.2027942	4.938952
9348	-683.9226	-850.6727	166.7501	0.02344688	5.092796
9354	-683.8013	-849.7394	165.9382	0.04542794	5.528828
9360	-679.16	-846.0372	166.8772	0.3223012	4.856026
9366	-682.227	-848.9482	166.7212	0.03430907	5.102795
9372	-686.386	-853.7309	167.3449	0.2931307	4.610856
9378	-679.8128	-847.369	167.5563	0.2072458	4.540401
9384	-687.7057	-854.8762	167.1705	0.1299512	4.799697
9390	-685.2582	-851.2559	165.9977	0.2544915	5.380996
9396	-675.9221	-843.4901	167.568	0.1059877	4.59066
9402	-677.7319	-844.9758	167.2439	0.04788274	4.804534
9408	-696.7781	-863.5224	166.7443	0.2579456	4.965833
9414	-676.7431	-843.3051	166.562	0.1374947	5.133839
9420	-667.5966	-834.8163	167.2197	0.1706639	4.749463
9426	-666.4215	-832.643	166.2215	0.07044149	5.359068
9432	-659.9269	-827.0531	167.1262	0.1975483	4.786671
9438	-667.1239	-835.2366	168.1127	0.07506953	4.301214
9444	-679.2338	-847.468	168.2342	0.1267737	4.203086
9450	-685.9487	-853.4512	167.5025	0.04527047	4.66142
9456	-675.8774	-843.2241	167.3467	0.1148603	4.709662
9462	-672.3335	-839.7198	167.3863	0.07526785	4.709662
9468	-696.4326	-863.7847	167.3522	0.2586986	4.626069
9474	-672.3046	-839.054	166.7494	0.1416381	5.027593
9480	-666.5104	-833.8321	167.3217	0.1416381	4.708667
9486	-670.909	-838.3132	167.4042	0.1498873	4.657881
9492	-686.8515	-853.0949	166.2434	0.2083739	5.27087
9498	-689.1231	-855.1642	166.0411	0.2190003	5.376598
9504	-678.9339	-844.8354	165.9015	0.358601	5.376598
9510	-680.2461	-847.5992	167.3531	0.4642409	4.510153
9516	-672.7302	-839.8056	167.0754	0.1667907	4.83219
9522	-676.3498	-842.4373	166.0876	0.2409805	5.338882
9528	-675.8006	-843.5889	167.7883	0.324194	4.343785
9534	-680.2486	-847.0589	166.8102	0.04296193	5.048593
9540	-678.4825	-845.7723	167.2899	0.1243634	4.736138
9546	-693.3663	-859.4291	166.0628	0.1467509	5.404458
9552	-684.4895	-851.0343	166.5448	0.2188993	5.098248
9558	-683.9072	-851.2998	167.3926	0.03854852	4.726689
9564	-683.8951	-849.9226	166.0275	0.3617985	5.305323
9570	-684.7017	-851.7175	167.0158	0.3284525	4.775246
9576	-674.8881	-842.1395	167.2514	0.09285491	4.775246
9582	-677.7282	-844.8343	167.1062	0.2380629	4.775246
9588	-676.1728	-843.4888	167.3159	0.2325221	4.661043
9594	-671.0296	-837.7125	166.6829	0.2241779	5.018679
9600	-668.4052	-835.4032	166.9979	0.1825948	4.866568
9606	-660.333	-827.0007	166.6677	0.08157798	5.106245
9612	-675.9096	-843.3821	167.4725	0.1187229	4.637078
9618	-678.946	-846.9736	168.0276	0.1540401	4.304686
9624	-683.8085	-850.0977	166.2892	0.1789358	5.261797
9630	-685.2299	-851.3155	166.0857	0.1685635	5.379861
9636	-685.9431	-852.4852	166.5421	0.3682569	5.016875
9642	-689.2869	-856.4286	167.1418	0.1504919	4.804272
9648	-685.4933	-851.7124	166.2191	0.05007042	5.3716
9654	-687.9983	-854.7886	166.7903	0.0489307	5.056336
9660	-682.9334	-849.4532	166.5198	0.01981352	5.222302
9666	-687.4106	-854.4955	167.0849	0.3689853	4.713969
9672	-679.6234	-846.9606	167.3372	0.1166828	4.713969
9678	-691.1626	-858.1431	166.9805	0.0425385	4.954254
9684	-681.4757	-848.7295	167.2538	0.1012237	4.769196
9690	-675.3512	-842.117	166.7659	0.1997591	4.98617
9696	-684.2013	-852.0074	167.8061	0.1997591	4.403985
9702	-679.1913	-846.0579	166.8666	0.3926458	4.822657
9708	-678.1953	-843.8858	165.6905	0.2921745	5.529338
9714	-671.5874	-836.7407	165.1534	0.2501111	5.846843
9720	-668.228	-835.9596	167.7316	0.2188016	4.435257
9726	-663.6538	-830.6841	167.0303	0.2186778	4.828404
9732	-684.9993	-851.9948	166.9955	0.2535225	4.828404
9738	-691.6639	-858.1511	166.4872	0.4521433	5.00076
9744	-686.2891	-852.6659	166.3768	0.237904	5.180784
9750	-673.1946	-840.1825	166.9879	0.1653619	4.881762
9756	-677.5093	-844.5916	167.0822	0.07104046	4.881762
9762	-699.236	-865.6487	166.4128	0.2591979	5.149071
9768	-682.4386	-850.1142	167.6757	0.06244417	4.55465
9774	-680.7385	-847.98	167.2415	0.01580043	4.823771
9780	-657.9585	-825.6732	167.7147	0.009256628	4.562603
9786	-676.1915	-844.4763	168.2848	0.05388725	4.215702
9792	-660.2068	-827.8789	167.6721	0.09481253	4.538464
9798	-664.0924	-831.2581	167.1657	0.101711	4.818144
9804	-667.908	-833.3736	165.4656	0.08572072	5.765967
9810	-665.5443	-833.4616	167.9173	0.2777732	4.297062
9816	-676.546	-843.7646	167.2186	0.08062676	4.800354
9822	-678.2752	-845.0172	166.742	0.07971543	5.066084
9828	-679.0768	-845.9111	166.8343	0.09777626	5.004783
9834	-693.7505	-860.4916	166.7411	0.03189063	5.093113
9840	-680.3481	-848.0177	167.6696	0.009497414	4.587792
9846	-677.0631	-844.8178	167.7547	0.003383829	4.543466
9852	-676.0084	-842.4087	166.4003	0.02080962	5.287807
9858	-678.6952	-845.3741	166.679	0.09712357	5.091369
9864	-675.7712	-842.2939	166.5227	0.1521877	5.147458
9870	-692.1311	-858.2015	166.0704	0.552942	5.175995
9876	-685.5034	-851.1446	165.6412	0.3425458	5.528741
9882	-682.0196	-849.2561	167.2365	0.04342039	4.81116
9888	-678.4122	-844.6183	166.2061	0.09624185	5.353333
9894	-691.5039	-857.1014	165.5974	0.2549928	5.600882
9900	-690.6897	-856.3518	165.6621	0.1903382	5.600882
9906	-676.3499	-842.9216	166.5717	0.4672872	4.945368
9912	-675.9933	-843.2334	167.2402	0.2605694	4.687747
9918	-679.7654	-847.0056	167.2402	0.2605694	4.687747
9924	-678.5151	-845.7785	167.2634	0.0425202	4.796644
9930	-683.0018	-850.4191	167.4173	0.03571163	4.714461
9936	-676.0149	-844.1413	168.1264	0.08136909	4.289891
9942	-675.9756	-843.2756	167.3	0.2288642	4.672016
9948	-667.9535	-835.2785	167.3249	0.07544182	4.743875
9954	-673.2351	-840.6925	167.4574	0.07253293	4.671383
9960	-681.2263	-847.7995	166.5731	0.09607009	5.1506
9966	-682.6502	-849.5795	166.9292	0.01194802	4.999745
9972	-677.5877	-844.0089	166.4212	0.1624228	5.197963
9978	-672.4052	-839.1371	166.7319	0.07891777	5.072133
9984	-679.8916	-846.833	166.9414	0.01626568	4.990567
9990	-678.6005	-845.3232	166.7227	0.4025689	4.897346
9996	-677.2096	-842.9011	165.6915	0.3977775	5.4707
10002	-678.1527	-845.512	167.3593	0.008918405	4.761854
10008	-666.6956	-833.927	167.2314	0.1021443	4.781239
10014	-655.7547	-822.9902	167.2354	0.1130731	4.772859
10020	-667.9191	-835.8283	167.9092	0.03074665	4.44114
10026	-671.3038	-838.3164	167.0126	0.3581174	4.760434
10032	-668.3301	-835.4994	167.1693	0.1397953	4.794884
10038	-677.9957	-845.1127	167.117	0.3536405	4.704595
10044	-668.7284	-835.9876	167.2591	0.216969	4.701539
10050	-665.9334	-832.1866	166.2532	0.04729354	5.354376
10056	-678.4727	-845.9638	167.4911	0.06781653	4.655153
10062	-671.3537	-838.1894	166.8357	0.1032515	5.000992
10068	-675.3893	-842.412	167.0227	0.1932752	4.846803
10074	-664.3552	-831.3557	167.0005	0.2154718	4.846803
10080	-671.9853	-839.0881	167.1028	0.1813385	4.808807
10086	-676.0001	-843.0801	167.08	0.09633733	4.868904
10092	-686.8556	-855.3639	168.5083	0.2799258	3.959624
10098	-674.3411	-843.0711	168.73	0.128369	3.91942
10104	-670.1805	-838.9654	168.7849	0.07348085	3.91942
10110	-672.6783	-841.4748	168.7965	0.06187058	3.91942
10116	-686.3516	-853.5581	167.2066	0.3216446	4.672378
10122	-678.4959	-846.3069	167.811	0.1342591	4.438156
10128	-694.6265	-861.2503	166.6237	0.1834662	5.074117
10134	-691.9654	-858.5512	166.5859	0.1384651	5.120063
10140	-685.1244	-852.3596	167.2352	0.3489797	4.641025
10146	-669.8242	-837.2413	167.4171	0.1670578	4.641025
10152	-681.1809	-847.9368	166.7559	0.204678	4.98895
10158	-686.592	-854.2107	167.6188	0.09543788	4.568086
10164	-679.9037	-847.1488	167.2451	0.159187	4.741706
10170	-690.6076	-856.6587	166.0511	0.4747421	5.229914
10176	-677.0781	-844.3171	167.239	0.03267177	4.815766
10182	-677.4178	-843.1893	165.7714	0.04608487	5.620062
10188	-671.1336	-837.8425	166.7088	0.1392054	5.051459
10194	-673.6792	-841.4812	167.802	0.05125233	4.489917
10200	-686.8108	-854.2913	167.4805	0.3372904	4.509864
10206	-678.7878	-845.5086	166.7208	0.09307035	5.070437
10212	-691.7814	-858.7704	166.989	0.006327645	4.969678
10218	-680.5441	-848.6278	168.0836	0.07605982	4.317079
10224	-683.7873	-849.698	165.9107	0.1759515	5.472147
10230	-679.82	-845.9983	166.1783	0.2207052	5.299981
10236	-673.9671	-840.2701	166.303	0.1057514	5.294594
10242	-662.4523	-828.3554	165.9031	0.08265887	5.527667
10248	-670.5919	-838.4913	167.8993	0.3465398	4.268315
10254	-651.7236	-819.034	167.3104	0.0435509	4.769811
10260	-663.13	-829.6344	166.5044	0.004616198	5.239223
10266	-657.5332	-825.5404	168.0071	0.00437354	4.400781
10272	-664.1368	-831.3634	167.2266	0.03132469	4.823409
10278	-668.3439	-835.6387	167.2948	0.02585001	4.788421
10284	-669.4075	-836.8438	167.4363	0.3029022	4.554047
10290	-678.0427	-845.0601	167.0173	0.07969228	4.913094
10296	-679.1248	-846.0039	166.8791	0.2178653	4.913094
10302	-677.0836	-843.9317	166.8481	0.1351172	4.976383
10308	-674.9204	-841.6385	166.718	0.05323764	5.094047
10314	-679.8532	-846.9444	167.0912	0.1924541	4.809055
10320	-683.7205	-851.288	167.5675	0.02326337	4.637318
10326	-673.0734	-839.3641	166.2908	0.1802586	5.260217
10332	-672.5014	-839.3704	166.869	0.1596558	4.951104
10338	-665.4073	-832.8833	167.4761	0.06908865	4.662882
10344	-686.3971	-851.9527	165.5556	0.4688838	5.506348
10350	-675.1882	-842.8811	167.6929	0.1642577	4.487746
10356	-686.6014	-854.8389	168.2375	0.1475719	4.18941
10362	-677.4935	-842.8663	165.3728	0.05741065	5.832248
10368	-675.2268	-842.3998	167.173	0.1540767	4.784805
10374	-671.7088	-838.223	166.5142	0.09387239	5.184422
10380	-666.9208	-833.1322	166.2114	0.3967337	5.184422
10386	-663.0051	-830.155	167.15	0.2901289	4.721682
10392	-670.793	-836.6696	165.8766	0.1611875	5.499019
10398	-671.9056	-837.7044	165.7988	0.4179949	5.400467
10404	-673.4058	-841.0193	167.6135	0.1991434	4.512781
10410	-670.1105	-837.0137	166.9032	0.1681485	4.927354
10416	-671.6678	-838.3854	166.7177	0.0807092	5.07901
10422	-674.4592	-841.4358	166.9766	0.1010927	4.923854
10428	-665.7979	-832.5486	166.7507	0.1107814	5.044027
10434	-666.4103	-832.97	166.5597	0.03454721	5.192077
10440	-675.53	-843.3774	167.8474	0.147916	4.409888
10446	-678.5434	-846.1167	167.5734	0.1188813	4.580408
10452	-682.8857	-848.8982	166.0125	0.1165439	5.448811
10458	-679.2322	-845.3202	166.088	0.04103269	5.448811
10464	-694.8502	-861.3817	166.5315	0.4672	4.967779
10470	-683.5932	-850.7384	167.1452	0.3294784	4.702354
10476	-673.5358	-840.9677	167.4319	0.05740672	4.694149
10482	-674.2019	-841.6705	167.4687	0.02061396	4.694149
10488	-693.0836	-861.3305	168.2469	0.225724	4.139647
10494	-676.7402	-843.1917	166.4515	0.1264031	5.201115
10500	-679.11	-845.2626	166.1526	0.1263278	5.36625
10506	-681.9899	-848.5638	166.5739	0.02526554	5.18937
10512	-679.4551	-844.9146	165.4596	0.02726677	5.80125
10518	-682.3404	-847.8103	165.4699	0.2937983	5.64957
10524	-665.2612	-832.2724	167.0112	0.1058923	4.901916
10530	-674.2565	-841.1904	166.9339	0.03800281	4.982687
10536	-680.8332	-847.3368	166.5036	0.1388012	5.165433
10542	-680.8903	-848.4041	167.5138	0.4098688	4.450313
10548	-676.7028	-844.0964	167.3936	0.1529123	4.662147
10554	-677.3735	-844.6546	167.2811	0.1420323	4.731151
10560	-681.5642	-848.5139	166.9497	0.1450738	4.914336
10566	-672.5137	-839.1688	166.6551	0.04999367	5.130698
10572	-671.9211	-840.2119	168.2908	0.01786474	4.232758
10578	-684.1663	-850.8707	166.7044	0.01689149	5.121722
10584	-673.9086	-840.61	166.7014	0.01996046	5.121722
10590	-666.9555	-834.54	167.5845	0.002370454	4.639514
10596	-667.3184	-835.9971	168.6786	0.2261474	3.892825
10602	-669.3415	-836.6143	167.2728	0.1146275	4.751125
10608	-670.366	-838.426	168.06	0.1745687	4.27472
10614	-669.2312	-836.3237	167.0926	0.07182649	4.875567
10620	-673.8985	-841.3983	167.4998	0.2738032	4.534719
10626	-672.5989	-839.0744	166.4755	0.2017944	5.146143
10632	-688.4499	-855.1087	166.6589	0.009988355	5.150793
10638	-686.3705	-853.0694	166.6989	0.004213607	5.131834
10644	-682.2779	-850.1733	167.8954	0.1625584	4.374549
10650	-683.4771	-850.2168	166.7397	0.1386211	5.034654
10656	-677.3283	-843.0683	165.74	0.3444885	5.473362
10662	-674.1473	-839.5483	165.4009	0.4275225	5.61406
10668	-678.2205	-844.9573	166.7368	0.1594406	5.024708
10674	-683.0806	-849.0057	165.9251	0.343046	5.372188
10680	-670.1502	-836.2476	166.0974	0.4230253	5.232898
10686	-668.3486	-835.7791	167.4306	0.2265972	4.600091
10692	-672.6268	-839.2609	166.6341	0.03822448	5.148865
10698	-670.4199	-837.8915	167.4716	0.07694001	4.660991
10704	-673.1127	-839.0136	165.9009	0.2443885	5.4399
10710	-685.6403	-852.9751	167.3348	0.1581799	4.69207
10716	-687.2191	-853.3155	166.0965	0.1910293	5.361502
10722	-672.3685	-839.2494	166.8809	0.1947581	4.924978
10728	-669.7098	-836.2228	166.513	0.06447473	5.201374
10734	-670.6511	-838.6508	167.9997	0.03882889	4.385544
10740	-679.1158	-845.2426	166.1268	0.2742484	5.298883
10746	-663.1195	-830.7187	167.5992	0.06465725	4.596353
10752	-677.9667	-845.1744	167.2077	0.279104	4.695542
10758	-668.5764	-835.7207	167.1443	0.2111693	4.768979
10764	-676.7359	-844.6708	167.9349	0.09168785	4.392251
10770	-668.8912	-835.9384	167.0472	0.0416377	4.917653
10776	-676.1526	-842.5756	166.4231	0.1798563	5.187288
10782	-668.1897	-835.0806	166.8909	0.5228281	4.736397
10788	-659.8732	-827.4009	167.5277	0.2685165	4.522032
10794	-673.033	-838.8157	165.7827	0.2560909	5.498494
10800	-666.1572	-834.1169	167.9597	0.2194979	4.306035
10806	-667.8702	-835.9242	168.0539	0.1253114	4.306035
10812	-674.8868	-841.3044	166.4176	0.04364556	5.265609
10818	-680.9605	-847.7795	166.819	0.2853956	4.908979
10824	-679.9154	-845.9248	166.0094	0.1413462	5.436884
10830	-685.2383	-853.2968	168.0585	0.1330737	4.299056
10836	-679.7956	-847.5517	167.756	0.1733485	4.447065
10842	-684.8021	-851.6998	166.8977	0.1001198	4.968254
10848	-685.7369	-852.8689	167.1319	0.1582744	4.805403
10854	-686.9694	-855.01	168.0405	0.2262856	4.256447
10860	-677.7022	-844.9415	167.2393	0.05974021	4.800498
10866	-673.5553	-840.9159	167.3607	0.0114015	4.759701
10872	-663.6347	-830.6404	167.0057	0.01355487	4.956361
10878	-673.5317	-840.3738	166.8421	0.04454448	5.03001
10884	-679.2494	-847.4466	168.1972	0.04768312	4.268855
10890	-691.4312	-857.5681	166.1368	0.3545256	5.248984
10896	-678.6127	-846.1286	167.5159	0.1199435	4.612061
10902	-683.8763	-851.6815	167.8053	0.0488767	4.489438
10908	-675.3165	-841.8636	166.547	0.1528668	5.133607
10914	-676.4209	-843.0964	166.6755	0.02433274	5.133607
10920	-693.5232	-861.0936	167.5704	0.007770734	4.644375
10926	-678.0003	-845.0832	167.0829	0.003716121	4.918856
10932	-669.2757	-835.9398	166.6641	0.09420276	5.101256
10938	-679.2192	-845.6422	166.4231	0.07162584	5.247128
10944	-688.844	-855.6846	166.8406	0.1662382	4.963228
10950	-682.2811	-849.4956	167.2146	0.243263	4.711757
10956	-665.9546	-833.6116	167.6571	0.1060265	4.540626
10962	-668.7566	-836.106	167.3494	0.03603416	4.752254
10968	-662.6668	-829.8995	167.2327	0.01179909	4.830937
10974	-669.3206	-836.7994	167.4788	0.1656541	4.607222
10980	-666.3213	-832.4747	166.1534	0.2287824	5.309303
10986	-675.0209	-841.6195	166.5986	0.3927702	4.971847
10992	-667.6719	-835.0031	167.3313	0.09436444	4.729769
10998	-670.5397	-838.431	167.8912	0.09655016	4.414163
11004	-664.7429	-832.619	167.876	0.1117357	4.414163
11010	-672.3911	-840.2018	167.8106	0.1602714	4.423676
11016	-673.7006	-841.6499	167.9493	0.4337524	4.190537
11022	-664.411	-831.8102	167.3992	0.2119729	4.625902
11028	-663.5468	-830.2311	166.6843	0.1546891	5.056498
11034	-667.848	-834.6284	166.7804	0.1944218	4.981029
11040	-668.1829	-835.6727	167.4898	0.2582561	4.549084
11046	-678.9904	-846.49	167.4995	0.2582561	4.543613
11052	-677.3785	-843.089	165.7105	0.03913977	5.657298
11058	-677.257	-845.3764	168.1194	0.1893842	4.232682
11064	-671.7607	-839.1451	167.3844	0.2461834	4.615008
11070	-671.2997	-837.5703	166.2706	0.230406	5.243627
11076	-677.8344	-844.6457	166.8114	0.4408371	4.826614
11082	-675.9546	-843.1392	167.1847	0.06751689	4.826614
11088	-674.6276	-841.4439	166.8163	0.06216386	5.034567
11094	-672.0977	-838.3163	166.2185	0.1654137	5.308303
11100	-663.6464	-831.1708	167.5243	0.252805	4.532735
11106	-668.16	-835.6562	167.4962	0.08695894	4.641576
11112	-683.3407	-850.4279	167.0872	0.2354035	4.787305
11118	-685.0451	-852.9942	167.9491	0.2169273	4.313508
11124	-690.9163	-858.6424	167.7261	0.1884804	4.455389
11130	-696.1734	-862.4945	166.3212	0.112941	5.280597
11136	-698.2159	-864.9668	166.7508	0.2817764	4.948932
11142	-688.8385	-856.3532	167.5147	0.2347736	4.548278
11148	-702.5843	-869.3687	166.7844	0.2642479	4.939994
11154	-688.1709	-855.7155	167.5447	0.04969765	4.635302
11160	-689.9717	-856.542	166.5703	0.3134861	5.031627
11166	-694.3413	-861.8273	167.486	0.5257838	4.400621
11172	-688.2738	-855.5132	167.2393	0.1539433	4.747844
11178	-682.5542	-848.9005	166.3463	0.2142338	5.210753
11184	-686.8552	-852.3254	165.4701	0.5724022	5.496417
11190	-696.8175	-863.3129	166.4954	0.1730312	5.151019
11196	-690.4566	-858.8968	168.4402	0.5518731	3.842689
11202	-681.8346	-848.6909	166.8563	0.0466681	5.020949
11208	-685.5065	-852.6516	167.1451	0.006396397	4.882756
11214	-680.1951	-847.8838	167.6887	0.002598008	4.580927
11220	-685.0487	-852.1096	167.0609	0.01784231	4.923274
11226	-684.7084	-851.352	166.6436	0.01016331	5.159135
11232	-676.988	-844.6374	167.6494	0.03606366	4.584204
11238	-679.0681	-844.873	165.8049	0.005798756	5.623768
11244	-674.7121	-839.9913	165.2793	0.1811795	5.815704
11250	-676.1307	-841.4461	165.3154	0.1450563	5.815704
11256	-671.2587	-838.0568	166.7981	0.05609103	5.048073
11262	-674.0775	-840.6119	166.5344	0.03220973	5.207371
11268	-681.2188	-848.1573	166.9385	0.06160447	4.966973
11274	-673.2434	-840.647	167.4036	0.1714552	4.646105
11280	-677.463	-844.8903	167.4273	0.1683642	4.634573
11286	-673.5019	-841.124	167.6221	0.3701244	4.411648
11292	-680.3815	-847.2067	166.8253	0.2384609	4.931614
11298	-673.7013	-840.7384	167.0371	0.1922145	4.839378
