Iteration	Posterior	Likelihood	Prior	acrv_sd	tree_length
0	-1469.246	-1635.711	166.4643	0.2990028	5.098461
6	-1466.954	-1633.879	166.925	0.2002444	4.897345
12	-1456.388	-1623.461	167.0733	0.01995986	4.915156
18	-1469.89	-1636.774	166.8839	0.2093774	4.915156
24	-1464.009	-1630.913	166.9037	0.05593708	4.989466
30	-1470.736	-1637.671	166.9343	0.09384806	4.951382
36	-1461.47	-1628.153	166.6834	0.2084861	5.027119
42	-1470.128	-1636.983	166.8548	0.1403321	4.96976
48	-1463.61	-1629.816	166.2061	0.06831839	5.36875
54	-1470.317	-1637.578	167.2609	0.1447487	4.740955
60	-1480.298	-1646.784	166.4856	0.1696281	5.158309
66	-1463.19	-1630.37	167.1805	0.1696281	4.771955
72	-1463.609	-1630.609	166.9996	0.07276335	4.926822
78	-1458.492	-1625.298	166.8063	0.1137902	5.011451
84	-1455.977	-1622.824	166.8475	0.1247611	4.982452
90	-1457.311	-1624.179	166.8681	0.1042465	4.982452
96	-1458.87	-1626.244	167.374	0.01239365	4.75168
102	-1457.143	-1624.437	167.2945	0.09127028	4.752041
108	-1465.91	-1633.609	167.6998	0.08206518	4.530097
114	-1460.43	-1626.885	166.4554	0.2326944	5.140146
120	-1474.23	-1640.332	166.1021	0.1654487	5.372531
126	-1463.345	-1630.361	167.0161	0.1839154	4.855715
132	-1463.627	-1631.286	167.6582	0.05669734	4.567692
138	-1463.492	-1630.247	166.7556	0.009008759	5.097727
144	-1455.729	-1622.454	166.7253	0.1058344	5.060827
150	-1462.085	-1629.089	167.0042	0.1660809	4.872298
156	-1463.272	-1630.786	167.5142	0.1062217	4.620699
162	-1458.374	-1624.967	166.5932	0.07390241	5.151734
168	-1476.705	-1642.84	166.1347	0.4258914	5.210709
174	-1477.073	-1644.633	167.56	0.072593	4.613896
180	-1491.922	-1659.233	167.3111	0.05951226	4.760507
186	-1475.923	-1642.094	166.1707	0.3292857	5.24422
192	-1473.462	-1640.766	167.3038	0.0635896	4.762287
198	-1471.411	-1638.478	167.0664	0.3359843	4.742747
204	-1472.126	-1638.541	166.4152	0.3359843	5.105175
210	-1478.525	-1646.247	167.7219	0.1642046	4.471473
216	-1468.038	-1635.432	167.3944	0.1393887	4.669255
222	-1463.405	-1631.165	167.76	0.04391103	4.517676
228	-1472.521	-1639.239	166.7183	0.1520969	5.03907
234	-1471.532	-1638.578	167.0466	0.08052996	4.896342
240	-1470.55	-1638.029	167.4794	0.01949109	4.688802
246	-1469.594	-1635.919	166.3247	0.3877493	5.126617
252	-1459.228	-1625.73	166.5019	0.1296058	5.171448
258	-1465.268	-1632.228	166.9603	0.3788059	4.778127
264	-1462.945	-1630.278	167.3335	0.09306844	4.729217
270	-1450.311	-1617.929	167.6171	0.1102558	4.560698
276	-1450.72	-1617.042	166.3226	0.177544	5.244125
282	-1456.955	-1624.365	167.4103	0.03745033	4.71742
288	-1467.698	-1634.28	166.5813	0.1751303	5.102267
294	-1471.058	-1637.724	166.6659	0.383527	4.939566
300	-1474.57	-1641.451	166.8819	0.383527	4.819226
306	-1486.421	-1653.52	167.0987	0.05806904	4.87979
312	-1469.331	-1636.751	167.4195	0.009340316	4.727986
318	-1473.1	-1641.143	168.0432	0.02817067	4.36702
324	-1459.974	-1626.56	166.5864	0.3630871	4.995143
330	-1463.444	-1630.063	166.6186	0.07548626	5.136826
336	-1464.298	-1631.41	167.1115	0.03701666	4.884402
342	-1461.365	-1628.45	167.0843	0.06420513	4.884402
348	-1461.542	-1628.654	167.1117	0.02743988	4.88965
354	-1469.556	-1636.334	166.7779	0.3612329	4.88965
360	-1474.742	-1642.006	167.2636	0.1575164	4.732283
366	-1469.879	-1637.12	167.2412	0.1064164	4.773374
372	-1473.55	-1640.979	167.4286	0.09667361	4.674004
378	-1468.956	-1635.804	166.8477	0.08223886	5.005973
384	-1464.562	-1631.427	166.865	0.06501459	5.005973
390	-1454.167	-1620.705	166.5384	0.1991152	5.112752
396	-1466.388	-1633.446	167.0575	0.1089039	4.874451
402	-1484.237	-1650.398	166.1607	0.2189954	5.310628
408	-1475.685	-1643.808	168.1228	0.1948207	4.227672
414	-1464.913	-1631.667	166.7535	0.1802668	5.003867
420	-1475.188	-1641.398	166.2095	0.2371169	5.273693
426	-1470.428	-1637.157	166.7282	0.01940253	5.107146
432	-1478.407	-1645.658	167.2513	0.2352414	4.695699
438	-1470.664	-1637.704	167.0398	0.2217242	4.821416
444	-1480.656	-1646.885	166.2286	0.1737699	5.29812
450	-1470.504	-1638.381	167.8768	0.1510596	4.391557
456	-1462.899	-1629.905	167.0054	0.1076982	4.904138
462	-1475.928	-1643.203	167.2747	0.09322592	4.762035
468	-1479.093	-1645.708	166.6147	0.2710226	5.030571
474	-1477.76	-1644.921	167.1617	0.1792192	4.777113
480	-1462.19	-1629.502	167.3125	0.07246612	4.752508
486	-1473.256	-1639.796	166.5399	0.2965417	5.057917
492	-1464.147	-1630.545	166.3984	0.1425257	5.221582
498	-1469.556	-1637.106	167.5498	0.09445475	4.607358
504	-1469.092	-1635.708	166.616	0.05809812	5.147895
510	-1466.132	-1632.995	166.8629	0.0294219	5.026862
516	-1471.031	-1638.356	167.3251	0.04737649	4.759469
522	-1470.289	-1637.178	166.8892	0.1008087	4.972628
528	-1465.777	-1633.41	167.6335	0.03981635	4.591046
534	-1464.254	-1630.999	166.7452	0.1580382	5.020802
540	-1456.671	-1623.11	166.4385	0.1679417	5.185334
546	-1473.936	-1641.085	167.1489	0.184478	4.781313
552	-1467.534	-1634.721	167.1867	0.146712	4.781313
558	-1472.124	-1638.791	166.6667	0.2411391	5.018251
564	-1477.053	-1644.229	167.1765	0.1181484	4.802914
570	-1473.608	-1640.623	167.0149	0.1542307	4.872917
576	-1470.436	-1637.908	167.4719	0.04451198	4.67898
582	-1473.43	-1640.214	166.7843	0.01833537	5.076645
588	-1467.971	-1634.38	166.4089	0.01737406	5.284956
594	-1468.371	-1635.261	166.8899	0.1624669	4.937923
600	-1468.387	-1635.263	166.8763	0.03387437	5.016955
606	-1469.177	-1635.899	166.7223	0.2496339	4.982637
612	-1467.867	-1635.397	167.5295	0.1373228	4.5947
618	-1474.376	-1641.307	166.9309	0.238364	4.872876
624	-1461.328	-1628.296	166.9671	0.2020866	4.872876
630	-1457.241	-1624.272	167.0307	0.1385501	4.872876
636	-1474.197	-1639.906	165.7094	0.3947824	5.462504
642	-1461.943	-1628.752	166.8083	0.3328343	4.8885
648	-1469.594	-1635.663	166.0689	0.05438758	5.452003
654	-1473.297	-1640.049	166.752	0.1718392	5.009393
660	-1466.654	-1633.428	166.7745	0.04166022	5.069148
666	-1472.673	-1639.249	166.5768	0.2729101	5.050506
672	-1475.581	-1642.825	167.2449	0.02400954	4.817317
678	-1474.71	-1641.331	166.6214	0.1660421	5.085103
684	-1492.808	-1659.898	167.0904	0.159981	4.827619
690	-1476.548	-1643.481	166.9327	0.3263545	4.822797
696	-1481.52	-1648.996	167.4764	0.1705259	4.605841
702	-1472.337	-1638.661	166.3244	0.1948546	5.233563
708	-1472.553	-1640.145	167.5927	0.02484656	4.622305
714	-1480.088	-1647.219	167.1305	0.05072753	4.866191
720	-1477.767	-1644.68	166.913	0.2681896	4.866191
726	-1470.473	-1636.742	166.2687	0.06591427	5.335509
732	-1465.524	-1632.846	167.3227	0.09601818	4.733628
738	-1466.691	-1633.779	167.0885	0.1926686	4.810433
744	-1458.522	-1625.171	166.649	0.1929645	5.054828
750	-1454.884	-1621.692	166.8083	0.03369886	5.054828
756	-1457.846	-1625.013	167.1665	0.04222393	4.850878
762	-1462.732	-1629.808	167.0752	0.1335059	4.850878
768	-1465.505	-1632.656	167.1518	0.125601	4.81258
774	-1468.112	-1635.239	167.1272	0.1501108	4.81258
780	-1470.621	-1637.254	166.6332	0.1379034	5.094121
786	-1455.213	-1621.843	166.6298	0.1162988	5.108011
792	-1464.012	-1631.296	167.2841	0.06378938	4.773188
798	-1460.335	-1627.523	167.1877	0.2503815	4.722798
804	-1458.232	-1624.787	166.5546	0.03809295	5.192972
810	-1452.422	-1619.678	167.2559	0.01353138	4.817017
816	-1457.153	-1624.057	166.9038	0.066033	4.983814
822	-1467.823	-1635.564	167.7406	0.1175187	4.487169
828	-1462.268	-1629.315	167.0464	0.2760516	4.787398
834	-1453.697	-1621.071	167.3742	0.09362394	4.70619
840	-1456.237	-1623.824	167.5873	0.04938914	4.611607
846	-1452.411	-1618.938	166.5269	0.1233297	5.161111
852	-1457.116	-1623.088	165.9728	0.2793345	5.381031
858	-1468.486	-1635.662	167.1755	0.3006214	4.701548
864	-1467.31	-1634.703	167.3928	0.07315528	4.707205
870	-1475.521	-1642.91	167.3883	0.07762473	4.707205
876	-1477.593	-1644.18	166.5873	0.1039021	5.138428
882	-1460.528	-1627.865	167.3369	0.2794651	4.622953
888	-1454.234	-1620.954	166.7206	0.1847542	5.019657
894	-1466.184	-1633.011	166.827	0.07835536	5.019657
900	-1450.116	-1617.765	167.6487	0.03290687	4.586385
906	-1451.38	-1617.74	166.3601	0.2894987	5.161451
912	-1449.307	-1617.047	167.7406	0.1041405	4.494748
918	-1458.335	-1624.836	166.5006	0.1148882	5.180339
924	-1459.265	-1625.949	166.6843	0.182758	5.040893
930	-1463.97	-1631.103	167.1334	0.07175154	4.852821
936	-1475.7	-1643.317	167.6175	0.1795203	4.52157
942	-1461.902	-1628.48	166.5787	0.0297513	5.184247
948	-1454.685	-1621.831	167.1455	0.1349631	4.810824
954	-1468.331	-1636.085	167.7538	0.3112013	4.37061
960	-1465.036	-1630.862	165.8257	0.0930114	5.564474
966	-1462.006	-1629.399	167.3928	0.2046308	4.633586
972	-1462.239	-1629.271	167.0317	0.07871685	4.905644
978	-1469.789	-1636.279	166.4905	0.1419174	5.170976
984	-1464.973	-1632.02	167.0479	0.05027856	4.912419
990	-1461.307	-1628.291	166.9839	0.002517792	4.974581
996	-1471.246	-1638.927	167.6809	0.03696781	4.566012
1002	-1476.42	-1643.297	166.8775	0.09022208	4.984969
1008	-1472.4	-1640.002	167.6018	0.06566188	4.594348
1014	-1475.519	-1642.723	167.204	0.05389372	4.82342
1020	-1467.662	-1634.581	166.9196	0.1119273	4.949526
1026	-1469.607	-1636.559	166.9521	0.08026026	4.949061
1032	-1465.909	-1633.197	167.2885	0.09883426	4.751177
1038	-1456.236	-1623.665	167.4287	0.1225425	4.659467
1044	-1456.047	-1623.311	167.2639	0.1779536	4.720689
1050	-1462.815	-1629.645	166.8302	0.1205925	4.99442
1056	-1475.705	-1642.194	166.4893	0.1865362	5.146946
1062	-1466.172	-1633.174	167.002	0.1451456	4.885161
1068	-1491.174	-1658.196	167.022	0.1852844	4.851638
1074	-1482.1	-1648.766	166.6658	0.1070592	5.093156
1080	-1475.732	-1642.725	166.9927	0.04901116	4.94388
1086	-1467.378	-1635.062	167.6843	0.1776739	4.485027
1092	-1473.663	-1641.445	167.7818	0.3677589	4.322798
1098	-1470.178	-1636.354	166.176	0.2639604	5.277366
1104	-1475.484	-1641.735	166.2503	0.1947138	5.274589
1110	-1464.566	-1630.979	166.413	0.198096	5.182776
1116	-1455.852	-1622.474	166.6222	0.1005105	5.120943
1122	-1458.754	-1624.957	166.2024	0.2551978	5.267605
1128	-1462.629	-1629.187	166.5581	0.03372585	5.193423
1134	-1467.267	-1634.665	167.3983	0.02806082	4.729355
1140	-1472.606	-1639.942	167.3358	0.3560248	4.580624
1146	-1469.363	-1636.3	166.9365	0.07700752	4.959527
1152	-1486.662	-1654.138	167.4763	0.07826151	4.657599
1158	-1472.925	-1639.605	166.6805	0.08355567	5.098062
1164	-1466.501	-1634.133	167.6325	0.01425052	4.605923
1170	-1465.668	-1632.822	167.1542	0.01989983	4.870161
1176	-1469.047	-1636.064	167.0172	0.1805116	4.856998
1182	-1465.263	-1632.312	167.049	0.04501134	4.914761
1188	-1469.778	-1637.228	167.4503	0.07632657	4.673261
1194	-1466.907	-1633.067	166.1596	0.2568276	5.290368
1200	-1475.154	-1641.496	166.3421	0.1816019	5.231121
1206	-1458.946	-1625.698	166.7524	0.2374261	4.972704
1212	-1461.79	-1628.83	167.0399	0.05926644	4.911862
1218	-1462.601	-1629.711	167.1095	0.1711325	4.810765
1224	-1465.848	-1632.763	166.9148	0.175216	4.916992
1230	-1466.457	-1633.996	167.5394	0.09030222	4.615487
1236	-1464.992	-1632.118	167.1257	0.04659454	4.871135
1242	-1469.405	-1636.806	167.4013	0.1196984	4.676421
1248	-1472.242	-1638.907	166.6655	0.01903093	5.142127
1254	-1465.586	-1633.427	167.8404	0.05888461	4.464032
1260	-1461.256	-1629.163	167.907	0.1248791	4.38931
1266	-1450.83	-1618.163	167.3336	0.03319652	4.762655
1272	-1456.24	-1623.876	167.6352	0.05028116	4.584228
1278	-1469.505	-1636.366	166.8609	0.05841181	5.011909
1284	-1467.373	-1634.842	167.4693	0.08765719	4.656291
1290	-1460.442	-1627.316	166.8741	0.08439859	4.990148
1296	-1462.38	-1629.714	167.3332	0.08501146	4.733935
1302	-1456.766	-1624.597	167.8314	0.04042129	4.479466
1308	-1461.223	-1628.727	167.5042	0.1186374	4.619349
1314	-1462.018	-1629.522	167.5042	0.1186374	4.619349
1320	-1470.606	-1637.774	167.1676	0.4552335	4.619349
1326	-1460.409	-1626.691	166.2821	0.3117028	5.192344
1332	-1447.279	-1614.028	166.7486	0.1811993	5.006086
1338	-1465.059	-1631.422	166.3628	0.0864876	5.272199
1344	-1464.007	-1631.277	167.2702	0.02784484	4.801058
1350	-1458.636	-1625.444	166.8074	0.1668345	4.981372
1356	-1459.107	-1625.69	166.5835	0.2086191	5.082501
1362	-1462.909	-1629.862	166.9529	0.2244957	4.868307
1368	-1467.634	-1634.527	166.8935	0.2127157	4.907939
1374	-1452.608	-1619.952	167.3441	0.1997104	4.663622
1380	-1455.852	-1621.872	166.0196	0.03276734	5.491041
1386	-1459.695	-1625.453	165.7581	0.09910873	5.598275
1392	-1465.924	-1632.259	166.3351	0.1697059	5.241571
1398	-1470.262	-1637.389	167.1271	0.09644439	4.842582
1404	-1477.113	-1644.441	167.3279	0.3547586	4.585778
1410	-1467.638	-1634.677	167.0395	0.05039722	4.917034
1416	-1468.99	-1636.621	167.6315	0.003387466	4.612594
1422	-1463.875	-1631.501	167.6258	0.00912262	4.612594
1428	-1466.883	-1634.342	167.4591	0.03120168	4.693591
1434	-1475.913	-1642.674	166.7609	0.2793851	4.944642
1440	-1473.506	-1640.972	167.4664	0.09472094	4.653923
1446	-1462.83	-1630.6	167.77	0.1668701	4.44285
1452	-1459.952	-1627.325	167.3728	0.1900275	4.652973
1458	-1455.429	-1622.942	167.5132	0.05346758	4.650829
1464	-1456.273	-1623.138	166.865	0.1711733	4.946928
1470	-1460.961	-1627.449	166.4879	0.1149149	5.187355
1476	-1467.557	-1635.038	167.4804	0.08975749	4.648854
1482	-1459.496	-1625.551	166.0546	0.2373002	5.359067
1488	-1448.303	-1615.519	167.2151	0.1639877	4.755803
1494	-1457.48	-1624.066	166.5856	0.2071284	5.082153
1500	-1463.943	-1630.983	167.0394	0.2515431	4.804989
1506	-1465.203	-1632.006	166.803	0.08166709	5.031143
1512	-1464.352	-1630.677	166.3252	0.1585135	5.253193
1518	-1457.343	-1624.727	167.3845	0.06021726	4.719103
1524	-1465.475	-1631.891	166.4151	0.1877694	5.187328
1530	-1467.066	-1633.624	166.5583	0.1425667	5.13307
1536	-1474.074	-1641.014	166.9393	0.09032682	4.950595
1542	-1458.738	-1625.119	166.3804	0.02673316	5.295519
1548	-1464.038	-1630.543	166.5048	0.05512476	5.21105
1554	-1458.386	-1625.239	166.8528	0.03167316	5.031241
1560	-1454.426	-1621.547	167.1206	0.007833891	4.895579
1566	-1453.594	-1620.436	166.8422	0.06533018	5.018436
1572	-1456.304	-1623.998	167.6944	0.1192255	4.512224
1578	-1451.761	-1619.493	167.732	0.03550446	4.538149
1584	-1454.788	-1622.449	167.6606	0.01813346	4.587992
1590	-1462.36	-1630.122	167.7612	0.01813346	4.531498
1596	-1466.325	-1634.103	167.7786	0.0007310988	4.531498
1602	-1476.021	-1642.421	166.4003	0.007239519	5.295269
1608	-1461.993	-1628.854	166.8613	0.03143113	5.026668
1614	-1459.461	-1627.007	167.5467	0.1343865	4.586686
1620	-1470.945	-1638.28	167.3347	0.119443	4.713844
1626	-1465.779	-1633.434	167.6544	0.182905	4.498923
1632	-1452.035	-1619.263	167.2277	0.1565091	4.752895
1638	-1460.644	-1628.116	167.4718	0.08572066	4.655939
1644	-1460.274	-1627.324	167.0491	0.1719781	4.843952
1650	-1460.467	-1628.032	167.5646	0.2049355	4.537014
1656	-1465.346	-1632.016	166.6697	0.3487197	4.956839
1662	-1460.843	-1627.821	166.9778	0.1904548	4.873433
1668	-1472.069	-1638.297	166.2278	0.1793117	5.295507
1674	-1466.013	-1633.166	167.153	0.3318486	4.696641
1680	-1470.577	-1637.072	166.4956	0.08549645	5.199335
1686	-1466.498	-1633.277	166.7788	0.1051408	5.031522
1692	-1469.354	-1636.134	166.7804	0.1996544	4.978116
1698	-1468.144	-1635.637	167.4928	0.235375	4.56024
1704	-1471.02	-1638.601	167.5815	0.1467098	4.56024
1710	-1477.388	-1645.261	167.8732	0.06768707	4.440601
1716	-1477.802	-1644.824	167.0214	0.2385478	4.822316
1722	-1467.008	-1634.637	167.6295	0.2002731	4.503126
1728	-1489.072	-1655.515	166.443	0.133144	5.20211
1734	-1476.247	-1642.983	166.7353	0.01806439	5.103948
1740	-1473.405	-1640.962	167.5567	0.1104965	4.594462
1746	-1472.03	-1639.693	167.6634	0.02405004	4.58313
1752	-1460.478	-1628.054	167.5761	0.031435	4.627918
1758	-1455.087	-1622.313	167.226	0.09486712	4.78827
1764	-1463.159	-1630.582	167.4229	0.09486712	4.678233
1770	-1466.231	-1634.207	167.9768	0.01531059	4.411691
1776	-1456.743	-1624.507	167.764	0.04064219	4.517258
1782	-1454.897	-1622.249	167.3517	0.1282375	4.699391
1788	-1449.415	-1616.364	166.9492	0.03871561	4.97376
1794	-1451.225	-1618.038	166.8128	0.02179883	5.058892
1800	-1445.763	-1613.393	167.6306	0.2321955	4.484537
1806	-1444.505	-1611.101	166.5962	0.2277605	5.064842
1812	-1460.845	-1627.5	166.6545	0.0875556	5.110241
1818	-1461.181	-1628.23	167.0484	0.1446234	4.859588
1824	-1462.59	-1629.858	167.2681	0.1383012	4.740491
1830	-1467.778	-1634.921	167.1433	0.1629762	4.796463
1836	-1462.382	-1629.839	167.4571	0.05374484	4.682079
1842	-1462.461	-1629.789	167.328	0.05872393	4.751495
1848	-1466.289	-1633.987	167.6985	0.05496078	4.546064
1854	-1468.608	-1635.936	167.3287	0.2087618	4.667173
1860	-1464.011	-1631.289	167.2782	0.2592793	4.667173
1866	-1464.27	-1632.011	167.7409	0.04500166	4.52779
1872	-1479.751	-1646.158	166.4079	0.3386114	5.107745
1878	-1463.292	-1630.971	167.6787	0.06173715	4.553362
1884	-1467.89	-1635.659	167.7689	0.05535831	4.506227
1890	-1463.489	-1630.965	167.4759	0.03575399	4.681654
1896	-1472.494	-1639.816	167.3225	0.07212518	4.747087
1902	-1462.798	-1630.922	168.1245	0.06853842	4.29823
1908	-1458.331	-1624.932	166.601	0.1824443	5.087304
1914	-1470.575	-1638.464	167.8896	0.1700305	4.373599
1920	-1449.565	-1616.487	166.9218	0.1737757	4.91389
1926	-1452.846	-1620.048	167.2024	0.217755	4.732815
1932	-1467.054	-1633.546	166.4918	0.08902612	5.199487
1938	-1460.235	-1627.929	167.694	0.09593592	4.52557
1944	-1468.146	-1635.418	167.2714	0.08918633	4.766108
1950	-1479.323	-1646.648	167.3251	0.03552181	4.766108
1956	-1470.649	-1638.037	167.3873	0.04993449	4.723257
1962	-1478.181	-1645.153	166.9714	0.1601173	4.893859
1968	-1467.648	-1635.043	167.3945	0.1585932	4.658407
1974	-1477.789	-1644.995	167.2056	0.005499702	4.849556
1980	-1471.634	-1638.375	166.7407	0.004263812	5.108634
1986	-1464.92	-1631.655	166.7359	0.009047281	5.108634
1992	-1457.882	-1625.022	167.1399	0.08905582	4.839554
1998	-1456.842	-1624.258	167.4153	0.3260354	4.552852
2004	-1462.834	-1629.266	166.432	0.3499441	5.088107
2010	-1457.602	-1624.034	166.432	0.3499441	5.088107
2016	-1462.47	-1629.199	166.7289	0.190621	5.011784
2022	-1467.967	-1635.214	167.2469	0.1742318	4.732281
2028	-1457.604	-1624.851	167.2469	0.1742318	4.732281
2034	-1466.362	-1634.164	167.802	0.1742318	4.420668
2040	-1468.936	-1635.701	166.7648	0.06734694	5.060272
2046	-1470.11	-1637.093	166.9823	0.01184504	4.970325
2052	-1470.757	-1637.792	167.0352	0.1277319	4.876381
2058	-1481.307	-1647.754	166.4468	0.1644779	5.182636
2064	-1477.847	-1645.088	167.2408	0.1071114	4.77318
2070	-1482.272	-1649.089	166.8176	0.1107864	5.006824
2076	-1479.895	-1647.084	167.1895	0.08160504	4.816085
2082	-1481.234	-1648.183	166.9491	0.3576798	4.796136
2088	-1466.557	-1633.644	167.0865	0.2203373	4.796136
2094	-1459.525	-1626.32	166.7947	0.1265467	5.010808
2100	-1460.052	-1626.676	166.6236	0.09708625	5.122087
2106	-1466.144	-1633.479	167.3347	0.08412582	4.733594
2112	-1459.938	-1626.712	166.7733	0.1369912	5.016922
2118	-1456.236	-1623.536	167.2997	0.1960208	4.690543
2124	-1454.8	-1621.902	167.1024	0.1973756	4.800074
2130	-1450.763	-1618.366	167.6023	0.07213855	4.590384
2136	-1455.593	-1622.659	167.066	0.1519651	4.845719
2142	-1464.964	-1632.673	167.7094	0.07168188	4.530543
2148	-1465.241	-1632.355	167.1141	0.1199704	4.836714
2154	-1462.21	-1629.383	167.1727	0.1199704	4.804016
2160	-1468.413	-1635.83	167.4174	0.05929702	4.701199
2166	-1460.225	-1627.499	167.2739	0.05813561	4.782038
2172	-1466.551	-1633.286	166.7351	0.008070355	5.109619
2178	-1464.163	-1631.158	166.9952	0.0001855791	4.969598
2184	-1465.228	-1632.626	167.3974	4.492049e-05	4.745529
2190	-1462.647	-1629.674	167.0271	0.0006015635	4.951676
2196	-1453.987	-1621.901	167.9137	0.001078496	4.455322
2202	-1466.497	-1634.219	167.7216	0.0128921	4.556699
2208	-1463.8	-1631.726	167.9261	0.06357948	4.413087
2214	-1472.324	-1640.853	168.5292	0.01392196	4.099533
2220	-1474.392	-1641.762	167.3703	0.02463958	4.746905
2226	-1471.379	-1638.033	166.6534	0.248827	5.021373
2232	-1467.848	-1634.694	166.846	0.2994487	4.886122
2238	-1457.959	-1625.052	167.0932	0.0522378	4.886122
2244	-1461.672	-1628.764	167.0918	0.1031009	4.858547
2250	-1470.549	-1636.675	166.1256	0.111604	5.389245
2256	-1465.072	-1630.941	165.869	0.1305351	5.520093
2262	-1469.82	-1636.774	166.9541	0.0370223	4.972011
2268	-1472.135	-1639.038	166.9029	0.002265637	5.019756
2274	-1472.998	-1639.674	166.6755	0.001982389	5.145994
2280	-1466.409	-1632.928	166.5191	0.0808068	5.188939
2286	-1482.836	-1650.043	167.2071	0.1811803	4.750652
2292	-1463.813	-1630.934	167.1208	0.2675034	4.750652
2298	-1455.05	-1621.929	166.8789	0.1694796	4.94015
2304	-1476.23	-1641.602	165.3711	0.370441	5.66172
2310	-1470.668	-1636.753	166.0846	0.126108	5.403815
2316	-1478.22	-1645.109	166.8888	0.04575573	5.003437
2322	-1464.704	-1631.098	166.394	0.2595518	5.159238
2328	-1455.352	-1622.38	167.028	0.1175413	4.886045
2334	-1461.139	-1627.841	166.702	0.132945	5.058751
2340	-1459.511	-1626.753	167.2419	0.135749	4.756595
2346	-1460.003	-1627.346	167.3431	0.03451755	4.756595
2352	-1457.683	-1625.183	167.5	0.05250018	4.658759
2358	-1464.618	-1630.666	166.0479	0.1430299	5.414718
2364	-1464.413	-1632.226	167.813	0.3420273	4.319724
2370	-1458.735	-1626.585	167.8496	0.2075337	4.375058
2376	-1466.294	-1632.175	165.8818	0.3830185	5.374042
2382	-1454.892	-1622.536	167.6437	0.1630966	4.516038
2388	-1462.584	-1630.555	167.9702	0.03990263	4.401577
2394	-1458.962	-1625.459	166.4966	0.01092091	5.240027
2400	-1476.729	-1643.47	166.7416	0.08517437	5.063248
2406	-1471.276	-1638.104	166.8281	0.09436977	5.010155
2412	-1466.438	-1633.109	166.6704	0.2520347	5.010155
2418	-1470.565	-1637.192	166.6273	0.2951338	5.010155
2424	-1466.767	-1633.747	166.9799	0.03721235	4.957523
2430	-1460.038	-1627.153	167.1152	0.03222884	4.884993
2436	-1463.582	-1631.009	167.4268	0.1980386	4.618212
2442	-1477.153	-1644.586	167.4326	0.1734316	4.628763
2448	-1474.607	-1642.028	167.4209	0.02116198	4.720596
2454	-1471.653	-1638.331	166.6788	0.2874771	4.985809
2460	-1484.439	-1651.996	167.5571	0.06239886	4.621241
2466	-1470.179	-1637.147	166.9685	0.04275447	4.960784
2472	-1461.201	-1628.641	167.4393	0.1306488	4.648992
2478	-1455.606	-1621.909	166.3029	0.2215533	5.230664
2484	-1459.289	-1626.159	166.8695	0.0972213	4.985536
2490	-1463.97	-1631.48	167.5092	0.06713316	4.645418
2496	-1462.153	-1628.408	166.2553	0.2522993	5.240011
2502	-1464.036	-1630.595	166.5593	0.1041333	5.153766
2508	-1471.751	-1639.257	167.5057	0.1709178	4.589169
2514	-1462.868	-1629.554	166.6856	0.1518397	5.057338
2520	-1462.625	-1629.885	167.2606	0.2160762	4.701199
2526	-1462.523	-1629.027	166.5046	0.1249584	5.172568
2532	-1468.979	-1635.907	166.9278	0.2466034	4.869978
2538	-1470.081	-1637.704	167.6236	0.2104874	4.500722
2544	-1470.584	-1637.927	167.3435	0.08989822	4.725394
2550	-1463.672	-1631.243	167.5711	0.03607435	4.628133
2556	-1460.919	-1627.737	166.8178	0.1129578	5.005516
2562	-1466.426	-1633.706	167.2795	0.1140226	4.747724
2568	-1473.334	-1640.472	167.1375	0.1073491	4.830713
2574	-1470.501	-1637.355	166.8535	0.3913188	4.830713
2580	-1455.839	-1622.97	167.1303	0.1048533	4.836102
2586	-1462.355	-1628.966	166.6109	0.1389392	5.105906
2592	-1469.483	-1636.038	166.5546	0.1593829	5.125813
2598	-1460.773	-1628.141	167.3677	0.3865513	4.545588
2604	-1461.571	-1628.361	166.7901	0.07464831	5.042197
2610	-1462.134	-1629.459	167.3244	0.01765647	4.776439
2616	-1467.177	-1633.953	166.7763	0.10755	5.03157
2622	-1475.729	-1642.961	167.2315	0.02827262	4.822383
2628	-1487.515	-1654.97	167.4553	0.3806229	4.499687
2634	-1469.594	-1636.906	167.312	0.04967162	4.765484
2640	-1465.832	-1632.34	166.5078	0.03313613	5.221555
2646	-1458.358	-1625.033	166.6746	0.1846416	5.045246
2652	-1461.736	-1628.405	166.6689	0.1903632	5.045246
2658	-1461.476	-1628.575	167.0992	0.1655869	4.819606
2664	-1455.402	-1622.192	166.7898	0.1527563	4.998995
2670	-1468.649	-1635.292	166.6428	0.280606	5.009599
2676	-1468.589	-1636.207	167.6179	0.2365802	4.489233
2682	-1464.034	-1631.298	167.2646	0.1025313	4.762461
2688	-1465.09	-1632.33	167.2394	0.127766	4.762461
2694	-1468.891	-1636.13	167.2389	0.1260123	4.763689
2700	-1462.79	-1629.9	167.1104	0.2544833	4.763689
2706	-1468.299	-1635.46	167.1608	0.08180878	4.831977
2712	-1474.667	-1641.622	166.9548	0.2877839	4.831977
2718	-1484.05	-1651.295	167.2449	0.1549519	4.744174
2724	-1466.492	-1633.534	167.0423	0.2528916	4.8026
2730	-1472.041	-1638.845	166.8034	0.1080914	5.016251
2736	-1483.533	-1650.008	166.4742	0.2208275	5.136303
2742	-1470.962	-1637.475	166.5132	0.1108445	5.175593
2748	-1468.236	-1636.025	167.7887	0.2750989	4.371289
2754	-1477.768	-1644.637	166.8685	0.1406251	4.961958
2760	-1484.007	-1650.6	166.5925	0.2335025	5.063661
2766	-1472.165	-1639.469	167.3043	0.02823327	4.781782
2772	-1471.187	-1637.777	166.5897	0.06399499	5.159164
2778	-1463.941	-1631.097	167.1559	0.1406245	4.801857
2784	-1455.543	-1622.373	166.8298	0.1596384	4.972936
2790	-1460.867	-1628.136	167.2695	0.04225112	4.793408
2796	-1467.066	-1634.832	167.7664	0.1037618	4.480407
2802	-1469.142	-1636.023	166.8812	0.1525806	4.948272
2808	-1466.805	-1633.873	167.0686	0.07969788	4.884539
2814	-1465.878	-1632.93	167.0522	0.09606932	4.884539
2820	-1460.585	-1627.827	167.2423	0.07930338	4.787896
2826	-1465.13	-1632.48	167.3502	0.08735627	4.723077
2832	-1459.789	-1626.797	167.0082	0.145791	4.881349
2838	-1457.914	-1625.612	167.6977	0.145791	4.495422
2844	-1459.466	-1625.922	166.456	0.04542436	5.243422
2850	-1454.241	-1621.227	166.9864	0.03805945	4.953429
2856	-1467.335	-1634.214	166.8792	0.1453222	4.953429
2862	-1470.537	-1637.828	167.2918	0.1410744	4.725713
2868	-1468.547	-1635.892	167.3453	0.008362606	4.769982
2874	-1469.487	-1636.632	167.1442	0.003851882	4.884643
2880	-1456.141	-1623.195	167.0539	0.005140549	4.934218
2886	-1463.617	-1630.661	167.0438	0.03378711	4.923891
2892	-1472.065	-1639.707	167.6414	0.1317142	4.535019
2898	-1466.03	-1632.342	166.3128	0.2615403	5.203112
2904	-1470.427	-1637.064	166.6366	0.2615403	5.023663
2910	-1461.006	-1627.866	166.8599	0.0382653	5.023663
2916	-1462.964	-1630.923	167.9584	0.08316932	4.383819
2922	-1463.566	-1631.54	167.9734	0.06818731	4.383819
2928	-1467.246	-1634.286	167.0396	0.1304672	4.872391
2934	-1455.074	-1622.27	167.1959	0.07238424	4.817614
2940	-1459.277	-1626.386	167.1086	0.04219606	4.883144
2946	-1470.03	-1636.499	166.4696	0.2796556	5.106261
2952	-1462.949	-1629.563	166.6142	0.1350066	5.106261
2958	-1466.97	-1634.434	167.464	0.1716678	4.612179
2964	-1460.373	-1627.809	167.4357	0.1716678	4.628012
2970	-1468.288	-1634.116	165.8273	0.3323512	5.431948
2976	-1463.363	-1630.063	166.6996	0.05412824	5.103747
2982	-1470.786	-1637.911	167.1246	0.1483618	4.81504
2988	-1471.687	-1638.62	166.9329	0.1759005	4.906527
2994	-1471.348	-1638.566	167.218	0.08891233	4.796067
3000	-1475.209	-1642.094	166.8851	0.1261511	4.960781
3006	-1461.591	-1629.032	167.441	0.06108584	4.686993
3012	-1462.267	-1629.403	167.1366	0.02950303	4.874592
3018	-1465.525	-1632.846	167.3207	0.1612729	4.698277
3024	-1469.475	-1636.262	166.7864	0.05947339	5.052662
3030	-1469.034	-1636.123	167.089	0.1227693	4.849176
3036	-1464.447	-1631.234	166.7872	0.1635329	4.99446
3042	-1470.185	-1636.547	166.3626	0.1415776	5.241878
3048	-1484.654	-1651.633	166.979	0.1415776	4.899948
3054	-1475.012	-1642.291	167.2785	0.1251384	4.742034
3060	-1475.199	-1643.231	168.0321	0.2100367	4.270441
3066	-1474.015	-1641.602	167.5875	0.04818203	4.612121
3072	-1470.915	-1637.279	166.3643	0.1160017	5.255102
3078	-1467.766	-1634.293	166.527	0.1437685	5.149728
3084	-1471.744	-1637.959	166.2152	0.1511698	5.318029
3090	-1455.406	-1622.595	167.1888	0.03963651	4.839859
3096	-1461.531	-1628.166	166.6341	0.1441378	5.090158
3102	-1459.412	-1625.946	166.5335	0.1925109	5.119114
3108	-1462.173	-1628.823	166.6505	0.2251582	5.036118
3114	-1470.521	-1637.368	166.8472	0.06700698	5.014734
3120	-1470.054	-1637.268	167.2143	0.1133986	4.784506
3126	-1471.063	-1638.239	167.1759	0.1517661	4.784506
3132	-1466.952	-1634.318	167.3664	0.1147371	4.69869
3138	-1466.293	-1633.399	167.106	0.1458591	4.826788
3144	-1463.37	-1630.182	166.8125	0.1527347	4.986407
3150	-1471.49	-1639.265	167.7741	0.06598686	4.497315
3156	-1456.815	-1623.25	166.435	0.3109568	5.108067
3162	-1470.875	-1638.377	167.5023	0.2166403	4.565436
3168	-1458.962	-1626.65	167.6879	0.1034004	4.524759
3174	-1455.117	-1622.015	166.8976	0.03562898	5.004152
3180	-1455.899	-1623.164	167.2649	0.02757941	4.804121
3186	-1460.394	-1627.262	166.868	0.1887997	4.935472
3192	-1467.969	-1634.826	166.8564	0.2498454	4.90795
3198	-1464.908	-1631.988	167.0805	0.1086022	4.861781
3204	-1464.304	-1630.701	166.3975	0.307588	5.130714
3210	-1468.84	-1634.853	166.0128	0.2697241	5.364237
3216	-1459.842	-1626.735	166.8922	0.129143	4.955182
3222	-1461.037	-1628.087	167.0492	0.1167342	4.874684
3228	-1460.252	-1627.202	166.9495	0.2024323	4.882499
3234	-1452.891	-1619.704	166.813	0.2344547	4.940673
3240	-1461.145	-1628.25	167.1047	0.2344547	4.778059
3246	-1467.288	-1634.915	167.6272	0.07576958	4.574377
3252	-1476.107	-1643.536	167.4287	0.07726208	4.684841
3258	-1459.858	-1627.456	167.5977	0.2406236	4.498351
3264	-1458.066	-1625.124	167.058	0.1202501	4.867827
3270	-1463.304	-1630.24	166.9365	0.2407403	4.868417
3276	-1470.147	-1637.32	167.1727	0.2686069	4.720987
3282	-1483.309	-1649.559	166.2494	0.3426949	5.193276
3288	-1478.091	-1645.339	167.2482	0.03151115	4.811292
3294	-1479.159	-1646.726	167.5675	0.0328225	4.631978
3300	-1461.124	-1627.586	166.4617	0.06846859	5.227545
3306	-1468.534	-1636.079	167.545	0.04344006	4.638632
3312	-1459.405	-1626.286	166.8811	0.0864793	4.985092
3318	-1455.5	-1623.316	167.8162	0.1216697	4.442287
3324	-1460.043	-1627.07	167.0274	0.07739641	4.908769
3330	-1466.168	-1634.099	167.9305	0.07667064	4.403242
3336	-1465.263	-1632.991	167.7278	0.1177887	4.49424
3342	-1461.398	-1628.492	167.0942	0.08899118	4.865072
3348	-1463.176	-1630.043	166.8671	0.09081703	4.990447
3354	-1466.705	-1633.299	166.5941	0.3637836	4.990447
3360	-1460.098	-1627.343	167.2452	0.2077856	4.714487
3366	-1473.894	-1640.898	167.0045	0.2396088	4.83115
3372	-1469.037	-1635.426	166.3886	0.06541446	5.269595
3378	-1452.453	-1619.551	167.0983	0.2221293	4.788566
3384	-1451.63	-1618.928	167.2986	0.02181779	4.788566
3390	-1457.96	-1625.299	167.3391	0.1959838	4.668503
3396	-1463.933	-1631.595	167.6625	0.02718978	4.581853
3402	-1464.463	-1632.032	167.5691	0.0192907	4.63865
3408	-1464.928	-1631.972	167.0444	0.09495793	4.889513
3414	-1469.696	-1637.566	167.8699	0.05019296	4.452285
3420	-1475.678	-1642.427	166.7493	0.1195817	5.039872
3426	-1469.506	-1635.932	166.4254	0.0779199	5.242361
3432	-1465.127	-1632.459	167.332	0.1065495	4.722553
3438	-1466.982	-1633.512	166.5302	0.3025702	5.05993
3444	-1466.892	-1633.68	166.7885	0.07555513	5.042594
3450	-1463.191	-1630.214	167.0227	0.1392866	4.876884
3456	-1473.687	-1640.866	167.1795	0.137614	4.79038
3462	-1469.088	-1635.771	166.6826	0.2403709	5.00987
3468	-1474.611	-1640.433	165.8216	0.0403092	5.595661
3474	-1468.638	-1636.006	167.368	0.1940582	4.65341
3480	-1463.942	-1631.703	167.7609	0.01964412	4.530836
3486	-1450.998	-1617.916	166.9178	0.06571426	4.976212
3492	-1461.119	-1627.838	166.7196	0.07513305	5.081008
3498	-1470.124	-1637.262	167.138	0.1286241	4.818589
3504	-1457.032	-1624.248	167.2158	0.05076334	4.818589
3510	-1468.848	-1636.513	167.665	0.1246219	4.525719
3516	-1472.566	-1640.005	167.4392	0.05923699	4.689024
3522	-1481.907	-1648.562	166.6557	0.05673431	5.126632
3528	-1477.339	-1644.283	166.9442	0.2148819	4.878517
3534	-1474.016	-1641.464	167.4478	0.05203147	4.688249
3540	-1475.452	-1642.668	167.2155	0.1027101	4.789768
3546	-1467.521	-1633.916	166.3954	0.194121	5.194704
3552	-1463.269	-1629.602	166.3333	0.2562443	5.194704
3558	-1460.836	-1628.375	167.5397	0.08274123	4.619585
3564	-1463.542	-1630.147	166.6042	0.178551	5.087696
3570	-1463.256	-1629.809	166.5526	0.2046725	5.101776
3576	-1470.466	-1637.143	166.6768	0.08053113	5.101776
3582	-1465.72	-1632.219	166.4991	0.1285495	5.173585
3588	-1451.691	-1618.272	166.5801	0.1588356	5.111942
3594	-1460.477	-1626.841	166.3648	0.1918282	5.212894
3600	-1468.485	-1634.503	166.0181	0.1918282	5.404254
3606	-1465.638	-1633.025	167.3868	0.3026484	4.581979
3612	-1454.877	-1622.148	167.2718	0.02913146	4.799402
3618	-1465.212	-1632.375	167.1636	0.1373827	4.799402
3624	-1469.896	-1636.522	166.6265	0.1716692	5.079125
3630	-1470.632	-1638.305	167.6735	0.1716692	4.494503
3636	-1465.16	-1632.477	167.3179	0.0807358	4.744875
3642	-1463.538	-1631.383	167.8452	0.1781255	4.394123
3648	-1456.349	-1623.545	167.1958	0.1781255	4.758663
3654	-1460.373	-1628.07	167.6969	0.1116422	4.515076
3660	-1465.179	-1632.598	167.4194	0.1191497	4.666598
3666	-1472.379	-1639.82	167.4406	0.09787422	4.666598
3672	-1475.328	-1642.162	166.8335	0.1216725	4.991982
3678	-1465.435	-1633.043	167.6081	0.2448088	4.490119
3684	-1459.263	-1625.572	166.3087	0.2398888	5.217315
3690	-1464.803	-1631.155	166.3516	0.1970053	5.217315
3696	-1460.967	-1627.952	166.9852	0.02836927	4.959498
3702	-1454.283	-1621.6	167.3177	0.009484412	4.784781
3708	-1463.752	-1630.848	167.0957	0.1351979	4.838521
3714	-1458.705	-1625.307	166.6023	0.2276296	5.061523
3720	-1468.082	-1634.909	166.8272	0.0263157	5.048416
3726	-1468.924	-1635.799	166.8746	0.392076	4.818548
3732	-1458.62	-1625.587	166.9668	0.1261379	4.915357
3738	-1453.3	-1619.887	166.5873	0.1369625	5.12007
3744	-1462.063	-1628.536	166.4724	0.2518994	5.12007
3750	-1455.473	-1623.237	167.7636	0.06044525	4.50636
3756	-1454.728	-1622.154	167.4252	0.09759794	4.675392
3762	-1478.031	-1645.772	167.7411	0.05616214	4.52145
3768	-1469.277	-1635.884	166.6076	0.08743292	5.136279
3774	-1468.065	-1635.04	166.9748	0.02698906	4.966068
3780	-1468.494	-1635.52	167.0264	0.2073042	4.836902
3786	-1465.14	-1632.049	166.9084	0.1506186	4.934233
3792	-1460.733	-1626.668	165.9349	0.191398	5.450347
3798	-1469.416	-1635.907	166.4914	0.1279956	5.178183
3804	-1469.725	-1636.431	166.7066	0.1279956	5.058896
3810	-1467.698	-1633.956	166.2585	0.1725601	5.282277
3816	-1470.005	-1637.638	167.633	0.07666326	4.570622
3822	-1460.834	-1628.396	167.5621	0.1373292	4.576381
3828	-1472.329	-1639.575	167.2454	0.147875	4.747876
3834	-1468.434	-1635.821	167.3869	0.006340178	4.747876
3840	-1466.047	-1633.315	167.2681	0.1303411	4.744969
3846	-1468.181	-1634.62	166.4394	0.1315672	5.204987
3852	-1459.046	-1626.499	167.4534	0.1315672	4.640561
3858	-1464.311	-1631.317	167.0056	0.1663289	4.871371
3864	-1463.423	-1631.25	167.8274	0.05653817	4.472661
3870	-1469.391	-1636.857	167.4653	0.1410827	4.62859
3876	-1471.943	-1639.115	167.1722	0.108218	4.810897
3882	-1467.086	-1634.44	167.3547	0.2293984	4.641082
3888	-1462.026	-1628.789	166.7629	0.2166429	4.978425
3894	-1462.801	-1630.173	167.3723	0.06800874	4.72156
3900	-1466.225	-1633.382	167.1569	0.04804788	4.852972
3906	-1468.479	-1635.2	166.7215	0.04235288	5.098164
3912	-1467.137	-1633.758	166.6219	0.1419523	5.098164
3918	-1453.077	-1619.699	166.6219	0.1419523	5.098164
3924	-1456.622	-1623.134	166.5124	0.1476325	5.155682
3930	-1448.742	-1615.732	166.9906	0.2256979	4.846629
3936	-1453.305	-1620.575	167.2702	0.07140207	4.776732
3942	-1462.503	-1629.961	167.4583	0.05121468	4.682851
3948	-1457.524	-1624.992	167.4679	0.04157129	4.682851
3954	-1460.945	-1627.334	166.3892	0.1348873	5.230889
3960	-1478.148	-1643.665	165.5171	0.2063495	5.671657
3966	-1473.425	-1640.397	166.9717	0.2063495	4.867946
3972	-1474.174	-1640.775	166.6008	0.1764676	5.090728
3978	-1464.089	-1630.913	166.8238	0.04463823	5.040165
3984	-1472.589	-1638.149	165.5596	0.3115395	5.590615
3990	-1472.163	-1639.224	167.0603	0.01682005	4.924156
3996	-1469.417	-1636.246	166.8295	0.09583583	5.008539
4002	-1457.705	-1625.189	167.4837	0.0727356	4.656534
4008	-1450.201	-1616.503	166.3016	0.1634507	5.263525
4014	-1450.961	-1618.185	167.2249	0.08302547	4.795527
4020	-1461.268	-1627.584	166.3156	0.08396029	5.299711
4026	-1454.954	-1622.965	168.0105	0.1057782	4.341614
4032	-1464.655	-1631.854	167.1995	0.1513559	4.771542
4038	-1471.511	-1639.047	167.5354	0.1798493	4.567524
4044	-1468.927	-1635.683	166.7558	0.1040294	5.044943
4050	-1461.564	-1628.281	166.7169	0.1429186	5.044943
4056	-1463.57	-1630.172	166.6018	0.009391429	5.182731
4062	-1460.48	-1627.797	167.3166	0.02329865	4.777674
4068	-1460.889	-1628.197	167.3086	0.03129161	4.777674
4074	-1452.388	-1619.813	167.425	0.1488196	4.646835
4080	-1467.218	-1633.624	166.406	0.1059514	5.237584
4086	-1471.037	-1637.675	166.638	0.3156283	4.992808
4092	-1453.509	-1620.263	166.754	0.2495362	4.965097
4098	-1462.851	-1630.149	167.2978	0.0614108	4.766899
4104	-1467.029	-1634.045	167.0164	0.314872	4.78246
4110	-1466.806	-1633.941	167.1349	0.1677797	4.798456
4116	-1467.023	-1633.877	166.8543	0.4483577	4.798456
4122	-1454.502	-1621.953	167.4505	0.05160548	4.686973
4128	-1454.06	-1621.896	167.8356	0.198503	4.388026
4134	-1453.542	-1620.632	167.0893	0.03986761	4.895193
4140	-1456.233	-1623.914	167.6807	0.05399425	4.55659
4146	-1458.895	-1626.76	167.865	0.1915944	4.375329
4152	-1463.692	-1631.621	167.9287	0.243213	4.310191
4158	-1463.203	-1630.637	167.4341	0.1313086	4.651561
4164	-1472.389	-1639.878	167.4888	0.08966506	4.64423
4170	-1458.324	-1624.894	166.5697	0.1681697	5.11253
4176	-1457.561	-1623.984	166.4237	0.0255835	5.272245
4182	-1464.471	-1631.453	166.9827	0.03610721	4.956593
4188	-1459.736	-1625.823	166.0867	0.01732776	5.462572
4194	-1448.142	-1615.382	167.24	0.2338031	4.702836
4200	-1457.862	-1624.644	166.7823	0.02545787	5.073781
4206	-1461.696	-1627.998	166.302	0.07131395	5.314163
4212	-1463.599	-1630.976	167.3774	0.1362559	4.680515
4218	-1478.356	-1644.422	166.0661	0.1362559	5.408426
4224	-1481.7	-1649.049	167.3493	0.110696	4.71056
4230	-1472.549	-1639.447	166.8979	0.1880703	4.919211
4236	-1470.444	-1637.698	167.2542	0.07897878	4.781446
4242	-1475.647	-1643.311	167.6641	0.02197999	4.583902
4248	-1469.855	-1637.008	167.1534	0.004102791	4.879415
4254	-1471.062	-1637.447	166.3849	0.069854	5.269186
4260	-1478.673	-1645.048	166.375	0.3530138	5.117991
4266	-1465.514	-1632.269	166.7544	0.178589	5.004292
4272	-1464.369	-1632.13	167.7618	0.1591336	4.451847
4278	-1468.266	-1635.227	166.9606	0.1365985	4.912956
4284	-1456.279	-1622.654	166.375	0.1309036	5.240956
4290	-1468.265	-1635.171	166.9063	0.09939974	4.963906
4296	-1459.71	-1626.711	167.0007	0.005003144	4.963906
4302	-1453.025	-1620.512	167.4867	0.00964296	4.690202
4308	-1463.023	-1630.773	167.7504	0.0003038251	4.54758
4314	-1457.297	-1624.931	167.6343	0.01451519	4.604769
4320	-1457.429	-1624.811	167.3818	0.0740727	4.712853
4326	-1462.79	-1630.389	167.5988	0.1640597	4.540737
4332	-1462.45	-1630.2	167.7503	0.1274094	4.476177
4338	-1466.45	-1632.692	166.2418	0.2019032	5.275291
4344	-1463.719	-1629.953	166.2345	0.2092109	5.275291
4350	-1458.358	-1625.737	167.3796	0.2175725	4.633752
4356	-1468.066	-1635.416	167.35	0.1551613	4.685249
4362	-1458.907	-1626.285	167.3785	0.1599676	4.666653
4368	-1453.89	-1621.485	167.5954	0.103911	4.576442
4374	-1459.279	-1626.411	167.1319	0.04609179	4.868
4380	-1479.932	-1647.048	167.1164	0.06152508	4.868
4386	-1477.249	-1644.676	167.4277	0.2196173	4.605644
4392	-1459.652	-1627.589	167.937	0.05886666	4.409624
4398	-1463.307	-1630.087	166.7807	0.08358636	5.042416
4404	-1471.411	-1637.927	166.5162	0.3186704	5.058742
4410	-1485.193	-1653.05	167.8562	0.1233701	4.418796
4416	-1464.745	-1632.221	167.4764	0.09084567	4.650512
4422	-1466.495	-1634.273	167.7776	0.036126	4.512144
4428	-1461.018	-1628.078	167.0608	0.06490818	4.897122
4434	-1458.228	-1625.255	167.0269	0.09876868	4.897122
4440	-1458.308	-1625.327	167.0187	0.2147589	4.837073
4446	-1471.103	-1636.467	165.3639	0.2562022	5.728318
4452	-1468.45	-1635.607	167.1569	0.05732518	4.8478
4458	-1463.323	-1629.617	166.2947	0.04229858	5.334207
4464	-1469.679	-1636.732	167.053	0.02705387	4.922514
4470	-1467.05	-1634.158	167.1083	0.07791957	4.863384
4476	-1465.886	-1633.084	167.1979	0.2163644	4.736102
4482	-1473.158	-1640.08	166.9224	0.06646042	4.973265
4488	-1466.057	-1633.31	167.2534	0.07620659	4.783415
4494	-1472.334	-1639.084	166.7503	0.2863902	4.946639
4500	-1470.947	-1637.51	166.5637	0.1816937	5.108398
4506	-1482.169	-1649.51	167.3408	0.1679274	4.683255
4512	-1481.026	-1647.62	166.5933	0.2447021	5.057024
4518	-1469.095	-1635.579	166.484	0.1771523	5.155059
4524	-1468.429	-1635.388	166.9583	0.0742981	4.948902
4530	-1460.168	-1627.144	166.9763	0.1014886	4.923809
4536	-1458.379	-1625.409	167.0303	0.04741886	4.923809
4542	-1458.689	-1625.849	167.1601	0.1672804	4.784636
4548	-1461.458	-1628.199	166.7411	0.02153033	5.098824
4554	-1465.09	-1631.991	166.901	0.1522465	4.937452
4560	-1469.603	-1637.23	167.627	0.05476565	4.586308
4566	-1469.128	-1636.202	167.0738	0.009812037	4.920549
4572	-1476.418	-1642.835	166.4172	0.1920032	5.183818
4578	-1459.66	-1627.112	167.4517	0.1372561	4.638316
4584	-1460.915	-1627.667	166.7515	0.1966891	4.995857
4590	-1463.668	-1630.958	167.2906	0.1133656	4.741886
4596	-1475.733	-1643.596	167.8627	0.01299586	4.477286
4602	-1462.81	-1629.995	167.1851	0.1699727	4.769201
4608	-1461.664	-1629.28	167.6158	0.1699727	4.527903
4614	-1465.688	-1633.444	167.7552	0.03053808	4.527903
4620	-1478.677	-1645.226	166.5488	0.1459578	5.136449
4626	-1463.333	-1630.506	167.1733	0.07997769	4.826016
4632	-1481.041	-1647.282	166.2408	0.09150023	5.336814
4638	-1480.141	-1647.209	167.0677	0.009249251	4.924249
4644	-1459.776	-1627.949	168.1733	0.02493349	4.29529
4650	-1462.806	-1629.545	166.7385	0.2276418	4.985882
4656	-1458.853	-1625.877	167.0243	0.08328148	4.907188
4662	-1470.861	-1637.6	166.7394	0.14069	5.033679
4668	-1469.913	-1637.555	167.6422	0.1316876	4.534576
4674	-1479.231	-1646.403	167.1722	0.1685668	4.777194
4680	-1471.952	-1638.769	166.8172	0.102425	5.011741
4686	-1464.442	-1631.626	167.1848	0.02670277	4.849313
4692	-1466.083	-1633.363	167.2797	0.04331421	4.787116
4698	-1460.952	-1628.067	167.1152	0.2078192	4.787116
4704	-1465.996	-1633.437	167.4412	0.03345035	4.702351
4710	-1469.287	-1635.649	166.3618	0.3865434	5.106729
4716	-1459.268	-1625.074	165.8059	0.07411599	5.585766
4722	-1452.99	-1620.719	167.7284	0.1094739	4.498562
4728	-1461.326	-1627.814	166.488	0.1094739	5.19029
4734	-1461.465	-1629.238	167.7733	0.04239073	4.511055
4740	-1455.936	-1622.767	166.8315	0.2467208	4.923547
4746	-1464.152	-1631.163	167.0112	0.1746946	4.863563
4752	-1467.151	-1634.413	167.2629	0.308857	4.648002
4758	-1466.002	-1631.915	165.9127	0.3062054	5.399306
4764	-1472.392	-1639.632	167.2401	0.2750392	4.679689
4770	-1466.661	-1634.51	167.8491	0.2591184	4.346204
4776	-1470.582	-1637.032	166.4497	0.08020861	5.227669
4782	-1474.206	-1640.995	166.7899	0.03539177	5.064104
4788	-1462.159	-1629.375	167.2154	0.07323986	4.806293
4794	-1466.555	-1632.708	166.1531	0.3178233	5.260278
4800	-1454.482	-1621.083	166.6008	0.2430394	5.05377
4806	-1462.012	-1629.059	167.0466	0.3000013	4.773898
4812	-1461.527	-1628.467	166.9405	0.2442436	4.864215
4818	-1471.054	-1637.615	166.5615	0.09558408	5.157284
4824	-1467.077	-1633.192	166.115	0.01208663	5.449913
4830	-1475.761	-1643.461	167.7003	0.08491364	4.528208
4836	-1458.835	-1626.129	167.294	0.1470589	4.721127
4842	-1471.216	-1638.118	166.9024	0.02985217	5.004727
4848	-1457.423	-1625.179	167.7569	0.00899137	4.539073
4854	-1456.885	-1623.21	166.3245	0.007726176	5.336834
4860	-1453.445	-1619.978	166.5327	0.1354454	5.1512
4866	-1468.711	-1635.493	166.7826	0.2441052	4.952228
4872	-1453.715	-1621.195	167.4799	0.2368214	4.566668
4878	-1458	-1625.586	167.5861	0.2581512	4.495026
4884	-1469.83	-1636.484	166.6535	0.2971377	4.994486
4890	-1464.713	-1632.105	167.3916	0.02204596	4.736489
4896	-1458.376	-1625.559	167.1828	0.02305751	4.852452
4902	-1467.439	-1634.246	166.8069	0.1447245	4.993927
4908	-1461.065	-1628.678	167.6135	0.04857374	4.597363
4914	-1456.092	-1623.734	167.6415	0.01293956	4.601646
4920	-1451.639	-1618.711	167.0725	0.01606061	4.917806
4926	-1465.223	-1631.669	166.4458	0.2914374	5.112883
4932	-1453.22	-1621.441	168.2207	0.0241946	4.268896
4938	-1472.957	-1639.675	166.7175	0.04860855	5.096928
4944	-1472.542	-1639.938	167.3957	0.03074513	4.729309
4950	-1462.625	-1629.642	167.0172	0.0846325	4.910393
4956	-1467.156	-1633.923	166.7675	0.3071489	4.925525
4962	-1463.681	-1630.549	166.8681	0.1038217	4.982649
4968	-1474.61	-1641.753	167.1431	0.1886199	4.782222
4974	-1473.188	-1640.507	167.3187	0.04896591	4.762183
4980	-1473.47	-1641.177	167.7065	0.1372841	4.495279
4986	-1479.695	-1646.429	166.7341	0.1628202	5.02432
4992	-1478.546	-1645.299	166.753	0.1361711	5.02862
4998	-1482.305	-1649.171	166.8662	0.1731304	4.945173
5004	-1481.022	-1648.275	167.2529	0.03312498	4.80776
5010	-1484.898	-1651.424	166.5254	0.07150607	5.190614
5016	-1476.791	-1643.877	167.0856	0.1170562	4.854253
5022	-1476.629	-1643.664	167.0345	0.02998961	4.931193
5028	-1466.305	-1633.643	167.3384	0.1563502	4.691083
5034	-1461.244	-1627.765	166.521	0.3415211	5.043403
5040	-1454.654	-1621.608	166.9533	0.08302192	4.94685
5046	-1469.405	-1636.578	167.1731	0.05105823	4.842245
5052	-1465.953	-1633.374	167.4204	0.05547485	4.701635
5058	-1467.715	-1635.125	167.4103	0.06562279	4.701635
5064	-1468.462	-1636.102	167.6405	0.1408118	4.530378
5070	-1460.56	-1626.542	165.9818	0.1597146	5.441967
5076	-1454.124	-1621.221	167.097	0.06455034	4.877119
5082	-1476.293	-1642.449	166.1558	0.2406437	5.301394
5088	-1454.483	-1620.763	166.2797	0.0233189	5.35298
5094	-1458.304	-1624.898	166.5939	0.2287926	5.065497
5100	-1459.589	-1627.275	167.6858	0.08932804	4.533869
5106	-1459.086	-1625.914	166.8282	0.06984867	5.023697
5112	-1467.29	-1634.63	167.3395	0.2542825	4.635614
5118	-1457.876	-1624.211	166.3349	0.1103453	5.274468
5124	-1455.818	-1623.012	167.1938	0.1484647	4.776354
5130	-1470.74	-1637.542	166.8016	0.04390309	5.052889
5136	-1464.268	-1630.639	166.3713	0.2408062	5.182225
5142	-1461.444	-1629.467	168.0229	0.03774691	4.373032
5148	-1457.202	-1624.636	167.4337	0.166769	4.631873
5154	-1468.88	-1635.847	166.9664	0.1831297	4.883859
5160	-1467.149	-1634.337	167.188	0.0992213	4.807056
5166	-1466.958	-1634.028	167.0705	0.2167057	4.807056
5172	-1458.06	-1625.77	167.7098	0.05437888	4.540025
5178	-1451.317	-1618.229	166.9117	0.2707898	4.865487
5184	-1451.099	-1618.05	166.9503	0.02159806	4.982686
5190	-1466.877	-1633.55	166.6722	0.238817	5.016519
5196	-1457.865	-1625.349	167.4842	0.06394564	4.661233
5202	-1460.538	-1628.354	167.8161	0.04849619	4.483537
5208	-1462.994	-1630.286	167.2915	0.06729377	4.767093
5214	-1456.045	-1622.721	166.6759	0.07445697	5.10563
5220	-1471.88	-1638.929	167.0483	0.1954772	4.831316
5226	-1472.5	-1639.185	166.6855	0.1095365	5.080859
5232	-1463.058	-1630.523	167.4644	0.03488266	4.688541
5238	-1468.472	-1635.562	167.0899	0.1027475	4.85984
5244	-1480.583	-1647.092	166.5092	0.2846787	5.081516
5250	-1457.764	-1624.675	166.9105	0.1851321	4.913849
5256	-1465.915	-1632.317	166.4025	0.1569209	5.211336
5262	-1470.63	-1637.782	167.1519	0.03084101	4.86536
5268	-1458.601	-1625.804	167.2022	0.2435761	4.718503
5274	-1465.065	-1630.824	165.759	0.1565761	5.566196
5280	-1464.671	-1632.33	167.6594	0.02248272	4.58623
5286	-1471.001	-1638.426	167.4254	0.1141985	4.666011
5292	-1454.834	-1622.349	167.515	0.01211632	4.672971
5298	-1461.558	-1628.869	167.3106	0.007791439	4.789664
5304	-1469.015	-1635.793	166.7781	0.1815811	4.989441
5310	-1471.33	-1639.063	167.7328	0.08500416	4.509899
5316	-1465.375	-1632.963	167.5876	0.1173581	4.573288
5322	-1467.652	-1634.363	166.7109	0.1264186	5.057428
5328	-1463.811	-1630.444	166.6331	0.2041416	5.057428
5334	-1456.135	-1623.17	167.0347	0.05859318	4.915163
5340	-1455.206	-1621.955	166.7486	0.3447158	4.915163
5346	-1458.775	-1625.645	166.8704	0.2228779	4.915163
5352	-1475.353	-1642.548	167.1945	0.2618204	4.712614
5358	-1468.088	-1635.124	167.0369	0.05822616	4.914132
5364	-1465.611	-1632.471	166.8594	0.06878417	5.006937
5370	-1462.233	-1629.805	167.5721	0.07588421	4.605267
5376	-1461.868	-1629.136	167.2673	0.0197474	4.80715
5382	-1466.989	-1633.798	166.8089	0.3484021	4.879517
5388	-1465.561	-1633.179	167.6175	0.1170582	4.556661
5394	-1461.913	-1628.436	166.5232	0.0603781	5.197987
5400	-1466.328	-1634.117	167.7886	0.09993333	4.470106
5406	-1461.582	-1628.71	167.1285	0.1860445	4.791832
5412	-1480.723	-1647.099	166.3763	0.04139648	5.289652
5418	-1464.393	-1631.87	167.4768	0.05900895	4.668111
5424	-1459.014	-1625.282	166.2679	0.2683749	5.224136
5430	-1464.074	-1631.451	167.3774	0.07792434	4.713172
5436	-1463.24	-1631.05	167.8099	0.1908659	4.406821
5442	-1462.363	-1628.974	166.611	0.4082048	4.956395
5448	-1452.705	-1620.041	167.3357	0.172918	4.683357
5454	-1464.543	-1632.321	167.7784	0.01810546	4.521838
5460	-1465.462	-1632.707	167.245	0.01238913	4.823699
5466	-1455.676	-1622.836	167.1595	0.09790954	4.823699
5472	-1464.312	-1630.955	166.643	0.2117779	5.04771
5478	-1468.941	-1635.88	166.9389	0.1248188	4.931602
5484	-1468.213	-1634.971	166.7576	0.1231558	5.033297
5490	-1457.611	-1624.126	166.5149	0.1512989	5.152247
5496	-1458.076	-1625.171	167.0946	0.04144967	4.891349
5502	-1461.779	-1629.242	167.4628	0.00773609	4.704649
5508	-1471.008	-1638.764	167.7554	0.006324736	4.541419
5514	-1478.386	-1644.776	166.3901	0.06571281	5.268598
5520	-1489.683	-1656.404	166.7205	0.2464332	4.985462
5526	-1469.263	-1636.469	167.2061	0.1765647	4.753772
5532	-1464.088	-1630.8	166.7111	0.1470014	5.045857
5538	-1476.92	-1644.864	167.9444	0.1605544	4.347998
5544	-1477.687	-1644.818	167.1301	0.1605544	4.805162
5550	-1473.959	-1640.338	166.3794	0.3534437	5.115355
5556	-1478.803	-1645.765	166.9613	0.03786841	4.967524
5562	-1482.135	-1650.082	167.9472	0.00944517	4.431696
5568	-1470.342	-1637.937	167.5953	0.009283392	4.629574
5574	-1472.93	-1640.361	167.4312	0.0223788	4.714114
5580	-1475.616	-1642.592	166.9754	0.05482363	4.950221
5586	-1464.366	-1631.474	167.108	0.1338178	4.832421
5592	-1471.632	-1638.515	166.8829	0.12202	4.964297
5598	-1475.222	-1641.69	166.4681	0.2369061	5.130793
5604	-1463.064	-1629.179	166.1154	0.2054025	5.343167
5610	-1482.659	-1649.932	167.2732	0.141296	4.736016
5616	-1474.806	-1642.017	167.2107	0.2037966	4.736016
5622	-1470.4	-1637.652	167.2526	0.1539195	4.740463
5628	-1458.533	-1625.428	166.8957	0.0561557	4.993808
5634	-1461.895	-1629.204	167.3085	0.02894652	4.779025
5640	-1459.315	-1626.209	166.8933	0.2396167	4.893123
5646	-1475.486	-1641.868	166.3819	0.02149407	5.297554
5652	-1464.347	-1631.666	167.3189	0.003683179	4.787355
5658	-1474.06	-1641.788	167.7284	0.193432	4.45134
5664	-1476.263	-1643.108	166.8447	0.09429018	5.000987
5670	-1470.467	-1637.215	166.7475	0.04950845	5.079778
5676	-1456.751	-1624.039	167.2879	0.08217257	4.760805
5682	-1458.243	-1625.563	167.3199	0.05015665	4.760805
5688	-1466.436	-1632.798	166.362	0.210019	5.204386
5694	-1477.53	-1643.956	166.4261	0.2485261	5.147613
5700	-1467.811	-1634.33	166.5193	0.1552708	5.147613
5706	-1464.96	-1631.654	166.6948	0.1808043	5.036158
5712	-1459.019	-1626.552	167.5327	0.02502723	4.655865
5718	-1466.193	-1634.194	168.0007	0.09073265	4.355646
5724	-1457.708	-1625.081	167.3728	0.05527568	4.728384
5730	-1447.991	-1615.698	167.7072	0.1186495	4.505329
5736	-1448.106	-1615.314	167.2081	0.08564206	4.803438
5742	-1461.563	-1627.752	166.1885	0.2123548	5.298975
5748	-1451.281	-1618.675	167.3937	0.1896155	4.641491
5754	-1456.293	-1623.852	167.5588	0.06124599	4.620894
5760	-1457.075	-1624.609	167.5342	0.05404139	4.638753
5766	-1468.108	-1635.25	167.1416	0.02694893	4.873221
5772	-1454.64	-1622.212	167.5725	0.0200503	4.63633
5778	-1454.095	-1620.615	166.5195	0.04220319	5.210087
5784	-1457.861	-1625.271	167.4102	0.2115189	4.619971
5790	-1461.171	-1627.629	166.4581	0.2115189	5.15037
5796	-1469.497	-1636.704	167.2067	0.2768008	4.69737
5802	-1464.822	-1631.879	167.0567	0.1055502	4.876749
5808	-1469.161	-1635.801	166.6406	0.03893917	5.144889
5814	-1463.721	-1630.382	166.6612	0.01831277	5.144889
5820	-1464.716	-1631.393	166.6768	0.002698409	5.144889
5826	-1466.315	-1633.443	167.128	0.01169912	4.889315
5832	-1472.967	-1641.496	168.5292	0.1120815	4.043558
5838	-1474.28	-1641.462	167.1816	0.3588256	4.665518
5844	-1460.652	-1628.032	167.3806	0.01604906	4.745991
5850	-1473.002	-1639.329	166.3262	0.06848022	5.302373
5856	-1465.274	-1631.221	165.9463	0.1919659	5.443746
5862	-1461.279	-1627.834	166.5559	0.08167881	5.168102
5868	-1459.058	-1625.776	166.7189	0.07875152	5.079404
5874	-1473.793	-1641.191	167.3978	0.0587181	4.712517
5880	-1475.764	-1642.947	167.1838	0.1341233	4.789959
5886	-1473.414	-1640.628	167.2135	0.1043731	4.789959
5892	-1470.645	-1637.736	167.0911	0.03588384	4.89639
5898	-1474.403	-1640.995	166.5928	0.03098941	5.175762
5904	-1485.936	-1652.555	166.6189	0.1075602	5.118855
5910	-1468.865	-1635.462	166.5965	0.3187049	5.014162
5916	-1452.1	-1618.851	166.7513	0.02395723	5.091812
5922	-1459.342	-1626.393	167.051	0.01769309	4.928832
5928	-1458.961	-1626.263	167.3023	0.1645165	4.706734
5934	-1467.48	-1634.736	167.2562	0.2106116	4.706734
5940	-1469.225	-1636.575	167.3501	0.2081599	4.655534
5946	-1474.794	-1642.092	167.2985	0.2081599	4.684437
5952	-1469.445	-1636.61	167.1644	0.1323118	4.801768
5958	-1475.235	-1642.415	167.1805	0.2300427	4.73821
5964	-1475.879	-1643.755	167.8763	0.1729698	4.379496
5970	-1475.83	-1643.413	167.5833	0.07205906	4.601135
5976	-1473.395	-1640.62	167.2243	0.02819641	4.826449
5982	-1479.743	-1648.157	168.4145	0.1292782	4.099131
5988	-1476.278	-1643.052	166.7734	0.07053059	5.053753
5994	-1479.655	-1646.329	166.6736	0.1693169	5.0543
6000	-1478.38	-1645.693	167.3137	0.1502068	4.708377
6006	-1469.994	-1637.082	167.0879	0.1452556	4.837219
6012	-1486.803	-1654.025	167.2222	0.09641993	4.78954
6018	-1483.895	-1651.08	167.1848	0.1111754	4.802207
6024	-1471.875	-1638.833	166.9573	0.3386593	4.802207
6030	-1468.438	-1635.427	166.989	0.2580384	4.829467
6036	-1471.656	-1637.621	165.9652	0.3238714	5.360636
6042	-1475.833	-1642.36	166.5269	0.05249964	5.200325
6048	-1472.962	-1640.309	167.3463	0.2891229	4.612292
6054	-1461.16	-1628.289	167.1292	0.2664686	4.746509
6060	-1464.648	-1631.972	167.3237	0.2720201	4.634563
6066	-1472.057	-1638.27	166.2132	0.2720201	5.252356
6072	-1456.217	-1623.058	166.8416	0.02955751	5.038641
6078	-1460.369	-1628.289	167.9193	0.09598841	4.39866
6084	-1453.617	-1621.278	167.6607	0.01923427	4.58732
6090	-1453.018	-1620.976	167.9578	0.1074867	4.370419
6096	-1459.496	-1626.121	166.625	0.1447359	5.094893
6102	-1459.56	-1627.616	168.0563	0.01673795	4.366062
6108	-1443.104	-1610.145	167.0409	0.006780974	4.940513
6114	-1453.283	-1620.058	166.7747	0.005006491	5.089376
6120	-1458.341	-1625.274	166.9339	0.02744516	4.988552
6126	-1466.089	-1633.692	167.6033	0.09793398	4.575368
6132	-1458.85	-1626.39	167.5401	0.09793398	4.610826
6138	-1453.811	-1621.318	167.5071	0.04353549	4.659833
6144	-1464.584	-1632.061	167.4768	0.07380449	4.659833
6150	-1461.836	-1629.347	167.5114	0.0482912	4.654762
6156	-1459.019	-1626.374	167.3556	0.07984583	4.724269
6162	-1466.095	-1633.801	167.7057	0.07192072	4.532479
6168	-1457.882	-1625.265	167.383	0.02504041	4.739611
6174	-1469.996	-1636.687	166.6917	0.003159086	5.136374
6180	-1474.525	-1640.216	165.6904	0.01044252	5.68405
6186	-1477.178	-1642.943	165.7652	0.1679243	5.55656
6192	-1477.41	-1643.85	166.4392	0.1765414	5.18021
6198	-1448.654	-1615.863	167.2082	0.04572107	4.82563
6204	-1459.514	-1627.153	167.639	0.0102399	4.604524
6210	-1461.175	-1628.377	167.2021	0.00292842	4.852916
6216	-1457.777	-1624.876	167.0996	0.01005896	4.906061
6222	-1464.704	-1631.628	166.9241	0.01821392	4.999096
6228	-1470.563	-1636.949	166.3864	0.03005452	5.290361
6234	-1468.669	-1636.073	167.4038	0.03005452	4.725164
6240	-1476.348	-1643.206	166.8574	0.1760278	4.948471
6246	-1480.034	-1645.649	165.6146	0.2063624	5.618141
6252	-1473.159	-1640.057	166.898	0.09170689	4.972784
6258	-1461.387	-1628.898	167.5113	0.01424535	4.673839
6264	-1463.35	-1630.82	167.4698	0.05583226	4.673839
6270	-1478.93	-1645.848	166.9186	0.05966857	4.979144
6276	-1480.479	-1647.309	166.8297	0.08745315	5.013118
6282	-1473.599	-1640.863	167.264	0.2795539	4.663776
6288	-1476.942	-1643.598	166.6563	0.2169947	5.037441
6294	-1480.196	-1646.955	166.7583	0.2169947	4.980801
6300	-1478.407	-1645.956	167.549	0.04769708	4.634002
6306	-1481.07	-1648.929	167.8598	0.0227423	4.473467
6312	-1461.071	-1627.521	166.4502	0.2797595	5.116918
6318	-1460.877	-1628.263	167.3865	0.1601179	4.662071
6324	-1466.47	-1633.991	167.5211	0.008298337	4.671686
6330	-1462.719	-1630.363	167.6435	0.04675238	4.58152
6336	-1465.241	-1632.035	166.794	0.1569671	4.994329
6342	-1470.087	-1636.806	166.7191	0.2318671	4.994329
6348	-1472.197	-1639.769	167.5713	0.2323017	4.517871
6354	-1462.022	-1629.563	167.5418	0.01060019	4.658804
6360	-1469.099	-1636.035	166.9353	0.005094992	5.000204
6366	-1459.163	-1626.545	167.3826	0.0005215056	4.753536
6372	-1465.566	-1632.641	167.0755	0.0004415651	4.924808
6378	-1478.907	-1645.475	166.5675	0.01288052	5.19975
6384	-1477.412	-1643.618	166.2066	0.03333204	5.387713
6390	-1469.425	-1636.938	167.5131	0.1200889	4.613567
6396	-1469.525	-1637.181	167.6564	0.1969172	4.489914
6402	-1461.344	-1628.363	167.0193	0.02518238	4.942326
6408	-1468.306	-1635.24	166.9339	0.110552	4.942326
6414	-1468.031	-1635.81	167.7788	0.1301678	4.458556
6420	-1469.811	-1637.088	167.2765	0.2072268	4.697291
6426	-1487.422	-1653.695	166.273	0.2150326	5.250818
6432	-1474.717	-1641.317	166.6	0.0321543	5.171082
6438	-1471.204	-1639.013	167.8096	0.01039906	4.508628
6444	-1460.814	-1627.556	166.7419	0.1481645	5.028139
6450	-1454.368	-1621.387	167.0196	0.2639151	4.809148
6456	-1458.463	-1624.84	166.377	0.1335474	5.238395
6462	-1467.894	-1634.715	166.8214	0.2776944	4.911938
6468	-1464.539	-1631.831	167.2919	0.2971402	4.638305
6474	-1459.831	-1626.714	166.8832	0.252996	4.891243
6480	-1456.497	-1623.612	167.1151	0.02117692	4.891243
6486	-1458.164	-1625.288	167.1239	0.01229541	4.891243
6492	-1460.37	-1628.237	167.8671	0.03236983	4.463924
6498	-1464.911	-1632.138	167.2272	0.05822889	4.808101
6504	-1469.931	-1637.431	167.5004	0.09326299	4.635693
6510	-1468.885	-1636.377	167.492	0.08086221	4.647386
6516	-1474.336	-1641.393	167.0566	0.03072933	4.918475
6522	-1461.615	-1629.086	167.4708	0.02323695	4.691522
6528	-1463.67	-1631.093	167.4227	0.07124839	4.691522
6534	-1456.935	-1623.349	166.4143	0.09153479	5.24098
6540	-1466.285	-1633.019	166.7341	0.1653927	5.022897
6546	-1467.369	-1634.167	166.7982	0.1679613	4.985839
6552	-1472.099	-1639.472	167.3735	0.02373656	4.74564
6558	-1465.547	-1633.664	168.1167	0.001609764	4.340486
6564	-1458.472	-1625.543	167.0706	0.01321405	4.920447
6570	-1466.462	-1633.172	166.7099	0.05081224	5.099889
6576	-1461.706	-1628.77	167.0633	0.1144268	4.868129
6582	-1470.061	-1637.356	167.2952	0.1134576	4.739225
6588	-1452.973	-1620.692	167.7188	0.08736048	4.516423
6594	-1460.121	-1627.58	167.4586	0.07697699	4.668268
6600	-1458.872	-1626.383	167.5114	0.1793038	4.581263
6606	-1463.588	-1630.434	166.8463	0.09870491	4.997642
6612	-1453.76	-1620.828	167.0679	0.09748621	4.875016
6618	-1459.696	-1626.849	167.1526	0.01273438	4.875016
6624	-1481.82	-1649.391	167.5705	0.1697433	4.553462
6630	-1472.362	-1640.138	167.7761	0.04443969	4.50835
6636	-1473.053	-1639.924	166.8715	0.1578379	4.950729
6642	-1468.889	-1636.289	167.3999	0.08023217	4.699276
6648	-1471.299	-1638.548	167.2488	0.03504326	4.808942
6654	-1482.316	-1649.966	167.6498	0.01886236	4.593669
6660	-1473.521	-1640.394	166.8734	0.2269576	4.911246
6666	-1461.984	-1628.945	166.9614	0.2180028	4.867205
6672	-1459.785	-1627.263	167.4781	0.2062092	4.584859
6678	-1461.779	-1628.708	166.9294	0.03866923	4.984831
6684	-1468.574	-1635.904	167.3291	0.09775139	4.729053
6690	-1463.724	-1630.506	166.7813	0.2700072	4.938543
6696	-1457.49	-1625.154	167.6644	0.02973721	4.579335
6702	-1454.902	-1622.088	167.1865	0.0120716	4.856529
6708	-1452.864	-1619.988	167.1245	0.1452435	4.816831
6714	-1453.509	-1620.144	166.6356	0.142991	5.090002
6720	-1453.795	-1620.789	166.9942	0.1960774	4.861126
6726	-1471.813	-1639.353	167.5397	0.1476396	4.583147
6732	-1455.12	-1622.87	167.7507	0.2578827	4.402401
6738	-1452.26	-1619.599	167.3389	0.02457139	4.764496
6744	-1458.092	-1625.673	167.581	0.008232908	4.638208
6750	-1463.459	-1630.382	166.9226	0.006305657	5.006574
6756	-1469.571	-1636.439	166.8683	0.0442083	5.015654
6762	-1468.097	-1634.796	166.6994	0.01983859	5.122904
6768	-1463.104	-1630.171	167.0676	0.1122627	4.866919
6774	-1471.329	-1638.437	167.1082	0.08098393	4.861728
6780	-1470.624	-1637.637	167.0128	0.2934955	4.79645
6786	-1466.859	-1634.467	167.6081	0.1102416	4.565738
6792	-1478.064	-1644.661	166.5964	0.02635124	5.176332
6798	-1466.261	-1632.822	166.5612	0.05511964	5.179888
6804	-1474.939	-1642.771	167.8321	0.01083959	4.495723
6810	-1466.958	-1633.896	166.9384	0.07835268	4.957758
6816	-1464.687	-1631.556	166.8691	0.1476687	4.957758
6822	-1464.136	-1631.193	167.0572	0.228831	4.807746
6828	-1468.811	-1635.427	166.6163	0.0951569	5.127215
6834	-1473.808	-1641.17	167.3612	0.1013626	4.709098
6840	-1463.787	-1630.597	166.8093	0.01172661	5.066434
6846	-1472.202	-1638.323	166.1209	0.1356124	5.378616
6852	-1479.09	-1645.734	166.6437	0.05798842	5.132626
6858	-1477.77	-1644.46	166.6898	0.1557193	5.052882
6864	-1464.999	-1632.663	167.6648	0.06817514	4.557573
6870	-1473.338	-1640.23	166.8923	0.01225344	5.020077
6876	-1468.881	-1635.293	166.4124	0.02426714	5.279175
6882	-1464.097	-1630.131	166.0348	0.0464876	5.475108
6888	-1468.21	-1634.278	166.0678	0.01344952	5.475108
6894	-1469.167	-1636.653	167.4859	0.01770162	4.686127
6900	-1455.407	-1622.616	167.2088	0.003762662	4.848724
6906	-1455.192	-1622.811	167.6189	0.1280074	4.54974
6912	-1459.186	-1625.882	166.6959	0.05208857	5.106967
6918	-1470.186	-1638.09	167.9035	0.1023542	4.403953
6924	-1458.771	-1626.126	167.3548	0.133721	4.694575
6930	-1453.786	-1621.202	167.4159	0.03031621	4.718237
6936	-1455.742	-1623.15	167.4081	0.07949952	4.695123
6942	-1457.056	-1624.037	166.9811	0.0979729	4.923072
6948	-1470.102	-1637.592	167.49	0.1567298	4.605964
6954	-1463.636	-1630.418	166.782	0.01079833	5.082107
6960	-1453.281	-1621.266	167.9853	0.08730614	4.36627
6966	-1456.899	-1623.97	167.071	0.05244599	4.898383
6972	-1467.781	-1635.743	167.962	0.1069895	4.368321
6978	-1460.382	-1626.55	166.1671	0.1708228	5.333678
6984	-1485.327	-1651.45	166.123	0.1526615	5.368049
6990	-1472.378	-1638.524	166.1458	0.2493637	5.302115
6996	-1483.748	-1650.975	167.2278	0.05617558	4.808884
7002	-1468.102	-1635.422	167.3201	0.00844769	4.784015
7008	-1469.57	-1636.423	166.8525	0.2843379	4.890939
7014	-1467.168	-1634.273	167.1049	0.1038538	4.850857
7020	-1470.896	-1637.878	166.9818	0.2103476	4.86007
7026	-1467.682	-1635.013	167.3306	0.01322897	4.775458
7032	-1472.268	-1640.138	167.8703	0.2518039	4.338311
7038	-1466.96	-1633.227	166.2674	0.2822699	5.216744
7044	-1461.366	-1628.134	166.7674	0.1154612	5.032105
7050	-1462.703	-1629.575	166.8721	0.07168505	4.998277
7056	-1461.211	-1627.807	166.5961	0.2945054	5.027855
7062	-1463.477	-1630.269	166.7918	0.02650963	5.06797
7068	-1453.823	-1620.983	167.1593	0.1050837	4.819803
7074	-1458.914	-1626.014	167.1	0.08149209	4.866021
7080	-1464.065	-1631.382	167.3177	0.08164523	4.744457
7086	-1463.953	-1630.778	166.8247	0.08108841	5.019397
7092	-1463.72	-1631.337	167.6172	0.184586	4.518873
7098	-1473.788	-1640.77	166.9817	0.01336497	4.969789
