Iteration	Posterior	Likelihood	Prior	acrv_sd	tree_length
0	-32.85504	-205.7221	172.8671	0.4669431	0.9972583
6	-30.85251	-203.5697	172.7172	0.4344765	1.167021
12	-30.31413	-202.8881	172.574	0.3832977	1.329328
18	-46.59285	-218.0185	171.4256	1.801316	1.099659
24	-48.70566	-221.7051	172.9995	0.5965999	0.6593712
30	-42.70052	-215.7271	173.0265	0.06052976	1.222599
36	-41.75635	-214.512	172.7557	0.08668284	1.419686
42	-40.85784	-214.2359	173.378	0.1103166	0.8257284
48	-42.61294	-216.0655	173.4526	0.1103166	0.7197881
54	-37.06807	-209.6765	172.6084	0.939749	0.7431318
60	-37.0221	-209.7694	172.7473	0.3317484	1.229356
66	-33.15597	-205.3337	172.1778	0.4510113	1.579947
72	-37.81174	-210.0831	172.2714	1.183098	0.8670977
78	-25.03094	-197.7556	172.7247	0.5778439	1.028369
84	-26.32598	-198.885	172.559	0.7284909	1.042914
90	-28.57821	-201.0877	172.5095	0.8409916	0.9805815
96	-38.83568	-211.0518	172.2161	1.254799	0.8473618
102	-40.85476	-213.0039	172.1492	0.9569059	1.206442
108	-32.21024	-202.113	169.9028	2.445975	1.779396
114	-39.77664	-209.745	169.9683	2.445975	1.733573
120	-52.18773	-223.8925	171.7048	1.678642	0.9463952
126	-57.22424	-229.4266	172.2024	1.181033	0.9463952
132	-40.43032	-212.4898	172.0594	0.8076267	1.400537
138	-36.66075	-209.6661	173.0053	0.1184566	1.191276
144	-36.00187	-208.1732	172.1713	0.9524142	1.191276
150	-28.96529	-200.5421	171.5768	1.849048	0.900054
156	-31.48289	-204.3946	172.9117	0.5141701	0.900054
162	-28.0057	-201.2048	173.1991	0.06495399	1.065215
168	-49.65434	-221.497	171.8427	1.357427	1.124088
174	-46.38985	-218.4849	172.0951	1.157425	1.07602
180	-51.13864	-223.1573	172.0186	1.49625	0.7909198
186	-47.87336	-220.0177	172.1443	1.209278	0.9774075
192	-41.8551	-213.7296	171.8745	0.88958	1.479431
198	-44.09353	-216.3589	172.2654	1.282933	0.7428528
204	-38.69054	-208.0703	169.3798	2.225283	2.27385
210	-34.46508	-207.2062	172.7412	0.8008138	0.7524357
216	-32.69578	-205.674	172.9782	0.01933125	1.296812
222	-45.08191	-217.8572	172.7753	0.8590017	0.4575503
228	-33.34676	-205.4027	172.0559	1.293509	0.9816961
234	-27.28708	-199.6611	172.3741	0.6674284	1.260755
240	-29.70704	-202.4663	172.7593	0.7568687	0.7891842
246	-22.85233	-195.2491	172.3968	1.210208	0.6354193
252	-34.26262	-203.6388	169.3762	2.467193	2.119557
258	-36.45358	-205.9336	169.48	2.467193	2.051294
264	-37.6415	-207.8547	170.2132	2.498274	1.518869
270	-34.54731	-206.2999	171.7526	1.760795	0.7928868
276	-44.96252	-217.0225	172.0599	1.331406	0.9379199
282	-35.64561	-207.8127	172.1671	1.265545	0.8923637
288	-34.22924	-207.3465	173.1173	0.1795038	1.033922
294	-42.16276	-214.8607	172.6979	0.6384022	0.9949619
300	-36.04396	-208.8335	172.7896	0.08098159	1.397831
306	-43.45655	-216.5682	173.1117	0.1082855	1.106079
312	-33.75636	-206.6947	172.9383	0.2816322	1.106079
318	-36.12779	-209.2005	173.0727	0.2445192	1.013957
324	-35.47506	-207.5524	172.0774	1.192693	1.059513
330	-43.67214	-216.3861	172.7139	0.533763	1.080513
336	-44.8958	-217.8018	172.906	0.4775111	0.9462827
342	-40.6177	-212.8509	172.2332	0.609771	1.419177
348	-40.19392	-212.9531	172.7592	0.7124026	0.8465817
354	-52.72223	-224.5123	171.7901	1.612203	0.9261174
360	-40.17564	-212.032	171.8564	0.7330692	1.608607
366	-34.22828	-204.8253	170.597	2.272624	1.398542
372	-48.1488	-218.9918	170.843	1.919227	1.480829
378	-33.43372	-204.9194	171.4857	1.919227	0.923258
384	-29.25181	-201.9946	172.7428	0.6688525	0.9158498
390	-29.9009	-202.4874	172.5865	0.8676883	0.8674886
396	-30.34298	-202.8722	172.5293	0.2451355	1.471633
402	-36.19442	-208.9839	172.7895	0.5365394	1.005279
408	-36.75109	-209.0746	172.3235	0.5379181	1.404915
414	-34.78944	-204.8605	170.071	2.298397	1.765008
420	-31.92129	-203.847	171.9257	1.042803	1.320312
426	-37.58855	-208.6422	171.0537	1.984236	1.263696
432	-26.34444	-198.9741	172.6296	0.2760187	1.370356
438	-31.38788	-202.4133	171.0254	1.904595	1.351091
444	-32.04413	-204.1645	172.1204	1.054926	1.146211
450	-37.00694	-209.7808	172.7739	0.4246368	1.125506
456	-34.67907	-206.0725	171.3934	1.830435	1.102518
462	-36.04099	-207.4358	171.3948	1.829012	1.102518
468	-47.77533	-219.2992	171.5239	1.829012	0.9781791
474	-50.14196	-221.7096	171.5676	0.4155548	2.027455
480	-63.29376	-235.6445	172.3507	0.02950479	1.757445
486	-45.54909	-217.8566	172.3075	0.6393981	1.337628
492	-38.98281	-210.823	171.8402	1.234774	1.232774
498	-43.23948	-215.2563	172.0168	1.240666	1.071368
504	-43.16583	-215.7476	172.5818	0.07103918	1.562321
510	-37.64774	-209.5273	171.8795	1.223199	1.209303
516	-36.69073	-209.6622	172.9715	0.5612676	0.7659435
522	-40.04982	-212.6631	172.6133	0.6715958	1.045377
528	-46.70297	-219.0893	172.3863	1.084756	0.8471601
534	-39.66858	-211.5327	171.8641	1.288211	1.166451
540	-37.2314	-209.5844	172.353	0.8137532	1.15382
546	-44.81286	-216.9213	172.1084	0.8137532	1.357306
552	-36.61765	-208.98	172.3623	0.4207092	1.465092
558	-42.37614	-215.101	172.7249	0.1922523	1.361305
564	-48.82923	-220.3757	171.5465	1.403562	1.335137
570	-41.67994	-213.7312	172.0512	1.10152	1.166082
576	-41.6268	-214.4826	172.8558	0.1393225	1.298834
582	-37.31853	-209.7197	172.4011	1.075663	0.84018
588	-41.64861	-213.4844	171.8358	1.7059	0.752787
594	-48.21377	-220.1844	171.9707	0.577745	1.638247
600	-47.7767	-219.509	171.7323	0.5424676	1.830582
606	-42.51055	-214.5829	172.0724	1.048694	1.193599
612	-42.78255	-215.3702	172.5877	0.7705811	0.9726446
618	-38.33562	-211.1629	172.8273	0.5657956	0.9360999
624	-35.34371	-206.3753	171.0316	1.967799	1.295354
630	-39.34153	-212.3138	172.9723	0.56768	0.7554005
636	-38.22071	-211.1526	172.9319	0.6955513	0.5768136
642	-33.9963	-206.5435	172.5472	0.7252177	1.057292
648	-43.63031	-215.2946	171.6643	1.715289	0.9503987
654	-46.92867	-219.1671	172.2384	0.8173703	1.248864
660	-43.20678	-214.9077	171.7009	0.1965811	2.084054
666	-47.94106	-219.4296	171.4885	0.4090001	2.084054
672	-37.12813	-209.8117	172.6836	0.02426256	1.521616
678	-40.86689	-213.4441	172.5772	0.2041191	1.466369
684	-38.45365	-211.0881	172.6345	0.146837	1.466369
690	-36.08589	-207.5637	171.4778	1.745537	1.102996
696	-32.73369	-204.5669	171.8332	0.6565134	1.680276
702	-42.43337	-215.6329	173.1995	0.1917261	0.938058
708	-34.07465	-207.158	173.0833	0.354399	0.8865975
714	-49.12613	-220.8004	171.6743	0.4810314	1.912075
720	-46.21773	-217.0798	170.862	1.870843	1.502893
726	-44.54503	-217.0312	172.4862	0.1850661	1.548716
732	-38.68083	-211.9829	173.302	0.1149057	0.9100513
738	-48.50312	-221.8232	173.3201	0.1525053	0.8453309
744	-39.88816	-213.0179	173.1297	0.1108702	1.087099
750	-28.30549	-201.0672	172.7617	0.4470323	1.116249
756	-36.17332	-207.8321	171.6588	1.873553	0.7664839
762	-26.8608	-198.4413	171.5805	1.165292	1.493177
768	-25.65341	-198.3062	172.6528	0.1859763	1.42246
774	-24.70449	-197.5516	172.8471	0.3108059	1.161569
780	-36.51477	-208.6511	172.1363	1.399737	0.7611602
786	-33.89917	-206.3127	172.4136	0.975527	0.9403273
792	-29.78694	-201.8991	172.1121	0.737685	1.413921
798	-34.92332	-207.4492	172.5258	0.3984814	1.355603
804	-36.11771	-208.6538	172.5361	0.3984814	1.347436
810	-36.56149	-208.3834	171.8219	1.295678	1.196609
816	-33.55879	-205.0472	171.4884	1.695761	1.138334
822	-36.6021	-209.5904	172.9883	0.4150551	0.9249419
828	-36.08629	-208.7405	172.6542	0.3293682	1.308187
834	-39.3369	-210.9227	171.5858	1.777557	0.9674019
840	-38.80074	-210.5914	171.7907	1.01814	1.445457
846	-38.8655	-210.9911	172.1256	0.6510881	1.469916
852	-42.35665	-213.1441	170.7875	1.95204	1.497926
858	-37.80606	-210.5909	172.7849	0.1742209	1.327891
864	-42.31304	-213.8225	171.5095	1.449595	1.327891
870	-50.29267	-222.7356	172.4429	0.9331589	0.9541042
876	-49.54192	-221.61	172.0681	1.234486	1.028292
882	-39.74737	-212.62	172.8726	0.582601	0.8662084
888	-39.72507	-212.4179	172.6928	0.601144	1.036663
894	-35.43571	-207.5604	172.1246	0.5166811	1.570761
900	-47.99482	-219.8084	171.8136	1.362016	1.145966
906	-39.93112	-212.7508	172.8197	0.7034457	0.7796118
912	-33.72474	-205.4812	171.7564	1.224787	1.310077
918	-31.4641	-204.4361	172.9721	0.476726	0.8738028
924	-37.13095	-209.2073	172.0763	1.505335	0.6873552
930	-41.9893	-214.5618	172.5725	0.7355219	1.022958
936	-42.86829	-215.3916	172.5233	0.07726899	1.600525
942	-40.85588	-213.5364	172.6805	0.3480301	1.271455
948	-35.73388	-207.9995	172.2656	0.6933029	1.328026
954	-37.01985	-209.7771	172.7573	0.6933029	0.8716698
960	-30.65911	-202.8373	172.1781	1.1301	1.022788
966	-27.55899	-200.167	172.608	0.803522	0.9160073
972	-31.46075	-204.3797	172.9189	0.2009789	1.194577
978	-31.74738	-204.4911	172.7437	0.3949914	1.178322
984	-32.62007	-205.0206	172.4005	0.4887009	1.383262
990	-36.00597	-206.9299	170.9239	1.935737	1.406304
996	-40.633	-212.4806	171.8476	1.604261	0.8701892
1002	-39.43049	-212.2284	172.7979	0.6539934	0.8701892
1008	-37.33736	-209.8466	172.5092	0.6499064	1.160513
1014	-30.25422	-202.8028	172.5486	0.9175437	0.8532139
1020	-30.9004	-203.4956	172.5952	0.6521215	1.080823
1026	-42.30808	-214.6829	172.3749	0.1989998	1.619886
1032	-43.48881	-215.9415	172.4527	0.3014113	1.486975
1038	-37.99491	-210.9023	172.9073	0.2893576	1.127125
1044	-33.26965	-205.1568	171.8871	0.8394901	1.50759
1050	-29.21427	-202.4145	173.2002	0.3479028	0.7432133
1056	-31.85571	-204.1193	172.2636	1.238944	0.807363
1062	-38.95285	-211.3574	172.4045	0.285077	1.535144
1068	-37.14909	-210.1294	172.9803	0.2131508	1.130044
1074	-38.9182	-211.7956	172.8774	0.5295928	0.9209505
1080	-33.19092	-205.8838	172.6928	0.2266521	1.359422
1086	-32.67305	-205.5966	172.9236	0.2834226	1.117846
1092	-38.07364	-210.6863	172.6126	0.7158629	1.002775
1098	-48.87006	-220.7023	171.8323	0.9419484	1.471769
1104	-46.16201	-218.4013	172.2392	0.2758771	1.662131
1110	-40.54341	-213.7829	173.2395	0.1095986	0.9820226
1116	-50.68587	-221.8776	171.1918	1.863194	1.249558
1122	-47.97536	-218.6371	170.6618	2.184104	1.416968
1128	-44.96178	-217.3556	172.3938	0.4520566	1.416968
1134	-51.02163	-223.5676	172.5459	0.442429	1.304299
1140	-49.83154	-222.2293	172.3978	0.5905987	1.304299
1146	-63.32602	-235.0437	171.7177	1.056435	1.471847
1152	-43.56576	-214.4598	170.8941	2.209593	1.208501
1158	-29.56555	-200.5101	170.9446	2.160917	1.206918
1164	-34.80386	-206.5831	171.7792	0.1105659	2.08913
1170	-31.76858	-204.4896	172.721	0.09033314	1.443524
1176	-44.70624	-217.9109	173.2046	0.0544406	1.069864
1182	-40.4667	-213.5216	173.0549	0.09521771	1.168369
1188	-34.74143	-207.5914	172.85	0.173477	1.275648
1194	-45.24362	-217.5583	172.3147	1.176785	0.821718
1200	-36.92475	-209.4895	172.5647	0.4678394	1.268141
1206	-39.23883	-212.0251	172.7863	0.04340438	1.429441
1212	-47.87803	-219.1412	171.2632	1.882994	1.171861
1218	-41.41447	-214.5226	173.1081	0.03807494	1.171861
1224	-36.23625	-208.5256	172.2894	0.850115	1.177647
1230	-34.60103	-207.4401	172.8391	0.5566763	0.9331704
1236	-39.28741	-212.1703	172.8829	0.08838564	1.318129
1242	-35.61885	-207.8313	172.2125	0.8997224	1.201217
1248	-36.09543	-207.5309	171.4354	1.67676	1.201217
1254	-34.46569	-206.2412	171.7755	1.67676	0.8696948
1260	-45.68661	-217.6774	171.9908	1.092879	1.225465
1266	-46.03418	-217.5018	171.4676	1.503697	1.31809
1272	-39.55082	-211.8709	172.32	0.7714342	1.218869
1278	-38.8205	-212.1967	173.3762	0.1592452	0.761984
1284	-34.23652	-206.8351	172.5986	0.6620952	1.06838
1290	-36.77062	-208.59	171.8194	1.499527	1.012299
1296	-30.85413	-202.7874	171.9333	1.437329	0.9598212
1302	-35.85308	-208.4997	172.6466	0.9847085	0.5604978
1308	-33.10808	-205.7607	172.6526	0.9847085	0.5205461
1314	-44.87182	-217.1383	172.2665	0.5662197	1.427124
1320	-33.35667	-205.6972	172.3405	0.0918004	1.720902
1326	-36.69404	-208.781	172.087	1.236811	1.00744
1332	-37.68856	-209.6	171.9114	1.281239	1.130748
1338	-50.25736	-222.2314	171.974	0.367311	1.784555
1344	-56.6521	-228.6139	171.9618	0.3160556	1.828422
1350	-61.22557	-233.2057	171.9801	0.297779	1.828422
1356	-48.83988	-221.3722	172.5324	0.5905139	1.192042
1362	-37.39453	-210.3377	172.9432	0.4795513	0.9035962
1368	-37.69676	-210.5734	172.8767	0.165423	1.260253
1374	-33.18453	-205.8354	172.6508	0.1696828	1.436478
1380	-46.8139	-219.6161	172.8022	0.01832797	1.436478
1386	-47.19935	-219.432	172.2326	0.0738388	1.808722
1392	-57.96565	-230.3105	172.3448	0.48776	1.427205
1398	-50.82957	-223.1374	172.3078	0.05949449	1.766482
1404	-49.97824	-221.7823	171.8041	1.71226	0.7889124
1410	-51.53655	-224.6003	173.0637	0.3497305	0.9138801
1416	-43.8267	-215.7227	171.896	0.8259969	1.51104
1422	-33.45785	-205.9254	172.4676	0.4288655	1.3776
1428	-27.0197	-199.5303	172.5106	0.4838866	1.299294
1434	-36.21829	-208.4413	172.223	0.7268126	1.335302
1440	-34.65439	-207.0897	172.4353	1.1043	0.7559452
1446	-43.53731	-215.9645	172.4272	1.1043	0.7676831
1452	-32.51941	-205.2089	172.6895	0.4230327	1.200901
1458	-31.08146	-203.3318	172.2504	0.8621905	1.200901
1464	-38.87232	-211.5885	172.7161	0.2887434	1.290854
1470	-31.32162	-204.2973	172.9757	0.2708513	1.081597
1476	-43.71581	-214.6543	170.9385	2.267914	1.118403
1482	-41.67356	-213.6372	171.9636	1.156938	1.194046
1488	-41.27506	-214.0345	172.7595	0.1067525	1.401188
1494	-38.78544	-211.1485	172.3631	1.178505	0.7530015
1500	-44.19516	-216.8143	172.6191	0.9414473	0.7236261
1506	-43.4912	-215.92	172.4288	1.131742	0.7236261
1512	-34.6226	-206.9131	172.2905	0.8703331	1.159005
1518	-38.95028	-212.078	173.1278	0.1204239	1.080057
1524	-27.08825	-199.9867	172.8985	0.3496866	1.080057
1530	-43.81201	-215.4829	171.6709	1.897935	0.7099991
1536	-43.38849	-216.5505	173.162	0.3456792	0.8006628
1542	-43.40223	-215.8988	172.4966	0.3789151	1.39396
1548	-46.16764	-218.5735	172.4059	1.026877	0.892253
1554	-35.89488	-208.8093	172.9144	0.4950588	0.9182661
1560	-35.291	-207.4963	172.2053	1.299852	0.8039087
1566	-32.26804	-205.5093	173.2413	0.2639215	0.8039087
1572	-38.0331	-211.2322	173.1991	0.05912118	1.07066
1578	-31.54674	-204.5026	172.9558	0.3024096	1.07066
1584	-26.46368	-199.5553	173.0916	0.1918927	1.046739
1590	-34.58033	-207.698	173.1176	0.274032	0.9375885
1596	-42.11052	-214.4174	172.3069	0.1604781	1.69614
1602	-24.40607	-197.2566	172.8505	0.6252852	0.8413988
1608	-36.00954	-207.8339	171.8243	1.624658	0.8735492
1614	-26.81848	-198.7512	171.9328	1.368023	1.030063
1620	-38.76424	-208.0006	169.2364	2.535457	2.166222
1626	-40.75655	-212.9735	172.217	0.100138	1.801344
1632	-35.38503	-207.9252	172.5402	0.1571957	1.529397
1638	-39.78285	-212.5457	172.7629	0.1814895	1.339683
1644	-35.24992	-208.6257	173.3758	0.1896822	0.7155279
1650	-36.91726	-209.1367	172.2194	0.5059167	1.508566
1656	-41.07416	-213.9269	172.8527	0.3990619	1.076692
1662	-33.81926	-206.8165	172.9972	0.3211997	1.012785
1668	-37.12968	-210.0839	172.9543	0.3593752	1.017495
1674	-40.5463	-213.7966	173.2503	0.1319202	0.9476818
1680	-40.18681	-210.8433	170.6564	2.278244	1.347374
1686	-32.22718	-204.9279	172.7007	0.8747499	0.6985715
1692	-28.39236	-201.0947	172.7023	0.6427987	0.9860917
1698	-31.95253	-203.9732	172.0206	1.324469	0.9860917
1704	-37.29591	-209.4178	172.1219	1.198547	1.010752
1710	-38.56752	-210.7724	172.2049	0.9930742	1.125985
1716	-38.46468	-210.0746	171.61	0.9075819	1.660402
1722	-33.35426	-206.3565	173.0023	0.3158117	1.013106
1728	-29.37741	-201.5162	172.1388	1.338127	0.8399807
1734	-41.89906	-215.4363	173.5373	0.0770889	0.617144
1740	-39.00234	-211.8012	172.7989	0.07549626	1.39486
1746	-32.96053	-205.6732	172.7126	0.07566735	1.461082
1752	-39.41061	-211.9256	172.515	0.1514814	1.552287
1758	-37.50058	-209.2501	171.7495	1.644439	0.9351117
1764	-25.6354	-197.3465	171.7111	1.733572	0.878565
1770	-20.73065	-193.7391	173.0085	0.4472835	0.8655641
1776	-23.86907	-196.5164	172.6473	0.5014506	1.16961
1782	-29.33186	-202.0531	172.7212	0.3562517	1.230692
1788	-33.35631	-205.6188	172.2625	1.345749	0.6324601
1794	-30.02363	-203.0625	173.0388	0.4573858	0.8156439
1800	-32.5665	-204.422	171.8555	1.624103	0.8366341
1806	-32.12652	-204.0814	171.9549	1.624103	0.6922133
1812	-27.79693	-200.3207	172.5237	1.083172	0.6355501
1818	-32.94835	-204.9982	172.0499	1.120682	1.150429
1824	-34.12025	-205.6366	171.5163	0.4052217	2.068202
1830	-42.58334	-215.3864	172.8031	0.4052217	1.11667
1836	-44.45939	-216.9071	172.4477	0.7344747	1.14011
1842	-44.65747	-216.7241	172.0666	0.8361699	1.372604
1848	-40.58053	-212.2906	171.7101	1.17903	1.383337
1854	-36.85445	-206.6476	169.7932	1.734621	2.323223
1860	-41.18403	-211.7945	170.6105	0.5746758	2.538949
1866	-35.27153	-207.4377	172.1662	0.6253723	1.458617
1872	-35.15025	-207.0958	171.9455	1.414885	0.9704429
1878	-36.44972	-208.7066	172.2569	0.3690913	1.581981
1884	-40.01902	-212.6561	172.6371	0.2093864	1.416525
1890	-30.83388	-203.2264	172.3925	1.118018	0.7968091
1896	-39.83902	-211.5496	171.7106	1.115601	1.432156
1902	-40.50502	-213.5925	173.0875	0.122848	1.114823
1908	-32.45835	-205.7868	173.3284	0.01981501	0.9828963
1914	-28.92625	-201.6202	172.6939	0.1673833	1.405016
1920	-26.58368	-199.1281	172.5445	0.206147	1.489584
1926	-31.09265	-202.4931	171.4004	1.846022	1.081686
1932	-35.29757	-207.1689	171.8713	0.9265234	1.453828
1938	-38.67084	-211.3021	172.6312	0.4250277	1.248466
1944	-37.26548	-210.3938	173.1283	0.2870328	0.9118529
1950	-27.25394	-197.7013	170.4474	2.468755	1.362091
1956	-32.3916	-204.9472	172.5556	1.04464	0.650544
1962	-40.42155	-212.6471	172.2256	1.309482	0.7626234
1968	-51.66989	-223.3938	171.7239	0.6032164	1.794431
1974	-53.89458	-225.7626	171.8681	0.9049816	1.472661
1980	-38.13356	-210.7829	172.6494	0.1236759	1.472661
1986	-37.70166	-209.9313	172.2296	0.6568684	1.385391
1992	-40.08356	-213.381	173.2974	0.2995382	0.6575804
1998	-41.09019	-212.9588	171.8686	1.25925	1.187752
2004	-31.96718	-204.4959	172.5287	0.5990953	1.187752
2010	-25.82364	-198.8292	173.0056	0.2498911	1.073244
2016	-32.31399	-204.2631	171.9492	0.6924103	1.570584
2022	-35.35368	-207.1636	171.8099	1.447128	1.07175
2028	-35.20158	-208.1906	172.989	0.4841574	0.8446651
2034	-34.44098	-206.0677	171.6267	1.225263	1.412232
2040	-44.4729	-216.4792	172.0063	1.524043	0.7693941
2046	-40.37391	-213.1544	172.7805	0.5635903	0.9870829
2052	-44.066	-217.2381	173.1721	0.1255626	1.033095
2058	-41.86731	-214.7949	172.9276	0.3700753	1.033095
2064	-36.33092	-209.5047	173.1737	0.1239229	1.033095
2070	-30.95174	-203.8093	172.8575	0.3711459	1.098078
2076	-33.11448	-205.7831	172.6686	0.9680064	0.5277884
2082	-33.98368	-206.8945	172.9108	0.3839292	1.035954
2088	-32.04526	-205.1311	173.0858	0.4287819	0.7912984
2094	-31.64847	-203.1939	171.5454	1.65204	1.126466
2100	-39.01973	-212.0766	173.0569	0.2111604	1.061447
2106	-40.29401	-212.8214	172.5274	1.102388	0.5674729
2112	-32.90876	-204.3879	171.4792	2.037362	0.788647
2118	-36.41761	-208.9799	172.5622	0.4535896	1.281894
2124	-45.50151	-217.2798	171.7783	0.555721	1.789612
2130	-38.92022	-207.7411	168.8209	2.48324	2.464592
2136	-36.0232	-207.6249	171.6017	1.50403	1.206768
2142	-42.13011	-214.6732	172.5431	0.2598639	1.44992
2148	-36.9966	-209.541	172.5444	0.8591915	0.9247386
2154	-41.77567	-214.2406	172.465	0.8098261	1.055042
2160	-43.16632	-215.2935	172.1272	0.4107682	1.645755
2166	-45.97405	-217.9416	171.9676	0.5704148	1.645755
2172	-42.04644	-215.1481	173.1017	0.2189932	1.010534
2178	-49.39269	-221.4415	172.0488	0.5090121	1.631447
2184	-53.06752	-223.5774	170.5099	2.02543	1.647649
2190	-50.80325	-222.9575	172.1543	1.095434	1.078619
2196	-46.00106	-217.652	171.6509	0.7280205	1.758366
2202	-55.23478	-227.4499	172.2151	0.2129296	1.723895
2208	-53.68667	-225.9376	172.251	0.2042639	1.704724
2214	-39.52354	-212.0227	172.4991	1.025066	0.7780815
2220	-50.90921	-222.2323	171.3231	1.798747	1.192886
2226	-38.54337	-211.6557	173.1123	0.01671917	1.186754
2232	-42.67604	-215.4064	172.7303	0.1021845	1.427267
2238	-50.35853	-220.862	170.5035	2.329052	1.427267
2244	-47.63717	-219.0508	171.4136	1.007841	1.72856
2250	-41.49328	-212.1255	170.6322	2.027924	1.556953
2256	-38.10754	-208.3951	170.2875	2.027924	1.80251
2262	-31.00274	-203.9183	172.9156	0.5340137	0.8728697
2268	-38.04574	-210.8742	172.8285	0.6638052	0.8206795
2274	-40.25841	-212.7211	172.4627	0.684843	1.170643
2280	-49.24481	-221.2468	172.002	0.4454332	1.710217
2286	-41.5367	-214.3182	172.7815	0.3532638	1.181805
2292	-39.45699	-211.622	172.1651	0.9811332	1.171829
2298	-37.35396	-209.5818	172.2278	1.352824	0.68926
2304	-49.13779	-220.7175	171.5797	1.623775	1.120998
2310	-40.34906	-212.2011	171.8521	1.682086	0.7638877
2316	-35.22573	-207.7121	172.4864	0.7182495	1.120007
2322	-35.79217	-206.6762	170.884	2.236323	1.194248
2328	-42.59306	-215.6637	173.0707	0.2320807	1.02815
2334	-36.16109	-208.6684	172.5073	0.3594063	1.400841
2340	-39.533	-212.2643	172.7313	0.543081	1.055395
2346	-50.13048	-222.4326	172.3021	0.6549904	1.329493
2352	-54.10049	-226.6977	172.5972	0.4421477	1.262503
2358	-52.36967	-225.2782	172.9085	0.1791628	1.222094
2364	-35.90918	-207.8704	171.9613	1.346829	1.02293
2370	-40.37965	-213.5717	173.1921	0.4243987	0.6113435
2376	-40.51343	-212.8795	172.3661	1.156235	0.7806731
2382	-33.85767	-206.5047	172.647	0.2571792	1.371502
2388	-40.98426	-212.539	171.5547	1.79365	0.9827653
2394	-35.11607	-207.1329	172.0168	0.8146797	1.428029
2400	-28.86769	-200.8856	172.0179	1.410173	0.8975492
2406	-27.18906	-198.5997	171.4106	1.410173	1.436276
2412	-34.26142	-204.8613	170.5999	2.087811	1.536554
2418	-32.053	-203.5986	171.5456	1.63225	1.143995
2424	-33.36983	-204.9471	171.5772	1.63225	1.115581
2430	-29.60822	-202.6441	173.0358	0.1736511	1.115581
2436	-32.62599	-204.2409	171.6149	1.732566	0.983706
2442	-31.22165	-204.0205	172.7988	0.8392341	0.4931343
2448	-27.32551	-200.5058	173.1803	0.3924222	0.7033578
2454	-28.97984	-200.9884	172.0086	1.232843	1.086313
2460	-25.33257	-197.8975	172.5649	0.6694714	1.092818
2466	-32.62372	-205.4842	172.8605	0.2824655	1.174617
2472	-36.44059	-209.2195	172.7789	0.5129481	1.038684
2478	-46.7162	-218.827	172.1109	1.232906	0.9874443
2484	-51.90124	-222.3994	170.4982	1.669014	1.904016
2490	-42.25417	-213.9241	171.6699	0.5954219	1.837042
2496	-43.26471	-215.8382	172.5734	0.8495314	0.9033116
2502	-37.52326	-210.7734	173.2502	0.1727874	0.9033116
2508	-25.54401	-198.5694	173.0254	0.3296904	0.9758763
2514	-32.07454	-204.2227	172.1482	1.349804	0.8133719
2520	-32.18349	-204.6826	172.4991	0.7003862	1.124652
2526	-35.91061	-208.734	172.8234	0.3760391	1.124652
2532	-44.70249	-217.2248	172.5224	0.06116508	1.612901
2538	-40.80143	-214.0185	173.2171	0.351025	0.711197
2544	-41.74253	-214.0961	172.3536	1.163255	0.7882755
2550	-42.62964	-215.3386	172.709	0.06111024	1.474901
2556	-48.13173	-221.1893	173.0576	0.168282	1.100639
2562	-46.22823	-218.4724	172.2441	0.2682697	1.664081
2568	-30.31125	-202.9585	172.6473	0.6875703	0.9964073
2574	-24.49543	-197.7848	173.2894	0.04229937	0.9995855
2580	-38.74957	-210.1238	171.3743	1.204751	1.616168
2586	-29.8039	-202.2974	172.4935	0.8910031	0.9452448
2592	-37.09639	-208.0432	170.9468	1.796236	1.495264
2598	-37.30901	-210.5317	173.2227	0.3785514	0.6484064
2604	-48.50788	-220.0139	171.506	1.963606	0.8489993
2610	-42.89237	-214.8507	171.9583	1.677575	0.4674609
2616	-51.40595	-223.0341	171.6281	0.9111621	1.644814
2622	-38.99532	-211.8551	172.8597	0.2853763	1.172765
2628	-38.27659	-210.4106	172.134	0.1442395	1.828203
2634	-38.13122	-210.8734	172.7421	0.8303344	0.7037003
2640	-40.31567	-211.9113	171.5956	1.729721	1.005896
2646	-40.36514	-212.5978	172.2326	0.6446556	1.392575
2652	-47.14785	-219.2499	172.102	0.7227185	1.433231
2658	-43.65883	-216.1542	172.4954	0.2810371	1.470112
2664	-39.91664	-213.2041	173.2875	0.1569143	0.8789185
2670	-33.7939	-206.9771	173.1832	0.3852329	0.7106644
2676	-30.69761	-204.0092	173.3116	0.2568209	0.7106644
2682	-30.70588	-204.1129	173.407	0.006530347	0.9137886
2688	-37.59056	-209.9168	172.3262	0.5208121	1.416069
2694	-30.3774	-203.3564	172.979	0.2576902	1.090684
2700	-35.18026	-208.4137	173.2334	0.1318622	0.9653587
2706	-32.06314	-204.8126	172.7495	0.6614091	0.9167091
2712	-33.21852	-205.6545	172.436	1.048903	0.8300759
2718	-35.34959	-207.3421	171.9925	1.492392	0.8300759
2724	-42.80751	-215.1342	172.3267	0.8990454	1.100758
2730	-27.49725	-199.9588	172.4615	0.4458527	1.36899
2736	-31.18556	-203.8666	172.6811	0.2754186	1.329967
2742	-33.49085	-205.9998	172.5089	0.4314989	1.342824
2748	-36.45267	-208.4981	172.0455	0.7501998	1.455467
2754	-35.96317	-208.1308	172.1676	1.420018	0.6761563
2760	-31.15118	-203.9767	172.8255	0.42168	1.080958
2766	-35.5369	-207.4819	171.945	1.009335	1.3317
2772	-38.1823	-210.0528	171.8705	1.083811	1.3317
2778	-40.16728	-212.2537	172.0865	0.1872943	1.831272
2784	-43.24299	-214.5731	171.3301	1.816858	1.171165
2790	-37.84392	-210.4485	172.6045	0.5336286	1.178813
2796	-35.84756	-206.6892	170.8417	1.951045	1.457711
2802	-36.66457	-209.2689	172.6043	0.334448	1.34412
2808	-34.52037	-207.5097	172.9893	0.3619781	0.9797735
2814	-41.42721	-214.5998	173.1726	0.1336824	1.024672
2820	-38.66405	-211.1504	172.4863	0.5045639	1.302226
2826	-38.51116	-210.533	172.0219	0.9111342	1.348701
2832	-39.16667	-210.8714	171.7047	1.627826	0.9987098
2838	-39.51052	-211.0492	171.5387	1.781594	1.010929
2844	-43.08436	-215.6986	172.6143	0.7060295	1.010929
2850	-49.8691	-221.9999	172.1308	0.8290516	1.327321
2856	-54.11217	-226.8754	172.7632	0.8290516	0.6671336
2862	-53.34531	-224.8864	171.5411	0.0418662	2.288028
2868	-47.67468	-218.5678	170.8932	2.221764	1.198876
2874	-42.4281	-214.313	171.8849	1.230022	1.198876
2880	-39.51468	-211.244	171.7293	0.6310114	1.77137
2886	-48.38131	-220.6701	172.2888	0.3299808	1.587289
2892	-56.97337	-228.1509	171.1775	0.4441419	2.263195
2898	-46.48176	-218.7515	172.2698	0.9632005	1.094155
2904	-34.85122	-207.8492	172.998	0.5017218	0.8111071
2910	-43.07385	-215.3904	172.3165	0.3011321	1.588073
2916	-34.14658	-206.7117	172.5652	0.05249641	1.588073
2922	-35.65213	-208.0581	172.406	0.1118202	1.660195
2928	-40.71968	-213.8868	173.1671	0.31667	0.8314664
2934	-39.14518	-210.9319	171.7867	0.5626177	1.779029
2940	-42.90392	-215.5588	172.6549	0.3043297	1.327805
2946	-33.83529	-206.5387	172.7034	0.1757867	1.391099
2952	-35.97285	-208.6762	172.7034	0.1757867	1.391099
2958	-32.11064	-204.2691	172.1585	0.8583994	1.281039
2964	-32.8797	-205.2197	172.34	1.140895	0.8350481
2970	-23.76988	-196.626	172.8561	0.7659824	0.5948841
2976	-22.63319	-195.357	172.7238	0.7465064	0.8481016
2982	-31.37352	-204.0422	172.6687	0.695049	0.9670027
2988	-39.53988	-211.7233	172.1834	1.210021	0.9357179
2994	-36.17769	-209.1843	173.0067	0.2261389	1.094304
3000	-31.45348	-202.3946	170.9411	2.223368	1.155792
3006	-32.56941	-203.5638	170.9943	2.203653	1.125963
3012	-33.80086	-206.0359	172.2351	0.593211	1.430526
3018	-36.27148	-208.6215	172.35	0.8698434	1.106172
3024	-42.72798	-215.4775	172.7496	0.5270522	1.053305
3030	-52.95516	-224.8575	171.9023	0.9180487	1.436603
3036	-46.96847	-219.2923	172.3239	0.5366521	1.405619
3042	-39.31083	-212.5778	173.267	0.2160408	0.8324072
3048	-31.15673	-202.865	171.7082	1.195373	1.371952
3054	-36.12479	-207.9797	171.8549	0.7202375	1.618975
3060	-38.91316	-210.9075	171.9943	0.5808023	1.618975
3066	-39.09704	-211.8243	172.7273	0.3211901	1.254957
3072	-39.47506	-210.5866	171.1115	1.927489	1.26278
3078	-26.4485	-198.3749	171.9264	1.693446	0.601732
3084	-23.18366	-196.2981	173.1145	0.5091173	0.5902681
3090	-33.32535	-206.4973	173.172	0.07864374	1.077779
3096	-33.00779	-205.8012	172.7934	0.457239	1.077779
3102	-37.5209	-209.7157	172.1948	0.9613512	1.163116
3108	-32.49337	-205.6494	173.156	0.3515376	0.8008301
3114	-34.29291	-205.1789	170.886	2.05251	1.344333
3120	-45.68436	-217.625	171.9406	0.3017412	1.852811
3126	-33.9157	-207.1482	173.2325	0.02725581	1.069244
3132	-32.9062	-203.048	170.1418	2.460364	1.599329
3138	-41.84261	-212.9194	171.0768	1.846659	1.356309
3144	-44.27394	-216.5117	172.2378	0.9370317	1.14666
3150	-38.00858	-209.9732	171.9646	1.210205	1.14666
3156	-28.5502	-199.9319	171.3817	1.939266	1.010268
3162	-29.05562	-201.8721	172.8165	0.5969768	0.9138821
3168	-42.74896	-214.1112	171.3622	1.93484	1.033667
3174	-47.36559	-218.0463	170.6807	1.56666	1.849366
3180	-38.29717	-210.4104	172.1132	0.7445192	1.407802
3186	-51.69122	-223.7318	172.0406	1.493722	0.763733
3192	-49.72525	-220.8571	171.1318	0.6110724	2.185005
3198	-44.62454	-216.0843	171.4597	1.93485	0.9344361
3204	-30.80268	-202.78	171.9773	1.112184	1.220535
3210	-37.35252	-207.7762	170.4236	2.372025	1.45548
3216	-37.55607	-210.413	172.8569	0.2528824	1.203283
3222	-26.69379	-199.6307	172.9369	0.6430264	0.6905483
3228	-29.38011	-202.1641	172.784	0.1648695	1.336098
3234	-33.09088	-205.3528	172.2619	0.577405	1.422038
3240	-36.47339	-209.5817	173.1083	0.07398933	1.140029
3246	-38.61896	-211.6152	172.9962	0.1428325	1.178035
3252	-46.5003	-219.3204	172.8201	0.3189708	1.178035
3258	-46.0227	-218.6535	172.6308	0.8118341	0.8809638
3264	-38.98863	-210.3824	171.3938	1.758298	1.166659
3270	-45.38438	-217.6067	172.2223	1.391899	0.6174298
3276	-37.99553	-210.051	172.0554	1.391899	0.8754796
3282	-39.39531	-210.9717	171.5764	1.655421	1.095181
3288	-42.75364	-215.9814	173.2277	0.08966941	1.013789
3294	-48.99567	-222.1083	173.1126	0.08925152	1.122499
3300	-52.4867	-225.3038	172.8171	0.003588641	1.436379
3306	-52.51387	-225.1635	172.6496	0.05407266	1.524699
3312	-35.39131	-208.5554	173.1641	0.1057687	1.059662
3318	-41.52113	-213.9058	172.3847	0.03279897	1.731366
3324	-38.60731	-211.7201	173.1128	0.1363156	1.079233
3330	-32.78826	-205.7429	172.9546	0.2421336	1.127085
3336	-34.72645	-206.4007	171.6742	1.824282	0.8126947
3342	-47.90995	-220.8134	172.9035	0.05672626	1.327011
3348	-54.71483	-226.224	171.5092	0.7862277	1.816345
3354	-48.54422	-220.2466	171.7024	0.4597253	1.907468
3360	-32.56327	-205.2577	172.6944	0.3316655	1.273494
3366	-35.93183	-208.681	172.7492	0.2825658	1.268808
3372	-37.55612	-210.4192	172.8631	0.1686461	1.268808
3378	-36.50708	-208.2557	171.7486	1.28314	1.268808
3384	-32.89928	-204.6025	171.7033	1.710365	0.9137042
3390	-36.31219	-209.0716	172.7594	0.6019096	0.9694781
3396	-44.04905	-216.8178	172.7688	0.3658675	1.181851
3402	-42.98033	-216.2376	173.2572	0.01468012	1.057751
3408	-36.81453	-209.4332	172.6187	0.4739936	1.217827
3414	-34.07538	-206.6585	172.5832	0.2248268	1.446075
3420	-28.39169	-201.5774	173.1857	0.05343427	1.088474
3426	-26.58409	-199.5262	172.9421	0.1422979	1.224862
3432	-29.40339	-201.6595	172.2561	0.9396301	1.127995
3438	-32.60332	-203.0754	170.472	2.228103	1.527339
3444	-40.27159	-212.4477	172.1761	0.4228995	1.601635
3450	-39.10493	-211.7678	172.6629	0.9272209	0.6713317
3456	-35.12941	-207.8729	172.7435	0.4893679	1.094211
3462	-37.23373	-208.785	171.5513	1.814642	0.964692
3468	-46.20541	-218.7067	172.5013	1.080494	0.6870946
3474	-44.42821	-215.887	171.4588	1.080494	1.644805
3480	-35.90756	-207.4688	171.5612	1.832109	0.9358058
3486	-44.38306	-213.4168	169.0338	2.455702	2.347612
3492	-46.25486	-217.1434	170.8885	1.408507	1.815234
3498	-43.79096	-216.2438	172.4528	1.013869	0.8525538
3504	-35.94305	-207.8666	171.9236	0.896563	1.436768
3510	-35.88618	-207.1965	171.3103	1.922931	1.093871
3516	-41.96753	-212.371	170.4034	1.922931	1.794936
3522	-40.66851	-213.5591	172.8906	0.5725914	0.8567638
3528	-51.05766	-222.336	171.2783	0.9379503	1.870669
3534	-48.03421	-218.9453	170.9111	1.43734	1.779602
3540	-40.41937	-212.441	172.0216	1.434153	0.8656107
3546	-35.50565	-207.5354	172.0297	0.833861	1.403244
3552	-34.07116	-206.3962	172.3251	0.8893854	1.111065
3558	-40.04153	-211.9401	171.8985	0.8893854	1.461375
3564	-36.26164	-208.7047	172.443	0.8893854	0.9988727
3570	-40.63168	-211.949	171.3173	0.7100378	1.998069
3576	-23.02104	-195.2865	172.2655	0.7100378	1.314688
3582	-32.37146	-204.887	172.5156	0.5550891	1.236411
3588	-44.95479	-217.3739	172.4191	0.792911	1.113266
3594	-43.41119	-215.6804	172.2692	0.8031793	1.235011
3600	-43.9021	-216.1713	172.2692	0.8031793	1.235011
3606	-37.28548	-209.5403	172.2548	1.310944	0.7150494
3612	-34.00343	-206.3878	172.3843	0.8974807	1.048323
3618	-33.51283	-205.6026	172.0898	0.7766635	1.401035
3624	-38.19546	-210.1062	171.9107	1.252457	1.156963
3630	-43.73437	-216.0629	172.3286	0.6533295	1.309521
3636	-45.51503	-218.268	172.753	0.4611982	1.11132
3642	-44.51715	-216.0675	171.5504	1.491588	1.260341
3648	-36.48868	-208.9691	172.4805	0.7110546	1.131788
3654	-48.51742	-219.8334	171.316	2.056055	0.9583123
3660	-44.2256	-215.9276	171.702	0.3302431	1.994794
3666	-50.58622	-223.1724	172.5862	0.2857618	1.396765
3672	-44.35674	-216.3432	171.9865	1.358154	0.9865394
3678	-47.71719	-219.7238	172.0066	0.8087348	1.440431
3684	-39.34794	-210.6116	171.2637	1.69685	1.326739
3690	-43.89595	-216.6321	172.7362	0.7759719	0.7946181
3696	-45.41222	-217.19	171.7778	0.5954437	1.762346
3702	-41.10295	-213.5898	172.4869	0.5954437	1.226599
3708	-44.75763	-216.2766	171.519	1.435033	1.331931
3714	-49.85864	-221.8923	172.0336	0.6236126	1.55906
3720	-32.57429	-205.1577	172.5834	0.6664983	1.078419
3726	-42.89442	-215.4379	172.5435	0.2123744	1.485629
3732	-28.28027	-200.6636	172.3833	0.2158512	1.601555
3738	-36.65575	-209.3895	172.7338	0.2158512	1.335456
3744	-42.04845	-214.5518	172.5033	0.310113	1.441891
3750	-42.19077	-215.373	173.1822	0.2331538	0.9117858
3756	-33.33426	-205.9051	172.5708	0.743423	1.016907
3762	-37.95706	-210.9339	172.9769	0.3336222	1.020565
3768	-38.87417	-208.8863	170.0122	2.263923	1.829668
3774	-38.91492	-210.2064	171.2915	1.950662	1.085678
3780	-37.65921	-209.7728	172.1136	1.453594	0.7127124
3786	-39.10766	-210.8048	171.6971	1.816015	0.7933341
3792	-58.49683	-230.2206	171.7237	1.227977	1.333792
3798	-57.00515	-228.7659	171.7608	1.19097	1.333792
3804	-42.6556	-215.2967	172.6411	0.310667	1.333792
3810	-38.74193	-210.6693	171.9274	1.045509	1.316782
3816	-43.72926	-216.4654	172.7362	0.3145748	1.253075
3822	-32.15498	-204.91	172.755	0.3410758	1.214917
3828	-36.13112	-209.0107	172.8795	0.2165891	1.214917
3834	-44.12942	-216.0612	171.9318	1.032068	1.324048
3840	-32.19497	-205.4266	173.2316	0.03242332	1.065204
3846	-34.95061	-207.1819	172.2312	1.054151	1.044913
3852	-32.25933	-204.8074	172.548	0.9188095	0.8523093
3858	-36.29577	-208.6085	172.3127	0.816694	1.186376
3864	-31.85319	-204.1038	172.2506	0.7645367	1.282428
3870	-33.06074	-205.907	172.8463	0.6747234	0.7825399
3876	-38.07125	-210.6544	172.5832	0.6747234	1.071
3882	-35.69608	-206.7634	171.0673	2.03	1.213896
3888	-34.51947	-205.5451	171.0256	2.071744	1.213896
3894	-36.531	-209.1053	172.5743	0.05827522	1.577136
3900	-44.66054	-217.8462	173.1856	0.2285591	0.9130933
3906	-38.05106	-211.0529	173.0018	0.4786328	0.8356317
3912	-41.38794	-211.4684	170.0805	2.340901	1.728605
3918	-40.43345	-213.0228	172.5894	0.7180321	1.023591
3924	-35.40974	-208.5699	173.1602	0.1472657	1.023591
3930	-55.7607	-227.495	171.7343	1.266954	1.293797
3936	-54.6889	-227.5375	172.8486	0.7662282	0.615833
3942	-54.4278	-226.4584	172.0306	1.147627	1.14363
3948	-39.23104	-211.3962	172.1651	0.9897884	1.164193
3954	-42.45211	-214.2821	171.83	1.341444	1.149672
3960	-38.03142	-210.0024	171.971	0.8747864	1.417031
3966	-37.3105	-210.221	172.9105	0.3854806	1.034666
3972	-37.97955	-211.3016	173.322	0.2285362	0.7394088
3978	-45.56782	-217.5943	172.0265	0.6490306	1.545557
3984	-41.64141	-214.7089	173.0675	0.41008	0.8391446
3990	-49.08563	-221.2589	172.1732	0.871719	1.25788
3996	-46.94298	-217.7633	170.8203	2.018621	1.422344
4002	-46.65507	-218.7177	172.0627	0.7051815	1.476578
4008	-44.51273	-216.6776	172.1649	1.344458	0.7983661
4014	-40.84252	-212.8581	172.0156	1.384836	0.9281388
4020	-40.54365	-212.7632	172.2196	0.5526025	1.473321
4026	-36.3571	-208.3862	172.0291	1.120103	1.169185
4032	-35.59372	-207.8266	172.2329	0.490644	1.509879
4038	-37.69014	-211.0001	173.31	0.1712335	0.8347194
4044	-38.17408	-210.6453	172.4712	0.1185185	1.608421
4050	-36.37287	-209.2508	172.8779	0.2198686	1.213504
4056	-34.45828	-207.6097	173.1514	0.07436788	1.100763
4062	-37.41183	-210.402	172.9902	0.1101046	1.211366
4068	-35.68454	-208.491	172.8065	0.2937941	1.211366
4074	-39.53941	-212.1972	172.6578	0.3134799	1.318102
4080	-38.58754	-210.4074	171.8199	0.4099148	1.86141
4086	-40.46784	-213.0772	172.6093	0.5848298	1.129427
4092	-34.70971	-206.3965	171.6868	0.5848298	1.83273
4098	-43.62525	-213.8399	170.2147	2.455276	1.549712
4104	-48.86077	-221.0676	172.2068	0.4631217	1.549712
4110	-49.22039	-221.0279	171.8075	1.435111	1.085266
4116	-50.20639	-222.328	172.1216	1.002632	1.190845
4122	-41.57657	-213.211	171.6344	1.48984	1.190845
4128	-38.77848	-211.7942	173.0157	0.6223892	0.496999
4134	-44.4887	-216.7503	172.2616	1.358868	0.5998186
4140	-40.25848	-213.207	172.9485	0.6720021	0.5998186
4146	-35.89191	-209.1135	173.2216	0.2374616	0.8616796
4152	-35.82286	-207.7159	171.893	0.2374616	1.928875
4158	-44.7175	-217.1657	172.4482	0.4279337	1.393464
4164	-48.11834	-219.7954	171.6771	1.653639	1.000588
4170	-32.58459	-205.2311	172.6465	0.7361817	0.9471836
4176	-37.02974	-210.3369	173.3072	0.01984932	1.004252
4182	-33.59158	-206.1302	172.5386	0.1831208	1.511257
4188	-32.22515	-205.4831	173.258	0.02055598	1.051483
4194	-32.50036	-205.2032	172.7029	0.5756427	1.051483
4200	-32.99601	-205.417	172.421	0.6413351	1.24342
4206	-28.19243	-201.2101	173.0176	0.4554651	0.8447172
4212	-30.19921	-203.2428	173.0436	0.1681265	1.113521
4218	-41.31458	-214.2324	172.9179	0.1767629	1.216187
4224	-41.98316	-213.9528	171.9696	1.173247	1.174744
4230	-42.80076	-214.4653	171.6645	1.173247	1.423226
4236	-44.79607	-216.6748	171.8787	1.173247	1.252027
4242	-39.68288	-211.7722	172.0894	1.368752	0.8627873
4248	-35.144	-206.8696	171.7256	1.368752	1.216457
4254	-32.74744	-204.7387	171.9913	1.368752	0.9708008
4260	-42.17706	-214.9418	172.7648	0.2213891	1.306078
4266	-39.45211	-210.8521	171.4	1.872676	1.057012
4272	-40.4641	-213.2211	172.757	0.5349446	1.038596
4278	-35.15715	-206.7951	171.6379	1.344073	1.309431
4284	-36.18849	-209.33	173.1415	0.1998467	0.9898961
4290	-29.43704	-201.3145	171.8774	1.477188	0.9763665
4296	-48.59532	-220.3164	171.7211	1.235963	1.329507
4302	-43.93958	-215.8237	171.8841	1.136761	1.277739
4308	-41.29001	-213.5444	172.2544	0.5392306	1.457034
4314	-32.02251	-204.8074	172.7849	0.5392306	1.007137
4320	-39.03624	-212.1095	173.0732	0.3647326	0.886341
4326	-38.45507	-210.4852	172.0301	1.145922	1.145548
4332	-43.85805	-216.1483	172.2902	0.135799	1.72534
4338	-46.07167	-219.0221	172.9505	0.106288	1.248063
4344	-46.79808	-217.0574	170.2593	2.091686	1.777831
4350	-44.40149	-217.359	172.9575	0.1374232	1.215913
4356	-35.70806	-208.1048	172.3968	0.5132749	1.36687
4362	-37.07058	-206.7846	169.714	2.516832	1.860674
4368	-47.44162	-215.4833	168.0416	2.516832	2.922652
4374	-44.48186	-217.0066	172.5247	0.5808604	1.206856
4380	-53.60386	-225.7521	172.1482	0.06652692	1.871676
4386	-47.03104	-219.2047	172.1737	0.08687803	1.840322
4392	-44.39845	-217.3885	172.9901	0.2065908	1.12716
4398	-46.00928	-219.0205	173.0112	0.1854646	1.12716
4404	-39.39043	-212.7899	173.3995	0.02237882	0.9045689
4410	-39.64339	-212.3836	172.7402	0.001518337	1.496269
4416	-40.61398	-213.3552	172.7412	0.0004839503	1.496269
4422	-47.70833	-219.8158	172.1074	0.6342835	1.496269
4428	-45.00163	-218.047	173.0453	0.0531246	1.212927
4434	-47.8142	-220.8037	172.9895	0.1372706	1.188644
4440	-36.19785	-208.9965	172.7987	0.7891356	0.6758661
4446	-34.98313	-207.1652	172.1821	0.6699438	1.412188
4452	-29.94201	-202.7734	172.8314	0.691476	0.7799898
4458	-35.4604	-208.07	172.6096	0.9735809	0.6845611
4464	-38.68727	-211.4188	172.7315	0.8723577	0.6425291
4470	-42.81499	-214.8871	172.0721	1.372471	0.878715
4476	-48.12631	-219.0472	170.9209	1.708263	1.5797
4482	-43.85242	-216.865	173.0125	0.04819817	1.244724
4488	-36.8072	-209.9812	173.174	0.2390902	0.9142713
4494	-36.93709	-209.5993	172.6622	0.5566827	1.107054
4500	-48.56326	-220.4903	171.927	0.8842875	1.443526
4506	-41.61077	-214.5881	172.9773	0.2381506	1.110179
4512	-43.37852	-214.08	170.7015	1.856115	1.631641
4518	-54.21613	-225.9624	171.7463	1.660461	0.9212571
4524	-44.16002	-215.9678	171.8078	0.533238	1.784774
4530	-38.94861	-210.9627	172.014	0.5931815	1.595682
4536	-40.15234	-210.9824	170.8301	2.008072	1.422923
4542	-38.56077	-210.6798	172.1191	1.113542	1.094475
4548	-39.89406	-211.9083	172.0143	1.113542	1.187773
4554	-40.1686	-212.4159	172.2473	0.4292461	1.544809
4560	-32.12452	-204.7423	172.6178	0.7558712	0.9566498
4566	-36.6699	-209.0262	172.3563	0.5923985	1.336185
4572	-35.08291	-204.4456	169.3627	2.584145	2.051503
4578	-35.56846	-207.7113	172.1429	0.4996387	1.569884
4584	-48.93665	-221.4321	172.4954	0.8178194	1.017856
4590	-33.64082	-206.143	172.5022	0.7663473	1.060957
4596	-36.25536	-209.1448	172.8894	0.3606892	1.078277
4602	-39.15733	-211.1143	171.9569	1.271823	1.09801
4608	-42.38048	-214.7094	172.3289	0.6863881	1.282342
4614	-41.75167	-213.2749	171.5232	1.461931	1.306869
4620	-35.82478	-207.5153	171.6906	1.480099	1.150346
4626	-35.13758	-207.273	172.1354	1.37731	0.7938486
4632	-38.78585	-211.48	172.6942	0.6871074	0.9486382
4638	-38.1622	-211.0977	172.9355	0.3321743	1.061813
4644	-34.25622	-207.195	172.9388	0.06142475	1.29467
4650	-35.6645	-208.5921	172.9276	0.08825672	1.281887
4656	-35.18118	-207.5044	172.3232	0.5867397	1.366977
4662	-46.80723	-218.9719	172.1647	0.3144436	1.687811
4668	-35.6501	-208.4395	172.7894	0.4492342	1.088932
4674	-41.90968	-211.5025	169.5928	2.445767	1.990559
4680	-39.94603	-212.9455	172.9994	0.2569734	1.072366
4686	-34.34389	-206.9537	172.6098	0.7723013	0.94772
4692	-45.36896	-216.547	171.1781	0.9856891	1.90636
4698	-39.5089	-211.6343	172.1254	0.8730341	1.296145
4704	-43.85524	-216.4051	172.5499	0.9120836	0.8582317
4710	-30.72959	-203.8624	173.1328	0.2017778	0.9967077
4716	-35.48009	-207.8893	172.4093	1.060126	0.8492445
4722	-40.22984	-212.5914	172.3616	0.7579598	1.194927
4728	-49.02876	-222.0692	173.0404	0.155813	1.127526
4734	-50.29596	-222.7212	172.4252	0.81396	1.088401
4740	-46.34372	-218.5549	172.2112	1.414438	0.5832649
4746	-43.16946	-215.3985	172.229	0.9928492	1.104313
4752	-35.40595	-207.9308	172.5249	0.1456434	1.549291
4758	-33.49441	-205.9177	172.4233	0.2471829	1.549291
4764	-37.82803	-208.5451	170.7171	1.998756	1.515646
4770	-32.43125	-205.294	172.8627	0.08939096	1.333476
4776	-33.2527	-206.1108	172.8581	0.01421374	1.396429
4782	-32.3203	-205.2531	172.9328	0.004481626	1.345317
4788	-30.94032	-203.7844	172.844	0.05708745	1.3739
4794	-40.26196	-212.7606	172.4987	0.5537933	1.251623
4800	-26.72653	-199.7293	173.0028	0.2940101	1.033957
4806	-28.89381	-201.0249	172.1311	0.3553901	1.682552
4812	-28.26452	-201.1525	172.888	0.5918277	0.8363866
4818	-35.92074	-208.7302	172.8095	0.6703634	0.8363866
4824	-37.88268	-207.6271	169.7444	2.295942	1.989375
4830	-43.72374	-214.7623	171.0385	1.341071	1.7579
4836	-33.48529	-205.6794	172.1941	0.9102767	1.207877
4842	-35.40202	-207.6621	172.2601	1.120698	0.9491902
4848	-48.25871	-220.4785	172.2198	1.095485	1.015912
4854	-49.71725	-222.4045	172.6872	0.7305775	0.9090613
4860	-29.89917	-201.7098	171.8106	0.8150935	1.582197
4866	-31.46011	-203.7907	172.3306	1.122824	0.8683971
4872	-28.92128	-202.0788	173.1575	0.06295683	1.105632
4878	-32.16531	-205.3609	173.1956	0.02481159	1.105632
4884	-37.31177	-210.2651	172.9534	0.1272367	1.228044
4890	-30.24159	-202.7698	172.5282	0.08624817	1.590403
4896	-28.67505	-201.981	173.3059	0.1472844	0.8685731
4902	-33.97473	-206.7617	172.7869	0.07763674	1.402467
4908	-39.80645	-212.9838	173.1774	0.05878779	1.091178
4914	-39.73493	-212.2908	172.5558	0.06361991	1.586765
4920	-40.03204	-213.1499	173.1179	0.02185188	1.177433
4926	-40.92632	-213.2673	172.3409	0.3398738	1.541665
4932	-35.31355	-207.5184	172.2048	0.5299471	1.501492
4938	-47.91163	-221.1428	173.2311	0.01926161	1.077986
4944	-55.89083	-228.2688	172.378	0.1905255	1.623763
4950	-56.94181	-228.7161	171.7743	0.8615966	1.574718
4956	-47.45133	-220.402	172.9507	0.4763685	0.8987243
4962	-55.15733	-224.8626	169.7053	2.278162	2.027271
4968	-56.81621	-227.4364	170.6202	2.278162	1.376045
4974	-49.3663	-221.3712	172.0049	0.9954359	1.294563
4980	-45.11353	-217.8356	172.7221	0.4392703	1.158551
4986	-45.80133	-217.8422	172.0409	1.232229	1.056643
4992	-54.91828	-227.548	172.6297	0.1555196	1.463386
4998	-50.66649	-222.3157	171.6492	0.8874903	1.646643
5004	-39.70586	-212.7287	173.0228	0.3865665	0.9183701
5010	-41.46047	-212.9838	171.5234	1.865845	0.9401921
5016	-39.39837	-211.5267	172.1284	1.509758	0.4985005
5022	-36.04091	-208.6312	172.5903	0.5835495	1.147524
5028	-39.22705	-211.8509	172.6239	0.5499813	1.147524
5034	-34.2445	-206.7645	172.52	1.014923	0.7628131
5040	-32.66737	-204.9577	172.2904	1.124877	0.9119119
5046	-39.20701	-210.1721	170.9651	1.752431	1.514388
5052	-42.17593	-215.2559	173.0799	0.2950014	0.9553018
5058	-41.62639	-213.8434	172.217	1.157169	0.9560988
5064	-42.34516	-214.5526	172.2075	1.09399	1.029399
5070	-48.39172	-220.4464	172.0547	0.9672924	1.276824
5076	-35.8581	-208.6598	172.8017	0.2255665	1.272492
5082	-34.70646	-207.6348	172.9283	0.4578008	0.9434723
5088	-38.03774	-210.7555	172.7178	0.3240364	1.260482
5094	-29.74732	-202.151	172.4037	0.9333414	0.9942276
5100	-33.178	-205.3539	172.1759	1.27339	0.8732034
5106	-28.39465	-201.2115	172.8168	0.6982565	0.7906482
5112	-29.36872	-201.9758	172.6071	0.9489691	0.7307722
5118	-37.8763	-209.9341	172.0578	1.001444	1.245944
5124	-47.27783	-219.4594	172.1816	0.2533796	1.719024
5130	-52.72992	-224.1761	171.4462	0.6914753	1.923999
5136	-61.21913	-233.5785	172.3594	1.225145	0.6820936
5142	-38.52934	-210.5708	172.0415	0.7565385	1.453677
5148	-36.13576	-208.7328	172.5971	0.6036894	1.123466
5154	-41.28925	-212.915	171.6258	1.913702	0.7561424
5160	-34.09166	-207.0686	172.977	0.1253483	1.209659
5166	-39.53344	-211.5911	172.0577	1.234716	1.038162
5172	-33.90829	-205.6907	171.7824	0.5911913	1.762084
5178	-30.71883	-203.5957	172.8769	0.2873201	1.156063
5184	-23.22243	-196.3255	173.1031	0.06108461	1.156063
5190	-27.81448	-200.9438	173.1293	0.04099898	1.150658
5196	-27.34648	-200.3694	173.0229	0.1087991	1.184409
5202	-32.9476	-205.2214	172.2738	1.09005	0.9668993
5208	-28.4491	-201.4736	173.0245	0.3104249	0.9963038
5214	-39.17375	-211.8393	172.6655	0.2380804	1.371952
5220	-45.81034	-217.1177	171.3073	1.596296	1.371952
5226	-36.29331	-208.069	171.7757	1.66928	0.8781803
5232	-32.23909	-203.9549	171.7158	1.354639	1.236593
5238	-24.47987	-196.4202	171.9404	1.479986	0.9062275
5244	-35.17209	-206.5326	171.3605	1.733823	1.216414
5250	-33.48697	-205.1197	171.6327	1.739253	0.9584234
5256	-27.89486	-200.6565	172.7617	0.2329115	1.299247
5262	-36.10942	-209.2412	173.1318	0.2166571	0.9826554
5268	-27.45689	-199.891	172.4341	0.3524875	1.462349
5274	-32.63151	-204.7886	172.157	0.6295873	1.462349
5280	-37.34699	-209.8004	172.4534	0.3332282	1.462349
5286	-36.62458	-209.4984	172.8738	0.5683864	0.8814339
5292	-38.41346	-211.2117	172.7983	0.4862424	1.045761
5298	-39.20455	-212.4977	173.2931	0.1116058	0.9234449
5304	-37.85688	-209.6395	171.7826	0.3480156	1.92878
5310	-37.55606	-209.6807	172.1247	0.4657387	1.607885
5316	-37.42897	-208.7382	171.3092	0.7198113	1.996915
5322	-27.36151	-200.6274	173.2658	0.1433783	0.9185453
5328	-35.33846	-208.0396	172.7011	0.4282531	1.186435
5334	-47.9527	-220.8178	172.8651	0.2642942	1.186435
5340	-43.26788	-216.0452	172.7773	0.3413518	1.19565
5346	-43.29479	-215.5222	172.2274	1.132462	0.9710117
5352	-33.39039	-205.9623	172.5719	0.3118564	1.387512
5358	-41.81356	-214.3286	172.515	0.5929683	1.204799
5364	-54.34985	-224.6092	170.2593	2.034994	1.817099
5370	-50.91056	-223.4523	172.5418	0.9007231	0.8811087
5376	-43.26599	-215.5713	172.3053	0.1784085	1.684518
5382	-51.01856	-223.577	172.5584	0.2756833	1.426031
5388	-54.91631	-227.5258	172.6095	0.2245818	1.426031
5394	-43.10024	-215.6587	172.5584	0.2756803	1.426031
5400	-45.17951	-217.3139	172.1344	1.116112	1.077913
5406	-47.64576	-220.8779	173.2321	0.2062019	0.8858993
5412	-39.31602	-211.6809	172.3649	0.3489945	1.517089
5418	-43.84039	-216.9821	173.1417	0.02431185	1.154424
5424	-30.99109	-204.4361	173.445	0.007714102	0.8691473
5430	-47.39564	-220.2024	172.8068	0.4549618	1.067373
5436	-40.24103	-213.0103	172.7693	0.2723296	1.260634
5442	-52.4972	-225.3908	172.8936	0.2792511	1.148419
5448	-43.14779	-215.4425	172.2947	0.8781192	1.148419
5454	-38.52435	-209.8325	171.3081	1.899689	1.1171
5460	-37.68202	-209.0704	171.3884	1.047945	1.718059
5466	-35.89649	-208.7311	172.8346	0.4044821	1.088479
5472	-40.56263	-212.1859	171.6233	1.630189	1.075095
5478	-37.2818	-208.1982	170.9164	1.886205	1.450149
5484	-40.34485	-213.2098	172.865	0.3959925	1.068112
5490	-45.87296	-218.5682	172.6952	0.3377167	1.267819
5496	-34.7746	-207.5137	172.7391	0.6815226	0.9059456
5502	-39.90014	-211.5633	171.6632	0.8914171	1.63381
5508	-51.55388	-223.6901	172.1362	0.9536717	1.220205
5514	-44.92096	-216.5951	171.6741	1.248431	1.35699
5520	-44.13012	-215.7489	171.6188	1.166895	1.463086
5526	-52.43696	-224.413	171.976	0.869875	1.416962
5532	-43.51652	-216.2066	172.6901	0.8390277	0.7711616
5538	-46.13162	-218.2891	172.1574	1.151989	1.021617
5544	-37.28516	-209.7836	172.4985	1.03263	0.7682865
5550	-30.43848	-203.8678	173.4294	0.1017546	0.7682865
5556	-28.43887	-200.2339	171.7951	1.491221	1.04404
5562	-24.90505	-197.4237	172.5187	1.020082	0.7571734
5568	-23.18349	-195.4267	172.2432	1.226354	0.8490249
5574	-27.25469	-199.5384	172.2837	1.298584	0.6861709
5580	-28.29261	-200.9339	172.6413	0.5265303	1.152816
5586	-23.46752	-196.6557	173.1881	0.1928764	0.9489113
5592	-29.30955	-202.6181	173.3086	0.02201793	1.000697
5598	-26.27973	-199.0163	172.7365	0.09938112	1.424638
5604	-30.73499	-204.0468	173.3118	0.0694525	0.9486825
5610	-38.2032	-211.2544	173.0512	0.4516968	0.8069565
5616	-33.62266	-206.4164	172.7937	0.5806509	0.9559326
5622	-35.1614	-207.2814	172.12	1.109254	1.097532
5628	-37.19195	-208.9129	171.7209	1.355773	1.231358
5634	-30.70984	-203.0709	172.3611	0.3333743	1.531567
5640	-37.49898	-209.4291	171.9301	1.108079	1.263493
5646	-43.40432	-216.2007	172.7964	0.7823789	0.6925609
5652	-29.15259	-201.2239	172.0713	1.00163	1.234511
5658	-48.63142	-220.3932	171.7618	1.323937	1.223743
5664	-42.98558	-214.7106	171.725	1.323937	1.254542
5670	-45.84965	-218.2873	172.4376	0.3586172	1.455044
5676	-36.27197	-209.2412	172.9693	0.1178939	1.222528
5682	-49.38572	-221.4692	172.0835	0.6682433	1.488769
5688	-44.92267	-214.558	169.6353	2.252509	2.090411
5694	-30.18455	-203.248	173.0635	0.3643774	0.8978462
5700	-21.91317	-194.967	173.0538	0.2549005	1.022335
5706	-38.39816	-210.5595	172.1613	0.9072393	1.238202
5712	-41.69031	-212.0005	170.3102	2.197968	1.667123
5718	-44.55066	-215.3273	170.7766	2.286801	1.242481
5724	-43.303	-214.8722	171.5692	1.392233	1.325982
5730	-42.72672	-215.5326	172.8059	0.0271196	1.426906
5736	-44.38767	-217.6325	173.2448	0.01131361	1.072607
5742	-38.21817	-211.3265	173.1084	0.03514855	1.174159
5748	-42.90466	-216.1771	173.2724	0.03469979	1.02388
5754	-30.9178	-203.645	172.7273	0.6654511	0.9364731
5760	-40.83386	-213.0997	172.2659	0.7763849	1.260111
5766	-44.08199	-216.0196	171.9376	1.297084	1.092564
5772	-37.21145	-209.9287	172.7173	0.6284657	0.9854134
5778	-39.64568	-212.614	172.9683	0.4892407	0.8634621
5784	-35.58932	-208.4269	172.8375	0.2672643	1.207532
5790	-34.09311	-206.4224	172.3293	0.7754944	1.207532
5796	-35.34252	-207.9735	172.631	0.3015423	1.349084
5802	-48.14857	-220.5548	172.4063	0.07519217	1.686126
5808	-41.61634	-213.9976	172.3813	0.3275629	1.520854
5814	-41.50478	-213.8107	172.306	0.4243865	1.504794
5820	-38.81536	-211.0868	172.2714	1.179215	0.8715957
5826	-31.3024	-204.0289	172.7265	0.4249594	1.167212
5832	-42.9445	-214.3748	171.4303	0.8005946	1.860669
5838	-34.06998	-207.2912	173.2212	0.338592	0.724859
5844	-40.98533	-212.6656	171.6803	1.885937	0.7142706
5850	-36.29312	-208.8132	172.5201	0.7021355	1.104031
5856	-33.06413	-205.8975	172.8334	0.1283795	1.325771
5862	-41.6345	-214.4157	172.7812	0.359559	1.176527
5868	-38.0645	-210.143	172.0785	1.178304	1.071966
5874	-36.85262	-209.9481	173.0955	0.2047367	1.030565
5880	-44.0541	-215.6161	171.562	0.6938797	1.843566
5886	-43.31631	-212.4568	169.1405	2.133365	2.483566
5892	-46.77873	-215.6928	168.9141	2.634881	2.309709
5898	-40.19796	-209.4306	169.2326	2.634881	2.103735
5904	-50.49691	-222.4021	171.9052	0.8404111	1.493375
5910	-54.45271	-226.9117	172.459	0.3554704	1.441145
5916	-42.35925	-214.7726	172.4134	0.4865952	1.374825
5922	-43.39585	-216.0466	172.6508	0.5419627	1.130693
5928	-53.8874	-226.0493	172.1619	1.085743	1.080588
5934	-46.72211	-219.5162	172.7941	0.19858	1.300763
5940	-48.50621	-220.6137	172.1075	0.19858	1.808964
5946	-37.68659	-209.0603	171.3737	0.5737648	2.05108
5952	-31.4471	-204.5253	173.0782	0.2928046	0.959451
5958	-38.58286	-209.16	170.5772	2.015239	1.606441
5964	-33.44686	-204.0364	170.5896	1.856225	1.711395
5970	-27.10658	-198.4306	171.324	1.884168	1.116771
5976	-26.30701	-199.0391	172.7321	0.5134146	1.082582
5982	-33.81332	-206.0781	172.2647	1.145241	0.9177208
5988	-31.46783	-203.9399	172.4721	1.145241	0.6091188
5994	-37.98142	-209.8834	171.902	1.569331	0.8468819
6000	-32.58701	-204.6332	172.0462	0.930203	1.314003
6006	-33.86356	-206.3147	172.4512	0.8778978	1.002219
6012	-25.70872	-198.4362	172.7275	0.1543899	1.389006
6018	-36.87069	-208.8479	171.9772	1.238532	1.109924
6024	-38.60465	-211.1863	172.5816	0.6261821	1.117098
6030	-44.53761	-216.3943	171.8567	1.085157	1.341704
6036	-41.57585	-212.103	170.5272	2.177958	1.523636
6042	-41.02231	-213.3948	172.3725	0.6751347	1.255641
6048	-40.6447	-212.7789	172.1342	1.018338	1.166293
6054	-37.27295	-209.9973	172.7243	0.1925806	1.361464
6060	-34.48791	-206.2899	171.802	1.539374	0.9898462
6066	-33.23896	-205.6171	172.3781	0.3562178	1.501813
6072	-32.65183	-204.0031	171.3512	1.60167	1.332839
6078	-30.63547	-203.6485	173.013	0.2279949	1.086744
6084	-40.4008	-212.1262	171.7254	0.7418401	1.696243
6090	-38.57253	-211.381	172.8085	0.3408217	1.169102
6096	-30.06232	-203.0691	173.0068	0.1643758	1.149927
6102	-31.69133	-204.9417	173.2504	0.03223914	1.047579
6108	-40.51273	-213.7428	173.23	0.1277545	0.9731262
6114	-35.0793	-207.3613	172.282	1.156318	0.8859115
6120	-39.47603	-212.1505	172.6745	0.8082776	0.8327885
6126	-31.47645	-203.9069	172.4304	0.7385535	1.151827
6132	-41.67933	-213.1903	171.5109	1.335832	1.41627
6138	-51.01553	-222.5628	171.5472	0.7392102	1.822538
6144	-60.6385	-229.6849	169.0464	1.067311	3.188571
6150	-41.40893	-214.237	172.8281	0.05731802	1.38623
6156	-35.1512	-207.811	172.6598	0.06772336	1.506942
6162	-34.40799	-207.7318	173.3238	0.0708072	0.9343951
6168	-33.82612	-206.8809	173.0548	0.09377914	1.169745
6174	-28.892	-201.5081	172.6161	0.07341542	1.535229
6180	-35.26531	-207.28	172.0147	0.9893532	1.291544
6186	-34.56506	-206.4451	171.8801	1.696484	0.6965876
6192	-30.23292	-202.5307	172.2977	0.8811062	1.143084
6198	-31.23342	-203.8859	172.6525	0.7943567	0.876038
6204	-35.33648	-207.7618	172.4253	0.8008837	1.100359
6210	-43.65846	-215.4876	171.8292	1.643456	0.8452736
6216	-45.12642	-215.937	170.8106	1.549689	1.771368
6222	-38.34302	-210.2163	171.8733	1.549689	0.9033102
6228	-33.95357	-206.0562	172.1026	0.5599139	1.555189
6234	-30.53007	-203.1142	172.5841	0.763181	0.9838229
6240	-37.15959	-209.7797	172.6201	0.7320156	0.97891
6246	-31.63429	-204.449	172.8147	0.2586894	1.234104
6252	-29.95508	-202.6851	172.73	0.8304438	0.7237925
6258	-36.88154	-208.8157	171.9341	1.163559	1.213592
6264	-33.8385	-206.2978	172.4593	0.6061075	1.240789
6270	-28.1162	-201.1626	173.0464	0.1843766	1.096157
6276	-32.3247	-205.5574	173.2327	0.01770708	1.078
6282	-41.9036	-212.4543	170.5507	1.694213	1.851046
6288	-31.09155	-203.8054	172.7138	0.2784765	1.301077
6294	-46.49904	-216.4255	169.9265	2.650487	1.617652
6300	-50.43043	-222.4669	172.0364	1.083608	1.194482
6306	-49.28008	-221.5043	172.2242	0.8992701	1.191482
6312	-38.54009	-210.73	172.1899	0.8992701	1.22079
6318	-42.80091	-215.8682	173.0673	0.1030831	1.150594
6324	-32.8431	-205.2457	172.4026	1.031473	0.8907759
6330	-36.70766	-209.19	172.4823	0.54873	1.26937
6336	-36.55751	-209.1359	172.5784	0.54873	1.188339
6342	-39.07153	-211.9661	172.8945	0.2326235	1.188339
6348	-39.97091	-212.7883	172.8174	0.3478736	1.155097
6354	-39.334	-212.0948	172.7608	0.249882	1.286128
6360	-37.28647	-210.1585	172.872	0.1386204	1.286128
6366	-44.32591	-216.984	172.6581	0.5551957	1.112162
6372	-41.58209	-213.8019	172.2198	0.3867112	1.59622
6378	-46.87642	-219.3619	172.4855	0.3689394	1.410343
6384	-46.41239	-218.9106	172.4982	0.386549	1.386725
6390	-47.84732	-220.2992	172.4519	0.8857632	0.9936273
6396	-52.66846	-225.1051	172.4367	0.3591098	1.45539
6402	-52.69625	-225.706	173.0098	0.0744908	1.224964
6408	-45.85533	-217.4219	171.5666	1.63688	1.121045
6414	-49.20088	-221.7517	172.5508	0.6526157	1.121045
6420	-48.00906	-220.2937	172.2847	0.5747139	1.406515
6426	-40.66706	-212.9938	172.3267	0.3212622	1.565852
6432	-38.64552	-210.3739	171.7284	1.5166	1.082997
6438	-36.73333	-208.1075	171.3741	1.870887	1.082997
6444	-44.65441	-216.7953	172.1409	0.5509822	1.533479
6450	-33.10731	-205.4634	172.3561	0.7348679	1.219302
6456	-34.64848	-207.505	172.8565	0.1693132	1.27366
6462	-27.67998	-200.6048	172.9248	0.1781673	1.209082
6468	-32.75957	-205.7809	173.0214	0.1302762	1.167057
6474	-35.3915	-206.7127	171.3212	1.743923	1.241058
6480	-44.66888	-217.7423	173.0734	0.3852804	0.8621124
6486	-57.69904	-227.0444	169.3453	1.011993	3.043478
6492	-47.41739	-220.5903	173.1729	0.1469015	1.011439
6498	-41.70532	-212.4123	170.707	2.08076	1.46148
6504	-46.37152	-218.8061	172.4346	0.08604904	1.658154
6510	-45.6974	-217.8572	172.1598	1.436059	0.6597283
6516	-37.86274	-209.4283	171.5655	1.452205	1.280343
6522	-37.80098	-210.3275	172.5265	0.4912311	1.280343
6528	-46.41541	-218.8158	172.4004	0.05443622	1.705008
6534	-42.79722	-215.9492	173.152	0.1794123	0.9998863
6540	-40.73306	-213.8047	173.0717	0.1353336	1.11783
6546	-39.72004	-212.6104	172.8903	0.0488677	1.343779
6552	-51.05817	-223.5182	172.46	0.2566832	1.514984
6558	-46.95453	-219.6361	172.6816	0.2394544	1.358185
6564	-37.8417	-211.0774	173.2357	0.2000914	0.8888459
6570	-33.75665	-204.6753	170.9186	2.226944	1.172363
6576	-27.19981	-199.7326	172.5328	0.8481752	0.9489721
6582	-35.98379	-208.9071	172.9233	0.329277	1.075965
6588	-35.44964	-207.437	171.9874	1.595534	0.6850794
6594	-34.09996	-206.4471	172.3472	0.6972213	1.258338
6600	-42.73146	-215.4892	172.7577	0.2104455	1.320599
6606	-33.33157	-206.1243	172.7927	0.1876379	1.310752
6612	-44.05603	-215.9883	171.9323	0.2764812	1.875765
6618	-39.28554	-211.7809	172.4953	0.777864	1.056544
6624	-37.02243	-209.0915	172.0691	1.133637	1.12169
6630	-37.76045	-210.5789	172.8185	0.5102604	1.002527
6636	-44.84179	-216.8769	172.0351	1.075447	1.202629
6642	-38.3829	-211.1566	172.7737	0.40972	1.139011
6648	-44.60592	-216.9118	172.3059	0.7104903	1.281445
6654	-46.17434	-217.3978	171.2234	1.89928	1.192171
6660	-40.63184	-213.2746	172.6427	0.4799838	1.192171
6666	-43.86474	-216.2722	172.4075	0.7463771	1.16515
6672	-38.46946	-211.317	172.8475	0.3063012	1.16515
6678	-41.82886	-213.3527	171.5239	0.9952287	1.659281
6684	-44.01668	-217.1949	173.1782	0.06969341	1.080295
6690	-46.30307	-219.5134	173.2103	0.0820919	1.038148
6696	-46.9534	-219.9363	172.9829	0.1317458	1.199104
6702	-39.1976	-211.6882	172.4906	0.8528087	0.9877912
6708	-36.25447	-208.0428	171.7883	1.734745	0.7796241
6714	-33.88198	-206.2874	172.4054	0.6470759	1.251604
6720	-35.45316	-206.8854	171.4322	1.662719	1.215908
6726	-45.92848	-218.531	172.6025	0.6407658	1.084652
6732	-41.75957	-213.8275	172.068	0.9616303	1.270577
6738	-40.02475	-211.3399	171.3152	1.771646	1.222799
6744	-39.24682	-210.417	171.1701	1.287977	1.70268
6750	-36.60852	-208.9087	172.3002	0.9814152	1.048537
6756	-41.80073	-213.1678	171.3671	1.339092	1.522856
6762	-37.63621	-209.092	171.4558	1.751124	1.117909
6768	-46.06391	-217.3204	171.2565	1.382432	1.572513
6774	-40.32725	-213.3845	173.0572	0.2353153	1.038037
6780	-38.71458	-211.8635	173.1489	0.1045749	1.075143
6786	-39.40039	-212.0903	172.6899	0.2415841	1.349892
6792	-43.47272	-216.2497	172.777	0.4642747	1.086495
6798	-48.5514	-221.2782	172.7268	0.6763092	0.925223
6804	-50.15391	-222.5775	172.4236	1.173094	0.6580187
6810	-47.39558	-219.4531	172.0575	1.187798	1.082716
6816	-52.36569	-224.2525	171.8868	0.7598112	1.566872
6822	-53.13934	-223.1668	170.0274	2.232302	1.840908
6828	-37.1945	-209.7729	172.5784	0.62327	1.122652
6834	-40.16856	-211.9053	171.7368	1.628297	0.9656181
6840	-31.83962	-204.4924	172.6527	0.623342	1.053796
6846	-37.18148	-209.7584	172.5769	0.6991989	1.053796
6852	-39.70414	-211.6023	171.8982	1.377906	1.053796
6858	-31.35462	-204.1864	172.8318	0.4442757	1.053796
6864	-37.5715	-209.1849	171.6134	1.217991	1.428131
6870	-29.20833	-201.586	172.3777	0.3822418	1.482569
6876	-33.24849	-203.9793	170.7308	2.35607	1.222792
6882	-32.59221	-205.4299	172.8377	0.3472535	1.137646
6888	-33.11596	-205.0913	171.9753	1.161047	1.180372
6894	-40.56649	-213.4129	172.8464	0.7833528	0.5674205
6900	-35.90134	-207.835	171.9336	1.394315	1.003349
6906	-31.71495	-203.7841	172.0692	1.268837	0.9932208
6912	-30.58413	-202.2167	171.6326	0.61163	1.851521
6918	-36.30504	-207.6772	171.3721	2.137201	0.7983874
6924	-39.17042	-211.0042	171.8338	1.535441	0.9613057
6930	-31.85665	-203.5924	171.7357	1.537786	1.056224
6936	-41.34282	-213.7108	172.368	1.165739	0.7645741
6942	-41.23303	-212.9433	171.7102	1.029324	1.497884
6948	-43.38119	-215.4068	172.0256	1.04813	1.23383
6954	-32.14388	-204.9441	172.8002	0.1945798	1.299056
6960	-35.6446	-208.2354	172.5908	0.138291	1.505728
6966	-34.57775	-207.8971	173.3193	0.0392106	0.9723818
6972	-34.70253	-207.646	172.9435	0.464189	0.920222
6978	-29.41191	-201.2861	171.8742	1.545814	0.9066168
6984	-31.23854	-202.7251	171.4866	1.086768	1.620281
6990	-38.93556	-209.8364	170.9008	1.672525	1.620281
6996	-43.90347	-215.6781	171.7746	0.7986962	1.620281
7002	-46.20254	-218.5929	172.3904	1.01363	0.9242348
7008	-36.45034	-208.6832	172.2329	1.171173	0.9242348
7014	-31.76332	-204.4954	172.7321	0.5025827	1.092601
7020	-37.76627	-210.9744	173.2082	0.07945452	1.04277
7026	-38.97608	-209.802	170.8259	2.167422	1.300279
7032	-38.46618	-210.0002	171.534	1.574712	1.204163
7038	-33.61368	-205.7776	172.164	1.245515	0.9182595
7044	-38.5078	-210.9913	172.4835	0.5515957	1.266001
7050	-28.70914	-201.056	172.3469	1.048164	0.9339334
7056	-36.5855	-209.5256	172.9401	0.3499006	1.040528
7062	-30.64571	-200.5544	169.9087	2.325045	1.858709
7068	-27.6955	-199.5919	171.8964	1.516833	0.9140946
7074	-26.06224	-199.4388	173.3766	0.1648786	0.7532218
7080	-31.0733	-202.8511	171.7778	1.38982	1.153067
7086	-41.28071	-213.0585	171.7778	1.38982	1.153067
7092	-37.95893	-209.0987	171.1398	1.976428	1.197784
7098	-36.25638	-208.494	172.2376	0.8785784	1.197784
7104	-43.42468	-215.4039	171.9792	1.341674	1.010322
7110	-48.15929	-220.3903	172.231	1.341674	0.7033176
7116	-46.29158	-218.4954	172.2039	1.213113	0.9099959
7122	-46.47451	-218.1614	171.6869	1.109537	1.45489
7128	-40.32228	-211.8844	171.5621	1.995956	0.7276442
7134	-45.01178	-216.8284	171.8166	1.339133	1.1635
7140	-43.60023	-216.2615	172.6613	0.7012444	0.9682055
7146	-38.49049	-210.1084	171.6179	1.49247	1.202729
7152	-44.50246	-216.4378	171.9353	0.9008565	1.42443
7158	-33.90746	-206.0248	172.1173	0.7188891	1.42443
7164	-34.42597	-205.5974	171.1714	2.066931	1.089206
7170	-33.52361	-206.7345	173.2109	0.1118229	1.008529
7176	-40.36375	-213.2288	172.865	0.1998553	1.241287
7182	-26.98393	-199.2267	172.2428	0.2982836	1.643509
7188	-30.78454	-202.9476	172.1631	1.343868	0.8015419
7194	-39.75922	-211.3764	171.6172	0.7456519	1.769584
7200	-41.7638	-214.8481	173.0843	0.2731498	0.9734598
7206	-41.0747	-213.9627	172.888	0.5156889	0.9245796
7212	-44.95854	-216.6277	171.6691	1.027412	1.530013
7218	-40.90143	-213.8721	172.9707	0.06050959	1.269284
7224	-37.04566	-209.4404	172.3948	0.3054854	1.527234
7230	-44.80775	-216.9154	172.1076	0.5501861	1.558654
7236	-38.09259	-210.0412	171.9486	1.657386	0.6376624
7242	-38.28085	-210.9749	172.694	0.7032567	0.9315404
7248	-36.18997	-209.03	172.84	0.05979865	1.374958
7254	-40.1489	-212.9671	172.8182	0.081613	1.374958
7260	-39.44928	-211.8854	172.4361	0.4959425	1.349445
7266	-38.64517	-211.1298	172.4846	0.01729912	1.671552
7272	-34.06663	-205.788	171.7214	1.278095	1.295278
7278	-44.92141	-217.2158	172.2944	1.192144	0.8280022
7284	-40.16543	-213.3919	173.2265	0.2276013	0.8675313
7290	-31.23456	-203.4333	172.1987	0.5021574	1.526797
7296	-34.45429	-207.5586	173.1043	0.28036	0.9450481
7302	-36.69998	-208.2724	171.5724	1.919477	0.8212409
7308	-34.88578	-207.2037	172.3179	0.9852366	1.027755
7314	-39.87211	-212.0189	172.1468	0.8204201	1.321395
7320	-34.5695	-207.1988	172.6293	0.4317001	1.244492
7326	-30.34665	-203.3772	173.0306	0.03042709	1.244492
7332	-30.441	-203.0248	172.5838	0.3932299	1.31345
7338	-37.35979	-208.6659	171.3061	1.748764	1.249625
7344	-47.70379	-219.8843	172.1805	0.3046214	1.683518
7350	-23.79066	-196.3569	172.5662	0.4983413	1.24154
7356	-41.70619	-213.3036	171.5974	0.4667013	1.973478
7362	-45.02038	-212.6642	167.6438	2.871163	2.948877
7368	-46.07099	-213.6905	167.6195	2.895419	2.948877
7374	-51.10933	-218.9647	167.8554	2.895419	2.806154
7380	-38.03813	-208.6203	170.5822	2.596368	1.143361
7386	-28.27689	-201.1295	172.8526	0.6378516	0.8230077
7392	-37.12125	-209.1369	172.0157	1.344738	0.9704228
7398	-47.38454	-220.4638	173.0793	0.1866606	1.063413
7404	-36.36186	-204.751	168.3892	2.637361	2.637242
7410	-49.74909	-221.9943	172.2452	0.823961	1.237668
7416	-43.33572	-215.3757	172.04	1.298077	0.9932248
7422	-39.27645	-211.5486	172.2722	1.140882	0.9143591
7428	-50.92151	-222.2916	171.3701	1.165962	1.647109
7434	-42.68589	-215.9302	173.2444	0.07552988	1.011334
7440	-35.52643	-208.1055	172.5791	0.05214609	1.578172
7446	-38.97233	-211.3999	172.4275	0.935252	0.9679715
7452	-50.31109	-223.2203	172.9092	0.1391101	1.255077
7458	-42.57022	-215.3421	172.7719	0.477624	1.078832
7464	-44.08095	-215.6892	171.6083	1.424054	1.268333
7470	-45.19602	-216.7846	171.5886	1.377598	1.322191
7476	-40.41684	-213.1992	172.7824	0.1837821	1.322191
7482	-46.95703	-219.7315	172.7745	0.671551	0.8769879
7488	-41.75299	-214.9162	173.1632	0.1829898	0.9849404
7494	-32.47599	-204.8832	172.4072	1.184021	0.6691551
7500	-43.35453	-216.1091	172.7546	0.5506748	1.025725
7506	-37.73333	-209.568	171.8347	1.802586	0.5208475
7512	-35.09849	-208.0245	172.926	0.6871634	0.6202097
7518	-36.90445	-209.6477	172.7432	0.2692398	1.284671
7524	-37.50495	-209.0053	171.5003	1.018305	1.65961
7530	-41.13962	-213.4878	172.3482	0.6688307	1.280913
7536	-41.92523	-214.694	172.7688	0.2049683	1.316114
7542	-35.66912	-208.0679	172.3988	0.5749798	1.316114
7548	-40.32347	-209.9591	169.6356	2.391549	1.998198
7554	-30.1307	-200.2667	170.136	2.391549	1.653241
7560	-27.49193	-199.5897	172.0977	1.329275	0.8987863
7566	-30.40862	-202.5258	172.1171	0.950957	1.238571
7572	-27.20177	-199.8238	172.622	0.8772921	0.8116509
7578	-30.11414	-203.4423	173.3282	0.2223935	0.7394229
7584	-30.42407	-203.4551	173.0311	0.2898361	1.01033
7590	-45.07752	-217.9274	172.8499	0.1970744	1.256222
7596	-55.1889	-228.0535	172.8646	0.1823063	1.256222
7602	-51.12346	-222.934	171.8105	1.236424	1.256222
7608	-48.06663	-220.2694	172.2028	1.209879	0.9147422
7614	-37.59596	-210.032	172.436	0.9766736	0.9147422
7620	-37.75201	-209.7611	172.0091	1.125445	1.181918
7626	-37.73665	-210.7806	173.044	0.1181862	1.157857
7632	-36.63945	-207.0212	170.3818	2.508943	1.382064
7638	-31.71459	-204.6738	172.9592	0.03634552	1.298464
7644	-40.75808	-214.0013	173.2433	0.04645759	1.040758
7650	-36.10292	-208.8134	172.7105	0.04837854	1.483369
7656	-37.4429	-210.1485	172.7056	0.6947882	0.9281939
7662	-35.75125	-206.8244	171.0731	1.979217	1.251718
7668	-43.01305	-214.712	171.6989	1.043385	1.495842
7674	-39.01328	-210.9033	171.89	1.189447	1.228998
7680	-40.68752	-213.3796	172.6921	0.01816846	1.519773
7686	-41.14297	-213.6705	172.5275	0.5154061	1.259573
7692	-39.83503	-212.7853	172.9502	0.3868782	0.9941519
7698	-29.34692	-201.7327	172.3858	0.8504357	1.091168
7704	-26.47889	-198.844	172.3651	1.091426	0.8646265
7710	-35.15143	-208.3846	173.2332	0.2223549	0.865847
7716	-26.81566	-199.9995	173.1838	0.1391572	1.008289
7722	-24.92184	-197.71	172.7882	0.5405178	1.00258
7728	-29.87367	-202.5849	172.7112	0.9268583	0.5056197
7734	-37.56934	-209.915	172.3457	0.9268583	1.057198
7740	-31.36129	-203.7786	172.4173	0.7163991	1.182699
7746	-38.53312	-210.9793	172.4462	0.3121751	1.483753
7752	-37.60866	-210.135	172.5264	0.3798195	1.369918
7758	-45.6841	-217.6863	172.0022	1.401231	0.924888
7764	-40.44417	-212.3126	171.8684	1.401231	1.05991
7770	-36.04684	-208.0374	171.9906	0.8388836	1.429627
7776	-45.43457	-217.8016	172.3671	1.009875	0.9532263
7782	-41.18075	-214.2808	173.1	0.1767885	1.053115
7788	-49.58401	-222.1688	172.5848	0.07704639	1.55568
7794	-44.71089	-217.3752	172.6643	0.06403047	1.506313
7800	-41.80475	-213.7244	171.9196	1.271733	1.131907
7806	-40.79809	-213.0877	172.2896	0.9896333	1.050791
7812	-48.38891	-221.0037	172.6148	0.9301666	0.7480064
7818	-50.92205	-223.3864	172.4643	0.06461891	1.652219
7824	-51.1245	-223.9194	172.7949	0.2440754	1.262857
7830	-40.36108	-211.8742	171.5131	1.525839	1.262857
7836	-48.04063	-220.7285	172.6879	0.5842599	1.057544
7842	-49.45035	-222.2116	172.7612	0.3038464	1.24112
7848	-41.58818	-213.7345	172.1463	0.1919195	1.786695
7854	-44.42955	-217.5725	173.1429	0.1919195	0.9964351
7860	-41.44049	-214.0168	172.5763	0.03574409	1.592158
7866	-45.26713	-218.3952	173.1281	0.2559335	0.9457387
7872	-38.33709	-211.3195	172.9824	0.3194987	1.029011
7878	-51.00049	-221.8775	170.877	1.689704	1.625042
7884	-49.49658	-221.6422	172.1456	1.230855	0.9537391
7890	-46.27755	-217.7347	171.4571	1.47951	1.345814
7896	-36.56704	-208.1346	171.5675	1.131551	1.528135
7902	-44.43404	-214.7581	170.3241	2.329845	1.561516
7908	-46.34662	-219.4294	173.0828	0.3373146	0.9064758
7914	-48.9931	-220.5444	171.5513	1.873785	0.9009832
7920	-49.96403	-221.9108	171.9468	0.1520647	1.950171
7926	-52.34232	-225.2083	172.866	0.4710999	0.9941455
7932	-41.17173	-212.7445	171.5728	0.7289466	1.811965
7938	-32.49946	-204.1034	171.604	1.752449	0.974519
7944	-24.85053	-197.937	173.0865	0.2168545	1.027581
7950	-34.3478	-206.5684	172.2206	1.082732	1.027581
7956	-36.47152	-209.0458	172.5743	0.5110636	1.224062
7962	-38.46077	-210.8589	172.3981	0.6872187	1.224062
7968	-33.44267	-204.7972	171.3545	1.81139	1.154515
7974	-30.41807	-202.8191	172.4011	0.9906758	0.9375114
7980	-31.48733	-203.8605	172.3732	1.217975	0.6692613
7986	-33.13114	-205.6449	172.5137	1.107409	0.5979993
7992	-39.72836	-212.1603	172.432	0.8024156	1.092833
7998	-45.69164	-217.7849	172.0933	1.203347	1.034106
8004	-30.8397	-203.0121	172.1724	1.029843	1.122175
8010	-27.47057	-199.7623	172.2917	1.137244	0.896538
8016	-37.53898	-208.696	171.157	1.672918	1.429254
8022	-37.17396	-209.3494	172.1754	0.8969309	1.235015
8028	-48.79813	-220.859	172.0608	1.011504	1.235015
8034	-40.70825	-212.6238	171.9155	1.15682	1.235015
8040	-44.6381	-216.9428	172.3047	0.8873292	1.131341
8046	-35.68428	-208.1619	172.4776	0.6061214	1.225405
8052	-36.46116	-208.9353	172.4741	0.293506	1.476745
8058	-36.55602	-209.642	173.086	0.293506	0.9505328
8064	-38.94873	-210.3604	171.4116	1.966893	0.9515338
8070	-35.12023	-206.8781	171.7579	1.675347	0.8917518
8076	-31.9002	-204.826	172.9258	0.2292439	1.164098
8082	-33.21028	-204.6057	171.3955	1.433889	1.429694
8088	-26.10683	-199.086	172.9792	0.1517394	1.185089
8094	-40.47212	-213.3689	172.8968	0.2341308	1.185089
8100	-40.83979	-213.9958	173.156	0.3564861	0.79418
8106	-28.89801	-201.3941	172.496	0.9684677	0.8551355
8112	-31.93168	-203.6297	171.6981	1.601476	1.031265
8118	-27.28984	-199.9478	172.6579	0.1158171	1.472113
8124	-35.41774	-208.3263	172.9086	0.4244075	0.9983028
8130	-40.62256	-213.6441	173.0215	0.5547624	0.6970642
8136	-39.24367	-210.4413	171.1976	2.224924	0.9038206
8142	-52.42838	-223.6224	171.194	1.551784	1.493199
8148	-64.65723	-235.814	171.1568	2.113045	1.059714
8154	-54.03433	-224.534	170.4997	2.113045	1.591649
8160	-52.49928	-224.4844	171.9852	0.7621411	1.492073
8166	-34.71925	-206.6801	171.9609	1.00586	1.321758
8172	-29.54934	-202.6229	173.0736	0.3251156	0.9299974
8178	-46.46341	-218.7976	172.3342	0.3725991	1.522367
8184	-34.3388	-206.4575	172.1187	1.350628	0.8493188
8190	-31.77407	-203.8937	172.1196	0.4153358	1.647946
8196	-27.84208	-200.1558	172.3137	0.4733323	1.462055
8202	-27.42333	-200.5066	173.0833	0.2021276	1.044877
8208	-41.25455	-213.3774	172.1228	1.207047	1.001431
8214	-42.17161	-214.995	172.8234	0.7846691	0.6329381
8220	-43.91144	-216.5456	172.6342	0.7846691	0.9079281
8226	-47.87187	-219.3684	171.4965	1.733396	1.096971
8232	-44.98976	-217.5065	172.5167	0.1900064	1.522411
8238	-42.26373	-214.4416	172.1778	0.5289255	1.522411
8244	-43.87171	-216.141	172.2693	0.3977918	1.551791
8250	-38.47071	-210.3612	171.8905	1.261353	1.166892
8256	-38.90002	-211.5285	172.6284	0.8324472	0.8594804
8262	-51.90916	-223.8357	171.9266	1.680983	0.6340138
8268	-42.25248	-213.0534	170.8009	1.967468	1.476171
8274	-41.87688	-214.0172	172.1403	0.8963774	1.264755
8280	-31.0693	-203.5533	172.484	0.8963774	0.9495884
8286	-34.64516	-206.2694	171.6243	1.915707	0.7554003
8292	-37.64658	-209.4292	171.7826	1.719802	0.8075859
8298	-37.93938	-210.5075	172.5682	0.8143954	0.9472959
8304	-44.07836	-216.3855	172.3072	1.198716	0.802964
8310	-41.49992	-213.7054	172.2055	0.8613089	1.239644
8316	-36.78453	-209.3389	172.5544	0.9888273	0.7505744
8322	-33.83207	-206.4674	172.6354	0.3450454	1.310727
8328	-39.33738	-212.0294	172.692	0.3450454	1.26441
8334	-46.31357	-218.3895	172.0759	0.2150912	1.819384
8340	-51.6854	-223.0592	171.3738	1.56711	1.34245
8346	-44.3245	-216.1883	171.8638	0.5839704	1.709997
8352	-50.75232	-217.2469	166.4946	2.866723	3.62956
8358	-48.72598	-217.711	168.985	2.866723	2.114087
8364	-44.12314	-216.3006	172.1775	1.147184	1.006593
8370	-47.16371	-219.1956	172.0319	1.43872	0.8477988
8376	-49.9502	-221.7944	171.8442	0.07410533	2.07036
8382	-48.01297	-220.6776	172.6646	0.1850976	1.413984
8388	-49.05878	-222.1186	173.0598	0.2840042	0.9873885
8394	-43.21136	-214.515	171.3036	2.040201	0.9873885
8400	-34.63878	-207.641	173.0022	0.5263477	0.7719792
8406	-35.77275	-207.8854	172.1127	1.041362	1.164959
8412	-54.71433	-225.7555	171.0412	0.6240846	2.23517
8418	-44.54293	-217.0726	172.5296	0.2723316	1.45067
8424	-52.62542	-224.1594	171.5339	1.00103	1.647904
8430	-52.0265	-223.7944	171.7679	1.230235	1.296383
8436	-51.25671	-223.623	172.3663	0.09440023	1.700866
8442	-40.17478	-213.0062	172.8315	0.3962772	1.098957
8448	-48.63179	-221.0638	172.432	0.4638677	1.378003
8454	-40.25523	-212.5615	172.3063	0.4638677	1.474817
8460	-29.69985	-201.8107	172.1109	0.6593262	1.474817
8466	-32.97931	-205.1552	172.1759	0.1212399	1.815139
8472	-28.42869	-201.6326	173.204	0.02518567	1.097657
8478	-43.42527	-216.2669	172.8417	0.07988318	1.357806
8484	-33.88315	-206.1457	172.2625	0.9248009	1.135522
8490	-31.18303	-203.1292	171.9462	1.419066	0.9654236
8496	-34.32146	-207.0073	172.6858	0.5493412	1.092106
8502	-34.78905	-207.7096	172.9206	0.2678374	1.134552
8508	-34.51111	-207.219	172.7078	0.5019165	1.115341
8514	-36.06697	-209.1262	173.0592	0.3152356	0.9558013
8520	-32.65219	-204.4457	171.7935	1.510186	1.027242
8526	-30.13542	-202.7851	172.6496	0.3130737	1.324986
8532	-30.08878	-202.1931	172.1043	0.647049	1.489001
8538	-30.17637	-202.18	172.0037	1.226687	1.09656
8544	-38.03895	-210.5907	172.5517	0.6304389	1.140144
8550	-33.83519	-206.7117	172.8765	0.3052744	1.140496
8556	-35.68785	-207.991	172.3032	1.140315	0.8799773
8562	-32.72337	-205.5464	172.823	0.1692744	1.301103
8568	-31.44631	-204.7634	173.3171	0.0178148	0.9963321
8574	-32.6077	-205.4188	172.8111	0.1927852	1.291694
8580	-35.91606	-209.0958	173.1797	0.1791285	0.9720124
8586	-35.74953	-208.8396	173.0901	0.05432315	1.173382
8592	-53.01155	-225.6037	172.5921	0.5522804	1.173382
8598	-40.97923	-212.9812	172.002	1.515108	0.7878755
8604	-33.19466	-206.0521	172.8574	0.7696319	0.5780873
8610	-33.65462	-205.9181	172.2635	1.324529	0.6753768
8616	-39.61819	-211.4809	171.8628	1.465239	1.003276
8622	-38.04339	-209.7005	171.6571	1.273819	1.350371
8628	-34.24374	-206.0254	171.7817	1.837882	0.602721
8634	-35.90264	-207.4231	171.5205	1.462146	1.308952
8640	-32.83143	-205.8032	172.9717	0.4517264	0.9027655
8646	-26.6603	-199.5115	172.8512	0.2661485	1.196772
8652	-44.19579	-216.8865	172.6907	0.07227429	1.480272
8658	-44.31455	-216.6274	172.3128	0.4501515	1.480272
8664	-37.55801	-209.989	172.4309	0.8727858	1.027185
8670	-39.95305	-212.7512	172.7982	0.1053233	1.372028
8676	-38.36564	-211.1581	172.7924	0.111077	1.372028
8682	-39.15089	-211.5915	172.4407	0.8216498	1.066839
8688	-37.07143	-210.0551	172.9837	0.2333862	1.108692
8694	-50.58487	-223.1958	172.6109	0.3692889	1.310866
8700	-49.04659	-222.1537	173.1071	0.1212278	1.098397
8706	-43.07537	-215.9292	172.8539	0.08660169	1.34277
8712	-47.61005	-220.599	172.989	0.2077628	1.127091
8718	-52.87977	-224.8613	171.9816	0.663094	1.568305
8724	-47.31324	-219.2853	171.9721	0.5007903	1.69222
8730	-40.06953	-211.6619	171.5924	1.056699	1.56506
8736	-38.96428	-211.6574	172.6931	0.9172409	0.6272497
8742	-39.26741	-210.9271	171.6597	1.411396	1.236051
8748	-36.44323	-208.9691	172.5259	0.7241056	1.07836
8754	-32.47137	-205.2754	172.804	0.1408065	1.339286
8760	-26.81237	-196.9424	170.1301	2.283266	1.734265
8766	-33.99998	-206.2825	172.2825	1.049094	0.9996537
8772	-33.9502	-205.5087	171.5585	1.656763	1.110384
8778	-39.67323	-211.5932	171.9199	0.7007464	1.58586
8784	-33.82097	-205.8144	171.9934	1.434044	0.8982356
8790	-33.17768	-204.7811	171.6034	1.434044	1.264111
8796	-41.80888	-214.8959	173.087	0.3044527	0.9377698
8802	-30.80459	-203.9593	173.1547	0.03986486	1.129007
8808	-40.21117	-212.6875	172.4763	0.001135086	1.688962
8814	-47.89004	-221.2715	173.3815	0.02490121	0.9216707
8820	-40.5001	-213.6503	173.1502	0.2193532	0.9609696
8826	-38.33386	-209.4234	171.0896	1.495765	1.611585
8832	-37.80212	-209.3002	171.4981	1.811221	1.021778
8838	-42.42869	-214.5658	172.1371	0.8611583	1.29623
8844	-43.3715	-215.4226	172.0511	0.9476444	1.295824
8850	-40.04608	-212.7259	172.6798	0.55562	1.091865
8856	-31.32481	-204.3253	173.0004	0.5322622	0.7660067
8862	-32.11408	-204.0004	171.8864	0.2563417	1.920607
8868	-34.44438	-205.6632	171.2188	0.7242836	2.053984
8874	-40.3449	-211.4301	171.0852	2.416577	0.8083964
8880	-31.77005	-204.8233	173.0532	0.07646285	1.186174
8886	-49.3344	-222.4998	173.1654	0.03778435	1.121292
8892	-43.18523	-216.1749	172.9897	0.0786135	1.238403
8898	-33.96888	-206.4315	172.4627	0.6056401	1.238403
8904	-35.77682	-208.4436	172.6668	0.2284426	1.378519
8910	-38.26848	-210.7643	172.4958	0.6126352	1.204413
8916	-42.84112	-214.9946	172.1535	1.230813	0.9454307
8922	-41.57156	-213.9441	172.3725	0.6243952	1.297345
8928	-46.28566	-219.6101	173.3245	0.07260507	0.9317652
8934	-38.6487	-211.917	173.2683	0.06918729	0.9937815
8940	-34.75344	-206.5973	171.8438	1.418283	1.067036
8946	-37.31955	-209.645	172.3255	0.2772724	1.598944
8952	-54.91464	-226.6452	171.7306	0.3988209	1.929582
8958	-66.46801	-238.6232	172.1552	1.230546	0.9439523
8964	-56.7658	-229.5055	172.7397	0.3211339	1.244665
8970	-54.86888	-227.5009	172.632	0.6770788	1.021934
8976	-43.51386	-216.5256	173.0118	0.04362715	1.249178
8982	-44.79461	-217.5785	172.7839	0.1651835	1.335891
8988	-49.00087	-220.6242	171.6233	1.325774	1.335891
8994	-48.97316	-220.4608	171.4877	1.46142	1.335891
9000	-47.50587	-220.6803	173.1744	0.0402228	1.110888
9006	-37.74483	-210.5687	172.8238	0.3908192	1.110888
9012	-40.37244	-213.407	173.0346	0.4711971	0.8031379
9018	-31.04838	-203.4969	172.4485	1.184611	0.5519136
9024	-27.04732	-199.1411	172.0938	1.184611	1.051555
9030	-38.08614	-210.8359	172.7498	0.528681	1.051555
9036	-44.38312	-216.8435	172.4604	0.528681	1.30373
9042	-45.02655	-217.2807	172.2542	0.9463668	1.123668
9048	-49.20488	-219.6474	170.4425	1.731302	1.899544
9054	-37.59571	-209.3363	171.7406	1.609281	0.9812506
9060	-35.39271	-207.6648	172.2721	0.4373858	1.520391
9066	-35.29976	-206.1352	170.8354	1.98564	1.436078
9072	-34.80675	-206.8834	172.0766	1.327316	0.9243024
9078	-40.09551	-211.571	171.4755	1.928489	0.9243024
9084	-40.9669	-213.9877	173.0208	0.4552249	0.8410748
9090	-42.91779	-215.7108	172.793	0.6108946	0.9243284
9096	-46.35426	-216.4963	170.1421	2.328178	1.694086
9102	-47.86251	-220.584	172.7215	0.7344846	0.8653492
9108	-40.28074	-212.5837	172.3029	0.8778167	1.141392
9114	-41.47803	-214.0658	172.5877	0.1568135	1.494134
9120	-32.59439	-204.5177	171.9233	0.863466	1.462241
9126	-43.65758	-215.327	171.6694	0.863466	1.649431
9132	-30.40654	-202.1114	171.7049	1.564522	1.060133
9138	-42.07368	-213.4043	171.3306	1.124377	1.704929
9144	-47.38056	-217.3514	169.9709	2.484074	1.704929
9150	-43.26215	-215.6406	172.3784	0.7850921	1.156631
9156	-44.58885	-215.3514	170.7625	1.834603	1.603023
9162	-39.2749	-210.7206	171.4457	0.9650111	1.736126
9168	-38.12826	-210.7016	172.5733	1.004187	0.6949123
9174	-34.63478	-206.8812	172.2464	0.4822733	1.506073
9180	-28.09339	-200.4523	172.3589	1.078239	0.8872417
9186	-35.32254	-207.1324	171.8099	1.487272	1.033598
9192	-36.48644	-209.2167	172.7303	0.5668825	1.033598
9198	-31.24926	-204.3829	173.1337	0.1125727	1.081877
9204	-39.10819	-212.2403	173.1321	0.1125727	1.083337
9210	-41.40651	-211.6259	170.2194	2.558805	1.468717
9216	-41.92078	-215.0464	173.1256	0.4135854	0.7565451
9222	-38.90735	-211.014	172.1066	0.5884841	1.531081
9228	-35.7239	-209.0675	173.3436	0.111456	0.8663821
9234	-36.71393	-209.9409	173.227	0.1770538	0.9242125
9240	-57.67922	-229.6126	171.9333	0.5038474	1.717478
9246	-53.78546	-225.9615	172.176	0.261142	1.717478
9252	-49.89257	-222.6242	172.7316	0.03812195	1.47516
9258	-49.12313	-222.4111	173.288	0.09037731	0.9517079
9264	-29.03661	-201.9439	172.9073	0.3045841	1.11341
9270	-31.78673	-204.8989	173.1122	0.08308138	1.128399
9276	-36.55054	-209.4289	172.8783	0.5949309	0.8445267
9282	-38.28973	-211.1149	172.8251	0.5949309	0.9065471
9288	-35.56181	-208.4023	172.8405	0.09133534	1.349622
9294	-40.37284	-212.9839	172.6111	0.5263577	1.179444
9300	-44.85797	-216.0101	171.1521	1.848463	1.294357
9306	-38.75936	-211.6516	172.8922	0.283366	1.145997
9312	-36.93746	-209.0728	172.1354	1.040209	1.145997
9318	-40.02893	-212.5099	172.4809	0.9557833	0.8877459
9324	-35.64297	-207.7405	172.0976	1.125515	1.103211
9330	-40.75586	-212.6438	171.888	1.125515	1.283811
9336	-36.08814	-208.6268	172.5387	0.4747989	1.283811
9342	-36.22374	-208.6265	172.4027	0.610779	1.283811
9348	-35.92996	-207.6374	171.7074	1.306085	1.283811
9354	-39.17018	-211.2448	172.0746	1.306085	0.9492569
9360	-63.99681	-235.8197	171.8229	0.3423294	1.905364
9366	-48.07959	-218.0846	170.005	2.571956	1.61767
9372	-35.82245	-208.3852	172.5628	0.786534	0.9818163
9378	-41.12529	-212.1713	171.046	2.02623	1.235125
9384	-31.04907	-202.9405	171.8914	1.587883	0.8370356
9390	-30.25571	-203.1365	172.8808	0.6816841	0.7204696
9396	-33.40589	-204.2764	170.8705	2.123778	1.299476
9402	-33.90482	-204.8796	170.9748	1.91365	1.383868
9408	-36.50141	-210.0946	173.5932	0.03261122	0.5826099
9414	-39.16563	-212.6754	173.5098	0.0231736	0.7655951
9420	-40.73031	-214.1191	173.3887	0.08903715	0.8389544
9426	-40.16781	-212.5092	172.3414	0.9571719	1.03217
9432	-34.38594	-207.2836	172.8977	0.5223862	0.9065415
9438	-34.60508	-207.5852	172.9801	0.5655609	0.7468673
9444	-31.91045	-203.9355	172.0251	1.384244	0.9184547
9450	-29.30546	-202.2531	172.9477	0.4616555	0.9184547
9456	-29.16213	-202.0876	172.9255	0.4837958	0.9184547
9462	-36.37848	-206.6717	170.2932	2.368038	1.55611
9468	-28.73739	-198.9369	170.1995	2.507055	1.522582
9474	-41.1449	-212.6715	171.5266	1.630977	1.161866
9480	-31.79014	-203.0949	171.3048	2.065938	0.9597489
9486	-27.13712	-198.4173	171.2801	1.822329	1.209524
9492	-20.69106	-192.6878	171.9967	1.480125	0.8401172
9498	-31.12262	-203.8614	172.7388	0.6215587	0.9705018
9504	-34.12128	-207.1691	173.0478	0.3125584	0.9705018
9510	-27.03523	-200.4463	173.4111	0.07598151	0.8273733
9516	-27.76682	-200.7224	172.9556	0.06003056	1.282035
9522	-37.84724	-207.2573	169.41	2.760419	1.901839
9528	-35.38449	-204.5701	169.1856	2.760419	2.052029
9534	-43.98241	-217.008	173.0256	0.05293236	1.229781
9540	-41.1118	-213.9102	172.7984	0.3785363	1.144758
9546	-35.60802	-208.254	172.646	0.1184384	1.479173
9552	-39.3823	-212.6445	173.2622	0.1018309	0.9666672
9558	-44.33559	-216.7632	172.4276	0.7304245	1.161491
9564	-27.05628	-198.4181	171.3618	1.883834	1.082414
9570	-28.63331	-200.657	172.0237	0.9537526	1.313091
9576	-39.2457	-209.0749	169.8292	2.554538	1.755025
9582	-43.81824	-215.8444	172.0262	0.4643508	1.679679
9588	-53.96057	-225.9924	172.0319	1.029628	1.244094
9594	-51.65545	-222.2699	170.6145	2.228302	1.41937
9600	-48.44134	-220.6389	172.1976	0.6451503	1.41937
9606	-58.97744	-231.8405	172.8631	0.002581642	1.401621
9612	-57.68866	-229.3443	171.6556	0.1811928	2.123863
9618	-60.16696	-231.75	171.583	1.618039	1.1232
9624	-48.21103	-220.0968	171.8858	1.374536	1.06873
9630	-39.29859	-211.4648	172.1662	1.094112	1.06873
9636	-44.32189	-216.536	172.2142	1.246846	0.8593537
9642	-40.56981	-213.9145	173.3447	0.1360182	0.8353475
9648	-45.34147	-218.0189	172.6774	0.6570252	0.9968484
9654	-33.23597	-206.3877	173.1518	0.3844187	0.7609736
9660	-34.26012	-207.5581	173.2979	0.09529839	0.9358989
9666	-35.16837	-207.7747	172.6063	0.0762163	1.540397
9672	-38.30434	-210.6764	172.3721	0.3190217	1.534023
9678	-43.24078	-216.6873	173.4465	0.1902979	0.4743025
9684	-39.6904	-213.281	173.5906	0.02039815	0.6256471
9690	-40.85901	-214.4785	173.6194	0.004311881	0.589638
9696	-43.97701	-216.6206	172.6436	0.06897354	1.518108
9702	-39.69811	-212.1539	172.4557	0.2935952	1.490544
9708	-40.19641	-210.9906	170.7942	1.96436	1.483584
9714	-44.86873	-216.7947	171.9259	1.460119	0.9435866
9720	-56.13411	-227.3018	171.1677	1.797277	1.323169
9726	-64.2428	-235.9724	171.7296	1.235347	1.323169
9732	-43.76382	-214.6731	170.9093	2.161755	1.236104
9738	-36.23493	-208.9276	172.6927	0.8345534	0.7737827
9744	-32.58026	-205.038	172.4578	0.4637331	1.357843
9750	-41.31299	-213.8407	172.5277	0.6650881	1.130616
9756	-48.97163	-221.5391	172.5674	0.5322404	1.211897
9762	-40.40004	-212.865	172.465	0.3453236	1.444318
9768	-42.15768	-215.0891	172.9314	0.423565	0.9759954
9774	-29.22823	-200.2525	171.0243	1.724962	1.49059
9780	-47.64823	-219.775	172.1267	1.243368	0.9603744
9786	-50.1368	-222.7566	172.6198	0.02289203	1.569737
9792	-38.50221	-211.5404	173.0382	0.09536551	1.182799
9798	-42.91248	-214.8745	171.962	1.171589	1.182799
9804	-37.5292	-210.0241	172.4949	0.5919395	1.22279
9810	-43.50389	-215.1581	171.6542	1.636391	1.039868
9816	-50.2468	-222.295	172.0482	0.7017206	1.490086
9822	-46.08635	-217.8252	171.7388	0.8479169	1.610579
9828	-43.3814	-215.2535	171.8721	1.619337	0.8217496
9834	-52.21575	-225.0804	172.8646	0.05679869	1.357917
9840	-43.37518	-213.3776	170.0024	2.529839	1.649856
9846	-45.03127	-216.5428	171.5115	0.2692393	2.160431
9852	-30.6668	-202.8598	172.193	0.4094681	1.599127
9858	-42.45085	-215.4569	173.0061	0.3615133	0.9630063
9864	-36.73709	-208.7746	172.0375	1.354	0.9377959
9870	-42.27585	-215.1573	172.8814	0.3979761	1.050626
9876	-41.70134	-212.0244	170.323	2.473223	1.45502
9882	-31.0208	-203.6365	172.6157	0.4166443	1.268294
9888	-35.74607	-207.337	171.5909	1.805836	0.9321367
9894	-36.03934	-208.6963	172.6569	0.7105281	0.963133
9900	-37.97935	-210.425	172.4457	1.155003	0.6495749
9906	-44.12014	-216.5714	172.4512	0.6696334	1.193764
9912	-50.29393	-222.1006	171.8067	0.1892425	2.018983
9918	-40.15299	-212.018	171.865	1.009081	1.395074
9924	-35.81183	-208.493	172.6811	0.01820927	1.527918
9930	-37.87287	-209.9708	172.0979	1.380516	0.838128
9936	-43.10146	-215.7827	172.6812	0.5968938	1.051849
9942	-43.43415	-216.047	172.6129	0.5808968	1.129774
9948	-40.65258	-213.2346	172.5821	0.2503061	1.427374
9954	-38.7176	-210.9701	172.2525	0.5798837	1.427374
9960	-41.78076	-212.9136	171.1328	1.669923	1.450084
9966	-42.25888	-213.4237	171.1648	1.669923	1.425527
9972	-49.10257	-221.2217	172.1191	0.7156802	1.425527
9978	-38.89675	-210.5799	171.6831	1.558945	1.085722
9984	-35.16044	-207.4263	172.2658	0.7578196	1.275469
9990	-25.83216	-198.5682	172.7361	0.4338389	1.150999
9996	-35.756	-208.2387	172.4827	0.7896584	1.057338
10002	-32.6785	-205.1304	172.4519	0.3059804	1.484139
10008	-29.84002	-202.0621	172.2221	0.6800599	1.373094
10014	-39.03376	-210.5279	171.4941	1.361675	1.409263
10020	-38.9165	-210.9766	172.0601	1.427504	0.8266586
10026	-41.21379	-213.7528	172.539	1.016887	0.7310529
10032	-42.91119	-215.8523	172.9411	0.3966546	0.9935072
10038	-44.15622	-216.4576	172.3013	0.4669462	1.476244
10044	-44.61635	-216.7328	172.1164	0.5135139	1.579096
10050	-57.11029	-227.4815	170.3712	2.207668	1.616288
10056	-46.15338	-218.2087	172.0554	0.6736195	1.505822
10062	-43.36887	-215.843	172.4741	0.2548441	1.505822
10068	-30.02642	-202.5006	172.4741	0.2548441	1.505822
10074	-23.50665	-195.6743	172.1677	1.230093	0.9310267
10080	-25.98566	-199.221	173.2354	0.2152177	0.8717003
10086	-24.18542	-196.8389	172.6535	0.228996	1.388496
10092	-29.61467	-202.5877	172.973	0.4050809	0.9519687
10098	-37.7066	-210.4491	172.7425	0.3903953	1.183413
10104	-36.95493	-209.9531	172.9982	0.1346783	1.183413
10110	-36.3199	-207.6169	171.297	1.947135	1.083841
10116	-34.23996	-206.7968	172.5568	0.6873103	1.083841
10122	-38.71343	-209.4376	170.7242	1.963133	1.536835
10128	-42.38081	-214.3054	171.9246	1.169843	1.216343
10134	-42.46361	-214.3248	171.8612	1.344322	1.119167
10140	-36.52727	-208.4505	171.9232	1.01704	1.342969
10146	-47.16046	-218.2098	171.0493	0.8206822	2.102132
10152	-46.68653	-219.1371	172.4506	0.4251233	1.393832
10158	-43.0826	-214.7009	171.6183	1.455633	1.233702
10164	-34.25064	-206.1552	171.9045	1.169371	1.233702
10170	-41.60597	-214.1958	172.5898	0.5419149	1.184361
10176	-50.08657	-222.1822	172.0956	1.175244	1.058762
10182	-47.27575	-219.8386	172.5628	0.6684735	1.095704
10188	-47.61916	-219.7231	172.1039	1.129096	1.094099
10194	-37.40641	-209.3976	171.9912	1.024093	1.282333
10200	-29.70574	-202.837	173.1313	0.1509661	1.047937
10206	-37.13291	-210.2238	173.0909	0.03655824	1.188058
10212	-34.02582	-206.4967	172.4709	0.1570482	1.580539
10218	-45.18024	-218.0964	172.9162	0.1318086	1.255348
10224	-48.33413	-219.3314	170.9972	1.970588	1.320888
10230	-50.5866	-222.826	172.2394	1.397598	0.5241126
10236	-31.7095	-204.3852	172.6757	0.3948124	1.23653
10242	-31.62054	-204.1315	172.511	0.4950722	1.289882
10248	-40.6085	-213.1083	172.4998	0.8990228	0.9299133
10254	-43.16087	-212.8516	169.6907	2.311319	2.01491
10260	-43.82174	-215.0015	171.1798	0.9814263	1.908096
10266	-39.7972	-212.8367	173.0395	0.2948266	0.9969326
10272	-43.71921	-215.4935	171.7743	1.560078	0.9969326
10278	-46.9207	-219.8481	172.9274	0.5018724	0.8962644
10284	-51.60967	-223.8795	172.2698	0.1521779	1.728163
10290	-60.64128	-231.3813	170.74	1.68202	1.728163
10296	-56.30394	-227.9293	171.6253	1.429898	1.249334
10302	-53.89251	-225.5166	171.6241	0.7272237	1.777641
10308	-50.59953	-222.8324	172.2329	0.1341566	1.766689
10314	-42.4381	-214.5742	172.1361	1.296517	0.8924505
10320	-32.83515	-204.9921	172.157	1.296517	0.8682898
10326	-30.61187	-201.5432	170.9314	1.906336	1.423279
10332	-32.09154	-204.0322	171.9407	1.447046	0.9417914
10338	-40.29897	-211.4762	171.1773	1.982119	1.160287
10344	-38.49861	-210.9617	172.4631	0.2512725	1.516766
10350	-42.97196	-214.8116	171.8397	1.228922	1.238173
10356	-31.50174	-204.5697	173.068	0.4716386	0.7558896
10362	-34.37238	-206.6293	172.2569	0.6940691	1.334405
10368	-43.03762	-215.8153	172.7777	0.0647322	1.419599
10374	-36.4747	-209.2997	172.825	0.2364731	1.244142
10380	-38.98547	-211.3145	172.329	0.9200725	1.079232
10386	-41.76365	-213.2974	171.5338	0.8077428	1.784447
10392	-41.68997	-213.5237	171.8337	0.7995856	1.576623
10398	-32.85133	-205.0309	172.1796	0.254162	1.719905
10404	-41.72731	-214.3984	172.6711	0.5931272	1.065001
10410	-35.18844	-204.8504	169.6619	2.46714	1.929819
10416	-45.35171	-215.4058	170.054	2.46714	1.657791
10422	-38.77789	-211.3266	172.5487	0.7605049	1.021798
10428	-39.11876	-212.0323	172.9135	0.1196423	1.26766
10434	-44.64146	-217.0734	172.432	0.2009494	1.576915
10440	-44.57306	-217.2896	172.7165	0.07263875	1.460413
10446	-35.66511	-207.9744	172.3092	0.4799272	1.460413
10452	-30.19422	-203.2416	173.0474	0.5852356	0.5541682
10458	-26.51612	-199.4933	172.9772	0.5011614	0.8381867
10464	-49.07784	-220.5679	171.4901	0.4600319	2.049349
10470	-31.97232	-205.0025	173.0301	0.179054	1.11586
10476	-37.85459	-210.4965	172.6419	0.567328	1.11586
10482	-34.93129	-208.0215	173.0902	0.1081168	1.125688
10488	-32.89214	-205.8724	172.9802	0.1564761	1.180085
10494	-34.84408	-207.9369	173.0928	0.1564761	1.078998
10500	-39.94547	-211.8795	171.934	1.148866	1.226134
10506	-41.78621	-214.2128	172.4266	0.08272588	1.666286
10512	-36.96679	-209.8391	172.8724	0.1926518	1.241157
10518	-46.42356	-216.9146	170.491	2.07098	1.628464
10524	-43.24458	-214.9203	171.6758	1.780439	0.8650745
10530	-37.00259	-210.1895	173.1869	0.06212008	1.07924
10536	-37.98187	-210.3208	172.339	0.5422529	1.389512
10542	-29.75178	-202.5412	172.7895	0.4973736	1.043532
10548	-32.59325	-205.1736	172.5803	0.7663045	0.9845167
10554	-39.96313	-212.4045	172.4413	0.8860928	1.003837
10560	-42.99024	-215.1994	172.2091	1.07288	1.048139
10566	-52.80884	-224.2811	171.4722	0.6487107	1.9353
10572	-56.8274	-229.4059	172.5785	0.02796083	1.596237
10578	-51.06036	-222.5896	171.5292	0.1855842	2.203175
10584	-41.98397	-215.1638	173.1798	0.125744	1.025424
10590	-39.82975	-211.9248	172.095	1.102271	1.126579
10596	-41.40728	-211.0714	169.6641	2.322165	2.02538
10602	-43.63701	-213.2129	169.5759	2.322165	2.083679
10608	-39.70144	-209.433	169.7316	2.322165	1.980435
10614	-39.93245	-212.2002	172.2677	0.5860984	1.410804
10620	-54.13019	-226.8643	172.7341	0.5733005	1.02363
10626	-38.50503	-211.2854	172.7803	0.6019864	0.9475351
10632	-49.86921	-222.8699	173.0007	0.1105551	1.201989
10638	-40.42698	-213.5101	173.0831	0.08202968	1.155187
10644	-41.14222	-213.1561	172.0138	1.458893	0.8451507
10650	-49.38706	-220.6452	171.2581	1.165941	1.726715
10656	-53.40038	-224.6667	171.2663	2.026137	1.038091
10662	-45.94566	-218.3665	172.4208	1.20571	0.580082
10668	-49.2321	-222.7214	173.4893	0.1200662	0.6297798
10674	-47.65522	-220.5197	172.8645	0.01008393	1.394696
10680	-43.75277	-216.575	172.8222	0.0006942577	1.434643
10686	-52.15391	-225.5321	173.3782	0.007993462	0.9434212
10692	-44.94972	-217.6397	172.69	0.1133153	1.44965
10698	-37.81855	-209.1322	171.3137	1.774715	1.221477
10704	-47.26441	-219.3528	172.0884	1.114547	1.121505
10710	-54.35531	-225.1977	170.8424	2.105801	1.336605
10716	-49.88805	-220.5748	170.6867	1.923497	1.593482
10722	-51.86834	-222.9189	171.0506	1.801527	1.412155
10728	-35.79169	-207.2474	171.4557	1.644961	1.21103
10734	-34.32371	-206.5826	172.2589	0.8417661	1.21103
10740	-37.77678	-211.3321	173.5554	0.0292825	0.6818268
10746	-34.00281	-206.6111	172.6083	0.7744725	0.9470174
10752	-38.14432	-210.9447	172.8004	0.4133835	1.111718
10758	-36.89812	-209.339	172.4409	0.2681059	1.520753
10764	-35.54968	-208.4292	172.8796	0.2681059	1.170533
10770	-35.44362	-208.4621	173.0184	0.1514256	1.151051
10776	-45.28681	-218.1013	172.8145	0.2196053	1.266841
10782	-43.5704	-214.0097	170.4393	2.346749	1.46279
10788	-31.80159	-204.6637	172.8621	0.1255959	1.304817
10794	-36.93065	-210.0475	173.1169	0.1298505	1.081423
10800	-44.01542	-215.2333	171.2179	1.597009	1.440784
10806	-47.6487	-220.2715	172.6228	0.9824759	0.6394396
10812	-43.2474	-213.5594	170.312	2.476614	1.460813
10818	-55.39834	-226.8219	171.4235	1.250038	1.547027
10824	-31.98093	-204.7583	172.7774	0.460983	1.089151
10830	-35.79817	-208.097	172.2988	0.9615786	1.068628
10836	-39.52614	-212.0651	172.539	0.6224971	1.158428
10842	-36.28365	-208.9655	172.6818	0.1951225	1.392836
10848	-44.57354	-215.8094	171.2358	1.844841	1.227984
10854	-36.12787	-208.3516	172.2237	1.258669	0.8331919
10860	-31.44952	-204.4192	172.9697	0.6069377	0.6964545
10866	-31.35927	-203.9311	172.5718	0.8127	0.9451936
10872	-35.88279	-208.4575	172.5747	0.5412856	1.197984
10878	-37.71989	-209.9306	172.2107	1.058704	1.060155
10884	-52.56286	-224.6733	172.1104	0.8319871	1.341236
10890	-51.90989	-223.4479	171.538	1.573159	1.20209
10896	-48.81699	-220.5252	171.7082	0.7162932	1.726393
10902	-42.12821	-214.4945	172.3663	0.5520367	1.360306
10908	-47.62036	-219.7932	172.1728	1.245284	0.9087385
10914	-41.33967	-212.6905	171.3509	1.743857	1.216107
10920	-46.95091	-218.7475	171.7966	0.6334726	1.722463
10926	-60.57107	-231.9933	171.4222	1.043475	1.697338
10932	-53.66891	-226.0941	172.4252	0.2469141	1.548104
10938	-42.7489	-214.7551	172.0062	0.66593	1.548104
10944	-45.75178	-217.2948	171.543	1.303692	1.416317
10950	-51.76971	-223.6383	171.8686	0.9624689	1.428405
10956	-38.19889	-210.2985	172.0996	0.731382	1.428405
10962	-48.64829	-220.3552	171.7069	1.124119	1.428405
10968	-49.95382	-219.7409	169.7871	2.158081	2.052611
10974	-50.30534	-220.4035	170.0982	2.168737	1.835961
10980	-38.96334	-211.804	172.8406	0.4140296	1.074034
10986	-41.24854	-211.6457	170.3972	2.28807	1.538393
10992	-38.49305	-211.5641	173.071	0.03656687	1.205134
10998	-37.79436	-210.73	172.9356	0.5196624	0.866157
11004	-32.85417	-204.4531	171.5989	1.884709	0.8316482
11010	-33.04639	-205.2765	172.2301	0.4276786	1.558634
11016	-44.27548	-216.6794	172.4039	0.253921	1.558634
11022	-29.24252	-202.0204	172.7778	0.3063557	1.225017
11028	-30.75407	-203.1827	172.4287	1.140748	0.7089349
11034	-32.61825	-205.4293	172.811	0.7143479	0.7764164
11040	-35.48279	-206.7685	171.2857	2.013348	1.031702
11046	-39.18014	-209.7837	170.6035	2.161399	1.478783
11052	-37.42253	-209.1729	171.7504	1.64983	0.9284076
11058	-36.96355	-208.3075	171.344	1.64983	1.299884
11064	-42.41449	-214.968	172.5536	0.8946063	0.8745246
11070	-26.31337	-198.673	172.3597	0.8946063	1.074387
11076	-46.93786	-218.5111	171.5732	1.76772	0.9903187
11082	-40.00974	-211.9678	171.9581	0.2687047	1.863478
11088	-35.70698	-208.4674	172.7604	0.3581373	1.195787
11094	-40.3286	-212.2416	171.913	1.205528	1.195787
11100	-41.71128	-214.2713	172.56	0.9450906	0.8040777
11106	-42.29256	-215.0793	172.7868	0.04618342	1.426916
11112	-45.28019	-217.6966	172.4164	0.9694808	0.943792
11118	-37.4707	-210.1233	172.6526	0.7568785	0.9182987
11124	-44.79127	-217.7322	172.9409	0.3445127	1.044865
11130	-45.24751	-217.6459	172.3984	1.195205	0.664361
11136	-50.20272	-222.8589	172.6562	0.3103088	1.321969
11142	-49.44448	-221.7868	172.3423	0.9529322	1.0354
11148	-47.22622	-218.7799	171.5536	1.741626	1.0354
11154	-55.63081	-227.7841	172.1533	0.6594966	1.442381
11160	-41.04451	-213.4974	172.4529	0.4188354	1.396908
11166	-38.61518	-209.8788	171.2636	1.964684	1.098445
11172	-34.7302	-207.0109	172.2807	0.3616606	1.569972
11178	-35.00723	-208.0677	173.0605	0.1882981	1.079512
11184	-36.65846	-209.4844	172.826	0.701605	0.7733141
11190	-36.10565	-208.8418	172.7361	0.5211625	1.071567
11196	-28.25779	-201.0459	172.7881	0.7953964	0.683968
