Iteration	Posterior	Likelihood	Prior	acrv_sd	tree_length
0	-231.4744	-400.4467	168.9723	0.1243559	3.78251
6	-215.2659	-382.8712	167.6054	0.4159232	4.395268
12	-224.3953	-391.7962	167.4009	0.3286473	4.55949
18	-223.0628	-391.1124	168.0496	0.171694	4.282235
24	-220.3462	-389.3076	168.9613	0.4292557	3.612568
30	-232.3205	-399.6194	167.299	0.04696495	4.774291
36	-230.2609	-397.5257	167.2648	0.01343927	4.812102
42	-235.6895	-404.1608	168.4713	0.1098354	4.077875
48	-226.1727	-392.4297	166.257	0.5011101	5.101318
54	-232.2226	-401.1262	168.9036	0.03121735	3.875609
60	-225.4204	-392.1851	166.7647	0.1599195	5.008943
66	-224.1965	-391.3779	167.1814	0.344408	4.673722
72	-221.0506	-389.3828	168.3321	0.344408	4.02343
78	-215.0125	-382.8407	167.8282	0.3338068	4.315796
84	-234.9987	-401.2993	166.3006	0.1643116	5.263607
90	-238.5811	-405.6666	167.0854	0.2277829	4.792572
96	-223.8708	-391.2743	167.4036	0.5155491	4.452864
102	-228.6272	-397.3822	168.755	0.1188448	3.910573
108	-229.2734	-396.1529	166.8796	0.1603727	4.944842
114	-227.5762	-395.7373	168.1611	0.1687549	4.22071
120	-216.373	-384.1476	167.7746	0.2394435	4.399343
126	-223.2876	-392.1346	168.847	0.5895517	3.585872
132	-254.272	-421.4909	167.2189	0.3631328	4.642196
138	-239.3838	-406.6423	167.2585	0.5895482	4.492878
144	-242.0338	-409.4691	167.4353	0.4127106	4.492878
150	-247.4117	-414.6081	167.1964	0.4367639	4.613561
156	-246.3339	-411.2818	164.9478	0.4367639	5.857171
162	-237.3269	-405.7011	168.3742	0.7860332	3.745857
168	-228.9525	-397.3666	168.4142	0.7860332	3.722763
174	-236.5474	-404.9615	168.4142	0.7860332	3.722763
180	-237.2387	-404.5395	167.3008	1.141808	4.156703
186	-246.6207	-415.2366	168.6159	0.6327283	3.694793
192	-226.7975	-395.8692	169.0717	0.4817479	3.517832
198	-223.8459	-393.5874	169.7415	0.4267952	3.1562
204	-234.8168	-401.7395	166.9228	0.3750086	4.801188
210	-231.0369	-400.0839	169.047	0.3711529	3.596562
216	-234.7077	-402.9905	168.2828	0.5276242	3.946893
222	-223.0929	-391.7132	168.6203	0.1886859	3.947734
228	-227.0025	-395.6382	168.6357	0.1080484	3.985041
234	-229.7069	-396.8792	167.1722	0.1178033	4.805498
240	-221.9505	-391.2822	169.3318	0.09260954	3.592938
246	-224.7922	-392.066	167.2738	0.2000909	4.702762
252	-223.234	-391.3536	168.1195	0.0900072	4.288886
258	-218.5178	-385.4598	166.942	0.5820342	4.674722
264	-216.8345	-384.3454	167.5109	0.1448611	4.600867
270	-223.8284	-391.2497	167.4213	0.2345051	4.600867
276	-231.9412	-399.1621	167.2209	0.09425136	4.791508
282	-230.6802	-399.0706	168.3904	0.2258226	4.057882
288	-218.3545	-385.6489	167.2945	0.1647288	4.710984
294	-212.6022	-380.1099	167.5077	0.05018739	4.655755
300	-217.5966	-386.4031	168.8065	0.02109835	3.937034
306	-229.1423	-397.3928	168.2505	0.06460055	4.229095
312	-219.1543	-388.0123	168.8581	0.4163014	3.6799
318	-226.3187	-393.9981	167.6794	0.1601427	4.497646
324	-232.3825	-401.4223	169.0397	0.04793304	3.787688
330	-216.6842	-385.4843	168.8001	0.4289999	3.706088
336	-230.1881	-397.6207	167.4326	0.124853	4.655988
342	-229.363	-397.5991	168.2361	0.194363	4.163609
348	-222.7977	-389.5285	166.7308	0.5031753	4.836778
354	-232.9843	-399.9231	166.9388	0.270579	4.850476
360	-239.0212	-406.5401	167.5189	0.2380018	4.544125
366	-228.3982	-395.5103	167.1121	0.1469346	4.822798
372	-232.5166	-400.5678	168.0512	0.8238271	3.909909
378	-231.7071	-399.0399	167.3329	0.1904515	4.675118
384	-236.6573	-404.8743	168.2171	0.01394593	4.276721
390	-236.843	-404.2772	167.4343	0.3318348	4.538939
396	-237.9677	-407.0145	169.0468	0.3318348	3.619491
402	-233.0318	-399.5032	166.4715	0.7343116	4.852508
408	-226.5643	-393.3221	166.7578	0.7149902	4.703411
414	-229.9306	-396.9904	167.0598	0.4129479	4.703411
420	-230.7821	-399.0089	168.2268	0.4548075	4.020521
426	-248.5174	-416.5008	167.9834	0.0356683	4.396494
432	-228.7189	-396.7017	167.9828	0.0362861	4.396494
438	-255.7105	-421.7985	166.088	0.4803621	5.206407
444	-239.2074	-405.4674	166.26	0.5633518	5.065165
450	-236.794	-406.1836	169.3896	0.5725577	3.278187
456	-228.0237	-395.4444	167.4207	0.3533117	4.534485
462	-242.0336	-411.8278	169.7941	0.3399036	3.176506
468	-227.3149	-393.3298	166.0149	0.140069	5.434555
474	-232.6871	-400.3684	167.6813	0.4872087	4.312092
480	-224.6109	-391.2675	166.6566	0.3566206	4.959721
486	-235.9151	-402.7313	166.8162	0.6636549	4.699418
492	-229.5862	-397.847	168.2609	0.3799833	4.043816
498	-224.4981	-392.7924	168.2943	0.1935161	4.131017
504	-227.284	-395.1863	167.9022	0.5855425	4.131017
510	-228.2015	-397.3684	169.1669	0.3955199	3.512618
516	-223.7872	-392.2543	168.4672	0.7958246	3.686477
522	-233.9394	-401.4647	167.5254	0.5485912	4.365526
528	-213.7873	-380.9348	167.1475	0.3491713	4.69005
534	-232.009	-400.5763	168.5673	0.3973861	3.858435
540	-229.9047	-397.7337	167.8291	0.2349608	4.371137
546	-228.1311	-396.5204	168.3894	0.3510316	3.986962
552	-234.0633	-401.938	167.8747	0.05561926	4.446536
558	-225.3959	-392.1335	166.7375	0.03601942	5.092776
564	-242.0028	-408.866	166.8632	0.3399773	4.853921
570	-225.6112	-392.5734	166.9622	0.07029971	4.948984
576	-228.4261	-394.8029	166.3768	0.2098435	5.196294
582	-228.7613	-397.2228	168.4615	0.06790603	4.107308
588	-214.4356	-383.0669	168.6313	0.3235887	3.864067
594	-235.6184	-404.5664	168.948	0.006833229	3.864067
600	-223.8195	-390.6815	166.862	0.1791479	4.944166
606	-218.4411	-387.0809	168.6398	0.3172673	3.862789
612	-211.5973	-379.1404	167.543	0.4463802	4.413237
618	-219.8713	-386.624	166.7527	0.4789521	4.838064
624	-227.338	-394.7301	167.3921	0.4365456	4.503783
630	-234.6084	-401.7764	167.168	0.3061641	4.70263
636	-224.7104	-393.4688	168.7584	0.5056114	3.68592
642	-229.3678	-396.9662	167.5984	0.5056114	4.348566
648	-226.7982	-394.6548	167.8566	0.2473641	4.348566
654	-230.9442	-399.0442	168.1	0.4181364	4.113745
660	-225.1887	-392.6989	167.5102	0.4181364	4.44764
666	-228.6147	-398.1348	169.5201	0.4180874	3.292336
672	-232.9936	-400.6017	167.6081	0.2346576	4.495862
678	-238.3353	-405.0365	166.7012	0.311195	4.960169
684	-223.1831	-391.8416	168.6585	0.4291588	3.787703
690	-222.2384	-389.7427	167.5043	0.4291588	4.444753
696	-229.1967	-396.3995	167.2029	1.338572	4.100477
702	-225.7845	-392.6417	166.8572	0.2036606	4.933203
708	-225.5651	-394.0228	168.4576	0.5707145	3.821826
714	-222.5759	-390.0607	167.4849	0.5707145	4.375895
720	-223.6606	-390.9855	167.325	0.1216421	4.718041
726	-226.4475	-393.5569	167.1094	0.514706	4.618664
732	-234.6444	-402.9756	168.3312	0.349585	4.020994
738	-230.5149	-398.0243	167.5095	0.5030967	4.400183
744	-241.307	-407.2312	165.9242	0.426507	5.326652
750	-236.2847	-405.139	168.8543	0.7929622	3.463068
756	-224.3875	-391.8929	167.5054	0.2328445	4.554609
762	-218.0391	-386.7495	168.7105	0.2249476	3.875235
768	-223.9986	-391.3059	167.3073	0.1971337	4.68567
774	-230.8399	-399.7054	168.8655	0.3251217	3.728329
780	-236.9903	-405.11	168.1196	0.7896281	3.890243
786	-239.7682	-408.7397	168.9716	0.2468065	3.712275
792	-236.9163	-403.7953	166.879	0.3692996	4.828788
798	-231.0736	-398.5695	167.4959	0.0349714	4.670877
804	-231.9672	-399.9284	167.9612	0.09113303	4.377735
810	-223.6831	-392.8524	169.1693	0.1089189	3.677678
816	-233.0577	-402.5863	169.5285	0.092983	3.478132
822	-224.2213	-391.5633	167.342	0.4060486	4.54908
828	-227.9084	-395.692	167.7835	0.3775293	4.316317
834	-230.0088	-398.0552	168.0464	0.1117675	4.317944
840	-223.3281	-390.4234	167.0953	0.3768219	4.703764
846	-216.7027	-385.4815	168.7788	0.2966193	3.794749
852	-222.5144	-390.465	167.9506	0.09615996	4.380867
858	-227.1577	-395.1157	167.958	0.08882272	4.380867
864	-212.4349	-380.3381	167.9032	0.1436176	4.380867
870	-215.572	-383.6339	168.0619	0.1120499	4.309025
876	-223.3915	-391.3667	167.9752	0.1987361	4.309025
882	-218.9475	-386.2626	167.3151	0.2805425	4.634599
888	-230.1428	-396.3081	166.1653	0.4732247	5.167574
894	-234.7499	-401.2357	166.4859	0.1475144	5.170423
900	-231.869	-399.7665	167.8975	0.9135393	3.946535
906	-226.6304	-393.6505	167.0201	0.5508225	4.648441
912	-239.9788	-407.19	167.2111	0.2083656	4.7332
918	-250.6692	-418.4152	167.746	0.7298043	4.137826
924	-236.3796	-403.7767	167.3971	0.4292383	4.505101
930	-237.9671	-404.1392	166.1722	0.4292383	5.188131
936	-232.2451	-400.4648	168.2197	0.2534455	4.139333
942	-238.2146	-403.9115	165.6969	0.797824	5.24714
948	-221.9936	-390.582	168.5884	0.2744476	3.916868
954	-225.5268	-394.2676	168.7407	0.1221041	3.916868
960	-230.3203	-399.0321	168.7118	0.2634203	3.852359
966	-228.4133	-397.9457	169.5324	0.2573697	3.379659
972	-240.3511	-407.0392	166.6881	0.5005983	4.861993
978	-225.0137	-394.2732	169.2595	0.455615	3.423392
984	-233.0492	-396.443	163.3938	0.6652435	6.578004
990	-222.5154	-386.9417	164.4263	0.6044573	6.050322
996	-223.6688	-390.9113	167.2425	0.5955	4.498508
1002	-226.6299	-394.0234	167.3935	0.178695	4.647708
1008	-226.3588	-394.4322	168.0734	0.3767843	4.152382
1014	-220.9043	-388.5473	167.643	0.6080091	4.265429
1020	-226.7153	-395.5556	168.8403	0.3151287	3.748616
1026	-229.0028	-397.1657	168.1629	0.2167461	4.192451
1032	-244.2004	-411.9699	167.7695	0.4220025	4.299101
1038	-237.7449	-406.6677	168.9228	0.4220025	3.639107
1044	-228.0535	-394.6004	166.5469	0.5613782	4.906832
1050	-221.0745	-387.9914	166.9169	0.3698012	4.807369
1056	-223.0829	-389.9998	166.9169	0.3698012	4.807369
1062	-228.7198	-396.2101	167.4903	0.5118495	4.406052
1068	-227.9265	-396.6194	168.6929	0.1403405	3.93382
1074	-228.9699	-397.9081	168.9382	0.7943592	3.413164
1080	-220.3547	-388.5	168.1453	0.2260993	4.197116
1086	-230.5403	-399.035	168.4946	0.06852112	4.088115
1092	-231.1004	-398.3704	167.27	0.356707	4.617188
1098	-237.0787	-405.3269	168.2482	0.356707	4.064318
1104	-223.8593	-392.3672	168.5078	0.3127728	3.941063
1110	-234.5092	-402.3966	167.8874	0.3122567	4.294457
1116	-224.0396	-392.6377	168.5981	0.2668193	3.915676
1122	-238.7418	-408.0043	169.2625	0.9480211	3.131053
1128	-224.1143	-392.6458	168.5314	0.3581907	3.901511
1134	-236.721	-404.5767	167.8557	0.4312244	4.245065
1140	-227.5507	-396.3051	168.7544	0.1408669	3.898273
1146	-228.5081	-397.7202	169.2121	0.07442928	3.672875
1152	-225.7186	-392.9857	167.2671	0.3906069	4.599795
1158	-226.1931	-395.3522	169.1591	0.0487253	3.718383
1164	-228.057	-395.2154	167.1583	0.3071549	4.707464
1170	-227.4302	-395.067	167.6367	0.2152196	4.490665
1176	-243.584	-407.3345	163.7505	0.5695722	6.436594
1182	-226.6653	-394.2863	167.621	0.5591616	4.305524
1188	-224.972	-394.4634	169.4914	0.4320595	3.301027
1194	-224.0552	-392.5589	168.5037	0.2576518	3.974992
1200	-214.4744	-382.2865	167.8121	0.2576518	4.367892
1206	-214.6603	-383.5418	168.8815	0.1938209	3.794785
1212	-228.7228	-397.778	169.0552	0.7519275	3.369452
1218	-221.0226	-390.51	169.4874	0.2213292	3.42713
1224	-215.8212	-385.4619	169.6407	0.1756415	3.36407
1230	-229.071	-396.667	167.596	0.8335966	4.164085
1236	-229.2577	-397.6395	168.3818	0.8181308	3.72293
1242	-219.6261	-388.4832	168.8571	0.600123	3.57385
1248	-219.4415	-385.6679	166.2264	0.2317463	5.267327
1254	-217.6696	-386.2693	168.5997	0.09641036	4.012283
1260	-231.5226	-398.1922	166.6697	0.09641036	5.096918
1266	-238.6039	-407.2342	168.6303	0.2439321	3.910365
1272	-229.0041	-395.5748	166.5707	0.166988	5.112659
1278	-228.762	-395.5148	166.7529	0.1887426	4.999503
1284	-222.4206	-389.7964	167.3758	0.7221322	4.352005
1290	-230.9836	-397.3576	166.374	0.4014619	5.091736
1296	-235.0423	-404.4028	169.3605	0.2446249	3.487681
1302	-235.6146	-401.9763	166.3617	0.1084077	5.26073
1308	-233.3251	-399.4931	166.168	0.296665	5.263737
1314	-242.4227	-405.9954	163.5727	0.6097151	6.511183
1320	-252.1779	-420.3749	168.197	0.8549732	3.808245
1326	-243.3698	-411.7705	168.4007	0.3598765	3.975408
1332	-232.4511	-399.25	166.7989	0.2256038	4.953431
1338	-222.2117	-387.8246	165.6129	0.4290297	5.496765
1344	-230.2067	-398.1746	167.9679	0.6322293	4.067055
1350	-237.8842	-405.1623	167.2781	0.2608179	4.666347
1356	-240.955	-409.1821	168.2272	0.7268101	3.864578
1362	-227.0844	-394.139	167.0546	0.4306001	4.69643
1368	-232.5868	-400.9552	168.3684	0.9259332	3.668373
1374	-224.3468	-390.7301	166.3833	0.6940998	4.923975
1380	-225.528	-391.8385	166.3105	0.2753862	5.196723
1386	-231.159	-399.6676	168.5086	0.5481911	3.80546
1392	-223.9327	-391.5272	167.5946	0.6547234	4.266382
1398	-225.9927	-394.917	168.9243	0.4445285	3.625205
1404	-225.266	-392.576	167.31	0.3567513	4.594727
1410	-237.2751	-404.4839	167.2089	0.1072879	4.790923
1416	-233.8485	-401.7273	167.8788	0.3099259	4.300666
1422	-231.0938	-397.9115	166.8177	0.1142295	5.00487
1428	-234.3596	-402.2133	167.8537	0.1142295	4.425357
1434	-219.7058	-388.5768	168.8709	0.3515596	3.709893
1440	-224.7945	-392.7555	167.9611	0.1857551	4.32436
1446	-225.3643	-392.9221	167.5579	0.5889681	4.32436
1452	-234.811	-401.9193	167.1083	0.02426239	4.893309
1458	-237.4552	-405.6027	168.1475	0.5282338	4.0239
1464	-233.8456	-402.8516	169.006	0.4530834	3.572772
1470	-228.9128	-396.9482	168.0354	0.1749685	4.288405
1476	-229.5368	-396.2775	166.7407	0.1749685	5.01394
1482	-233.6993	-402.3551	168.6558	0.1384133	3.956149
1488	-223.9223	-392.7116	168.7893	0.1129155	3.894274
1494	-222.8907	-389.693	166.8023	0.3846981	4.862973
1500	-235.0507	-400.9475	165.8968	0.4082353	5.351833
1506	-237.8236	-404.4837	166.6601	0.2561495	5.013587
1512	-229.5204	-396.1806	166.6601	0.2561495	5.013587
1518	-231.3129	-397.8533	166.5404	0.6301216	4.872153
1524	-230.4253	-398.391	167.9657	0.330677	4.2397
1530	-233.0229	-402.3877	169.3647	0.2662242	3.472607
1536	-225.2331	-393.1436	167.9105	0.4063801	4.228089
1542	-232.4149	-401.0311	168.6161	0.3376381	3.864693
1548	-232.9847	-399.5389	166.5542	0.1721687	5.118925
1554	-233.9695	-401.9271	167.9576	0.6599651	4.057093
1560	-240.6373	-406.0324	165.3951	0.4066857	5.628694
1566	-234.6703	-402.1401	167.4699	0.1749111	4.607042
1572	-235.1833	-402.2489	167.0657	0.4745433	4.665655
1578	-225.3843	-393.9082	168.5239	0.4745433	3.839048
1584	-225.3555	-391.9922	166.6367	0.09645287	5.115143
1590	-228.1202	-394.2813	166.1611	0.4503707	5.182553
1596	-223.3982	-393.534	170.1358	0.6263179	2.799232
1602	-226.6289	-395.4512	168.8223	0.5562307	3.619577
1608	-230.9664	-399.2332	168.2668	0.2222146	4.130296
1614	-214.5951	-383.175	168.5799	0.0877325	4.028509
1620	-230.0658	-398.6334	168.5676	0.5864908	3.749419
1626	-218.5771	-388.0889	169.5118	0.5864908	3.197728
1632	-226.621	-392.7681	166.1471	0.5640555	5.127356
1638	-219.6738	-388.078	168.4042	0.1392224	4.099345
1644	-225.4676	-391.891	166.4234	0.07925238	5.24275
1650	-228.269	-396.0366	167.7676	0.2474355	4.398813
1656	-222.5663	-390.381	167.8146	0.2003577	4.398813
1662	-227.5105	-395.4177	167.9072	0.4050419	4.230701
1668	-225.0091	-391.8355	166.8263	0.4050419	4.838229
1674	-228.7992	-397.2388	168.4396	0.5777904	3.82813
1680	-226.0047	-395.1642	169.1595	0.769674	3.29767
1686	-230.3731	-397.8227	167.4496	0.7292064	4.306284
1692	-229.6182	-397.8052	168.1871	0.2979638	4.132584
1698	-222.173	-389.8174	167.6444	0.2854704	4.44679
1704	-216.6219	-384.4877	167.8658	0.2448604	4.344805
1710	-219.5651	-387.3586	167.7935	0.1484723	4.439996
1716	-227.7175	-396.0322	168.3146	0.01443521	4.221155
1722	-235.964	-403.9085	167.9445	0.06952203	4.399374
1728	-232.8592	-401.4839	168.6246	0.3850031	3.832587
1734	-232.4002	-398.3077	165.9075	0.3048481	5.402915
1740	-249.2889	-415.8197	166.5308	0.3635465	5.025746
1746	-245.8734	-413.0867	167.2133	0.188829	4.742923
1752	-242.3264	-410.3199	167.9936	0.188829	4.304252
1758	-238.3336	-405.0524	166.7189	0.188829	5.018343
1764	-242.4259	-410.4502	168.0243	0.4877222	4.117192
1770	-252.8382	-420.8655	168.0273	0.1937057	4.282391
1776	-246.0135	-413.2257	167.2122	0.6799523	4.468057
1782	-247.8275	-416.6736	168.846	0.2529543	3.781159
1788	-238.3594	-406.273	167.9136	0.1070795	4.395591
1794	-233.4516	-401.4608	168.0091	0.3765441	4.189037
1800	-230.7369	-398.4428	167.7059	0.7768014	4.133878
1806	-234.2475	-401.5024	167.2549	0.5198596	4.53405
1812	-240.0434	-407.5599	167.5165	0.3189073	4.499953
1818	-231.8561	-399.3553	167.4993	0.3361828	4.499953
1824	-231.1289	-400.267	169.1381	0.1059465	3.697414
1830	-227.9748	-397.0044	169.0296	0.2229933	3.692511
1836	-229.6632	-398.3906	168.7274	0.1527276	3.906937
1842	-230.8622	-399.2898	168.4277	0.04372728	4.140326
1848	-223.667	-390.4028	166.7358	0.06065169	5.080076
1854	-232.8404	-399.2185	166.378	0.5743521	4.993518
1860	-242.2118	-409.532	167.3202	0.4754609	4.522347
1866	-245.6215	-411.7873	166.1658	0.5699614	5.113708
1872	-226.7046	-395.2311	168.5264	0.1569428	4.01953
1878	-229.7375	-397.3805	167.6431	0.1508652	4.523294
1884	-232.24	-399.7527	167.5126	0.6021155	4.342489
1890	-233.1391	-401.211	168.0719	0.1520982	4.280678
1896	-238.0589	-403.6985	165.6397	0.278072	5.565023
1902	-233.9376	-403.4099	169.4723	0.03875904	3.542559
1908	-223.0862	-391.3488	168.2626	0.2550495	4.11403
1914	-230.1077	-398.1065	167.9988	0.4617696	4.146508
1920	-221.7934	-391.3933	169.5999	0.4437737	3.230055
1926	-222.3647	-392.0008	169.6361	0.0691381	3.429205
1932	-215.0386	-383.9117	168.873	0.1030707	3.851875
1938	-216.5679	-385.0781	168.5102	0.05400666	4.087521
1944	-241.8144	-409.266	167.4516	0.07584969	4.672784
1950	-239.5123	-406.3933	166.8809	0.4310845	4.793238
1956	-236.8389	-404.5674	167.7286	0.4012684	4.333954
1962	-234.1704	-402.2612	168.0908	0.387598	4.136341
1968	-234.678	-402.3542	167.6762	0.3388099	4.398817
1974	-245.8918	-413.9684	168.0767	0.4518696	4.107829
1980	-234.9982	-402.0241	167.026	0.621186	4.605704
1986	-240.0565	-407.1719	167.1154	0.5317828	4.605704
1992	-230.4905	-398.1231	167.6326	0.2637725	4.465683
1998	-248.1785	-417.7238	169.5453	0.5272619	3.212945
2004	-234.6831	-402.2782	167.5951	0.1611737	4.544441
2010	-227.8462	-395.552	167.7058	0.05052333	4.544441
2016	-239.3474	-407.872	168.5246	0.247846	3.96861
2022	-224.4434	-392.72	168.2767	0.3577138	4.047496
2028	-237.909	-405.9787	168.0698	0.3522488	4.16839
2034	-224.2784	-391.4223	167.1439	0.3685994	4.681168
2040	-236.5407	-403.9421	167.4014	0.5288534	4.446606
2046	-228.0983	-394.4165	166.3182	0.2404659	5.21178
2052	-224.5851	-392.8945	168.3094	0.1429339	4.151181
2058	-235.0247	-403.2994	168.2748	0.1775471	4.151181
2064	-238.3562	-402.7958	164.4396	0.858728	5.904312
2070	-238.3596	-407.344	168.9844	1.372889	3.043493
2076	-227.8508	-395.6307	167.78	0.2750333	4.376232
2082	-238.7758	-406.9199	168.1441	0.3966369	4.100863
2088	-243.1726	-410.8919	167.7193	0.8154015	4.104318
2094	-239.6971	-404.9416	165.2445	0.4496099	5.687742
2100	-245.8497	-412.6782	166.8285	0.4247462	4.82603
2106	-243.0149	-408.8312	165.8163	0.05511934	5.590472
2112	-230.122	-397.2561	167.1341	0.1969111	4.782608
2118	-242.2754	-409.0027	166.7273	0.3586524	4.919233
2124	-236.6149	-403.5123	166.8974	0.06506697	4.987919
2130	-238.8614	-405.2837	166.4224	0.2410854	5.153776
2136	-231.3385	-399.0113	167.6728	0.01795851	4.581226
2142	-225.7917	-393.0774	167.2857	0.405141	4.581226
2148	-234.335	-401.1183	166.7833	0.1488369	5.004765
2154	-238.7651	-405.5318	166.7667	0.520036	4.807351
2160	-235.1686	-401.8246	166.656	0.5185694	4.869891
2166	-233.71	-401.4407	167.7308	0.4803	4.288019
2172	-224.6393	-392.0069	167.3676	0.09558086	4.708782
2178	-216.6802	-385.1871	168.5068	0.05976661	4.086142
2184	-218.4459	-386.8429	168.397	0.5264479	3.882134
2190	-227.7508	-395.8773	168.1265	0.06460501	4.299315
2196	-226.2348	-394.5679	168.3331	0.2168475	4.09561
2202	-225.0614	-391.1018	166.0405	0.6087532	5.161661
2208	-229.2172	-398.1864	168.9691	0.6669947	3.469607
2214	-237.2988	-405.5212	168.2225	1.413653	3.469607
2220	-239.8868	-407.2153	167.3285	0.677012	4.404172
2226	-236.4057	-403.6939	167.2882	0.4406027	4.559874
2232	-236.7508	-404.2599	167.5092	0.3596589	4.481176
2238	-229.2026	-396.8922	167.6896	0.1122113	4.518885
2244	-233.6358	-400.4144	166.7787	0.7030656	4.698394
2250	-222.1155	-390.631	168.5155	0.5136326	3.821379
2256	-218.0529	-385.0085	166.9556	0.1121896	4.929366
2262	-209.5055	-378.2532	168.7476	0.1644288	3.888631
2268	-217.6375	-386.0124	168.3749	0.5652064	3.872549
2274	-218.7161	-385.9119	167.1958	0.1164121	4.793134
2280	-238.1842	-406.9658	168.7816	0.0121872	3.956411
2286	-228.1661	-396.4112	168.2451	0.5486906	3.956411
2292	-219.7391	-387.944	168.2048	0.02349254	4.278246
2298	-221.6268	-390.0219	168.3951	0.144769	4.101356
2304	-220.8214	-388.5299	167.7085	0.4258863	4.331401
2310	-218.0216	-387.4715	169.45	0.2820426	3.413501
2316	-214.6958	-383.9849	169.2892	0.4428456	3.413501
2322	-232.19	-400.6623	168.4723	0.2704724	3.985623
2328	-226.1359	-393.8387	167.7028	0.2444196	4.437032
2334	-235.054	-402.7373	167.6833	0.2733601	4.431719
2340	-233.5354	-400.8461	167.3107	0.03902456	4.772184
2346	-241.5226	-408.7673	167.2447	0.007391179	4.826667
2352	-224.1124	-389.9816	165.8691	0.2935	5.430328
2358	-221.0783	-389.3117	168.2335	0.1098447	4.213075
2364	-238.3713	-405.0236	166.6523	0.6227213	4.813898
2370	-224.8947	-393.8949	169.0002	0.3289531	3.648162
2376	-219.467	-386.6685	167.2015	0.6442386	4.494154
2382	-228.2596	-396.059	167.7995	0.04627115	4.494154
2388	-218.7818	-387.581	168.7993	0.09549924	3.898566
2394	-219.9813	-387.4363	167.455	0.04568395	4.687796
2400	-225.5987	-392.9519	167.3532	0.01409486	4.762353
2406	-222.7983	-391.822	169.0238	0.005516052	3.82128
2412	-222.8359	-392.445	169.609	0.05187366	3.455111
2418	-222.2367	-390.5908	168.3541	0.02889741	4.190586
2424	-231.5248	-400.364	168.8393	0.008827901	3.925324
2430	-224.5804	-393.1525	168.5721	0.2759849	3.925324
2436	-240.0152	-408.2355	168.2204	0.08509703	4.234556
2442	-231.6956	-397.8719	166.1763	0.4203482	5.190753
2448	-240.4502	-408.9207	168.4705	0.520611	3.843227
2454	-227.8223	-395.4449	167.6226	0.3744311	4.408917
2460	-221.2683	-391.5267	170.2585	0.3960273	2.864602
2466	-235.5501	-404.5467	168.9967	0.424155	3.595004
2472	-236.9757	-402.9742	165.9985	0.677243	5.146961
2478	-233.7621	-402.0355	168.2735	0.3359828	4.061717
2484	-230.5588	-399.4701	168.9114	0.4127868	3.651072
2490	-238.8781	-407.3158	168.4378	0.327253	3.972871
2496	-232.7492	-400.2356	167.4863	0.4865284	4.422567
2502	-229.8208	-395.9197	166.099	0.4377133	5.223934
2508	-223.2217	-391.7507	168.529	0.3108289	3.930025
2514	-224.2185	-392.6248	168.4063	0.3108289	4.000239
2520	-237.1421	-405.5196	168.3774	0.1093264	4.13159
2526	-243.2892	-411.615	168.3258	0.3003966	4.05218
2532	-237.2657	-405.4061	168.1404	0.1325095	4.252992
2538	-239.5865	-406.2318	166.6453	0.05391703	5.133982
2544	-234.2454	-403.1527	168.9073	0.4149609	3.65219
2550	-229.9641	-398.4758	168.5117	0.2816199	3.95668
2556	-239.4177	-407.0455	167.6278	0.6622936	4.243269
2562	-239.4448	-407.4199	167.9752	0.3149251	4.243269
2568	-220.9561	-389.2188	168.2627	0.02737197	4.243269
2574	-224.6744	-394.0479	169.3736	0.04184686	3.598146
2580	-225.0706	-394.6531	169.5825	0.2246049	3.369463
2586	-223.7922	-393.4293	169.6371	1.11347	2.806312
2592	-230.8437	-399.7622	168.9185	0.8383505	3.398964
2598	-233.1536	-400.566	167.4123	0.2201481	4.613938
2604	-230.3381	-397.7504	167.4123	0.2201481	4.613938
2610	-211.7339	-380.1983	168.4643	0.2266193	4.015206
2616	-227.8627	-395.8057	167.943	0.07681708	4.396113
2622	-218.1628	-386.1575	167.9946	0.07903865	4.365694
2628	-219.6001	-388.8167	169.2166	0.05094113	3.683867
2634	-216.4256	-385.1922	168.7667	0.009072698	3.966745
2640	-219.7905	-388.522	168.7314	0.0442986	3.966745
2646	-220.3754	-389.5252	169.1497	0.01988853	3.740431
2652	-220.9669	-388.0071	167.0403	0.3820936	4.731599
2658	-224.8634	-393.0574	168.1939	0.1677632	4.202644
2664	-224.9931	-393.9988	169.0057	0.1972297	3.721182
2670	-230.0895	-398.8779	168.7884	0.4108363	3.723313
2676	-228.9151	-395.952	167.0369	0.1482751	4.864003
2682	-230.3595	-397.9586	167.5991	0.2312722	4.502809
2688	-239.5796	-407.9276	168.348	0.5686295	3.886029
2694	-232.2815	-399.829	167.5474	0.5686295	4.341753
2700	-234.5147	-403.2684	168.7537	0.3795806	3.761424
2706	-223.6295	-390.0507	166.4212	0.02097601	5.276164
2712	-224.6354	-392.5168	167.8814	0.4880127	4.198297
2718	-243.4954	-409.4986	166.0032	0.3943334	5.300796
2724	-239.4771	-407.9487	168.4716	0.1280579	4.067312
2730	-226.9726	-395.2635	168.2909	0.3087484	4.067312
2736	-234.51	-403.4333	168.9233	0.2959687	3.711767
2742	-230.3729	-399.327	168.9541	0.03893683	3.842138
2748	-228.4182	-396.5781	168.1599	0.2543023	4.172854
2754	-238.1132	-406.896	168.7827	0.06258301	3.926913
2760	-242.381	-410.5199	168.1389	0.267026	4.177538
2766	-225.9502	-394.4037	168.4535	0.4971473	3.866488
2772	-229.1153	-398.4013	169.286	0.8371176	3.182969
2778	-227.0988	-394.507	167.4083	0.4693627	4.476213
2784	-231.9168	-398.963	167.0462	0.4321117	4.700298
2790	-230.5303	-398.2484	167.7181	0.7334685	4.15163
2796	-234.1727	-404.146	169.9733	0.7312999	2.834217
2802	-227.4487	-397.1736	169.7249	0.9413149	2.857515
2808	-227.188	-397.234	170.046	0.1871988	3.117595
2814	-229.1036	-398.827	169.7234	0.5262532	3.107749
2820	-233.4187	-400.8763	167.4576	0.5791672	4.386514
2826	-234.5668	-402.9133	168.3464	0.8075281	3.749463
2832	-231.6814	-399.411	167.7296	0.2972275	4.392141
2838	-240.7607	-408.5474	167.7868	0.2400357	4.392141
2844	-231.1876	-400.5894	169.4018	0.1742105	3.504664
2850	-238.5141	-404.963	166.449	0.8023182	4.827132
2856	-245.138	-413.303	168.165	0.4524673	4.057135
2862	-237.6564	-404.5323	166.8759	0.2928007	4.873162
2868	-231.5252	-399.6003	168.0751	0.2539914	4.221131
2874	-236.415	-403.6084	167.1934	0.344722	4.666819
2880	-226.4345	-393.587	167.1525	0.2921974	4.719113
2886	-233.3585	-399.0525	165.694	0.7373737	5.282117
2892	-252.5784	-420.6899	168.1114	0.2680942	4.192531
2898	-238.3623	-406.5894	168.2271	0.1524435	4.192531
2904	-225.5861	-395.2828	169.6967	0.03800972	3.411937
2910	-223.7394	-392.7482	169.0088	0.3271112	3.644259
2916	-227.4215	-396.4422	169.0207	0.3152497	3.644259
2922	-237.4088	-405.617	168.2082	0.3834959	4.071851
2928	-240.4758	-408.2497	167.7739	0.2008316	4.421513
2934	-229.7021	-397.6145	167.9124	0.02461723	4.442769
2940	-248.8979	-415.7506	166.8527	0.07949203	5.004763
2946	-238.0195	-406.136	168.1165	0.2188484	4.217626
2952	-229.412	-398.3711	168.9591	0.05565691	3.829661
2958	-228.2352	-397.1755	168.9403	0.8172509	3.398533
2964	-235.6612	-403.3685	167.7073	0.3194374	4.392181
2970	-232.5357	-399.126	166.5903	0.1964145	5.08547
2976	-230.381	-398.9566	168.5757	0.2916467	3.914304
2982	-238.56	-407.3205	168.7605	0.1067892	3.914304
2988	-230.5575	-399.3965	168.8391	0.02825018	3.914304
2994	-228.2202	-397.0387	168.8186	0.04875025	3.914304
3000	-226.9887	-395.753	168.7643	0.103017	3.914304
3006	-229.5483	-396.9954	167.4471	0.2045427	4.603189
3012	-215.9299	-385.4934	169.5635	0.3398362	3.312864
3018	-225.0329	-392.7347	167.7018	0.597162	4.238249
3024	-226.4908	-394.1394	167.6487	0.2124001	4.485531
3030	-225.1979	-391.7031	166.5052	0.1627115	5.151299
3036	-223.3501	-392.8209	169.4708	0.07126742	3.524464
3042	-230.8296	-396.9441	166.1145	0.5473743	5.154647
3048	-236.7501	-403.6045	166.8544	0.5473743	4.743083
3054	-234.373	-399.6625	165.2895	0.5473743	5.609451
3060	-232.5399	-401.1634	168.6235	0.1743949	3.954089
3066	-229.469	-397.7849	168.3159	0.2650888	4.077954
3072	-236.7462	-405.2236	168.4774	0.8308273	3.660302
3078	-247.9852	-416.15	168.1648	0.07755875	4.270292
3084	-244.6757	-411.9177	167.2419	0.07209638	4.792121
3090	-244.4671	-410.9494	166.4823	0.2083605	5.138711
3096	-253.0229	-419.5052	166.4823	0.2083605	5.138711
3102	-236.6466	-405.4229	168.7763	0.2503878	3.822774
3108	-251.0211	-416.913	165.8919	0.2503878	5.441533
3114	-234.3768	-402.7469	168.3702	0.1145204	4.132774
3120	-229.241	-396.8834	167.6424	0.2404656	4.473268
3126	-232.8587	-400.6693	167.8105	0.3734356	4.303349
3132	-236.7453	-404.7451	167.9998	0.4215415	4.168761
3138	-235.5646	-402.6717	167.1072	0.0237079	4.894242
3144	-224.0566	-392.0117	167.9551	0.4131636	4.19891
3150	-223.4093	-391.7103	168.301	0.5422498	3.928102
3156	-235.2539	-402.3195	167.0656	0.3822668	4.71732
3162	-222.6583	-388.7137	166.0554	0.3767853	5.28168
3168	-222.8392	-390.7381	167.8988	0.4549258	4.20717
3174	-222.6147	-390.069	167.4543	0.1940547	4.605023
3180	-233.8757	-402.6889	168.8132	0.2789514	3.78513
3186	-232.1362	-401.2363	169.1001	0.4073454	3.544608
3192	-230.2945	-397.9822	167.6877	0.5400766	4.278552
3198	-233.1806	-400.948	167.7674	0.2721285	4.384985
3204	-226.2502	-393.8105	167.5603	0.01400158	4.646548
3210	-227.3146	-394.5028	167.1882	0.003033676	4.860622
3216	-231.7451	-398.9339	167.1887	0.002484345	4.860622
3222	-229.1502	-398.1549	169.0047	0.005864787	3.832057
3228	-229.4315	-398.1375	168.7061	0.02541337	3.992057
3234	-216.9535	-384.2917	167.3382	0.2755142	4.624454
3240	-228.8642	-395.6053	166.7411	0.06559851	5.074411
3246	-218.6163	-387.262	168.6458	0.1490209	3.95584
3252	-230.8481	-399.3641	168.516	0.1402599	4.035016
3258	-222.9217	-392.7634	169.8417	0.04640047	3.321842
3264	-224.5762	-394.0013	169.4252	0.09881081	3.53502
3270	-224.9678	-393.6707	168.7029	0.2892865	3.842623
3276	-221.8405	-390.7612	168.9207	0.07151595	3.842623
3282	-225.1723	-394.6479	169.4756	0.6689829	3.170277
3288	-231.2277	-400.8085	169.5809	0.9385417	2.946197
3294	-223.8644	-391.9157	168.0512	0.3269327	4.193297
3300	-228.1498	-397.1182	168.9684	0.2903244	3.688963
3306	-217.9274	-385.7329	167.8055	0.2198156	4.392975
3312	-235.0236	-402.0603	167.0366	0.2114465	4.828903
3318	-243.5928	-411.0287	167.4359	0.02572993	4.709637
3324	-239.6414	-406.9033	167.2619	0.04436195	4.796452
3330	-240.9977	-407.9986	167.0009	0.1272077	4.895771
3336	-240.0933	-407.3946	167.3013	0.4075973	4.571064
3342	-236.5814	-404.9898	168.4084	0.9365184	3.639049
3348	-236.9631	-404.2841	167.321	0.9365184	4.261725
3354	-232.547	-398.4385	165.8915	0.31572	5.40577
3360	-229.4299	-397.1887	167.7587	0.3345779	4.354599
3366	-231.407	-400.6954	169.2884	0.3345232	3.477305
3372	-235.7831	-403.7101	167.927	0.8095822	3.989134
3378	-240.1775	-408.0365	167.8591	0.3423734	4.293475
3384	-236.5916	-404.4905	167.8989	0.30253	4.293475
3390	-231.3912	-399.2867	167.8955	0.305925	4.293475
3396	-227.0912	-394.3385	167.2473	0.2073443	4.713552
3402	-230.6269	-397.8495	167.2226	0.07828036	4.799456
3408	-227.3653	-395.939	168.5737	0.3174718	3.90062
3414	-227.3808	-395.6992	168.3184	0.4082913	3.994802
3420	-226.8612	-396.3693	169.5081	0.6620339	3.15509
3426	-223.4155	-392.113	168.6975	0.1776877	3.909783
3432	-226.4948	-394.9386	168.4438	0.07715796	4.112159
3438	-234.3683	-402.8166	168.4483	0.2184072	4.029072
3444	-230.2739	-398.0446	167.7707	0.4465037	4.284536
3450	-224.4046	-392.4751	168.0704	0.01256722	4.360424
3456	-224.6553	-392.7194	168.064	0.01898689	4.360424
3462	-223.6252	-393.0736	169.4484	0.01924905	3.567793
3468	-232.3887	-400.1742	167.7855	0.4063188	4.298921
3474	-227.6665	-394.5619	166.8955	0.3054739	4.855199
3480	-232.8431	-401.2686	168.4255	0.4981045	3.882001
3486	-231.9764	-398.8514	166.875	0.2140334	4.917531
3492	-231.4348	-400.1697	168.7349	0.4324324	3.741746
3498	-227.7539	-396.9883	169.2344	0.07158114	3.661602
3504	-231.8806	-396.5468	164.6662	0.8893142	5.763667
3510	-222.3681	-390.7996	168.4315	0.1343933	4.086557
3516	-229.5179	-398.334	168.8161	0.1175772	3.876235
3522	-239.497	-406.558	167.061	0.06549053	4.896652
3528	-233.277	-400.7519	167.4749	0.4259152	4.463136
3534	-230.286	-396.3141	166.0281	0.2101508	5.388674
3540	-218.7782	-387.2316	168.4534	0.314736	3.971099
3546	-217.0582	-385.734	168.6758	0.05404327	3.992989
3552	-233.0057	-400.1474	167.1417	0.7448302	4.471216
3558	-233.0318	-400.2434	167.2115	0.5824578	4.523267
3564	-237.7975	-404.5834	166.7859	0.6552647	4.721082
3570	-241.3602	-409.2958	167.9356	0.06876212	4.404828
3576	-241.3406	-409.7362	168.3956	0.04250403	4.159263
3582	-243.9598	-413.4614	169.5016	0.3145747	3.364169
3588	-236.6365	-404.3105	167.674	0.6082238	4.247736
3594	-236.889	-405.0808	168.1918	0.2606379	4.151103
3600	-233.6105	-400.1248	166.5143	0.5490292	4.931817
3606	-229.8233	-396.385	166.5618	0.5016031	4.931817
3612	-237.7289	-404.0374	166.3085	0.3942974	5.132004
3618	-228.0818	-395.2235	167.1417	0.2068283	4.772867
3624	-225.7954	-394.6249	168.8295	0.2274812	3.805375
3630	-227.0488	-395.6114	168.5626	0.2713729	3.933411
3636	-233.8963	-402.2732	168.3768	0.1195419	4.126135
3642	-238.9821	-408.0185	169.0364	0.04846101	3.789313
3648	-232.9141	-400.0862	167.1721	0.1126005	4.808498
3654	-235.8292	-403.3589	167.5297	0.5281411	4.374639
3660	-240.4544	-406.4943	166.0398	0.2362556	5.367817
3666	-234.9587	-401.2938	166.3352	0.3281299	5.153868
3672	-231.1725	-399.5023	168.3298	0.1147322	4.155616
3678	-233.4623	-400.6435	167.1812	0.2668838	4.717193
3684	-233.5456	-400.9534	167.4078	0.1751826	4.64168
3690	-220.5556	-387.7306	167.175	0.4588631	4.613182
3696	-216.149	-384.153	168.0041	0.5295874	4.104906
3702	-212.9404	-381.2553	168.3149	0.1022805	4.171161
3708	-214.6242	-384.4815	169.8573	0.4808565	3.054922
3714	-217.5246	-384.8051	167.2805	0.0138093	4.803106
3720	-242.9757	-410.9801	168.0044	0.02622315	4.390021
3726	-228.0881	-396.5148	168.4267	0.08773399	4.115836
3732	-234.4185	-404.1774	169.7588	0.02223914	3.384755
3738	-225.354	-392.8029	167.4489	0.009293989	4.711546
3744	-219.9506	-386.1042	166.1536	0.1739547	5.339422
3750	-224.6383	-393.7054	169.0671	0.1228739	3.72867
3756	-222.4352	-391.3586	168.9235	0.08288144	3.834492
3762	-230.0899	-397.7644	167.6746	0.3515292	4.392555
3768	-230.7027	-397.5022	166.7995	0.2531237	4.937776
3774	-228.4854	-395.4874	167.002	0.1873539	4.861651
3780	-230.2949	-399.2139	168.919	0.5750761	3.552398
3786	-239.291	-405.708	166.417	0.1190796	5.224235
3792	-232.3624	-400.4764	168.114	0.2746538	4.187348
3798	-223.0411	-389.9362	166.8951	0.217234	4.904572
3804	-220.8429	-389.8806	169.0377	0.3241859	3.629226
3810	-236.0453	-404.4301	168.3848	0.4888469	3.910685
3816	-233.9326	-401.2993	167.3668	0.4888469	4.488592
3822	-219.0795	-387.0901	168.0106	0.1603692	4.310705
3828	-220.697	-388.7526	168.0556	0.1153259	4.310705
3834	-223.5922	-391.3114	167.7192	0.3206429	4.384777
3840	-216.4455	-385.0337	168.5882	0.08238297	4.02682
3846	-216.6415	-383.382	166.7405	0.571758	4.793094
3852	-215.939	-384.4261	168.4871	0.2407154	3.994159
3858	-223.7196	-388.9607	165.2411	0.4616004	5.683042
3864	-224.5971	-393.2839	168.6869	0.1737168	3.91816
3870	-210.9628	-379.3972	168.4344	0.1162942	4.095215
3876	-218.768	-387.891	169.123	0.1580007	3.676056
3882	-215.9425	-383.2173	167.2747	0.03853899	4.792532
3888	-212.4934	-380.7703	168.2769	0.1051824	4.191085
3894	-220.7686	-388.159	167.3904	0.03532447	4.72972
3900	-230.6722	-398.6304	167.9582	0.05763867	4.398328
3906	-227.2374	-395.174	167.9365	0.007400105	4.43888
3912	-234.3153	-401.0752	166.7599	0.03025823	5.083574
3918	-250.9658	-418.7793	167.8136	0.1442545	4.431054
3924	-249.3367	-416.4043	167.0676	0.1378194	4.852718
3930	-237.0446	-405.8487	168.8041	0.2812725	3.789011
3936	-232.9633	-401.4325	168.4692	0.2478129	4.000347
3942	-241.6556	-409.4373	167.7817	0.2084855	4.412794
3948	-242.084	-409.7398	167.6558	0.3289308	4.415902
3954	-229.0954	-398.0446	168.9493	0.3287115	3.677809
3960	-232.7425	-401.7685	169.0259	0.3287115	3.633395
3966	-230.8233	-398.5685	167.7452	0.255794	4.40671
3972	-222.957	-390.4296	167.4727	0.09699991	4.649158
3978	-225.3271	-392.5277	167.2006	0.3690381	4.649158
3984	-229.4074	-397.3561	167.9487	0.3454129	4.240981
3990	-234.4965	-402.4452	167.9487	0.3454129	4.240981
3996	-232.3689	-400.6874	168.3185	0.533584	3.923044
4002	-223.8568	-391.2014	167.3446	0.1146203	4.710986
4008	-222.7462	-388.9776	166.2314	1.094375	4.785547
4014	-223.8127	-392.149	168.3363	0.2945512	4.049499
4020	-234.838	-402.3846	167.5466	0.01496774	4.653695
4026	-228.4574	-396.9664	168.509	0.001148929	4.118303
4032	-234.6185	-402.603	167.9845	0.00628253	4.41246
4038	-240.0116	-407.2233	167.2117	0.07983982	4.804672
4044	-249.0244	-414.8716	165.8472	0.2718735	5.454323
4050	-223.1362	-391.261	168.1247	0.3015804	4.165955
4056	-242.7944	-410.7433	167.9489	0.3296938	4.249786
4062	-219.2805	-388.5232	169.2426	0.0580468	3.664674
4068	-216.6058	-385.7803	169.1745	0.1879666	3.628875
4074	-231.9052	-400.9906	169.0854	0.04569138	3.762676
4080	-232.9851	-400.5601	167.575	0.1604117	4.556191
4086	-225.7918	-394.6554	168.8636	0.216024	3.792336
4092	-215.3859	-381.9342	166.5483	0.1464398	5.136469
4098	-223.4692	-390.3243	166.8551	0.1489843	4.964765
4104	-227.971	-395.294	167.3229	0.1131295	4.723931
4110	-233.0571	-399.9323	166.8752	0.1857958	4.933121
4116	-249.7749	-418.575	168.8001	0.218718	3.827289
4122	-224.0098	-393.4909	169.4811	0.009789708	3.554267
4128	-224.5072	-392.8628	168.3556	0.3914288	3.983167
4134	-216.9194	-384.2493	167.3299	0.8078119	4.329513
4140	-218.9562	-387.6769	168.7207	0.3388388	3.803903
4146	-220.3151	-388.8671	168.552	0.5074656	3.803903
4152	-228.4382	-397.4038	168.9655	0.2216084	3.730327
4158	-217.5095	-386.3869	168.8775	0.8190879	3.43427
4164	-224.3825	-392.0075	167.625	1.253816	3.907714
4170	-226.4057	-393.1958	166.7901	0.07437514	5.042327
4176	-230.0914	-396.8887	166.7973	1.243328	4.384341
4182	-232.4353	-400.9468	168.5114	0.3825326	3.899026
4188	-232.8559	-402.0447	169.1888	0.406067	3.493679
4194	-219.1073	-387.8296	168.7223	0.406067	3.764237
4200	-223.7599	-392.087	168.3271	0.5612732	3.902238
4206	-228.8699	-396.3096	167.4397	0.3876821	4.504476
4212	-222.8721	-392.6948	169.8227	0.28241	3.193683
4218	-229.1511	-396.8704	167.7193	0.4193286	4.329011
4224	-239.002	-407.1482	168.1462	0.3595412	4.120821
4230	-239.5786	-407.3283	167.7496	0.3796353	4.334279
4236	-251.9859	-418.4652	166.4793	0.8789224	4.767442
4242	-256.8471	-423.6964	166.8493	0.09303354	4.999129
4248	-243.3865	-410.3456	166.9591	0.09303354	4.938088
4254	-231.1664	-398.3991	167.2327	0.4292549	4.597428
4260	-225.4423	-392.8118	167.3695	0.2924017	4.597428
4266	-233.3167	-400.7117	167.3951	0.2893338	4.584814
4272	-228.3708	-397.2259	168.8552	0.1584028	3.83032
4278	-231.027	-397.612	166.585	0.02224595	5.184898
4284	-224.9331	-394.2509	169.3178	0.1468549	3.569521
4290	-234.3852	-403.4999	169.1147	0.8978307	3.248462
4296	-229.8385	-398.5165	168.6781	0.7081099	3.615119
4302	-223.6043	-392.6853	169.0809	0.2873274	3.625506
4308	-217.8913	-385.6294	167.7382	0.2873274	4.39289
4314	-222.3111	-389.9481	167.637	0.2324509	4.480834
4320	-238.2448	-407.3968	169.1521	0.08784071	3.699837
4326	-232.8463	-400.5673	167.721	0.3761877	4.352388
4332	-236.5837	-405.1987	168.615	0.3052249	3.883928
4338	-244.3829	-410.05	165.667	0.4256357	5.468845
4344	-243.4433	-409.028	165.5847	0.5079127	5.468845
4350	-242.813	-410.048	167.235	0.9806551	4.2854
4356	-234.5599	-403.2947	168.7348	0.6765831	3.6005
4362	-232.5045	-401.3289	168.8244	0.6054525	3.589748
4368	-225.0624	-394.9985	169.9361	0.0467521	3.266021
4374	-232.2607	-399.606	167.3454	0.0467521	4.748484
4380	-237.2835	-405.7593	168.4758	0.001470054	4.137
4386	-228.7771	-397.5427	168.7656	0.00720152	3.968419
4392	-222.405	-390.1487	167.7437	0.01797445	4.541446
4398	-231.1109	-398.7623	167.6514	0.1101911	4.541446
4404	-218.642	-386.4635	167.8215	0.4310556	4.26453
4410	-221.2968	-389.3979	168.1011	0.1514964	4.26453
4416	-226.3395	-394.2374	167.898	0.08418098	4.417335
4422	-234.3125	-401.1367	166.8242	0.3897359	4.847926
4428	-230.7668	-399.1508	168.384	0.5668794	3.866353
4434	-219.194	-387.8352	168.6412	0.4934077	3.760653
4440	-224.676	-393.445	168.769	0.1509358	3.88415
4446	-227.8025	-396.5661	168.7636	0.1340002	3.896929
4452	-222.0977	-390.1681	168.0703	0.05075222	4.338907
4458	-218.0988	-387.4339	169.3351	0.2351803	3.508021
4464	-227.9541	-396.8941	168.94	0.2769494	3.713107
4470	-217.1652	-385.8673	168.7022	0.2613547	3.859103
4476	-217.1778	-386.6193	169.4415	0.1801148	3.478099
4482	-224.5049	-392.2714	167.7666	0.1801148	4.437327
4488	-226.5257	-394.619	168.0933	0.1337679	4.278952
4494	-229.633	-395.3444	165.7114	0.5789931	5.359919
4500	-216.9835	-385.6178	168.6343	0.3975301	3.819812
4506	-216.4623	-385.2205	168.7582	0.2736291	3.819812
4512	-226.0318	-393.2435	167.2117	0.16846	4.755199
4518	-226.3877	-393.4093	167.0216	0.3035312	4.785893
4524	-230.718	-400.0367	169.3187	0.2422623	3.513449
4530	-234.0066	-402.9452	168.9386	0.2034041	3.756352
4536	-223.584	-392.2993	168.7153	0.2151878	3.878086
4542	-227.9357	-396.2952	168.3595	0.5021728	3.91753
4548	-233.3469	-399.7897	166.4428	0.6031845	4.941476
4554	-234.5996	-403.1556	168.556	0.1850581	3.986603
4560	-233.5443	-401.6698	168.1255	0.4101947	4.103758
4566	-233.7936	-401.9781	168.1845	0.3511801	4.103758
4572	-223.9904	-392.3795	168.3891	0.08409843	4.139295
4578	-224.9989	-393.2093	168.2104	0.1072391	4.22763
4584	-233.413	-401.818	168.405	0.03484293	4.158263
4590	-237.8922	-404.9792	167.087	0.3065815	4.747684
4596	-230.2152	-397.1801	166.9649	0.1003004	4.930773
4602	-225.1905	-392.8671	167.6766	0.08018234	4.544173
4608	-220.4852	-388.158	167.6728	0.08398587	4.544173
4614	-227.4626	-395.2585	167.7959	0.2743418	4.367611
4620	-230.4201	-398.2642	167.8441	0.2450175	4.356984
4626	-226.8967	-395.8303	168.9336	0.213712	3.75331
4632	-232.0025	-398.8929	166.8904	0.3384467	4.839646
4638	-240.576	-406.7411	166.1651	0.06109015	5.395332
4644	-228.4296	-396.4632	168.0336	0.0730516	4.347084
4650	-229.7098	-397.4868	167.777	0.09585296	4.478904
4656	-222.6064	-390.6406	168.0342	0.3748688	4.17577
4662	-229.3826	-396.7748	167.3922	0.4561795	4.492652
4668	-227.3069	-397.3837	170.0768	0.5175195	2.901012
4674	-221.9104	-391.3464	169.436	0.2277666	3.45343
4680	-211.3881	-379.6568	168.2687	0.2802833	4.0962
4686	-211.3188	-378.8441	167.5253	0.3725108	4.464853
4692	-231.308	-399.7586	168.4506	0.300345	3.980916
4698	-235.6824	-404.2226	168.5402	0.300345	3.929644
4704	-228.2587	-396.651	168.3923	0.4576827	3.924254
4710	-228.6484	-396.374	167.7257	0.1912139	4.454111
4716	-231.9857	-399.8784	167.8927	0.02415374	4.454111
4722	-221.5525	-388.3033	166.7508	0.2851478	4.947069
4728	-230.8147	-397.7972	166.9825	0.1984453	4.866362
4734	-217.4805	-386.283	168.8026	0.5967893	3.607454
4740	-233.1234	-398.5326	165.4092	0.20539	5.731329
4746	-236.7864	-403.8692	167.0829	0.359772	4.720252
4752	-224.0636	-391.8624	167.7988	0.388362	4.301549
4758	-222.8976	-391.3899	168.4923	0.3111436	3.950916
4764	-231.9366	-400.6088	168.6723	0.1311343	3.950916
4770	-234.3024	-401.2284	166.926	0.04856657	4.981187
4776	-222.6326	-391.0135	168.3809	0.04401719	4.166734
4782	-226.0653	-393.4154	167.3501	0.09317353	4.719913
4788	-227.0068	-394.9322	167.9255	0.4253778	4.208804
4794	-221.0817	-387.9046	166.8229	0.2323932	4.936306
4800	-218.4663	-386.7613	168.295	0.3563276	4.037848
4806	-222.2478	-388.7166	166.4688	0.5654603	4.948028
4812	-226.5114	-394.1451	167.6337	0.1637748	4.521313
4818	-227.1755	-395.4282	168.2527	0.2109002	4.144766
4824	-222.1076	-389.6139	167.5063	0.4098385	4.454513
4830	-224.3201	-394.0606	169.7406	0.3297272	3.214293
4836	-222.6326	-390.7827	168.15	0.1173413	4.256133
4842	-227.9882	-396.2468	168.2587	0.3375462	4.069274
4848	-226.8298	-393.9728	167.143	0.4438376	4.639538
4854	-232.3123	-400.6255	168.3133	0.4438376	3.977393
4860	-218.9787	-387.4588	168.4801	0.1449577	4.052813
4866	-222.2726	-390.2514	167.9788	0.7441467	3.996936
4872	-229.7782	-397.3399	167.5617	0.3283069	4.46925
4878	-231.3646	-398.0317	166.6671	0.173423	5.055641
4884	-233.4174	-400.2351	166.8178	0.3456847	4.876092
4890	-226.305	-393.3983	167.0933	0.07017742	4.876092
4896	-228.6496	-397.3969	168.7473	0.6296022	3.620496
4902	-216.0797	-385.0974	169.0178	0.3693807	3.614559
4908	-222.9563	-390.5786	167.6223	0.8117536	4.161574
4914	-225.0003	-393.427	168.4267	0.007321101	4.161574
4920	-223.6993	-391.252	167.5527	0.0001917682	4.658545
4926	-231.0243	-398.3903	167.366	0.0002202122	4.762945
4932	-235.6428	-403.4495	167.8068	2.031686e-05	4.516063
4938	-229.8766	-398.6712	168.7946	0.0001798064	3.955849
4944	-223.7706	-392.8201	169.0495	2.182464e-05	3.809634
4950	-226.457	-394.9198	168.4628	0.002232787	4.143946
4956	-225.1156	-392.6936	167.5779	0.1325446	4.57018
4962	-227.3113	-396.1188	168.8076	0.03490171	3.928547
4968	-227.2706	-396.3569	169.0862	0.1192844	3.719696
4974	-219.0898	-387.1071	168.0173	0.6114986	4.050661
4980	-227.9223	-394.4712	166.5489	2.109976	4.033497
4986	-222.0117	-390.3319	168.3203	0.3002805	4.055396
4992	-214.8745	-383.4188	168.5444	0.07615773	4.055396
4998	-219.6264	-389.1175	169.491	0.5481955	3.232693
5004	-234.1081	-400.5897	166.4816	0.3743559	5.047068
5010	-233.6584	-400.924	167.2656	0.3743559	4.609737
5016	-231.7332	-399.2353	167.502	0.3561465	4.487161
5022	-233.5256	-399.329	165.8033	0.2131524	5.51075
5028	-221.8946	-389.5391	167.6445	0.3963251	4.384241
5034	-235.7475	-404.1312	168.3838	0.193294	4.080182
5040	-226.3516	-393.8857	167.5341	0.3680908	4.462407
5046	-236.4749	-403.0475	166.5726	0.6952246	4.8179
5052	-224.294	-392.2805	167.9865	0.08164038	4.36883
5058	-236.2185	-404.1531	167.9347	0.2313994	4.313484
5064	-227.868	-395.7582	167.8902	0.3379093	4.278386
5070	-241.8144	-410.8853	169.0709	0.5417164	3.483317
5076	-242.12	-409.2	167.08	0.3365031	4.734878
5082	-239.8729	-408.985	169.1121	0.5028025	3.481993
5088	-223.6897	-392.325	168.6353	0.3085106	3.870409
5094	-230.6852	-397.6705	166.9854	0.3783907	4.764336
5100	-228.6049	-397.7685	169.1636	0.3657646	3.531892
5106	-231.9153	-400.0059	168.0906	0.3657646	4.148863
5112	-226.9918	-394.9707	167.9789	0.4774774	4.148863
5118	-228.2722	-396.4263	168.1541	0.2837755	4.159389
5124	-210.3782	-379.3609	168.9826	0.6421907	3.476197
5130	-221.2715	-390.355	169.0835	0.3423966	3.592031
5136	-219.8288	-387.1217	167.293	0.3386221	4.614442
5142	-219.3425	-386.5123	167.1699	0.3386221	4.683418
5148	-225.5527	-393.8241	168.2713	0.06642885	4.216225
5154	-232.2779	-400.1782	167.9003	0.2743525	4.308638
5160	-231.0832	-396.5318	165.4486	0.6645631	5.457548
5166	-229.187	-398.1821	168.9951	0.4102403	3.604003
5172	-225.5739	-392.6737	167.0997	0.4614362	4.653904
5178	-227.9354	-395.5916	167.6562	0.01398708	4.592787
5184	-235.3933	-402.4911	167.0978	0.01309978	4.905355
5190	-243.0551	-409.8046	166.7495	0.3746645	4.897967
5196	-233.0947	-402.3704	169.2757	0.2685869	3.523179
5202	-220.527	-387.6587	167.1317	0.2685869	4.743951
5208	-225.7063	-392.7252	167.0189	0.3813407	4.743951
5214	-220.2914	-388.3999	168.1084	0.4384769	4.097364
5220	-215.4554	-383.9678	168.5124	0.3609641	3.910861
5226	-227.7688	-395.135	167.3663	0.2529065	4.621402
5232	-211.3686	-379.1267	167.7581	0.2512243	4.402025
5238	-212.4506	-380.2173	167.7668	0.008747323	4.533641
5244	-219.1232	-387.8932	168.77	0.3929717	3.744284
5250	-221.4415	-389.9963	168.5549	0.1236809	4.022296
5256	-216.8312	-385.0676	168.2365	0.2011555	4.159532
5262	-220.1657	-387.0416	166.8759	0.1235144	4.967364
5268	-236.9361	-405.526	168.5899	0.02578294	4.058167
5274	-231.0089	-398.3657	167.3569	0.5418964	4.464321
5280	-238.0683	-404.865	166.7967	0.03760401	5.059068
5286	-228.8903	-396.3579	167.4675	0.06281113	4.671179
5292	-228.8438	-396.0271	167.1833	0.3470819	4.671179
5298	-226.3704	-394.7655	168.3951	0.27037	4.029739
5304	-232.8605	-400.9969	168.1365	0.0768903	4.28672
5310	-228.7754	-397.8128	169.0374	0.09628074	3.761159
5316	-217.6261	-386.4989	168.8728	0.5458158	3.596258
5322	-235.6384	-403.6745	168.0361	0.6996014	3.989658
5328	-237.0323	-404.5275	167.4953	0.313534	4.514934
5334	-236.9775	-406.0634	169.0859	0.5433839	3.473598
5340	-227.0808	-395.8701	168.7894	0.3760548	3.742863
5346	-236.1253	-405.4872	169.3619	0.5283893	3.320578
5352	-222.4686	-391.4803	169.0117	0.2353434	3.695698
5358	-233.4043	-402.6031	169.1988	0.07029531	3.682978
5364	-238.8507	-406.3742	167.5235	0.3307059	4.489391
5370	-231.3876	-398.2115	166.8239	0.217355	4.944133
5376	-223.0686	-391.4568	168.3882	0.2368997	4.052791
5382	-239.4762	-407.4339	167.9577	0.6674035	4.052791
5388	-230.7078	-399.8831	169.1753	0.3273803	3.547416
5394	-232.6764	-400.4832	167.8068	0.3850017	4.298929
5400	-230.004	-398.0246	168.0205	0.1384998	4.317449
5406	-218.6949	-387.1732	168.4783	0.2859527	3.973299
5412	-223.5256	-390.2415	166.7159	0.3018581	4.957159
5418	-234.9885	-402.4006	167.4121	1.146579	4.090663
5424	-222.8465	-390.6317	167.7852	0.2935226	4.362844
5430	-234.4449	-402.8631	168.4181	0.2715168	4.015945
5436	-242.7982	-410.3738	167.5757	0.2715168	4.493354
5442	-246.6416	-413.8742	167.2326	0.4571474	4.581815
5448	-252.4986	-420.4098	167.9112	0.3583687	4.254884
5454	-251.7802	-419.3468	167.5666	0.3678993	4.444216
5460	-255.9504	-422.9309	166.9805	0.3907929	4.760135
5466	-241.748	-406.7334	164.9853	0.3907929	5.861821
5472	-233.7436	-402.0079	168.2642	0.03537335	4.237876
5478	-237.0383	-403.7773	166.7391	0.02381555	5.098689
5484	-231.3986	-400.029	168.6304	0.02181172	4.037353
5490	-225.2743	-393.2086	167.9343	0.03943208	4.422094
5496	-220.5819	-388.7171	168.1352	0.4919592	4.051616
5502	-230.8459	-399.5865	168.7406	0.2460586	3.845791
5508	-228.8546	-398.3829	169.5284	0.04370197	3.506985
5514	-223.646	-392.9967	169.3507	0.221368	3.506985
5520	-237.4286	-405.552	168.1234	0.1101423	4.275274
5526	-250.6084	-415.8369	165.2284	0.927078	5.434238
5532	-235.6094	-405.429	169.8196	0.7311326	2.927315
5538	-235.3909	-404.0906	168.6997	1.349932	3.226541
5544	-224.8308	-391.7793	166.9485	0.6866826	4.612423
5550	-233.4977	-399.8588	166.3611	0.3655065	5.118789
5556	-233.7299	-402.4316	168.7017	0.6580946	3.630422
5562	-224.3908	-392.6108	168.22	0.7223605	3.871256
5568	-235.6323	-403.1027	167.4704	0.5637522	4.387998
5574	-238.3558	-405.6745	167.3187	0.3200775	4.610422
5580	-248.2843	-414.8769	166.5926	0.3903566	4.976554
5586	-233.5297	-400.1516	166.6219	0.3619179	4.976069
5592	-220.1462	-388.1917	168.0455	0.09043216	4.33051
5598	-218.5945	-385.9369	167.3424	0.08454275	4.729052
5604	-224.3146	-391.6142	167.2996	0.4086913	4.571394
5610	-225.5272	-393.6421	168.1149	0.4948002	4.061588
5616	-231.8399	-398.9797	167.1398	0.3509823	4.693347
5622	-235.7572	-402.6715	166.9143	0.3344375	4.828526
5628	-234.9389	-402.3986	167.4597	0.6535549	4.343353
5634	-232.934	-399.9983	167.0643	0.2816345	4.774312
5640	-238.1137	-404.7378	166.6241	0.6535549	4.812426
5646	-226.8864	-394.5778	167.6914	0.3048324	4.4094
5652	-217.5101	-385.3451	167.835	0.1611753	4.4094
5658	-228.4465	-397.13	168.6835	0.2471872	3.877961
5664	-220.7714	-389.5689	168.7975	0.1331651	3.877961
5670	-229.103	-398.9421	169.8391	0.6875166	2.941843
5676	-238.0171	-405.5825	167.5654	0.6875166	4.264315
5682	-221.5763	-389.9041	168.3278	0.1545639	4.134087
5688	-231.123	-397.446	166.323	0.5449992	5.040401
5694	-228.4316	-394.4721	166.0405	0.5976312	5.167818
5700	-232.7586	-400.4419	167.6833	0.5600312	4.269756
5706	-230.1939	-399.0339	168.84	0.7330068	3.506448
5712	-226.5113	-396.1314	169.62	0.4080001	3.239294
5718	-230.6984	-397.7283	167.0298	0.4605628	4.693533
5724	-244.7439	-412.8294	168.0855	0.4029118	4.13065
5730	-232.9305	-400.3328	167.4023	0.2796477	4.586202
5736	-240.7344	-407.2778	166.5434	0.04575637	5.194901
5742	-230.6052	-398.7992	168.194	0.02155923	4.285457
5748	-230.7961	-398.7335	167.9374	0.2678957	4.291289
5754	-231.8843	-399.9111	168.0269	0.5455138	4.082856
5760	-223.7519	-391.1694	167.4175	0.4902799	4.459225
5766	-224.795	-393.8369	169.0419	0.6106965	3.459967
5772	-227.7013	-394.7471	167.0459	0.9692438	4.398732
5778	-235.4251	-402.8932	167.4682	0.1351681	4.630291
5784	-233.7258	-403.5795	169.8538	0.1634441	3.24571
5790	-227.6504	-397.7538	170.1033	0.1385263	3.112415
5796	-235.6016	-404.2307	168.6291	0.1148227	3.984944
5802	-250.2386	-416.7917	166.5531	0.03283089	5.196691
5808	-237.4022	-406.667	169.2648	0.2467331	3.542271
5814	-218.2429	-385.4711	167.2282	0.2243041	4.714729
5820	-217.3962	-386.6888	169.2927	0.2036565	3.551096
5826	-224.9952	-394.7696	169.7744	0.05285371	3.357659
5832	-224.7647	-393.6666	168.9019	0.2432964	3.754512
5838	-238.5277	-406.2396	167.7119	0.4426989	4.319939
5844	-223.6346	-392.1949	168.5603	0.2105094	3.969548
5850	-225.4333	-394.691	169.2577	0.229413	3.556451
5856	-225.8515	-394.7965	168.9451	0.4168717	3.629163
5862	-232.2497	-401.6322	169.3825	0.5490699	3.296249
5868	-239.0865	-406.5738	167.4872	0.3607268	4.492905
5874	-243.6603	-410.8937	167.2334	0.3110627	4.663271
5880	-241.3315	-407.163	165.8315	0.3104821	5.441678
5886	-231.2701	-399.6177	168.3476	0.0738379	4.168733
5892	-220.6896	-389.2639	168.5743	0.03726735	4.060488
5898	-232.9967	-400.1534	167.1567	0.1648095	4.787916
5904	-220.775	-389.0125	168.2375	0.0202159	4.261603
5910	-225.8066	-395.3526	169.5461	0.009513809	3.516605
5916	-225.8171	-393.2304	167.4133	0.03140348	4.719091
5922	-225.2519	-393.8236	168.5717	0.03049881	4.065882
5928	-224.422	-393.0797	168.6577	0.2529537	3.889436
5934	-228.6635	-396.9095	168.246	0.2529537	4.124662
5940	-228.3116	-396.4086	168.097	0.1682534	4.257343
5946	-229.0197	-396.7429	167.7233	0.003133247	4.561232
5952	-233.2506	-399.7987	166.5481	0.03968845	5.195644
5958	-228.7743	-396.5446	167.7703	0.3771226	4.32402
5964	-231.6851	-400.4152	168.73	0.04858538	3.965109
5970	-237.5599	-406.7821	169.2221	0.09277852	3.656426
5976	-226.8823	-394.7914	167.9091	0.6091746	4.113646
5982	-232.1963	-399.2284	167.0321	0.3214565	4.770043
5988	-230.6502	-399.2887	168.6385	0.1624025	3.952323
5994	-221.6595	-388.4879	166.8284	0.3004661	4.895353
6000	-231.8732	-397.537	165.6637	0.4221078	5.472595
6006	-230.8786	-399.2799	168.4014	0.5110588	3.88844
6012	-232.6395	-399.9102	167.2707	0.2985574	4.649376
6018	-227.1012	-395.6827	168.5815	0.3282613	3.889977
6024	-231.3282	-400.0085	168.6803	0.09774044	3.965451
6030	-217.1137	-384.5415	167.4278	0.3632775	4.524882
6036	-224.3409	-392.5226	168.1817	0.1835417	4.200632
6042	-224.839	-393.644	168.8049	0.2572457	3.802368
6048	-224.7579	-390.2779	165.52	0.4926349	5.512891
6054	-226.3364	-394.3233	167.9869	0.4160732	4.179205
6060	-232.5259	-400.2628	167.7369	0.06512136	4.518737
6066	-232.6607	-402.0097	169.349	0.2288851	3.503598
6072	-223.271	-392.4696	169.1986	0.2048594	3.6051
6078	-227.9361	-396.6586	168.7225	1.011641	3.412237
6084	-226.1479	-393.9745	167.8267	1.011641	3.930928
6090	-217.1782	-385.9646	168.7864	0.4606064	3.695728
6096	-226.8824	-393.5515	166.6692	1.003886	4.591188
6102	-219.8881	-390.0244	170.1363	0.08182345	3.126546
6108	-226.4762	-396.0763	169.6	0.4950446	3.199612
6114	-222.0785	-390.7396	168.6611	0.01280871	4.024945
6120	-240.1751	-407.5557	167.3806	0.375773	4.54438
6126	-237.7665	-405.3843	167.6177	0.138671	4.54438
6132	-232.5475	-401.4391	168.8915	0.01137421	3.89389
6138	-218.8016	-387.183	168.3814	0.1149101	4.12618
6144	-243.3663	-407.8285	164.4623	0.5991341	6.033609
6150	-229.712	-397.7242	168.0122	0.5338434	4.09786
6156	-232.2413	-399.085	166.8437	0.119266	4.987645
6162	-226.969	-396.3864	169.4174	0.007809623	3.592447
6168	-218.5914	-387.4953	168.9039	0.05344975	3.862671
6174	-223.3465	-392.1055	168.759	0.008301611	3.971558
6180	-230.2229	-398.379	168.1562	0.008881792	4.314064
6186	-216.9695	-384.216	167.2465	0.1655595	4.737356
6192	-215.622	-385.1901	169.5681	0.3850086	3.283541
6198	-217.3411	-382.9468	165.6057	0.3746252	5.53064
6204	-229.481	-398.8684	169.3875	0.07163932	3.572749
6210	-231.1884	-399.0984	167.91	0.03077032	4.440661
6216	-228.2819	-396.1191	167.8372	0.3903289	4.278694
6222	-223.3302	-391.9987	168.6686	0.4424883	3.774199
6228	-229.4574	-398.7582	169.3008	0.3454244	3.463726
6234	-230.6578	-401.0589	170.4011	0.3429467	2.810282
6240	-230.2161	-398.0703	167.8542	0.06603265	4.452212
6246	-227.7577	-395.1234	167.3657	0.2828765	4.604928
6252	-224.2673	-392.477	168.2098	0.2828765	4.128253
6258	-222.0386	-389.2295	167.1909	0.3305409	4.676182
6264	-243.9025	-411.3548	167.4523	0.08886268	4.665143
6270	-240.7648	-408.6572	167.8924	0.6008276	4.127899
6276	-242.5478	-410.4403	167.8924	0.6008276	4.127899
6282	-233.4471	-401.1777	167.7306	0.1867646	4.453831
6288	-231.73	-400.6442	168.9142	0.1867646	3.780013
6294	-234.4046	-400.4738	166.0693	0.3708409	5.277299
6300	-233.9143	-398.4783	164.564	0.5810671	5.987987
6306	-230.3834	-399.2325	168.8491	0.1116331	3.860697
6312	-230.8094	-398.7437	167.9343	0.3003	4.274693
6318	-242.4011	-409.6233	167.2222	0.1457798	4.76196
6324	-233.541	-402.9187	169.3776	0.2147227	3.495167
6330	-231.6538	-398.2565	166.6028	0.0884665	5.13839
6336	-227.6841	-395.3658	167.6817	0.2937837	4.421097
6342	-230.1974	-398.2581	168.0607	0.08446674	4.325325
6348	-230.817	-396.1409	165.3239	0.3505729	5.69849
6354	-232.6746	-401.7586	169.084	0.9298599	3.247661
6360	-226.8178	-396.1302	169.3124	0.181218	3.552684
6366	-216.8314	-385.1758	168.3444	0.0708615	4.172229
6372	-218.8331	-385.6567	166.8236	0.02837975	5.049279
6378	-217.1027	-384.0752	166.9725	0.02599806	4.967914
6384	-229.8945	-395.5512	165.6567	0.5579415	5.401702
6390	-226.993	-393.395	166.402	0.1392976	5.221364
6396	-233.0743	-401.5953	168.521	0.654329	3.737137
6402	-230.0416	-399.3278	169.2862	0.1855741	3.565385
6408	-217.1409	-387.4551	170.3142	0.1517934	2.978314
6414	-220.2584	-389.212	168.9536	0.4138967	3.62598
6420	-217.6144	-385.7864	168.1719	0.3746632	4.097534
6426	-234.7584	-402.0505	167.2921	0.5254824	4.510003
6432	-233.4832	-400.8532	167.3701	0.02021644	4.749521
6438	-223.8793	-392.6142	168.7349	0.02021644	3.978558
6444	-231.2386	-399.511	168.2723	0.2984831	4.083732
6450	-216.052	-385.3493	169.2972	0.1542454	3.577188
6456	-235.2244	-404.1845	168.9602	0.8615533	3.360892
6462	-220.2632	-389.4687	169.2055	0.06562249	3.6818
6468	-214.6789	-383.11	168.4311	0.2156426	4.040437
6474	-222.5247	-390.1912	167.6665	0.1668146	4.501178
6480	-225.7268	-393.9839	168.2571	0.1668146	4.167294
6486	-235.4662	-401.604	166.1377	0.2018682	5.332779
6492	-223.5772	-392.6048	169.0277	0.1362331	3.74374
6498	-227.1478	-395.0608	167.913	0.5253366	4.159124
6504	-229.0384	-397.288	168.2496	0.1887524	4.159124
6510	-221.4437	-391.5052	170.0615	0.3705538	2.998695
6516	-219.2314	-388.6679	169.4365	0.03662994	3.564576
6522	-216.4005	-384.6684	168.2679	0.02682489	4.240641
6528	-225.4306	-394.063	168.6324	0.3119568	3.870107
6534	-217.6199	-386.9122	169.2923	0.7186395	3.249383
6540	-218.6535	-387.6665	169.013	0.263135	3.678877
6546	-232.5828	-400.8706	168.2878	0.4449186	3.991324
6552	-231.4479	-399.3915	167.9436	0.4918688	4.160754
6558	-236.0418	-402.2307	166.1889	0.5949083	5.087102
6564	-233.6667	-402.1178	168.4511	0.1988402	4.038608
6570	-235.9353	-405.3994	169.4642	0.09257797	3.515918
6576	-239.1418	-406.4978	167.356	0.1213016	4.700872
6582	-235.6116	-402.6632	167.0517	0.4256157	4.700872
6588	-234.8715	-403.3553	168.4837	0.6028111	3.78833
6594	-230.3819	-397.5821	167.2002	0.2287248	4.7279
6600	-250.6056	-418.1598	167.5542	0.2023362	4.54432
6606	-253.5768	-420.7306	167.1539	0.2167502	4.760516
6612	-240.5163	-409.0867	168.5704	0.1136587	4.019158
6618	-247.5578	-415.1746	167.6169	0.2291075	4.494021
6624	-232.9595	-401.0333	168.0738	0.622826	4.011973
6630	-219.7146	-386.9767	167.2621	0.4804392	4.552176
6636	-227.8984	-396.474	168.5756	0.1451003	3.998219
6642	-224.1832	-392.5711	168.3879	0.3327535	3.998219
6648	-233.7796	-400.847	167.0674	0.1048331	4.87121
6654	-232.7812	-400.9058	168.1246	0.1617109	4.245382
6660	-231.8649	-400.9864	169.1215	0.2196589	3.641229
6666	-228.3759	-396.4435	168.0676	0.4149656	4.133986
6672	-229.5163	-397.668	168.1517	0.1760858	4.221867
6678	-225.1391	-392.931	167.792	0.1769532	4.424793
6684	-227.6841	-396.9342	169.25	0.1151992	3.627267
6690	-225.3755	-392.4621	167.0866	0.1104171	4.857395
6696	-218.6131	-386.5972	167.9841	0.3308625	4.229165
6702	-219.8625	-387.6859	167.8234	0.6613384	4.132719
6708	-216.5787	-385.3868	168.8081	0.3277299	3.759926
6714	-225.3969	-394.3985	169.0016	0.3843521	3.615244
6720	-249.5874	-414.4534	164.866	0.8311979	5.686065
6726	-245.1565	-413.3071	168.1506	0.8457404	3.84025
6732	-236.666	-404.4358	167.7698	0.2601674	4.39034
6738	-229.7812	-397.9412	168.16	0.003798753	4.314789
6744	-240.5209	-409.7027	169.1818	0.01259712	3.726145
6750	-244.8963	-410.5799	165.6836	0.0458548	5.668356
6756	-231.2059	-398.0344	166.8286	0.185277	4.959366
6762	-224.1366	-392.1284	167.9918	0.1098676	4.349866
6768	-233.7407	-401.7751	168.0344	0.0496606	4.359817
6774	-228.5183	-398.0229	169.5046	0.3467661	3.343458
6780	-229.8897	-398.7548	168.8651	0.04348839	3.890607
6786	-239.0674	-408.131	169.0636	0.4021352	3.568878
6792	-230.6985	-398.473	167.7745	0.3100291	4.359542
6798	-220.6143	-388.9505	168.3361	0.4005407	3.989079
6804	-227.5727	-394.1349	166.5621	0.812212	4.758429
6810	-239.8401	-407.5535	167.7134	0.6843171	4.182193
6816	-234.4384	-401.2573	166.819	0.6489836	4.706098
6822	-232.4929	-399.8602	167.3673	0.73351	4.350374
6828	-238.464	-407.1569	168.6929	0.7518506	3.581094
6834	-230.6892	-398.2212	167.532	0.153459	4.584215
6840	-238.1248	-405.2016	167.0768	0.2619705	4.778297
6846	-225.2308	-392.1792	166.9484	0.06411442	4.960099
6852	-229.5592	-396.8206	167.2614	0.2985561	4.654607
6858	-224.6933	-392.9802	168.2869	0.3375608	4.053156
6864	-222.0002	-390.4581	168.458	0.3375608	3.955427
6870	-220.6523	-389.1178	168.4654	0.2988073	3.973325
6876	-227.4101	-395.6412	168.231	0.1025706	4.21859
6882	-236.8112	-402.0802	165.2689	0.856066	5.451053
6888	-238.14	-406.5907	168.4507	0.1893546	4.044259
6894	-228.8302	-398.327	169.4969	0.2513524	3.404008
6900	-227.861	-395.0653	167.2043	0.3860721	4.637547
6906	-235.1002	-403.0357	167.9355	0.2241834	4.317114
6912	-231.1554	-399.466	168.3106	0.2456152	4.092055
6918	-232.3505	-397.5922	165.2417	0.2438974	5.801932
6924	-246.9323	-416.4417	169.5094	0.01304854	3.53588
6930	-238.4333	-407.1248	168.6914	0.7339639	3.592342
6936	-224.3764	-391.7428	167.3664	0.1265581	4.692102
6942	-234.0169	-400.533	166.5161	0.4025125	5.012259
6948	-236.208	-404.0266	167.8186	0.3483192	4.312998
6954	-227.0208	-395.2887	168.2679	0.4234525	4.014964
6960	-240.7562	-407.6717	166.9154	0.3811915	4.801825
6966	-236.6415	-402.6859	166.0444	0.1660856	5.403976
6972	-227.8617	-396.0366	168.1749	0.08509023	4.260318
6978	-237.9548	-405.7364	167.7815	0.4784506	4.260318
6984	-241.4586	-409.8859	168.4273	0.3817223	3.947704
6990	-234.3948	-402.1461	167.7512	0.03951731	4.525076
6996	-245.7494	-414.4557	168.7062	0.8890927	3.493423
7002	-239.8788	-408.2776	168.3988	0.5677655	3.857335
7008	-236.8851	-404.7436	167.8585	0.7177656	4.080656
7014	-233.2415	-402.2783	169.0368	0.6600938	3.434083
7020	-229.2041	-396.6113	167.4072	0.4559727	4.484353
7026	-237.662	-407.3415	169.6795	0.4423881	3.183718
7032	-226.4411	-394.0167	167.5756	0.4423881	4.397112
7038	-237.0851	-405.7363	168.6512	0.0911092	3.985875
7044	-235.4969	-403.5937	168.0967	0.3814049	4.1365
7050	-240.4793	-406.8072	166.3279	0.01746436	5.329573
7056	-234.9011	-401.8939	166.9928	0.3520359	4.774892
7062	-238.2276	-405.5181	167.2905	0.1268324	4.734389
7068	-241.2385	-406.7467	165.5082	0.3315738	5.607822
7074	-243.0109	-407.9524	164.9415	0.6411227	5.748827
7080	-233.2946	-401.3634	168.0688	0.3868741	4.14927
7086	-215.661	-383.7194	168.0584	0.7042225	3.974263
7092	-218.7653	-387.4309	168.6656	0.3670943	3.819343
7098	-217.7155	-385.5001	167.7847	0.3670943	4.321568
7104	-224.7357	-392.8007	168.0651	0.140855	4.290932
7110	-224.8027	-392.1988	167.3961	0.6287786	4.393227
7116	-221.714	-389.1101	167.3961	0.6287786	4.393227
7122	-225.8586	-392.5097	166.6511	0.3691502	4.955802
7128	-230.7361	-399.8692	169.133	0.8135968	3.28738
7134	-230.5327	-398.9435	168.4108	0.05644636	4.142719
7140	-224.3969	-393.145	168.7481	0.2805564	3.821664
7146	-220.4563	-387.8677	167.4114	0.1089278	4.676794
7152	-219.6489	-389.0678	169.4189	0.1154516	3.528948
7158	-222.7515	-390.6612	167.9096	0.5871472	4.125883
7164	-233.9681	-402.3706	168.4025	0.1435382	4.097855
7170	-232.0257	-399.2141	167.1884	0.7558522	4.438714
7176	-227.271	-395.8465	168.5755	0.08247436	4.03404
7182	-235.4529	-403.8078	168.3549	0.3030279	4.03404
7188	-233.1854	-402.1573	168.972	0.3030279	3.679536
7194	-234.6363	-401.5299	166.8936	0.3041774	4.856978
7200	-234.1786	-402.1725	167.994	0.589443	4.076556
7206	-227.2032	-394.21	167.0067	0.2141798	4.844057
7212	-228.4322	-396.6215	168.1893	0.4234244	4.05986
7218	-224.0598	-392.6349	168.5752	0.03755257	4.05986
7224	-222.939	-391.1057	168.1667	0.1049984	4.253675
7230	-231.4399	-399.1407	167.7007	0.2579589	4.430558
7236	-227.8992	-395.2039	167.3046	0.63632	4.440548
7242	-221.1638	-389.1123	167.9485	0.5201785	4.141869
7248	-217.7664	-386.2441	168.4778	0.3491046	3.937484
7254	-222.4387	-390.929	168.4903	0.4767519	3.857044
7260	-219.8849	-387.1339	167.249	0.4875548	4.555528
7266	-214.3239	-383.165	168.8411	0.1909382	3.81973
7272	-222.3182	-390.7806	168.4623	0.3800238	3.928604
7278	-224.4511	-393.4439	168.9928	0.3959454	3.613602
7284	-215.1872	-383.2354	168.0482	0.3959454	4.155842
7290	-216.3214	-384.9806	168.6591	0.3261177	3.84661
7296	-207.5099	-376.168	168.6581	0.3271761	3.84661
7302	-224.3884	-392.1288	167.7403	0.4943327	4.274657
7308	-216.4951	-383.3644	166.8693	0.4649079	4.780853
7314	-229.3691	-398.7078	169.3387	0.3659558	3.429502
7320	-229.8145	-397.5356	167.7212	0.5533932	4.252067
7326	-238.8595	-404.8862	166.0266	1.144064	4.872057
7332	-245.6161	-412.8071	167.191	0.3189712	4.682595
7338	-243.0848	-410.8331	167.7483	0.2873831	4.387128
7344	-243.3645	-411.2895	167.925	0.1106653	4.387128
7350	-242.9925	-410.4301	167.4376	0.9994689	4.159846
7356	-238.473	-405.9349	167.4619	0.2257315	4.582995
7362	-243.539	-410.9503	167.4113	0.6413787	4.377558
7368	-237.3986	-405.1723	167.7738	0.2788801	4.377558
7374	-234.517	-402.0411	167.5241	0.4817297	4.403957
7380	-228.6847	-397.204	168.5193	0.02879823	4.096665
7386	-224.0596	-393.1506	169.091	0.3217164	3.599704
7392	-229.5123	-398.7456	169.2332	0.2457218	3.561223
7398	-235.1609	-402.7858	167.6249	0.4780991	4.34914
7404	-224.3609	-392.9693	168.6084	0.2802239	3.902107
7410	-229.5097	-398.786	169.2763	0.7896974	3.216869
7416	-233.2935	-401.0104	167.7169	0.3413518	4.374375
7422	-221.4971	-389.3288	167.8317	0.2265554	4.374375
7428	-228.0193	-396.334	168.3148	0.06865604	4.190327
7434	-223.5476	-391.026	167.4784	0.6202049	4.351602
7440	-225.5777	-392.4159	166.8382	0.1208451	4.989817
7446	-224.7952	-393.9421	169.1468	0.5385465	3.440803
7452	-223.1661	-390.6816	167.5155	0.05718149	4.64748
7458	-230.7078	-398.9522	168.2444	0.2807212	4.109767
7464	-234.8343	-403.1675	168.3332	0.191915	4.109767
7470	-245.518	-413.2301	167.7121	0.3560854	4.368798
7476	-242.7318	-409.0587	166.3269	0.3749656	5.132506
7482	-235.6733	-402.1634	166.4901	0.2696597	5.100424
7488	-231.7574	-399.7032	167.9458	0.2276494	4.30928
7494	-231.6286	-400.1186	168.4899	0.1076302	4.06849
7500	-229.8435	-397.6924	167.8489	0.7201581	4.084766
7506	-230.2021	-399.6906	169.4885	0.4541764	3.289693
7512	-243.2427	-410.945	167.7024	0.2745127	4.420298
7518	-234.6156	-404.0422	169.4266	0.4872251	3.3067
7524	-237.7847	-406.6796	168.8949	0.4872251	3.617479
7530	-230.7282	-399.9548	169.2267	0.3474835	3.505769
7536	-224.7492	-392.0609	167.3117	0.4951656	4.516012
7542	-231.4569	-397.4192	165.9623	0.2993423	5.375763
7548	-225.0686	-391.7631	166.6946	0.2621471	4.991104
7554	-231.6415	-398.9881	167.3466	0.1839644	4.671037
7560	-229.9304	-398.6428	168.7124	0.3036266	3.828895
7566	-226.2175	-394.4926	168.2751	0.1028233	4.193447
7572	-225.3334	-394.7454	169.412	0.2833536	3.43498
7578	-222.9285	-390.1593	167.2308	0.2337933	4.707952
7584	-227.28	-395.3648	168.0848	0.2088706	4.241239
7590	-224.8461	-392.9622	168.1162	0.1303318	4.267967
7596	-225.4648	-392.441	166.9762	0.08515861	4.932934
7602	-233.9582	-403.5281	169.5699	0.02477794	3.493791
7608	-219.1635	-387.5636	168.4001	0.006750045	4.177019
7614	-220.3353	-388.11	167.7747	0.2383405	4.399939
7620	-221.9332	-391.2567	169.3235	0.03377084	3.631882
7626	-220.8541	-389.6866	168.8325	0.1585649	3.843269
7632	-225.9779	-394.7407	168.7628	0.1767621	3.872884
7638	-219.7789	-388.4645	168.6856	0.5722187	3.689448
7644	-244.6003	-411.4414	166.8412	0.4011979	4.832096
7650	-248.475	-415.4341	166.9591	0.2926875	4.826837
7656	-223.9827	-391.4332	167.4506	0.9108651	4.202805
7662	-225.2172	-393.2771	168.0599	0.3015586	4.202805
7668	-219.3143	-387.1448	167.8305	0.3904267	4.282445
7674	-216.3283	-384.2292	167.9008	0.1192078	4.395963
7680	-222.5691	-389.9029	167.3338	0.3961466	4.559226
7686	-221.4953	-389.5647	168.0694	0.3816942	4.151851
7692	-224.9994	-393.1788	168.1794	0.600919	3.964134
7698	-227.7327	-395.1146	167.3819	0.3026521	4.584749
7704	-226.8705	-395.3657	168.4952	0.3096838	3.95007
7710	-218.316	-386.248	167.932	0.6793526	4.060641
7716	-230.3065	-397.378	167.0715	0.6793526	4.547501
7722	-230.1359	-398.4629	168.327	0.1043299	4.163104
7728	-238.1964	-406.4291	168.2326	0.5120103	3.984529
7734	-232.6372	-399.5187	166.8815	0.2670809	4.884387
7740	-226.0897	-396.0947	170.0051	0.6757957	2.848622
7746	-219.7691	-388.4785	168.7094	0.08862299	3.954006
7752	-223.159	-392.504	169.345	0.1111005	3.574491
7758	-217.4948	-386.3547	168.8598	0.3013089	3.745321
7764	-220.9605	-387.6403	166.6798	0.3620575	4.943783
7770	-215.9979	-385.0451	169.0473	0.5986915	3.463854
7776	-217.7385	-387.9728	170.2342	0.95457	2.536666
7782	-235.1836	-403.396	168.2124	0.6351847	3.9256
7788	-250.8445	-416.0538	165.2093	0.7576603	5.537948
7794	-243.5892	-411.0217	167.4325	0.5926324	4.39309
7800	-242.1894	-410.2741	168.0847	0.1737053	4.261237
7806	-246.9236	-412.798	165.8745	0.3115368	5.417453
7812	-245.7666	-414.1936	168.427	0.3832505	3.947007
7818	-231.8253	-399.2153	167.3899	0.7012695	4.355784
7824	-245.0342	-413.4805	168.4462	0.05995533	4.120547
7830	-238.7526	-406.947	168.1944	0.7119023	3.891921
7836	-240.1656	-408.9247	168.7591	0.1090653	3.913809
7842	-231.1585	-399.8006	168.6421	0.5111657	3.749861
7848	-238.8453	-407.1119	168.2666	0.4954139	3.974605
7854	-242.128	-410.0968	167.9688	0.4150686	4.190066
7860	-226.0106	-393.3177	167.3071	0.1235253	4.726955
7866	-219.7415	-388.9042	169.1627	0.1086373	3.681663
7872	-222.2841	-390.2559	167.9718	0.1920573	4.314738
7878	-230.6114	-398.7595	168.1481	0.09523405	4.269726
7884	-235.8095	-404.3871	168.5776	0.5883763	3.742519
7890	-234.1115	-400.6465	166.5349	0.2979259	5.059878
7896	-235.4876	-402.2523	166.7647	0.06816702	5.059878
7902	-241.456	-408.1368	166.6808	0.1520423	5.059878
7908	-231.298	-400.494	169.196	0.2991123	3.551812
7914	-224.1877	-391.3459	167.1582	0.0124755	4.872049
7920	-219.666	-386.7013	167.0354	0.0139574	4.939619
7926	-224.8498	-390.7036	165.8538	0.5922027	5.274029
7932	-227.7187	-395.8078	168.0892	0.0343594	4.337531
7938	-223.5456	-391.6406	168.0951	0.02846123	4.337531
7944	-234.0833	-401.664	167.5807	0.5428448	4.337531
7950	-212.8884	-380.708	167.8196	0.3692881	4.300596
7956	-240.3657	-409.1045	168.7388	0.339605	3.793012
7962	-220.8961	-389.6171	168.721	0.1492817	3.912584
7968	-234.1547	-401.7601	167.6054	0.3468727	4.434167
7974	-240.8416	-408.9268	168.0852	0.1712538	4.262296
7980	-230.1863	-398.0083	167.822	0.434468	4.262296
7986	-242.0273	-408.1856	166.1582	0.01709833	5.42334
7992	-240.3037	-407.3144	167.0108	0.4678145	4.700155
7998	-230.9176	-399.7808	168.8632	0.2586321	3.767997
8004	-244.6436	-410.3492	165.7056	0.7049957	5.293601
8010	-234.0655	-403.4555	169.3899	0.7692056	3.161617
8016	-232.5925	-402.4066	169.8141	0.7692056	2.907665
8022	-231.4972	-398.6991	167.2019	0.4712169	4.591142
8028	-233.354	-401.4468	168.0928	0.156479	4.266406
8034	-237.6165	-405.0578	167.4413	0.03810047	4.699713
8040	-242.8354	-409.7953	166.9599	0.1881558	4.884667
8046	-246.8669	-413.7865	166.9196	0.228447	4.884667
8052	-231.5377	-399.5546	168.0169	0.2273559	4.269256
8058	-235.4132	-403.8806	168.4674	0.1794507	4.040382
8064	-225.0854	-393.294	168.2086	0.4307418	4.044691
8070	-211.7989	-379.4853	167.6864	0.02832668	4.567772
8076	-234.3124	-401.4057	167.0933	0.6214841	4.567772
8082	-239.2568	-405.0648	165.808	0.5009234	5.349686
8088	-236.2234	-401.3809	165.1575	0.5121723	5.701129
8094	-240.1394	-408.0075	167.8681	0.2380975	4.347317
8100	-216.7978	-383.171	166.3732	0.08894196	5.265143
8106	-212.4278	-379.7756	167.3478	0.1114314	4.710962
8112	-231.5662	-400.5135	168.9473	0.1774711	3.766313
8118	-228.8724	-395.7733	166.9009	0.0455036	4.996869
8124	-226.6931	-395.1264	168.4333	0.3329814	3.972165
8130	-237.4215	-404.1886	166.7671	0.1663202	5.004029
8136	-237.9187	-406.1493	168.2306	0.2312275	4.145778
8142	-229.2775	-398.4583	169.1808	0.3887755	3.508441
8148	-227.0134	-395.7475	168.7341	0.2759756	3.832322
8154	-229.1774	-397.3389	168.1615	0.7902994	3.865851
8160	-215.0928	-383.794	168.7012	0.4294187	3.76293
8166	-225.0692	-394.9259	169.8567	0.3221604	3.149899
8172	-228.492	-396.0754	167.5833	0.3145603	4.464808
8178	-229.2855	-396.5271	167.2416	0.2994194	4.66518
8184	-226.0258	-395.2274	169.2016	0.3173263	3.537943
8190	-235.2704	-403.3776	168.1072	0.6822773	3.958891
8196	-222.6901	-392.0157	169.3256	0.442893	3.392107
8202	-223.8604	-393.2446	169.3842	0.682341	3.216529
8208	-221.0822	-389.2267	168.1445	0.04707096	4.29905
8214	-229.1582	-396.3423	167.1841	0.2843081	4.705849
8220	-230.2414	-398.0502	167.8089	0.3126476	4.338658
8226	-231.6081	-399.2313	167.6232	0.3376949	4.429295
8232	-234.9739	-402.9598	167.9858	0.1911381	4.307306
8238	-227.4719	-395.0385	167.5666	0.2739054	4.497098
8244	-238.4521	-406.0824	167.6304	0.5933804	4.280849
8250	-230.0062	-397.7498	167.7436	0.4478707	4.299134
8256	-224.7413	-391.8647	167.1234	0.5081344	4.61448
8262	-237.8402	-406.0146	168.1744	0.15652	4.220106
8268	-224.1244	-393.2779	169.1535	0.3602422	3.540999
8274	-238.0834	-405.2224	167.139	0.542095	4.586699
8280	-228.0923	-397.1868	169.0945	0.3362887	3.589192
8286	-224.4398	-392.6631	168.2233	0.4289959	4.037265
8292	-234.259	-402.4086	168.1495	0.5027957	4.037265
8298	-226.7048	-394.0775	167.3727	0.4339447	4.516138
8304	-218.6037	-386.2636	167.6599	0.158804	4.509368
8310	-227.8667	-395.9502	168.0834	0.05264735	4.330448
8316	-226.2331	-395.7364	169.5033	0.47018	3.271554
8322	-226.5439	-394.149	167.6051	0.1428916	4.5491
8328	-222.274	-389.9833	167.7093	0.03875529	4.5491
8334	-226.9834	-395.204	168.2206	0.2204752	4.157564
8340	-229.4903	-397.1051	167.6148	0.3207588	4.443582
8346	-235.3833	-403.5213	168.1381	0.5796945	3.999895
8352	-234.6673	-400.9294	166.2621	0.5282317	5.083462
8358	-235.0709	-402.8329	167.762	0.5087645	4.254194
8364	-227.7031	-396.0311	168.328	0.2709218	4.06773
8370	-223.9606	-391.7579	167.7973	0.759077	4.091971
8376	-217.9691	-386.1681	168.1991	0.1215161	4.225964
8382	-219.9168	-388.955	169.0382	0.2457575	3.674358
8388	-230.1883	-396.21	166.0217	0.4959733	5.234461
8394	-232.2857	-398.9267	166.641	0.3816675	4.954471
8400	-217.6454	-384.7746	167.1292	0.2602418	4.749974
8406	-228.877	-398.2722	169.3952	0.4967134	3.319601
8412	-210.6539	-378.3005	167.6466	0.4967134	4.326371
8418	-224.0754	-392.4303	168.3548	0.2458958	4.066689
8424	-222.0611	-389.3343	167.2732	0.5699835	4.495576
8430	-228.5896	-396.3551	167.7654	0.1394722	4.460851
8436	-227.9039	-396.3291	168.4252	0.2140365	4.044736
8442	-222.8882	-389.9817	167.0935	0.2140365	4.795758
8448	-230.9948	-399.9701	168.9753	0.2140365	3.72905
8454	-236.4761	-403.9815	167.5055	0.4574081	4.428195
8460	-238.8261	-404.732	165.9059	0.1581829	5.484559
8466	-240.6047	-408.1858	167.5811	0.5155259	4.352707
8472	-230.3085	-396.7303	166.4218	0.2449156	5.151979
8478	-239.0998	-404.1412	165.0415	0.2630284	5.900957
8484	-227.9634	-394.6727	166.7093	0.1441761	5.048455
8490	-234.1327	-401.7473	167.6146	0.1762047	4.525057
8496	-221.2528	-387.5989	166.3461	0.1066596	5.270329
8502	-226.784	-395.5238	168.7399	0.2202842	3.861026
8508	-227.7815	-395.8154	168.0339	0.09053953	4.337038
8514	-229.3636	-397.5628	168.1991	0.2018631	4.180344
8520	-236.4785	-404.42	167.9416	0.4068412	4.210177
8526	-235.4173	-403.3405	167.9232	0.04067075	4.427663
8532	-231.3285	-398.7931	167.4647	0.3475074	4.513047
8538	-234.9465	-402.9416	167.9952	0.0503376	4.381593
8544	-234.5666	-402.8149	168.2484	0.0696383	4.227426
8550	-229.0451	-396.2277	167.1826	0.2707986	4.714245
8556	-239.5033	-406.4974	166.9941	0.4592681	4.714245
8562	-229.5101	-397.6757	168.1656	0.5208153	4.017812
8568	-239.7632	-406.3139	166.5507	0.5416509	4.915696
8574	-247.4729	-416.2328	168.7599	0.8588217	3.479749
8580	-247.4418	-415.2802	167.8384	0.8414489	4.021535
8586	-246.6603	-411.4533	164.7931	0.2234564	6.058075
8592	-237.0832	-403.9707	166.8875	0.4268046	4.791963
8598	-248.5403	-415.8098	167.2694	0.2793374	4.660868
8604	-240.3991	-406.4971	166.098	0.1028145	5.409308
8610	-242.5043	-409.5938	167.0895	0.3012239	4.749283
8616	-237.754	-405.5619	167.8079	0.09589497	4.461487
8622	-233.2425	-401.9459	168.7034	0.1680252	3.911945
8628	-234.9966	-404.5262	169.5297	0.02625594	3.51639
8634	-233.5833	-401.9865	168.4031	0.1839899	4.074442
8640	-230.4277	-398.7443	168.3166	0.2704995	4.074442
8646	-237.6821	-406.7037	169.0216	0.02702267	3.810168
8652	-233.8851	-400.5104	166.6252	0.2622038	5.029584
8658	-223.7032	-391.7841	168.0809	0.4893417	4.084069
8664	-235.8956	-402.3872	166.4916	0.3382683	5.061541
8670	-231.9329	-400.4901	168.5572	0.1137186	4.026635
8676	-248.6538	-412.617	163.9632	0.7458865	6.225413
8682	-257.8179	-422.8826	165.0647	0.5939219	5.707205
8688	-238.9925	-406.2802	167.2877	0.4252457	4.568808
8694	-236.1734	-404.7309	168.5575	0.8373895	3.610077
8700	-241.3047	-408.2808	166.9761	0.1501718	4.896784
8706	-239.1345	-408.0346	168.9001	0.4088353	3.659885
8712	-231.6988	-400.3256	168.6268	0.2940118	3.883609
8718	-220.1856	-388.3853	168.1998	0.3095367	4.11877
8724	-222.441	-390.6639	168.2229	0.4374154	4.032677
8730	-230.7513	-398.0695	167.3182	0.02947372	4.773317
8736	-229.877	-397.3651	167.4881	0.1810677	4.593364
8742	-230.2461	-398.2549	168.0088	0.5353086	4.098934
8748	-234.4917	-403.4321	168.9404	0.6185289	3.514649
8754	-235.1121	-403.5114	168.3993	0.1103639	4.118557
8760	-229.4702	-397.8555	168.3853	0.1243486	4.118557
8766	-226.0219	-395.3587	169.3368	0.06856243	3.603967
8772	-228.0652	-395.3676	167.3024	0.4253879	4.560461
8778	-225.481	-393.4647	167.9838	0.7525061	3.98931
8784	-225.5372	-394.1451	168.6079	0.09689011	4.007281
8790	-241.4959	-407.8322	166.3363	0.3267441	5.153983
8796	-228.1276	-395.5497	167.422	0.8121493	4.274938
8802	-219.96	-388.2512	168.2912	0.6534184	3.869942
8808	-235.4674	-404.0772	168.6098	0.1952025	3.94999
8814	-232.7122	-399.7285	167.0163	0.3271585	4.775677
8820	-235.4186	-401.9755	166.557	0.2825918	5.056164
8826	-235.8104	-403.8803	168.0698	0.2820953	4.208197
8832	-239.5374	-407.1673	167.63	0.7219458	4.208197
8838	-238.7475	-407.4471	168.6996	0.3153569	3.829561
8844	-232.6274	-399.1728	166.5454	0.3153569	5.0444
8850	-241.3755	-407.6821	166.3066	0.3475628	5.158924
8856	-244.8065	-410.4738	165.6673	0.1534393	5.618277
8862	-252.5149	-420.297	167.7821	0.1247817	4.459743
8868	-233.6296	-400.7832	167.1535	0.2662044	4.733053
8874	-225.1694	-392.3311	167.1617	0.1324584	4.803199
8880	-248.6343	-416.4987	167.8645	0.3331051	4.295655
8886	-242.6482	-410.851	168.2028	0.6090292	3.946071
8892	-231.8761	-400.4315	168.5554	0.4410445	3.840178
8898	-225.2709	-392.5945	167.3237	0.4410445	4.539721
8904	-217.6942	-386.7564	169.0622	0.09304921	3.748724
8910	-219.9584	-387.9836	168.0251	0.05083013	4.364401
8916	-229.2002	-394.8746	165.6744	0.4639125	5.443721
8922	-237.2415	-404.5655	167.3239	0.07446257	4.744981
8928	-235.3958	-402.7855	167.3897	0.3429108	4.55775
8934	-229.4624	-398.6214	169.1591	0.3779638	3.52741
8940	-236.008	-404.5006	168.4927	0.3747991	3.914217
8946	-240.3319	-408.0065	167.6746	0.3251648	4.407421
8952	-246.9196	-413.3283	166.4087	1.901107	4.232096
8958	-239.6934	-407.2005	167.507	0.4299885	4.442772
8964	-242.4647	-410.7871	168.3224	0.5588959	3.906314
8970	-231.0041	-397.381	166.377	0.1802419	5.21258
8976	-229.7086	-397.638	167.9294	0.1793133	4.345895
8982	-224.9738	-393.0179	168.0441	0.1272648	4.310457
8988	-223.825	-390.5517	166.7267	0.2623308	4.973127
8994	-237.0796	-404.3473	167.2677	0.1493616	4.734558
9000	-235.8253	-403.868	168.0427	0.4515164	4.127362
9006	-227.4936	-395.2265	167.7329	0.4351095	4.312398
9012	-220.9357	-389.9016	168.9658	0.7155391	3.44315
9018	-227.3168	-395.9125	168.5957	0.4410982	3.816956
9024	-226.8794	-395.1234	168.244	0.09795861	4.213832
9030	-219.8877	-387.8203	167.9326	0.3956822	4.221592
9036	-224.9415	-392.2736	167.3321	0.03249454	4.763894
9042	-226.9903	-394.2245	167.2341	0.1304562	4.763894
9048	-228.3569	-396.9899	168.633	0.2864618	3.884415
9054	-226.0934	-395.334	169.2407	0.4302969	3.449231
9060	-226.385	-392.4544	166.0695	0.3735178	5.275694
9066	-233.9723	-400.2865	166.3142	0.5433366	5.04619
9072	-226.4174	-394.3634	167.946	0.5878785	4.104781
9078	-229.3535	-397.7597	168.4062	0.5698081	3.851924
9084	-234.1282	-404.1869	170.0587	0.3313385	3.023895
9090	-230.6231	-398.402	167.7789	0.2645442	4.382744
9096	-233.184	-401.6416	168.4576	0.2645442	3.997394
9102	-226.1049	-393.4423	167.3374	0.09629944	4.725248
9108	-237.9411	-405.9931	168.052	0.1573005	4.28903
9114	-232.7851	-400.7883	168.0032	0.05944743	4.371918
9120	-256.88	-423.5682	166.6882	0.159056	5.05192
9126	-238.0146	-405.855	167.8404	0.6162828	4.148711
9132	-233.7482	-401.9645	168.2163	0.2403855	4.148711
9138	-238.1607	-406.411	168.2502	0.2616713	4.117302
9144	-229.2334	-397.6724	168.4391	0.3332787	3.968677
9150	-228.5388	-397.4689	168.93	0.1615879	3.785411
9156	-227.5833	-395.5437	167.9604	0.3567858	4.227896
9162	-225.421	-393.568	168.147	0.2316956	4.193003
9168	-226.8742	-395.2325	168.3583	0.2811938	4.044573
9174	-213.2937	-382.1383	168.8446	0.1522585	3.839925
9180	-217.0794	-385.6559	168.5765	0.5678811	3.754998
9186	-214.703	-384.2507	169.5477	0.2145068	3.395815
9192	-229.2361	-395.9936	166.7575	0.7117542	4.705378
9198	-224.565	-392.7006	168.1356	0.295625	4.16315
9204	-225.7093	-394.3965	168.6872	0.3271055	3.829896
9210	-217.4131	-386.0717	168.6587	0.3556675	3.829896
9216	-222.7528	-387.9063	165.1535	0.6231397	5.642478
9222	-216.802	-385.3504	168.5484	0.3887307	3.87425
9228	-218.509	-387.9897	169.4807	1.099454	2.909564
9234	-222.3573	-391.4988	169.1414	1.39496	2.935955
9240	-219.6735	-388.7823	169.1088	1.214459	3.063829
9246	-219.6005	-389.5584	169.958	0.365311	3.063829
9252	-214.6497	-383.8407	169.191	0.3576174	3.520676
9258	-212.8211	-381.427	168.6058	0.5568281	3.744444
9264	-221.3963	-389.5826	168.1863	0.03547853	4.281929
9270	-219.5463	-387.3837	167.8374	0.01577948	4.489981
9276	-230.9799	-400.2357	169.2558	0.007505729	3.686327
9282	-234.9941	-401.9691	166.975	0.03683925	4.960467
9288	-230.904	-399.2771	168.3731	0.08546106	4.147625
9294	-221.6104	-389.8995	168.2891	0.07922559	4.198899
9300	-233.3362	-400.162	166.8259	0.0361325	5.043721
9306	-222.7286	-390.946	168.2173	0.5104266	3.99418
9312	-226.5392	-393.6378	167.0986	0.3290564	4.728634
9318	-230.1301	-397.5305	167.4004	0.3415626	4.552484
9324	-245.9124	-413.1988	167.2863	0.2948432	4.642708
9330	-220.2028	-389.0902	168.8874	0.4206701	3.660381
9336	-226.8402	-394.6072	167.767	0.6895889	4.148748
9342	-238.3755	-405.5102	167.1347	0.06239813	4.857358
9348	-231.9951	-399.1658	167.1706	0.1651208	4.779974
9354	-226.2494	-392.456	166.2066	0.5339184	5.111115
9360	-235.1753	-402.7947	167.6194	0.1344948	4.545774
9366	-225.8334	-394.584	168.7506	0.1268379	3.908495
9372	-222.417	-391.8087	169.3917	0.1238368	3.539904
9378	-221.7522	-389.7469	167.9947	0.3595839	4.206841
9384	-219.8062	-387.1301	167.324	0.474335	4.52084
9390	-224.9346	-392.5465	167.612	0.1805176	4.524097
9396	-234.5313	-401.3087	166.7774	0.3525394	4.894767
9402	-225.7625	-392.8841	167.1216	0.3525394	4.702655
9408	-220.8204	-390.3531	169.5326	0.2553324	3.380709
9414	-233.9176	-402.7532	168.8356	0.1385963	3.852966
9420	-241.3145	-407.448	166.1335	0.4284148	5.209978
9426	-220.7523	-388.8758	168.1234	0.3997907	4.110835
9432	-223.4849	-391.0484	167.5635	0.4058777	4.424554
9438	-233.3507	-401.4387	168.088	0.3216714	4.175395
9444	-231.3782	-398.5684	167.1902	0.5210445	4.569756
9450	-224.6713	-392.8394	168.1681	0.2825231	4.152134
9456	-224.5676	-392.8371	168.2694	0.1507657	4.169433
9462	-214.038	-382.5286	168.4906	0.1840785	4.024512
9468	-216.6574	-383.0779	166.4205	0.4839324	5.020152
9474	-232.0488	-400.8853	168.8366	0.2235819	3.803536
9480	-226.0472	-395.2547	169.2074	1.033806	3.112779
9486	-240.0546	-409.3427	169.2881	0.6868881	3.270644
9492	-231.2507	-398.8314	167.5807	0.4448407	4.392837
9498	-229.1401	-396.6926	167.5524	0.4535845	4.403874
9504	-221.6039	-390.759	169.1551	0.2631593	3.596491
9510	-220.1294	-387.2071	167.0776	0.2326659	4.794203
9516	-218.5707	-388.4092	169.8385	0.2113819	3.226398
9522	-216.72	-385.688	168.968	0.5252375	3.552911
9528	-218.9859	-386.7665	167.7806	0.4948801	4.251535
9534	-219.385	-387.8821	168.4972	0.2840518	3.963618
9540	-221.3281	-389.7593	168.4312	0.3499829	3.963618
9546	-226.4524	-393.7718	167.3194	0.6093458	4.447443
9552	-224.9961	-392.4379	167.4418	0.6093458	4.378385
9558	-237.292	-406.5997	169.3077	0.6093458	3.304812
9564	-227.1599	-395.8537	168.6938	0.6093458	3.663218
9570	-218.3562	-387.75	169.3939	0.3143424	3.427436
9576	-225.0256	-392.0086	166.9829	0.02215381	4.964234
9582	-240.3135	-409.2995	168.9859	0.05304963	3.815705
9588	-233.1986	-401.414	168.2155	0.005884006	4.282187
9594	-234.9056	-401.6588	166.7532	0.2090779	4.98804
9600	-231.8229	-399.5606	167.7377	0.6594793	4.182514
