Iteration	Posterior	Likelihood	Prior	tree_length
0	-509.1638	-681.9525	172.7887	1.460763
6	-505.4292	-678.6976	173.2684	1.061091
12	-506.2432	-679.4158	173.1726	1.148624
18	-498.699	-671.9877	173.2887	1.041747
24	-500.6935	-673.6973	173.0038	1.291753
30	-491.9328	-665.0116	173.0787	1.229624
36	-493.438	-666.5259	173.0879	1.221858
42	-495.2949	-668.3864	173.0914	1.218908
48	-492.8013	-665.9617	173.1604	1.159421
54	-495.9695	-668.7732	172.8037	1.44935
60	-496.2005	-669.5704	173.3699	0.9605901
66	-506.0679	-678.743	172.6751	1.545869
72	-495.2413	-668.1972	172.9559	1.330488
78	-495.1837	-668.2865	173.1028	1.209269
84	-493.3771	-666.3053	172.9282	1.352528
90	-492.5642	-665.703	173.1388	1.178291
96	-494.5746	-667.5268	172.9522	1.333392
102	-487.9467	-660.8842	172.9375	1.345138
108	-493.8191	-667.0719	173.2528	1.075792
114	-491.4027	-664.0358	172.6331	1.576778
120	-487.0786	-660.473	173.3944	0.9345998
126	-489.9196	-662.9734	173.0538	1.250508
132	-491.8775	-664.8114	172.9339	1.347987
138	-490.2804	-663.4948	173.2144	1.111113
144	-490.2757	-663.5475	173.2717	1.057932
150	-497.7367	-670.9169	173.1801	1.141937
156	-503.8355	-676.8103	172.9748	1.315238
162	-491.3953	-664.7254	173.3302	1.001129
168	-513.6401	-686.4508	172.8107	1.444009
174	-503.4976	-676.4935	172.9959	1.298191
180	-500.8429	-674.0344	173.1915	1.131812
186	-507.8101	-680.5375	172.7274	1.506996
192	-503.2663	-676.5838	173.3175	1.013725
198	-495.2355	-668.1338	172.8983	1.376163
204	-499.312	-672.5568	173.2447	1.083254
210	-496.6362	-669.3384	172.7022	1.525794
216	-487.7877	-660.7249	172.9372	1.345368
222	-491.8726	-664.7138	172.8413	1.420531
228	-494.8394	-667.6058	172.7663	1.477736
234	-501.7224	-674.7623	173.0399	1.262102
240	-496.0294	-669.2084	173.179	1.142981
246	-492.5339	-665.4886	172.9547	1.331432
252	-494.2804	-667.5557	173.2753	1.054587
258	-491.332	-664.2994	172.9674	1.321198
264	-502.1766	-675.2608	173.0841	1.225066
270	-499.496	-672.6344	173.1384	1.178625
276	-498.0525	-671.2837	173.2312	1.095782
282	-490.6562	-664.1747	173.5186	0.7858583
288	-493.506	-666.3549	172.8488	1.414695
294	-498.9847	-671.8336	172.8488	1.414695
300	-499.371	-672.578	173.207	1.117881
306	-498.8643	-671.7427	172.8784	1.391677
312	-491.1808	-664.4757	173.2949	1.035783
318	-489.0343	-662.1478	173.1135	1.200107
324	-494.5273	-667.9896	173.4623	0.8577965
330	-501.4287	-674.46	173.0314	1.269096
336	-500.1453	-673.2679	173.1226	1.19226
342	-506.4476	-679.1508	172.7032	1.525038
348	-508.9774	-681.6806	172.7032	1.525038
354	-504.5	-677.7085	173.2085	1.116478
360	-506.2294	-679.3152	173.0858	1.2237
366	-518.6996	-691.4509	172.7513	1.489066
372	-513.4618	-686.3683	172.9066	1.36964
378	-505.7769	-678.6098	172.8329	1.426932
384	-511.1591	-684.3447	173.1856	1.137042
390	-493.031	-666.4735	173.4425	0.8810515
396	-493.8659	-666.9013	173.0354	1.265786
402	-490.029	-663.3973	173.3682	0.9623441
408	-493.4005	-666.3521	172.9516	1.33387
414	-493.4977	-666.6437	173.146	1.172008
420	-489.8187	-663.2371	173.4185	0.9083469
426	-495.4682	-668.8419	173.3737	0.9566201
432	-500.1135	-673.5814	173.468	0.8509769
438	-489.6731	-662.9575	173.2844	1.045827
444	-490.5276	-664.0138	173.4862	0.8284424
450	-490.158	-662.8927	172.7348	1.501491
456	-500.6882	-673.5062	172.818	1.438384
462	-496.4608	-669.2788	172.818	1.438384
468	-493.4768	-666.4697	172.9929	1.300596
474	-487.314	-660.5039	173.1899	1.133205
480	-496.2868	-669.2793	172.9925	1.300954
486	-497.2932	-670.2857	172.9925	1.300954
492	-507.1152	-679.7798	172.6647	1.553576
498	-493.6102	-666.6897	173.0795	1.228971
504	-496.2731	-669.3809	173.1078	1.204941
510	-497.1008	-670.2869	173.1861	1.13659
516	-492.8474	-665.7431	172.8957	1.378159
522	-498.2311	-671.2049	172.9738	1.316046
528	-490.3585	-663.4185	173.06	1.245333
534	-491.8675	-665.0298	173.1623	1.15771
540	-492.8798	-665.9765	173.0967	1.214454
546	-495.9014	-669.079	173.1776	1.144176
552	-517.7676	-690.9293	173.1617	1.15824
558	-511.7804	-684.5966	172.8162	1.439767
564	-511.9257	-684.8473	172.9216	1.357738
570	-499.0814	-672.1039	173.0225	1.276405
576	-505.6736	-678.6009	172.9273	1.353264
582	-493.8657	-667.0811	173.2154	1.110227
588	-496.6829	-669.6622	172.9794	1.311576
594	-499.7011	-672.8905	173.1895	1.133586
600	-497.1375	-669.8222	172.6847	1.538753
606	-489.7378	-662.9779	173.2401	1.087513
612	-500.8379	-674.1544	173.3165	1.014689
618	-501.9393	-674.8961	172.9568	1.329696
624	-505.5947	-678.3783	172.7836	1.464653
630	-489.7623	-662.8766	173.1143	1.199404
636	-507.6716	-681.0397	173.368	0.9625242
642	-490.9828	-663.9754	172.9926	1.300867
648	-494.4801	-667.2467	172.7666	1.477556
654	-493.8827	-666.8351	172.9523	1.333295
660	-492.8091	-666.2221	173.4131	0.9143115
666	-495.6031	-669.0162	173.4131	0.9143115
672	-496.051	-669.4928	173.4418	0.8819295
678	-495.1592	-668.072	172.9128	1.364751
684	-493.7289	-667.0906	173.3618	0.9690072
690	-489.2568	-662.3575	173.1007	1.210985
696	-491.8168	-665.1151	173.2984	1.032414
702	-496.4588	-669.784	173.3252	1.006022
708	-497.187	-670.299	173.112	1.201405
714	-505.1528	-678.4781	173.3253	1.005995
720	-500.3477	-673.7018	173.3541	0.9768905
726	-495.4343	-668.4311	172.9968	1.297422
732	-496.6725	-669.8483	173.1759	1.145732
738	-500.2921	-673.7119	173.4198	0.9068903
744	-495.0301	-668.1469	173.1168	1.197227
750	-495.4015	-668.4595	173.058	1.247011
756	-506.6064	-679.7429	173.1365	1.180217
762	-501.3314	-674.4412	173.1098	1.203241
768	-495.7572	-668.502	172.7448	1.493946
774	-493.86	-667.0738	173.2137	1.111722
780	-501.9789	-675.1736	173.1947	1.128957
786	-492.4753	-665.3892	172.9139	1.36385
792	-495.1789	-667.7252	172.5463	1.639777
798	-492.6755	-665.5521	172.8766	1.393118
804	-500.8419	-673.8079	172.966	1.322331
810	-496.3463	-669.3457	172.9994	1.295291
816	-496.9214	-670.0177	173.0962	1.214819
822	-504.0804	-677.3534	173.273	1.056758
828	-505.5773	-678.7797	173.2024	1.122011
834	-506.5592	-679.6254	173.0662	1.240174
840	-498.0634	-671.039	172.9756	1.314625
846	-504.6597	-677.8041	173.1444	1.173393
852	-495.0717	-667.9678	172.896	1.377907
858	-501.878	-674.774	172.896	1.377907
864	-498.981	-671.9887	173.0077	1.288549
870	-500.9118	-673.8654	172.9535	1.332335
876	-495.2285	-668.6506	173.4221	0.9043283
882	-493.8657	-667.0008	173.1351	1.181471
888	-490.6136	-663.4765	172.8629	1.40381
894	-497.3933	-670.8014	173.408	0.9198592
900	-491.8781	-665.0754	173.1973	1.126583
906	-492.681	-665.9068	173.2258	1.100738
912	-494.9443	-667.7973	172.8529	1.411501
918	-497.3621	-670.3044	172.9424	1.341276
924	-509.656	-682.9862	173.3302	1.001131
930	-495.4644	-668.4694	173.005	1.290787
936	-495.6987	-668.5277	172.829	1.429985
942	-501.8868	-675.2283	173.3415	0.9897224
948	-505.6201	-678.6457	173.0256	1.273858
954	-492.9878	-666.4386	173.4508	0.8714297
960	-487.2729	-660.5186	173.2458	1.082318
966	-493.1167	-666.4736	173.3569	0.974039
972	-491.2494	-664.6063	173.3569	0.974039
978	-495.4088	-668.071	172.6623	1.555374
984	-504.2127	-677.0382	172.8254	1.432697
990	-496.5477	-669.8472	173.2995	1.031301
996	-507.0899	-680.392	173.3021	1.028764
1002	-502.05	-675.082	173.032	1.268571
1008	-498.9661	-671.9981	173.032	1.268571
1014	-494.1325	-667.1645	173.032	1.268571
1020	-496.6682	-669.8732	173.205	1.119645
1026	-503.9108	-677.1158	173.205	1.119645
1032	-513.7162	-686.8548	173.1386	1.178468
1038	-506.2172	-679.1544	172.9373	1.345311
1044	-506.6123	-679.9154	173.3031	1.027789
1050	-496.9098	-669.9633	173.0534	1.25082
1056	-497.5622	-670.8343	173.272	1.05764
1062	-507.5658	-680.4457	172.8799	1.390542
1068	-511.1797	-684.3924	173.2127	1.11268
1074	-516.0738	-689.2	173.1262	1.189132
1080	-506.5169	-679.385	172.868	1.399771
1086	-502.854	-676.0773	173.2234	1.102932
1092	-498.2109	-671.3744	173.1635	1.156675
1098	-503.7444	-676.9107	173.1663	1.154198
1104	-506.6729	-679.379	172.7061	1.522887
1110	-501.5746	-674.4617	172.8871	1.384947
1116	-494.3745	-667.3718	172.9972	1.297076
1122	-490.8211	-663.8183	172.9972	1.297076
1128	-493.7392	-666.9314	173.1922	1.131172
1134	-491.1503	-664.0258	172.8755	1.393935
1140	-491.1705	-664.2585	173.088	1.221809
1146	-496.2582	-669.3353	173.0771	1.231024
1152	-502.8083	-675.9638	173.1554	1.163753
1158	-504.9488	-678.1903	173.2415	1.086257
1164	-508.6402	-681.5849	172.9447	1.339395
1170	-505.7113	-678.8234	173.1122	1.201221
1176	-499.2589	-672.6748	173.4159	0.9111766
1182	-507.8543	-681.2818	173.4275	0.8981765
1188	-515.1136	-687.5891	172.4755	1.69034
1194	-502.174	-675.1844	173.0104	1.286382
1200	-499.0137	-672.2986	173.285	1.045308
1206	-494.143	-667.428	173.285	1.045308
1212	-502.9666	-676.082	173.1155	1.198409
1218	-496.2587	-669.2122	172.9535	1.332372
1224	-498.8574	-671.8434	172.9861	1.306157
1230	-503.6632	-676.885	173.2218	1.104379
1236	-497.0104	-669.8031	172.7926	1.457782
1242	-498.9608	-672.1992	173.2384	1.089092
1248	-490.5253	-663.5769	173.0516	1.252324
1254	-494.6895	-667.8504	173.1609	1.158945
1260	-493.1822	-666.3208	173.1386	1.178422
1266	-497.5061	-670.3429	172.8368	1.423983
1272	-492.0437	-665.0176	172.974	1.315931
1278	-491.0598	-664.1273	173.0675	1.239071
1284	-502.5092	-675.5767	173.0675	1.239071
1290	-498.4694	-671.652	173.1825	1.139814
1296	-497.3622	-670.6564	173.2942	1.036446
1302	-495.4488	-668.1046	172.6559	1.560073
1308	-502.487	-675.6244	173.1374	1.179456
1314	-500.0247	-673.3973	173.3725	0.9578327
1320	-496.6551	-669.9253	173.2702	1.05941
1326	-486.0128	-659.283	173.2702	1.05941
1332	-485.4205	-658.3111	172.8905	1.382232
1338	-493.7257	-667.13	173.4043	0.923966
1344	-487.9756	-661.0749	173.0992	1.212277
1350	-490.3539	-663.4842	173.1303	1.185651
1356	-491.3511	-664.8114	173.4603	0.8602309
1362	-496.2029	-669.4247	173.2219	1.104309
1368	-496.2304	-669.2021	172.9718	1.317713
1374	-499.7038	-672.8827	173.1788	1.143081
1380	-506.6801	-679.2564	172.5763	1.61812
1386	-492.5952	-665.8142	173.219	1.106922
1392	-494.5478	-667.5815	173.0337	1.267165
1398	-497.8665	-670.6748	172.8084	1.44579
1404	-494.609	-667.7867	173.1777	1.144108
1410	-496.4158	-669.5935	173.1777	1.144108
1416	-496.7554	-669.9863	173.2309	1.096056
1422	-496.7737	-669.6399	172.8662	1.401221
1428	-501.9706	-675.1827	173.2121	1.113186
1434	-496.8658	-670.1333	173.2675	1.061987
1440	-505.6461	-678.9373	173.2912	1.039312
1446	-503.5123	-676.8469	173.3346	0.9966271
1452	-497.3266	-670.602	173.2755	1.054382
1458	-504.6293	-677.5083	172.8791	1.391193
1464	-512.9881	-685.5974	172.6092	1.594215
1470	-504.7729	-678.3191	173.5461	0.7462034
1476	-504.1412	-676.7681	172.6269	1.581305
1482	-504.8696	-678.0685	173.1989	1.125116
1488	-505.3629	-678.6039	173.241	1.086743
1494	-495.604	-668.6425	173.0385	1.263209
1500	-498.5599	-671.5984	173.0385	1.263209
1506	-497.4786	-670.2619	172.7833	1.464855
1512	-498.5821	-672.0245	173.4424	0.8812399
1518	-496.3627	-669.6653	173.3026	1.028256
1524	-505.9996	-679.0168	173.0172	1.280778
1530	-501.1384	-673.9726	172.8342	1.425965
1536	-501.8576	-675.2569	173.3993	0.929354
1542	-505.4366	-678.8393	173.4028	0.9256047
1548	-500.2518	-672.6499	172.3981	1.744972
1554	-497.2819	-670.5264	173.2445	1.083452
1560	-499.7456	-672.767	173.0214	1.277329
1566	-501.2832	-674.2032	172.92	1.359008
1572	-493.0909	-666.4737	173.3828	0.9470729
1578	-496.4754	-669.8705	173.3951	0.9339361
1584	-492.8819	-666.0472	173.1653	1.155069
1590	-489.2076	-662.3332	173.1256	1.189687
1596	-501.3522	-674.4778	173.1256	1.189687
1602	-492.9155	-666.1077	173.1922	1.131147
1608	-490.2974	-663.2047	172.9073	1.36904
1614	-494.4026	-667.3548	172.9522	1.333434
1620	-494.4026	-667.4019	172.9993	1.295398
1626	-492.8657	-666.0709	173.2052	1.119428
1632	-486.6018	-659.7362	173.1344	1.18208
1638	-488.4748	-661.6263	173.1515	1.167234
1644	-490.2877	-663.6154	173.3278	1.003515
1650	-500.0976	-673.4481	173.3505	0.9806234
1656	-501.9294	-674.7562	172.8268	1.431664
1662	-506.4603	-679.175	172.7148	1.516436
1668	-493.7774	-666.6807	172.9033	1.372233
1674	-487.8158	-661.2865	173.4707	0.8475952
1680	-497.1327	-670.4612	173.3284	1.002861
1686	-499.9161	-673.2024	173.2863	1.044071
1692	-492.6121	-665.8907	173.2786	1.051411
1698	-498.2202	-671.4093	173.1891	1.133897
1704	-502.7877	-675.7499	172.9623	1.325352
1710	-501.2628	-674.6699	173.4071	0.9208667
1716	-503.0986	-676.1769	173.0783	1.229981
1722	-501.851	-674.6048	172.7538	1.487219
1728	-496.0516	-668.9048	172.8532	1.411291
1734	-490.4225	-663.6849	173.2624	1.066704
1740	-515.2995	-688.3281	173.0286	1.271429
1746	-519.7508	-692.8524	173.1016	1.210285
1752	-512.0616	-684.7906	172.729	1.505807
1758	-496.9934	-670.4676	173.4742	0.8434208
1764	-499.9879	-673.3512	173.3633	0.9674471
1770	-507.7395	-680.9444	173.2049	1.119748
1776	-499.6604	-672.7485	173.0881	1.221716
1782	-494.3919	-667.5913	173.1994	1.124671
1788	-491.9063	-665.1484	173.242	1.085756
1794	-489.8117	-662.8503	173.0386	1.263111
1800	-494.8129	-667.8632	173.0503	1.253452
1806	-494.584	-667.4011	172.8172	1.439061
1812	-497.3649	-669.8081	172.4433	1.713195
1818	-490.3653	-663.3376	172.9722	1.317335
1824	-488.5219	-661.4101	172.8882	1.384026
1830	-499.2441	-672.2826	173.0386	1.263157
1836	-493.9985	-667.3695	173.3709	0.9594975
1842	-491.9397	-664.9935	173.0537	1.25057
1848	-493.5132	-666.4517	172.9384	1.3444
1854	-496.917	-669.7592	172.8422	1.419781
1860	-496.4369	-669.442	173.0051	1.290669
1866	-509.9998	-682.7143	172.7145	1.516661
1872	-495.8286	-668.6261	172.7975	1.454104
1878	-491.8168	-664.5065	172.6897	1.535066
1884	-503.7771	-676.4698	172.6927	1.532836
1890	-498.3587	-671.4188	173.0601	1.245285
1896	-497.4897	-670.9671	173.4774	0.8394051
1902	-502.0149	-674.9713	172.9564	1.330015
1908	-501.0199	-674.4656	173.4457	0.8774254
1914	-504.2072	-677.1115	172.9043	1.371443
1920	-501.4825	-673.8389	172.3564	1.774074
1926	-496.1926	-669.3247	173.1321	1.184082
1932	-489.2325	-662.5553	173.3228	1.008413
1938	-490.1617	-663.3393	173.1776	1.144193
1944	-491.8505	-665.2478	173.3974	0.9314203
1950	-492.3968	-665.6238	173.2269	1.099689
1956	-497.9837	-671.0809	173.0972	1.214003
1962	-500.6468	-673.727	173.0802	1.228381
1968	-492.0954	-665.0981	173.0027	1.292666
1974	-499.5346	-672.7386	173.204	1.120532
1980	-503.2265	-676.4566	173.2301	1.096826
1986	-497.0957	-670.4026	173.3069	1.024135
1992	-493.597	-666.5798	172.9828	1.308775
1998	-490.6987	-663.3211	172.6224	1.584601
2004	-498.2178	-671.6093	173.3914	0.9378282
2010	-492.5454	-665.7904	173.245	1.083049
2016	-494.7185	-668.081	173.3624	0.9683234
2022	-509.7625	-683.1476	173.3851	0.9446024
2028	-507.9202	-681.1198	173.1997	1.124471
2034	-494.1489	-667.6535	173.5046	0.8046432
2040	-493.4508	-666.7515	173.3007	1.030109
2046	-498.3328	-671.5662	173.2334	1.093746
2052	-501.8779	-675.1687	173.2908	1.039688
2058	-497.0032	-669.8784	172.8752	1.3942
2064	-505.8662	-678.8249	172.9587	1.328223
2070	-501.0368	-674.1391	173.1024	1.209611
2076	-497.217	-670.4948	173.2779	1.052106
2082	-506.4281	-679.6417	173.2136	1.11184
2088	-505.2939	-678.3442	173.0502	1.253503
2094	-498.7539	-671.8594	173.1055	1.206966
2100	-499.1958	-672.0022	172.8064	1.447274
2106	-505.2735	-678.6889	173.4154	0.911796
2112	-495.9528	-668.7018	172.749	1.490795
2118	-497.9284	-671.1741	173.2457	1.082343
2124	-499.0725	-672.4642	173.3916	0.9376266
2130	-508.6494	-681.4961	172.8467	1.416335
2136	-504.6447	-677.6549	173.0102	1.286503
2142	-501.9209	-674.8294	172.9085	1.36807
2148	-498.4814	-671.0894	172.6079	1.595152
2154	-497.5685	-670.6939	173.1254	1.189889
2160	-493.8314	-666.5233	172.6919	1.533453
2166	-492.5173	-665.6976	173.1803	1.141794
2172	-497.3426	-670.2528	172.9103	1.366721
2178	-494.6395	-667.9089	173.2694	1.060129
2184	-499.6274	-672.7137	173.0863	1.223273
2190	-503.703	-676.7848	173.0818	1.227057
2196	-503.9242	-676.4365	172.5123	1.664147
2202	-489.9952	-662.8882	172.8931	1.380244
2208	-495.8309	-669.1572	173.3264	1.004901
2214	-501.5802	-674.4554	172.8751	1.394252
2220	-497.7931	-670.7635	172.9704	1.318822
2226	-505.8838	-678.9069	173.0231	1.275896
2232	-489.0121	-661.9352	172.9231	1.356563
2238	-491.6735	-665.0127	173.3393	0.9919746
2244	-496.5473	-669.703	173.1557	1.163503
2250	-497.1097	-670.2262	173.1164	1.197565
2256	-496.8353	-670.0091	173.1738	1.147557
2262	-499.8324	-673.1906	173.3582	0.9727246
2268	-500.8363	-673.8055	172.9692	1.319776
2274	-487.1701	-660.1393	172.9692	1.319776
2280	-489.2662	-662.3449	173.0787	1.229692
2286	-492.2715	-665.7211	173.4496	0.8728441
2292	-491.5844	-664.7788	173.1944	1.129212
2298	-503.8	-676.9943	173.1944	1.129212
2304	-500.3937	-673.2205	172.8268	1.431633
2310	-496.5701	-669.7846	173.2145	1.111061
2316	-489.2448	-662.5958	173.351	0.980106
2322	-499.9021	-673.087	173.1849	1.137694
2328	-490.8679	-664.2288	173.3609	0.9699153
2334	-498.5648	-671.8278	173.263	1.06615
2340	-502.8912	-675.9993	173.1081	1.204739
2346	-503.6844	-676.8659	173.1815	1.140744
2352	-493.9623	-667.1438	173.1815	1.140744
2358	-498.5984	-671.3379	172.7395	1.49797
2364	-504.6027	-677.3492	172.7465	1.492645
2370	-497.3846	-670.5663	173.1817	1.14054
2376	-501.5121	-674.5154	173.0033	1.292147
2382	-502.9823	-676.2196	173.2373	1.090123
2388	-500.3703	-673.876	173.5057	0.8032577
2394	-495.0125	-668.237	173.2245	1.10195
2400	-494.3504	-667.229	172.8786	1.391572
2406	-502.61	-675.9877	173.3777	0.9524486
2412	-504.051	-677.2491	173.1981	1.125831
2418	-509.315	-682.7388	173.4238	0.9023893
2424	-503.2875	-675.8318	172.5444	1.641152
2430	-492.2805	-665.4214	173.1409	1.176446
2436	-497.5919	-670.7583	173.1664	1.154066
2442	-505.9698	-678.9298	172.96	1.327188
2448	-507.4441	-680.708	173.2639	1.065292
2454	-505.8251	-679.0729	173.2478	1.080405
2460	-495.9293	-668.5442	172.6149	1.590087
2466	-496.4691	-669.7325	173.2635	1.065734
2472	-490.4624	-663.2595	172.797	1.454433
2478	-491.3857	-664.2532	172.8674	1.400252
2484	-486.6663	-659.5338	172.8674	1.400252
2490	-489.4819	-662.3493	172.8674	1.400252
2496	-488.2862	-661.5009	173.2147	1.110826
2502	-488.3249	-661.5396	173.2147	1.110826
2508	-493.1983	-666.2779	173.0796	1.228927
2514	-491.1904	-664.4066	173.2161	1.109567
2520	-491.7048	-665.0474	173.3425	0.9887106
2526	-491.7491	-664.746	172.9969	1.297352
2532	-503.905	-677.1158	173.2107	1.114456
2538	-505.9121	-678.8511	172.9391	1.343904
2544	-499.9603	-673.0832	173.1229	1.192025
2550	-504.6134	-677.5501	172.9368	1.345713
2556	-502.4948	-675.7832	173.2883	1.042106
2562	-509.2269	-682.5492	173.3223	1.008927
2568	-492.2141	-665.4845	173.2704	1.059191
2574	-489.5002	-662.4837	172.9834	1.308285
2580	-500.1025	-672.3578	172.2553	1.843924
2586	-494.1917	-667.5609	173.3692	0.961328
2592	-501.2377	-674.502	173.2642	1.065039
2598	-500.5903	-673.8545	173.2642	1.065039
2604	-492.6879	-665.7972	173.1092	1.203738
2610	-492.0489	-665.1777	173.1289	1.186872
2616	-493.9801	-667.1089	173.1289	1.186872
2622	-500.8354	-674.2809	173.4455	0.8776517
2628	-503.6785	-676.8521	173.1736	1.147747
2634	-498.9362	-672.2585	173.3223	1.008905
2640	-502.1646	-675.487	173.3223	1.008905
2646	-496.7957	-669.9418	173.1461	1.171882
2652	-498.9209	-671.9802	173.0593	1.245937
2658	-493.377	-666.459	173.082	1.226846
2664	-504.2613	-677.2449	172.9836	1.308181
2670	-494.5523	-667.425	172.8726	1.396195
2676	-493.6771	-666.6374	172.9603	1.326902
2682	-490.5704	-663.71	173.1397	1.177512
2688	-496.2312	-669.2485	173.0174	1.28063
2694	-502.6787	-675.7273	173.0486	1.254848
2700	-508.5569	-681.596	173.0391	1.262718
2706	-514.5097	-687.4663	172.9566	1.329923
2712	-507.4814	-680.438	172.9566	1.329923
2718	-507.8513	-681.208	173.3567	0.9742573
2724	-503.9761	-677.0051	173.029	1.271105
2730	-516.881	-690.1837	173.3028	1.028109
2736	-515.1424	-688.4343	173.292	1.038602
2742	-513.6903	-686.9829	173.2926	1.037946
2748	-515.5509	-688.3535	172.8025	1.45024
2754	-509.6482	-682.8572	173.209	1.116014
2760	-507.8304	-681.0386	173.2082	1.116714
2766	-504.7865	-677.9455	173.1589	1.160667
2772	-501.8579	-675.0726	173.2147	1.110826
2778	-498.6366	-671.8482	173.2116	1.113702
2784	-502.3523	-675.5638	173.2116	1.113702
2790	-502.0439	-675.2555	173.2116	1.113702
2796	-494.475	-667.6866	173.2116	1.113702
2802	-494.985	-668.2265	173.2416	1.08618
2808	-502.3332	-675.4486	173.1154	1.198468
2814	-492.5374	-665.7171	173.1797	1.142301
2820	-502.2015	-675.5372	173.3357	0.9955973
2826	-503.4458	-676.312	172.8662	1.401189
2832	-497.3142	-670.1056	172.7914	1.458722
2838	-493.0748	-666.1506	173.0758	1.232104
2844	-494.9893	-668.3496	173.3603	0.9705625
2850	-507.4905	-680.5293	173.0388	1.262941
2856	-505.0356	-678.2158	173.1802	1.141845
2862	-505.199	-677.8325	172.6336	1.576453
2868	-503.8718	-676.5186	172.6467	1.566779
2874	-503.8765	-676.7125	172.836	1.424604
2880	-497.1432	-670.0653	172.9221	1.357329
2886	-496.8959	-670.0134	173.1175	1.196638
2892	-500.6423	-673.7012	173.0589	1.246282
2898	-496.4909	-669.8083	173.3175	1.013736
2904	-496.2135	-669.5772	173.3636	0.9671127
2910	-497.6812	-670.9153	173.2341	1.093071
2916	-499.0409	-672.3658	173.325	1.006298
2922	-489.9062	-662.9052	172.999	1.29564
2928	-493.6065	-666.459	172.8526	1.411781
2934	-492.6653	-666.1428	173.4775	0.8393472
2940	-485.9996	-659.2441	173.2444	1.083556
2946	-491.9495	-664.6757	172.7262	1.507877
2952	-496.5449	-669.6784	173.1336	1.182803
2958	-499.5194	-672.5738	173.0545	1.249964
2964	-492.8582	-665.9127	173.0545	1.249964
2970	-490.1336	-663.2185	173.0849	1.224426
2976	-491.8278	-664.9625	173.1347	1.181794
2982	-492.7464	-665.8812	173.1347	1.181794
2988	-484.456	-657.7918	173.3358	0.9955124
2994	-491.8664	-664.7065	172.8402	1.421368
3000	-494.2653	-667.0864	172.8212	1.435981
3006	-493.3314	-666.6835	173.3521	0.9789363
3012	-500.5267	-673.8701	173.3434	0.9877917
3018	-494.3317	-667.3396	173.008	1.288334
3024	-491.2747	-664.4019	173.1272	1.188283
3030	-487.0807	-660.2936	173.2129	1.112478
3036	-493.069	-666.0055	172.9366	1.345889
3042	-489.5763	-662.7479	173.1716	1.14948
3048	-490.3124	-663.7421	173.4297	0.8957038
3054	-491.3726	-664.674	173.3013	1.029544
3060	-496.4461	-669.8682	173.4221	0.9042792
3066	-500.3803	-673.7911	173.4108	0.9168643
3072	-490.2207	-663.3229	173.1021	1.209792
3078	-493.6668	-666.7754	173.1085	1.204342
3084	-490.8306	-663.818	172.9873	1.305113
3090	-499.921	-673.1279	173.207	1.117874
3096	-500.6388	-673.7007	173.062	1.243715
3102	-491.0635	-663.9564	172.8929	1.380355
3108	-491.4603	-664.572	173.1117	1.201642
3114	-493.1769	-666.3425	173.1656	1.154828
3120	-502.1793	-675.4874	173.308	1.022999
3126	-500.8758	-673.9678	173.092	1.218438
3132	-502.2467	-675.3858	173.1391	1.177997
3138	-498.4377	-671.5768	173.1391	1.177997
3144	-495.721	-668.9056	173.1846	1.13795
3150	-497.122	-669.9588	172.8368	1.423979
3156	-499.0154	-672.1534	173.138	1.178972
3162	-496.8998	-669.99	173.0902	1.219953
3168	-498.1751	-671.2499	173.0749	1.23288
3174	-495.9363	-669.2449	173.3086	1.022387
3180	-500.8484	-673.9877	173.1393	1.177835
3186	-498.8711	-671.6284	172.7573	1.484569
3192	-498.4496	-671.2751	172.8255	1.432644
3198	-497.0282	-669.8333	172.8051	1.448284
3204	-495.3039	-668.2574	172.9536	1.332321
3210	-503.7148	-676.6641	172.9492	1.335777
3216	-503.3708	-676.32	172.9492	1.335777
3222	-501.4501	-674.5915	173.1414	1.175999
3228	-489.2699	-662.4113	173.1414	1.175999
3234	-501.2526	-674.5511	173.2985	1.032291
3240	-505.118	-678.3401	173.222	1.104158
3246	-504.6359	-677.5076	172.8718	1.39686
3252	-512.0213	-684.8746	172.8533	1.411235
3258	-503.1381	-676.417	173.2789	1.051153
3264	-508.1556	-681.5073	173.3517	0.9793713
3270	-504.4384	-677.6084	173.1701	1.150867
3276	-507.3356	-680.4104	173.0748	1.232934
3282	-509.3648	-682.539	173.1742	1.147221
3288	-505.3983	-678.082	172.6837	1.539565
3294	-497.5053	-670.7343	173.2291	1.097741
3300	-501.9459	-674.8357	172.8898	1.38278
3306	-490.8698	-664.072	173.2022	1.122139
3312	-500.8432	-673.5394	172.6962	1.530269
3318	-499.7698	-673.0824	173.3127	1.018452
3324	-501.7862	-674.7945	173.0083	1.288053
3330	-505.4391	-678.5944	173.1553	1.163851
3336	-494.045	-666.9419	172.8969	1.377224
3342	-491.6582	-664.713	173.0549	1.249632
3348	-497.2785	-670.56	173.2815	1.048616
3354	-492.9848	-666.1667	173.1819	1.140382
3360	-493.2534	-666.4352	173.1819	1.140382
3366	-502.4413	-675.5465	173.1051	1.207232
3372	-507.85	-680.2171	172.3671	1.766611
3378	-496.9892	-670.1794	173.1902	1.132986
3384	-497.2049	-670.1782	172.9733	1.31643
3390	-501.4046	-674.1238	172.7192	1.513163
3396	-497.6474	-670.6396	172.9921	1.301224
3402	-501.1787	-674.0285	172.8498	1.413924
3408	-503.1782	-676.0672	172.8889	1.383465
3414	-503.843	-676.732	172.8889	1.383465
3420	-499.7734	-672.8801	173.1068	1.205834
3426	-498.6057	-671.7741	173.1684	1.152311
3432	-494.5314	-667.1724	172.6411	1.570958
3438	-510.9682	-683.6093	172.6411	1.570958
3444	-509.9038	-683.2776	173.3738	0.9565106
3450	-506.725	-679.8407	173.1157	1.198207
3456	-511.5256	-684.766	173.2403	1.087371
3462	-505.1704	-678.459	173.2886	1.041805
3468	-508.2866	-681.6031	173.3165	1.01468
3474	-505.6881	-678.8651	173.177	1.1447
3480	-499.1494	-671.9019	172.7526	1.488113
3486	-505.501	-678.6011	173.1001	1.211572
3492	-502.0167	-675.2639	173.2473	1.080921
3498	-499.9048	-673.1242	173.2194	1.106559
3504	-513.8664	-687.0083	173.1419	1.175594
3510	-501.2894	-674.5934	173.304	1.026964
3516	-492.7469	-666.0508	173.304	1.026964
3522	-503.7824	-676.5632	172.7808	1.466804
3528	-500.5461	-673.5456	172.9996	1.295195
3534	-500.2629	-673.172	172.9091	1.367625
3540	-496.935	-669.8442	172.9091	1.367625
3546	-499.7809	-672.8503	173.0694	1.23748
3552	-498.1671	-670.8976	172.7305	1.504666
3558	-501.5686	-674.3071	172.7385	1.498703
3564	-500.2759	-673.5938	173.3179	1.013312
3570	-496.001	-669.3982	173.3972	0.9316661
3576	-494.2604	-667.2313	172.971	1.318343
3582	-518.2284	-691.3973	173.1689	1.151875
3588	-514.2267	-687.1315	172.9048	1.371024
3594	-513.3927	-686.0927	172.7	1.527451
3600	-511.1495	-684.4091	173.2596	1.069414
3606	-503.6062	-676.756	173.1497	1.168725
3612	-501.6741	-674.9085	173.2344	1.092814
3618	-505.5041	-678.1687	172.6646	1.553642
3624	-496.6294	-669.7935	173.1641	1.156087
3630	-502.3887	-675.2468	172.8581	1.407533
3636	-494.798	-667.7399	172.9419	1.341608
3642	-496.8388	-670.0873	173.2486	1.079711
3648	-506.7339	-679.6246	172.8907	1.382109
3654	-507.8655	-680.9188	173.0533	1.250938
3660	-496.4401	-669.5726	173.1326	1.183674
3666	-495.3704	-668.2076	172.8372	1.423619
3672	-501.1209	-674.3856	173.2648	1.064518
3678	-505.8889	-679.2474	173.3585	0.9723579
3684	-505.7928	-679.181	173.3882	0.9412553
3690	-505.1915	-678.1149	172.9235	1.356291
3696	-493.9038	-667.0971	173.1933	1.130143
3702	-501.6103	-674.6146	173.0043	1.291322
3708	-508.8236	-681.4618	172.6382	1.573025
3714	-498.8281	-672.0502	173.2221	1.104082
3720	-502.94	-676.3673	173.4273	0.8984708
3726	-493.3684	-666.6902	173.3218	1.009426
3732	-507.6747	-680.9445	173.2698	1.059756
3738	-506.5875	-679.8194	173.2319	1.095133
3744	-500.9423	-674.1902	173.2479	1.080336
3750	-505.5153	-678.5669	173.0516	1.252359
3756	-499.6118	-672.4738	172.8621	1.404406
3762	-506.996	-679.9034	172.9074	1.368995
3768	-492.2378	-665.4302	173.1924	1.131017
3774	-510.1127	-683.3566	173.2439	1.084062
3780	-508.9205	-682.4442	173.5237	0.7787274
3786	-501.4305	-674.2777	172.8472	1.415916
3792	-489.1758	-662.2649	173.0891	1.220902
3798	-494.3384	-667.4274	173.0891	1.220902
3804	-502.4479	-675.5369	173.0891	1.220902
3810	-500.8221	-674.117	173.2949	1.035794
3816	-503.0006	-676.1567	173.1561	1.163138
3822	-503.0421	-676.0848	173.0427	1.259727
3828	-498.6748	-672.0324	173.3576	0.9733215
3834	-502.0109	-675.1019	173.0911	1.219204
3840	-501.9451	-675.1263	173.1812	1.140997
3846	-498.4048	-671.3398	172.935	1.347094
3852	-500.0587	-673.4532	173.3944	0.9346095
3858	-498.4998	-671.5972	173.0974	1.213871
3864	-490.1565	-663.2538	173.0974	1.213871
3870	-502.5404	-675.4207	172.8803	1.390201
3876	-505.563	-678.4652	172.9022	1.373085
3882	-514.4214	-687.1205	172.6991	1.528139
3888	-519.2915	-692.4012	173.1097	1.203337
3894	-524.3495	-697.1036	172.7541	1.486973
3900	-514.2271	-687.1099	172.8828	1.388295
3906	-497.6879	-671.1082	173.4203	0.9062744
3912	-504.1615	-677.4224	173.2608	1.068217
3918	-507.1868	-680.3482	173.1614	1.158531
3924	-505.4458	-678.577	173.1312	1.184887
3930	-510.7213	-683.7681	173.0468	1.256358
3936	-502.4819	-675.7728	173.2909	1.039618
3942	-503.0779	-675.758	172.68	1.542254
3948	-493.6664	-667.019	173.3526	0.9784181
3954	-508.6997	-682.1659	173.4661	0.8531762
3960	-507.1617	-679.9589	172.7972	1.454288
3966	-508.3883	-681.7894	173.4011	0.9274145
3972	-503.6483	-676.8184	173.1701	1.150847
3978	-498.4838	-671.9017	173.4179	0.9089654
3984	-502.3708	-675.5607	173.1898	1.133296
3990	-496.1643	-669.4936	173.3293	1.001976
3996	-495.2259	-668.5552	173.3293	1.001976
4002	-497.8758	-671.0916	173.2158	1.109821
4008	-492.0048	-664.9502	172.9453	1.338899
4014	-491.3918	-664.8198	173.4279	0.8977151
4020	-490.3055	-663.5043	173.1988	1.125225
4026	-494.2428	-667.6977	173.4549	0.8665511
4032	-506.9208	-680.0492	173.1284	1.187296
4038	-501.1917	-674.0358	172.8442	1.418293
4044	-500.9086	-673.7527	172.8442	1.418293
4050	-495.6897	-668.512	172.8222	1.435181
4056	-501.2606	-673.9455	172.6849	1.538661
4062	-488.2999	-661.4342	173.1343	1.182197
4068	-499.294	-672.7722	173.4782	0.838443
4074	-499.4921	-672.6601	173.168	1.152703
4080	-504.1925	-677.3605	173.168	1.152703
4086	-497.7185	-670.8864	173.168	1.152703
4092	-491.56	-664.728	173.168	1.152703
4098	-485.7462	-658.7616	173.0154	1.282235
4104	-499.2285	-672.518	173.2895	1.041006
4110	-499.9548	-673.042	173.0872	1.222453
4116	-500.9402	-674.0686	173.1284	1.187262
4122	-502.8237	-676.3591	173.5353	0.7622436
4128	-502.1796	-674.9342	172.7547	1.48652
4134	-500.1643	-673.5076	173.3434	0.9878558
4140	-506.6936	-679.5902	172.8967	1.377411
4146	-507.685	-680.9764	173.2914	1.039127
4152	-500.5259	-673.9498	173.4239	0.9022521
4158	-494.653	-668.0605	173.4075	0.9204093
4164	-496.7571	-669.7832	173.0261	1.273481
4170	-492.0123	-665.147	173.1347	1.181796
4176	-495.1533	-668.241	173.0878	1.222014
4182	-495.3244	-668.6126	173.2882	1.042216
4188	-489.2043	-661.9067	172.7024	1.525675
4194	-483.9125	-657.0234	173.111	1.20226
4200	-488.1509	-661.402	173.2511	1.077333
4206	-504.3749	-677.626	173.2511	1.077333
4212	-511.4155	-684.4457	173.0302	1.270058
4218	-510.4773	-683.5405	173.0632	1.242651
4224	-503.5966	-676.604	173.0074	1.28878
4230	-497.0159	-669.9171	172.9012	1.373838
4236	-500.4897	-673.3537	172.864	1.402949
4242	-498.0282	-671.2233	173.195	1.12863
4248	-502.7891	-676.0269	173.2378	1.089648
4254	-497.2675	-670.5053	173.2378	1.089648
4260	-499.6927	-673.1678	173.4751	0.8422225
4266	-500.8481	-673.9168	173.0686	1.238112
4272	-510.6242	-683.758	173.1339	1.182553
4278	-513.7606	-686.4422	172.6816	1.541082
4284	-512.2545	-685.3357	173.0812	1.227514
4290	-506.8163	-679.7789	172.9625	1.325123
4296	-500.3967	-673.6649	173.2683	1.061205
4302	-496.3408	-669.3512	173.0104	1.286314
4308	-500.6768	-674.2615	173.5847	0.6817996
4314	-510.9973	-684.3174	173.3201	1.011124
4320	-505.6097	-679.0968	173.487	0.827387
4326	-503.8922	-677.052	173.1598	1.159923
4332	-501.0991	-674.1534	173.0542	1.250157
4338	-497.6391	-670.5198	172.8807	1.38992
4344	-500.2706	-672.7974	172.5268	1.653772
4350	-500.411	-673.6089	173.1979	1.126068
4356	-505.7535	-679.123	173.3695	0.9609688
4362	-506.2729	-679.2851	173.0123	1.284812
4368	-507.9809	-680.9932	173.0123	1.284812
4374	-510.8205	-683.8031	172.9826	1.308988
4380	-506.1153	-679.1218	173.0065	1.289565
4386	-502.3802	-675.3828	173.0027	1.292669
4392	-496.2868	-669.5319	173.2452	1.082859
4398	-499.308	-672.2404	172.9324	1.349224
4404	-495.864	-668.8491	172.9852	1.306879
4410	-492.518	-665.5768	173.0588	1.246373
4416	-494.7689	-667.9608	173.1919	1.131437
4422	-497.4669	-670.693	173.2261	1.100485
4428	-510.9796	-684.2056	173.2261	1.100485
4434	-514.4091	-687.8411	173.432	0.893146
4440	-509.0312	-681.9826	172.9514	1.334039
4446	-501.5698	-674.2723	172.7025	1.525602
4452	-498.1359	-670.9094	172.7735	1.472278
4458	-492.3046	-665.6845	173.3799	0.9500618
4464	-493.5357	-666.21	172.6743	1.546473
4470	-508.1976	-680.9423	172.7448	1.49397
4476	-493.1665	-666.1896	173.0231	1.275912
4482	-491.1727	-664.2647	173.092	1.218432
4488	-495.1893	-668.0389	172.8495	1.414122
4494	-497.2487	-670.4305	173.1819	1.140399
4500	-511.2548	-683.9834	172.7286	1.506125
4506	-508.9241	-682.247	173.3229	1.008364
4512	-494.9662	-667.947	172.9808	1.310412
4518	-492.8005	-665.9232	173.1227	1.192216
4524	-502.291	-675.5921	173.3011	1.029748
4530	-494.7041	-667.9672	173.2631	1.066131
4536	-493.8819	-667.0111	173.1292	1.186587
4542	-496.2783	-669.0219	172.7436	1.494839
4548	-497.9067	-670.8135	172.9068	1.369447
4554	-498.1917	-671.0985	172.9068	1.369447
4560	-498.816	-671.638	172.822	1.435324
4566	-497.0684	-669.9117	172.8433	1.418966
4572	-495.1384	-668.1797	173.0412	1.260957
4578	-492.1515	-665.3148	173.1633	1.156839
4584	-490.2127	-663.4126	173.1999	1.124207
4590	-493.5592	-667.0088	173.4496	0.872839
4596	-510.7218	-683.9552	173.2334	1.093724
4602	-505.6423	-678.521	172.8788	1.391419
4608	-499.7715	-672.8184	173.0469	1.256228
4614	-494.6893	-667.6289	172.9396	1.34346
4620	-496.1286	-669.4101	173.2815	1.04862
4626	-495.6261	-668.9076	173.2815	1.04862
4632	-490.9789	-663.9701	172.9912	1.301989
4638	-501.8098	-675.0731	173.2633	1.065891
4644	-496.8887	-669.6611	172.7724	1.473115
4650	-500.4544	-673.6883	173.2339	1.093313
4656	-500.4101	-673.3455	172.9354	1.346806
4662	-508.668	-681.6034	172.9354	1.346806
4668	-505.2596	-678.4159	173.1563	1.163005
4674	-497.4149	-670.3793	172.9644	1.323651
4680	-500.1465	-672.6361	172.4896	1.680347
4686	-499.0536	-672.1879	173.1343	1.182159
4692	-492.0572	-665.4539	173.3966	0.9322468
4698	-499.8092	-672.5207	172.7114	1.518918
4704	-495.1182	-668.3595	173.2413	1.086411
4710	-497.7764	-671.1142	173.3379	0.993406
4716	-497.047	-670.2889	173.2419	1.085938
4722	-497.4077	-670.8566	173.4489	0.8736516
4728	-502.6447	-675.8595	173.2149	1.110693
4734	-510.8738	-683.925	173.0511	1.252744
4740	-507.6206	-680.6718	173.0511	1.252744
4746	-508.1663	-681.0213	172.855	1.40989
4752	-505.4727	-678.4119	172.9392	1.3438
4758	-497.3765	-670.3429	172.9664	1.321986
4764	-488.0583	-661.4003	173.342	0.9892243
4770	-496.7276	-669.7384	173.0108	1.286012
4776	-497.4227	-670.1998	172.7772	1.469539
4782	-500.275	-673.2178	172.9428	1.340895
4788	-503.0452	-676.2926	173.2474	1.080776
4794	-500.3361	-673.3453	173.0091	1.287365
4800	-504.8766	-678.0286	173.152	1.16673
4806	-488.8031	-662.0563	173.2532	1.075409
4812	-488.1157	-661.001	172.8853	1.386326
4818	-485.1263	-658.2672	173.1409	1.176393
4824	-495.8901	-668.8077	172.9176	1.360937
4830	-485.2016	-658.0861	172.8845	1.38696
4836	-495.9936	-669.3341	173.3405	0.9907577
4842	-500.5206	-673.849	173.3283	1.00295
4848	-508.3573	-681.5965	173.2391	1.088475
4854	-494.0775	-667.2454	173.1679	1.152769
4860	-494.9114	-668.0793	173.1679	1.152769
4866	-509.1069	-682.0258	172.9189	1.359869
4872	-491.2724	-664.2949	173.0226	1.276351
4878	-506.5158	-679.3511	172.8353	1.42509
4884	-497.0468	-669.9972	172.9504	1.334863
4890	-495.7149	-668.9715	173.2566	1.072221
4896	-487.3927	-660.2264	172.8337	1.426354
4902	-492.8379	-665.9945	173.1566	1.162694
4908	-499.6775	-672.4563	172.7788	1.468275
4914	-508.5437	-681.1606	172.6169	1.588612
4920	-502.3266	-675.5687	173.2421	1.085726
4926	-508.157	-681.3991	173.2421	1.085726
4932	-513.9624	-686.9353	172.9728	1.316836
4938	-497.0187	-670.0735	173.0548	1.249669
4944	-501.1035	-674.1688	173.0653	1.240926
4950	-491.006	-664.0713	173.0653	1.240926
4956	-489.8571	-663.1025	173.2454	1.082635
4962	-497.7732	-671.0186	173.2454	1.082635
4968	-503.2487	-675.8333	172.5846	1.612115
4974	-501.6753	-674.9833	173.308	1.023051
4980	-508.0247	-681.0175	172.9928	1.300663
4986	-510.4504	-683.3973	172.9469	1.337651
4992	-504.9728	-677.7129	172.74	1.497544
4998	-500.8727	-673.9335	173.0608	1.244689
5004	-498.1547	-671.2808	173.1262	1.189207
5010	-503.7324	-677.1572	173.4247	0.9013233
5016	-497.286	-670.542	173.2559	1.072809
5022	-492.4147	-665.542	173.1273	1.188231
5028	-491.5344	-664.4905	172.9561	1.330307
5034	-495.9125	-669.3265	173.414	0.9132411
5040	-509.2365	-682.4974	173.2609	1.068177
5046	-495.5369	-668.4654	172.9285	1.352319
5052	-494.9685	-667.9679	172.9994	1.295318
5058	-504.2044	-676.7025	172.498	1.674339
5064	-500.8008	-673.962	173.1612	1.158671
5070	-503.6456	-676.607	172.9614	1.326037
5076	-503.6441	-676.4358	172.7917	1.458514
5082	-509.8112	-682.9726	173.1614	1.158531
5088	-495.3022	-668.2094	172.9072	1.369127
5094	-494.0681	-667.3035	173.2354	1.091929
5100	-492.3987	-665.6341	173.2354	1.091929
5106	-494.1294	-667.0665	172.937	1.345521
5112	-505.118	-678.1467	173.0287	1.271338
5118	-508.0667	-681.1752	173.1085	1.204348
5124	-497.1973	-670.098	172.9007	1.374255
5130	-497.9281	-671.0412	173.1131	1.200399
5136	-505.0615	-678.3168	173.2553	1.073433
5142	-502.3725	-675.532	173.1596	1.160132
5148	-505.8189	-678.6388	172.82	1.436907
5154	-505.9351	-679.1951	173.26	1.06897
5160	-508.6176	-681.6929	173.0753	1.232555
5166	-508.5443	-681.4174	172.8731	1.395849
5172	-511.1255	-684.2089	173.0834	1.225684
5178	-502.5138	-675.6482	173.1344	1.182057
5184	-507.264	-679.803	172.539	1.64501
5190	-502.0448	-675.4519	173.4071	0.920844
5196	-497.9523	-671.0887	173.1364	1.180379
5202	-503.046	-676.3941	173.3481	0.9830065
5208	-498.3412	-671.4607	173.1194	1.195003
5214	-495.2784	-668.5044	173.226	1.100513
5220	-492.0477	-665.3536	173.3059	1.025066
5226	-487.7537	-660.9578	173.204	1.120535
5232	-491.1875	-664.2757	173.0882	1.221616
5238	-499.7754	-672.8839	173.1085	1.204402
5244	-497.6242	-670.9357	173.3115	1.019592
5250	-506.4989	-679.454	172.9551	1.331083
5256	-503.2998	-676.2599	172.9601	1.327057
5262	-500.5861	-673.8605	173.2744	1.055385
5268	-502.4551	-674.9559	172.5008	1.672373
5274	-505.6691	-678.3686	172.6995	1.527777
5280	-509.3256	-682.3705	173.045	1.257876
5286	-509.2596	-682.3046	173.045	1.257876
5292	-510.7053	-684.2304	173.5251	0.7767952
5298	-516.3828	-689.4704	173.0876	1.222146
5304	-516.5287	-689.6615	173.1327	1.183521
5310	-508.7247	-681.8339	173.1092	1.203781
5316	-512.7108	-685.5657	172.8549	1.409994
5322	-510.4496	-683.5138	173.0642	1.24185
5328	-521.7077	-695.0199	173.3122	1.018914
5334	-510.1712	-683.0037	172.8324	1.427319
5340	-507.1654	-680.1155	172.95	1.33514
5346	-504.3228	-677.1677	172.8449	1.417734
5352	-506.3233	-679.1753	172.8519	1.41227
5358	-503.0103	-676.178	173.1677	1.152938
5364	-501.7602	-674.8676	173.1074	1.205321
5370	-500.2409	-673.3505	173.1096	1.203401
5376	-494.9757	-668.3837	173.408	0.9198907
5382	-491.4107	-664.4259	173.0152	1.282376
5388	-499.5913	-672.7055	173.1142	1.199487
5394	-503.374	-676.7545	173.3805	0.9494784
5400	-499.1331	-671.8093	172.6762	1.545061
5406	-498.6609	-671.5753	172.9144	1.363454
5412	-504.2366	-677.151	172.9144	1.363454
5418	-507.2001	-680.6033	173.4032	0.9251557
5424	-505.1398	-677.8518	172.712	1.518505
5430	-501.1542	-674.4064	173.2522	1.076283
5436	-501.8398	-674.9216	173.0817	1.227112
5442	-501.3106	-674.517	173.2064	1.118382
5448	-494.7224	-667.9558	173.2334	1.093725
5454	-497.8356	-671.0657	173.2301	1.096792
5460	-504.1611	-677.3348	173.1736	1.1477
5466	-505.293	-678.4666	173.1736	1.1477
5472	-509.2896	-682.3087	173.0191	1.279226
5478	-513.4375	-686.079	172.6415	1.570639
5484	-502.9528	-675.786	172.8332	1.426755
5490	-504.0019	-677.3913	173.3895	0.93995
5496	-516.4759	-689.8715	173.3956	0.9333545
5502	-508.3775	-681.6764	173.2989	1.031897
5508	-504.2251	-677.0133	172.7882	1.461177
5514	-512.3147	-685.5084	173.1937	1.129856
5520	-513.9386	-687.0369	173.0984	1.213025
5526	-508.5388	-681.7471	173.2083	1.116639
5532	-511.0756	-684.1364	173.0609	1.244633
5538	-499.2299	-672.306	173.0761	1.231838
5544	-500.9591	-673.9167	172.9576	1.329058
5550	-502.708	-675.6503	172.9423	1.341322
5556	-509.1123	-682.0546	172.9423	1.341322
5562	-508.1099	-681.3362	173.2262	1.100325
5568	-509.401	-682.5666	173.1656	1.154831
5574	-504.8317	-678.2551	173.4233	0.9028996
5580	-515.229	-688.8335	173.6044	0.6412918
5586	-515.9905	-689.4214	173.4309	0.8943561
5592	-507.8707	-681.3423	173.4716	0.8465353
5598	-505.8073	-678.3894	172.582	1.613976
5604	-502.9111	-676.0817	173.1706	1.150354
5610	-496.5506	-669.5099	172.9593	1.327759
5616	-494.2744	-667.1102	172.8358	1.424696
5622	-499.575	-672.4109	172.8358	1.424696
5628	-493.4813	-666.7122	173.2309	1.096013
5634	-492.5501	-665.3526	172.8025	1.450285
5640	-495.1032	-668.1003	172.9971	1.297181
5646	-492.2289	-665.3742	173.1453	1.172618
5652	-494.4447	-667.6553	173.2106	1.114572
5658	-496.7409	-669.9958	173.2549	1.073779
5664	-499.1519	-672.1329	172.9809	1.310299
5670	-498.6716	-671.9491	173.2775	1.052428
5676	-498.6805	-672.058	173.3775	0.9525712
5682	-502.3744	-675.4829	173.1085	1.204373
5688	-503.7906	-676.7081	172.9175	1.361031
5694	-495.7966	-668.714	172.9175	1.361031
5700	-507.4193	-680.8956	173.4763	0.8407967
5706	-510.1597	-683.2735	173.1138	1.199814
5712	-503.1871	-676.3009	173.1138	1.199814
5718	-496.6905	-669.8043	173.1138	1.199814
5724	-502.4377	-675.5185	173.0808	1.227911
5730	-504.8416	-677.8038	172.9622	1.325396
5736	-500.4354	-673.2479	172.8125	1.442645
5742	-494.8187	-668.062	173.2433	1.084568
5748	-501.7526	-674.9234	173.1708	1.150233
5754	-506.4701	-679.6409	173.1708	1.150233
5760	-500.6845	-673.8553	173.1708	1.150233
5766	-493.2241	-666.144	172.9199	1.359112
5772	-496.9208	-669.6635	172.7427	1.495562
5778	-497.5653	-670.6855	173.1202	1.194328
5784	-496.257	-669.2565	172.9995	1.29524
5790	-501.3973	-674.7158	173.3185	1.012704
5796	-506.7299	-679.5708	172.8409	1.420837
5802	-500.7173	-673.8875	173.1702	1.150762
5808	-504.0215	-677.02	172.9985	1.296057
5814	-509.4003	-682.7676	173.3673	0.9632864
5820	-501.0059	-674.1508	173.1449	1.172944
5826	-492.368	-665.4356	173.0676	1.238968
5832	-502.3526	-675.1384	172.7858	1.462941
5838	-504.3173	-677.1032	172.7858	1.462941
5844	-501.7183	-674.9027	173.1844	1.138159
5850	-501.8418	-675.0019	173.1601	1.159675
5856	-495.08	-668.3085	173.2285	1.098295
5862	-499.9203	-673.2321	173.3118	1.019253
5868	-496.3753	-669.2997	172.9244	1.355569
5874	-508.1379	-681.3265	173.1886	1.134432
5880	-493.0995	-666.2214	173.1219	1.192837
5886	-493.6443	-666.4087	172.7645	1.479146
5892	-491.0031	-663.9657	172.9626	1.32509
5898	-489.621	-662.5333	172.9122	1.365164
5904	-491.2538	-664.3988	173.145	1.172829
5910	-499.3266	-672.6241	173.2975	1.033267
5916	-499.6553	-672.9528	173.2975	1.033267
5922	-495.3406	-668.5367	173.1961	1.127674
5928	-494.4415	-667.741	173.2995	1.031295
5934	-495.1306	-668.262	173.1314	1.184694
5940	-494.4127	-667.598	173.1853	1.137344
5946	-496.3074	-669.218	172.9107	1.366386
5952	-497.8067	-671.1213	173.3146	1.016585
5958	-494.6021	-667.5838	172.9817	1.30967
5964	-493.4072	-666.662	173.2547	1.073939
5970	-492.8391	-666.0938	173.2547	1.073939
5976	-492.5085	-665.7127	173.2042	1.120392
5982	-494.1823	-667.2803	173.0981	1.213275
5988	-503.7532	-676.8892	173.136	1.180708
5994	-496.4865	-669.4432	172.9567	1.329815
6000	-501.6019	-674.7599	173.158	1.161495
6006	-505.3796	-678.5457	173.1661	1.154358
6012	-505.5947	-678.6504	173.0557	1.248953
6018	-502.6582	-676.0115	173.3533	0.9777543
6024	-497.4699	-670.8724	173.4025	0.9259052
6030	-511.3855	-684.5077	173.1222	1.192638
6036	-502.1523	-675.5047	173.3524	0.9786634
6042	-494.7394	-668.0309	173.2914	1.039092
6048	-492.5771	-665.7666	173.1894	1.133647
6054	-493.17	-666.4129	173.2429	1.084987
6060	-498.8475	-671.7462	172.8987	1.375851
6066	-493.2677	-666.2927	173.025	1.274361
6072	-497.1531	-670.3255	173.1724	1.148826
6078	-504.6069	-677.7406	173.1337	1.182658
6084	-517.201	-690.2737	173.0727	1.234746
6090	-497.158	-670.5815	173.4235	0.9026724
6096	-498.8875	-671.7094	172.8219	1.435436
6102	-490.8648	-664.1199	173.255	1.073663
6108	-493.5793	-666.2316	172.6522	1.562747
6114	-497.3887	-669.7626	172.3738	1.761922
6120	-507.1534	-679.8604	172.707	1.522249
6126	-511.6801	-684.6198	172.9397	1.343419
6132	-498.5098	-671.4495	172.9397	1.343419
6138	-501.1039	-674.2205	173.1166	1.197469
6144	-502.439	-675.2403	172.8013	1.451197
6150	-491.4927	-664.4716	172.9789	1.311946
6156	-500.1421	-673.0744	172.9324	1.349229
6162	-494.3026	-667.3753	173.0727	1.234716
6168	-493.2272	-666.1036	172.8764	1.393244
6174	-497.4118	-670.4632	173.0514	1.252503
6180	-502.4161	-675.4894	173.0733	1.234206
6186	-500.6364	-673.9543	173.3179	1.013286
6192	-495.6203	-668.2188	172.5984	1.602066
6198	-497.18	-669.8623	172.6823	1.540545
6204	-498.0136	-670.9363	172.9227	1.356898
6210	-500.9535	-674.4934	173.5399	0.7554918
6216	-503.1536	-676.0117	172.8582	1.407447
6222	-493.8187	-667.0026	173.1838	1.138639
6228	-494.7285	-667.3354	172.6069	1.595928
6234	-496.2502	-669.5977	173.3474	0.9837133
6240	-494.2944	-667.1142	172.8198	1.437015
6246	-495.2855	-668.5505	173.265	1.064277
6252	-495.2674	-668.0822	172.8147	1.440919
6258	-492.7737	-665.9996	173.2259	1.100668
6264	-498.8906	-672.1659	173.2753	1.054548
6270	-501.1031	-674.1085	173.0054	1.290452
6276	-492.3206	-665.5761	173.2554	1.073285
6282	-492.3342	-665.7576	173.4233	0.9029162
6288	-491.4908	-664.3681	172.8773	1.392597
6294	-494.6897	-667.9828	173.2931	1.037543
6300	-495.3212	-668.431	173.1097	1.203311
6306	-495.8333	-669.1835	173.3502	0.9808697
6312	-490.461	-663.4264	172.9654	1.322854
6318	-491.9708	-664.9362	172.9654	1.322854
6324	-501.9575	-674.9076	172.9501	1.335082
6330	-488.105	-661.2578	173.1528	1.16609
6336	-488.2244	-661.3538	173.1294	1.186448
6342	-497.0763	-670.053	172.9767	1.313754
6348	-497.8498	-671.1059	173.256	1.072722
6354	-503.7913	-676.4107	172.6194	1.586808
6360	-503.6049	-676.7187	173.1137	1.199893
6366	-500.9644	-674.1721	173.2077	1.117224
6372	-499.3934	-672.5392	173.1457	1.172216
6378	-504.4694	-677.5164	173.047	1.256171
6384	-505.9437	-678.7831	172.8394	1.421989
6390	-502.6492	-675.6718	173.0226	1.276345
6396	-508.373	-681.5121	173.1391	1.177995
6402	-502.6287	-676.0442	173.4154	0.9117277
6408	-500.6913	-673.6954	173.0041	1.291492
6414	-499.0931	-672.2754	173.1823	1.140002
6420	-509.0374	-682.0647	173.0273	1.272484
6426	-510.8123	-683.2113	172.399	1.744326
6432	-498.2823	-671.4424	173.1601	1.159622
6438	-508.8503	-682.1499	173.2996	1.031196
6444	-496.2696	-669.7367	173.4671	0.8520737
6450	-490.0929	-663.3721	173.2792	1.050814
6456	-497.5085	-670.548	173.0395	1.26242
6462	-504.5028	-677.0013	172.4985	1.673984
6468	-498.8675	-671.3427	172.4752	1.69058
6474	-498.297	-670.7722	172.4752	1.69058
6480	-501.3328	-674.2647	172.9319	1.349565
6486	-502.6829	-676.0921	173.4091	0.9186651
6492	-499.9915	-673.3269	173.3354	0.9958641
6498	-501.9745	-674.5865	172.612	1.59223
6504	-502.6309	-675.6973	173.0664	1.23999
6510	-499.0608	-672.2102	173.1494	1.169017
6516	-503.8229	-677.3041	173.4812	0.8347555
6522	-500.5396	-673.3448	172.8052	1.448229
6528	-498.9715	-671.7766	172.8052	1.448229
6534	-499.4573	-672.5462	173.0888	1.221093
6540	-505.8906	-679.106	173.2154	1.110242
6546	-490.6991	-663.8829	173.1838	1.138699
6552	-500.6936	-673.7138	173.0202	1.278296
6558	-503.0285	-676.0664	173.0378	1.263765
6564	-486.2899	-659.3294	173.0395	1.26238
6570	-493.3009	-666.3018	173.001	1.294048
6576	-502.1742	-675.327	173.1527	1.166104
6582	-503.0246	-676.5714	173.5468	0.7451262
6588	-507.0384	-680.2395	173.2011	1.123202
6594	-499.9617	-673.4113	173.4496	0.8728175
6600	-493.3009	-666.5259	173.225	1.101473
6606	-497.5818	-671.0514	173.4696	0.8489596
6612	-509.6233	-682.318	172.6947	1.531402
6618	-509.0273	-682.3458	173.3185	1.012742
6624	-511.1008	-684.2721	173.1713	1.149793
6630	-503.0988	-675.7615	172.6627	1.555027
6636	-506.6364	-679.8418	173.2054	1.119297
6642	-498.9707	-672.3817	173.411	0.9166337
6648	-499.7412	-672.5245	172.7832	1.46494
6654	-497.0872	-670.1384	173.0513	1.252614
6660	-499.0233	-672.0797	173.0564	1.248356
6666	-505.9541	-679.0105	173.0564	1.248356
6672	-506.7022	-679.98	173.2779	1.052098
6678	-503.9932	-676.9426	172.9494	1.335629
6684	-509.5118	-682.7133	173.2014	1.12288
6690	-504.105	-677.5756	173.4706	0.8477695
6696	-506.4403	-679.352	172.9117	1.365579
6702	-502.1115	-675.0633	172.9518	1.333703
6708	-506.7144	-679.6662	172.9518	1.333703
6714	-500.5616	-673.5646	173.0031	1.292334
6720	-494.9514	-668.2057	173.2544	1.07429
6726	-496.2265	-669.4809	173.2544	1.07429
6732	-500.3991	-673.336	172.9369	1.345591
6738	-500.0605	-673.2648	173.2043	1.120265
6744	-503.9585	-676.9596	173.0011	1.293943
6750	-507.8177	-681.214	173.3962	0.9326694
6756	-499.1692	-672.4731	173.304	1.026967
6762	-494.9031	-668.1584	173.2552	1.073492
6768	-493.7077	-667.0631	173.3554	0.9755862
6774	-496.8981	-670.0198	173.1217	1.19305
6780	-495.681	-668.8027	173.1217	1.19305
6786	-504.6357	-677.8644	173.2288	1.098005
6792	-505.9976	-679.0931	173.0955	1.215466
6798	-500.4536	-673.1057	172.6521	1.562824
6804	-492.1611	-664.7627	172.6016	1.599746
6810	-493.1591	-666.2597	173.1006	1.211108
6816	-499.6301	-672.409	172.7789	1.468202
6822	-498.9065	-671.8422	172.9357	1.346562
6828	-492.406	-665.425	173.019	1.279263
6834	-499.5537	-672.7237	173.1701	1.150869
6840	-508.838	-681.926	173.088	1.221815
6846	-501.4043	-674.4095	173.0052	1.290607
6852	-503.7406	-676.8559	173.1153	1.198521
6858	-493.3367	-666.5336	173.1969	1.126946
6864	-498.9102	-671.878	172.9678	1.32089
6870	-501.869	-675.1894	173.3203	1.01089
6876	-497.7143	-671.2231	173.5088	0.7991342
6882	-493.1732	-666.3833	173.2102	1.114974
6888	-500.3606	-673.502	173.1413	1.176074
6894	-501.1243	-674.5006	173.3763	0.9538351
6900	-492.5126	-665.4748	172.9622	1.325424
6906	-486.0489	-659.0111	172.9622	1.325424
6912	-489.232	-662.5756	173.3436	0.9876539
6918	-497.9522	-670.9765	173.0243	1.274968
6924	-490.5623	-663.4853	172.9231	1.356602
6930	-488.8441	-662.0746	173.2305	1.096398
6936	-485.8153	-658.6838	172.8685	1.399421
6942	-499.475	-672.5269	173.0519	1.2521
6948	-503.8076	-676.7402	172.9326	1.349041
6954	-500.9502	-674.1985	173.2483	1.079923
6960	-500.0649	-672.7171	172.6522	1.562799
6966	-502.1633	-675.6088	173.4455	0.8776696
6972	-495.5073	-668.7761	173.2689	1.060645
6978	-502.0636	-675.3325	173.2689	1.060645
6984	-506.678	-679.2405	172.5625	1.628114
6990	-502.3648	-675.3985	173.0337	1.267187
6996	-499.9022	-673.1156	173.2134	1.112066
7002	-497.4921	-670.9386	173.4465	0.876508
7008	-499.9684	-673.1904	173.2221	1.104117
7014	-500.636	-673.9404	173.3044	1.026548
7020	-498.9059	-672.2039	173.298	1.032714
7026	-501.1188	-674.0582	172.9394	1.343597
7032	-503.2743	-675.9674	172.6931	1.532554
7038	-502.4506	-675.5858	173.1351	1.181433
7044	-509.7061	-682.9805	173.2744	1.055449
7050	-511.7431	-684.9265	173.1834	1.139069
7056	-500.6588	-673.3144	172.6556	1.560267
7062	-501.2031	-674.2469	173.0438	1.25884
7068	-498.7537	-672.1432	173.3895	0.9398822
7074	-497.9431	-671.1963	173.2531	1.075456
7080	-503.365	-676.8047	173.4397	0.8843314
7086	-495.1973	-668.3431	173.1458	1.172177
7092	-498.5856	-671.7314	173.1458	1.172177
7098	-509.2635	-682.6985	173.435	0.8897378
7104	-503.227	-676.2337	173.0066	1.289425
7110	-499.2091	-672.4323	173.2231	1.103158
7116	-504.9893	-677.856	172.8667	1.400819
7122	-506.4894	-679.3214	172.8319	1.427721
7128	-513.0785	-685.9104	172.8319	1.427721
7134	-500.594	-673.8056	173.2116	1.113695
7140	-500.0852	-673.038	172.9528	1.332947
7146	-506.9614	-679.7651	172.8037	1.44937
7152	-510.4663	-683.7372	173.2709	1.058721
7158	-501.4834	-674.9109	173.4274	0.8982914
7164	-495.2378	-668.4916	173.2538	1.07481
7170	-489.7113	-662.9651	173.2538	1.07481
7176	-491.8474	-665.1012	173.2538	1.07481
7182	-485.0091	-658.2099	173.2007	1.123508
7188	-486.9988	-660.23	173.2312	1.095785
7194	-493.389	-666.2983	172.9093	1.367489
7200	-487.6158	-660.7952	173.1793	1.142653
7206	-494.1711	-666.9148	172.7437	1.494802
7212	-501.7161	-674.4598	172.7437	1.494802
7218	-494.8421	-667.5857	172.7437	1.494802
7224	-497.6407	-671.126	173.4853	0.8295014
7230	-497.7983	-670.7891	172.9909	1.302252
7236	-502.0068	-674.9977	172.9909	1.302252
7242	-498.6016	-671.9533	173.3516	0.9794554
7248	-491.2643	-664.0623	172.798	1.453729
7254	-488.9738	-662.0687	173.0949	1.215925
7260	-508.8105	-682.0081	173.1977	1.126273
7266	-503.6793	-676.8496	173.1703	1.150631
7272	-501.0162	-674.4462	173.4299	0.8954626
7278	-500.2092	-673.0024	172.7933	1.457289
7284	-495.5454	-668.7912	173.2459	1.082224
7290	-496.8563	-670.1098	173.2535	1.075091
7296	-501.5005	-674.8341	173.3336	0.9976389
7302	-495.6711	-668.8417	173.1706	1.150389
7308	-494.4044	-667.6346	173.2302	1.096679
7314	-490.8452	-664.0754	173.2302	1.096679
7320	-482.5215	-655.5368	173.0153	1.28236
7326	-494.9257	-668.2006	173.2749	1.054935
7332	-497.6612	-670.9713	173.3101	1.021005
7338	-496.6942	-669.9016	173.2074	1.117511
7344	-494.7303	-667.2186	172.4883	1.681256
7350	-502.07	-675.4044	173.3344	0.99683
7356	-504.1369	-677.4024	173.2655	1.063828
7362	-499.9025	-673.2641	173.3616	0.9692134
7368	-504.1498	-677.1371	172.9873	1.305171
7374	-502.7136	-675.7922	173.0787	1.229685
7380	-497.8696	-670.9818	173.1122	1.201183
7386	-498.5906	-671.7028	173.1122	1.201183
7392	-493.5219	-666.5947	173.0727	1.234695
7398	-510.1571	-683.2295	173.0724	1.234997
7404	-502.6927	-675.8172	173.1244	1.19069
7410	-503.5471	-676.6715	173.1244	1.19069
7416	-507.0004	-680.3278	173.3274	1.003901
7422	-501.5726	-674.7807	173.2081	1.116827
7428	-500.263	-673.5365	173.2736	1.056194
7434	-501.0694	-674.1423	173.0729	1.234537
7440	-501.5415	-674.3143	172.7728	1.472828
7446	-495.7387	-668.8334	173.0947	1.216152
7452	-509.2605	-682.1131	172.8527	1.411716
7458	-507.252	-680.3652	173.1132	1.200343
7464	-491.5671	-664.7193	173.1522	1.16659
7470	-505.7487	-678.2107	172.462	1.699919
7476	-508.0643	-680.9143	172.85	1.413785
7482	-514.7217	-688.142	173.4203	0.9062946
7488	-516.8653	-690.1667	173.3014	1.029448
7494	-504.926	-678.0902	173.1642	1.156006
7500	-498.6438	-671.8623	173.2185	1.107364
7506	-508.842	-682.0886	173.2466	1.081563
7512	-503.4783	-676.6037	173.1254	1.189849
7518	-511.6453	-684.8768	173.2315	1.095492
7524	-502.3567	-675.8811	173.5244	0.7777987
7530	-504.4467	-677.53	173.0833	1.225744
7536	-501.4119	-674.8176	173.4057	0.9224102
7542	-500.568	-673.9505	173.3825	0.9473041
7548	-503.7574	-676.4271	172.6697	1.549858
7554	-505.7025	-678.7897	173.0873	1.222436
7560	-499.5326	-672.8245	173.2919	1.038694
7566	-504.5663	-677.105	172.5387	1.645204
7572	-501.4219	-674.4439	173.0221	1.276757
7578	-498.4237	-671.4092	172.9855	1.306582
7584	-500.2199	-673.2615	173.0416	1.260672
7590	-498.6333	-671.5555	172.9222	1.357262
7596	-502.8563	-675.6944	172.8381	1.42294
7602	-499.5173	-672.6578	173.1405	1.176793
7608	-502.4226	-675.6144	173.1918	1.131562
7614	-497.364	-670.4365	173.0725	1.234892
7620	-502.4715	-675.7842	173.3127	1.01839
7626	-509.3147	-682.4344	173.1197	1.194753
7632	-505.4733	-678.3782	172.9049	1.370922
7638	-514.1149	-687.0198	172.9049	1.370922
7644	-514.8817	-687.9345	173.0528	1.251393
7650	-519.4134	-692.9959	173.5825	0.6857948
7656	-503.9448	-677.1227	173.1779	1.14392
7662	-506.2378	-679.2014	172.9636	1.324291
7668	-512.7183	-685.6528	172.9346	1.347482
7674	-517.6005	-690.6781	173.0776	1.230574
7680	-513.8225	-686.9647	173.1422	1.175313
7686	-508.0564	-681.229	173.1726	1.148653
7692	-499.5425	-672.7151	173.1726	1.148653
7698	-503.6562	-676.6324	172.9762	1.314146
7704	-514.3696	-687.5729	173.2032	1.121239
7710	-504.8808	-677.6572	172.7765	1.470066
7716	-500.3212	-673.6583	173.337	0.994221
7722	-496.118	-669.3003	173.1823	1.140025
7728	-496.273	-669.5359	173.2629	1.066288
7734	-500.7337	-674.019	173.2852	1.045053
7740	-509.593	-682.7345	173.1415	1.175902
7746	-506.8912	-680.0025	173.1113	1.201971
7752	-505.9944	-679.027	173.0326	1.268141
7758	-504.0367	-677.0693	173.0326	1.268141
7764	-499.9595	-673.0884	173.1289	1.186813
7770	-506.3795	-679.5981	173.2187	1.107244
7776	-494.5083	-667.5608	173.0525	1.251624
7782	-501.8307	-675.0425	173.2117	1.11356
7788	-497.9162	-670.8822	172.966	1.322316
7794	-493.0188	-666.1947	173.1759	1.145735
7800	-507.4177	-680.7194	173.3017	1.029202
7806	-503.5242	-676.9038	173.3796	0.9503776
7812	-500.0291	-673.0161	172.987	1.305397
7818	-503.3738	-676.5403	173.1665	1.154048
7824	-504.4936	-677.3198	172.8261	1.432173
7830	-498.7849	-671.68	172.895	1.378682
7836	-501.9734	-675.5026	173.5292	0.7710051
7842	-502.8273	-675.8748	173.0474	1.255827
7848	-500.7567	-673.6882	172.9315	1.349901
7854	-516.5309	-689.3693	172.8384	1.422737
7860	-507.0062	-680.1964	173.1902	1.13294
7866	-510.6376	-683.6238	172.9862	1.306024
7872	-508.6699	-681.3399	172.67	1.549693
7878	-500.1931	-673.2986	173.1055	1.206948
7884	-496.0755	-669.2418	173.1663	1.154176
7890	-501.1532	-673.5883	172.4351	1.718981
7896	-504.9315	-678.0459	173.1144	1.199338
7902	-500.299	-673.5584	173.2595	1.069519
7908	-498.6732	-671.9347	173.2615	1.067557
7914	-500.4862	-673.6658	173.1796	1.142435
7920	-502.2347	-675.5326	173.2978	1.032906
7926	-496.8054	-670.1361	173.3307	1.000599
7932	-507.7086	-681.0393	173.3307	1.000599
7938	-505.2096	-678.4698	173.2603	1.06875
7944	-506.8954	-679.9017	173.0063	1.289687
7950	-509.1235	-682.1526	173.0291	1.271009
7956	-507.6499	-680.6695	173.0196	1.278808
7962	-512.9294	-686.0809	173.1515	1.167172
7968	-508.2177	-681.2479	173.0302	1.270119
7974	-505.9662	-679.372	173.4058	0.9222819
7980	-498.1742	-671.3904	173.2162	1.109524
7986	-499.3092	-672.4964	173.1872	1.13561
7992	-493.364	-666.6809	173.3169	1.01433
7998	-493.105	-666.4414	173.3365	0.9947944
8004	-492.153	-664.9952	172.8422	1.419763
8010	-488.1878	-660.9452	172.7573	1.484539
8016	-495.5648	-668.4283	172.8634	1.403347
8022	-495.2209	-668.5064	173.2854	1.044869
8028	-490.8943	-663.7079	172.8136	1.44178
8034	-489.5066	-662.4352	172.9286	1.352203
8040	-488.7987	-662.2321	173.4335	0.8914536
8046	-486.0763	-659.0383	172.9619	1.325622
8052	-504.4027	-677.3525	172.9498	1.335347
8058	-508.3965	-681.3462	172.9498	1.335347
8064	-503.4841	-676.6536	173.1694	1.151421
8070	-512.5624	-685.7813	173.2189	1.107068
8076	-504.0403	-677.1865	173.1462	1.171855
8082	-500.0281	-673.1743	173.1462	1.171855
8088	-505.9177	-679.1007	173.183	1.139344
8094	-501.023	-674.2177	173.1946	1.128973
8100	-505.437	-678.6316	173.1946	1.128973
8106	-506.0625	-679.5098	173.4473	0.8754949
8112	-497.2149	-670.5246	173.3096	1.021421
8118	-493.3425	-666.2975	172.955	1.331164
8124	-490.8962	-663.8605	172.9643	1.323694
8130	-492.886	-666.3986	173.5126	0.7940642
8136	-493.425	-666.4701	173.0452	1.257703
8142	-489.3597	-662.7839	173.4242	0.9019056
8148	-496.9672	-669.7986	172.8314	1.428093
8154	-499.3522	-671.825	172.4728	1.692292
8160	-505.7468	-678.7579	173.0111	1.285748
8166	-504.4331	-677.8819	173.4488	0.8738143
8172	-501.4092	-674.7778	173.3686	0.9619126
8178	-493.2548	-666.1356	172.8808	1.389819
8184	-491.036	-664.27	173.234	1.093221
8190	-497.4022	-670.3401	172.9379	1.34484
8196	-497.8216	-670.883	173.0615	1.244135
8202	-497.1011	-669.7346	172.6335	1.576506
8208	-491.1886	-664.384	173.1955	1.12824
8214	-490.3198	-663.4169	173.0971	1.214072
8220	-491.7925	-665.0513	173.2588	1.070133
8226	-501.7816	-674.9054	173.1238	1.191213
8232	-494.437	-667.431	172.994	1.299703
8238	-498.8545	-671.8485	172.994	1.299703
8244	-501.7435	-674.4659	172.7224	1.510731
8250	-505.8276	-678.5982	172.7706	1.474517
8256	-506.7159	-679.4865	172.7706	1.474517
8262	-503.8245	-676.6803	172.8558	1.409283
8268	-505.087	-677.9148	172.8278	1.43091
8274	-503.3407	-676.5658	173.2251	1.10138
8280	-500.4599	-673.6365	173.1766	1.145084
8286	-492.9915	-665.999	173.0075	1.288741
8292	-500.0968	-673.1334	173.0366	1.264793
8298	-508.9803	-682.0308	173.0505	1.253232
8304	-505.6492	-679.0143	173.3652	0.9655027
8310	-508.8265	-681.5223	172.6958	1.530562
8316	-499.8871	-672.7738	172.8867	1.385247
8322	-493.8931	-667.0939	173.2008	1.123442
8328	-492.224	-665.33	173.1061	1.206462
8334	-489.0317	-662.2294	173.1977	1.126239
8340	-500.9461	-674.1215	173.1754	1.146161
8346	-504.8309	-677.5586	172.7277	1.506787
8352	-500.5137	-673.2602	172.7465	1.492697
8358	-497.4789	-670.5277	173.0488	1.254719
8364	-488.1577	-660.9245	172.7668	1.477375
8370	-485.3481	-658.4167	173.0686	1.238164
8376	-490.4345	-663.5031	173.0686	1.238164
8382	-491.3864	-664.4113	173.0249	1.27444
8388	-490.5967	-663.8399	173.2432	1.084654
8394	-488.6303	-661.8326	173.2023	1.122045
8400	-496.5971	-669.874	173.2768	1.053073
8406	-496.5988	-669.9911	173.3923	0.9368875
8412	-489.3074	-662.2374	172.93	1.351109
8418	-495.621	-668.7379	173.1169	1.197192
8424	-495.7653	-668.5677	172.8024	1.450368
8430	-492.4568	-665.3931	172.9363	1.34611
8436	-497.237	-669.7986	172.5616	1.628776
8442	-493.2856	-666.3369	173.0513	1.252613
8448	-496.5843	-669.6356	173.0513	1.252613
8454	-502.7255	-675.7768	173.0513	1.252613
8460	-503.1951	-676.431	173.2359	1.091407
8466	-505.3611	-678.5926	173.2315	1.095505
8472	-510.9138	-684.0426	173.1288	1.186965
8478	-505.946	-678.8196	172.8736	1.395412
8484	-501.9915	-675.2912	173.2997	1.031151
8490	-490.6355	-663.9427	173.3072	1.023826
8496	-489.6595	-662.9947	173.3352	0.9961004
8502	-499.8108	-672.4865	172.6757	1.545478
8508	-497.9109	-670.9185	173.0076	1.288612
8514	-501.0975	-674.1103	173.0128	1.284382
8520	-521.8237	-694.6386	172.8149	1.440764
8526	-516.0949	-688.8223	172.7274	1.507
8532	-504.6279	-677.6856	173.0578	1.247207
8538	-497.7708	-671.082	173.3113	1.01982
8544	-499.2961	-672.3362	173.0401	1.261869
8550	-497.9986	-671.5028	173.5042	0.8052816
8556	-498.4706	-671.7574	173.2868	1.043546
8562	-501.9149	-674.9904	173.0754	1.23242
8568	-504.9358	-678.1761	173.2403	1.087403
8574	-507.6608	-680.5968	172.936	1.346326
8580	-501.468	-674.8174	173.3494	0.9817083
8586	-502.8743	-675.9767	173.1024	1.209584
8592	-493.3386	-666.5974	173.2587	1.070214
8598	-499.8198	-673.2481	173.4283	0.8973502
8604	-502.3171	-675.2759	172.9588	1.328086
8610	-496.9775	-670.1149	173.1374	1.179485
8616	-491.6575	-664.4748	172.8173	1.438914
8622	-496.5895	-669.8611	173.2717	1.057981
8628	-496.6226	-669.8943	173.2717	1.057981
8634	-495.6858	-668.4617	172.7759	1.470459
8640	-500.0616	-673.026	172.9643	1.323678
8646	-500.7479	-674.0509	173.303	1.027929
8652	-483.6288	-656.4048	172.776	1.470409
8658	-487.6058	-660.6567	173.0509	1.252946
8664	-488.5664	-661.8548	173.2884	1.042002
8670	-494.281	-667.5901	173.3091	1.021968
8676	-491.3369	-664.452	173.1151	1.198692
8682	-495.1369	-668.1392	173.0023	1.292982
8688	-496.6026	-669.8533	173.2507	1.077706
8694	-496.8039	-670.0546	173.2507	1.077706
8700	-496.2565	-668.9022	172.6456	1.567586
8706	-488.5242	-661.6199	173.0957	1.21527
8712	-492.4019	-665.6157	173.2138	1.111639
8718	-493.7558	-666.6037	172.8479	1.415357
8724	-490.1573	-663.384	173.2267	1.099866
8730	-494.3245	-667.5188	173.1943	1.12928
8736	-496.9671	-669.9101	172.943	1.34078
8742	-496.6485	-669.5914	172.943	1.34078
8748	-501.8902	-674.8139	172.9237	1.356129
8754	-495.1591	-668.297	173.1379	1.179053
8760	-500.8583	-674.0126	173.1542	1.164798
8766	-505.6635	-679.0456	173.3822	0.9476936
8772	-491.6117	-665.0395	173.4278	0.8978741
8778	-497.7154	-671.1867	173.4713	0.8469505
8784	-496.8812	-670.2074	173.3261	1.005127
8790	-494.859	-667.5692	172.7101	1.519888
8796	-498.216	-670.9262	172.7101	1.519888
8802	-502.4146	-674.5131	172.0985	1.950404
8808	-494.3903	-667.3735	172.9832	1.308466
8814	-497.1793	-670.2637	173.0844	1.224816
8820	-503.3862	-676.2125	172.8264	1.431986
8826	-492.9548	-665.8913	172.9364	1.345976
8832	-500.7323	-673.7653	173.0329	1.267824
8838	-492.8044	-665.7802	172.9759	1.3144
8844	-490.2611	-663.7119	173.4508	0.871429
8850	-495.5324	-668.245	172.7126	1.518059
8856	-499.1891	-672.6573	173.4682	0.8506653
8862	-494.5315	-667.8772	173.3457	0.9854644
8868	-496.8315	-670.1068	173.2754	1.05448
8874	-493.1898	-666.425	173.2352	1.092056
8880	-505.5984	-678.8496	173.2512	1.077258
8886	-499.4023	-672.8056	173.4033	0.9249746
8892	-492.6091	-666.0124	173.4033	0.9249746
8898	-495.9224	-669.0263	173.1039	1.208269
8904	-497.8566	-671.0505	173.1939	1.129656
8910	-491.531	-664.7478	173.2168	1.108935
8916	-493.4248	-666.6416	173.2168	1.108935
8922	-492.2708	-665.162	172.8911	1.381763
8928	-489.7158	-662.8122	173.0965	1.214619
8934	-494.2706	-667.6438	173.3732	0.9571564
8940	-485.7936	-658.8672	173.0735	1.233996
8946	-488.5413	-661.6504	173.1091	1.203857
8952	-491.0146	-663.8068	172.7922	1.458099
8958	-499.5838	-672.7945	173.2107	1.114473
8964	-497.9054	-670.8743	172.9689	1.319972
8970	-506.2586	-679.4112	173.1526	1.166203
8976	-514.4018	-687.1851	172.7833	1.464883
8982	-506.8069	-679.5749	172.7681	1.476429
8988	-494.9857	-668.3317	173.346	0.9851495
8994	-495.0909	-668.4968	173.4059	0.9221571
9000	-500.1352	-673.3027	173.1675	1.153101
9006	-507.7351	-680.8775	173.1424	1.175152
9012	-503.882	-677.0244	173.1424	1.175152
9018	-502.5484	-675.4738	172.9255	1.354692
9024	-504.9938	-678.1138	173.12	1.194545
9030	-501.5318	-674.9261	173.3944	0.9346942
9036	-503.1109	-676.1349	173.024	1.275213
9042	-496.6947	-669.6552	172.9605	1.326768
9048	-510.2839	-682.7578	172.4739	1.691512
9054	-509.9055	-683.1339	173.2285	1.098265
9060	-503.4811	-676.5953	173.1142	1.19951
9066	-501.213	-673.8709	172.6579	1.558575
9072	-500.0071	-672.975	172.9679	1.32083
9078	-510.474	-683.4397	172.9657	1.322566
9084	-512.043	-684.6939	172.651	1.563688
9090	-503.8422	-676.7023	172.8602	1.405907
9096	-506.896	-679.7276	172.8315	1.42801
9102	-503.3992	-676.1573	172.7581	1.483964
9108	-509.8234	-683.0622	173.2389	1.088697
9114	-501.5351	-674.9509	173.4158	0.9113025
9120	-499.229	-672.3562	173.1272	1.188288
9126	-511.2476	-684.3579	173.1103	1.202845
9132	-509.2615	-682.5217	173.2602	1.068818
9138	-508.4014	-681.1712	172.7698	1.475141
9144	-501.5765	-674.2834	172.7069	1.52228
9150	-505.1775	-678.4427	173.2652	1.064123
9156	-503.9384	-677.3675	173.429	0.8964873
9162	-498.1373	-671.4997	173.3624	0.968344
9168	-498.3614	-671.2054	172.844	1.418436
9174	-497.9569	-670.4937	172.5368	1.646596
9180	-498.7876	-671.7424	172.9548	1.33135
9186	-498.7652	-671.4644	172.6992	1.528044
9192	-493.2638	-666.6764	173.4126	0.9148641
9198	-496.7706	-669.9447	173.1741	1.147305
9204	-489.6059	-662.5754	172.9695	1.31952
9210	-487.2758	-660.2126	172.9367	1.345754
9216	-487.392	-660.4261	173.0341	1.266824
9222	-494.6891	-667.6563	172.9672	1.321418
9228	-503.1262	-676.1741	173.048	1.255374
9234	-496.9954	-670.305	173.3096	1.021443
9240	-492.5095	-665.2687	172.7593	1.483058
9246	-493.7308	-666.4985	172.7677	1.476669
9252	-500.123	-673.3174	173.1944	1.129174
9258	-497.9571	-671.1516	173.1944	1.129174
9264	-504.2218	-677.3625	173.1407	1.1766
9270	-505.0883	-678.045	172.9567	1.329808
9276	-504.9059	-677.9173	173.0114	1.285522
9282	-504.9614	-677.9596	172.9982	1.296297
9288	-507.8566	-680.8768	173.0202	1.278303
9294	-500.5773	-673.7834	173.2061	1.118647
9300	-493.3677	-666.4289	173.0612	1.244349
9306	-505.4007	-678.706	173.3053	1.025655
9312	-513.0023	-686.0302	173.0279	1.272009
9318	-500.1781	-673.0168	172.8387	1.422535
9324	-500.9975	-673.5494	172.5519	1.63577
9330	-494.3693	-666.9523	172.583	1.613264
9336	-490.1981	-663.2982	173.1001	1.211568
9342	-496.2918	-669.5887	173.2969	1.033829
9348	-500.4827	-673.8273	173.3447	0.9865327
9354	-493.5957	-666.8905	173.2947	1.035915
9360	-496.8209	-669.6513	172.8304	1.428863
9366	-502.8467	-676.1474	173.3007	1.030139
9372	-498.6622	-671.9332	173.271	1.058588
9378	-509.865	-682.6511	172.7861	1.462776
9384	-498.4168	-671.2545	172.8376	1.423325
9390	-504.447	-677.6898	173.2428	1.085034
9396	-502.2906	-675.1153	172.8248	1.43323
9402	-494.6035	-667.8547	173.2511	1.077311
9408	-495.4835	-668.5844	173.1009	1.210834
9414	-493.7835	-666.8146	173.0312	1.269276
9420	-492.9716	-665.9407	172.9691	1.319878
9426	-492.7821	-665.6497	172.8676	1.400118
9432	-495.3609	-667.9667	172.6058	1.59669
9438	-495.9293	-668.761	172.8317	1.427923
9444	-498.3143	-671.5357	173.2214	1.104709
9450	-491.3176	-664.2556	172.938	1.344708
9456	-501.7602	-674.6282	172.868	1.399836
9462	-494.0959	-667.4481	173.3522	0.9788581
9468	-497.1921	-670.2473	173.0552	1.249384
9474	-502.1011	-675.1616	173.0605	1.244906
9480	-505.7856	-679.0041	173.2185	1.107394
9486	-501.6672	-674.4956	172.8284	1.430439
9492	-498.8202	-671.6152	172.795	1.456012
9498	-502.4575	-675.4553	172.9977	1.296668
9504	-500.9431	-674.1899	173.2468	1.081358
9510	-496.0863	-669.1554	173.0691	1.237739
9516	-504.4483	-677.059	172.6107	1.593149
9522	-494.9317	-668.081	173.1493	1.169126
9528	-496.604	-669.3885	172.7845	1.463964
9534	-498.1965	-671.0278	172.8313	1.428209
9540	-490.8886	-663.5024	172.6139	1.59085
9546	-491.4738	-664.5589	173.0851	1.224286
9552	-494.7272	-667.7777	173.0505	1.253297
9558	-496.7021	-669.8535	173.1514	1.167288
9564	-505.4469	-678.4346	172.9876	1.304873
9570	-510.923	-684.4307	173.5078	0.8004853
9576	-502.408	-675.7561	173.3481	0.9830818
9582	-499.6632	-672.8567	173.1934	1.130063
9588	-508.2872	-681.1298	172.8426	1.419491
9594	-498.7343	-672.0531	173.3189	1.012341
9600	-504.5052	-677.7867	173.2814	1.04869
9606	-495.7681	-668.8613	173.0932	1.217442
9612	-499.0378	-672.3332	173.2954	1.035255
9618	-498.3545	-671.5458	173.1913	1.131976
9624	-499.0992	-671.8247	172.7255	1.508414
9630	-515.9725	-688.9816	173.0091	1.287412
9636	-505.0002	-677.7934	172.7932	1.457325
9642	-505.3256	-677.9891	172.6635	1.554418
9648	-507.5291	-680.6832	173.1541	1.164899
9654	-503.6258	-676.7529	173.1271	1.188395
9660	-500.2187	-673.4433	173.2247	1.101742
9666	-503.9623	-677.1595	173.1972	1.126707
9672	-493.9045	-666.9907	173.0863	1.223283
9678	-497.3544	-670.4337	173.0792	1.229215
9684	-502.2309	-675.562	173.3311	1.000188
9690	-499.3404	-672.6715	173.3311	1.000188
9696	-501.3898	-674.6679	173.2781	1.051871
9702	-505.1188	-678.4008	173.2819	1.048243
9708	-506.8186	-679.8808	173.0623	1.243438
9714	-509.8081	-682.8326	173.0245	1.274752
9720	-500.3325	-673.5987	173.2662	1.063158
9726	-495.5395	-668.8011	173.2616	1.067529
9732	-505.7582	-678.5763	172.8181	1.438369
9738	-508.463	-681.2948	172.8318	1.427845
9744	-507.76	-680.9264	173.1664	1.154142
9750	-511.1634	-684.3657	173.2022	1.122135
9756	-509.5161	-682.3407	172.8246	1.433381
9762	-499.7576	-673.1329	173.3753	0.9549507
9768	-495.4396	-668.8187	173.3791	0.9509065
9774	-498.5451	-671.5869	173.0418	1.260495
9780	-499.6356	-672.2324	172.5968	1.603263
9786	-500.5514	-673.4931	172.9418	1.341737
9792	-497.672	-670.8973	173.2253	1.101146
9798	-496.7016	-669.3293	172.6277	1.580737
9804	-507.7978	-680.8102	173.0124	1.284687
9810	-507.9935	-681.0794	173.0859	1.223625
9816	-509.2138	-682.2997	173.0859	1.223625
9822	-499.303	-672.3966	173.0936	1.217072
9828	-504.3679	-677.6808	173.3129	1.018216
9834	-504.7988	-677.6818	172.883	1.388077
9840	-505.2508	-678.1381	172.8873	1.384726
9846	-501.1653	-674.1293	172.964	1.323917
9852	-509.8569	-682.8477	172.9908	1.30232
9858	-506.0265	-679.0172	172.9908	1.30232
9864	-506.446	-679.6397	173.1938	1.129763
9870	-510.1865	-683.3667	173.1802	1.141881
9876	-505.7942	-678.7246	172.9304	1.350789
9882	-505.3143	-678.1634	172.8491	1.414445
9888	-505.7866	-678.881	173.0944	1.216401
9894	-504.313	-677.2986	172.9856	1.30652
9900	-503.0529	-676.0368	172.9839	1.30792
9906	-497.8393	-670.8232	172.9839	1.30792
9912	-509.1326	-682.1486	173.0161	1.281716
9918	-505.0131	-678.2414	173.2283	1.098438
9924	-503.8419	-676.7941	172.9522	1.333442
9930	-503.1309	-676.1977	173.0668	1.239647
9936	-495.3471	-668.4301	173.083	1.225999
9942	-489.6312	-662.6103	172.9791	1.311798
9948	-497.5868	-670.8589	173.2721	1.057604
9954	-491.2893	-664.6974	173.4081	0.9198147
9960	-501.0152	-674.0937	173.0784	1.229881
9966	-498.8241	-672.1558	173.3318	0.9995205
9972	-487.5613	-660.5118	172.9505	1.334784
9978	-485.0301	-657.9681	172.938	1.34475
9984	-499.9187	-672.8083	172.8896	1.38296
9990	-495.3496	-668.615	173.2654	1.063957
9996	-494.087	-667.0999	173.0129	1.284323
10002	-495.0507	-668.0636	173.0129	1.284323
10008	-495.1171	-668.3637	173.2466	1.081567
10014	-494.2825	-667.6399	173.3573	0.9736039
10020	-493.9185	-667.2753	173.3568	0.974122
10026	-486.5088	-659.8231	173.3142	1.016909
10032	-489.0377	-662.192	173.1543	1.164779
10038	-489.8033	-662.999	173.1958	1.127965
10044	-487.9696	-661.1653	173.1958	1.127965
10050	-503.8452	-676.7136	172.8683	1.399543
10056	-499.711	-672.75	173.039	1.262845
10062	-506.3825	-679.4532	173.0707	1.236382
10068	-501.9309	-675.0016	173.0707	1.236382
10074	-507.7843	-681.1057	173.3214	1.009809
10080	-509.3587	-682.3721	173.0134	1.283884
10086	-508.9011	-681.721	172.8199	1.436925
10092	-507.8019	-680.8884	173.0865	1.223053
10098	-498.4753	-671.684	173.2087	1.116261
10104	-495.0922	-668.3009	173.2087	1.116261
10110	-505.9047	-679.1625	173.2579	1.071016
10116	-505.8184	-678.6746	172.8562	1.408941
10122	-508.2847	-681.1282	172.8435	1.41878
10128	-499.0825	-672.247	173.1645	1.155753
10134	-496.6561	-669.9143	173.2582	1.070695
10140	-493.0041	-666.4558	173.4517	0.8703957
10146	-495.7446	-668.5506	172.806	1.447587
10152	-499.3091	-671.9372	172.628	1.580515
10158	-489.002	-661.8725	172.8705	1.397876
10164	-485.1156	-658.4314	173.3157	1.01545
10170	-488.3966	-661.5957	173.1992	1.124904
10176	-491.3041	-664.6867	173.3826	0.9472843
10182	-486.8868	-659.9825	173.0957	1.215281
10188	-492.4092	-665.5124	173.1032	1.208873
10194	-503.1112	-675.9694	172.8582	1.407426
10200	-502.1246	-674.8792	172.7546	1.486596
10206	-507.8247	-680.6398	172.815	1.440688
10212	-498.8911	-672.2794	173.3884	0.9411172
10218	-490.6569	-664.0453	173.3884	0.9411172
10224	-496.7225	-669.588	172.8656	1.401714
10230	-501.7839	-674.9916	173.2077	1.117246
10236	-506.9726	-679.65	172.6774	1.54422
10242	-506.1826	-679.2859	173.1033	1.20884
10248	-513.0575	-686.2652	173.2076	1.117265
10254	-506.4895	-679.8612	173.3717	0.9586683
10260	-496.4918	-669.693	173.2012	1.123102
10266	-489.2238	-662.1434	172.9197	1.359293
10272	-492.3047	-665.4617	173.157	1.162375
10278	-496.2004	-669.521	173.3207	1.01057
10284	-500.3274	-673.5073	173.18	1.142101
10290	-497.6076	-670.8092	173.2017	1.12264
10296	-503.7731	-676.9451	173.172	1.149121
10302	-492.2962	-665.6467	173.3505	0.9805783
10308	-488.1266	-661.0844	172.9578	1.328915
10314	-498.695	-671.3261	172.6311	1.578271
10320	-494.7392	-667.5828	172.8436	1.418705
10326	-491.577	-664.5429	172.9659	1.322411
10332	-498.8433	-671.7405	172.8971	1.377034
10338	-502.3138	-675.2067	172.8929	1.380343
10344	-501.4397	-674.3326	172.8929	1.380343
10350	-500.5963	-673.4892	172.8929	1.380343
10356	-506.5927	-679.9172	173.3245	1.006787
10362	-500.6327	-673.9392	173.3064	1.024547
10368	-497.5264	-670.9133	173.3869	0.9426657
10374	-499.879	-672.6828	172.8038	1.449302
10380	-501.9023	-674.7061	172.8038	1.449302
10386	-507.7193	-681.0435	173.3241	1.00713
10392	-492.6668	-665.9664	173.2996	1.031181
10398	-507.1973	-680.5432	173.3459	0.9852566
10404	-497.5599	-670.4486	172.8887	1.383651
10410	-492.1847	-665.395	173.2104	1.114807
10416	-499.1265	-672.6042	173.4778	0.8389735
10422	-502.035	-675.2276	173.1926	1.13084
10428	-497.7627	-670.8988	173.136	1.180655
10434	-496.2475	-669.3836	173.136	1.180655
10440	-497.012	-669.9085	172.8966	1.377487
10446	-500.8644	-674.2746	173.4103	0.9174128
10452	-511.8929	-684.4999	172.6071	1.595798
10458	-502.6283	-675.2485	172.6201	1.586265
10464	-492.1353	-665.5628	173.4275	0.8981982
10470	-503.4144	-676.5751	173.1607	1.159136
10476	-506.3695	-679.3538	172.9843	1.307614
10482	-498.0977	-671.1586	173.0609	1.244638
10488	-496.3651	-669.3187	172.9537	1.332248
10494	-504.3547	-677.3083	172.9537	1.332248
10500	-502.4021	-675.54	173.1379	1.179045
10506	-499.5763	-672.994	173.4177	0.9092333
10512	-495.4856	-668.284	172.7984	1.453368
10518	-509.6557	-682.4541	172.7984	1.453368
10524	-498.9489	-671.7454	172.7965	1.454851
10530	-501.1577	-673.8437	172.6861	1.537766
10536	-500.2365	-673.5725	173.3361	0.9952045
10542	-497.4809	-670.8049	173.324	1.007276
10548	-493.0837	-665.981	172.8974	1.37687
10554	-493.2712	-666.2187	172.9475	1.337171
10560	-500.2783	-673.2258	172.9475	1.337171
10566	-492.2629	-665.0755	172.8127	1.442494
10572	-502.7552	-676.1994	173.4442	0.8791218
10578	-503.1078	-675.822	172.7143	1.516794
10584	-498.3576	-671.2589	172.9013	1.373775
10590	-498.8715	-671.8371	172.9657	1.322599
10596	-498.6593	-671.6716	173.0123	1.284811
10602	-511.426	-684.5614	173.1353	1.181276
10608	-506.8655	-679.9833	173.1178	1.196408
10614	-505.8098	-678.863	173.0532	1.251043
10620	-499.8297	-672.8828	173.0532	1.251043
10626	-501.4069	-674.1671	172.7602	1.482336
10632	-506.8564	-680.0098	173.1535	1.165471
10638	-510.3669	-683.5204	173.1535	1.165471
10644	-508.9807	-681.6157	172.635	1.575408
10650	-512.6415	-685.9788	173.3373	0.9939788
10656	-502.9512	-676.1718	173.2206	1.10547
10662	-504.3175	-677.4599	173.1424	1.175114
10668	-508.2518	-681.5799	173.3281	1.003217
10674	-516.7651	-690.0962	173.331	1.000256
10680	-501.082	-674.128	173.0461	1.256938
10686	-503.5032	-676.4671	172.9638	1.324081
10692	-505.1604	-678.49	173.3296	1.001683
10698	-498.9658	-671.886	172.9202	1.35885
10704	-511.8113	-684.8379	173.0265	1.273103
10710	-517.1371	-690.5157	173.3786	0.9514724
10716	-520.6843	-693.4161	172.7317	1.50375
10722	-510.0587	-682.9416	172.8829	1.388183
10728	-503.1883	-676.567	173.3787	0.9514085
10734	-510.9005	-683.8626	172.9621	1.325486
10740	-514.3173	-687.0991	172.7818	1.46605
10746	-504.8649	-678.0617	173.1968	1.127001
10752	-497.7762	-670.9731	173.1968	1.127001
10758	-496.3437	-669.4807	173.137	1.179826
10764	-488.72	-661.8414	173.1215	1.193248
10770	-483.0322	-656.1536	173.1215	1.193248
10776	-505.0406	-678.1962	173.1556	1.163622
10782	-499.928	-673.0836	173.1556	1.163622
10788	-496.2118	-669.3673	173.1556	1.163622
10794	-497.5859	-670.6041	173.0182	1.279964
10800	-500.2036	-673.0633	172.8596	1.406297
10806	-491.93	-665.263	173.333	0.9983099
10812	-491.7203	-664.8508	173.1305	1.18545
10818	-494.3963	-667.5751	173.1788	1.143122
10824	-493.6529	-666.6946	173.0417	1.260573
10830	-493.4337	-666.7619	173.3282	1.003078
10836	-492.2231	-665.5513	173.3282	1.003078
10842	-488.8103	-661.9922	173.1819	1.140363
10848	-491.1219	-664.1701	173.0482	1.255173
10854	-492.4566	-665.5263	173.0696	1.237275
10860	-497.3092	-670.7246	173.4154	0.9117191
10866	-488.3323	-661.5323	173.2001	1.124112
10872	-494.4453	-667.7925	173.3472	0.9839887
10878	-492.7726	-666.0758	173.3032	1.027665
10884	-495.8731	-668.6786	172.8055	1.447996
10890	-491.0734	-663.7677	172.6943	1.531683
10896	-497.6009	-670.751	173.1501	1.168429
10902	-503.6267	-676.7172	173.0905	1.219697
10908	-499.9244	-673.0149	173.0905	1.219697
10914	-495.0639	-668.236	173.1721	1.149037
10920	-506.4575	-678.8965	172.439	1.716208
10926	-499.2554	-672.4899	173.2346	1.092668
10932	-496.3469	-669.1413	172.7944	1.456412
10938	-497.6381	-671.007	173.3689	0.9615914
10944	-498.162	-671.4203	173.2583	1.070579
10950	-496.5877	-669.8433	173.2556	1.073145
10956	-500.687	-673.9242	173.2372	1.090257
10962	-501.9399	-674.8428	172.9028	1.372584
10968	-496.6735	-669.8449	173.1714	1.149696
10974	-500.9937	-673.4347	172.441	1.714785
10980	-491.7708	-664.7059	172.9351	1.347048
10986	-497.3235	-670.2706	172.9471	1.337503
10992	-486.9186	-660.2818	173.3632	0.9675519
10998	-491.6713	-664.7098	173.0385	1.263244
11004	-499.0089	-672.416	173.4071	0.9208892
11010	-508.7714	-681.6103	172.8389	1.422342
11016	-504.3749	-677.3449	172.97	1.319146
11022	-500.5328	-673.5982	173.0655	1.240781
11028	-500.9281	-673.7746	172.8465	1.416504
11034	-511.5868	-684.222	172.6352	1.575229
11040	-504.0782	-676.651	172.5729	1.620616
11046	-499.7601	-673.0607	173.3006	1.030194
11052	-496.6026	-670.0676	173.4649	0.8546544
11058	-496.3318	-669.5298	173.1981	1.125878
11064	-507.9337	-681.1203	173.1865	1.136255
11070	-503.8828	-676.6665	172.7838	1.464507
11076	-501.884	-674.9851	173.1012	1.21063
11082	-490.088	-663.1473	173.0593	1.245952
11088	-505.8066	-678.9433	173.1367	1.180063
11094	-507.0245	-680.1769	173.1524	1.166401
11100	-498.2214	-671.3421	173.1207	1.193878
11106	-497.3117	-670.6282	173.3165	1.014661
11112	-489.8387	-662.8901	173.0514	1.252482
11118	-499.6768	-672.8514	173.1745	1.146903
11124	-500.1392	-673.2938	173.1546	1.164448
11130	-496.9517	-669.9686	173.0168	1.281061
11136	-502.6685	-675.8541	173.1857	1.137015
11142	-496.7451	-669.9307	173.1857	1.137015
11148	-492.9603	-665.754	172.7937	1.456972
11154	-484.4299	-657.3778	172.9479	1.336831
11160	-498.5421	-671.7917	173.2496	1.078747
11166	-488.6087	-661.9301	173.3214	1.009847
11172	-491.5911	-664.7758	173.1847	1.137847
11178	-491.8857	-665.1457	173.26	1.068964
11184	-493.7511	-666.9893	173.2382	1.089311
11190	-490.5212	-663.6961	173.175	1.146519
11196	-495.7055	-668.9404	173.2349	1.092407
11202	-502.6809	-675.9652	173.2842	1.046015
11208	-497.857	-670.7895	172.9325	1.34915
11214	-501.9186	-674.5594	172.6408	1.571134
11220	-502.0157	-674.86	172.8443	1.418174
11226	-493.2614	-666.5658	173.3044	1.026552
11232	-512.7411	-685.7124	172.9714	1.318036
11238	-504.5785	-677.7973	173.2188	1.107129
11244	-497.7267	-670.8213	173.0947	1.216163
11250	-499.8048	-672.9366	173.1318	1.184336
11256	-492.7269	-666.1336	173.4067	0.921342
11262	-497.2915	-669.9376	172.6461	1.567226
11268	-490.9009	-664.145	173.2442	1.083773
11274	-491.3883	-664.6873	173.299	1.031799
11280	-492.9486	-665.9466	172.998	1.296462
11286	-495.8986	-669.2259	173.3274	1.0039
11292	-507.3886	-680.0887	172.7001	1.527353
11298	-498.2461	-671.6009	173.3549	0.9761212
11304	-497.7423	-671.1537	173.4114	0.9161161
11310	-495.7268	-668.7498	173.023	1.275989
11316	-487.385	-660.2188	172.8337	1.426318
11322	-488.2054	-661.1331	172.9278	1.352875
11328	-493.6977	-666.2771	172.5794	1.615853
11334	-484.4601	-657.7234	173.2633	1.065931
11340	-501.8861	-675.1266	173.2406	1.087141
11346	-496.9753	-670.1701	173.1948	1.128863
11352	-502.7268	-675.4387	172.7119	1.518585
11358	-501.1549	-674.3318	173.1769	1.144837
11364	-503.9898	-676.9904	173.0006	1.294357
11370	-503.9602	-676.9034	172.9432	1.340576
11376	-512.4841	-685.1459	172.6619	1.555668
11382	-504.6798	-677.6987	173.0189	1.279408
11388	-503.7782	-676.9071	173.1289	1.186838
11394	-502.3171	-675.5143	173.1972	1.126681
11400	-494.338	-667.5352	173.1972	1.126681
11406	-506.8823	-679.7455	172.8633	1.403498
11412	-507.4425	-680.6132	173.1707	1.150266
11418	-508.8041	-681.4985	172.6944	1.531594
11424	-507.4732	-680.656	173.1828	1.139542
11430	-506.4872	-679.7977	173.3104	1.020625
11436	-504.6054	-677.5708	172.9653	1.322872
11442	-503.3897	-675.7779	172.3881	1.751934
11448	-493.5402	-666.2344	172.6942	1.531729
11454	-495.0865	-667.7655	172.679	1.542975
11460	-502.675	-675.3541	172.679	1.542975
11466	-502.776	-675.6522	172.8762	1.393427
11472	-499.2099	-672.2767	173.0668	1.239657
11478	-509.237	-682.2153	172.9783	1.312417
11484	-506.6617	-678.8711	172.2094	1.875352
11490	-498.8076	-672.061	173.2534	1.07518
11496	-502.7221	-676.0183	173.2963	1.034437
11502	-501.6437	-674.8943	173.2505	1.077871
11508	-495.1689	-668.2848	173.1159	1.197997
11514	-493.6084	-666.5673	172.9589	1.328008
11520	-488.982	-661.6709	172.6889	1.535645
11526	-490.0201	-663.1638	173.1437	1.173983
11532	-488.9872	-662.2558	173.2686	1.060883
11538	-496.0577	-669.1592	173.1015	1.210332
11544	-495.5471	-668.6486	173.1015	1.210332
11550	-499.4101	-672.7713	173.3612	0.9695857
11556	-496.2142	-669.4368	173.2226	1.103659
11562	-489.4259	-662.6484	173.2226	1.103659
11568	-490.0175	-663.0116	172.9941	1.299656
11574	-501.5088	-674.9006	173.3918	0.9374523
11580	-497.6409	-670.2652	172.6243	1.583205
11586	-499.1921	-672.2427	173.0506	1.253175
11592	-503.7305	-676.931	173.2005	1.123749
11598	-502.1583	-675.4866	173.3283	1.003005
11604	-499.4408	-672.6107	173.1699	1.150988
11610	-505.5104	-678.5005	172.9901	1.302899
11616	-500.473	-673.4138	172.9409	1.342466
11622	-487.6408	-660.4436	172.8028	1.450038
11628	-502.4975	-675.5882	173.0906	1.219575
11634	-494.9847	-668.0754	173.0906	1.219575
11640	-491.6786	-664.7692	173.0906	1.219575
11646	-500.1545	-673.2463	173.0918	1.218569
11652	-506.6236	-679.6584	173.0348	1.266318
11658	-515.6736	-688.7084	173.0348	1.266318
11664	-508.4439	-681.5254	173.0814	1.227365
11670	-509.4427	-682.3176	172.8748	1.394497
11676	-506.536	-679.4108	172.8748	1.394497
11682	-499.4883	-672.3108	172.8225	1.434987
11688	-499.988	-673.2651	173.2771	1.052868
11694	-497.233	-670.4905	173.2575	1.071326
11700	-501.1699	-674.4593	173.2895	1.041001
11706	-503.4371	-676.4556	173.0185	1.279711
11712	-504.0625	-676.9584	172.8959	1.37802
11718	-506.0876	-679.4623	173.3746	0.9556221
11724	-510.3808	-683.0812	172.7004	1.527114
11730	-503.4581	-676.2295	172.7714	1.4739
11736	-501.5714	-674.7658	173.1944	1.129221
11742	-504.9055	-678.1528	173.2473	1.080851
11748	-493.3484	-666.038	172.6896	1.535164
11754	-498.8708	-672.1321	173.2613	1.067817
11760	-500.7323	-673.7912	173.0589	1.246236
11766	-498.8043	-671.8999	173.0957	1.215295
11772	-497.3526	-670.2946	172.942	1.341573
11778	-496.7595	-670.0156	173.2561	1.072674
11784	-502.6928	-675.6801	172.9874	1.305101
11790	-497.2323	-670.5759	173.3437	0.9875441
11796	-508.7745	-682.0224	173.2478	1.080369
11802	-508.87	-681.653	172.7831	1.465062
11808	-500.4844	-673.584	173.0996	1.211962
11814	-490.8681	-663.8729	173.0048	1.290917
11820	-492.7531	-665.7579	173.0048	1.290917
11826	-490.1071	-663.1069	172.9998	1.294967
11832	-484.6179	-657.7122	173.0942	1.216512
11838	-485.695	-659.0765	173.3815	0.9484139
11844	-488.9867	-662.2066	173.2199	1.106136
11850	-496.1494	-669.2413	173.0919	1.218538
11856	-490.4647	-663.4928	173.0281	1.271827
11862	-493.6281	-666.4404	172.8123	1.442788
11868	-495.5958	-668.999	173.4032	0.9251531
11874	-481.5372	-654.8189	173.2817	1.048481
11880	-485.2039	-658.3063	173.1024	1.209559
11886	-488.4643	-661.6286	173.1643	1.155984
11892	-496.8475	-669.8327	172.9852	1.306813
11898	-500.755	-673.3608	172.6058	1.596703
11904	-494.6779	-667.3335	172.6555	1.560341
11910	-499.0614	-671.8814	172.82	1.436875
11916	-495.7834	-668.6785	172.8951	1.378648
11922	-495.0362	-668.4516	173.4154	0.9117531
11928	-496.675	-670.0904	173.4154	0.9117531
11934	-511.3193	-684.5466	173.2273	1.099354
11940	-502.7844	-676.0102	173.2258	1.100721
11946	-511.4099	-684.4179	173.0079	1.288354
11952	-500.7878	-673.8967	173.1089	1.204004
11958	-497.1507	-670.2058	173.0551	1.249439
11964	-493.7066	-666.7968	173.0901	1.220001
11970	-504.8001	-677.3311	172.531	1.650774
11976	-497.6653	-670.1963	172.531	1.650774
11982	-497.6751	-670.3806	172.7055	1.523332
11988	-505.8692	-679.194	173.3248	1.006486
11994	-493.748	-667.012	173.2641	1.065168
12000	-499.6592	-672.8501	173.1909	1.132365
12006	-506.4595	-679.5579	173.0984	1.213
12012	-497.9444	-670.6566	172.7122	1.51838
12018	-492.7373	-665.7294	172.9921	1.301255
12024	-491.864	-665.021	173.157	1.162398
12030	-498.8722	-672.0292	173.157	1.162398
12036	-495.341	-668.45	173.109	1.203966
12042	-500.08	-672.9219	172.842	1.419988
12048	-499.9802	-672.8948	172.9147	1.363246
12054	-502.3013	-674.7192	172.4179	1.731043
12060	-500.0351	-672.9013	172.8663	1.401162
12066	-496.013	-669.0308	173.0178	1.280244
12072	-495.1137	-667.9617	172.8479	1.415368
12078	-506.9273	-679.8447	172.9174	1.361119
12084	-501.6528	-674.3862	172.7334	1.50249
12090	-495.284	-668.5571	173.2731	1.056657
12096	-491.5147	-664.5496	173.0348	1.266246
12102	-493.017	-666.2617	173.2448	1.083208
12108	-491.2195	-664.2851	173.0656	1.240633
12114	-491.8547	-664.6385	172.7837	1.464553
12120	-501.1475	-673.9312	172.7837	1.464553
12126	-504.7514	-677.7238	172.9724	1.317204
12132	-508.0983	-680.4388	172.3405	1.785113
12138	-498.7395	-671.9801	173.2405	1.087165
12144	-506.834	-679.6856	172.8515	1.412578
12150	-493.1064	-666.3879	173.2815	1.048596
12156	-501.9173	-674.3254	172.4081	1.737938
12162	-510.9609	-684.5048	173.5439	0.7496152
12168	-494.8144	-668.1117	173.2973	1.033471
12174	-489.0803	-661.9843	172.904	1.371683
12180	-494.6477	-667.9031	173.2554	1.073298
12186	-496.0484	-669.0343	172.9859	1.306276
12192	-502.2087	-675.4673	173.2586	1.070279
12198	-499.8116	-673.1888	173.3772	0.9529506
12204	-494.315	-667.8914	173.5764	0.6969071
12210	-496.341	-669.7365	173.3955	0.9334872
12216	-496.3927	-669.5981	173.2053	1.119336
12222	-499.6077	-672.5488	172.9411	1.342304
12228	-491.239	-664.5732	173.3342	0.9970881
12234	-492.1603	-665.4782	173.3179	1.013267
12240	-500.9507	-674.0584	173.1078	1.204985
12246	-500.6779	-674.0601	173.3822	0.947665
12252	-506.3542	-679.4033	173.0491	1.254416
12258	-500.277	-673.1272	172.8502	1.413596
12264	-491.3296	-664.3828	173.0532	1.251051
12270	-492.4709	-665.4819	173.011	1.285845
12276	-516.7682	-689.7792	173.011	1.285845
12282	-493.9593	-667.3649	173.4056	0.9225364
12288	-497.8352	-671.0373	173.2021	1.122247
12294	-497.7736	-670.8987	173.1251	1.190141
12300	-498.1926	-671.0916	172.899	1.37556
12306	-506.9166	-679.8194	172.9028	1.372591
12312	-503.3206	-676.6059	173.2853	1.045023
12318	-497.5124	-670.7409	173.2285	1.098264
12324	-497.1993	-670.4278	173.2285	1.098264
12330	-504.1149	-677.1736	173.0587	1.246456
12336	-500.5806	-673.4297	172.8491	1.414487
12342	-508.3955	-680.8387	172.4432	1.713232
12348	-506.1138	-679.4409	173.3271	1.004173
12354	-501.356	-674.7857	173.4297	0.8957443
12360	-510.3306	-683.7426	173.412	0.9154936
12366	-514.2778	-687.4489	173.1711	1.149971
12372	-517.0661	-690.0484	172.9822	1.309245
12378	-511.5943	-684.4712	172.8769	1.392842
12384	-510.4691	-683.2763	172.8072	1.446699
12390	-501.9468	-674.9767	173.03	1.270282
12396	-505.1441	-678.2834	173.1393	1.177806
12402	-508.3423	-681.1691	172.8268	1.43165
12408	-503.6163	-676.4431	172.8268	1.43165
12414	-494.6705	-667.3249	172.6544	1.561177
12420	-495.5439	-668.8771	173.3332	0.9980355
12426	-490.6079	-663.8863	173.2784	1.051605
12432	-496.2914	-669.4672	173.1758	1.145782
12438	-504.2564	-677.212	172.9557	1.330646
12444	-503.9545	-677.208	173.2535	1.07514
12450	-498.3201	-671.461	173.1408	1.176499
12456	-507.1381	-680.0956	172.9574	1.329235
12462	-503.3076	-676.5837	173.2761	1.053761
12468	-501.4563	-674.7446	173.2883	1.042118
12474	-492.6331	-665.7722	173.1391	1.177961
12480	-492.5756	-665.7972	173.2216	1.104553
12486	-492.0166	-665.1428	173.1261	1.189225
12492	-512.0369	-684.8397	172.8028	1.450006
12498	-504.9122	-677.735	172.8228	1.434722
12504	-500.0204	-673.3797	173.3593	0.9715297
12510	-490.8967	-664.2494	173.3527	0.9783218
12516	-499.0651	-671.9746	172.9095	1.367296
12522	-502.4341	-675.3099	172.8758	1.393754
12528	-506.2427	-679.2385	172.9959	1.298199
12534	-502.5616	-675.6251	173.0634	1.242475
12540	-500.5461	-673.8197	173.2736	1.056171
12546	-492.4476	-665.693	173.2454	1.08267
12552	-489.0712	-662.1306	173.0594	1.245822
12558	-495.7829	-668.8788	173.0959	1.215079
12564	-501.9067	-674.9531	173.0464	1.256686
12570	-492.8573	-666.1369	173.2796	1.050489
12576	-493.1156	-666.3951	173.2796	1.050489
12582	-500.8459	-673.9508	173.1049	1.207456
12588	-487.2307	-660.3356	173.1049	1.207456
12594	-499.8522	-673.023	173.1708	1.150183
12600	-505.4412	-678.9054	173.4642	0.8554754
12606	-495.6608	-668.8581	173.1973	1.12661
12612	-501.1819	-674.325	173.1432	1.174459
12618	-500.3915	-673.0315	172.64	1.571736
12624	-497.5446	-670.764	173.2194	1.106556
12630	-500.6965	-673.6406	172.9441	1.339907
12636	-492.32	-665.2641	172.9441	1.339907
12642	-492.3018	-665.2139	172.912	1.365317
12648	-494.9332	-667.744	172.8108	1.44396
12654	-498.3156	-671.3818	173.0662	1.240172
12660	-500.8475	-674.1418	173.2943	1.036373
12666	-493.0125	-665.7389	172.7264	1.507747
12672	-498.6589	-671.8226	173.1637	1.156475
12678	-497.4531	-670.8992	173.4461	0.8769683
12684	-491.6358	-664.8351	173.1992	1.124851
12690	-491.2339	-664.4726	173.2387	1.088849
12696	-493.3626	-666.4648	173.1022	1.209745
12702	-497.3399	-670.2689	172.929	1.351921
12708	-494.0367	-667.28	173.2433	1.084631
12714	-491.6327	-664.8905	173.2578	1.071091
12720	-491.1749	-664.3041	173.1292	1.186599
12726	-491.972	-665.2179	173.2458	1.082254
12732	-485.0001	-658.054	173.0539	1.250434
12738	-490.6147	-663.5985	172.9839	1.307927
12744	-491.0638	-664.3251	173.2613	1.067818
12750	-503.3222	-676.7626	173.4404	0.8835312
12756	-509.6583	-682.263	172.6046	1.597559
12762	-508.0323	-681.2572	173.2249	1.101576
12768	-498.6519	-671.7825	173.1306	1.185376
12774	-493.3633	-666.5226	173.1593	1.160329
12780	-497.772	-670.7375	172.9655	1.322748
12786	-497.7184	-670.4265	172.7081	1.521387
12792	-492.8412	-665.4054	172.5642	1.626882
12798	-506.412	-679.5196	173.1076	1.205174
12804	-506.9074	-679.8536	172.9462	1.338236
12810	-499.7237	-672.9099	173.1862	1.136532
12816	-508.4545	-681.6727	173.2182	1.107685
12822	-502.0397	-674.76	172.7203	1.512303
12828	-506.4022	-679.3665	172.9643	1.323701
12834	-513.7397	-687.0915	173.3518	0.9792747
12840	-498.9766	-671.9571	172.9804	1.310707
12846	-504.6164	-677.8936	173.2772	1.052763
12852	-504.2867	-677.4722	173.1855	1.13716
12858	-510.804	-683.974	173.17	1.150934
12864	-497.0218	-670.1577	173.1359	1.1808
12870	-499.3725	-672.6022	173.2297	1.097162
12876	-504.8549	-678.0846	173.2297	1.097162
12882	-494.8365	-667.9604	173.1238	1.191197
12888	-498.915	-671.79	172.875	1.394326
12894	-491.7593	-665.1338	173.3745	0.9557696
12900	-501.0765	-674.5473	173.4708	0.8475123
12906	-493.8624	-667.1529	173.2905	1.040008
12912	-499.5744	-672.3213	172.7468	1.492436
12918	-495.697	-669.0288	173.3318	0.9995269
12924	-487.2947	-660.4513	173.1566	1.162725
12930	-492.2766	-665.6236	173.347	0.9841435
12936	-492.7899	-665.9717	173.1818	1.140473
12942	-489.5992	-662.9773	173.3782	0.9519335
12948	-493.4982	-666.5844	173.0862	1.223327
12954	-489.2999	-662.5667	173.2668	1.062598
12960	-494.7328	-667.8997	173.1669	1.153693
12966	-493.7567	-666.5836	172.8269	1.43156
12972	-496.2694	-668.943	172.6736	1.547036
12978	-491.1518	-664.1413	172.9895	1.3034
12984	-509.7966	-682.7249	172.9283	1.35243
12990	-491.3537	-664.4825	173.1288	1.186896
12996	-486.5245	-659.709	173.1845	1.138017
13002	-498.3138	-671.6606	173.3467	0.9844235
13008	-505.587	-678.478	172.891	1.381822
13014	-501.5862	-674.8252	173.239	1.088583
13020	-507.6981	-680.7604	173.0623	1.24339
13026	-508.9577	-682.3409	173.3832	0.9466235
13032	-506.5043	-679.7847	173.2804	1.049707
13038	-508.1437	-680.9347	172.791	1.459029
13044	-498.4672	-671.777	173.3099	1.021191
13050	-509.9551	-682.6536	172.6985	1.528564
13056	-495.1925	-668.3838	173.1913	1.131966
13062	-496.441	-669.631	173.1899	1.133185
13068	-497.3447	-670.3777	173.0331	1.267712
13074	-496.2058	-669.2922	173.0865	1.223104
13080	-510.5391	-683.6725	173.1334	1.182959
13086	-503.0094	-676.1061	173.0967	1.214414
13092	-503.7859	-676.8752	173.0893	1.220722
13098	-510.22	-683.4111	173.191	1.132233
13104	-504.0139	-677.2006	173.1867	1.136052
13110	-496.3371	-669.4023	173.0652	1.241013
13116	-496.1427	-669.204	173.0613	1.244273
13122	-491.9022	-664.8961	172.9939	1.29981
13128	-499.0282	-672.3715	173.3433	0.9879365
13134	-514.6541	-687.7579	173.1037	1.208427
13140	-509.7308	-682.288	172.5572	1.631909
13146	-493.8037	-667.0969	173.2932	1.037365
13152	-499.1473	-672.4023	173.255	1.073716
13158	-497.0623	-670.2269	173.1646	1.155661
13164	-500.249	-673.6302	173.3812	0.9487589
13170	-495.7499	-668.8011	173.0512	1.252679
13176	-492.97	-666.0212	173.0512	1.252679
13182	-492.8517	-665.9057	173.054	1.250355
13188	-491.6138	-664.838	173.2242	1.102198
13194	-509.0594	-682.1008	173.0414	1.260793
13200	-510.8027	-683.8201	173.0174	1.280577
13206	-503.9397	-677.1159	173.1762	1.145438
13212	-494.0855	-667.538	173.4525	0.8694308
13218	-491.8725	-664.8952	173.0227	1.276297
13224	-503.5636	-676.4386	172.875	1.394332
13230	-497.432	-670.5052	173.0732	1.234269
13236	-499.6311	-672.7163	173.0852	1.22414
13242	-492.7698	-666.1196	173.3498	0.9812687
13248	-485.9368	-659.1378	173.201	1.123275
13254	-503.3525	-676.3809	173.0283	1.271623
13260	-493.9723	-666.9125	172.9401	1.34305
13266	-503.9983	-677.1	173.1018	1.210094
13272	-501.6176	-675.0091	173.3915	0.9377582
13278	-496.8058	-669.8115	173.0056	1.290228
13284	-497.4579	-670.0054	172.5476	1.638864
13290	-494.2432	-666.9109	172.6676	1.551416
13296	-490.9643	-664.106	173.1417	1.175761
13302	-496.7819	-669.8305	173.0486	1.254856
13308	-495.452	-668.7197	173.2677	1.061724
13314	-503.9659	-676.8274	172.8615	1.404878
13320	-503.3212	-676.4074	173.0863	1.223269
13326	-501.4036	-674.2856	172.882	1.388911
13332	-494.3395	-667.4874	173.1478	1.170406
13338	-496.4907	-669.6385	173.1478	1.170406
13344	-502.9986	-676.1835	173.1848	1.137741
13350	-495.6337	-668.7691	173.1354	1.181204
13356	-500.7695	-673.9063	173.1367	1.180055
13362	-503.8539	-677.2531	173.3992	0.929481
13368	-509.7786	-682.4449	172.6663	1.552379
13374	-499.9186	-672.83	172.9114	1.365804
13380	-498.6326	-671.8841	173.2514	1.077026
13386	-491.9119	-664.9018	172.9899	1.30302
13392	-498.1636	-671.2891	173.1255	1.189754
13398	-499.3172	-672.4427	173.1255	1.189754
13404	-498.5488	-671.5714	173.0226	1.276305
13410	-494.8869	-667.8816	172.9947	1.299183
13416	-490.0094	-663.1057	173.0964	1.214723
13422	-490.7432	-663.9765	173.2333	1.093795
13428	-486.7344	-659.629	172.8946	1.379004
13434	-496.427	-669.6356	173.2085	1.116446
13440	-492.3107	-665.4463	173.1355	1.181082
13446	-491.3063	-664.6025	173.2962	1.034471
13452	-488.9463	-662.2355	173.2891	1.041314
13458	-495.162	-668.2458	173.0838	1.225335
13464	-498.998	-672.0819	173.0838	1.225335
13470	-502.28	-675.1164	172.8364	1.424266
13476	-506.824	-680.2589	173.4348	0.8898906
13482	-500.7039	-673.3845	172.6806	1.541801
13488	-491.6923	-664.4233	172.7309	1.504348
13494	-488.2312	-661.6473	173.4161	0.9109279
13500	-492.7987	-665.7734	172.9748	1.315286
