Iteration	Posterior	Likelihood	Prior	tree_length
0	-1110.379	-1279.599	169.2203	3.711174
6	-1115.257	-1284.289	169.0322	3.819618
12	-1133.379	-1302.108	168.7293	3.993318
18	-1128.94	-1298.661	169.7208	3.420066
24	-1117.988	-1286.332	168.3441	4.212617
30	-1134.115	-1302.607	168.4911	4.129096
36	-1121.421	-1289.549	168.1275	4.335262
42	-1124.389	-1292.745	168.3562	4.205753
48	-1124.468	-1293.596	169.1283	3.764264
54	-1118.526	-1286.678	168.1517	4.321582
60	-1130.287	-1298.487	168.2002	4.294175
66	-1121.754	-1290.154	168.4009	4.180414
72	-1126.265	-1295.57	169.3049	3.662227
78	-1138.677	-1307.122	168.4447	4.15553
84	-1128.024	-1296.468	168.4447	4.15553
90	-1133.071	-1301.779	168.708	4.005453
96	-1135.716	-1304.823	169.1061	3.777058
102	-1130.29	-1298.885	168.5941	4.070456
108	-1125.705	-1293.569	167.864	4.483889
114	-1122.721	-1290.837	168.1161	4.341717
120	-1127.926	-1296.563	168.6374	4.045756
126	-1141.009	-1308.768	167.7589	4.542966
132	-1130.074	-1299.105	169.0305	3.820572
138	-1134.552	-1304.247	169.6946	3.435429
144	-1119.229	-1287.012	167.7833	4.529271
150	-1116.086	-1283.971	167.885	4.472067
156	-1128.771	-1297.501	168.7303	3.992737
162	-1125.448	-1293.133	167.6853	4.584301
168	-1123.209	-1292.456	169.2468	3.695873
174	-1126.278	-1295.585	169.3073	3.660836
180	-1117.08	-1286.387	169.3073	3.660836
186	-1113.075	-1281.888	168.8129	3.945487
192	-1110.817	-1278.775	167.9581	4.430882
198	-1123.37	-1292.632	169.2628	3.686613
204	-1113.083	-1281.053	167.9699	4.424227
210	-1121.322	-1290.169	168.8465	3.926237
216	-1126.065	-1294.208	168.1434	4.326326
222	-1137.356	-1305.154	167.7972	4.52144
228	-1131.061	-1300.057	168.9958	3.84055
234	-1125.371	-1293.648	168.2768	4.250804
240	-1120.434	-1289.096	168.6614	4.032087
246	-1121.053	-1290.487	169.4342	3.587222
252	-1127.812	-1296.282	168.4698	4.14124
258	-1119.683	-1288.354	168.6715	4.026321
264	-1120.176	-1288.877	168.7009	4.009518
270	-1111.287	-1279.885	168.5983	4.068066
276	-1123.657	-1292.672	169.0151	3.829425
282	-1128.541	-1298.019	169.4781	3.561684
288	-1123.202	-1291.417	168.2147	4.28594
294	-1121.424	-1290.734	169.3105	3.658962
300	-1139.399	-1308.309	168.91	3.889851
306	-1129.798	-1298.417	168.6198	4.055798
312	-1126.043	-1295.248	169.205	3.719986
318	-1124.113	-1293.318	169.205	3.719986
324	-1119.278	-1287.799	168.5206	4.112363
330	-1120.87	-1290.033	169.163	3.74428
336	-1125.264	-1294.427	169.163	3.74428
342	-1113.046	-1282.209	169.163	3.74428
348	-1108.038	-1277.201	169.163	3.74428
354	-1112.163	-1281.058	168.8946	3.898666
360	-1129.999	-1298.49	168.4914	4.12896
366	-1118.103	-1286.609	168.5061	4.120594
372	-1115.594	-1284.1	168.5061	4.120594
378	-1127.486	-1296.459	168.9735	3.853346
384	-1119.896	-1288.607	168.7111	4.0037
390	-1125.374	-1293.337	167.9636	4.427795
396	-1112.507	-1281.908	169.4013	3.606317
402	-1115.824	-1285.238	169.4147	3.598582
408	-1121.318	-1290.336	169.0184	3.82754
414	-1121.786	-1289.803	168.0165	4.397969
420	-1121.083	-1289.769	168.6864	4.017797
426	-1122.403	-1291.082	168.6791	4.021976
432	-1109.102	-1277.957	168.8556	3.921001
438	-1118.271	-1287.3	169.0284	3.82182
444	-1119.648	-1288.416	168.7678	3.971284
450	-1145.139	-1313.807	168.6681	4.028275
456	-1129.111	-1298.628	169.5178	3.538599
462	-1121.033	-1289.082	168.0482	4.380082
468	-1129.463	-1298.515	169.0518	3.80832
474	-1130.244	-1298.97	168.7258	3.995298
480	-1129.223	-1297.962	168.7385	3.988037
486	-1126.236	-1295.464	169.228	3.706731
492	-1123.013	-1291.864	168.8504	3.923973
498	-1124.217	-1293.067	168.8504	3.923973
504	-1115.828	-1283.209	167.3806	4.754949
510	-1113.206	-1282.389	169.1832	3.732586
516	-1122.158	-1290.767	168.609	4.061961
522	-1121.411	-1289.697	168.2866	4.245214
528	-1116.38	-1284.284	167.9041	4.461327
534	-1124.679	-1293.241	168.5619	4.088798
540	-1122.321	-1291.13	168.8097	3.947301
546	-1122.949	-1291.674	168.7248	3.995882
552	-1137.086	-1305.67	168.5844	4.076009
558	-1135.833	-1304.906	169.0731	3.796071
564	-1134.597	-1303.846	169.2491	3.69454
570	-1136.847	-1305.928	169.0806	3.791767
576	-1135.001	-1303.386	168.3847	4.189597
582	-1124.585	-1293.075	168.4896	4.129971
588	-1121.834	-1290.195	168.3606	4.20329
594	-1125.799	-1294.638	168.8395	3.930254
600	-1123.177	-1291.433	168.2558	4.262696
606	-1125.679	-1294.566	168.887	3.903003
612	-1117.522	-1286.411	168.8893	3.901709
618	-1104.997	-1274.084	169.0869	3.788132
624	-1117.702	-1286.395	168.6933	4.013874
630	-1126.26	-1295.261	169.0016	3.837238
636	-1126.311	-1295.466	169.1553	3.748707
642	-1120.339	-1288.51	168.1716	4.310351
648	-1115.92	-1284.423	168.5033	4.122155
654	-1114.534	-1283.654	169.1192	3.769491
660	-1117.869	-1287.026	169.157	3.747721
666	-1128.424	-1297.581	169.157	3.747721
672	-1130.7	-1299.123	168.4237	4.167469
678	-1125.116	-1292.665	167.5494	4.660477
684	-1117.416	-1285.77	168.3533	4.207441
690	-1118.339	-1287.484	169.1451	3.754591
696	-1122.382	-1291.926	169.5444	3.523132
702	-1122.805	-1290.584	167.779	4.531703
708	-1119.24	-1288.52	169.2795	3.67693
714	-1117.39	-1286.776	169.3861	3.615174
720	-1122.956	-1291.671	168.7158	4.001035
726	-1124.022	-1292.824	168.8026	3.95137
732	-1117.068	-1285.292	168.2245	4.280406
738	-1118.775	-1287.6	168.8251	3.938516
744	-1114.619	-1283.713	169.0946	3.783714
750	-1126.638	-1295.501	168.8634	3.916542
756	-1125.657	-1294.26	168.6029	4.065445
762	-1122.469	-1291.072	168.6029	4.065445
768	-1122.307	-1290.909	168.6029	4.065445
774	-1118.173	-1286.632	168.4588	4.147478
780	-1119.534	-1287.919	168.3845	4.18973
786	-1123.532	-1292.797	169.265	3.685328
792	-1122.056	-1290.294	168.2377	4.272938
798	-1126.419	-1294.695	168.2756	4.251457
804	-1124.168	-1292.988	168.8197	3.941566
810	-1123.636	-1292.816	169.1796	3.734678
816	-1126.67	-1295.341	168.6708	4.0267
822	-1132.863	-1301.421	168.5574	4.0914
828	-1132.217	-1301.509	169.2916	3.669932
834	-1119.85	-1288.596	168.7459	3.983834
840	-1139.051	-1306.894	167.8434	4.495474
846	-1121.998	-1289.991	167.9931	4.411134
852	-1128.839	-1295.543	166.7041	5.131245
858	-1116.106	-1284.904	168.7984	3.953766
864	-1125.32	-1293.898	168.5783	4.079456
870	-1132.852	-1301.405	168.5527	4.094087
876	-1122.648	-1291.201	168.5527	4.094087
882	-1121.07	-1289.629	168.5592	4.090357
888	-1120.49	-1288.84	168.3497	4.209474
894	-1112.263	-1281.688	169.4247	3.592742
900	-1108.381	-1277.795	169.4139	3.599033
906	-1107.698	-1276.702	169.004	3.835808
912	-1098.151	-1267.155	169.004	3.835808
918	-1109.708	-1278.777	169.0694	3.798213
924	-1122.257	-1291.412	169.1543	3.74925
930	-1124.147	-1292.15	168.0031	4.405545
936	-1119.573	-1288.607	169.0343	3.818434
942	-1119.896	-1288.865	168.9688	3.85607
948	-1117.392	-1285.798	168.4055	4.177767
954	-1121.025	-1289.431	168.4055	4.177767
960	-1132.223	-1300.376	168.1527	4.321015
966	-1133.574	-1301.726	168.1518	4.321571
972	-1127.792	-1297.614	169.8222	3.360619
978	-1113.031	-1282.054	169.0233	3.824734
984	-1117.295	-1286.319	169.0233	3.824734
990	-1113.242	-1282.52	169.2777	3.677997
996	-1119.778	-1288.613	168.8354	3.932574
1002	-1112.717	-1281.659	168.9421	3.871391
1008	-1119.812	-1288.028	168.2164	4.285008
1014	-1124.085	-1292.912	168.8276	3.937069
1020	-1119.057	-1288.299	169.2416	3.698831
1026	-1120.42	-1288.551	168.1308	4.333443
1032	-1122.494	-1291.53	169.0352	3.817864
1038	-1129.327	-1298.24	168.9126	3.88834
1044	-1120.192	-1288.235	168.0427	4.383166
1050	-1125.779	-1295.104	169.3249	3.650649
1056	-1123.016	-1291.584	168.5678	4.085451
1062	-1111.938	-1280.748	168.8101	3.947068
1068	-1120.327	-1288.834	168.5071	4.119998
1074	-1125.078	-1293.607	168.5294	4.107337
1080	-1133.98	-1302.743	168.7627	3.974179
1086	-1130.555	-1299.207	168.6516	4.037655
1092	-1131.62	-1299.63	168.01	4.401641
1098	-1122.552	-1290.722	168.1702	4.311145
1104	-1121.159	-1290.275	169.1154	3.771708
1110	-1118.197	-1286.919	168.7219	3.997519
1116	-1116.876	-1285.935	169.0595	3.803926
1122	-1110.169	-1278.845	168.6761	4.023711
1128	-1114.726	-1283.586	168.8604	3.918284
1134	-1124.014	-1292.897	168.8834	3.905087
1140	-1125.581	-1294.14	168.5594	4.090217
1146	-1124.531	-1293.861	169.3308	3.647235
1152	-1129.054	-1297.967	168.9127	3.888274
1158	-1128.775	-1297.632	168.8563	3.920633
1164	-1129.788	-1298.371	168.5831	4.07672
1170	-1124.305	-1292.086	167.7808	4.530652
1176	-1130.253	-1298.773	168.5201	4.112628
1182	-1122.716	-1291.236	168.5201	4.112628
1188	-1123.172	-1291.692	168.5201	4.112628
1194	-1110.478	-1278.635	168.1566	4.318811
1200	-1107.392	-1276.796	169.4032	3.605224
1206	-1108.369	-1276.702	168.3329	4.219007
1212	-1115.01	-1284.452	169.4425	3.582389
1218	-1125.494	-1294.725	169.2315	3.7047
1224	-1116.668	-1285.239	168.5709	4.083677
1230	-1122	-1291.035	169.0343	3.818395
1236	-1118.502	-1287.252	168.7495	3.98175
1242	-1127.014	-1295.627	168.6132	4.059553
1248	-1115.313	-1284.384	169.0701	3.797806
1254	-1135.621	-1304.075	168.4544	4.149989
1260	-1121.847	-1290.507	168.66	4.032871
1266	-1126.595	-1294.455	167.8599	4.486221
1272	-1126.375	-1295.244	168.869	3.913326
1278	-1124.744	-1294.045	169.3008	3.664612
1284	-1115.901	-1285.053	169.1516	3.750817
1290	-1113.104	-1282.256	169.1516	3.750817
1296	-1109.665	-1278.817	169.1516	3.750817
1302	-1108.375	-1277.189	168.8146	3.944517
1308	-1121.155	-1289.465	168.3102	4.231862
1314	-1121.949	-1290.101	168.1522	4.321301
1320	-1109.482	-1278.712	169.2303	3.705374
1326	-1115.769	-1283.991	168.2218	4.281965
1332	-1111.9	-1281.341	169.441	3.583298
1338	-1118.857	-1287.721	168.8641	3.916128
1344	-1107.309	-1275.71	168.4019	4.179854
1350	-1122.864	-1291.261	168.3975	4.182315
1356	-1137.277	-1306.508	169.2313	3.70478
1362	-1122.251	-1291.146	168.8945	3.898737
1368	-1120.123	-1289.746	169.6227	3.47741
1374	-1123.893	-1293.548	169.655	3.45855
1380	-1114.812	-1283.675	168.8627	3.916932
1386	-1114.983	-1283.52	168.5375	4.102698
1392	-1111.695	-1279.971	168.276	4.251229
1398	-1123.164	-1291.803	168.6389	4.044948
1404	-1115.774	-1284.413	168.6389	4.044948
1410	-1115.966	-1285.106	169.1402	3.757417
1416	-1121.394	-1290.194	168.7994	3.953202
1422	-1127.37	-1295.537	168.1672	4.312853
1428	-1123.041	-1291.768	168.7273	3.99442
1434	-1119.971	-1288.699	168.7273	3.99442
1440	-1117.591	-1286.811	169.2204	3.711094
1446	-1114.14	-1283.493	169.3533	3.634211
1452	-1122.255	-1290.802	168.5469	4.097375
1458	-1116.314	-1285.48	169.1661	3.742469
1464	-1111.425	-1280.973	169.5481	3.520951
1470	-1106.183	-1275.245	169.0611	3.803005
1476	-1114.357	-1283.432	169.0751	3.794938
1482	-1105.658	-1274.714	169.0553	3.806338
1488	-1103.17	-1272.091	168.9207	3.883692
1494	-1112.527	-1281.323	168.7954	3.955495
1500	-1117.406	-1286.043	168.6368	4.046094
1506	-1126.274	-1294.995	168.7211	3.998009
1512	-1131.021	-1299.24	168.2192	4.283435
1518	-1129.26	-1297.647	168.3873	4.188112
1524	-1122.346	-1291.426	169.0802	3.791964
1530	-1124.876	-1293.679	168.8023	3.951535
1536	-1120.573	-1289.192	168.6197	4.055895
1542	-1114.83	-1284.05	169.2201	3.711291
1548	-1112.555	-1281.103	168.548	4.096762
1554	-1121.218	-1290.047	168.8295	3.93597
1560	-1114.784	-1283.447	168.663	4.031169
1566	-1132.89	-1299.692	166.8015	5.077254
1572	-1122.496	-1290.275	167.779	4.531704
1578	-1117.547	-1285.491	167.9444	4.438586
1584	-1118.302	-1286.48	168.1787	4.306328
1590	-1105.664	-1274.241	168.5771	4.080161
1596	-1110.422	-1278.941	168.5188	4.113352
1602	-1121.348	-1290.883	169.5346	3.528808
1608	-1119.037	-1288.599	169.5622	3.512742
1614	-1124.77	-1292.728	167.9575	4.431258
1620	-1120.232	-1288.419	168.1874	4.301401
1626	-1120.606	-1289.286	168.6798	4.021579
1632	-1119.665	-1287.843	168.1779	4.30678
1638	-1127.644	-1297.279	169.6351	3.470174
1644	-1119.681	-1288.67	168.9897	3.844053
1650	-1108.882	-1277.493	168.6108	4.060954
1656	-1116.9	-1283.828	166.9285	5.0068
1662	-1107.884	-1276.267	168.3826	4.190775
1668	-1114.686	-1283.283	168.5968	4.068919
1674	-1126.117	-1294.636	168.5194	4.113038
1680	-1122.072	-1290.138	168.0657	4.370208
1686	-1124.69	-1293.689	168.9994	3.838483
1692	-1125.067	-1293.762	168.6953	4.012708
1698	-1123.986	-1292.955	168.9691	3.85592
1704	-1111.159	-1279.734	168.5744	4.08171
1710	-1114.784	-1282.969	168.185	4.302755
1716	-1114.59	-1283.689	169.0995	3.780853
1722	-1120.648	-1289.675	169.0273	3.82244
1728	-1112.806	-1281.911	169.1055	3.777424
1734	-1116.503	-1285.556	169.0535	3.807331
1740	-1116.826	-1284.475	167.6493	4.604505
1746	-1119.565	-1289.064	169.499	3.549536
1752	-1113.362	-1281.634	168.2729	4.253012
1758	-1129.787	-1298.06	168.2729	4.253012
1764	-1111.969	-1280.242	168.2729	4.253012
1770	-1116.171	-1283.399	167.2273	4.840519
1776	-1121.394	-1290.715	169.3211	3.652829
1782	-1116.996	-1285.651	168.6553	4.035576
1788	-1122.689	-1291.197	168.5087	4.119098
1794	-1121.125	-1289.898	168.773	3.968329
1800	-1117.004	-1285.973	168.9683	3.856324
1806	-1118.695	-1287.89	169.1942	3.726258
1812	-1116.075	-1284.275	168.1993	4.294673
1818	-1103.534	-1272.796	169.2624	3.686797
1824	-1111.971	-1280.356	168.3854	4.189217
1830	-1120.027	-1288.413	168.3854	4.189217
1836	-1117.409	-1285.795	168.3854	4.189217
1842	-1130.346	-1299.426	169.0801	3.792016
1848	-1130.969	-1300.254	169.285	3.673766
1854	-1115.964	-1285.167	169.2033	3.720971
1860	-1124.455	-1293.402	168.9478	3.868142
1866	-1129.408	-1297.727	168.319	4.226892
1872	-1122.575	-1291.012	168.4373	4.159698
1878	-1132.425	-1301.101	168.6759	4.023789
1884	-1134.404	-1302.616	168.2126	4.28713
1890	-1130.212	-1298.65	168.4382	4.159209
1896	-1126.295	-1295.502	169.2074	3.718619
1902	-1123.782	-1292.99	169.2074	3.718619
1908	-1131.931	-1300.346	168.4144	4.172713
1914	-1132.736	-1302.094	169.3578	3.631574
1920	-1129.606	-1297.452	167.8466	4.493682
1926	-1126.825	-1296.278	169.4528	3.57641
1932	-1118.962	-1287.124	168.1622	4.315673
1938	-1118.102	-1286.691	168.5896	4.07306
1944	-1131.041	-1299.624	168.5831	4.076748
1950	-1128.574	-1297.366	168.792	3.957442
1956	-1117.672	-1286.316	168.6442	4.041924
1962	-1133.103	-1302.676	169.573	3.506453
1968	-1122.584	-1291.81	169.2253	3.708281
1974	-1115.071	-1283.965	168.8935	3.899315
1980	-1113.572	-1281.511	167.9393	4.441489
1986	-1115.125	-1284.372	169.247	3.695749
1992	-1122.555	-1290.086	167.5307	4.670965
1998	-1119.846	-1289.174	169.3281	3.648792
2004	-1131.05	-1299.472	168.4216	4.168637
2010	-1131.676	-1301.185	169.5089	3.543805
2016	-1128.561	-1297.077	168.5156	4.115203
2022	-1116.51	-1284.934	168.4236	4.167491
2028	-1121.137	-1290.872	169.7353	3.411574
2034	-1118.645	-1287.743	169.0979	3.781803
2040	-1122.064	-1289.038	166.9735	4.981776
2046	-1115.191	-1284.25	169.0591	3.804129
2052	-1119.211	-1288.397	169.1862	3.730884
2058	-1122.703	-1291.889	169.1862	3.730884
2064	-1118.482	-1286.982	168.5001	4.124003
2070	-1108.03	-1276.899	168.869	3.913324
2076	-1120.283	-1289.152	168.869	3.913324
2082	-1144.887	-1313.746	168.859	3.91907
2088	-1132.843	-1301.702	168.859	3.91907
2094	-1127.201	-1295.861	168.6595	4.033181
2100	-1127.608	-1296.32	168.7117	4.003337
2106	-1134.234	-1301.754	167.5199	4.676996
2112	-1123.317	-1291.659	168.3424	4.2136
2118	-1113.795	-1282.111	168.3162	4.228446
2124	-1118.921	-1288.103	169.1827	3.732879
2130	-1113.669	-1282.513	168.8436	3.927911
2136	-1124.482	-1293.65	169.1681	3.741299
2142	-1123.886	-1293.462	169.576	3.504693
2148	-1115.735	-1284.141	168.4058	4.177613
2154	-1111.462	-1279.867	168.4058	4.177613
2160	-1113.267	-1281.423	168.156	4.319148
2166	-1118.886	-1287.042	168.156	4.319148
2172	-1115.549	-1284.52	168.9708	3.85491
2178	-1120.854	-1289.97	169.1157	3.771517
2184	-1120.829	-1289.26	168.4302	4.163768
2190	-1123.89	-1291.91	168.0198	4.396123
2196	-1116.719	-1285.105	168.3862	4.188718
2202	-1118.714	-1287.329	168.6146	4.058805
2208	-1115.848	-1284.171	168.3226	4.224815
2214	-1112.037	-1280.246	168.2089	4.289239
2220	-1106.351	-1274.407	168.0556	4.375872
2226	-1108.76	-1277.142	168.3825	4.190856
2232	-1112.707	-1282.408	169.701	3.431643
2238	-1114.933	-1283.533	168.5998	4.067214
2244	-1119.355	-1286.594	167.2385	4.834263
2250	-1120.219	-1289.026	168.8072	3.948731
2256	-1116.449	-1285.654	169.2054	3.719785
2262	-1131.269	-1299.834	168.5657	4.086644
2268	-1130.171	-1300.169	169.9987	3.256613
2274	-1124.147	-1292.05	167.9036	4.461614
2280	-1124.814	-1293.831	169.0168	3.828459
2286	-1130.782	-1299.5	168.7173	4.000133
2292	-1129.782	-1298.757	168.9753	3.852351
2298	-1131.897	-1299.94	168.043	4.382984
2304	-1119.624	-1288.162	168.5387	4.102058
2310	-1117.226	-1285.327	168.1007	4.350404
2316	-1127.19	-1296.521	169.3309	3.647172
2322	-1122.72	-1291.312	168.5925	4.071388
2328	-1127.69	-1295.767	168.0769	4.363887
2334	-1125.571	-1293.882	168.3118	4.230978
2340	-1131.812	-1299.73	167.9174	4.453823
2346	-1120.972	-1289.942	168.9694	3.855744
2352	-1116.771	-1285.219	168.4475	4.153916
2358	-1125.796	-1293.881	168.0848	4.359398
2364	-1119.953	-1288.037	168.0848	4.359398
2370	-1122.045	-1290.902	168.8574	3.920013
2376	-1115.187	-1283.529	168.3426	4.213514
2382	-1129.608	-1298.164	168.5558	4.092317
2388	-1125.946	-1294.347	168.4008	4.180431
2394	-1114.709	-1283.482	168.7727	3.968495
2400	-1125.029	-1292.777	167.7479	4.549141
2406	-1127.224	-1295.962	168.7372	3.988813
2412	-1128.496	-1297.908	169.4118	3.600253
2418	-1128.361	-1297.623	169.2624	3.686846
2424	-1126.844	-1295.692	168.8483	3.92519
2430	-1130.781	-1300.659	169.8775	3.328082
2436	-1117.333	-1285.539	168.2062	4.29078
2442	-1119.024	-1287.69	168.6652	4.029911
2448	-1122.111	-1290.472	168.3613	4.202884
2454	-1120.854	-1289.216	168.3613	4.202884
2460	-1130.476	-1298.837	168.3613	4.202884
2466	-1120.339	-1289.38	169.0411	3.814516
2472	-1121.523	-1289.121	167.5978	4.63336
2478	-1122.776	-1290.109	167.3333	4.78137
2484	-1122.501	-1290.467	167.9663	4.426266
2490	-1122.206	-1290.419	168.2137	4.286549
2496	-1115.124	-1282.868	167.7435	4.551647
2502	-1116.398	-1285.284	168.8859	3.903655
2508	-1119.411	-1287.824	168.4129	4.173559
2514	-1122.517	-1290.388	167.8717	4.479571
2520	-1126.23	-1295.328	169.0984	3.781495
2526	-1121.032	-1290.38	169.3481	3.637207
2532	-1117.912	-1286.354	168.4424	4.156833
2538	-1127.106	-1296.462	169.3558	3.632745
2544	-1125.351	-1294.438	169.0869	3.788127
2550	-1132.223	-1300.635	168.4121	4.17404
2556	-1113.276	-1282.011	168.7353	3.989852
2562	-1122.482	-1291.217	168.7353	3.989852
2568	-1121.259	-1289.995	168.7353	3.989852
2574	-1120.435	-1289.88	169.4442	3.581412
2580	-1116.51	-1284.87	168.3597	4.203784
2586	-1126.66	-1295.086	168.4262	4.16601
2592	-1118.51	-1287.453	168.9429	3.870965
2598	-1125.06	-1293.145	168.0856	4.358958
2604	-1109.832	-1278.045	168.2128	4.287051
2610	-1119.412	-1287.144	167.7315	4.558363
2616	-1122.149	-1290.271	168.1222	4.338281
2622	-1119.245	-1288.21	168.9645	3.858531
2628	-1117.116	-1285.974	168.8578	3.919783
2634	-1128.238	-1297.606	169.368	3.625677
2640	-1129.866	-1297.903	168.0372	4.386261
2646	-1127.635	-1296.466	168.831	3.935091
2652	-1130.588	-1299.516	168.9275	3.8798
2658	-1133.491	-1303.105	169.614	3.482492
2664	-1129.113	-1298.123	169.0101	3.832346
2670	-1125.245	-1293.744	168.4988	4.124759
2676	-1118.769	-1286.882	168.1124	4.343841
2682	-1132.395	-1301.78	169.3845	3.616102
2688	-1136.498	-1304.845	168.3469	4.211067
2694	-1127.051	-1294.856	167.8052	4.516973
2700	-1135.274	-1304.504	169.2305	3.705275
2706	-1121.914	-1290.776	168.8621	3.917266
2712	-1114.226	-1283.223	168.9972	3.839716
2718	-1111.518	-1280.316	168.7979	3.954037
2724	-1104.8	-1273.865	169.0649	3.800782
2730	-1110.495	-1278.753	168.2587	4.261063
2736	-1103.725	-1272.18	168.4547	4.14983
2742	-1111.256	-1280.171	168.9146	3.887197
2748	-1117.155	-1286.487	169.3324	3.646272
2754	-1118.82	-1286.808	167.9887	4.413618
2760	-1125.14	-1294.432	169.292	3.669691
2766	-1120.996	-1289.995	168.9986	3.838934
2772	-1123.415	-1292.414	168.9986	3.838934
2778	-1116.667	-1285.012	168.3451	4.21204
2784	-1123.695	-1292.401	168.706	4.006615
2790	-1120.802	-1289.708	168.9056	3.89232
2796	-1117.77	-1286.621	168.8512	3.92356
2802	-1110.896	-1279.34	168.4439	4.155958
2808	-1115.778	-1285.173	169.3955	3.60969
2814	-1110.046	-1278.447	168.4006	4.180569
2820	-1113.171	-1281.572	168.4006	4.180569
2826	-1115.836	-1285.219	169.383	3.616953
2832	-1130.298	-1298.314	168.0164	4.398024
2838	-1124.812	-1294.103	169.2906	3.670483
2844	-1122.208	-1290.639	168.4315	4.163007
2850	-1113.308	-1282.431	169.1231	3.767295
2856	-1124.731	-1292.529	167.798	4.52103
2862	-1116.611	-1285.41	168.799	3.953434
2868	-1120.321	-1288.659	168.3375	4.216397
2874	-1131.559	-1300.759	169.1998	3.722993
2880	-1129.662	-1298.705	169.0429	3.813451
2886	-1131.405	-1299.188	167.7836	4.529122
2892	-1119.321	-1287.104	167.7836	4.529122
2898	-1120.96	-1289.779	168.8189	3.942064
2904	-1113.092	-1282.163	169.0713	3.797105
2910	-1113.269	-1282.34	169.0713	3.797105
2916	-1119.145	-1288.216	169.0713	3.797105
2922	-1126.553	-1295.39	168.8365	3.931955
2928	-1130.039	-1298.708	168.6695	4.027456
2934	-1123.231	-1292.034	168.8039	3.950627
2940	-1122.589	-1291.393	168.8039	3.950627
2946	-1110.278	-1278.915	168.6367	4.046177
2952	-1112.254	-1281.481	169.2272	3.707183
2958	-1131.679	-1300.889	169.2106	3.716778
2964	-1122.707	-1291.621	168.9141	3.887478
2970	-1122.044	-1290.669	168.6252	4.052758
2976	-1117.656	-1286.048	168.3923	4.185305
2982	-1121.366	-1289.931	168.5652	4.086923
2988	-1110.746	-1279.823	169.077	3.79382
2994	-1104.667	-1273.388	168.7209	3.998086
3000	-1112.012	-1281.243	169.2316	3.704613
3006	-1110.472	-1279.704	169.2316	3.704613
3012	-1110.072	-1278.28	168.2081	4.289706
3018	-1115.688	-1284.351	168.6628	4.031291
3024	-1119.553	-1287.835	168.2829	4.247343
3030	-1109.982	-1278.648	168.6662	4.029317
3036	-1112.265	-1280.364	168.099	4.351399
3042	-1114.951	-1283.104	168.1535	4.320599
3048	-1115.264	-1283.654	168.3902	4.186467
3054	-1112.843	-1280.399	167.5562	4.656718
3060	-1112.638	-1281.154	168.5164	4.114711
3066	-1129.879	-1298.395	168.5164	4.114711
3072	-1119.271	-1288.623	169.3519	3.635019
3078	-1121.881	-1290.35	168.469	4.141707
3084	-1125.144	-1294.492	169.3476	3.637466
3090	-1122.158	-1291.646	169.4879	3.555994
3096	-1132.506	-1301.202	168.696	4.012316
3102	-1130.998	-1300.733	169.7356	3.411421
3108	-1132.315	-1301.354	169.0382	3.816155
3114	-1119.872	-1287.561	167.6889	4.582269
3120	-1111.976	-1280.57	168.5939	4.070558
3126	-1120.401	-1288.995	168.5939	4.070558
3132	-1127.252	-1296.083	168.8303	3.935495
3138	-1121.181	-1289.567	168.3864	4.188645
3144	-1125.117	-1294.17	169.0527	3.807817
3150	-1140.308	-1309.222	168.9144	3.88729
3156	-1136.429	-1304.196	167.7678	4.537963
3162	-1113.71	-1282.556	168.8459	3.926599
3168	-1126.849	-1295.077	168.2278	4.278552
3174	-1112.415	-1281.437	169.0225	3.825174
3180	-1117.748	-1286.306	168.5577	4.091224
3186	-1113.787	-1282.614	168.827	3.937398
3192	-1116.826	-1284.838	168.0121	4.400419
3198	-1111.019	-1279.847	168.8282	3.936731
3204	-1108.354	-1277.016	168.6615	4.032041
3210	-1109.809	-1278.47	168.6615	4.032041
3216	-1115.142	-1284.219	169.0771	3.793753
3222	-1121.751	-1290.514	168.7626	3.974251
3228	-1121.924	-1289.799	167.8751	4.477639
3234	-1121.202	-1289.568	168.366	4.200236
3240	-1113.073	-1281.652	168.5796	4.078731
3246	-1108.17	-1276.75	168.5796	4.078731
3252	-1109.558	-1278.159	168.6012	4.066448
3258	-1106.357	-1274.702	168.3447	4.212284
3264	-1115.419	-1283.764	168.3447	4.212284
3270	-1123.722	-1292.667	168.9445	3.870035
3276	-1124.138	-1292.352	168.2142	4.286265
3282	-1122.081	-1289.991	167.9098	4.458127
3288	-1115.972	-1284.131	168.1585	4.317759
3294	-1121.986	-1290.985	168.9995	3.838417
3300	-1124.524	-1292.649	168.1253	4.336507
3306	-1125.988	-1294.972	168.9839	3.847394
3312	-1135.761	-1303.416	167.6551	4.601233
3318	-1132.373	-1301.19	168.8165	3.94343
3324	-1129.082	-1298.214	169.1326	3.761768
3330	-1113.99	-1282.546	168.5559	4.092259
3336	-1124.881	-1293.782	168.9016	3.894625
3342	-1130.213	-1299.44	169.2268	3.707426
3348	-1130.34	-1299.079	168.7392	3.987634
3354	-1140.56	-1308.876	168.3167	4.228201
3360	-1127.036	-1295.28	168.2443	4.269225
3366	-1128.645	-1297.007	168.3614	4.202843
3372	-1117.87	-1287.363	169.4933	3.552857
3378	-1122.494	-1290.27	167.7756	4.533585
3384	-1121.541	-1289.252	167.7108	4.569974
3390	-1124.699	-1293.074	168.375	4.195128
3396	-1115.093	-1283.193	168.0998	4.350931
3402	-1129.039	-1297.478	168.439	4.158765
3408	-1125.967	-1294.406	168.439	4.158765
3414	-1132.128	-1301.206	169.0772	3.793726
3420	-1122.177	-1290.703	168.5261	4.109234
3426	-1120.845	-1289.801	168.9565	3.863105
3432	-1119.964	-1289.193	169.2292	3.705998
3438	-1125.268	-1294.879	169.6106	3.484501
3444	-1131.127	-1299.825	168.6978	4.011277
3450	-1124.604	-1293.46	168.8558	3.920911
3456	-1121.312	-1290.426	169.114	3.772493
3462	-1115.091	-1283.473	168.3814	4.191443
3468	-1116.674	-1285.899	169.2252	3.708313
3474	-1113.935	-1283.049	169.1145	3.77224
3480	-1119.513	-1288.492	168.9795	3.84992
3486	-1112.863	-1281.843	168.9795	3.84992
3492	-1117.302	-1286.2	168.8975	3.896986
3498	-1110.313	-1278.968	168.6546	4.035986
3504	-1118.85	-1287.504	168.6546	4.035986
3510	-1117.196	-1285.88	168.684	4.019182
3516	-1117.426	-1285.8	168.3748	4.195197
3522	-1108.01	-1276.385	168.3748	4.195197
3528	-1098.128	-1266.503	168.3748	4.195197
3534	-1117.922	-1286.789	168.867	3.914503
3540	-1117.475	-1285.83	168.3557	4.206033
3546	-1112.183	-1279.778	167.5946	4.635175
3552	-1121.805	-1289.568	167.7631	4.540648
3558	-1108.928	-1277.759	168.8314	3.934861
3564	-1111.734	-1280.576	168.8417	3.928954
3570	-1117.385	-1286.63	169.2441	3.69741
3576	-1123.291	-1291.938	168.6476	4.03994
3582	-1114.649	-1284.253	169.6034	3.488717
3588	-1112.158	-1281.487	169.3287	3.648434
3594	-1123.931	-1292.658	168.727	3.994617
3600	-1138.268	-1307.069	168.8015	3.951978
3606	-1116.604	-1285.527	168.9232	3.882242
3612	-1116.779	-1285.352	168.5725	4.082779
3618	-1117.521	-1286.065	168.5436	4.09925
3624	-1114.22	-1283.841	169.6215	3.478136
3630	-1114.154	-1283.367	169.2127	3.715534
3636	-1111.949	-1280.89	168.9409	3.872114
3642	-1109.252	-1278.321	169.0681	3.798926
3648	-1107.728	-1276.147	168.419	4.170094
3654	-1110.072	-1279.476	169.4049	3.60426
3660	-1118.072	-1287.477	169.4049	3.60426
3666	-1116.587	-1285.992	169.4049	3.60426
3672	-1112.624	-1281.168	168.5445	4.098714
3678	-1102.872	-1272.094	169.2226	3.709854
3684	-1117.141	-1286.363	169.2226	3.709854
3690	-1116.839	-1285.236	168.397	4.182599
3696	-1118.213	-1287.497	169.2837	3.674509
3702	-1120.753	-1289.229	168.4755	4.138001
3708	-1125.163	-1293.698	168.5344	4.104508
3714	-1116.238	-1284.753	168.5147	4.115695
3720	-1119.301	-1288.302	169.0012	3.837445
3726	-1118.387	-1288.359	169.9718	3.272547
3732	-1113.32	-1283.18	169.8594	3.338731
3738	-1119.071	-1288.715	169.6437	3.465148
3744	-1117.459	-1286.257	168.7972	3.954439
3750	-1129.278	-1297.996	168.7183	3.999562
3756	-1124.937	-1294.135	169.1981	3.723974
3762	-1111.846	-1281.236	169.3907	3.612514
3768	-1115.926	-1285.214	169.2878	3.672112
3774	-1115.086	-1284.739	169.6533	3.459545
3780	-1107.337	-1276.212	168.8747	3.910068
3786	-1115.931	-1284.806	168.8747	3.910068
3792	-1119.041	-1287.528	168.4867	4.131654
3798	-1122.801	-1290.924	168.1228	4.337951
3804	-1119.062	-1288.151	169.0897	3.786529
3810	-1117.219	-1286.268	169.0482	3.810434
3816	-1125.247	-1294.073	168.8264	3.937755
3822	-1109.567	-1278.931	169.3643	3.627825
3828	-1109.213	-1277.436	168.2226	4.281496
3834	-1120.507	-1289.584	169.0768	3.793963
3840	-1135.409	-1304.227	168.8178	3.94267
3846	-1127.273	-1296.091	168.8178	3.94267
3852	-1136.237	-1304.914	168.6771	4.02314
3858	-1130.155	-1298.832	168.6771	4.02314
3864	-1130.995	-1299.241	168.2456	4.268476
3870	-1137.952	-1306.197	168.2456	4.268476
3876	-1127.946	-1296.488	168.5412	4.100634
3882	-1128.131	-1296.374	168.2429	4.270019
3888	-1129.691	-1298.657	168.9656	3.857894
3894	-1123.746	-1292.997	169.2504	3.69376
3900	-1127.855	-1295.823	167.9676	4.425561
3906	-1130.662	-1298.692	168.03	4.390347
3912	-1140.827	-1308.876	168.0495	4.379346
3918	-1121.969	-1290.68	168.7108	4.003876
3924	-1120.126	-1289.21	169.0833	3.79022
3930	-1123.705	-1292.898	169.1927	3.727083
3936	-1124.531	-1293.601	169.0694	3.798179
3942	-1123.066	-1292.135	169.0694	3.798179
3948	-1114.267	-1283.126	168.8585	3.919356
3954	-1114.506	-1283.519	169.0132	3.830517
3960	-1119.325	-1288.567	169.242	3.698642
3966	-1111.522	-1280.416	168.8943	3.898809
3972	-1114.383	-1282.873	168.4909	4.129255
3978	-1117.036	-1285.539	168.5034	4.122148
3984	-1119.554	-1288.396	168.8424	3.928564
3990	-1111.792	-1279.243	167.4512	4.715485
3996	-1124.959	-1293.095	168.1361	4.330421
4002	-1118.248	-1287.376	169.1281	3.764395
4008	-1123.302	-1291.349	168.0472	4.380646
4014	-1124.94	-1293.789	168.849	3.924774
4020	-1129.371	-1298.828	169.4568	3.574087
4026	-1123.36	-1292.367	169.007	3.834117
4032	-1122.5	-1290.127	167.6271	4.616945
4038	-1105.831	-1275.244	169.4127	3.599714
4044	-1105.869	-1274.962	169.0931	3.784555
4050	-1114.344	-1282.939	168.5954	4.069733
4056	-1110.524	-1279.119	168.5954	4.069733
4062	-1112.824	-1281.42	168.5954	4.069733
4068	-1112.763	-1281.501	168.7386	3.987991
4074	-1101.672	-1269.942	168.2692	4.255082
4080	-1114.931	-1282.971	168.0407	4.384321
4086	-1109.835	-1277.876	168.0407	4.384321
4092	-1113.128	-1281.72	168.5925	4.071365
4098	-1117.882	-1285.112	167.2302	4.838864
4104	-1123.238	-1292.258	169.0196	3.82684
4110	-1111.59	-1279.473	167.8829	4.473238
4116	-1115.377	-1284.017	168.6398	4.044431
4122	-1114.34	-1283.14	168.8003	3.952674
4128	-1104.347	-1273.122	168.7752	3.967037
4134	-1111.162	-1280.225	169.063	3.801877
4140	-1125.214	-1293.997	168.7831	3.962549
4146	-1113.641	-1282.449	168.8078	3.948372
4152	-1118.618	-1287.799	169.1813	3.733683
4158	-1121.153	-1289.147	167.9946	4.410325
4164	-1118.999	-1286.817	167.8186	4.509423
4170	-1116.612	-1284.842	168.2298	4.277418
4176	-1125.731	-1294.9	169.1688	3.740903
4182	-1124.831	-1293.619	168.7877	3.959884
4188	-1109.335	-1278.096	168.7606	3.975391
4194	-1104.966	-1273.867	168.9013	3.8948
4200	-1107.82	-1276.851	169.0307	3.820505
4206	-1115.081	-1284.112	169.0307	3.820505
4212	-1136.477	-1305.001	168.5241	4.110352
4218	-1140.95	-1309.113	168.1624	4.315528
4224	-1133.373	-1301.373	167.9992	4.40772
4230	-1127.169	-1295.072	167.9031	4.461862
4236	-1116.698	-1285.531	168.8322	3.934405
4242	-1113.159	-1281.8	168.6418	4.043264
4248	-1116.063	-1284.446	168.383	4.190579
4254	-1119.066	-1287.066	168.0008	4.406826
4260	-1122.637	-1291.852	169.2154	3.713981
4266	-1114.809	-1283.744	168.9354	3.875252
4272	-1114.416	-1283.126	168.7095	4.004637
4278	-1122.095	-1290.248	168.1528	4.320962
4284	-1125.961	-1294.428	168.4665	4.143091
4290	-1120.79	-1289.461	168.6712	4.026509
4296	-1117.959	-1286.907	168.9477	3.868174
4302	-1119.913	-1289.204	169.291	3.670293
4308	-1118.736	-1287.234	168.4978	4.125324
4314	-1118.264	-1287.11	168.8452	3.926971
4320	-1122.764	-1292.423	169.6593	3.456068
4326	-1133.576	-1303.008	169.4315	3.588774
4332	-1126.281	-1294.351	168.0694	4.36812
4338	-1123.165	-1292.248	169.0829	3.790458
4344	-1111.23	-1279.801	168.5705	4.083906
4350	-1113.632	-1281.675	168.0431	4.38295
4356	-1133.699	-1303.029	169.3295	3.648005
4362	-1132.82	-1302.068	169.2479	3.695214
4368	-1124.641	-1293.319	168.6774	4.022947
4374	-1128.92	-1297.876	168.9562	3.863323
4380	-1133.578	-1302.207	168.6287	4.050718
4386	-1125.829	-1294.641	168.8123	3.945817
4392	-1121.421	-1290.593	169.1721	3.739
4398	-1117.699	-1287.064	169.365	3.627383
4404	-1110.801	-1280.166	169.365	3.627383
4410	-1120.958	-1290.405	169.4474	3.579562
4416	-1121.879	-1290.035	168.1559	4.319237
4422	-1117.558	-1286.186	168.6284	4.050931
4428	-1121.34	-1289.968	168.6284	4.050931
4434	-1113.769	-1282.47	168.7004	4.009787
4440	-1115.688	-1284.46	168.7725	3.968583
4446	-1110.38	-1279.153	168.7725	3.968583
4452	-1103.856	-1272.847	168.9905	3.843596
4458	-1123.341	-1292.247	168.906	3.892101
4464	-1117.228	-1286.134	168.906	3.892101
4470	-1124.92	-1293.84	168.9194	3.884455
4476	-1118.435	-1287.658	169.2235	3.709308
4482	-1119.923	-1288.632	168.7093	4.004719
4488	-1116.336	-1285.544	169.2079	3.718314
4494	-1121.945	-1290.491	168.5454	4.098224
4500	-1120.306	-1288.08	167.7735	4.534763
4506	-1112.96	-1281.517	168.5567	4.091781
4512	-1109.527	-1278.329	168.8016	3.951954
4518	-1127.567	-1296.85	169.2829	3.674969
4524	-1122.432	-1291.459	169.027	3.822622
4530	-1122.839	-1291.697	168.8586	3.919282
4536	-1117.407	-1285.932	168.5244	4.110156
4542	-1113.238	-1281.592	168.3538	4.207111
4548	-1127.362	-1296.469	169.1068	3.776689
4554	-1129.681	-1297.489	167.8083	4.515212
4560	-1133.657	-1303.254	169.597	3.492424
4566	-1127.694	-1296.667	168.9725	3.853923
4572	-1126.906	-1295.837	168.9307	3.877951
4578	-1129.509	-1298.44	168.9307	3.877951
4584	-1123.057	-1292.184	169.127	3.765012
4590	-1138.317	-1306.589	168.2724	4.253306
4596	-1141.034	-1309.857	168.8233	3.939529
4602	-1120.09	-1288.73	168.6405	4.044002
4608	-1115.134	-1283.816	168.6814	4.020644
4614	-1114.876	-1283.882	169.0059	3.834719
4620	-1116.213	-1285.261	169.0479	3.810556
4626	-1115.898	-1284.939	169.0412	3.814449
4632	-1123.075	-1291.877	168.8021	3.951642
4638	-1120.548	-1289.349	168.8006	3.952496
4644	-1124.438	-1293.474	169.0361	3.817356
4650	-1132.369	-1300.454	168.0846	4.359505
4656	-1136.278	-1304.401	168.1228	4.337938
4662	-1122.023	-1290.887	168.8636	3.916448
4668	-1119.452	-1288.316	168.8636	3.916448
4674	-1124.799	-1293.333	168.5344	4.104498
4680	-1139.341	-1307.401	168.0596	4.37364
4686	-1136.086	-1305.098	169.0114	3.831558
4692	-1136.823	-1305.775	168.9513	3.866129
4698	-1132.189	-1300.8	168.6109	4.060883
4704	-1125.628	-1294.853	169.2258	3.707969
4710	-1113.297	-1281.595	168.2979	4.238858
4716	-1115.668	-1283.584	167.9158	4.45473
4722	-1128.594	-1296.246	167.6525	4.602688
4728	-1117.934	-1285.844	167.9103	4.457838
4734	-1118.319	-1286.796	168.4772	4.137058
4740	-1113.519	-1282.237	168.7181	3.999715
4746	-1121.982	-1291.404	169.4225	3.594033
4752	-1128.225	-1296.85	168.6244	4.053209
4758	-1118.727	-1286.593	167.8654	4.483086
4764	-1110.928	-1279.966	169.0377	3.816443
4770	-1111.009	-1279.009	168.0001	4.407228
4776	-1119.734	-1288.957	169.2236	3.709261
4782	-1130.928	-1298.929	168.0012	4.406568
4788	-1130.412	-1298.343	167.9302	4.446634
4794	-1132.919	-1301.052	168.1324	4.33252
4800	-1129.597	-1298.274	168.6774	4.022955
4806	-1135.6	-1304.06	168.4593	4.147204
4812	-1118.509	-1286.492	167.9824	4.417176
4818	-1122.764	-1291.07	168.3066	4.233881
4824	-1124.375	-1292.681	168.3066	4.233881
4830	-1126.3	-1295.689	169.3886	3.613714
4836	-1118.758	-1287.966	169.2076	3.718487
4842	-1129.828	-1298.139	168.3107	4.231592
4848	-1134.681	-1303.904	169.2226	3.709819
4854	-1128.962	-1298.224	169.2617	3.687232
4860	-1127.667	-1295.799	168.132	4.332726
4866	-1118.596	-1286.565	167.9686	4.424946
4872	-1116.044	-1285.371	169.3267	3.649577
4878	-1121.084	-1288.773	167.6896	4.581912
4884	-1122.508	-1291.682	169.1733	3.738309
4890	-1127.406	-1296.333	168.9268	3.880173
4896	-1123.065	-1291.299	168.2345	4.274738
4902	-1133.132	-1300.286	167.1547	4.880966
4908	-1125.229	-1293.909	168.6802	4.02134
4914	-1121.676	-1290.862	169.1852	3.731444
4920	-1132.257	-1302.212	169.9553	3.282275
4926	-1121.857	-1290.382	168.5247	4.109983
4932	-1124.478	-1293.196	168.7176	3.999973
4938	-1124.246	-1293.079	168.8333	3.9338
4944	-1119.915	-1288.108	168.1928	4.298363
4950	-1122.824	-1291.614	168.7906	3.95825
4956	-1126.742	-1295.533	168.7906	3.95825
4962	-1120.632	-1288.61	167.9773	4.420091
4968	-1126.109	-1294.808	168.6997	4.010228
4974	-1123.047	-1291.296	168.2487	4.26671
4980	-1127.237	-1296.497	169.2596	3.688454
4986	-1123.834	-1292.168	168.3342	4.218275
4992	-1129.491	-1298.287	168.7962	3.955051
4998	-1120.355	-1289.151	168.7962	3.955051
5004	-1105.458	-1274.824	169.3655	3.627084
5010	-1116.279	-1283.851	167.5716	4.648046
5016	-1116.713	-1285.875	169.1616	3.745045
5022	-1110.528	-1279.168	168.6406	4.043939
5028	-1122.295	-1290.935	168.6406	4.043939
5034	-1116.384	-1285.024	168.6406	4.043939
5040	-1113.443	-1282.076	168.6329	4.048323
5046	-1114.477	-1283.732	169.2542	3.691585
5052	-1115.837	-1285.684	169.8461	3.346538
5058	-1121.181	-1289.476	168.2947	4.240639
5064	-1118.973	-1287.67	168.6966	4.011967
5070	-1118.688	-1286.85	168.1621	4.315701
5076	-1124.602	-1294.051	169.4488	3.578773
5082	-1115.017	-1282.517	167.4995	4.688451
5088	-1123.914	-1292.413	168.4991	4.124563
5094	-1118.353	-1287.599	169.2457	3.696479
5100	-1123.005	-1291.899	168.894	3.898994
5106	-1125.99	-1294.375	168.3856	4.189095
5112	-1119.603	-1288.852	169.249	3.694547
5118	-1119.766	-1287.555	167.7891	4.526005
5124	-1113.831	-1283.002	169.1707	3.739796
5130	-1117.89	-1287.061	169.1707	3.739796
5136	-1121.476	-1289.3	167.8243	4.506203
5142	-1127.332	-1295.983	168.6508	4.03816
5148	-1123.843	-1293.132	169.2884	3.671753
5154	-1126.349	-1295.308	168.9592	3.861579
5160	-1127.85	-1296.12	168.2701	4.25458
5166	-1132.643	-1302.028	169.3844	3.616168
5172	-1135.154	-1303.543	168.389	4.187145
5178	-1137.016	-1305.574	168.5581	4.090981
5184	-1127.003	-1295.589	168.5864	4.074833
5190	-1128.937	-1297.524	168.5864	4.074833
5196	-1130.717	-1298.802	168.0853	4.359129
5202	-1133.173	-1302.283	169.1098	3.774936
5208	-1120.722	-1289.045	168.3226	4.224841
5214	-1127.884	-1296.87	168.9859	3.846237
5220	-1114.639	-1283.831	169.1924	3.727291
5226	-1121.961	-1290.296	168.3354	4.217562
5232	-1121.714	-1290.202	168.4874	4.131222
5238	-1123.665	-1292.211	168.5466	4.097559
5244	-1127.363	-1295.895	168.5324	4.105645
5250	-1125.284	-1294.827	169.5425	3.524248
5256	-1132.773	-1302.316	169.5425	3.524248
5262	-1127.15	-1295.476	168.3262	4.222767
5268	-1125.2	-1293.687	168.4873	4.131289
5274	-1139.341	-1307.908	168.5673	4.085758
5280	-1125.829	-1294.223	168.3941	4.18423
5286	-1124.668	-1293.074	168.4061	4.177455
5292	-1138.585	-1307.157	168.5717	4.083221
5298	-1137.697	-1307.325	169.6274	3.47471
5304	-1135.848	-1305.521	169.6731	3.448008
5310	-1126.157	-1294.94	168.7834	3.962368
5316	-1127.447	-1296.523	169.0756	3.794654
5322	-1111.384	-1280.461	169.0773	3.793638
5328	-1115.224	-1284.025	168.8015	3.952006
5334	-1113.32	-1282.373	169.0531	3.807568
5340	-1122.871	-1290.861	167.9898	4.413
5346	-1113.559	-1282.476	168.9171	3.885748
5352	-1117.83	-1286.655	168.8248	3.938649
5358	-1126.458	-1294.998	168.5403	4.101094
5364	-1121.397	-1290.166	168.7692	3.97049
5370	-1125.582	-1295.679	170.0967	3.198643
5376	-1121.695	-1289.625	167.9291	4.447222
5382	-1122.119	-1291.769	169.6499	3.461538
5388	-1122.824	-1290.696	167.872	4.479369
5394	-1140.508	-1309.914	169.4055	3.603891
5400	-1121.092	-1290.916	169.8231	3.36008
5406	-1108.899	-1277.652	168.7531	3.97968
5412	-1119.92	-1288.643	168.7232	3.996779
5418	-1114.121	-1281.883	167.7615	4.541538
5424	-1117.145	-1285.672	168.5263	4.10908
5430	-1116.777	-1285.983	169.2061	3.719351
5436	-1119.571	-1288.199	168.628	4.051151
5442	-1120.484	-1289.031	168.5478	4.096852
5448	-1127.283	-1295.342	168.0592	4.373854
5454	-1139.702	-1307.706	168.0039	4.405083
5460	-1140.272	-1308.984	168.7113	4.003612
5466	-1129.877	-1298.588	168.7113	4.003612
5472	-1130.411	-1299.298	168.8868	3.903141
5478	-1134.995	-1302.996	168.0008	4.406793
5484	-1135.982	-1304.801	168.8187	3.942129
5490	-1130.775	-1299.087	168.3116	4.231056
5496	-1128.354	-1296.479	168.1254	4.336475
5502	-1124.843	-1293.809	168.9661	3.857589
5508	-1120.653	-1288.774	168.1216	4.338598
5514	-1111.343	-1280.31	168.9669	3.857179
5520	-1118.327	-1286.882	168.5552	4.092657
5526	-1128.965	-1296.927	167.9617	4.428867
5532	-1120.047	-1289.23	169.1825	3.73298
5538	-1116.139	-1284.462	168.3225	4.224861
5544	-1115.856	-1284.936	169.0801	3.792071
5550	-1111.733	-1280.813	169.0801	3.792071
5556	-1119.712	-1287.771	168.0591	4.373945
5562	-1115.323	-1283.72	168.3969	4.182641
5568	-1119.211	-1288.282	169.0709	3.797321
5574	-1123.647	-1292.845	169.1978	3.724175
5580	-1126.093	-1293.975	167.882	4.473767
5586	-1124.405	-1293.178	168.7734	3.968075
5592	-1120.137	-1289.285	169.1478	3.753005
5598	-1117.786	-1286.194	168.4077	4.176554
5604	-1118.189	-1287.239	169.0499	3.809425
5610	-1123.882	-1293.882	169.9995	3.256144
5616	-1115.09	-1282.912	167.8228	4.507077
5622	-1123.235	-1292.155	168.9206	3.883748
5628	-1110.643	-1279.331	168.6883	4.016698
5634	-1109.522	-1277.73	168.2079	4.289832
5640	-1112.612	-1282.239	169.6265	3.475235
5646	-1108.147	-1277.415	169.2675	3.683878
5652	-1119.811	-1289.058	169.247	3.69571
5658	-1118.559	-1287.955	169.3958	3.609549
5664	-1120.498	-1289.77	169.2725	3.680984
5670	-1134.741	-1304.335	169.5935	3.494487
5676	-1129.138	-1297.549	168.4112	4.174551
5682	-1121.671	-1290.542	168.8709	3.912259
5688	-1119.121	-1287.511	168.39	4.186588
5694	-1113.305	-1281.973	168.6676	4.028531
5700	-1116.953	-1285.477	168.5238	4.110499
5706	-1118.585	-1287.739	169.1542	3.749332
5712	-1124.57	-1292.656	168.0858	4.358847
5718	-1113.028	-1281.916	168.8885	3.902153
5724	-1115.782	-1284.671	168.8885	3.902153
5730	-1116.352	-1285.24	168.8885	3.902153
5736	-1113.04	-1282.143	169.1029	3.778927
5742	-1114.621	-1282.934	168.3128	4.230365
5748	-1117.189	-1285.682	168.4921	4.128549
5754	-1117.843	-1286.989	169.1459	3.754138
5760	-1125.355	-1294.559	169.2045	3.720301
5766	-1126.128	-1295.709	169.5812	3.501656
5772	-1133.483	-1302.831	169.349	3.636694
5778	-1130.665	-1300.014	169.349	3.636694
5784	-1133.039	-1302.187	169.1474	3.753238
5790	-1129.538	-1298.668	169.13	3.76329
5796	-1136.008	-1305.084	169.0764	3.794201
5802	-1124.913	-1294.12	169.2075	3.718536
5808	-1119.183	-1288.029	168.8457	3.926663
5814	-1122.822	-1291.016	168.1941	4.29765
5820	-1131.36	-1300.639	169.2783	3.677632
5826	-1125.263	-1293.863	168.6006	4.066793
5832	-1122.921	-1291.767	168.8467	3.926099
5838	-1118.133	-1287.23	169.0973	3.782163
5844	-1123.294	-1292.054	168.7597	3.975899
5850	-1121.433	-1289.688	168.2552	4.263012
5856	-1121.447	-1290.198	168.7512	3.980808
5862	-1124.018	-1292.517	168.4982	4.125096
5868	-1120.925	-1289.273	168.3489	4.209924
5874	-1113.831	-1282.742	168.911	3.889271
5880	-1106.095	-1275.006	168.911	3.889271
5886	-1119.79	-1288.9	169.11	3.774792
5892	-1120.981	-1289.62	168.6397	4.04444
5898	-1121.37	-1290.362	168.9914	3.843101
5904	-1103.983	-1273.09	169.1068	3.776638
5910	-1116.146	-1285.253	169.1068	3.776638
5916	-1108.675	-1277.921	169.2465	3.696
5922	-1103.824	-1273.038	169.2145	3.714521
5928	-1111.03	-1279.83	168.8007	3.952438
5934	-1114.536	-1282.896	168.361	4.203058
5940	-1109.774	-1277.778	168.0044	4.404795
5946	-1116.888	-1285.435	168.5469	4.09736
5952	-1119.485	-1287.776	168.2913	4.24257
5958	-1116.745	-1285.478	168.733	3.99118
5964	-1118.885	-1287.618	168.733	3.99118
5970	-1119.448	-1288.745	169.2976	3.66644
5976	-1124.517	-1292.644	168.1262	4.33603
5982	-1118.112	-1286.994	168.8811	3.906403
5988	-1112.357	-1280.354	167.9967	4.409149
5994	-1126.589	-1295.73	169.1405	3.757211
6000	-1122.014	-1291.015	169.0011	3.837504
6006	-1119.822	-1288.219	168.3972	4.182496
6012	-1114.029	-1282.356	168.3274	4.222132
6018	-1109.754	-1278.008	168.2545	4.263452
6024	-1114.625	-1283.97	169.3448	3.639103
6030	-1120.201	-1288.636	168.4353	4.160848
6036	-1121.466	-1290.84	169.3737	3.622379
6042	-1123.981	-1292.753	168.7721	3.968827
6048	-1121.714	-1290.585	168.8707	3.912358
6054	-1127.219	-1295.816	168.5964	4.069161
6060	-1131.164	-1300.098	168.934	3.876039
6066	-1114.2	-1282.774	168.5741	4.081858
6072	-1121.249	-1291.093	169.844	3.34781
6078	-1115.775	-1284.31	168.5347	4.104335
6084	-1114.81	-1284.713	169.9027	3.313273
6090	-1113.513	-1281.811	168.2985	4.238476
6096	-1111.019	-1279.875	168.8558	3.920903
6102	-1110.319	-1279.174	168.8558	3.920903
6108	-1122.239	-1289.621	167.3817	4.754311
6114	-1125.578	-1293.902	168.3243	4.223887
6120	-1129.201	-1297.718	168.517	4.114358
6126	-1124.687	-1294.478	169.7902	3.3794
6132	-1125.694	-1295.124	169.4302	3.58954
6138	-1131.875	-1300.637	168.7617	3.974796
6144	-1124.53	-1293.847	169.3173	3.655071
6150	-1114.905	-1283.785	168.8807	3.906606
6156	-1122.637	-1291.517	168.8807	3.906606
6162	-1124.256	-1293.444	169.1883	3.729669
6168	-1113.806	-1282.568	168.7617	3.974757
6174	-1122.682	-1292.083	169.401	3.606524
6180	-1117.29	-1286.168	168.8784	3.907942
6186	-1117.297	-1285.644	168.3477	4.210567
6192	-1124.977	-1293.325	168.3477	4.210567
6198	-1109.519	-1278.086	168.5672	4.085781
6204	-1113.469	-1282.073	168.6033	4.065211
6210	-1113.578	-1283.093	169.5146	3.540493
6216	-1114.59	-1282.949	168.359	4.204172
6222	-1098.454	-1267.335	168.8818	3.906022
6228	-1112.594	-1281.56	168.9658	3.857764
6234	-1112.043	-1281.193	169.15	3.751735
6240	-1115.701	-1284.438	168.7373	3.988728
6246	-1121.856	-1290.594	168.7373	3.988728
6252	-1120.966	-1289.82	168.8536	3.922146
6258	-1120.475	-1289.678	169.2021	3.721664
6264	-1119.947	-1288.557	168.6109	4.060913
6270	-1128.25	-1297.523	169.2734	3.680485
6276	-1118.977	-1287.256	168.2798	4.249093
6282	-1122.63	-1291.72	169.0897	3.786508
6288	-1120.174	-1288.757	168.5831	4.076737
6294	-1124.212	-1293.255	169.0428	3.813524
6300	-1111.607	-1280.444	168.8368	3.931796
6306	-1112.537	-1281.386	168.8491	3.924767
6312	-1129.796	-1297.631	167.8345	4.500475
6318	-1131.715	-1299.568	167.8529	4.490115
6324	-1132.292	-1299.742	167.4504	4.715907
6330	-1129.76	-1299.165	169.4052	3.604045
6336	-1122.582	-1290.478	167.8961	4.465825
6342	-1122.297	-1291.698	169.4013	3.606358
6348	-1130.549	-1298.042	167.4922	4.692527
6354	-1124.094	-1292.374	168.2799	4.249036
6360	-1116.081	-1284.108	168.0262	4.392495
6366	-1112.11	-1280.545	168.435	4.16104
6372	-1114.006	-1282.617	168.6115	4.060537
6378	-1114.996	-1283.416	168.4202	4.169406
6384	-1127.799	-1295.735	167.9356	4.443592
6390	-1121.362	-1289.619	168.2578	4.261547
6396	-1118.448	-1286.694	168.2459	4.268302
6402	-1115.398	-1284.998	169.5999	3.490756
6408	-1110.428	-1279.226	168.7978	3.954116
6414	-1113.902	-1282.19	168.2877	4.244631
6420	-1114.635	-1283.873	169.2387	3.700511
6426	-1118.177	-1287.681	169.5043	3.54645
6432	-1118.114	-1286.72	168.6061	4.063624
6438	-1108.379	-1276.922	168.5434	4.099384
6444	-1116.67	-1285.338	168.6679	4.028383
6450	-1118.982	-1287.684	168.702	4.008918
6456	-1118.522	-1286.447	167.925	4.449556
6462	-1123.057	-1290.512	167.4546	4.713571
6468	-1116.032	-1284.659	168.6269	4.051789
6474	-1124.802	-1293.429	168.6269	4.051789
6480	-1124.561	-1292.158	167.5967	4.633985
6486	-1118.72	-1287.415	168.6947	4.01309
6492	-1115.278	-1283.699	168.4204	4.169296
6498	-1114.208	-1283.13	168.9221	3.882853
6504	-1121.887	-1291.169	169.2823	3.675304
6510	-1117.86	-1286.196	168.3363	4.217064
6516	-1116.248	-1284.778	168.5302	4.106855
6522	-1121.828	-1290.443	168.6145	4.058856
6528	-1119.826	-1288.441	168.6145	4.058856
6534	-1129.969	-1299.652	169.6825	3.442473
6540	-1115.548	-1283.687	168.1391	4.328737
6546	-1111.108	-1280.426	169.318	3.654661
6552	-1116.187	-1284.805	168.6184	4.056637
6558	-1115.299	-1284.346	169.0466	3.81131
6564	-1112.884	-1282.291	169.407	3.603051
6570	-1118.57	-1287.754	169.1842	3.732038
6576	-1122.343	-1290.799	168.4561	4.149034
6582	-1127.381	-1296.083	168.7026	4.008543
6588	-1125.207	-1293.91	168.7026	4.008543
6594	-1115.024	-1283.659	168.6348	4.047263
6600	-1115.236	-1283.12	167.8841	4.472589
6606	-1116.119	-1284.689	168.5701	4.08412
6612	-1113.143	-1282.109	168.966	3.857682
6618	-1124.413	-1293.647	169.2338	3.703357
6624	-1124.961	-1293.758	168.7971	3.954548
6630	-1106.711	-1275.028	168.3172	4.227892
6636	-1118.299	-1288.095	169.796	3.375999
6642	-1122.269	-1289.822	167.5533	4.658309
6648	-1125.818	-1293.918	168.1003	4.350667
6654	-1139.07	-1308.022	168.952	3.865729
6660	-1133.541	-1301.825	168.2841	4.246664
6666	-1135.865	-1303.884	168.0188	4.396656
6672	-1137.076	-1306.116	169.0398	3.815222
6678	-1119.562	-1288.294	168.7315	3.992018
6684	-1117.796	-1286.809	169.0129	3.830734
6690	-1110.634	-1280.002	169.3686	3.625291
6696	-1117.575	-1286.739	169.1648	3.743204
6702	-1117.687	-1286.852	169.1648	3.743204
6708	-1116.984	-1285.514	168.5292	4.107419
6714	-1130.148	-1298.284	168.1359	4.33056
6720	-1124.04	-1293.498	169.4578	3.573524
6726	-1116.24	-1285.806	169.5665	3.510242
6732	-1120.46	-1289.423	168.9636	3.85904
6738	-1109.296	-1278.217	168.9203	3.883892
6744	-1120.252	-1289.173	168.9203	3.883892
6750	-1114.311	-1283.451	169.1402	3.757421
6756	-1122.706	-1292.032	169.3258	3.650149
6762	-1121.037	-1290.262	169.2249	3.708514
6768	-1120.531	-1288.656	168.1247	4.336874
6774	-1113.851	-1283.031	169.1804	3.734193
6780	-1116.409	-1285.489	169.08	3.792078
6786	-1117.519	-1286.251	168.7322	3.991633
6792	-1116.787	-1285.684	168.8968	3.89738
6798	-1118.273	-1287.64	169.3663	3.626627
6804	-1113.082	-1282.326	169.2439	3.697536
6810	-1113.674	-1282.389	168.7148	4.00158
6816	-1117.787	-1287.756	169.9689	3.274241
6822	-1110.77	-1279.157	168.3865	4.188558
6828	-1112.776	-1281.163	168.3865	4.188558
6834	-1117.622	-1286.485	168.8623	3.917203
6840	-1133.293	-1301.592	168.2996	4.23787
6846	-1135.912	-1304.535	168.6226	4.054203
6852	-1139.33	-1308.903	169.5729	3.506523
6858	-1125.173	-1293.46	168.287	4.244995
6864	-1121.786	-1289.888	168.1024	4.349464
6870	-1115.869	-1283.815	167.9454	4.438031
6876	-1117.038	-1284.666	167.6286	4.616124
6882	-1117.476	-1285.873	168.3971	4.182564
6888	-1117.868	-1286.669	168.8009	3.952344
6894	-1125.234	-1293.736	168.5021	4.122842
6900	-1125.213	-1293.205	167.9917	4.411926
6906	-1123.1	-1291.42	168.3202	4.226197
6912	-1123.542	-1290.817	167.2751	4.813851
6918	-1114.485	-1282.918	168.4334	4.161947
6924	-1127.079	-1296.352	169.2722	3.681142
6930	-1132.239	-1300.878	168.6386	4.045102
6936	-1130.913	-1298.13	167.2175	4.84594
6942	-1126.499	-1296.305	169.8065	3.369815
6948	-1118.687	-1287.234	168.5472	4.097187
6954	-1119.757	-1288.304	168.5472	4.097187
6960	-1113.179	-1282.351	169.1727	3.738636
6966	-1116.576	-1284.602	168.0261	4.392535
6972	-1127.018	-1294.531	167.5126	4.681111
6978	-1116.438	-1285.176	168.7385	3.988014
6984	-1120.11	-1288.235	168.125	4.336674
6990	-1116.71	-1286.086	169.3763	3.620841
6996	-1122.517	-1291.553	169.036	3.817422
7002	-1129.018	-1296.482	167.4641	4.708257
7008	-1112.157	-1280.653	168.4957	4.126484
7014	-1121.094	-1290.044	168.9502	3.866759
7020	-1117.987	-1286.077	168.0902	4.356382
7026	-1124.647	-1293.691	169.0434	3.813165
7032	-1128.414	-1296.266	167.8526	4.490282
7038	-1119.083	-1287.29	168.2067	4.29047
7044	-1116.585	-1284.829	168.2444	4.269154
7050	-1118.136	-1286.967	168.8304	3.935449
7056	-1119.138	-1287.343	168.205	4.29144
7062	-1112.417	-1281.269	168.8519	3.923157
7068	-1118.224	-1286.821	168.5971	4.068757
7074	-1145.602	-1313.81	168.208	4.289779
7080	-1111.376	-1280.657	169.2811	3.676001
7086	-1123.577	-1292.986	169.4097	3.601462
7092	-1110.77	-1279.867	169.097	3.782325
7098	-1117.058	-1286.226	169.1674	3.741693
7104	-1121.318	-1290.617	169.299	3.665669
7110	-1120.385	-1288.753	168.3675	4.199385
7116	-1122.263	-1290.547	168.2844	4.246474
7122	-1119.236	-1287.914	168.6775	4.022888
7128	-1120.866	-1289.639	168.7723	3.968729
7134	-1122.593	-1291.218	168.6244	4.053181
7140	-1117.231	-1286.931	169.7001	3.432194
7146	-1128.121	-1296.3	168.1786	4.306396
7152	-1141.314	-1310.181	168.8669	3.914563
7158	-1128.121	-1297.231	169.1099	3.774884
7164	-1134.52	-1303.462	168.9425	3.871141
7170	-1129.546	-1297.382	167.8361	4.499571
7176	-1126.104	-1295.078	168.9742	3.852941
7182	-1124.569	-1293.623	169.0539	3.80714
7188	-1128.116	-1297.17	169.0539	3.80714
7194	-1127.605	-1296.748	169.1431	3.755706
7200	-1127.831	-1296.859	169.0279	3.822076
7206	-1124.056	-1292.987	168.9315	3.877491
7212	-1117.683	-1286.718	169.0357	3.8176
7218	-1122.914	-1292.179	169.2644	3.685657
7224	-1132.022	-1302.264	170.2425	3.112018
7230	-1127.236	-1297.479	170.2425	3.112018
7236	-1123.79	-1294.032	170.2425	3.112018
7242	-1121.678	-1288.849	167.1708	4.871986
7248	-1118.242	-1286.466	168.2238	4.280791
7254	-1120.091	-1287.974	167.8826	4.473406
7260	-1118.596	-1286.894	168.2976	4.239008
7266	-1118.061	-1286.206	168.1449	4.325424
7272	-1127.096	-1296.009	168.9134	3.887882
7278	-1120.47	-1288.644	168.1737	4.309191
7284	-1119.868	-1287.029	167.1607	4.877595
7290	-1121.345	-1289.913	168.5683	4.085184
7296	-1143.141	-1311.294	168.1525	4.321129
7302	-1128.758	-1296.738	167.9802	4.418432
7308	-1136.125	-1305.075	168.95	3.866874
7314	-1124.272	-1293.326	169.0546	3.80672
7320	-1109.897	-1278.507	168.6103	4.061238
7326	-1120.579	-1289.524	168.9447	3.869926
7332	-1128.868	-1297.619	168.7505	3.981169
7338	-1118.703	-1286.973	168.2698	4.254782
7344	-1124.429	-1292.619	168.1895	4.300204
7350	-1129.84	-1299.582	169.7422	3.407552
7356	-1126.713	-1295.004	168.2913	4.242604
7362	-1120.803	-1289.564	168.7613	3.97499
7368	-1116.936	-1285.005	168.0696	4.368003
7374	-1117.757	-1286.455	168.6977	4.011349
7380	-1114.857	-1283.555	168.6977	4.011349
7386	-1129.084	-1297.781	168.6977	4.011349
7392	-1113.535	-1282.404	168.869	3.913336
7398	-1127.743	-1297.711	169.9683	3.274611
7404	-1112.88	-1281.823	168.9432	3.870778
7410	-1122.115	-1291.96	169.8451	3.347135
7416	-1113.251	-1281.917	168.6665	4.029152
7422	-1113.429	-1282.096	168.6665	4.029152
7428	-1112.658	-1281.365	168.7065	4.006327
7434	-1111.49	-1278.834	167.3444	4.775182
7440	-1119.889	-1287.233	167.3444	4.775182
7446	-1110.474	-1279.625	169.1515	3.750877
7452	-1113.534	-1282.795	169.2611	3.687588
7458	-1119.698	-1288.266	168.5684	4.085096
7464	-1121.746	-1290.572	168.8255	3.938283
7470	-1125.391	-1293.998	168.6071	4.063075
7476	-1120.017	-1289.242	169.2254	3.708237
7482	-1123.882	-1292.453	168.5711	4.083572
7488	-1131.44	-1299.847	168.4075	4.17662
7494	-1120.375	-1289.281	168.906	3.892122
7500	-1107.897	-1276.392	168.4952	4.126785
7506	-1112.697	-1281.213	168.5158	4.11506
7512	-1120.093	-1289.855	169.7621	3.395862
7518	-1108.929	-1278.652	169.7229	3.418861
7524	-1106.202	-1274.983	168.7813	3.963542
7530	-1110.892	-1279.587	168.6947	4.013066
7536	-1109.404	-1278.458	169.0543	3.806908
7542	-1120.247	-1288.164	167.9175	4.453743
7548	-1117.414	-1286.012	168.5983	4.068066
7554	-1119.703	-1287.754	168.0513	4.378333
7560	-1117.118	-1285.737	168.6184	4.056631
7566	-1110.49	-1279.617	169.1265	3.765278
7572	-1108.807	-1278.087	169.28	3.676658
7578	-1125.033	-1294.353	169.3202	3.653356
7584	-1123.456	-1291.586	168.1297	4.334064
7590	-1119.431	-1288.595	169.1633	3.744077
7596	-1122.507	-1291.691	169.1847	3.731747
7602	-1130.778	-1300.976	170.1984	3.13826
7608	-1127.747	-1296.527	168.7803	3.964122
7614	-1135.005	-1303.524	168.5194	4.113023
7620	-1125.768	-1294.137	168.3689	4.198584
7626	-1125.919	-1293.964	168.0451	4.381812
7632	-1119.544	-1288.147	168.6026	4.065651
7638	-1129.592	-1298.194	168.6026	4.065651
7644	-1121.127	-1290.679	169.5519	3.518746
7650	-1122.303	-1289.631	167.3277	4.784458
7656	-1112.691	-1281.957	169.2654	3.685098
7662	-1113.808	-1283.073	169.2654	3.685098
7668	-1115.159	-1283.848	168.6892	4.0162
7674	-1116.192	-1284.806	168.6133	4.059534
7680	-1112.021	-1281.166	169.1459	3.75413
7686	-1109.161	-1277.315	168.1542	4.320193
7692	-1128.277	-1297.542	169.2651	3.68524
7698	-1117.229	-1286.684	169.4549	3.575205
7704	-1122.329	-1290.025	167.6967	4.577929
7710	-1120.307	-1289.302	168.9955	3.840744
7716	-1104.287	-1273.1	168.8128	3.94556
7722	-1120.229	-1288.229	167.9999	4.407348
7728	-1114.462	-1283.512	169.0507	3.808962
7734	-1115.45	-1284.766	169.3163	3.655654
7740	-1113.664	-1282.167	168.5029	4.122432
7746	-1110.349	-1279.848	169.4984	3.549874
7752	-1110.696	-1279.426	168.7299	3.992968
7758	-1111.185	-1279.842	168.6567	4.034737
7764	-1122.997	-1292.417	169.4204	3.595262
7770	-1132.812	-1301.129	168.3175	4.227716
7776	-1130.82	-1299.827	169.0063	3.834497
7782	-1122	-1290.394	168.3948	4.183872
7788	-1133.733	-1302.513	168.78	3.964288
7794	-1135.945	-1304.611	168.6668	4.028979
7800	-1122.787	-1291.454	168.6668	4.028979
7806	-1125.016	-1293.057	168.0401	4.384625
7812	-1121.598	-1289.964	168.3666	4.199876
7818	-1118.788	-1286.647	167.8593	4.486544
7824	-1123.444	-1292.022	168.5783	4.079498
7830	-1123.389	-1292.381	168.9921	3.842688
7836	-1128.007	-1297.307	169.2999	3.665113
7842	-1133.694	-1302.825	169.1314	3.762509
7848	-1122.868	-1290.587	167.7191	4.565312
7854	-1118.537	-1287.12	168.5831	4.076724
7860	-1119.122	-1287.699	168.5766	4.08043
7866	-1113.206	-1281.783	168.5766	4.08043
7872	-1121.034	-1289.199	168.1649	4.314115
7878	-1114.119	-1283.061	168.9413	3.871869
7884	-1117.814	-1285.191	167.3773	4.756797
7890	-1114.84	-1283.107	168.2671	4.256304
7896	-1112.251	-1281.135	168.8842	3.904605
7902	-1113.251	-1281.768	168.5167	4.114573
7908	-1119.959	-1287.896	167.9368	4.442909
7914	-1123.675	-1292.818	169.144	3.755238
7920	-1124.996	-1292.551	167.555	4.657342
7926	-1127.614	-1295.898	168.284	4.246734
7932	-1118.615	-1286.962	168.3466	4.211227
7938	-1125.029	-1294.11	169.0809	3.791562
7944	-1120.371	-1288.953	168.5811	4.077882
7950	-1131.91	-1300.776	168.866	3.915079
7956	-1128.758	-1298.104	169.3458	3.638503
7962	-1120.052	-1288.901	168.849	3.924809
7968	-1117.699	-1286.616	168.9178	3.885353
7974	-1112.453	-1280.818	168.3651	4.20073
7980	-1124.672	-1292.871	168.1994	4.294615
7986	-1125.048	-1294.074	169.0267	3.822794
7992	-1128.213	-1297.463	169.2501	3.693923
7998	-1128.7	-1297.854	169.1534	3.749763
8004	-1118.455	-1287.608	169.1534	3.749763
8010	-1116.327	-1284.644	168.3163	4.228399
8016	-1126.867	-1295.415	168.5473	4.097141
8022	-1113.538	-1281.987	168.4497	4.152681
8028	-1125.978	-1294.872	168.8941	3.898941
8034	-1126.017	-1294.562	168.5446	4.098646
8040	-1122.802	-1291.376	168.5742	4.081821
8046	-1124.173	-1292.498	168.3246	4.223722
8052	-1127.031	-1295.356	168.3246	4.223722
8058	-1129.325	-1296.645	167.3195	4.789077
8064	-1129.97	-1298.856	168.8853	3.904019
8070	-1127.02	-1295.099	168.0783	4.363096
8076	-1123.558	-1291.861	168.3024	4.236275
8082	-1126.827	-1295.572	168.7452	3.984226
8088	-1115.252	-1283.997	168.7452	3.984226
8094	-1117.686	-1286.797	169.1109	3.774316
8100	-1133.925	-1302.713	168.7879	3.959778
8106	-1131.004	-1300.01	169.0057	3.834847
8112	-1121.895	-1291.149	169.2544	3.691444
8118	-1118.761	-1287.447	168.6864	4.017827
8124	-1124.411	-1292.889	168.4778	4.136694
8130	-1117.391	-1286.385	168.9937	3.841739
8136	-1132.984	-1302.958	169.974	3.271234
8142	-1126.992	-1295.77	168.7777	3.965643
8148	-1129.081	-1298.265	169.1842	3.732028
8154	-1125.401	-1294.317	168.9165	3.88609
8160	-1121.041	-1289.469	168.4279	4.165052
8166	-1118.353	-1287.089	168.7359	3.989512
8172	-1128.148	-1296.883	168.7359	3.989512
8178	-1126.039	-1294.775	168.7359	3.989512
8184	-1131.698	-1300.809	169.1106	3.774493
8190	-1133.892	-1301.825	167.9328	4.445125
8196	-1124.612	-1292.396	167.7832	4.529317
8202	-1122.985	-1291.688	168.7029	4.00838
8208	-1116.684	-1285.858	169.1746	3.737549
8214	-1124.082	-1292.219	168.1366	4.330167
8220	-1123.428	-1291.905	168.4768	4.137277
8226	-1129.992	-1298.998	169.0066	3.834363
8232	-1123.215	-1291.641	168.4263	4.165956
8238	-1119.888	-1288.402	168.5135	4.116376
8244	-1116.258	-1285.643	169.385	3.615783
8250	-1118.882	-1287.926	169.0438	3.812948
8256	-1107.373	-1276.663	169.2902	3.670745
8262	-1124.607	-1294.401	169.7946	3.376785
8268	-1125.771	-1294.468	168.6974	4.011518
8274	-1122.814	-1291.503	168.6893	4.016169
8280	-1115.314	-1283.876	168.5616	4.089
8286	-1130.529	-1299.09	168.5616	4.089
8292	-1107.307	-1276.025	168.7184	3.999532
8298	-1114.593	-1283.889	169.2956	3.667606
8304	-1118.579	-1287.052	168.473	4.139417
8310	-1115.88	-1284.022	168.1418	4.32718
8316	-1120.672	-1289.125	168.4535	4.150498
8322	-1124.325	-1292.321	167.9953	4.409904
8328	-1112.51	-1281.25	168.7396	3.98743
8334	-1109.385	-1278.118	168.7328	3.991321
8340	-1111.708	-1281.351	169.6437	3.465199
8346	-1120.926	-1288.678	167.7517	4.547023
8352	-1115.464	-1283.515	168.0514	4.378282
8358	-1120.736	-1288.917	168.1816	4.304685
8364	-1113.598	-1283.049	169.451	3.577461
8370	-1117.342	-1286.662	169.3207	3.653104
8376	-1113.033	-1281.399	168.3658	4.200303
8382	-1124.006	-1293.101	169.0952	3.783325
8388	-1129.75	-1299.889	170.139	3.173561
8394	-1118.966	-1288.11	169.1434	3.75555
8400	-1113.272	-1281.79	168.5178	4.113934
8406	-1111.172	-1279.649	168.4776	4.13682
8412	-1113.181	-1282.596	169.4158	3.597933
8418	-1112.161	-1280.882	168.721	3.998039
8424	-1110.104	-1278.859	168.7552	3.978473
8430	-1115.696	-1284.536	168.8405	3.929694
8436	-1109.719	-1278.559	168.8405	3.929694
8442	-1116.266	-1285.414	169.1487	3.752489
8448	-1113.147	-1282.296	169.1487	3.752489
8454	-1124.172	-1292.794	168.6224	4.054331
8460	-1122.597	-1291.169	168.5721	4.082993
8466	-1117.505	-1286.077	168.5721	4.082993
8472	-1118.688	-1288.42	169.7326	3.413143
8478	-1117.591	-1285.299	167.708	4.571593
8484	-1125.598	-1293.69	168.0928	4.354893
8490	-1115.965	-1283.953	167.9877	4.41418
8496	-1109.681	-1278.171	168.49	4.129736
8502	-1110.025	-1278.44	168.415	4.1724
8508	-1105.578	-1274.616	169.0374	3.816607
8514	-1119.799	-1288.257	168.4579	4.147998
8520	-1103.635	-1271.559	167.9239	4.450155
8526	-1109.221	-1278.112	168.8916	3.900393
8532	-1108.653	-1276.905	168.2518	4.264975
8538	-1108.827	-1276.624	167.797	4.521562
8544	-1114.164	-1282.022	167.8581	4.487229
8550	-1115.41	-1283.209	167.7988	4.520548
8556	-1120.731	-1288.343	167.6124	4.625228
8562	-1123.436	-1292.055	168.6191	4.056219
8568	-1122.908	-1291.527	168.6191	4.056219
8574	-1130.236	-1298.818	168.5815	4.077672
8580	-1124.293	-1292.875	168.5815	4.077672
8586	-1121.905	-1290.486	168.5815	4.077672
8592	-1132.214	-1301.323	169.1082	3.775877
8598	-1129.418	-1298.3	168.882	3.905901
8604	-1118.51	-1287.837	169.3271	3.649343
8610	-1114.529	-1283.344	168.8142	3.944719
8616	-1114.538	-1283.698	169.1597	3.746149
8622	-1123.024	-1292.893	169.8696	3.332749
8628	-1124.351	-1292.999	168.6481	4.039674
8634	-1131.953	-1301.097	169.144	3.755236
8640	-1139.538	-1308.741	169.2032	3.721063
8646	-1116.848	-1286.059	169.211	3.716554
8652	-1115.489	-1283.86	168.371	4.197353
8658	-1110.701	-1280.032	169.3302	3.647597
8664	-1110.592	-1279.123	168.5308	4.106526
8670	-1108.702	-1277.725	169.0224	3.82525
8676	-1123.021	-1291.663	168.6416	4.043397
8682	-1119.713	-1288.686	168.9731	3.853601
8688	-1122.564	-1289.999	167.4347	4.724678
8694	-1134.022	-1302.356	168.3342	4.218258
8700	-1137.935	-1306.27	168.3342	4.218258
8706	-1128.793	-1297.787	168.9937	3.841739
8712	-1133.897	-1302.381	168.4837	4.133315
8718	-1120.384	-1288.842	168.4579	4.148007
8724	-1127.057	-1295.515	168.4579	4.148007
8730	-1114.942	-1283.4	168.4579	4.148007
8736	-1114.676	-1283.689	169.0129	3.8307
8742	-1119.424	-1288.486	169.0622	3.802361
8748	-1115.533	-1284.431	168.8978	3.896828
8754	-1120.162	-1289.317	169.1551	3.748815
8760	-1118.622	-1286.89	168.2682	4.255687
8766	-1132.686	-1301.787	169.1006	3.78022
8772	-1122.363	-1291.166	168.8031	3.951072
8778	-1114.341	-1283.148	168.8071	3.948787
8784	-1116.517	-1284.969	168.4522	4.151239
8790	-1120.962	-1289.387	168.425	4.166699
8796	-1128.237	-1296.662	168.425	4.166699
8802	-1126.828	-1295.377	168.5489	4.096225
8808	-1127.35	-1295.744	168.3935	4.184608
8814	-1126.498	-1294.995	168.4975	4.125458
8820	-1130.198	-1298.375	168.1768	4.307431
8826	-1124.408	-1293.507	169.0993	3.781005
8832	-1121.207	-1290.541	169.3344	3.645141
8838	-1119.574	-1288.135	168.5612	4.089216
8844	-1125.19	-1293.755	168.5647	4.087209
8850	-1116.668	-1285.269	168.6004	4.066873
8856	-1112.008	-1280.608	168.6004	4.066873
8862	-1117.288	-1286.519	169.2311	3.704938
8868	-1119.931	-1288.943	169.0119	3.831278
8874	-1116.035	-1285.047	169.0119	3.831278
8880	-1112.334	-1280.268	167.9342	4.444385
8886	-1126.4	-1294.334	167.9342	4.444385
8892	-1122.476	-1291.505	169.0291	3.821383
8898	-1115.828	-1284.983	169.1545	3.749146
