Iteration	Posterior	Likelihood	Prior	tree_length
0	-194.1397	-367.637	173.4973	0.8143046
6	-194.4653	-368.0274	173.5621	0.7211372
12	-186.4432	-359.9737	173.5304	0.7692556
18	-180.7223	-354.3086	173.5862	0.6788387
24	-188.676	-362.0461	173.3702	0.960298
30	-184.6254	-358.0124	173.387	0.9425679
36	-185.7081	-359.1964	173.4883	0.8257649
42	-183.07	-356.3151	173.2451	1.082928
48	-189.223	-362.6824	173.4594	0.8612186
54	-194.593	-368.0981	173.5051	0.8040168
60	-189.431	-362.8573	173.4263	0.8995762
66	-195.8971	-369.5304	173.6333	0.5510041
72	-187.573	-361.1937	173.6208	0.5990891
78	-185.0142	-358.3625	173.3483	0.9828112
84	-179.5892	-353.1051	173.5159	0.7895636
90	-185.8014	-359.1656	173.3641	0.9665884
96	-184.4158	-357.7799	173.3641	0.9665884
102	-190.7828	-364.3122	173.5295	0.7706604
108	-191.8767	-365.4369	173.5602	0.724222
114	-199.8877	-373.394	173.5063	0.802414
120	-195.0274	-368.178	173.1507	1.16793
126	-191.1538	-364.6356	173.4819	0.8338753
132	-187.6135	-361.1208	173.5073	0.8011035
138	-201.1808	-374.7928	173.612	0.6232405
144	-190.1758	-363.445	173.2692	1.060299
150	-188.3902	-361.993	173.6028	0.6450123
156	-180.1427	-353.4197	173.277	1.052932
162	-190.7747	-363.9219	173.1472	1.170937
168	-187.3496	-360.5864	173.2368	1.090574
174	-185.754	-359.3531	173.5991	0.6529879
180	-190.9679	-364.1697	173.2019	1.12246
186	-199.1278	-372.3105	173.1827	1.139653
192	-184.1852	-357.7784	173.5931	0.6653957
198	-183.8603	-357.1796	173.3193	1.011882
204	-179.564	-352.9223	173.3583	0.9726295
210	-185.5679	-359.0286	173.4608	0.8596319
216	-178.0605	-351.6169	173.5565	0.7301788
222	-175.0186	-348.5751	173.5565	0.7301788
228	-185.1072	-358.4275	173.3203	1.010942
234	-181.0845	-354.3493	173.2647	1.064559
240	-177.8229	-351.4192	173.5963	0.6589704
246	-185.9855	-359.6128	173.6273	0.5772668
252	-186.1804	-359.7709	173.5904	0.6707259
258	-192.5748	-366.2072	173.6323	0.5557569
264	-200.9692	-374.3769	173.4077	0.9202597
270	-201.5538	-375.064	173.5102	0.7972897
276	-185.0921	-358.6023	173.5102	0.7972897
282	-194.1666	-367.6799	173.5133	0.7930944
288	-189.7923	-363.4088	173.6165	0.6112923
294	-182.7979	-356.2463	173.4485	0.8741771
300	-190.2518	-363.7003	173.4485	0.8741771
306	-188.0406	-361.481	173.4404	0.8835011
312	-181.6787	-355.2154	173.5368	0.7600924
318	-184.7339	-358.2707	173.5368	0.7600924
324	-195.2192	-368.8527	173.6335	0.4532686
330	-179.791	-353.3133	173.5223	0.7807911
336	-182.5471	-356.1298	173.5827	0.6854027
342	-191.9806	-365.2332	173.2526	1.075977
348	-186.9884	-360.241	173.2526	1.075977
354	-191.8504	-365.087	173.2366	1.090794
360	-187.4431	-360.6601	173.217	1.108722
366	-204.4887	-378.0193	173.5306	0.7690528
372	-184.4219	-358.0289	173.607	0.6353753
378	-191.4601	-364.9887	173.5286	0.7718333
384	-191.1593	-364.5113	173.352	0.9790612
390	-186.0073	-359.4461	173.4388	0.8853162
396	-185.0568	-358.6551	173.5983	0.6546826
402	-188.1902	-361.7885	173.5983	0.6546826
408	-186.5388	-359.5029	172.9641	1.323884
414	-197.5983	-371.0247	173.4263	0.8995377
420	-191.2149	-364.8014	173.5865	0.6783877
426	-195.883	-369.3349	173.4519	0.8700981
432	-187.09	-360.5316	173.4416	0.8821466
438	-187.6066	-361.0951	173.4885	0.8255294
444	-196.7196	-370.0386	173.3189	1.012279
450	-191.8392	-365.137	173.2978	1.032953
456	-197.2969	-370.5421	173.2452	1.082873
462	-184.7926	-358.1443	173.3517	0.979331
468	-184.4215	-357.996	173.5745	0.7001519
474	-196.9039	-370.5107	173.6068	0.6357831
480	-201.4339	-374.9135	173.4795	0.836808
486	-191.6461	-365.1503	173.5042	0.8052185
492	-190.3752	-363.7774	173.4022	0.9261793
498	-211.0374	-384.2758	173.2384	1.089151
504	-188.5448	-362.0797	173.5348	0.7629287
510	-196.9722	-370.4668	173.4947	0.817663
516	-184.3839	-357.6738	173.2899	1.040578
522	-187.0076	-360.5432	173.5356	0.761877
528	-187.757	-361.22	173.4629	0.8570328
534	-188.3136	-361.5888	173.2752	1.054641
540	-180.4321	-354.0635	173.6315	0.5599817
546	-181.3183	-354.7778	173.4594	0.8612147
552	-180.2549	-353.8312	173.5763	0.6970431
558	-187.0704	-360.6904	173.62	0.601496
564	-182.7668	-356.3826	173.6158	0.6131446
570	-180.1132	-353.6681	173.555	0.73254
576	-192.1575	-365.4164	173.259	1.069955
582	-184.5768	-358.0992	173.5224	0.7806306
588	-196.4271	-369.6325	173.2055	1.11922
594	-197.1025	-370.4281	173.3256	1.005668
600	-198.136	-371.5444	173.4084	0.9194874
606	-188.9288	-362.1875	173.2587	1.07026
612	-181.4456	-355.0047	173.5591	0.72591
618	-190.1948	-363.7198	173.525	0.776957
624	-190.4364	-363.6261	173.1897	1.133403
630	-184.3926	-357.7822	173.3895	0.9398604
636	-189.378	-362.8433	173.4652	0.8542594
642	-194.8891	-368.1244	173.2354	1.09193
648	-199.9775	-373.2129	173.2354	1.09193
654	-199.8649	-373.4682	173.6032	0.6439489
660	-195.2852	-368.8789	173.5937	0.6641639
666	-197.8671	-370.723	172.8559	1.409241
672	-205.7437	-379.2443	173.5006	0.8099662
678	-200.6666	-374.1735	173.507	0.801529
684	-209.1602	-382.6637	173.5035	0.8062061
690	-192.8818	-366.1463	173.2645	1.06477
696	-202.5478	-375.7762	173.2284	1.098326
702	-199.0785	-372.4829	173.4044	0.9237981
708	-201.4621	-374.8652	173.4031	0.9251873
714	-186.9351	-360.4935	173.5584	0.7271125
720	-200.8914	-374.5097	173.6184	0.6061281
726	-194.1175	-367.6499	173.5324	0.7664075
732	-193.3507	-366.6022	173.2515	1.076999
738	-197.5599	-371.046	173.4861	0.8285611
744	-196.56	-370.0959	173.5359	0.761382
750	-190.7123	-363.7808	173.0685	1.238268
756	-201.7792	-375.0384	173.2592	1.069723
762	-198.3968	-371.656	173.2592	1.069723
768	-188.0903	-361.3992	173.309	1.022085
774	-191.8126	-365.2379	173.4253	0.9006652
780	-191.2677	-364.693	173.4253	0.9006652
786	-187.7556	-360.9784	173.2228	1.103447
792	-184.908	-358.461	173.553	0.7356217
798	-194.4632	-368.0162	173.553	0.7356217
804	-182.204	-355.5232	173.3192	1.01199
810	-184.411	-357.9877	173.5768	0.6962015
816	-181.5701	-355.149	173.5789	0.6923247
822	-186.9468	-360.4137	173.4669	0.8522691
828	-183.5083	-357.1199	173.6116	0.6241955
834	-185.4867	-358.8928	173.4061	0.9219673
840	-182.9324	-356.4899	173.5576	0.7283927
846	-184.9093	-358.3277	173.4184	0.9084547
852	-194.9644	-368.5126	173.5482	0.7431031
858	-184.2105	-357.6558	173.4453	0.8778052
864	-195.8921	-369.4656	173.5735	0.7019236
870	-196.4633	-370.0901	173.6268	0.5792
876	-193.9142	-367.5473	173.6331	0.5516338
882	-197.8915	-371.3372	173.4457	0.8773982
888	-195.0375	-368.3895	173.3519	0.9791214
894	-191.9778	-365.2511	173.2733	1.056431
900	-195.0861	-368.3694	173.2833	1.046926
906	-199.3756	-372.6589	173.2833	1.046926
912	-193.7404	-367.1966	173.4562	0.8651076
918	-196.1853	-369.4077	173.2224	1.103817
924	-179.2982	-352.8457	173.5475	0.7440958
930	-183.8989	-357.4109	173.5119	0.7949094
936	-180.2657	-353.5723	173.3066	1.024383
942	-183.294	-356.8354	173.5415	0.7531542
948	-186.6992	-360.0796	173.3803	0.9496202
954	-199.827	-373.2225	173.3955	0.9335146
960	-202.2159	-375.5133	173.2974	1.033326
966	-200.1282	-373.6288	173.5006	0.810003
972	-193.3947	-366.6448	173.2501	1.078225
978	-189.7948	-363.3019	173.5071	0.8014385
984	-189.6058	-362.9034	173.2976	1.033181
990	-187.0038	-360.6332	173.6294	0.5689703
996	-188.6272	-362.2566	173.6294	0.5689703
1002	-184.4783	-358.0484	173.5701	0.7078647
1008	-180.9965	-354.5	173.5035	0.8061986
1014	-181.9155	-355.4069	173.4914	0.8218202
1020	-188.069	-361.5804	173.5114	0.7956422
1026	-197.5819	-371.0793	173.4974	0.8140635
1032	-198.6138	-371.875	173.2612	1.067856
1038	-194.7504	-367.9984	173.2479	1.080298
1044	-206.4134	-379.8098	173.3964	0.932476
1050	-191.4126	-364.6958	173.2832	1.047045
1056	-195.5044	-369.0872	173.5828	0.6853042
1062	-183.7119	-357.3149	173.603	0.64449
1068	-184.6119	-358.239	173.6271	0.5779666
1074	-182.6908	-356.2639	173.5731	0.7026407
1080	-188.1591	-361.5698	173.4107	0.9169471
1086	-190.3238	-363.7345	173.4107	0.9169471
1092	-184.9365	-358.1712	173.2347	1.092548
1098	-187.1404	-360.7435	173.6031	0.6442881
1104	-181.0192	-354.247	173.2278	1.098847
1110	-188.9791	-362.6162	173.637	0.5238741
1116	-191.2871	-364.6711	173.384	0.9457229
1122	-185.1451	-358.5538	173.4087	0.919143
1128	-191.0783	-364.6948	173.6166	0.6111737
1134	-189.9964	-363.5325	173.5361	0.7611228
1140	-193.6452	-367.0151	173.3698	0.9606619
1146	-196.4233	-369.7628	173.3395	0.9917034
1152	-208.0749	-381.3403	173.2653	1.063989
1158	-203.8261	-377.0396	173.2134	1.112021
1164	-198.102	-371.2496	173.1476	1.170628
1170	-195.6745	-369.0558	173.3813	0.9486172
1176	-186.0317	-359.4578	173.4261	0.8998344
1182	-187.5591	-361.0038	173.4447	0.8785015
1188	-201.7371	-375.3443	173.6072	0.6348383
1194	-203.622	-377.0826	173.4606	0.8598412
1200	-187.4937	-360.9478	173.4542	0.8674862
1206	-199.1299	-372.5484	173.4184	0.9083722
1212	-193.4204	-366.8585	173.4381	0.8861585
1218	-196.2296	-369.5636	173.3341	0.9972076
1224	-192.2456	-365.8024	173.5569	0.7295289
1230	-189.5076	-362.941	173.4333	0.8916331
1236	-199.7425	-372.7941	173.0516	1.252356
1242	-202.4366	-375.9138	173.4773	0.8396006
1248	-196.2528	-369.6165	173.3638	0.966949
1254	-198.1783	-371.6334	173.4551	0.8663316
1260	-197.1129	-370.723	173.6101	0.6278499
1266	-190.2853	-363.8304	173.5451	0.7477085
1272	-199.6222	-373.0317	173.4094	0.9183041
1278	-188.8721	-362.4268	173.5548	0.7328617
1284	-186.1162	-359.5235	173.4073	0.9206309
1290	-194.5807	-368.2124	173.6317	0.4454837
1296	-197.0523	-370.6819	173.6296	0.4374893
1302	-189.3864	-362.9496	173.5631	0.7194093
1308	-183.6706	-357.0741	173.4035	0.9248126
1314	-182.1244	-355.4226	173.2982	1.032562
1320	-185.203	-358.7487	173.5457	0.7468304
1326	-186.0286	-359.2559	173.2273	1.099331
1332	-182.5161	-356.1248	173.6087	0.6313086
1338	-181.6396	-355.1772	173.5376	0.7588877
1344	-187.6188	-361.1593	173.5405	0.7546513
1350	-191.211	-364.8037	173.5927	0.666162
1356	-184.4013	-357.5369	173.1356	1.181039
1362	-196.6648	-369.8004	173.1356	1.181039
1368	-195.0072	-368.4702	173.463	0.8569215
1374	-197.7637	-371.3816	173.6178	0.6075912
1380	-189.7037	-363.0464	173.3428	0.9884221
1386	-184.4515	-357.7943	173.3428	0.9884221
1392	-184.709	-358.2336	173.5247	0.777419
1398	-185.3874	-358.8584	173.471	0.8472903
1404	-183.5729	-357.0311	173.4582	0.8626681
1410	-182.8801	-356.2264	173.3463	0.9848755
1416	-184.4921	-357.842	173.3499	0.9812171
1422	-184.3208	-357.9577	173.6369	0.4753398
1428	-178.1008	-351.6847	173.5838	0.6833454
1434	-188.3008	-361.9383	173.6375	0.5174744
1440	-187.6757	-361.1075	173.4318	0.8933436
1446	-188.6202	-362.1099	173.4897	0.8240364
1452	-189.8844	-363.4009	173.5165	0.7887632
1458	-195.9744	-369.4909	173.5165	0.7887632
1464	-197.3831	-370.6511	173.268	1.061464
1470	-184.3676	-357.8003	173.4327	0.8923053
1476	-176.9167	-350.4503	173.5336	0.7647069
1482	-181.5649	-355.163	173.5981	0.6552197
1488	-185.2239	-358.4597	173.2358	1.09151
1494	-197.0866	-370.2883	173.2017	1.122594
1500	-190.0795	-363.4224	173.3428	0.9883676
1506	-193.3058	-366.6487	173.3428	0.9883676
1512	-181.6479	-355.2569	173.609	0.6305625
1518	-187.0103	-360.6021	173.5918	0.6681125
1524	-184.6017	-358.0555	173.4538	0.8679474
1530	-181.1111	-354.6584	173.5473	0.74438
1536	-173.1844	-346.7317	173.5473	0.74438
1542	-181.8025	-355.338	173.5355	0.7620213
1548	-188.8444	-362.279	173.4346	0.8901491
1554	-179.5773	-353.1892	173.6118	0.6236451
1560	-170.1573	-343.6481	173.4908	0.8226556
1566	-172.245	-345.5948	173.3498	0.9813417
1572	-184.7309	-357.9898	173.2589	1.070026
1578	-194.6096	-368.0758	173.4662	0.8530555
1584	-181.4737	-354.7279	173.2542	1.074398
1590	-179.4107	-353.0327	173.622	0.5952201
1596	-181.9696	-355.4539	173.4842	0.8308999
1602	-180.6512	-354.1484	173.4972	0.8143545
1608	-186.4388	-359.4829	173.0441	1.258574
1614	-174.6001	-348.0578	173.4577	0.8632869
1620	-177.706	-351.1896	173.4837	0.8316332
1626	-186.5358	-360.0787	173.5429	0.7510544
1632	-185.1685	-358.6833	173.5148	0.7910283
1638	-188.8658	-361.8458	172.98	1.311073
1644	-187.5057	-361.0495	173.5438	0.7497133
1650	-191.1862	-364.5457	173.3595	0.9713995
1656	-195.2894	-368.8239	173.5345	0.7634398
1662	-194.3432	-367.6965	173.3533	0.9777278
1668	-184.3142	-357.8593	173.5451	0.747771
1674	-196.4654	-369.9593	173.494	0.8185445
1680	-202.3397	-375.7767	173.437	0.887416
1686	-201.667	-375.1058	173.4389	0.8853015
1692	-203.9742	-377.4242	173.45	0.8723226
1698	-201.6979	-375.1608	173.4629	0.8570814
1704	-202.9057	-376.3686	173.4629	0.8570814
1710	-215.9723	-389.161	173.1887	1.134286
1716	-209.8209	-382.9496	173.1287	1.186967
1722	-199.4355	-372.6131	173.1776	1.144214
1728	-185.1384	-358.6671	173.5287	0.7717279
1734	-198.0501	-371.4579	173.4078	0.9201086
1740	-198.1815	-371.5426	173.3611	0.9696654
1746	-204.768	-377.855	173.087	1.222655
1752	-196.8549	-370.2226	173.3677	0.9628748
1758	-205.2115	-378.5379	173.3264	1.004872
1764	-186.4254	-359.6131	173.1877	1.13523
1770	-182.9525	-356.3064	173.3539	0.9771294
1776	-190.0989	-363.6859	173.5869	0.6774981
1782	-189.5951	-363.0694	173.4743	0.8431997
1788	-193.3902	-366.9523	173.5621	0.7210988
1794	-185.2178	-358.8217	173.604	0.6423423
1800	-186.3926	-359.9962	173.6035	0.643331
1806	-188.1334	-361.7129	173.5794	0.6914123
1812	-196.5547	-369.8397	173.285	1.045297
1818	-197.7181	-371.3468	173.6286	0.5721707
1824	-183.3646	-356.926	173.5614	0.7223178
1830	-184.6736	-358.1004	173.4268	0.8989795
1836	-188.8944	-362.4157	173.5213	0.7820793
1842	-184.4938	-357.9356	173.4418	0.8818946
1848	-187.8159	-361.2577	173.4418	0.8818946
1854	-173.7618	-347.2432	173.4814	0.8344088
1860	-178.1982	-351.5751	173.377	0.9531856
1866	-177.7417	-351.2321	173.4903	0.8231725
1872	-197.325	-370.6475	173.3225	1.00874
1878	-193.1853	-366.6615	173.4762	0.8408838
1884	-191.8195	-365.4277	173.6082	0.6325528
1890	-184.2856	-357.6988	173.4132	0.9141294
1896	-180.6887	-354.2675	173.5788	0.6925918
1902	-182.9577	-356.448	173.4903	0.8231848
1908	-172.8094	-346.4099	173.6005	0.6500077
1914	-183.1364	-356.5064	173.37	0.960448
1920	-197.1036	-370.2392	173.1356	1.181006
1926	-187.7036	-361.0531	173.3496	0.9815479
1932	-191.0714	-364.5316	173.4601	0.8603705
1938	-197.2343	-370.5664	173.3321	0.9992281
1944	-201.6582	-375.1616	173.5034	0.8062634
1950	-219.3759	-392.48	173.1041	1.208161
1956	-213.7297	-386.9794	173.2497	1.078599
1962	-200.9206	-374.4234	173.5028	0.8070775
1968	-200.5338	-374.0366	173.5028	0.8070775
1974	-210.2845	-383.7155	173.431	0.8942165
1980	-207.5123	-380.9434	173.431	0.8942165
1986	-189.6296	-362.9407	173.3111	1.020019
1992	-193.0721	-366.2162	173.1441	1.173644
1998	-197.7067	-371.1135	173.4068	0.9211999
2004	-194.6195	-368.0263	173.4068	0.9211999
2010	-188.7294	-362.195	173.4656	0.8538153
2016	-191.1912	-364.7204	173.5293	0.7709277
2022	-188.5504	-361.8896	173.3392	0.9920882
2028	-178.255	-351.8616	173.6065	0.6364287
2034	-193.7388	-367.27	173.5313	0.7680874
2040	-191.3588	-364.7769	173.4182	0.9086789
2046	-187.7197	-361.1908	173.4711	0.8471433
2052	-186.8375	-360.3352	173.4977	0.8137623
2058	-181.2672	-354.8376	173.5703	0.7074053
2064	-196.0061	-369.5305	173.5244	0.7777494
2070	-186.9132	-360.3604	173.4473	0.8755549
2076	-193.2634	-366.8412	173.5778	0.6943571
2082	-181.9907	-355.5048	173.5142	0.7918817
2088	-185.3274	-358.8451	173.5177	0.7871042
2094	-184.9511	-358.3335	173.3824	0.9474578
2100	-186.093	-359.7208	173.6278	0.5754122
2106	-188.5449	-362.1106	173.5657	0.7151261
2112	-196.1011	-369.6898	173.5887	0.6740566
2118	-196.1168	-369.2613	173.1445	1.173311
2124	-186.1546	-359.7335	173.5789	0.6923237
2130	-194.4785	-368.0575	173.5789	0.6923237
2136	-200.506	-373.7336	173.2275	1.099139
2142	-194.4761	-368.0539	173.5778	0.6944015
2148	-190.468	-363.8801	173.4121	0.9154335
2154	-194.0658	-367.4778	173.4121	0.9154335
2160	-203.401	-376.9633	173.5623	0.7207733
2166	-200.2551	-373.8174	173.5623	0.7207733
2172	-181.5345	-354.6775	173.1429	1.17467
2178	-187.104	-360.4449	173.3409	0.9902872
2184	-178.6096	-352.2079	173.5983	0.6546366
2190	-181.6452	-354.9672	173.322	1.009248
2196	-182.8424	-356.235	173.3925	0.936664
2202	-188.1567	-361.7903	173.6336	0.548983
2208	-198.0248	-371.6168	173.592	0.6676023
2214	-188.158	-361.6251	173.4671	0.8520058
2220	-188.8416	-362.3087	173.4671	0.8520058
2226	-183.5192	-356.8565	173.3374	0.993905
2232	-196.8157	-370.1956	173.3799	0.9500742
2238	-197.1285	-370.6236	173.4951	0.8171158
2244	-186.5932	-360.1459	173.5527	0.7360816
2250	-186.3473	-359.9178	173.5704	0.7071958
2256	-181.9326	-355.5512	173.6186	0.6055537
2262	-190.3855	-364.0236	173.6381	0.4967576
2268	-181.6462	-355.1111	173.465	0.8546015
2274	-178.9716	-352.525	173.5534	0.7350163
2280	-178.1276	-351.645	173.5175	0.7874047
2286	-184.9095	-358.4456	173.5361	0.7610844
2292	-195.3269	-368.562	173.2351	1.092213
2298	-199.797	-373.2917	173.4947	0.8175948
2304	-192.5372	-366.0606	173.5234	0.7791556
2310	-188.6762	-362.0477	173.3715	0.9588987
2316	-193.7238	-367.328	173.6042	0.6418831
2322	-195.5512	-369.0485	173.4974	0.8141398
2328	-199.399	-372.911	173.512	0.7947887
2334	-181.6216	-355.1694	173.5478	0.7436532
2340	-184.9941	-358.5039	173.5097	0.7978513
2346	-185.4788	-358.8123	173.3335	0.9978231
2352	-190.6144	-364.0177	173.4033	0.9250369
2358	-187.602	-360.9444	173.3424	0.9888181
2364	-188.6574	-362.2934	173.636	0.5335939
2370	-184.9061	-358.4828	173.5767	0.6963165
2376	-180.8771	-354.492	173.6149	0.6157635
2382	-185.4214	-358.9831	173.5617	0.7217937
2388	-178.7544	-352.2119	173.4575	0.8635147
2394	-181.7182	-355.319	173.6008	0.6494024
2400	-183.627	-356.9491	173.322	1.009207
2406	-183.9426	-357.4684	173.5258	0.7758532
2412	-171.4062	-344.94	173.5338	0.7643818
2418	-171.8227	-345.3559	173.5332	0.7652335
2424	-175.0506	-348.3808	173.3302	1.001106
2430	-174.8755	-348.2255	173.35	0.9810595
2436	-186.417	-360.0494	173.6324	0.4482168
2442	-189.4383	-363.0744	173.636	0.4683674
2448	-184.07	-357.6549	173.5849	0.6813516
2454	-184.0173	-357.1922	173.1749	1.146583
2460	-181.9658	-355.3785	173.4127	0.914698
2466	-181.5461	-354.9878	173.4417	0.8820024
2472	-182.054	-355.4957	173.4417	0.8820024
2478	-186.2348	-359.8491	173.6144	0.6170734
2484	-187.7408	-361.1259	173.3851	0.944549
2490	-187.8823	-361.3898	173.5075	0.8008853
2496	-187.9116	-361.4071	173.4955	0.8165754
2502	-187.8857	-361.4133	173.5276	0.7732249
2508	-192.2693	-365.6489	173.3797	0.9503215
2514	-190.2898	-363.7083	173.4185	0.9082694
2520	-180.6458	-354.162	173.5162	0.7891883
2526	-187.8434	-361.331	173.4876	0.8266784
2532	-197.3231	-370.8456	173.5225	0.7804346
2538	-187.9525	-361.4713	173.5188	0.7855492
2544	-189.1724	-362.613	173.4407	0.8832205
2550	-205.8153	-379.2037	173.3884	0.9410234
2556	-179.3412	-352.9173	173.5761	0.6974135
2562	-204.3364	-377.5842	173.2477	1.080485
2568	-197.4579	-370.9732	173.5153	0.7903712
2574	-195.1043	-368.4966	173.3923	0.9369386
2580	-197.0413	-370.338	173.2967	1.034033
2586	-196.8175	-369.9845	173.167	1.153614
2592	-197.8579	-371.2574	173.3996	0.929071
2598	-199.6861	-373.1864	173.5002	0.8104108
2604	-194.87	-368.0628	173.1928	1.130662
2610	-198.6727	-372.0393	173.3666	0.9640362
2616	-197.9229	-371.3507	173.4279	0.8978218
2622	-195.6508	-368.8708	173.22	1.106057
2628	-192.6022	-365.8222	173.22	1.106057
2634	-190.68	-363.9813	173.3013	1.029599
2640	-191.0895	-364.5275	173.438	0.8863163
2646	-195.2577	-368.5705	173.3128	1.018321
2652	-197.6143	-371.1243	173.51	0.7974505
2658	-204.0952	-377.507	173.4118	0.9157605
2664	-195.4488	-368.8704	173.4217	0.9047604
2670	-186.2771	-359.6987	173.4217	0.9047604
2676	-182.9728	-356.5853	173.6126	0.3952853
2682	-185.8078	-359.2672	173.4594	0.86129
2688	-172.3885	-345.7607	173.3723	0.9581125
2694	-178.8547	-352.3006	173.4459	0.8771555
2700	-188.7586	-362.2203	173.4617	0.8585282
2706	-182.5092	-356.0263	173.5171	0.7879199
2712	-180.9336	-354.4507	173.5171	0.7879199
2718	-185.3758	-358.9891	173.6134	0.6197221
2724	-192.7292	-366.3416	173.6124	0.3950611
2730	-185.0441	-358.5966	173.5525	0.7364214
2736	-181.4994	-355.1031	173.6037	0.6429961
2742	-181.0566	-354.562	173.5054	0.8036311
2748	-177.3639	-350.8693	173.5054	0.8036311
2754	-183.4223	-357.0405	173.6181	0.6067546
2760	-189.4354	-362.878	173.4426	0.8809763
2766	-186.6048	-360.2429	173.6381	0.4962852
2772	-196.3101	-369.9323	173.6222	0.5947547
2778	-190.0039	-363.3454	173.3415	0.9897572
2784	-195.6087	-369.0704	173.4617	0.8585282
2790	-192.9993	-366.461	173.4617	0.8585282
2796	-188.3464	-361.5434	173.197	1.126869
2802	-188.8829	-361.8944	173.0115	1.285417
2808	-188.7303	-362.1466	173.4163	0.9106936
2814	-194.5381	-368.0029	173.4648	0.8547772
2820	-198.7755	-372.0677	173.2922	1.038352
2826	-195.0502	-368.5434	173.4933	0.8194589
2832	-186.0105	-359.6011	173.5905	0.6705269
2838	-190.7534	-364.1419	173.3885	0.9409553
2844	-190.852	-364.2016	173.3496	0.9814632
2850	-190.3454	-363.7344	173.389	0.9404323
2856	-188.2746	-361.6636	173.389	0.9404323
2862	-192.1902	-365.5255	173.3354	0.995899
2868	-188.5516	-361.9999	173.4482	0.874436
2874	-185.9767	-359.1216	173.1449	1.172963
2880	-196.3481	-369.5905	173.2424	1.085426
2886	-184.7937	-358.2558	173.462	0.8581465
2892	-179.1518	-352.0601	172.9083	1.368224
2898	-183.5664	-357.0702	173.5037	0.8058434
2904	-185.0798	-358.6539	173.5741	0.7009319
2910	-180.4207	-353.9798	173.5591	0.7259284
2916	-186.7911	-360.0425	173.2514	1.077061
2922	-188.9033	-362.1523	173.249	1.079269
2928	-183.4068	-356.7377	173.3309	1.000349
2934	-192.9636	-366.4003	173.4368	0.8876915
2940	-184.7032	-358.14	173.4368	0.8876915
2946	-196.9957	-370.5483	173.5526	0.736218
2952	-191.3973	-364.9499	173.5526	0.736218
2958	-195.1266	-368.6792	173.5526	0.736218
2964	-194.8968	-368.3164	173.4196	0.9070474
2970	-187.9696	-361.4984	173.5288	0.7716233
2976	-190.3906	-364.0116	173.6211	0.5981196
2982	-188.0207	-361.5039	173.4832	0.8321695
2988	-183.7337	-356.9457	173.212	1.113274
2994	-195.4694	-369.0688	173.5994	0.6524664
3000	-194.5786	-368.178	173.5994	0.6524664
3006	-202.1668	-375.4369	173.2701	1.059458
3012	-199.2126	-372.2611	173.0485	1.254928
3018	-188.7262	-362.2654	173.5392	0.7566157
3024	-192.3891	-365.7831	173.3941	0.9349749
3030	-202.5174	-375.7504	173.233	1.094105
3036	-187.5116	-361.089	173.5774	0.6950745
3042	-197.6299	-371.1075	173.4776	0.839151
3048	-196.702	-370.1604	173.4584	0.8624636
3054	-191.8452	-365.452	173.6069	0.6356924
3060	-195.3741	-368.8084	173.4343	0.8905154
3066	-200.271	-373.6415	173.3705	0.9600057
3072	-193.8292	-367.0713	173.2421	1.085742
3078	-207.7477	-381.219	173.4713	0.8469406
3084	-206.9157	-380.0189	173.1033	1.208842
3090	-201.4215	-374.5248	173.1033	1.208842
3096	-205.6728	-378.886	173.2131	1.112275
3102	-200.9013	-374.4863	173.5851	0.6810527
3108	-198.2925	-371.8855	173.593	0.6657071
3114	-190.7736	-363.9812	173.2076	1.11732
3120	-198.9743	-372.3088	173.3344	0.9968284
3126	-190.8302	-364.3026	173.4725	0.8454645
3132	-190.4004	-363.9215	173.5212	0.7822896
3138	-188.5419	-362.0901	173.5482	0.7430572
3144	-182.678	-356.2045	173.5266	0.7747621
3150	-187.537	-360.9967	173.4597	0.8609219
3156	-187.9815	-361.5759	173.5944	0.6627658
3162	-182.2754	-355.3907	173.1153	1.198557
3168	-188.0764	-361.6178	173.5414	0.7533307
3174	-183.125	-356.6664	173.5414	0.7533307
3180	-186.5191	-359.7753	173.2561	1.072627
3186	-189.9121	-363.2862	173.3741	0.9562075
3192	-205.0702	-378.6049	173.5347	0.7630696
3198	-195.207	-368.7417	173.5347	0.7630696
3204	-192.7293	-365.861	173.1317	1.184429
3210	-202.383	-375.9352	173.5522	0.7368456
3216	-189.1551	-362.5982	173.4432	0.8803402
3222	-202.0207	-375.3261	173.3054	1.025596
3228	-186.592	-360.1301	173.5382	0.7580391
3234	-183.1356	-356.6223	173.4867	0.8278302
3240	-181.5599	-355.0198	173.4599	0.8606432
3246	-193.0813	-366.216	173.1347	1.181808
3252	-195.5946	-368.8953	173.3006	1.030218
3258	-183.1142	-356.5649	173.4506	0.8716225
3264	-181.846	-355.3948	173.5488	0.742095
3270	-174.1078	-347.1963	173.0885	1.221394
3276	-173.3985	-346.7488	173.3503	0.9808155
3282	-173.9641	-347.5488	173.5847	0.6818241
3288	-175.9439	-349.1265	173.1826	1.139771
3294	-175.5644	-349.2022	173.6378	0.486457
3300	-174.1346	-347.7029	173.5683	0.7107913
3306	-175.5021	-349.1129	173.6108	0.6261276
3312	-186.0437	-359.4622	173.4186	0.908245
3318	-185.6347	-359.2109	173.5762	0.6972499
3324	-189.8978	-363.3442	173.4465	0.8765058
3330	-189.258	-362.8792	173.6212	0.5977681
3336	-203.549	-377.1464	173.5974	0.6566446
3342	-197.0394	-370.645	173.6056	0.6386078
3348	-190.731	-364.3438	173.6128	0.6210613
3354	-190.5911	-364.2039	173.6128	0.6210613
3360	-197.1173	-370.3227	173.2054	1.119293
3366	-195.7794	-368.9848	173.2054	1.119293
3372	-196.5261	-369.9783	173.4521	0.869862
3378	-196.6157	-370.189	173.5733	0.7023442
3384	-193.6143	-367.0731	173.4588	0.8619269
3390	-188.5144	-361.9385	173.4241	0.902059
3396	-190.6008	-364.0075	173.4067	0.9212936
3402	-195.9594	-369.4476	173.4882	0.8258566
3408	-216.4802	-390.0507	173.5705	0.7070719
3414	-183.8841	-357.1208	173.2368	1.090654
3420	-186.7633	-360.1363	173.3731	0.9572585
3426	-182.6572	-356.0303	173.3731	0.9572585
3432	-182.5616	-355.9347	173.3731	0.9572585
3438	-194.8604	-368.1128	173.2524	1.076104
3444	-192.9673	-366.5931	173.6258	0.5827881
3450	-187.1165	-360.5949	173.4784	0.8381605
3456	-184.5327	-358.0111	173.4784	0.8381605
3462	-188.0957	-361.5471	173.4514	0.87076
3468	-188.2869	-361.661	173.3741	0.9561833
3474	-187.9811	-361.5635	173.5824	0.6860569
3480	-197.1298	-370.5179	173.3881	0.9413824
3486	-212.2565	-385.4655	173.2091	1.115957
3492	-195.5025	-369.1179	173.6154	0.6143683
3498	-190.4248	-364.0384	173.6136	0.6191426
3504	-196.2734	-369.6019	173.3285	1.002822
3510	-192.2596	-365.6813	173.4217	0.9047124
3516	-188.8994	-362.4791	173.5797	0.6909355
3522	-191.0537	-364.4885	173.4349	0.8898389
3528	-197.845	-370.8644	173.0194	1.279008
3534	-185.0795	-358.5546	173.4751	0.8422766
3540	-191.2387	-364.8156	173.5769	0.6960188
3546	-190.2863	-363.5461	173.2598	1.06917
3552	-183.2326	-356.7282	173.4955	0.8165563
3558	-191.1069	-364.5511	173.4442	0.8791841
3564	-190.5656	-364.0097	173.4442	0.8791841
3570	-189.694	-363.0069	173.3129	1.018228
3576	-188.5687	-361.856	173.2873	1.043128
3582	-188.1194	-361.5039	173.3845	0.945262
3588	-187.216	-360.5376	173.3216	1.009643
3594	-182.9139	-356.2006	173.2867	1.043694
3600	-184.528	-357.9366	173.4085	0.9193294
3606	-179.952	-353.25	173.2981	1.0327
3612	-186.9889	-360.5939	173.605	0.6400624
3618	-191.8425	-365.4754	173.6329	0.5529237
3624	-189.605	-362.9754	173.3704	0.9601054
3630	-186.6315	-360.176	173.5446	0.7485701
3636	-188.1476	-361.6933	173.5457	0.7467749
3642	-182.0016	-355.5446	173.543	0.7508731
3648	-184.4794	-357.7908	173.3114	1.019663
3654	-190.8387	-364.2125	173.3738	0.9564959
3660	-201.4892	-374.7713	173.2821	1.04803
3666	-190.3695	-363.7107	173.3412	0.990018
3672	-183.5907	-357.2273	173.6366	0.4731056
3678	-181.0484	-354.5816	173.5332	0.7652543
3684	-184.8076	-358.2151	173.4076	0.9203788
3690	-180.7123	-354.3083	173.596	0.6595002
3696	-185.784	-359.2999	173.5158	0.7896086
3702	-183.1304	-356.6463	173.5158	0.7896086
3708	-188.0227	-361.4831	173.4603	0.8601758
3714	-186.5117	-359.972	173.4603	0.8601758
3720	-184.4551	-357.7532	173.2981	1.032684
3726	-181.1113	-354.732	173.6207	0.5992857
3732	-181.1783	-354.7722	173.5939	0.6638199
3738	-177.1701	-350.7119	173.5419	0.752549
3744	-186.0318	-359.539	173.5071	0.8013341
3750	-181.2882	-354.5664	173.2782	1.051812
3756	-188.1806	-361.29	173.1095	1.203522
3762	-184.3092	-357.6508	173.3417	0.9895461
3768	-183.4595	-356.81	173.3505	0.980622
3774	-187.4415	-361.0414	173.6	0.6511373
3780	-188.3122	-361.7084	173.3962	0.932705
3786	-189.4338	-362.83	173.3962	0.932705
3792	-190.6922	-363.9099	173.2177	1.108141
3798	-180.83	-354.3225	173.4926	0.8203506
3804	-187.2837	-360.7762	173.4926	0.8203506
3810	-186.2855	-359.7989	173.5134	0.7929769
3816	-182.8084	-356.4352	173.6267	0.5794128
3822	-173.8962	-347.3595	173.4633	0.8565816
3828	-178.8883	-352.3516	173.4633	0.8565816
3834	-182.9604	-356.584	173.6236	0.5900603
3840	-181.4169	-354.8246	173.4077	0.9202552
3846	-178.7629	-352.229	173.4661	0.8532396
3852	-191.5879	-365.054	173.4661	0.8532396
3858	-194.0442	-367.5577	173.5135	0.7927901
3864	-181.2015	-354.6985	173.497	0.8146575
3870	-185.4403	-358.8554	173.4151	0.912055
3876	-196.4239	-369.9612	173.5374	0.7592103
3882	-193.4036	-366.8673	173.4637	0.8561709
3888	-182.6807	-356.2715	173.5909	0.6698526
3894	-186.2885	-359.9246	173.6361	0.5327998
3900	-182.239	-355.6424	173.4034	0.9248873
3906	-189.0172	-362.2904	173.2731	1.056606
3912	-189.8442	-362.8307	172.9865	1.305772
3918	-183.832	-357.0266	173.1945	1.129062
3924	-184.3934	-357.6342	173.2407	1.086989
3930	-184.4248	-357.9685	173.5436	0.7499682
3936	-189.0383	-362.4287	173.3905	0.9388505
3942	-200.4511	-373.9286	173.4774	0.8393607
3948	-207.0032	-380.1904	173.1872	1.135598
3954	-184.3469	-357.7279	173.381	0.9489451
3960	-191.089	-364.7064	173.6174	0.6088212
3966	-179.2962	-352.9059	173.6097	0.6288456
3972	-190.3028	-363.8356	173.5328	0.7658239
3978	-193.1014	-366.5193	173.4178	0.9090459
3984	-193.5664	-367.1596	173.5932	0.6651633
3990	-195.6111	-369.1404	173.5294	0.7707977
3996	-197.7568	-370.9845	173.2278	1.098921
4002	-190.2679	-363.4956	173.2278	1.098921
4008	-184.3007	-357.7582	173.4575	0.8635174
4014	-184.107	-357.4517	173.3447	0.9864846
4020	-177.4434	-351.0311	173.5877	0.6760654
4026	-181.2077	-354.6516	173.444	0.8794171
4032	-189.9058	-363.5171	173.6113	0.624919
4038	-184.6426	-357.9239	173.2812	1.048893
4044	-183.3244	-356.9569	173.6325	0.5549497
4050	-179.8336	-353.3739	173.5402	0.755046
4056	-173.2799	-346.868	173.5881	0.6752421
4062	-181.463	-355.0342	173.5712	0.7059565
4068	-182.1739	-355.6349	173.461	0.8593782
4074	-187.5727	-360.8827	173.31	1.021042
4080	-182.0289	-355.3389	173.31	1.021042
4086	-185.8454	-359.4102	173.5648	0.7167409
4092	-181.7286	-355.1985	173.47	0.8485094
4098	-179.1689	-352.6447	173.4758	0.8414112
4104	-184.0629	-357.5558	173.4929	0.8198621
4110	-188.1372	-361.7705	173.6333	0.5505296
4116	-187.4175	-360.9256	173.5081	0.8000442
4122	-188.8751	-362.4328	173.5577	0.7281549
4128	-180.8783	-354.3742	173.4959	0.8160114
4134	-181.0447	-354.4046	173.3599	0.9709781
4140	-177.6248	-350.8376	173.2128	1.112599
4146	-186.3648	-359.586	173.2211	1.104993
4152	-187.352	-360.8838	173.5318	0.7672861
4158	-192.0979	-365.6271	173.5293	0.7709345
4164	-179.6436	-352.8892	173.2456	1.082449
4170	-179.1229	-352.4369	173.3141	1.017045
4176	-182.7421	-356.319	173.5768	0.6960721
4182	-185.0594	-358.6303	173.5709	0.7064687
4188	-181.5976	-354.9995	173.4019	0.9265241
4194	-194.5762	-367.9767	173.4005	0.928097
4200	-189.7092	-363.1097	173.4005	0.928097
4206	-188.7544	-362.3819	173.6274	0.5768194
4212	-183.7291	-357.2472	173.5182	0.7864527
4218	-179.7777	-353.3507	173.5731	0.7026744
4224	-187.1659	-360.6553	173.4894	0.8243279
4230	-189.3273	-362.8088	173.4815	0.8342835
4236	-201.108	-374.6582	173.5501	0.7400817
4242	-191.1481	-364.7462	173.5981	0.655221
4248	-181.7548	-355.3142	173.5594	0.7254032
4254	-193.9599	-367.4803	173.5204	0.783357
4260	-191.9873	-365.4065	173.4193	0.9074183
4266	-207.4028	-380.8726	173.4699	0.8486789
4272	-193.0255	-366.482	173.4565	0.8647009
4278	-196.4367	-369.8901	173.4534	0.8684109
4284	-186.6086	-360.0488	173.4402	0.8837132
4290	-187.2209	-360.8014	173.5805	0.6894351
4296	-186.7337	-359.764	173.0302	1.270042
4302	-189.7923	-363.2571	173.4647	0.8548665
4308	-191.4474	-364.961	173.5136	0.7926448
4314	-186.3423	-359.6881	173.3458	0.9853686
4320	-178.1822	-351.5955	173.4133	0.9140556
4326	-192.7671	-366.1755	173.4084	0.9194616
4332	-193.6358	-367.2048	173.5689	0.709756
4338	-188.555	-362.0638	173.5088	0.7991721
4344	-188.6089	-362.1001	173.4913	0.8219901
4350	-192.1222	-365.6478	173.5256	0.7761331
4356	-178.2254	-351.7409	173.5155	0.7900308
4362	-183.4143	-356.918	173.5037	0.805853
4368	-187.3419	-360.7046	173.3627	0.968081
4374	-192.6661	-366.1509	173.4848	0.8301349
4380	-215.2944	-388.3851	173.0907	1.219545
4386	-216.0703	-389.5943	173.524	0.7783927
4392	-193.388	-366.6908	173.3028	1.028113
4398	-180.3164	-353.5837	173.2673	1.062161
4404	-179.8141	-353.327	173.5129	0.7935467
4410	-192.3732	-365.9918	173.6186	0.6054069
4416	-194.0773	-367.7119	173.6346	0.5432342
4422	-189.6036	-363.1473	173.5436	0.7499309
4428	-184.4091	-357.8382	173.4291	0.8964424
4434	-183.3877	-356.8039	173.4162	0.9108628
4440	-183.6449	-357.0586	173.4138	0.9135309
4446	-186.8949	-359.9936	173.0987	1.212688
4452	-189.263	-362.7885	173.5254	0.7763723
4458	-189.3289	-362.8305	173.5016	0.8086647
4464	-194.2439	-367.8127	173.5688	0.7100418
4470	-175.176	-348.6517	173.4757	0.8414897
4476	-175.1101	-348.6578	173.5478	0.7436834
4482	-179.7707	-353.0346	173.2639	1.065357
4488	-179.4309	-353.0676	173.6367	0.5269512
4494	-184.9422	-358.3427	173.4005	0.9280972
4500	-188.6321	-362.0662	173.4341	0.8907103
4506	-185.774	-359.3429	173.5689	0.7098161
4512	-187.8619	-361.3739	173.512	0.7948889
4518	-202.0597	-375.3401	173.2804	1.049713
4524	-193.7089	-366.985	173.2761	1.053817
4530	-192.4279	-365.7039	173.2761	1.053817
4536	-196.9677	-370.5598	173.592	0.6676065
4542	-189.8031	-363.3951	173.592	0.6676065
4548	-182.5843	-356.2048	173.6206	0.5996569
4554	-199.1752	-372.6363	173.4611	0.8592688
4560	-184.7499	-358.1678	173.4179	0.9089151
4566	-178.191	-351.7999	173.6089	0.6308537
4572	-183.2438	-356.7376	173.4938	0.818796
4578	-195.0594	-368.46	173.4006	0.9279838
4584	-191.391	-364.6467	173.2557	1.072994
4590	-187.8263	-361.4062	173.5798	0.6907126
4596	-190.9649	-364.1137	173.1489	1.169485
4602	-189.4631	-363.0846	173.6215	0.5968995
4608	-181.2457	-354.7899	173.5442	0.7491365
4614	-176.6794	-350.1528	173.4734	0.8443726
4620	-176.1492	-349.5382	173.389	0.9404048
4626	-188.3802	-361.8809	173.5007	0.8098092
4632	-183.4006	-357.0263	173.6258	0.5827784
4638	-191.2576	-364.7816	173.524	0.7783196
4644	-184.6271	-358.1511	173.524	0.7783196
4650	-178.4192	-351.942	173.5228	0.780042
4656	-183.7847	-357.2114	173.4266	0.8992184
4662	-196.1415	-369.6791	173.5376	0.7589444
4668	-181.4467	-354.9561	173.5093	0.7984242
4674	-189.0015	-362.6396	173.6381	0.4984614
4680	-188.6346	-362.2061	173.5715	0.7053808
4686	-186.9114	-360.4093	173.4979	0.8134349
4692	-189.6354	-363.125	173.4896	0.8241174
4698	-191.6033	-364.967	173.3637	0.9670015
4704	-189.6347	-363.011	173.3762	0.9539563
4710	-185.1656	-358.6376	173.4721	0.8459829
4716	-182.6838	-356.1559	173.4721	0.8459829
4722	-192.1689	-365.6409	173.4721	0.8459829
4728	-187.3681	-360.7564	173.3883	0.9411936
4734	-202.6772	-375.9414	173.2643	1.065
4740	-204.5258	-377.892	173.3662	0.9644333
4746	-190.6155	-364.1755	173.56	0.7245378
4752	-190.4656	-363.9685	173.5028	0.8070076
4758	-196.1717	-369.8096	173.638	0.4908817
4764	-188.1476	-361.5816	173.434	0.8908722
4770	-191.954	-365.5497	173.5957	0.6600767
4776	-184.6549	-358.2913	173.6364	0.5301096
4782	-190.1957	-363.7612	173.5655	0.7155537
4788	-186.6511	-359.9389	173.2878	1.04264
4794	-176.1871	-349.7142	173.5271	0.773993
4800	-183.5012	-357.0076	173.5064	0.8022774
4806	-183.9655	-357.5355	173.57	0.70802
4812	-203.8654	-377.099	173.2335	1.093609
4818	-187.5848	-360.986	173.4012	0.9273156
4824	-191.196	-364.7984	173.6024	0.6459156
4830	-181.6393	-354.9098	173.2704	1.059152
4836	-177.9098	-351.4782	173.5685	0.7105694
4842	-174.026	-347.5537	173.5277	0.7732039
4848	-183.4551	-357.0227	173.5676	0.7120629
4854	-183.7694	-357.3291	173.5596	0.7251097
4860	-185.0673	-358.5904	173.5231	0.7795956
4866	-187.9505	-361.5129	173.5623	0.7207327
4872	-179.7836	-353.3651	173.5815	0.6876737
4878	-183.4472	-356.791	173.3438	0.9873712
4884	-191.2597	-364.7102	173.4505	0.8717924
4890	-195.3899	-368.9574	173.5676	0.7120665
4896	-187.6266	-361.2167	173.5901	0.6713434
4902	-189.2849	-362.875	173.5901	0.6713434
4908	-196.8706	-370.4429	173.5723	0.7040423
4914	-195.4108	-368.5373	173.1266	1.188852
4920	-204.9939	-378.5426	173.5487	0.7422833
4926	-202.0807	-375.2332	173.1525	1.16629
4932	-187.1018	-360.6328	173.531	0.7684649
4938	-182.713	-356.1517	173.4387	0.8854571
4944	-179.275	-352.8622	173.5872	0.6770826
4950	-178.9684	-352.5556	173.5872	0.6770826
4956	-186.4818	-360.099	173.6172	0.6093145
4962	-182.9898	-356.4916	173.5018	0.8083801
4968	-179.2868	-352.8082	173.5214	0.7819527
4974	-184.1259	-357.5983	173.4723	0.8456444
4980	-192.2169	-365.6893	173.4723	0.8456444
4986	-187.5845	-361.155	173.5705	0.7070729
4992	-183.5162	-356.9795	173.4633	0.8566471
4998	-185.7466	-358.8283	173.0817	1.227136
5004	-194.9785	-368.3526	173.3741	0.9561756
5010	-192.6199	-365.8644	173.2445	1.083513
5016	-182.4549	-355.9249	173.47	0.8485043
5022	-181.1821	-354.5919	173.4098	0.9179117
5028	-182.9881	-356.4316	173.4435	0.8798951
5034	-191.2162	-364.8332	173.617	0.6098849
5040	-193.8476	-367.4209	173.5733	0.7022732
5046	-192.2063	-365.5782	173.3719	0.9584753
5052	-186.2094	-359.682	173.4727	0.8452446
5058	-178.0863	-351.516	173.4297	0.8957513
5064	-188.7943	-361.9245	173.1302	1.185732
5070	-182.4212	-356.0211	173.5999	0.6512275
5076	-194.1052	-367.4904	173.3853	0.9444234
5082	-195.3407	-368.8899	173.5492	0.7415283
5088	-193.9601	-367.2546	173.2945	1.036142
5094	-184.0148	-357.3464	173.3316	0.9996741
5100	-194.6666	-367.9519	173.2853	1.044972
5106	-192.0056	-365.5253	173.5197	0.7842774
5112	-188.9057	-362.4254	173.5197	0.7842774
5118	-193.0686	-366.5883	173.5197	0.7842774
5124	-193.5498	-366.8567	173.3068	1.024158
5130	-195.294	-368.5027	173.2087	1.116328
5136	-194.9171	-368.3026	173.3855	0.9441108
5142	-184.5669	-358.0452	173.4783	0.8382784
5148	-185.8396	-359.3179	173.4783	0.8382784
5154	-187.5923	-361.0811	173.4888	0.8251993
5160	-174.4788	-347.9675	173.4888	0.8251993
5166	-177.6502	-350.9968	173.3466	0.9845407
5172	-187.7222	-361.2571	173.5349	0.7627615
5178	-187.6037	-361.031	173.4273	0.8984522
5184	-191.05	-364.4952	173.4453	0.8778931
5190	-195.7276	-369.2122	173.4846	0.8304699
5196	-191.0478	-364.3805	173.3327	0.9986087
5202	-189.5923	-363.0747	173.4824	0.833249
5208	-187.7489	-361.2828	173.5339	0.7642845
5214	-182.6796	-356.2135	173.5339	0.7642845
5220	-188.5011	-361.6732	173.1721	1.14903
5226	-176.8299	-350.3748	173.5449	0.7480516
5232	-183.2695	-356.7953	173.5258	0.7758847
5238	-189.6726	-363.2172	173.5446	0.7484273
5244	-198.437	-371.9849	173.5479	0.7435283
5250	-196.3184	-369.7634	173.445	0.8782089
5256	-187.834	-361.3077	173.4738	0.8438951
5262	-172.0032	-345.613	173.6098	0.6286795
5268	-178.4348	-352.0724	173.6376	0.5171102
5274	-191.0926	-364.4077	173.3151	1.016056
5280	-182.8026	-356.3793	173.5767	0.696366
5286	-184.1827	-357.7568	173.5741	0.7009305
5292	-192.6202	-365.5432	172.923	1.356676
5298	-191.3197	-364.5695	173.2499	1.078488
5304	-188.3552	-361.6051	173.2499	1.078488
5310	-183.5105	-356.888	173.3775	0.9525774
5316	-198.4533	-371.5387	173.0854	1.224028
5322	-191.4233	-364.692	173.2687	1.060843
5328	-203.209	-376.8301	173.6211	0.597981
5334	-201.4652	-374.5383	173.0731	1.234351
5340	-205.0826	-378.408	173.3254	1.005838
5346	-192.6366	-365.9991	173.3625	0.9682303
5352	-201.5346	-374.8971	173.3625	0.9682303
5358	-193.9717	-367.3343	173.3625	0.9682303
5364	-193.9449	-367.3792	173.4343	0.8905275
5370	-190.848	-364.2286	173.3807	0.9492761
5376	-195.5995	-369.1721	173.5727	0.7034028
5382	-199.0211	-372.5862	173.5651	0.7162534
5388	-196.4778	-370.0428	173.5651	0.7162534
5394	-185.8526	-359.2471	173.3945	0.9345433
5400	-189.6934	-363.2698	173.5764	0.6968408
5406	-184.4219	-358.0041	173.5823	0.6862361
5412	-186.4546	-359.9633	173.5087	0.799282
5418	-184.9779	-358.4866	173.5087	0.799282
5424	-192.6115	-366.0871	173.4755	0.8417296
5430	-200.7056	-374.0659	173.3603	0.970523
5436	-194.2632	-367.8191	173.5559	0.731038
5442	-206.3349	-379.9633	173.6284	0.572856
5448	-194.386	-367.8352	173.4492	0.873271
5454	-204.7227	-378.1913	173.4686	0.8502512
5460	-196.0271	-369.0243	172.9972	1.297116
5466	-203.0679	-376.6808	173.6129	0.6209403
5472	-200.5752	-374.0241	173.4489	0.8736228
5478	-186.2611	-359.8673	173.6061	0.6373936
5484	-183.365	-356.9057	173.5408	0.754215
5490	-194.8126	-368.2927	173.4801	0.836121
5496	-203.3269	-376.6675	173.3406	0.9906404
5502	-195.5429	-368.8329	173.29	1.040496
5508	-192.3653	-365.775	173.4098	0.9179449
5514	-191.6261	-365.0705	173.4445	0.8788375
5520	-191.9351	-365.4381	173.503	0.8068552
5526	-193.9283	-367.4912	173.5629	0.719834
5532	-191.3418	-364.6925	173.3507	0.980401
5538	-188.8521	-361.9603	173.1082	1.204615
5544	-197.0175	-370.4153	173.3978	0.930985
5550	-204.647	-378.0949	173.4479	0.8748725
5556	-208.0533	-381.5861	173.5328	0.7658622
5562	-196.414	-369.6399	173.2259	1.100642
5568	-198.1326	-371.704	173.5714	0.7054791
5574	-187.6488	-360.7964	173.1476	1.170565
5580	-186.6488	-360.002	173.3532	0.9778444
5586	-185.0319	-358.3949	173.3629	0.9678172
5592	-187.6627	-360.7579	173.0952	1.215727
5598	-182.2778	-355.8687	173.591	0.6696554
5604	-177.9937	-351.3959	173.4022	0.9262255
5610	-193.1529	-366.7648	173.6119	0.6233841
5616	-185.5233	-359.1316	173.6082	0.6324548
5622	-179.3873	-352.8533	173.466	0.8533153
5628	-181.1788	-354.6305	173.4517	0.8704063
5634	-184.8161	-358.3926	173.5765	0.6967327
5640	-183.0061	-356.4286	173.4225	0.903843
5646	-176.8427	-350.3756	173.5329	0.7657577
5652	-178.4623	-352.0213	173.559	0.7261915
5658	-187.447	-361.0011	173.5541	0.7339022
5664	-203.9492	-377.3675	173.4183	0.9084984
5670	-194.1329	-367.6777	173.5447	0.748278
5676	-198.9221	-372.4668	173.5447	0.748278
5682	-210.1414	-383.6596	173.5182	0.7863763
5688	-194.0084	-367.6338	173.6254	0.5839464
5694	-190.0685	-363.5866	173.5181	0.786553
5700	-181.3754	-354.933	173.5576	0.7283607
5706	-191.9337	-365.5678	173.6341	0.54617
5712	-186.5105	-360.0633	173.5528	0.735917
5718	-186.79	-360.366	173.576	0.6975383
5724	-189.4922	-363.0905	173.5983	0.6547368
5730	-191.9199	-365.3783	173.4584	0.8624557
5736	-199.0133	-372.4919	173.4785	0.8379974
5742	-194.4918	-367.9897	173.4979	0.8134445
5748	-194.7102	-368.2081	173.4979	0.8134445
5754	-190.3568	-363.4165	173.0597	1.245578
5760	-201.2911	-374.5256	173.2346	1.092645
5766	-192.4576	-365.837	173.3794	0.9505964
5772	-188.567	-361.9535	173.3865	0.9430749
5778	-192.9047	-366.4298	173.5251	0.7768613
5784	-196.6264	-369.8754	173.2491	1.079242
5790	-197.7336	-370.9845	173.2509	1.077534
5796	-186.9321	-360.3003	173.3682	0.9624046
5802	-194.9933	-368.4223	173.429	0.8965601
5808	-182.0381	-355.4671	173.429	0.8965601
5814	-177.92	-351.4773	173.5573	0.728831
5820	-185.8202	-359.1667	173.3465	0.98467
5826	-177.2388	-350.8397	173.6009	0.6491796
5832	-181.2928	-354.8979	173.6051	0.6398701
5838	-187.4087	-360.8385	173.4298	0.8956242
5844	-193.7997	-367.103	173.3033	1.027616
5850	-209.8509	-383.2892	173.4383	0.8859315
5856	-201.2831	-374.4811	173.198	1.125991
5862	-196.3716	-369.8396	173.468	0.8508849
5868	-196.9718	-370.5494	173.5776	0.6946707
5874	-188.2469	-361.6936	173.4467	0.8761842
5880	-189.7232	-363.1337	173.4105	0.9170983
5886	-190.8936	-364.2566	173.363	0.9677213
5892	-190.2438	-363.8119	173.5681	0.7112064
5898	-180.8839	-354.4192	173.5353	0.7623164
5904	-185.0785	-358.6958	173.6172	0.6092739
5910	-179.9118	-353.5127	173.6009	0.6490996
5916	-184.5947	-358.1638	173.569	0.7095747
5922	-176.0996	-349.7057	173.6061	0.6375339
5928	-186.0801	-359.4092	173.3291	1.002192
5934	-181.5312	-355.1325	173.6013	0.6482641
5940	-182.5536	-356.0799	173.5263	0.77517
5946	-191.3122	-364.878	173.5658	0.715093
5952	-191.5363	-364.6031	173.0669	1.239598
5958	-183.3214	-356.9414	173.62	0.6012503
5964	-183.247	-356.6347	173.3877	0.9418663
5970	-186.3705	-359.7998	173.4293	0.8961394
5976	-188.9596	-362.426	173.4664	0.8528765
5982	-197.0106	-370.4063	173.3957	0.9332765
5988	-186.9281	-360.3238	173.3957	0.9332765
5994	-180.8976	-354.5026	173.605	0.639944
6000	-189.8261	-363.4311	173.605	0.639944
6006	-184.4769	-357.9965	173.5196	0.7845072
6012	-182.1582	-355.6778	173.5196	0.7845072
6018	-193.2464	-366.364	173.1176	1.196607
6024	-202.7066	-375.9073	173.2008	1.123467
6030	-195.0838	-368.6717	173.5879	0.675617
6036	-195.2901	-368.5096	173.2195	1.106445
6042	-197.1028	-370.5461	173.4432	0.8802418
6048	-195.4743	-368.7651	173.2908	1.039677
6054	-195.244	-368.3548	173.1108	1.202439
6060	-191.9645	-365.2763	173.3118	1.019297
6066	-183.5654	-357.0122	173.4468	0.876104
6072	-173.9937	-347.4531	173.4595	0.8611855
6078	-186.4376	-359.897	173.4595	0.8611855
6084	-195.3986	-368.8581	173.4595	0.8611855
6090	-190.2833	-363.7428	173.4595	0.8611855
6096	-189.4222	-362.6616	173.2395	1.088141
6102	-198.3846	-371.6495	173.2649	1.064439
6108	-192.6109	-365.8757	173.2649	1.064439
6114	-190.3202	-363.742	173.4218	0.9046511
6120	-194.6464	-368.1603	173.5138	0.7923253
6126	-198.8512	-372.2277	173.3766	0.9536003
6132	-192.7175	-365.9148	173.1973	1.126546
6138	-187.6769	-361.2612	173.5843	0.6823942
6144	-196.8359	-370.4513	173.6153	0.6145594
6150	-189.9337	-363.5322	173.5985	0.6542981
6156	-188.8898	-362.3196	173.4298	0.8956339
6162	-192.9063	-366.4572	173.5508	0.7389963
6168	-199.317	-372.7508	173.4338	0.8910405
6174	-196.8268	-370.2194	173.3925	0.9366446
6180	-197.349	-370.9183	173.5693	0.7091541
6186	-197.5607	-371.1283	173.5675	0.7121059
6192	-185.0113	-358.6201	173.6088	0.6310815
6198	-182.2478	-355.7412	173.4934	0.8193093
6204	-185.5863	-359.075	173.4887	0.8252856
6210	-177.4831	-350.9929	173.5097	0.7978548
6216	-181.9593	-355.4875	173.5283	0.7723356
6222	-189.458	-362.9252	173.4672	0.8518964
6228	-197.6978	-371.1522	173.4544	0.8672098
6234	-187.1279	-360.4076	173.2797	1.050373
6240	-182.8718	-356.2236	173.3518	0.9793047
6246	-195.5976	-369.2168	173.6192	0.4089044
6252	-193.4452	-367.0518	173.6065	0.6364622
6258	-179.7426	-353.3492	173.6065	0.6364622
6264	-180.5988	-353.9425	173.3437	0.9875119
6270	-191.0321	-364.5002	173.4681	0.8507935
6276	-190.5508	-363.8986	173.3479	0.9832848
6282	-192.4771	-366.0885	173.6114	0.6246508
6288	-181.4797	-355.0087	173.529	0.7712891
6294	-185.5237	-359.0527	173.529	0.7712891
6300	-185.8791	-359.3859	173.5068	0.8017606
6306	-185.1011	-358.6776	173.5766	0.696559
6312	-191.9438	-365.418	173.4741	0.8434273
6318	-183.1944	-356.7284	173.534	0.7641378
6324	-188.4319	-361.9905	173.5585	0.7268694
6330	-184.0315	-357.5574	173.5259	0.775743
6336	-181.2419	-354.4913	173.2494	1.078914
6342	-182.2126	-355.8481	173.6356	0.4651099
6348	-185.4302	-358.6504	173.2201	1.105895
6354	-176.1757	-349.375	173.1993	1.124794
6360	-181.9393	-355.4812	173.5418	0.7526517
6366	-184.4512	-358.046	173.5948	0.6620779
6372	-177.3584	-350.9149	173.5565	0.7301065
6378	-187.0319	-360.6508	173.6189	0.6045179
6384	-177.4408	-351.0264	173.5857	0.6799211
6390	-182.783	-356.409	173.626	0.5821067
6396	-183.4274	-356.7813	173.3538	0.9771854
6402	-187.6159	-360.7751	173.1592	1.1604
6408	-178.1504	-351.7216	173.5712	0.7058456
6414	-178.1679	-351.589	173.4211	0.9054041
6420	-187.9803	-361.4936	173.5133	0.7930304
6426	-183.1216	-356.6349	173.5133	0.7930304
6432	-184.5856	-358.0119	173.4263	0.8996169
6438	-188.6156	-362.0419	173.4263	0.8996169
6444	-192.7206	-366.0529	173.3323	0.9989755
6450	-193.693	-367.0253	173.3323	0.9989755
6456	-185.3489	-358.7045	173.3556	0.9753279
6462	-181.5512	-354.6271	173.0759	1.232016
6468	-187.1494	-360.7218	173.5724	0.7037937
6474	-186.3346	-359.8881	173.5536	0.7347168
6480	-196.8868	-370.2836	173.3967	0.9321405
6486	-191.0054	-364.4278	173.4223	0.9040103
6492	-190.6391	-364.184	173.5449	0.7480937
6498	-203.3504	-376.8953	173.5449	0.7480937
6504	-199.203	-372.4057	173.2027	1.121732
6510	-191.2773	-364.6865	173.4092	0.9185698
6516	-199.6537	-373.0175	173.3637	0.9669952
6522	-199.2601	-372.4899	173.2297	1.097117
6528	-194.1753	-367.113	172.9377	1.345002
6534	-182.2261	-355.7217	173.4957	0.8163562
6540	-184.3286	-357.9269	173.5983	0.6547719
6546	-180.9883	-354.5866	173.5983	0.6547719
6552	-188.8723	-362.2199	173.3476	0.9835384
6558	-181.5185	-355.1236	173.6052	0.6395964
6564	-187.091	-360.1298	173.0388	1.262988
6570	-187.2178	-360.6596	173.4418	0.8819211
6576	-172.1073	-345.684	173.5767	0.6963408
6582	-178.3423	-351.4528	173.1105	1.202683
6588	-182.8021	-356.2234	173.4213	0.905232
6594	-179.4308	-352.9627	173.5319	0.767196
6600	-187.0478	-360.5796	173.5319	0.767196
6606	-182.4742	-356.0061	173.5319	0.767196
6612	-182.2942	-355.782	173.4878	0.826394
6618	-187.5232	-360.8666	173.3433	0.9878954
6624	-194.0328	-367.5167	173.4838	0.8313919
6630	-201.3033	-374.7871	173.4838	0.8313919
6636	-191.6786	-365.1436	173.465	0.854582
6642	-187.9892	-361.5712	173.582	0.6866626
6648	-185.2882	-358.8956	173.6074	0.6345094
6654	-189.2397	-362.6225	173.3828	0.9469957
6660	-189.137	-362.689	173.5519	0.7372802
6666	-183.7906	-357.3338	173.5432	0.750532
6672	-185.8581	-359.4007	173.5426	0.7514867
6678	-197.1198	-370.3631	173.2433	1.084581
6684	-192.6795	-366.2258	173.5464	0.7458394
6690	-196.7276	-370.2075	173.4799	0.8362937
6696	-193.5561	-367.0379	173.4818	0.8339228
6702	-202.9506	-376.5448	173.5942	0.6631676
6708	-195.9402	-369.4704	173.5302	0.7696009
6714	-190.4313	-364.0212	173.5899	0.6716929
6720	-184.1288	-357.705	173.5762	0.6972639
6726	-180.4849	-354.1201	173.6352	0.5394075
6732	-182.6788	-356.1998	173.5211	0.7824557
6738	-187.276	-360.6897	173.4137	0.9136228
6744	-186.1597	-359.7966	173.6369	0.5252521
6750	-187.8188	-361.2696	173.4509	0.8713348
6756	-181.1296	-354.5728	173.4432	0.8802825
6762	-184.5442	-358.044	173.4998	0.8109345
6768	-174.8413	-348.3288	173.4875	0.8267463
6774	-188.3084	-361.8095	173.5011	0.8092935
6780	-185.9947	-359.585	173.5903	0.6710391
6786	-188.8349	-362.4195	173.5846	0.6818619
6792	-185.8557	-359.4221	173.5664	0.7140319
6798	-184.6201	-358.1958	173.5757	0.6980054
6804	-191.4047	-364.9442	173.5395	0.7560887
6810	-198.167	-371.6587	173.4917	0.8213985
6816	-198.8048	-372.2751	173.4703	0.8481741
6822	-204.7293	-377.8147	173.0854	1.22404
6828	-212.9331	-386.2767	173.3436	0.9875801
6834	-201.0761	-374.5905	173.5144	0.7915229
6840	-188.0733	-361.5784	173.5051	0.8039862
6846	-186.7759	-360.263	173.4871	0.8272372
6852	-193.9869	-367.4735	173.4865	0.8280108
6858	-191.7496	-364.7179	172.9683	1.32053
6864	-194.5865	-367.7482	173.1618	1.158191
6870	-214.4648	-387.9292	173.4643	0.8553717
6876	-212.0778	-385.2341	173.1563	1.163011
6882	-202.4256	-375.5337	173.1082	1.204666
6888	-185.6541	-359.2294	173.5754	0.698665
6894	-188.5004	-361.9138	173.4134	0.9139247
6900	-180.4961	-354.0429	173.5469	0.7450522
6906	-181.5938	-354.6104	173.0166	1.28128
6912	-182.7197	-355.7957	173.076	1.231913
6918	-184.1973	-357.6002	173.4029	0.925495
6924	-188.7851	-362.1889	173.4038	0.9244811
6930	-195.927	-369.3308	173.4038	0.9244811
6936	-191.2076	-364.7787	173.5711	0.7060541
6942	-188.8457	-362.1699	173.3242	1.007033
6948	-186.6876	-360.3143	173.6267	0.5794455
6954	-184.4902	-358.0993	173.6091	0.6303814
6960	-190.9111	-364.4876	173.5765	0.6965801
6966	-185.5726	-359.0583	173.4857	0.8290882
6972	-188.22	-361.7607	173.5407	0.7543163
6978	-179.3893	-352.7945	173.4051	0.9230227
6984	-174.8237	-348.3786	173.555	0.7325284
6990	-178.3239	-351.9208	173.597	0.6574773
6996	-176.4203	-349.9952	173.575	0.6993806
7002	-177.7569	-351.3256	173.5687	0.7101168
7008	-183.2367	-356.5927	173.356	0.9749817
7014	-185.6222	-358.9801	173.3579	0.973034
7020	-181.6215	-355.1815	173.56	0.7245083
7026	-178.8171	-352.3879	173.5709	0.7064808
7032	-178.6391	-352.1794	173.5403	0.754912
7038	-170.0177	-343.5166	173.4989	0.8121605
7044	-179.5243	-353.1514	173.6272	0.5776656
7050	-181.6834	-355.1981	173.5147	0.7912238
7056	-179.7632	-353.3969	173.6337	0.5484245
7062	-186.8288	-360.2443	173.4155	0.9116023
7068	-201.4951	-375.0657	173.5706	0.7069303
7074	-192.1123	-365.71	173.5977	0.6558715
7080	-192.2589	-365.8117	173.5528	0.7359953
7086	-186.8964	-360.4079	173.5115	0.7955411
7092	-189.6306	-363.2279	173.5973	0.6568071
7098	-195.7038	-369.3293	173.6255	0.5837808
7104	-192.1947	-365.7214	173.5268	0.7744791
7110	-195.1279	-368.5093	173.3814	0.9484649
7116	-186.0746	-359.4595	173.3849	0.9447493
7122	-188.318	-361.8535	173.5355	0.761949
7128	-187.4589	-360.7809	173.3219	1.00932
7134	-187.7099	-361.0667	173.3569	0.9740755
7140	-187.7915	-361.3611	173.5696	0.7087121
7146	-201.6321	-375.2017	173.5696	0.7087121
7152	-200.8886	-374.1811	173.2925	1.038043
7158	-191.6552	-365.0711	173.4159	0.9111835
7164	-182.4267	-355.8426	173.4159	0.9111835
7170	-184.2191	-357.4017	173.1826	1.139779
7176	-177.4591	-350.895	173.4359	0.8887156
7182	-183.8208	-357.3214	173.5006	0.8099074
7188	-196.5181	-369.8151	173.297	1.033721
7194	-195.4012	-369.0063	173.6051	0.6397341
7200	-205.7677	-378.8588	173.0912	1.219136
7206	-194.105	-367.3727	173.2677	1.061751
7212	-185.9067	-359.4878	173.5812	0.6882857
7218	-183.0946	-356.6765	173.5819	0.6869688
7224	-182.0886	-355.6759	173.5872	0.6769414
7230	-199.7632	-373.1318	173.3686	0.9619704
7236	-203.4797	-376.8482	173.3686	0.9619704
7242	-189.3815	-362.9649	173.5834	0.6841427
7248	-197.5179	-371.0209	173.503	0.8068253
7254	-191.6509	-365.1539	173.503	0.8068253
7260	-196.0831	-369.6757	173.5927	0.6663345
7266	-202.3724	-375.8223	173.4499	0.8725301
7272	-203.1502	-376.4194	173.2692	1.06037
7278	-201.1748	-374.7137	173.5389	0.7569139
7284	-187.2884	-360.7411	173.4527	0.8692127
7290	-186.1072	-359.7357	173.6285	0.5726767
7296	-182.2322	-355.6581	173.4259	0.9000414
7302	-193.3032	-366.939	173.6358	0.5349723
7308	-181.5028	-354.8859	173.3831	0.9466718
7314	-183.8837	-357.4105	173.5268	0.7744854
7320	-187.9977	-361.3723	173.3746	0.9556634
7326	-180.3223	-353.8741	173.5517	0.7375705
7332	-185.1648	-358.7282	173.5634	0.7190312
7338	-196.155	-369.6848	173.5299	0.7700548
7344	-196.6009	-369.738	173.1371	1.179719
7350	-195.7291	-369.1504	173.4213	0.905171
7356	-195.5053	-368.7373	173.2319	1.095089
7362	-190.1391	-363.4507	173.3116	1.01954
7368	-196.7485	-370.2929	173.5444	0.7487652
7374	-181.7646	-355.2852	173.5205	0.7831774
7380	-183.8378	-357.3583	173.5205	0.7831774
7386	-185.0659	-358.6359	173.57	0.7079307
7392	-195.0121	-368.631	173.6188	0.6048085
7398	-192.4504	-366.0693	173.6188	0.6048085
7404	-184.8248	-358.2747	173.4499	0.8724432
7410	-182.7951	-356.2451	173.4499	0.8724432
7416	-179.8149	-352.9961	173.1811	1.141059
7422	-188.6247	-362.2338	173.6091	0.6302476
7428	-182.1766	-355.7618	173.5852	0.6807626
7434	-180.2861	-353.902	173.6158	0.6131239
7440	-181.9032	-355.3439	173.4406	0.8832513
7446	-186.3609	-359.9953	173.6344	0.4579791
7452	-189.0675	-362.7024	173.635	0.4611736
7458	-176.1834	-349.6956	173.5122	0.794492
7464	-181.0086	-354.3238	173.3152	1.015988
7470	-185.8989	-359.4719	173.573	0.702804
7476	-185.0295	-358.5026	173.473	0.8447725
7482	-182.3685	-355.9255	173.5569	0.7294146
7488	-181.8443	-355.4268	173.5825	0.6857618
7494	-194.8492	-368.0169	173.1678	1.152891
7500	-203.5092	-377.0986	173.5893	0.6728764
7506	-204.9778	-378.2294	173.2515	1.076941
7512	-194.8021	-368.1769	173.3748	0.9554674
7518	-206.2672	-379.642	173.3748	0.9554674
7524	-203.326	-376.7878	173.4618	0.8583759
7530	-215.9509	-389.2359	173.285	1.045319
7536	-209.578	-382.9126	173.3346	0.9966395
7542	-197.5988	-371.0901	173.4913	0.8219231
7548	-193.0269	-366.5249	173.498	0.8133304
7554	-194.3178	-367.9279	173.6101	0.6279003
7560	-196.4652	-369.7952	173.3299	1.001365
7566	-189.0789	-362.3568	173.2779	1.052067
7572	-183.8371	-357.3829	173.5458	0.7466798
7578	-192.5303	-366.0761	173.5458	0.7466798
7584	-189.6698	-362.9443	173.2745	1.055331
7590	-184.8734	-358.2314	173.358	0.9729098
7596	-182.9423	-356.3082	173.3659	0.964723
7602	-193.6818	-366.4853	172.8035	1.449503
7608	-183.7204	-357.1924	173.472	0.8460713
7614	-184.3835	-357.8276	173.4441	0.8792316
7620	-179.3432	-352.91	173.5668	0.7133029
7626	-175.9408	-349.4634	173.5226	0.7803324
7632	-186.3195	-359.6656	173.3461	0.9850277
7638	-192.4366	-365.8561	173.4196	0.9070805
7644	-185.1529	-358.5725	173.4196	0.9070805
7650	-191.9404	-365.439	173.4986	0.8125219
7656	-188.0142	-361.5124	173.4983	0.8130106
7662	-186.3682	-359.6885	173.3204	1.010869
7668	-177.3741	-350.7276	173.3535	0.977537
7674	-184.9527	-358.5245	173.5718	0.7048521
7680	-194.9251	-368.5627	173.6376	0.4833428
7686	-190.6524	-364.1218	173.4695	0.8491514
7692	-201.5596	-375.196	173.6365	0.5294958
7698	-188.3563	-361.9079	173.5516	0.7377328
7704	-193.6916	-366.9508	173.2592	1.069718
7710	-199.8188	-373.2446	173.4257	0.9002397
7716	-199.4981	-373.0884	173.5903	0.6709026
7722	-189.9716	-363.4992	173.5275	0.773392
7728	-190.7659	-364.1253	173.3594	0.9714542
7734	-202.2589	-375.8349	173.576	0.6975713
7740	-192.1925	-365.6884	173.4959	0.8160598
7746	-206.8479	-380.3422	173.4943	0.8180981
7752	-197.723	-371.1309	173.4079	0.919998
7758	-197.8056	-371.0183	173.2126	1.112742
7764	-201.836	-375.3348	173.4988	0.8123378
7770	-200.7005	-373.9681	173.2677	1.06177
7776	-212.5618	-386.1603	173.5985	0.6543283
7782	-206.6661	-379.888	173.2219	1.10426
7788	-198.2132	-371.4352	173.2219	1.10426
7794	-195.1453	-368.7531	173.6078	0.633382
7800	-200.126	-373.4907	173.3648	0.965936
7806	-201.2622	-374.4086	173.1465	1.171593
7812	-194.486	-368.0499	173.5639	0.7181365
7818	-185.3742	-358.9143	173.5402	0.7551187
7824	-184.7166	-358.3075	173.5909	0.6697635
7830	-181.2691	-354.8595	173.5904	0.6708163
7836	-190.4893	-363.8723	173.383	0.9467824
7842	-198.2876	-371.3128	173.0252	1.274185
7848	-192.6948	-366.1241	173.4292	0.8962635
7854	-188.3725	-361.8018	173.4292	0.8962635
7860	-176.0577	-349.5927	173.535	0.7627041
7866	-182.8969	-356.4682	173.5712	0.7058221
7872	-189.6099	-363.178	173.5681	0.7111956
7878	-196.7349	-370.3093	173.5744	0.7003059
7884	-198.4747	-372.0413	173.5666	0.7137305
7890	-192.5547	-366.0251	173.4704	0.8479587
7896	-188.8561	-362.2976	173.4415	0.8822033
7902	-183.675	-357.2983	173.6234	0.5909296
7908	-183.7126	-357.3357	173.6231	0.5919453
7914	-174.249	-347.66	173.411	0.9165924
7920	-182.7079	-356.2091	173.5011	0.809268
7926	-185.5774	-359.2143	173.6369	0.4753144
7932	-190.164	-363.7889	173.6249	0.5857311
7938	-184.318	-357.9259	173.6079	0.6331639
7944	-196.3895	-369.974	173.5844	0.682213
7950	-186.2998	-359.7114	173.4116	0.9159908
7956	-182.7809	-356.3659	173.585	0.6811214
7962	-183.1501	-356.779	173.6289	0.4350715
7968	-182.2729	-355.7811	173.5082	0.7999036
7974	-180.5719	-354.0403	173.4684	0.850463
7980	-182.2165	-355.8451	173.6286	0.5721517
7986	-176.5242	-350.1396	173.6154	0.6142984
7992	-182.1038	-355.0236	172.9199	1.359131
7998	-181.939	-355.4829	173.5439	0.7495282
8004	-196.9152	-370.4389	173.5237	0.7787391
8010	-186.9108	-360.2581	173.3473	0.9838002
8016	-199.7647	-373.1315	173.3667	0.9638729
8022	-213.9914	-387.3581	173.3667	0.9638729
8028	-202.785	-376.3171	173.5321	0.7669019
8034	-207.6963	-381.2284	173.5321	0.7669019
8040	-192.1253	-365.381	173.2557	1.073069
8046	-188.4238	-361.9708	173.5469	0.7449616
8052	-192.3931	-365.9751	173.582	0.6867239
8058	-199.5259	-372.963	173.4371	0.8873554
8064	-201.0806	-374.3712	173.2906	1.039905
8070	-199.8495	-373.3338	173.4844	0.8307193
8076	-200.2073	-373.7974	173.5901	0.6713431
8082	-200.9562	-374.2969	173.3407	0.9905065
8088	-195.1446	-368.4982	173.3537	0.9773557
8094	-196.4274	-370.0026	173.5752	0.6989841
8100	-196.5439	-370.0671	173.5232	0.7794084
8106	-185.7408	-359.264	173.5232	0.7794084
8112	-192.6904	-366.1802	173.4899	0.8237968
8118	-191.8402	-365.4427	173.6025	0.6455782
8124	-189.4647	-362.7773	173.3127	1.018448
8130	-194.7089	-368.1711	173.4622	0.857911
8136	-200.4368	-373.8151	173.3784	0.9517285
8142	-189.3279	-362.7062	173.3784	0.9517285
8148	-195.9764	-369.3727	173.3964	0.9325465
8154	-200.9943	-374.3906	173.3964	0.9325465
8160	-188.8573	-362.4004	173.5431	0.7506819
8166	-184.9072	-358.1908	173.2836	1.046607
8172	-185.567	-358.9583	173.3913	0.9379585
8178	-188.5228	-361.9141	173.3913	0.9379585
8184	-187.5963	-360.9103	173.3139	1.01722
8190	-195.544	-368.8463	173.3023	1.028577
8196	-197.8902	-370.9759	173.0856	1.223795
8202	-193.2351	-366.4413	173.2061	1.118613
8208	-189.0628	-362.5019	173.439	0.88508
8214	-188.8584	-362.3674	173.509	0.7989087
8220	-186.0873	-359.6959	173.6085	0.6317335
8226	-176.8869	-350.368	173.481	0.8349326
8232	-173.0743	-346.6582	173.5839	0.6832284
8238	-176.8954	-350.4721	173.5766	0.6964089
8244	-180.0071	-353.6094	173.6023	0.6460284
8250	-177.518	-350.7385	173.2205	1.105591
8256	-182.1384	-355.6847	173.5463	0.7458561
8262	-183.6872	-357.0854	173.3982	0.9305739
8268	-187.7734	-361.3048	173.5314	0.7679475
8274	-180.5607	-354.0727	173.5121	0.7947277
8280	-192.0291	-365.595	173.5659	0.7149236
8286	-179.4714	-352.9715	173.5001	0.8106217
8292	-180.5155	-354.0156	173.5001	0.8106217
8298	-190.0757	-363.2058	173.1301	1.185829
8304	-194.6369	-368.1228	173.4859	0.8287532
8310	-198.1383	-371.7056	173.5673	0.7125352
8316	-187.9671	-361.5344	173.5673	0.7125352
8322	-184.2621	-357.7167	173.4546	0.8669672
8328	-185.9795	-359.4868	173.5072	0.8012311
8334	-192.3865	-365.8121	173.4255	0.9004445
8340	-181.8701	-355.4143	173.5442	0.7491044
8346	-182.3499	-355.981	173.6311	0.5615872
8352	-182.9973	-356.5648	173.5675	0.7121965
8358	-188.6232	-362.2297	173.6065	0.6364816
8364	-188.8143	-362.1436	173.3293	1.001983
8370	-182.1415	-355.6856	173.5441	0.7491791
8376	-181.725	-355.1072	173.3822	0.9476804
8382	-176.7153	-350.3301	173.6148	0.6158152
8388	-173.5768	-347.0598	173.4831	0.8323819
8394	-175.169	-348.7794	173.6104	0.6270772
8400	-185.6053	-359.2085	173.6032	0.6440237
8406	-180.3829	-353.9678	173.585	0.6811965
8412	-184.2002	-357.7852	173.585	0.6811965
8418	-191.624	-364.9062	173.2822	1.047996
8424	-196.1199	-369.5148	173.395	0.9340543
8430	-194.1491	-367.6099	173.4608	0.8595753
8436	-195.9396	-369.4939	173.5543	0.7335294
8442	-195.4263	-368.7242	173.2979	1.032871
8448	-194.4632	-368.0734	173.6101	0.6278202
8454	-194.8604	-368.3658	173.5054	0.8036221
8460	-183.2546	-356.7823	173.5277	0.7731421
8466	-183.745	-357.209	173.4641	0.8556883
8472	-188.3985	-361.9416	173.5431	0.7507859
8478	-187.5682	-360.884	173.3157	1.015437
8484	-185.1513	-358.39	173.2387	1.088818
8490	-189.8318	-363.3867	173.5549	0.7326259
8496	-182.2482	-355.7782	173.53	0.7698995
8502	-184.8702	-357.8322	172.962	1.325578
8508	-187.3538	-360.9845	173.6307	0.5634358
8514	-193.8209	-367.2651	173.4442	0.8791244
8520	-198.8701	-372.2512	173.3811	0.9488741
8526	-191.5619	-365.072	173.5101	0.7973568
8532	-183.3851	-356.8822	173.4971	0.8145537
8538	-183.0956	-356.5001	173.4045	0.9237192
8544	-175.3594	-348.9529	173.5935	0.6646381
8550	-181.9991	-355.2053	173.2062	1.118539
8556	-180.6709	-353.8495	173.1787	1.143225
8562	-170.6779	-344.0295	173.3516	0.9794857
8568	-177.0604	-350.5554	173.495	0.8172032
8574	-187.9403	-361.3458	173.4055	0.9225909
8580	-189.1592	-362.7153	173.5561	0.7308041
8586	-196.428	-369.6007	173.1727	1.148531
8592	-197.2589	-370.4316	173.1727	1.148531
8598	-192.6369	-365.8462	173.2093	1.115737
8604	-187.4386	-360.6479	173.2093	1.115737
8610	-193.172	-366.7051	173.533	0.7655345
8616	-191.135	-364.5962	173.4612	0.8590683
8622	-177.8745	-351.3358	173.4612	0.8590683
8628	-190.9051	-364.3664	173.4612	0.8590683
8634	-185.1268	-358.588	173.4612	0.8590683
8640	-186.215	-359.852	173.6371	0.4771639
8646	-184.5274	-358.0319	173.5045	0.8048519
8652	-187.6679	-361.2058	173.5378	0.7585669
8658	-186.4745	-359.9878	173.5132	0.7931916
8664	-181.5052	-355.0873	173.5821	0.6864932
8670	-186.2352	-359.7192	173.484	0.8312046
8676	-186.3754	-359.6617	173.2863	1.044074
8682	-185.9826	-359.5105	173.528	0.7727832
8688	-182.5331	-355.9944	173.4613	0.8589812
8694	-186.2548	-359.8633	173.6085	0.6317779
8700	-194.7277	-368.0403	173.3126	1.018476
8706	-184.7712	-358.2965	173.5253	0.7765316
8712	-185.1391	-358.6585	173.5194	0.784784
8718	-181.4962	-355.0155	173.5194	0.784784
8724	-184.3465	-357.6737	173.3272	1.004087
8730	-184.5666	-357.9931	173.4265	0.8993176
8736	-185.283	-358.7131	173.4301	0.8952541
8742	-183.4594	-356.9156	173.4562	0.8650222
8748	-184.7357	-358.2176	173.4819	0.8338611
8754	-183.2826	-356.598	173.3154	1.015723
8760	-196.3567	-369.9029	173.5462	0.7460503
8766	-193.12	-366.6894	173.5695	0.7088571
8772	-191.9891	-365.6022	173.6131	0.6204311
8778	-191.2537	-364.7935	173.5398	0.7557264
8784	-184.1937	-357.7027	173.509	0.7989004
8790	-201.8595	-374.9895	173.1299	1.185931
8796	-194.4808	-367.6107	173.1299	1.185931
8802	-198.164	-371.5817	173.4177	0.9092058
8808	-192.1831	-365.6008	173.4177	0.9092058
8814	-197.2955	-370.7783	173.4828	0.832748
8820	-197.0387	-370.5214	173.4828	0.832748
8826	-198.7568	-372.293	173.5361	0.7610424
8832	-185.9668	-359.4017	173.4349	0.8898286
8838	-186.1998	-359.4083	173.2085	1.116503
8844	-185.2455	-358.454	173.2085	1.116503
8850	-184.3518	-357.9445	173.5928	0.6660814
8856	-186.0311	-359.5079	173.4768	0.8402207
8862	-198.6503	-372.1068	173.4564	0.8647759
8868	-202.1619	-375.3711	173.2091	1.115919
8874	-199.6125	-373.0421	173.4296	0.895805
8880	-186.162	-359.7019	173.5399	0.7554614
8886	-187.5668	-361.0627	173.4959	0.8160256
8892	-180.7345	-354.0577	173.3232	1.008026
8898	-173.1279	-346.6461	173.5181	0.7864996
8904	-184.7915	-358.4295	173.638	0.5075716
8910	-185.5656	-358.7288	173.1632	1.156896
8916	-183.8586	-357.4734	173.6148	0.615897
8922	-171.8233	-345.3187	173.4955	0.8166073
8928	-172.5772	-346.0572	173.48	0.8361665
8934	-170.0387	-343.4219	173.3833	0.9465256
8940	-171.5484	-344.9832	173.4348	0.8899471
8946	-176.9229	-350.5201	173.5972	0.6569964
8952	-177.3743	-351.0121	173.6378	0.512101
8958	-178.5983	-352.2277	173.6294	0.5691207
8964	-186.2033	-359.7272	173.5239	0.7784403
8970	-194.0415	-367.4999	173.4584	0.8624445
8976	-185.5521	-358.6558	173.1037	1.208504
8982	-185.4858	-359.0224	173.5366	0.7603955
8988	-184.5585	-358.1742	173.6157	0.6135529
8994	-192.5175	-365.9287	173.4111	0.9164765
9000	-202.0738	-375.6576	173.5838	0.6834162
9006	-185.4472	-358.9817	173.5346	0.7633034
9012	-183.9666	-357.3295	173.3629	0.9678498
9018	-179.7718	-353.2383	173.4665	0.8527649
9024	-186.272	-359.7385	173.4665	0.8527649
9030	-182.9442	-356.3133	173.369	0.9614741
9036	-183.7036	-357.126	173.4224	0.9039519
9042	-182.6068	-356.1133	173.5066	0.8021059
9048	-176.694	-350.118	173.424	0.9021768
9054	-180.1945	-353.6629	173.4684	0.8504508
9060	-187.9211	-361.2551	173.334	0.997289
9066	-192.9742	-366.1812	173.207	1.11787
9072	-206.5217	-379.8454	173.3238	1.007481
9078	-203.6643	-376.8894	173.2252	1.101312
9084	-180.5984	-354.0965	173.4982	0.8131378
9090	-179.7927	-353.2908	173.4982	0.8131378
9096	-181.7244	-355.1803	173.4559	0.8653902
9102	-187.7249	-361.2784	173.5535	0.7348992
9108	-178.7204	-352.142	173.4216	0.904871
9114	-194.5837	-368.1908	173.6071	0.6351061
9120	-190.9684	-364.4053	173.4369	0.887519
9126	-188.7975	-362.2682	173.4707	0.8476653
9132	-192.8325	-366.3424	173.5098	0.7977546
9138	-188.1612	-361.4806	173.3194	1.011772
9144	-190.6951	-363.7978	173.1027	1.209302
9150	-200.3636	-373.8341	173.4706	0.8478255
9156	-215.5265	-388.7444	173.2179	1.107923
9162	-200.2285	-373.1301	172.9016	1.37352
9168	-197.0176	-370.0979	173.0803	1.228306
9174	-193.9716	-367.5044	173.5329	0.7657742
9180	-192.9583	-366.5114	173.5531	0.7354758
9186	-198.1826	-371.6828	173.5002	0.8105348
9192	-192.3843	-365.5282	173.1439	1.173787
9198	-199.4637	-372.8528	173.3891	0.9403217
9204	-198.5172	-371.9248	173.4076	0.9203699
9210	-188.6223	-362.2568	173.6345	0.5440965
9216	-184.0745	-357.6448	173.5703	0.7073725
9222	-186.5442	-360.121	173.5767	0.696235
9228	-181.8942	-355.1972	173.303	1.027876
9234	-183.7998	-357.1588	173.359	0.9718704
9240	-189.0211	-362.644	173.6229	0.5922898
9246	-186.476	-359.8692	173.3932	0.9359153
9252	-176.8804	-350.3599	173.4795	0.8368088
9258	-176.8998	-350.0054	173.1056	1.206849
9264	-175.6631	-349.2657	173.6026	0.6454062
9270	-177.1895	-350.5733	173.3838	0.9460182
9276	-174.7747	-348.1585	173.3838	0.9460182
9282	-174.0893	-347.656	173.5667	0.7134589
9288	-175.7813	-349.1315	173.3502	0.9809328
9294	-188.7884	-362.0019	173.2135	1.111932
9300	-187.4364	-360.9034	173.467	0.8521314
9306	-192.9955	-366.3563	173.3608	0.970009
9312	-197.7422	-371.0712	173.329	1.002234
9318	-189.3012	-362.676	173.3747	0.9555168
9324	-189.1449	-362.5805	173.4356	0.8890422
9330	-190.5844	-364.0241	173.4397	0.8842782
9336	-195.806	-369.2733	173.4673	0.8517342
9342	-198.4706	-372.0847	173.6141	0.6176719
9348	-193.1392	-366.7043	173.5651	0.7161997
9354	-190.3704	-363.9145	173.5441	0.7491792
9360	-193.8091	-367.2202	173.4111	0.9165404
9366	-198.3474	-371.9835	173.6362	0.5321659
9372	-186.8859	-360.3166	173.4307	0.8945863
9378	-191.8303	-365.3587	173.5284	0.7721722
9384	-175.9789	-349.5518	173.5729	0.7029747
9390	-180.4543	-354.0272	173.5729	0.7029747
9396	-187.1635	-360.5856	173.4221	0.9043371
9402	-187.1801	-360.5222	173.3421	0.9891388
9408	-182.7925	-355.9965	173.204	1.120579
9414	-183.3078	-356.7419	173.4341	0.8907368
9420	-190.6907	-364.0063	173.3156	1.015569
9426	-186.7159	-360.3138	173.5979	0.6556046
9432	-184.7106	-358.0869	173.3762	0.9539556
9438	-180.7609	-354.2186	173.4577	0.8632879
9444	-192.7115	-366.2303	173.5187	0.7856786
9450	-190.7525	-364.2712	173.5187	0.7856786
9456	-197.4781	-370.7717	173.2935	1.037074
9462	-188.7836	-362.2473	173.4638	0.8560462
9468	-191.8592	-365.3425	173.4833	0.8321056
9474	-180.9975	-354.3104	173.3129	1.018202
9480	-195.053	-368.5573	173.5043	0.8050755
9486	-186.6155	-360.1198	173.5043	0.8050755
9492	-178.5598	-352.113	173.5532	0.7353222
9498	-185.0562	-358.6094	173.5532	0.7353222
9504	-187.7118	-361.2758	173.564	0.7179396
9510	-194.3409	-367.9509	173.61	0.6281765
9516	-185.8075	-359.2182	173.4106	0.9170213
9522	-200.207	-373.6176	173.4106	0.9170213
9528	-193.5629	-366.8749	173.312	1.019065
9534	-193.8505	-367.3746	173.5242	0.7781072
9540	-186.6108	-359.9073	173.2966	1.034158
9546	-192.4185	-365.8312	173.4127	0.9146905
9552	-198.2967	-371.5115	173.2148	1.110779
9558	-210.2022	-383.5898	173.3876	0.9418904
9564	-216.2571	-389.6698	173.4127	0.9147129
9570	-195.8761	-369.3299	173.4538	0.8679518
9576	-215.7566	-388.9748	173.2181	1.107738
9582	-210.4482	-383.9425	173.4943	0.8180781
9588	-198.314	-371.7614	173.4474	0.8753699
9594	-193.1417	-366.4897	173.348	0.9831732
9600	-186.5655	-359.7889	173.2234	1.102962
9606	-190.6848	-364.278	173.5932	0.6652657
9612	-190.9376	-364.1689	173.2312	1.095754
9618	-191.5245	-364.6531	173.1286	1.187083
9624	-187.6884	-360.9868	173.2984	1.032412
9630	-203.1265	-376.4644	173.3379	0.9933733
9636	-182.7245	-356.244	173.5195	0.7845545
9642	-196.6229	-370.1425	173.5195	0.7845545
9648	-189.8264	-363.03	173.2036	1.120877
9654	-204.3977	-377.8741	173.4764	0.8406079
9660	-194.456	-367.9124	173.4565	0.8647552
9666	-189.5412	-362.9976	173.4565	0.8647552
9672	-197.4891	-370.9864	173.4973	0.8142413
9678	-182.2431	-355.4208	173.1778	1.144042
9684	-181.0281	-354.3176	173.2895	1.040962
9690	-183.0012	-356.3575	173.3562	0.9747165
9696	-189.357	-362.5979	173.2409	1.086849
9702	-184.9392	-358.3858	173.4467	0.8762664
9708	-197.7892	-371.2492	173.46	0.8605492
9714	-187.0454	-360.5853	173.5399	0.7555075
9720	-183.138	-356.5444	173.4064	0.921602
9726	-191.4928	-364.8082	173.3154	1.015714
9732	-180.7926	-354.1081	173.3154	1.015714
9738	-182.749	-356.0907	173.3417	0.989549
9744	-181.0328	-354.4958	173.4631	0.8568877
9750	-194.9949	-368.4658	173.4709	0.847457
9756	-190.4181	-363.8469	173.4287	0.8968205
9762	-189.0646	-362.6598	173.5952	0.6612275
9768	-193.8145	-367.278	173.4635	0.8564031
9774	-195.7607	-369.2242	173.4635	0.8564031
9780	-196.8038	-370.2868	173.483	0.8324648
9786	-202.3856	-375.7075	173.3219	1.009353
9792	-209.5246	-382.6352	173.1106	1.202539
9798	-203.1938	-376.6515	173.4576	0.863374
9804	-176.5529	-350.0823	173.5294	0.7706674
9810	-192.3151	-365.8582	173.5431	0.7507594
9816	-190.7956	-364.3386	173.5431	0.7507594
9822	-189.1432	-362.4673	173.3241	1.007154
9828	-194.9508	-368.5003	173.5496	0.7409435
9834	-195.9455	-369.485	173.5395	0.7560723
9840	-196.6144	-370.186	173.5715	0.7053113
9846	-174.7606	-348.2184	173.4578	0.8632241
9852	-173.933	-347.5191	173.5862	0.6789514
9858	-173.5259	-347.1121	173.5862	0.6789514
9864	-174.4286	-348.0407	173.6121	0.6228841
9870	-181.5098	-354.9148	173.405	0.9231293
9876	-182.3793	-355.7843	173.405	0.9231293
9882	-186.5519	-360.0524	173.5005	0.8101108
9888	-186.6479	-360.2418	173.5939	0.6638447
9894	-179.2411	-352.7232	173.4822	0.8335057
9900	-192.5224	-366.0726	173.5502	0.7400074
